[I 2025-08-09 19:31:06,351] Trial 0 finished with values: [0.913585038612599, 0.28523862375138737] and parameters: {'psi': 0.9922797054546253}.
[I 2025-08-09 19:31:12,941] Trial 1 finished with values: [0.911618878206228, 0.28272827282728275] and parameters: {'psi': 0.22242477460909615}.
[I 2025-08-09 19:31:19,404] Trial 2 finished with values: [0.915174052985641, 0.2868131868131868] and parameters: {'psi': 0.09264181951987827}.
[I 2025-08-09 19:31:25,870] Trial 3 finished with values: [0.9112267047377913, 0.2820936639118457] and parameters: {'psi': 0.48207675088205426}.
[I 2025-08-09 19:31:32,314] Trial 4 finished with values: [0.9112776885054844, 0.2820936639118457] and parameters: {'psi': 0.5089702133815798}.
[I 2025-08-09 19:31:38,776] Trial 5 finished with values: [0.9111197179173994, 0.28193832599118945] and parameters: {'psi': 0.41213902201507846}.
[I 2025-08-09 19:31:45,232] Trial 6 finished with values: [0.9114581089865035, 0.2798898071625344] and parameters: {'psi': 0.6011524159056247}.
[I 2025-08-09 19:31:51,677] Trial 7 finished with values: [0.9100152014369879, 0.2771618625277162] and parameters: {'psi': 0.8635115424586637}.
[I 2025-08-09 19:31:58,134] Trial 8 finished with values: [0.9112540826560037, 0.28257284222100054] and parameters: {'psi': 0.28010928933799595}.
[I 2025-08-09 19:32:04,569] Trial 9 finished with values: [0.911555239756339, 0.2803324099722992] and parameters: {'psi': 0.7739150932257698}.
[I 2025-08-09 19:32:11,028] Trial 10 finished with values: [0.9128970315279239, 0.2835164835164835] and parameters: {'psi': 0.1459739617967939}.
[I 2025-08-09 19:32:17,477] Trial 11 finished with values: [0.9112971876672334, 0.2809917355371901] and parameters: {'psi': 0.5212199841881194}.
[I 2025-08-09 19:32:23,951] Trial 12 finished with values: [0.9202107685991585, 0.2918266593527153] and parameters: {'psi': 0.04735695746376112}.
[I 2025-08-09 19:32:30,393] Trial 13 finished with values: [0.9115814008781862, 0.28004410143329656] and parameters: {'psi': 0.6890937190782316}.
[I 2025-08-09 19:32:36,836] Trial 14 finished with values: [0.9111277487734083, 0.28193832599118945] and parameters: {'psi': 0.42080095500607884}.
[I 2025-08-09 19:32:43,283] Trial 15 finished with values: [0.911144692662791, 0.28193832599118945] and parameters: {'psi': 0.4359212325664136}.
[I 2025-08-09 19:32:49,729] Trial 16 finished with values: [0.9114314611461101, 0.2798898071625344] and parameters: {'psi': 0.5883332257676332}.
[I 2025-08-09 19:32:56,202] Trial 17 finished with values: [0.9114610901375978, 0.28257284222100054] and parameters: {'psi': 0.24207651841198075}.
[I 2025-08-09 19:33:02,643] Trial 18 finished with values: [0.9115043776682823, 0.2812846068660022] and parameters: {'psi': 0.7900925948085776}.
[I 2025-08-09 19:33:09,103] Trial 19 finished with values: [0.916021703753403, 0.287596048298573] and parameters: {'psi': 0.081072277557528}.
[I 2025-08-09 19:33:15,539] Trial 20 finished with values: [0.911594724798383, 0.2803532008830022] and parameters: {'psi': 0.7351009545643961}.
[I 2025-08-09 19:33:21,986] Trial 21 finished with values: [0.9051436963499273, 0.27904391328515843] and parameters: {'psi': 0.9423921720980868}.
[I 2025-08-09 19:33:28,454] Trial 22 finished with values: [0.9111036866252907, 0.2816281628162816] and parameters: {'psi': 0.3476000658791587}.
[I 2025-08-09 19:33:34,915] Trial 23 finished with values: [0.8982020556071072, 0.4097297297297297] and parameters: {'psi': 0.0004746397082804332}.
[I 2025-08-09 19:33:41,358] Trial 24 finished with values: [0.9115912873486519, 0.28004410143329656] and parameters: {'psi': 0.7078945645991588}.
[I 2025-08-09 19:33:47,816] Trial 25 finished with values: [0.911591317768561, 0.2798898071625344] and parameters: {'psi': 0.7042057567424902}.
[I 2025-08-09 19:33:54,261] Trial 26 finished with values: [0.9114761479926144, 0.27958172812328014] and parameters: {'psi': 0.6096526017142169}.
[I 2025-08-09 19:34:00,702] Trial 27 finished with values: [0.9049908971463935, 0.27793218454697055] and parameters: {'psi': 0.936380431466189}.
[I 2025-08-09 19:34:07,146] Trial 28 finished with values: [0.9114826578531672, 0.27958172812328014] and parameters: {'psi': 0.6131015854835812}.
[I 2025-08-09 19:34:13,599] Trial 29 finished with values: [0.90938776039138, 0.2771618625277162] and parameters: {'psi': 0.8735501403080531}.
[I 2025-08-09 19:34:20,042] Trial 30 finished with values: [0.9115115263469267, 0.27973568281938327] and parameters: {'psi': 0.629652864550784}.
[I 2025-08-09 19:34:26,501] Trial 31 finished with values: [0.9112248187034255, 0.28257284222100054] and parameters: {'psi': 0.28746681043619426}.
[I 2025-08-09 19:34:32,961] Trial 32 finished with values: [0.9115951506771107, 0.28272827282728275] and parameters: {'psi': 0.2252356802242158}.
[I 2025-08-09 19:34:39,391] Trial 33 finished with values: [0.9095288479299009, 0.2825361512791991] and parameters: {'psi': 0.9770570753590816}.
[I 2025-08-09 19:34:45,853] Trial 34 finished with values: [0.9111351712312348, 0.28193832599118945] and parameters: {'psi': 0.42809844132646924}.
[I 2025-08-09 19:34:52,294] Trial 35 finished with values: [0.9073342035860935, 0.27842484747642815] and parameters: {'psi': 0.8969529798180262}.
[I 2025-08-09 19:34:58,733] Trial 36 finished with values: [0.9051924290443452, 0.27919911012235815] and parameters: {'psi': 0.9435233838927857}.
[I 2025-08-09 19:35:05,173] Trial 37 finished with values: [0.9088505143763272, 0.2771618625277162] and parameters: {'psi': 0.8804040534368526}.
[I 2025-08-09 19:35:11,642] Trial 38 finished with values: [0.9122691341836794, 0.28272827282728275] and parameters: {'psi': 0.17383079595102247}.
[I 2025-08-09 19:35:18,110] Trial 39 finished with values: [0.9113531603000231, 0.28257284222100054] and parameters: {'psi': 0.2583101642031477}.
[I 2025-08-09 19:35:24,561] Trial 40 finished with values: [0.9111926648594807, 0.28193832599118945] and parameters: {'psi': 0.46410550974911235}.
[I 2025-08-09 19:35:31,007] Trial 41 finished with values: [0.9111312774828669, 0.27922437673130196] and parameters: {'psi': 0.8292201926844706}.
[I 2025-08-09 19:35:37,443] Trial 42 finished with values: [0.9094698637261078, 0.2762063227953411] and parameters: {'psi': 0.872382494332121}.
[I 2025-08-09 19:35:43,879] Trial 43 finished with values: [0.9115388738452297, 0.2803324099722992] and parameters: {'psi': 0.7818541803616487}.
[I 2025-08-09 19:35:50,358] Trial 44 finished with values: [0.92379484229224, 0.29698630136986304] and parameters: {'psi': 0.0318959002234277}.
[I 2025-08-09 19:35:56,807] Trial 45 finished with values: [0.9115020657551888, 0.27973568281938327] and parameters: {'psi': 0.6233458043836216}.
[I 2025-08-09 19:36:03,241] Trial 46 finished with values: [0.9115910439893788, 0.28004410143329656] and parameters: {'psi': 0.7081679113180702}.
[I 2025-08-09 19:36:09,687] Trial 47 finished with values: [0.9114416822355761, 0.2798898071625344] and parameters: {'psi': 0.5942724360963879}.
[I 2025-08-09 19:36:16,159] Trial 48 finished with values: [0.9213531274465213, 0.2916666666666667] and parameters: {'psi': 0.04170053805467877}.
[I 2025-08-09 19:36:22,621] Trial 49 finished with values: [0.917186999212246, 0.28885227896760024] and parameters: {'psi': 0.06874518261153928}.
[I 2025-08-09 19:36:29,051] Trial 50 finished with values: [0.9115477564586942, 0.2803324099722992] and parameters: {'psi': 0.7779520285268788}.
[I 2025-08-09 19:36:35,497] Trial 51 finished with values: [0.9112848980239471, 0.2806433721575152] and parameters: {'psi': 0.8190731443076185}.
[I 2025-08-09 19:36:42,067] Trial 52 finished with values: [0.9120902955379346, 0.28272827282728275] and parameters: {'psi': 0.18449776160267628}.
[I 2025-08-09 19:36:48,556] Trial 53 finished with values: [0.9247033632981605, 0.3493112947658402] and parameters: {'psi': 0.005860101563037623}.
[I 2025-08-09 19:36:55,023] Trial 54 finished with values: [0.9138200324105878, 0.2844590884129599] and parameters: {'psi': 0.1185840843950483}.
[I 2025-08-09 19:37:01,473] Trial 55 finished with values: [0.9111253456005876, 0.28193832599118945] and parameters: {'psi': 0.41752704552957887}.
[I 2025-08-09 19:37:07,921] Trial 56 finished with values: [0.9112361653295291, 0.2820936639118457] and parameters: {'psi': 0.48769108270170336}.
[I 2025-08-09 19:37:14,347] Trial 57 finished with values: [0.9088554424016057, 0.2771618625277162] and parameters: {'psi': 0.8803393120336503}.
[I 2025-08-09 19:37:20,800] Trial 58 finished with values: [0.9188939515729649, 0.28869374313940727] and parameters: {'psi': 0.05530056801736427}.
[I 2025-08-09 19:37:27,246] Trial 59 finished with values: [0.9115692329145363, 0.2798898071625344] and parameters: {'psi': 0.6780981332953235}.
[I 2025-08-09 19:37:33,717] Trial 60 finished with values: [0.9138492051034386, 0.2846153846153846] and parameters: {'psi': 0.11785532436117074}.
[I 2025-08-09 19:37:40,168] Trial 61 finished with values: [0.9115341891792248, 0.27973568281938327] and parameters: {'psi': 0.6450409548306133}.
[I 2025-08-09 19:37:46,623] Trial 62 finished with values: [0.9115256716046698, 0.28257284222100054] and parameters: {'psi': 0.23318386031166793}.
[I 2025-08-09 19:37:53,074] Trial 63 finished with values: [0.9112981306844165, 0.2809917355371901] and parameters: {'psi': 0.5222459001509401}.
[I 2025-08-09 19:37:59,545] Trial 64 finished with values: [0.9111738045158233, 0.28257284222100054] and parameters: {'psi': 0.3046013060516747}.
[I 2025-08-09 19:38:05,999] Trial 65 finished with values: [0.9115613845779821, 0.27973568281938327] and parameters: {'psi': 0.6730290787806658}.
[I 2025-08-09 19:38:12,462] Trial 66 finished with values: [0.9122543501078446, 0.28272827282728275] and parameters: {'psi': 0.17469607635818463}.
[I 2025-08-09 19:38:18,899] Trial 67 finished with values: [0.9113086255530645, 0.2809917355371901] and parameters: {'psi': 0.5271979919214574}.
[I 2025-08-09 19:38:25,376] Trial 68 finished with values: [0.9226416235373194, 0.2958904109589041] and parameters: {'psi': 0.036203579949255604}.
[I 2025-08-09 19:38:31,820] Trial 69 finished with values: [0.9115783893071829, 0.2798898071625344] and parameters: {'psi': 0.6862861860737733}.
[I 2025-08-09 19:38:38,250] Trial 70 finished with values: [0.9147698028132818, 0.28492239467849223] and parameters: {'psi': 0.9957483626561929}.
[I 2025-08-09 19:38:44,693] Trial 71 finished with values: [0.9113496315905646, 0.2809917355371901] and parameters: {'psi': 0.5490103438233502}.
[I 2025-08-09 19:38:51,130] Trial 72 finished with values: [0.9049866383591161, 0.2788888888888889] and parameters: {'psi': 0.9359551942088871}.
[I 2025-08-09 19:38:57,593] Trial 73 finished with values: [0.9173494719468814, 0.28885227896760024] and parameters: {'psi': 0.0672556416588187}.
[I 2025-08-09 19:39:04,068] Trial 74 finished with values: [0.9135745437439511, 0.2846153846153846] and parameters: {'psi': 0.12485100667795468}.
[I 2025-08-09 19:39:10,502] Trial 75 finished with values: [0.9076472548708967, 0.28046744574290483] and parameters: {'psi': 0.9671979501737038}.
[I 2025-08-09 19:39:16,985] Trial 76 finished with values: [0.9291400157842825, 0.33223322332233224] and parameters: {'psi': 0.009432040115230023}.
[I 2025-08-09 19:39:23,428] Trial 77 finished with values: [0.9115613237381639, 0.28017718715393136] and parameters: {'psi': 0.7707320092894325}.
[I 2025-08-09 19:39:29,886] Trial 78 finished with values: [0.9137152054037441, 0.2844590884129599] and parameters: {'psi': 0.12115152772797333}.
[I 2025-08-09 19:39:36,325] Trial 79 finished with values: [0.9115347367375889, 0.27973568281938327] and parameters: {'psi': 0.646354389262579}.
[I 2025-08-09 19:39:42,772] Trial 80 finished with values: [0.911079137758627, 0.27922437673130196] and parameters: {'psi': 0.8320597403313176}.
[I 2025-08-09 19:39:49,246] Trial 81 finished with values: [0.9127427113289338, 0.28367234744365033] and parameters: {'psi': 0.15186163372187123}.
[I 2025-08-09 19:39:55,706] Trial 82 finished with values: [0.9113821504734189, 0.2814404432132964] and parameters: {'psi': 0.8094062397887231}.
[I 2025-08-09 19:40:02,182] Trial 83 finished with values: [0.9111199004368542, 0.28193832599118945] and parameters: {'psi': 0.4126088216320405}.
[I 2025-08-09 19:40:08,637] Trial 84 finished with values: [0.9056025806790744, 0.27842484747642815] and parameters: {'psi': 0.9169026955838953}.
[I 2025-08-09 19:40:15,111] Trial 85 finished with values: [0.9111639180453578, 0.28257284222100054] and parameters: {'psi': 0.30822213379915064}.
[I 2025-08-09 19:40:21,577] Trial 86 finished with values: [0.9113247785248096, 0.2809917355371901] and parameters: {'psi': 0.5351856102024991}.
[I 2025-08-09 19:40:28,028] Trial 87 finished with values: [0.9052703648515228, 0.27842484747642815] and parameters: {'psi': 0.9224474497557434}.
[I 2025-08-09 19:40:34,525] Trial 88 finished with values: [0.9112816126737616, 0.28257284222100054] and parameters: {'psi': 0.2729772639959883}.
[I 2025-08-09 19:40:40,978] Trial 89 finished with values: [0.9111350495515984, 0.28193832599118945] and parameters: {'psi': 0.42766287131815295}.
[I 2025-08-09 19:40:47,441] Trial 90 finished with values: [0.9111122041998456, 0.2816281628162816] and parameters: {'psi': 0.33666713883994925}.
[I 2025-08-09 19:40:53,913] Trial 91 finished with values: [0.9120002830268344, 0.28272827282728275] and parameters: {'psi': 0.1904674465820433}.
[I 2025-08-09 19:41:00,372] Trial 92 finished with values: [0.9112285299323388, 0.2820936639118457] and parameters: {'psi': 0.4829514051187934}.
[I 2025-08-09 19:41:06,830] Trial 93 finished with values: [0.9111219081508564, 0.28193832599118945] and parameters: {'psi': 0.4149652485003066}.
[I 2025-08-09 19:41:13,281] Trial 94 finished with values: [0.911175142991825, 0.28193832599118945] and parameters: {'psi': 0.45325875790969483}.
[I 2025-08-09 19:41:19,734] Trial 95 finished with values: [0.9115750126972701, 0.2808181315644002] and parameters: {'psi': 0.7624923342335346}.
[I 2025-08-09 19:41:26,173] Trial 96 finished with values: [0.91144189517494, 0.2798898071625344] and parameters: {'psi': 0.5944765575814182}.
[I 2025-08-09 19:41:32,623] Trial 97 finished with values: [0.9077384233385437, 0.27842484747642815] and parameters: {'psi': 0.8927409182661249}.
[I 2025-08-09 19:41:39,076] Trial 98 finished with values: [0.9114120836639978, 0.28083700440528636] and parameters: {'psi': 0.5786911937919249}.
[I 2025-08-09 19:41:45,525] Trial 99 finished with values: [0.912347039570948, 0.2853970016657413] and parameters: {'psi': 0.9882230982246077}.
[I 2025-08-09 19:41:51,982] Trial 100 finished with values: [0.9110941956136438, 0.2816281628162816] and parameters: {'psi': 0.37076632327973713}.
[I 2025-08-09 19:41:58,435] Trial 101 finished with values: [0.9114132396205445, 0.28083700440528636] and parameters: {'psi': 0.5792131172761278}.
[I 2025-08-09 19:42:04,989] Trial 102 finished with values: [0.9111631879675387, 0.28257284222100054] and parameters: {'psi': 0.3085463516940341}.
[I 2025-08-09 19:42:11,426] Trial 103 finished with values: [0.9115913481884701, 0.2808181315644002] and parameters: {'psi': 0.7468974400162893}.
[I 2025-08-09 19:42:17,881] Trial 104 finished with values: [0.9118410348025663, 0.282883874518437] and parameters: {'psi': 0.2018926089241202}.
[I 2025-08-09 19:42:24,346] Trial 105 finished with values: [0.9137519526539666, 0.2844590884129599] and parameters: {'psi': 0.12023090741800369}.
[I 2025-08-09 19:42:30,793] Trial 106 finished with values: [0.9111487080907954, 0.28193832599118945] and parameters: {'psi': 0.43771994115642165}.
[I 2025-08-09 19:42:37,253] Trial 107 finished with values: [0.911499905941641, 0.28257284222100054] and parameters: {'psi': 0.23657259368303396}.
[I 2025-08-09 19:42:43,684] Trial 108 finished with values: [0.9115488211555137, 0.27973568281938327] and parameters: {'psi': 0.658792518485346}.
[I 2025-08-09 19:42:50,118] Trial 109 finished with values: [0.9112620526721943, 0.2820936639118457] and parameters: {'psi': 0.5012421599355279}.
[I 2025-08-09 19:42:56,550] Trial 110 finished with values: [0.9115919261667434, 0.28050800662617337] and parameters: {'psi': 0.7401539220256126}.
[I 2025-08-09 19:43:02,983] Trial 111 finished with values: [0.9115944510192007, 0.2803532008830022] and parameters: {'psi': 0.7349381563913611}.
[I 2025-08-09 19:43:09,471] Trial 112 finished with values: [0.9111707625249109, 0.28257284222100054] and parameters: {'psi': 0.30600458768326455}.
[I 2025-08-09 19:43:15,915] Trial 113 finished with values: [0.9111079149926591, 0.2816281628162816] and parameters: {'psi': 0.3991359371433951}.
[I 2025-08-09 19:43:22,366] Trial 114 finished with values: [0.9111083104514778, 0.2816281628162816] and parameters: {'psi': 0.40117536908043905}.
[I 2025-08-09 19:43:28,810] Trial 115 finished with values: [0.9111325246991411, 0.28193832599118945] and parameters: {'psi': 0.4260728130131687}.
[I 2025-08-09 19:43:35,246] Trial 116 finished with values: [0.9068770836116754, 0.27842484747642815] and parameters: {'psi': 0.9018391221657116}.
[I 2025-08-09 19:43:41,707] Trial 117 finished with values: [0.9124990478568443, 0.28272827282728275] and parameters: {'psi': 0.16225214777484342}.
[I 2025-08-09 19:43:48,152] Trial 118 finished with values: [0.9115502508912424, 0.27973568281938327] and parameters: {'psi': 0.6604292786103932}.
[I 2025-08-09 19:43:54,606] Trial 119 finished with values: [0.9111316121018673, 0.28193832599118945] and parameters: {'psi': 0.42491759031215404}.
[I 2025-08-09 19:44:01,066] Trial 120 finished with values: [0.9112966096889601, 0.28257284222100054] and parameters: {'psi': 0.26962905906254664}.
[I 2025-08-09 19:44:07,534] Trial 121 finished with values: [0.9111646177032676, 0.28257284222100054] and parameters: {'psi': 0.30804334130641486}.
[I 2025-08-09 19:44:13,982] Trial 122 finished with values: [0.9121121370326863, 0.28272827282728275] and parameters: {'psi': 0.18315838614818125}.
[I 2025-08-09 19:44:20,446] Trial 123 finished with values: [0.9165370474338859, 0.28869374313940727] and parameters: {'psi': 0.07521570436076253}.
[I 2025-08-09 19:44:26,902] Trial 124 finished with values: [0.9139568003220131, 0.2844590884129599] and parameters: {'psi': 0.1153495953303868}.
[I 2025-08-09 19:44:33,353] Trial 125 finished with values: [0.9119219517608382, 0.282883874518437] and parameters: {'psi': 0.1959011198466215}.
[I 2025-08-09 19:44:39,793] Trial 126 finished with values: [0.9115564565527039, 0.27973568281938327] and parameters: {'psi': 0.6652494201637554}.
[I 2025-08-09 19:44:46,225] Trial 127 finished with values: [0.9058566477600846, 0.27904391328515843] and parameters: {'psi': 0.9533119301451217}.
[I 2025-08-09 19:44:52,664] Trial 128 finished with values: [0.911146882896248, 0.28257284222100054] and parameters: {'psi': 0.31638887834560503}.
[I 2025-08-09 19:44:59,109] Trial 129 finished with values: [0.9115834390120975, 0.28004410143329656] and parameters: {'psi': 0.6923698795087779}.
[I 2025-08-09 19:45:05,558] Trial 130 finished with values: [0.9111079758324773, 0.2816281628162816] and parameters: {'psi': 0.3997825605152}.
[I 2025-08-09 19:45:11,995] Trial 131 finished with values: [0.9115675598195345, 0.27973568281938327] and parameters: {'psi': 0.6771095695596565}.
[I 2025-08-09 19:45:18,458] Trial 132 finished with values: [0.912132548791709, 0.28272827282728275] and parameters: {'psi': 0.181926244373252}.
[I 2025-08-09 19:45:24,911] Trial 133 finished with values: [0.9110986369203761, 0.2816281628162816] and parameters: {'psi': 0.38823521983743736}.
[I 2025-08-09 19:45:31,342] Trial 134 finished with values: [0.91159134818847, 0.28050800662617337] and parameters: {'psi': 0.7421022610308791}.
[I 2025-08-09 19:45:37,782] Trial 135 finished with values: [0.9112250620626986, 0.2820936639118457] and parameters: {'psi': 0.4814855727252496}.
[I 2025-08-09 19:45:44,224] Trial 136 finished with values: [0.9115916523875612, 0.28004410143329656] and parameters: {'psi': 0.7052938902127848}.
[I 2025-08-09 19:45:50,682] Trial 137 finished with values: [0.9110993061583768, 0.2816281628162816] and parameters: {'psi': 0.3889880021334977}.
[I 2025-08-09 19:45:57,115] Trial 138 finished with values: [0.9114266852203776, 0.2798898071625344] and parameters: {'psi': 0.5856216888345885}.
[I 2025-08-09 19:46:03,566] Trial 139 finished with values: [0.9110943781330987, 0.28147333699835075] and parameters: {'psi': 0.36104026435658976}.
[I 2025-08-09 19:46:10,004] Trial 140 finished with values: [0.9115063245424663, 0.27973568281938327] and parameters: {'psi': 0.6265263861808508}.
[I 2025-08-09 19:46:16,457] Trial 141 finished with values: [0.9114272023588327, 0.2798898071625344] and parameters: {'psi': 0.5857687725633177}.
[I 2025-08-09 19:46:22,893] Trial 142 finished with values: [0.9110380708813085, 0.27922437673130196] and parameters: {'psi': 0.8342557686174309}.
[I 2025-08-09 19:46:29,357] Trial 143 finished with values: [0.92342989464247, 0.29698630136986304] and parameters: {'psi': 0.03319767790116124}.
[I 2025-08-09 19:46:35,792] Trial 144 finished with values: [0.9055518706905635, 0.27904391328515843] and parameters: {'psi': 0.949577833821822}.
[I 2025-08-09 19:46:42,230] Trial 145 finished with values: [0.9115488515754226, 0.27973568281938327] and parameters: {'psi': 0.6589555531863908}.
[I 2025-08-09 19:46:48,695] Trial 146 finished with values: [0.9143468139769018, 0.2846153846153846] and parameters: {'psi': 0.10710323369163632}.
[I 2025-08-09 19:46:55,140] Trial 147 finished with values: [0.9112250620626987, 0.28257284222100054] and parameters: {'psi': 0.28732641372208045}.
[I 2025-08-09 19:47:01,572] Trial 148 finished with values: [0.9107960196644027, 0.27811634349030473] and parameters: {'psi': 0.8441202555076412}.
[I 2025-08-09 19:47:08,024] Trial 149 finished with values: [0.9120733820684613, 0.28272827282728275] and parameters: {'psi': 0.18553760466957514}.
