[I 2025-08-09 20:09:48,423] Trial 150 finished with values: [0.8987898789878987, 0.26497277676951] and parameters: {'psi': 0.6709523562662654}.
[I 2025-08-09 20:09:56,178] Trial 151 finished with values: [0.8743455971785139, 0.26860254083484575] and parameters: {'psi': 0.014752645750141902}.
[I 2025-08-09 20:10:04,040] Trial 152 finished with values: [0.8995371870872408, 0.25742574257425743] and parameters: {'psi': 0.3160114162044846}.
[I 2025-08-09 20:10:11,811] Trial 153 finished with values: [0.891332945332548, 0.26367713004484306] and parameters: {'psi': 0.0411898700615444}.
[I 2025-08-09 20:10:19,543] Trial 154 finished with values: [0.8996427837081491, 0.25765765765765763] and parameters: {'psi': 0.42107803089340234}.
[I 2025-08-09 20:10:27,309] Trial 155 finished with values: [0.8982682851178465, 0.2636363636363636] and parameters: {'psi': 0.728441186855182}.
[I 2025-08-09 20:10:35,036] Trial 156 finished with values: [0.8995474098624221, 0.2603978300180832] and parameters: {'psi': 0.513448429138325}.
[I 2025-08-09 20:10:42,742] Trial 157 finished with values: [0.8977570301908756, 0.26277372262773724] and parameters: {'psi': 0.7673148032708694}.
[I 2025-08-09 20:10:50,495] Trial 158 finished with values: [0.8960415788146924, 0.26349496797804206] and parameters: {'psi': 0.8616844376833234}.
[I 2025-08-09 20:10:58,199] Trial 159 finished with values: [0.8996216411503875, 0.25742574257425743] and parameters: {'psi': 0.3802751977036264}.
[I 2025-08-09 20:11:05,863] Trial 160 finished with values: [0.8996404603501532, 0.25788999098286747] and parameters: {'psi': 0.4484823298692574}.
[I 2025-08-09 20:11:13,573] Trial 161 finished with values: [0.8960957130559941, 0.26301369863013696] and parameters: {'psi': 0.8578764642553774}.
[I 2025-08-09 20:11:21,314] Trial 162 finished with values: [0.8988628324289663, 0.25673249551166966] and parameters: {'psi': 0.1794253928890599}.
[I 2025-08-09 20:11:29,020] Trial 163 finished with values: [0.8969222476629921, 0.27339449541284405] and parameters: {'psi': 0.964777128784856}.
[I 2025-08-09 20:11:36,760] Trial 164 finished with values: [0.8989413619292236, 0.25673249551166966] and parameters: {'psi': 0.18696442589245077}.
[I 2025-08-09 20:11:44,482] Trial 165 finished with values: [0.8996233836688843, 0.25742574257425743] and parameters: {'psi': 0.3817379928115415}.
[I 2025-08-09 20:11:52,202] Trial 166 finished with values: [0.8986737110881098, 0.26497277676951] and parameters: {'psi': 0.6868119641836727}.
[I 2025-08-09 20:11:59,930] Trial 167 finished with values: [0.8996346519551638, 0.2581227436823105] and parameters: {'psi': 0.45455552240159747}.
[I 2025-08-09 20:12:07,701] Trial 168 finished with values: [0.8826794823093714, 0.25922592259225924] and parameters: {'psi': 0.021984128334185504}.
[I 2025-08-09 20:12:15,451] Trial 169 finished with values: [0.8959355175221853, 0.27339449541284405] and parameters: {'psi': 0.9279099000329853}.
[I 2025-08-09 20:12:23,217] Trial 170 finished with values: [0.8994349593354266, 0.2603978300180832] and parameters: {'psi': 0.5502356107074637}.
[I 2025-08-09 20:12:30,969] Trial 171 finished with values: [0.8994813103274424, 0.2603978300180832] and parameters: {'psi': 0.536542550413059}.
[I 2025-08-09 20:12:38,680] Trial 172 finished with values: [0.8977523834748838, 0.26277372262773724] and parameters: {'psi': 0.7676852122661415}.
[I 2025-08-09 20:12:46,389] Trial 173 finished with values: [0.8995138373393833, 0.25742574257425743] and parameters: {'psi': 0.30751882154433663}.
[I 2025-08-09 20:12:54,116] Trial 174 finished with values: [0.8995874877878495, 0.25742574257425743] and parameters: {'psi': 0.34325719663481025}.
[I 2025-08-09 20:13:01,841] Trial 175 finished with values: [0.8960529632688717, 0.2684931506849315] and parameters: {'psi': 0.9843871957170748}.
[I 2025-08-09 20:13:09,599] Trial 176 finished with values: [0.8986590739327365, 0.26497277676951] and parameters: {'psi': 0.6885743992692867}.
[I 2025-08-09 20:13:17,352] Trial 177 finished with values: [0.8965268121321108, 0.26118721461187216] and parameters: {'psi': 0.8330496433812252}.
[I 2025-08-09 20:13:25,097] Trial 178 finished with values: [0.8920500497779451, 0.26344086021505375] and parameters: {'psi': 0.04431505921753076}.
[I 2025-08-09 20:13:32,838] Trial 179 finished with values: [0.8977221798209388, 0.26277372262773724] and parameters: {'psi': 0.7697018094079483}.
[I 2025-08-09 20:13:40,596] Trial 180 finished with values: [0.8980345553034713, 0.2641165755919854] and parameters: {'psi': 0.7476735291058102}.
[I 2025-08-09 20:13:48,343] Trial 181 finished with values: [0.8995797045385636, 0.25742574257425743] and parameters: {'psi': 0.33754739327077676}.
[I 2025-08-09 20:13:56,096] Trial 182 finished with values: [0.8958160969212021, 0.26397800183318054] and parameters: {'psi': 0.8778500678943975}.
[I 2025-08-09 20:14:03,857] Trial 183 finished with values: [0.8973851767436511, 0.2625341841385597] and parameters: {'psi': 0.787810786988386}.
[I 2025-08-09 20:14:11,628] Trial 184 finished with values: [0.8996196662960912, 0.2581227436823105] and parameters: {'psi': 0.476376219984991}.
[I 2025-08-09 20:14:19,384] Trial 185 finished with values: [0.8765935622073294, 0.266304347826087] and parameters: {'psi': 0.016270906000181107}.
[I 2025-08-09 20:14:27,100] Trial 186 finished with values: [0.89865709907844, 0.25673249551166966] and parameters: {'psi': 0.1610255064122208}.
[I 2025-08-09 20:14:34,804] Trial 187 finished with values: [0.8963687076204981, 0.27264409881061297] and parameters: {'psi': 0.9798381121978058}.
[I 2025-08-09 20:14:42,548] Trial 188 finished with values: [0.8869107818912831, 0.2641509433962264] and parameters: {'psi': 0.028651484543876005}.
[I 2025-08-09 20:14:50,260] Trial 189 finished with values: [0.8991574342228309, 0.26268115942028986] and parameters: {'psi': 0.610755521255706}.
[I 2025-08-09 20:14:57,982] Trial 190 finished with values: [0.8650228908846533, 0.2776255707762557] and parameters: {'psi': 0.010268006887673709}.
[I 2025-08-09 20:15:05,709] Trial 191 finished with values: [0.8989514685365053, 0.25673249551166966] and parameters: {'psi': 0.18859928139280424}.
[I 2025-08-09 20:15:13,424] Trial 192 finished with values: [0.8957339662160514, 0.26972477064220185] and parameters: {'psi': 0.9146084934253812}.
[I 2025-08-09 20:15:21,129] Trial 193 finished with values: [0.8994882804014298, 0.2603978300180832] and parameters: {'psi': 0.5337285068943232}.
[I 2025-08-09 20:15:28,848] Trial 194 finished with values: [0.8995100037986903, 0.2603978300180832] and parameters: {'psi': 0.5273376726754954}.
[I 2025-08-09 20:15:36,560] Trial 195 finished with values: [0.899415559296162, 0.25719424460431656] and parameters: {'psi': 0.27335583417433085}.
[I 2025-08-09 20:15:44,223] Trial 196 finished with values: [0.8971138085297442, 0.2604735883424408] and parameters: {'psi': 0.8015880661202573}.
[I 2025-08-09 20:15:51,995] Trial 197 finished with values: [0.899259778142545, 0.26268115942028986] and parameters: {'psi': 0.5917521984262396}.
[I 2025-08-09 20:15:59,749] Trial 198 finished with values: [0.896634615943115, 0.26118721461187216] and parameters: {'psi': 0.8271418979982409}.
[I 2025-08-09 20:16:07,467] Trial 199 finished with values: [0.899624080676283, 0.2581227436823105] and parameters: {'psi': 0.4706077358855396}.
[I 2025-08-09 20:16:15,185] Trial 200 finished with values: [0.8966624962390642, 0.26118721461187216] and parameters: {'psi': 0.8256081122441543}.
[I 2025-08-09 20:16:22,859] Trial 201 finished with values: [0.8983636589635732, 0.2585278276481149] and parameters: {'psi': 0.1422456160704192}.
[I 2025-08-09 20:16:30,717] Trial 202 finished with values: [0.8991163107863057, 0.26268115942028986] and parameters: {'psi': 0.6193685714391117}.
[I 2025-08-09 20:16:38,471] Trial 203 finished with values: [0.8924608194715986, 0.26344086021505375] and parameters: {'psi': 0.04633748587381359}.
[I 2025-08-09 20:16:46,225] Trial 204 finished with values: [0.898472159781976, 0.2652134423251589] and parameters: {'psi': 0.708484646266047}.
[I 2025-08-09 20:16:53,957] Trial 205 finished with values: [0.8996174591059951, 0.25719424460431656] and parameters: {'psi': 0.3667315815087291}.
[I 2025-08-09 20:17:01,710] Trial 206 finished with values: [0.8993864011533148, 0.26063348416289595] and parameters: {'psi': 0.5637964077592663}.
[I 2025-08-09 20:17:09,380] Trial 207 finished with values: [0.8992594296388455, 0.26268115942028986] and parameters: {'psi': 0.5921592544236034}.
[I 2025-08-09 20:17:17,103] Trial 208 finished with values: [0.8987295878479084, 0.25673249551166966] and parameters: {'psi': 0.16702382626928425}.
[I 2025-08-09 20:17:24,826] Trial 209 finished with values: [0.8993228573121304, 0.26244343891402716] and parameters: {'psi': 0.5786998136342554}.
[I 2025-08-09 20:17:32,561] Trial 210 finished with values: [0.8963035374287165, 0.26142595978062155] and parameters: {'psi': 0.8457111639362651}.
[I 2025-08-09 20:17:40,284] Trial 211 finished with values: [0.8984784328485648, 0.2652134423251589] and parameters: {'psi': 0.707903926303799}.
[I 2025-08-09 20:17:47,995] Trial 212 finished with values: [0.8958846359820777, 0.27339449541284405] and parameters: {'psi': 0.924714503300365}.
[I 2025-08-09 20:17:55,706] Trial 213 finished with values: [0.8994745725892545, 0.25742574257425743] and parameters: {'psi': 0.2915490987695257}.
[I 2025-08-09 20:18:03,459] Trial 214 finished with values: [0.8763681964817389, 0.26811594202898553] and parameters: {'psi': 0.016101643659269138}.
[I 2025-08-09 20:18:11,183] Trial 215 finished with values: [0.8993658394350523, 0.26063348416289595] and parameters: {'psi': 0.5678425075133161}.
[I 2025-08-09 20:18:18,930] Trial 216 finished with values: [0.8995841189187556, 0.25742574257425743] and parameters: {'psi': 0.3396824475356035}.
[I 2025-08-09 20:18:26,699] Trial 217 finished with values: [0.897391914481839, 0.2587601078167116] and parameters: {'psi': 0.10353017725272395}.
[I 2025-08-09 20:18:34,480] Trial 218 finished with values: [0.8993624705659584, 0.25696316262353996] and parameters: {'psi': 0.2579268780389461}.
[I 2025-08-09 20:18:42,206] Trial 219 finished with values: [0.8980087660297181, 0.2641165755919854] and parameters: {'psi': 0.7494896478390544}.
[I 2025-08-09 20:18:49,895] Trial 220 finished with values: [0.8991619647709228, 0.25673249551166966] and parameters: {'psi': 0.21616347763817667}.
[I 2025-08-09 20:18:57,618] Trial 221 finished with values: [0.8971138085297442, 0.2604735883424408] and parameters: {'psi': 0.8015964747773807}.
[I 2025-08-09 20:19:05,366] Trial 222 finished with values: [0.8986495481649538, 0.26497277676951] and parameters: {'psi': 0.6900532941118439}.
[I 2025-08-09 20:19:13,100] Trial 223 finished with values: [0.8957300165074585, 0.26605504587155965] and parameters: {'psi': 0.8869791255881859}.
[I 2025-08-09 20:19:20,837] Trial 224 finished with values: [0.8993955784173981, 0.25719424460431656] and parameters: {'psi': 0.2676258521320627}.
[I 2025-08-09 20:19:28,582] Trial 225 finished with values: [0.8989597164573901, 0.26473254759746145] and parameters: {'psi': 0.6443147394227778}.
[I 2025-08-09 20:19:36,355] Trial 226 finished with values: [0.8987866262867048, 0.25673249551166966] and parameters: {'psi': 0.1726168753709576}.
[I 2025-08-09 20:19:44,109] Trial 227 finished with values: [0.8991425647316579, 0.26268115942028986] and parameters: {'psi': 0.6136121067355451}.
[I 2025-08-09 20:19:51,832] Trial 228 finished with values: [0.8996439453871471, 0.25765765765765763] and parameters: {'psi': 0.42628973807630777}.
[I 2025-08-09 20:19:59,556] Trial 229 finished with values: [0.8988569078660771, 0.26497277676951] and parameters: {'psi': 0.6611355182872095}.
[I 2025-08-09 20:20:07,334] Trial 230 finished with values: [0.895566916776155, 0.26141450313339304] and parameters: {'psi': 0.07049480604647174}.
[I 2025-08-09 20:20:15,080] Trial 231 finished with values: [0.8995585619808021, 0.2603978300180832] and parameters: {'psi': 0.5111515723208205}.
[I 2025-08-09 20:20:22,804] Trial 232 finished with values: [0.8994837498533381, 0.2603978300180832] and parameters: {'psi': 0.535360201364855}.
[I 2025-08-09 20:20:30,561] Trial 233 finished with values: [0.898850867135288, 0.26497277676951] and parameters: {'psi': 0.662025214404632}.
[I 2025-08-09 20:20:38,308] Trial 234 finished with values: [0.8996215249824876, 0.25742574257425743] and parameters: {'psi': 0.371249758207181}.
[I 2025-08-09 20:20:46,049] Trial 235 finished with values: [0.899490952263125, 0.25742574257425743] and parameters: {'psi': 0.29880067312047465}.
[I 2025-08-09 20:20:53,807] Trial 236 finished with values: [0.899078091547275, 0.25650224215246636] and parameters: {'psi': 0.20371450933337742}.
[I 2025-08-09 20:21:01,555] Trial 237 finished with values: [0.8995007103667071, 0.25742574257425743] and parameters: {'psi': 0.3020000661707539}.
[I 2025-08-09 20:21:09,314] Trial 238 finished with values: [0.8968864679498573, 0.27339449541284405] and parameters: {'psi': 0.9601952316705771}.
[I 2025-08-09 20:21:17,073] Trial 239 finished with values: [0.896521236072921, 0.26118721461187216] and parameters: {'psi': 0.833335436302496}.
[I 2025-08-09 20:21:24,850] Trial 240 finished with values: [0.8994012706444879, 0.26063348416289595] and parameters: {'psi': 0.5600759563771982}.
[I 2025-08-09 20:21:32,639] Trial 241 finished with values: [0.8961065166706744, 0.26301369863013696] and parameters: {'psi': 0.8570308681530726}.
[I 2025-08-09 20:21:40,372] Trial 242 finished with values: [0.8956715840538647, 0.2694775435380385] and parameters: {'psi': 0.9083240247127945}.
[I 2025-08-09 20:21:48,110] Trial 243 finished with values: [0.8901587202014816, 0.26235399820305483] and parameters: {'psi': 0.03696875061258553}.
[I 2025-08-09 20:21:55,866] Trial 244 finished with values: [0.8996194339602915, 0.2581227436823105] and parameters: {'psi': 0.47727333324109733}.
[I 2025-08-09 20:22:03,625] Trial 245 finished with values: [0.8966710926636486, 0.27289377289377287] and parameters: {'psi': 0.9744417777705576}.
[I 2025-08-09 20:22:11,354] Trial 246 finished with values: [0.8993424896871949, 0.25719424460431656] and parameters: {'psi': 0.2527986449028059}.
[I 2025-08-09 20:22:19,062] Trial 247 finished with values: [0.8962149013211776, 0.27548209366391185] and parameters: {'psi': 0.9395743908742283}.
[I 2025-08-09 20:22:26,796] Trial 248 finished with values: [0.8995554254475078, 0.2603978300180832] and parameters: {'psi': 0.5117900557536217}.
[I 2025-08-09 20:22:34,557] Trial 249 finished with values: [0.8870667953806997, 0.2641509433962264] and parameters: {'psi': 0.02894706583032658}.
[I 2025-08-09 20:22:42,285] Trial 250 finished with values: [0.8990835514385651, 0.2629193109700816] and parameters: {'psi': 0.6251379330590286}.
[I 2025-08-09 20:22:50,024] Trial 251 finished with values: [0.8996258231947799, 0.25765765765765763] and parameters: {'psi': 0.3963101144216101}.
[I 2025-08-09 20:22:57,778] Trial 252 finished with values: [0.8996268687058779, 0.25742574257425743] and parameters: {'psi': 0.39069406313916155}.
[I 2025-08-09 20:23:05,486] Trial 253 finished with values: [0.8994042910098824, 0.25719424460431656] and parameters: {'psi': 0.270372144638104}.
[I 2025-08-09 20:23:13,321] Trial 254 finished with values: [0.8962678738834814, 0.2757352941176471] and parameters: {'psi': 0.9415920333309697}.
[I 2025-08-09 20:23:21,057] Trial 255 finished with values: [0.8965780421759177, 0.2736455463728191] and parameters: {'psi': 0.9501312917113871}.
[I 2025-08-09 20:23:28,748] Trial 256 finished with values: [0.8993999927975903, 0.26063348416289595] and parameters: {'psi': 0.560505804647926}.
[I 2025-08-09 20:23:36,480] Trial 257 finished with values: [0.8992600104783446, 0.26268115942028986] and parameters: {'psi': 0.5918867565066667}.
[I 2025-08-09 20:23:44,219] Trial 258 finished with values: [0.8992532727401569, 0.25696316262353996] and parameters: {'psi': 0.23316981166143214}.
[I 2025-08-09 20:23:51,982] Trial 259 finished with values: [0.8978474088169112, 0.2643573381950775] and parameters: {'psi': 0.7614004875769689}.
[I 2025-08-09 20:23:59,707] Trial 260 finished with values: [0.8957459315097296, 0.2664233576642336] and parameters: {'psi': 0.98921702132503}.
[I 2025-08-09 20:24:07,424] Trial 261 finished with values: [0.8993663041066513, 0.25696316262353996] and parameters: {'psi': 0.2586328413688227}.
[I 2025-08-09 20:24:15,151] Trial 262 finished with values: [0.8978413680861222, 0.2643573381950775] and parameters: {'psi': 0.7618034677450178}.
[I 2025-08-09 20:24:22,830] Trial 263 finished with values: [0.8981272572875028, 0.26387625113739765] and parameters: {'psi': 0.7404795850436148}.
[I 2025-08-09 20:24:30,535] Trial 264 finished with values: [0.8991813648101876, 0.26268115942028986] and parameters: {'psi': 0.6065364205631099}.
[I 2025-08-09 20:24:38,312] Trial 265 finished with values: [0.8992522272290588, 0.26268115942028986] and parameters: {'psi': 0.5938387137463775}.
[I 2025-08-09 20:24:46,059] Trial 266 finished with values: [0.8996434807155478, 0.25765765765765763] and parameters: {'psi': 0.4451673274437914}.
[I 2025-08-09 20:24:53,794] Trial 267 finished with values: [0.8686391976050826, 0.27579908675799086] and parameters: {'psi': 0.011714842982638585}.
[I 2025-08-09 20:25:01,464] Trial 268 finished with values: [0.8987064704358503, 0.26497277676951] and parameters: {'psi': 0.6829848318512441}.
[I 2025-08-09 20:25:09,251] Trial 269 finished with values: [0.896725923912349, 0.26118721461187216] and parameters: {'psi': 0.8221627655969945}.
[I 2025-08-09 20:25:17,013] Trial 270 finished with values: [0.8984922568286394, 0.2652134423251589] and parameters: {'psi': 0.7062599699304744}.
[I 2025-08-09 20:25:24,749] Trial 271 finished with values: [0.8984097776197894, 0.26545454545454544] and parameters: {'psi': 0.7144996032433519}.
[I 2025-08-09 20:25:32,444] Trial 272 finished with values: [0.8996182722812935, 0.25719424460431656] and parameters: {'psi': 0.3681365890165752}.
[I 2025-08-09 20:25:40,176] Trial 273 finished with values: [0.8986670895178219, 0.26497277676951] and parameters: {'psi': 0.6878011698794158}.
[I 2025-08-09 20:25:47,936] Trial 274 finished with values: [0.8991893803952729, 0.26268115942028986] and parameters: {'psi': 0.6047853969958151}.
[I 2025-08-09 20:25:55,713] Trial 275 finished with values: [0.899122235349195, 0.26268115942028986] and parameters: {'psi': 0.6180386932961348}.
[I 2025-08-09 20:26:03,437] Trial 276 finished with values: [0.8981641986796357, 0.26387625113739765] and parameters: {'psi': 0.7378114090645699}.
[I 2025-08-09 20:26:11,166] Trial 277 finished with values: [0.8995893464742463, 0.2585895117540687] and parameters: {'psi': 0.4970121427918329}.
[I 2025-08-09 20:26:18,880] Trial 278 finished with values: [0.898439748937935, 0.26545454545454544] and parameters: {'psi': 0.7116729112082432}.
[I 2025-08-09 20:26:26,582] Trial 279 finished with values: [0.8995921345038411, 0.25742574257425743] and parameters: {'psi': 0.3448107606154235}.
[I 2025-08-09 20:26:34,338] Trial 280 finished with values: [0.8938655217158463, 0.26273458445040215] and parameters: {'psi': 0.0548344462067788}.
[I 2025-08-09 20:26:42,069] Trial 281 finished with values: [0.8293118329784405, 0.3156881616939365] and parameters: {'psi': 0.003113684581376952}.
[I 2025-08-09 20:26:49,745] Trial 282 finished with values: [0.8995736638077748, 0.2585895117540687] and parameters: {'psi': 0.5064946227768835}.
[I 2025-08-09 20:26:57,513] Trial 283 finished with values: [0.8995779620200669, 0.2585895117540687] and parameters: {'psi': 0.5040165705029739}.
[I 2025-08-09 20:27:05,268] Trial 284 finished with values: [0.8987273806578124, 0.26497277676951] and parameters: {'psi': 0.6803078169202422}.
[I 2025-08-09 20:27:13,016] Trial 285 finished with values: [0.8944684331157509, 0.26118067978533094] and parameters: {'psi': 0.05954083489595219}.
[I 2025-08-09 20:27:20,743] Trial 286 finished with values: [0.8967960893238215, 0.27205882352941174] and parameters: {'psi': 0.9566657614702931}.
[I 2025-08-09 20:27:28,471] Trial 287 finished with values: [0.8985637000870098, 0.26497277676951] and parameters: {'psi': 0.6987930002516709}.
[I 2025-08-09 20:27:36,136] Trial 288 finished with values: [0.8892577219707186, 0.26367713004484306] and parameters: {'psi': 0.03418796643751776}.
[I 2025-08-09 20:27:43,872] Trial 289 finished with values: [0.8989117391147774, 0.26473254759746145] and parameters: {'psi': 0.6522180770623265}.
[I 2025-08-09 20:27:51,616] Trial 290 finished with values: [0.8970942923225796, 0.2587601078167116] and parameters: {'psi': 0.09596664679120026}.
[I 2025-08-09 20:27:59,296] Trial 291 finished with values: [0.8984878424484476, 0.2652134423251589] and parameters: {'psi': 0.7066786360794144}.
[I 2025-08-09 20:28:07,029] Trial 292 finished with values: [0.8963862489733663, 0.2616651418115279] and parameters: {'psi': 0.8411697619414128}.
[I 2025-08-09 20:28:14,701] Trial 293 finished with values: [0.8995783105237662, 0.25742574257425743] and parameters: {'psi': 0.33679995573624033}.
[I 2025-08-09 20:28:22,481] Trial 294 finished with values: [0.8989559990845969, 0.26473254759746145] and parameters: {'psi': 0.645204777558236}.
[I 2025-08-09 20:28:30,274] Trial 295 finished with values: [0.8983345008207263, 0.2585278276481149] and parameters: {'psi': 0.14058006104027787}.
[I 2025-08-09 20:28:37,991] Trial 296 finished with values: [0.8970008933311493, 0.26071103008204194] and parameters: {'psi': 0.8076789709264149}.
[I 2025-08-09 20:28:45,669] Trial 297 finished with values: [0.8995472936945225, 0.25742574257425743] and parameters: {'psi': 0.32177300766732353}.
[I 2025-08-09 20:28:53,395] Trial 298 finished with values: [0.8982780432214287, 0.2636363636363636] and parameters: {'psi': 0.7274160604226132}.
[I 2025-08-09 20:29:01,138] Trial 299 finished with values: [0.89883878567371, 0.26497277676951] and parameters: {'psi': 0.6637056595538917}.
