[I 2025-08-09 18:45:09,139] Trial 150 finished with values: [0.7851289738644548, 0.350597609561753] and parameters: {'psi': 0.7213625093396868}.
[I 2025-08-09 18:45:14,372] Trial 151 finished with values: [0.7885194167717986, 0.34817012858555885] and parameters: {'psi': 0.41087570653610217}.
[I 2025-08-09 18:45:19,736] Trial 152 finished with values: [0.7888208552660199, 0.3428011753183154] and parameters: {'psi': 0.09730334338838686}.
[I 2025-08-09 18:45:24,981] Trial 153 finished with values: [0.7844814460347151, 0.3489531405782652] and parameters: {'psi': 0.7469940176197422}.
[I 2025-08-09 18:45:30,229] Trial 154 finished with values: [0.7884017778164469, 0.34817012858555885] and parameters: {'psi': 0.43307814705788594}.
[I 2025-08-09 18:45:35,468] Trial 155 finished with values: [0.788895293475056, 0.3474827245804541] and parameters: {'psi': 0.32708850790516664}.
[I 2025-08-09 18:45:40,716] Trial 156 finished with values: [0.7890809056326522, 0.34739941118743867] and parameters: {'psi': 0.2695609645816962}.
[I 2025-08-09 18:45:45,957] Trial 157 finished with values: [0.7867322955486917, 0.34756703078450846] and parameters: {'psi': 0.6365741140157053}.
[I 2025-08-09 18:45:51,202] Trial 158 finished with values: [0.7886843046552883, 0.34782608695652173] and parameters: {'psi': 0.37642348967521244}.
[I 2025-08-09 18:45:56,453] Trial 159 finished with values: [0.7828137763856867, 0.3472222222222222] and parameters: {'psi': 0.8050491342398604}.
[I 2025-08-09 18:46:01,696] Trial 160 finished with values: [0.7858279196454034, 0.34791252485089463] and parameters: {'psi': 0.6886412124269974}.
[I 2025-08-09 18:46:06,953] Trial 161 finished with values: [0.7875853139213952, 0.34476003917727716] and parameters: {'psi': 0.055031641066668135}.
[I 2025-08-09 18:46:12,195] Trial 162 finished with values: [0.7890724467452618, 0.34739941118743867] and parameters: {'psi': 0.2758165895044514}.
[I 2025-08-09 18:46:17,427] Trial 163 finished with values: [0.7858355930646792, 0.34791252485089463] and parameters: {'psi': 0.6882521454878433}.
[I 2025-08-09 18:46:22,671] Trial 164 finished with values: [0.7889583121861149, 0.34876847290640395] and parameters: {'psi': 0.3116696136558502}.
[I 2025-08-09 18:46:27,931] Trial 165 finished with values: [0.789167488387156, 0.3460410557184751] and parameters: {'psi': 0.15024550149712323}.
[I 2025-08-09 18:46:33,168] Trial 166 finished with values: [0.7802325468984884, 0.3472222222222222] and parameters: {'psi': 0.8543433146313145}.
[I 2025-08-09 18:46:38,422] Trial 167 finished with values: [0.7875126883310857, 0.3472222222222222] and parameters: {'psi': 0.5702943924226601}.
[I 2025-08-09 18:46:43,669] Trial 168 finished with values: [0.7829673051918234, 0.3472222222222222] and parameters: {'psi': 0.8003831867428657}.
[I 2025-08-09 18:46:48,913] Trial 169 finished with values: [0.7874772818452943, 0.3472222222222222] and parameters: {'psi': 0.5745063315565394}.
[I 2025-08-09 18:46:54,158] Trial 170 finished with values: [0.7810717289482461, 0.3504950495049505] and parameters: {'psi': 0.9666171648585623}.
[I 2025-08-09 18:46:59,403] Trial 171 finished with values: [0.7810701580120164, 0.3504950495049505] and parameters: {'psi': 0.9665792547668889}.
[I 2025-08-09 18:47:04,646] Trial 172 finished with values: [0.7884211728368208, 0.34817012858555885] and parameters: {'psi': 0.42953473229433947}.
[I 2025-08-09 18:47:09,884] Trial 173 finished with values: [0.7838537965903434, 0.34860557768924305] and parameters: {'psi': 0.7700639756457898}.
[I 2025-08-09 18:47:15,133] Trial 174 finished with values: [0.7790077604249745, 0.34955312810327704] and parameters: {'psi': 0.9282381734006453}.
[I 2025-08-09 18:47:20,379] Trial 175 finished with values: [0.7785575059333054, 0.34955312810327704] and parameters: {'psi': 0.9206499979840034}.
[I 2025-08-09 18:47:25,637] Trial 176 finished with values: [0.7891928650493274, 0.3460410557184751] and parameters: {'psi': 0.1735690812648989}.
[I 2025-08-09 18:47:30,878] Trial 177 finished with values: [0.7853881179217239, 0.3482587064676617] and parameters: {'psi': 0.7099408558490957}.
[I 2025-08-09 18:47:36,137] Trial 178 finished with values: [0.789188877288129, 0.3460410557184751] and parameters: {'psi': 0.1631437980623771}.
[I 2025-08-09 18:47:41,387] Trial 179 finished with values: [0.7880527882909666, 0.3485148514851485] and parameters: {'psi': 0.4947372835000171}.
[I 2025-08-09 18:47:46,624] Trial 180 finished with values: [0.7855458761715559, 0.34791252485089463] and parameters: {'psi': 0.7025241132979992}.
[I 2025-08-09 18:47:51,871] Trial 181 finished with values: [0.7830750955854275, 0.3472222222222222] and parameters: {'psi': 0.7970331811035315}.
[I 2025-08-09 18:47:57,116] Trial 182 finished with values: [0.7842079822895067, 0.34860557768924305] and parameters: {'psi': 0.7570821121786501}.
[I 2025-08-09 18:48:02,379] Trial 183 finished with values: [0.7880682559707661, 0.3485148514851485] and parameters: {'psi': 0.49244728289514594}.
[I 2025-08-09 18:48:07,619] Trial 184 finished with values: [0.7869480575977726, 0.34756703078450846] and parameters: {'psi': 0.6216956908804143}.
[I 2025-08-09 18:48:12,857] Trial 185 finished with values: [0.7834320002126806, 0.34791252485089463] and parameters: {'psi': 0.7851106146208799}.
[I 2025-08-09 18:48:18,113] Trial 186 finished with values: [0.7891959465011624, 0.346718903036239] and parameters: {'psi': 0.21873742956056608}.
[I 2025-08-09 18:48:23,361] Trial 187 finished with values: [0.7781364950237575, 0.34955312810327704] and parameters: {'psi': 0.8913169012949318}.
[I 2025-08-09 18:48:28,598] Trial 188 finished with values: [0.7889319083733318, 0.34714003944773175] and parameters: {'psi': 0.3187824917618276}.
[I 2025-08-09 18:48:33,844] Trial 189 finished with values: [0.7828660402256348, 0.34756703078450846] and parameters: {'psi': 0.8035216880334936}.
[I 2025-08-09 18:48:39,083] Trial 190 finished with values: [0.7875838034057897, 0.3468780971258672] and parameters: {'psi': 0.5619009740880633}.
[I 2025-08-09 18:48:44,323] Trial 191 finished with values: [0.7880324265406051, 0.3485148514851485] and parameters: {'psi': 0.4978255670195221}.
[I 2025-08-09 18:48:49,576] Trial 192 finished with values: [0.7782350410618561, 0.34955312810327704] and parameters: {'psi': 0.9117573537969969}.
[I 2025-08-09 18:48:54,814] Trial 193 finished with values: [0.7783208987688695, 0.34955312810327704] and parameters: {'psi': 0.8843956795465652}.
[I 2025-08-09 18:49:00,055] Trial 194 finished with values: [0.7890130532716558, 0.3480825958702065] and parameters: {'psi': 0.29169947827327125}.
[I 2025-08-09 18:49:05,318] Trial 195 finished with values: [0.7870049134051613, 0.34476003917727716] and parameters: {'psi': 0.047138830164451084}.
[I 2025-08-09 18:49:10,556] Trial 196 finished with values: [0.7874238700134859, 0.3472222222222222] and parameters: {'psi': 0.5801875776899751}.
[I 2025-08-09 18:49:15,806] Trial 197 finished with values: [0.7878398660112237, 0.3485148514851485] and parameters: {'psi': 0.5290745511710894}.
[I 2025-08-09 18:49:21,058] Trial 198 finished with values: [0.7873581323743372, 0.3431372549019608] and parameters: {'psi': 0.05147074794620998}.
[I 2025-08-09 18:49:26,305] Trial 199 finished with values: [0.7890237477221425, 0.3477406679764244] and parameters: {'psi': 0.28868382913172785}.
[I 2025-08-09 18:49:31,564] Trial 200 finished with values: [0.7724526060623638, 0.34223541048466866] and parameters: {'psi': 0.012666183284188781}.
[I 2025-08-09 18:49:36,818] Trial 201 finished with values: [0.788831972660876, 0.3428011753183154] and parameters: {'psi': 0.09841029031783344}.
[I 2025-08-09 18:49:42,168] Trial 202 finished with values: [0.7865919384386344, 0.34791252485089463] and parameters: {'psi': 0.64580191841589}.
[I 2025-08-09 18:49:47,420] Trial 203 finished with values: [0.7874926286838454, 0.3431372549019608] and parameters: {'psi': 0.05359803456939516}.
[I 2025-08-09 18:49:52,666] Trial 204 finished with values: [0.7881681312625977, 0.3485148514851485] and parameters: {'psi': 0.47507603117083497}.
[I 2025-08-09 18:49:57,915] Trial 205 finished with values: [0.7877855478700521, 0.3468780971258672] and parameters: {'psi': 0.5360185033077371}.
[I 2025-08-09 18:50:03,165] Trial 206 finished with values: [0.781710737469971, 0.34756703078450846] and parameters: {'psi': 0.8317327013254588}.
[I 2025-08-09 18:50:08,406] Trial 207 finished with values: [0.7891779411551456, 0.3460410557184751] and parameters: {'psi': 0.1552139954806102}.
[I 2025-08-09 18:50:13,646] Trial 208 finished with values: [0.7892042845473044, 0.34476003917727716] and parameters: {'psi': 0.20497393943102205}.
[I 2025-08-09 18:50:18,884] Trial 209 finished with values: [0.785976675222227, 0.3482587064676617] and parameters: {'psi': 0.6812037669139703}.
[I 2025-08-09 18:50:24,129] Trial 210 finished with values: [0.7867124171633241, 0.34791252485089463] and parameters: {'psi': 0.6378765334339425}.
[I 2025-08-09 18:50:29,386] Trial 211 finished with values: [0.7889738402865388, 0.34442270058708413] and parameters: {'psi': 0.10930094288644454}.
[I 2025-08-09 18:50:34,633] Trial 212 finished with values: [0.7889297332308599, 0.34714003944773175] and parameters: {'psi': 0.31929827883832584}.
[I 2025-08-09 18:50:39,887] Trial 213 finished with values: [0.7877328006651101, 0.34442270058708413] and parameters: {'psi': 0.057825840148551966}.
[I 2025-08-09 18:50:45,129] Trial 214 finished with values: [0.7782884528936646, 0.34955312810327704] and parameters: {'psi': 0.8853726856991754}.
[I 2025-08-09 18:50:50,362] Trial 215 finished with values: [0.7850361073650324, 0.350597609561753] and parameters: {'psi': 0.7253134538734655}.
[I 2025-08-09 18:50:55,611] Trial 216 finished with values: [0.7888496154831476, 0.3455083909180652] and parameters: {'psi': 0.33843500574785423}.
[I 2025-08-09 18:51:00,860] Trial 217 finished with values: [0.778061694290976, 0.3492063492063492] and parameters: {'psi': 0.9017200460284654}.
[I 2025-08-09 18:51:06,104] Trial 218 finished with values: [0.7783520758109657, 0.34955312810327704] and parameters: {'psi': 0.8836879621713599}.
[I 2025-08-09 18:51:11,348] Trial 219 finished with values: [0.7783640390945608, 0.34955312810327704] and parameters: {'psi': 0.8833754195452128}.
[I 2025-08-09 18:51:16,592] Trial 220 finished with values: [0.7888019436106398, 0.34619188921859545] and parameters: {'psi': 0.35023955376341787}.
[I 2025-08-09 18:51:21,848] Trial 221 finished with values: [0.7870956651827362, 0.34442270058708413] and parameters: {'psi': 0.04818919752225659}.
[I 2025-08-09 18:51:27,099] Trial 222 finished with values: [0.7883542267851877, 0.3428011753183154] and parameters: {'psi': 0.07374069631160995}.
[I 2025-08-09 18:51:32,331] Trial 223 finished with values: [0.7875859785482616, 0.3468780971258672] and parameters: {'psi': 0.5614885787741585}.
[I 2025-08-09 18:51:37,575] Trial 224 finished with values: [0.7878031302716995, 0.3468780971258672] and parameters: {'psi': 0.533895602373626}.
[I 2025-08-09 18:51:42,816] Trial 225 finished with values: [0.7835394280825394, 0.34791252485089463] and parameters: {'psi': 0.7812314655675742}.
[I 2025-08-09 18:51:48,062] Trial 226 finished with values: [0.7809692555695732, 0.3472222222222222] and parameters: {'psi': 0.8444241160860972}.
[I 2025-08-09 18:51:53,306] Trial 227 finished with values: [0.7798098442114626, 0.34756703078450846] and parameters: {'psi': 0.8598320723478321}.
[I 2025-08-09 18:51:58,558] Trial 228 finished with values: [0.7891833790113252, 0.3460410557184751] and parameters: {'psi': 0.16072866797337737}.
[I 2025-08-09 18:52:03,815] Trial 229 finished with values: [0.788387337287259, 0.3411764705882353] and parameters: {'psi': 0.07505727821368957}.
[I 2025-08-09 18:52:09,063] Trial 230 finished with values: [0.7891961881836593, 0.346718903036239] and parameters: {'psi': 0.2182278687031537}.
[I 2025-08-09 18:52:14,318] Trial 231 finished with values: [0.7883027484133543, 0.3428011753183154] and parameters: {'psi': 0.07212051107740258}.
[I 2025-08-09 18:52:19,574] Trial 232 finished with values: [0.7877964840030355, 0.3468780971258672] and parameters: {'psi': 0.5345029477822653}.
[I 2025-08-09 18:52:24,820] Trial 233 finished with values: [0.7889734777627934, 0.3484251968503937] and parameters: {'psi': 0.30410984031295285}.
[I 2025-08-09 18:52:30,063] Trial 234 finished with values: [0.7840374752879647, 0.34860557768924305] and parameters: {'psi': 0.7633568948693451}.
[I 2025-08-09 18:52:35,302] Trial 235 finished with values: [0.7859512381394315, 0.3482587064676617] and parameters: {'psi': 0.6824921391576787}.
[I 2025-08-09 18:52:40,558] Trial 236 finished with values: [0.78891196956734, 0.34442270058708413] and parameters: {'psi': 0.10453968503098432}.
[I 2025-08-09 18:52:45,803] Trial 237 finished with values: [0.7788495188101487, 0.34955312810327704] and parameters: {'psi': 0.9259593374769032}.
[I 2025-08-09 18:52:51,053] Trial 238 finished with values: [0.7806843723263872, 0.3508424182358771] and parameters: {'psi': 0.9564125829481103}.
[I 2025-08-09 18:52:56,303] Trial 239 finished with values: [0.782848034879618, 0.3472222222222222] and parameters: {'psi': 0.8040494046736665}.
[I 2025-08-09 18:53:01,561] Trial 240 finished with values: [0.7891520207073563, 0.345703125] and parameters: {'psi': 0.14441158381518426}.
[I 2025-08-09 18:53:06,806] Trial 241 finished with values: [0.7865062619934939, 0.34791252485089463] and parameters: {'psi': 0.6515368055668449}.
[I 2025-08-09 18:53:12,056] Trial 242 finished with values: [0.7891834394319496, 0.3460410557184751] and parameters: {'psi': 0.1604815449544732}.
[I 2025-08-09 18:53:17,293] Trial 243 finished with values: [0.7850619673921975, 0.350597609561753] and parameters: {'psi': 0.7243372880530186}.
[I 2025-08-09 18:53:22,538] Trial 244 finished with values: [0.7891805996626111, 0.346718903036239] and parameters: {'psi': 0.22364726160559512}.
[I 2025-08-09 18:53:27,778] Trial 245 finished with values: [0.7861372732413974, 0.34791252485089463] and parameters: {'psi': 0.6728834517103743}.
[I 2025-08-09 18:53:33,021] Trial 246 finished with values: [0.786106096199301, 0.3418467583497053] and parameters: {'psi': 0.03885519003252058}.
[I 2025-08-09 18:53:38,276] Trial 247 finished with values: [0.7891512352392415, 0.346718903036239] and parameters: {'psi': 0.23987002778409194}.
[I 2025-08-09 18:53:43,524] Trial 248 finished with values: [0.7891278524576694, 0.34739941118743867] and parameters: {'psi': 0.25077906626284663}.
[I 2025-08-09 18:53:48,763] Trial 249 finished with values: [0.7827666482987969, 0.34945705824284307] and parameters: {'psi': 0.9962519385283883}.
[I 2025-08-09 18:53:54,002] Trial 250 finished with values: [0.7856586210563459, 0.34791252485089463] and parameters: {'psi': 0.697043646914579}.
[I 2025-08-09 18:53:59,257] Trial 251 finished with values: [0.7891534103817133, 0.346718903036239] and parameters: {'psi': 0.23897125285971166}.
[I 2025-08-09 18:54:04,496] Trial 252 finished with values: [0.7882722359981246, 0.34817012858555885] and parameters: {'psi': 0.45581576121512346}.
[I 2025-08-09 18:54:09,744] Trial 253 finished with values: [0.7851548338916199, 0.350597609561753] and parameters: {'psi': 0.7204287263975674}.
[I 2025-08-09 18:54:15,087] Trial 254 finished with values: [0.7787871647259562, 0.34955312810327704] and parameters: {'psi': 0.8746989048787529}.
[I 2025-08-09 18:54:20,326] Trial 255 finished with values: [0.7873459878288693, 0.3472222222222222] and parameters: {'psi': 0.5876703459232256}.
[I 2025-08-09 18:54:25,573] Trial 256 finished with values: [0.7783861530430244, 0.3492063492063492] and parameters: {'psi': 0.9167832061546392}.
[I 2025-08-09 18:54:30,821] Trial 257 finished with values: [0.780828656777019, 0.3508424182358771] and parameters: {'psi': 0.9605979762629877}.
[I 2025-08-09 18:54:36,063] Trial 258 finished with values: [0.7860141964298661, 0.3482587064676617] and parameters: {'psi': 0.6793642328834499}.
[I 2025-08-09 18:54:41,302] Trial 259 finished with values: [0.7810146918789846, 0.3504950495049505] and parameters: {'psi': 0.9652326866403521}.
[I 2025-08-09 18:54:46,540] Trial 260 finished with values: [0.7888954747369286, 0.3474827245804541] and parameters: {'psi': 0.32699228892138865}.
[I 2025-08-09 18:54:51,794] Trial 261 finished with values: [0.7875910538806958, 0.3468780971258672] and parameters: {'psi': 0.5610506996523826}.
[I 2025-08-09 18:54:57,037] Trial 262 finished with values: [0.785213441897111, 0.350597609561753] and parameters: {'psi': 0.7176395220082279}.
[I 2025-08-09 18:55:02,293] Trial 263 finished with values: [0.7876707486840387, 0.3468780971258672] and parameters: {'psi': 0.5509868656890539}.
[I 2025-08-09 18:55:07,544] Trial 264 finished with values: [0.7882452883997235, 0.3485148514851485] and parameters: {'psi': 0.4602766379816574}.
[I 2025-08-09 18:55:12,785] Trial 265 finished with values: [0.7810148127202332, 0.3504950495049505] and parameters: {'psi': 0.9652438658798376}.
[I 2025-08-09 18:55:18,035] Trial 266 finished with values: [0.7887540904762596, 0.34619188921859545] and parameters: {'psi': 0.36124589617099223}.
[I 2025-08-09 18:55:23,279] Trial 267 finished with values: [0.7793879269925514, 0.3492063492063492] and parameters: {'psi': 0.8655487748493784}.
[I 2025-08-09 18:55:28,525] Trial 268 finished with values: [0.7781093057428595, 0.34955312810327704] and parameters: {'psi': 0.8932570776281318}.
[I 2025-08-09 18:55:33,772] Trial 269 finished with values: [0.7815251253123745, 0.35014836795252224] and parameters: {'psi': 0.9757871291075839}.
[I 2025-08-09 18:55:39,021] Trial 270 finished with values: [0.7889152927016719, 0.3474827245804541] and parameters: {'psi': 0.3218317515160325}.
[I 2025-08-09 18:55:44,278] Trial 271 finished with values: [0.7835059550567229, 0.34791252485089463] and parameters: {'psi': 0.7825015999392543}.
[I 2025-08-09 18:55:49,532] Trial 272 finished with values: [0.7803195525973619, 0.3504950495049505] and parameters: {'psi': 0.9479361951501462}.
[I 2025-08-09 18:55:54,776] Trial 273 finished with values: [0.7841757780967987, 0.34860557768924305] and parameters: {'psi': 0.7580793318272117}.
[I 2025-08-09 18:56:00,030] Trial 274 finished with values: [0.7887960828100906, 0.34619188921859545] and parameters: {'psi': 0.3512998088384095}.
[I 2025-08-09 18:56:05,296] Trial 275 finished with values: [0.7799364254191983, 0.3438735177865613] and parameters: {'psi': 0.019236361184690964}.
[I 2025-08-09 18:56:10,545] Trial 276 finished with values: [0.7888536032443458, 0.3455083909180652] and parameters: {'psi': 0.3374978894267203}.
[I 2025-08-09 18:56:15,792] Trial 277 finished with values: [0.7861314728614724, 0.34791252485089463] and parameters: {'psi': 0.6732657192737398}.
[I 2025-08-09 18:56:21,042] Trial 278 finished with values: [0.7885801394991372, 0.34782608695652173] and parameters: {'psi': 0.3980300832957292}.
[I 2025-08-09 18:56:26,305] Trial 279 finished with values: [0.789127489933924, 0.345703125] and parameters: {'psi': 0.1365645972139018}.
[I 2025-08-09 18:56:31,555] Trial 280 finished with values: [0.7801017362470576, 0.3504950495049505] and parameters: {'psi': 0.9438803010461104}.
[I 2025-08-09 18:56:36,796] Trial 281 finished with values: [0.7822088450960205, 0.3472222222222222] and parameters: {'psi': 0.8210894552730801}.
[I 2025-08-09 18:56:42,036] Trial 282 finished with values: [0.7873697935548111, 0.3472222222222222] and parameters: {'psi': 0.5854653850745599}.
[I 2025-08-09 18:56:47,282] Trial 283 finished with values: [0.783095215653292, 0.3472222222222222] and parameters: {'psi': 0.7963915146036412}.
[I 2025-08-09 18:56:52,537] Trial 284 finished with values: [0.7888212177897652, 0.3428011753183154] and parameters: {'psi': 0.09721468328954996}.
[I 2025-08-09 18:56:57,791] Trial 285 finished with values: [0.7888510655781286, 0.3455083909180652] and parameters: {'psi': 0.3381181305557216}.
[I 2025-08-09 18:57:03,030] Trial 286 finished with values: [0.7849074114354491, 0.350597609561753] and parameters: {'psi': 0.7306078615067467}.
[I 2025-08-09 18:57:08,277] Trial 287 finished with values: [0.7824908281492438, 0.3472222222222222] and parameters: {'psi': 0.8142708116238543}.
[I 2025-08-09 18:57:13,527] Trial 288 finished with values: [0.7874981269606494, 0.3472222222222222] and parameters: {'psi': 0.5721316162564966}.
[I 2025-08-09 18:57:18,772] Trial 289 finished with values: [0.7782908697186333, 0.34955312810327704] and parameters: {'psi': 0.8853266731476082}.
[I 2025-08-09 18:57:24,026] Trial 290 finished with values: [0.7785730340337292, 0.34955312810327704] and parameters: {'psi': 0.8786277948693952}.
[I 2025-08-09 18:57:29,268] Trial 291 finished with values: [0.787758841954148, 0.3468780971258672] and parameters: {'psi': 0.5402134314970655}.
[I 2025-08-09 18:57:34,521] Trial 292 finished with values: [0.7862474804599702, 0.34791252485089463] and parameters: {'psi': 0.666450456822168}.
[I 2025-08-09 18:57:39,765] Trial 293 finished with values: [0.7881849281961303, 0.3485148514851485] and parameters: {'psi': 0.47216104633501776}.
[I 2025-08-09 18:57:45,011] Trial 294 finished with values: [0.7882763446005712, 0.34817012858555885] and parameters: {'psi': 0.4551572060787189}.
[I 2025-08-09 18:57:50,253] Trial 295 finished with values: [0.7807212893277844, 0.3472222222222222] and parameters: {'psi': 0.8479118635655561}.
[I 2025-08-09 18:57:55,508] Trial 296 finished with values: [0.7875858577070132, 0.34476003917727716] and parameters: {'psi': 0.05504942917393907}.
[I 2025-08-09 18:58:00,760] Trial 297 finished with values: [0.7891495434617634, 0.345703125] and parameters: {'psi': 0.14391797852094135}.
[I 2025-08-09 18:58:06,014] Trial 298 finished with values: [0.78766718386721, 0.3468780971258672] and parameters: {'psi': 0.551579824820266}.
[I 2025-08-09 18:58:11,260] Trial 299 finished with values: [0.7881257159843971, 0.3485148514851485] and parameters: {'psi': 0.48254578410036386}.
