[I 2025-08-09 20:00:23,833] Trial 300 finished with values: [0.7870373102201911, 0.12026359143327842] and parameters: {'psi': 0.5664711061246197}.
[I 2025-08-09 20:00:29,326] Trial 301 finished with values: [0.7801745026371654, 0.11372867587327376] and parameters: {'psi': 0.05447802556746839}.
[I 2025-08-09 20:00:34,819] Trial 302 finished with values: [0.7803705968256214, 0.12395309882747069] and parameters: {'psi': 0.8148526494201558}.
[I 2025-08-09 20:00:40,404] Trial 303 finished with values: [0.7882209660385404, 0.1186161449752883] and parameters: {'psi': 0.46115902418996346}.
[I 2025-08-09 20:00:45,900] Trial 304 finished with values: [0.7758816210518115, 0.1151662611516626] and parameters: {'psi': 0.04215717862797552}.
[I 2025-08-09 20:00:51,380] Trial 305 finished with values: [0.7878942238932699, 0.11466011466011466] and parameters: {'psi': 0.1287122693945243}.
[I 2025-08-09 20:00:56,883] Trial 306 finished with values: [0.78814948864732, 0.1186161449752883] and parameters: {'psi': 0.4682383947541521}.
[I 2025-08-09 20:01:02,373] Trial 307 finished with values: [0.7764665620287647, 0.12583892617449666] and parameters: {'psi': 0.9612028008415034}.
[I 2025-08-09 20:01:07,848] Trial 308 finished with values: [0.7851854182209808, 0.12241521918941274] and parameters: {'psi': 0.6751211102216627}.
[I 2025-08-09 20:01:13,348] Trial 309 finished with values: [0.787754529197088, 0.12036273701566365] and parameters: {'psi': 0.5075089718599621}.
[I 2025-08-09 20:01:18,831] Trial 310 finished with values: [0.7891619084349353, 0.1168724279835391] and parameters: {'psi': 0.3396257361092607}.
[I 2025-08-09 20:01:24,347] Trial 311 finished with values: [0.7880977347779645, 0.11871393239901072] and parameters: {'psi': 0.47336873438265525}.
[I 2025-08-09 20:01:29,837] Trial 312 finished with values: [0.7887328810833005, 0.11851851851851852] and parameters: {'psi': 0.40339849397177563}.
[I 2025-08-09 20:01:35,323] Trial 313 finished with values: [0.7893738955439021, 0.11677631578947369] and parameters: {'psi': 0.29363416417107246}.
[I 2025-08-09 20:01:40,824] Trial 314 finished with values: [0.787967738838402, 0.11466011466011466] and parameters: {'psi': 0.13060176586566452}.
[I 2025-08-09 20:01:46,347] Trial 315 finished with values: [0.7816511587080083, 0.11219512195121951] and parameters: {'psi': 0.0608308828196098}.
[I 2025-08-09 20:01:51,856] Trial 316 finished with values: [0.7882770395221887, 0.11851851851851852] and parameters: {'psi': 0.45574323955608786}.
[I 2025-08-09 20:01:57,355] Trial 317 finished with values: [0.7893421912050371, 0.11677631578947369] and parameters: {'psi': 0.3036010642421827}.
[I 2025-08-09 20:02:02,851] Trial 318 finished with values: [0.788402960353928, 0.1186161449752883] and parameters: {'psi': 0.4432329133155436}.
[I 2025-08-09 20:02:08,342] Trial 319 finished with values: [0.7890605197522921, 0.11851851851851852] and parameters: {'psi': 0.35865891701261}.
[I 2025-08-09 20:02:13,830] Trial 320 finished with values: [0.7762854642370982, 0.125] and parameters: {'psi': 0.905066765641437}.
[I 2025-08-09 20:02:19,313] Trial 321 finished with values: [0.7851303227632102, 0.11283728536385937] and parameters: {'psi': 0.08425752578177903}.
[I 2025-08-09 20:02:24,815] Trial 322 finished with values: [0.788689521936061, 0.11851851851851852] and parameters: {'psi': 0.40883097561360393}.
[I 2025-08-09 20:02:30,302] Trial 323 finished with values: [0.7888225334554126, 0.1162981162981163] and parameters: {'psi': 0.16436781483259022}.
[I 2025-08-09 20:02:35,781] Trial 324 finished with values: [0.7831729669735332, 0.1230257689110557] and parameters: {'psi': 0.7436956277953312}.
[I 2025-08-09 20:02:41,272] Trial 325 finished with values: [0.7875670742372173, 0.11311475409836065] and parameters: {'psi': 0.12040831352626469}.
[I 2025-08-09 20:02:46,783] Trial 326 finished with values: [0.7869858823594613, 0.12026359143327842] and parameters: {'psi': 0.5702849126085544}.
[I 2025-08-09 20:02:52,264] Trial 327 finished with values: [0.7775515187356342, 0.125] and parameters: {'psi': 0.8796400458518293}.
[I 2025-08-09 20:02:57,756] Trial 328 finished with values: [0.7879005810614744, 0.11871393239901072] and parameters: {'psi': 0.4922308508529758}.
[I 2025-08-09 20:03:03,251] Trial 329 finished with values: [0.788349902450069, 0.1186161449752883] and parameters: {'psi': 0.4483834799993882}.
[I 2025-08-09 20:03:08,743] Trial 330 finished with values: [0.7884384137919906, 0.11851851851851852] and parameters: {'psi': 0.43988494520163457}.
[I 2025-08-09 20:03:14,228] Trial 331 finished with values: [0.7893007881095526, 0.11677631578947369] and parameters: {'psi': 0.3136234791112429}.
[I 2025-08-09 20:03:19,711] Trial 332 finished with values: [0.7849317835100598, 0.11283728536385937] and parameters: {'psi': 0.08244422753391911}.
[I 2025-08-09 20:03:25,201] Trial 333 finished with values: [0.7801720575724713, 0.12416107382550336] and parameters: {'psi': 0.8197038009681095}.
[I 2025-08-09 20:03:30,699] Trial 334 finished with values: [0.7878707512722077, 0.11466011466011466] and parameters: {'psi': 0.12812312802766712}.
[I 2025-08-09 20:03:36,200] Trial 335 finished with values: [0.7797014641210392, 0.11372867587327376] and parameters: {'psi': 0.05275688632050102}.
[I 2025-08-09 20:03:41,696] Trial 336 finished with values: [0.7889478837720566, 0.11851851851851852] and parameters: {'psi': 0.3755615430233975}.
[I 2025-08-09 20:03:47,172] Trial 337 finished with values: [0.7813883142534067, 0.12343619683069225] and parameters: {'psi': 0.7899293154851614}.
[I 2025-08-09 20:03:52,666] Trial 338 finished with values: [0.7834138873480455, 0.12282157676348547] and parameters: {'psi': 0.7369952385899503}.
[I 2025-08-09 20:03:58,177] Trial 339 finished with values: [0.7891658205384456, 0.1168724279835391] and parameters: {'psi': 0.3390906340200447}.
[I 2025-08-09 20:04:03,678] Trial 340 finished with values: [0.7889037911054088, 0.11851851851851852] and parameters: {'psi': 0.3819800490529359}.
[I 2025-08-09 20:04:09,157] Trial 341 finished with values: [0.7842774841979544, 0.12251655629139073] and parameters: {'psi': 0.7102056957896786}.
[I 2025-08-09 20:04:14,638] Trial 342 finished with values: [0.7894379562388841, 0.11648892534864644] and parameters: {'psi': 0.23999882952915386}.
[I 2025-08-09 20:04:20,141] Trial 343 finished with values: [0.7887041923242247, 0.11851851851851852] and parameters: {'psi': 0.4073597137772629}.
[I 2025-08-09 20:04:25,655] Trial 344 finished with values: [0.779110410482351, 0.12457912457912458] and parameters: {'psi': 0.8445615018427691}.
[I 2025-08-09 20:04:31,165] Trial 345 finished with values: [0.7878623565500918, 0.11466011466011466] and parameters: {'psi': 0.12780151972096965}.
[I 2025-08-09 20:04:36,654] Trial 346 finished with values: [0.7865469117447379, 0.11292962356792144] and parameters: {'psi': 0.10132617092162177}.
[I 2025-08-09 20:04:42,157] Trial 347 finished with values: [0.7868415420403609, 0.11292962356792144] and parameters: {'psi': 0.10616514574540792}.
[I 2025-08-09 20:04:47,638] Trial 348 finished with values: [0.7847715502704486, 0.11283728536385937] and parameters: {'psi': 0.0810508078657699}.
[I 2025-08-09 20:04:53,126] Trial 349 finished with values: [0.7832527575847129, 0.1230257689110557] and parameters: {'psi': 0.7414313274664955}.
[I 2025-08-09 20:04:58,623] Trial 350 finished with values: [0.7869605351888006, 0.12026359143327842] and parameters: {'psi': 0.5719171230277804}.
[I 2025-08-09 20:05:04,111] Trial 351 finished with values: [0.7863394887565329, 0.12191103789126853] and parameters: {'psi': 0.6127864445925074}.
[I 2025-08-09 20:05:09,612] Trial 352 finished with values: [0.787112210701983, 0.12026359143327842] and parameters: {'psi': 0.5609653638379151}.
[I 2025-08-09 20:05:15,212] Trial 353 finished with values: [0.7849203732081547, 0.12241521918941274] and parameters: {'psi': 0.6862970335580504}.
[I 2025-08-09 20:05:20,706] Trial 354 finished with values: [0.7842759356569816, 0.12251655629139073] and parameters: {'psi': 0.7102830941128092}.
[I 2025-08-09 20:05:26,181] Trial 355 finished with values: [0.7802289460776843, 0.12395309882747069] and parameters: {'psi': 0.8183620309184048}.
[I 2025-08-09 20:05:31,681] Trial 356 finished with values: [0.7894310285555847, 0.11648892534864644] and parameters: {'psi': 0.23750124079059132}.
[I 2025-08-09 20:05:37,166] Trial 357 finished with values: [0.789282124115722, 0.1162981162981163] and parameters: {'psi': 0.20128824031196313}.
[I 2025-08-09 20:05:42,654] Trial 358 finished with values: [0.7889085997326403, 0.1162981162981163] and parameters: {'psi': 0.16924345360705262}.
[I 2025-08-09 20:05:48,147] Trial 359 finished with values: [0.7664415522770317, 0.11525974025974026] and parameters: {'psi': 0.028335287164424017}.
[I 2025-08-09 20:05:53,649] Trial 360 finished with values: [0.7889850487554051, 0.11851851851851852] and parameters: {'psi': 0.37003251668200754}.
[I 2025-08-09 20:05:59,151] Trial 361 finished with values: [0.7885846286606898, 0.11851851851851852] and parameters: {'psi': 0.4224168963556536}.
[I 2025-08-09 20:06:04,645] Trial 362 finished with values: [0.7764755272659759, 0.12583892617449666] and parameters: {'psi': 0.9612663616566984}.
[I 2025-08-09 20:06:10,128] Trial 363 finished with values: [0.7844550773968929, 0.12241521918941274] and parameters: {'psi': 0.7039816900220744}.
[I 2025-08-09 20:06:15,623] Trial 364 finished with values: [0.789014634038202, 0.1162981162981163] and parameters: {'psi': 0.17653658630161018}.
[I 2025-08-09 20:06:21,125] Trial 365 finished with values: [0.7892909263486202, 0.1162981162981163] and parameters: {'psi': 0.20294913332401576}.
[I 2025-08-09 20:06:26,601] Trial 366 finished with values: [0.7803843706900639, 0.12395309882747069] and parameters: {'psi': 0.814566820974178}.
[I 2025-08-09 20:06:32,095] Trial 367 finished with values: [0.7887749361960368, 0.1162981162981163] and parameters: {'psi': 0.1617041670225149}.
[I 2025-08-09 20:06:37,601] Trial 368 finished with values: [0.7855098783058702, 0.12231404958677686] and parameters: {'psi': 0.6594912926525828}.
[I 2025-08-09 20:06:43,111] Trial 369 finished with values: [0.7886276617993035, 0.1162981162981163] and parameters: {'psi': 0.15469390688585094}.
[I 2025-08-09 20:06:48,603] Trial 370 finished with values: [0.7885836506348123, 0.1162981162981163] and parameters: {'psi': 0.15279199043793712}.
[I 2025-08-09 20:06:54,114] Trial 371 finished with values: [0.7870159566551971, 0.12026359143327842] and parameters: {'psi': 0.5681815234048211}.
[I 2025-08-09 20:06:59,632] Trial 372 finished with values: [0.7892923933874367, 0.11677631578947369] and parameters: {'psi': 0.31556163847688146}.
[I 2025-08-09 20:07:05,129] Trial 373 finished with values: [0.7893588991471125, 0.11677631578947369] and parameters: {'psi': 0.29947443071191204}.
[I 2025-08-09 20:07:10,619] Trial 374 finished with values: [0.7853154956626998, 0.12241521918941274] and parameters: {'psi': 0.6689570464113415}.
[I 2025-08-09 20:07:16,113] Trial 375 finished with values: [0.7877945467559127, 0.12026359143327842] and parameters: {'psi': 0.5037296295231939}.
[I 2025-08-09 20:07:21,601] Trial 376 finished with values: [0.7810918094081851, 0.11382113821138211] and parameters: {'psi': 0.05825802541013869}.
[I 2025-08-09 20:07:27,104] Trial 377 finished with values: [0.7887116905226196, 0.1162981162981163] and parameters: {'psi': 0.15873041932667387}.
[I 2025-08-09 20:07:32,605] Trial 378 finished with values: [0.7771322716427754, 0.12510566356720204] and parameters: {'psi': 0.888347949781452}.
[I 2025-08-09 20:07:38,102] Trial 379 finished with values: [0.7879621966917623, 0.11871393239901072] and parameters: {'psi': 0.48619234775400955}.
[I 2025-08-09 20:07:43,606] Trial 380 finished with values: [0.7886318999114397, 0.1162981162981163] and parameters: {'psi': 0.154981178961613}.
[I 2025-08-09 20:07:49,096] Trial 381 finished with values: [0.7826454035147314, 0.12333333333333334] and parameters: {'psi': 0.7579436271452421}.
[I 2025-08-09 20:07:54,588] Trial 382 finished with values: [0.7797755495812663, 0.12594458438287154] and parameters: {'psi': 0.829250223983073}.
[I 2025-08-09 20:08:00,082] Trial 383 finished with values: [0.7792116361606811, 0.12436974789915967] and parameters: {'psi': 0.8421895024870708}.
[I 2025-08-09 20:08:05,587] Trial 384 finished with values: [0.7886723249810466, 0.11851851851851852] and parameters: {'psi': 0.41053346905692856}.
[I 2025-08-09 20:08:11,087] Trial 385 finished with values: [0.7886323889243786, 0.11851851851851852] and parameters: {'psi': 0.4162250275652607}.
[I 2025-08-09 20:08:16,590] Trial 386 finished with values: [0.789201599985134, 0.1162981162981163] and parameters: {'psi': 0.19142227216441887}.
[I 2025-08-09 20:08:22,086] Trial 387 finished with values: [0.7884591968418893, 0.11851851851851852] and parameters: {'psi': 0.43759683042251263}.
[I 2025-08-09 20:08:27,562] Trial 388 finished with values: [0.7755178769275055, 0.12510566356720204] and parameters: {'psi': 0.9195825350048751}.
[I 2025-08-09 20:08:33,061] Trial 389 finished with values: [0.789070463015381, 0.11851851851851852] and parameters: {'psi': 0.3576726868270286}.
[I 2025-08-09 20:08:38,558] Trial 390 finished with values: [0.776476749798323, 0.11525974025974026] and parameters: {'psi': 0.04351504075436341}.
[I 2025-08-09 20:08:44,062] Trial 391 finished with values: [0.7844798540524583, 0.12241521918941274] and parameters: {'psi': 0.7030825306340887}.
[I 2025-08-09 20:08:49,558] Trial 392 finished with values: [0.7871705662460124, 0.11311475409836065] and parameters: {'psi': 0.11208361532717748}.
[I 2025-08-09 20:08:55,062] Trial 393 finished with values: [0.7878213609653898, 0.12026359143327842] and parameters: {'psi': 0.5010714807047121}.
[I 2025-08-09 20:09:00,548] Trial 394 finished with values: [0.7798304005325678, 0.12603648424543948] and parameters: {'psi': 0.9896479205939207}.
[I 2025-08-09 20:09:06,059] Trial 395 finished with values: [0.7870085399589587, 0.12026359143327842] and parameters: {'psi': 0.5686819557231422}.
[I 2025-08-09 20:09:11,548] Trial 396 finished with values: [0.7893560465716363, 0.11677631578947369] and parameters: {'psi': 0.30080210072285796}.
[I 2025-08-09 20:09:17,036] Trial 397 finished with values: [0.7891497646136219, 0.1162981162981163] and parameters: {'psi': 0.18685361479759577}.
[I 2025-08-09 20:09:22,519] Trial 398 finished with values: [0.7859208936809259, 0.1222130470685384] and parameters: {'psi': 0.6376706243753515}.
[I 2025-08-09 20:09:28,009] Trial 399 finished with values: [0.7886733845090808, 0.11851851851851852] and parameters: {'psi': 0.4104314012882062}.
[I 2025-08-09 20:09:33,489] Trial 400 finished with values: [0.7876766946376637, 0.11311475409836065] and parameters: {'psi': 0.1229926775234298}.
[I 2025-08-09 20:09:38,980] Trial 401 finished with values: [0.7859041857388503, 0.1222130470685384] and parameters: {'psi': 0.6385857250565612}.
[I 2025-08-09 20:09:44,479] Trial 402 finished with values: [0.7862751020529252, 0.12191103789126853] and parameters: {'psi': 0.6167502924064662}.
[I 2025-08-09 20:09:49,967] Trial 403 finished with values: [0.7799046489971078, 0.1259320629660315] and parameters: {'psi': 0.9905314244173923}.
[I 2025-08-09 20:09:55,465] Trial 404 finished with values: [0.7861857756894389, 0.12201154163231658] and parameters: {'psi': 0.622119043485414}.
[I 2025-08-09 20:10:01,084] Trial 405 finished with values: [0.7819779008532787, 0.11219512195121951] and parameters: {'psi': 0.0624288810644239}.
[I 2025-08-09 20:10:06,575] Trial 406 finished with values: [0.7880316365290709, 0.11871393239901072] and parameters: {'psi': 0.48016288202694235}.
[I 2025-08-09 20:10:12,052] Trial 407 finished with values: [0.7817558889790666, 0.12343619683069225] and parameters: {'psi': 0.7806070918263048}.
[I 2025-08-09 20:10:17,537] Trial 408 finished with values: [0.7825322785215575, 0.11228641171684296] and parameters: {'psi': 0.06546670213838146}.
[I 2025-08-09 20:10:23,021] Trial 409 finished with values: [0.7889695633456766, 0.1162981162981163] and parameters: {'psi': 0.17336678253340687}.
[I 2025-08-09 20:10:28,506] Trial 410 finished with values: [0.7780538980280878, 0.1248945147679325] and parameters: {'psi': 0.8687406168533847}.
[I 2025-08-09 20:10:33,990] Trial 411 finished with values: [0.785729934128327, 0.12231404958677686] and parameters: {'psi': 0.6486021238882769}.
[I 2025-08-09 20:10:39,496] Trial 412 finished with values: [0.7875298277517125, 0.12036273701566365] and parameters: {'psi': 0.52784349296209}.
[I 2025-08-09 20:10:44,987] Trial 413 finished with values: [0.787451504179349, 0.12036273701566365] and parameters: {'psi': 0.5350539355100556}.
[I 2025-08-09 20:10:50,461] Trial 414 finished with values: [0.7754322996632169, 0.12679628064243448] and parameters: {'psi': 0.921227736563539}.
[I 2025-08-09 20:10:55,958] Trial 415 finished with values: [0.7876818292735208, 0.11311475409836065] and parameters: {'psi': 0.1231593236760764}.
[I 2025-08-09 20:11:01,452] Trial 416 finished with values: [0.775771267131957, 0.12510566356720204] and parameters: {'psi': 0.9146910924167714}.
[I 2025-08-09 20:11:06,950] Trial 417 finished with values: [0.788742905848546, 0.1162981162981163] and parameters: {'psi': 0.1600676161151755}.
[I 2025-08-09 20:11:12,450] Trial 418 finished with values: [0.7894442319049322, 0.11677631578947369] and parameters: {'psi': 0.2672949520751482}.
[I 2025-08-09 20:11:17,938] Trial 419 finished with values: [0.7784730636187904, 0.1248945147679325] and parameters: {'psi': 0.8590715345071449}.
[I 2025-08-09 20:11:23,437] Trial 420 finished with values: [0.7891290630658796, 0.11851851851851852] and parameters: {'psi': 0.3475926998369433}.
[I 2025-08-09 20:11:28,929] Trial 421 finished with values: [0.7884089915135064, 0.1186161449752883] and parameters: {'psi': 0.44249026353825305}.
[I 2025-08-09 20:11:34,400] Trial 422 finished with values: [0.7534655939461503, 0.11507293354943274] and parameters: {'psi': 0.019367484133109736}.
[I 2025-08-09 20:11:39,886] Trial 423 finished with values: [0.7771876116070155, 0.12510566356720204] and parameters: {'psi': 0.8871990202504002}.
[I 2025-08-09 20:11:45,359] Trial 424 finished with values: [0.7795814114445654, 0.12635078969243557] and parameters: {'psi': 0.9869486180278806}.
[I 2025-08-09 20:11:50,846] Trial 425 finished with values: [0.7849804402974698, 0.12251655629139073] and parameters: {'psi': 0.6839446975920427}.
[I 2025-08-09 20:11:56,335] Trial 426 finished with values: [0.7775861571521321, 0.12719665271966527] and parameters: {'psi': 0.9699308269036572}.
[I 2025-08-09 20:12:01,837] Trial 427 finished with values: [0.782572296080382, 0.11228641171684296] and parameters: {'psi': 0.06568533457986303}.
[I 2025-08-09 20:12:07,343] Trial 428 finished with values: [0.7877367617269785, 0.12036273701566365] and parameters: {'psi': 0.509078731705359}.
[I 2025-08-09 20:12:12,832] Trial 429 finished with values: [0.7786129213192852, 0.11382113821138211] and parameters: {'psi': 0.04919679853097181}.
[I 2025-08-09 20:12:18,334] Trial 430 finished with values: [0.7894506705752927, 0.11648892534864644] and parameters: {'psi': 0.24384558127782507}.
[I 2025-08-09 20:12:23,830] Trial 431 finished with values: [0.7891954873233991, 0.11677631578947369] and parameters: {'psi': 0.3337942563158506}.
[I 2025-08-09 20:12:29,326] Trial 432 finished with values: [0.7859477893925596, 0.11292962356792144] and parameters: {'psi': 0.09310136892285648}.
[I 2025-08-09 20:12:34,828] Trial 433 finished with values: [0.7889509808540024, 0.1162981162981163] and parameters: {'psi': 0.17221588117264786}.
[I 2025-08-09 20:12:40,313] Trial 434 finished with values: [0.7889638581947239, 0.1162981162981163] and parameters: {'psi': 0.17294554762861736}.
[I 2025-08-09 20:12:45,808] Trial 435 finished with values: [0.7893708799641129, 0.11677631578947369] and parameters: {'psi': 0.2949077153884605}.
[I 2025-08-09 20:12:51,315] Trial 436 finished with values: [0.7890398997067063, 0.1162981162981163] and parameters: {'psi': 0.17876498827340614}.
[I 2025-08-09 20:12:56,813] Trial 437 finished with values: [0.7894100009992163, 0.11639344262295082] and parameters: {'psi': 0.22800598487191748}.
[I 2025-08-09 20:13:02,315] Trial 438 finished with values: [0.7806209714502836, 0.11372867587327376] and parameters: {'psi': 0.05627884724435073}.
[I 2025-08-09 20:13:07,822] Trial 439 finished with values: [0.787648250385057, 0.12036273701566365] and parameters: {'psi': 0.5174397978532458}.
[I 2025-08-09 20:13:13,324] Trial 440 finished with values: [0.7869932175535432, 0.11302211302211303] and parameters: {'psi': 0.1088090010111431}.
[I 2025-08-09 20:13:18,838] Trial 441 finished with values: [0.7847974679562048, 0.12241521918941274] and parameters: {'psi': 0.6910100973361635}.
[I 2025-08-09 20:13:24,324] Trial 442 finished with values: [0.7798226578277037, 0.12614107883817427] and parameters: {'psi': 0.9895910129765632}.
[I 2025-08-09 20:13:29,830] Trial 443 finished with values: [0.786359782793493, 0.12181069958847737] and parameters: {'psi': 0.6116482286618755}.
[I 2025-08-09 20:13:35,341] Trial 444 finished with values: [0.78943828224751, 0.11677631578947369] and parameters: {'psi': 0.27013122347786933}.
[I 2025-08-09 20:13:40,826] Trial 445 finished with values: [0.7804536475230597, 0.12384937238493723] and parameters: {'psi': 0.8129263654806631}.
[I 2025-08-09 20:13:46,321] Trial 446 finished with values: [0.7893531124940035, 0.11639344262295082] and parameters: {'psi': 0.21220892545222758}.
[I 2025-08-09 20:13:51,824] Trial 447 finished with values: [0.7696915322682524, 0.1151662611516626] and parameters: {'psi': 0.03193358840382454}.
[I 2025-08-09 20:13:57,324] Trial 448 finished with values: [0.7887275834431303, 0.11851851851851852] and parameters: {'psi': 0.4040786831394182}.
