[I 2025-08-09 19:14:23,076] Trial 299 finished with values: [0.5306899997362822, 0.06] and parameters: {'psi': 0.07862353067446337}.
[I 2025-08-09 19:14:28,511] Trial 300 finished with values: [0.5234489402576901, 0.05889351576442594] and parameters: {'psi': 0.6698373333125706}.
[I 2025-08-09 19:14:33,925] Trial 301 finished with values: [0.5263197433272576, 0.058997050147492625] and parameters: {'psi': 0.26445917719604195}.
[I 2025-08-09 19:14:39,371] Trial 302 finished with values: [0.5336637864020074, 0.060570420464569244] and parameters: {'psi': 0.05414358807364805}.
[I 2025-08-09 19:14:44,796] Trial 303 finished with values: [0.5228024678374601, 0.05733054643177068] and parameters: {'psi': 0.709029177787208}.
[I 2025-08-09 19:14:50,335] Trial 304 finished with values: [0.6252912927724681, 0.0702576112412178] and parameters: {'psi': 0.004904264636027222}.
[I 2025-08-09 19:14:55,774] Trial 305 finished with values: [0.5254105849239898, 0.057936742536210464] and parameters: {'psi': 0.4073210919826499}.
[I 2025-08-09 19:15:01,222] Trial 306 finished with values: [0.5215880124658192, 0.0594000594000594] and parameters: {'psi': 0.9393298506978659}.
[I 2025-08-09 19:15:06,669] Trial 307 finished with values: [0.5307289738173511, 0.06] and parameters: {'psi': 0.0781040968534139}.
[I 2025-08-09 19:15:12,114] Trial 308 finished with values: [0.5472908437924074, 0.061122538936232734] and parameters: {'psi': 0.025629751044031535}.
[I 2025-08-09 19:15:17,549] Trial 309 finished with values: [0.5250691895662934, 0.05737947352854185] and parameters: {'psi': 0.4865105442437363}.
[I 2025-08-09 19:15:22,975] Trial 310 finished with values: [0.5272233533370398, 0.05955188679245283] and parameters: {'psi': 0.1967188991899118}.
[I 2025-08-09 19:15:28,395] Trial 311 finished with values: [0.5249320867333667, 0.05734555128584097] and parameters: {'psi': 0.5119960325782493}.
[I 2025-08-09 19:15:33,837] Trial 312 finished with values: [0.5519251394511736, 0.061619718309859156] and parameters: {'psi': 0.021985165644659688}.
[I 2025-08-09 19:15:39,252] Trial 313 finished with values: [0.5248259737079564, 0.05736250739207569] and parameters: {'psi': 0.529468258280206}.
[I 2025-08-09 19:15:44,697] Trial 314 finished with values: [0.5437017775039743, 0.060570420464569244] and parameters: {'psi': 0.029457938039576637}.
[I 2025-08-09 19:15:50,134] Trial 315 finished with values: [0.5221722177018415, 0.0594883997620464] and parameters: {'psi': 0.9181811442618497}.
[I 2025-08-09 19:15:55,560] Trial 316 finished with values: [0.5235083994134875, 0.058876003568242644] and parameters: {'psi': 0.6654805896428497}.
[I 2025-08-09 19:16:00,991] Trial 317 finished with values: [0.5234203017510713, 0.05889351576442594] and parameters: {'psi': 0.6717268040208171}.
[I 2025-08-09 19:16:06,430] Trial 318 finished with values: [0.5222278877108684, 0.05959475566150179] and parameters: {'psi': 0.8990319831655731}.
[I 2025-08-09 19:16:11,868] Trial 319 finished with values: [0.5241605217222058, 0.058056872037914695] and parameters: {'psi': 0.6099875597553097}.
[I 2025-08-09 19:16:17,297] Trial 320 finished with values: [0.5218179155629579, 0.05963029218843172] and parameters: {'psi': 0.8851356811455204}.
[I 2025-08-09 19:16:22,729] Trial 321 finished with values: [0.5340712380906821, 0.06114050558495003] and parameters: {'psi': 0.0521150735159609}.
[I 2025-08-09 19:16:28,156] Trial 322 finished with values: [0.5233769803007164, 0.0589110383814341] and parameters: {'psi': 0.6746143283377372}.
[I 2025-08-09 19:16:33,592] Trial 323 finished with values: [0.5280158939821092, 0.06067746686303387] and parameters: {'psi': 0.15172246322484184}.
[I 2025-08-09 19:16:39,021] Trial 324 finished with values: [0.5208284069491531, 0.05729632945389436] and parameters: {'psi': 0.8590011166306628}.
[I 2025-08-09 19:16:44,428] Trial 325 finished with values: [0.5262667629358044, 0.05958702064896755] and parameters: {'psi': 0.2695971384901631}.
[I 2025-08-09 19:16:49,874] Trial 326 finished with values: [0.5247587332686122, 0.05736250739207569] and parameters: {'psi': 0.5391938110462139}.
[I 2025-08-09 19:16:55,300] Trial 327 finished with values: [0.5268190479934514, 0.05956944854025361] and parameters: {'psi': 0.2238739069956941}.
[I 2025-08-09 19:17:00,744] Trial 328 finished with values: [0.528225261257018, 0.06067746686303387] and parameters: {'psi': 0.14176801866119848}.
[I 2025-08-09 19:17:06,172] Trial 329 finished with values: [0.5267395943221056, 0.05956944854025361] and parameters: {'psi': 0.2292874000129267}.
[I 2025-08-09 19:17:11,604] Trial 330 finished with values: [0.5586576243866509, 0.061014960398943975] and parameters: {'psi': 0.01819354483497837}.
[I 2025-08-09 19:17:17,038] Trial 331 finished with values: [0.52254346950619, 0.05799701046337818] and parameters: {'psi': 0.7223937972654342}.
[I 2025-08-09 19:17:22,478] Trial 332 finished with values: [0.5225894129107834, 0.05799701046337818] and parameters: {'psi': 0.7200392511799305}.
[I 2025-08-09 19:17:27,907] Trial 333 finished with values: [0.5247959142712986, 0.05736250739207569] and parameters: {'psi': 0.5337958881590663}.
[I 2025-08-09 19:17:33,329] Trial 334 finished with values: [0.5206635283171311, 0.05676725425754407] and parameters: {'psi': 0.8159226366386237}.
[I 2025-08-09 19:17:38,766] Trial 335 finished with values: [0.5212191796257037, 0.05726215329555622] and parameters: {'psi': 0.8702439706736997}.
[I 2025-08-09 19:17:44,188] Trial 336 finished with values: [0.5222136953263123, 0.05959475566150179] and parameters: {'psi': 0.8984061028094977}.
[I 2025-08-09 19:17:49,629] Trial 337 finished with values: [0.5208588216183205, 0.05741626794258373] and parameters: {'psi': 0.8019093805673585}.
[I 2025-08-09 19:17:55,045] Trial 338 finished with values: [0.5268173564100718, 0.05956944854025361] and parameters: {'psi': 0.2240159157689493}.
[I 2025-08-09 19:18:00,473] Trial 339 finished with values: [0.5270568677008072, 0.05955188679245283] and parameters: {'psi': 0.20796511648310523}.
[I 2025-08-09 19:18:05,908] Trial 340 finished with values: [0.5221763282494543, 0.05803170804666467] and parameters: {'psi': 0.7385682185380313}.
[I 2025-08-09 19:18:11,347] Trial 341 finished with values: [0.5211355139117424, 0.056835177983846845] and parameters: {'psi': 0.7868724513415275}.
[I 2025-08-09 19:18:16,761] Trial 342 finished with values: [0.5259593007407055, 0.05901445854234287] and parameters: {'psi': 0.30147314766861344}.
[I 2025-08-09 19:18:22,191] Trial 343 finished with values: [0.5241776743776763, 0.05807407407407408] and parameters: {'psi': 0.6082608851311463}.
[I 2025-08-09 19:18:27,612] Trial 344 finished with values: [0.5220259295711628, 0.059453032104637336] and parameters: {'psi': 0.924817272057326}.
[I 2025-08-09 19:18:33,062] Trial 345 finished with values: [0.5860802208720718, 0.06444053895723492] and parameters: {'psi': 0.01010743856903984}.
[I 2025-08-09 19:18:38,484] Trial 346 finished with values: [0.5207536389637691, 0.060498220640569395] and parameters: {'psi': 0.9757665908649346}.
[I 2025-08-09 19:18:43,913] Trial 347 finished with values: [0.5260486840064902, 0.05901445854234287] and parameters: {'psi': 0.29127889275411445}.
[I 2025-08-09 19:18:49,358] Trial 348 finished with values: [0.5253305730301288, 0.0579538734476641] and parameters: {'psi': 0.42674193257958903}.
[I 2025-08-09 19:18:54,782] Trial 349 finished with values: [0.5251565598478563, 0.05737947352854185] and parameters: {'psi': 0.46650542765464675}.
[I 2025-08-09 19:19:00,218] Trial 350 finished with values: [0.5304377339068636, 0.06001765225066196] and parameters: {'psi': 0.08211003474443168}.
[I 2025-08-09 19:19:05,641] Trial 351 finished with values: [0.5239841741548693, 0.058108508745923514] and parameters: {'psi': 0.6262048055210527}.
[I 2025-08-09 19:19:11,075] Trial 352 finished with values: [0.5253868858408398, 0.057936742536210464] and parameters: {'psi': 0.4129396254223715}.
[I 2025-08-09 19:19:16,606] Trial 353 finished with values: [0.52697201787848, 0.05955188679245283] and parameters: {'psi': 0.21380043937383986}.
[I 2025-08-09 19:19:22,054] Trial 354 finished with values: [0.5251733234391494, 0.0579538734476641] and parameters: {'psi': 0.4629006720427372}.
[I 2025-08-09 19:19:27,489] Trial 355 finished with values: [0.5258466582034496, 0.05901445854234287] and parameters: {'psi': 0.3146982092287137}.
[I 2025-08-09 19:19:32,918] Trial 356 finished with values: [0.520576597847247, 0.05736480430236032] and parameters: {'psi': 0.8245786903957559}.
[I 2025-08-09 19:19:38,341] Trial 357 finished with values: [0.5206625471987709, 0.057313432835820896] and parameters: {'psi': 0.8515227323850181}.
[I 2025-08-09 19:19:43,764] Trial 358 finished with values: [0.525700674557779, 0.05786832004723944] and parameters: {'psi': 0.33952768024258095}.
[I 2025-08-09 19:19:49,193] Trial 359 finished with values: [0.5254323556020868, 0.057919621749408984] and parameters: {'psi': 0.4012469489416478}.
[I 2025-08-09 19:19:54,616] Trial 360 finished with values: [0.5271189488108431, 0.05955188679245283] and parameters: {'psi': 0.20362725572737816}.
[I 2025-08-09 19:20:00,054] Trial 361 finished with values: [0.5254890913086429, 0.05790251107828656] and parameters: {'psi': 0.3879830741214011}.
[I 2025-08-09 19:20:05,483] Trial 362 finished with values: [0.5262275689488962, 0.058997050147492625] and parameters: {'psi': 0.27349915674828185}.
[I 2025-08-09 19:20:10,926] Trial 363 finished with values: [0.5232449183862613, 0.058402860548271755] and parameters: {'psi': 0.6831875644862}.
[I 2025-08-09 19:20:16,359] Trial 364 finished with values: [0.5208840092948447, 0.057279236276849645] and parameters: {'psi': 0.8609280858274911}.
[I 2025-08-09 19:20:21,788] Trial 365 finished with values: [0.523624086800827, 0.058841010401188706] and parameters: {'psi': 0.6568571426856699}.
[I 2025-08-09 19:20:27,216] Trial 366 finished with values: [0.5234907223671693, 0.058876003568242644] and parameters: {'psi': 0.6668677633606639}.
[I 2025-08-09 19:20:32,639] Trial 367 finished with values: [0.5238047986532831, 0.05819477434679335] and parameters: {'psi': 0.6421985636060964}.
[I 2025-08-09 19:20:38,077] Trial 368 finished with values: [0.5280573885224139, 0.06067746686303387] and parameters: {'psi': 0.14977138513373833}.
[I 2025-08-09 19:20:43,508] Trial 369 finished with values: [0.5229671434794764, 0.05729632945389436] and parameters: {'psi': 0.7002902810775542}.
[I 2025-08-09 19:20:48,930] Trial 370 finished with values: [0.5265082702949281, 0.05956944854025361] and parameters: {'psi': 0.24796499789906468}.
[I 2025-08-09 19:20:54,362] Trial 371 finished with values: [0.5205405332895913, 0.05733054643177068] and parameters: {'psi': 0.8362031715725073}.
[I 2025-08-09 19:20:59,809] Trial 372 finished with values: [0.5252292979331845, 0.057936742536210464] and parameters: {'psi': 0.45018070683448197}.
[I 2025-08-09 19:21:05,233] Trial 373 finished with values: [0.5261919949504206, 0.058997050147492625] and parameters: {'psi': 0.27686076154225947}.
[I 2025-08-09 19:21:10,656] Trial 374 finished with values: [0.5226397375163303, 0.05738194859533772] and parameters: {'psi': 0.7176606613390104}.
[I 2025-08-09 19:21:16,084] Trial 375 finished with values: [0.5230367183038845, 0.057279236276849645] and parameters: {'psi': 0.6962543213973501}.
[I 2025-08-09 19:21:21,511] Trial 376 finished with values: [0.5263869499349341, 0.05958702064896755] and parameters: {'psi': 0.25839581275783463}.
[I 2025-08-09 19:21:26,942] Trial 377 finished with values: [0.5249446213662103, 0.05734555128584097] and parameters: {'psi': 0.5096738798606092}.
[I 2025-08-09 19:21:32,368] Trial 378 finished with values: [0.5260527268907678, 0.05901445854234287] and parameters: {'psi': 0.2908375686281791}.
[I 2025-08-09 19:21:37,789] Trial 379 finished with values: [0.5213214358410081, 0.05726215329555622] and parameters: {'psi': 0.8727794448264254}.
[I 2025-08-09 19:21:43,213] Trial 380 finished with values: [0.5256016661825637, 0.05845881310894597] and parameters: {'psi': 0.3618594206298792}.
[I 2025-08-09 19:21:48,644] Trial 381 finished with values: [0.521147321163733, 0.056835177983846845] and parameters: {'psi': 0.7863101725061165}.
[I 2025-08-09 19:21:54,070] Trial 382 finished with values: [0.5254684539914103, 0.057919621749408984] and parameters: {'psi': 0.3923635353895726}.
[I 2025-08-09 19:21:59,504] Trial 383 finished with values: [0.5253989637461711, 0.057936742536210464] and parameters: {'psi': 0.41037385475358157}.
[I 2025-08-09 19:22:04,934] Trial 384 finished with values: [0.5233433177914599, 0.058368076235854674] and parameters: {'psi': 0.676951601139277}.
[I 2025-08-09 19:22:10,374] Trial 385 finished with values: [0.5225005709516801, 0.05801435406698564] and parameters: {'psi': 0.7244650976497384}.
[I 2025-08-09 19:22:15,793] Trial 386 finished with values: [0.5247849697268318, 0.05736250739207569] and parameters: {'psi': 0.535453745119933}.
[I 2025-08-09 19:22:21,208] Trial 387 finished with values: [0.526324378265718, 0.058997050147492625] and parameters: {'psi': 0.2641456180165591}.
[I 2025-08-09 19:22:26,658] Trial 388 finished with values: [0.5344377534615674, 0.06114050558495003] and parameters: {'psi': 0.05045539905484253}.
[I 2025-08-09 19:22:32,088] Trial 389 finished with values: [0.5244871664728309, 0.058545239503252515] and parameters: {'psi': 0.575060104516162}.
[I 2025-08-09 19:22:37,527] Trial 390 finished with values: [0.5268610161771023, 0.05956944854025361] and parameters: {'psi': 0.22104572660949806}.
[I 2025-08-09 19:22:42,972] Trial 391 finished with values: [0.5443846697143698, 0.06055261610817166] and parameters: {'psi': 0.028634772417227117}.
[I 2025-08-09 19:22:48,407] Trial 392 finished with values: [0.5281770511306958, 0.06067746686303387] and parameters: {'psi': 0.14396351855819667}.
[I 2025-08-09 19:22:53,829] Trial 393 finished with values: [0.5278019763479089, 0.06067746686303387] and parameters: {'psi': 0.16262363539296376}.
[I 2025-08-09 19:22:59,263] Trial 394 finished with values: [0.5268847998394214, 0.05956944854025361] and parameters: {'psi': 0.21943724931535602}.
[I 2025-08-09 19:23:04,695] Trial 395 finished with values: [0.5214841830779716, 0.06166617254669434] and parameters: {'psi': 0.9964572149625411}.
[I 2025-08-09 19:23:10,138] Trial 396 finished with values: [0.5369303692349295, 0.060570420464569244] and parameters: {'psi': 0.04181966801854475}.
[I 2025-08-09 19:23:15,570] Trial 397 finished with values: [0.5246803791264634, 0.05736250739207569] and parameters: {'psi': 0.5503767906651035}.
[I 2025-08-09 19:23:21,004] Trial 398 finished with values: [0.5208900989950117, 0.059329575793533075] and parameters: {'psi': 0.9657332857995067}.
[I 2025-08-09 19:23:26,438] Trial 399 finished with values: [0.5222576426625177, 0.05952380952380952] and parameters: {'psi': 0.9119368218397408}.
[I 2025-08-09 19:23:31,881] Trial 400 finished with values: [0.5275982420456548, 0.05953433539640436] and parameters: {'psi': 0.17374503138691366}.
[I 2025-08-09 19:23:37,313] Trial 401 finished with values: [0.5270016375034591, 0.05955188679245283] and parameters: {'psi': 0.2120343541976092}.
[I 2025-08-09 19:23:42,746] Trial 402 finished with values: [0.5251905775896226, 0.0579538734476641] and parameters: {'psi': 0.459364495053298}.
[I 2025-08-09 19:23:48,279] Trial 403 finished with values: [0.5211184965829424, 0.05726215329555622] and parameters: {'psi': 0.8675835284471356}.
[I 2025-08-09 19:23:53,714] Trial 404 finished with values: [0.5448664495767497, 0.061122538936232734] and parameters: {'psi': 0.02808486419388867}.
[I 2025-08-09 19:23:59,139] Trial 405 finished with values: [0.5231260846538355, 0.05726215329555622] and parameters: {'psi': 0.6906688671859557}.
[I 2025-08-09 19:24:04,567] Trial 406 finished with values: [0.5476245931932274, 0.061122538936232734] and parameters: {'psi': 0.02532797139867493}.
[I 2025-08-09 19:24:10,000] Trial 407 finished with values: [0.5249947091500841, 0.0579538734476641] and parameters: {'psi': 0.5005948022938047}.
[I 2025-08-09 19:24:15,438] Trial 408 finished with values: [0.5252085591209491, 0.057936742536210464] and parameters: {'psi': 0.4548574887036726}.
[I 2025-08-09 19:24:20,865] Trial 409 finished with values: [0.5207900249222671, 0.05733054643177068] and parameters: {'psi': 0.8574472810117818}.
[I 2025-08-09 19:24:26,294] Trial 410 finished with values: [0.5208820301422904, 0.057279236276849645] and parameters: {'psi': 0.8608651615787952}.
[I 2025-08-09 19:24:31,734] Trial 411 finished with values: [0.5205609507009846, 0.05733054643177068] and parameters: {'psi': 0.8411059576666006}.
[I 2025-08-09 19:24:37,164] Trial 412 finished with values: [0.5251157588567372, 0.05737947352854185] and parameters: {'psi': 0.4761958850696434}.
[I 2025-08-09 19:24:42,610] Trial 413 finished with values: [0.5242117936144453, 0.058056872037914695] and parameters: {'psi': 0.6046213306425721}.
[I 2025-08-09 19:24:48,046] Trial 414 finished with values: [0.5218023191641967, 0.05748502994011976] and parameters: {'psi': 0.7552064765585551}.
[I 2025-08-09 19:24:53,478] Trial 415 finished with values: [0.5224591440747107, 0.05861244019138756] and parameters: {'psi': 0.7264054667754914}.
[I 2025-08-09 19:24:58,904] Trial 416 finished with values: [0.5240422969597966, 0.058056872037914695] and parameters: {'psi': 0.6204612615398934}.
[I 2025-08-09 19:25:04,345] Trial 417 finished with values: [0.5215675612227584, 0.05901639344262295] and parameters: {'psi': 0.8787479297709646}.
[I 2025-08-09 19:25:09,782] Trial 418 finished with values: [0.5211890694415445, 0.05934718100890208] and parameters: {'psi': 0.9525133591118504}.
[I 2025-08-09 19:25:15,213] Trial 419 finished with values: [0.5239956769218514, 0.058091286307053944] and parameters: {'psi': 0.6251310130679342}.
[I 2025-08-09 19:25:20,646] Trial 420 finished with values: [0.5242715234235834, 0.05803968018951732] and parameters: {'psi': 0.5986838101782267}.
[I 2025-08-09 19:25:26,085] Trial 421 finished with values: [0.5269618852940355, 0.05955188679245283] and parameters: {'psi': 0.2144683313286051}.
[I 2025-08-09 19:25:31,539] Trial 422 finished with values: [0.5206982057764156, 0.05678421996413628] and parameters: {'psi': 0.8127328062098121}.
[I 2025-08-09 19:25:36,968] Trial 423 finished with values: [0.5264821691633789, 0.05956944854025361] and parameters: {'psi': 0.25027535338353313}.
[I 2025-08-09 19:25:42,421] Trial 424 finished with values: [0.5252264053256053, 0.057936742536210464] and parameters: {'psi': 0.45105962145494627}.
[I 2025-08-09 19:25:47,872] Trial 425 finished with values: [0.5254385637130905, 0.057919621749408984] and parameters: {'psi': 0.3993520927816434}.
[I 2025-08-09 19:25:53,308] Trial 426 finished with values: [0.5247358123138169, 0.05737947352854185] and parameters: {'psi': 0.5425757331887645}.
[I 2025-08-09 19:25:58,744] Trial 427 finished with values: [0.5207526916770765, 0.060498220640569395] and parameters: {'psi': 0.9763925607962611}.
[I 2025-08-09 19:26:04,183] Trial 428 finished with values: [0.5302117891148335, 0.06001765225066196] and parameters: {'psi': 0.0855874298636774}.
[I 2025-08-09 19:26:09,619] Trial 429 finished with values: [0.5322053370436749, 0.06060606060606061] and parameters: {'psi': 0.06341894792645597}.
[I 2025-08-09 19:26:15,059] Trial 430 finished with values: [0.5270983622411118, 0.05955188679245283] and parameters: {'psi': 0.205078928429696}.
[I 2025-08-09 19:26:20,501] Trial 431 finished with values: [0.5241058835790406, 0.05803968018951732] and parameters: {'psi': 0.6150718852204216}.
[I 2025-08-09 19:26:25,931] Trial 432 finished with values: [0.5266976768859559, 0.05956944854025361] and parameters: {'psi': 0.23238434995010648}.
[I 2025-08-09 19:26:31,353] Trial 433 finished with values: [0.524459881232916, 0.057971014492753624] and parameters: {'psi': 0.5778185713121111}.
[I 2025-08-09 19:26:36,783] Trial 434 finished with values: [0.5271309928845067, 0.05955188679245283] and parameters: {'psi': 0.2029058811202723}.
[I 2025-08-09 19:26:42,226] Trial 435 finished with values: [0.5247369625905152, 0.05737947352854185] and parameters: {'psi': 0.5424023244444192}.
[I 2025-08-09 19:26:47,668] Trial 436 finished with values: [0.5669503243365851, 0.0633245382585752] and parameters: {'psi': 0.014908408310976062}.
[I 2025-08-09 19:26:53,101] Trial 437 finished with values: [0.532408580786749, 0.060588235294117644] and parameters: {'psi': 0.0618697052975995}.
[I 2025-08-09 19:26:58,528] Trial 438 finished with values: [0.5242438660353249, 0.05803968018951732] and parameters: {'psi': 0.6014927399619819}.
[I 2025-08-09 19:27:03,959] Trial 439 finished with values: [0.5243350931269936, 0.05800532701982835] and parameters: {'psi': 0.5918802578126833}.
[I 2025-08-09 19:27:09,401] Trial 440 finished with values: [0.5208047755293383, 0.05741626794258373] and parameters: {'psi': 0.8051688717617}.
[I 2025-08-09 19:27:14,835] Trial 441 finished with values: [0.5279161920577081, 0.06065959952885748] and parameters: {'psi': 0.1566614586063122}.
[I 2025-08-09 19:27:20,268] Trial 442 finished with values: [0.5262952322840853, 0.05958702064896755] and parameters: {'psi': 0.2668843045045106}.
[I 2025-08-09 19:27:25,709] Trial 443 finished with values: [0.5222847925757623, 0.05957700327673518] and parameters: {'psi': 0.9047215028386234}.
[I 2025-08-09 19:27:31,143] Trial 444 finished with values: [0.52555826015304, 0.05790251107828656] and parameters: {'psi': 0.37102524896461453}.
[I 2025-08-09 19:27:36,565] Trial 445 finished with values: [0.5241583395796459, 0.058056872037914695] and parameters: {'psi': 0.6102192520587086}.
[I 2025-08-09 19:27:41,994] Trial 446 finished with values: [0.5255669210599442, 0.057885410513880686] and parameters: {'psi': 0.36923359016891655}.
[I 2025-08-09 19:27:47,422] Trial 447 finished with values: [0.524699764671995, 0.05737947352854185] and parameters: {'psi': 0.5475832457727514}.
