[I 2025-08-09 20:29:08,875] Trial 300 finished with values: [0.8995445056649275, 0.25742574257425743] and parameters: {'psi': 0.31945297127025785}.
[I 2025-08-09 20:29:16,654] Trial 301 finished with values: [0.8971303043715143, 0.2587601078167116] and parameters: {'psi': 0.09693759076159059}.
[I 2025-08-09 20:29:24,420] Trial 302 finished with values: [0.8992526919006578, 0.26268115942028986] and parameters: {'psi': 0.593667062774251}.
[I 2025-08-09 20:29:32,184] Trial 303 finished with values: [0.895680761317948, 0.26605504587155965] and parameters: {'psi': 0.8923427055139096}.
[I 2025-08-09 20:29:40,010] Trial 304 finished with values: [0.8968788008684713, 0.27339449541284405] and parameters: {'psi': 0.9597775431154819}.
[I 2025-08-09 20:29:47,747] Trial 305 finished with values: [0.8996359298020615, 0.2581227436823105] and parameters: {'psi': 0.45400632256644036}.
[I 2025-08-09 20:29:55,460] Trial 306 finished with values: [0.8994828205101397, 0.25742574257425743] and parameters: {'psi': 0.2941142486626649}.
[I 2025-08-09 20:30:03,211] Trial 307 finished with values: [0.8991347814823721, 0.25650224215246636] and parameters: {'psi': 0.21168362080465808}.
[I 2025-08-09 20:30:10,955] Trial 308 finished with values: [0.8996435968834476, 0.25765765765765763] and parameters: {'psi': 0.4253369474026383}.
[I 2025-08-09 20:30:18,716] Trial 309 finished with values: [0.896695720258404, 0.27389705882352944] and parameters: {'psi': 0.9534752446506124}.
[I 2025-08-09 20:30:26,485] Trial 310 finished with values: [0.8994310096268338, 0.2603978300180832] and parameters: {'psi': 0.5522661411674724}.
[I 2025-08-09 20:30:34,214] Trial 311 finished with values: [0.8994076598789763, 0.25719424460431656] and parameters: {'psi': 0.2713330545916953}.
[I 2025-08-09 20:30:41,887] Trial 312 finished with values: [0.8958354969604668, 0.26373626373626374] and parameters: {'psi': 0.8764643554177142}.
[I 2025-08-09 20:30:49,618] Trial 313 finished with values: [0.8996363944736607, 0.25765765765765763] and parameters: {'psi': 0.40811745935821264}.
[I 2025-08-09 20:30:57,337] Trial 314 finished with values: [0.8748463969945042, 0.26811594202898553] and parameters: {'psi': 0.015078500098521963}.
[I 2025-08-09 20:31:05,086] Trial 315 finished with values: [0.8968691589327886, 0.2605570530098832] and parameters: {'psi': 0.09119056572062723}.
[I 2025-08-09 20:31:12,768] Trial 316 finished with values: [0.8996425513723496, 0.25765765765765763] and parameters: {'psi': 0.4241613776163683}.
[I 2025-08-09 20:31:20,533] Trial 317 finished with values: [0.8956644978119775, 0.26972477064220185] and parameters: {'psi': 0.9071615606955759}.
[I 2025-08-09 20:31:28,261] Trial 318 finished with values: [0.8955599467021675, 0.26141450313339304] and parameters: {'psi': 0.07039652146788833}.
[I 2025-08-09 20:31:35,996] Trial 319 finished with values: [0.8956646139798774, 0.26605504587155965] and parameters: {'psi': 0.8965951497785897}.
[I 2025-08-09 20:31:43,722] Trial 320 finished with values: [0.8993976694395945, 0.26063348416289595] and parameters: {'psi': 0.5613151639191619}.
[I 2025-08-09 20:31:51,464] Trial 321 finished with values: [0.8994200898442537, 0.2603978300180832] and parameters: {'psi': 0.5556313292307121}.
[I 2025-08-09 20:31:59,249] Trial 322 finished with values: [0.8970021711780469, 0.2587601078167116] and parameters: {'psi': 0.09391948056734889}.
[I 2025-08-09 20:32:06,980] Trial 323 finished with values: [0.899626868705878, 0.25742574257425743] and parameters: {'psi': 0.38807832839696066}.
[I 2025-08-09 20:32:14,672] Trial 324 finished with values: [0.8922950478785999, 0.26344086021505375] and parameters: {'psi': 0.04548639056653858}.
[I 2025-08-09 20:32:22,402] Trial 325 finished with values: [0.8959098444163318, 0.263254113345521] and parameters: {'psi': 0.8701808762518356}.
[I 2025-08-09 20:32:30,086] Trial 326 finished with values: [0.8980215444986949, 0.2641165755919854] and parameters: {'psi': 0.7486171178168629}.
[I 2025-08-09 20:32:37,802] Trial 327 finished with values: [0.895849785612141, 0.2664233576642336] and parameters: {'psi': 0.9875671432882971}.
[I 2025-08-09 20:32:45,482] Trial 328 finished with values: [0.8995196457343728, 0.25742574257425743] and parameters: {'psi': 0.3096682395595476}.
[I 2025-08-09 20:32:53,266] Trial 329 finished with values: [0.8904233506772009, 0.2621184919210054] and parameters: {'psi': 0.03787963480279599}.
[I 2025-08-09 20:33:01,033] Trial 330 finished with values: [0.8994113772517696, 0.2603978300180832] and parameters: {'psi': 0.5579820592971276}.
[I 2025-08-09 20:33:08,800] Trial 331 finished with values: [0.8957726501266811, 0.27339449541284405] and parameters: {'psi': 0.917577160705917}.
[I 2025-08-09 20:33:16,524] Trial 332 finished with values: [0.8994634204708748, 0.2603978300180832] and parameters: {'psi': 0.5417616986990315}.
[I 2025-08-09 20:33:24,250] Trial 333 finished with values: [0.8969195758012971, 0.27339449541284405] and parameters: {'psi': 0.9640554261082007}.
[I 2025-08-09 20:33:32,017] Trial 334 finished with values: [0.8992555960981526, 0.25696316262353996] and parameters: {'psi': 0.23369970477859503}.
[I 2025-08-09 20:33:39,787] Trial 335 finished with values: [0.8989913141261329, 0.25673249551166966] and parameters: {'psi': 0.1929610167310295}.
[I 2025-08-09 20:33:47,523] Trial 336 finished with values: [0.8981832502152012, 0.2585278276481149] and parameters: {'psi': 0.1328559057040125}.
[I 2025-08-09 20:33:55,268] Trial 337 finished with values: [0.8996410411896523, 0.25788999098286747] and parameters: {'psi': 0.449581293371213}.
[I 2025-08-09 20:34:03,017] Trial 338 finished with values: [0.8932170724992246, 0.2629695885509839] and parameters: {'psi': 0.050706918539550117}.
[I 2025-08-09 20:34:10,746] Trial 339 finished with values: [0.8996317477576691, 0.2581227436823105] and parameters: {'psi': 0.4646531298706028}.
[I 2025-08-09 20:34:18,444] Trial 340 finished with values: [0.8985373299737577, 0.25673249551166966] and parameters: {'psi': 0.15259823574096454}.
[I 2025-08-09 20:34:26,200] Trial 341 finished with values: [0.8977396050059071, 0.2585278276481149] and parameters: {'psi': 0.11477659915281457}.
[I 2025-08-09 20:34:33,861] Trial 342 finished with values: [0.8996239645083831, 0.25742574257425743] and parameters: {'psi': 0.385294822870227}.
[I 2025-08-09 20:34:41,578] Trial 343 finished with values: [0.8990813442484692, 0.2629193109700816] and parameters: {'psi': 0.6256301869801805}.
[I 2025-08-09 20:34:49,341] Trial 344 finished with values: [0.8971038180903623, 0.2587601078167116] and parameters: {'psi': 0.09624947286126961}.
[I 2025-08-09 20:34:57,122] Trial 345 finished with values: [0.8975794094720981, 0.25829596412556055] and parameters: {'psi': 0.10936048638758655}.
[I 2025-08-09 20:35:04,890] Trial 346 finished with values: [0.8959268049297009, 0.27339449541284405] and parameters: {'psi': 0.9271720442152084}.
[I 2025-08-09 20:35:12,649] Trial 347 finished with values: [0.8995680877485848, 0.25742574257425743] and parameters: {'psi': 0.33165260027372856}.
[I 2025-08-09 20:35:20,381] Trial 348 finished with values: [0.8996452232340446, 0.25765765765765763] and parameters: {'psi': 0.4291644046048002}.
[I 2025-08-09 20:35:28,156] Trial 349 finished with values: [0.8995781943558664, 0.2585895117540687] and parameters: {'psi': 0.5038276753052933}.
[I 2025-08-09 20:35:35,899] Trial 350 finished with values: [0.8996302375749718, 0.2581227436823105] and parameters: {'psi': 0.46667100384637517}.
[I 2025-08-09 20:35:43,590] Trial 351 finished with values: [0.8961894605511237, 0.263254113345521] and parameters: {'psi': 0.8521465770734662}.
[I 2025-08-09 20:35:51,320] Trial 352 finished with values: [0.899586209940952, 0.25742574257425743] and parameters: {'psi': 0.34246306752435574}.
[I 2025-08-09 20:35:59,196] Trial 353 finished with values: [0.8995691332596828, 0.25742574257425743] and parameters: {'psi': 0.3319823913862632}.
[I 2025-08-09 20:36:06,948] Trial 354 finished with values: [0.8963713794821933, 0.27264409881061297] and parameters: {'psi': 0.979790499625565}.
[I 2025-08-09 20:36:14,676] Trial 355 finished with values: [0.896526695964211, 0.2736455463728191] and parameters: {'psi': 0.9486199907611681}.
[I 2025-08-09 20:36:22,422] Trial 356 finished with values: [0.8978633238191823, 0.2641165755919854] and parameters: {'psi': 0.7600799188828594}.
[I 2025-08-09 20:36:30,154] Trial 357 finished with values: [0.8985678821314023, 0.25673249551166966] and parameters: {'psi': 0.1546759450494175}.
[I 2025-08-09 20:36:37,928] Trial 358 finished with values: [0.8994256659034434, 0.2603978300180832] and parameters: {'psi': 0.5536752484522841}.
[I 2025-08-09 20:36:45,683] Trial 359 finished with values: [0.895881150945084, 0.2664233576642336] and parameters: {'psi': 0.9870751104404101}.
[I 2025-08-09 20:36:53,439] Trial 360 finished with values: [0.8996344196193643, 0.25765765765765763] and parameters: {'psi': 0.40635817881052627}.
[I 2025-08-09 20:37:01,157] Trial 361 finished with values: [0.8725192054580325, 0.26860254083484575] and parameters: {'psi': 0.013654646239541712}.
[I 2025-08-09 20:37:08,937] Trial 362 finished with values: [0.8985732258547924, 0.25673249551166966] and parameters: {'psi': 0.15492628148895604}.
[I 2025-08-09 20:37:16,703] Trial 363 finished with values: [0.8956779732883531, 0.26605504587155965] and parameters: {'psi': 0.8929792189189}.
[I 2025-08-09 20:37:24,423] Trial 364 finished with values: [0.8993867496570143, 0.25719424460431656] and parameters: {'psi': 0.26534755169716107}.
[I 2025-08-09 20:37:32,169] Trial 365 finished with values: [0.8992849865767991, 0.25696316262353996] and parameters: {'psi': 0.23933657987444612}.
[I 2025-08-09 20:37:39,921] Trial 366 finished with values: [0.8966025536027732, 0.2736455463728191] and parameters: {'psi': 0.950778384636778}.
[I 2025-08-09 20:37:47,669] Trial 367 finished with values: [0.8254051065085388, 0.3188405797101449] and parameters: {'psi': 0.0026058093546926786}.
[I 2025-08-09 20:37:55,342] Trial 368 finished with values: [0.8987014752161594, 0.26497277676951] and parameters: {'psi': 0.6834220933828105}.
[I 2025-08-09 20:38:03,089] Trial 369 finished with values: [0.8968167672099838, 0.27314390467461047] and parameters: {'psi': 0.9706558683993891}.
[I 2025-08-09 20:38:10,848] Trial 370 finished with values: [0.8992765063201145, 0.26268115942028986] and parameters: {'psi': 0.5881276692946813}.
[I 2025-08-09 20:38:18,603] Trial 371 finished with values: [0.8996201309676903, 0.25742574257425743] and parameters: {'psi': 0.3787948459924487}.
[I 2025-08-09 20:38:26,373] Trial 372 finished with values: [0.8992899817964901, 0.26268115942028986] and parameters: {'psi': 0.5854544309764531}.
[I 2025-08-09 20:38:34,122] Trial 373 finished with values: [0.8993550358203719, 0.26244343891402716] and parameters: {'psi': 0.5701337428460366}.
[I 2025-08-09 20:38:41,839] Trial 374 finished with values: [0.8958698826588044, 0.26349496797804206] and parameters: {'psi': 0.8731427642825319}.
[I 2025-08-09 20:38:49,591] Trial 375 finished with values: [0.8483113253247183, 0.29842446709916587] and parameters: {'psi': 0.006041386778045665}.
[I 2025-08-09 20:38:57,349] Trial 376 finished with values: [0.896427604745691, 0.27264409881061297] and parameters: {'psi': 0.9788537643597123}.
[I 2025-08-09 20:39:05,103] Trial 377 finished with values: [0.8996272172095774, 0.25765765765765763] and parameters: {'psi': 0.3967931945684129}.
[I 2025-08-09 20:39:12,835] Trial 378 finished with values: [0.8966757393796402, 0.27289377289377287] and parameters: {'psi': 0.9743529219331504}.
[I 2025-08-09 20:39:20,557] Trial 379 finished with values: [0.8975233003765001, 0.2625341841385597] and parameters: {'psi': 0.7804131321551747}.
[I 2025-08-09 20:39:28,327] Trial 380 finished with values: [0.8995901596495447, 0.2585895117540687] and parameters: {'psi': 0.49687278842292815}.
[I 2025-08-09 20:39:36,100] Trial 381 finished with values: [0.8996466172488419, 0.25765765765765763] and parameters: {'psi': 0.4337623169172874}.
[I 2025-08-09 20:39:43,824] Trial 382 finished with values: [0.8980196858122982, 0.2641165755919854] and parameters: {'psi': 0.7487314809234651}.
[I 2025-08-09 20:39:51,567] Trial 383 finished with values: [0.8982915186978042, 0.2636363636363636] and parameters: {'psi': 0.7261177673845672}.
[I 2025-08-09 20:39:59,306] Trial 384 finished with values: [0.8983018576408854, 0.2585278276481149] and parameters: {'psi': 0.13891720887556258}.
[I 2025-08-09 20:40:07,056] Trial 385 finished with values: [0.8978438076120178, 0.2643573381950775] and parameters: {'psi': 0.761647402897587}.
[I 2025-08-09 20:40:14,777] Trial 386 finished with values: [0.8961211538260478, 0.27031963470319637] and parameters: {'psi': 0.9834942997127003}.
[I 2025-08-09 20:40:22,510] Trial 387 finished with values: [0.8995197619022726, 0.25742574257425743] and parameters: {'psi': 0.3096538325718514}.
[I 2025-08-09 20:40:30,288] Trial 388 finished with values: [0.8996442938908463, 0.25765765765765763] and parameters: {'psi': 0.4440980098508658}.
[I 2025-08-09 20:40:38,048] Trial 389 finished with values: [0.8917603270358715, 0.2639138240574506] and parameters: {'psi': 0.04299025750990526}.
[I 2025-08-09 20:40:45,766] Trial 390 finished with values: [0.8993051997913626, 0.26268115942028986] and parameters: {'psi': 0.5823667183425216}.
[I 2025-08-09 20:40:53,507] Trial 391 finished with values: [0.8956243037186506, 0.26141450313339304] and parameters: {'psi': 0.07110172838905071}.
[I 2025-08-09 20:41:01,247] Trial 392 finished with values: [0.8994896744162273, 0.2603978300180832] and parameters: {'psi': 0.5333092509648067}.
[I 2025-08-09 20:41:08,970] Trial 393 finished with values: [0.8968942511991431, 0.27314390467461047] and parameters: {'psi': 0.9675415087523934}.
[I 2025-08-09 20:41:16,709] Trial 394 finished with values: [0.8952165543903916, 0.26118067978533094] and parameters: {'psi': 0.06646032899139187}.
[I 2025-08-09 20:41:24,438] Trial 395 finished with values: [0.8970287736270988, 0.2604735883424408] and parameters: {'psi': 0.8062404623242472}.
[I 2025-08-09 20:41:32,173] Trial 396 finished with values: [0.8985811252719781, 0.25673249551166966] and parameters: {'psi': 0.15550719182433026}.
[I 2025-08-09 20:41:39,900] Trial 397 finished with values: [0.899638950167456, 0.25765765765765763] and parameters: {'psi': 0.41272896418645877}.
[I 2025-08-09 20:41:47,567] Trial 398 finished with values: [0.8530108977106793, 0.2917820867959372] and parameters: {'psi': 0.0069619698148050135}.
[I 2025-08-09 20:41:55,323] Trial 399 finished with values: [0.8987064704358503, 0.26497277676951] and parameters: {'psi': 0.6829187377733347}.
[I 2025-08-09 20:42:03,047] Trial 400 finished with values: [0.8969537291638352, 0.26071103008204194] and parameters: {'psi': 0.810212410556341}.
[I 2025-08-09 20:42:10,811] Trial 401 finished with values: [0.8995068672653962, 0.25742574257425743] and parameters: {'psi': 0.30402755748297805}.
[I 2025-08-09 20:42:18,568] Trial 402 finished with values: [0.8969084236829175, 0.27314390467461047] and parameters: {'psi': 0.9667907581701559}.
[I 2025-08-09 20:42:26,416] Trial 403 finished with values: [0.8992460703303699, 0.26268115942028986] and parameters: {'psi': 0.595810739216067}.
[I 2025-08-09 20:42:34,152] Trial 404 finished with values: [0.8981407327638784, 0.26387625113739765] and parameters: {'psi': 0.7394776765965573}.
[I 2025-08-09 20:42:41,905] Trial 405 finished with values: [0.8996261716984792, 0.25765765765765763] and parameters: {'psi': 0.3923313149391946}.
[I 2025-08-09 20:42:49,667] Trial 406 finished with values: [0.8995820278965595, 0.25742574257425743] and parameters: {'psi': 0.33863989844141607}.
[I 2025-08-09 20:42:57,424] Trial 407 finished with values: [0.8967486928207077, 0.27230910763569455] and parameters: {'psi': 0.9552410327996419}.
[I 2025-08-09 20:43:05,183] Trial 408 finished with values: [0.8989412457613237, 0.26473254759746145] and parameters: {'psi': 0.6473626536808176}.
[I 2025-08-09 20:43:12,919] Trial 409 finished with values: [0.8959027581744446, 0.26349496797804206] and parameters: {'psi': 0.8709130623931693}.
[I 2025-08-09 20:43:20,654] Trial 410 finished with values: [0.8987554932895612, 0.26497277676951] and parameters: {'psi': 0.6756366988381947}.
[I 2025-08-09 20:43:28,423] Trial 411 finished with values: [0.8968825182412644, 0.26094890510948904] and parameters: {'psi': 0.8140215587723951}.
[I 2025-08-09 20:43:36,159] Trial 412 finished with values: [0.899433681488529, 0.2603978300180832] and parameters: {'psi': 0.550660288210134}.
[I 2025-08-09 20:43:43,898] Trial 413 finished with values: [0.8983289247615364, 0.2585278276481149] and parameters: {'psi': 0.14030673164417917}.
[I 2025-08-09 20:43:51,608] Trial 414 finished with values: [0.8957048080732043, 0.26605504587155965] and parameters: {'psi': 0.8897337344004417}.
[I 2025-08-09 20:43:59,295] Trial 415 finished with values: [0.8977176492728473, 0.26277372262773724] and parameters: {'psi': 0.7699898969055016}.
[I 2025-08-09 20:44:07,035] Trial 416 finished with values: [0.8987855807756066, 0.25673249551166966] and parameters: {'psi': 0.17252442643668697}.
[I 2025-08-09 20:44:14,711] Trial 417 finished with values: [0.895761149504602, 0.26581118240146656] and parameters: {'psi': 0.882764365747256}.
[I 2025-08-09 20:44:22,448] Trial 418 finished with values: [0.8996129285579032, 0.2585895117540687] and parameters: {'psi': 0.48333646657187024}.
[I 2025-08-09 20:44:30,211] Trial 419 finished with values: [0.8993014824185693, 0.26268115942028986] and parameters: {'psi': 0.5830599967908139}.
[I 2025-08-09 20:44:37,895] Trial 420 finished with values: [0.8967526425293003, 0.27230910763569455] and parameters: {'psi': 0.9553228541742671}.
[I 2025-08-09 20:44:45,614] Trial 421 finished with values: [0.8994048718493814, 0.25719424460431656] and parameters: {'psi': 0.2708286676096605}.
[I 2025-08-09 20:44:53,355] Trial 422 finished with values: [0.8992339888687919, 0.25696316262353996] and parameters: {'psi': 0.22969341072349014}.
[I 2025-08-09 20:45:01,120] Trial 423 finished with values: [0.899553102089512, 0.25742574257425743] and parameters: {'psi': 0.3248928963955162}.
[I 2025-08-09 20:45:08,874] Trial 424 finished with values: [0.895876736564892, 0.26349496797804206] and parameters: {'psi': 0.8726941377178435}.
[I 2025-08-09 20:45:16,592] Trial 425 finished with values: [0.8957993687436326, 0.26397800183318054] and parameters: {'psi': 0.8795305406438824}.
[I 2025-08-09 20:45:24,321] Trial 426 finished with values: [0.8957315266901559, 0.26605504587155965] and parameters: {'psi': 0.8866861058047139}.
[I 2025-08-09 20:45:32,095] Trial 427 finished with values: [0.896729176613543, 0.2605570530098832] and parameters: {'psi': 0.08835106950078386}.
[I 2025-08-09 20:45:39,845] Trial 428 finished with values: [0.89673637902333, 0.26118721461187216] and parameters: {'psi': 0.82157331060205}.
[I 2025-08-09 20:45:47,580] Trial 429 finished with values: [0.8995830734076575, 0.2585895117540687] and parameters: {'psi': 0.5016708534699037}.
[I 2025-08-09 20:45:55,321] Trial 430 finished with values: [0.8991261850577877, 0.25650224215246636] and parameters: {'psi': 0.2105036302904758}.
[I 2025-08-09 20:46:02,995] Trial 431 finished with values: [0.899033018402157, 0.2629193109700816] and parameters: {'psi': 0.634157164338999}.
[I 2025-08-09 20:46:10,751] Trial 432 finished with values: [0.8992501362068626, 0.26268115942028986] and parameters: {'psi': 0.5946788240737807}.
[I 2025-08-09 20:46:18,493] Trial 433 finished with values: [0.8948269272544995, 0.26118067978533094] and parameters: {'psi': 0.06258915245916252}.
[I 2025-08-09 20:46:26,229] Trial 434 finished with values: [0.8974263001801763, 0.2625341841385597] and parameters: {'psi': 0.7858307197011151}.
[I 2025-08-09 20:46:33,978] Trial 435 finished with values: [0.8963627830576087, 0.26188340807174887] and parameters: {'psi': 0.08196225272733138}.
[I 2025-08-09 20:46:41,730] Trial 436 finished with values: [0.8968768260141748, 0.27314390467461047] and parameters: {'psi': 0.9683829892605884}.
[I 2025-08-09 20:46:49,460] Trial 437 finished with values: [0.898262476722857, 0.2585278276481149] and parameters: {'psi': 0.1370045715437479}.
[I 2025-08-09 20:46:57,207] Trial 438 finished with values: [0.8996386016637568, 0.25765765765765763] and parameters: {'psi': 0.4145377497380226}.
[I 2025-08-09 20:47:04,965] Trial 439 finished with values: [0.8996377884884583, 0.25765765765765763] and parameters: {'psi': 0.4108326813922669}.
[I 2025-08-09 20:47:12,722] Trial 440 finished with values: [0.8990243058096729, 0.25650224215246636] and parameters: {'psi': 0.19660946816884606}.
[I 2025-08-09 20:47:20,485] Trial 441 finished with values: [0.8956567145626918, 0.26788990825688075] and parameters: {'psi': 0.8987560561536317}.
[I 2025-08-09 20:47:28,222] Trial 442 finished with values: [0.8634424266080251, 0.2773722627737226] and parameters: {'psi': 0.009723058861052736}.
[I 2025-08-09 20:47:36,000] Trial 443 finished with values: [0.8979060736063046, 0.2585278276481149] and parameters: {'psi': 0.12097984038725418}.
[I 2025-08-09 20:47:43,757] Trial 444 finished with values: [0.8996415058612514, 0.25765765765765763] and parameters: {'psi': 0.41785455987448494}.
[I 2025-08-09 20:47:51,488] Trial 445 finished with values: [0.8996118830468052, 0.2585895117540687] and parameters: {'psi': 0.48433530361048616}.
[I 2025-08-09 20:47:59,234] Trial 446 finished with values: [0.8959733882575164, 0.26141450313339304] and parameters: {'psi': 0.07565031763308205}.
[I 2025-08-09 20:48:06,950] Trial 447 finished with values: [0.8996271010416775, 0.25765765765765763] and parameters: {'psi': 0.39180083179661274}.
[I 2025-08-09 20:48:14,628] Trial 448 finished with values: [0.8993681627930481, 0.26063348416289595] and parameters: {'psi': 0.5672116190128851}.
