[I 2025-08-09 19:07:41,249] Trial 300 finished with values: [0.8481946573312895, 0.35067712045616534] and parameters: {'psi': 0.17892805421461178}.
[I 2025-08-09 19:07:47,018] Trial 301 finished with values: [0.8371224207676178, 0.3546511627906977] and parameters: {'psi': 0.8154376284017738}.
[I 2025-08-09 19:07:52,797] Trial 302 finished with values: [0.8414840931812769, 0.3706343549536707] and parameters: {'psi': 0.6859112142081061}.
[I 2025-08-09 19:07:58,672] Trial 303 finished with values: [0.8381032113520281, 0.3549090909090909] and parameters: {'psi': 0.7970960303844858}.
[I 2025-08-09 19:08:04,420] Trial 304 finished with values: [0.8484317407695744, 0.3459074733096085] and parameters: {'psi': 0.10029510175438672}.
[I 2025-08-09 19:08:10,164] Trial 305 finished with values: [0.8479205456770472, 0.35210263720598717] and parameters: {'psi': 0.22203522345514293}.
[I 2025-08-09 19:08:15,918] Trial 306 finished with values: [0.8397087387961075, 0.3619322278298486] and parameters: {'psi': 0.7521411732516684}.
[I 2025-08-09 19:08:21,673] Trial 307 finished with values: [0.8333566854901051, 0.3544857768052516] and parameters: {'psi': 0.8616116639202477}.
[I 2025-08-09 19:08:27,425] Trial 308 finished with values: [0.8289832989031878, 0.3567251461988304] and parameters: {'psi': 0.9092590979898841}.
[I 2025-08-09 19:08:33,177] Trial 309 finished with values: [0.8477860898249663, 0.35210263720598717] and parameters: {'psi': 0.2409915894788256}.
[I 2025-08-09 19:08:38,946] Trial 310 finished with values: [0.8461209629530413, 0.3561253561253561] and parameters: {'psi': 0.4316760216144604}.
[I 2025-08-09 19:08:44,708] Trial 311 finished with values: [0.8447380619431768, 0.3252496433666191] and parameters: {'psi': 0.022760176851879477}.
[I 2025-08-09 19:08:50,467] Trial 312 finished with values: [0.8476534053844513, 0.35067712045616534] and parameters: {'psi': 0.25905842265206}.
[I 2025-08-09 19:08:56,221] Trial 313 finished with values: [0.8447308048699875, 0.36065573770491804] and parameters: {'psi': 0.5384327962244811}.
[I 2025-08-09 19:09:01,973] Trial 314 finished with values: [0.8483712842071002, 0.34615384615384615] and parameters: {'psi': 0.0817134557279473}.
[I 2025-08-09 19:09:07,746] Trial 315 finished with values: [0.8419695170926359, 0.3686832740213523] and parameters: {'psi': 0.6670044694771116}.
[I 2025-08-09 19:09:13,502] Trial 316 finished with values: [0.8309130518061313, 0.3468208092485549] and parameters: {'psi': 0.9959161456328703}.
[I 2025-08-09 19:09:19,239] Trial 317 finished with values: [0.8468389560603075, 0.33594306049822065] and parameters: {'psi': 0.03478545152299428}.
[I 2025-08-09 19:09:25,003] Trial 318 finished with values: [0.8290960978203181, 0.3567251461988304] and parameters: {'psi': 0.9077492223616032}.
[I 2025-08-09 19:09:30,762] Trial 319 finished with values: [0.8483317988718736, 0.3459074733096085] and parameters: {'psi': 0.07753476632966949}.
[I 2025-08-09 19:09:36,527] Trial 320 finished with values: [0.8431079061641008, 0.36350677120456165] and parameters: {'psi': 0.6209008730296536}.
[I 2025-08-09 19:09:42,279] Trial 321 finished with values: [0.8463390751448786, 0.35587188612099646] and parameters: {'psi': 0.41050495789712804}.
[I 2025-08-09 19:09:48,051] Trial 322 finished with values: [0.8308746521747676, 0.3567251461988304] and parameters: {'psi': 0.8874472140737499}.
[I 2025-08-09 19:09:53,800] Trial 323 finished with values: [0.8458130230521216, 0.3575498575498576] and parameters: {'psi': 0.4599135311340736}.
[I 2025-08-09 19:09:59,567] Trial 324 finished with values: [0.8483735698994433, 0.34925160370634356] and parameters: {'psi': 0.13996163087468405}.
[I 2025-08-09 19:10:05,309] Trial 325 finished with values: [0.8480402588135154, 0.35235378031383735] and parameters: {'psi': 0.20482980497158154}.
[I 2025-08-09 19:10:11,064] Trial 326 finished with values: [0.8406220443140888, 0.3680805176132279] and parameters: {'psi': 0.7194583848697137}.
[I 2025-08-09 19:10:16,824] Trial 327 finished with values: [0.8280947931471286, 0.358187134502924] and parameters: {'psi': 0.9326918591420269}.
[I 2025-08-09 19:10:22,568] Trial 328 finished with values: [0.831440361029677, 0.35526315789473684] and parameters: {'psi': 0.8817620404764636}.
[I 2025-08-09 19:10:28,333] Trial 329 finished with values: [0.8437946424285756, 0.3609129814550642] and parameters: {'psi': 0.5894364860519589}.
[I 2025-08-09 19:10:34,082] Trial 330 finished with values: [0.8299960320380925, 0.3549090909090909] and parameters: {'psi': 0.9614838162957765}.
[I 2025-08-09 19:10:39,839] Trial 331 finished with values: [0.8484097981230809, 0.34733096085409254] and parameters: {'psi': 0.09154075366393166}.
[I 2025-08-09 19:10:45,582] Trial 332 finished with values: [0.8475260351786338, 0.35067712045616534] and parameters: {'psi': 0.2752764926834522}.
[I 2025-08-09 19:10:51,337] Trial 333 finished with values: [0.828311819635103, 0.35698610095098754] and parameters: {'psi': 0.9205782612720427}.
[I 2025-08-09 19:10:57,096] Trial 334 finished with values: [0.8290200414076025, 0.3530269876002918] and parameters: {'psi': 0.9512596709586459}.
[I 2025-08-09 19:11:02,872] Trial 335 finished with values: [0.8420388307129394, 0.36984352773826457] and parameters: {'psi': 0.6641558806873434}.
[I 2025-08-09 19:11:08,641] Trial 336 finished with values: [0.8396915961035345, 0.3619322278298486] and parameters: {'psi': 0.7526550562555063}.
[I 2025-08-09 19:11:14,387] Trial 337 finished with values: [0.8461297628685621, 0.3561253561253561] and parameters: {'psi': 0.4308439786451955}.
[I 2025-08-09 19:11:20,153] Trial 338 finished with values: [0.8309634513222959, 0.34782608695652173] and parameters: {'psi': 0.993349425370801}.
[I 2025-08-09 19:11:25,928] Trial 339 finished with values: [0.8484213408694133, 0.34708392603129445] and parameters: {'psi': 0.11667402461183352}.
[I 2025-08-09 19:11:31,696] Trial 340 finished with values: [0.8283872474824242, 0.35698610095098754] and parameters: {'psi': 0.9188482014970651}.
[I 2025-08-09 19:11:37,455] Trial 341 finished with values: [0.8367649384851619, 0.3537117903930131] and parameters: {'psi': 0.820944540783331}.
[I 2025-08-09 19:11:43,211] Trial 342 finished with values: [0.8477487187551571, 0.35210263720598717] and parameters: {'psi': 0.24629584468639631}.
[I 2025-08-09 19:11:48,953] Trial 343 finished with values: [0.8483905983073992, 0.3475783475783476] and parameters: {'psi': 0.13422527293761333}.
[I 2025-08-09 19:11:54,701] Trial 344 finished with values: [0.8479558024814391, 0.35210263720598717] and parameters: {'psi': 0.21659074658243116}.
[I 2025-08-09 19:12:00,453] Trial 345 finished with values: [0.8409836408427621, 0.36909871244635195] and parameters: {'psi': 0.705481539131589}.
[I 2025-08-09 19:12:06,201] Trial 346 finished with values: [0.8453866271455222, 0.3563791874554526] and parameters: {'psi': 0.4929813242296328}.
[I 2025-08-09 19:12:11,951] Trial 347 finished with values: [0.8484225408578934, 0.34708392603129445] and parameters: {'psi': 0.11478046066700642}.
[I 2025-08-09 19:12:17,706] Trial 348 finished with values: [0.8431278488297941, 0.36350677120456165] and parameters: {'psi': 0.6200232446160572}.
[I 2025-08-09 19:12:23,452] Trial 349 finished with values: [0.8455632540213328, 0.3563791874554526] and parameters: {'psi': 0.47959978788760527}.
[I 2025-08-09 19:12:29,215] Trial 350 finished with values: [0.831080478770261, 0.3485838779956427] and parameters: {'psi': 0.9807238997632972}.
[I 2025-08-09 19:12:34,967] Trial 351 finished with values: [0.8388915466411522, 0.3587509077705156] and parameters: {'psi': 0.7775679526141089}.
[I 2025-08-09 19:12:40,728] Trial 352 finished with values: [0.8459643930275413, 0.35780470420527444] and parameters: {'psi': 0.4459925267734214}.
[I 2025-08-09 19:12:46,594] Trial 353 finished with values: [0.8481484863459595, 0.3435495367070563] and parameters: {'psi': 0.06257670297283924}.
[I 2025-08-09 19:12:52,340] Trial 354 finished with values: [0.84593873613099, 0.35780470420527444] and parameters: {'psi': 0.44862813695816495}.
[I 2025-08-09 19:12:58,110] Trial 355 finished with values: [0.8449312600884745, 0.3594864479315264] and parameters: {'psi': 0.5256093702216963}.
[I 2025-08-09 19:13:03,860] Trial 356 finished with values: [0.8466286723647454, 0.35210263720598717] and parameters: {'psi': 0.37913542389985644}.
[I 2025-08-09 19:13:09,639] Trial 357 finished with values: [0.8390298881702165, 0.35942028985507246] and parameters: {'psi': 0.7733432623777836}.
[I 2025-08-09 19:13:15,403] Trial 358 finished with values: [0.8481490577690454, 0.3509272467902996] and parameters: {'psi': 0.18719895842100953}.
[I 2025-08-09 19:13:21,155] Trial 359 finished with values: [0.8472062668198386, 0.33712660028449504] and parameters: {'psi': 0.03888405309568699}.
[I 2025-08-09 19:13:26,922] Trial 360 finished with values: [0.8427591666548573, 0.3660968660968661] and parameters: {'psi': 0.6356082048146038}.
[I 2025-08-09 19:13:32,697] Trial 361 finished with values: [0.8442276097006611, 0.3609129814550642] and parameters: {'psi': 0.5671589353869609}.
[I 2025-08-09 19:13:38,485] Trial 362 finished with values: [0.8403626182331506, 0.3669064748201439] and parameters: {'psi': 0.729129336443606}.
[I 2025-08-09 19:13:44,252] Trial 363 finished with values: [0.8480232304055595, 0.35235378031383735] and parameters: {'psi': 0.20724063050623276}.
[I 2025-08-09 19:13:50,015] Trial 364 finished with values: [0.8471476388112388, 0.35067712045616534] and parameters: {'psi': 0.32054402596257536}.
[I 2025-08-09 19:13:55,785] Trial 365 finished with values: [0.8301232879592928, 0.3549090909090909] and parameters: {'psi': 0.9628971855446545}.
[I 2025-08-09 19:14:01,551] Trial 366 finished with values: [0.8483477415759666, 0.34925160370634356] and parameters: {'psi': 0.14882218220853882}.
[I 2025-08-09 19:14:07,318] Trial 367 finished with values: [0.8453805129185046, 0.3563791874554526] and parameters: {'psi': 0.4934500684673957}.
[I 2025-08-09 19:14:13,082] Trial 368 finished with values: [0.8480003163398203, 0.35210263720598717] and parameters: {'psi': 0.21034030101107515}.
[I 2025-08-09 19:14:18,849] Trial 369 finished with values: [0.8472340379818069, 0.35067712045616534] and parameters: {'psi': 0.31046176478760246}.
[I 2025-08-09 19:14:24,621] Trial 370 finished with values: [0.8429585361694812, 0.3660968660968661] and parameters: {'psi': 0.6271750301964556}.
[I 2025-08-09 19:14:30,400] Trial 371 finished with values: [0.8479624881315425, 0.35210263720598717] and parameters: {'psi': 0.21497957003664536}.
[I 2025-08-09 19:14:36,175] Trial 372 finished with values: [0.8458773652915788, 0.35780470420527444] and parameters: {'psi': 0.4541237812002408}.
[I 2025-08-09 19:14:41,942] Trial 373 finished with values: [0.8293455811395639, 0.3530269876002918] and parameters: {'psi': 0.9547534188943978}.
[I 2025-08-09 19:14:47,708] Trial 374 finished with values: [0.8295964930165242, 0.3557833089311859] and parameters: {'psi': 0.901465784972531}.
[I 2025-08-09 19:14:53,499] Trial 375 finished with values: [0.8477948325981786, 0.3411513859275053] and parameters: {'psi': 0.049701458937918774}.
[I 2025-08-09 19:14:59,267] Trial 376 finished with values: [0.8464326742463272, 0.35587188612099646] and parameters: {'psi': 0.400897275916938}.
[I 2025-08-09 19:15:05,034] Trial 377 finished with values: [0.8470447826558007, 0.3509272467902996] and parameters: {'psi': 0.3325724300713725}.
[I 2025-08-09 19:15:10,809] Trial 378 finished with values: [0.8298363192856206, 0.35698610095098754] and parameters: {'psi': 0.8987760807697022}.
[I 2025-08-09 19:15:16,570] Trial 379 finished with values: [0.8424880835429692, 0.36725978647686836] and parameters: {'psi': 0.6463780932337968}.
[I 2025-08-09 19:15:22,332] Trial 380 finished with values: [0.8412106672347375, 0.3688348820586133] and parameters: {'psi': 0.6961854808409078}.
[I 2025-08-09 19:15:28,101] Trial 381 finished with values: [0.8481460863689996, 0.3509272467902996] and parameters: {'psi': 0.18769626245372573}.
[I 2025-08-09 19:15:33,861] Trial 382 finished with values: [0.8409990121237693, 0.3688348820586133] and parameters: {'psi': 0.7047903943670446}.
[I 2025-08-09 19:15:39,633] Trial 383 finished with values: [0.8383828658102026, 0.3578181818181818] and parameters: {'psi': 0.7905825241079969}.
[I 2025-08-09 19:15:45,396] Trial 384 finished with values: [0.8447948042555935, 0.3592302209550962] and parameters: {'psi': 0.5344903806135806}.
[I 2025-08-09 19:15:51,170] Trial 385 finished with values: [0.8479194599731843, 0.35210263720598717] and parameters: {'psi': 0.22230584211565918}.
[I 2025-08-09 19:15:56,946] Trial 386 finished with values: [0.8480346017249663, 0.35235378031383735] and parameters: {'psi': 0.20555948686980952}.
[I 2025-08-09 19:16:02,706] Trial 387 finished with values: [0.8482546567552951, 0.3433048433048433] and parameters: {'psi': 0.06998425728938318}.
[I 2025-08-09 19:16:08,475] Trial 388 finished with values: [0.8438607560795988, 0.3609129814550642] and parameters: {'psi': 0.5862945033904337}.
[I 2025-08-09 19:16:14,242] Trial 389 finished with values: [0.8473198657292891, 0.35067712045616534] and parameters: {'psi': 0.30045441334761513}.
[I 2025-08-09 19:16:20,021] Trial 390 finished with values: [0.8342032487916687, 0.3550036523009496] and parameters: {'psi': 0.8528114984812237}.
[I 2025-08-09 19:16:25,795] Trial 391 finished with values: [0.8470920393449938, 0.35067712045616534] and parameters: {'psi': 0.3274181129435807}.
[I 2025-08-09 19:16:31,582] Trial 392 finished with values: [0.7624617089390228, 0.27252081756245267] and parameters: {'psi': 0.00019273823177123894}.
[I 2025-08-09 19:16:37,347] Trial 393 finished with values: [0.8309885367957611, 0.3492753623188406] and parameters: {'psi': 0.9919366630338078}.
[I 2025-08-09 19:16:43,110] Trial 394 finished with values: [0.845735080943223, 0.35780470420527444] and parameters: {'psi': 0.4663248406229842}.
[I 2025-08-09 19:16:48,892] Trial 395 finished with values: [0.8392502289120882, 0.3591600289645185] and parameters: {'psi': 0.7666771952837782}.
[I 2025-08-09 19:16:54,655] Trial 396 finished with values: [0.8471564387267596, 0.35067712045616534] and parameters: {'psi': 0.3197146205219308}.
[I 2025-08-09 19:17:00,444] Trial 397 finished with values: [0.8395627401976942, 0.3593073593073593] and parameters: {'psi': 0.7569439568199228}.
[I 2025-08-09 19:17:06,217] Trial 398 finished with values: [0.8474199219116066, 0.35067712045616534] and parameters: {'psi': 0.2886303031067763}.
[I 2025-08-09 19:17:11,987] Trial 399 finished with values: [0.8476396912303927, 0.33948863636363635] and parameters: {'psi': 0.046129819072694866}.
[I 2025-08-09 19:17:17,773] Trial 400 finished with values: [0.8399581078307363, 0.3645533141210375] and parameters: {'psi': 0.7435485305142568}.
[I 2025-08-09 19:17:23,514] Trial 401 finished with values: [0.8449138316843587, 0.3594864479315264] and parameters: {'psi': 0.526716680758585}.
[I 2025-08-09 19:17:29,285] Trial 402 finished with values: [0.8483896268881532, 0.3459074733096085] and parameters: {'psi': 0.08723819079206552}.
[I 2025-08-09 19:17:35,045] Trial 403 finished with values: [0.829962603787575, 0.3549090909090909] and parameters: {'psi': 0.9611204341137485}.
[I 2025-08-09 19:17:40,814] Trial 404 finished with values: [0.8470445540865665, 0.3373665480427046] and parameters: {'psi': 0.03703488246036468}.
[I 2025-08-09 19:17:46,676] Trial 405 finished with values: [0.8456964527426251, 0.35780470420527444] and parameters: {'psi': 0.4694349590765875}.
[I 2025-08-09 19:17:52,425] Trial 406 finished with values: [0.84369047200004, 0.3609129814550642] and parameters: {'psi': 0.5943648827233541}.
[I 2025-08-09 19:17:58,168] Trial 407 finished with values: [0.8304524847990029, 0.35584604212055193] and parameters: {'psi': 0.966791403772984}.
[I 2025-08-09 19:18:03,925] Trial 408 finished with values: [0.847220780966217, 0.35067712045616534] and parameters: {'psi': 0.31211081560316023}.
[I 2025-08-09 19:18:09,674] Trial 409 finished with values: [0.8436888148730914, 0.3609129814550642] and parameters: {'psi': 0.5944422518010288}.
[I 2025-08-09 19:18:15,433] Trial 410 finished with values: [0.8310829358895298, 0.34713144517066086] and parameters: {'psi': 0.9852818187919565}.
[I 2025-08-09 19:18:21,194] Trial 411 finished with values: [0.8301618590175821, 0.3557833089311859] and parameters: {'psi': 0.8950484739029225}.
[I 2025-08-09 19:18:26,968] Trial 412 finished with values: [0.8432484762431994, 0.36350677120456165] and parameters: {'psi': 0.6146863342751513}.
[I 2025-08-09 19:18:32,740] Trial 413 finished with values: [0.841265523850971, 0.36973590292648106] and parameters: {'psi': 0.6941542533509474}.
[I 2025-08-09 19:18:38,512] Trial 414 finished with values: [0.8467999278635497, 0.3509272467902996] and parameters: {'psi': 0.35965799087946737}.
[I 2025-08-09 19:18:44,273] Trial 415 finished with values: [0.8464181029576403, 0.35587188612099646] and parameters: {'psi': 0.4023667299702317}.
[I 2025-08-09 19:18:50,021] Trial 416 finished with values: [0.848207685777645, 0.3435495367070563] and parameters: {'psi': 0.06696094710148104}.
[I 2025-08-09 19:18:55,791] Trial 417 finished with values: [0.8433172184404173, 0.36350677120456165] and parameters: {'psi': 0.6115836946153952}.
[I 2025-08-09 19:19:01,544] Trial 418 finished with values: [0.8315569313391735, 0.35526315789473684] and parameters: {'psi': 0.8805409263051346}.
[I 2025-08-09 19:19:07,293] Trial 419 finished with values: [0.8482506567936946, 0.35067712045616534] and parameters: {'psi': 0.1686207810207475}.
[I 2025-08-09 19:19:13,052] Trial 420 finished with values: [0.8480815727026164, 0.3509272467902996] and parameters: {'psi': 0.19802903578110498}.
[I 2025-08-09 19:19:18,804] Trial 421 finished with values: [0.8484313979157228, 0.3459074733096085] and parameters: {'psi': 0.10101103568451786}.
[I 2025-08-09 19:19:24,563] Trial 422 finished with values: [0.8482191713816691, 0.3435495367070563] and parameters: {'psi': 0.06784527771514326}.
[I 2025-08-09 19:19:30,321] Trial 423 finished with values: [0.8396690248916466, 0.36075036075036077] and parameters: {'psi': 0.7534241518524916}.
[I 2025-08-09 19:19:36,090] Trial 424 finished with values: [0.8380336691624903, 0.3561046511627907] and parameters: {'psi': 0.7986663464728095}.
[I 2025-08-09 19:19:41,866] Trial 425 finished with values: [0.8409625553308975, 0.36909871244635195] and parameters: {'psi': 0.7064639406091976}.
[I 2025-08-09 19:19:47,623] Trial 426 finished with values: [0.8386041208290115, 0.3592727272727273] and parameters: {'psi': 0.7851368790169424}.
[I 2025-08-09 19:19:53,386] Trial 427 finished with values: [0.8417694047280003, 0.36894586894586895] and parameters: {'psi': 0.6750853831156987}.
[I 2025-08-09 19:19:59,177] Trial 428 finished with values: [0.8282242776183634, 0.3550036523009496] and parameters: {'psi': 0.9231484008071061}.
[I 2025-08-09 19:20:04,944] Trial 429 finished with values: [0.8427219098696652, 0.36725978647686836] and parameters: {'psi': 0.6369754441445867}.
[I 2025-08-09 19:20:10,726] Trial 430 finished with values: [0.8344110753679623, 0.3564645726807889] and parameters: {'psi': 0.8506665987960209}.
[I 2025-08-09 19:20:16,485] Trial 431 finished with values: [0.8473523225605606, 0.35067712045616534] and parameters: {'psi': 0.29644528136503734}.
[I 2025-08-09 19:20:22,238] Trial 432 finished with values: [0.8289285565715712, 0.3564645726807889] and parameters: {'psi': 0.910164061870537}.
[I 2025-08-09 19:20:28,004] Trial 433 finished with values: [0.8418279755942916, 0.36894586894586895] and parameters: {'psi': 0.6726997018316718}.
[I 2025-08-09 19:20:33,777] Trial 434 finished with values: [0.8396157111177447, 0.36075036075036077] and parameters: {'psi': 0.7551254604403572}.
[I 2025-08-09 19:20:39,530] Trial 435 finished with values: [0.8477236332816919, 0.35210263720598717] and parameters: {'psi': 0.25007861045116}.
[I 2025-08-09 19:20:45,288] Trial 436 finished with values: [0.8466087868413606, 0.35210263720598717] and parameters: {'psi': 0.3810656277786557}.
[I 2025-08-09 19:20:51,046] Trial 437 finished with values: [0.8437975566863128, 0.3609129814550642] and parameters: {'psi': 0.5892676606336233}.
[I 2025-08-09 19:20:56,800] Trial 438 finished with values: [0.8481775717810252, 0.3449750534568781] and parameters: {'psi': 0.0646357618115625}.
[I 2025-08-09 19:21:02,567] Trial 439 finished with values: [0.8361795726761023, 0.3556851311953353] and parameters: {'psi': 0.8292739429302537}.
[I 2025-08-09 19:21:08,323] Trial 440 finished with values: [0.8303585999860116, 0.35552304316020483] and parameters: {'psi': 0.8929687860652479}.
[I 2025-08-09 19:21:14,072] Trial 441 finished with values: [0.8481572862614805, 0.3509272467902996] and parameters: {'psi': 0.18571635652285612}.
[I 2025-08-09 19:21:19,835] Trial 442 finished with values: [0.8484008267806343, 0.34733096085409254] and parameters: {'psi': 0.12966195477619058}.
[I 2025-08-09 19:21:25,590] Trial 443 finished with values: [0.848424769407928, 0.34708392603129445] and parameters: {'psi': 0.111348683091676}.
[I 2025-08-09 19:21:31,334] Trial 444 finished with values: [0.8477879755211494, 0.35210263720598717] and parameters: {'psi': 0.24074038192512737}.
[I 2025-08-09 19:21:37,099] Trial 445 finished with values: [0.8357231199151918, 0.35474452554744523] and parameters: {'psi': 0.8354026952063274}.
[I 2025-08-09 19:21:42,870] Trial 446 finished with values: [0.8459553074004774, 0.35780470420527444] and parameters: {'psi': 0.4469074875047828}.
[I 2025-08-09 19:21:48,632] Trial 447 finished with values: [0.8323337238819649, 0.3564645726807889] and parameters: {'psi': 0.872326114734009}.
[I 2025-08-09 19:21:54,395] Trial 448 finished with values: [0.8434162460611807, 0.3620812544547398] and parameters: {'psi': 0.6072585377569002}.
[I 2025-08-09 19:22:00,170] Trial 449 finished with values: [0.8483896840304619, 0.3475783475783476] and parameters: {'psi': 0.13192964653105466}.
