[I 2025-08-09 19:55:11,588] Trial 300 finished with values: [0.6833155531878742, 0.17228464419475656] and parameters: {'psi': 0.32328225488637585}.
[I 2025-08-09 19:55:17,188] Trial 301 finished with values: [0.6834925884511532, 0.17228464419475656] and parameters: {'psi': 0.33822607979750763}.
[I 2025-08-09 19:55:22,827] Trial 302 finished with values: [0.6846744610858192, 0.17146433041301626] and parameters: {'psi': 0.512455935990296}.
[I 2025-08-09 19:55:28,560] Trial 303 finished with values: [0.6845287044561236, 0.17314930991217065] and parameters: {'psi': 0.6491809169286462}.
[I 2025-08-09 19:55:34,180] Trial 304 finished with values: [0.6806210836919784, 0.16951296647691336] and parameters: {'psi': 0.87298624246496}.
[I 2025-08-09 19:55:39,766] Trial 305 finished with values: [0.6798711176072115, 0.17217716781035558] and parameters: {'psi': 0.16245216845172128}.
[I 2025-08-09 19:55:45,384] Trial 306 finished with values: [0.6845607042109423, 0.17314930991217065] and parameters: {'psi': 0.6437238909160736}.
[I 2025-08-09 19:55:51,028] Trial 307 finished with values: [0.6870111643088257, 0.1708542713567839] and parameters: {'psi': 0.9982670536396834}.
[I 2025-08-09 19:55:56,655] Trial 308 finished with values: [0.6805871909939168, 0.16951296647691336] and parameters: {'psi': 0.8820751796847935}.
[I 2025-08-09 19:56:02,273] Trial 309 finished with values: [0.6832390241967724, 0.17228464419475656] and parameters: {'psi': 0.31705234945883154}.
[I 2025-08-09 19:56:07,863] Trial 310 finished with values: [0.6734481358340014, 0.1711430356027483] and parameters: {'psi': 0.08038728559088171}.
[I 2025-08-09 19:56:13,481] Trial 311 finished with values: [0.6835993143939855, 0.17228464419475656] and parameters: {'psi': 0.34872662601373927}.
[I 2025-08-09 19:56:19,098] Trial 312 finished with values: [0.6810021511947852, 0.17204301075268819] and parameters: {'psi': 0.8113432809667126}.
[I 2025-08-09 19:56:24,681] Trial 313 finished with values: [0.6780375767261726, 0.17217716781035558] and parameters: {'psi': 0.12592977083493262}.
[I 2025-08-09 19:56:30,305] Trial 314 finished with values: [0.6841995576822621, 0.17304075235109717] and parameters: {'psi': 0.6837986968338944}.
[I 2025-08-09 19:56:35,919] Trial 315 finished with values: [0.6837683722535984, 0.17200251098556182] and parameters: {'psi': 0.7084030798858117}.
[I 2025-08-09 19:56:41,529] Trial 316 finished with values: [0.6752444939013424, 0.17103620474406991] and parameters: {'psi': 0.09365052484208392}.
[I 2025-08-09 19:56:47,172] Trial 317 finished with values: [0.6785914429050008, 0.17099430018999368] and parameters: {'psi': 0.9401951601672797}.
[I 2025-08-09 19:56:52,793] Trial 318 finished with values: [0.6819768366845189, 0.17572692793931732] and parameters: {'psi': 0.7780768177316314}.
[I 2025-08-09 19:56:58,403] Trial 319 finished with values: [0.6809628500874586, 0.17215189873417722] and parameters: {'psi': 0.8130278717712639}.
[I 2025-08-09 19:57:04,008] Trial 320 finished with values: [0.6825205170258977, 0.17228464419475656] and parameters: {'psi': 0.26802718232302025}.
[I 2025-08-09 19:57:09,612] Trial 321 finished with values: [0.6841082006357586, 0.1726078799249531] and parameters: {'psi': 0.40502728008839795}.
[I 2025-08-09 19:57:15,202] Trial 322 finished with values: [0.6681950380549196, 0.1711430356027483] and parameters: {'psi': 0.05675322956479423}.
[I 2025-08-09 19:57:20,825] Trial 323 finished with values: [0.6844569078231288, 0.17314930991217065] and parameters: {'psi': 0.6592867463360713}.
[I 2025-08-09 19:57:26,447] Trial 324 finished with values: [0.684739587347387, 0.17293233082706766] and parameters: {'psi': 0.5891896815840902}.
[I 2025-08-09 19:57:32,060] Trial 325 finished with values: [0.6827081437573211, 0.17413249211356466] and parameters: {'psi': 0.7531882032858584}.
[I 2025-08-09 19:57:37,661] Trial 326 finished with values: [0.6819627748204296, 0.17217716781035558] and parameters: {'psi': 0.23718704668148816}.
[I 2025-08-09 19:57:43,288] Trial 327 finished with values: [0.6802817510806677, 0.16962025316455695] and parameters: {'psi': 0.8964900074629795}.
[I 2025-08-09 19:57:48,888] Trial 328 finished with values: [0.6827758390132898, 0.17228464419475656] and parameters: {'psi': 0.28385068519732715}.
[I 2025-08-09 19:57:54,486] Trial 329 finished with values: [0.6410760571073935, 0.17167919799498746] and parameters: {'psi': 0.022386945741403652}.
[I 2025-08-09 19:58:00,109] Trial 330 finished with values: [0.682900187356311, 0.17228464419475656] and parameters: {'psi': 0.29177975334785244}.
[I 2025-08-09 19:58:05,752] Trial 331 finished with values: [0.6803393957094188, 0.16962025316455695] and parameters: {'psi': 0.8948077825310762}.
[I 2025-08-09 19:58:11,379] Trial 332 finished with values: [0.6804601384462632, 0.1706700379266751] and parameters: {'psi': 0.8469752406387054}.
[I 2025-08-09 19:58:16,983] Trial 333 finished with values: [0.6844075560885844, 0.1726078799249531] and parameters: {'psi': 0.4521008930678876}.
[I 2025-08-09 19:58:22,594] Trial 334 finished with values: [0.6837134768995574, 0.17200251098556182] and parameters: {'psi': 0.7112457781587386}.
[I 2025-08-09 19:58:28,183] Trial 335 finished with values: [0.6845873406265731, 0.17304075235109717] and parameters: {'psi': 0.6395415629678384}.
[I 2025-08-09 19:58:33,786] Trial 336 finished with values: [0.6844123785868458, 0.1726078799249531] and parameters: {'psi': 0.4530842448075991}.
[I 2025-08-09 19:58:39,392] Trial 337 finished with values: [0.6830359834989433, 0.17228464419475656] and parameters: {'psi': 0.30160667012087483}.
[I 2025-08-09 19:58:45,018] Trial 338 finished with values: [0.6832934237799643, 0.17228464419475656] and parameters: {'psi': 0.3214356894810615}.
[I 2025-08-09 19:58:50,633] Trial 339 finished with values: [0.6844549698098088, 0.17314930991217065] and parameters: {'psi': 0.6595535727986107}.
[I 2025-08-09 19:58:56,266] Trial 340 finished with values: [0.6787580669804446, 0.17088607594936708] and parameters: {'psi': 0.9358624202783606}.
[I 2025-08-09 19:59:01,858] Trial 341 finished with values: [0.6814308577692024, 0.17217716781035558] and parameters: {'psi': 0.21322191516787548}.
[I 2025-08-09 19:59:07,455] Trial 342 finished with values: [0.6817975929874565, 0.174573055028463] and parameters: {'psi': 0.7837368668171714}.
[I 2025-08-09 19:59:13,080] Trial 343 finished with values: [0.6788613225273317, 0.17182564750473783] and parameters: {'psi': 0.9762042448555739}.
[I 2025-08-09 19:59:18,710] Trial 344 finished with values: [0.678035909133316, 0.17099430018999368] and parameters: {'psi': 0.9573014535075892}.
[I 2025-08-09 19:59:24,313] Trial 345 finished with values: [0.6842126280046531, 0.1726078799249531] and parameters: {'psi': 0.42060047128024725}.
[I 2025-08-09 19:59:29,927] Trial 346 finished with values: [0.6805464476441194, 0.1706700379266751] and parameters: {'psi': 0.8608738154841096}.
[I 2025-08-09 19:59:35,544] Trial 347 finished with values: [0.6760434962301134, 0.17092950717404864] and parameters: {'psi': 0.10121060239524104}.
[I 2025-08-09 19:59:41,166] Trial 348 finished with values: [0.6847489168533694, 0.17157169693174704] and parameters: {'psi': 0.5600220248978649}.
[I 2025-08-09 19:59:46,779] Trial 349 finished with values: [0.6846783371124593, 0.17304075235109717] and parameters: {'psi': 0.6151243961972127}.
[I 2025-08-09 19:59:52,394] Trial 350 finished with values: [0.6805025493889174, 0.16951296647691336] and parameters: {'psi': 0.8883900057328648}.
[I 2025-08-09 19:59:58,025] Trial 351 finished with values: [0.6797390172109103, 0.17088607594936708] and parameters: {'psi': 0.9103523084499822}.
[I 2025-08-09 20:00:03,673] Trial 352 finished with values: [0.6807466489270843, 0.17215189873417722] and parameters: {'psi': 0.8222931852601465}.
[I 2025-08-09 20:00:09,402] Trial 353 finished with values: [0.6783498672911576, 0.17099430018999368] and parameters: {'psi': 0.9468194396781927}.
[I 2025-08-09 20:00:15,023] Trial 354 finished with values: [0.6817094359164346, 0.17217716781035558] and parameters: {'psi': 0.2252076597631697}.
[I 2025-08-09 20:00:20,636] Trial 355 finished with values: [0.6815067557792234, 0.17217716781035558] and parameters: {'psi': 0.21632357606738473}.
[I 2025-08-09 20:00:26,267] Trial 356 finished with values: [0.6795378694563242, 0.17215189873417722] and parameters: {'psi': 0.9155156297846606}.
[I 2025-08-09 20:00:31,878] Trial 357 finished with values: [0.6816603996724306, 0.174573055028463] and parameters: {'psi': 0.7881484820137437}.
[I 2025-08-09 20:00:37,501] Trial 358 finished with values: [0.6839857452359801, 0.1725] and parameters: {'psi': 0.38985394284462815}.
[I 2025-08-09 20:00:43,119] Trial 359 finished with values: [0.6818190012741312, 0.17217716781035558] and parameters: {'psi': 0.23037905826059957}.
[I 2025-08-09 20:00:48,713] Trial 360 finished with values: [0.6847401281883136, 0.17146433041301626] and parameters: {'psi': 0.547921370539393}.
[I 2025-08-09 20:00:54,339] Trial 361 finished with values: [0.6843250778472909, 0.1726078799249531] and parameters: {'psi': 0.4377725643601025}.
[I 2025-08-09 20:00:59,956] Trial 362 finished with values: [0.6773369623759502, 0.17206982543640897] and parameters: {'psi': 0.11602880701300078}.
[I 2025-08-09 20:01:05,587] Trial 363 finished with values: [0.6251550974031974, 0.17200251098556182] and parameters: {'psi': 0.01608132359029235}.
[I 2025-08-09 20:01:11,206] Trial 364 finished with values: [0.6841082457058356, 0.17200251098556182] and parameters: {'psi': 0.6900439496921768}.
[I 2025-08-09 20:01:16,800] Trial 365 finished with values: [0.6829816289858286, 0.17228464419475656] and parameters: {'psi': 0.29746766931731583}.
[I 2025-08-09 20:01:22,400] Trial 366 finished with values: [0.6837036966928027, 0.17200251098556182] and parameters: {'psi': 0.7117315626297644}.
[I 2025-08-09 20:01:28,011] Trial 367 finished with values: [0.6806055345153412, 0.16951296647691336] and parameters: {'psi': 0.876991385455376}.
[I 2025-08-09 20:01:33,606] Trial 368 finished with values: [0.6815133810805731, 0.17217716781035558] and parameters: {'psi': 0.21664358591375388}.
[I 2025-08-09 20:01:39,235] Trial 369 finished with values: [0.680458786343947, 0.1706700379266751] and parameters: {'psi': 0.8489563892399046}.
[I 2025-08-09 20:01:44,860] Trial 370 finished with values: [0.6821868632443154, 0.17217716781035558] and parameters: {'psi': 0.248987817148693}.
[I 2025-08-09 20:01:50,461] Trial 371 finished with values: [0.6776004871173945, 0.17206982543640897] and parameters: {'psi': 0.11960302918139576}.
[I 2025-08-09 20:01:56,060] Trial 372 finished with values: [0.6835228755430381, 0.17232704402515722] and parameters: {'psi': 0.720678239772927}.
[I 2025-08-09 20:02:01,693] Trial 373 finished with values: [0.6831476671502685, 0.17228464419475656] and parameters: {'psi': 0.30982728865781517}.
[I 2025-08-09 20:02:07,317] Trial 374 finished with values: [0.6818226068803079, 0.174573055028463] and parameters: {'psi': 0.7829109327103533}.
[I 2025-08-09 20:02:12,953] Trial 375 finished with values: [0.6805658728473968, 0.16951296647691336] and parameters: {'psi': 0.8632949514831931}.
[I 2025-08-09 20:02:18,578] Trial 376 finished with values: [0.6833050067898071, 0.172544080604534] and parameters: {'psi': 0.7302106134394923}.
[I 2025-08-09 20:02:24,201] Trial 377 finished with values: [0.6818642967017267, 0.17217716781035558] and parameters: {'psi': 0.23257818632140825}.
[I 2025-08-09 20:02:29,795] Trial 378 finished with values: [0.6764968561367641, 0.17206982543640897] and parameters: {'psi': 0.10595365173700555}.
[I 2025-08-09 20:02:35,437] Trial 379 finished with values: [0.6804767693047534, 0.1706700379266751] and parameters: {'psi': 0.8530390946271078}.
[I 2025-08-09 20:02:41,060] Trial 380 finished with values: [0.6821045652833307, 0.17572692793931732] and parameters: {'psi': 0.7738802861780912}.
[I 2025-08-09 20:02:46,643] Trial 381 finished with values: [0.6765165066904275, 0.17206982543640897] and parameters: {'psi': 0.1061770042443071}.
[I 2025-08-09 20:02:52,265] Trial 382 finished with values: [0.678378982561035, 0.17217716781035558] and parameters: {'psi': 0.13149378951997104}.
[I 2025-08-09 20:02:57,898] Trial 383 finished with values: [0.6785514657465159, 0.17099430018999368] and parameters: {'psi': 0.9413084187008323}.
[I 2025-08-09 20:03:03,532] Trial 384 finished with values: [0.6805283294730813, 0.16940581542351454] and parameters: {'psi': 0.8590340880089101}.
[I 2025-08-09 20:03:09,172] Trial 385 finished with values: [0.6776479909787734, 0.17206982543640897] and parameters: {'psi': 0.12026073616476052}.
[I 2025-08-09 20:03:14,800] Trial 386 finished with values: [0.6791807341645157, 0.17206982543640897] and parameters: {'psi': 0.146629868942733}.
[I 2025-08-09 20:03:20,409] Trial 387 finished with values: [0.6825223648990634, 0.17413249211356466] and parameters: {'psi': 0.7597245936014759}.
[I 2025-08-09 20:03:26,042] Trial 388 finished with values: [0.6781932487728545, 0.17099430018999368] and parameters: {'psi': 0.9515001709743371}.
[I 2025-08-09 20:03:31,643] Trial 389 finished with values: [0.6822409473369669, 0.17217716781035558] and parameters: {'psi': 0.2519046446248294}.
[I 2025-08-09 20:03:37,256] Trial 390 finished with values: [0.6839548722330916, 0.1725] and parameters: {'psi': 0.3860850297107489}.
[I 2025-08-09 20:03:42,878] Trial 391 finished with values: [0.6824303768714786, 0.17217716781035558] and parameters: {'psi': 0.2627072854483944}.
[I 2025-08-09 20:03:48,479] Trial 392 finished with values: [0.6843156131310769, 0.17314930991217065] and parameters: {'psi': 0.6746810285978844}.
[I 2025-08-09 20:03:54,068] Trial 393 finished with values: [0.684420806691284, 0.1726078799249531] and parameters: {'psi': 0.45493469449344526}.
[I 2025-08-09 20:03:59,688] Trial 394 finished with values: [0.6780236500723149, 0.17099430018999368] and parameters: {'psi': 0.9637755177371318}.
[I 2025-08-09 20:04:05,306] Trial 395 finished with values: [0.6829791501315821, 0.17228464419475656] and parameters: {'psi': 0.2973109315460858}.
[I 2025-08-09 20:04:10,943] Trial 396 finished with values: [0.6806474046170687, 0.17204301075268819] and parameters: {'psi': 0.8268951143404362}.
[I 2025-08-09 20:04:16,584] Trial 397 finished with values: [0.6785143280028954, 0.17217716781035558] and parameters: {'psi': 0.13381481849096877}.
[I 2025-08-09 20:04:22,211] Trial 398 finished with values: [0.6845085581316108, 0.17314930991217065] and parameters: {'psi': 0.6523794308512915}.
[I 2025-08-09 20:04:27,844] Trial 399 finished with values: [0.6818099872586892, 0.17217716781035558] and parameters: {'psi': 0.22997531294419726}.
[I 2025-08-09 20:04:33,454] Trial 400 finished with values: [0.6816666193430857, 0.17217716781035558] and parameters: {'psi': 0.2231992637352569}.
[I 2025-08-09 20:04:39,074] Trial 401 finished with values: [0.6810738576876256, 0.17217716781035558] and parameters: {'psi': 0.199396181594386}.
[I 2025-08-09 20:04:44,691] Trial 402 finished with values: [0.6817689734884286, 0.17217716781035558] and parameters: {'psi': 0.22798224373326925}.
[I 2025-08-09 20:04:50,301] Trial 403 finished with values: [0.6840480320826837, 0.1725] and parameters: {'psi': 0.39736884413564333}.
[I 2025-08-09 20:04:55,911] Trial 404 finished with values: [0.6760466962055953, 0.17092950717404864] and parameters: {'psi': 0.10124667844739077}.
[I 2025-08-09 20:05:01,644] Trial 405 finished with values: [0.6786754084588422, 0.17217716781035558] and parameters: {'psi': 0.13672434434214342}.
[I 2025-08-09 20:05:07,275] Trial 406 finished with values: [0.6794958641443648, 0.17206982543640897] and parameters: {'psi': 0.15354961426366565}.
[I 2025-08-09 20:05:12,911] Trial 407 finished with values: [0.6845813913763816, 0.17304075235109717] and parameters: {'psi': 0.6404997341735602}.
[I 2025-08-09 20:05:18,534] Trial 408 finished with values: [0.6841223526400024, 0.17200251098556182] and parameters: {'psi': 0.6890284672631181}.
[I 2025-08-09 20:05:24,150] Trial 409 finished with values: [0.6841488087753242, 0.17314930991217065] and parameters: {'psi': 0.687335861209577}.
[I 2025-08-09 20:05:29,761] Trial 410 finished with values: [0.6833755414606401, 0.1724354940213971] and parameters: {'psi': 0.7271979175181207}.
[I 2025-08-09 20:05:35,401] Trial 411 finished with values: [0.678702044874473, 0.17206982543640897] and parameters: {'psi': 0.1372235075335575}.
[I 2025-08-09 20:05:41,001] Trial 412 finished with values: [0.6843358495957439, 0.1726078799249531] and parameters: {'psi': 0.4397073255695818}.
[I 2025-08-09 20:05:46,614] Trial 413 finished with values: [0.6821577930445153, 0.17217716781035558] and parameters: {'psi': 0.2473535126040579}.
[I 2025-08-09 20:05:52,238] Trial 414 finished with values: [0.6738671974118959, 0.17103620474406991] and parameters: {'psi': 0.08314197108076693}.
[I 2025-08-09 20:05:57,864] Trial 415 finished with values: [0.6825403929299471, 0.17413249211356466] and parameters: {'psi': 0.7591584878958085}.
[I 2025-08-09 20:06:03,474] Trial 416 finished with values: [0.6845996447576514, 0.17304075235109717] and parameters: {'psi': 0.6365096303601169}.
[I 2025-08-09 20:06:09,090] Trial 417 finished with values: [0.6829919049634323, 0.17228464419475656] and parameters: {'psi': 0.298211853358043}.
[I 2025-08-09 20:06:14,711] Trial 418 finished with values: [0.6811780597061341, 0.1731984829329962] and parameters: {'psi': 0.804550330348601}.
[I 2025-08-09 20:06:20,306] Trial 419 finished with values: [0.6844098546625219, 0.1726078799249531] and parameters: {'psi': 0.4525955041131763}.
[I 2025-08-09 20:06:25,908] Trial 420 finished with values: [0.6819446115793141, 0.17217716781035558] and parameters: {'psi': 0.23642414669845857}.
[I 2025-08-09 20:06:31,535] Trial 421 finished with values: [0.6817134020832292, 0.17217716781035558] and parameters: {'psi': 0.22537053808973606}.
[I 2025-08-09 20:06:37,134] Trial 422 finished with values: [0.6847490971336784, 0.17157169693174704] and parameters: {'psi': 0.5606321647771834}.
[I 2025-08-09 20:06:42,738] Trial 423 finished with values: [0.6839149852147612, 0.17239225484072454] and parameters: {'psi': 0.38116093067667256}.
[I 2025-08-09 20:06:48,368] Trial 424 finished with values: [0.6805116986145909, 0.16951296647691336] and parameters: {'psi': 0.8879851596903029}.
[I 2025-08-09 20:06:54,004] Trial 425 finished with values: [0.6840923810386581, 0.17200251098556182] and parameters: {'psi': 0.6911257195969571}.
[I 2025-08-09 20:06:59,630] Trial 426 finished with values: [0.684514372171571, 0.1713570981863665] and parameters: {'psi': 0.47264885485058505}.
[I 2025-08-09 20:07:05,241] Trial 427 finished with values: [0.6811749048007294, 0.1731984829329962] and parameters: {'psi': 0.8046198817011468}.
[I 2025-08-09 20:07:10,867] Trial 428 finished with values: [0.6478710472978911, 0.17178683385579938] and parameters: {'psi': 0.02653573638649409}.
[I 2025-08-09 20:07:16,463] Trial 429 finished with values: [0.6620300824737342, 0.17146433041301626] and parameters: {'psi': 0.04227907317627899}.
[I 2025-08-09 20:07:22,061] Trial 430 finished with values: [0.6828835564978206, 0.17228464419475656] and parameters: {'psi': 0.29070463117046974}.
[I 2025-08-09 20:07:27,702] Trial 431 finished with values: [0.683915390845456, 0.17232704402515722] and parameters: {'psi': 0.9921028008966019}.
[I 2025-08-09 20:07:33,304] Trial 432 finished with values: [0.6817808719888119, 0.17217716781035558] and parameters: {'psi': 0.22858443779804705}.
[I 2025-08-09 20:07:38,928] Trial 433 finished with values: [0.6797496988192091, 0.17088607594936708] and parameters: {'psi': 0.9101441456220014}.
[I 2025-08-09 20:07:44,574] Trial 434 finished with values: [0.6793696679281782, 0.17204301075268819] and parameters: {'psi': 0.919573785177249}.
[I 2025-08-09 20:07:50,198] Trial 435 finished with values: [0.6780068840035929, 0.17099430018999368] and parameters: {'psi': 0.9606675089257296}.
[I 2025-08-09 20:07:55,829] Trial 436 finished with values: [0.6812904194086175, 0.17265280403276623] and parameters: {'psi': 0.9860126124121791}.
[I 2025-08-09 20:08:01,450] Trial 437 finished with values: [0.6837124853578587, 0.17228464419475656] and parameters: {'psi': 0.3596576202560817}.
[I 2025-08-09 20:08:07,041] Trial 438 finished with values: [0.6845963546420151, 0.17304075235109717] and parameters: {'psi': 0.63744734641028}.
[I 2025-08-09 20:08:12,674] Trial 439 finished with values: [0.6781972149396489, 0.17204301075268819] and parameters: {'psi': 0.9693742707672253}.
[I 2025-08-09 20:08:18,305] Trial 440 finished with values: [0.6731313833313728, 0.1711430356027483] and parameters: {'psi': 0.0783781949156106}.
[I 2025-08-09 20:08:23,914] Trial 441 finished with values: [0.6790653998369365, 0.17215189873417722] and parameters: {'psi': 0.9275549116387634}.
[I 2025-08-09 20:08:29,552] Trial 442 finished with values: [0.6844733133312331, 0.17221873035826524] and parameters: {'psi': 0.9931989676306263}.
[I 2025-08-09 20:08:35,155] Trial 443 finished with values: [0.6844292347957222, 0.1726078799249531] and parameters: {'psi': 0.4561707691048761}.
[I 2025-08-09 20:08:40,760] Trial 444 finished with values: [0.6795094753076821, 0.17206982543640897] and parameters: {'psi': 0.15386812197262445}.
[I 2025-08-09 20:08:46,389] Trial 445 finished with values: [0.6846910468742324, 0.17304075235109717] and parameters: {'psi': 0.6108449815812882}.
[I 2025-08-09 20:08:51,990] Trial 446 finished with values: [0.6837838312900814, 0.17228464419475656] and parameters: {'psi': 0.3670355337210025}.
[I 2025-08-09 20:08:57,599] Trial 447 finished with values: [0.6790882503660817, 0.17215189873417722] and parameters: {'psi': 0.9268078252651877}.
[I 2025-08-09 20:09:03,218] Trial 448 finished with values: [0.6812273663706013, 0.17217716781035558] and parameters: {'psi': 0.2049745398750873}.
