[I 2025-08-09 18:32:00,955] Trial 0 finished with values: [0.8205566458577936, 0.18110958276020175] and parameters: {'psi': 0.6474592669840571}.
[I 2025-08-09 18:32:06,435] Trial 1 finished with values: [0.8200173660122747, 0.17873510540788268] and parameters: {'psi': 0.31599322420588605}.
[I 2025-08-09 18:32:11,793] Trial 2 finished with values: [0.8196972398859823, 0.17873510540788268] and parameters: {'psi': 0.38986405348885744}.
[I 2025-08-09 18:32:17,141] Trial 3 finished with values: [0.8180019670250924, 0.18265470439383483] and parameters: {'psi': 0.9063819382046463}.
[I 2025-08-09 18:32:22,469] Trial 4 finished with values: [0.8209074240809244, 0.18331805682859761] and parameters: {'psi': 0.7148773486501666}.
[I 2025-08-09 18:32:27,813] Trial 5 finished with values: [0.8236980066338102, 0.17965169569202566] and parameters: {'psi': 0.16474386389389595}.
[I 2025-08-09 18:32:33,158] Trial 6 finished with values: [0.8375824077101942, 0.1842346471127406] and parameters: {'psi': 0.06666978060791484}.
[I 2025-08-09 18:32:38,481] Trial 7 finished with values: [0.8208592256494802, 0.17869415807560138] and parameters: {'psi': 0.25001653277737523}.
[I 2025-08-09 18:32:43,813] Trial 8 finished with values: [0.8199959054953339, 0.17873510540788268] and parameters: {'psi': 0.31869181655282564}.
[I 2025-08-09 18:32:49,157] Trial 9 finished with values: [0.8262922996911791, 0.1806510774873911] and parameters: {'psi': 0.12892056385691097}.
[I 2025-08-09 18:32:54,497] Trial 10 finished with values: [0.8388416001674082, 0.1837763519706691] and parameters: {'psi': 0.06313003579643772}.
[I 2025-08-09 18:32:59,849] Trial 11 finished with values: [0.8406498984175204, 0.18336007334402935] and parameters: {'psi': 0.05859842249399805}.
[I 2025-08-09 18:33:05,184] Trial 12 finished with values: [0.8197343571322638, 0.17794083925705115] and parameters: {'psi': 0.46684637819801744}.
[I 2025-08-09 18:33:10,532] Trial 13 finished with values: [0.8279911762992532, 0.18027522935779816] and parameters: {'psi': 0.11314317773699434}.
[I 2025-08-09 18:33:15,870] Trial 14 finished with values: [0.8184516255923171, 0.18319907940161104] and parameters: {'psi': 0.8984652259998007}.
[I 2025-08-09 18:33:21,192] Trial 15 finished with values: [0.8199035037978636, 0.17973406694176983] and parameters: {'psi': 0.5219034364330357}.
[I 2025-08-09 18:33:26,493] Trial 16 finished with values: [0.8209866120387184, 0.1829436038514443] and parameters: {'psi': 0.7548625615608079}.
[I 2025-08-09 18:33:31,836] Trial 17 finished with values: [0.8233884487998225, 0.17919340054995417] and parameters: {'psi': 0.17064156437620237}.
[I 2025-08-09 18:33:37,168] Trial 18 finished with values: [0.820814064083641, 0.18265259293253785] and parameters: {'psi': 0.7993096121089733}.
[I 2025-08-09 18:33:42,510] Trial 19 finished with values: [0.833623401238728, 0.18248509857863365] and parameters: {'psi': 0.08058060067590433}.
[I 2025-08-09 18:33:47,857] Trial 20 finished with values: [0.8199628104088312, 0.17873510540788268] and parameters: {'psi': 0.32333829842966944}.
[I 2025-08-09 18:33:53,174] Trial 21 finished with values: [0.8197911127761233, 0.17839944966750745] and parameters: {'psi': 0.4880536142423558}.
[I 2025-08-09 18:33:58,493] Trial 22 finished with values: [0.8209382111495673, 0.18215186969488414] and parameters: {'psi': 0.7787165930344699}.
[I 2025-08-09 18:34:03,836] Trial 23 finished with values: [0.8283331138691788, 0.18027522935779816] and parameters: {'psi': 0.11043136730714243}.
[I 2025-08-09 18:34:09,185] Trial 24 finished with values: [0.851938373277699, 0.18394495412844036] and parameters: {'psi': 0.03906969418252726}.
[I 2025-08-09 18:34:14,523] Trial 25 finished with values: [0.8214509420411094, 0.17869415807560138] and parameters: {'psi': 0.22332663123410879}.
[I 2025-08-09 18:34:19,856] Trial 26 finished with values: [0.8208582268581258, 0.1824432729773092] and parameters: {'psi': 0.7033389422368403}.
[I 2025-08-09 18:34:25,179] Trial 27 finished with values: [0.8197961337272567, 0.17839944966750745] and parameters: {'psi': 0.4895317839370964}.
[I 2025-08-09 18:34:30,504] Trial 28 finished with values: [0.8201218071947207, 0.1798165137614679] and parameters: {'psi': 0.5713137646622997}.
[I 2025-08-09 18:34:35,825] Trial 29 finished with values: [0.822735171768088, 0.17873510540788268] and parameters: {'psi': 0.18483429027257958}.
[I 2025-08-09 18:34:41,160] Trial 30 finished with values: [0.8198133021408094, 0.17885806007796376] and parameters: {'psi': 0.4951700744265397}.
[I 2025-08-09 18:34:46,497] Trial 31 finished with values: [0.820504951656609, 0.18419843821773083] and parameters: {'psi': 0.8263758732406856}.
[I 2025-08-09 18:34:51,815] Trial 32 finished with values: [0.8207300171408793, 0.1824432729773092] and parameters: {'psi': 0.6779524662849119}.
[I 2025-08-09 18:34:57,125] Trial 33 finished with values: [0.8203929925446434, 0.17869415807560138] and parameters: {'psi': 0.2795002590868385}.
[I 2025-08-09 18:35:02,454] Trial 34 finished with values: [0.8207997165808056, 0.1824432729773092] and parameters: {'psi': 0.6913171778307177}.
[I 2025-08-09 18:35:07,800] Trial 35 finished with values: [0.819697982230908, 0.17873510540788268] and parameters: {'psi': 0.38941716068218324}.
[I 2025-08-09 18:35:13,127] Trial 36 finished with values: [0.816291415355915, 0.1808143547273982] and parameters: {'psi': 0.929921839876921}.
[I 2025-08-09 18:35:18,459] Trial 37 finished with values: [0.8197903839283781, 0.17839944966750745] and parameters: {'psi': 0.48787355720730696}.
[I 2025-08-09 18:35:23,804] Trial 38 finished with values: [0.826004769255712, 0.18015127206050882] and parameters: {'psi': 0.13205206065063713}.
[I 2025-08-09 18:35:29,138] Trial 39 finished with values: [0.8204620981086292, 0.17869415807560138] and parameters: {'psi': 0.27440178082733224}.
[I 2025-08-09 18:35:34,473] Trial 40 finished with values: [0.8206894986051205, 0.18198487279394912] and parameters: {'psi': 0.6702885046841558}.
[I 2025-08-09 18:35:39,825] Trial 41 finished with values: [0.8226966913065794, 0.17873510540788268] and parameters: {'psi': 0.1857463825646174}.
[I 2025-08-09 18:35:45,156] Trial 42 finished with values: [0.820520891826739, 0.17880946908756606] and parameters: {'psi': 0.9778907767875464}.
[I 2025-08-09 18:35:50,506] Trial 43 finished with values: [0.8199541317217915, 0.17873510540788268] and parameters: {'psi': 0.3246629446988295}.
[I 2025-08-09 18:35:55,833] Trial 44 finished with values: [0.820984519975746, 0.1829436038514443] and parameters: {'psi': 0.7587527181094644}.
[I 2025-08-09 18:36:01,152] Trial 45 finished with values: [0.8206528672573357, 0.18152647261058905] and parameters: {'psi': 0.6640172304366847}.
[I 2025-08-09 18:36:06,489] Trial 46 finished with values: [0.8192540194738398, 0.18499769903359412] and parameters: {'psi': 0.8793886338884811}.
[I 2025-08-09 18:36:11,826] Trial 47 finished with values: [0.8209770290405876, 0.18285976168652612] and parameters: {'psi': 0.7387123444921876}.
[I 2025-08-09 18:36:17,145] Trial 48 finished with values: [0.8204773499225558, 0.18110958276020175] and parameters: {'psi': 0.6344889296227839}.
[I 2025-08-09 18:36:22,481] Trial 49 finished with values: [0.820424292506144, 0.17869415807560138] and parameters: {'psi': 0.2771422406179248}.
[I 2025-08-09 18:36:27,820] Trial 50 finished with values: [0.8551232759578989, 0.18490479467767837] and parameters: {'psi': 0.03523797647118909}.
[I 2025-08-09 18:36:33,140] Trial 51 finished with values: [0.8201345215387196, 0.17972879797747643] and parameters: {'psi': 0.9757053400765497}.
[I 2025-08-09 18:36:38,450] Trial 52 finished with values: [0.8209870034569519, 0.1829436038514443] and parameters: {'psi': 0.7549768156013869}.
[I 2025-08-09 18:36:43,891] Trial 53 finished with values: [0.8197852145082597, 0.17873510540788268] and parameters: {'psi': 0.356188211290999}.
[I 2025-08-09 18:36:49,230] Trial 54 finished with values: [0.8622991059413669, 0.18586507572280864] and parameters: {'psi': 0.027957112161134057}.
[I 2025-08-09 18:36:54,556] Trial 55 finished with values: [0.8197452358597194, 0.17873510540788268] and parameters: {'psi': 0.3683219044337165}.
[I 2025-08-09 18:36:59,869] Trial 56 finished with values: [0.8196974288465089, 0.17873510540788268] and parameters: {'psi': 0.39012273923493634}.
[I 2025-08-09 18:37:05,180] Trial 57 finished with values: [0.8205244550823823, 0.18419843821773083] and parameters: {'psi': 0.8250294202739958}.
[I 2025-08-09 18:37:10,494] Trial 58 finished with values: [0.8205940330476843, 0.18373909049150206] and parameters: {'psi': 0.8200155877260504}.
[I 2025-08-09 18:37:15,813] Trial 59 finished with values: [0.8198967822019916, 0.17973406694176983] and parameters: {'psi': 0.52047782753258}.
[I 2025-08-09 18:37:21,131] Trial 60 finished with values: [0.8200264226203676, 0.1797752808988764] and parameters: {'psi': 0.5519121688548209}.
[I 2025-08-09 18:37:26,454] Trial 61 finished with values: [0.8196980767111713, 0.17794083925705115] and parameters: {'psi': 0.4446004096416366}.
[I 2025-08-09 18:37:31,770] Trial 62 finished with values: [0.8207692939360354, 0.1824432729773092] and parameters: {'psi': 0.6851108700569463}.
[I 2025-08-09 18:37:37,079] Trial 63 finished with values: [0.8209697675574967, 0.18252694336161432] and parameters: {'psi': 0.7687667006235809}.
[I 2025-08-09 18:37:42,409] Trial 64 finished with values: [0.849820449707697, 0.1830275229357798] and parameters: {'psi': 0.04192551349215501}.
[I 2025-08-09 18:37:47,723] Trial 65 finished with values: [0.8238816762655914, 0.1790633608815427] and parameters: {'psi': 0.9954786160039387}.
[I 2025-08-09 18:37:53,051] Trial 66 finished with values: [0.8160753659881957, 0.18119107840882961] and parameters: {'psi': 0.9345568123881202}.
[I 2025-08-09 18:37:58,390] Trial 67 finished with values: [0.8338944651140267, 0.18248509857863365] and parameters: {'psi': 0.07944783758824114}.
[I 2025-08-09 18:38:03,710] Trial 68 finished with values: [0.8160953688096464, 0.18119107840882961] and parameters: {'psi': 0.9457371587599854}.
[I 2025-08-09 18:38:09,025] Trial 69 finished with values: [0.8198094419471962, 0.17839944966750745] and parameters: {'psi': 0.4941153262720398}.
[I 2025-08-09 18:38:14,339] Trial 70 finished with values: [0.8197942576191719, 0.17839944966750745] and parameters: {'psi': 0.48897418321207486}.
[I 2025-08-09 18:38:19,660] Trial 71 finished with values: [0.8208522880987208, 0.1824432729773092] and parameters: {'psi': 0.701872046294634}.
[I 2025-08-09 18:38:24,971] Trial 72 finished with values: [0.8203863519318543, 0.18110958276020175] and parameters: {'psi': 0.6194119036569559}.
[I 2025-08-09 18:38:30,311] Trial 73 finished with values: [0.8384343902327491, 0.1837763519706691] and parameters: {'psi': 0.06423321443146379}.
[I 2025-08-09 18:38:35,632] Trial 74 finished with values: [0.8198229796192036, 0.17885806007796376] and parameters: {'psi': 0.4981876170600664}.
[I 2025-08-09 18:38:40,952] Trial 75 finished with values: [0.8200661988112009, 0.18023389130933273] and parameters: {'psi': 0.5607930358440343}.
[I 2025-08-09 18:38:46,273] Trial 76 finished with values: [0.8199609477979268, 0.1793166704884201] and parameters: {'psi': 0.5366712884077328}.
[I 2025-08-09 18:38:51,588] Trial 77 finished with values: [0.8196985086209462, 0.17873510540788268] and parameters: {'psi': 0.38919059398880584}.
[I 2025-08-09 18:38:56,922] Trial 78 finished with values: [0.8738535292454476, 0.18942528735632183] and parameters: {'psi': 0.0184615935307324}.
[I 2025-08-09 18:39:02,232] Trial 79 finished with values: [0.8209558519644364, 0.18256880733944955] and parameters: {'psi': 0.7740269453000882}.
[I 2025-08-09 18:39:07,573] Trial 80 finished with values: [0.8217251372622763, 0.17869415807560138] and parameters: {'psi': 0.21345774672801543}.
[I 2025-08-09 18:39:12,896] Trial 81 finished with values: [0.8172075769715859, 0.17889169924120488] and parameters: {'psi': 0.9581291056244192}.
[I 2025-08-09 18:39:18,213] Trial 82 finished with values: [0.8209628704982785, 0.18256880733944955] and parameters: {'psi': 0.7716980435399992}.
[I 2025-08-09 18:39:23,553] Trial 83 finished with values: [0.8481434925206995, 0.18344416418252693] and parameters: {'psi': 0.04440584265238767}.
[I 2025-08-09 18:39:28,890] Trial 84 finished with values: [0.8196895869846581, 0.17794083925705115] and parameters: {'psi': 0.4382086283233465}.
[I 2025-08-09 18:39:34,244] Trial 85 finished with values: [0.842174188996267, 0.18340210912425492] and parameters: {'psi': 0.05517077635743606}.
[I 2025-08-09 18:39:39,576] Trial 86 finished with values: [0.8197156095485966, 0.17873510540788268] and parameters: {'psi': 0.3799339186430104}.
[I 2025-08-09 18:39:44,897] Trial 87 finished with values: [0.8198160690628049, 0.17885806007796376] and parameters: {'psi': 0.4959182765871297}.
[I 2025-08-09 18:39:50,250] Trial 88 finished with values: [0.8376657258052107, 0.1842346471127406] and parameters: {'psi': 0.06642793565356808}.
[I 2025-08-09 18:39:55,585] Trial 89 finished with values: [0.8202017105030793, 0.17869415807560138] and parameters: {'psi': 0.29576335355357675}.
[I 2025-08-09 18:40:00,914] Trial 90 finished with values: [0.8253751662785147, 0.17969287187714875] and parameters: {'psi': 0.13951244205609292}.
[I 2025-08-09 18:40:06,246] Trial 91 finished with values: [0.832305846973179, 0.18248509857863365] and parameters: {'psi': 0.08643105092508796}.
[I 2025-08-09 18:40:11,556] Trial 92 finished with values: [0.8202341577249195, 0.18566176470588236] and parameters: {'psi': 0.8415683886552141}.
[I 2025-08-09 18:40:16,867] Trial 93 finished with values: [0.8161123752570336, 0.18119107840882961] and parameters: {'psi': 0.9461531698288472}.
[I 2025-08-09 18:40:22,190] Trial 94 finished with values: [0.820263770538862, 0.18023389130933273] and parameters: {'psi': 0.5980180031145248}.
[I 2025-08-09 18:40:27,514] Trial 95 finished with values: [0.8197538875523981, 0.17873510540788268] and parameters: {'psi': 0.36517917855674586}.
[I 2025-08-09 18:40:32,829] Trial 96 finished with values: [0.8207583207283166, 0.17839080459770115] and parameters: {'psi': 0.9791761246019232}.
[I 2025-08-09 18:40:38,140] Trial 97 finished with values: [0.8202850960839982, 0.18520220588235295] and parameters: {'psi': 0.8390638251724203}.
[I 2025-08-09 18:40:43,466] Trial 98 finished with values: [0.8202555912474996, 0.18023389130933273] and parameters: {'psi': 0.5968075220747127}.
[I 2025-08-09 18:40:48,780] Trial 99 finished with values: [0.8207187604923706, 0.18198487279394912] and parameters: {'psi': 0.6760252527459543}.
[I 2025-08-09 18:40:54,093] Trial 100 finished with values: [0.8202604232381063, 0.18566176470588236] and parameters: {'psi': 0.8403205496396349}.
[I 2025-08-09 18:40:59,411] Trial 101 finished with values: [0.820985383795296, 0.1829436038514443] and parameters: {'psi': 0.7573099970449814}.
[I 2025-08-09 18:41:04,838] Trial 102 finished with values: [0.8197112904508473, 0.17794083925705115] and parameters: {'psi': 0.45557873158399376}.
[I 2025-08-09 18:41:10,171] Trial 103 finished with values: [0.8233032141051799, 0.17919340054995417] and parameters: {'psi': 0.17230947679761865}.
[I 2025-08-09 18:41:15,513] Trial 104 finished with values: [0.8595641857607229, 0.18623853211009175] and parameters: {'psi': 0.030538509309812056}.
[I 2025-08-09 18:41:20,832] Trial 105 finished with values: [0.8197996969828997, 0.18491260349586017] and parameters: {'psi': 0.8607578941133077}.
[I 2025-08-09 18:41:26,157] Trial 106 finished with values: [0.8201127910781694, 0.18023389130933273] and parameters: {'psi': 0.569732720655458}.
[I 2025-08-09 18:41:31,477] Trial 107 finished with values: [0.819934884742447, 0.1793166704884201] and parameters: {'psi': 0.529948202481582}.
[I 2025-08-09 18:41:36,792] Trial 108 finished with values: [0.8212882470277725, 0.17834980464261088] and parameters: {'psi': 0.9821255851295129}.
[I 2025-08-09 18:41:42,121] Trial 109 finished with values: [0.821659729925738, 0.17869415807560138] and parameters: {'psi': 0.215683792487538}.
[I 2025-08-09 18:41:47,447] Trial 110 finished with values: [0.8205878918305725, 0.18110958276020175] and parameters: {'psi': 0.6528592995878877}.
[I 2025-08-09 18:41:52,772] Trial 111 finished with values: [0.8242392705648576, 0.179940325912325] and parameters: {'psi': 0.997091028694453}.
[I 2025-08-09 18:41:58,127] Trial 112 finished with values: [0.87092415518583, 0.1914450867052023] and parameters: {'psi': 0.003036499553542127}.
[I 2025-08-09 18:42:03,447] Trial 113 finished with values: [0.8198472475496814, 0.17885806007796376] and parameters: {'psi': 0.5066613653781429}.
[I 2025-08-09 18:42:08,767] Trial 114 finished with values: [0.8203584937513724, 0.18110958276020175] and parameters: {'psi': 0.614678264613943}.
[I 2025-08-09 18:42:14,087] Trial 115 finished with values: [0.8204199194196731, 0.18110958276020175] and parameters: {'psi': 0.6246839330488099}.
[I 2025-08-09 18:42:19,412] Trial 116 finished with values: [0.820029365005709, 0.1797752808988764] and parameters: {'psi': 0.5527107520805592}.
[I 2025-08-09 18:42:24,726] Trial 117 finished with values: [0.8201668742802966, 0.1798165137614679] and parameters: {'psi': 0.5799346027690866}.
[I 2025-08-09 18:42:30,046] Trial 118 finished with values: [0.8204668896076948, 0.18110958276020175] and parameters: {'psi': 0.6328227369223124}.
[I 2025-08-09 18:42:35,370] Trial 119 finished with values: [0.8207392627094985, 0.1824432729773092] and parameters: {'psi': 0.6796169546735005}.
[I 2025-08-09 18:42:40,706] Trial 120 finished with values: [0.8242761718562515, 0.18010999083409715] and parameters: {'psi': 0.15489342646253934}.
[I 2025-08-09 18:42:46,023] Trial 121 finished with values: [0.8208508304032304, 0.17839080459770115] and parameters: {'psi': 0.9796890364242923}.
[I 2025-08-09 18:42:51,352] Trial 122 finished with values: [0.8198367737376399, 0.17873510540788268] and parameters: {'psi': 0.34406008475421135}.
[I 2025-08-09 18:42:56,669] Trial 123 finished with values: [0.8175945006440044, 0.18265470439383483] and parameters: {'psi': 0.9124150642986127}.
[I 2025-08-09 18:43:01,987] Trial 124 finished with values: [0.8202106996252698, 0.18023389130933273] and parameters: {'psi': 0.5882206365248822}.
[I 2025-08-09 18:43:07,321] Trial 125 finished with values: [0.8197065259461429, 0.17873510540788268] and parameters: {'psi': 0.3846149199823129}.
[I 2025-08-09 18:43:12,636] Trial 126 finished with values: [0.820462435538141, 0.18110958276020175] and parameters: {'psi': 0.6320740652282416}.
[I 2025-08-09 18:43:17,961] Trial 127 finished with values: [0.8216917317406228, 0.17869415807560138] and parameters: {'psi': 0.21460603075391804}.
[I 2025-08-09 18:43:23,286] Trial 128 finished with values: [0.8164923073899708, 0.18073120257530467] and parameters: {'psi': 0.9517394709133833}.
[I 2025-08-09 18:43:28,606] Trial 129 finished with values: [0.8187087603773746, 0.18361711919005982] and parameters: {'psi': 0.8931178425725607}.
[I 2025-08-09 18:43:33,929] Trial 130 finished with values: [0.8208295723439966, 0.18219366681964203] and parameters: {'psi': 0.7970230592409056}.
[I 2025-08-09 18:43:39,261] Trial 131 finished with values: [0.8166847096975136, 0.18027132674177973] and parameters: {'psi': 0.9537203842056765}.
[I 2025-08-09 18:43:44,585] Trial 132 finished with values: [0.8209296269427908, 0.18331805682859761] and parameters: {'psi': 0.7210030848292783}.
[I 2025-08-09 18:43:49,917] Trial 133 finished with values: [0.8196922324320294, 0.17873510540788268] and parameters: {'psi': 0.39500591593942347}.
[I 2025-08-09 18:43:55,245] Trial 134 finished with values: [0.8201541329419366, 0.1798165137614679] and parameters: {'psi': 0.5775629725391439}.
[I 2025-08-09 18:44:00,576] Trial 135 finished with values: [0.819895486472667, 0.17973406694176983] and parameters: {'psi': 0.5199211976708573}.
[I 2025-08-09 18:44:05,894] Trial 136 finished with values: [0.8207099738278874, 0.18198487279394912] and parameters: {'psi': 0.6743340778144221}.
[I 2025-08-09 18:44:11,232] Trial 137 finished with values: [0.8200315380517641, 0.17873510540788268] and parameters: {'psi': 0.31424031969548394}.
[I 2025-08-09 18:44:16,553] Trial 138 finished with values: [0.8183748806241874, 0.18319907940161104] and parameters: {'psi': 0.8999862941037361}.
[I 2025-08-09 18:44:21,881] Trial 139 finished with values: [0.8196858752600299, 0.17794083925705115] and parameters: {'psi': 0.43366283047206045}.
[I 2025-08-09 18:44:27,221] Trial 140 finished with values: [0.820031740509471, 0.17873510540788268] and parameters: {'psi': 0.3142167166539761}.
[I 2025-08-09 18:44:32,552] Trial 141 finished with values: [0.8197005466951964, 0.17794083925705115] and parameters: {'psi': 0.44680089892317876}.
[I 2025-08-09 18:44:37,869] Trial 142 finished with values: [0.8197456407751335, 0.17839944966750745] and parameters: {'psi': 0.47133402205401953}.
[I 2025-08-09 18:44:43,207] Trial 143 finished with values: [0.8737884323440602, 0.18942528735632183] and parameters: {'psi': 0.018513783900536707}.
[I 2025-08-09 18:44:48,525] Trial 144 finished with values: [0.82098636908947, 0.18290167316066927] and parameters: {'psi': 0.7519018440143674}.
[I 2025-08-09 18:44:53,853] Trial 145 finished with values: [0.8206271416313674, 0.17869415807560138] and parameters: {'psi': 0.2632210415538645}.
[I 2025-08-09 18:44:59,181] Trial 146 finished with values: [0.8197062155109922, 0.17794083925705115] and parameters: {'psi': 0.452206129680782}.
[I 2025-08-09 18:45:04,493] Trial 147 finished with values: [0.820419743956327, 0.18110958276020175] and parameters: {'psi': 0.6246365170812799}.
[I 2025-08-09 18:45:09,815] Trial 148 finished with values: [0.8203295962879945, 0.18069250171978904] and parameters: {'psi': 0.6098100060049401}.
[I 2025-08-09 18:45:15,134] Trial 149 finished with values: [0.8209209077642099, 0.18215186969488414] and parameters: {'psi': 0.7822223159429013}.
