[I 2025-08-09 20:48:22,364] Trial 449 finished with values: [0.899632328597168, 0.2581227436823105] and parameters: {'psi': 0.46570362080733396}.
[I 2025-08-09 20:48:30,090] Trial 450 finished with values: [0.8996394148390551, 0.25765765765765763] and parameters: {'psi': 0.4134041476161405}.
[I 2025-08-09 20:48:37,802] Trial 451 finished with values: [0.8991858953582792, 0.25673249551166966] and parameters: {'psi': 0.21991035434636863}.
[I 2025-08-09 20:48:45,476] Trial 452 finished with values: [0.8992027397037485, 0.25673249551166966] and parameters: {'psi': 0.22313894226120012}.
[I 2025-08-09 20:48:53,220] Trial 453 finished with values: [0.8280656999174045, 0.3176130895091434] and parameters: {'psi': 0.002948445100945163}.
[I 2025-08-09 20:49:00,883] Trial 454 finished with values: [0.899621873486187, 0.25742574257425743] and parameters: {'psi': 0.37955958253666433}.
[I 2025-08-09 20:49:08,750] Trial 455 finished with values: [0.8961170879495552, 0.27548209366391185] and parameters: {'psi': 0.9365100055940542}.
[I 2025-08-09 20:49:16,519] Trial 456 finished with values: [0.8991069011864228, 0.25650224215246636] and parameters: {'psi': 0.20774560427198285}.
[I 2025-08-09 20:49:24,237] Trial 457 finished with values: [0.8969940394250617, 0.26071103008204194] and parameters: {'psi': 0.8081326857995634}.
[I 2025-08-09 20:49:31,903] Trial 458 finished with values: [0.8975969508249664, 0.26277372262773724] and parameters: {'psi': 0.7766286767100476}.
[I 2025-08-09 20:49:39,662] Trial 459 finished with values: [0.8986205061900067, 0.26497277676951] and parameters: {'psi': 0.6931748317216786}.
[I 2025-08-09 20:49:47,388] Trial 460 finished with values: [0.8992875422705945, 0.26268115942028986] and parameters: {'psi': 0.5863348640318382}.
[I 2025-08-09 20:49:55,106] Trial 461 finished with values: [0.8996245453478822, 0.25742574257425743] and parameters: {'psi': 0.3851769653424878}.
[I 2025-08-09 20:50:02,827] Trial 462 finished with values: [0.8995989884099286, 0.2585895117540687] and parameters: {'psi': 0.49086919667998596}.
[I 2025-08-09 20:50:10,554] Trial 463 finished with values: [0.8992710464288244, 0.25696316262353996] and parameters: {'psi': 0.23629482303447125}.
[I 2025-08-09 20:50:18,288] Trial 464 finished with values: [0.8957113134755924, 0.26605504587155965] and parameters: {'psi': 0.8886999263710917}.
[I 2025-08-09 20:50:26,047] Trial 465 finished with values: [0.8974494175922344, 0.2625341841385597] and parameters: {'psi': 0.7844618175172667}.
[I 2025-08-09 20:50:33,817] Trial 466 finished with values: [0.8996207118071893, 0.2581227436823105] and parameters: {'psi': 0.47433426495943065}.
[I 2025-08-09 20:50:41,524] Trial 467 finished with values: [0.8996219896540869, 0.25742574257425743] and parameters: {'psi': 0.379738102066002}.
[I 2025-08-09 20:50:49,251] Trial 468 finished with values: [0.8991105023913161, 0.25650224215246636] and parameters: {'psi': 0.20844806279784645}.
[I 2025-08-09 20:50:56,927] Trial 469 finished with values: [0.8996465010809424, 0.25765765765765763] and parameters: {'psi': 0.44192806568674636}.
[I 2025-08-09 20:51:04,670] Trial 470 finished with values: [0.8881174178663906, 0.26235399820305483] and parameters: {'psi': 0.03128741793163392}.
[I 2025-08-09 20:51:12,345] Trial 471 finished with values: [0.896218037854472, 0.27548209366391185] and parameters: {'psi': 0.9397096439328666}.
[I 2025-08-09 20:51:20,097] Trial 472 finished with values: [0.8162484041434768, 0.3283283283283283] and parameters: {'psi': 0.0012671744726809875}.
[I 2025-08-09 20:51:27,866] Trial 473 finished with values: [0.8976213460839221, 0.25829596412556055] and parameters: {'psi': 0.11077892956766122}.
[I 2025-08-09 20:51:35,606] Trial 474 finished with values: [0.8963877591560635, 0.27389705882352944] and parameters: {'psi': 0.944544600840839}.
[I 2025-08-09 20:51:43,334] Trial 475 finished with values: [0.8988336742861193, 0.25673249551166966] and parameters: {'psi': 0.1766794354984954}.
[I 2025-08-09 20:51:51,059] Trial 476 finished with values: [0.8971682912747452, 0.26229508196721313] and parameters: {'psi': 0.7989989315788715}.
[I 2025-08-09 20:51:58,814] Trial 477 finished with values: [0.8979646222277983, 0.2643573381950775] and parameters: {'psi': 0.753069464026886}.
[I 2025-08-09 20:52:06,558] Trial 478 finished with values: [0.8996197824639908, 0.25742574257425743] and parameters: {'psi': 0.3732740346630703}.
[I 2025-08-09 20:52:14,290] Trial 479 finished with values: [0.8978149979728701, 0.2643573381950775] and parameters: {'psi': 0.7635798658380918}.
[I 2025-08-09 20:52:22,003] Trial 480 finished with values: [0.8995458996797252, 0.25742574257425743] and parameters: {'psi': 0.3208506465231551}.
[I 2025-08-09 20:52:29,735] Trial 481 finished with values: [0.8995378840946396, 0.2603978300180832] and parameters: {'psi': 0.5168683392104106}.
[I 2025-08-09 20:52:37,481] Trial 482 finished with values: [0.8883916902777923, 0.26235399820305483] and parameters: {'psi': 0.03196782032133272}.
[I 2025-08-09 20:52:45,248] Trial 483 finished with values: [0.8963017949102197, 0.2616487455197133] and parameters: {'psi': 0.0809068831487636}.
[I 2025-08-09 20:52:53,021] Trial 484 finished with values: [0.8959657211761304, 0.263254113345521] and parameters: {'psi': 0.8665160947675069}.
[I 2025-08-09 20:53:00,797] Trial 485 finished with values: [0.8996140902369012, 0.2585895117540687] and parameters: {'psi': 0.4826600391206616}.
[I 2025-08-09 20:53:08,557] Trial 486 finished with values: [0.8959538720503518, 0.27339449541284405] and parameters: {'psi': 0.9288152774871894}.
[I 2025-08-09 20:53:16,328] Trial 487 finished with values: [0.8984176770369751, 0.2585278276481149] and parameters: {'psi': 0.1454392993667587}.
[I 2025-08-09 20:53:24,054] Trial 488 finished with values: [0.8956772762809545, 0.26605504587155965] and parameters: {'psi': 0.8932352655875292}.
[I 2025-08-09 20:53:31,782] Trial 489 finished with values: [0.8952648802367038, 0.26118067978533094] and parameters: {'psi': 0.0670071965682344}.
[I 2025-08-09 20:53:39,521] Trial 490 finished with values: [0.8912258385289425, 0.26367713004484306] and parameters: {'psi': 0.04077837315511745}.
[I 2025-08-09 20:53:47,185] Trial 491 finished with values: [0.8981689615635271, 0.26387625113739765] and parameters: {'psi': 0.7373047057119868}.
[I 2025-08-09 20:53:54,926] Trial 492 finished with values: [0.8996425513723495, 0.25765765765765763] and parameters: {'psi': 0.4456230272851496}.
[I 2025-08-09 20:54:02,660] Trial 493 finished with values: [0.8987142536851361, 0.26497277676951] and parameters: {'psi': 0.6819455555768658}.
[I 2025-08-09 20:54:10,384] Trial 494 finished with values: [0.8996243130120826, 0.25742574257425743] and parameters: {'psi': 0.3852459389242481}.
[I 2025-08-09 20:54:18,101] Trial 495 finished with values: [0.8956816906611464, 0.26605504587155965] and parameters: {'psi': 0.8923001780809793}.
[I 2025-08-09 20:54:25,829] Trial 496 finished with values: [0.8995541476006103, 0.25742574257425743] and parameters: {'psi': 0.3260927618625531}.
[I 2025-08-09 20:54:33,546] Trial 497 finished with values: [0.8750588680832179, 0.26835902085222124] and parameters: {'psi': 0.015226510042140151}.
[I 2025-08-09 20:54:41,261] Trial 498 finished with values: [0.8993970886000956, 0.26063348416289595] and parameters: {'psi': 0.5614201131220727}.
[I 2025-08-09 20:54:48,974] Trial 499 finished with values: [0.89963128308607, 0.2581227436823105] and parameters: {'psi': 0.46157970750824084}.
