[I 2025-08-09 20:17:06,556] Trial 451 finished with values: [0.8256767134506592, 0.24177566389219182] and parameters: {'psi': 0.9822123183063791}.
[I 2025-08-09 20:17:14,690] Trial 452 finished with values: [0.8340759419262775, 0.24059561128526646] and parameters: {'psi': 0.48983194336119984}.
[I 2025-08-09 20:17:22,815] Trial 453 finished with values: [0.8358114175001482, 0.23747534516765287] and parameters: {'psi': 0.6844082092857063}.
[I 2025-08-09 20:17:30,947] Trial 454 finished with values: [0.8298990736488419, 0.24087877599058455] and parameters: {'psi': 0.18250618135688124}.
[I 2025-08-09 20:17:39,182] Trial 455 finished with values: [0.8273786775585269, 0.24192277383766744] and parameters: {'psi': 0.07271684667782108}.
[I 2025-08-09 20:17:47,318] Trial 456 finished with values: [0.8356800973480619, 0.22293248102277266] and parameters: {'psi': 0.7701034159797632}.
[I 2025-08-09 20:17:55,466] Trial 457 finished with values: [0.8249106827517477, 0.23790642347343377] and parameters: {'psi': 0.9714839845661448}.
[I 2025-08-09 20:18:03,589] Trial 458 finished with values: [0.8241928485559591, 0.22839016653449642] and parameters: {'psi': 0.9373589868157192}.
[I 2025-08-09 20:18:11,741] Trial 459 finished with values: [0.8345239729005072, 0.24068992551940416] and parameters: {'psi': 0.5235215550527654}.
[I 2025-08-09 20:18:19,854] Trial 460 finished with values: [0.8299721185025446, 0.24087877599058455] and parameters: {'psi': 0.18689889513476454}.
[I 2025-08-09 20:18:27,960] Trial 461 finished with values: [0.8355279434598605, 0.24087877599058455] and parameters: {'psi': 0.6148943226265372}.
[I 2025-08-09 20:18:36,101] Trial 462 finished with values: [0.8291803942710606, 0.24106792304672164] and parameters: {'psi': 0.1425303453272092}.
[I 2025-08-09 20:18:44,241] Trial 463 finished with values: [0.8357117705432313, 0.2251497005988024] and parameters: {'psi': 0.7604799300248155}.
[I 2025-08-09 20:18:52,364] Trial 464 finished with values: [0.8278547685749081, 0.2430200550530869] and parameters: {'psi': 0.08699119892976959}.
[I 2025-08-09 20:19:00,491] Trial 465 finished with values: [0.8311704175315254, 0.23971797884841364] and parameters: {'psi': 0.26766276110191134}.
[I 2025-08-09 20:19:08,621] Trial 466 finished with values: [0.8307059477675416, 0.22107355864811135] and parameters: {'psi': 0.8863760914752989}.
[I 2025-08-09 20:19:16,755] Trial 467 finished with values: [0.8297716413339212, 0.24097331240188383] and parameters: {'psi': 0.17471629637006236}.
[I 2025-08-09 20:19:24,860] Trial 468 finished with values: [0.830463401665241, 0.23990591924735397] and parameters: {'psi': 0.2184238459903961}.
[I 2025-08-09 20:19:32,957] Trial 469 finished with values: [0.8357552974158455, 0.23996852871754523] and parameters: {'psi': 0.6556035455813248}.
[I 2025-08-09 20:19:41,105] Trial 470 finished with values: [0.8357440987544448, 0.23996852871754523] and parameters: {'psi': 0.6522787612224813}.
[I 2025-08-09 20:19:49,251] Trial 471 finished with values: [0.8243700409606889, 0.22829964328180738] and parameters: {'psi': 0.933889401203834}.
[I 2025-08-09 20:19:57,352] Trial 472 finished with values: [0.8317900415797845, 0.240407204385278] and parameters: {'psi': 0.3151900888761281}.
[I 2025-08-09 20:20:05,505] Trial 473 finished with values: [0.8307074057064787, 0.24] and parameters: {'psi': 0.23500859450082012}.
[I 2025-08-09 20:20:13,629] Trial 474 finished with values: [0.8299942200116487, 0.24087877599058455] and parameters: {'psi': 0.18819118440706473}.
[I 2025-08-09 20:20:21,738] Trial 475 finished with values: [0.8340596721729218, 0.24059561128526646] and parameters: {'psi': 0.488731258270214}.
[I 2025-08-09 20:20:29,876] Trial 476 finished with values: [0.8344307281971834, 0.2202713487629689] and parameters: {'psi': 0.8466694241733659}.
[I 2025-08-09 20:20:37,997] Trial 477 finished with values: [0.8357268359122476, 0.22727272727272727] and parameters: {'psi': 0.7533631537168183}.
[I 2025-08-09 20:20:46,155] Trial 478 finished with values: [0.828532963735248, 0.24213836477987422] and parameters: {'psi': 0.11237323311633973}.
[I 2025-08-09 20:20:54,298] Trial 479 finished with values: [0.8282716334631639, 0.22169249106078665] and parameters: {'psi': 0.9020423574599559}.
[I 2025-08-09 20:21:02,448] Trial 480 finished with values: [0.8338131325857067, 0.23981191222570533] and parameters: {'psi': 0.47068943749660663}.
[I 2025-08-09 20:21:10,560] Trial 481 finished with values: [0.8292374863146547, 0.24097331240188383] and parameters: {'psi': 0.14543987230614153}.
[I 2025-08-09 20:21:18,689] Trial 482 finished with values: [0.8356409865513585, 0.24066063704286275] and parameters: {'psi': 0.6312388006877058}.
[I 2025-08-09 20:21:26,823] Trial 483 finished with values: [0.8328804531274216, 0.24119028974158183] and parameters: {'psi': 0.4002692861767223}.
[I 2025-08-09 20:21:34,930] Trial 484 finished with values: [0.8263943152214002, 0.2432646592709984] and parameters: {'psi': 0.9910089259113206}.
[I 2025-08-09 20:21:43,040] Trial 485 finished with values: [0.8322027650762772, 0.240407204385278] and parameters: {'psi': 0.34751143595325096}.
[I 2025-08-09 20:21:51,170] Trial 486 finished with values: [0.8324207163825958, 0.24050137093615354] and parameters: {'psi': 0.36489352048269885}.
[I 2025-08-09 20:21:59,303] Trial 487 finished with values: [0.8354963125237906, 0.2407843137254902] and parameters: {'psi': 0.6107305346122104}.
[I 2025-08-09 20:22:07,458] Trial 488 finished with values: [0.818680951932704, 0.25995125913891143] and parameters: {'psi': 0.006879727097911736}.
[I 2025-08-09 20:22:15,604] Trial 489 finished with values: [0.8333518533837442, 0.24050137093615354] and parameters: {'psi': 0.4366447010019172}.
[I 2025-08-09 20:22:23,726] Trial 490 finished with values: [0.8279864056702414, 0.24282907662082515] and parameters: {'psi': 0.09136363463716501}.
[I 2025-08-09 20:22:31,854] Trial 491 finished with values: [0.8357728983308396, 0.23095238095238096] and parameters: {'psi': 0.7323361172651297}.
[I 2025-08-09 20:22:40,010] Trial 492 finished with values: [0.8356696593504545, 0.2222222222222222] and parameters: {'psi': 0.7731287548944985}.
[I 2025-08-09 20:22:48,157] Trial 493 finished with values: [0.8291796547368171, 0.24106792304672164] and parameters: {'psi': 0.14250343447802838}.
[I 2025-08-09 20:22:56,263] Trial 494 finished with values: [0.8356928807256987, 0.22373152217339193] and parameters: {'psi': 0.7671112287775572}.
[I 2025-08-09 20:23:04,413] Trial 495 finished with values: [0.8313243885610111, 0.2211614956245028] and parameters: {'psi': 0.8818428714359203}.
[I 2025-08-09 20:23:12,530] Trial 496 finished with values: [0.8263604445530504, 0.24426877470355732] and parameters: {'psi': 0.050195425605270905}.
[I 2025-08-09 20:23:20,662] Trial 497 finished with values: [0.8284599822701948, 0.24213836477987422] and parameters: {'psi': 0.10931987604312166}.
[I 2025-08-09 20:23:28,791] Trial 498 finished with values: [0.8319355607893449, 0.240407204385278] and parameters: {'psi': 0.3265899172726142}.
[I 2025-08-09 20:23:36,920] Trial 499 finished with values: [0.8317546495838481, 0.240407204385278] and parameters: {'psi': 0.3123006443238161}.
