[I 2025-08-09 18:32:12,413] Trial 0 finished with values: [0.8862722881288937, 0.2563667232597623] and parameters: {'psi': 0.7821928832637699}.
[I 2025-08-09 18:32:18,609] Trial 1 finished with values: [0.8863624192565352, 0.2711038961038961] and parameters: {'psi': 0.13256422237918108}.
[I 2025-08-09 18:32:24,697] Trial 2 finished with values: [0.8871519233074155, 0.2474747474747475] and parameters: {'psi': 0.6473630614430401}.
[I 2025-08-09 18:32:30,780] Trial 3 finished with values: [0.8825224028847061, 0.2611625947767481] and parameters: {'psi': 0.8483260928053195}.
[I 2025-08-09 18:32:36,858] Trial 4 finished with values: [0.887144830760678, 0.2590759075907591] and parameters: {'psi': 0.5771684421026073}.
[I 2025-08-09 18:32:42,950] Trial 5 finished with values: [0.8864017071839689, 0.26688364524003255] and parameters: {'psi': 0.3328681046734411}.
[I 2025-08-09 18:32:49,044] Trial 6 finished with values: [0.8863617817242444, 0.2711038961038961] and parameters: {'psi': 0.12998252057505444}.
[I 2025-08-09 18:32:55,131] Trial 7 finished with values: [0.8864050542284967, 0.2548853016142736] and parameters: {'psi': 0.7743673698995867}.
[I 2025-08-09 18:33:01,213] Trial 8 finished with values: [0.8776460777738392, 0.2714404662781016] and parameters: {'psi': 0.9061935898915688}.
[I 2025-08-09 18:33:07,296] Trial 9 finished with values: [0.8854900360078237, 0.2574089754445385] and parameters: {'psi': 0.8097094088751435}.
[I 2025-08-09 18:33:13,362] Trial 10 finished with values: [0.8864112701683341, 0.2548853016142736] and parameters: {'psi': 0.7739915747877218}.
[I 2025-08-09 18:33:19,450] Trial 11 finished with values: [0.8863436120539505, 0.26666666666666666] and parameters: {'psi': 0.2949168048697828}.
[I 2025-08-09 18:33:25,530] Trial 12 finished with values: [0.8864335041069831, 0.2877930476960388] and parameters: {'psi': 0.0435542846924305}.
[I 2025-08-09 18:33:31,645] Trial 13 finished with values: [0.8802021838031097, 0.28075970272502065] and parameters: {'psi': 0.9602504692363676}.
[I 2025-08-09 18:33:37,730] Trial 14 finished with values: [0.8782299776608685, 0.26855713094245204] and parameters: {'psi': 0.8939929008959498}.
[I 2025-08-09 18:33:43,826] Trial 15 finished with values: [0.886356203316698, 0.2739059967585089] and parameters: {'psi': 0.1044426592513712}.
[I 2025-08-09 18:33:49,951] Trial 16 finished with values: [0.8863522187398792, 0.2711038961038961] and parameters: {'psi': 0.13635200881127862}.
[I 2025-08-09 18:33:56,047] Trial 17 finished with values: [0.8862753164072761, 0.2708840227088402] and parameters: {'psi': 0.17568122218215976}.
[I 2025-08-09 18:34:02,144] Trial 18 finished with values: [0.8863946943287678, 0.26688364524003255] and parameters: {'psi': 0.32846432577370377}.
[I 2025-08-09 18:34:08,240] Trial 19 finished with values: [0.8863507046006881, 0.26525630593978844] and parameters: {'psi': 0.2997066874458013}.
[I 2025-08-09 18:34:14,334] Trial 20 finished with values: [0.8870600389659736, 0.24915254237288137] and parameters: {'psi': 0.689330691015945}.
[I 2025-08-09 18:34:20,427] Trial 21 finished with values: [0.8864120670836978, 0.2671009771986971] and parameters: {'psi': 0.33790636523337103}.
[I 2025-08-09 18:34:26,517] Trial 22 finished with values: [0.8871531186804612, 0.24726661059714045] and parameters: {'psi': 0.6447688091337164}.
[I 2025-08-09 18:34:32,619] Trial 23 finished with values: [0.8858000360843277, 0.2574089754445385] and parameters: {'psi': 0.8017901999745858}.
[I 2025-08-09 18:34:38,702] Trial 24 finished with values: [0.8831639197525355, 0.26182432432432434] and parameters: {'psi': 0.8421014247511375}.
[I 2025-08-09 18:34:44,790] Trial 25 finished with values: [0.8871544734365795, 0.2531223980016653] and parameters: {'psi': 0.602336332870968}.
[I 2025-08-09 18:34:50,891] Trial 26 finished with values: [0.8829713850006504, 0.28665568369028005] and parameters: {'psi': 0.9778057036435918}.
[I 2025-08-09 18:34:56,991] Trial 27 finished with values: [0.886138725113927, 0.2917341977309562] and parameters: {'psi': 0.01988755244734075}.
[I 2025-08-09 18:35:03,093] Trial 28 finished with values: [0.886360426968126, 0.2711038961038961] and parameters: {'psi': 0.12062226933382414}.
[I 2025-08-09 18:35:09,185] Trial 29 finished with values: [0.886269180158975, 0.2711038961038961] and parameters: {'psi': 0.20833792896626624}.
[I 2025-08-09 18:35:15,280] Trial 30 finished with values: [0.8863465606407964, 0.2783171521035599] and parameters: {'psi': 0.09023949583236057}.
[I 2025-08-09 18:35:21,371] Trial 31 finished with values: [0.8871172574890918, 0.2483108108108108] and parameters: {'psi': 0.6656602963420898}.
[I 2025-08-09 18:35:27,469] Trial 32 finished with values: [0.8863194655184284, 0.2708840227088402] and parameters: {'psi': 0.14928393164458398}.
[I 2025-08-09 18:35:33,571] Trial 33 finished with values: [0.886427367858682, 0.2671009771986971] and parameters: {'psi': 0.3441626001474819}.
[I 2025-08-09 18:35:39,672] Trial 34 finished with values: [0.8863369179648949, 0.26666666666666666] and parameters: {'psi': 0.29020298421163726}.
[I 2025-08-09 18:35:45,769] Trial 35 finished with values: [0.8857169178118871, 0.2574089754445385] and parameters: {'psi': 0.804095852881666}.
[I 2025-08-09 18:35:51,861] Trial 36 finished with values: [0.87824049694367, 0.2746071133167907] and parameters: {'psi': 0.9402687665641121}.
[I 2025-08-09 18:35:57,952] Trial 37 finished with values: [0.8828386189010473, 0.26138279932546377] and parameters: {'psi': 0.8452442818886245}.
[I 2025-08-09 18:36:04,054] Trial 38 finished with values: [0.8871375788308679, 0.2586490939044481] and parameters: {'psi': 0.5727823813963646}.
[I 2025-08-09 18:36:10,127] Trial 39 finished with values: [0.8868067792633696, 0.25795918367346937] and parameters: {'psi': 0.4756009056706163}.
[I 2025-08-09 18:36:16,206] Trial 40 finished with values: [0.8870511135138994, 0.24915254237288137] and parameters: {'psi': 0.6932321099350787}.
[I 2025-08-09 18:36:22,283] Trial 41 finished with values: [0.8864264115602455, 0.2877930476960388] and parameters: {'psi': 0.044939449680281074}.
[I 2025-08-09 18:36:28,364] Trial 42 finished with values: [0.8871567047995981, 0.24811399832355407] and parameters: {'psi': 0.6275958404569864}.
[I 2025-08-09 18:36:34,444] Trial 43 finished with values: [0.8869904682547172, 0.25859247135842883] and parameters: {'psi': 0.5220878702907895}.
[I 2025-08-09 18:36:40,518] Trial 44 finished with values: [0.8863084680864086, 0.26807473598700243] and parameters: {'psi': 0.266621623130872}.
[I 2025-08-09 18:36:46,598] Trial 45 finished with values: [0.8871411649500046, 0.2588623248145095] and parameters: {'psi': 0.5753695205722885}.
[I 2025-08-09 18:36:52,685] Trial 46 finished with values: [0.8865939231697085, 0.2553191489361702] and parameters: {'psi': 0.7616065852316168}.
[I 2025-08-09 18:36:58,763] Trial 47 finished with values: [0.8867752214149648, 0.25938009787928223] and parameters: {'psi': 0.4661079397156396}.
[I 2025-08-09 18:37:04,854] Trial 48 finished with values: [0.8827343026799308, 0.28665568369028005] and parameters: {'psi': 0.9764669607042493}.
[I 2025-08-09 18:37:10,945] Trial 49 finished with values: [0.8775038283814076, 0.27287853577371046] and parameters: {'psi': 0.9220151736285394}.
[I 2025-08-09 18:37:17,040] Trial 50 finished with values: [0.8871610081425624, 0.24705882352941178] and parameters: {'psi': 0.6374777590338349}.
[I 2025-08-09 18:37:23,122] Trial 51 finished with values: [0.8863709462509275, 0.26525630593978844] and parameters: {'psi': 0.3142856613737468}.
[I 2025-08-09 18:37:29,200] Trial 52 finished with values: [0.8864699231391069, 0.2656886715566422] and parameters: {'psi': 0.3631466464043924}.
[I 2025-08-09 18:37:35,384] Trial 53 finished with values: [0.8871259438665567, 0.2580115036976171] and parameters: {'psi': 0.5650077246541538}.
[I 2025-08-09 18:37:41,465] Trial 54 finished with values: [0.8867605581722714, 0.252129471890971] and parameters: {'psi': 0.7455766275968954}.
[I 2025-08-09 18:37:47,551] Trial 55 finished with values: [0.8871468230490874, 0.25683512841756423] and parameters: {'psi': 0.5838382552275718}.
[I 2025-08-09 18:37:53,628] Trial 56 finished with values: [0.8867592034161529, 0.2595918367346939] and parameters: {'psi': 0.46036972590687164}.
[I 2025-08-09 18:37:59,724] Trial 57 finished with values: [0.8862879076700234, 0.2708840227088402] and parameters: {'psi': 0.16513462015622227}.
[I 2025-08-09 18:38:05,806] Trial 58 finished with values: [0.8871612472171716, 0.24853064651553317] and parameters: {'psi': 0.6395251201358474}.
[I 2025-08-09 18:38:11,899] Trial 59 finished with values: [0.8851032929817895, 0.2586644125105664] and parameters: {'psi': 0.817316466730468}.
[I 2025-08-09 18:38:17,978] Trial 60 finished with values: [0.8869193037127331, 0.2581699346405229] and parameters: {'psi': 0.5022306295099311}.
[I 2025-08-09 18:38:24,068] Trial 61 finished with values: [0.8797969523406359, 0.2651006711409396] and parameters: {'psi': 0.8744113714919038}.
[I 2025-08-09 18:38:30,166] Trial 62 finished with values: [0.8791019624518981, 0.2752902155887231] and parameters: {'psi': 0.9506678215443667}.
[I 2025-08-09 18:38:36,260] Trial 63 finished with values: [0.8775280546084658, 0.27287853577371046] and parameters: {'psi': 0.9233533184795681}.
[I 2025-08-09 18:38:42,338] Trial 64 finished with values: [0.8812548293071045, 0.2852431986809563] and parameters: {'psi': 0.967506075313014}.
[I 2025-08-09 18:38:48,428] Trial 65 finished with values: [0.8852112750135795, 0.25888324873096447] and parameters: {'psi': 0.8153658706556742}.
[I 2025-08-09 18:38:54,520] Trial 66 finished with values: [0.8871607690679533, 0.2535446205170976] and parameters: {'psi': 0.6101430308176167}.
[I 2025-08-09 18:39:00,618] Trial 67 finished with values: [0.8862759539395672, 0.2708840227088402] and parameters: {'psi': 0.17599551131900326}.
[I 2025-08-09 18:39:06,713] Trial 68 finished with values: [0.8810571942968912, 0.2657695542472666] and parameters: {'psi': 0.862042364705111}.
[I 2025-08-09 18:39:12,795] Trial 69 finished with values: [0.8863135683447367, 0.26807473598700243] and parameters: {'psi': 0.2715241858341543}.
[I 2025-08-09 18:39:18,890] Trial 70 finished with values: [0.8870375659527154, 0.2588042588042588] and parameters: {'psi': 0.5348343784302325}.
[I 2025-08-09 18:39:24,988] Trial 71 finished with values: [0.8871231546627836, 0.2483108108108108] and parameters: {'psi': 0.6633167163813606}.
[I 2025-08-09 18:39:31,075] Trial 72 finished with values: [0.8862643986667925, 0.2711038961038961] and parameters: {'psi': 0.19894081882057202}.
[I 2025-08-09 18:39:37,176] Trial 73 finished with values: [0.886321457806838, 0.2708840227088402] and parameters: {'psi': 0.14831806235657086}.
[I 2025-08-09 18:39:43,268] Trial 74 finished with values: [0.8864158125859075, 0.2875605815831987] and parameters: {'psi': 0.04686710134143213}.
[I 2025-08-09 18:39:49,367] Trial 75 finished with values: [0.8863709462509276, 0.26525630593978844] and parameters: {'psi': 0.31449202485295935}.
[I 2025-08-09 18:39:55,459] Trial 76 finished with values: [0.8863510233668337, 0.26525630593978844] and parameters: {'psi': 0.29981854922971274}.
[I 2025-08-09 18:40:01,542] Trial 77 finished with values: [0.8865514475808199, 0.2642740619902121] and parameters: {'psi': 0.3936647605706941}.
[I 2025-08-09 18:40:07,646] Trial 78 finished with values: [0.8705298626500433, 0.2995008319467554] and parameters: {'psi': 0.003480722955601867}.
[I 2025-08-09 18:40:13,736] Trial 79 finished with values: [0.8854744961582304, 0.2574089754445385] and parameters: {'psi': 0.8100879664299329}.
[I 2025-08-09 18:40:19,836] Trial 80 finished with values: [0.8859088947230177, 0.2924451665312754] and parameters: {'psi': 0.01726755559454618}.
[I 2025-08-09 18:40:25,934] Trial 81 finished with values: [0.8863449668100689, 0.2783171521035599] and parameters: {'psi': 0.09256014396705015}.
[I 2025-08-09 18:40:32,029] Trial 82 finished with values: [0.8863621801819263, 0.2711038961038961] and parameters: {'psi': 0.12510781096188273}.
[I 2025-08-09 18:40:38,112] Trial 83 finished with values: [0.8863045632011262, 0.2682926829268293] and parameters: {'psi': 0.2625231638458375}.
[I 2025-08-09 18:40:44,203] Trial 84 finished with values: [0.8871543937450431, 0.25333333333333335] and parameters: {'psi': 0.6079496361830414}.
[I 2025-08-09 18:40:50,284] Trial 85 finished with values: [0.8871611675256352, 0.24705882352941178] and parameters: {'psi': 0.6373955955049799}.
[I 2025-08-09 18:40:56,374] Trial 86 finished with values: [0.8866940954309336, 0.2595918367346939] and parameters: {'psi': 0.4416944777947234}.
[I 2025-08-09 18:41:02,461] Trial 87 finished with values: [0.8864774141435262, 0.2656886715566422] and parameters: {'psi': 0.36614253765045857}.
[I 2025-08-09 18:41:08,563] Trial 88 finished with values: [0.8862694989251206, 0.2696994313566206] and parameters: {'psi': 0.22028449254468208}.
[I 2025-08-09 18:41:14,663] Trial 89 finished with values: [0.8862953189829064, 0.2708840227088402] and parameters: {'psi': 0.1598025996558018}.
[I 2025-08-09 18:41:20,750] Trial 90 finished with values: [0.8871607690679534, 0.2535446205170976] and parameters: {'psi': 0.6116928240739886}.
[I 2025-08-09 18:41:26,850] Trial 91 finished with values: [0.8861510773020653, 0.2576271186440678] and parameters: {'psi': 0.7882365136686788}.
[I 2025-08-09 18:41:32,935] Trial 92 finished with values: [0.8865641982266402, 0.2553191489361702] and parameters: {'psi': 0.7638024848150408}.
[I 2025-08-09 18:41:39,019] Trial 93 finished with values: [0.8869882368916986, 0.2495755517826825] and parameters: {'psi': 0.7085773043091368}.
[I 2025-08-09 18:41:45,121] Trial 94 finished with values: [0.8864310336693555, 0.2875605815831987] and parameters: {'psi': 0.03319298779261726}.
[I 2025-08-09 18:41:51,213] Trial 95 finished with values: [0.8871553500434797, 0.25270157938487114] and parameters: {'psi': 0.5967306033531183}.
[I 2025-08-09 18:41:57,311] Trial 96 finished with values: [0.8862271030277682, 0.2910266774454325] and parameters: {'psi': 0.02144217230131973}.
[I 2025-08-09 18:42:03,398] Trial 97 finished with values: [0.8843026321158167, 0.26013513513513514] and parameters: {'psi': 0.8291713196437295}.
[I 2025-08-09 18:42:09,498] Trial 98 finished with values: [0.8863452855762145, 0.2783171521035599] and parameters: {'psi': 0.09129071941542832}.
[I 2025-08-09 18:42:15,584] Trial 99 finished with values: [0.8871003628833801, 0.2575881870385562] and parameters: {'psi': 0.5546163556485371}.
[I 2025-08-09 18:42:21,667] Trial 100 finished with values: [0.8865291339506347, 0.2656886715566422] and parameters: {'psi': 0.38500457268641153}.
[I 2025-08-09 18:42:27,759] Trial 101 finished with values: [0.8864307945947462, 0.2875605815831987] and parameters: {'psi': 0.03339773210483776}.
[I 2025-08-09 18:42:33,949] Trial 102 finished with values: [0.886421390993454, 0.2671009771986971] and parameters: {'psi': 0.3425941381183384}.
[I 2025-08-09 18:42:40,027] Trial 103 finished with values: [0.8864687277660614, 0.2656886715566422] and parameters: {'psi': 0.3626228861334615}.
[I 2025-08-09 18:42:46,116] Trial 104 finished with values: [0.8862620079207012, 0.2711038961038961] and parameters: {'psi': 0.19304233344572763}.
[I 2025-08-09 18:42:52,207] Trial 105 finished with values: [0.8863114963647909, 0.26807473598700243] and parameters: {'psi': 0.27028698295495757}.
[I 2025-08-09 18:42:58,314] Trial 106 finished with values: [0.8862879873615599, 0.2708840227088402] and parameters: {'psi': 0.16505021507781348}.
[I 2025-08-09 18:43:04,396] Trial 107 finished with values: [0.8868566661651414, 0.252129471890971] and parameters: {'psi': 0.7337590334642741}.
[I 2025-08-09 18:43:10,487] Trial 108 finished with values: [0.8864386840568476, 0.2877930476960388] and parameters: {'psi': 0.04118741620476585}.
[I 2025-08-09 18:43:16,573] Trial 109 finished with values: [0.887123632812002, 0.2481012658227848] and parameters: {'psi': 0.6622891977411193}.
[I 2025-08-09 18:43:22,666] Trial 110 finished with values: [0.8796048957379692, 0.2651006711409396] and parameters: {'psi': 0.8764538602248563}.
[I 2025-08-09 18:43:28,761] Trial 111 finished with values: [0.8870962986150248, 0.2573770491803279] and parameters: {'psi': 0.551993783878933}.
[I 2025-08-09 18:43:34,841] Trial 112 finished with values: [0.8869645685053947, 0.2497875955819881] and parameters: {'psi': 0.7135618344884809}.
[I 2025-08-09 18:43:40,933] Trial 113 finished with values: [0.8871586970880074, 0.25333333333333335] and parameters: {'psi': 0.6095825105393969}.
[I 2025-08-09 18:43:47,020] Trial 114 finished with values: [0.8774801599951038, 0.2714404662781016] and parameters: {'psi': 0.9148409215893534}.
[I 2025-08-09 18:43:53,115] Trial 115 finished with values: [0.88630536011649, 0.2708840227088402] and parameters: {'psi': 0.15642822691313774}.
[I 2025-08-09 18:43:59,219] Trial 116 finished with values: [0.8863849719613298, 0.2841000807102502] and parameters: {'psi': 0.06566788686893021}.
[I 2025-08-09 18:44:05,315] Trial 117 finished with values: [0.8871607690679533, 0.2518765638031693] and parameters: {'psi': 0.6155666554284407}.
[I 2025-08-09 18:44:11,409] Trial 118 finished with values: [0.8865790208524061, 0.2553191489361702] and parameters: {'psi': 0.7628801578966656}.
[I 2025-08-09 18:44:17,488] Trial 119 finished with values: [0.8868855145013095, 0.2581699346405229] and parameters: {'psi': 0.4944038876759883}.
[I 2025-08-09 18:44:23,575] Trial 120 finished with values: [0.8863197045930377, 0.26666666666666666] and parameters: {'psi': 0.2768728460214248}.
[I 2025-08-09 18:44:29,665] Trial 121 finished with values: [0.8868144296508619, 0.252129471890971] and parameters: {'psi': 0.739545837577473}.
[I 2025-08-09 18:44:35,753] Trial 122 finished with values: [0.8863296660350846, 0.26666666666666666] and parameters: {'psi': 0.2843341695507188}.
[I 2025-08-09 18:44:41,848] Trial 123 finished with values: [0.8797391759767632, 0.27768595041322314] and parameters: {'psi': 0.956529234304025}.
[I 2025-08-09 18:44:47,940] Trial 124 finished with values: [0.8864056917607877, 0.2859450726978998] and parameters: {'psi': 0.055202765358956185}.
[I 2025-08-09 18:44:54,026] Trial 125 finished with values: [0.88650570463894, 0.2656886715566422] and parameters: {'psi': 0.37659056266626834}.
[I 2025-08-09 18:45:00,131] Trial 126 finished with values: [0.8863508639837608, 0.2711038961038961] and parameters: {'psi': 0.13721732191289582}.
[I 2025-08-09 18:45:06,223] Trial 127 finished with values: [0.8870056096466286, 0.25859247135842883] and parameters: {'psi': 0.5264300862143287}.
[I 2025-08-09 18:45:12,323] Trial 128 finished with values: [0.8862691801589752, 0.2711038961038961] and parameters: {'psi': 0.18274706722667144}.
[I 2025-08-09 18:45:18,415] Trial 129 finished with values: [0.8799697235914998, 0.2791081750619323] and parameters: {'psi': 0.9584630389155531}.
[I 2025-08-09 18:45:24,519] Trial 130 finished with values: [0.8862878279784872, 0.2696994313566206] and parameters: {'psi': 0.24403926401877962}.
[I 2025-08-09 18:45:30,605] Trial 131 finished with values: [0.8871125556884456, 0.2483108108108108] and parameters: {'psi': 0.66735565962232}.
[I 2025-08-09 18:45:36,702] Trial 132 finished with values: [0.886355964242089, 0.2739059967585089] and parameters: {'psi': 0.106607986446978}.
[I 2025-08-09 18:45:42,795] Trial 133 finished with values: [0.8824820789672998, 0.2611625947767481] and parameters: {'psi': 0.8487092398900162}.
[I 2025-08-09 18:45:48,892] Trial 134 finished with values: [0.8863516608991244, 0.27970897332255457] and parameters: {'psi': 0.08011009230610255}.
[I 2025-08-09 18:45:54,968] Trial 135 finished with values: [0.8871160621160462, 0.2483108108108108] and parameters: {'psi': 0.6661974747223897}.
[I 2025-08-09 18:46:01,075] Trial 136 finished with values: [0.8783053658542804, 0.2746071133167907] and parameters: {'psi': 0.9411573537871325}.
[I 2025-08-09 18:46:07,156] Trial 137 finished with values: [0.8863064757979993, 0.2682926829268293] and parameters: {'psi': 0.26357528514937567}.
[I 2025-08-09 18:46:13,237] Trial 138 finished with values: [0.886651619842045, 0.25361702127659574] and parameters: {'psi': 0.7568196447936879}.
[I 2025-08-09 18:46:19,345] Trial 139 finished with values: [0.8812620015453784, 0.2852431986809563] and parameters: {'psi': 0.9675460197479223}.
[I 2025-08-09 18:46:25,431] Trial 140 finished with values: [0.8871166199568008, 0.25779967159277506] and parameters: {'psi': 0.5611531402879556}.
[I 2025-08-09 18:46:31,507] Trial 141 finished with values: [0.8863315786319578, 0.26666666666666666] and parameters: {'psi': 0.2863426278275608}.
[I 2025-08-09 18:46:37,592] Trial 142 finished with values: [0.886920977234997, 0.2502127659574468] and parameters: {'psi': 0.7231635435607792}.
[I 2025-08-09 18:46:43,688] Trial 143 finished with values: [0.8871598924610532, 0.2518765638031693] and parameters: {'psi': 0.6140066843569921}.
[I 2025-08-09 18:46:49,774] Trial 144 finished with values: [0.8867405555966409, 0.2595918367346939] and parameters: {'psi': 0.4550985271970017}.
[I 2025-08-09 18:46:55,867] Trial 145 finished with values: [0.8863185889115284, 0.26666666666666666] and parameters: {'psi': 0.27589782364043136}.
[I 2025-08-09 18:47:01,954] Trial 146 finished with values: [0.8870685659603659, 0.2575881870385562] and parameters: {'psi': 0.543331603451693}.
[I 2025-08-09 18:47:08,047] Trial 147 finished with values: [0.8869628949831309, 0.25859247135842883] and parameters: {'psi': 0.5135139256130321}.
[I 2025-08-09 18:47:14,136] Trial 148 finished with values: [0.8828981484787204, 0.28665568369028005] and parameters: {'psi': 0.9774150364389725}.
[I 2025-08-09 18:47:20,230] Trial 149 finished with values: [0.8866910671525513, 0.2595918367346939] and parameters: {'psi': 0.44075282801444693}.
[I 2025-08-09 18:47:26,334] Trial 150 finished with values: [0.887107136663972, 0.2575881870385562] and parameters: {'psi': 0.5586313510102356}.
