[I 2025-08-09 20:09:08,811] Trial 449 finished with values: [0.6800547781718405, 0.17217716781035558] and parameters: {'psi': 0.1672459700282357}.
[I 2025-08-09 20:09:14,412] Trial 450 finished with values: [0.6843482438669766, 0.1726078799249531] and parameters: {'psi': 0.44192086769079353}.
[I 2025-08-09 20:09:20,042] Trial 451 finished with values: [0.6834005553534913, 0.17228464419475656] and parameters: {'psi': 0.33024462552646583}.
[I 2025-08-09 20:09:25,677] Trial 452 finished with values: [0.6830850197429473, 0.17228464419475656] and parameters: {'psi': 0.3052521971307939}.
[I 2025-08-09 20:09:31,276] Trial 453 finished with values: [0.6598102910310096, 0.1713570981863665] and parameters: {'psi': 0.0387104742686174}.
[I 2025-08-09 20:09:36,906] Trial 454 finished with values: [0.6846906863136148, 0.17146433041301626] and parameters: {'psi': 0.5206385546881435}.
[I 2025-08-09 20:09:42,533] Trial 455 finished with values: [0.6842655402752971, 0.1726078799249531] and parameters: {'psi': 0.4285723207689207}.
[I 2025-08-09 20:09:48,252] Trial 456 finished with values: [0.6845899546910514, 0.17304075235109717] and parameters: {'psi': 0.6389460366997125}.
[I 2025-08-09 20:09:53,880] Trial 457 finished with values: [0.6809930470391888, 0.17204301075268819] and parameters: {'psi': 0.8117248287937936}.
[I 2025-08-09 20:09:59,468] Trial 458 finished with values: [0.6843869590632996, 0.17314930991217065] and parameters: {'psi': 0.6669960400393767}.
[I 2025-08-09 20:10:05,089] Trial 459 finished with values: [0.6804652313649878, 0.1706700379266751] and parameters: {'psi': 0.8420937896436695}.
[I 2025-08-09 20:10:10,713] Trial 460 finished with values: [0.6805974669715207, 0.16940581542351454] and parameters: {'psi': 0.8686296537877763}.
[I 2025-08-09 20:10:16,345] Trial 461 finished with values: [0.6804338625912499, 0.17217716781035558] and parameters: {'psi': 0.1780139560411903}.
[I 2025-08-09 20:10:21,963] Trial 462 finished with values: [0.6828190161472566, 0.17228464419475656] and parameters: {'psi': 0.2865920113448144}.
[I 2025-08-09 20:10:27,600] Trial 463 finished with values: [0.6839491934033632, 0.17200251098556182] and parameters: {'psi': 0.6994015902201371}.
[I 2025-08-09 20:10:33,235] Trial 464 finished with values: [0.6805873262041484, 0.16951296647691336] and parameters: {'psi': 0.8821305451991487}.
[I 2025-08-09 20:10:38,876] Trial 465 finished with values: [0.680235148620833, 0.16962025316455695] and parameters: {'psi': 0.897688437436523}.
[I 2025-08-09 20:10:44,494] Trial 466 finished with values: [0.6843838942980494, 0.1726078799249531] and parameters: {'psi': 0.44788452421450575}.
[I 2025-08-09 20:10:50,087] Trial 467 finished with values: [0.6803247028642484, 0.17217716781035558] and parameters: {'psi': 0.17468175876224634}.
[I 2025-08-09 20:10:55,715] Trial 468 finished with values: [0.6797047639522311, 0.17088607594936708] and parameters: {'psi': 0.9112248728168898}.
[I 2025-08-09 20:11:01,319] Trial 469 finished with values: [0.680622300584063, 0.16951296647691336] and parameters: {'psi': 0.8734873872485818}.
[I 2025-08-09 20:11:06,930] Trial 470 finished with values: [0.6831303602406201, 0.17228464419475656] and parameters: {'psi': 0.3085039798170023}.
[I 2025-08-09 20:11:12,548] Trial 471 finished with values: [0.6805878219749979, 0.16951296647691336] and parameters: {'psi': 0.8811039704360631}.
[I 2025-08-09 20:11:18,154] Trial 472 finished with values: [0.6841066231830563, 0.1726078799249531] and parameters: {'psi': 0.40477370591949613}.
[I 2025-08-09 20:11:23,760] Trial 473 finished with values: [0.683671246237212, 0.17200251098556182] and parameters: {'psi': 0.7133420788908514}.
[I 2025-08-09 20:11:29,397] Trial 474 finished with values: [0.6780833679246175, 0.17226092463584547] and parameters: {'psi': 0.966676913708133}.
[I 2025-08-09 20:11:35,007] Trial 475 finished with values: [0.6847503140257629, 0.17167919799498746] and parameters: {'psi': 0.5635409797638122}.
[I 2025-08-09 20:11:40,621] Trial 476 finished with values: [0.6787475205823774, 0.17088607594936708] and parameters: {'psi': 0.9360906845981094}.
[I 2025-08-09 20:11:46,252] Trial 477 finished with values: [0.6847289958792427, 0.17304075235109717] and parameters: {'psi': 0.5950794245377753}.
[I 2025-08-09 20:11:51,885] Trial 478 finished with values: [0.6840923359685808, 0.17232704402515722] and parameters: {'psi': 0.9924568851132202}.
[I 2025-08-09 20:11:57,512] Trial 479 finished with values: [0.684211997023572, 0.17304075235109717] and parameters: {'psi': 0.6829723272055511}.
[I 2025-08-09 20:12:03,129] Trial 480 finished with values: [0.6847108777082046, 0.17304075235109717] and parameters: {'psi': 0.605396599572535}.
[I 2025-08-09 20:12:08,753] Trial 481 finished with values: [0.6843884013057703, 0.17314930991217065] and parameters: {'psi': 0.6668819357442852}.
[I 2025-08-09 20:12:14,367] Trial 482 finished with values: [0.6777949194304765, 0.17206982543640897] and parameters: {'psi': 0.1223502810362157}.
[I 2025-08-09 20:12:19,962] Trial 483 finished with values: [0.6843564015509515, 0.1726078799249531] and parameters: {'psi': 0.4432705877146442}.
[I 2025-08-09 20:12:25,549] Trial 484 finished with values: [0.6826845721069404, 0.17228464419475656] and parameters: {'psi': 0.2780264651223403}.
[I 2025-08-09 20:12:31,180] Trial 485 finished with values: [0.6807085647118423, 0.17215189873417722] and parameters: {'psi': 0.8240222949135507}.
[I 2025-08-09 20:12:36,794] Trial 486 finished with values: [0.6777964968831788, 0.17206982543640897] and parameters: {'psi': 0.12237043546672677}.
[I 2025-08-09 20:12:42,395] Trial 487 finished with values: [0.684743869004722, 0.17167919799498746] and parameters: {'psi': 0.5755777059480387}.
[I 2025-08-09 20:12:48,015] Trial 488 finished with values: [0.6828312301381803, 0.17402269861286254] and parameters: {'psi': 0.7484985921022628}.
[I 2025-08-09 20:12:53,629] Trial 489 finished with values: [0.4997063233769026, 0.16918032786885245] and parameters: {'psi': 0.0024336277706162868}.
[I 2025-08-09 20:12:59,235] Trial 490 finished with values: [0.6829558038315875, 0.17402269861286254] and parameters: {'psi': 0.7440196427881182}.
[I 2025-08-09 20:13:04,855] Trial 491 finished with values: [0.6831783598728483, 0.1713925645872716] and parameters: {'psi': 0.7352058891653076}.
[I 2025-08-09 20:13:10,471] Trial 492 finished with values: [0.6804582004329431, 0.1706700379266751] and parameters: {'psi': 0.8442338982008141}.
[I 2025-08-09 20:13:16,107] Trial 493 finished with values: [0.6807521024064266, 0.172544080604534] and parameters: {'psi': 0.9844629390520371}.
[I 2025-08-09 20:13:21,726] Trial 494 finished with values: [0.6845181580580566, 0.17314930991217065] and parameters: {'psi': 0.6509455233905272}.
[I 2025-08-09 20:13:27,352] Trial 495 finished with values: [0.6836724631292966, 0.17228464419475656] and parameters: {'psi': 0.35581133009746524}.
[I 2025-08-09 20:13:32,968] Trial 496 finished with values: [0.6729214469117306, 0.1711430356027483] and parameters: {'psi': 0.07712151418170987}.
[I 2025-08-09 20:13:38,591] Trial 497 finished with values: [0.6846398472665224, 0.17304075235109717] and parameters: {'psi': 0.6261428254325184}.
[I 2025-08-09 20:13:44,213] Trial 498 finished with values: [0.678089046754346, 0.17099430018999368] and parameters: {'psi': 0.9550997501511137}.
[I 2025-08-09 20:13:49,840] Trial 499 finished with values: [0.6843967392700541, 0.1726078799249531] and parameters: {'psi': 0.45022702804819503}.
