[I 2025-08-09 19:12:14,567] Trial 449 finished with values: [0.940478268236889, 0.23452768729641693] and parameters: {'psi': 0.6224965041464661}.
[I 2025-08-09 19:12:19,926] Trial 450 finished with values: [0.9448394475980683, 0.2358642972536349] and parameters: {'psi': 0.1797045185106354}.
[I 2025-08-09 19:12:25,317] Trial 451 finished with values: [0.9439299330678642, 0.23739837398373984] and parameters: {'psi': 0.3297096510118057}.
[I 2025-08-09 19:12:30,714] Trial 452 finished with values: [0.940392696772007, 0.23452768729641693] and parameters: {'psi': 0.6261917237899893}.
[I 2025-08-09 19:12:36,109] Trial 453 finished with values: [0.9439782258747775, 0.23739837398373984] and parameters: {'psi': 0.3238663842074829}.
[I 2025-08-09 19:12:41,505] Trial 454 finished with values: [0.9417309158688469, 0.23491027732463296] and parameters: {'psi': 0.564053044128666}.
[I 2025-08-09 19:12:46,976] Trial 455 finished with values: [0.9440930271964755, 0.23817292006525284] and parameters: {'psi': 0.3066720702515624}.
[I 2025-08-09 19:12:52,361] Trial 456 finished with values: [0.9316788104719139, 0.24108658743633277] and parameters: {'psi': 0.8578877689975385}.
[I 2025-08-09 19:12:57,729] Trial 457 finished with values: [0.9442845039396764, 0.23739837398373984] and parameters: {'psi': 0.2727325169084469}.
[I 2025-08-09 19:13:03,098] Trial 458 finished with values: [0.932825976446666, 0.23880597014925373] and parameters: {'psi': 0.9469498957986643}.
[I 2025-08-09 19:13:08,485] Trial 459 finished with values: [0.9444459035838346, 0.237012987012987] and parameters: {'psi': 0.24610835360537597}.
[I 2025-08-09 19:13:13,879] Trial 460 finished with values: [0.9403838007286284, 0.23452768729641693] and parameters: {'psi': 0.6266922821915422}.
[I 2025-08-09 19:13:19,255] Trial 461 finished with values: [0.9433639752605268, 0.237012987012987] and parameters: {'psi': 0.40952591620584833}.
[I 2025-08-09 19:13:24,619] Trial 462 finished with values: [0.9305663814284505, 0.24161073825503357] and parameters: {'psi': 0.8993436859275615}.
[I 2025-08-09 19:13:30,013] Trial 463 finished with values: [0.9420105058036092, 0.23491027732463296] and parameters: {'psi': 0.5482331362626752}.
[I 2025-08-09 19:13:35,372] Trial 464 finished with values: [0.9437253240701516, 0.2366288492706645] and parameters: {'psi': 0.35678088410506703}.
[I 2025-08-09 19:13:40,763] Trial 465 finished with values: [0.9427010082182495, 0.23491027732463296] and parameters: {'psi': 0.49273073189078154}.
[I 2025-08-09 19:13:46,152] Trial 466 finished with values: [0.9316974498008981, 0.24108658743633277] and parameters: {'psi': 0.8573184074739736}.
[I 2025-08-09 19:13:51,532] Trial 467 finished with values: [0.9447352368042023, 0.23434991974317818] and parameters: {'psi': 0.06515946548004714}.
[I 2025-08-09 19:13:56,925] Trial 468 finished with values: [0.9375743455053799, 0.24201680672268908] and parameters: {'psi': 0.7242003779454889}.
[I 2025-08-09 19:14:02,276] Trial 469 finished with values: [0.9442645937473523, 0.23739837398373984] and parameters: {'psi': 0.27609994418091466}.
[I 2025-08-09 19:14:07,637] Trial 470 finished with values: [0.9432174023553334, 0.237012987012987] and parameters: {'psi': 0.4324690757761226}.
[I 2025-08-09 19:14:13,031] Trial 471 finished with values: [0.9412162162162162, 0.23452768729641693] and parameters: {'psi': 0.5899140227435837}.
[I 2025-08-09 19:14:18,408] Trial 472 finished with values: [0.9438151317461663, 0.237012987012987] and parameters: {'psi': 0.3452394968207546}.
[I 2025-08-09 19:14:23,772] Trial 473 finished with values: [0.9434470049987291, 0.237012987012987] and parameters: {'psi': 0.3986244428634108}.
[I 2025-08-09 19:14:29,158] Trial 474 finished with values: [0.9448703719393374, 0.2358642972536349] and parameters: {'psi': 0.17409976088686774}.
[I 2025-08-09 19:14:34,535] Trial 475 finished with values: [0.9444518342794205, 0.2347266881028939] and parameters: {'psi': 0.05283421140048872}.
[I 2025-08-09 19:14:39,924] Trial 476 finished with values: [0.9403236465305429, 0.23491027732463296] and parameters: {'psi': 0.6293856682264481}.
[I 2025-08-09 19:14:45,287] Trial 477 finished with values: [0.9395115648563925, 0.23567921440261866] and parameters: {'psi': 0.6595852098154429}.
[I 2025-08-09 19:14:50,649] Trial 478 finished with values: [0.9444158264847919, 0.23739837398373984] and parameters: {'psi': 0.2506327829450834}.
[I 2025-08-09 19:14:56,039] Trial 479 finished with values: [0.9405384224349742, 0.23452768729641693] and parameters: {'psi': 0.6200060709789488}.
[I 2025-08-09 19:15:01,401] Trial 480 finished with values: [0.9305583326272981, 0.24120603015075376] and parameters: {'psi': 0.9045096598472943}.
[I 2025-08-09 19:15:06,792] Trial 481 finished with values: [0.9447187155807845, 0.2358642972536349] and parameters: {'psi': 0.20096182496757287}.
[I 2025-08-09 19:15:12,162] Trial 482 finished with values: [0.9447314242141829, 0.2358642972536349] and parameters: {'psi': 0.19863942957596425}.
[I 2025-08-09 19:15:17,536] Trial 483 finished with values: [0.9350953147504871, 0.2372322899505766] and parameters: {'psi': 0.9674855189628521}.
[I 2025-08-09 19:15:22,918] Trial 484 finished with values: [0.9433571973227146, 0.237012987012987] and parameters: {'psi': 0.4115296291230931}.
[I 2025-08-09 19:15:28,291] Trial 485 finished with values: [0.9441048885876472, 0.23817292006525284] and parameters: {'psi': 0.3052538353250004}.
[I 2025-08-09 19:15:33,660] Trial 486 finished with values: [0.9424032025756164, 0.23452768729641693] and parameters: {'psi': 0.5192252310273555}.
[I 2025-08-09 19:15:39,036] Trial 487 finished with values: [0.9364877573498264, 0.23684210526315788] and parameters: {'psi': 0.9787285233756492}.
[I 2025-08-09 19:15:44,421] Trial 488 finished with values: [0.9449872913666018, 0.23434991974317818] and parameters: {'psi': 0.10638969716780866}.
[I 2025-08-09 19:15:49,816] Trial 489 finished with values: [0.9444954672540878, 0.237012987012987] and parameters: {'psi': 0.23783593146675075}.
[I 2025-08-09 19:15:55,201] Trial 490 finished with values: [0.9449809370499026, 0.23434991974317818] and parameters: {'psi': 0.10051481023196818}.
[I 2025-08-09 19:16:00,589] Trial 491 finished with values: [0.9421998644412438, 0.23491027732463296] and parameters: {'psi': 0.5352666853170425}.
[I 2025-08-09 19:16:05,953] Trial 492 finished with values: [0.9384126916885537, 0.24] and parameters: {'psi': 0.6975553501565585}.
[I 2025-08-09 19:16:11,324] Trial 493 finished with values: [0.9438312293484707, 0.237012987012987] and parameters: {'psi': 0.3434100261957749}.
[I 2025-08-09 19:16:16,702] Trial 494 finished with values: [0.9429750910785394, 0.23452768729641693] and parameters: {'psi': 0.46193688612673045}.
[I 2025-08-09 19:16:22,093] Trial 495 finished with values: [0.9311501313225451, 0.24027072758037224] and parameters: {'psi': 0.8731040246620272}.
[I 2025-08-09 19:16:27,477] Trial 496 finished with values: [0.9314924171820723, 0.23960066555740434] and parameters: {'psi': 0.9302622659645287}.
[I 2025-08-09 19:16:32,867] Trial 497 finished with values: [0.9445098703719393, 0.237012987012987] and parameters: {'psi': 0.23505544527206113}.
[I 2025-08-09 19:16:38,250] Trial 498 finished with values: [0.930809539947471, 0.23986486486486486] and parameters: {'psi': 0.8852836268974712}.
[I 2025-08-09 19:16:43,645] Trial 499 finished with values: [0.9406006947386257, 0.23452768729641693] and parameters: {'psi': 0.6170436260732395}.
