[I 2025-08-09 19:27:09,184] Trial 0 finished with values: [0.6421034295173851, 0.17167919799498746] and parameters: {'psi': 0.022939682006930417}.
[I 2025-08-09 19:27:14,899] Trial 1 finished with values: [0.6831138645923615, 0.17228464419475656] and parameters: {'psi': 0.3072861334902669}.
[I 2025-08-09 19:27:20,499] Trial 2 finished with values: [0.6847295817902466, 0.17146433041301626] and parameters: {'psi': 0.5413795739201475}.
[I 2025-08-09 19:27:26,096] Trial 3 finished with values: [0.681074353458475, 0.17217716781035558] and parameters: {'psi': 0.19940755015752998}.
[I 2025-08-09 19:27:31,701] Trial 4 finished with values: [0.6835432021478595, 0.17228464419475656] and parameters: {'psi': 0.34322114902674994}.
[I 2025-08-09 19:27:37,291] Trial 5 finished with values: [0.6840830064625985, 0.1726078799249531] and parameters: {'psi': 0.40189816409849743}.
[I 2025-08-09 19:27:42,892] Trial 6 finished with values: [0.6781429956367657, 0.17099430018999368] and parameters: {'psi': 0.9532533276610085}.
[I 2025-08-09 19:27:48,485] Trial 7 finished with values: [0.6839299935504719, 0.17239225484072454] and parameters: {'psi': 0.3831811872112726}.
[I 2025-08-09 19:27:54,076] Trial 8 finished with values: [0.6838864107858103, 0.17200251098556182] and parameters: {'psi': 0.7025699537787793}.
[I 2025-08-09 19:27:59,674] Trial 9 finished with values: [0.6841737325280213, 0.1726078799249531] and parameters: {'psi': 0.4146700945731492}.
[I 2025-08-09 19:28:05,265] Trial 10 finished with values: [0.6788673619176777, 0.17206982543640897] and parameters: {'psi': 0.14042073720392445}.
[I 2025-08-09 19:28:10,864] Trial 11 finished with values: [0.6838372844016519, 0.17239225484072454] and parameters: {'psi': 0.3728945665744945}.
[I 2025-08-09 19:28:16,457] Trial 12 finished with values: [0.6665924362495025, 0.1711430356027483] and parameters: {'psi': 0.052147762674343845}.
[I 2025-08-09 19:28:22,045] Trial 13 finished with values: [0.6845413691478195, 0.1713570981863665] and parameters: {'psi': 0.4793214838202948}.
[I 2025-08-09 19:28:27,628] Trial 14 finished with values: [0.6834686111700778, 0.17221873035826524] and parameters: {'psi': 0.7230344599886434}.
[I 2025-08-09 19:28:33,209] Trial 15 finished with values: [0.6846857286051217, 0.17146433041301626] and parameters: {'psi': 0.5186128918326017}.
[I 2025-08-09 19:28:38,809] Trial 16 finished with values: [0.6776698950362972, 0.17206982543640897] and parameters: {'psi': 0.12058193066408118}.
[I 2025-08-09 19:28:44,475] Trial 17 finished with values: [0.6805651967962386, 0.16951296647691336] and parameters: {'psi': 0.8630584010115359}.
[I 2025-08-09 19:28:50,068] Trial 18 finished with values: [0.6819743127601952, 0.17572692793931732] and parameters: {'psi': 0.7781521399136945}.
[I 2025-08-09 19:28:55,666] Trial 19 finished with values: [0.6813932242547325, 0.17217716781035558] and parameters: {'psi': 0.21163854030197082}.
[I 2025-08-09 19:29:01,270] Trial 20 finished with values: [0.6834421099646786, 0.17228464419475656] and parameters: {'psi': 0.3337411962874186}.
[I 2025-08-09 19:29:06,875] Trial 21 finished with values: [0.6816797798056308, 0.17217716781035558] and parameters: {'psi': 0.22380151908249468}.
[I 2025-08-09 19:29:12,452] Trial 22 finished with values: [0.6847034862155422, 0.17304075235109717] and parameters: {'psi': 0.607444797377258}.
[I 2025-08-09 19:29:18,036] Trial 23 finished with values: [0.6834102003500141, 0.17228464419475656] and parameters: {'psi': 0.33104396838504524}.
[I 2025-08-09 19:29:23,633] Trial 24 finished with values: [0.6832009399815302, 0.17228464419475656] and parameters: {'psi': 0.31380670567767344}.
[I 2025-08-09 19:29:29,220] Trial 25 finished with values: [0.6827944980252546, 0.17402269861286254] and parameters: {'psi': 0.7499488119636426}.
[I 2025-08-09 19:29:34,807] Trial 26 finished with values: [0.6839096669456505, 0.1721105527638191] and parameters: {'psi': 0.7015028368773195}.
[I 2025-08-09 19:29:40,387] Trial 27 finished with values: [0.6794554813551851, 0.17204301075268819] and parameters: {'psi': 0.9174330562381691}.
[I 2025-08-09 19:29:45,977] Trial 28 finished with values: [0.683567810410016, 0.17228464419475656] and parameters: {'psi': 0.3455508582563561}.
[I 2025-08-09 19:29:51,558] Trial 29 finished with values: [0.6601476405589229, 0.1713570981863665] and parameters: {'psi': 0.039209870964202476}.
[I 2025-08-09 19:29:57,157] Trial 30 finished with values: [0.6528165868700949, 0.17157169693174704] and parameters: {'psi': 0.030544248908195404}.
[I 2025-08-09 19:30:02,761] Trial 31 finished with values: [0.6827293266936095, 0.17228464419475656] and parameters: {'psi': 0.28071729722278194}.
[I 2025-08-09 19:30:08,359] Trial 32 finished with values: [0.6761234054770059, 0.17092950717404864] and parameters: {'psi': 0.10195552300326749}.
[I 2025-08-09 19:30:13,966] Trial 33 finished with values: [0.6847484661525974, 0.17157169693174704] and parameters: {'psi': 0.5595393453494417}.
[I 2025-08-09 19:30:19,557] Trial 34 finished with values: [0.6842654501351426, 0.1726078799249531] and parameters: {'psi': 0.42847749410379066}.
[I 2025-08-09 19:30:25,169] Trial 35 finished with values: [0.6847384605954568, 0.17293233082706766] and parameters: {'psi': 0.5895650666154443}.
[I 2025-08-09 19:30:30,755] Trial 36 finished with values: [0.6844622711623167, 0.1726078799249531] and parameters: {'psi': 0.4624558608540891}.
[I 2025-08-09 19:30:36,334] Trial 37 finished with values: [0.6841301046932824, 0.1726078799249531] and parameters: {'psi': 0.4083144754899778}.
[I 2025-08-09 19:30:41,913] Trial 38 finished with values: [0.6773308328454497, 0.17206982543640897] and parameters: {'psi': 0.11594588989345767}.
[I 2025-08-09 19:30:47,508] Trial 39 finished with values: [0.6809616331953738, 0.17215189873417722] and parameters: {'psi': 0.813078892692733}.
[I 2025-08-09 19:30:53,093] Trial 40 finished with values: [0.6778777131623105, 0.17217716781035558] and parameters: {'psi': 0.12353827403243445}.
[I 2025-08-09 19:30:58,752] Trial 41 finished with values: [0.6847483760124429, 0.1728240450845335] and parameters: {'psi': 0.5711641947998749}.
[I 2025-08-09 19:31:04,349] Trial 42 finished with values: [0.6846005461591956, 0.17304075235109717] and parameters: {'psi': 0.6363937055645253}.
[I 2025-08-09 19:31:09,930] Trial 43 finished with values: [0.6821361143373774, 0.17217716781035558] and parameters: {'psi': 0.24613123965187333}.
[I 2025-08-09 19:31:15,513] Trial 44 finished with values: [0.6454434827992305, 0.17167919799498746] and parameters: {'psi': 0.024911402064014765}.
[I 2025-08-09 19:31:21,091] Trial 45 finished with values: [0.6845417747785143, 0.1713570981863665] and parameters: {'psi': 0.4794400335700024}.
[I 2025-08-09 19:31:26,673] Trial 46 finished with values: [0.6844683556227401, 0.1726078799249531] and parameters: {'psi': 0.4638380604157336}.
[I 2025-08-09 19:31:32,255] Trial 47 finished with values: [0.6844336065932114, 0.17314930991217065] and parameters: {'psi': 0.6620855282667777}.
[I 2025-08-09 19:31:37,851] Trial 48 finished with values: [0.6797315806481709, 0.17217716781035558] and parameters: {'psi': 0.15905814241550253}.
[I 2025-08-09 19:31:43,441] Trial 49 finished with values: [0.6847068664713329, 0.17146433041301626] and parameters: {'psi': 0.5269383302732811}.
[I 2025-08-09 19:31:49,036] Trial 50 finished with values: [0.6805982331628332, 0.16940581542351454] and parameters: {'psi': 0.8691147215015914}.
[I 2025-08-09 19:31:54,610] Trial 51 finished with values: [0.6845951377499305, 0.17304075235109717] and parameters: {'psi': 0.6376237285204709}.
[I 2025-08-09 19:32:00,313] Trial 52 finished with values: [0.6835515401121434, 0.17232704402515722] and parameters: {'psi': 0.7192609482804838}.
[I 2025-08-09 19:32:05,904] Trial 53 finished with values: [0.6792713700897842, 0.17297979797979798] and parameters: {'psi': 0.9786329642166626}.
[I 2025-08-09 19:32:11,504] Trial 54 finished with values: [0.6615177258360162, 0.17146433041301626] and parameters: {'psi': 0.041399330895814046}.
[I 2025-08-09 19:32:17,102] Trial 55 finished with values: [0.680539236431766, 0.16951296647691336] and parameters: {'psi': 0.8864979228270368}.
[I 2025-08-09 19:32:22,715] Trial 56 finished with values: [0.6781943755247848, 0.17099430018999368] and parameters: {'psi': 0.9514530445207844}.
[I 2025-08-09 19:32:28,316] Trial 57 finished with values: [0.6847481957321341, 0.17157169693174704] and parameters: {'psi': 0.5695010035915026}.
[I 2025-08-09 19:32:33,916] Trial 58 finished with values: [0.6840073338029635, 0.1725] and parameters: {'psi': 0.3924469623603146}.
[I 2025-08-09 19:32:39,498] Trial 59 finished with values: [0.6814130100186274, 0.17217716781035558] and parameters: {'psi': 0.2124986857883463}.
[I 2025-08-09 19:32:45,103] Trial 60 finished with values: [0.6829799613929718, 0.17402269861286254] and parameters: {'psi': 0.7431511797349095}.
[I 2025-08-09 19:32:50,722] Trial 61 finished with values: [0.6826465780318528, 0.17117684078036502] and parameters: {'psi': 0.9893877898873877}.
[I 2025-08-09 19:32:56,330] Trial 62 finished with values: [0.6790937939855785, 0.17215189873417722] and parameters: {'psi': 0.926650852198464}.
[I 2025-08-09 19:33:01,918] Trial 63 finished with values: [0.6823720561915695, 0.1755050505050505] and parameters: {'psi': 0.7648636616786384}.
[I 2025-08-09 19:33:07,505] Trial 64 finished with values: [0.6833255136749374, 0.17228464419475656] and parameters: {'psi': 0.3242895460503247}.
[I 2025-08-09 19:33:13,098] Trial 65 finished with values: [0.6809808330482651, 0.17217716781035558] and parameters: {'psi': 0.19610309226592515}.
[I 2025-08-09 19:33:18,707] Trial 66 finished with values: [0.6805080930084142, 0.17193426042983564] and parameters: {'psi': 0.8369685411622653}.
[I 2025-08-09 19:33:24,303] Trial 67 finished with values: [0.6661430425096461, 0.1711430356027483] and parameters: {'psi': 0.05096164894595667}.
[I 2025-08-09 19:33:29,885] Trial 68 finished with values: [0.6840480771527611, 0.1725] and parameters: {'psi': 0.39732675683589036}.
[I 2025-08-09 19:33:35,484] Trial 69 finished with values: [0.682497576356598, 0.17228464419475656] and parameters: {'psi': 0.26661868061398764}.
[I 2025-08-09 19:33:41,068] Trial 70 finished with values: [0.6843270609306881, 0.1726078799249531] and parameters: {'psi': 0.4381131250314607}.
[I 2025-08-09 19:33:46,646] Trial 71 finished with values: [0.6690576793327105, 0.17125] and parameters: {'psi': 0.059599622967311694}.
[I 2025-08-09 19:33:52,224] Trial 72 finished with values: [0.6836519111740891, 0.17228464419475656] and parameters: {'psi': 0.3537730730855223}.
[I 2025-08-09 19:33:57,803] Trial 73 finished with values: [0.6793256795328216, 0.17206982543640897] and parameters: {'psi': 0.14978616882064455}.
[I 2025-08-09 19:34:03,387] Trial 74 finished with values: [0.6808302088502307, 0.17215189873417722] and parameters: {'psi': 0.8187555309138717}.
[I 2025-08-09 19:34:08,978] Trial 75 finished with values: [0.6846418754199968, 0.17304075235109717] and parameters: {'psi': 0.6254630460909119}.
[I 2025-08-09 19:34:14,564] Trial 76 finished with values: [0.6839526637993083, 0.17200251098556182] and parameters: {'psi': 0.6992074274396771}.
[I 2025-08-09 19:34:20,155] Trial 77 finished with values: [0.6817724889544508, 0.17217716781035558] and parameters: {'psi': 0.22815856776175258}.
[I 2025-08-09 19:34:25,759] Trial 78 finished with values: [0.6342775063807962, 0.17178683385579938] and parameters: {'psi': 0.019269676652196033}.
[I 2025-08-09 19:34:31,341] Trial 79 finished with values: [0.6819682733698491, 0.17217716781035558] and parameters: {'psi': 0.23748806080337903}.
[I 2025-08-09 19:34:36,941] Trial 80 finished with values: [0.6829263730711697, 0.17228464419475656] and parameters: {'psi': 0.29355839219809887}.
[I 2025-08-09 19:34:42,526] Trial 81 finished with values: [0.6837095107327628, 0.17228464419475656] and parameters: {'psi': 0.3594230274558404}.
[I 2025-08-09 19:34:48,115] Trial 82 finished with values: [0.6804625722304325, 0.1706700379266751] and parameters: {'psi': 0.85079147905044}.
[I 2025-08-09 19:34:53,714] Trial 83 finished with values: [0.6834192594355333, 0.17232704402515722] and parameters: {'psi': 0.7252955250136403}.
[I 2025-08-09 19:34:59,304] Trial 84 finished with values: [0.6813142614794613, 0.1733080328905756] and parameters: {'psi': 0.7996140216529112}.
[I 2025-08-09 19:35:04,886] Trial 85 finished with values: [0.6847178185000949, 0.17146433041301626] and parameters: {'psi': 0.5357494030234728}.
[I 2025-08-09 19:35:10,493] Trial 86 finished with values: [0.6818074182642883, 0.174573055028463] and parameters: {'psi': 0.7834369815940182}.
[I 2025-08-09 19:35:16,091] Trial 87 finished with values: [0.6844560064215847, 0.1726078799249531] and parameters: {'psi': 0.4610776113495907}.
[I 2025-08-09 19:35:21,686] Trial 88 finished with values: [0.6841172597212776, 0.1726078799249531] and parameters: {'psi': 0.4062878894866102}.
[I 2025-08-09 19:35:27,288] Trial 89 finished with values: [0.6847250297124484, 0.17146433041301626] and parameters: {'psi': 0.5390223582456788}.
[I 2025-08-09 19:35:32,891] Trial 90 finished with values: [0.6846631034263625, 0.17304075235109717] and parameters: {'psi': 0.6195287981455218}.
[I 2025-08-09 19:35:38,481] Trial 91 finished with values: [0.6837569244539873, 0.17228464419475656] and parameters: {'psi': 0.36436181563388903}.
[I 2025-08-09 19:35:44,081] Trial 92 finished with values: [0.6833563416077488, 0.17228464419475656] and parameters: {'psi': 0.32681328845753543}.
[I 2025-08-09 19:35:49,680] Trial 93 finished with values: [0.6825811813498218, 0.17402269861286254] and parameters: {'psi': 0.7576669691241127}.
[I 2025-08-09 19:35:55,262] Trial 94 finished with values: [0.6847151593655395, 0.17146433041301626] and parameters: {'psi': 0.5325341292748311}.
[I 2025-08-09 19:36:00,855] Trial 95 finished with values: [0.684685142694118, 0.17304075235109717] and parameters: {'psi': 0.6134700273251006}.
[I 2025-08-09 19:36:06,457] Trial 96 finished with values: [0.6841248765643262, 0.1726078799249531] and parameters: {'psi': 0.4073438064670589}.
[I 2025-08-09 19:36:12,043] Trial 97 finished with values: [0.6846454359560965, 0.1713570981863665] and parameters: {'psi': 0.5035461755382605}.
[I 2025-08-09 19:36:17,644] Trial 98 finished with values: [0.6838961008524104, 0.17239225484072454] and parameters: {'psi': 0.37916132144915315}.
[I 2025-08-09 19:36:23,253] Trial 99 finished with values: [0.6823496112931191, 0.17217716781035558] and parameters: {'psi': 0.25789566860517943}.
[I 2025-08-09 19:36:28,873] Trial 100 finished with values: [0.6834877659528918, 0.17221873035826524] and parameters: {'psi': 0.7223311699974685}.
[I 2025-08-09 19:36:34,498] Trial 101 finished with values: [0.6820531403252347, 0.17572692793931732] and parameters: {'psi': 0.7755585397900311}.
[I 2025-08-09 19:36:40,207] Trial 102 finished with values: [0.6838797404143833, 0.17239225484072454] and parameters: {'psi': 0.37748996389421163}.
[I 2025-08-09 19:36:45,820] Trial 103 finished with values: [0.6778514823773744, 0.17217716781035558] and parameters: {'psi': 0.12316121683495773}.
[I 2025-08-09 19:36:51,417] Trial 104 finished with values: [0.6697636119520436, 0.17125] and parameters: {'psi': 0.062146826431734525}.
[I 2025-08-09 19:36:57,030] Trial 105 finished with values: [0.6840119309508389, 0.1725] and parameters: {'psi': 0.3930239232101521}.
[I 2025-08-09 19:37:02,640] Trial 106 finished with values: [0.6791853763824683, 0.17204301075268819] and parameters: {'psi': 0.9242943154298612}.
[I 2025-08-09 19:37:08,258] Trial 107 finished with values: [0.6327505321649367, 0.17189460476787954] and parameters: {'psi': 0.018664506839471295}.
[I 2025-08-09 19:37:13,857] Trial 108 finished with values: [0.6832627761274618, 0.17228464419475656] and parameters: {'psi': 0.3189143835539988}.
[I 2025-08-09 19:37:19,469] Trial 109 finished with values: [0.6847458520881193, 0.1728240450845335] and parameters: {'psi': 0.5745075189431976}.
[I 2025-08-09 19:37:25,074] Trial 110 finished with values: [0.6843243116559783, 0.1726078799249531] and parameters: {'psi': 0.4376623574525985}.
[I 2025-08-09 19:37:30,689] Trial 111 finished with values: [0.6789554739186224, 0.17215189873417722] and parameters: {'psi': 0.9304381389051707}.
[I 2025-08-09 19:37:36,296] Trial 112 finished with values: [0.6831665965826965, 0.1713925645872716] and parameters: {'psi': 0.7356897055255703}.
[I 2025-08-09 19:37:41,899] Trial 113 finished with values: [0.6841292032917381, 0.1726078799249531] and parameters: {'psi': 0.40799643048019263}.
[I 2025-08-09 19:37:47,513] Trial 114 finished with values: [0.6805404082537734, 0.1706700379266751] and parameters: {'psi': 0.860175271032176}.
[I 2025-08-09 19:37:53,103] Trial 115 finished with values: [0.6797182399053168, 0.17217716781035558] and parameters: {'psi': 0.1587293738207295}.
[I 2025-08-09 19:37:58,704] Trial 116 finished with values: [0.6758229232722499, 0.17092950717404864] and parameters: {'psi': 0.09898669771654045}.
[I 2025-08-09 19:38:04,323] Trial 117 finished with values: [0.6786964111148218, 0.17193426042983564] and parameters: {'psi': 0.9750041466859036}.
[I 2025-08-09 19:38:09,920] Trial 118 finished with values: [0.6837367781294746, 0.17228464419475656] and parameters: {'psi': 0.36236604360508495}.
[I 2025-08-09 19:38:15,528] Trial 119 finished with values: [0.683345434649064, 0.17228464419475656] and parameters: {'psi': 0.32594562521655923}.
[I 2025-08-09 19:38:21,143] Trial 120 finished with values: [0.6816622475455961, 0.1724354940213971] and parameters: {'psi': 0.9870024987428304}.
[I 2025-08-09 19:38:26,749] Trial 121 finished with values: [0.6846512950661336, 0.17146433041301626] and parameters: {'psi': 0.5053196843145034}.
[I 2025-08-09 19:38:32,350] Trial 122 finished with values: [0.6187134115479453, 0.1724354940213971] and parameters: {'psi': 0.014301077441290833}.
[I 2025-08-09 19:38:37,952] Trial 123 finished with values: [0.6780702525321497, 0.17217716781035558] and parameters: {'psi': 0.12645621917332883}.
[I 2025-08-09 19:38:43,564] Trial 124 finished with values: [0.6840953105936766, 0.17200251098556182] and parameters: {'psi': 0.6909078105874557}.
[I 2025-08-09 19:38:49,161] Trial 125 finished with values: [0.6834411634930573, 0.17228464419475656] and parameters: {'psi': 0.33366192973370545}.
[I 2025-08-09 19:38:54,775] Trial 126 finished with values: [0.6837708511078451, 0.17228464419475656] and parameters: {'psi': 0.3657914248021995}.
[I 2025-08-09 19:39:00,383] Trial 127 finished with values: [0.6829324575315929, 0.17228464419475656] and parameters: {'psi': 0.29404477785677385}.
[I 2025-08-09 19:39:06,004] Trial 128 finished with values: [0.6786408397096225, 0.17193426042983564] and parameters: {'psi': 0.9745193030351312}.
[I 2025-08-09 19:39:11,612] Trial 129 finished with values: [0.6291174332410749, 0.17178683385579938] and parameters: {'psi': 0.017352388123143547}.
[I 2025-08-09 19:39:17,214] Trial 130 finished with values: [0.6841363243639372, 0.17314930991217065] and parameters: {'psi': 0.6881567042746306}.
[I 2025-08-09 19:39:22,820] Trial 131 finished with values: [0.6822387389031837, 0.1755050505050505] and parameters: {'psi': 0.7694194551905923}.
[I 2025-08-09 19:39:28,426] Trial 132 finished with values: [0.6819315863270006, 0.17217716781035558] and parameters: {'psi': 0.23582444778040268}.
[I 2025-08-09 19:39:34,036] Trial 133 finished with values: [0.684688162389291, 0.17304075235109717] and parameters: {'psi': 0.6119762037917543}.
[I 2025-08-09 19:39:39,657] Trial 134 finished with values: [0.6797325721898695, 0.17217716781035558] and parameters: {'psi': 0.1590886716217813}.
[I 2025-08-09 19:39:45,261] Trial 135 finished with values: [0.6847413901504755, 0.17146433041301626] and parameters: {'psi': 0.5482470996213437}.
[I 2025-08-09 19:39:50,857] Trial 136 finished with values: [0.6816487715925106, 0.174573055028463] and parameters: {'psi': 0.7884922872600866}.
[I 2025-08-09 19:39:56,458] Trial 137 finished with values: [0.65628198003666, 0.17125] and parameters: {'psi': 0.03413977122057177}.
[I 2025-08-09 19:40:02,064] Trial 138 finished with values: [0.6832925674484973, 0.172544080604534] and parameters: {'psi': 0.7306290232761578}.
[I 2025-08-09 19:40:07,662] Trial 139 finished with values: [0.6833425501641226, 0.172544080604534] and parameters: {'psi': 0.7285653129562162}.
[I 2025-08-09 19:40:13,252] Trial 140 finished with values: [0.6845811209559183, 0.1713570981863665] and parameters: {'psi': 0.4876026122121462}.
[I 2025-08-09 19:40:18,865] Trial 141 finished with values: [0.6788496043072572, 0.17215189873417722] and parameters: {'psi': 0.9331662875606818}.
[I 2025-08-09 19:40:24,463] Trial 142 finished with values: [0.6847417957811704, 0.17293233082706766] and parameters: {'psi': 0.5867978996291935}.
[I 2025-08-09 19:40:30,079] Trial 143 finished with values: [0.6841682339786016, 0.17314930991217065] and parameters: {'psi': 0.6860456257794166}.
[I 2025-08-09 19:40:35,688] Trial 144 finished with values: [0.6814633532948704, 0.17217716781035558] and parameters: {'psi': 0.21451930372951988}.
[I 2025-08-09 19:40:41,294] Trial 145 finished with values: [0.6845742703041825, 0.17304075235109717] and parameters: {'psi': 0.6418072870770996}.
[I 2025-08-09 19:40:46,892] Trial 146 finished with values: [0.6741176518309494, 0.17103620474406991] and parameters: {'psi': 0.08489682478555927}.
[I 2025-08-09 19:40:52,506] Trial 147 finished with values: [0.6594943497897706, 0.17125] and parameters: {'psi': 0.038238693749585995}.
[I 2025-08-09 19:40:58,115] Trial 148 finished with values: [0.6846830244004891, 0.17146433041301626] and parameters: {'psi': 0.5160418340907258}.
[I 2025-08-09 19:41:03,728] Trial 149 finished with values: [0.6791906045114245, 0.17204301075268819] and parameters: {'psi': 0.9241855128553572}.
