[I 2025-08-09 18:57:39,120] Trial 304 finished with values: [0.7752701886450974, 0.3392857142857143] and parameters: {'psi': 0.750427851191315}.
[I 2025-08-09 18:57:44,126] Trial 305 finished with values: [0.7770215118712502, 0.3365983971504898] and parameters: {'psi': 0.47222075983179823}.
[I 2025-08-09 18:57:49,138] Trial 306 finished with values: [0.7770561682399838, 0.33689839572192515] and parameters: {'psi': 0.4782285499702289}.
[I 2025-08-09 18:57:54,160] Trial 307 finished with values: [0.7761269710943423, 0.33451957295373663] and parameters: {'psi': 0.34822737492065525}.
[I 2025-08-09 18:57:59,167] Trial 308 finished with values: [0.7727182391227405, 0.3434704830053667] and parameters: {'psi': 0.8376831710251457}.
[I 2025-08-09 18:58:04,175] Trial 309 finished with values: [0.7713764279573782, 0.3437779767233662] and parameters: {'psi': 0.86289954240932}.
[I 2025-08-09 18:58:09,161] Trial 310 finished with values: [0.732429622167497, 0.28620102214650767] and parameters: {'psi': 0.0062786289048473165}.
[I 2025-08-09 18:58:14,166] Trial 311 finished with values: [0.7754461980733413, 0.3392857142857143] and parameters: {'psi': 0.7427921741778913}.
[I 2025-08-09 18:58:19,191] Trial 312 finished with values: [0.7668272447406018, 0.3318544809228039] and parameters: {'psi': 0.046350908958777914}.
[I 2025-08-09 18:58:24,210] Trial 313 finished with values: [0.7761562792580242, 0.33629893238434166] and parameters: {'psi': 0.35217160129101954}.
[I 2025-08-09 18:58:29,226] Trial 314 finished with values: [0.7722882969186531, 0.341987466427932] and parameters: {'psi': 0.8473094008617919}.
[I 2025-08-09 18:58:34,234] Trial 315 finished with values: [0.7774277080449091, 0.3378016085790885] and parameters: {'psi': 0.5616979981248691}.
[I 2025-08-09 18:58:39,248] Trial 316 finished with values: [0.7722698456112256, 0.341987466427932] and parameters: {'psi': 0.8477508609029782}.
[I 2025-08-09 18:58:44,272] Trial 317 finished with values: [0.7725040969924798, 0.3330380868024801] and parameters: {'psi': 0.11113960410324952}.
[I 2025-08-09 18:58:49,281] Trial 318 finished with values: [0.7705505581333311, 0.34464285714285714] and parameters: {'psi': 0.873863374991187}.
[I 2025-08-09 18:58:54,292] Trial 319 finished with values: [0.765420185473612, 0.3283052351375333] and parameters: {'psi': 0.04042466383792753}.
[I 2025-08-09 18:58:59,304] Trial 320 finished with values: [0.7771474621002125, 0.3389830508474576] and parameters: {'psi': 0.6398788202860225}.
[I 2025-08-09 18:59:04,313] Trial 321 finished with values: [0.7682665002020016, 0.34458259325044405] and parameters: {'psi': 0.9391557741371066}.
[I 2025-08-09 18:59:09,320] Trial 322 finished with values: [0.7718724204938512, 0.34229390681003585] and parameters: {'psi': 0.8551089899491167}.
[I 2025-08-09 18:59:14,334] Trial 323 finished with values: [0.7772892430161267, 0.3375] and parameters: {'psi': 0.5205073885700006}.
[I 2025-08-09 18:59:19,345] Trial 324 finished with values: [0.7774393136498707, 0.3378016085790885] and parameters: {'psi': 0.5733946640806764}.
[I 2025-08-09 18:59:24,354] Trial 325 finished with values: [0.776697143234879, 0.33689839572192515] and parameters: {'psi': 0.42295130997589714}.
[I 2025-08-09 18:59:29,378] Trial 326 finished with values: [0.776865076873495, 0.33689839572192515] and parameters: {'psi': 0.44574457727348826}.
[I 2025-08-09 18:59:34,382] Trial 327 finished with values: [0.7742990615718525, 0.34458259325044405] and parameters: {'psi': 0.984350755017945}.
[I 2025-08-09 18:59:39,395] Trial 328 finished with values: [0.7704330580683502, 0.34458259325044405] and parameters: {'psi': 0.9603546868015742}.
[I 2025-08-09 18:59:44,403] Trial 329 finished with values: [0.7755407008566005, 0.336] and parameters: {'psi': 0.2849007261554579}.
[I 2025-08-09 18:59:49,423] Trial 330 finished with values: [0.7719698647898888, 0.3318544809228039] and parameters: {'psi': 0.09882084121744616}.
[I 2025-08-09 18:59:54,426] Trial 331 finished with values: [0.7730257074311491, 0.3434704830053667] and parameters: {'psi': 0.8297511494108076}.
[I 2025-08-09 18:59:59,444] Trial 332 finished with values: [0.7747785281547164, 0.3342222222222222] and parameters: {'psi': 0.21723421085171468}.
[I 2025-08-09 19:00:04,455] Trial 333 finished with values: [0.7700959607039565, 0.34458259325044405] and parameters: {'psi': 0.9576590821716632}.
[I 2025-08-09 19:00:09,461] Trial 334 finished with values: [0.7696825979355285, 0.3448888888888889] and parameters: {'psi': 0.954156596248361}.
[I 2025-08-09 19:00:14,474] Trial 335 finished with values: [0.7765771829955745, 0.33629893238434166] and parameters: {'psi': 0.4068774610907311}.
[I 2025-08-09 19:00:19,494] Trial 336 finished with values: [0.7748109917593786, 0.3342222222222222] and parameters: {'psi': 0.2197972523711207}.
[I 2025-08-09 19:00:24,509] Trial 337 finished with values: [0.7625002259616636, 0.3256637168141593] and parameters: {'psi': 0.03163053975975505}.
[I 2025-08-09 19:00:29,522] Trial 338 finished with values: [0.7773297824104167, 0.33868092691622104] and parameters: {'psi': 0.6152903856303189}.
[I 2025-08-09 19:00:34,531] Trial 339 finished with values: [0.7723242368565989, 0.341987466427932] and parameters: {'psi': 0.8465993419463944}.
[I 2025-08-09 19:00:39,542] Trial 340 finished with values: [0.7705422149334508, 0.34458259325044405] and parameters: {'psi': 0.9611837011380736}.
[I 2025-08-09 19:00:44,564] Trial 341 finished with values: [0.7749599927521125, 0.3342222222222222] and parameters: {'psi': 0.2313649976616745}.
[I 2025-08-09 19:00:49,574] Trial 342 finished with values: [0.7724796556953945, 0.3416815742397138] and parameters: {'psi': 0.84331236859371}.
[I 2025-08-09 19:00:54,597] Trial 343 finished with values: [0.7756145060863108, 0.336] and parameters: {'psi': 0.29200972695649974}.
[I 2025-08-09 19:00:59,619] Trial 344 finished with values: [0.7727328932045814, 0.3330380868024801] and parameters: {'psi': 0.11711634521900871}.
[I 2025-08-09 19:01:04,644] Trial 345 finished with values: [0.7575278392791647, 0.32077125328659073] and parameters: {'psi': 0.022524816268537085}.
[I 2025-08-09 19:01:09,661] Trial 346 finished with values: [0.7767361851317547, 0.33868092691622104] and parameters: {'psi': 0.6736430948840895}.
[I 2025-08-09 19:01:14,672] Trial 347 finished with values: [0.7766890674452512, 0.33868092691622104] and parameters: {'psi': 0.6767521065915236}.
[I 2025-08-09 19:01:19,692] Trial 348 finished with values: [0.7749492963420096, 0.3342222222222222] and parameters: {'psi': 0.2305562911624145}.
[I 2025-08-09 19:01:24,720] Trial 349 finished with values: [0.774547271768291, 0.3339253996447602] and parameters: {'psi': 0.20029801512114054}.
[I 2025-08-09 19:01:29,732] Trial 350 finished with values: [0.7725333516741112, 0.3330380868024801] and parameters: {'psi': 0.11195661197263174}.
[I 2025-08-09 19:01:34,740] Trial 351 finished with values: [0.7741640728763535, 0.3434704830053667] and parameters: {'psi': 0.7924880844675286}.
[I 2025-08-09 19:01:39,752] Trial 352 finished with values: [0.7754024497560202, 0.3392857142857143] and parameters: {'psi': 0.744764215861396}.
[I 2025-08-09 19:01:44,868] Trial 353 finished with values: [0.7769917223691136, 0.33868092691622104] and parameters: {'psi': 0.6543636442585903}.
[I 2025-08-09 19:01:49,884] Trial 354 finished with values: [0.7745593052296567, 0.3416815742397138] and parameters: {'psi': 0.77803521846706}.
[I 2025-08-09 19:01:54,907] Trial 355 finished with values: [0.7751357882521541, 0.33451957295373663] and parameters: {'psi': 0.24676255745160192}.
[I 2025-08-09 19:01:59,926] Trial 356 finished with values: [0.7772111057403247, 0.3389830508474576] and parameters: {'psi': 0.6315543197694742}.
[I 2025-08-09 19:02:04,935] Trial 357 finished with values: [0.7771486387053237, 0.33689839572192515] and parameters: {'psi': 0.4936756908657428}.
[I 2025-08-09 19:02:09,949] Trial 358 finished with values: [0.7762279986877645, 0.336] and parameters: {'psi': 0.3605478611726508}.
[I 2025-08-09 19:02:14,976] Trial 359 finished with values: [0.7731378058090279, 0.3330380868024801] and parameters: {'psi': 0.12970345623499624}.
[I 2025-08-09 19:02:19,995] Trial 360 finished with values: [0.7744994588151309, 0.3339253996447602] and parameters: {'psi': 0.19701299167738662}.
[I 2025-08-09 19:02:25,007] Trial 361 finished with values: [0.7758626093186483, 0.336] and parameters: {'psi': 0.3164049396231544}.
[I 2025-08-09 19:02:30,017] Trial 362 finished with values: [0.7754755062370232, 0.3392857142857143] and parameters: {'psi': 0.7415047097087171}.
[I 2025-08-09 19:02:35,030] Trial 363 finished with values: [0.7773892009685386, 0.3378016085790885] and parameters: {'psi': 0.546263939877412}.
[I 2025-08-09 19:02:40,035] Trial 364 finished with values: [0.7733748917389592, 0.3434704830053667] and parameters: {'psi': 0.8188760779619987}.
[I 2025-08-09 19:02:45,054] Trial 365 finished with values: [0.7773114380670902, 0.33868092691622104] and parameters: {'psi': 0.6185699606162343}.
[I 2025-08-09 19:02:50,080] Trial 366 finished with values: [0.7527485227990238, 0.314509122502172] and parameters: {'psi': 0.017080469998305592}.
[I 2025-08-09 19:02:55,089] Trial 367 finished with values: [0.7771272458851178, 0.3389830508474576] and parameters: {'psi': 0.6420397162508451}.
[I 2025-08-09 19:03:00,109] Trial 368 finished with values: [0.7733448883086205, 0.3330380868024801] and parameters: {'psi': 0.1372401518455133}.
[I 2025-08-09 19:03:05,121] Trial 369 finished with values: [0.7760050320191687, 0.33868092691622104] and parameters: {'psi': 0.7164696190808906}.
[I 2025-08-09 19:03:10,137] Trial 370 finished with values: [0.7586361478119799, 0.32365875109938436] and parameters: {'psi': 0.02417524251197123}.
[I 2025-08-09 19:03:15,150] Trial 371 finished with values: [0.7761375605403442, 0.33868092691622104] and parameters: {'psi': 0.7094692389194635}.
[I 2025-08-09 19:03:20,156] Trial 372 finished with values: [0.7772147425197597, 0.33719892952720787] and parameters: {'psi': 0.5052648703774799}.
[I 2025-08-09 19:03:25,175] Trial 373 finished with values: [0.7773895218608416, 0.3375] and parameters: {'psi': 0.6011363033103247}.
[I 2025-08-09 19:03:30,182] Trial 374 finished with values: [0.7740748113340445, 0.34458259325044405] and parameters: {'psi': 0.9832784996077119}.
[I 2025-08-09 19:03:35,197] Trial 375 finished with values: [0.7773700009124038, 0.3389830508474576] and parameters: {'psi': 0.6066409243765615}.
[I 2025-08-09 19:03:40,206] Trial 376 finished with values: [0.7732815655608112, 0.3330380868024801] and parameters: {'psi': 0.1348371029519646}.
[I 2025-08-09 19:03:45,219] Trial 377 finished with values: [0.768590654910171, 0.34458259325044405] and parameters: {'psi': 0.9431714945775624}.
[I 2025-08-09 19:03:50,239] Trial 378 finished with values: [0.7763652336293849, 0.3365983971504898] and parameters: {'psi': 0.3780242515992459}.
[I 2025-08-09 19:03:55,252] Trial 379 finished with values: [0.7707939014631726, 0.3449508489722967] and parameters: {'psi': 0.8707769300011403}.
[I 2025-08-09 19:04:00,263] Trial 380 finished with values: [0.7763809038701858, 0.3365983971504898] and parameters: {'psi': 0.37996243959212483}.
[I 2025-08-09 19:04:05,270] Trial 381 finished with values: [0.7774266918859494, 0.3378016085790885] and parameters: {'psi': 0.5605385392655226}.
[I 2025-08-09 19:04:10,286] Trial 382 finished with values: [0.775047328940603, 0.33451957295373663] and parameters: {'psi': 0.2388557153923574}.
[I 2025-08-09 19:04:15,298] Trial 383 finished with values: [0.7700084640693143, 0.3321492007104796] and parameters: {'psi': 0.06941842638228224}.
[I 2025-08-09 19:04:20,302] Trial 384 finished with values: [0.7774296868807782, 0.3378016085790885] and parameters: {'psi': 0.585649816724602}.
[I 2025-08-09 19:04:25,325] Trial 385 finished with values: [0.7732564289970695, 0.3330380868024801] and parameters: {'psi': 0.13385434674705132}.
[I 2025-08-09 19:04:30,351] Trial 386 finished with values: [0.7744144758368631, 0.3339253996447602] and parameters: {'psi': 0.19111316324536964}.
[I 2025-08-09 19:04:35,374] Trial 387 finished with values: [0.7764010666032298, 0.33689839572192515] and parameters: {'psi': 0.38262268531799926}.
[I 2025-08-09 19:04:40,382] Trial 388 finished with values: [0.7774297938448792, 0.3378016085790885] and parameters: {'psi': 0.5626753266024448}.
[I 2025-08-09 19:04:45,399] Trial 389 finished with values: [0.7737988439533889, 0.3333333333333333] and parameters: {'psi': 0.1561121511491942}.
[I 2025-08-09 19:04:50,415] Trial 390 finished with values: [0.7744525550568294, 0.34458259325044405] and parameters: {'psi': 0.9850527634223126}.
[I 2025-08-09 19:04:55,426] Trial 391 finished with values: [0.7767750131004282, 0.33868092691622104] and parameters: {'psi': 0.6711437444907212}.
[I 2025-08-09 19:05:00,434] Trial 392 finished with values: [0.777434339819173, 0.3375] and parameters: {'psi': 0.5799053739876932}.
[I 2025-08-09 19:05:05,456] Trial 393 finished with values: [0.7737010252829977, 0.3333333333333333] and parameters: {'psi': 0.15194528651382022}.
[I 2025-08-09 19:05:10,473] Trial 394 finished with values: [0.7754278002479641, 0.336] and parameters: {'psi': 0.27409102685271514}.
[I 2025-08-09 19:05:15,482] Trial 395 finished with values: [0.7688668897010792, 0.34458259325044405] and parameters: {'psi': 0.9462006284382192}.
[I 2025-08-09 19:05:20,493] Trial 396 finished with values: [0.7772255458939638, 0.33719892952720787] and parameters: {'psi': 0.507719310724721}.
[I 2025-08-09 19:05:25,504] Trial 397 finished with values: [0.777113340551984, 0.3389830508474576] and parameters: {'psi': 0.6435132402418904}.
[I 2025-08-09 19:05:30,518] Trial 398 finished with values: [0.768096213353163, 0.3455031166518255] and parameters: {'psi': 0.9051551128236489}.
[I 2025-08-09 19:05:35,532] Trial 399 finished with values: [0.7725936259450412, 0.3460514640638864] and parameters: {'psi': 0.9752207327090786}.
[I 2025-08-09 19:05:40,542] Trial 400 finished with values: [0.7756867068545056, 0.3392857142857143] and parameters: {'psi': 0.7322609919842059}.
[I 2025-08-09 19:05:45,565] Trial 401 finished with values: [0.7734721221067948, 0.3333333333333333] and parameters: {'psi': 0.14221546967127607}.
[I 2025-08-09 19:05:50,579] Trial 402 finished with values: [0.7766705091737227, 0.3365983971504898] and parameters: {'psi': 0.4193516414349562}.
[I 2025-08-09 19:05:55,698] Trial 403 finished with values: [0.777191798720089, 0.33719892952720787] and parameters: {'psi': 0.501418633751334}.
[I 2025-08-09 19:06:00,710] Trial 404 finished with values: [0.7696984821045314, 0.3336291038154392] and parameters: {'psi': 0.06617208088709614}.
[I 2025-08-09 19:06:05,712] Trial 405 finished with values: [0.7404685626624049, 0.29991431019708653] and parameters: {'psi': 0.0091418931535735}.
[I 2025-08-09 19:06:10,723] Trial 406 finished with values: [0.7774339119627687, 0.3375] and parameters: {'psi': 0.5812495596501086}.
[I 2025-08-09 19:06:15,748] Trial 407 finished with values: [0.7768483904737344, 0.3460514640638864] and parameters: {'psi': 0.9942749668249957}.
[I 2025-08-09 19:06:20,765] Trial 408 finished with values: [0.7773073199492007, 0.3375] and parameters: {'psi': 0.5239687045834942}.
[I 2025-08-09 19:06:25,777] Trial 409 finished with values: [0.7774280824192628, 0.3378016085790885] and parameters: {'psi': 0.5608733255681208}.
[I 2025-08-09 19:06:30,791] Trial 410 finished with values: [0.776954552344006, 0.33868092691622104] and parameters: {'psi': 0.6575545167892667}.
[I 2025-08-09 19:06:35,804] Trial 411 finished with values: [0.7741631636814947, 0.3434704830053667] and parameters: {'psi': 0.7925218298210034}.
[I 2025-08-09 19:06:40,812] Trial 412 finished with values: [0.7754244308787818, 0.336] and parameters: {'psi': 0.27395477580384175}.
[I 2025-08-09 19:06:45,827] Trial 413 finished with values: [0.7770908780907678, 0.33689839572192515] and parameters: {'psi': 0.4841571446874139}.
[I 2025-08-09 19:06:50,838] Trial 414 finished with values: [0.7706443656499337, 0.34464285714285714] and parameters: {'psi': 0.8727046147541823}.
[I 2025-08-09 19:06:55,850] Trial 415 finished with values: [0.7768194566844061, 0.3365983971504898] and parameters: {'psi': 0.43958844700678446}.
[I 2025-08-09 19:07:00,874] Trial 416 finished with values: [0.7773479663075917, 0.3375] and parameters: {'psi': 0.5337190625495918}.
[I 2025-08-09 19:07:05,889] Trial 417 finished with values: [0.7750189299717797, 0.3392857142857143] and parameters: {'psi': 0.7607545126620863}.
[I 2025-08-09 19:07:10,904] Trial 418 finished with values: [0.7674461390291574, 0.3318544809228039] and parameters: {'psi': 0.049546165882190185}.
[I 2025-08-09 19:07:15,922] Trial 419 finished with values: [0.7703359346646155, 0.34464285714285714] and parameters: {'psi': 0.8765092636720121}.
[I 2025-08-09 19:07:20,939] Trial 420 finished with values: [0.7769638582207955, 0.3365983971504898] and parameters: {'psi': 0.4620241042028842}.
[I 2025-08-09 19:07:25,969] Trial 421 finished with values: [0.7733017817759058, 0.3330380868024801] and parameters: {'psi': 0.13560347479054413}.
[I 2025-08-09 19:07:30,976] Trial 422 finished with values: [0.7764942323352264, 0.33629893238434166] and parameters: {'psi': 0.39614667583721963}.
[I 2025-08-09 19:07:35,999] Trial 423 finished with values: [0.7760958445409428, 0.33451957295373663] and parameters: {'psi': 0.34419283222502284}.
[I 2025-08-09 19:07:41,020] Trial 424 finished with values: [0.7741613987738278, 0.3336291038154392] and parameters: {'psi': 0.17499465339074516}.
[I 2025-08-09 19:07:46,024] Trial 425 finished with values: [0.7698559867432972, 0.34458259325044405] and parameters: {'psi': 0.9556034550322388}.
[I 2025-08-09 19:07:51,049] Trial 426 finished with values: [0.7769355662160733, 0.33868092691622104] and parameters: {'psi': 0.6590768686549401}.
[I 2025-08-09 19:07:56,063] Trial 427 finished with values: [0.7763549115936358, 0.3365983971504898] and parameters: {'psi': 0.3764365698539389}.
[I 2025-08-09 19:08:01,090] Trial 428 finished with values: [0.7770954775471121, 0.3389830508474576] and parameters: {'psi': 0.6453297803133066}.
[I 2025-08-09 19:08:06,111] Trial 429 finished with values: [0.7757439861306068, 0.336] and parameters: {'psi': 0.304745900993048}.
[I 2025-08-09 19:08:11,131] Trial 430 finished with values: [0.7771414721105547, 0.3389830508474576] and parameters: {'psi': 0.6404045637032809}.
[I 2025-08-09 19:08:16,151] Trial 431 finished with values: [0.775580224091931, 0.3392857142857143] and parameters: {'psi': 0.736934743755883}.
[I 2025-08-09 19:08:21,165] Trial 432 finished with values: [0.7766624868661456, 0.33868092691622104] and parameters: {'psi': 0.6787048082819096}.
[I 2025-08-09 19:08:26,182] Trial 433 finished with values: [0.7762351118004829, 0.336] and parameters: {'psi': 0.3611715392799477}.
[I 2025-08-09 19:08:31,196] Trial 434 finished with values: [0.7771061204751645, 0.3389830508474576] and parameters: {'psi': 0.6440839020928225}.
[I 2025-08-09 19:08:36,221] Trial 435 finished with values: [0.7701379975956609, 0.3321492007104796] and parameters: {'psi': 0.0707757746892258}.
[I 2025-08-09 19:08:41,237] Trial 436 finished with values: [0.7748933006351206, 0.3392857142857143] and parameters: {'psi': 0.7657238614475274}.
[I 2025-08-09 19:08:46,246] Trial 437 finished with values: [0.777093498711243, 0.3389830508474576] and parameters: {'psi': 0.6454935680693799}.
[I 2025-08-09 19:08:51,279] Trial 438 finished with values: [0.7733971937540239, 0.3330380868024801] and parameters: {'psi': 0.13925356477264716}.
[I 2025-08-09 19:08:56,299] Trial 439 finished with values: [0.7715095447811091, 0.3437779767233662] and parameters: {'psi': 0.8609437441029668}.
[I 2025-08-09 19:09:01,310] Trial 440 finished with values: [0.7765736531802405, 0.33629893238434166] and parameters: {'psi': 0.40651471327021005}.
[I 2025-08-09 19:09:06,326] Trial 441 finished with values: [0.7760631135260279, 0.33451957295373663] and parameters: {'psi': 0.34032000813736474}.
[I 2025-08-09 19:09:11,333] Trial 442 finished with values: [0.7760887314282242, 0.33868092691622104] and parameters: {'psi': 0.7119427535558673}.
[I 2025-08-09 19:09:16,344] Trial 443 finished with values: [0.7732941338426821, 0.3434704830053667] and parameters: {'psi': 0.8214583117385444}.
[I 2025-08-09 19:09:21,361] Trial 444 finished with values: [0.776925672036728, 0.33689839572192515] and parameters: {'psi': 0.45568309886791525}.
[I 2025-08-09 19:09:26,385] Trial 445 finished with values: [0.7735039974089017, 0.3333333333333333] and parameters: {'psi': 0.14355000314554833}.
[I 2025-08-09 19:09:31,396] Trial 446 finished with values: [0.7714496448845327, 0.3460514640638864] and parameters: {'psi': 0.9678229030040164}.
[I 2025-08-09 19:09:36,420] Trial 447 finished with values: [0.7747654250523403, 0.3342222222222222] and parameters: {'psi': 0.21610017961793637}.
[I 2025-08-09 19:09:41,428] Trial 448 finished with values: [0.7756546711062473, 0.336] and parameters: {'psi': 0.296043946663737}.
[I 2025-08-09 19:09:46,430] Trial 449 finished with values: [0.7744746966257425, 0.341987466427932] and parameters: {'psi': 0.781092136634314}.
[I 2025-08-09 19:09:51,448] Trial 450 finished with values: [0.7765287282578083, 0.33629893238434166] and parameters: {'psi': 0.401017745612263}.
[I 2025-08-09 19:09:56,469] Trial 451 finished with values: [0.7769493111030555, 0.33689839572192515] and parameters: {'psi': 0.45983944371341057}.
[I 2025-08-09 19:10:01,489] Trial 452 finished with values: [0.7675559911609144, 0.3455031166518255] and parameters: {'psi': 0.9238352897652133}.
[I 2025-08-09 19:10:06,499] Trial 453 finished with values: [0.7773382860564486, 0.3375] and parameters: {'psi': 0.5313403767279754}.
[I 2025-08-09 19:10:11,512] Trial 454 finished with values: [0.7765571807086822, 0.33629893238434166] and parameters: {'psi': 0.4043478890489629}.
