[I 2025-08-09 18:45:20,454] Trial 150 finished with values: [0.8205900108879055, 0.18110958276020175] and parameters: {'psi': 0.6532317225901052}.
[I 2025-08-09 18:45:25,774] Trial 151 finished with values: [0.8198945281728537, 0.17973406694176983] and parameters: {'psi': 0.519616868356049}.
[I 2025-08-09 18:45:31,213] Trial 152 finished with values: [0.8752304846022276, 0.19441237589471252] and parameters: {'psi': 0.004069000721768634}.
[I 2025-08-09 18:45:36,527] Trial 153 finished with values: [0.8209279937839545, 0.18215186969488414] and parameters: {'psi': 0.7808838088885178}.
[I 2025-08-09 18:45:41,843] Trial 154 finished with values: [0.820202682300073, 0.18023389130933273] and parameters: {'psi': 0.5867845456613552}.
[I 2025-08-09 18:45:47,159] Trial 155 finished with values: [0.8204801573360928, 0.1847002067539628] and parameters: {'psi': 0.8279796438501261}.
[I 2025-08-09 18:45:52,493] Trial 156 finished with values: [0.8196801659526929, 0.1787760715104286] and parameters: {'psi': 0.42173345265390394}.
[I 2025-08-09 18:45:57,814] Trial 157 finished with values: [0.81619713755036, 0.18077276908923642] and parameters: {'psi': 0.947727968450464}.
[I 2025-08-09 18:46:03,137] Trial 158 finished with values: [0.8197026792497101, 0.17794083925705115] and parameters: {'psi': 0.44881112147047786}.
[I 2025-08-09 18:46:08,457] Trial 159 finished with values: [0.8201890366506216, 0.17972879797747643] and parameters: {'psi': 0.9760080051378675}.
[I 2025-08-09 18:46:13,772] Trial 160 finished with values: [0.8196913416181186, 0.17873510540788268] and parameters: {'psi': 0.39558692044044996}.
[I 2025-08-09 18:46:19,103] Trial 161 finished with values: [0.8206946545280585, 0.18198487279394912] and parameters: {'psi': 0.6712313828573951}.
[I 2025-08-09 18:46:24,420] Trial 162 finished with values: [0.8209298833892197, 0.18215186969488414] and parameters: {'psi': 0.7804711333243505}.
[I 2025-08-09 18:46:29,738] Trial 163 finished with values: [0.8209007564737743, 0.18173474070674622] and parameters: {'psi': 0.7860464702091614}.
[I 2025-08-09 18:46:35,058] Trial 164 finished with values: [0.8208003509482877, 0.1824432729773092] and parameters: {'psi': 0.6914314867921827}.
[I 2025-08-09 18:46:40,391] Trial 165 finished with values: [0.8197016264696337, 0.17794083925705115] and parameters: {'psi': 0.44804846131687537}.
[I 2025-08-09 18:46:45,732] Trial 166 finished with values: [0.8383921710522515, 0.1837763519706691] and parameters: {'psi': 0.06435033179110738}.
[I 2025-08-09 18:46:51,050] Trial 167 finished with values: [0.819701923407604, 0.17873510540788268] and parameters: {'psi': 0.38736064534504155}.
[I 2025-08-09 18:46:56,369] Trial 168 finished with values: [0.8197824340890837, 0.17873510540788268] and parameters: {'psi': 0.3568965626233891}.
[I 2025-08-09 18:47:01,682] Trial 169 finished with values: [0.8205685233766038, 0.18373909049150206] and parameters: {'psi': 0.8219574197565023}.
[I 2025-08-09 18:47:07,005] Trial 170 finished with values: [0.8198948656023655, 0.17973406694176983] and parameters: {'psi': 0.5196942386110374}.
[I 2025-08-09 18:47:12,325] Trial 171 finished with values: [0.8197156770344989, 0.17873510540788268] and parameters: {'psi': 0.37991468669770256}.
[I 2025-08-09 18:47:17,643] Trial 172 finished with values: [0.8197031921425677, 0.17794083925705115] and parameters: {'psi': 0.4493063283754435}.
[I 2025-08-09 18:47:22,952] Trial 173 finished with values: [0.8209869764625909, 0.1829436038514443] and parameters: {'psi': 0.7558856224063009}.
[I 2025-08-09 18:47:28,282] Trial 174 finished with values: [0.8209240256128973, 0.17869415807560138] and parameters: {'psi': 0.24663209630668126}.
[I 2025-08-09 18:47:33,605] Trial 175 finished with values: [0.8197182954875092, 0.17873510540788268] and parameters: {'psi': 0.37852843671707703}.
[I 2025-08-09 18:47:38,930] Trial 176 finished with values: [0.8197837298184084, 0.17873510540788268] and parameters: {'psi': 0.3566150403669589}.
[I 2025-08-09 18:47:44,263] Trial 177 finished with values: [0.8226430130198661, 0.17873510540788268] and parameters: {'psi': 0.1870137905048902}.
[I 2025-08-09 18:47:49,585] Trial 178 finished with values: [0.8226760271232859, 0.17914561322921452] and parameters: {'psi': 0.9895747913537566}.
[I 2025-08-09 18:47:54,904] Trial 179 finished with values: [0.8193161469955249, 0.18504027617951668] and parameters: {'psi': 0.8775689747859122}.
[I 2025-08-09 18:48:00,230] Trial 180 finished with values: [0.8524750886589293, 0.18394495412844036] and parameters: {'psi': 0.0383862444604568}.
[I 2025-08-09 18:48:05,553] Trial 181 finished with values: [0.8800769306893329, 0.18922651933701656] and parameters: {'psi': 0.013146599993619001}.
[I 2025-08-09 18:48:10,877] Trial 182 finished with values: [0.821345407587046, 0.17869415807560138] and parameters: {'psi': 0.22755684346832417}.
[I 2025-08-09 18:48:16,189] Trial 183 finished with values: [0.8198055142676806, 0.17839944966750745] and parameters: {'psi': 0.49283647729279567}.
[I 2025-08-09 18:48:21,524] Trial 184 finished with values: [0.8211071553574603, 0.17869415807560138] and parameters: {'psi': 0.23775782607498108}.
[I 2025-08-09 18:48:26,834] Trial 185 finished with values: [0.8199046915497447, 0.17973406694176983] and parameters: {'psi': 0.522183330141807}.
[I 2025-08-09 18:48:32,164] Trial 186 finished with values: [0.8303020960527387, 0.18160972254070168] and parameters: {'psi': 0.09713187723708128}.
[I 2025-08-09 18:48:37,495] Trial 187 finished with values: [0.8202410142925964, 0.17869415807560138] and parameters: {'psi': 0.29199322375672376}.
[I 2025-08-09 18:48:42,821] Trial 188 finished with values: [0.8196931232459401, 0.17794083925705115] and parameters: {'psi': 0.44079263606494157}.
[I 2025-08-09 18:48:48,133] Trial 189 finished with values: [0.8198423750675332, 0.17885806007796376] and parameters: {'psi': 0.504695314585337}.
[I 2025-08-09 18:48:53,444] Trial 190 finished with values: [0.8207810769745822, 0.1824432729773092] and parameters: {'psi': 0.6873249433510926}.
[I 2025-08-09 18:48:58,753] Trial 191 finished with values: [0.8209397633253209, 0.18327605956471935] and parameters: {'psi': 0.7243142170488396}.
[I 2025-08-09 18:49:04,075] Trial 192 finished with values: [0.8197841617281834, 0.17839944966750745] and parameters: {'psi': 0.48582011058188035}.
[I 2025-08-09 18:49:09,390] Trial 193 finished with values: [0.8193998430115946, 0.18504027617951668] and parameters: {'psi': 0.8750192551987153}.
[I 2025-08-09 18:49:14,709] Trial 194 finished with values: [0.8197626337253401, 0.17839944966750745] and parameters: {'psi': 0.47779028248825006}.
[I 2025-08-09 18:49:20,020] Trial 195 finished with values: [0.8206757854697669, 0.18152647261058905] and parameters: {'psi': 0.667898246199105}.
[I 2025-08-09 18:49:25,325] Trial 196 finished with values: [0.8203464272720357, 0.18069250171978904] and parameters: {'psi': 0.6125403664161132}.
[I 2025-08-09 18:49:30,635] Trial 197 finished with values: [0.8204634343294954, 0.18110958276020175] and parameters: {'psi': 0.6322319122549221}.
[I 2025-08-09 18:49:35,948] Trial 198 finished with values: [0.8200335761260145, 0.18532996091055415] and parameters: {'psi': 0.8509636554807991}.
[I 2025-08-09 18:49:41,277] Trial 199 finished with values: [0.8264440754855192, 0.1806510774873911] and parameters: {'psi': 0.12732180161295048}.
[I 2025-08-09 18:49:46,601] Trial 200 finished with values: [0.8221033012645724, 0.17869415807560138] and parameters: {'psi': 0.2015188262139056}.
[I 2025-08-09 18:49:51,912] Trial 201 finished with values: [0.8205798340138342, 0.18110958276020175] and parameters: {'psi': 0.651363318646435}.
[I 2025-08-09 18:49:57,342] Trial 202 finished with values: [0.8245168130867797, 0.1803993573559789] and parameters: {'psi': 0.9983826401778633}.
[I 2025-08-09 18:50:02,688] Trial 203 finished with values: [0.8191217336080927, 0.18499769903359412] and parameters: {'psi': 0.8831504846000616}.
[I 2025-08-09 18:50:08,011] Trial 204 finished with values: [0.8204830052411711, 0.18110958276020175] and parameters: {'psi': 0.6355217286793863}.
[I 2025-08-09 18:50:13,331] Trial 205 finished with values: [0.8201808033705376, 0.18570443576189383] and parameters: {'psi': 0.8442359893338712}.
[I 2025-08-09 18:50:18,657] Trial 206 finished with values: [0.819728080943347, 0.17794083925705115] and parameters: {'psi': 0.46444729481639324}.
[I 2025-08-09 18:50:23,979] Trial 207 finished with values: [0.8202265183207758, 0.18023389130933273] and parameters: {'psi': 0.5913485469201822}.
[I 2025-08-09 18:50:29,304] Trial 208 finished with values: [0.8197218047544303, 0.17873510540788268] and parameters: {'psi': 0.37718191989822014}.
[I 2025-08-09 18:50:34,636] Trial 209 finished with values: [0.8199115211230604, 0.17873510540788268] and parameters: {'psi': 0.3308603356772144}.
[I 2025-08-09 18:50:39,956] Trial 210 finished with values: [0.819932104323271, 0.18532996091055415] and parameters: {'psi': 0.8553210101077108}.
[I 2025-08-09 18:50:45,296] Trial 211 finished with values: [0.8229146842682858, 0.17873510540788268] and parameters: {'psi': 0.18064968408237447}.
[I 2025-08-09 18:50:50,612] Trial 212 finished with values: [0.8205286662026876, 0.18110958276020175] and parameters: {'psi': 0.6428488350464101}.
[I 2025-08-09 18:50:55,950] Trial 213 finished with values: [0.8212329490794033, 0.17911131470453504] and parameters: {'psi': 0.23218918464242133}.
[I 2025-08-09 18:51:01,274] Trial 214 finished with values: [0.8162414622910104, 0.1812327506899724] and parameters: {'psi': 0.930847876307451}.
[I 2025-08-09 18:51:06,606] Trial 215 finished with values: [0.8202120223489554, 0.18023389130933273] and parameters: {'psi': 0.5884219217817466}.
[I 2025-08-09 18:51:11,927] Trial 216 finished with values: [0.8241274059331553, 0.18010999083409715] and parameters: {'psi': 0.15735152686931042}.
[I 2025-08-09 18:51:17,277] Trial 217 finished with values: [0.8465177301392093, 0.18390277459298326] and parameters: {'psi': 0.04699740677312492}.
[I 2025-08-09 18:51:22,604] Trial 218 finished with values: [0.8184398830453116, 0.18319907940161104] and parameters: {'psi': 0.8987173681320382}.
[I 2025-08-09 18:51:27,932] Trial 219 finished with values: [0.8206889587179017, 0.18198487279394912] and parameters: {'psi': 0.6702044480253162}.
[I 2025-08-09 18:51:33,258] Trial 220 finished with values: [0.8197267987112028, 0.18449505406027145] and parameters: {'psi': 0.8635328219078054}.
[I 2025-08-09 18:51:38,597] Trial 221 finished with values: [0.8197679786088046, 0.17873510540788268] and parameters: {'psi': 0.3608998849397892}.
[I 2025-08-09 18:51:43,933] Trial 222 finished with values: [0.8316568485476521, 0.18202659330582302] and parameters: {'psi': 0.08964477483575506}.
[I 2025-08-09 18:51:49,283] Trial 223 finished with values: [0.8463027875402883, 0.18390277459298326] and parameters: {'psi': 0.04735831609378527}.
[I 2025-08-09 18:51:54,617] Trial 224 finished with values: [0.8270409612972671, 0.18069250171978904] and parameters: {'psi': 0.1214130679590304}.
[I 2025-08-09 18:51:59,947] Trial 225 finished with values: [0.8200506365621234, 0.18023389130933273] and parameters: {'psi': 0.5575676620254855}.
[I 2025-08-09 18:52:05,267] Trial 226 finished with values: [0.8205818046021823, 0.18373909049150206] and parameters: {'psi': 0.8210042076100073}.
[I 2025-08-09 18:52:10,584] Trial 227 finished with values: [0.8208004859200924, 0.1824432729773092] and parameters: {'psi': 0.6914693092455709}.
[I 2025-08-09 18:52:15,910] Trial 228 finished with values: [0.8287971199392389, 0.18073394495412845] and parameters: {'psi': 0.10693689073460588}.
[I 2025-08-09 18:52:21,229] Trial 229 finished with values: [0.8209868144964254, 0.18290167316066927] and parameters: {'psi': 0.750567763973605}.
[I 2025-08-09 18:52:26,556] Trial 230 finished with values: [0.8206968410712938, 0.18198487279394912] and parameters: {'psi': 0.6716065312964863}.
[I 2025-08-09 18:52:31,873] Trial 231 finished with values: [0.819206171969088, 0.18499769903359412] and parameters: {'psi': 0.8807511095432524}.
[I 2025-08-09 18:52:37,195] Trial 232 finished with values: [0.8203384234440194, 0.17869415807560138] and parameters: {'psi': 0.2836584777487715}.
[I 2025-08-09 18:52:42,521] Trial 233 finished with values: [0.8220438056930783, 0.17869415807560138] and parameters: {'psi': 0.20327505067853435}.
[I 2025-08-09 18:52:47,859] Trial 234 finished with values: [0.8259371213872165, 0.18015127206050882] and parameters: {'psi': 0.13279143839544427}.
[I 2025-08-09 18:52:53,190] Trial 235 finished with values: [0.8228601691563835, 0.17873510540788268] and parameters: {'psi': 0.18189620292525466}.
[I 2025-08-09 18:52:58,516] Trial 236 finished with values: [0.8200659018732305, 0.18023389130933273] and parameters: {'psi': 0.5607670662852475}.
[I 2025-08-09 18:53:03,845] Trial 237 finished with values: [0.8170588920315724, 0.17935157507472982] and parameters: {'psi': 0.956961115909939}.
[I 2025-08-09 18:53:09,163] Trial 238 finished with values: [0.8209402762181786, 0.18327605956471935] and parameters: {'psi': 0.724515555222345}.
[I 2025-08-09 18:53:14,481] Trial 239 finished with values: [0.8203636901658518, 0.18110958276020175] and parameters: {'psi': 0.6154447273236726}.
[I 2025-08-09 18:53:19,798] Trial 240 finished with values: [0.8208556893881982, 0.1824432729773092] and parameters: {'psi': 0.7026842354188548}.
[I 2025-08-09 18:53:25,114] Trial 241 finished with values: [0.8194949576423384, 0.18504027617951668] and parameters: {'psi': 0.8718938628032191}.
[I 2025-08-09 18:53:30,440] Trial 242 finished with values: [0.8583812118816003, 0.18619582664526485] and parameters: {'psi': 0.031720775023508896}.
[I 2025-08-09 18:53:35,787] Trial 243 finished with values: [0.8355804249203949, 0.18373424971363117] and parameters: {'psi': 0.07310152333895903}.
[I 2025-08-09 18:53:41,119] Trial 244 finished with values: [0.8315982977787906, 0.18202659330582302] and parameters: {'psi': 0.08994328136923957}.
[I 2025-08-09 18:53:46,444] Trial 245 finished with values: [0.8300697960797385, 0.1811926605504587] and parameters: {'psi': 0.0985191107327128}.
[I 2025-08-09 18:53:51,773] Trial 246 finished with values: [0.8212440032702049, 0.17911131470453504] and parameters: {'psi': 0.23170822367874266}.
[I 2025-08-09 18:53:57,103] Trial 247 finished with values: [0.8202978509195387, 0.17869415807560138] and parameters: {'psi': 0.28702716015173213}.
[I 2025-08-09 18:54:02,430] Trial 248 finished with values: [0.8197684240157599, 0.17873510540788268] and parameters: {'psi': 0.3606267475038982}.
[I 2025-08-09 18:54:07,770] Trial 249 finished with values: [0.859189733483055, 0.18577981651376146] and parameters: {'psi': 0.03090700346154207}.
[I 2025-08-09 18:54:13,108] Trial 250 finished with values: [0.8198183635834841, 0.17873510540788268] and parameters: {'psi': 0.34833363777539894}.
[I 2025-08-09 18:54:18,435] Trial 251 finished with values: [0.8812351912310222, 0.18935729094678647] and parameters: {'psi': 0.011797108652518373}.
[I 2025-08-09 18:54:23,755] Trial 252 finished with values: [0.8202109020829766, 0.18023389130933273] and parameters: {'psi': 0.5882710313336812}.
[I 2025-08-09 18:54:29,063] Trial 253 finished with values: [0.8207358749172016, 0.1824432729773092] and parameters: {'psi': 0.6789358309500124}.
[I 2025-08-09 18:54:34,473] Trial 254 finished with values: [0.8208594955930896, 0.1824432729773092] and parameters: {'psi': 0.7037128965045399}.
[I 2025-08-09 18:54:39,790] Trial 255 finished with values: [0.8198498525055112, 0.1792755616689592] and parameters: {'psi': 0.5075731170358228}.
[I 2025-08-09 18:54:45,104] Trial 256 finished with values: [0.820832946639113, 0.1824432729773092] and parameters: {'psi': 0.6979544590483868}.
[I 2025-08-09 18:54:50,425] Trial 257 finished with values: [0.8201289202088263, 0.186164100206849] and parameters: {'psi': 0.8466963884741948}.
[I 2025-08-09 18:54:55,734] Trial 258 finished with values: [0.816441396025253, 0.1812327506899724] and parameters: {'psi': 0.9276037557124109}.
[I 2025-08-09 18:55:01,045] Trial 259 finished with values: [0.8205281398126493, 0.17869415807560138] and parameters: {'psi': 0.26979622871492914}.
[I 2025-08-09 18:55:06,357] Trial 260 finished with values: [0.8198387038344463, 0.18491260349586017] and parameters: {'psi': 0.8591509808809025}.
[I 2025-08-09 18:55:11,682] Trial 261 finished with values: [0.8206707780158142, 0.17869415807560138] and parameters: {'psi': 0.260574186454984}.
[I 2025-08-09 18:55:17,017] Trial 262 finished with values: [0.832501299643507, 0.18248509857863365] and parameters: {'psi': 0.08549387938001829}.
[I 2025-08-09 18:55:22,324] Trial 263 finished with values: [0.8205368454940499, 0.18110958276020175] and parameters: {'psi': 0.6441465692748708}.
[I 2025-08-09 18:55:27,650] Trial 264 finished with values: [0.8197015724809119, 0.17794083925705115] and parameters: {'psi': 0.44796887839485267}.
[I 2025-08-09 18:55:32,975] Trial 265 finished with values: [0.8255193296630721, 0.18015127206050882] and parameters: {'psi': 0.1377017725246289}.
[I 2025-08-09 18:55:38,294] Trial 266 finished with values: [0.8197052572111792, 0.17794083925705115] and parameters: {'psi': 0.4510132450223223}.
[I 2025-08-09 18:55:43,611] Trial 267 finished with values: [0.8204223624093375, 0.18110958276020175] and parameters: {'psi': 0.6250491333307298}.
[I 2025-08-09 18:55:48,925] Trial 268 finished with values: [0.8197983337676726, 0.17839944966750745] and parameters: {'psi': 0.49028322669641655}.
[I 2025-08-09 18:55:54,247] Trial 269 finished with values: [0.819867223376771, 0.17873510540788268] and parameters: {'psi': 0.3383144475086436}.
[I 2025-08-09 18:55:59,570] Trial 270 finished with values: [0.8193503758451867, 0.18504027617951668] and parameters: {'psi': 0.8765821829903401}.
[I 2025-08-09 18:56:04,898] Trial 271 finished with values: [0.820258034237164, 0.17869415807560138] and parameters: {'psi': 0.29045063125435655}.
[I 2025-08-09 18:56:10,215] Trial 272 finished with values: [0.8172936484914176, 0.18265470439383483] and parameters: {'psi': 0.916448769573259}.
[I 2025-08-09 18:56:15,532] Trial 273 finished with values: [0.820609689777025, 0.18373909049150206] and parameters: {'psi': 0.8189374621007491}.
[I 2025-08-09 18:56:20,849] Trial 274 finished with values: [0.8205994724114122, 0.18152647261058905] and parameters: {'psi': 0.6548342575477812}.
[I 2025-08-09 18:56:26,159] Trial 275 finished with values: [0.8204658908163402, 0.18110958276020175] and parameters: {'psi': 0.6326403975462914}.
[I 2025-08-09 18:56:31,487] Trial 276 finished with values: [0.8218686122906298, 0.17869415807560138] and parameters: {'psi': 0.20872814644927318}.
[I 2025-08-09 18:56:36,807] Trial 277 finished with values: [0.8219747946093559, 0.17869415807560138] and parameters: {'psi': 0.20543357288951491}.
[I 2025-08-09 18:56:42,125] Trial 278 finished with values: [0.816805644434489, 0.1817345295606165] and parameters: {'psi': 0.9226674040351589}.
[I 2025-08-09 18:56:47,461] Trial 279 finished with values: [0.8218813806233506, 0.17869415807560138] and parameters: {'psi': 0.20831989920264005}.
[I 2025-08-09 18:56:52,762] Trial 280 finished with values: [0.8204974472242698, 0.18110958276020175] and parameters: {'psi': 0.6379487164659858}.
[I 2025-08-09 18:56:58,085] Trial 281 finished with values: [0.8197455193005091, 0.17873510540788268] and parameters: {'psi': 0.36804261128800086}.
[I 2025-08-09 18:57:03,418] Trial 282 finished with values: [0.8454638432940635, 0.1834862385321101] and parameters: {'psi': 0.04879462021115477}.
[I 2025-08-09 18:57:08,742] Trial 283 finished with values: [0.8819801546096623, 0.19120018428933425] and parameters: {'psi': 0.010630312034462519}.
[I 2025-08-09 18:57:14,060] Trial 284 finished with values: [0.8203120904449301, 0.18478510687198346] and parameters: {'psi': 0.8376596198940601}.
[I 2025-08-09 18:57:19,375] Trial 285 finished with values: [0.8205442419489454, 0.18110958276020175] and parameters: {'psi': 0.6454130656406896}.
[I 2025-08-09 18:57:24,689] Trial 286 finished with values: [0.8199832316428761, 0.1797752808988764] and parameters: {'psi': 0.5418449230313597}.
[I 2025-08-09 18:57:30,006] Trial 287 finished with values: [0.8188373885072155, 0.17972879797747643] and parameters: {'psi': 0.9683985028458107}.
[I 2025-08-09 18:57:35,319] Trial 288 finished with values: [0.8205984601228773, 0.18152647261058905] and parameters: {'psi': 0.6545862876535754}.
[I 2025-08-09 18:57:40,631] Trial 289 finished with values: [0.8202768763010945, 0.18023389130933273] and parameters: {'psi': 0.6001628693427342}.
[I 2025-08-09 18:57:45,940] Trial 290 finished with values: [0.8200055424821865, 0.1797752808988764] and parameters: {'psi': 0.5473466635898124}.
[I 2025-08-09 18:57:51,252] Trial 291 finished with values: [0.8197809359020519, 0.17839944966750745] and parameters: {'psi': 0.4847667818073621}.
[I 2025-08-09 18:57:56,568] Trial 292 finished with values: [0.8196898839226282, 0.17873510540788268] and parameters: {'psi': 0.39637238552645737}.
[I 2025-08-09 18:58:01,896] Trial 293 finished with values: [0.8235188180659436, 0.17965169569202566] and parameters: {'psi': 0.16805900431549559}.
[I 2025-08-09 18:58:07,222] Trial 294 finished with values: [0.8504868459988444, 0.1830275229357798] and parameters: {'psi': 0.04100103729913429}.
[I 2025-08-09 18:58:12,533] Trial 295 finished with values: [0.8208448916438252, 0.18248509857863365] and parameters: {'psi': 0.7001947564739999}.
[I 2025-08-09 18:58:17,857] Trial 296 finished with values: [0.8331506489957261, 0.18248509857863365] and parameters: {'psi': 0.08259663025348574}.
[I 2025-08-09 18:58:23,194] Trial 297 finished with values: [0.8332183508529435, 0.18248509857863365] and parameters: {'psi': 0.08230486150696581}.
[I 2025-08-09 18:58:28,525] Trial 298 finished with values: [0.8824094054400224, 0.19091537929444316] and parameters: {'psi': 0.009298182709701397}.
