[I 2025-08-09 20:19:28,580] Trial 450 finished with values: [0.9115859638645549, 0.28004410143329656] and parameters: {'psi': 0.6950069504746739}.
[I 2025-08-09 20:19:35,017] Trial 451 finished with values: [0.9089589613523571, 0.2771618625277162] and parameters: {'psi': 0.8790921082273696}.
[I 2025-08-09 20:19:41,459] Trial 452 finished with values: [0.9111406468148773, 0.28257284222100054] and parameters: {'psi': 0.3194715167142529}.
[I 2025-08-09 20:19:47,919] Trial 453 finished with values: [0.913918775435607, 0.2844590884129599] and parameters: {'psi': 0.11622913198410545}.
[I 2025-08-09 20:19:54,384] Trial 454 finished with values: [0.914964611911317, 0.2857142857142857] and parameters: {'psi': 0.09593678472461398}.
[I 2025-08-09 20:20:00,840] Trial 455 finished with values: [0.9111075499537495, 0.2816281628162816] and parameters: {'psi': 0.39818874218991174}.
[I 2025-08-09 20:20:07,404] Trial 456 finished with values: [0.9156124342960382, 0.28665568369028005] and parameters: {'psi': 0.08635068927317735}.
[I 2025-08-09 20:20:13,867] Trial 457 finished with values: [0.9128660944803438, 0.2835164835164835] and parameters: {'psi': 0.14717292256005476}.
[I 2025-08-09 20:20:20,303] Trial 458 finished with values: [0.9082707413283183, 0.2818941504178273] and parameters: {'psi': 0.9707576382661572}.
[I 2025-08-09 20:20:26,747] Trial 459 finished with values: [0.9051580545470341, 0.2785793562708102] and parameters: {'psi': 0.9250418667071857}.
[I 2025-08-09 20:20:33,202] Trial 460 finished with values: [0.9147266978020521, 0.2846153846153846] and parameters: {'psi': 0.09998142219463291}.
[I 2025-08-09 20:20:39,636] Trial 461 finished with values: [0.9115531712025184, 0.27973568281938327] and parameters: {'psi': 0.6627385846557293}.
[I 2025-08-09 20:20:46,083] Trial 462 finished with values: [0.9112584631229176, 0.28257284222100054] and parameters: {'psi': 0.2791693192864457}.
[I 2025-08-09 20:20:52,522] Trial 463 finished with values: [0.909704887944006, 0.2762063227953411] and parameters: {'psi': 0.8688386894342132}.
[I 2025-08-09 20:20:58,973] Trial 464 finished with values: [0.9111734394769138, 0.28193832599118945] and parameters: {'psi': 0.45227400962480946}.
[I 2025-08-09 20:21:05,435] Trial 465 finished with values: [0.9111983838023962, 0.28193832599118945] and parameters: {'psi': 0.46848530346510775}.
[I 2025-08-09 20:21:11,856] Trial 466 finished with values: [0.9115294740933102, 0.2798898071625344] and parameters: {'psi': 0.6405161673050034}.
[I 2025-08-09 20:21:18,316] Trial 467 finished with values: [0.9128644822251604, 0.2835164835164835] and parameters: {'psi': 0.14722841100256856}.
[I 2025-08-09 20:21:24,767] Trial 468 finished with values: [0.9114821711346213, 0.27958172812328014] and parameters: {'psi': 0.6128822000044133}.
[I 2025-08-09 20:21:31,209] Trial 469 finished with values: [0.9114298793108357, 0.2798898071625344] and parameters: {'psi': 0.5878184477178544}.
[I 2025-08-09 20:21:37,671] Trial 470 finished with values: [0.911613007163767, 0.28272827282728275] and parameters: {'psi': 0.22317824297699973}.
[I 2025-08-09 20:21:44,101] Trial 471 finished with values: [0.9115946639585647, 0.2803532008830022] and parameters: {'psi': 0.7355433372373077}.
[I 2025-08-09 20:21:50,548] Trial 472 finished with values: [0.911483114151804, 0.27958172812328014] and parameters: {'psi': 0.613556975872194}.
[I 2025-08-09 20:21:56,980] Trial 473 finished with values: [0.9115919870065616, 0.28019856591285164] and parameters: {'psi': 0.71278939280068}.
[I 2025-08-09 20:22:03,417] Trial 474 finished with values: [0.911547938978149, 0.27973568281938327] and parameters: {'psi': 0.6565774141212748}.
[I 2025-08-09 20:22:09,871] Trial 475 finished with values: [0.9134801203460275, 0.2846153846153846] and parameters: {'psi': 0.12741269631989582}.
[I 2025-08-09 20:22:16,303] Trial 476 finished with values: [0.9061710071009802, 0.2785793562708102] and parameters: {'psi': 0.9096663644839096}.
[I 2025-08-09 20:22:22,735] Trial 477 finished with values: [0.9126300664054448, 0.28555555555555556] and parameters: {'psi': 0.9891834398526963}.
[I 2025-08-09 20:22:29,161] Trial 478 finished with values: [0.9115729745633586, 0.2809734513274336] and parameters: {'psi': 0.763122479336389}.
[I 2025-08-09 20:22:35,610] Trial 479 finished with values: [0.91119199562148, 0.28193832599118945] and parameters: {'psi': 0.4634927621896029}.
[I 2025-08-09 20:22:42,050] Trial 480 finished with values: [0.9115317251665855, 0.2803324099722992] and parameters: {'psi': 0.7841728051351687}.
[I 2025-08-09 20:22:48,506] Trial 481 finished with values: [0.9110974505439202, 0.2816281628162816] and parameters: {'psi': 0.38348906415124073}.
[I 2025-08-09 20:22:54,935] Trial 482 finished with values: [0.911580609960549, 0.2798898071625344] and parameters: {'psi': 0.687902263490459}.
[I 2025-08-09 20:23:01,391] Trial 483 finished with values: [0.9111103181654798, 0.2816281628162816] and parameters: {'psi': 0.4023687308722339}.
[I 2025-08-09 20:23:07,846] Trial 484 finished with values: [0.9111079149926591, 0.2816281628162816] and parameters: {'psi': 0.39920473322059}.
[I 2025-08-09 20:23:14,282] Trial 485 finished with values: [0.911332687701182, 0.2809917355371901] and parameters: {'psi': 0.5391803264592073}.
[I 2025-08-09 20:23:20,730] Trial 486 finished with values: [0.911211251423956, 0.2793791574279379] and parameters: {'psi': 0.824392048124454}.
[I 2025-08-09 20:23:27,198] Trial 487 finished with values: [0.9126709811832177, 0.28367234744365033] and parameters: {'psi': 0.15469845494862067}.
[I 2025-08-09 20:23:33,639] Trial 488 finished with values: [0.9115944510192007, 0.2803532008830022] and parameters: {'psi': 0.7349377773822988}.
[I 2025-08-09 20:23:40,093] Trial 489 finished with values: [0.9111266232367707, 0.2816281628162816] and parameters: {'psi': 0.32698872732103745}.
[I 2025-08-09 20:23:46,548] Trial 490 finished with values: [0.9116133113628582, 0.28272827282728275] and parameters: {'psi': 0.22312419035718878}.
[I 2025-08-09 20:23:53,016] Trial 491 finished with values: [0.9134790252292992, 0.2846153846153846] and parameters: {'psi': 0.12744333839812083}.
[I 2025-08-09 20:23:59,483] Trial 492 finished with values: [0.9147924352256709, 0.2857142857142857] and parameters: {'psi': 0.0988383332985463}.
[I 2025-08-09 20:24:05,920] Trial 493 finished with values: [0.9086740789034038, 0.2771618625277162] and parameters: {'psi': 0.8825107095361072}.
[I 2025-08-09 20:24:12,370] Trial 494 finished with values: [0.9114478574771285, 0.2812846068660022] and parameters: {'psi': 0.8008702480311009}.
[I 2025-08-09 20:24:18,828] Trial 495 finished with values: [0.9200595208109899, 0.2918266593527153] and parameters: {'psi': 0.04816844935179787}.
[I 2025-08-09 20:24:25,278] Trial 496 finished with values: [0.9115827697740968, 0.2808181315644002] and parameters: {'psi': 0.7562159955741513}.
[I 2025-08-09 20:24:31,723] Trial 497 finished with values: [0.9112606837762837, 0.2804878048780488] and parameters: {'psi': 0.8210590761671096}.
[I 2025-08-09 20:24:38,157] Trial 498 finished with values: [0.9113833064299658, 0.28083700440528636] and parameters: {'psi': 0.5665884581310905}.
[I 2025-08-09 20:24:44,606] Trial 499 finished with values: [0.9112554819718235, 0.2820936639118457] and parameters: {'psi': 0.4966555163410372}.
