[I 2025-08-09 19:42:58,308] Trial 299 finished with values: [0.9336394779632634, 0.21994301994301993] and parameters: {'psi': 0.49239642933819316}.
[I 2025-08-09 19:43:03,594] Trial 300 finished with values: [0.9350598696046902, 0.2689987937273824] and parameters: {'psi': 0.849525626533273}.
[I 2025-08-09 19:43:08,881] Trial 301 finished with values: [0.9354772398666878, 0.25059101654846333] and parameters: {'psi': 0.75369698113071}.
[I 2025-08-09 19:43:14,173] Trial 302 finished with values: [0.9337536896315628, 0.2067007382169222] and parameters: {'psi': 0.2673276343519905}.
[I 2025-08-09 19:43:19,452] Trial 303 finished with values: [0.9335554218868527, 0.21213840045377197] and parameters: {'psi': 0.32550032796809514}.
[I 2025-08-09 19:43:24,838] Trial 304 finished with values: [0.9351460344637504, 0.2421420256111758] and parameters: {'psi': 0.6822673704741707}.
[I 2025-08-09 19:43:30,135] Trial 305 finished with values: [0.9341422960982209, 0.2084985835694051] and parameters: {'psi': 0.19648704403066042}.
[I 2025-08-09 19:43:35,419] Trial 306 finished with values: [0.9350690638970424, 0.24260011607661056] and parameters: {'psi': 0.6729950990188179}.
[I 2025-08-09 19:43:40,703] Trial 307 finished with values: [0.9335804742247293, 0.21855435401252135] and parameters: {'psi': 0.4790249800625287}.
[I 2025-08-09 19:43:45,976] Trial 308 finished with values: [0.933456773034507, 0.21465076660988075] and parameters: {'psi': 0.4220723435338831}.
[I 2025-08-09 19:43:51,260] Trial 309 finished with values: [0.9334975568909493, 0.2133938706015891] and parameters: {'psi': 0.35553231680815245}.
[I 2025-08-09 19:43:56,552] Trial 310 finished with values: [0.9354969780722875, 0.24896755162241888] and parameters: {'psi': 0.7426904982852692}.
[I 2025-08-09 19:44:01,837] Trial 311 finished with values: [0.9352870276716989, 0.2428488032691185] and parameters: {'psi': 0.6984405533402147}.
[I 2025-08-09 19:44:07,123] Trial 312 finished with values: [0.9348046647284425, 0.23889209463358338] and parameters: {'psi': 0.6438417927843497}.
[I 2025-08-09 19:44:12,402] Trial 313 finished with values: [0.9352445989647902, 0.24154025670945156] and parameters: {'psi': 0.693126208764887}.
[I 2025-08-09 19:44:17,696] Trial 314 finished with values: [0.9338611953710364, 0.20760068065796938] and parameters: {'psi': 0.24225875861159607}.
[I 2025-08-09 19:44:22,999] Trial 315 finished with values: [0.9343090586301466, 0.24461269656377402] and parameters: {'psi': 0.9692568101575533}.
[I 2025-08-09 19:44:28,278] Trial 316 finished with values: [0.9353553100538912, 0.24313267095265925] and parameters: {'psi': 0.7069977593596092}.
[I 2025-08-09 19:44:33,567] Trial 317 finished with values: [0.9353338426465189, 0.25089179548156954] and parameters: {'psi': 0.7763116283312237}.
[I 2025-08-09 19:44:38,856] Trial 318 finished with values: [0.9353948708163966, 0.2491103202846975] and parameters: {'psi': 0.7687279645405672}.
[I 2025-08-09 19:44:44,152] Trial 319 finished with values: [0.9369954790230534, 0.20359955005624297] and parameters: {'psi': 0.07421221865195038}.
[I 2025-08-09 19:44:49,443] Trial 320 finished with values: [0.9349751387178314, 0.2421784472769409] and parameters: {'psi': 0.6624956032349344}.
[I 2025-08-09 19:44:54,755] Trial 321 finished with values: [0.9349567079574743, 0.2082625919637804] and parameters: {'psi': 0.1335366528686951}.
[I 2025-08-09 19:45:00,039] Trial 322 finished with values: [0.9354913687104398, 0.24852767962308597] and parameters: {'psi': 0.7372049175014731}.
[I 2025-08-09 19:45:05,326] Trial 323 finished with values: [0.9352442193839132, 0.2563496751329002] and parameters: {'psi': 0.9345946362961968}.
[I 2025-08-09 19:45:10,625] Trial 324 finished with values: [0.9405648467113239, 0.20458356623812185] and parameters: {'psi': 0.03617491593025113}.
[I 2025-08-09 19:45:15,919] Trial 325 finished with values: [0.935300608231962, 0.2640615748963884] and parameters: {'psi': 0.9242521174045846}.
[I 2025-08-09 19:45:21,223] Trial 326 finished with values: [0.9354897238599732, 0.24911452184179456] and parameters: {'psi': 0.747928712030462}.
[I 2025-08-09 19:45:26,536] Trial 327 finished with values: [0.934995889139103, 0.2647412755716005] and parameters: {'psi': 0.8347345862204866}.
[I 2025-08-09 19:45:31,828] Trial 328 finished with values: [0.9350372212790341, 0.2577937649880096] and parameters: {'psi': 0.8099108979817672}.
[I 2025-08-09 19:45:37,131] Trial 329 finished with values: [0.9371148782966705, 0.20337078651685395] and parameters: {'psi': 0.07226932622511129}.
[I 2025-08-09 19:45:42,429] Trial 330 finished with values: [0.9354548024192966, 0.24866785079928952] and parameters: {'psi': 0.7596204779039923}.
[I 2025-08-09 19:45:47,732] Trial 331 finished with values: [0.9401988463946691, 0.20469798657718122] and parameters: {'psi': 0.03872740750452197}.
[I 2025-08-09 19:45:53,015] Trial 332 finished with values: [0.9337965400950016, 0.20658342792281498] and parameters: {'psi': 0.25642116195487274}.
[I 2025-08-09 19:45:58,303] Trial 333 finished with values: [0.9334633946120267, 0.21452894438138478] and parameters: {'psi': 0.3776455908506047}.
[I 2025-08-09 19:46:03,598] Trial 334 finished with values: [0.9352334645924006, 0.27300060132291043] and parameters: {'psi': 0.8791507250171103}.
[I 2025-08-09 19:46:08,876] Trial 335 finished with values: [0.935268681262648, 0.2718562874251497] and parameters: {'psi': 0.8953268980273099}.
[I 2025-08-09 19:46:14,174] Trial 336 finished with values: [0.9343556205510485, 0.20736543909348443] and parameters: {'psi': 0.17411601755726536}.
[I 2025-08-09 19:46:19,464] Trial 337 finished with values: [0.93517606352868, 0.2532855436081243] and parameters: {'psi': 0.7946218131449635}.
[I 2025-08-09 19:46:24,751] Trial 338 finished with values: [0.9425051798028222, 0.175787728026534] and parameters: {'psi': 0.00935366331735421}.
[I 2025-08-09 19:46:30,042] Trial 339 finished with values: [0.9336260239299594, 0.21994301994301993] and parameters: {'psi': 0.489835452069206}.
[I 2025-08-09 19:46:35,331] Trial 340 finished with values: [0.9334558873457942, 0.21465076660988075] and parameters: {'psi': 0.41829258720537354}.
[I 2025-08-09 19:46:40,617] Trial 341 finished with values: [0.9336288918743628, 0.21994301994301993] and parameters: {'psi': 0.4905438566333732}.
[I 2025-08-09 19:46:45,910] Trial 342 finished with values: [0.9335779015098968, 0.21112372304199772] and parameters: {'psi': 0.31871775842296945}.
[I 2025-08-09 19:46:51,211] Trial 343 finished with values: [0.9349880022919935, 0.25930372148859543] and parameters: {'psi': 0.8184606396606403}.
[I 2025-08-09 19:46:56,494] Trial 344 finished with values: [0.9339764192550075, 0.22578796561604583] and parameters: {'psi': 0.5508204963247822}.
[I 2025-08-09 19:47:01,782] Trial 345 finished with values: [0.9334765534157599, 0.2144072603516733] and parameters: {'psi': 0.36620597812741273}.
[I 2025-08-09 19:47:07,074] Trial 346 finished with values: [0.9354498678678967, 0.24881516587677724] and parameters: {'psi': 0.7604386182227187}.
[I 2025-08-09 19:47:12,367] Trial 347 finished with values: [0.9349898580207252, 0.2581032412965186] and parameters: {'psi': 0.8176935561970871}.
[I 2025-08-09 19:47:17,655] Trial 348 finished with values: [0.9335317191698718, 0.2174160500853728] and parameters: {'psi': 0.46413288215138293}.
[I 2025-08-09 19:47:22,944] Trial 349 finished with values: [0.9343538491736229, 0.23394495412844038] and parameters: {'psi': 0.5952657541541895}.
[I 2025-08-09 19:47:28,238] Trial 350 finished with values: [0.9340185527323455, 0.22578796561604583] and parameters: {'psi': 0.5565617051679729}.
[I 2025-08-09 19:47:33,535] Trial 351 finished with values: [0.9336723749725963, 0.21994301994301993] and parameters: {'psi': 0.499816602433383}.
[I 2025-08-09 19:47:38,834] Trial 352 finished with values: [0.9337470258783901, 0.2067007382169222] and parameters: {'psi': 0.26899178114079647}.
[I 2025-08-09 19:47:44,223] Trial 353 finished with values: [0.9335299899680992, 0.2174160500853728] and parameters: {'psi': 0.46303012507046337}.
[I 2025-08-09 19:47:49,523] Trial 354 finished with values: [0.933702193159261, 0.24032351242056615] and parameters: {'psi': 0.9800961531636174}.
[I 2025-08-09 19:47:54,809] Trial 355 finished with values: [0.9351335504704651, 0.27365883062085594] and parameters: {'psi': 0.8611910691265346}.
[I 2025-08-09 19:48:00,112] Trial 356 finished with values: [0.9340053095773063, 0.20646625070901872] and parameters: {'psi': 0.2149472421630637}.
[I 2025-08-09 19:48:05,400] Trial 357 finished with values: [0.9334606953702352, 0.21465076660988075] and parameters: {'psi': 0.42553305124805474}.
[I 2025-08-09 19:48:10,703] Trial 358 finished with values: [0.933799450215058, 0.20658342792281498] and parameters: {'psi': 0.2558314569376422}.
[I 2025-08-09 19:48:15,985] Trial 359 finished with values: [0.9334695100817102, 0.21465076660988075] and parameters: {'psi': 0.4340967370183303}.
[I 2025-08-09 19:48:21,257] Trial 360 finished with values: [0.9336943063121517, 0.20909090909090908] and parameters: {'psi': 0.28286997136659986}.
[I 2025-08-09 19:48:26,552] Trial 361 finished with values: [0.9349976605165287, 0.26594464500601683] and parameters: {'psi': 0.8357319935987485}.
[I 2025-08-09 19:48:31,840] Trial 362 finished with values: [0.9334670638938367, 0.21351504826802953] and parameters: {'psi': 0.3750216943730539}.
[I 2025-08-09 19:48:37,121] Trial 363 finished with values: [0.9349900688989903, 0.2581032412965186] and parameters: {'psi': 0.8177148950756067}.
[I 2025-08-09 19:48:42,400] Trial 364 finished with values: [0.933506709007648, 0.21327283040272263] and parameters: {'psi': 0.34864001200116346}.
[I 2025-08-09 19:48:47,685] Trial 365 finished with values: [0.9347538852422413, 0.23760092272202998] and parameters: {'psi': 0.6389593484783394}.
[I 2025-08-09 19:48:52,992] Trial 366 finished with values: [0.9412517193959333, 0.20501392757660167] and parameters: {'psi': 0.03168283317616727}.
[I 2025-08-09 19:48:58,275] Trial 367 finished with values: [0.9344136964252169, 0.23509174311926606] and parameters: {'psi': 0.6030433136491368}.
[I 2025-08-09 19:49:03,579] Trial 368 finished with values: [0.9343165658963788, 0.20838052095130238] and parameters: {'psi': 0.17807797111121615}.
[I 2025-08-09 19:49:08,871] Trial 369 finished with values: [0.9353264619072454, 0.24196376388077148] and parameters: {'psi': 0.702988162479873}.
[I 2025-08-09 19:49:14,161] Trial 370 finished with values: [0.9353415607910162, 0.24196376388077148] and parameters: {'psi': 0.7049819243729271}.
[I 2025-08-09 19:49:19,449] Trial 371 finished with values: [0.9334495609978456, 0.21452894438138478] and parameters: {'psi': 0.39831878030180523}.
[I 2025-08-09 19:49:24,739] Trial 372 finished with values: [0.9338230685807328, 0.224] and parameters: {'psi': 0.5286449541134598}.
[I 2025-08-09 19:49:30,036] Trial 373 finished with values: [0.9343449922864949, 0.20736543909348443] and parameters: {'psi': 0.17507268735246584}.
[I 2025-08-09 19:49:35,334] Trial 374 finished with values: [0.9347982540291877, 0.24941451990632318] and parameters: {'psi': 0.9586729373368372}.
[I 2025-08-09 19:49:40,630] Trial 375 finished with values: [0.9342096506160472, 0.24330616996507567] and parameters: {'psi': 0.9709617255428877}.
[I 2025-08-09 19:49:45,930] Trial 376 finished with values: [0.9334552125353464, 0.21465076660988075] and parameters: {'psi': 0.41926029996814973}.
[I 2025-08-09 19:49:51,221] Trial 377 finished with values: [0.9335692133253807, 0.21855435401252135] and parameters: {'psi': 0.4760051965134525}.
[I 2025-08-09 19:49:56,524] Trial 378 finished with values: [0.9334992439170687, 0.2296211251435132] and parameters: {'psi': 0.9890058309346788}.
[I 2025-08-09 19:50:01,821] Trial 379 finished with values: [0.9334551281840403, 0.21465076660988075] and parameters: {'psi': 0.4186930277605555}.
[I 2025-08-09 19:50:07,106] Trial 380 finished with values: [0.933526573740207, 0.21729237770193402] and parameters: {'psi': 0.4624021241872778}.
[I 2025-08-09 19:50:12,425] Trial 381 finished with values: [0.9413294491243954, 0.17025981205085683] and parameters: {'psi': 0.007810282478002306}.
[I 2025-08-09 19:50:17,710] Trial 382 finished with values: [0.9334550860083874, 0.21452894438138478] and parameters: {'psi': 0.38503495773305785}.
[I 2025-08-09 19:50:22,980] Trial 383 finished with values: [0.9350536276080474, 0.26883664858348405] and parameters: {'psi': 0.8484934948442069}.
[I 2025-08-09 19:50:28,261] Trial 384 finished with values: [0.9334893748142691, 0.2160318362706083] and parameters: {'psi': 0.44651697661633105}.
[I 2025-08-09 19:50:33,552] Trial 385 finished with values: [0.9337329813859443, 0.2067007382169222] and parameters: {'psi': 0.27225132621646064}.
[I 2025-08-09 19:50:38,865] Trial 386 finished with values: [0.9436631545313395, 0.1893687707641196] and parameters: {'psi': 0.013879276845176647}.
[I 2025-08-09 19:50:44,168] Trial 387 finished with values: [0.9372838339625519, 0.20224719101123595] and parameters: {'psi': 0.06958406692848684}.
[I 2025-08-09 19:50:49,454] Trial 388 finished with values: [0.9334877721394554, 0.21489482660602616] and parameters: {'psi': 0.44502512000185335}.
[I 2025-08-09 19:50:54,757] Trial 389 finished with values: [0.9358541636774672, 0.20666290231507622] and parameters: {'psi': 0.09948078782253922}.
[I 2025-08-09 19:51:00,055] Trial 390 finished with values: [0.9352920887500579, 0.26272189349112424] and parameters: {'psi': 0.9271638987959014}.
[I 2025-08-09 19:51:05,355] Trial 391 finished with values: [0.936387137404313, 0.20382882882882883] and parameters: {'psi': 0.08617493683725375}.
[I 2025-08-09 19:51:10,656] Trial 392 finished with values: [0.935254594594549, 0.24154025670945156] and parameters: {'psi': 0.6946966765342417}.
[I 2025-08-09 19:51:15,971] Trial 393 finished with values: [0.9420438203347549, 0.17468214483139857] and parameters: {'psi': 0.008645009692828887}.
[I 2025-08-09 19:51:21,273] Trial 394 finished with values: [0.93375647322466, 0.24074074074074073] and parameters: {'psi': 0.9788549529291355}.
[I 2025-08-09 19:51:26,574] Trial 395 finished with values: [0.9369576052866675, 0.20359955005624297] and parameters: {'psi': 0.0748921181570752}.
[I 2025-08-09 19:51:31,863] Trial 396 finished with values: [0.933743272245274, 0.22146118721461186] and parameters: {'psi': 0.5153207963794285}.
[I 2025-08-09 19:51:37,140] Trial 397 finished with values: [0.9335753709707174, 0.21213840045377197] and parameters: {'psi': 0.319864351366434}.
[I 2025-08-09 19:51:42,439] Trial 398 finished with values: [0.9348850515230429, 0.2507322788517868] and parameters: {'psi': 0.9557957573797556}.
[I 2025-08-09 19:51:47,748] Trial 399 finished with values: [0.9392589197921145, 0.20302860347728546] and parameters: {'psi': 0.046366299083504425}.
[I 2025-08-09 19:51:53,035] Trial 400 finished with values: [0.9338776438757029, 0.2242562929061785] and parameters: {'psi': 0.5372064590519564}.
[I 2025-08-09 19:51:58,348] Trial 401 finished with values: [0.9428875442728373, 0.19933184855233854] and parameters: {'psi': 0.022145682042188364}.
[I 2025-08-09 19:52:03,644] Trial 402 finished with values: [0.935278339487183, 0.27169359664871334] and parameters: {'psi': 0.8992195394219434}.
[I 2025-08-09 19:52:09,049] Trial 403 finished with values: [0.9349331317674526, 0.2498533724340176] and parameters: {'psi': 0.9541395962356172}.
[I 2025-08-09 19:52:14,346] Trial 404 finished with values: [0.9337279203075853, 0.2067007382169222] and parameters: {'psi': 0.2732816290470863}.
[I 2025-08-09 19:52:19,644] Trial 405 finished with values: [0.9357113569164403, 0.2076749435665914] and parameters: {'psi': 0.1038363708394443}.
[I 2025-08-09 19:52:24,954] Trial 406 finished with values: [0.9388264928219993, 0.2041503084688727] and parameters: {'psi': 0.05043550744856029}.
[I 2025-08-09 19:52:30,263] Trial 407 finished with values: [0.9347228439616398, 0.23746397694524496] and parameters: {'psi': 0.6357133421444576}.
[I 2025-08-09 19:52:35,563] Trial 408 finished with values: [0.9336119794375135, 0.21010789324247586] and parameters: {'psi': 0.3071861324799119}.
[I 2025-08-09 19:52:40,852] Trial 409 finished with values: [0.9339385876942747, 0.20646625070901872] and parameters: {'psi': 0.2267171708715927}.
[I 2025-08-09 19:52:46,149] Trial 410 finished with values: [0.9349793984587835, 0.2608173076923077] and parameters: {'psi': 0.8211960180302738}.
[I 2025-08-09 19:52:51,459] Trial 411 finished with values: [0.9107496545181386, 0.12567132116004295] and parameters: {'psi': 0.001638601595355338}.
[I 2025-08-09 19:52:56,755] Trial 412 finished with values: [0.9352432071682414, 0.27387387387387385] and parameters: {'psi': 0.8825053218722905}.
[I 2025-08-09 19:53:02,052] Trial 413 finished with values: [0.9343166080720321, 0.23279816513761467] and parameters: {'psi': 0.5911156028013943}.
[I 2025-08-09 19:53:07,335] Trial 414 finished with values: [0.9335698037845225, 0.21213840045377197] and parameters: {'psi': 0.32115842384744053}.
[I 2025-08-09 19:53:12,622] Trial 415 finished with values: [0.9347393346419595, 0.23760092272202998] and parameters: {'psi': 0.637591082073001}.
[I 2025-08-09 19:53:17,915] Trial 416 finished with values: [0.9354544650140728, 0.24866785079928952] and parameters: {'psi': 0.7599015528077038}.
[I 2025-08-09 19:53:23,217] Trial 417 finished with values: [0.9344131059660752, 0.24504084014002334] and parameters: {'psi': 0.9673042483084032}.
[I 2025-08-09 19:53:28,524] Trial 418 finished with values: [0.9407023393400744, 0.20435510887772193] and parameters: {'psi': 0.03523721914406375}.
[I 2025-08-09 19:53:33,811] Trial 419 finished with values: [0.9340367304387844, 0.20748299319727892] and parameters: {'psi': 0.2099475614477574}.
[I 2025-08-09 19:53:39,104] Trial 420 finished with values: [0.9345947565035069, 0.2357676825761932] and parameters: {'psi': 0.6220676634690747}.
[I 2025-08-09 19:53:44,388] Trial 421 finished with values: [0.9353675409932587, 0.24341720304271502] and parameters: {'psi': 0.7088460332951652}.
[I 2025-08-09 19:53:49,688] Trial 422 finished with values: [0.9338328533322267, 0.20760068065796938] and parameters: {'psi': 0.24801219447801426}.
[I 2025-08-09 19:53:54,988] Trial 423 finished with values: [0.934368062368681, 0.20736543909348443] and parameters: {'psi': 0.17307018650666417}.
[I 2025-08-09 19:54:00,286] Trial 424 finished with values: [0.9377169357431152, 0.20224719101123595] and parameters: {'psi': 0.0632492103077732}.
[I 2025-08-09 19:54:05,580] Trial 425 finished with values: [0.9350017093792157, 0.26610475617098134] and parameters: {'psi': 0.8370384525953742}.
[I 2025-08-09 19:54:10,876] Trial 426 finished with values: [0.9335071729398312, 0.21327283040272263] and parameters: {'psi': 0.348464340821643}.
[I 2025-08-09 19:54:16,184] Trial 427 finished with values: [0.9436462420944902, 0.192797783933518] and parameters: {'psi': 0.01565449152214926}.
[I 2025-08-09 19:54:21,472] Trial 428 finished with values: [0.9342645211405883, 0.22948938611589215] and parameters: {'psi': 0.5853572889591763}.
[I 2025-08-09 19:54:26,765] Trial 429 finished with values: [0.9412946963863312, 0.20501392757660167] and parameters: {'psi': 0.03142260928916951}.
[I 2025-08-09 19:54:32,077] Trial 430 finished with values: [0.9361782835707021, 0.20394366197183098] and parameters: {'psi': 0.09107389878127925}.
[I 2025-08-09 19:54:37,364] Trial 431 finished with values: [0.9335052750354466, 0.21327283040272263] and parameters: {'psi': 0.34902653731850153}.
[I 2025-08-09 19:54:42,652] Trial 432 finished with values: [0.9351462453420156, 0.27349397590361446] and parameters: {'psi': 0.8629737337991221}.
[I 2025-08-09 19:54:47,935] Trial 433 finished with values: [0.9349232626646528, 0.2082625919637804] and parameters: {'psi': 0.13540063751745746}.
[I 2025-08-09 19:54:53,239] Trial 434 finished with values: [0.9351593197944427, 0.25176470588235295] and parameters: {'psi': 0.9425331504094285}.
[I 2025-08-09 19:54:58,524] Trial 435 finished with values: [0.9335124870721079, 0.21716884593519045] and parameters: {'psi': 0.45698925507328325}.
[I 2025-08-09 19:55:03,834] Trial 436 finished with values: [0.9348271443514866, 0.2082625919637804] and parameters: {'psi': 0.14059987602589485}.
[I 2025-08-09 19:55:09,122] Trial 437 finished with values: [0.9354135124550186, 0.24384525205158264] and parameters: {'psi': 0.7158254423376338}.
[I 2025-08-09 19:55:14,417] Trial 438 finished with values: [0.9351608381179503, 0.25448028673835127] and parameters: {'psi': 0.7960944327626711}.
[I 2025-08-09 19:55:19,699] Trial 439 finished with values: [0.9343462153804317, 0.23394495412844038] and parameters: {'psi': 0.5946060731205655}.
[I 2025-08-09 19:55:25,021] Trial 440 finished with values: [0.9077702820395573, 0.06570841889117043] and parameters: {'psi': 2.4595761805468186e-05}.
[I 2025-08-09 19:55:30,312] Trial 441 finished with values: [0.9339116374520134, 0.20646625070901872] and parameters: {'psi': 0.23213222170711711}.
[I 2025-08-09 19:55:35,605] Trial 442 finished with values: [0.9338247134311994, 0.20658342792281498] and parameters: {'psi': 0.2502148712307454}.
[I 2025-08-09 19:55:40,892] Trial 443 finished with values: [0.9350114097794036, 0.267308850090307] and parameters: {'psi': 0.8393881039486674}.
[I 2025-08-09 19:55:46,202] Trial 444 finished with values: [0.9407810812842081, 0.20435510887772193] and parameters: {'psi': 0.034716654267781255}.
[I 2025-08-09 19:55:51,503] Trial 445 finished with values: [0.9349800732692314, 0.2644230769230769] and parameters: {'psi': 0.8285660482438821}.
[I 2025-08-09 19:55:56,789] Trial 446 finished with values: [0.9334513323752712, 0.21452894438138478] and parameters: {'psi': 0.3892253542963253}.
[I 2025-08-09 19:56:02,072] Trial 447 finished with values: [0.9334816144941187, 0.2144072603516733] and parameters: {'psi': 0.36452990564873533}.
