[I 2025-08-09 19:32:51,841] Trial 0 finished with values: [0.7885560214037703, 0.11851851851851852] and parameters: {'psi': 0.425855293981268}.
[I 2025-08-09 19:32:57,461] Trial 1 finished with values: [0.7824114923256755, 0.12333333333333334] and parameters: {'psi': 0.7640904052417165}.
[I 2025-08-09 19:33:02,984] Trial 2 finished with values: [0.7802499736340524, 0.12395309882747069] and parameters: {'psi': 0.8177992797141959}.
[I 2025-08-09 19:33:08,507] Trial 3 finished with values: [0.788259924069331, 0.1186161449752883] and parameters: {'psi': 0.4575094596384328}.
[I 2025-08-09 19:33:14,016] Trial 4 finished with values: [0.7752313968475292, 0.1266891891891892] and parameters: {'psi': 0.925691223246356}.
[I 2025-08-09 19:33:19,539] Trial 5 finished with values: [0.7803921133949283, 0.12395309882747069] and parameters: {'psi': 0.8144110105203912}.
[I 2025-08-09 19:33:25,063] Trial 6 finished with values: [0.788336780602878, 0.1186161449752883] and parameters: {'psi': 0.4499126098040973}.
[I 2025-08-09 19:33:30,577] Trial 7 finished with values: [0.7862693969019726, 0.12191103789126853] and parameters: {'psi': 0.6171886879441609}.
[I 2025-08-09 19:33:36,090] Trial 8 finished with values: [0.7858707698546996, 0.1222130470685384] and parameters: {'psi': 0.6405960442550471}.
[I 2025-08-09 19:33:41,609] Trial 9 finished with values: [0.7843639579859643, 0.12251655629139073] and parameters: {'psi': 0.7072774651799233}.
[I 2025-08-09 19:33:47,120] Trial 10 finished with values: [0.780673540341204, 0.11372867587327376] and parameters: {'psi': 0.05647163587635262}.
[I 2025-08-09 19:33:52,627] Trial 11 finished with values: [0.7818853144035338, 0.12343619683069225] and parameters: {'psi': 0.7774949064914126}.
[I 2025-08-09 19:33:58,132] Trial 12 finished with values: [0.7812775528227701, 0.12353923205342238] and parameters: {'psi': 0.7926812410638228}.
[I 2025-08-09 19:34:03,656] Trial 13 finished with values: [0.7886270912842083, 0.11851851851851852] and parameters: {'psi': 0.41715445573899135}.
[I 2025-08-09 19:34:09,172] Trial 14 finished with values: [0.7884589523354197, 0.11851851851851852] and parameters: {'psi': 0.437557161658658}.
[I 2025-08-09 19:34:14,688] Trial 15 finished with values: [0.7888983304609257, 0.11851851851851852] and parameters: {'psi': 0.3827111344435007}.
[I 2025-08-09 19:34:20,203] Trial 16 finished with values: [0.7885131512694694, 0.1162981162981163] and parameters: {'psi': 0.1498899593655849}.
[I 2025-08-09 19:34:25,716] Trial 17 finished with values: [0.7876568896136423, 0.11311475409836065] and parameters: {'psi': 0.12255713554276138}.
[I 2025-08-09 19:34:31,244] Trial 18 finished with values: [0.7882797290933521, 0.1162981162981163] and parameters: {'psi': 0.14006675987005168}.
[I 2025-08-09 19:34:36,753] Trial 19 finished with values: [0.778890191655581, 0.12468407750631845] and parameters: {'psi': 0.849731974963935}.
[I 2025-08-09 19:34:42,273] Trial 20 finished with values: [0.7879564915408098, 0.11871393239901072] and parameters: {'psi': 0.4868202852913841}.
[I 2025-08-09 19:34:47,793] Trial 21 finished with values: [0.789148379076962, 0.11851851851851852] and parameters: {'psi': 0.3436449245183798}.
[I 2025-08-09 19:34:53,310] Trial 22 finished with values: [0.7839674499947593, 0.12271973466003316] and parameters: {'psi': 0.7203557489575604}.
[I 2025-08-09 19:34:58,812] Trial 23 finished with values: [0.7794391086793766, 0.12594458438287154] and parameters: {'psi': 0.8369583303579664}.
[I 2025-08-09 19:35:04,332] Trial 24 finished with values: [0.7864995589918313, 0.12181069958847737] and parameters: {'psi': 0.6030801805963065}.
[I 2025-08-09 19:35:09,846] Trial 25 finished with values: [0.7804902419913129, 0.12384937238493723] and parameters: {'psi': 0.812037905301908}.
[I 2025-08-09 19:35:15,367] Trial 26 finished with values: [0.7882604945844263, 0.1186161449752883] and parameters: {'psi': 0.457482697983877}.
[I 2025-08-09 19:35:20,873] Trial 27 finished with values: [0.7853033518413864, 0.12241521918941274] and parameters: {'psi': 0.6695136230131569}.
[I 2025-08-09 19:35:26,383] Trial 28 finished with values: [0.7823041539856102, 0.11219512195121951] and parameters: {'psi': 0.06420265365396893}.
[I 2025-08-09 19:35:31,908] Trial 29 finished with values: [0.7874052109544767, 0.12036273701566365] and parameters: {'psi': 0.5388527064470897}.
[I 2025-08-09 19:35:37,423] Trial 30 finished with values: [0.7894591467995652, 0.11668036154478226] and parameters: {'psi': 0.2567930048214594}.
[I 2025-08-09 19:35:42,936] Trial 31 finished with values: [0.7872024335891903, 0.12026359143327842] and parameters: {'psi': 0.5542470460924358}.
[I 2025-08-09 19:35:48,455] Trial 32 finished with values: [0.7854482626755821, 0.12231404958677686] and parameters: {'psi': 0.6622797642087842}.
[I 2025-08-09 19:35:53,992] Trial 33 finished with values: [0.7878839546215554, 0.11466011466011466] and parameters: {'psi': 0.12846679181864995}.
[I 2025-08-09 19:35:59,519] Trial 34 finished with values: [0.7892618300787622, 0.11677631578947369] and parameters: {'psi': 0.32222641122772855}.
[I 2025-08-09 19:36:05,038] Trial 35 finished with values: [0.7852034301975596, 0.12241521918941274] and parameters: {'psi': 0.674271675714721}.
[I 2025-08-09 19:36:10,555] Trial 36 finished with values: [0.789198095392406, 0.1162981162981163] and parameters: {'psi': 0.19117713149674576}.
[I 2025-08-09 19:36:16,068] Trial 37 finished with values: [0.7882551969442558, 0.1162981162981163] and parameters: {'psi': 0.139302999060539}.
[I 2025-08-09 19:36:21,574] Trial 38 finished with values: [0.7816095111060545, 0.11228641171684296] and parameters: {'psi': 0.06064065183886502}.
[I 2025-08-09 19:36:27,084] Trial 39 finished with values: [0.7803467981959334, 0.12395309882747069] and parameters: {'psi': 0.8154161526253292}.
[I 2025-08-09 19:36:32,597] Trial 40 finished with values: [0.7892791900380892, 0.1162981162981163] and parameters: {'psi': 0.2009871843553207}.
[I 2025-08-09 19:36:38,115] Trial 41 finished with values: [0.7875981265588305, 0.12036273701566365] and parameters: {'psi': 0.5219772287648509}.
[I 2025-08-09 19:36:43,628] Trial 42 finished with values: [0.7872689393488662, 0.12026359143327842] and parameters: {'psi': 0.5491079367447906}.
[I 2025-08-09 19:36:49,138] Trial 43 finished with values: [0.7795238709221008, 0.12594458438287154] and parameters: {'psi': 0.8349421500315432}.
[I 2025-08-09 19:36:54,661] Trial 44 finished with values: [0.7885294517007625, 0.11851851851851852] and parameters: {'psi': 0.4291201492841902}.
[I 2025-08-09 19:37:00,175] Trial 45 finished with values: [0.7871513317370865, 0.11311475409836065] and parameters: {'psi': 0.11171597889177254}.
[I 2025-08-09 19:37:05,683] Trial 46 finished with values: [0.7869150569854927, 0.12026359143327842] and parameters: {'psi': 0.57498081861165}.
[I 2025-08-09 19:37:11,199] Trial 47 finished with values: [0.7815236078331398, 0.12343619683069225] and parameters: {'psi': 0.7866461838801229}.
[I 2025-08-09 19:37:16,709] Trial 48 finished with values: [0.7844050350728229, 0.11274509803921569] and parameters: {'psi': 0.07791121575431847}.
[I 2025-08-09 19:37:22,226] Trial 49 finished with values: [0.7757583082890791, 0.12510566356720204] and parameters: {'psi': 0.9149437243963054}.
[I 2025-08-09 19:37:27,744] Trial 50 finished with values: [0.7868712088253143, 0.12016460905349795] and parameters: {'psi': 0.5780303401364018}.
[I 2025-08-09 19:37:33,256] Trial 51 finished with values: [0.7865123548303965, 0.12181069958847737] and parameters: {'psi': 0.6021835999246609}.
[I 2025-08-09 19:37:38,872] Trial 52 finished with values: [0.7857476200962802, 0.12231404958677686] and parameters: {'psi': 0.6476303429562384}.
[I 2025-08-09 19:37:44,388] Trial 53 finished with values: [0.7834697978273807, 0.1126530612244898] and parameters: {'psi': 0.07104378048573767}.
[I 2025-08-09 19:37:49,915] Trial 54 finished with values: [0.7865991546270321, 0.12181069958847737] and parameters: {'psi': 0.5966379026488599}.
[I 2025-08-09 19:37:55,430] Trial 55 finished with values: [0.7758859406661042, 0.12521150592216582] and parameters: {'psi': 0.9125836852418426}.
[I 2025-08-09 19:38:00,937] Trial 56 finished with values: [0.7834702053381629, 0.12271973466003316] and parameters: {'psi': 0.7354639906943555}.
[I 2025-08-09 19:38:06,456] Trial 57 finished with values: [0.7836092480170933, 0.1126530612244898] and parameters: {'psi': 0.07197698018214638}.
[I 2025-08-09 19:38:11,979] Trial 58 finished with values: [0.787970020898783, 0.11871393239901072] and parameters: {'psi': 0.4854801042865441}.
[I 2025-08-09 19:38:17,496] Trial 59 finished with values: [0.7874903807079832, 0.12036273701566365] and parameters: {'psi': 0.532014272608012}.
[I 2025-08-09 19:38:22,991] Trial 60 finished with values: [0.777802871386174, 0.12719665271966527] and parameters: {'psi': 0.9715297536535863}.
[I 2025-08-09 19:38:28,509] Trial 61 finished with values: [0.7891666355600102, 0.1168724279835391] and parameters: {'psi': 0.3386649171873509}.
[I 2025-08-09 19:38:34,011] Trial 62 finished with values: [0.7754731322436061, 0.12679628064243448] and parameters: {'psi': 0.9204581322458634}.
[I 2025-08-09 19:38:39,538] Trial 63 finished with values: [0.7876858228791876, 0.12036273701566365] and parameters: {'psi': 0.5139465589283021}.
[I 2025-08-09 19:38:45,060] Trial 64 finished with values: [0.7889217215798312, 0.1162981162981163] and parameters: {'psi': 0.17018851337112395}.
[I 2025-08-09 19:38:50,571] Trial 65 finished with values: [0.7773275508096668, 0.12510566356720204] and parameters: {'psi': 0.8843255006274666}.
[I 2025-08-09 19:38:56,084] Trial 66 finished with values: [0.7890095809045012, 0.11851851851851852] and parameters: {'psi': 0.36656048574039524}.
[I 2025-08-09 19:39:01,602] Trial 67 finished with values: [0.788995888542215, 0.11851851851851852] and parameters: {'psi': 0.36867902202953906}.
[I 2025-08-09 19:39:07,130] Trial 68 finished with values: [0.7891704661613641, 0.1168724279835391] and parameters: {'psi': 0.337447699030602}.
[I 2025-08-09 19:39:12,641] Trial 69 finished with values: [0.7816994079846358, 0.12343619683069225] and parameters: {'psi': 0.7820149410709025}.
[I 2025-08-09 19:39:18,152] Trial 70 finished with values: [0.7858078501899082, 0.12231404958677686] and parameters: {'psi': 0.6444122143703268}.
[I 2025-08-09 19:39:23,686] Trial 71 finished with values: [0.7879335894348429, 0.11871393239901072] and parameters: {'psi': 0.4894123655829503}.
[I 2025-08-09 19:39:29,213] Trial 72 finished with values: [0.7887953932373096, 0.11851851851851852] and parameters: {'psi': 0.39631792555551615}.
[I 2025-08-09 19:39:34,730] Trial 73 finished with values: [0.7871470121227938, 0.12026359143327842] and parameters: {'psi': 0.5586876964821257}.
[I 2025-08-09 19:39:40,238] Trial 74 finished with values: [0.7795689416146262, 0.12594458438287154] and parameters: {'psi': 0.8338302485544398}.
[I 2025-08-09 19:39:45,742] Trial 75 finished with values: [0.7800508638658071, 0.1259320629660315] and parameters: {'psi': 0.9923048123005471}.
[I 2025-08-09 19:39:51,265] Trial 76 finished with values: [0.777347355833688, 0.12552301255230125] and parameters: {'psi': 0.9681666044555315}.
[I 2025-08-09 19:39:56,786] Trial 77 finished with values: [0.7865077092074779, 0.12181069958847737] and parameters: {'psi': 0.6024512063312648}.
[I 2025-08-09 19:40:02,288] Trial 78 finished with values: [0.7893580841255479, 0.11639344262295082] and parameters: {'psi': 0.21426466711771264}.
[I 2025-08-09 19:40:07,808] Trial 79 finished with values: [0.7882221885708874, 0.1162981162981163] and parameters: {'psi': 0.13828441384199652}.
[I 2025-08-09 19:40:13,320] Trial 80 finished with values: [0.7848693528582072, 0.11283728536385937] and parameters: {'psi': 0.08193653989612015}.
[I 2025-08-09 19:40:18,837] Trial 81 finished with values: [0.789459635812504, 0.11668036154478226] and parameters: {'psi': 0.2531378164058544}.
[I 2025-08-09 19:40:24,352] Trial 82 finished with values: [0.7852673278882286, 0.11283728536385937] and parameters: {'psi': 0.0857050017529184}.
[I 2025-08-09 19:40:29,876] Trial 83 finished with values: [0.7889553004682952, 0.11851851851851852] and parameters: {'psi': 0.3745771233642976}.
[I 2025-08-09 19:40:35,384] Trial 84 finished with values: [0.7613100950038036, 0.11525974025974026] and parameters: {'psi': 0.024043838919290628}.
[I 2025-08-09 19:40:40,904] Trial 85 finished with values: [0.7835433127725125, 0.12271973466003316] and parameters: {'psi': 0.7332510952404696}.
[I 2025-08-09 19:40:46,420] Trial 86 finished with values: [0.7842246708005647, 0.12251655629139073] and parameters: {'psi': 0.712038893349939}.
[I 2025-08-09 19:40:51,927] Trial 87 finished with values: [0.7759169929877175, 0.1261564339781329] and parameters: {'psi': 0.9557971266934032}.
[I 2025-08-09 19:40:57,443] Trial 88 finished with values: [0.7892851396955112, 0.11677631578947369] and parameters: {'psi': 0.31683814652205755}.
[I 2025-08-09 19:41:02,948] Trial 89 finished with values: [0.7787495189335214, 0.12468407750631845] and parameters: {'psi': 0.8528887994026104}.
[I 2025-08-09 19:41:08,458] Trial 90 finished with values: [0.7610933807697617, 0.11525974025974026] and parameters: {'psi': 0.023889603266688986}.
[I 2025-08-09 19:41:13,972] Trial 91 finished with values: [0.7810850447291986, 0.12364243943191311] and parameters: {'psi': 0.7975331587076555}.
[I 2025-08-09 19:41:19,492] Trial 92 finished with values: [0.7890115369562563, 0.1162981162981163] and parameters: {'psi': 0.17635029209047737}.
[I 2025-08-09 19:41:24,999] Trial 93 finished with values: [0.7750552706874071, 0.12658227848101267] and parameters: {'psi': 0.9325190901976803}.
[I 2025-08-09 19:41:30,510] Trial 94 finished with values: [0.7892183079272094, 0.11677631578947369] and parameters: {'psi': 0.32993257052761205}.
[I 2025-08-09 19:41:36,021] Trial 95 finished with values: [0.7751093066171438, 0.1266891891891892] and parameters: {'psi': 0.9295539024496373}.
[I 2025-08-09 19:41:41,534] Trial 96 finished with values: [0.7863209877670153, 0.12191103789126853] and parameters: {'psi': 0.6142195132099315}.
[I 2025-08-09 19:41:47,055] Trial 97 finished with values: [0.7881988789541383, 0.1186161449752883] and parameters: {'psi': 0.4635731229007978}.
[I 2025-08-09 19:41:52,576] Trial 98 finished with values: [0.7882118377970163, 0.1186161449752883] and parameters: {'psi': 0.4622550440074995}.
[I 2025-08-09 19:41:58,087] Trial 99 finished with values: [0.7875187434584331, 0.12036273701566365] and parameters: {'psi': 0.5288442422362303}.
[I 2025-08-09 19:42:03,591] Trial 100 finished with values: [0.7796059435936618, 0.12635078969243557] and parameters: {'psi': 0.9872453209728641}.
[I 2025-08-09 19:42:09,113] Trial 101 finished with values: [0.7886090793076294, 0.11851851851851852] and parameters: {'psi': 0.41938991006361137}.
[I 2025-08-09 19:42:14,715] Trial 102 finished with values: [0.7817601270912028, 0.12343619683069225] and parameters: {'psi': 0.7805007219283197}.
[I 2025-08-09 19:42:20,210] Trial 103 finished with values: [0.7826498861333372, 0.12343619683069225] and parameters: {'psi': 0.7577716503025794}.
[I 2025-08-09 19:42:25,710] Trial 104 finished with values: [0.7894080449474613, 0.11639344262295082] and parameters: {'psi': 0.22765641801258452}.
[I 2025-08-09 19:42:31,178] Trial 105 finished with values: [0.77563768509751, 0.12626262626262627] and parameters: {'psi': 0.9520778801680246}.
[I 2025-08-09 19:42:36,680] Trial 106 finished with values: [0.788178014402083, 0.1186161449752883] and parameters: {'psi': 0.46558364814426245}.
[I 2025-08-09 19:42:42,188] Trial 107 finished with values: [0.7758166638331084, 0.1261564339781329] and parameters: {'psi': 0.9545797645052249}.
[I 2025-08-09 19:42:47,679] Trial 108 finished with values: [0.7765710477933536, 0.125] and parameters: {'psi': 0.8996651211493092}.
[I 2025-08-09 19:42:53,166] Trial 109 finished with values: [0.775038970256114, 0.12647554806070826] and parameters: {'psi': 0.9336917916654554}.
[I 2025-08-09 19:42:58,669] Trial 110 finished with values: [0.7794050407779739, 0.12594458438287154] and parameters: {'psi': 0.8378260492766214}.
[I 2025-08-09 19:43:04,184] Trial 111 finished with values: [0.7875780770283402, 0.12036273701566365] and parameters: {'psi': 0.5235323783852907}.
[I 2025-08-09 19:43:09,688] Trial 112 finished with values: [0.7860835719852312, 0.11292962356792144] and parameters: {'psi': 0.09480079329079927}.
[I 2025-08-09 19:43:15,188] Trial 113 finished with values: [0.7889547299531998, 0.11851851851851852] and parameters: {'psi': 0.3746558139385098}.
[I 2025-08-09 19:43:20,691] Trial 114 finished with values: [0.7801871354714176, 0.12405699916177704] and parameters: {'psi': 0.8193492014939231}.
[I 2025-08-09 19:43:26,201] Trial 115 finished with values: [0.7891544917386969, 0.1168724279835391] and parameters: {'psi': 0.3410853211104934}.
[I 2025-08-09 19:43:31,718] Trial 116 finished with values: [0.7876132859599332, 0.12036273701566365] and parameters: {'psi': 0.5204974197434545}.
[I 2025-08-09 19:43:37,210] Trial 117 finished with values: [0.7773492303832867, 0.12552301255230125] and parameters: {'psi': 0.9681766216849214}.
[I 2025-08-09 19:43:42,684] Trial 118 finished with values: [0.787410182586021, 0.12036273701566365] and parameters: {'psi': 0.5384085954080204}.
[I 2025-08-09 19:43:48,204] Trial 119 finished with values: [0.7892902743313686, 0.11677631578947369] and parameters: {'psi': 0.31571205224086607}.
[I 2025-08-09 19:43:53,704] Trial 120 finished with values: [0.7802011538423295, 0.12395309882747069] and parameters: {'psi': 0.819017696625623}.
[I 2025-08-09 19:43:59,219] Trial 121 finished with values: [0.7873109944616025, 0.12036273701566365] and parameters: {'psi': 0.5457503458538537}.
[I 2025-08-09 19:44:04,728] Trial 122 finished with values: [0.7784731451209467, 0.11382113821138211] and parameters: {'psi': 0.04875885372633304}.
[I 2025-08-09 19:44:10,223] Trial 123 finished with values: [0.7359313015063065, 0.1143317230273752] and parameters: {'psi': 0.012959222295108819}.
[I 2025-08-09 19:44:15,715] Trial 124 finished with values: [0.7833345042476478, 0.12292358803986711] and parameters: {'psi': 0.7392389657518502}.
[I 2025-08-09 19:44:21,233] Trial 125 finished with values: [0.7753935861388956, 0.12636899747262004] and parameters: {'psi': 0.9479821871611662}.
[I 2025-08-09 19:44:26,745] Trial 126 finished with values: [0.7866071418383659, 0.12181069958847737] and parameters: {'psi': 0.596153066545557}.
[I 2025-08-09 19:44:32,246] Trial 127 finished with values: [0.7829470429958106, 0.12323064113238967] and parameters: {'psi': 0.7499347491525394}.
[I 2025-08-09 19:44:37,758] Trial 128 finished with values: [0.785203511699716, 0.12241521918941274] and parameters: {'psi': 0.674241248943605}.
[I 2025-08-09 19:44:43,270] Trial 129 finished with values: [0.7867274390213091, 0.11283728536385937] and parameters: {'psi': 0.10406572316305562}.
[I 2025-08-09 19:44:48,768] Trial 130 finished with values: [0.7755352368868329, 0.12626262626262627] and parameters: {'psi': 0.950531739282266}.
[I 2025-08-09 19:44:54,279] Trial 131 finished with values: [0.7867348557175474, 0.12181069958847737] and parameters: {'psi': 0.5880592710855241}.
[I 2025-08-09 19:44:59,784] Trial 132 finished with values: [0.7752688063373467, 0.1266891891891892] and parameters: {'psi': 0.9248179261796943}.
[I 2025-08-09 19:45:05,276] Trial 133 finished with values: [0.7557231221780898, 0.1151662611516626] and parameters: {'psi': 0.020540494957674738}.
[I 2025-08-09 19:45:10,806] Trial 134 finished with values: [0.7887654819458867, 0.11851851851851852] and parameters: {'psi': 0.40008606292667337}.
[I 2025-08-09 19:45:16,325] Trial 135 finished with values: [0.7871718702805158, 0.12026359143327842] and parameters: {'psi': 0.5566728163293446}.
[I 2025-08-09 19:45:21,827] Trial 136 finished with values: [0.7776410081034335, 0.125] and parameters: {'psi': 0.8777363795996983}.
[I 2025-08-09 19:45:27,339] Trial 137 finished with values: [0.7766353529948048, 0.12510566356720204] and parameters: {'psi': 0.8984273996120757}.
[I 2025-08-09 19:45:32,852] Trial 138 finished with values: [0.7764293970454162, 0.125] and parameters: {'psi': 0.9022910001698263}.
[I 2025-08-09 19:45:38,356] Trial 139 finished with values: [0.7843273635177113, 0.12251655629139073] and parameters: {'psi': 0.7085479423284344}.
[I 2025-08-09 19:45:43,862] Trial 140 finished with values: [0.7856907315910672, 0.11292962356792144] and parameters: {'psi': 0.09016524347405008}.
[I 2025-08-09 19:45:49,360] Trial 141 finished with values: [0.7789608540252366, 0.12468407750631845] and parameters: {'psi': 0.8480468358204497}.
[I 2025-08-09 19:45:54,864] Trial 142 finished with values: [0.7830981479938979, 0.12312811980033278] and parameters: {'psi': 0.7457103652337095}.
[I 2025-08-09 19:46:00,372] Trial 143 finished with values: [0.7881979009282607, 0.1162981162981163] and parameters: {'psi': 0.13752788192114795}.
[I 2025-08-09 19:46:05,885] Trial 144 finished with values: [0.7775884392125132, 0.125] and parameters: {'psi': 0.8788339417767471}.
[I 2025-08-09 19:46:11,409] Trial 145 finished with values: [0.7894597988168168, 0.11668036154478226] and parameters: {'psi': 0.2537194756535692}.
[I 2025-08-09 19:46:16,918] Trial 146 finished with values: [0.787594866472572, 0.12036273701566365] and parameters: {'psi': 0.5222820075853123}.
[I 2025-08-09 19:46:22,427] Trial 147 finished with values: [0.7880553536566025, 0.1162981162981163] and parameters: {'psi': 0.13319222727686642}.
[I 2025-08-09 19:46:27,923] Trial 148 finished with values: [0.7831615566716279, 0.1230257689110557] and parameters: {'psi': 0.7440351200057167}.
[I 2025-08-09 19:46:33,432] Trial 149 finished with values: [0.7893970421563383, 0.11677631578947369] and parameters: {'psi': 0.2887657931146085}.
