[I 2025-08-09 18:45:01,954] Trial 153 finished with values: [0.7676901776256558, 0.3455031166518255] and parameters: {'psi': 0.9136600303676509}.
[I 2025-08-09 18:45:06,970] Trial 154 finished with values: [0.776372186295952, 0.33868092691622104] and parameters: {'psi': 0.6965728029859165}.
[I 2025-08-09 18:45:11,993] Trial 155 finished with values: [0.7750174859564157, 0.33451957295373663] and parameters: {'psi': 0.2360171907851908}.
[I 2025-08-09 18:45:17,012] Trial 156 finished with values: [0.7706583779471685, 0.3318544809228039] and parameters: {'psi': 0.07708095382054292}.
[I 2025-08-09 18:45:22,031] Trial 157 finished with values: [0.7774081336144207, 0.3375] and parameters: {'psi': 0.5978428552351174}.
[I 2025-08-09 18:45:27,047] Trial 158 finished with values: [0.7757484251407994, 0.3392857142857143] and parameters: {'psi': 0.7293579446934242}.
[I 2025-08-09 18:45:32,059] Trial 159 finished with values: [0.7770670250962383, 0.33689839572192515] and parameters: {'psi': 0.4797991364263664}.
[I 2025-08-09 18:45:37,075] Trial 160 finished with values: [0.7748081572107013, 0.3342222222222222] and parameters: {'psi': 0.21940679984347622}.
[I 2025-08-09 18:45:42,104] Trial 161 finished with values: [0.7737680382922925, 0.3333333333333333] and parameters: {'psi': 0.15468605561026638}.
[I 2025-08-09 18:45:47,117] Trial 162 finished with values: [0.7731383941115836, 0.3434704830053667] and parameters: {'psi': 0.8265053639642901}.
[I 2025-08-09 18:45:52,130] Trial 163 finished with values: [0.777148585223273, 0.33689839572192515] and parameters: {'psi': 0.49358428306280067}.
[I 2025-08-09 18:45:57,152] Trial 164 finished with values: [0.7779981475956984, 0.3463587921847247] and parameters: {'psi': 0.997948308506592}.
[I 2025-08-09 18:46:02,165] Trial 165 finished with values: [0.7773506404101174, 0.3378016085790885] and parameters: {'psi': 0.5348493706032942}.
[I 2025-08-09 18:46:07,178] Trial 166 finished with values: [0.7686654762988411, 0.33037300177619894] and parameters: {'psi': 0.05732985198530682}.
[I 2025-08-09 18:46:12,196] Trial 167 finished with values: [0.7750366325305, 0.33451957295373663] and parameters: {'psi': 0.23790737170934495}.
[I 2025-08-09 18:46:17,214] Trial 168 finished with values: [0.7677260105995006, 0.3455031166518255] and parameters: {'psi': 0.9125772718817688}.
[I 2025-08-09 18:46:22,229] Trial 169 finished with values: [0.7768861488013978, 0.33689839572192515] and parameters: {'psi': 0.4489105939063791}.
[I 2025-08-09 18:46:27,247] Trial 170 finished with values: [0.7769270625700415, 0.33689839572192515] and parameters: {'psi': 0.4559342578012622}.
[I 2025-08-09 18:46:32,271] Trial 171 finished with values: [0.7606220433116898, 0.3283318623124448] and parameters: {'psi': 0.027559331871112924}.
[I 2025-08-09 18:46:37,279] Trial 172 finished with values: [0.7702828269884545, 0.34464285714285714] and parameters: {'psi': 0.877138547850743}.
[I 2025-08-09 18:46:42,298] Trial 173 finished with values: [0.7682308811563591, 0.34458259325044405] and parameters: {'psi': 0.9387337130011909}.
[I 2025-08-09 18:46:47,312] Trial 174 finished with values: [0.7770593771630147, 0.33689839572192515] and parameters: {'psi': 0.47875958511472094}.
[I 2025-08-09 18:46:52,313] Trial 175 finished with values: [0.7761033855100652, 0.3460514640638864] and parameters: {'psi': 0.9917339683941611}.
[I 2025-08-09 18:46:57,324] Trial 176 finished with values: [0.7762851175177141, 0.33868092691622104] and parameters: {'psi': 0.7015886904925848}.
[I 2025-08-09 18:47:02,337] Trial 177 finished with values: [0.7723330079128833, 0.3333333333333333] and parameters: {'psi': 0.10675701545449967}.
[I 2025-08-09 18:47:07,351] Trial 178 finished with values: [0.7773115985132418, 0.33868092691622104] and parameters: {'psi': 0.6182331714469228}.
[I 2025-08-09 18:47:12,364] Trial 179 finished with values: [0.7757383170332524, 0.336] and parameters: {'psi': 0.3041739055084519}.
[I 2025-08-09 18:47:17,379] Trial 180 finished with values: [0.7766131229335205, 0.3460514640638864] and parameters: {'psi': 0.9934995390107538}.
[I 2025-08-09 18:47:22,406] Trial 181 finished with values: [0.7761595951451561, 0.33629893238434166] and parameters: {'psi': 0.3526445485671351}.
[I 2025-08-09 18:47:27,419] Trial 182 finished with values: [0.7751223107754246, 0.33451957295373663] and parameters: {'psi': 0.2457592299772654}.
[I 2025-08-09 18:47:32,428] Trial 183 finished with values: [0.7743901949859293, 0.3416815742397138] and parameters: {'psi': 0.7841327595436658}.
[I 2025-08-09 18:47:37,435] Trial 184 finished with values: [0.7679905328213461, 0.3455031166518255] and parameters: {'psi': 0.9070601340756537}.
[I 2025-08-09 18:47:42,458] Trial 185 finished with values: [0.7734663460453393, 0.3333333333333333] and parameters: {'psi': 0.14196328462252006}.
[I 2025-08-09 18:47:47,465] Trial 186 finished with values: [0.7707632027661772, 0.3460514640638864] and parameters: {'psi': 0.9628470323514404}.
[I 2025-08-09 18:47:52,483] Trial 187 finished with values: [0.7773070525389479, 0.33868092691622104] and parameters: {'psi': 0.619283475992873}.
[I 2025-08-09 18:47:57,501] Trial 188 finished with values: [0.7736214439918319, 0.3333333333333333] and parameters: {'psi': 0.14848732883814408}.
[I 2025-08-09 18:48:02,515] Trial 189 finished with values: [0.7741803849017604, 0.3336291038154392] and parameters: {'psi': 0.17613053388998767}.
[I 2025-08-09 18:48:07,523] Trial 190 finished with values: [0.7689526749101048, 0.34433541480820695] and parameters: {'psi': 0.8928682019592787}.
[I 2025-08-09 18:48:12,534] Trial 191 finished with values: [0.7771015745008707, 0.33689839572192515] and parameters: {'psi': 0.485729738106623}.
[I 2025-08-09 18:48:17,550] Trial 192 finished with values: [0.7769023003806531, 0.33689839572192515] and parameters: {'psi': 0.4520835606299124}.
[I 2025-08-09 18:48:22,559] Trial 193 finished with values: [0.7733183612115654, 0.3434704830053667] and parameters: {'psi': 0.8206845348683484}.
[I 2025-08-09 18:48:27,579] Trial 194 finished with values: [0.7774121982502599, 0.3378016085790885] and parameters: {'psi': 0.5552419877584774}.
[I 2025-08-09 18:48:32,597] Trial 195 finished with values: [0.7750983508167938, 0.33451957295373663] and parameters: {'psi': 0.24367558717974802}.
[I 2025-08-09 18:48:37,613] Trial 196 finished with values: [0.7769127828625539, 0.33689839572192515] and parameters: {'psi': 0.45406151384097904}.
[I 2025-08-09 18:48:42,632] Trial 197 finished with values: [0.7773109032465851, 0.33868092691622104] and parameters: {'psi': 0.6186656301528934}.
[I 2025-08-09 18:48:47,650] Trial 198 finished with values: [0.7773112241388882, 0.33868092691622104] and parameters: {'psi': 0.6185099259470126}.
[I 2025-08-09 18:48:52,659] Trial 199 finished with values: [0.7773590370920482, 0.3378016085790885] and parameters: {'psi': 0.5360807117804335}.
[I 2025-08-09 18:48:57,665] Trial 200 finished with values: [0.7711591303861373, 0.3449508489722967] and parameters: {'psi': 0.8660130975016876}.
[I 2025-08-09 18:49:02,679] Trial 201 finished with values: [0.7773291406258106, 0.33868092691622104] and parameters: {'psi': 0.6154736489192132}.
[I 2025-08-09 18:49:07,787] Trial 202 finished with values: [0.7696030701264134, 0.34433541480820695] and parameters: {'psi': 0.8850311469333066}.
[I 2025-08-09 18:49:12,791] Trial 203 finished with values: [0.7682082582489912, 0.34458259325044405] and parameters: {'psi': 0.9383802488893767}.
[I 2025-08-09 18:49:17,807] Trial 204 finished with values: [0.7760588349619867, 0.33451957295373663] and parameters: {'psi': 0.3398584092581318}.
[I 2025-08-09 18:49:22,824] Trial 205 finished with values: [0.7749905310029563, 0.3342222222222222] and parameters: {'psi': 0.23363733313890533}.
[I 2025-08-09 18:49:27,833] Trial 206 finished with values: [0.7720883275317787, 0.341987466427932] and parameters: {'psi': 0.8513355244861578}.
[I 2025-08-09 18:49:32,847] Trial 207 finished with values: [0.7763018039174747, 0.3365983971504898] and parameters: {'psi': 0.3702085948941245}.
[I 2025-08-09 18:49:37,858] Trial 208 finished with values: [0.776721263639661, 0.33689839572192515] and parameters: {'psi': 0.42587312109061726}.
[I 2025-08-09 18:49:42,882] Trial 209 finished with values: [0.7768795170271339, 0.33689839572192515] and parameters: {'psi': 0.4477652171038742}.
[I 2025-08-09 18:49:47,897] Trial 210 finished with values: [0.7742594848544716, 0.3336291038154392] and parameters: {'psi': 0.1805485708504302}.
[I 2025-08-09 18:49:52,915] Trial 211 finished with values: [0.7730299325131397, 0.3330380868024801] and parameters: {'psi': 0.12598210478162442}.
[I 2025-08-09 18:49:57,934] Trial 212 finished with values: [0.7752086842870056, 0.33451957295373663] and parameters: {'psi': 0.2533718740613987}.
[I 2025-08-09 18:50:02,940] Trial 213 finished with values: [0.7766529135791034, 0.3365983971504898] and parameters: {'psi': 0.41695366679159385}.
[I 2025-08-09 18:50:07,950] Trial 214 finished with values: [0.7743860768680397, 0.3416815742397138] and parameters: {'psi': 0.7842413282788003}.
[I 2025-08-09 18:50:12,953] Trial 215 finished with values: [0.7773285523232548, 0.3378016085790885] and parameters: {'psi': 0.5291073855767755}.
[I 2025-08-09 18:50:17,979] Trial 216 finished with values: [0.774584495275449, 0.3342222222222222] and parameters: {'psi': 0.2026159570338073}.
[I 2025-08-09 18:50:22,983] Trial 217 finished with values: [0.7727734325988714, 0.3434704830053667] and parameters: {'psi': 0.8363555418727083}.
[I 2025-08-09 18:50:27,997] Trial 218 finished with values: [0.7749789788800452, 0.3342222222222222] and parameters: {'psi': 0.23271315962662475}.
[I 2025-08-09 18:50:33,008] Trial 219 finished with values: [0.7764308561053664, 0.3365983971504898] and parameters: {'psi': 0.38673415967573055}.
[I 2025-08-09 18:50:38,019] Trial 220 finished with values: [0.7757077253003578, 0.336] and parameters: {'psi': 0.30129788600173013}.
[I 2025-08-09 18:50:43,041] Trial 221 finished with values: [0.7589709454482015, 0.3254177660510114] and parameters: {'psi': 0.024707819688619237}.
[I 2025-08-09 18:50:48,054] Trial 222 finished with values: [0.7773423506922877, 0.3375] and parameters: {'psi': 0.532388769989406}.
[I 2025-08-09 18:50:53,072] Trial 223 finished with values: [0.7692540462647548, 0.3318544809228039] and parameters: {'psi': 0.06199353821320441}.
[I 2025-08-09 18:50:58,085] Trial 224 finished with values: [0.7688012672250978, 0.34433541480820695] and parameters: {'psi': 0.8947103953983345}.
[I 2025-08-09 18:51:03,095] Trial 225 finished with values: [0.7404128878478191, 0.29991431019708653] and parameters: {'psi': 0.009119146740477313}.
[I 2025-08-09 18:51:08,113] Trial 226 finished with values: [0.7719303415545586, 0.3460514640638864] and parameters: {'psi': 0.971068245313593}.
[I 2025-08-09 18:51:13,126] Trial 227 finished with values: [0.7774379231165575, 0.3375] and parameters: {'psi': 0.5769090269334872}.
[I 2025-08-09 18:51:18,148] Trial 228 finished with values: [0.7747640345190269, 0.3342222222222222] and parameters: {'psi': 0.21597507954716977}.
[I 2025-08-09 18:51:23,164] Trial 229 finished with values: [0.7768227725715379, 0.33868092691622104] and parameters: {'psi': 0.6676414407661407}.
[I 2025-08-09 18:51:28,175] Trial 230 finished with values: [0.7754236821300744, 0.3392857142857143] and parameters: {'psi': 0.7437310108808795}.
[I 2025-08-09 18:51:33,186] Trial 231 finished with values: [0.7765732788058871, 0.33868092691622104] and parameters: {'psi': 0.6845523328061559}.
[I 2025-08-09 18:51:38,197] Trial 232 finished with values: [0.7742399639060338, 0.341987466427932] and parameters: {'psi': 0.7897924928706906}.
[I 2025-08-09 18:51:43,203] Trial 233 finished with values: [0.7754149645558408, 0.3392857142857143] and parameters: {'psi': 0.7441507778159985}.
[I 2025-08-09 18:51:48,213] Trial 234 finished with values: [0.7772473130885232, 0.3389830508474576] and parameters: {'psi': 0.6274558657836633}.
[I 2025-08-09 18:51:53,230] Trial 235 finished with values: [0.7718569106992017, 0.34229390681003585] and parameters: {'psi': 0.8553836342381315}.
[I 2025-08-09 18:51:58,232] Trial 236 finished with values: [0.7756158966196243, 0.3392857142857143] and parameters: {'psi': 0.7354698318485633}.
[I 2025-08-09 18:52:03,249] Trial 237 finished with values: [0.7770421024606985, 0.33868092691622104] and parameters: {'psi': 0.6499708408069172}.
[I 2025-08-09 18:52:08,253] Trial 238 finished with values: [0.7752011967999337, 0.3392857142857143] and parameters: {'psi': 0.7532051465641679}.
[I 2025-08-09 18:52:13,264] Trial 239 finished with values: [0.7763283310145299, 0.3365983971504898] and parameters: {'psi': 0.37324857669470435}.
[I 2025-08-09 18:52:18,275] Trial 240 finished with values: [0.7741563714610793, 0.3434704830053667] and parameters: {'psi': 0.7927080759999867}.
[I 2025-08-09 18:52:23,288] Trial 241 finished with values: [0.775036525566399, 0.33451957295373663] and parameters: {'psi': 0.2378764231775784}.
[I 2025-08-09 18:52:28,301] Trial 242 finished with values: [0.7696734525048906, 0.3336291038154392] and parameters: {'psi': 0.06593929422451783}.
[I 2025-08-09 18:52:33,310] Trial 243 finished with values: [0.7743657536888442, 0.3416815742397138] and parameters: {'psi': 0.7850234054103309}.
[I 2025-08-09 18:52:38,329] Trial 244 finished with values: [0.7771966655866859, 0.3389830508474576] and parameters: {'psi': 0.6338012655031215}.
[I 2025-08-09 18:52:43,336] Trial 245 finished with values: [0.7764666890792113, 0.3460514640638864] and parameters: {'psi': 0.9929940342229161}.
[I 2025-08-09 18:52:48,337] Trial 246 finished with values: [0.7771435044284741, 0.3389830508474576] and parameters: {'psi': 0.6401798266366502}.
[I 2025-08-09 18:52:53,344] Trial 247 finished with values: [0.7676557351851244, 0.3455031166518255] and parameters: {'psi': 0.9148509114924765}.
[I 2025-08-09 18:52:58,351] Trial 248 finished with values: [0.7766444099330715, 0.3365983971504898] and parameters: {'psi': 0.41587478592764504}.
[I 2025-08-09 18:53:03,366] Trial 249 finished with values: [0.7755725226766569, 0.336] and parameters: {'psi': 0.28797741662752996}.
[I 2025-08-09 18:53:08,377] Trial 250 finished with values: [0.7754335763094198, 0.336] and parameters: {'psi': 0.2745652752191732}.
[I 2025-08-09 18:53:13,393] Trial 251 finished with values: [0.7774064756708549, 0.3375] and parameters: {'psi': 0.5982606720489959}.
[I 2025-08-09 18:53:18,400] Trial 252 finished with values: [0.7725174140230577, 0.3416815742397138] and parameters: {'psi': 0.842460140034376}.
[I 2025-08-09 18:53:23,401] Trial 253 finished with values: [0.7767313182651578, 0.33689839572192515] and parameters: {'psi': 0.4275231804556445}.
[I 2025-08-09 18:53:28,524] Trial 254 finished with values: [0.7663165981222879, 0.33037300177619894] and parameters: {'psi': 0.04405095219631261}.
[I 2025-08-09 18:53:33,540] Trial 255 finished with values: [0.7750174859564157, 0.33451957295373663] and parameters: {'psi': 0.23601788214302288}.
[I 2025-08-09 18:53:38,547] Trial 256 finished with values: [0.7744410029339185, 0.341987466427932] and parameters: {'psi': 0.7822934686431534}.
[I 2025-08-09 18:53:43,555] Trial 257 finished with values: [0.7751634919543208, 0.33451957295373663] and parameters: {'psi': 0.2492999648450761}.
[I 2025-08-09 18:53:48,564] Trial 258 finished with values: [0.7771504036129907, 0.33689839572192515] and parameters: {'psi': 0.4939382232313846}.
[I 2025-08-09 18:53:53,574] Trial 259 finished with values: [0.7728361670441253, 0.3434704830053667] and parameters: {'psi': 0.8347227483643885}.
[I 2025-08-09 18:53:58,586] Trial 260 finished with values: [0.7751524211698642, 0.33451957295373663] and parameters: {'psi': 0.24825570836571276}.
[I 2025-08-09 18:54:03,595] Trial 261 finished with values: [0.7757536128996995, 0.33629893238434166] and parameters: {'psi': 0.3058008272306054}.
[I 2025-08-09 18:54:08,603] Trial 262 finished with values: [0.7773989881837827, 0.3378016085790885] and parameters: {'psi': 0.5506475961297435}.
[I 2025-08-09 18:54:13,608] Trial 263 finished with values: [0.7769558893952689, 0.3365983971504898] and parameters: {'psi': 0.46076947134922763}.
[I 2025-08-09 18:54:18,625] Trial 264 finished with values: [0.7774100054861888, 0.3375] and parameters: {'psi': 0.5962741130594629}.
[I 2025-08-09 18:54:23,643] Trial 265 finished with values: [0.7752612571426616, 0.336] and parameters: {'psi': 0.25880445142214414}.
[I 2025-08-09 18:54:28,649] Trial 266 finished with values: [0.7756211913426252, 0.336] and parameters: {'psi': 0.2925418367252338}.
[I 2025-08-09 18:54:33,654] Trial 267 finished with values: [0.7759528335378665, 0.3389830508474576] and parameters: {'psi': 0.7192508069551382}.
[I 2025-08-09 18:54:38,655] Trial 268 finished with values: [0.7774230016244639, 0.3378016085790885] and parameters: {'psi': 0.5587676393564377}.
[I 2025-08-09 18:54:43,663] Trial 269 finished with values: [0.7768788752425277, 0.33689839572192515] and parameters: {'psi': 0.4476106634328917}.
[I 2025-08-09 18:54:48,669] Trial 270 finished with values: [0.7743115763716728, 0.3416815742397138] and parameters: {'psi': 0.7869140349016651}.
[I 2025-08-09 18:54:53,685] Trial 271 finished with values: [0.7609432030250304, 0.3283318623124448] and parameters: {'psi': 0.028171675632238435}.
[I 2025-08-09 18:54:58,690] Trial 272 finished with values: [0.776970864369413, 0.3365983971504898] and parameters: {'psi': 0.46345138645973494}.
[I 2025-08-09 18:55:03,702] Trial 273 finished with values: [0.7678813759562456, 0.3448888888888889] and parameters: {'psi': 0.9331503496764341}.
[I 2025-08-09 18:55:08,723] Trial 274 finished with values: [0.7735674806028624, 0.3333333333333333] and parameters: {'psi': 0.1459486907792482}.
[I 2025-08-09 18:55:13,722] Trial 275 finished with values: [0.7678974740534505, 0.3455031166518255] and parameters: {'psi': 0.9087221046448701}.
[I 2025-08-09 18:55:18,738] Trial 276 finished with values: [0.77438297490911, 0.3339253996447602] and parameters: {'psi': 0.1889719151227398}.
[I 2025-08-09 18:55:23,742] Trial 277 finished with values: [0.7759114384307682, 0.33451957295373663] and parameters: {'psi': 0.32256499660585414}.
[I 2025-08-09 18:55:28,751] Trial 278 finished with values: [0.7772513777243623, 0.3389830508474576] and parameters: {'psi': 0.6269774556390033}.
[I 2025-08-09 18:55:33,764] Trial 279 finished with values: [0.7770911455010204, 0.33689839572192515] and parameters: {'psi': 0.4842189147708357}.
[I 2025-08-09 18:55:38,777] Trial 280 finished with values: [0.7436585530474019, 0.3046471600688468] and parameters: {'psi': 0.010671287973068266}.
[I 2025-08-09 18:55:43,782] Trial 281 finished with values: [0.7773961536351054, 0.3378016085790885] and parameters: {'psi': 0.5488941399078368}.
[I 2025-08-09 18:55:48,792] Trial 282 finished with values: [0.7718245540586405, 0.34229390681003585] and parameters: {'psi': 0.8559580877159859}.
[I 2025-08-09 18:55:53,816] Trial 283 finished with values: [0.7761083593407632, 0.33451957295373663] and parameters: {'psi': 0.34580911843474715}.
[I 2025-08-09 18:55:58,821] Trial 284 finished with values: [0.776020327885616, 0.33868092691622104] and parameters: {'psi': 0.7155471970594112}.
[I 2025-08-09 18:56:03,829] Trial 285 finished with values: [0.7716752321736037, 0.34229390681003585] and parameters: {'psi': 0.8584624749095798}.
[I 2025-08-09 18:56:08,843] Trial 286 finished with values: [0.7760893732128304, 0.33451957295373663] and parameters: {'psi': 0.3433421057897331}.
[I 2025-08-09 18:56:13,856] Trial 287 finished with values: [0.7766278839794625, 0.33629893238434166] and parameters: {'psi': 0.41374007110242905}.
[I 2025-08-09 18:56:18,871] Trial 288 finished with values: [0.7745097808508801, 0.3339253996447602] and parameters: {'psi': 0.19763599398693632}.
[I 2025-08-09 18:56:23,880] Trial 289 finished with values: [0.775954117107079, 0.33451957295373663] and parameters: {'psi': 0.32783870013050187}.
[I 2025-08-09 18:56:28,892] Trial 290 finished with values: [0.7771185817929344, 0.33689839572192515] and parameters: {'psi': 0.48839101405360075}.
[I 2025-08-09 18:56:33,907] Trial 291 finished with values: [0.777326787415588, 0.3375] and parameters: {'psi': 0.5287425654850859}.
[I 2025-08-09 18:56:38,912] Trial 292 finished with values: [0.7734272506664132, 0.3434704830053667] and parameters: {'psi': 0.8171581899939171}.
[I 2025-08-09 18:56:43,923] Trial 293 finished with values: [0.7733434977753072, 0.3434704830053667] and parameters: {'psi': 0.819853441478899}.
[I 2025-08-09 18:56:48,933] Trial 294 finished with values: [0.768457217194137, 0.34581105169340465] and parameters: {'psi': 0.8994538406325869}.
[I 2025-08-09 18:56:53,938] Trial 295 finished with values: [0.771423278233629, 0.3437779767233662] and parameters: {'psi': 0.8622002327370984}.
[I 2025-08-09 18:56:58,951] Trial 296 finished with values: [0.7634973453114586, 0.32772364924712133] and parameters: {'psi': 0.03418779390472115}.
[I 2025-08-09 18:57:03,954] Trial 297 finished with values: [0.7772524473653728, 0.3375] and parameters: {'psi': 0.5124907850753863}.
[I 2025-08-09 18:57:08,965] Trial 298 finished with values: [0.7721030350956702, 0.3460514640638864] and parameters: {'psi': 0.9721954118179099}.
[I 2025-08-09 18:57:13,969] Trial 299 finished with values: [0.7698670575277535, 0.3321492007104796] and parameters: {'psi': 0.06788585849949302}.
[I 2025-08-09 18:57:18,982] Trial 300 finished with values: [0.7743367664174653, 0.3339253996447602] and parameters: {'psi': 0.18606729681308964}.
[I 2025-08-09 18:57:23,987] Trial 301 finished with values: [0.7684127736101592, 0.33037300177619894] and parameters: {'psi': 0.05552006571080548}.
[I 2025-08-09 18:57:29,003] Trial 302 finished with values: [0.7702477962453674, 0.3318544809228039] and parameters: {'psi': 0.07195950182752808}.
[I 2025-08-09 18:57:34,010] Trial 303 finished with values: [0.775164668559432, 0.33451957295373663] and parameters: {'psi': 0.2493473986140453}.
