[I 2025-08-09 19:16:28,822] A new study created in memory with name: no-name-2b96b116-451b-4748-ad79-22f7f8c966df
Mode-0 approx rank: 3/38
Estimated noise variance from mode-0: 0.0
Mode-1 approx rank: 5/17
Estimated noise variance from mode-1: 7.837421315867889e-05
Mode-2 approx rank: 4/24
Estimated noise variance from mode-2: 8.256610244591054e-05
Mode-3 approx rank: 1/60
Estimated noise variance from mode-3: 5.0030207031507654e-05
  0%|          | 0/500 [00:00<?, ?it/s]/mnt/ffs24/home/mondalra/Anomaly_Detection/src/proximal_ops/prox_overlapping_grouped_l21.py:405: UserWarning: Sparse CSR tensor support is in beta state. If you miss a functionality in the sparse tensor support, please submit a feature request to https://github.com/pytorch/pytorch/issues. (Triggered internally at /home/conda/feedstock_root/build_artifacts/libtorch_1742922447420/work/aten/src/ATen/SparseCsrTensorImpl.cpp:53.)
  G_ind = torch.sparse_csr_tensor(A_r.indptr, A_r.indices, A_r.data, device=device, dtype=dtype)
                                         0%|          | 0/500 [00:07<?, ?it/s]  0%|          | 1/500 [00:07<1:00:34,  7.28s/it]                                                   0%|          | 1/500 [00:12<1:00:34,  7.28s/it]  0%|          | 2/500 [00:12<51:12,  6.17s/it]                                                   0%|          | 2/500 [00:17<51:12,  6.17s/it]  1%|          | 3/500 [00:17<47:48,  5.77s/it]                                                 1%|          | 3/500 [00:23<47:48,  5.77s/it]  1%|          | 4/500 [00:23<46:07,  5.58s/it]                                                 1%|          | 4/500 [00:28<46:07,  5.58s/it]  1%|          | 5/500 [00:28<45:08,  5.47s/it]                                                 1%|          | 5/500 [00:33<45:08,  5.47s/it]  1%|          | 6/500 [00:33<44:30,  5.41s/it]                                                 1%|          | 6/500 [00:39<44:30,  5.41s/it]  1%|▏         | 7/500 [00:39<44:07,  5.37s/it]                                                 1%|▏         | 7/500 [00:44<44:07,  5.37s/it]  2%|▏         | 8/500 [00:44<43:48,  5.34s/it]                                                 2%|▏         | 8/500 [00:49<43:48,  5.34s/it]  2%|▏         | 9/500 [00:49<43:35,  5.33s/it]                                                 2%|▏         | 9/500 [00:54<43:35,  5.33s/it]  2%|▏         | 10/500 [00:54<43:23,  5.31s/it]                                                  2%|▏         | 10/500 [01:00<43:23,  5.31s/it]  2%|▏         | 11/500 [01:00<43:11,  5.30s/it]                                                  2%|▏         | 11/500 [01:05<43:11,  5.30s/it]  2%|▏         | 12/500 [01:05<43:05,  5.30s/it]                                                  2%|▏         | 12/500 [01:10<43:05,  5.30s/it]  3%|▎         | 13/500 [01:10<42:58,  5.29s/it]                                                  3%|▎         | 13/500 [01:16<42:58,  5.29s/it]  3%|▎         | 14/500 [01:16<42:51,  5.29s/it]                                                  3%|▎         | 14/500 [01:21<42:51,  5.29s/it]  3%|▎         | 15/500 [01:21<42:42,  5.28s/it]                                                  3%|▎         | 15/500 [01:26<42:42,  5.28s/it]  3%|▎         | 16/500 [01:26<42:35,  5.28s/it]                                                  3%|▎         | 16/500 [01:31<42:35,  5.28s/it]  3%|▎         | 17/500 [01:31<42:30,  5.28s/it]                                                  3%|▎         | 17/500 [01:37<42:30,  5.28s/it]  4%|▎         | 18/500 [01:37<42:27,  5.28s/it]                                                  4%|▎         | 18/500 [01:42<42:27,  5.28s/it]  4%|▍         | 19/500 [01:42<42:23,  5.29s/it]                                                  4%|▍         | 19/500 [01:47<42:23,  5.29s/it]  4%|▍         | 20/500 [01:47<42:17,  5.29s/it]                                                  4%|▍         | 20/500 [01:53<42:17,  5.29s/it]  4%|▍         | 21/500 [01:53<42:12,  5.29s/it]                                                  4%|▍         | 21/500 [01:58<42:12,  5.29s/it]  4%|▍         | 22/500 [01:58<42:05,  5.28s/it]                                                  4%|▍         | 22/500 [02:03<42:05,  5.28s/it]  5%|▍         | 23/500 [02:03<41:59,  5.28s/it]                                                  5%|▍         | 23/500 [02:08<41:59,  5.28s/it]  5%|▍         | 24/500 [02:08<41:54,  5.28s/it]                                                  5%|▍         | 24/500 [02:14<41:54,  5.28s/it]  5%|▌         | 25/500 [02:14<41:51,  5.29s/it]                                                  5%|▌         | 25/500 [02:19<41:51,  5.29s/it]  5%|▌         | 26/500 [02:19<41:44,  5.28s/it]                                                  5%|▌         | 26/500 [02:24<41:44,  5.28s/it]  5%|▌         | 27/500 [02:24<41:40,  5.29s/it]                                                  5%|▌         | 27/500 [02:30<41:40,  5.29s/it]  6%|▌         | 28/500 [02:30<41:36,  5.29s/it]                                                  6%|▌         | 28/500 [02:35<41:36,  5.29s/it]  6%|▌         | 29/500 [02:35<41:32,  5.29s/it]                                                  6%|▌         | 29/500 [02:40<41:32,  5.29s/it]  6%|▌         | 30/500 [02:40<41:24,  5.29s/it]                                                  6%|▌         | 30/500 [02:45<41:24,  5.29s/it]  6%|▌         | 31/500 [02:45<41:20,  5.29s/it]                                                  6%|▌         | 31/500 [02:51<41:20,  5.29s/it]  6%|▋         | 32/500 [02:51<41:13,  5.29s/it]                                                  6%|▋         | 32/500 [02:56<41:13,  5.29s/it]  7%|▋         | 33/500 [02:56<41:09,  5.29s/it]                                                  7%|▋         | 33/500 [03:01<41:09,  5.29s/it]  7%|▋         | 34/500 [03:01<41:03,  5.29s/it]                                                  7%|▋         | 34/500 [03:07<41:03,  5.29s/it]  7%|▋         | 35/500 [03:07<40:56,  5.28s/it]                                                  7%|▋         | 35/500 [03:12<40:56,  5.28s/it]  7%|▋         | 36/500 [03:12<40:53,  5.29s/it]                                                  7%|▋         | 36/500 [03:17<40:53,  5.29s/it]  7%|▋         | 37/500 [03:17<40:50,  5.29s/it]                                                  7%|▋         | 37/500 [03:22<40:50,  5.29s/it]  8%|▊         | 38/500 [03:22<40:44,  5.29s/it]                                                  8%|▊         | 38/500 [03:28<40:44,  5.29s/it]  8%|▊         | 39/500 [03:28<40:38,  5.29s/it]                                                  8%|▊         | 39/500 [03:33<40:38,  5.29s/it]  8%|▊         | 40/500 [03:33<40:34,  5.29s/it]                                                  8%|▊         | 40/500 [03:38<40:34,  5.29s/it]  8%|▊         | 41/500 [03:38<40:29,  5.29s/it]                                                  8%|▊         | 41/500 [03:44<40:29,  5.29s/it]  8%|▊         | 42/500 [03:44<40:27,  5.30s/it]                                                  8%|▊         | 42/500 [03:49<40:27,  5.30s/it]  9%|▊         | 43/500 [03:49<40:18,  5.29s/it]                                                  9%|▊         | 43/500 [03:54<40:18,  5.29s/it]  9%|▉         | 44/500 [03:54<40:12,  5.29s/it]                                                  9%|▉         | 44/500 [04:00<40:12,  5.29s/it]  9%|▉         | 45/500 [04:00<40:06,  5.29s/it]                                                  9%|▉         | 45/500 [04:05<40:06,  5.29s/it]  9%|▉         | 46/500 [04:05<40:01,  5.29s/it]                                                  9%|▉         | 46/500 [04:10<40:01,  5.29s/it]  9%|▉         | 47/500 [04:10<39:56,  5.29s/it]                                                  9%|▉         | 47/500 [04:15<39:56,  5.29s/it] 10%|▉         | 48/500 [04:15<39:49,  5.29s/it]                                                 10%|▉         | 48/500 [04:21<39:49,  5.29s/it] 10%|▉         | 49/500 [04:21<39:44,  5.29s/it]                                                 10%|▉         | 49/500 [04:26<39:44,  5.29s/it] 10%|█         | 50/500 [04:26<39:40,  5.29s/it]                                                 10%|█         | 50/500 [04:31<39:40,  5.29s/it] 10%|█         | 51/500 [04:31<39:37,  5.30s/it]                                                 10%|█         | 51/500 [04:37<39:37,  5.30s/it] 10%|█         | 52/500 [04:37<39:32,  5.30s/it]                                                 10%|█         | 52/500 [04:42<39:32,  5.30s/it] 11%|█         | 53/500 [04:42<39:25,  5.29s/it]                                                 11%|█         | 53/500 [04:47<39:25,  5.29s/it] 11%|█         | 54/500 [04:47<39:35,  5.33s/it]                                                 11%|█         | 54/500 [04:53<39:35,  5.33s/it] 11%|█         | 55/500 [04:53<39:24,  5.31s/it]                                                 11%|█         | 55/500 [04:58<39:24,  5.31s/it] 11%|█         | 56/500 [04:58<39:16,  5.31s/it]                                                 11%|█         | 56/500 [05:03<39:16,  5.31s/it] 11%|█▏        | 57/500 [05:03<39:08,  5.30s/it]                                                 11%|█▏        | 57/500 [05:08<39:08,  5.30s/it] 12%|█▏        | 58/500 [05:08<39:03,  5.30s/it]                                                 12%|█▏        | 58/500 [05:14<39:03,  5.30s/it] 12%|█▏        | 59/500 [05:14<38:55,  5.30s/it]                                                 12%|█▏        | 59/500 [05:19<38:55,  5.30s/it] 12%|█▏        | 60/500 [05:19<38:50,  5.30s/it]                                                 12%|█▏        | 60/500 [05:24<38:50,  5.30s/it] 12%|█▏        | 61/500 [05:24<38:43,  5.29s/it]                                                 12%|█▏        | 61/500 [05:30<38:43,  5.29s/it] 12%|█▏        | 62/500 [05:30<38:37,  5.29s/it]                                                 12%|█▏        | 62/500 [05:35<38:37,  5.29s/it] 13%|█▎        | 63/500 [05:35<38:31,  5.29s/it]                                                 13%|█▎        | 63/500 [05:40<38:31,  5.29s/it] 13%|█▎        | 64/500 [05:40<38:25,  5.29s/it]                                                 13%|█▎        | 64/500 [05:45<38:25,  5.29s/it] 13%|█▎        | 65/500 [05:45<38:20,  5.29s/it]                                                 13%|█▎        | 65/500 [05:51<38:20,  5.29s/it] 13%|█▎        | 66/500 [05:51<38:14,  5.29s/it]                                                 13%|█▎        | 66/500 [05:56<38:14,  5.29s/it] 13%|█▎        | 67/500 [05:56<38:09,  5.29s/it]                                                 13%|█▎        | 67/500 [06:01<38:09,  5.29s/it] 14%|█▎        | 68/500 [06:01<38:03,  5.29s/it]                                                 14%|█▎        | 68/500 [06:07<38:03,  5.29s/it] 14%|█▍        | 69/500 [06:07<37:56,  5.28s/it]                                                 14%|█▍        | 69/500 [06:12<37:56,  5.28s/it] 14%|█▍        | 70/500 [06:12<37:52,  5.29s/it]                                                 14%|█▍        | 70/500 [06:17<37:52,  5.29s/it] 14%|█▍        | 71/500 [06:17<37:46,  5.28s/it]                                                 14%|█▍        | 71/500 [06:22<37:46,  5.28s/it] 14%|█▍        | 72/500 [06:22<37:42,  5.29s/it]                                                 14%|█▍        | 72/500 [06:28<37:42,  5.29s/it] 15%|█▍        | 73/500 [06:28<37:37,  5.29s/it]                                                 15%|█▍        | 73/500 [06:33<37:37,  5.29s/it] 15%|█▍        | 74/500 [06:33<37:31,  5.29s/it]                                                 15%|█▍        | 74/500 [06:38<37:31,  5.29s/it] 15%|█▌        | 75/500 [06:38<37:25,  5.28s/it]                                                 15%|█▌        | 75/500 [06:44<37:25,  5.28s/it] 15%|█▌        | 76/500 [06:44<37:20,  5.28s/it]                                                 15%|█▌        | 76/500 [06:49<37:20,  5.28s/it] 15%|█▌        | 77/500 [06:49<37:15,  5.28s/it]                                                 15%|█▌        | 77/500 [06:54<37:15,  5.28s/it] 16%|█▌        | 78/500 [06:54<37:10,  5.28s/it]                                                 16%|█▌        | 78/500 [06:59<37:10,  5.28s/it] 16%|█▌        | 79/500 [06:59<37:04,  5.28s/it]                                                 16%|█▌        | 79/500 [07:05<37:04,  5.28s/it] 16%|█▌        | 80/500 [07:05<36:58,  5.28s/it]                                                 16%|█▌        | 80/500 [07:10<36:58,  5.28s/it] 16%|█▌        | 81/500 [07:10<36:51,  5.28s/it]                                                 16%|█▌        | 81/500 [07:15<36:51,  5.28s/it] 16%|█▋        | 82/500 [07:15<36:44,  5.27s/it]                                                 16%|█▋        | 82/500 [07:21<36:44,  5.27s/it] 17%|█▋        | 83/500 [07:21<36:42,  5.28s/it]                                                 17%|█▋        | 83/500 [07:26<36:42,  5.28s/it] 17%|█▋        | 84/500 [07:26<36:38,  5.29s/it]                                                 17%|█▋        | 84/500 [07:31<36:38,  5.29s/it] 17%|█▋        | 85/500 [07:31<36:36,  5.29s/it]                                                 17%|█▋        | 85/500 [07:36<36:36,  5.29s/it] 17%|█▋        | 86/500 [07:36<36:31,  5.29s/it]                                                 17%|█▋        | 86/500 [07:42<36:31,  5.29s/it] 17%|█▋        | 87/500 [07:42<36:27,  5.30s/it]                                                 17%|█▋        | 87/500 [07:47<36:27,  5.30s/it] 18%|█▊        | 88/500 [07:47<36:21,  5.29s/it]                                                 18%|█▊        | 88/500 [07:52<36:21,  5.29s/it] 18%|█▊        | 89/500 [07:52<36:15,  5.29s/it]                                                 18%|█▊        | 89/500 [07:58<36:15,  5.29s/it] 18%|█▊        | 90/500 [07:58<36:08,  5.29s/it]                                                 18%|█▊        | 90/500 [08:03<36:08,  5.29s/it] 18%|█▊        | 91/500 [08:03<36:03,  5.29s/it]                                                 18%|█▊        | 91/500 [08:08<36:03,  5.29s/it] 18%|█▊        | 92/500 [08:08<36:02,  5.30s/it]                                                 18%|█▊        | 92/500 [08:14<36:02,  5.30s/it] 19%|█▊        | 93/500 [08:14<35:56,  5.30s/it]                                                 19%|█▊        | 93/500 [08:19<35:56,  5.30s/it] 19%|█▉        | 94/500 [08:19<35:50,  5.30s/it]                                                 19%|█▉        | 94/500 [08:24<35:50,  5.30s/it] 19%|█▉        | 95/500 [08:24<35:43,  5.29s/it]                                                 19%|█▉        | 95/500 [08:29<35:43,  5.29s/it] 19%|█▉        | 96/500 [08:29<35:37,  5.29s/it]                                                 19%|█▉        | 96/500 [08:35<35:37,  5.29s/it] 19%|█▉        | 97/500 [08:35<35:33,  5.29s/it]                                                 19%|█▉        | 97/500 [08:40<35:33,  5.29s/it] 20%|█▉        | 98/500 [08:40<35:25,  5.29s/it]                                                 20%|█▉        | 98/500 [08:45<35:25,  5.29s/it] 20%|█▉        | 99/500 [08:45<35:20,  5.29s/it]                                                 20%|█▉        | 99/500 [08:51<35:20,  5.29s/it] 20%|██        | 100/500 [08:51<35:14,  5.29s/it]                                                  20%|██        | 100/500 [08:56<35:14,  5.29s/it] 20%|██        | 101/500 [08:56<35:09,  5.29s/it]                                                  20%|██        | 101/500 [09:01<35:09,  5.29s/it] 20%|██        | 102/500 [09:01<35:03,  5.28s/it]                                                  20%|██        | 102/500 [09:06<35:03,  5.28s/it] 21%|██        | 103/500 [09:06<35:11,  5.32s/it]                                                  21%|██        | 103/500 [09:12<35:11,  5.32s/it] 21%|██        | 104/500 [09:12<35:03,  5.31s/it]                                                  21%|██        | 104/500 [09:17<35:03,  5.31s/it] 21%|██        | 105/500 [09:17<34:56,  5.31s/it]                                                  21%|██        | 105/500 [09:22<34:56,  5.31s/it] 21%|██        | 106/500 [09:22<34:50,  5.31s/it]                                                  21%|██        | 106/500 [09:28<34:50,  5.31s/it] 21%|██▏       | 107/500 [09:28<34:42,  5.30s/it]                                                  21%|██▏       | 107/500 [09:33<34:42,  5.30s/it] 22%|██▏       | 108/500 [09:33<34:35,  5.30s/it]                                                  22%|██▏       | 108/500 [09:38<34:35,  5.30s/it] 22%|██▏       | 109/500 [09:38<34:29,  5.29s/it]                                                  22%|██▏       | 109/500 [09:44<34:29,  5.29s/it] 22%|██▏       | 110/500 [09:44<34:24,  5.29s/it]                                                  22%|██▏       | 110/500 [09:49<34:24,  5.29s/it] 22%|██▏       | 111/500 [09:49<34:16,  5.29s/it]                                                  22%|██▏       | 111/500 [09:54<34:16,  5.29s/it] 22%|██▏       | 112/500 [09:54<34:10,  5.28s/it]                                                  22%|██▏       | 112/500 [09:59<34:10,  5.28s/it] 23%|██▎       | 113/500 [09:59<34:04,  5.28s/it]                                                  23%|██▎       | 113/500 [10:05<34:04,  5.28s/it] 23%|██▎       | 114/500 [10:05<33:58,  5.28s/it]                                                  23%|██▎       | 114/500 [10:10<33:58,  5.28s/it] 23%|██▎       | 115/500 [10:10<33:54,  5.28s/it]                                                  23%|██▎       | 115/500 [10:15<33:54,  5.28s/it] 23%|██▎       | 116/500 [10:15<33:49,  5.29s/it]                                                  23%|██▎       | 116/500 [10:21<33:49,  5.29s/it] 23%|██▎       | 117/500 [10:21<33:44,  5.29s/it]                                                  23%|██▎       | 117/500 [10:26<33:44,  5.29s/it] 24%|██▎       | 118/500 [10:26<33:40,  5.29s/it]                                                  24%|██▎       | 118/500 [10:31<33:40,  5.29s/it] 24%|██▍       | 119/500 [10:31<33:34,  5.29s/it]                                                  24%|██▍       | 119/500 [10:36<33:34,  5.29s/it] 24%|██▍       | 120/500 [10:36<33:29,  5.29s/it]                                                  24%|██▍       | 120/500 [10:42<33:29,  5.29s/it] 24%|██▍       | 121/500 [10:42<33:24,  5.29s/it]                                                  24%|██▍       | 121/500 [10:47<33:24,  5.29s/it] 24%|██▍       | 122/500 [10:47<33:18,  5.29s/it]                                                  24%|██▍       | 122/500 [10:52<33:18,  5.29s/it] 25%|██▍       | 123/500 [10:52<33:12,  5.29s/it]                                                  25%|██▍       | 123/500 [10:58<33:12,  5.29s/it] 25%|██▍       | 124/500 [10:58<33:09,  5.29s/it]                                                  25%|██▍       | 124/500 [11:03<33:09,  5.29s/it] 25%|██▌       | 125/500 [11:03<33:02,  5.29s/it]                                                  25%|██▌       | 125/500 [11:08<33:02,  5.29s/it] 25%|██▌       | 126/500 [11:08<32:57,  5.29s/it]                                                  25%|██▌       | 126/500 [11:13<32:57,  5.29s/it] 25%|██▌       | 127/500 [11:13<32:53,  5.29s/it]                                                  25%|██▌       | 127/500 [11:19<32:53,  5.29s/it] 26%|██▌       | 128/500 [11:19<32:49,  5.29s/it]                                                  26%|██▌       | 128/500 [11:24<32:49,  5.29s/it] 26%|██▌       | 129/500 [11:24<32:44,  5.30s/it]                                                  26%|██▌       | 129/500 [11:29<32:44,  5.30s/it] 26%|██▌       | 130/500 [11:29<32:38,  5.29s/it]                                                  26%|██▌       | 130/500 [11:35<32:38,  5.29s/it] 26%|██▌       | 131/500 [11:35<32:29,  5.28s/it]                                                  26%|██▌       | 131/500 [11:40<32:29,  5.28s/it] 26%|██▋       | 132/500 [11:40<32:25,  5.29s/it]                                                  26%|██▋       | 132/500 [11:45<32:25,  5.29s/it] 27%|██▋       | 133/500 [11:45<32:20,  5.29s/it]                                                  27%|██▋       | 133/500 [11:50<32:20,  5.29s/it] 27%|██▋       | 134/500 [11:50<32:15,  5.29s/it]                                                  27%|██▋       | 134/500 [11:56<32:15,  5.29s/it] 27%|██▋       | 135/500 [11:56<32:09,  5.29s/it]                                                  27%|██▋       | 135/500 [12:01<32:09,  5.29s/it] 27%|██▋       | 136/500 [12:01<32:05,  5.29s/it]                                                  27%|██▋       | 136/500 [12:06<32:05,  5.29s/it] 27%|██▋       | 137/500 [12:06<32:01,  5.29s/it]                                                  27%|██▋       | 137/500 [12:12<32:01,  5.29s/it] 28%|██▊       | 138/500 [12:12<31:54,  5.29s/it]                                                  28%|██▊       | 138/500 [12:17<31:54,  5.29s/it] 28%|██▊       | 139/500 [12:17<31:49,  5.29s/it]                                                  28%|██▊       | 139/500 [12:22<31:49,  5.29s/it] 28%|██▊       | 140/500 [12:22<31:41,  5.28s/it]                                                  28%|██▊       | 140/500 [12:27<31:41,  5.28s/it] 28%|██▊       | 141/500 [12:27<31:37,  5.28s/it]                                         