[I 2025-08-09 18:31:53,166] A new study created in memory with name: no-name-ce787eb1-bbd1-47c2-9f82-916ab725f9b2
Mode-0 approx rank: 5/38
Estimated noise variance from mode-0: 0.0
Mode-1 approx rank: 5/17
Estimated noise variance from mode-1: 0.00026548213800115135
Mode-2 approx rank: 9/24
Estimated noise variance from mode-2: 0.000383019744276353
Mode-3 approx rank: 8/60
Estimated noise variance from mode-3: 6.855515918289264e-05
  0%|          | 0/500 [00:00<?, ?it/s]/mnt/ffs24/home/mondalra/Anomaly_Detection/src/proximal_ops/prox_overlapping_grouped_l21.py:405: UserWarning: Sparse CSR tensor support is in beta state. If you miss a functionality in the sparse tensor support, please submit a feature request to https://github.com/pytorch/pytorch/issues. (Triggered internally at /home/conda/feedstock_root/build_artifacts/libtorch_1742922447420/work/aten/src/ATen/SparseCsrTensorImpl.cpp:53.)
  G_ind = torch.sparse_csr_tensor(A_r.indptr, A_r.indices, A_r.data, device=device, dtype=dtype)
                                         0%|          | 0/500 [00:08<?, ?it/s]  0%|          | 1/500 [00:08<1:07:58,  8.17s/it]                                                   0%|          | 1/500 [00:13<1:07:58,  8.17s/it]  0%|          | 2/500 [00:13<54:35,  6.58s/it]                                                   0%|          | 2/500 [00:18<54:35,  6.58s/it]  1%|          | 3/500 [00:18<49:53,  6.02s/it]                                                 1%|          | 3/500 [00:24<49:53,  6.02s/it]  1%|          | 4/500 [00:24<47:41,  5.77s/it]                                                 1%|          | 4/500 [00:29<47:41,  5.77s/it]  1%|          | 5/500 [00:29<46:21,  5.62s/it]                                                 1%|          | 5/500 [00:35<46:21,  5.62s/it]  1%|          | 6/500 [00:35<45:32,  5.53s/it]                                                 1%|          | 6/500 [00:40<45:32,  5.53s/it]  1%|▏         | 7/500 [00:40<44:58,  5.47s/it]                                                 1%|▏         | 7/500 [00:45<44:58,  5.47s/it]  2%|▏         | 8/500 [00:45<44:33,  5.43s/it]                                                 2%|▏         | 8/500 [00:51<44:33,  5.43s/it]  2%|▏         | 9/500 [00:51<44:16,  5.41s/it]                                                 2%|▏         | 9/500 [00:56<44:16,  5.41s/it]  2%|▏         | 10/500 [00:56<44:00,  5.39s/it]                                                  2%|▏         | 10/500 [01:01<44:00,  5.39s/it]  2%|▏         | 11/500 [01:01<43:50,  5.38s/it]                                                  2%|▏         | 11/500 [01:07<43:50,  5.38s/it]  2%|▏         | 12/500 [01:07<43:41,  5.37s/it]                                                  2%|▏         | 12/500 [01:12<43:41,  5.37s/it]  3%|▎         | 13/500 [01:12<43:37,  5.37s/it]                                                  3%|▎         | 13/500 [01:17<43:37,  5.37s/it]  3%|▎         | 14/500 [01:17<43:31,  5.37s/it]                                                  3%|▎         | 14/500 [01:23<43:31,  5.37s/it]  3%|▎         | 15/500 [01:23<43:24,  5.37s/it]                                                  3%|▎         | 15/500 [01:28<43:24,  5.37s/it]  3%|▎         | 16/500 [01:28<43:16,  5.36s/it]                                                  3%|▎         | 16/500 [01:34<43:16,  5.36s/it]  3%|▎         | 17/500 [01:34<43:09,  5.36s/it]                                                  3%|▎         | 17/500 [01:39<43:09,  5.36s/it]  4%|▎         | 18/500 [01:39<43:02,  5.36s/it]                                                  4%|▎         | 18/500 [01:44<43:02,  5.36s/it]  4%|▍         | 19/500 [01:44<42:57,  5.36s/it]                                                  4%|▍         | 19/500 [01:50<42:57,  5.36s/it]  4%|▍         | 20/500 [01:50<42:54,  5.36s/it]                                                  4%|▍         | 20/500 [01:55<42:54,  5.36s/it]  4%|▍         | 21/500 [01:55<42:45,  5.36s/it]                                                  4%|▍         | 21/500 [02:00<42:45,  5.36s/it]  4%|▍         | 22/500 [02:00<42:42,  5.36s/it]                                                  4%|▍         | 22/500 [02:06<42:42,  5.36s/it]  5%|▍         | 23/500 [02:06<42:40,  5.37s/it]                                                  5%|▍         | 23/500 [02:11<42:40,  5.37s/it]  5%|▍         | 24/500 [02:11<42:36,  5.37s/it]                                                  5%|▍         | 24/500 [02:16<42:36,  5.37s/it]  5%|▌         | 25/500 [02:16<42:28,  5.36s/it]                                                  5%|▌         | 25/500 [02:22<42:28,  5.36s/it]  5%|▌         | 26/500 [02:22<42:20,  5.36s/it]                                                  5%|▌         | 26/500 [02:27<42:20,  5.36s/it]  5%|▌         | 27/500 [02:27<42:19,  5.37s/it]                                                  5%|▌         | 27/500 [02:33<42:19,  5.37s/it]  6%|▌         | 28/500 [02:33<42:13,  5.37s/it]                                                  6%|▌         | 28/500 [02:38<42:13,  5.37s/it]  6%|▌         | 29/500 [02:38<42:09,  5.37s/it]                                                  6%|▌         | 29/500 [02:43<42:09,  5.37s/it]  6%|▌         | 30/500 [02:43<42:06,  5.37s/it]                                                  6%|▌         | 30/500 [02:49<42:06,  5.37s/it]  6%|▌         | 31/500 [02:49<42:03,  5.38s/it]                                                  6%|▌         | 31/500 [02:54<42:03,  5.38s/it]  6%|▋         | 32/500 [02:54<41:54,  5.37s/it]                                                  6%|▋         | 32/500 [02:59<41:54,  5.37s/it]  7%|▋         | 33/500 [02:59<41:46,  5.37s/it]                                                  7%|▋         | 33/500 [03:05<41:46,  5.37s/it]  7%|▋         | 34/500 [03:05<41:39,  5.36s/it]                                                  7%|▋         | 34/500 [03:10<41:39,  5.36s/it]  7%|▋         | 35/500 [03:10<41:32,  5.36s/it]                                                  7%|▋         | 35/500 [03:15<41:32,  5.36s/it]  7%|▋         | 36/500 [03:15<41:26,  5.36s/it]                                                  7%|▋         | 36/500 [03:21<41:26,  5.36s/it]  7%|▋         | 37/500 [03:21<41:21,  5.36s/it]                                                  7%|▋         | 37/500 [03:26<41:21,  5.36s/it]  8%|▊         | 38/500 [03:26<41:16,  5.36s/it]                                                  8%|▊         | 38/500 [03:32<41:16,  5.36s/it]  8%|▊         | 39/500 [03:32<41:09,  5.36s/it]                                                  8%|▊         | 39/500 [03:37<41:09,  5.36s/it]  8%|▊         | 40/500 [03:37<41:04,  5.36s/it]                                                  8%|▊         | 40/500 [03:42<41:04,  5.36s/it]  8%|▊         | 41/500 [03:42<40:57,  5.35s/it]                                                  8%|▊         | 41/500 [03:48<40:57,  5.35s/it]  8%|▊         | 42/500 [03:48<40:50,  5.35s/it]                                                  8%|▊         | 42/500 [03:53<40:50,  5.35s/it]  9%|▊         | 43/500 [03:53<40:44,  5.35s/it]                                                  9%|▊         | 43/500 [03:58<40:44,  5.35s/it]  9%|▉         | 44/500 [03:58<40:40,  5.35s/it]                                                  9%|▉         | 44/500 [04:04<40:40,  5.35s/it]  9%|▉         | 45/500 [04:04<40:35,  5.35s/it]                                                  9%|▉         | 45/500 [04:09<40:35,  5.35s/it]  9%|▉         | 46/500 [04:09<40:31,  5.36s/it]                                                  9%|▉         | 46/500 [04:14<40:31,  5.36s/it]  9%|▉         | 47/500 [04:14<40:23,  5.35s/it]                                                  9%|▉         | 47/500 [04:20<40:23,  5.35s/it] 10%|▉         | 48/500 [04:20<40:18,  5.35s/it]                                                 10%|▉         | 48/500 [04:25<40:18,  5.35s/it] 10%|▉         | 49/500 [04:25<40:14,  5.35s/it]                                                 10%|▉         | 49/500 [04:30<40:14,  5.35s/it] 10%|█         | 50/500 [04:30<40:09,  5.35s/it]                                                 10%|█         | 50/500 [04:36<40:09,  5.35s/it] 10%|█         | 51/500 [04:36<40:03,  5.35s/it]                                                 10%|█         | 51/500 [04:41<40:03,  5.35s/it] 10%|█         | 52/500 [04:41<39:58,  5.35s/it]                                                 10%|█         | 52/500 [04:46<39:58,  5.35s/it] 11%|█         | 53/500 [04:46<39:51,  5.35s/it]                                                 11%|█         | 53/500 [04:52<39:51,  5.35s/it] 11%|█         | 54/500 [04:52<40:01,  5.38s/it]                                                 11%|█         | 54/500 [04:57<40:01,  5.38s/it] 11%|█         | 55/500 [04:57<39:51,  5.37s/it]                                                 11%|█         | 55/500 [05:03<39:51,  5.37s/it] 11%|█         | 56/500 [05:03<39:45,  5.37s/it]                                                 11%|█         | 56/500 [05:08<39:45,  5.37s/it] 11%|█▏        | 57/500 [05:08<39:37,  5.37s/it]                                                 11%|█▏        | 57/500 [05:13<39:37,  5.37s/it] 12%|█▏        | 58/500 [05:13<39:29,  5.36s/it]                                                 12%|█▏        | 58/500 [05:19<39:29,  5.36s/it] 12%|█▏        | 59/500 [05:19<39:24,  5.36s/it]                                                 12%|█▏        | 59/500 [05:24<39:24,  5.36s/it] 12%|█▏        | 60/500 [05:24<39:19,  5.36s/it]                                                 12%|█▏        | 60/500 [05:29<39:19,  5.36s/it] 12%|█▏        | 61/500 [05:29<39:13,  5.36s/it]                                                 12%|█▏        | 61/500 [05:35<39:13,  5.36s/it] 12%|█▏        | 62/500 [05:35<39:10,  5.37s/it]                                                 12%|█▏        | 62/500 [05:40<39:10,  5.37s/it] 13%|█▎        | 63/500 [05:40<39:03,  5.36s/it]                                                 13%|█▎        | 63/500 [05:46<39:03,  5.36s/it] 13%|█▎        | 64/500 [05:46<38:57,  5.36s/it]                                                 13%|█▎        | 64/500 [05:51<38:57,  5.36s/it] 13%|█▎        | 65/500 [05:51<38:50,  5.36s/it]                                                 13%|█▎        | 65/500 [05:56<38:50,  5.36s/it] 13%|█▎        | 66/500 [05:56<38:47,  5.36s/it]                                                 13%|█▎        | 66/500 [06:02<38:47,  5.36s/it] 13%|█▎        | 67/500 [06:02<38:40,  5.36s/it]                                                 13%|█▎        | 67/500 [06:07<38:40,  5.36s/it] 14%|█▎        | 68/500 [06:07<38:34,  5.36s/it]                                                 14%|█▎        | 68/500 [06:12<38:34,  5.36s/it] 14%|█▍        | 69/500 [06:12<38:28,  5.36s/it]                                                 14%|█▍        | 69/500 [06:18<38:28,  5.36s/it] 14%|█▍        | 70/500 [06:18<38:21,  5.35s/it]                                                 14%|█▍        | 70/500 [06:23<38:21,  5.35s/it] 14%|█▍        | 71/500 [06:23<38:19,  5.36s/it]                                                 14%|█▍        | 71/500 [06:28<38:19,  5.36s/it] 14%|█▍        | 72/500 [06:28<38:11,  5.35s/it]                                                 14%|█▍        | 72/500 [06:34<38:11,  5.35s/it] 15%|█▍        | 73/500 [06:34<38:02,  5.35s/it]                                                 15%|█▍        | 73/500 [06:39<38:02,  5.35s/it] 15%|█▍        | 74/500 [06:39<38:00,  5.35s/it]                                                 15%|█▍        | 74/500 [06:44<38:00,  5.35s/it] 15%|█▌        | 75/500 [06:44<37:55,  5.35s/it]                                                 15%|█▌        | 75/500 [06:50<37:55,  5.35s/it] 15%|█▌        | 76/500 [06:50<37:50,  5.35s/it]                                                 15%|█▌        | 76/500 [06:55<37:50,  5.35s/it] 15%|█▌        | 77/500 [06:55<37:44,  5.35s/it]                                                 15%|█▌        | 77/500 [07:00<37:44,  5.35s/it] 16%|█▌        | 78/500 [07:00<37:39,  5.35s/it]                                                 16%|█▌        | 78/500 [07:06<37:39,  5.35s/it] 16%|█▌        | 79/500 [07:06<37:33,  5.35s/it]                                                 16%|█▌        | 79/500 [07:11<37:33,  5.35s/it] 16%|█▌        | 80/500 [07:11<37:31,  5.36s/it]                                                 16%|█▌        | 80/500 [07:17<37:31,  5.36s/it] 16%|█▌        | 81/500 [07:17<37:26,  5.36s/it]                                                 16%|█▌        | 81/500 [07:22<37:26,  5.36s/it] 16%|█▋        | 82/500 [07:22<37:21,  5.36s/it]                                                 16%|█▋        | 82/500 [07:27<37:21,  5.36s/it] 17%|█▋        | 83/500 [07:27<37:14,  5.36s/it]                                                 17%|█▋        | 83/500 [07:33<37:14,  5.36s/it] 17%|█▋        | 84/500 [07:33<37:08,  5.36s/it]                                                 17%|█▋        | 84/500 [07:38<37:08,  5.36s/it] 17%|█▋        | 85/500 [07:38<37:01,  5.35s/it]                                                 17%|█▋        | 85/500 [07:43<37:01,  5.35s/it] 17%|█▋        | 86/500 [07:43<36:56,  5.35s/it]                                                 17%|█▋        | 86/500 [07:49<36:56,  5.35s/it] 17%|█▋        | 87/500 [07:49<36:49,  5.35s/it]                                                 17%|█▋        | 87/500 [07:54<36:49,  5.35s/it] 18%|█▊        | 88/500 [07:54<36:47,  5.36s/it]                                                 18%|█▊        | 88/500 [07:59<36:47,  5.36s/it] 18%|█▊        | 89/500 [07:59<36:44,  5.36s/it]                                                 18%|█▊        | 89/500 [08:05<36:44,  5.36s/it] 18%|█▊        | 90/500 [08:05<36:38,  5.36s/it]                                                 18%|█▊        | 90/500 [08:10<36:38,  5.36s/it] 18%|█▊        | 91/500 [08:10<36:32,  5.36s/it]                                                 18%|█▊        | 91/500 [08:15<36:32,  5.36s/it] 18%|█▊        | 92/500 [08:15<36:25,  5.36s/it]                                                 18%|█▊        | 92/500 [08:21<36:25,  5.36s/it] 19%|█▊        | 93/500 [08:21<36:19,  5.35s/it]                                                 19%|█▊        | 93/500 [08:26<36:19,  5.35s/it] 19%|█▉        | 94/500 [08:26<36:15,  5.36s/it]                                                 19%|█▉        | 94/500 [08:32<36:15,  5.36s/it] 19%|█▉        | 95/500 [08:32<36:10,  5.36s/it]                                                 19%|█▉        | 95/500 [08:37<36:10,  5.36s/it] 19%|█▉        | 96/500 [08:37<36:04,  5.36s/it]                                                 19%|█▉        | 96/500 [08:42<36:04,  5.36s/it] 19%|█▉        | 97/500 [08:42<36:00,  5.36s/it]                                                 19%|█▉        | 97/500 [08:48<36:00,  5.36s/it] 20%|█▉        | 98/500 [08:48<35:55,  5.36s/it]                                                 20%|█▉        | 98/500 [08:53<35:55,  5.36s/it] 20%|█▉        | 99/500 [08:53<35:50,  5.36s/it]                                                 20%|█▉        | 99/500 [08:58<35:50,  5.36s/it] 20%|██        | 100/500 [08:58<35:48,  5.37s/it]                                                  20%|██        | 100/500 [09:04<35:48,  5.37s/it] 20%|██        | 101/500 [09:04<35:41,  5.37s/it]                                                  20%|██        | 101/500 [09:09<35:41,  5.37s/it] 20%|██        | 102/500 [09:09<35:39,  5.37s/it]                                                  20%|██        | 102/500 [09:15<35:39,  5.37s/it] 21%|██        | 103/500 [09:15<35:44,  5.40s/it]                                                  21%|██        | 103/500 [09:20<35:44,  5.40s/it] 21%|██        | 104/500 [09:20<35:34,  5.39s/it]                                                  21%|██        | 104/500 [09:25<35:34,  5.39s/it] 21%|██        | 105/500 [09:25<35:27,  5.39s/it]                                                  21%|██        | 105/500 [09:31<35:27,  5.39s/it] 21%|██        | 106/500 [09:31<35:19,  5.38s/it]                                                  21%|██        | 106/500 [09:36<35:19,  5.38s/it] 21%|██▏       | 107/500 [09:36<35:15,  5.38s/it]                                                  21%|██▏       | 107/500 [09:42<35:15,  5.38s/it] 22%|██▏       | 108/500 [09:42<35:09,  5.38s/it]                                                  22%|██▏       | 108/500 [09:47<35:09,  5.38s/it] 22%|██▏       | 109/500 [09:47<35:03,  5.38s/it]                                                  22%|██▏       | 109/500 [09:52<35:03,  5.38s/it] 22%|██▏       | 110/500 [09:52<34:59,  5.38s/it]                                                  22%|██▏       | 110/500 [09:58<34:59,  5.38s/it] 22%|██▏       | 111/500 [09:58<34:54,  5.38s/it]                                                  22%|██▏       | 111/500 [10:03<34:54,  5.38s/it] 22%|██▏       | 112/500 [10:03<34:49,  5.39s/it]                                                  22%|██▏       | 112/500 [10:08<34:49,  5.39s/it] 23%|██▎       | 113/500 [10:08<34:45,  5.39s/it]                                                  23%|██▎       | 113/500 [10:14<34:45,  5.39s/it] 23%|██▎       | 114/500 [10:14<34:35,  5.38s/it]                                                  23%|██▎       | 114/500 [10:19<34:35,  5.38s/it] 23%|██▎       | 115/500 [10:19<34:29,  5.38s/it]                                                  23%|██▎       | 115/500 [10:25<34:29,  5.38s/it] 23%|██▎       | 116/500 [10:25<34:22,  5.37s/it]                                                  23%|██▎       | 116/500 [10:30<34:22,  5.37s/it] 23%|██▎       | 117/500 [10:30<34:17,  5.37s/it]                                                  23%|██▎       | 117/500 [10:35<34:17,  5.37s/it] 24%|██▎       | 118/500 [10:35<34:13,  5.38s/it]                                                  24%|██▎       | 118/500 [10:41<34:13,  5.38s/it] 24%|██▍       | 119/500 [10:41<34:07,  5.37s/it]                                                  24%|██▍       | 119/500 [10:46<34:07,  5.37s/it] 24%|██▍       | 120/500 [10:46<34:04,  5.38s/it]                                                  24%|██▍       | 120/500 [10:51<34:04,  5.38s/it] 24%|██▍       | 121/500 [10:51<33:56,  5.37s/it]                                                  24%|██▍       | 121/500 [10:57<33:56,  5.37s/it] 24%|██▍       | 122/500 [10:57<33:54,  5.38s/it]                                                  24%|██▍       | 122/500 [11:02<33:54,  5.38s/it] 25%|██▍       | 123/500 [11:02<33:49,  5.38s/it]                                                  25%|██▍       | 123/500 [11:08<33:49,  5.38s/it] 25%|██▍       | 124/500 [11:08<33:44,  5.38s/it]                                                  25%|██▍       | 124/500 [11:13<33:44,  5.38s/it] 25%|██▌       | 125/500 [11:13<33:39,  5.39s/it]                                                  25%|██▌       | 125/500 [11:18<33:39,  5.39s/it] 25%|██▌       | 126/500 [11:18<33:34,  5.39s/it]                                                  25%|██▌       | 126/500 [11:24<33:34,  5.39s/it] 25%|██▌       | 127/500 [11:24<33:26,  5.38s/it]                                                  25%|██▌       | 127/500 [11:29<33:26,  5.38s/it] 26%|██▌       | 128/500 [11:29<33:17,  5.37s/it]                                                  26%|██▌       | 128/500 [11:34<33:17,  5.37s/it] 26%|██▌       | 129/500 [11:34<33:11,  5.37s/it]                                                  26%|██▌       | 129/500 [11:40<33:11,  5.37s/it] 26%|██▌       | 130/500 [11:40<33:07,  5.37s/it]                                                  26%|██▌       | 130/500 [11:45<33:07,  5.37s/it] 26%|██▌       | 131/500 [11:45<33:02,  5.37s/it]                                                  26%|██▌       | 131/500 [11:51<33:02,  5.37s/it] 26%|██▋       | 132/500 [11:51<32:58,  5.38s/it]                                                  26%|██▋       | 132/500 [11:56<32:58,  5.38s/it] 27%|██▋       | 133/500 [11:56<32:50,  5.37s/it]                                                  27%|██▋       | 133/500 [12:01<32:50,  5.37s/it] 27%|██▋       | 134/500 [12:01<32:45,  5.37s/it]                                                  27%|██▋       | 134/500 [12:07<32:45,  5.37s/it] 27%|██▋       | 135/500 [12:07<32:38,  5.37s/it]                                                  27%|██▋       | 135/500 [12:12<32:38,  5.37s/it] 27%|██▋       | 136/500 [12:12<32:35,  5.37s/it]                                                  27%|██▋       | 136/500 [12:17<32:35,  5.37s/it] 27%|██▋       | 137/500 [12:17<32:30,  5.37s/it]                                                  27%|██▋       | 137/500 [12:23<32:30,  5.37s/it] 28%|██▊       | 138/500 [12:23<32:26,  5.38s/it]                                                  28%|██▊       | 138/500 [12:28<32:26,  5.38s/it] 28%|██▊       | 139/500 [12:28<32:21,  5.38s/it]                                                  28%|██▊       | 139/500 [12:34<32:21,  5.38s/it] 28%|██▊       | 140/500 [12:34<32:16,  5.38s/it]                                                  28%|██▊       | 140/500 [12:39<32:16,  5.38s/it] 28%|██▊       | 141/500 [12:39<32:09,  5.37s/it]                                          