[I 2025-08-09 19:32:45,092] A new study created in memory with name: no-name-79539a56-ba2a-4a0a-ad3e-d2dc8fa01137
Mode-0 approx rank: 2/38
Estimated noise variance from mode-0: 0.0
Mode-1 approx rank: 5/20
Estimated noise variance from mode-1: 0.00014973592477802964
Mode-2 approx rank: 4/24
Estimated noise variance from mode-2: 0.00010664002061266513
Mode-3 approx rank: 1/60
Estimated noise variance from mode-3: 7.39541011618428e-05
  0%|          | 0/500 [00:00<?, ?it/s]/mnt/ffs24/home/mondalra/Anomaly_Detection/src/proximal_ops/prox_overlapping_grouped_l21.py:405: UserWarning: Sparse CSR tensor support is in beta state. If you miss a functionality in the sparse tensor support, please submit a feature request to https://github.com/pytorch/pytorch/issues. (Triggered internally at /home/conda/feedstock_root/build_artifacts/libtorch_1742922447420/work/aten/src/ATen/SparseCsrTensorImpl.cpp:53.)
  G_ind = torch.sparse_csr_tensor(A_r.indptr, A_r.indices, A_r.data, device=device, dtype=dtype)
                                         0%|          | 0/500 [00:06<?, ?it/s]  0%|          | 1/500 [00:06<56:07,  6.75s/it]                                                 0%|          | 1/500 [00:12<56:07,  6.75s/it]  0%|          | 2/500 [00:12<50:29,  6.08s/it]                                                 0%|          | 2/500 [00:17<50:29,  6.08s/it]  1%|          | 3/500 [00:17<48:16,  5.83s/it]                                                 1%|          | 3/500 [00:23<48:16,  5.83s/it]  1%|          | 4/500 [00:23<47:10,  5.71s/it]                                                 1%|          | 4/500 [00:28<47:10,  5.71s/it]  1%|          | 5/500 [00:28<46:29,  5.64s/it]                                                 1%|          | 5/500 [00:34<46:29,  5.64s/it]  1%|          | 6/500 [00:34<46:05,  5.60s/it]                                                 1%|          | 6/500 [00:39<46:05,  5.60s/it]  1%|▏         | 7/500 [00:39<45:47,  5.57s/it]                                                 1%|▏         | 7/500 [00:45<45:47,  5.57s/it]  2%|▏         | 8/500 [00:45<45:32,  5.55s/it]                                                 2%|▏         | 8/500 [00:50<45:32,  5.55s/it]  2%|▏         | 9/500 [00:50<45:20,  5.54s/it]                                                 2%|▏         | 9/500 [00:56<45:20,  5.54s/it]  2%|▏         | 10/500 [00:56<45:11,  5.53s/it]                                                  2%|▏         | 10/500 [01:02<45:11,  5.53s/it]  2%|▏         | 11/500 [01:02<45:03,  5.53s/it]                                                  2%|▏         | 11/500 [01:07<45:03,  5.53s/it]  2%|▏         | 12/500 [01:07<44:54,  5.52s/it]                                                  2%|▏         | 12/500 [01:13<44:54,  5.52s/it]  3%|▎         | 13/500 [01:13<44:46,  5.52s/it]                                                  3%|▎         | 13/500 [01:18<44:46,  5.52s/it]  3%|▎         | 14/500 [01:18<44:42,  5.52s/it]                                                  3%|▎         | 14/500 [01:24<44:42,  5.52s/it]  3%|▎         | 15/500 [01:24<44:36,  5.52s/it]                                                  3%|▎         | 15/500 [01:29<44:36,  5.52s/it]  3%|▎         | 16/500 [01:29<44:30,  5.52s/it]                                                  3%|▎         | 16/500 [01:35<44:30,  5.52s/it]  3%|▎         | 17/500 [01:35<44:24,  5.52s/it]                                                  3%|▎         | 17/500 [01:40<44:24,  5.52s/it]  4%|▎         | 18/500 [01:40<44:18,  5.52s/it]                                                  4%|▎         | 18/500 [01:46<44:18,  5.52s/it]  4%|▍         | 19/500 [01:46<44:14,  5.52s/it]                                                  4%|▍         | 19/500 [01:51<44:14,  5.52s/it]  4%|▍         | 20/500 [01:51<44:07,  5.52s/it]                                                  4%|▍         | 20/500 [01:57<44:07,  5.52s/it]  4%|▍         | 21/500 [01:57<44:02,  5.52s/it]                                                  4%|▍         | 21/500 [02:02<44:02,  5.52s/it]  4%|▍         | 22/500 [02:02<43:57,  5.52s/it]                                                  4%|▍         | 22/500 [02:08<43:57,  5.52s/it]  5%|▍         | 23/500 [02:08<43:51,  5.52s/it]                                                  5%|▍         | 23/500 [02:13<43:51,  5.52s/it]  5%|▍         | 24/500 [02:13<43:44,  5.51s/it]                                                  5%|▍         | 24/500 [02:19<43:44,  5.51s/it]  5%|▌         | 25/500 [02:19<43:39,  5.51s/it]                                                  5%|▌         | 25/500 [02:24<43:39,  5.51s/it]  5%|▌         | 26/500 [02:24<43:34,  5.51s/it]                                                  5%|▌         | 26/500 [02:30<43:34,  5.51s/it]  5%|▌         | 27/500 [02:30<43:29,  5.52s/it]                                                  5%|▌         | 27/500 [02:35<43:29,  5.52s/it]  6%|▌         | 28/500 [02:35<43:22,  5.51s/it]                                                  6%|▌         | 28/500 [02:41<43:22,  5.51s/it]  6%|▌         | 29/500 [02:41<43:16,  5.51s/it]                                                  6%|▌         | 29/500 [02:46<43:16,  5.51s/it]  6%|▌         | 30/500 [02:46<43:12,  5.52s/it]                                                  6%|▌         | 30/500 [02:52<43:12,  5.52s/it]  6%|▌         | 31/500 [02:52<43:06,  5.52s/it]                                                  6%|▌         | 31/500 [02:57<43:06,  5.52s/it]  6%|▋         | 32/500 [02:57<43:01,  5.52s/it]                                                  6%|▋         | 32/500 [03:03<43:01,  5.52s/it]  7%|▋         | 33/500 [03:03<42:56,  5.52s/it]                                                  7%|▋         | 33/500 [03:08<42:56,  5.52s/it]  7%|▋         | 34/500 [03:08<42:53,  5.52s/it]                                                  7%|▋         | 34/500 [03:14<42:53,  5.52s/it]  7%|▋         | 35/500 [03:14<42:48,  5.52s/it]                                                  7%|▋         | 35/500 [03:19<42:48,  5.52s/it]  7%|▋         | 36/500 [03:19<42:42,  5.52s/it]                                                  7%|▋         | 36/500 [03:25<42:42,  5.52s/it]  7%|▋         | 37/500 [03:25<42:36,  5.52s/it]                                                  7%|▋         | 37/500 [03:30<42:36,  5.52s/it]  8%|▊         | 38/500 [03:30<42:29,  5.52s/it]                                                  8%|▊         | 38/500 [03:36<42:29,  5.52s/it]  8%|▊         | 39/500 [03:36<42:22,  5.51s/it]                                                  8%|▊         | 39/500 [03:41<42:22,  5.51s/it]  8%|▊         | 40/500 [03:41<42:16,  5.51s/it]                                                  8%|▊         | 40/500 [03:47<42:16,  5.51s/it]  8%|▊         | 41/500 [03:47<42:10,  5.51s/it]                                                  8%|▊         | 41/500 [03:53<42:10,  5.51s/it]  8%|▊         | 42/500 [03:53<42:05,  5.51s/it]                                                  8%|▊         | 42/500 [03:58<42:05,  5.51s/it]  9%|▊         | 43/500 [03:58<42:00,  5.51s/it]                                                  9%|▊         | 43/500 [04:04<42:00,  5.51s/it]  9%|▉         | 44/500 [04:04<41:53,  5.51s/it]                                                  9%|▉         | 44/500 [04:09<41:53,  5.51s/it]  9%|▉         | 45/500 [04:09<41:49,  5.52s/it]                                                  9%|▉         | 45/500 [04:15<41:49,  5.52s/it]  9%|▉         | 46/500 [04:15<41:43,  5.52s/it]                                                  9%|▉         | 46/500 [04:20<41:43,  5.52s/it]  9%|▉         | 47/500 [04:20<41:37,  5.51s/it]                                                  9%|▉         | 47/500 [04:26<41:37,  5.51s/it] 10%|▉         | 48/500 [04:26<41:32,  5.51s/it]                                                 10%|▉         | 48/500 [04:31<41:32,  5.51s/it] 10%|▉         | 49/500 [04:31<41:26,  5.51s/it]                                                 10%|▉         | 49/500 [04:37<41:26,  5.51s/it] 10%|█         | 50/500 [04:37<41:21,  5.51s/it]                                                 10%|█         | 50/500 [04:42<41:21,  5.51s/it] 10%|█         | 51/500 [04:42<41:16,  5.52s/it]                                                 10%|█         | 51/500 [04:48<41:16,  5.52s/it] 10%|█         | 52/500 [04:48<41:10,  5.51s/it]                                                 10%|█         | 52/500 [04:53<41:10,  5.51s/it] 11%|█         | 53/500 [04:53<41:18,  5.54s/it]                                                 11%|█         | 53/500 [04:59<41:18,  5.54s/it] 11%|█         | 54/500 [04:59<41:09,  5.54s/it]                                                 11%|█         | 54/500 [05:04<41:09,  5.54s/it] 11%|█         | 55/500 [05:04<41:02,  5.53s/it]                                                 11%|█         | 55/500 [05:10<41:02,  5.53s/it] 11%|█         | 56/500 [05:10<40:54,  5.53s/it]                                                 11%|█         | 56/500 [05:15<40:54,  5.53s/it] 11%|█▏        | 57/500 [05:15<40:46,  5.52s/it]                                                 11%|█▏        | 57/500 [05:21<40:46,  5.52s/it] 12%|█▏        | 58/500 [05:21<40:40,  5.52s/it]                                                 12%|█▏        | 58/500 [05:26<40:40,  5.52s/it] 12%|█▏        | 59/500 [05:26<40:34,  5.52s/it]                                                 12%|█▏        | 59/500 [05:32<40:34,  5.52s/it] 12%|█▏        | 60/500 [05:32<40:28,  5.52s/it]                                                 12%|█▏        | 60/500 [05:37<40:28,  5.52s/it] 12%|█▏        | 61/500 [05:37<40:20,  5.51s/it]                                                 12%|█▏        | 61/500 [05:43<40:20,  5.51s/it] 12%|█▏        | 62/500 [05:43<40:15,  5.51s/it]                                                 12%|█▏        | 62/500 [05:48<40:15,  5.51s/it] 13%|█▎        | 63/500 [05:48<40:08,  5.51s/it]                                                 13%|█▎        | 63/500 [05:54<40:08,  5.51s/it] 13%|█▎        | 64/500 [05:54<40:04,  5.52s/it]                                                 13%|█▎        | 64/500 [05:59<40:04,  5.52s/it] 13%|█▎        | 65/500 [05:59<40:00,  5.52s/it]                                                 13%|█▎        | 65/500 [06:05<40:00,  5.52s/it] 13%|█▎        | 66/500 [06:05<39:53,  5.52s/it]                                                 13%|█▎        | 66/500 [06:10<39:53,  5.52s/it] 13%|█▎        | 67/500 [06:10<39:47,  5.51s/it]                                                 13%|█▎        | 67/500 [06:16<39:47,  5.51s/it] 14%|█▎        | 68/500 [06:16<39:42,  5.52s/it]                                                 14%|█▎        | 68/500 [06:22<39:42,  5.52s/it] 14%|█▍        | 69/500 [06:22<39:38,  5.52s/it]                                                 14%|█▍        | 69/500 [06:27<39:38,  5.52s/it] 14%|█▍        | 70/500 [06:27<39:32,  5.52s/it]                                                 14%|█▍        | 70/500 [06:33<39:32,  5.52s/it] 14%|█▍        | 71/500 [06:33<39:26,  5.52s/it]                                                 14%|█▍        | 71/500 [06:38<39:26,  5.52s/it] 14%|█▍        | 72/500 [06:38<39:22,  5.52s/it]                                                 14%|█▍        | 72/500 [06:44<39:22,  5.52s/it] 15%|█▍        | 73/500 [06:44<39:18,  5.52s/it]                                                 15%|█▍        | 73/500 [06:49<39:18,  5.52s/it] 15%|█▍        | 74/500 [06:49<39:11,  5.52s/it]                                                 15%|█▍        | 74/500 [06:55<39:11,  5.52s/it] 15%|█▌        | 75/500 [06:55<39:04,  5.52s/it]                                                 15%|█▌        | 75/500 [07:00<39:04,  5.52s/it] 15%|█▌        | 76/500 [07:00<38:57,  5.51s/it]                                                 15%|█▌        | 76/500 [07:06<38:57,  5.51s/it] 15%|█▌        | 77/500 [07:06<38:53,  5.52s/it]                                                 15%|█▌        | 77/500 [07:11<38:53,  5.52s/it] 16%|█▌        | 78/500 [07:11<38:48,  5.52s/it]                                                 16%|█▌        | 78/500 [07:17<38:48,  5.52s/it] 16%|█▌        | 79/500 [07:17<38:40,  5.51s/it]                                                 16%|█▌        | 79/500 [07:22<38:40,  5.51s/it] 16%|█▌        | 80/500 [07:22<38:36,  5.51s/it]                                                 16%|█▌        | 80/500 [07:28<38:36,  5.51s/it] 16%|█▌        | 81/500 [07:28<38:30,  5.51s/it]                                                 16%|█▌        | 81/500 [07:33<38:30,  5.51s/it] 16%|█▋        | 82/500 [07:33<38:25,  5.51s/it]                                                 16%|█▋        | 82/500 [07:39<38:25,  5.51s/it] 17%|█▋        | 83/500 [07:39<38:19,  5.52s/it]                                                 17%|█▋        | 83/500 [07:44<38:19,  5.52s/it] 17%|█▋        | 84/500 [07:44<38:15,  5.52s/it]                                                 17%|█▋        | 84/500 [07:50<38:15,  5.52s/it] 17%|█▋        | 85/500 [07:50<38:08,  5.51s/it]                                                 17%|█▋        | 85/500 [07:55<38:08,  5.51s/it] 17%|█▋        | 86/500 [07:55<38:03,  5.52s/it]                                                 17%|█▋        | 86/500 [08:01<38:03,  5.52s/it] 17%|█▋        | 87/500 [08:01<37:58,  5.52s/it]                                                 17%|█▋        | 87/500 [08:06<37:58,  5.52s/it] 18%|█▊        | 88/500 [08:06<37:51,  5.51s/it]                                                 18%|█▊        | 88/500 [08:12<37:51,  5.51s/it] 18%|█▊        | 89/500 [08:12<37:46,  5.51s/it]                                                 18%|█▊        | 89/500 [08:17<37:46,  5.51s/it] 18%|█▊        | 90/500 [08:17<37:39,  5.51s/it]                                                 18%|█▊        | 90/500 [08:23<37:39,  5.51s/it] 18%|█▊        | 91/500 [08:23<37:34,  5.51s/it]                                                 18%|█▊        | 91/500 [08:28<37:34,  5.51s/it] 18%|█▊        | 92/500 [08:28<37:28,  5.51s/it]                                                 18%|█▊        | 92/500 [08:34<37:28,  5.51s/it] 19%|█▊        | 93/500 [08:34<37:24,  5.51s/it]                                                 19%|█▊        | 93/500 [08:39<37:24,  5.51s/it] 19%|█▉        | 94/500 [08:39<37:17,  5.51s/it]                                                 19%|█▉        | 94/500 [08:45<37:17,  5.51s/it] 19%|█▉        | 95/500 [08:45<37:12,  5.51s/it]                                                 19%|█▉        | 95/500 [08:50<37:12,  5.51s/it] 19%|█▉        | 96/500 [08:50<37:06,  5.51s/it]                                                 19%|█▉        | 96/500 [08:56<37:06,  5.51s/it] 19%|█▉        | 97/500 [08:56<37:01,  5.51s/it]                                                 19%|█▉        | 97/500 [09:01<37:01,  5.51s/it] 20%|█▉        | 98/500 [09:01<36:56,  5.51s/it]                                                 20%|█▉        | 98/500 [09:07<36:56,  5.51s/it] 20%|█▉        | 99/500 [09:07<36:52,  5.52s/it]                                                 20%|█▉        | 99/500 [09:12<36:52,  5.52s/it] 20%|██        | 100/500 [09:12<36:45,  5.51s/it]                                                  20%|██        | 100/500 [09:18<36:45,  5.51s/it] 20%|██        | 101/500 [09:18<36:39,  5.51s/it]                                                  20%|██        | 101/500 [09:24<36:39,  5.51s/it] 20%|██        | 102/500 [09:24<36:34,  5.51s/it]                                                  20%|██        | 102/500 [09:29<36:34,  5.51s/it] 21%|██        | 103/500 [09:29<36:39,  5.54s/it]                                                  21%|██        | 103/500 [09:35<36:39,  5.54s/it] 21%|██        | 104/500 [09:35<36:28,  5.53s/it]                                                  21%|██        | 104/500 [09:40<36:28,  5.53s/it] 21%|██        | 105/500 [09:40<36:20,  5.52s/it]                                                  21%|██        | 105/500 [09:46<36:20,  5.52s/it] 21%|██        | 106/500 [09:46<36:08,  5.50s/it]                                                  21%|██        | 106/500 [09:51<36:08,  5.50s/it] 21%|██▏       | 107/500 [09:51<36:02,  5.50s/it]                                                  21%|██▏       | 107/500 [09:57<36:02,  5.50s/it] 22%|██▏       | 108/500 [09:57<35:57,  5.50s/it]                                                  22%|██▏       | 108/500 [10:02<35:57,  5.50s/it] 22%|██▏       | 109/500 [10:02<35:50,  5.50s/it]                                                  22%|██▏       | 109/500 [10:08<35:50,  5.50s/it] 22%|██▏       | 110/500 [10:08<35:43,  5.50s/it]                                                  22%|██▏       | 110/500 [10:13<35:43,  5.50s/it] 22%|██▏       | 111/500 [10:13<35:38,  5.50s/it]                                                  22%|██▏       | 111/500 [10:19<35:38,  5.50s/it] 22%|██▏       | 112/500 [10:19<35:35,  5.50s/it]                                                  22%|██▏       | 112/500 [10:24<35:35,  5.50s/it] 23%|██▎       | 113/500 [10:24<35:29,  5.50s/it]                                                  23%|██▎       | 113/500 [10:30<35:29,  5.50s/it] 23%|██▎       | 114/500 [10:30<35:23,  5.50s/it]                                                  23%|██▎       | 114/500 [10:35<35:23,  5.50s/it] 23%|██▎       | 115/500 [10:35<35:18,  5.50s/it]                                                  23%|██▎       | 115/500 [10:41<35:18,  5.50s/it] 23%|██▎       | 116/500 [10:41<35:13,  5.50s/it]                                                  23%|██▎       | 116/500 [10:46<35:13,  5.50s/it] 23%|██▎       | 117/500 [10:46<35:09,  5.51s/it]                                                  23%|██▎       | 117/500 [10:52<35:09,  5.51s/it] 24%|██▎       | 118/500 [10:52<35:02,  5.50s/it]                                                  24%|██▎       | 118/500 [10:57<35:02,  5.50s/it] 24%|██▍       | 119/500 [10:57<34:53,  5.49s/it]                                                  24%|██▍       | 119/500 [11:03<34:53,  5.49s/it] 24%|██▍       | 120/500 [11:03<34:50,  5.50s/it]                                                  24%|██▍       | 120/500 [11:08<34:50,  5.50s/it] 24%|██▍       | 121/500 [11:08<34:45,  5.50s/it]                                                  24%|██▍       | 121/500 [11:14<34:45,  5.50s/it] 24%|██▍       | 122/500 [11:14<34:41,  5.51s/it]                                                  24%|██▍       | 122/500 [11:19<34:41,  5.51s/it] 25%|██▍       | 123/500 [11:19<34:36,  5.51s/it]                                                  25%|██▍       | 123/500 [11:25<34:36,  5.51s/it] 25%|██▍       | 124/500 [11:25<34:29,  5.50s/it]                                                  25%|██▍       | 124/500 [11:30<34:29,  5.50s/it] 25%|██▌       | 125/500 [11:30<34:22,  5.50s/it]                                                  25%|██▌       | 125/500 [11:36<34:22,  5.50s/it] 25%|██▌       | 126/500 [11:36<34:19,  5.51s/it]                                                  25%|██▌       | 126/500 [11:41<34:19,  5.51s/it] 25%|██▌       | 127/500 [11:41<34:14,  5.51s/it]                                                  25%|██▌       | 127/500 [11:47<34:14,  5.51s/it] 26%|██▌       | 128/500 [11:47<34:07,  5.51s/it]                                                  26%|██▌       | 128/500 [11:52<34:07,  5.51s/it] 26%|██▌       | 129/500 [11:52<34:03,  5.51s/it]                                                  26%|██▌       | 129/500 [11:58<34:03,  5.51s/it] 26%|██▌       | 130/500 [11:58<33:58,  5.51s/it]                                                  26%|██▌       | 130/500 [12:03<33:58,  5.51s/it] 26%|██▌       | 131/500 [12:03<33:51,  5.51s/it]                                                  26%|██▌       | 131/500 [12:09<33:51,  5.51s/it] 26%|██▋       | 132/500 [12:09<33:46,  5.51s/it]                                                  26%|██▋       | 132/500 [12:14<33:46,  5.51s/it] 27%|██▋       | 133/500 [12:14<33:40,  5.51s/it]                                                  27%|██▋       | 133/500 [12:20<33:40,  5.51s/it] 27%|██▋       | 134/500 [12:20<33:33,  5.50s/it]                                                  27%|██▋       | 134/500 [12:25<33:33,  5.50s/it] 27%|██▋       | 135/500 [12:25<33:31,  5.51s/it]                                                  27%|██▋       | 135/500 [12:31<33:31,  5.51s/it] 27%|██▋       | 136/500 [12:31<33:26,  5.51s/it]                                                  27%|██▋       | 136/500 [12:36<33:26,  5.51s/it] 27%|██▋       | 137/500 [12:36<33:20,  5.51s/it]                                                  27%|██▋       | 137/500 [12:42<33:20,  5.51s/it] 28%|██▊       | 138/500 [12:42<33:14,  5.51s/it]                                                  28%|██▊       | 138/500 [12:47<33:14,  5.51s/it] 28%|██▊       | 139/500 [12:47<33:09,  5.51s/it]                                                  28%|██▊       | 139/500 [12:53<33:09,  5.51s/it] 28%|██▊       | 140/500 [12:53<33:03,  5.51s/it]                                                  28%|██▊       | 140/500 [12:58<33:03,  5.51s/it] 28%|██▊       | 141/500 [12:58<32:57,  5.51s/it]                                                 