[I 2025-08-09 19:36:31,231] Trial 151 finished with values: [0.8294142983874879, 0.24097331240188383] and parameters: {'psi': 0.15477396508374996}.
[I 2025-08-09 19:36:39,457] Trial 152 finished with values: [0.8308307388887357, 0.23990591924735397] and parameters: {'psi': 0.24352676699149578}.
[I 2025-08-09 19:36:47,581] Trial 153 finished with values: [0.8318308216109231, 0.240407204385278] and parameters: {'psi': 0.31853908401716247}.
[I 2025-08-09 19:36:55,692] Trial 154 finished with values: [0.8319923570192416, 0.240407204385278] and parameters: {'psi': 0.3309643340047952}.
[I 2025-08-09 19:37:03,813] Trial 155 finished with values: [0.832177050414155, 0.240407204385278] and parameters: {'psi': 0.3453397030374997}.
[I 2025-08-09 19:37:11,925] Trial 156 finished with values: [0.835701311416074, 0.2244408945686901] and parameters: {'psi': 0.764105769380045}.
[I 2025-08-09 19:37:20,031] Trial 157 finished with values: [0.8271522533027335, 0.24192277383766744] and parameters: {'psi': 0.06703359750977378}.
[I 2025-08-09 19:37:28,118] Trial 158 finished with values: [0.8306308322179572, 0.22107355864811135] and parameters: {'psi': 0.8869106775729843}.
[I 2025-08-09 19:37:36,262] Trial 159 finished with values: [0.8358046137851084, 0.23566627125345987] and parameters: {'psi': 0.7126776219286562}.
[I 2025-08-09 19:37:44,397] Trial 160 finished with values: [0.8287769466469359, 0.24204322200392928] and parameters: {'psi': 0.12291227150059147}.
[I 2025-08-09 19:37:52,512] Trial 161 finished with values: [0.83480803856819, 0.2205353575709149] and parameters: {'psi': 0.8378969053998313}.
[I 2025-08-09 19:38:00,635] Trial 162 finished with values: [0.8291157589781835, 0.24116260801256872] and parameters: {'psi': 0.1392116725622089}.
[I 2025-08-09 19:38:08,751] Trial 163 finished with values: [0.8343550632793041, 0.24068992551940416] and parameters: {'psi': 0.5104291428538401}.
[I 2025-08-09 19:38:16,873] Trial 164 finished with values: [0.8284173217091226, 0.24213836477987422] and parameters: {'psi': 0.10760479824387814}.
[I 2025-08-09 19:38:25,010] Trial 165 finished with values: [0.8315187170306391, 0.23971797884841364] and parameters: {'psi': 0.2939518926886848}.
[I 2025-08-09 19:38:33,127] Trial 166 finished with values: [0.8357615095034905, 0.23034154090548054] and parameters: {'psi': 0.7381579826691885}.
[I 2025-08-09 19:38:41,228] Trial 167 finished with values: [0.8339658781013027, 0.23981191222570533] and parameters: {'psi': 0.4816535412233566}.
[I 2025-08-09 19:38:49,408] Trial 168 finished with values: [0.835089463042146, 0.2413793103448276] and parameters: {'psi': 0.5687145424962066}.
[I 2025-08-09 19:38:57,531] Trial 169 finished with values: [0.8290622166989581, 0.22098569157392686] and parameters: {'psi': 0.8971424380607638}.
[I 2025-08-09 19:39:05,654] Trial 170 finished with values: [0.8353901365359816, 0.2192] and parameters: {'psi': 0.8131244244728054}.
[I 2025-08-09 19:39:13,748] Trial 171 finished with values: [0.8334150307376844, 0.24050137093615354] and parameters: {'psi': 0.4412405716769222}.
[I 2025-08-09 19:39:21,844] Trial 172 finished with values: [0.835571428073375, 0.21982414068745004] and parameters: {'psi': 0.7938364680042809}.
[I 2025-08-09 19:39:29,957] Trial 173 finished with values: [0.8320609857970336, 0.240407204385278] and parameters: {'psi': 0.33636729455980696}.
[I 2025-08-09 19:39:38,079] Trial 174 finished with values: [0.8299824297228531, 0.24087877599058455] and parameters: {'psi': 0.18750747845904248}.
[I 2025-08-09 19:39:46,199] Trial 175 finished with values: [0.8290545044132763, 0.22098569157392686] and parameters: {'psi': 0.8971807991277486}.
[I 2025-08-09 19:39:54,318] Trial 176 finished with values: [0.8317783569387381, 0.240407204385278] and parameters: {'psi': 0.3143122299849138}.
[I 2025-08-09 19:40:02,432] Trial 177 finished with values: [0.8265361578892931, 0.24396039603960396] and parameters: {'psi': 0.9926546329193673}.
[I 2025-08-09 19:40:10,565] Trial 178 finished with values: [0.8358006625592934, 0.23496835443037975] and parameters: {'psi': 0.7166337432080782}.
[I 2025-08-09 19:40:18,646] Trial 179 finished with values: [0.8324035591881478, 0.240407204385278] and parameters: {'psi': 0.36343501294030267}.
[I 2025-08-09 19:40:26,722] Trial 180 finished with values: [0.8356737162240185, 0.2222222222222222] and parameters: {'psi': 0.772226614486966}.
[I 2025-08-09 19:40:34,853] Trial 181 finished with values: [0.835807593051632, 0.23636363636363636] and parameters: {'psi': 0.7078929381227645}.
[I 2025-08-09 19:40:42,953] Trial 182 finished with values: [0.8342888855292904, 0.24068992551940416] and parameters: {'psi': 0.5055385729346563}.
[I 2025-08-09 19:40:51,078] Trial 183 finished with values: [0.8347511366905441, 0.2407843137254902] and parameters: {'psi': 0.5407164412253738}.
[I 2025-08-09 19:40:59,202] Trial 184 finished with values: [0.8356645248698499, 0.2214228617106315] and parameters: {'psi': 0.7746791024483856}.
[I 2025-08-09 19:41:07,315] Trial 185 finished with values: [0.8320188957338065, 0.240407204385278] and parameters: {'psi': 0.33302536713882513}.
[I 2025-08-09 19:41:15,421] Trial 186 finished with values: [0.8255125157190644, 0.24098295679746334] and parameters: {'psi': 0.9800686666272611}.
[I 2025-08-09 19:41:23,554] Trial 187 finished with values: [0.8335404557453728, 0.24050137093615354] and parameters: {'psi': 0.4505426626319389}.
[I 2025-08-09 19:41:31,687] Trial 188 finished with values: [0.8266800078644184, 0.24151539068666142] and parameters: {'psi': 0.05639969388701138}.
[I 2025-08-09 19:41:39,792] Trial 189 finished with values: [0.8357312308586087, 0.2271821442805899] and parameters: {'psi': 0.7523195962213065}.
[I 2025-08-09 19:41:47,926] Trial 190 finished with values: [0.8309281249838225, 0.23990591924735397] and parameters: {'psi': 0.25036905454522673}.
[I 2025-08-09 19:41:56,050] Trial 191 finished with values: [0.8311030776562723, 0.24050137093615354] and parameters: {'psi': 0.26286641877089356}.
[I 2025-08-09 19:42:04,160] Trial 192 finished with values: [0.8291090609108928, 0.24116260801256872] and parameters: {'psi': 0.13889666968043268}.
[I 2025-08-09 19:42:12,267] Trial 193 finished with values: [0.8318276521784513, 0.240407204385278] and parameters: {'psi': 0.318250484338672}.
[I 2025-08-09 19:42:20,370] Trial 194 finished with values: [0.8276344930181101, 0.24242424242424243] and parameters: {'psi': 0.08010039200540675}.
[I 2025-08-09 19:42:28,470] Trial 195 finished with values: [0.824841927196657, 0.25645097260817784] and parameters: {'psi': 0.02940449356211816}.
[I 2025-08-09 19:42:36,598] Trial 196 finished with values: [0.8352088661281378, 0.21982414068745004] and parameters: {'psi': 0.8237019921021967}.
[I 2025-08-09 19:42:44,703] Trial 197 finished with values: [0.8288356656658655, 0.24204322200392928] and parameters: {'psi': 0.12563957860042696}.
[I 2025-08-09 19:42:52,828] Trial 198 finished with values: [0.8332108347682938, 0.24050137093615354] and parameters: {'psi': 0.4260679798427167}.
[I 2025-08-09 19:43:00,939] Trial 199 finished with values: [0.8287465200952056, 0.24204322200392928] and parameters: {'psi': 0.12150243177992814}.
[I 2025-08-09 19:43:09,045] Trial 200 finished with values: [0.8336416874185257, 0.24050137093615354] and parameters: {'psi': 0.45809139444445524}.
[I 2025-08-09 19:43:17,163] Trial 201 finished with values: [0.8353012233903694, 0.21991203518592564] and parameters: {'psi': 0.818994369733828}.
[I 2025-08-09 19:43:25,369] Trial 202 finished with values: [0.8354946432893553, 0.2407843137254902] and parameters: {'psi': 0.6104580896211567}.
[I 2025-08-09 19:43:33,496] Trial 203 finished with values: [0.8324633769436677, 0.23981191222570533] and parameters: {'psi': 0.3683366361116367}.
[I 2025-08-09 19:43:41,607] Trial 204 finished with values: [0.8358135304551295, 0.2370604504148558] and parameters: {'psi': 0.7038317936904352}.
[I 2025-08-09 19:43:49,745] Trial 205 finished with values: [0.8323346768557581, 0.240407204385278] and parameters: {'psi': 0.35791963484297284}.
[I 2025-08-09 19:43:57,867] Trial 206 finished with values: [0.8240629440837102, 0.22918318794607453] and parameters: {'psi': 0.941119820499577}.
[I 2025-08-09 19:44:06,004] Trial 207 finished with values: [0.8356687719093623, 0.2214228617106315] and parameters: {'psi': 0.7737607821725293}.
[I 2025-08-09 19:44:14,124] Trial 208 finished with values: [0.8357896751933909, 0.239275875639512] and parameters: {'psi': 0.6683726253425503}.
[I 2025-08-09 19:44:22,257] Trial 209 finished with values: [0.8341994652744829, 0.24059561128526646] and parameters: {'psi': 0.4987625003252284}.
[I 2025-08-09 19:44:30,396] Trial 210 finished with values: [0.8320580487896095, 0.240407204385278] and parameters: {'psi': 0.33611992341536145}.
[I 2025-08-09 19:44:38,513] Trial 211 finished with values: [0.8246254972179251, 0.2569610182975338] and parameters: {'psi': 0.02729113282752693}.
[I 2025-08-09 19:44:46,654] Trial 212 finished with values: [0.835805120894304, 0.23817034700315456] and parameters: {'psi': 0.6774799427290942}.
[I 2025-08-09 19:44:54,731] Trial 213 finished with values: [0.8347619761495981, 0.2407843137254902] and parameters: {'psi': 0.5415324979876833}.
[I 2025-08-09 19:45:02,883] Trial 214 finished with values: [0.8355574825704984, 0.21982414068745004] and parameters: {'psi': 0.7959571482006788}.
[I 2025-08-09 19:45:10,977] Trial 215 finished with values: [0.8270582268060668, 0.24465558194774348] and parameters: {'psi': 0.9987729234253071}.
[I 2025-08-09 19:45:19,168] Trial 216 finished with values: [0.835056839017235, 0.2413793103448276] and parameters: {'psi': 0.5656701241011954}.
[I 2025-08-09 19:45:27,299] Trial 217 finished with values: [0.8291231754501678, 0.24116260801256872] and parameters: {'psi': 0.13961421914730754}.
[I 2025-08-09 19:45:35,424] Trial 218 finished with values: [0.8343237070273819, 0.24068992551940416] and parameters: {'psi': 0.5080482202066819}.
[I 2025-08-09 19:45:43,547] Trial 219 finished with values: [0.8323934170042377, 0.240407204385278] and parameters: {'psi': 0.36262434848781644}.
[I 2025-08-09 19:45:51,631] Trial 220 finished with values: [0.8315471151455875, 0.23971797884841364] and parameters: {'psi': 0.2961516416096668}.
[I 2025-08-09 19:45:59,767] Trial 221 finished with values: [0.8323823662496855, 0.240407204385278] and parameters: {'psi': 0.361791772030036}.
[I 2025-08-09 19:46:07,873] Trial 222 finished with values: [0.8320173532766701, 0.240407204385278] and parameters: {'psi': 0.3329172361945153}.
[I 2025-08-09 19:46:15,999] Trial 223 finished with values: [0.8357634111629736, 0.23034154090548054] and parameters: {'psi': 0.7368181646678732}.
[I 2025-08-09 19:46:24,120] Trial 224 finished with values: [0.8313094922283932, 0.23971797884841364] and parameters: {'psi': 0.2779487965635453}.
[I 2025-08-09 19:46:32,242] Trial 225 finished with values: [0.8264796574730939, 0.24259186092453575] and parameters: {'psi': 0.0524782831367806}.
[I 2025-08-09 19:46:40,374] Trial 226 finished with values: [0.8309404223818136, 0.23990591924735397] and parameters: {'psi': 0.2512561272268845}.
[I 2025-08-09 19:46:48,491] Trial 227 finished with values: [0.8311263835497157, 0.24050137093615354] and parameters: {'psi': 0.26443795283730565}.
[I 2025-08-09 19:46:56,627] Trial 228 finished with values: [0.8352482093498892, 0.21982414068745004] and parameters: {'psi': 0.8217816533227028}.
[I 2025-08-09 19:47:04,732] Trial 229 finished with values: [0.8337907775220046, 0.2200079713033081] and parameters: {'psi': 0.8573856906286217}.
[I 2025-08-09 19:47:12,820] Trial 230 finished with values: [0.8324667788011876, 0.23981191222570533] and parameters: {'psi': 0.3685987746258985}.
[I 2025-08-09 19:47:20,951] Trial 231 finished with values: [0.8325096295282078, 0.21912350597609562] and parameters: {'psi': 0.8719348547319263}.
[I 2025-08-09 19:47:29,079] Trial 232 finished with values: [0.8271134805788272, 0.22310440651052005] and parameters: {'psi': 0.9093430867311968}.
[I 2025-08-09 19:47:37,203] Trial 233 finished with values: [0.8356091443197907, 0.21991203518592564] and parameters: {'psi': 0.7877041713194248}.
[I 2025-08-09 19:47:45,340] Trial 234 finished with values: [0.8278244054118271, 0.2430200550530869] and parameters: {'psi': 0.08599702446970336}.
[I 2025-08-09 19:47:53,457] Trial 235 finished with values: [0.8335866449412634, 0.24050137093615354] and parameters: {'psi': 0.45395666312532457}.
[I 2025-08-09 19:48:01,583] Trial 236 finished with values: [0.8280393140629725, 0.24282907662082515] and parameters: {'psi': 0.09322837824739327}.
[I 2025-08-09 19:48:09,647] Trial 237 finished with values: [0.8287558593562228, 0.24204322200392928] and parameters: {'psi': 0.12188645073301829}.
[I 2025-08-09 19:48:17,716] Trial 238 finished with values: [0.8357692217891721, 0.23025009924573242] and parameters: {'psi': 0.7334836295876709}.
[I 2025-08-09 19:48:25,853] Trial 239 finished with values: [0.835619603446948, 0.21991203518592564] and parameters: {'psi': 0.7855939305028065}.
[I 2025-08-09 19:48:33,973] Trial 240 finished with values: [0.8357304279357158, 0.23987416437278805] and parameters: {'psi': 0.6484570055457196}.
[I 2025-08-09 19:48:42,142] Trial 241 finished with values: [0.832587914510264, 0.21912350597609562] and parameters: {'psi': 0.8712203229786337}.
[I 2025-08-09 19:48:50,243] Trial 242 finished with values: [0.8358016556481346, 0.23867664434816857] and parameters: {'psi': 0.674093111041169}.
[I 2025-08-09 19:48:58,349] Trial 243 finished with values: [0.824116359585637, 0.22918318794607453] and parameters: {'psi': 0.9393265888395635}.
[I 2025-08-09 19:49:06,443] Trial 244 finished with values: [0.8327111843038717, 0.24119028974158183] and parameters: {'psi': 0.3877171581288713}.
[I 2025-08-09 19:49:14,505] Trial 245 finished with values: [0.8356313937357435, 0.22] and parameters: {'psi': 0.7835912270759872}.
[I 2025-08-09 19:49:22,678] Trial 246 finished with values: [0.8289351013272843, 0.2412573673870334] and parameters: {'psi': 0.13040969494654608}.
[I 2025-08-09 19:49:30,778] Trial 247 finished with values: [0.833018978455994, 0.24050137093615354] and parameters: {'psi': 0.4114017674209959}.
[I 2025-08-09 19:49:38,874] Trial 248 finished with values: [0.8265502935581178, 0.2424960505529226] and parameters: {'psi': 0.05390302549212411}.
[I 2025-08-09 19:49:46,988] Trial 249 finished with values: [0.8349553326599346, 0.2205353575709149] and parameters: {'psi': 0.8336138545362791}.
[I 2025-08-09 19:49:55,081] Trial 250 finished with values: [0.8308378595470226, 0.23990591924735397] and parameters: {'psi': 0.24402941123787503}.
[I 2025-08-09 19:50:03,229] Trial 251 finished with values: [0.8317486065326017, 0.2197452229299363] and parameters: {'psi': 0.8785815958886869}.
[I 2025-08-09 19:50:11,342] Trial 252 finished with values: [0.8328335243972874, 0.21912350597609562] and parameters: {'psi': 0.8688545773097258}.
[I 2025-08-09 19:50:19,481] Trial 253 finished with values: [0.8292244493824201, 0.24106792304672164] and parameters: {'psi': 0.14475329625558686}.
[I 2025-08-09 19:50:27,686] Trial 254 finished with values: [0.8295017958532623, 0.24097331240188383] and parameters: {'psi': 0.15941195123094132}.
[I 2025-08-09 19:50:35,801] Trial 255 finished with values: [0.8291091454290921, 0.24116260801256872] and parameters: {'psi': 0.13890318209841945}.
[I 2025-08-09 19:50:43,927] Trial 256 finished with values: [0.8327345958450642, 0.21912350597609562] and parameters: {'psi': 0.8698163499516135}.
[I 2025-08-09 19:50:51,990] Trial 257 finished with values: [0.8328839395031409, 0.24119028974158183] and parameters: {'psi': 0.4005202327548485}.
[I 2025-08-09 19:51:00,104] Trial 258 finished with values: [0.828287184811826, 0.24282907662082515] and parameters: {'psi': 0.10221163185679238}.
[I 2025-08-09 19:51:08,209] Trial 259 finished with values: [0.8264465263389875, 0.22310440651052005] and parameters: {'psi': 0.9137752487930269}.
[I 2025-08-09 19:51:16,344] Trial 260 finished with values: [0.8357121931342274, 0.2251497005988024] and parameters: {'psi': 0.7603135338614274}.
[I 2025-08-09 19:51:24,459] Trial 261 finished with values: [0.8296366446401675, 0.24097331240188383] and parameters: {'psi': 0.16687585172359354}.
[I 2025-08-09 19:51:32,558] Trial 262 finished with values: [0.8357137778504635, 0.22585794094173983] and parameters: {'psi': 0.7591297318905343}.
[I 2025-08-09 19:51:40,656] Trial 263 finished with values: [0.8357545578816021, 0.2289348171701113] and parameters: {'psi': 0.7412836085526493}.
[I 2025-08-09 19:51:48,784] Trial 264 finished with values: [0.8310988517463098, 0.24050137093615354] and parameters: {'psi': 0.26255594191565335}.
[I 2025-08-09 19:51:56,922] Trial 265 finished with values: [0.8301097141309253, 0.2407843137254902] and parameters: {'psi': 0.19560300745051962}.
[I 2025-08-09 19:52:05,036] Trial 266 finished with values: [0.8353706550910541, 0.2192] and parameters: {'psi': 0.8145740280677849}.
[I 2025-08-09 19:52:13,136] Trial 267 finished with values: [0.835746993502769, 0.23996852871754523] and parameters: {'psi': 0.6533466006017769}.
[I 2025-08-09 19:52:21,265] Trial 268 finished with values: [0.8349755747686552, 0.2205353575709149] and parameters: {'psi': 0.8329211880333204}.
[I 2025-08-09 19:52:29,333] Trial 269 finished with values: [0.8302293919010647, 0.24] and parameters: {'psi': 0.20333713660462582}.
[I 2025-08-09 19:52:37,435] Trial 270 finished with values: [0.8274913191885787, 0.22239872915011913] and parameters: {'psi': 0.9069267654104454}.
[I 2025-08-09 19:52:45,561] Trial 271 finished with values: [0.8314175064870359, 0.23971797884841364] and parameters: {'psi': 0.2862362317426651}.
[I 2025-08-09 19:52:53,674] Trial 272 finished with values: [0.831338735525334, 0.23971797884841364] and parameters: {'psi': 0.2801219363682086}.
[I 2025-08-09 19:53:01,821] Trial 273 finished with values: [0.8358156222805609, 0.23677979479084452] and parameters: {'psi': 0.6913584937495311}.
[I 2025-08-09 19:53:09,915] Trial 274 finished with values: [0.8342997883769939, 0.24068992551940416] and parameters: {'psi': 0.5063123876842804}.
[I 2025-08-09 19:53:18,037] Trial 275 finished with values: [0.8353170071640796, 0.2191123550579768] and parameters: {'psi': 0.8180051099212163}.
[I 2025-08-09 19:53:26,107] Trial 276 finished with values: [0.8358141854711738, 0.23766285037504936] and parameters: {'psi': 0.6949543942242595}.
[I 2025-08-09 19:53:34,237] Trial 277 finished with values: [0.8332459520800826, 0.24050137093615354] and parameters: {'psi': 0.42861483629568686}.
[I 2025-08-09 19:53:42,358] Trial 278 finished with values: [0.8323948538136248, 0.240407204385278] and parameters: {'psi': 0.36273554325238544}.
[I 2025-08-09 19:53:50,480] Trial 279 finished with values: [0.8352360175996472, 0.2421630094043887] and parameters: {'psi': 0.5826347236701982}.
[I 2025-08-09 19:53:58,550] Trial 280 finished with values: [0.8321237616895273, 0.240407204385278] and parameters: {'psi': 0.34112577935598665}.
[I 2025-08-09 19:54:06,665] Trial 281 finished with values: [0.8309509237680707, 0.23990591924735397] and parameters: {'psi': 0.25200497688599144}.
[I 2025-08-09 19:54:14,794] Trial 282 finished with values: [0.8301487615389792, 0.24] and parameters: {'psi': 0.19805008142264047}.
[I 2025-08-09 19:54:22,886] Trial 283 finished with values: [0.8335787424896336, 0.24050137093615354] and parameters: {'psi': 0.45336775078743674}.
[I 2025-08-09 19:54:30,986] Trial 284 finished with values: [0.834719315588526, 0.2407843137254902] and parameters: {'psi': 0.5381984996734072}.
[I 2025-08-09 19:54:39,076] Trial 285 finished with values: [0.8298820432316927, 0.24087877599058455] and parameters: {'psi': 0.18146259825144306}.
[I 2025-08-09 19:54:47,204] Trial 286 finished with values: [0.8135174393267619, 0.242274412855377] and parameters: {'psi': 0.003837865441604693}.
[I 2025-08-09 19:54:55,330] Trial 287 finished with values: [0.8355740270080019, 0.21982414068745004] and parameters: {'psi': 0.7935933291919703}.
[I 2025-08-09 19:55:03,470] Trial 288 finished with values: [0.8318806662189315, 0.240407204385278] and parameters: {'psi': 0.322327556070681}.
[I 2025-08-09 19:55:11,594] Trial 289 finished with values: [0.8290566596273572, 0.24116260801256872] and parameters: {'psi': 0.13629956006101063}.
[I 2025-08-09 19:55:19,713] Trial 290 finished with values: [0.83353739196065, 0.24050137093615354] and parameters: {'psi': 0.45029517839336963}.
[I 2025-08-09 19:55:27,833] Trial 291 finished with values: [0.8356750473856568, 0.24047151277013754] and parameters: {'psi': 0.6374518583189209}.
[I 2025-08-09 19:55:35,909] Trial 292 finished with values: [0.8344019074912389, 0.2202713487629689] and parameters: {'psi': 0.8472412763584368}.
[I 2025-08-09 19:55:44,047] Trial 293 finished with values: [0.8326170732890056, 0.24050137093615354] and parameters: {'psi': 0.38025510953523745}.
[I 2025-08-09 19:55:52,142] Trial 294 finished with values: [0.8354842052917478, 0.21991203518592564] and parameters: {'psi': 0.8049361927477576}.
[I 2025-08-09 19:56:00,262] Trial 295 finished with values: [0.8329599002347176, 0.24050137093615354] and parameters: {'psi': 0.406531423294757}.
[I 2025-08-09 19:56:08,375] Trial 296 finished with values: [0.8304048094236102, 0.23990591924735397] and parameters: {'psi': 0.21447166792153727}.
[I 2025-08-09 19:56:16,497] Trial 297 finished with values: [0.8276378948756299, 0.22169249106078665] and parameters: {'psi': 0.9059988573230953}.
[I 2025-08-09 19:56:24,608] Trial 298 finished with values: [0.8270968727526743, 0.2445587653343886] and parameters: {'psi': 0.9992447743513843}.
[I 2025-08-09 19:56:32,729] Trial 299 finished with values: [0.835708072872014, 0.23987416437278805] and parameters: {'psi': 0.6438254050920157}.
[I 2025-08-09 19:56:40,843] Trial 300 finished with values: [0.8354761338037193, 0.2407843137254902] and parameters: {'psi': 0.6080138134511237}.
