[I 2025-08-09 19:00:53,049] Trial 150 finished with values: [0.5270199573514615, 0.05955188679245283] and parameters: {'psi': 0.21063866743471837}.
[I 2025-08-09 19:00:58,477] Trial 151 finished with values: [0.5266098837085482, 0.05956944854025361] and parameters: {'psi': 0.239384294114955}.
[I 2025-08-09 19:01:04,017] Trial 152 finished with values: [0.5222824751065321, 0.05957700327673518] and parameters: {'psi': 0.9056737147991737}.
[I 2025-08-09 19:01:09,458] Trial 153 finished with values: [0.521599295326962, 0.05901639344262295] and parameters: {'psi': 0.8795981091812295}.
[I 2025-08-09 19:01:14,917] Trial 154 finished with values: [0.5220177761392725, 0.058049072411729505] and parameters: {'psi': 0.7455855050984042}.
[I 2025-08-09 19:01:20,360] Trial 155 finished with values: [0.5223388386647446, 0.05745062836624776] and parameters: {'psi': 0.7317380322480298}.
[I 2025-08-09 19:01:25,815] Trial 156 finished with values: [0.5232037959943001, 0.05782414307004471] and parameters: {'psi': 0.6857915974930334}.
[I 2025-08-09 19:01:31,243] Trial 157 finished with values: [0.5221989447192412, 0.05959475566150179] and parameters: {'psi': 0.8975871680942354}.
[I 2025-08-09 19:01:36,695] Trial 158 finished with values: [0.5294581210558302, 0.06008836524300442] and parameters: {'psi': 0.10015763031345737}.
[I 2025-08-09 19:01:42,134] Trial 159 finished with values: [0.5222754381196725, 0.05959475566150179] and parameters: {'psi': 0.9020755857444164}.
[I 2025-08-09 19:01:47,583] Trial 160 finished with values: [0.5212690644195719, 0.05726215329555622] and parameters: {'psi': 0.8714319810111663}.
[I 2025-08-09 19:01:53,017] Trial 161 finished with values: [0.5207546877454645, 0.05992287155146841] and parameters: {'psi': 0.9791271907395124}.
[I 2025-08-09 19:01:58,456] Trial 162 finished with values: [0.5251963289731136, 0.0579538734476641] and parameters: {'psi': 0.4579436373916379}.
[I 2025-08-09 19:02:03,900] Trial 163 finished with values: [0.5217955697465116, 0.05748502994011976] and parameters: {'psi': 0.7554517305558459}.
[I 2025-08-09 19:02:09,329] Trial 164 finished with values: [0.5230667269930409, 0.057279236276849645] and parameters: {'psi': 0.694495256491028}.
[I 2025-08-09 19:02:14,767] Trial 165 finished with values: [0.5252428644318899, 0.057936742536210464] and parameters: {'psi': 0.44647903012935575}.
[I 2025-08-09 19:02:20,204] Trial 166 finished with values: [0.5237358158830578, 0.058841010401188706] and parameters: {'psi': 0.6477472616030006}.
[I 2025-08-09 19:02:25,642] Trial 167 finished with values: [0.5258352907631377, 0.05901445854234287] and parameters: {'psi': 0.3161081000422242}.
[I 2025-08-09 19:02:31,088] Trial 168 finished with values: [0.5233471915173995, 0.058368076235854674] and parameters: {'psi': 0.6766633618064615}.
[I 2025-08-09 19:02:36,530] Trial 169 finished with values: [0.5441442957161108, 0.06055261610817166] and parameters: {'psi': 0.028915827918627124}.
[I 2025-08-09 19:02:41,959] Trial 170 finished with values: [0.5236940168577449, 0.058841010401188706] and parameters: {'psi': 0.651194057331866}.
[I 2025-08-09 19:02:47,394] Trial 171 finished with values: [0.5220884166612099, 0.05961251862891207] and parameters: {'psi': 0.893104062725054}.
[I 2025-08-09 19:02:52,859] Trial 172 finished with values: [0.5250307060444046, 0.057971014492753624] and parameters: {'psi': 0.4933125547129481}.
[I 2025-08-09 19:02:58,295] Trial 173 finished with values: [0.5255360665790979, 0.05790251107828656] and parameters: {'psi': 0.37635347697024957}.
[I 2025-08-09 19:03:03,738] Trial 174 finished with values: [0.5207546200821294, 0.060498220640569395] and parameters: {'psi': 0.9758267014844598}.
[I 2025-08-09 19:03:09,166] Trial 175 finished with values: [0.5256475757554895, 0.05845881310894597] and parameters: {'psi': 0.35159012552715896}.
[I 2025-08-09 19:03:14,611] Trial 176 finished with values: [0.5313184567935182, 0.06001765225066196] and parameters: {'psi': 0.0713433995193321}.
[I 2025-08-09 19:03:20,058] Trial 177 finished with values: [0.5225974141001696, 0.05799701046337818] and parameters: {'psi': 0.7196452615863955}.
[I 2025-08-09 19:03:25,497] Trial 178 finished with values: [0.5213746023066329, 0.05686920083807243] and parameters: {'psi': 0.7751112514916743}.
[I 2025-08-09 19:03:30,939] Trial 179 finished with values: [0.5263906375867019, 0.05958702064896755] and parameters: {'psi': 0.2581635274695401}.
[I 2025-08-09 19:03:36,387] Trial 180 finished with values: [0.5219465435631523, 0.05963029218843172] and parameters: {'psi': 0.8887496196535191}.
[I 2025-08-09 19:03:41,819] Trial 181 finished with values: [0.5234667864623461, 0.058876003568242644] and parameters: {'psi': 0.6686397983644566}.
[I 2025-08-09 19:03:47,247] Trial 182 finished with values: [0.5252317168974175, 0.057936742536210464] and parameters: {'psi': 0.44960595567597283}.
[I 2025-08-09 19:03:52,688] Trial 183 finished with values: [0.5271911794211573, 0.05955188679245283] and parameters: {'psi': 0.19880816308316507}.
[I 2025-08-09 19:03:58,113] Trial 184 finished with values: [0.5236229703557963, 0.058841010401188706] and parameters: {'psi': 0.6569403472860066}.
[I 2025-08-09 19:04:03,549] Trial 185 finished with values: [0.5449694839204089, 0.061122538936232734] and parameters: {'psi': 0.02797132488758114}.
[I 2025-08-09 19:04:08,998] Trial 186 finished with values: [0.5402171326575718, 0.06060606060606061] and parameters: {'psi': 0.03458392432395774}.
[I 2025-08-09 19:04:14,419] Trial 187 finished with values: [0.5261470834116888, 0.058997050147492625] and parameters: {'psi': 0.28118631048952814}.
[I 2025-08-09 19:04:19,854] Trial 188 finished with values: [0.5248374257274371, 0.05736250739207569] and parameters: {'psi': 0.5276554053296566}.
[I 2025-08-09 19:04:25,282] Trial 189 finished with values: [0.5227908635754751, 0.057927739623768286] and parameters: {'psi': 0.7096656186854131}.
[I 2025-08-09 19:04:30,713] Trial 190 finished with values: [0.525822925288632, 0.05901445854234287] and parameters: {'psi': 0.31779447621481427}.
[I 2025-08-09 19:04:36,146] Trial 191 finished with values: [0.5256296957191657, 0.05845881310894597] and parameters: {'psi': 0.3555833476871456}.
[I 2025-08-09 19:04:41,570] Trial 192 finished with values: [0.520825074529895, 0.0599584446423271] and parameters: {'psi': 0.9841544628475388}.
[I 2025-08-09 19:04:47,011] Trial 193 finished with values: [0.5252187932003964, 0.057936742536210464] and parameters: {'psi': 0.4527709362319322}.
[I 2025-08-09 19:04:52,449] Trial 194 finished with values: [0.5282133863416922, 0.06067746686303387] and parameters: {'psi': 0.14237152557323973}.
[I 2025-08-09 19:04:57,894] Trial 195 finished with values: [0.5291098409537782, 0.06007067137809187] and parameters: {'psi': 0.10917872448850696}.
[I 2025-08-09 19:05:03,327] Trial 196 finished with values: [0.5254955193254858, 0.05790251107828656] and parameters: {'psi': 0.38648368326519467}.
[I 2025-08-09 19:05:08,771] Trial 197 finished with values: [0.5221858856955497, 0.05959475566150179] and parameters: {'psi': 0.8969382921360273}.
[I 2025-08-09 19:05:14,214] Trial 198 finished with values: [0.5287116591420244, 0.06064174271415955] and parameters: {'psi': 0.1218332606318977}.
[I 2025-08-09 19:05:19,645] Trial 199 finished with values: [0.5274070592920781, 0.05953433539640436] and parameters: {'psi': 0.18506077365665774}.
[I 2025-08-09 19:05:25,081] Trial 200 finished with values: [0.5219404031154838, 0.05963029218843172] and parameters: {'psi': 0.8885593421974493}.
[I 2025-08-09 19:05:30,520] Trial 201 finished with values: [0.5231782023377649, 0.058420268256333834] and parameters: {'psi': 0.687349743138277}.
[I 2025-08-09 19:05:36,050] Trial 202 finished with values: [0.5208500423005797, 0.059329575793533075] and parameters: {'psi': 0.967662863154436}.
[I 2025-08-09 19:05:41,478] Trial 203 finished with values: [0.5278567667335784, 0.06067746686303387] and parameters: {'psi': 0.15973785656857764}.
[I 2025-08-09 19:05:46,916] Trial 204 finished with values: [0.5210429843008714, 0.059329575793533075] and parameters: {'psi': 0.9587783773390289}.
[I 2025-08-09 19:05:52,356] Trial 205 finished with values: [0.524491496926283, 0.058545239503252515] and parameters: {'psi': 0.5745580927739448}.
[I 2025-08-09 19:05:57,798] Trial 206 finished with values: [0.5249654955051162, 0.05734555128584097] and parameters: {'psi': 0.5063393618933438}.
[I 2025-08-09 19:06:03,264] Trial 207 finished with values: [0.5210451495275974, 0.056835177983846845] and parameters: {'psi': 0.791649522826671}.
[I 2025-08-09 19:06:08,703] Trial 208 finished with values: [0.5250879492259746, 0.05737947352854185] and parameters: {'psi': 0.48245060607171786}.
[I 2025-08-09 19:06:14,132] Trial 209 finished with values: [0.5250433760039188, 0.05737947352854185] and parameters: {'psi': 0.49087467419808306}.
[I 2025-08-09 19:06:19,582] Trial 210 finished with values: [0.5271069893163485, 0.05955188679245283] and parameters: {'psi': 0.204498583717175}.
[I 2025-08-09 19:06:25,013] Trial 211 finished with values: [0.5205403302995857, 0.05734767025089606] and parameters: {'psi': 0.8317916197272756}.
[I 2025-08-09 19:06:30,465] Trial 212 finished with values: [0.5214686205108782, 0.058420268256333834] and parameters: {'psi': 0.8763004142699274}.
[I 2025-08-09 19:06:35,918] Trial 213 finished with values: [0.5226055167845585, 0.05799701046337818] and parameters: {'psi': 0.7192675124587335}.
[I 2025-08-09 19:06:41,342] Trial 214 finished with values: [0.5222077747844833, 0.05959475566150179] and parameters: {'psi': 0.8981405470679905}.
[I 2025-08-09 19:06:46,773] Trial 215 finished with values: [0.5249597102899575, 0.05734555128584097] and parameters: {'psi': 0.5071772437723019}.
[I 2025-08-09 19:06:52,221] Trial 216 finished with values: [0.5249950982142614, 0.0579538734476641] and parameters: {'psi': 0.5005276224535092}.
[I 2025-08-09 19:06:57,642] Trial 217 finished with values: [0.5262715332009353, 0.05958702064896755] and parameters: {'psi': 0.2691652256629238}.
[I 2025-08-09 19:07:03,062] Trial 218 finished with values: [0.5248203576511357, 0.05736250739207569] and parameters: {'psi': 0.5303408711797224}.
[I 2025-08-09 19:07:08,500] Trial 219 finished with values: [0.5255224831645586, 0.05790251107828656] and parameters: {'psi': 0.37995401308522725}.
[I 2025-08-09 19:07:13,927] Trial 220 finished with values: [0.5226557060634349, 0.05738194859533772] and parameters: {'psi': 0.7167659258463432}.
[I 2025-08-09 19:07:19,362] Trial 221 finished with values: [0.530215003123255, 0.06001765225066196] and parameters: {'psi': 0.08551809175185043}.
[I 2025-08-09 19:07:24,801] Trial 222 finished with values: [0.522895335765007, 0.05791044776119403] and parameters: {'psi': 0.7040123172950878}.
[I 2025-08-09 19:07:30,231] Trial 223 finished with values: [0.5253072630111562, 0.0579538734476641] and parameters: {'psi': 0.43222950218496436}.
[I 2025-08-09 19:07:35,668] Trial 224 finished with values: [0.521699420147208, 0.05961251862891207] and parameters: {'psi': 0.8819925918109168}.
[I 2025-08-09 19:07:41,088] Trial 225 finished with values: [0.5298360546145287, 0.060052987930526935] and parameters: {'psi': 0.09218275649621699}.
[I 2025-08-09 19:07:46,526] Trial 226 finished with values: [0.528180197475782, 0.06067746686303387] and parameters: {'psi': 0.1438555885084426}.
[I 2025-08-09 19:07:51,962] Trial 227 finished with values: [0.5239018786234456, 0.058160237388724036] and parameters: {'psi': 0.6341270044403857}.
[I 2025-08-09 19:07:57,383] Trial 228 finished with values: [0.526095760771948, 0.05958702064896755] and parameters: {'psi': 0.28645422412757093}.
[I 2025-08-09 19:08:02,823] Trial 229 finished with values: [0.5251634107605442, 0.05737947352854185] and parameters: {'psi': 0.46513502090945313}.
[I 2025-08-09 19:08:08,262] Trial 230 finished with values: [0.5251179748309648, 0.05737947352854185] and parameters: {'psi': 0.4755701521606607}.
[I 2025-08-09 19:08:13,684] Trial 231 finished with values: [0.5300645706132958, 0.06003531489111242] and parameters: {'psi': 0.08797210549328816}.
[I 2025-08-09 19:08:19,122] Trial 232 finished with values: [0.5255688325491632, 0.057885410513880686] and parameters: {'psi': 0.36880569461836255}.
[I 2025-08-09 19:08:24,559] Trial 233 finished with values: [0.5214210024387389, 0.05686920083807243] and parameters: {'psi': 0.7728953987636109}.
[I 2025-08-09 19:08:29,992] Trial 234 finished with values: [0.5454901025371873, 0.061122538936232734] and parameters: {'psi': 0.027412790213678706}.
[I 2025-08-09 19:08:35,431] Trial 235 finished with values: [0.5248084827358099, 0.05736250739207569] and parameters: {'psi': 0.5319832176927441}.
[I 2025-08-09 19:08:40,854] Trial 236 finished with values: [0.5212575447367559, 0.05936479667557139] and parameters: {'psi': 0.950119045520568}.
[I 2025-08-09 19:08:46,279] Trial 237 finished with values: [0.5246622453526326, 0.05736250739207569] and parameters: {'psi': 0.5526429104758839}.
[I 2025-08-09 19:08:51,701] Trial 238 finished with values: [0.524666051415237, 0.05736250739207569] and parameters: {'psi': 0.55233663258653}.
[I 2025-08-09 19:08:57,130] Trial 239 finished with values: [0.5207788097244594, 0.056818181818181816] and parameters: {'psi': 0.8066831653416454}.
[I 2025-08-09 19:09:02,574] Trial 240 finished with values: [0.5257006238102777, 0.05786832004723944] and parameters: {'psi': 0.33952551354590144}.
[I 2025-08-09 19:09:08,000] Trial 241 finished with values: [0.5241440287842535, 0.058056872037914695] and parameters: {'psi': 0.6117486581420724}.
[I 2025-08-09 19:09:13,426] Trial 242 finished with values: [0.5221898440006583, 0.059470710674992565] and parameters: {'psi': 0.9172366748069625}.
[I 2025-08-09 19:09:18,874] Trial 243 finished with values: [0.5327233675378823, 0.060588235294117644] and parameters: {'psi': 0.05964699687850206}.
[I 2025-08-09 19:09:24,294] Trial 244 finished with values: [0.5259715308885409, 0.05901445854234287] and parameters: {'psi': 0.2999323861894514}.
[I 2025-08-09 19:09:29,722] Trial 245 finished with values: [0.522182451781289, 0.0594883997620464] and parameters: {'psi': 0.9177189998113854}.
[I 2025-08-09 19:09:35,152] Trial 246 finished with values: [0.5216499582491848, 0.06164789567279194] and parameters: {'psi': 0.9991805224867164}.
[I 2025-08-09 19:09:40,567] Trial 247 finished with values: [0.5236717556204676, 0.058841010401188706] and parameters: {'psi': 0.6531698865858895}.
[I 2025-08-09 19:09:46,013] Trial 248 finished with values: [0.538593331023871, 0.060570420464569244] and parameters: {'psi': 0.03775984798180032}.
[I 2025-08-09 19:09:51,444] Trial 249 finished with values: [0.5250198799107744, 0.057971014492753624] and parameters: {'psi': 0.4956311884396979}.
[I 2025-08-09 19:09:56,870] Trial 250 finished with values: [0.5241790445602138, 0.05807407407407408] and parameters: {'psi': 0.6080617258355105}.
[I 2025-08-09 19:10:02,293] Trial 251 finished with values: [0.5210669202056946, 0.056835177983846845] and parameters: {'psi': 0.7905457805174335}.
[I 2025-08-09 19:10:07,729] Trial 252 finished with values: [0.5243143204830906, 0.05803968018951732] and parameters: {'psi': 0.5942583536597684}.
[I 2025-08-09 19:10:13,140] Trial 253 finished with values: [0.5215104871995264, 0.05748502994011976] and parameters: {'psi': 0.7684866983392004}.
[I 2025-08-09 19:10:18,670] Trial 254 finished with values: [0.5290322649399841, 0.06007067137809187] and parameters: {'psi': 0.11144275480352783}.
[I 2025-08-09 19:10:24,100] Trial 255 finished with values: [0.525541395066744, 0.05790251107828656] and parameters: {'psi': 0.37490478261584015}.
[I 2025-08-09 19:10:29,521] Trial 256 finished with values: [0.5279583293996972, 0.06067746686303387] and parameters: {'psi': 0.15462654041556712}.
[I 2025-08-09 19:10:34,943] Trial 257 finished with values: [0.5243648480786429, 0.05800532701982835] and parameters: {'psi': 0.588426781956161}.
[I 2025-08-09 19:10:40,381] Trial 258 finished with values: [0.5353595818243493, 0.060588235294117644] and parameters: {'psi': 0.0468033617881598}.
[I 2025-08-09 19:10:45,809] Trial 259 finished with values: [0.521463630339908, 0.05746782400478898] and parameters: {'psi': 0.7707515987542104}.
[I 2025-08-09 19:10:51,251] Trial 260 finished with values: [0.6445196394606548, 0.07374890254609306] and parameters: {'psi': 0.0032568692003963617}.
[I 2025-08-09 19:10:56,681] Trial 261 finished with values: [0.5241993435607705, 0.058056872037914695] and parameters: {'psi': 0.6057575861454397}.
[I 2025-08-09 19:11:02,124] Trial 262 finished with values: [0.5285621400870905, 0.06065959952885748] and parameters: {'psi': 0.12741524120610415}.
[I 2025-08-09 19:11:07,538] Trial 263 finished with values: [0.5256649314009654, 0.05845881310894597] and parameters: {'psi': 0.3473180728951679}.
[I 2025-08-09 19:11:12,957] Trial 264 finished with values: [0.5246587437750366, 0.05736250739207569] and parameters: {'psi': 0.5531193594775274}.
[I 2025-08-09 19:11:18,393] Trial 265 finished with values: [0.5232688373752505, 0.058402860548271755] and parameters: {'psi': 0.681545270267412}.
[I 2025-08-09 19:11:23,825] Trial 266 finished with values: [0.5216832147784303, 0.05961251862891207] and parameters: {'psi': 0.8815515470673109}.
[I 2025-08-09 19:11:29,279] Trial 267 finished with values: [0.5272672668415775, 0.05953433539640436] and parameters: {'psi': 0.1938116449067142}.
[I 2025-08-09 19:11:34,718] Trial 268 finished with values: [0.5210134661708951, 0.05992287155146841] and parameters: {'psi': 0.9600272254733258}.
[I 2025-08-09 19:11:40,155] Trial 269 finished with values: [0.5212587626767893, 0.05936479667557139] and parameters: {'psi': 0.9500752932071578}.
[I 2025-08-09 19:11:45,588] Trial 270 finished with values: [0.6130332338112807, 0.06906643254316652] and parameters: {'psi': 0.006180124159636535}.
[I 2025-08-09 19:11:51,018] Trial 271 finished with values: [0.5253448499938536, 0.0579538734476641] and parameters: {'psi': 0.42282603685767206}.
[I 2025-08-09 19:11:56,467] Trial 272 finished with values: [0.562263961741391, 0.06215186162415714] and parameters: {'psi': 0.016630052842930065}.
[I 2025-08-09 19:12:01,900] Trial 273 finished with values: [0.5421696427736209, 0.060570420464569244] and parameters: {'psi': 0.03148664449094807}.
[I 2025-08-09 19:12:07,315] Trial 274 finished with values: [0.5432321262944271, 0.06055261610817166] and parameters: {'psi': 0.03005020311771678}.
[I 2025-08-09 19:12:12,754] Trial 275 finished with values: [0.5211246708622783, 0.05934718100890208] and parameters: {'psi': 0.955100282363818}.
[I 2025-08-09 19:12:18,184] Trial 276 finished with values: [0.5234503104402277, 0.05889351576442594] and parameters: {'psi': 0.6697359749736603}.
[I 2025-08-09 19:12:23,595] Trial 277 finished with values: [0.5240423984547995, 0.058056872037914695] and parameters: {'psi': 0.6204513696430083}.
[I 2025-08-09 19:12:29,024] Trial 278 finished with values: [0.5219690247062688, 0.05806644717150554] and parameters: {'psi': 0.7479192589449364}.
[I 2025-08-09 19:12:34,476] Trial 279 finished with values: [0.5262096889125725, 0.058997050147492625] and parameters: {'psi': 0.27513714823880564}.
[I 2025-08-09 19:12:39,909] Trial 280 finished with values: [0.6645271294535436, 0.07766990291262135] and parameters: {'psi': 0.0018890413013378238}.
[I 2025-08-09 19:12:45,336] Trial 281 finished with values: [0.5213399248473485, 0.05686920083807243] and parameters: {'psi': 0.7766939993609109}.
[I 2025-08-09 19:12:50,764] Trial 282 finished with values: [0.5214618372615254, 0.05746782400478898] and parameters: {'psi': 0.770855583323639}.
[I 2025-08-09 19:12:56,190] Trial 283 finished with values: [0.5222469011080565, 0.05950609937518596] and parameters: {'psi': 0.9132694411104346}.
[I 2025-08-09 19:13:01,629] Trial 284 finished with values: [0.5212161347756202, 0.05685218432076601] and parameters: {'psi': 0.7828495300284175}.
[I 2025-08-09 19:13:07,064] Trial 285 finished with values: [0.5285427037940574, 0.06065959952885748] and parameters: {'psi': 0.12809665820740634}.
[I 2025-08-09 19:13:12,490] Trial 286 finished with values: [0.5228070181967515, 0.05733054643177068] and parameters: {'psi': 0.7087673916852613}.
[I 2025-08-09 19:13:17,913] Trial 287 finished with values: [0.5211318262599746, 0.056835177983846845] and parameters: {'psi': 0.7871025543818888}.
[I 2025-08-09 19:13:23,338] Trial 288 finished with values: [0.5221198801120728, 0.058858501783590964] and parameters: {'psi': 0.9206640223569726}.
[I 2025-08-09 19:13:28,775] Trial 289 finished with values: [0.5244584095553756, 0.057971014492753624] and parameters: {'psi': 0.5779832586681458}.
[I 2025-08-09 19:13:34,199] Trial 290 finished with values: [0.5250198460791069, 0.057971014492753624] and parameters: {'psi': 0.49572387035011256}.
[I 2025-08-09 19:13:39,619] Trial 291 finished with values: [0.5249526563872641, 0.05734555128584097] and parameters: {'psi': 0.508370412327265}.
[I 2025-08-09 19:13:45,032] Trial 292 finished with values: [0.5256867697423977, 0.05786832004723944] and parameters: {'psi': 0.3420158558342602}.
[I 2025-08-09 19:13:50,471] Trial 293 finished with values: [0.5215812630481341, 0.0594000594000594] and parameters: {'psi': 0.939464455266721}.
[I 2025-08-09 19:13:55,911] Trial 294 finished with values: [0.5226574314784822, 0.05738194859533772] and parameters: {'psi': 0.7166409245357217}.
[I 2025-08-09 19:14:01,347] Trial 295 finished with values: [0.5234226023044678, 0.05889351576442594] and parameters: {'psi': 0.6716050408505088}.
[I 2025-08-09 19:14:06,780] Trial 296 finished with values: [0.5207952011674091, 0.05741626794258373] and parameters: {'psi': 0.8056837991675925}.
[I 2025-08-09 19:14:12,209] Trial 297 finished with values: [0.525904594934205, 0.0590318772136954] and parameters: {'psi': 0.3074879181728951}.
[I 2025-08-09 19:14:17,642] Trial 298 finished with values: [0.5220719406390913, 0.05961251862891207] and parameters: {'psi': 0.8924750433665568}.
