[I 2025-08-09 18:47:32,420] Trial 151 finished with values: [0.8871497716359333, 0.2474747474747475] and parameters: {'psi': 0.6511818201801045}.
[I 2025-08-09 18:47:38,601] Trial 152 finished with values: [0.8871607690679533, 0.24853064651553317] and parameters: {'psi': 0.6391686638878333}.
[I 2025-08-09 18:47:44,698] Trial 153 finished with values: [0.8871489747205695, 0.2570480928689884] and parameters: {'psi': 0.5868353861047927}.
[I 2025-08-09 18:47:50,796] Trial 154 finished with values: [0.8863224937968108, 0.2708840227088402] and parameters: {'psi': 0.14766600270651498}.
[I 2025-08-09 18:47:56,895] Trial 155 finished with values: [0.8863797123199292, 0.2827140549273021] and parameters: {'psi': 0.06741510872054934}.
[I 2025-08-09 18:48:02,978] Trial 156 finished with values: [0.8866311391171963, 0.2595918367346939] and parameters: {'psi': 0.42198871513332425}.
[I 2025-08-09 18:48:09,057] Trial 157 finished with values: [0.8869911854785445, 0.25859247135842883] and parameters: {'psi': 0.5214977253140015}.
[I 2025-08-09 18:48:15,146] Trial 158 finished with values: [0.8869244836625975, 0.2581699346405229] and parameters: {'psi': 0.5035980002504529}.
[I 2025-08-09 18:48:21,243] Trial 159 finished with values: [0.882304685607326, 0.28665568369028005] and parameters: {'psi': 0.9740018404560228}.
[I 2025-08-09 18:48:27,332] Trial 160 finished with values: [0.886893882112629, 0.2581699346405229] and parameters: {'psi': 0.4962093773819827}.
[I 2025-08-09 18:48:33,417] Trial 161 finished with values: [0.881616867956862, 0.2630691399662732] and parameters: {'psi': 0.8567513767214459}.
[I 2025-08-09 18:48:39,502] Trial 162 finished with values: [0.8864397200468204, 0.2671009771986971] and parameters: {'psi': 0.35008390363223196}.
[I 2025-08-09 18:48:45,609] Trial 163 finished with values: [0.8862998614004799, 0.2708840227088402] and parameters: {'psi': 0.158508561323624}.
[I 2025-08-09 18:48:51,693] Trial 164 finished with values: [0.8864726326513439, 0.2656886715566422] and parameters: {'psi': 0.3641801160356274}.
[I 2025-08-09 18:48:57,773] Trial 165 finished with values: [0.8863180310707738, 0.26666666666666666] and parameters: {'psi': 0.2755446176982551}.
[I 2025-08-09 18:49:03,875] Trial 166 finished with values: [0.8864796455065449, 0.2548853016142736] and parameters: {'psi': 0.7695714596220995}.
[I 2025-08-09 18:49:09,956] Trial 167 finished with values: [0.8863937380303312, 0.2548853016142736] and parameters: {'psi': 0.774969269678162}.
[I 2025-08-09 18:49:16,040] Trial 168 finished with values: [0.8863314989404213, 0.26666666666666666] and parameters: {'psi': 0.28699239618710715}.
[I 2025-08-09 18:49:22,130] Trial 169 finished with values: [0.8777028181477392, 0.2714404662781016] and parameters: {'psi': 0.9044585888922698}.
[I 2025-08-09 18:49:28,223] Trial 170 finished with values: [0.8865497740585561, 0.2656886715566422] and parameters: {'psi': 0.3923223636533688}.
[I 2025-08-09 18:49:34,304] Trial 171 finished with values: [0.887160290918735, 0.24853064651553317] and parameters: {'psi': 0.6398729590453699}.
[I 2025-08-09 18:49:40,384] Trial 172 finished with values: [0.8866506635436084, 0.2595918367346939] and parameters: {'psi': 0.42833683502577113}.
[I 2025-08-09 18:49:46,459] Trial 173 finished with values: [0.8865871493891164, 0.2626427406199021] and parameters: {'psi': 0.4068191416453547}.
[I 2025-08-09 18:49:52,551] Trial 174 finished with values: [0.8863465606407964, 0.2783171521035599] and parameters: {'psi': 0.09023884366516499}.
[I 2025-08-09 18:49:58,644] Trial 175 finished with values: [0.8863713447086096, 0.2827140549273021] and parameters: {'psi': 0.07043992437662427}.
[I 2025-08-09 18:50:04,732] Trial 176 finished with values: [0.8863566814659163, 0.2548853016142736] and parameters: {'psi': 0.7771089808040157}.
[I 2025-08-09 18:50:10,809] Trial 177 finished with values: [0.8824985751153296, 0.2611625947767481] and parameters: {'psi': 0.848556146336403}.
[I 2025-08-09 18:50:16,888] Trial 178 finished with values: [0.8865149488571598, 0.2656886715566422] and parameters: {'psi': 0.3801371880270934}.
[I 2025-08-09 18:50:22,976] Trial 179 finished with values: [0.8871031520871532, 0.2483108108108108] and parameters: {'psi': 0.672043539969924}.
[I 2025-08-09 18:50:29,052] Trial 180 finished with values: [0.8863304629504485, 0.26666666666666666] and parameters: {'psi': 0.2847694211011895}.
[I 2025-08-09 18:50:35,138] Trial 181 finished with values: [0.8871449104522143, 0.25763831544178367] and parameters: {'psi': 0.5781654787808089}.
[I 2025-08-09 18:50:41,223] Trial 182 finished with values: [0.8864397200468204, 0.2671009771986971] and parameters: {'psi': 0.3504978438613605}.
[I 2025-08-09 18:50:47,314] Trial 183 finished with values: [0.8864176454912441, 0.2671009771986971] and parameters: {'psi': 0.34069640779001586}.
[I 2025-08-09 18:50:53,395] Trial 184 finished with values: [0.8871579001726437, 0.2529118136439268] and parameters: {'psi': 0.5995264334760884}.
[I 2025-08-09 18:50:59,482] Trial 185 finished with values: [0.8863621004903898, 0.2711038961038961] and parameters: {'psi': 0.12279247454400855}.
[I 2025-08-09 18:51:05,573] Trial 186 finished with values: [0.8865822085138612, 0.2626427406199021] and parameters: {'psi': 0.4048290950986486}.
[I 2025-08-09 18:51:11,666] Trial 187 finished with values: [0.8867665350374996, 0.252129471890971] and parameters: {'psi': 0.7450143907341379}.
[I 2025-08-09 18:51:17,756] Trial 188 finished with values: [0.878030190979173, 0.2746071133167907] and parameters: {'psi': 0.9366413866539286}.
[I 2025-08-09 18:51:23,841] Trial 189 finished with values: [0.8868828846806092, 0.2581699346405229] and parameters: {'psi': 0.4937526317681048}.
[I 2025-08-09 18:51:29,926] Trial 190 finished with values: [0.8865686609526773, 0.2626427406199021] and parameters: {'psi': 0.4006258642529644}.
[I 2025-08-09 18:51:36,012] Trial 191 finished with values: [0.8778934403027514, 0.26855713094245204] and parameters: {'psi': 0.8999840099205325}.
[I 2025-08-09 18:51:42,101] Trial 192 finished with values: [0.8847422903220048, 0.28923582580115037] and parameters: {'psi': 0.9878866331041718}.
[I 2025-08-09 18:51:48,196] Trial 193 finished with values: [0.887145468292969, 0.25806451612903225] and parameters: {'psi': 0.5819691960975341}.
[I 2025-08-09 18:51:54,285] Trial 194 finished with values: [0.8843789766076652, 0.26013513513513514] and parameters: {'psi': 0.8281559599822871}.
[I 2025-08-09 18:52:00,362] Trial 195 finished with values: [0.887072391154112, 0.2575881870385562] and parameters: {'psi': 0.5439259058343774}.
[I 2025-08-09 18:52:06,449] Trial 196 finished with values: [0.8871049053009535, 0.2575881870385562] and parameters: {'psi': 0.5564215127646973}.
[I 2025-08-09 18:52:12,544] Trial 197 finished with values: [0.8865805349915974, 0.2626427406199021] and parameters: {'psi': 0.40408725959091174}.
[I 2025-08-09 18:52:18,628] Trial 198 finished with values: [0.8870182806009124, 0.2588042588042588] and parameters: {'psi': 0.52899930260838}.
[I 2025-08-09 18:52:24,717] Trial 199 finished with values: [0.8863169153892645, 0.26666666666666666] and parameters: {'psi': 0.27524218538649814}.
[I 2025-08-09 18:52:30,805] Trial 200 finished with values: [0.8871134322953457, 0.2483108108108108] and parameters: {'psi': 0.6678488731756438}.
[I 2025-08-09 18:52:36,909] Trial 201 finished with values: [0.8863601082019805, 0.2824858757062147] and parameters: {'psi': 0.07724720984932998}.
[I 2025-08-09 18:52:43,102] Trial 202 finished with values: [0.887152002998952, 0.2474747474747475] and parameters: {'psi': 0.6473006848517074}.
[I 2025-08-09 18:52:49,216] Trial 203 finished with values: [0.886360028510444, 0.2711038961038961] and parameters: {'psi': 0.12072536439792037}.
[I 2025-08-09 18:52:55,303] Trial 204 finished with values: [0.8865798974593063, 0.2553191489361702] and parameters: {'psi': 0.7627176993803069}.
[I 2025-08-09 18:53:01,400] Trial 205 finished with values: [0.8859412494867864, 0.2576271186440678] and parameters: {'psi': 0.7969434477126626}.
[I 2025-08-09 18:53:07,477] Trial 206 finished with values: [0.8866334501717512, 0.2595918367346939] and parameters: {'psi': 0.42307854863125627}.
[I 2025-08-09 18:53:13,567] Trial 207 finished with values: [0.8775807307140108, 0.2726517040731505] and parameters: {'psi': 0.9260568410067717}.
[I 2025-08-09 18:53:19,649] Trial 208 finished with values: [0.8853862776274618, 0.2574089754445385] and parameters: {'psi': 0.8119403179505099}.
[I 2025-08-09 18:53:25,745] Trial 209 finished with values: [0.8871339927117309, 0.2584362139917695] and parameters: {'psi': 0.5700923998563665}.
[I 2025-08-09 18:53:31,817] Trial 210 finished with values: [0.8871553500434796, 0.25333333333333335] and parameters: {'psi': 0.6064953543489491}.
[I 2025-08-09 18:53:37,902] Trial 211 finished with values: [0.8871606096848805, 0.2518765638031693] and parameters: {'psi': 0.6140237380616882}.
[I 2025-08-09 18:53:43,984] Trial 212 finished with values: [0.8793828751176247, 0.2762613730355666] and parameters: {'psi': 0.9533823625853973}.
[I 2025-08-09 18:53:50,075] Trial 213 finished with values: [0.8797000474324025, 0.2651006711409396] and parameters: {'psi': 0.8754428160881523}.
[I 2025-08-09 18:53:56,155] Trial 214 finished with values: [0.886408082506879, 0.26688364524003255] and parameters: {'psi': 0.33615631634095255}.
[I 2025-08-09 18:54:02,246] Trial 215 finished with values: [0.8870464914047896, 0.2588042588042588] and parameters: {'psi': 0.5360041026309623}.
[I 2025-08-09 18:54:08,333] Trial 216 finished with values: [0.8865641982266402, 0.26405867970660146] and parameters: {'psi': 0.3990414562719893}.
[I 2025-08-09 18:54:14,428] Trial 217 finished with values: [0.8799110706207268, 0.2791081750619323] and parameters: {'psi': 0.9580141988469605}.
[I 2025-08-09 18:54:20,533] Trial 218 finished with values: [0.8863650490772359, 0.26525630593978844] and parameters: {'psi': 0.31022578890835595}.
[I 2025-08-09 18:54:26,636] Trial 219 finished with values: [0.886164146714031, 0.291497975708502] and parameters: {'psi': 0.020206324206413884}.
[I 2025-08-09 18:54:32,726] Trial 220 finished with values: [0.8865685812611409, 0.2626427406199021] and parameters: {'psi': 0.4006942459450402}.
[I 2025-08-09 18:54:38,833] Trial 221 finished with values: [0.8863264783736297, 0.26666666666666666] and parameters: {'psi': 0.2813268191703704}.
[I 2025-08-09 18:54:44,920] Trial 222 finished with values: [0.8863595503612258, 0.26525630593978844] and parameters: {'psi': 0.3054552350966251}.
[I 2025-08-09 18:54:51,019] Trial 223 finished with values: [0.886275316407276, 0.2696994313566206] and parameters: {'psi': 0.23279514326804207}.
[I 2025-08-09 18:54:57,110] Trial 224 finished with values: [0.8863142058770277, 0.26666666666666666] and parameters: {'psi': 0.27195598889750994}.
[I 2025-08-09 18:55:03,206] Trial 225 finished with values: [0.8862989847935797, 0.2708840227088402] and parameters: {'psi': 0.15883672085297096}.
[I 2025-08-09 18:55:09,310] Trial 226 finished with values: [0.8862820104963317, 0.2708840227088402] and parameters: {'psi': 0.16996164779028067}.
[I 2025-08-09 18:55:15,395] Trial 227 finished with values: [0.8864370105345836, 0.2671009771986971] and parameters: {'psi': 0.347984897895095}.
[I 2025-08-09 18:55:21,497] Trial 228 finished with values: [0.8863460028000417, 0.29055690072639223] and parameters: {'psi': 0.024384731650406444}.
[I 2025-08-09 18:55:27,598] Trial 229 finished with values: [0.886381385842193, 0.2841000807102502] and parameters: {'psi': 0.0671917305625761}.
[I 2025-08-09 18:55:33,726] Trial 230 finished with values: [0.8794149908067843, 0.2972749793559042] and parameters: {'psi': 0.006092139815014663}.
[I 2025-08-09 18:55:39,822] Trial 231 finished with values: [0.8799581683187254, 0.2791081750619323] and parameters: {'psi': 0.9583803540570017}.
[I 2025-08-09 18:55:45,913] Trial 232 finished with values: [0.8863314192488849, 0.26666666666666666] and parameters: {'psi': 0.28576611425279286}.
[I 2025-08-09 18:55:52,002] Trial 233 finished with values: [0.8865100079819044, 0.2656886715566422] and parameters: {'psi': 0.3779276061924288}.
[I 2025-08-09 18:55:58,102] Trial 234 finished with values: [0.879371080770241, 0.26487845766974016] and parameters: {'psi': 0.8790285693439195}.
[I 2025-08-09 18:56:04,198] Trial 235 finished with values: [0.8869081468976403, 0.2519148936170213] and parameters: {'psi': 0.7262286185364146}.
[I 2025-08-09 18:56:10,296] Trial 236 finished with values: [0.8862696583081933, 0.2711038961038961] and parameters: {'psi': 0.18511741774482748}.
[I 2025-08-09 18:56:16,399] Trial 237 finished with values: [0.8864319899677918, 0.2548853016142736] and parameters: {'psi': 0.7728057619039271}.
[I 2025-08-09 18:56:22,494] Trial 238 finished with values: [0.8869378718407088, 0.2581699346405229] and parameters: {'psi': 0.5071170024477399}.
[I 2025-08-09 18:56:28,588] Trial 239 finished with values: [0.8863269565228477, 0.26666666666666666] and parameters: {'psi': 0.28189407469426797}.
[I 2025-08-09 18:56:34,694] Trial 240 finished with values: [0.8864127843075251, 0.28894269572235676] and parameters: {'psi': 0.027608967210191127}.
[I 2025-08-09 18:56:40,808] Trial 241 finished with values: [0.8863573189982074, 0.2725060827250608] and parameters: {'psi': 0.11163839019207222}.
[I 2025-08-09 18:56:46,893] Trial 242 finished with values: [0.8867886095930757, 0.25795918367346937] and parameters: {'psi': 0.4695032215765369}.
[I 2025-08-09 18:56:52,986] Trial 243 finished with values: [0.8862705349150934, 0.2696994313566206] and parameters: {'psi': 0.22241338804718314}.
[I 2025-08-09 18:56:59,084] Trial 244 finished with values: [0.882948035380492, 0.26182432432432434] and parameters: {'psi': 0.8441671202466192}.
[I 2025-08-09 18:57:05,186] Trial 245 finished with values: [0.8837863903431709, 0.26013513513513514] and parameters: {'psi': 0.835275542075321}.
[I 2025-08-09 18:57:11,271] Trial 246 finished with values: [0.8869455222282009, 0.2581699346405229] and parameters: {'psi': 0.5084455261685513}.
[I 2025-08-09 18:57:17,362] Trial 247 finished with values: [0.8866462008175715, 0.25383304940374785] and parameters: {'psi': 0.7572549680568382}.
[I 2025-08-09 18:57:23,454] Trial 248 finished with values: [0.8867975350451501, 0.25938009787928223] and parameters: {'psi': 0.47209243347955654}.
[I 2025-08-09 18:57:29,559] Trial 249 finished with values: [0.8843023133496711, 0.2894736842105263] and parameters: {'psi': 0.9853629255495164}.
[I 2025-08-09 18:57:35,663] Trial 250 finished with values: [0.8863389102533045, 0.26666666666666666] and parameters: {'psi': 0.29094461350481626}.
[I 2025-08-09 18:57:41,765] Trial 251 finished with values: [0.8865324013036259, 0.2656886715566422] and parameters: {'psi': 0.38627222244480375}.
[I 2025-08-09 18:57:47,864] Trial 252 finished with values: [0.8864725529598075, 0.2656886715566422] and parameters: {'psi': 0.364231105359634}.
[I 2025-08-09 18:57:53,955] Trial 253 finished with values: [0.8870955016996611, 0.2483108108108108] and parameters: {'psi': 0.6749916064495902}.
[I 2025-08-09 18:58:00,151] Trial 254 finished with values: [0.8864287226148005, 0.2877930476960388] and parameters: {'psi': 0.044696791779813005}.
[I 2025-08-09 18:58:06,249] Trial 255 finished with values: [0.8863558845505526, 0.2739059967585089] and parameters: {'psi': 0.10588868250278605}.
[I 2025-08-09 18:58:12,345] Trial 256 finished with values: [0.8871142292107095, 0.25779967159277506] and parameters: {'psi': 0.560182872349368}.
[I 2025-08-09 18:58:18,444] Trial 257 finished with values: [0.8866556841104002, 0.2595918367346939] and parameters: {'psi': 0.43027475119059144}.
[I 2025-08-09 18:58:24,551] Trial 258 finished with values: [0.8862632829852833, 0.2711038961038961] and parameters: {'psi': 0.19146619645624674}.
[I 2025-08-09 18:58:30,643] Trial 259 finished with values: [0.8862935657691062, 0.2696994313566206] and parameters: {'psi': 0.2497840112849966}.
[I 2025-08-09 18:58:36,766] Trial 260 finished with values: [0.8734603595172095, 0.29925187032418954] and parameters: {'psi': 0.004104093625169836}.
[I 2025-08-09 18:58:42,865] Trial 261 finished with values: [0.8864085606560972, 0.2859450726978998] and parameters: {'psi': 0.05035095474904672}.
[I 2025-08-09 18:58:48,962] Trial 262 finished with values: [0.8866434913053347, 0.2595918367346939] and parameters: {'psi': 0.42619316119577666}.
[I 2025-08-09 18:58:55,070] Trial 263 finished with values: [0.8775176150172006, 0.27310574521232306] and parameters: {'psi': 0.9116926870680017}.
[I 2025-08-09 18:59:01,164] Trial 264 finished with values: [0.8867759386387922, 0.25938009787928223] and parameters: {'psi': 0.46637543538644144}.
[I 2025-08-09 18:59:07,261] Trial 265 finished with values: [0.8862675863282474, 0.2711038961038961] and parameters: {'psi': 0.2113717938977464}.
[I 2025-08-09 18:59:13,351] Trial 266 finished with values: [0.8869134862305776, 0.2581699346405229] and parameters: {'psi': 0.5004366696892998}.
[I 2025-08-09 18:59:19,442] Trial 267 finished with values: [0.8871587767795439, 0.2491638795986622] and parameters: {'psi': 0.6221371598144653}.
[I 2025-08-09 18:59:25,545] Trial 268 finished with values: [0.8797433996281911, 0.2651006711409396] and parameters: {'psi': 0.8749910048762605}.
[I 2025-08-09 18:59:31,637] Trial 269 finished with values: [0.8871590955456894, 0.24937238493723848] and parameters: {'psi': 0.6243803237309035}.
[I 2025-08-09 18:59:37,727] Trial 270 finished with values: [0.8871302472095212, 0.2478920741989882] and parameters: {'psi': 0.6586659799429458}.
[I 2025-08-09 18:59:43,822] Trial 271 finished with values: [0.8871021957887167, 0.2575881870385562] and parameters: {'psi': 0.5550259921424866}.
[I 2025-08-09 18:59:49,917] Trial 272 finished with values: [0.8864055323777149, 0.2859450726978998] and parameters: {'psi': 0.05113338690787628}.
[I 2025-08-09 18:59:56,012] Trial 273 finished with values: [0.8864196377796535, 0.2887096774193548] and parameters: {'psi': 0.02789077027801168}.
[I 2025-08-09 19:00:02,110] Trial 274 finished with values: [0.8804403818053383, 0.28217821782178215] and parameters: {'psi': 0.9619756106400131}.
[I 2025-08-09 19:00:08,204] Trial 275 finished with values: [0.8867785684594925, 0.25938009787928223] and parameters: {'psi': 0.4671706432995135}.
[I 2025-08-09 19:00:14,313] Trial 276 finished with values: [0.8863508639837608, 0.27692307692307694] and parameters: {'psi': 0.09654453320795509}.
[I 2025-08-09 19:00:20,409] Trial 277 finished with values: [0.886295637749052, 0.2548853016142736] and parameters: {'psi': 0.7808917418385916}.
[I 2025-08-09 19:00:26,499] Trial 278 finished with values: [0.887143555696096, 0.2476832350463353] and parameters: {'psi': 0.6541050194416665}.
[I 2025-08-09 19:00:32,601] Trial 279 finished with values: [0.8862677457113202, 0.2711038961038961] and parameters: {'psi': 0.21100624415461922}.
[I 2025-08-09 19:00:38,703] Trial 280 finished with values: [0.8870269669783772, 0.2588042588042588] and parameters: {'psi': 0.5307997678368893}.
[I 2025-08-09 19:00:44,798] Trial 281 finished with values: [0.8867511545709791, 0.2595918367346939] and parameters: {'psi': 0.4578259708358119}.
[I 2025-08-09 19:00:50,891] Trial 282 finished with values: [0.886801360238896, 0.25938009787928223] and parameters: {'psi': 0.4730732292371642}.
[I 2025-08-09 19:00:56,973] Trial 283 finished with values: [0.8866813447851133, 0.2595918367346939] and parameters: {'psi': 0.43844607722092444}.
[I 2025-08-09 19:01:03,063] Trial 284 finished with values: [0.8850943675297153, 0.2586644125105664] and parameters: {'psi': 0.8174987606717994}.
[I 2025-08-09 19:01:09,168] Trial 285 finished with values: [0.8862722084373573, 0.2696994313566206] and parameters: {'psi': 0.21849392030813364}.
[I 2025-08-09 19:01:15,261] Trial 286 finished with values: [0.8822662742867926, 0.26138279932546377] and parameters: {'psi': 0.8507182092841841}.
[I 2025-08-09 19:01:21,358] Trial 287 finished with values: [0.8862909359484057, 0.2696994313566206] and parameters: {'psi': 0.24614007201989696}.
[I 2025-08-09 19:01:27,452] Trial 288 finished with values: [0.8866514604589724, 0.2595918367346939] and parameters: {'psi': 0.42882968490140816}.
[I 2025-08-09 19:01:33,549] Trial 289 finished with values: [0.8862679847859295, 0.2711038961038961] and parameters: {'psi': 0.21179410288212752}.
[I 2025-08-09 19:01:39,646] Trial 290 finished with values: [0.8863135683447366, 0.26807473598700243] and parameters: {'psi': 0.27112687452191764}.
[I 2025-08-09 19:01:45,736] Trial 291 finished with values: [0.8871134322953457, 0.2483108108108108] and parameters: {'psi': 0.6678441316948326}.
[I 2025-08-09 19:01:51,840] Trial 292 finished with values: [0.8863129308124456, 0.2708840227088402] and parameters: {'psi': 0.15117699521086547}.
[I 2025-08-09 19:01:57,948] Trial 293 finished with values: [0.8863910285180945, 0.284329563812601] and parameters: {'psi': 0.06295834466821393}.
[I 2025-08-09 19:02:04,043] Trial 294 finished with values: [0.88714060710925, 0.2588623248145095] and parameters: {'psi': 0.5754631847878536}.
[I 2025-08-09 19:02:10,146] Trial 295 finished with values: [0.8863624192565354, 0.2711038961038961] and parameters: {'psi': 0.1300619118749058}.
[I 2025-08-09 19:02:16,241] Trial 296 finished with values: [0.8862687817012931, 0.2711038961038961] and parameters: {'psi': 0.18687628494553798}.
[I 2025-08-09 19:02:22,335] Trial 297 finished with values: [0.8863550079436524, 0.28109854604200324] and parameters: {'psi': 0.07900105092070975}.
[I 2025-08-09 19:02:28,417] Trial 298 finished with values: [0.8867058897783173, 0.2595918367346939] and parameters: {'psi': 0.44606297142858853}.
[I 2025-08-09 19:02:34,499] Trial 299 finished with values: [0.8794186566174576, 0.2651006711409396] and parameters: {'psi': 0.8784637651176281}.
[I 2025-08-09 19:02:40,594] Trial 300 finished with values: [0.8834712103168026, 0.26182432432432434] and parameters: {'psi': 0.8387084161337132}.
