[I 2025-08-09 19:47:14,467] Trial 150 finished with values: [0.9111121433600274, 0.2817831590533847] and parameters: {'psi': 0.40595287820544335}.
[I 2025-08-09 19:47:20,889] Trial 151 finished with values: [0.9115128952428373, 0.27973568281938327] and parameters: {'psi': 0.6300735055232068}.
[I 2025-08-09 19:47:27,426] Trial 152 finished with values: [0.9115518023066079, 0.27973568281938327] and parameters: {'psi': 0.6620167407939628}.
[I 2025-08-09 19:47:33,850] Trial 153 finished with values: [0.911592808344108, 0.28019856591285164] and parameters: {'psi': 0.7275649833683999}.
[I 2025-08-09 19:47:40,282] Trial 154 finished with values: [0.9112881225343143, 0.2806433721575152] and parameters: {'psi': 0.8188359074442264}.
[I 2025-08-09 19:47:46,735] Trial 155 finished with values: [0.911837566932926, 0.282883874518437] and parameters: {'psi': 0.20215451900729042}.
[I 2025-08-09 19:47:53,161] Trial 156 finished with values: [0.9111142727536662, 0.2816281628162816] and parameters: {'psi': 0.33551396165529446}.
[I 2025-08-09 19:47:59,600] Trial 157 finished with values: [0.9111080670922047, 0.2816281628162816] and parameters: {'psi': 0.40021226125492193}.
[I 2025-08-09 19:48:06,027] Trial 158 finished with values: [0.9051886569756136, 0.27919911012235815] and parameters: {'psi': 0.9434242401070648}.
[I 2025-08-09 19:48:12,460] Trial 159 finished with values: [0.9115005447597326, 0.27973568281938327] and parameters: {'psi': 0.6229536898258003}.
[I 2025-08-09 19:48:18,900] Trial 160 finished with values: [0.91133831538437, 0.28257284222100054] and parameters: {'psi': 0.2611451345831557}.
[I 2025-08-09 19:48:25,343] Trial 161 finished with values: [0.9111985359019417, 0.28257284222100054] and parameters: {'psi': 0.2957316462962283}.
[I 2025-08-09 19:48:31,761] Trial 162 finished with values: [0.9115552093364299, 0.2803324099722992] and parameters: {'psi': 0.7740102074459346}.
[I 2025-08-09 19:48:38,213] Trial 163 finished with values: [0.9119001102660865, 0.282883874518437] and parameters: {'psi': 0.19740818093940327}.
[I 2025-08-09 19:48:44,658] Trial 164 finished with values: [0.9111164934070322, 0.2816281628162816] and parameters: {'psi': 0.333018108913243}.
[I 2025-08-09 19:48:51,082] Trial 165 finished with values: [0.9067190521837722, 0.27842484747642815] and parameters: {'psi': 0.9035477753049845}.
[I 2025-08-09 19:48:57,534] Trial 166 finished with values: [0.9131031264122442, 0.2846153846153846] and parameters: {'psi': 0.13871223975668334}.
[I 2025-08-09 19:49:03,981] Trial 167 finished with values: [0.9131090887144327, 0.2846153846153846] and parameters: {'psi': 0.13849202125900817}.
[I 2025-08-09 19:49:10,414] Trial 168 finished with values: [0.9115086972953782, 0.27973568281938327] and parameters: {'psi': 0.6277524008445615}.
[I 2025-08-09 19:49:16,863] Trial 169 finished with values: [0.9154883514867183, 0.28665568369028005] and parameters: {'psi': 0.08807797645482107}.
[I 2025-08-09 19:49:23,294] Trial 170 finished with values: [0.9114810455979836, 0.2812846068660022] and parameters: {'psi': 0.794899456525719}.
[I 2025-08-09 19:49:29,747] Trial 171 finished with values: [0.9134014240411219, 0.2846153846153846] and parameters: {'psi': 0.1295330285591294}.
[I 2025-08-09 19:49:36,195] Trial 172 finished with values: [0.9110977851629205, 0.2816281628162816] and parameters: {'psi': 0.38025572818786446}.
[I 2025-08-09 19:49:42,639] Trial 173 finished with values: [0.911335334233276, 0.2809917355371901] and parameters: {'psi': 0.5405232389221059}.
[I 2025-08-09 19:49:49,068] Trial 174 finished with values: [0.9063839768847628, 0.27842484747642815] and parameters: {'psi': 0.9071847599379842}.
[I 2025-08-09 19:49:55,520] Trial 175 finished with values: [0.9112256096210629, 0.2820936639118457] and parameters: {'psi': 0.481845637317734}.
[I 2025-08-09 19:50:01,998] Trial 176 finished with values: [0.9124490679461524, 0.28272827282728275] and parameters: {'psi': 0.1645753531476024}.
[I 2025-08-09 19:50:08,453] Trial 177 finished with values: [0.9140220510270856, 0.2844590884129599] and parameters: {'psi': 0.11387168137973924}.
[I 2025-08-09 19:50:14,892] Trial 178 finished with values: [0.9113701954491328, 0.28083700440528636] and parameters: {'psi': 0.5606003136359039}.
[I 2025-08-09 19:50:21,341] Trial 179 finished with values: [0.9111595679983531, 0.28193832599118945] and parameters: {'psi': 0.4446669538461181}.
[I 2025-08-09 19:50:27,784] Trial 180 finished with values: [0.9115942989196552, 0.28019856591285164] and parameters: {'psi': 0.7203751653397622}.
[I 2025-08-09 19:50:34,230] Trial 181 finished with values: [0.9119793237094476, 0.28272827282728275] and parameters: {'psi': 0.1918572700419695}.
[I 2025-08-09 19:50:40,681] Trial 182 finished with values: [0.9112431010688096, 0.28257284222100054] and parameters: {'psi': 0.2829154639756841}.
[I 2025-08-09 19:50:47,107] Trial 183 finished with values: [0.9063113949815912, 0.27919911012235815] and parameters: {'psi': 0.9576612121742284}.
[I 2025-08-09 19:50:53,562] Trial 184 finished with values: [0.9126754833297681, 0.28367234744365033] and parameters: {'psi': 0.15451626775263172}.
[I 2025-08-09 19:51:00,000] Trial 185 finished with values: [0.9112187043016915, 0.2820936639118457] and parameters: {'psi': 0.47787637313070785}.
[I 2025-08-09 19:51:06,431] Trial 186 finished with values: [0.9099429845727255, 0.2771618625277162] and parameters: {'psi': 0.8648359451233509}.
[I 2025-08-09 19:51:12,858] Trial 187 finished with values: [0.9111120216803908, 0.2817831590533847] and parameters: {'psi': 0.40550118592436735}.
[I 2025-08-09 19:51:19,269] Trial 188 finished with values: [0.9051743291984159, 0.2785793562708102] and parameters: {'psi': 0.9246386579564285}.
[I 2025-08-09 19:51:25,702] Trial 189 finished with values: [0.9114787336848901, 0.2812846068660022] and parameters: {'psi': 0.7953108947819493}.
[I 2025-08-09 19:51:32,173] Trial 190 finished with values: [0.9246574292353823, 0.29857299670691545] and parameters: {'psi': 0.029037953714510345}.
[I 2025-08-09 19:51:38,609] Trial 191 finished with values: [0.9115816138175501, 0.2808181315644002] and parameters: {'psi': 0.7583837038006612}.
[I 2025-08-09 19:51:45,064] Trial 192 finished with values: [0.911574982277361, 0.28272827282728275] and parameters: {'psi': 0.22746155966783332}.
[I 2025-08-09 19:51:51,525] Trial 193 finished with values: [0.9128163275090158, 0.28367234744365033] and parameters: {'psi': 0.14899889982648762}.
[I 2025-08-09 19:51:57,957] Trial 194 finished with values: [0.9111094968279336, 0.2816281628162816] and parameters: {'psi': 0.4019697307555853}.
[I 2025-08-09 19:52:04,391] Trial 195 finished with values: [0.9112682887535648, 0.2820936639118457] and parameters: {'psi': 0.5041969969438167}.
[I 2025-08-09 19:52:10,833] Trial 196 finished with values: [0.9112893089107703, 0.2809917355371901] and parameters: {'psi': 0.5167006836932048}.
[I 2025-08-09 19:52:17,268] Trial 197 finished with values: [0.911503312971463, 0.27973568281938327] and parameters: {'psi': 0.6244534045649879}.
[I 2025-08-09 19:52:23,719] Trial 198 finished with values: [0.9175486006720124, 0.28885227896760024] and parameters: {'psi': 0.06553069904640307}.
[I 2025-08-09 19:52:30,151] Trial 199 finished with values: [0.9115577950287055, 0.27973568281938327] and parameters: {'psi': 0.6691838727106305}.
[I 2025-08-09 19:52:36,615] Trial 200 finished with values: [0.9141520352987758, 0.2846153846153846] and parameters: {'psi': 0.1110285859469764}.
[I 2025-08-09 19:52:43,064] Trial 201 finished with values: [0.9115338241403151, 0.27973568281938327] and parameters: {'psi': 0.6446701779506552}.
[I 2025-08-09 19:52:49,484] Trial 202 finished with values: [0.9091716877768667, 0.2825361512791991] and parameters: {'psi': 0.9753819035522381}.
[I 2025-08-09 19:52:55,911] Trial 203 finished with values: [0.9105496488204011, 0.27811634349030473] and parameters: {'psi': 0.8517718676150892}.
[I 2025-08-09 19:53:02,443] Trial 204 finished with values: [0.9109358904065584, 0.27922437673130196] and parameters: {'psi': 0.8387669753741854}.
[I 2025-08-09 19:53:08,901] Trial 205 finished with values: [0.9136123556909931, 0.2846153846153846] and parameters: {'psi': 0.12382839653368971}.
[I 2025-08-09 19:53:15,326] Trial 206 finished with values: [0.9113895425113363, 0.2814404432132964] and parameters: {'psi': 0.8086192898029906}.
[I 2025-08-09 19:53:21,785] Trial 207 finished with values: [0.9192872809979482, 0.29088913282107576] and parameters: {'psi': 0.0527260179145681}.
[I 2025-08-09 19:53:28,231] Trial 208 finished with values: [0.9111216952114924, 0.28193832599118945] and parameters: {'psi': 0.4138202291819555}.
[I 2025-08-09 19:53:34,665] Trial 209 finished with values: [0.9111043254433824, 0.2817831590533847] and parameters: {'psi': 0.3941715342364043}.
[I 2025-08-09 19:53:41,092] Trial 210 finished with values: [0.9113054618825155, 0.2809917355371901] and parameters: {'psi': 0.5258543840508474}.
[I 2025-08-09 19:53:47,538] Trial 211 finished with values: [0.9123586903961427, 0.28272827282728275] and parameters: {'psi': 0.1692344729212264}.
[I 2025-08-09 19:53:53,984] Trial 212 finished with values: [0.9156501854032622, 0.28665568369028005] and parameters: {'psi': 0.08585296224000083}.
[I 2025-08-09 19:54:00,428] Trial 213 finished with values: [0.9115040734691912, 0.2812846068660022] and parameters: {'psi': 0.7901252969688884}.
[I 2025-08-09 19:54:06,859] Trial 214 finished with values: [0.9113063136399708, 0.2809917355371901] and parameters: {'psi': 0.5263342671314727}.
[I 2025-08-09 19:54:13,294] Trial 215 finished with values: [0.9111295131281376, 0.28193832599118945] and parameters: {'psi': 0.4224957541949306}.
[I 2025-08-09 19:54:19,735] Trial 216 finished with values: [0.9110956557692818, 0.2816281628162816] and parameters: {'psi': 0.3758483646529107}.
[I 2025-08-09 19:54:26,156] Trial 217 finished with values: [0.9113054618825154, 0.2809917355371901] and parameters: {'psi': 0.525722639485583}.
[I 2025-08-09 19:54:32,603] Trial 218 finished with values: [0.9111079758324773, 0.2816281628162816] and parameters: {'psi': 0.3993256051232652}.
[I 2025-08-09 19:54:39,050] Trial 219 finished with values: [0.9111704583258196, 0.28193832599118945] and parameters: {'psi': 0.4511041397433522}.
[I 2025-08-09 19:54:45,497] Trial 220 finished with values: [0.9111631575476296, 0.28257284222100054] and parameters: {'psi': 0.30848638925336747}.
[I 2025-08-09 19:54:51,922] Trial 221 finished with values: [0.9105950657447244, 0.27811634349030473] and parameters: {'psi': 0.8505328220923336}.
[I 2025-08-09 19:54:58,371] Trial 222 finished with values: [0.9117665060252104, 0.282883874518437] and parameters: {'psi': 0.208111136844789}.
[I 2025-08-09 19:55:04,816] Trial 223 finished with values: [0.9111329505778688, 0.2816281628162816] and parameters: {'psi': 0.3230914177195876}.
[I 2025-08-09 19:55:11,273] Trial 224 finished with values: [0.9126267810552594, 0.28367234744365033] and parameters: {'psi': 0.1566200667475156}.
[I 2025-08-09 19:55:17,710] Trial 225 finished with values: [0.9115927170843806, 0.28019856591285164] and parameters: {'psi': 0.7278361251632819}.
[I 2025-08-09 19:55:24,141] Trial 226 finished with values: [0.9058584121148141, 0.27904391328515843] and parameters: {'psi': 0.953329664065761}.
[I 2025-08-09 19:55:30,574] Trial 227 finished with values: [0.9115255499250333, 0.2812846068660022] and parameters: {'psi': 0.7859634634096189}.
[I 2025-08-09 19:55:36,999] Trial 228 finished with values: [0.9058296957206002, 0.27904391328515843] and parameters: {'psi': 0.953017957791141}.
[I 2025-08-09 19:55:43,440] Trial 229 finished with values: [0.9111251022413146, 0.2816281628162816] and parameters: {'psi': 0.32788660712774453}.
[I 2025-08-09 19:55:49,890] Trial 230 finished with values: [0.9115868764618288, 0.2798898071625344] and parameters: {'psi': 0.697207476861114}.
[I 2025-08-09 19:55:56,318] Trial 231 finished with values: [0.9113367031291866, 0.2809917355371901] and parameters: {'psi': 0.5417541683253859}.
[I 2025-08-09 19:56:02,767] Trial 232 finished with values: [0.9160964150502137, 0.287596048298573] and parameters: {'psi': 0.0801998876128498}.
[I 2025-08-09 19:56:09,222] Trial 233 finished with values: [0.9112627827500133, 0.28257284222100054] and parameters: {'psi': 0.27819441834948266}.
[I 2025-08-09 19:56:15,657] Trial 234 finished with values: [0.9112971876672334, 0.2809917355371901] and parameters: {'psi': 0.5220450122537105}.
[I 2025-08-09 19:56:22,095] Trial 235 finished with values: [0.9115878803188298, 0.2798898071625344] and parameters: {'psi': 0.6988877256738261}.
[I 2025-08-09 19:56:28,547] Trial 236 finished with values: [0.9125082042494909, 0.28367234744365033] and parameters: {'psi': 0.16183164723868637}.
[I 2025-08-09 19:56:35,002] Trial 237 finished with values: [0.9116257531056902, 0.28272827282728275] and parameters: {'psi': 0.22161328657376245}.
[I 2025-08-09 19:56:41,469] Trial 238 finished with values: [0.9134451982903524, 0.2846153846153846] and parameters: {'psi': 0.12836284015192567}.
[I 2025-08-09 19:56:47,896] Trial 239 finished with values: [0.9115255499250331, 0.2812846068660022] and parameters: {'psi': 0.7859107164268415}.
[I 2025-08-09 19:56:54,332] Trial 240 finished with values: [0.9115382046072291, 0.27958172812328014] and parameters: {'psi': 0.6487717525858268}.
[I 2025-08-09 19:57:00,783] Trial 241 finished with values: [0.9194331444622015, 0.29088913282107576] and parameters: {'psi': 0.05181088493946184}.
[I 2025-08-09 19:57:07,213] Trial 242 finished with values: [0.9114093154522674, 0.28083700440528636] and parameters: {'psi': 0.5776795910997393}.
[I 2025-08-09 19:57:13,625] Trial 243 finished with values: [0.9105110155358127, 0.27811634349030473] and parameters: {'psi': 0.8526755154681372}.
[I 2025-08-09 19:57:20,051] Trial 244 finished with values: [0.9067519361055363, 0.2793544796883695] and parameters: {'psi': 0.9612180684049372}.
[I 2025-08-09 19:57:26,487] Trial 245 finished with values: [0.911540394840686, 0.27958172812328014] and parameters: {'psi': 0.6499533938543617}.
[I 2025-08-09 19:57:32,919] Trial 246 finished with values: [0.9114998755217317, 0.27973568281938327] and parameters: {'psi': 0.6224959966047006}.
[I 2025-08-09 19:57:39,367] Trial 247 finished with values: [0.9112105517660459, 0.28257284222100054] and parameters: {'psi': 0.29225955123599057}.
[I 2025-08-09 19:57:45,812] Trial 248 finished with values: [0.9111915697427522, 0.28193832599118945] and parameters: {'psi': 0.46334523782673986}.
[I 2025-08-09 19:57:52,235] Trial 249 finished with values: [0.9115922303658347, 0.28004410143329656] and parameters: {'psi': 0.7058221144309383}.
[I 2025-08-09 19:57:58,674] Trial 250 finished with values: [0.9114074598378109, 0.28083700440528636] and parameters: {'psi': 0.5770133793229953}.
[I 2025-08-09 19:58:05,100] Trial 251 finished with values: [0.9113729940807724, 0.28083700440528636] and parameters: {'psi': 0.5621196465696647}.
[I 2025-08-09 19:58:11,528] Trial 252 finished with values: [0.9110004414537213, 0.27922437673130196] and parameters: {'psi': 0.8360129241268593}.
[I 2025-08-09 19:58:17,959] Trial 253 finished with values: [0.9141377683613963, 0.28508042151968943] and parameters: {'psi': 0.9939344960067225}.
[I 2025-08-09 19:58:24,523] Trial 254 finished with values: [0.9111752950913703, 0.28193832599118945] and parameters: {'psi': 0.45356371862936185}.
[I 2025-08-09 19:58:31,000] Trial 255 finished with values: [0.9295258010718029, 0.31903190319031904] and parameters: {'psi': 0.01353974327523344}.
[I 2025-08-09 19:58:37,458] Trial 256 finished with values: [0.9147062252032111, 0.2846153846153846] and parameters: {'psi': 0.10035784555324578}.
[I 2025-08-09 19:58:43,923] Trial 257 finished with values: [0.9214476116842628, 0.2916666666666667] and parameters: {'psi': 0.041271405312011566}.
[I 2025-08-09 19:58:50,390] Trial 258 finished with values: [0.9115531712025184, 0.28257284222100054] and parameters: {'psi': 0.2298667716028121}.
[I 2025-08-09 19:58:56,846] Trial 259 finished with values: [0.9187422474861596, 0.28869374313940727] and parameters: {'psi': 0.05632600258575615}.
[I 2025-08-09 19:59:03,294] Trial 260 finished with values: [0.9111828088089242, 0.28257284222100054] and parameters: {'psi': 0.3010565287974889}.
[I 2025-08-09 19:59:09,741] Trial 261 finished with values: [0.911125467280224, 0.28193832599118945] and parameters: {'psi': 0.4174389752393908}.
[I 2025-08-09 19:59:16,180] Trial 262 finished with values: [0.9054867720850366, 0.27842484747642815] and parameters: {'psi': 0.9186230245862971}.
[I 2025-08-09 19:59:22,650] Trial 263 finished with values: [0.929403665136667, 0.3276525563496427] and parameters: {'psi': 0.010129401717900666}.
[I 2025-08-09 19:59:29,080] Trial 264 finished with values: [0.9049897107699376, 0.2785793562708102] and parameters: {'psi': 0.9311546729574851}.
[I 2025-08-09 19:59:35,531] Trial 265 finished with values: [0.9171705116215003, 0.28885227896760024] and parameters: {'psi': 0.06889462349710074}.
[I 2025-08-09 19:59:41,991] Trial 266 finished with values: [0.9147931653034896, 0.2857142857142857] and parameters: {'psi': 0.09882301168538765}.
[I 2025-08-09 19:59:48,446] Trial 267 finished with values: [0.9138713507972815, 0.2844590884129599] and parameters: {'psi': 0.11737279630167141}.
[I 2025-08-09 19:59:54,876] Trial 268 finished with values: [0.9064180167630735, 0.27842484747642815] and parameters: {'psi': 0.9067948807220825}.
[I 2025-08-09 20:00:01,332] Trial 269 finished with values: [0.9117772746730406, 0.282883874518437] and parameters: {'psi': 0.20720532995102847}.
[I 2025-08-09 20:00:07,754] Trial 270 finished with values: [0.9115921086861981, 0.2798898071625344] and parameters: {'psi': 0.7039724339648926}.
[I 2025-08-09 20:00:14,186] Trial 271 finished with values: [0.9114682996560604, 0.2812846068660022] and parameters: {'psi': 0.7976684788997443}.
[I 2025-08-09 20:00:20,644] Trial 272 finished with values: [0.9110934655358247, 0.2816281628162816] and parameters: {'psi': 0.36689634731261267}.
[I 2025-08-09 20:00:27,088] Trial 273 finished with values: [0.9111023785691983, 0.2816281628162816] and parameters: {'psi': 0.3505145980680002}.
[I 2025-08-09 20:00:33,527] Trial 274 finished with values: [0.911269049251293, 0.2820936639118457] and parameters: {'psi': 0.5044416542067947}.
[I 2025-08-09 20:00:39,965] Trial 275 finished with values: [0.911583773631098, 0.28004410143329656] and parameters: {'psi': 0.6918889436611415}.
[I 2025-08-09 20:00:46,432] Trial 276 finished with values: [0.9214541823846336, 0.2916666666666667] and parameters: {'psi': 0.041238617972507385}.
[I 2025-08-09 20:00:52,884] Trial 277 finished with values: [0.9131966980527121, 0.2846153846153846] and parameters: {'psi': 0.13564081911548875}.
[I 2025-08-09 20:00:59,335] Trial 278 finished with values: [0.911561354158073, 0.28017718715393136] and parameters: {'psi': 0.7707172455336083}.
[I 2025-08-09 20:01:05,783] Trial 279 finished with values: [0.911650575751536, 0.28272827282728275] and parameters: {'psi': 0.2189501439322391}.
[I 2025-08-09 20:01:12,222] Trial 280 finished with values: [0.9111942162748462, 0.28193832599118945] and parameters: {'psi': 0.4646120401667866}.
[I 2025-08-09 20:01:18,682] Trial 281 finished with values: [0.92322343471924, 0.2968236582694414] and parameters: {'psi': 0.03396315371535541}.
[I 2025-08-09 20:01:25,116] Trial 282 finished with values: [0.9115853554663724, 0.2808181315644002] and parameters: {'psi': 0.7535770420626184}.
[I 2025-08-09 20:01:31,569] Trial 283 finished with values: [0.9112248795432439, 0.28257284222100054] and parameters: {'psi': 0.2874283766155121}.
[I 2025-08-09 20:01:38,036] Trial 284 finished with values: [0.919403728410078, 0.29088913282107576] and parameters: {'psi': 0.051992689002239745}.
[I 2025-08-09 20:01:44,476] Trial 285 finished with values: [0.9110949256914628, 0.28147333699835075] and parameters: {'psi': 0.3598894636758039}.
[I 2025-08-09 20:01:50,925] Trial 286 finished with values: [0.9111078845727499, 0.27922437673130196] and parameters: {'psi': 0.8305236072430036}.
[I 2025-08-09 20:01:57,378] Trial 287 finished with values: [0.91114785633334, 0.28193832599118945] and parameters: {'psi': 0.4371997793977195}.
[I 2025-08-09 20:02:03,815] Trial 288 finished with values: [0.9115940555603822, 0.28019856591285164] and parameters: {'psi': 0.7254617190007412}.
[I 2025-08-09 20:02:10,259] Trial 289 finished with values: [0.9103241764539683, 0.2771618625277162] and parameters: {'psi': 0.8572406446982586}.
[I 2025-08-09 20:02:16,703] Trial 290 finished with values: [0.911274920293754, 0.2820936639118457] and parameters: {'psi': 0.507824508850883}.
[I 2025-08-09 20:02:23,137] Trial 291 finished with values: [0.9115587380458885, 0.27973568281938327] and parameters: {'psi': 0.670033275090874}.
[I 2025-08-09 20:02:29,569] Trial 292 finished with values: [0.9115906789504692, 0.2803532008830022] and parameters: {'psi': 0.7380851760532434}.
[I 2025-08-09 20:02:36,008] Trial 293 finished with values: [0.9055685408007639, 0.27842484747642815] and parameters: {'psi': 0.9174172077595236}.
[I 2025-08-09 20:02:42,448] Trial 294 finished with values: [0.9115420983555971, 0.27958172812328014] and parameters: {'psi': 0.6518435471874079}.
[I 2025-08-09 20:02:48,906] Trial 295 finished with values: [0.9110947735919172, 0.28147333699835075] and parameters: {'psi': 0.360486810383405}.
[I 2025-08-09 20:02:55,368] Trial 296 finished with values: [0.9133849060304671, 0.2846153846153846] and parameters: {'psi': 0.12999165340073326}.
[I 2025-08-09 20:03:01,813] Trial 297 finished with values: [0.9112796962194869, 0.2820936639118457] and parameters: {'psi': 0.5108609433873232}.
[I 2025-08-09 20:03:08,274] Trial 298 finished with values: [0.9154857962143518, 0.28665568369028005] and parameters: {'psi': 0.08810526641647665}.
[I 2025-08-09 20:03:14,730] Trial 299 finished with values: [0.9112127724194122, 0.28257284222100054] and parameters: {'psi': 0.29169059809647646}.
