[I 2025-08-09 18:46:31,832] Trial 150 finished with values: [0.8743682518870352, 0.16770573566084787] and parameters: {'psi': 0.7901308735342525}.
[I 2025-08-09 18:46:37,618] Trial 151 finished with values: [0.8751094619302816, 0.18198529411764705] and parameters: {'psi': 0.37985403302458187}.
[I 2025-08-09 18:46:43,536] Trial 152 finished with values: [0.8757919515771947, 0.18047882136279927] and parameters: {'psi': 0.5248769748131168}.
[I 2025-08-09 18:46:49,333] Trial 153 finished with values: [0.8672833387965326, 0.1770349736923553] and parameters: {'psi': 0.9569166966211063}.
[I 2025-08-09 18:46:55,134] Trial 154 finished with values: [0.8753894311060322, 0.18254211332312403] and parameters: {'psi': 0.4353781853668425}.
[I 2025-08-09 18:47:00,928] Trial 155 finished with values: [0.8751739118480025, 0.1814281336193687] and parameters: {'psi': 0.39409426509002154}.
[I 2025-08-09 18:47:06,723] Trial 156 finished with values: [0.8760503702667207, 0.18797680805614891] and parameters: {'psi': 0.13925895931607224}.
[I 2025-08-09 18:47:12,528] Trial 157 finished with values: [0.9109698452986038, 0.19607843137254902] and parameters: {'psi': 0.012065597070904821}.
[I 2025-08-09 18:47:18,342] Trial 158 finished with values: [0.8749865939276574, 0.18259803921568626] and parameters: {'psi': 0.34833506344330767}.
[I 2025-08-09 18:47:24,134] Trial 159 finished with values: [0.8748610771010753, 0.1834862385321101] and parameters: {'psi': 0.2931123618038425}.
[I 2025-08-09 18:47:29,959] Trial 160 finished with values: [0.9145665883392146, 0.19643992371265098] and parameters: {'psi': 0.010153296995893846}.
[I 2025-08-09 18:47:35,769] Trial 161 finished with values: [0.8748626030540076, 0.18381679389312977] and parameters: {'psi': 0.26082532958210447}.
[I 2025-08-09 18:47:41,579] Trial 162 finished with values: [0.8750562263270357, 0.1855921855921856] and parameters: {'psi': 0.20887472106694438}.
[I 2025-08-09 18:47:47,376] Trial 163 finished with values: [0.8739057010033429, 0.166510757717493] and parameters: {'psi': 0.813836670711647}.
[I 2025-08-09 18:47:53,160] Trial 164 finished with values: [0.8737906643063341, 0.16708229426433915] and parameters: {'psi': 0.8182436964879357}.
[I 2025-08-09 18:47:58,957] Trial 165 finished with values: [0.8674247485668639, 0.1770349736923553] and parameters: {'psi': 0.9577414943878428}.
[I 2025-08-09 18:48:04,762] Trial 166 finished with values: [0.8753747905953505, 0.18254211332312403] and parameters: {'psi': 0.4329481528310909}.
[I 2025-08-09 18:48:10,562] Trial 167 finished with values: [0.8735470300853138, 0.16708229426433915] and parameters: {'psi': 0.8263288925089356}.
[I 2025-08-09 18:48:16,353] Trial 168 finished with values: [0.8732006963527854, 0.17962962962962964] and parameters: {'psi': 0.9812123382613286}.
[I 2025-08-09 18:48:22,150] Trial 169 finished with values: [0.8787697479543233, 0.18249075215782984] and parameters: {'psi': 0.9943173680343511}.
[I 2025-08-09 18:48:27,948] Trial 170 finished with values: [0.8757127027951858, 0.18003072196620584] and parameters: {'psi': 0.6252196590305854}.
[I 2025-08-09 18:48:33,743] Trial 171 finished with values: [0.9056670436922074, 0.19478479421929] and parameters: {'psi': 0.015243019524806112}.
[I 2025-08-09 18:48:39,526] Trial 172 finished with values: [0.8755259319145714, 0.17829695665539502] and parameters: {'psi': 0.6625553319825627}.
[I 2025-08-09 18:48:45,322] Trial 173 finished with values: [0.8757720134185967, 0.18064516129032257] and parameters: {'psi': 0.6090756945931637}.
[I 2025-08-09 18:48:51,116] Trial 174 finished with values: [0.8749326673268573, 0.18198529411764705] and parameters: {'psi': 0.33089508941531465}.
[I 2025-08-09 18:48:56,923] Trial 175 finished with values: [0.8756007323998245, 0.18204106650321789] and parameters: {'psi': 0.47468446498634376}.
[I 2025-08-09 18:49:02,718] Trial 176 finished with values: [0.8752104627394683, 0.1814281336193687] and parameters: {'psi': 0.4017092747760248}.
[I 2025-08-09 18:49:08,496] Trial 177 finished with values: [0.8736745047382999, 0.166510757717493] and parameters: {'psi': 0.8223178437530635}.
[I 2025-08-09 18:49:14,284] Trial 178 finished with values: [0.8746156865946043, 0.18019129898179576] and parameters: {'psi': 0.9851725156351554}.
[I 2025-08-09 18:49:20,076] Trial 179 finished with values: [0.8751637916129884, 0.1814281336193687] and parameters: {'psi': 0.3918290552265017}.
[I 2025-08-09 18:49:25,863] Trial 180 finished with values: [0.8692767947617779, 0.1685323383084577] and parameters: {'psi': 0.8828818771603951}.
[I 2025-08-09 18:49:31,647] Trial 181 finished with values: [0.8850534493806144, 0.19279334770557438] and parameters: {'psi': 0.04446518701004398}.
[I 2025-08-09 18:49:37,437] Trial 182 finished with values: [0.8736890300827225, 0.166510757717493] and parameters: {'psi': 0.8218316860558001}.
[I 2025-08-09 18:49:43,225] Trial 183 finished with values: [0.8752314229986154, 0.1814281336193687] and parameters: {'psi': 0.40579483524576043}.
[I 2025-08-09 18:49:49,013] Trial 184 finished with values: [0.875160754102906, 0.17574257425742573] and parameters: {'psi': 0.7154046105125945}.
[I 2025-08-09 18:49:54,780] Trial 185 finished with values: [0.8816581465228643, 0.19275629220380602] and parameters: {'psi': 0.059333031018222404}.
[I 2025-08-09 18:50:00,574] Trial 186 finished with values: [0.8749410456722031, 0.184981684981685] and parameters: {'psi': 0.23104044823749736}.
[I 2025-08-09 18:50:06,368] Trial 187 finished with values: [0.8757173382371126, 0.17997542997542998] and parameters: {'psi': 0.6241446443209535}.
[I 2025-08-09 18:50:12,172] Trial 188 finished with values: [0.8757474254222893, 0.18042344277385702] and parameters: {'psi': 0.5093754197191693}.
[I 2025-08-09 18:50:17,968] Trial 189 finished with values: [0.8753510231586392, 0.18198529411764705] and parameters: {'psi': 0.42831743405875455}.
[I 2025-08-09 18:50:23,760] Trial 190 finished with values: [0.8733185546231407, 0.16588712192079824] and parameters: {'psi': 0.8324526614604695}.
[I 2025-08-09 18:50:29,558] Trial 191 finished with values: [0.8751144860583324, 0.18564885496183206] and parameters: {'psi': 0.2012025630581431}.
[I 2025-08-09 18:50:35,350] Trial 192 finished with values: [0.8751295152551386, 0.1814281336193687] and parameters: {'psi': 0.38466964789767844}.
[I 2025-08-09 18:50:41,152] Trial 193 finished with values: [0.8881982080418008, 0.19444444444444445] and parameters: {'psi': 0.035885930432760005}.
[I 2025-08-09 18:50:46,961] Trial 194 finished with values: [0.8798640721435997, 0.19301470588235295] and parameters: {'psi': 0.07207508154189612}.
[I 2025-08-09 18:50:52,764] Trial 195 finished with values: [0.8750259376009054, 0.1855921855921856] and parameters: {'psi': 0.2137111863217549}.
[I 2025-08-09 18:50:58,568] Trial 196 finished with values: [0.8751255276234188, 0.18564885496183206] and parameters: {'psi': 0.1999158504848043}.
[I 2025-08-09 18:51:04,359] Trial 197 finished with values: [0.8858973445395864, 0.19285274183610598] and parameters: {'psi': 0.04183771042381046}.
[I 2025-08-09 18:51:10,157] Trial 198 finished with values: [0.8681185389029464, 0.16956521739130434] and parameters: {'psi': 0.8921056759618832}.
[I 2025-08-09 18:51:15,929] Trial 199 finished with values: [0.9194665959545837, 0.19223173140223832] and parameters: {'psi': 0.004070772982591064}.
[I 2025-08-09 18:51:21,720] Trial 200 finished with values: [0.8745856857841219, 0.17045101088646966] and parameters: {'psi': 0.7741482181397643}.
[I 2025-08-09 18:51:27,520] Trial 201 finished with values: [0.865714572807317, 0.17291602107220327] and parameters: {'psi': 0.9119913656588925}.
[I 2025-08-09 18:51:33,428] Trial 202 finished with values: [0.8749224751129313, 0.18192955589586524] and parameters: {'psi': 0.3267954760405172}.
[I 2025-08-09 18:51:39,241] Trial 203 finished with values: [0.8751298751496981, 0.18564885496183206] and parameters: {'psi': 0.19930900739282087}.
[I 2025-08-09 18:51:45,050] Trial 204 finished with values: [0.8771322565000197, 0.19108669108669107] and parameters: {'psi': 0.10856497911957441}.
[I 2025-08-09 18:51:50,850] Trial 205 finished with values: [0.8736951626860169, 0.166510757717493] and parameters: {'psi': 0.8216374025943084}.
[I 2025-08-09 18:51:56,636] Trial 206 finished with values: [0.8758186125661648, 0.1810926949048496] and parameters: {'psi': 0.5402047670670383}.
[I 2025-08-09 18:52:02,432] Trial 207 finished with values: [0.8751668291230709, 0.1814281336193687] and parameters: {'psi': 0.39238843719565053}.
[I 2025-08-09 18:52:08,245] Trial 208 finished with values: [0.875130623730382, 0.18564885496183206] and parameters: {'psi': 0.1992156510444515}.
[I 2025-08-09 18:52:14,035] Trial 209 finished with values: [0.8753930732389748, 0.17683302526186076] and parameters: {'psi': 0.683984477476377}.
[I 2025-08-09 18:52:19,820] Trial 210 finished with values: [0.8753472082763081, 0.1873664937442783] and parameters: {'psi': 0.17799842003096933}.
[I 2025-08-09 18:52:25,618] Trial 211 finished with values: [0.8748875077575271, 0.18442748091603053] and parameters: {'psi': 0.24767955068424963}.
[I 2025-08-09 18:52:31,422] Trial 212 finished with values: [0.8656136295812599, 0.17291602107220327] and parameters: {'psi': 0.9130638511313104}.
[I 2025-08-09 18:52:37,222] Trial 213 finished with values: [0.875733245576644, 0.18159509202453988] and parameters: {'psi': 0.5055691837110602}.
[I 2025-08-09 18:52:42,997] Trial 214 finished with values: [0.8756240679630644, 0.17885679164105717] and parameters: {'psi': 0.6448342456241104}.
[I 2025-08-09 18:52:48,798] Trial 215 finished with values: [0.8748796764519119, 0.18354236769654328] and parameters: {'psi': 0.3068441052865527}.
[I 2025-08-09 18:52:54,607] Trial 216 finished with values: [0.8752298826499009, 0.1814281336193687] and parameters: {'psi': 0.4054744796571892}.
[I 2025-08-09 18:53:00,410] Trial 217 finished with values: [0.8751839457083221, 0.18625954198473282] and parameters: {'psi': 0.19324941394170503}.
[I 2025-08-09 18:53:06,197] Trial 218 finished with values: [0.8648028591175473, 0.17332095326524297] and parameters: {'psi': 0.9302246650074127}.
[I 2025-08-09 18:53:11,989] Trial 219 finished with values: [0.8753359795660507, 0.18254211332312403] and parameters: {'psi': 0.42573177468349477}.
[I 2025-08-09 18:53:17,775] Trial 220 finished with values: [0.8750240661491959, 0.18198529411764705] and parameters: {'psi': 0.3586112249552129}.
[I 2025-08-09 18:53:23,566] Trial 221 finished with values: [0.876326323019187, 0.18797680805614891] and parameters: {'psi': 0.12942937554103495}.
[I 2025-08-09 18:53:29,354] Trial 222 finished with values: [0.8754740063275224, 0.18198529411764705] and parameters: {'psi': 0.45067870223468476}.
[I 2025-08-09 18:53:35,141] Trial 223 finished with values: [0.8757860493064186, 0.18058968058968058] and parameters: {'psi': 0.6037297914417986}.
[I 2025-08-09 18:53:40,933] Trial 224 finished with values: [0.8756907060397073, 0.18003072196620584] and parameters: {'psi': 0.6304450688366827}.
[I 2025-08-09 18:53:46,723] Trial 225 finished with values: [0.8755397230740928, 0.17829695665539502] and parameters: {'psi': 0.6598378254900881}.
[I 2025-08-09 18:53:52,524] Trial 226 finished with values: [0.8724798707373909, 0.16697819314641746] and parameters: {'psi': 0.8488247736271625}.
[I 2025-08-09 18:53:58,319] Trial 227 finished with values: [0.880403842003985, 0.19251992642550583] and parameters: {'psi': 0.06769733587155358}.
[I 2025-08-09 18:54:04,127] Trial 228 finished with values: [0.8756383485791865, 0.18209687308399755] and parameters: {'psi': 0.48224497771170227}.
[I 2025-08-09 18:54:09,927] Trial 229 finished with values: [0.8757906559567804, 0.18047882136279927] and parameters: {'psi': 0.5243270988176114}.
[I 2025-08-09 18:54:15,723] Trial 230 finished with values: [0.8755246650857218, 0.18742368742368742] and parameters: {'psi': 0.16513465770732738}.
[I 2025-08-09 18:54:21,511] Trial 231 finished with values: [0.8754087214544231, 0.17683302526186076] and parameters: {'psi': 0.6815713041989738}.
[I 2025-08-09 18:54:27,294] Trial 232 finished with values: [0.8750459189468506, 0.17482951022938623] and parameters: {'psi': 0.7291452614055958}.
[I 2025-08-09 18:54:33,095] Trial 233 finished with values: [0.8755908424973284, 0.18803418803418803] and parameters: {'psi': 0.16118161478479587}.
[I 2025-08-09 18:54:38,886] Trial 234 finished with values: [0.8758325332877275, 0.1810926949048496] and parameters: {'psi': 0.5494067496609033}.
[I 2025-08-09 18:54:44,698] Trial 235 finished with values: [0.8763454262224071, 0.18797680805614891] and parameters: {'psi': 0.1288550859591968}.
[I 2025-08-09 18:54:50,502] Trial 236 finished with values: [0.8757396085124564, 0.18103712795335994] and parameters: {'psi': 0.5072688246460973}.
[I 2025-08-09 18:54:56,303] Trial 237 finished with values: [0.8749780716244878, 0.1743717033819423] and parameters: {'psi': 0.7367684460209634}.
[I 2025-08-09 18:55:02,089] Trial 238 finished with values: [0.8782325693347666, 0.18193031144002467] and parameters: {'psi': 0.9933002662174706}.
[I 2025-08-09 18:55:07,886] Trial 239 finished with values: [0.8757666437917684, 0.18058968058968058] and parameters: {'psi': 0.6107983934339872}.
[I 2025-08-09 18:55:13,676] Trial 240 finished with values: [0.8709600504082715, 0.16635514018691588] and parameters: {'psi': 0.8677113966126729}.
[I 2025-08-09 18:55:19,481] Trial 241 finished with values: [0.875817604861398, 0.1810926949048496] and parameters: {'psi': 0.539490657607939}.
[I 2025-08-09 18:55:25,275] Trial 242 finished with values: [0.8754802684928581, 0.18198529411764705] and parameters: {'psi': 0.45194228651125345}.
[I 2025-08-09 18:55:31,085] Trial 243 finished with values: [0.8776079795245907, 0.1918142944410507] and parameters: {'psi': 0.09951429937286138}.
[I 2025-08-09 18:55:36,877] Trial 244 finished with values: [0.8654837364368337, 0.1734820322180917] and parameters: {'psi': 0.9144985941609243}.
[I 2025-08-09 18:55:42,671] Trial 245 finished with values: [0.8720955753267231, 0.1791229153798641] and parameters: {'psi': 0.9777292066372011}.
[I 2025-08-09 18:55:48,473] Trial 246 finished with values: [0.8743909108485032, 0.16827672172016203] and parameters: {'psi': 0.7886049868218776}.
[I 2025-08-09 18:55:54,284] Trial 247 finished with values: [0.8750660442506195, 0.18198529411764705] and parameters: {'psi': 0.369822483466576}.
[I 2025-08-09 18:56:00,091] Trial 248 finished with values: [0.8742214005109639, 0.1671865252651279] and parameters: {'psi': 0.7991429071578613}.
[I 2025-08-09 18:56:05,898] Trial 249 finished with values: [0.8732326837812365, 0.16645885286783044] and parameters: {'psi': 0.8345008800313756}.
[I 2025-08-09 18:56:11,708] Trial 250 finished with values: [0.8748842399149266, 0.17267080745341615] and parameters: {'psi': 0.7466719327771688}.
[I 2025-08-09 18:56:17,522] Trial 251 finished with values: [0.8748636107587743, 0.1834862385321101] and parameters: {'psi': 0.29489092050489885}.
[I 2025-08-09 18:56:23,323] Trial 252 finished with values: [0.8757656504827841, 0.18058968058968058] and parameters: {'psi': 0.6110700098470013}.
[I 2025-08-09 18:56:29,129] Trial 253 finished with values: [0.9179231809381415, 0.1952] and parameters: {'psi': 0.008320932732286734}.
[I 2025-08-09 18:56:35,027] Trial 254 finished with values: [0.88463205603875, 0.1921182266009852] and parameters: {'psi': 0.04589886014624622}.
[I 2025-08-09 18:56:40,810] Trial 255 finished with values: [0.8749382240988565, 0.18198529411764705] and parameters: {'psi': 0.33311016056130416}.
[I 2025-08-09 18:56:46,592] Trial 256 finished with values: [0.9176798058412039, 0.1881417687976151] and parameters: {'psi': 0.0032772616117566766}.
[I 2025-08-09 18:56:52,393] Trial 257 finished with values: [0.8758380036850323, 0.1810926949048496] and parameters: {'psi': 0.5567138783004568}.
[I 2025-08-09 18:56:58,187] Trial 258 finished with values: [0.8748565856169723, 0.18343014368694588] and parameters: {'psi': 0.2868452425174667}.
[I 2025-08-09 18:57:03,992] Trial 259 finished with values: [0.8742934226102175, 0.1671343935141877] and parameters: {'psi': 0.7948739801358707}.
[I 2025-08-09 18:57:09,793] Trial 260 finished with values: [0.8756552924150494, 0.18003072196620584] and parameters: {'psi': 0.6383538543986034}.
[I 2025-08-09 18:57:15,589] Trial 261 finished with values: [0.8753191652922292, 0.18254211332312403] and parameters: {'psi': 0.4225925750827305}.
[I 2025-08-09 18:57:21,384] Trial 262 finished with values: [0.8670208173090281, 0.17636138613861385] and parameters: {'psi': 0.9553654782578519}.
[I 2025-08-09 18:57:27,172] Trial 263 finished with values: [0.8747950868346397, 0.17215661901802362] and parameters: {'psi': 0.7552999554197273}.
[I 2025-08-09 18:57:32,971] Trial 264 finished with values: [0.8751816999662707, 0.17636138613861385] and parameters: {'psi': 0.7127209407398478}.
[I 2025-08-09 18:57:38,756] Trial 265 finished with values: [0.8738994964211365, 0.166510757717493] and parameters: {'psi': 0.8140925654298664}.
[I 2025-08-09 18:57:44,545] Trial 266 finished with values: [0.8673296932158003, 0.1770349736923553] and parameters: {'psi': 0.9571877910042198}.
[I 2025-08-09 18:57:50,347] Trial 267 finished with values: [0.875005078112235, 0.18198529411764705] and parameters: {'psi': 0.3530498388121043}.
[I 2025-08-09 18:57:56,165] Trial 268 finished with values: [0.8748663027700795, 0.18381679389312977] and parameters: {'psi': 0.25867409521963824}.
[I 2025-08-09 18:58:01,970] Trial 269 finished with values: [0.8742910185145596, 0.1671343935141877] and parameters: {'psi': 0.7950033109943159}.
[I 2025-08-09 18:58:07,795] Trial 270 finished with values: [0.8749970596614485, 0.18553555080866646] and parameters: {'psi': 0.21882047042668673}.
[I 2025-08-09 18:58:13,601] Trial 271 finished with values: [0.8729638569410488, 0.16703022748519789] and parameters: {'psi': 0.8402514418435678}.
[I 2025-08-09 18:58:19,428] Trial 272 finished with values: [0.875281577904432, 0.18681318681318682] and parameters: {'psi': 0.18349077999241337}.
[I 2025-08-09 18:58:25,244] Trial 273 finished with values: [0.8753030420159623, 0.175817396668723] and parameters: {'psi': 0.6966130558558056}.
[I 2025-08-09 18:58:31,036] Trial 274 finished with values: [0.8758245292327234, 0.18053423395762971] and parameters: {'psi': 0.5845160642922106}.
[I 2025-08-09 18:58:36,851] Trial 275 finished with values: [0.875269269510496, 0.18681318681318682] and parameters: {'psi': 0.18464640815697753}.
[I 2025-08-09 18:58:42,656] Trial 276 finished with values: [0.8751664836242936, 0.17636138613861385] and parameters: {'psi': 0.7145958034758159}.
[I 2025-08-09 18:58:48,479] Trial 277 finished with values: [0.9001924284230903, 0.19763092269326682] and parameters: {'psi': 0.019370695717561004}.
[I 2025-08-09 18:58:54,295] Trial 278 finished with values: [0.8748890049188949, 0.18298653610771115] and parameters: {'psi': 0.3119157733196911}.
[I 2025-08-09 18:59:00,099] Trial 279 finished with values: [0.8792812444981118, 0.19234303215926493] and parameters: {'psi': 0.07755632723463701}.
[I 2025-08-09 18:59:05,889] Trial 280 finished with values: [0.8742690793422107, 0.1671865252651279] and parameters: {'psi': 0.7963995780010772}.
[I 2025-08-09 18:59:11,686] Trial 281 finished with values: [0.8832205639720497, 0.1935483870967742] and parameters: {'psi': 0.05147487950201801}.
[I 2025-08-09 18:59:17,490] Trial 282 finished with values: [0.8754362173987713, 0.18742368742368742] and parameters: {'psi': 0.1711622500482456}.
[I 2025-08-09 18:59:23,282] Trial 283 finished with values: [0.8742851594311305, 0.1671865252651279] and parameters: {'psi': 0.7953827260684336}.
[I 2025-08-09 18:59:29,080] Trial 284 finished with values: [0.8752754884884846, 0.1814281336193687] and parameters: {'psi': 0.4141936706782311}.
[I 2025-08-09 18:59:34,870] Trial 285 finished with values: [0.8732890288734769, 0.16588712192079824] and parameters: {'psi': 0.8331850743169709}.
[I 2025-08-09 18:59:40,667] Trial 286 finished with values: [0.8756212751812825, 0.18204106650321789] and parameters: {'psi': 0.4787985635750611}.
[I 2025-08-09 18:59:46,451] Trial 287 finished with values: [0.8755953051898666, 0.1806968855997533] and parameters: {'psi': 0.9876202577120728}.
[I 2025-08-09 18:59:52,252] Trial 288 finished with values: [0.8754124787536246, 0.18742368742368742] and parameters: {'psi': 0.1729663093915278}.
[I 2025-08-09 18:59:58,050] Trial 289 finished with values: [0.8712441655693483, 0.16635514018691588] and parameters: {'psi': 0.8646926449274452}.
[I 2025-08-09 19:00:03,845] Trial 290 finished with values: [0.8724530945821617, 0.16697819314641746] and parameters: {'psi': 0.8492403873579741}.
[I 2025-08-09 19:00:09,643] Trial 291 finished with values: [0.8749036742211413, 0.17267080745341615] and parameters: {'psi': 0.7446500486932627}.
[I 2025-08-09 19:00:15,447] Trial 292 finished with values: [0.875196743558859, 0.1814281336193687] and parameters: {'psi': 0.39892243920390136}.
[I 2025-08-09 19:00:21,258] Trial 293 finished with values: [0.8748553619754698, 0.18337408312958436] and parameters: {'psi': 0.27980788725173733}.
[I 2025-08-09 19:00:27,056] Trial 294 finished with values: [0.8719870887106979, 0.17906761346094474] and parameters: {'psi': 0.9773597569658357}.
[I 2025-08-09 19:00:32,852] Trial 295 finished with values: [0.8758059154861046, 0.18058968058968058] and parameters: {'psi': 0.5955512240398463}.
[I 2025-08-09 19:00:38,642] Trial 296 finished with values: [0.8756391115556529, 0.18209687308399755] and parameters: {'psi': 0.4824249601044134}.
[I 2025-08-09 19:00:44,439] Trial 297 finished with values: [0.8753569398251977, 0.17570900123304561] and parameters: {'psi': 0.6892003578648211}.
[I 2025-08-09 19:00:50,244] Trial 298 finished with values: [0.8751094331387168, 0.17528646639826573] and parameters: {'psi': 0.7217936804892944}.
