[I 2025-08-09 18:58:33,847] Trial 299 finished with values: [0.8215736584059062, 0.17839080459770115] and parameters: {'psi': 0.9836871657965157}.
[I 2025-08-09 18:58:39,166] Trial 300 finished with values: [0.8172340989312014, 0.17889169924120488] and parameters: {'psi': 0.9583246092089759}.
[I 2025-08-09 18:58:44,485] Trial 301 finished with values: [0.8197363817093337, 0.17794083925705115] and parameters: {'psi': 0.4677414430958804}.
[I 2025-08-09 18:58:49,818] Trial 302 finished with values: [0.8197459242159232, 0.17873510540788268] and parameters: {'psi': 0.36790961094575736}.
[I 2025-08-09 18:58:55,138] Trial 303 finished with values: [0.8206585090787705, 0.18152647261058905] and parameters: {'psi': 0.664966962889541}.
[I 2025-08-09 18:59:00,557] Trial 304 finished with values: [0.8199854316832923, 0.1797752808988764] and parameters: {'psi': 0.542358685200389}.
[I 2025-08-09 18:59:05,889] Trial 305 finished with values: [0.8229077332203457, 0.17873510540788268] and parameters: {'psi': 0.1808187429981759}.
[I 2025-08-09 18:59:11,209] Trial 306 finished with values: [0.8192560845424511, 0.18499769903359412] and parameters: {'psi': 0.879336317722296}.
[I 2025-08-09 18:59:16,524] Trial 307 finished with values: [0.8197076732064824, 0.17873510540788268] and parameters: {'psi': 0.3837138992693919}.
[I 2025-08-09 18:59:21,848] Trial 308 finished with values: [0.8199471266851297, 0.1793166704884201] and parameters: {'psi': 0.5332512452777224}.
[I 2025-08-09 18:59:27,172] Trial 309 finished with values: [0.8167189250499949, 0.1817345295606165] and parameters: {'psi': 0.923791657243811}.
[I 2025-08-09 18:59:32,488] Trial 310 finished with values: [0.8199280146775899, 0.1793166704884201] and parameters: {'psi': 0.5282051203079307}.
[I 2025-08-09 18:59:37,813] Trial 311 finished with values: [0.820121294301863, 0.186164100206849] and parameters: {'psi': 0.8470310752531823}.
[I 2025-08-09 18:59:43,138] Trial 312 finished with values: [0.8197199421435261, 0.17873510540788268] and parameters: {'psi': 0.37780781970635313}.
[I 2025-08-09 18:59:48,460] Trial 313 finished with values: [0.8196848764686755, 0.17794083925705115] and parameters: {'psi': 0.43203092047226876}.
[I 2025-08-09 18:59:53,773] Trial 314 finished with values: [0.8206293956605053, 0.18152647261058905] and parameters: {'psi': 0.6601206427927213}.
[I 2025-08-09 18:59:59,091] Trial 315 finished with values: [0.8202076762568453, 0.18023389130933273] and parameters: {'psi': 0.5876261567318749}.
[I 2025-08-09 19:00:04,421] Trial 316 finished with values: [0.8211747897287752, 0.17869415807560138] and parameters: {'psi': 0.23470576650480912}.
[I 2025-08-09 19:00:09,764] Trial 317 finished with values: [0.8480462858269833, 0.18344416418252693] and parameters: {'psi': 0.04455338702685552}.
[I 2025-08-09 19:00:15,094] Trial 318 finished with values: [0.82291915183502, 0.17873510540788268] and parameters: {'psi': 0.18053397024404605}.
[I 2025-08-09 19:00:20,413] Trial 319 finished with values: [0.8208300177509519, 0.1824432729773092] and parameters: {'psi': 0.6973801454604127}.
[I 2025-08-09 19:00:25,748] Trial 320 finished with values: [0.8227940329721002, 0.17873510540788268] and parameters: {'psi': 0.1834539876439386}.
[I 2025-08-09 19:00:31,077] Trial 321 finished with values: [0.820975625333819, 0.17869415807560138] and parameters: {'psi': 0.2440494317665448}.
[I 2025-08-09 19:00:36,390] Trial 322 finished with values: [0.82091888318714, 0.18173474070674622] and parameters: {'psi': 0.782589247765699}.
[I 2025-08-09 19:00:41,709] Trial 323 finished with values: [0.8197369620880937, 0.17794083925705115] and parameters: {'psi': 0.46802665829380363}.
[I 2025-08-09 19:00:47,041] Trial 324 finished with values: [0.826437488861452, 0.1806510774873911] and parameters: {'psi': 0.12739095073691342}.
[I 2025-08-09 19:00:52,363] Trial 325 finished with values: [0.8197253950044344, 0.17794083925705115] and parameters: {'psi': 0.46318887073931536}.
[I 2025-08-09 19:00:57,680] Trial 326 finished with values: [0.8206615189500145, 0.17839080459770115] and parameters: {'psi': 0.9786599347297621}.
[I 2025-08-09 19:01:03,014] Trial 327 finished with values: [0.8557743529492177, 0.18490479467767837] and parameters: {'psi': 0.034502254861345616}.
[I 2025-08-09 19:01:08,346] Trial 328 finished with values: [0.8239807320730315, 0.17965169569202566] and parameters: {'psi': 0.15976055410615797}.
[I 2025-08-09 19:01:13,662] Trial 329 finished with values: [0.8202479113518144, 0.18023389130933273] and parameters: {'psi': 0.5953972518024767}.
[I 2025-08-09 19:01:18,986] Trial 330 finished with values: [0.8190977896099461, 0.17972879797747643] and parameters: {'psi': 0.9698805118740922}.
[I 2025-08-09 19:01:24,310] Trial 331 finished with values: [0.8197036375495231, 0.17873510540788268] and parameters: {'psi': 0.3860331619300268}.
[I 2025-08-09 19:01:29,631] Trial 332 finished with values: [0.8197973214791376, 0.18491260349586017] and parameters: {'psi': 0.8608293329602481}.
[I 2025-08-09 19:01:34,944] Trial 333 finished with values: [0.8201309717802571, 0.1798165137614679] and parameters: {'psi': 0.5729817117953379}.
[I 2025-08-09 19:01:40,259] Trial 334 finished with values: [0.8167394542614838, 0.18027132674177973] and parameters: {'psi': 0.9542324005431023}.
[I 2025-08-09 19:01:45,587] Trial 335 finished with values: [0.8212251207147331, 0.17911131470453504] and parameters: {'psi': 0.23251245021638423}.
[I 2025-08-09 19:01:50,902] Trial 336 finished with values: [0.820204423436353, 0.18023389130933273] and parameters: {'psi': 0.587093795837871}.
[I 2025-08-09 19:01:56,239] Trial 337 finished with values: [0.8200233047716797, 0.17873510540788268] and parameters: {'psi': 0.3152886385590892}.
[I 2025-08-09 19:02:01,579] Trial 338 finished with values: [0.8413876812961527, 0.18340210912425492] and parameters: {'psi': 0.05690826188702969}.
[I 2025-08-09 19:02:06,901] Trial 339 finished with values: [0.8205593587910672, 0.17869415807560138] and parameters: {'psi': 0.2676822680890141}.
[I 2025-08-09 19:02:12,231] Trial 340 finished with values: [0.824622280054941, 0.18010999083409715] and parameters: {'psi': 0.14967721901233}.
[I 2025-08-09 19:02:17,564] Trial 341 finished with values: [0.8200969588854827, 0.17869415807560138] and parameters: {'psi': 0.306630581353901}.
[I 2025-08-09 19:02:22,900] Trial 342 finished with values: [0.8196997368643685, 0.17794083925705115] and parameters: {'psi': 0.44603243110422497}.
[I 2025-08-09 19:02:28,221] Trial 343 finished with values: [0.8198610281709372, 0.1792755616689592] and parameters: {'psi': 0.510371336199998}.
[I 2025-08-09 19:02:33,543] Trial 344 finished with values: [0.8240668980731264, 0.17948129446867112] and parameters: {'psi': 0.9962892742265594}.
[I 2025-08-09 19:02:38,855] Trial 345 finished with values: [0.820948199063112, 0.18327605956471935] and parameters: {'psi': 0.7268895336698653}.
[I 2025-08-09 19:02:44,174] Trial 346 finished with values: [0.8209115677153274, 0.18173474070674622] and parameters: {'psi': 0.7842646982738773}.
[I 2025-08-09 19:02:49,499] Trial 347 finished with values: [0.823261831749871, 0.17864523536165328] and parameters: {'psi': 0.9925780838867927}.
[I 2025-08-09 19:02:54,821] Trial 348 finished with values: [0.8208965858450101, 0.18331805682859761] and parameters: {'psi': 0.7123801387399858}.
[I 2025-08-09 19:03:00,133] Trial 349 finished with values: [0.8209830082915338, 0.18285976168652612] and parameters: {'psi': 0.7423021089670008}.
[I 2025-08-09 19:03:05,463] Trial 350 finished with values: [0.8241257997686798, 0.18010999083409715] and parameters: {'psi': 0.15737801725869183}.
[I 2025-08-09 19:03:10,788] Trial 351 finished with values: [0.8196944594668063, 0.17873510540788268] and parameters: {'psi': 0.3928579529753412}.
[I 2025-08-09 19:03:16,106] Trial 352 finished with values: [0.820054942162692, 0.18023389130933273] and parameters: {'psi': 0.5583781650637488}.
[I 2025-08-09 19:03:21,527] Trial 353 finished with values: [0.8179108475597664, 0.18265470439383483] and parameters: {'psi': 0.907804855191373}.
[I 2025-08-09 19:03:26,842] Trial 354 finished with values: [0.8181493157442397, 0.18315692590888172] and parameters: {'psi': 0.904018982452927}.
[I 2025-08-09 19:03:32,169] Trial 355 finished with values: [0.8776344134263041, 0.18913943856419696] and parameters: {'psi': 0.015400932843270154}.
[I 2025-08-09 19:03:37,488] Trial 356 finished with values: [0.8200315515489445, 0.1797752808988764] and parameters: {'psi': 0.5532414483021311}.
[I 2025-08-09 19:03:42,820] Trial 357 finished with values: [0.8234421675780773, 0.17965169569202566] and parameters: {'psi': 0.16956448942438962}.
[I 2025-08-09 19:03:48,132] Trial 358 finished with values: [0.8170396855437694, 0.18219461697722567] and parameters: {'psi': 0.919659227892594}.
[I 2025-08-09 19:03:53,457] Trial 359 finished with values: [0.8198941637489812, 0.17873510540788268] and parameters: {'psi': 0.3336349581158786}.
[I 2025-08-09 19:03:58,783] Trial 360 finished with values: [0.8232495223212861, 0.17919340054995417] and parameters: {'psi': 0.17340194257464536}.
[I 2025-08-09 19:04:04,100] Trial 361 finished with values: [0.8222760381801762, 0.17872731449575005] and parameters: {'psi': 0.9874540950862366}.
[I 2025-08-09 19:04:09,428] Trial 362 finished with values: [0.8247766338107502, 0.18081688848095456] and parameters: {'psi': 0.9995953839952795}.
[I 2025-08-09 19:04:14,774] Trial 363 finished with values: [0.848992937573327, 0.18344416418252693] and parameters: {'psi': 0.04313167755766567}.
[I 2025-08-09 19:04:20,093] Trial 364 finished with values: [0.8198131941633657, 0.17885806007796376] and parameters: {'psi': 0.4951067422694396}.
[I 2025-08-09 19:04:25,415] Trial 365 finished with values: [0.8202773487024108, 0.18023389130933273] and parameters: {'psi': 0.600289709604309}.
[I 2025-08-09 19:04:30,740] Trial 366 finished with values: [0.8186479285850145, 0.18319907940161104] and parameters: {'psi': 0.8944224581753064}.
[I 2025-08-09 19:04:36,070] Trial 367 finished with values: [0.8259363520479299, 0.18015127206050882] and parameters: {'psi': 0.13279959639949124}.
[I 2025-08-09 19:04:41,404] Trial 368 finished with values: [0.8294417047867535, 0.18073394495412845] and parameters: {'psi': 0.10249625579083421}.
[I 2025-08-09 19:04:46,733] Trial 369 finished with values: [0.8239917322751111, 0.17965169569202566] and parameters: {'psi': 0.15957810625291802}.
[I 2025-08-09 19:04:52,055] Trial 370 finished with values: [0.8162588736538114, 0.1808143547273982] and parameters: {'psi': 0.9305050996534544}.
[I 2025-08-09 19:04:57,374] Trial 371 finished with values: [0.8206888237460971, 0.17869415807560138] and parameters: {'psi': 0.25954377218173774}.
[I 2025-08-09 19:05:02,701] Trial 372 finished with values: [0.8199380430826761, 0.17873510540788268] and parameters: {'psi': 0.3270102174248398}.
[I 2025-08-09 19:05:08,008] Trial 373 finished with values: [0.8200019117406412, 0.1797752808988764] and parameters: {'psi': 0.5465621271918331}.
[I 2025-08-09 19:05:13,333] Trial 374 finished with values: [0.8160126175962095, 0.18119107840882961] and parameters: {'psi': 0.9432323063112514}.
[I 2025-08-09 19:05:18,670] Trial 375 finished with values: [0.8362440947810884, 0.1837763519706691] and parameters: {'psi': 0.07085714197418647}.
[I 2025-08-09 19:05:24,002] Trial 376 finished with values: [0.8201568998639323, 0.17869415807560138] and parameters: {'psi': 0.30014094325440355}.
[I 2025-08-09 19:05:29,323] Trial 377 finished with values: [0.8198067560082835, 0.17839944966750745] and parameters: {'psi': 0.49343789944370375}.
[I 2025-08-09 19:05:34,644] Trial 378 finished with values: [0.8209558249700755, 0.18327605956471935] and parameters: {'psi': 0.7296713395325026}.
[I 2025-08-09 19:05:39,979] Trial 379 finished with values: [0.8631948058314514, 0.18586507572280864] and parameters: {'psi': 0.027150190700194865}.
[I 2025-08-09 19:05:45,301] Trial 380 finished with values: [0.8208450941015324, 0.18248509857863365] and parameters: {'psi': 0.70029613854114}.
[I 2025-08-09 19:05:50,631] Trial 381 finished with values: [0.8240908420712729, 0.18010999083409715] and parameters: {'psi': 0.15795663445234398}.
[I 2025-08-09 19:05:55,947] Trial 382 finished with values: [0.8196932177262035, 0.17873510540788268] and parameters: {'psi': 0.3936783552237527}.
[I 2025-08-09 19:06:01,269] Trial 383 finished with values: [0.8787595383899495, 0.18830570902394106] and parameters: {'psi': 0.014416431498182947}.
[I 2025-08-09 19:06:06,601] Trial 384 finished with values: [0.8515941411870944, 0.18394495412844036] and parameters: {'psi': 0.039513724076877366}.
[I 2025-08-09 19:06:11,919] Trial 385 finished with values: [0.8209402087322764, 0.18215186969488414] and parameters: {'psi': 0.7781248070166505}.
[I 2025-08-09 19:06:17,231] Trial 386 finished with values: [0.8205637453747188, 0.18110958276020175] and parameters: {'psi': 0.6485497703727147}.
[I 2025-08-09 19:06:22,568] Trial 387 finished with values: [0.820187740921297, 0.17869415807560138] and parameters: {'psi': 0.2971246029415787}.
[I 2025-08-09 19:06:27,893] Trial 388 finished with values: [0.8258865474520103, 0.18015127206050882] and parameters: {'psi': 0.13335196119048565}.
[I 2025-08-09 19:06:33,230] Trial 389 finished with values: [0.8201488555443746, 0.17869415807560138] and parameters: {'psi': 0.30099248181961136}.
[I 2025-08-09 19:06:38,546] Trial 390 finished with values: [0.8205599526670078, 0.18110958276020175] and parameters: {'psi': 0.6478931452593115}.
[I 2025-08-09 19:06:43,860] Trial 391 finished with values: [0.8196138947966048, 0.184537505752416] and parameters: {'psi': 0.8677344258438756}.
[I 2025-08-09 19:06:49,183] Trial 392 finished with values: [0.8177254097973441, 0.18265470439383483] and parameters: {'psi': 0.9105528648407222}.
[I 2025-08-09 19:06:54,505] Trial 393 finished with values: [0.8207841003430065, 0.17869415807560138] and parameters: {'psi': 0.25411797120554935}.
[I 2025-08-09 19:06:59,829] Trial 394 finished with values: [0.8284342482424106, 0.18027522935779816] and parameters: {'psi': 0.10964810531608604}.
[I 2025-08-09 19:07:05,151] Trial 395 finished with values: [0.8199227912687495, 0.1793166704884201] and parameters: {'psi': 0.5269859709230644}.
[I 2025-08-09 19:07:10,478] Trial 396 finished with values: [0.8159769985369597, 0.18119107840882961] and parameters: {'psi': 0.9405063558855287}.
[I 2025-08-09 19:07:15,791] Trial 397 finished with values: [0.8204061927871392, 0.17869415807560138] and parameters: {'psi': 0.2785467915618939}.
[I 2025-08-09 19:07:21,113] Trial 398 finished with values: [0.8204962459752082, 0.18110958276020175] and parameters: {'psi': 0.6377997880423434}.
[I 2025-08-09 19:07:26,432] Trial 399 finished with values: [0.820859131169217, 0.18219366681964203] and parameters: {'psi': 0.7929465299623087}.
[I 2025-08-09 19:07:31,743] Trial 400 finished with values: [0.8201292981298792, 0.1798165137614679] and parameters: {'psi': 0.5727258080066983}.
[I 2025-08-09 19:07:37,075] Trial 401 finished with values: [0.8209833727154064, 0.17869415807560138] and parameters: {'psi': 0.24366289075176728}.
[I 2025-08-09 19:07:42,398] Trial 402 finished with values: [0.8204434719995863, 0.18110958276020175] and parameters: {'psi': 0.6287557072891058}.
[I 2025-08-09 19:07:47,822] Trial 403 finished with values: [0.8196969834395536, 0.17873510540788268] and parameters: {'psi': 0.3906759184447802}.
[I 2025-08-09 19:07:53,143] Trial 404 finished with values: [0.820882413805521, 0.18285976168652612] and parameters: {'psi': 0.7089466777296368}.
[I 2025-08-09 19:07:58,459] Trial 405 finished with values: [0.8204732602768746, 0.18515966000459452] and parameters: {'psi': 0.8284214772244005}.
[I 2025-08-09 19:08:03,771] Trial 406 finished with values: [0.8209758817802479, 0.18285976168652612] and parameters: {'psi': 0.7381123891059097}.
[I 2025-08-09 19:08:09,097] Trial 407 finished with values: [0.8249003894584429, 0.18010999083409715] and parameters: {'psi': 0.14573030307895818}.
[I 2025-08-09 19:08:14,429] Trial 408 finished with values: [0.8212843328454371, 0.17911131470453504] and parameters: {'psi': 0.23006061237165965}.
[I 2025-08-09 19:08:19,751] Trial 409 finished with values: [0.8197148132149491, 0.17873510540788268] and parameters: {'psi': 0.3803888519727142}.
[I 2025-08-09 19:08:25,086] Trial 410 finished with values: [0.8277701869634837, 0.18027522935779816] and parameters: {'psi': 0.11495887529623827}.
[I 2025-08-09 19:08:30,409] Trial 411 finished with values: [0.8197216562854452, 0.17873510540788268] and parameters: {'psi': 0.377305444281422}.
[I 2025-08-09 19:08:35,740] Trial 412 finished with values: [0.8201254379362659, 0.17869415807560138] and parameters: {'psi': 0.3034443847100331}.
[I 2025-08-09 19:08:41,051] Trial 413 finished with values: [0.8180439972450635, 0.18269673262770364] and parameters: {'psi': 0.9057100110036306}.
[I 2025-08-09 19:08:46,368] Trial 414 finished with values: [0.8198857685027313, 0.17973406694176983] and parameters: {'psi': 0.5172727874638904}.
[I 2025-08-09 19:08:51,683] Trial 415 finished with values: [0.8217463953215101, 0.17876838235294118] and parameters: {'psi': 0.984626175791961}.
[I 2025-08-09 19:08:57,005] Trial 416 finished with values: [0.8197871176107054, 0.17839944966750745] and parameters: {'psi': 0.4871048771643477}.
[I 2025-08-09 19:09:02,324] Trial 417 finished with values: [0.8197869421473594, 0.17839944966750745] and parameters: {'psi': 0.4869802468092539}.
[I 2025-08-09 19:09:07,640] Trial 418 finished with values: [0.8201059075161317, 0.18023389130933273] and parameters: {'psi': 0.5684012176505743}.
[I 2025-08-09 19:09:12,974] Trial 419 finished with values: [0.8299759231895976, 0.1811926605504587] and parameters: {'psi': 0.09909478575433472}.
[I 2025-08-09 19:09:18,282] Trial 420 finished with values: [0.820929829400498, 0.18215186969488414] and parameters: {'psi': 0.7804526236479488}.
[I 2025-08-09 19:09:23,608] Trial 421 finished with values: [0.8269647157248144, 0.18069250171978904] and parameters: {'psi': 0.12213770172215688}.
[I 2025-08-09 19:09:28,919] Trial 422 finished with values: [0.8209100020423934, 0.18331805682859761] and parameters: {'psi': 0.7155209048386122}.
[I 2025-08-09 19:09:34,265] Trial 423 finished with values: [0.8374838782927925, 0.1842346471127406] and parameters: {'psi': 0.06695956613143661}.
[I 2025-08-09 19:09:39,602] Trial 424 finished with values: [0.8199073909858376, 0.17873510540788268] and parameters: {'psi': 0.33146954308064813}.
[I 2025-08-09 19:09:44,930] Trial 425 finished with values: [0.8225279495563935, 0.17873510540788268] and parameters: {'psi': 0.18988385124141527}.
[I 2025-08-09 19:09:50,241] Trial 426 finished with values: [0.8201126561063646, 0.1857471264367816] and parameters: {'psi': 0.847466915935203}.
[I 2025-08-09 19:09:55,573] Trial 427 finished with values: [0.8317243074556211, 0.18202659330582302] and parameters: {'psi': 0.08930454994485237}.
[I 2025-08-09 19:10:00,897] Trial 428 finished with values: [0.8198181881201381, 0.17873510540788268] and parameters: {'psi': 0.3483749022476943}.
[I 2025-08-09 19:10:06,214] Trial 429 finished with values: [0.8205404762355952, 0.18419843821773083] and parameters: {'psi': 0.8240383376458201}.
[I 2025-08-09 19:10:11,535] Trial 430 finished with values: [0.8208934140076006, 0.18331805682859761] and parameters: {'psi': 0.711455034173454}.
[I 2025-08-09 19:10:16,840] Trial 431 finished with values: [0.8197533746595405, 0.17839944966750745] and parameters: {'psi': 0.47403375023071304}.
[I 2025-08-09 19:10:22,153] Trial 432 finished with values: [0.8209837911280009, 0.1829436038514443] and parameters: {'psi': 0.7594873611192032}.
[I 2025-08-09 19:10:27,487] Trial 433 finished with values: [0.8199780487255774, 0.17873510540788268] and parameters: {'psi': 0.32113312837124486}.
[I 2025-08-09 19:10:32,812] Trial 434 finished with values: [0.8190365663993524, 0.184537505752416] and parameters: {'psi': 0.8854005102640766}.
[I 2025-08-09 19:10:38,135] Trial 435 finished with values: [0.816991217168716, 0.18219461697722567] and parameters: {'psi': 0.9202840578794381}.
[I 2025-08-09 19:10:43,464] Trial 436 finished with values: [0.820848036486874, 0.17869415807560138] and parameters: {'psi': 0.2506335028429041}.
[I 2025-08-09 19:10:48,797] Trial 437 finished with values: [0.8208957895113627, 0.18173474070674622] and parameters: {'psi': 0.7871987762715531}.
[I 2025-08-09 19:10:54,141] Trial 438 finished with values: [0.8650177215280083, 0.18682579756713336] and parameters: {'psi': 0.02556217388777504}.
[I 2025-08-09 19:10:59,459] Trial 439 finished with values: [0.8199498936071252, 0.1793166704884201] and parameters: {'psi': 0.5339616075222913}.
[I 2025-08-09 19:11:04,813] Trial 440 finished with values: [0.8543467696685098, 0.18490479467767837] and parameters: {'psi': 0.03612376847584553}.
[I 2025-08-09 19:11:10,154] Trial 441 finished with values: [0.8218245979851301, 0.17869415807560138] and parameters: {'psi': 0.21011999867282227}.
[I 2025-08-09 19:11:15,504] Trial 442 finished with values: [0.8253065601102061, 0.17969287187714875] and parameters: {'psi': 0.14040101995555854}.
[I 2025-08-09 19:11:20,827] Trial 443 finished with values: [0.8178121156846577, 0.17885057471264368] and parameters: {'psi': 0.9622827755930805}.
[I 2025-08-09 19:11:26,161] Trial 444 finished with values: [0.8199224943307794, 0.17873510540788268] and parameters: {'psi': 0.3293170243542458}.
[I 2025-08-09 19:11:31,503] Trial 445 finished with values: [0.8396355988026812, 0.1837763519706691] and parameters: {'psi': 0.06106688490283285}.
[I 2025-08-09 19:11:36,825] Trial 446 finished with values: [0.8201868366102057, 0.18570443576189383] and parameters: {'psi': 0.8439024144132995}.
[I 2025-08-09 19:11:42,153] Trial 447 finished with values: [0.8212310189825966, 0.17911131470453504] and parameters: {'psi': 0.23227018274696187}.
