[I 2025-08-09 19:16:03,534] Trial 0 finished with values: [0.8323813942903943, 0.240407204385278] and parameters: {'psi': 0.361701043198275}.
[I 2025-08-09 19:16:11,796] Trial 1 finished with values: [0.8357189123310679, 0.22656561627443159] and parameters: {'psi': 0.7566496639257579}.
[I 2025-08-09 19:16:19,934] Trial 2 finished with values: [0.8357404644718769, 0.2285941855834329] and parameters: {'psi': 0.7487169932598815}.
[I 2025-08-09 19:16:28,098] Trial 3 finished with values: [0.8337867206484406, 0.23981191222570533] and parameters: {'psi': 0.46863018190226235}.
[I 2025-08-09 19:16:36,250] Trial 4 finished with values: [0.8292143071985101, 0.24106792304672164] and parameters: {'psi': 0.14427640603679082}.
[I 2025-08-09 19:16:44,376] Trial 5 finished with values: [0.835789548416092, 0.23515439429928742] and parameters: {'psi': 0.7226868581714957}.
[I 2025-08-09 19:16:52,509] Trial 6 finished with values: [0.8347259291376175, 0.2407843137254902] and parameters: {'psi': 0.5386836866660787}.
[I 2025-08-09 19:17:00,651] Trial 7 finished with values: [0.824952646037676, 0.2386994448850119] and parameters: {'psi': 0.9721348511130085}.
[I 2025-08-09 19:17:08,808] Trial 8 finished with values: [0.8284043904246374, 0.24213836477987422] and parameters: {'psi': 0.10701123867895002}.
[I 2025-08-09 19:17:16,983] Trial 9 finished with values: [0.8344292279991468, 0.24068992551940416] and parameters: {'psi': 0.5162306837425822}.
[I 2025-08-09 19:17:25,097] Trial 10 finished with values: [0.8312504773957661, 0.2211614956245028] and parameters: {'psi': 0.8824005382747422}.
[I 2025-08-09 19:17:33,269] Trial 11 finished with values: [0.8337918973881446, 0.23981191222570533] and parameters: {'psi': 0.4689935125955028}.
[I 2025-08-09 19:17:41,381] Trial 12 finished with values: [0.8358153898555128, 0.23677979479084452] and parameters: {'psi': 0.6898648078613804}.
[I 2025-08-09 19:17:49,493] Trial 13 finished with values: [0.8241558507142368, 0.25906735751295334] and parameters: {'psi': 0.023073893269398682}.
[I 2025-08-09 19:17:57,636] Trial 14 finished with values: [0.8269893233441274, 0.24201813165155694] and parameters: {'psi': 0.06319417288807205}.
[I 2025-08-09 19:18:05,793] Trial 15 finished with values: [0.8258586600040969, 0.2245140817136057] and parameters: {'psi': 0.9180598130421619}.
[I 2025-08-09 19:18:13,924] Trial 16 finished with values: [0.8351944346456157, 0.2413793103448276] and parameters: {'psi': 0.5785167313582953}.
[I 2025-08-09 19:18:22,104] Trial 17 finished with values: [0.8352707123204397, 0.24147393179145432] and parameters: {'psi': 0.5859861026659986}.
[I 2025-08-09 19:18:30,270] Trial 18 finished with values: [0.8276098348334785, 0.24242424242424243] and parameters: {'psi': 0.07930898474605153}.
[I 2025-08-09 19:18:38,388] Trial 19 finished with values: [0.8297277975180596, 0.24097331240188383] and parameters: {'psi': 0.1721087310160906}.
[I 2025-08-09 19:18:46,483] Trial 20 finished with values: [0.8319764042091331, 0.21903624054161688] and parameters: {'psi': 0.8766973245219796}.
[I 2025-08-09 19:18:54,618] Trial 21 finished with values: [0.8242576528852348, 0.22839016653449642] and parameters: {'psi': 0.9359953067538894}.
[I 2025-08-09 19:19:02,753] Trial 22 finished with values: [0.8308590736150345, 0.23990591924735397] and parameters: {'psi': 0.24556464902724218}.
[I 2025-08-09 19:19:10,878] Trial 23 finished with values: [0.826946620523956, 0.2421135646687697] and parameters: {'psi': 0.06224121298675234}.
[I 2025-08-09 19:19:18,996] Trial 24 finished with values: [0.8278483663213148, 0.22169249106078665] and parameters: {'psi': 0.9046737262696581}.
[I 2025-08-09 19:19:27,102] Trial 25 finished with values: [0.8322307828593287, 0.240407204385278] and parameters: {'psi': 0.3497448299602992}.
[I 2025-08-09 19:19:35,261] Trial 26 finished with values: [0.8343155932802538, 0.24068992551940416] and parameters: {'psi': 0.5073884605483128}.
[I 2025-08-09 19:19:43,381] Trial 27 finished with values: [0.8240596056148399, 0.23375594294770205] and parameters: {'psi': 0.952424970638334}.
[I 2025-08-09 19:19:51,504] Trial 28 finished with values: [0.8330990805793341, 0.24050137093615354] and parameters: {'psi': 0.41751341523104146}.
[I 2025-08-09 19:19:59,656] Trial 29 finished with values: [0.8357651226565085, 0.23034154090548054] and parameters: {'psi': 0.7359979601561396}.
[I 2025-08-09 19:20:07,772] Trial 30 finished with values: [0.8331195762426526, 0.24050137093615354] and parameters: {'psi': 0.4190731259160235}.
[I 2025-08-09 19:20:15,916] Trial 31 finished with values: [0.8322451720827514, 0.240407204385278] and parameters: {'psi': 0.35078654581551794}.
[I 2025-08-09 19:20:24,085] Trial 32 finished with values: [0.8356761883813465, 0.24047151277013754] and parameters: {'psi': 0.6376031137155928}.
[I 2025-08-09 19:20:32,200] Trial 33 finished with values: [0.82438907868507, 0.2578591325109431] and parameters: {'psi': 0.02507974930474166}.
[I 2025-08-09 19:20:40,309] Trial 34 finished with values: [0.8263734603557349, 0.24426877470355732] and parameters: {'psi': 0.05045732187455343}.
[I 2025-08-09 19:20:48,438] Trial 35 finished with values: [0.8283167873111138, 0.24282907662082515] and parameters: {'psi': 0.10337287765242964}.
[I 2025-08-09 19:20:56,523] Trial 36 finished with values: [0.8337538853280315, 0.23981191222570533] and parameters: {'psi': 0.4662451639074523}.
[I 2025-08-09 19:21:04,629] Trial 37 finished with values: [0.8353775855833928, 0.2192] and parameters: {'psi': 0.8140993205925182}.
[I 2025-08-09 19:21:12,758] Trial 38 finished with values: [0.825725395933428, 0.24861441013460014] and parameters: {'psi': 0.04009098534253852}.
[I 2025-08-09 19:21:20,887] Trial 39 finished with values: [0.8355019963726902, 0.24087877599058455] and parameters: {'psi': 0.6113707866168079}.
[I 2025-08-09 19:21:29,034] Trial 40 finished with values: [0.8357552340271961, 0.2289348171701113] and parameters: {'psi': 0.7409278582157913}.
[I 2025-08-09 19:21:37,171] Trial 41 finished with values: [0.8269352105670569, 0.22310440651052005] and parameters: {'psi': 0.9104894512715116}.
[I 2025-08-09 19:21:45,296] Trial 42 finished with values: [0.83221373131263, 0.240407204385278] and parameters: {'psi': 0.348331583592572}.
[I 2025-08-09 19:21:53,419] Trial 43 finished with values: [0.8354787961269958, 0.2407843137254902] and parameters: {'psi': 0.6084051882265533}.
[I 2025-08-09 19:22:01,587] Trial 44 finished with values: [0.831615870700678, 0.23971797884841364] and parameters: {'psi': 0.3015503927385237}.
[I 2025-08-09 19:22:09,709] Trial 45 finished with values: [0.8313995041105954, 0.23971797884841364] and parameters: {'psi': 0.2848779810725375}.
[I 2025-08-09 19:22:17,903] Trial 46 finished with values: [0.8274287334620334, 0.22239872915011913] and parameters: {'psi': 0.9073160921495863}.
[I 2025-08-09 19:22:26,103] Trial 47 finished with values: [0.8311828628363653, 0.2211614956245028] and parameters: {'psi': 0.8828893825620088}.
[I 2025-08-09 19:22:34,240] Trial 48 finished with values: [0.8357971550540246, 0.23867664434816857] and parameters: {'psi': 0.671806757703386}.
[I 2025-08-09 19:22:42,390] Trial 49 finished with values: [0.8298217183669774, 0.22098569157392686] and parameters: {'psi': 0.8923762373374418}.
[I 2025-08-09 19:22:50,554] Trial 50 finished with values: [0.8343847714263407, 0.24068992551940416] and parameters: {'psi': 0.5128764462065314}.
[I 2025-08-09 19:22:58,707] Trial 51 finished with values: [0.8240124233301078, 0.22988505747126436] and parameters: {'psi': 0.9437295648372972}.
[I 2025-08-09 19:23:06,855] Trial 52 finished with values: [0.8347120470233906, 0.22044728434504793] and parameters: {'psi': 0.8404607781749243}.
[I 2025-08-09 19:23:15,100] Trial 53 finished with values: [0.8352699305270967, 0.2421630094043887] and parameters: {'psi': 0.585882652254864}.
[I 2025-08-09 19:23:23,260] Trial 54 finished with values: [0.8342104315108357, 0.24059561128526646] and parameters: {'psi': 0.49956661228862487}.
[I 2025-08-09 19:23:31,408] Trial 55 finished with values: [0.8285593545429641, 0.24213836477987422] and parameters: {'psi': 0.1135391481222019}.
[I 2025-08-09 19:23:39,563] Trial 56 finished with values: [0.83401811034844, 0.24059561128526646] and parameters: {'psi': 0.4855233046928856}.
[I 2025-08-09 19:23:47,695] Trial 57 finished with values: [0.830001636483633, 0.22098569157392686] and parameters: {'psi': 0.8911684212049553}.
[I 2025-08-09 19:23:55,863] Trial 58 finished with values: [0.8354118788427388, 0.24068992551940416] and parameters: {'psi': 0.600374273480947}.
[I 2025-08-09 19:24:03,979] Trial 59 finished with values: [0.8217159159496089, 0.2648364957610012] and parameters: {'psi': 0.011442963726738808}.
[I 2025-08-09 19:24:12,124] Trial 60 finished with values: [0.835370993163851, 0.2192] and parameters: {'psi': 0.8145511569412263}.
[I 2025-08-09 19:24:20,243] Trial 61 finished with values: [0.8308374792151259, 0.23990591924735397] and parameters: {'psi': 0.24401167905089116}.
[I 2025-08-09 19:24:28,393] Trial 62 finished with values: [0.834843346045927, 0.2407843137254902] and parameters: {'psi': 0.5479767237896912}.
[I 2025-08-09 19:24:36,554] Trial 63 finished with values: [0.8317715532236984, 0.2197452229299363] and parameters: {'psi': 0.8783891469737567}.
[I 2025-08-09 19:24:44,714] Trial 64 finished with values: [0.8335333984757354, 0.24050137093615354] and parameters: {'psi': 0.44998584461864566}.
[I 2025-08-09 19:24:52,860] Trial 65 finished with values: [0.8249492230506061, 0.2386994448850119] and parameters: {'psi': 0.9720766646573017}.
[I 2025-08-09 19:25:01,032] Trial 66 finished with values: [0.8355842114510117, 0.21982414068745004] and parameters: {'psi': 0.7921179178294826}.
[I 2025-08-09 19:25:09,171] Trial 67 finished with values: [0.8262677492180218, 0.2450592885375494] and parameters: {'psi': 0.04852558745939117}.
[I 2025-08-09 19:25:17,310] Trial 68 finished with values: [0.8352157543613767, 0.21982414068745004] and parameters: {'psi': 0.823376528141989}.
[I 2025-08-09 19:25:25,410] Trial 69 finished with values: [0.832730771396548, 0.24119028974158183] and parameters: {'psi': 0.3891636186021843}.
[I 2025-08-09 19:25:33,538] Trial 70 finished with values: [0.8340657997423673, 0.24059561128526646] and parameters: {'psi': 0.48911772311183743}.
[I 2025-08-09 19:25:41,669] Trial 71 finished with values: [0.8314450594199917, 0.23971797884841364] and parameters: {'psi': 0.2883028351675777}.
[I 2025-08-09 19:25:49,807] Trial 72 finished with values: [0.8255348919123162, 0.22521808088818399] and parameters: {'psi': 0.9207202685671405}.
[I 2025-08-09 19:25:57,934] Trial 73 finished with values: [0.8355427975333786, 0.21982414068745004] and parameters: {'psi': 0.7980097600748302}.
[I 2025-08-09 19:26:06,069] Trial 74 finished with values: [0.8289588298117241, 0.2412573673870334] and parameters: {'psi': 0.1315465496510273}.
[I 2025-08-09 19:26:14,208] Trial 75 finished with values: [0.8243595395744319, 0.23543400713436385] and parameters: {'psi': 0.961426214758746}.
[I 2025-08-09 19:26:22,367] Trial 76 finished with values: [0.835561497184963, 0.21982414068745004] and parameters: {'psi': 0.7953633451926962}.
[I 2025-08-09 19:26:30,460] Trial 77 finished with values: [0.8356011996090611, 0.21991203518592564] and parameters: {'psi': 0.7889549539846906}.
[I 2025-08-09 19:26:38,550] Trial 78 finished with values: [0.8312609999115729, 0.2211614956245028] and parameters: {'psi': 0.8823222055549489}.
[I 2025-08-09 19:26:46,696] Trial 79 finished with values: [0.8357569877798305, 0.23996852871754523] and parameters: {'psi': 0.656481346018442}.
[I 2025-08-09 19:26:54,850] Trial 80 finished with values: [0.8298940870750859, 0.24087877599058455] and parameters: {'psi': 0.1822743799576272}.
[I 2025-08-09 19:27:02,996] Trial 81 finished with values: [0.8295544506913958, 0.22098569157392686] and parameters: {'psi': 0.894070859182236}.
[I 2025-08-09 19:27:11,134] Trial 82 finished with values: [0.8322713727245191, 0.240407204385278] and parameters: {'psi': 0.3528426398998178}.
[I 2025-08-09 19:27:19,281] Trial 83 finished with values: [0.8299146883861536, 0.24087877599058455] and parameters: {'psi': 0.1833886533342678}.
[I 2025-08-09 19:27:27,422] Trial 84 finished with values: [0.8311898778469031, 0.23971797884841364] and parameters: {'psi': 0.2689838929450351}.
[I 2025-08-09 19:27:35,553] Trial 85 finished with values: [0.834428403946704, 0.24068992551940416] and parameters: {'psi': 0.5161754205596469}.
[I 2025-08-09 19:27:43,635] Trial 86 finished with values: [0.8243560531987127, 0.23543400713436385] and parameters: {'psi': 0.9613361546394763}.
[I 2025-08-09 19:27:51,777] Trial 87 finished with values: [0.8309344004601171, 0.23990591924735397] and parameters: {'psi': 0.25084351294083373}.
[I 2025-08-09 19:27:59,902] Trial 88 finished with values: [0.8356756812721511, 0.2222222222222222] and parameters: {'psi': 0.7713320342993534}.
[I 2025-08-09 19:28:07,985] Trial 89 finished with values: [0.834243351349444, 0.22018348623853212] and parameters: {'psi': 0.8502067631852824}.
[I 2025-08-09 19:28:16,124] Trial 90 finished with values: [0.825214546807605, 0.2543581616481775] and parameters: {'psi': 0.03344820095762813}.
[I 2025-08-09 19:28:24,279] Trial 91 finished with values: [0.8248412933101626, 0.25645097260817784] and parameters: {'psi': 0.029398648190974486}.
[I 2025-08-09 19:28:32,417] Trial 92 finished with values: [0.8355508690214071, 0.24087877599058455] and parameters: {'psi': 0.6178850481331267}.
[I 2025-08-09 19:28:40,539] Trial 93 finished with values: [0.8358136361028785, 0.23747534516765287] and parameters: {'psi': 0.688115208171493}.
[I 2025-08-09 19:28:48,637] Trial 94 finished with values: [0.8242419747592736, 0.23454833597464342] and parameters: {'psi': 0.9586495534367064}.
[I 2025-08-09 19:28:56,769] Trial 95 finished with values: [0.8314297193668277, 0.23971797884841364] and parameters: {'psi': 0.2871654119511198}.
[I 2025-08-09 19:29:04,903] Trial 96 finished with values: [0.8296674092646947, 0.24097331240188383] and parameters: {'psi': 0.1686063843117409}.
[I 2025-08-09 19:29:13,049] Trial 97 finished with values: [0.8331326554339866, 0.24050137093615354] and parameters: {'psi': 0.42003518173627574}.
[I 2025-08-09 19:29:21,196] Trial 98 finished with values: [0.8342134741660087, 0.24068992551940416] and parameters: {'psi': 0.4997817521142036}.
[I 2025-08-09 19:29:29,285] Trial 99 finished with values: [0.8317112706180827, 0.240407204385278] and parameters: {'psi': 0.3090476576328557}.
[I 2025-08-09 19:29:37,410] Trial 100 finished with values: [0.8357073967264198, 0.2251497005988024] and parameters: {'psi': 0.7619763690169997}.
[I 2025-08-09 19:29:45,515] Trial 101 finished with values: [0.83551215968615, 0.21982414068745004] and parameters: {'psi': 0.8018098234036964}.
[I 2025-08-09 19:29:53,787] Trial 102 finished with values: [0.8262370691116936, 0.22380952380952382] and parameters: {'psi': 0.9152437172435937}.
[I 2025-08-09 19:30:01,906] Trial 103 finished with values: [0.8358143333780224, 0.23677979479084452] and parameters: {'psi': 0.6888803958407829}.
[I 2025-08-09 19:30:09,991] Trial 104 finished with values: [0.833650582958997, 0.24059561128526646] and parameters: {'psi': 0.4587426547912896}.
[I 2025-08-09 19:30:18,114] Trial 105 finished with values: [0.8356159057757309, 0.21991203518592564] and parameters: {'psi': 0.7863649943689023}.
[I 2025-08-09 19:30:26,216] Trial 106 finished with values: [0.8336575134513355, 0.24059561128526646] and parameters: {'psi': 0.45921154447524926}.
[I 2025-08-09 19:30:34,358] Trial 107 finished with values: [0.8295983578959066, 0.24087877599058455] and parameters: {'psi': 0.16479092932105577}.
[I 2025-08-09 19:30:42,490] Trial 108 finished with values: [0.8325380910318055, 0.24050137093615354] and parameters: {'psi': 0.37400971064692967}.
[I 2025-08-09 19:30:50,608] Trial 109 finished with values: [0.8332466916143262, 0.24050137093615354] and parameters: {'psi': 0.4286738859300636}.
[I 2025-08-09 19:30:58,704] Trial 110 finished with values: [0.835636971936894, 0.24066063704286275] and parameters: {'psi': 0.6305279364567522}.
[I 2025-08-09 19:31:06,835] Trial 111 finished with values: [0.8319543449591286, 0.240407204385278] and parameters: {'psi': 0.32807393828005416}.
[I 2025-08-09 19:31:14,946] Trial 112 finished with values: [0.8333372739943735, 0.24050137093615354] and parameters: {'psi': 0.43557007298497774}.
[I 2025-08-09 19:31:23,061] Trial 113 finished with values: [0.8357513884491302, 0.23996852871754523] and parameters: {'psi': 0.654714668667205}.
[I 2025-08-09 19:31:31,180] Trial 114 finished with values: [0.8319658394342266, 0.240407204385278] and parameters: {'psi': 0.3289331326977353}.
[I 2025-08-09 19:31:39,289] Trial 115 finished with values: [0.8340461281314917, 0.24059561128526646] and parameters: {'psi': 0.48770636533463585}.
[I 2025-08-09 19:31:47,416] Trial 116 finished with values: [0.8266192181496071, 0.24396039603960396] and parameters: {'psi': 0.9936331429253568}.
[I 2025-08-09 19:31:55,562] Trial 117 finished with values: [0.8269627212409131, 0.24465558194774348] and parameters: {'psi': 0.997591863147428}.
[I 2025-08-09 19:32:03,693] Trial 118 finished with values: [0.8316073766216532, 0.23971797884841364] and parameters: {'psi': 0.30085932025173134}.
[I 2025-08-09 19:32:11,822] Trial 119 finished with values: [0.82881599405499, 0.24204322200392928] and parameters: {'psi': 0.12468349913313526}.
[I 2025-08-09 19:32:19,947] Trial 120 finished with values: [0.8302207076560916, 0.24] and parameters: {'psi': 0.2027142999497602}.
[I 2025-08-09 19:32:28,079] Trial 121 finished with values: [0.8330434253451273, 0.24050137093615354] and parameters: {'psi': 0.4132768200138681}.
[I 2025-08-09 19:32:36,191] Trial 122 finished with values: [0.8330638364902466, 0.24050137093615354] and parameters: {'psi': 0.41478685360220646}.
[I 2025-08-09 19:32:44,296] Trial 123 finished with values: [0.831148125856473, 0.24050137093615354] and parameters: {'psi': 0.26600269838147805}.
[I 2025-08-09 19:32:52,415] Trial 124 finished with values: [0.8355738157125038, 0.24028268551236748] and parameters: {'psi': 0.6213885803425026}.
[I 2025-08-09 19:33:00,501] Trial 125 finished with values: [0.835633358783876, 0.21991203518592564] and parameters: {'psi': 0.7831023220997644}.
[I 2025-08-09 19:33:08,623] Trial 126 finished with values: [0.8357208773792005, 0.22656561627443159] and parameters: {'psi': 0.7558896924999081}.
[I 2025-08-09 19:33:16,750] Trial 127 finished with values: [0.8250431227699742, 0.23949246629659002] and parameters: {'psi': 0.97353753653912}.
[I 2025-08-09 19:33:24,888] Trial 128 finished with values: [0.8246120376946942, 0.23701942132382084] and parameters: {'psi': 0.9664489487333959}.
[I 2025-08-09 19:33:32,981] Trial 129 finished with values: [0.813792736231272, 0.2437216961712639] and parameters: {'psi': 0.003939782193823738}.
[I 2025-08-09 19:33:41,069] Trial 130 finished with values: [0.824506685759328, 0.23622671422909236] and parameters: {'psi': 0.9645314411785765}.
[I 2025-08-09 19:33:49,153] Trial 131 finished with values: [0.8353361927953096, 0.24147393179145432] and parameters: {'psi': 0.5925628260948129}.
[I 2025-08-09 19:33:57,287] Trial 132 finished with values: [0.8355902967613578, 0.2403770620581304] and parameters: {'psi': 0.6236844350080856}.
[I 2025-08-09 19:34:05,414] Trial 133 finished with values: [0.8299863809486683, 0.24087877599058455] and parameters: {'psi': 0.18772014526679415}.
[I 2025-08-09 19:34:13,474] Trial 134 finished with values: [0.8308681170623545, 0.23990591924735397] and parameters: {'psi': 0.24617465564053775}.
[I 2025-08-09 19:34:21,573] Trial 135 finished with values: [0.8353549980946428, 0.24068992551940416] and parameters: {'psi': 0.5944541455708173}.
[I 2025-08-09 19:34:29,679] Trial 136 finished with values: [0.824380964937942, 0.23543400713436385] and parameters: {'psi': 0.9618698130466057}.
[I 2025-08-09 19:34:37,805] Trial 137 finished with values: [0.834011792613046, 0.22009569377990432] and parameters: {'psi': 0.8541187907700548}.
[I 2025-08-09 19:34:45,885] Trial 138 finished with values: [0.8346121887709755, 0.24068992551940416] and parameters: {'psi': 0.5302261098967767}.
[I 2025-08-09 19:34:53,987] Trial 139 finished with values: [0.8338587512837522, 0.2200079713033081] and parameters: {'psi': 0.8564189521478663}.
[I 2025-08-09 19:35:02,108] Trial 140 finished with values: [0.8308357254624915, 0.23990591924735397] and parameters: {'psi': 0.24387123056440907}.
[I 2025-08-09 19:35:10,218] Trial 141 finished with values: [0.8358011485389392, 0.23496835443037975] and parameters: {'psi': 0.7161544325716448}.
[I 2025-08-09 19:35:18,288] Trial 142 finished with values: [0.835802860032474, 0.23798266351457842] and parameters: {'psi': 0.6754429477314624}.
[I 2025-08-09 19:35:26,363] Trial 143 finished with values: [0.8324618767456309, 0.21903624054161688] and parameters: {'psi': 0.8723852189930368}.
[I 2025-08-09 19:35:34,489] Trial 144 finished with values: [0.8356188850422545, 0.21991203518592564] and parameters: {'psi': 0.785810322998176}.
[I 2025-08-09 19:35:42,572] Trial 145 finished with values: [0.830068786192938, 0.22098569157392686] and parameters: {'psi': 0.890726349967985}.
[I 2025-08-09 19:35:50,690] Trial 146 finished with values: [0.8270931328223574, 0.2445587653343886] and parameters: {'psi': 0.9991903599967774}.
[I 2025-08-09 19:35:58,806] Trial 147 finished with values: [0.8320689727668629, 0.21903624054161688] and parameters: {'psi': 0.8759174519918289}.
[I 2025-08-09 19:36:06,935] Trial 148 finished with values: [0.826038430213904, 0.22380952380952382] and parameters: {'psi': 0.916699436886117}.
[I 2025-08-09 19:36:15,064] Trial 149 finished with values: [0.835681111566453, 0.22293248102277266] and parameters: {'psi': 0.7698819291115774}.
[I 2025-08-09 19:36:23,153] Trial 150 finished with values: [0.8353640838010623, 0.2192] and parameters: {'psi': 0.8150988323203718}.
