[I 2025-08-09 19:15:20,792] Trial 448 finished with values: [0.8748552036218635, 0.18343014368694588] and parameters: {'psi': 0.28523806612915303}.
[I 2025-08-09 19:15:26,587] Trial 449 finished with values: [0.8866537421332449, 0.19297163995067818] and parameters: {'psi': 0.03971464164503846}.
[I 2025-08-09 19:15:32,378] Trial 450 finished with values: [0.8728302928721156, 0.1796850879901204] and parameters: {'psi': 0.9800973889645083}.
[I 2025-08-09 19:15:38,187] Trial 451 finished with values: [0.8652733708688962, 0.17377860235003093] and parameters: {'psi': 0.941026522742471}.
[I 2025-08-09 19:15:43,990] Trial 452 finished with values: [0.8748561105561538, 0.1832620647525962] and parameters: {'psi': 0.27466284235069494}.
[I 2025-08-09 19:15:49,808] Trial 453 finished with values: [0.8752102036153856, 0.18625954198473282] and parameters: {'psi': 0.1904948051094668}.
[I 2025-08-09 19:15:55,613] Trial 454 finished with values: [0.8754158905540489, 0.18742368742368742] and parameters: {'psi': 0.17268089819912102}.
[I 2025-08-09 19:16:01,508] Trial 455 finished with values: [0.8696882838053638, 0.17810760667903525] and parameters: {'psi': 0.9686937430339958}.
[I 2025-08-09 19:16:07,314] Trial 456 finished with values: [0.8648426058727018, 0.1739938080495356] and parameters: {'psi': 0.9256507581426944}.
[I 2025-08-09 19:16:13,107] Trial 457 finished with values: [0.8757283078232873, 0.18159509202453988] and parameters: {'psi': 0.5042283056402781}.
[I 2025-08-09 19:16:18,911] Trial 458 finished with values: [0.8786763625140159, 0.19167176974892836] and parameters: {'psi': 0.0842394580229272}.
[I 2025-08-09 19:16:24,717] Trial 459 finished with values: [0.8765992238657886, 0.18864468864468864] and parameters: {'psi': 0.12136873165948203}.
[I 2025-08-09 19:16:30,548] Trial 460 finished with values: [0.875303560264128, 0.18198529411764705] and parameters: {'psi': 0.4195674692361435}.
[I 2025-08-09 19:16:36,354] Trial 461 finished with values: [0.8698848294222151, 0.17816269718527683] and parameters: {'psi': 0.9695160152283119}.
[I 2025-08-09 19:16:42,166] Trial 462 finished with values: [0.8653317025791052, 0.1734820322180917] and parameters: {'psi': 0.9163340092672144}.
[I 2025-08-09 19:16:47,979] Trial 463 finished with values: [0.8776827224267143, 0.19187289948059885] and parameters: {'psi': 0.09827711699133401}.
[I 2025-08-09 19:16:53,804] Trial 464 finished with values: [0.8756115724239575, 0.18204106650321789] and parameters: {'psi': 0.47684443357962747}.
[I 2025-08-09 19:16:59,612] Trial 465 finished with values: [0.8749767040251615, 0.18553555080866646] and parameters: {'psi': 0.2228244685212617}.
[I 2025-08-09 19:17:05,424] Trial 466 finished with values: [0.8825853068871296, 0.1934295363831747] and parameters: {'psi': 0.05441997331574655}.
[I 2025-08-09 19:17:11,228] Trial 467 finished with values: [0.8752032792440602, 0.1814281336193687] and parameters: {'psi': 0.4002684080462614}.
[I 2025-08-09 19:17:17,045] Trial 468 finished with values: [0.8749670156636189, 0.18198529411764705] and parameters: {'psi': 0.342523795622072}.
[I 2025-08-09 19:17:22,852] Trial 469 finished with values: [0.8756942617979555, 0.18153940509046304] and parameters: {'psi': 0.4952420056825916}.
[I 2025-08-09 19:17:28,663] Trial 470 finished with values: [0.8758372551043486, 0.18047882136279927] and parameters: {'psi': 0.5692711515709091}.
[I 2025-08-09 19:17:34,468] Trial 471 finished with values: [0.8857006405691286, 0.19291217257318952] and parameters: {'psi': 0.042424051580054356}.
[I 2025-08-09 19:17:40,276] Trial 472 finished with values: [0.8751160264070472, 0.17528646639826573] and parameters: {'psi': 0.7209824169392578}.
[I 2025-08-09 19:17:46,084] Trial 473 finished with values: [0.8763314767092797, 0.18797680805614891] and parameters: {'psi': 0.12927474150465512}.
[I 2025-08-09 19:17:51,899] Trial 474 finished with values: [0.8753121113588624, 0.18254211332312403] and parameters: {'psi': 0.4211473870224196}.
[I 2025-08-09 19:17:57,701] Trial 475 finished with values: [0.8750183222320258, 0.18198529411764705] and parameters: {'psi': 0.35707586729681406}.
[I 2025-08-09 19:18:03,515] Trial 476 finished with values: [0.8752775182938003, 0.1814281336193687] and parameters: {'psi': 0.4146501632199634}.
[I 2025-08-09 19:18:09,323] Trial 477 finished with values: [0.8758292510493445, 0.18053423395762971] and parameters: {'psi': 0.5796685834433275}.
[I 2025-08-09 19:18:15,132] Trial 478 finished with values: [0.8732571854028494, 0.17962962962962964] and parameters: {'psi': 0.981379879391281}.
[I 2025-08-09 19:18:20,937] Trial 479 finished with values: [0.8736228094837687, 0.166510757717493] and parameters: {'psi': 0.8239897414574279}.
[I 2025-08-09 19:18:26,745] Trial 480 finished with values: [0.8758354700273332, 0.1810926949048496] and parameters: {'psi': 0.5539233424565285}.
[I 2025-08-09 19:18:32,552] Trial 481 finished with values: [0.8816322773019252, 0.19275629220380602] and parameters: {'psi': 0.05948755308430431}.
[I 2025-08-09 19:18:38,362] Trial 482 finished with values: [0.8755506350771376, 0.18204106650321789] and parameters: {'psi': 0.4654675991332592}.
[I 2025-08-09 19:18:44,168] Trial 483 finished with values: [0.8733115150855563, 0.16588712192079824] and parameters: {'psi': 0.8326314360189481}.
[I 2025-08-09 19:18:49,974] Trial 484 finished with values: [0.8749502301813623, 0.18204106650321789] and parameters: {'psi': 0.3371236399504308}.
[I 2025-08-09 19:18:55,789] Trial 485 finished with values: [0.8758065489005293, 0.18058968058968058] and parameters: {'psi': 0.5951854047566418}.
[I 2025-08-09 19:19:01,611] Trial 486 finished with values: [0.8748881987550815, 0.18298653610771115] and parameters: {'psi': 0.3117060624592707}.
[I 2025-08-09 19:19:07,420] Trial 487 finished with values: [0.8749975779096143, 0.17431761786600497] and parameters: {'psi': 0.7346788507875068}.
[I 2025-08-09 19:19:13,229] Trial 488 finished with values: [0.8757558757465472, 0.18098159509202455] and parameters: {'psi': 0.5115894633677075}.
[I 2025-08-09 19:19:19,028] Trial 489 finished with values: [0.8750541677301552, 0.18198529411764705] and parameters: {'psi': 0.3666877313374216}.
[I 2025-08-09 19:19:24,835] Trial 490 finished with values: [0.8745076030604857, 0.16941762690750545] and parameters: {'psi': 0.7803372339381479}.
[I 2025-08-09 19:19:30,634] Trial 491 finished with values: [0.8664509458676835, 0.1724031007751938] and parameters: {'psi': 0.9052373170683248}.
[I 2025-08-09 19:19:36,449] Trial 492 finished with values: [0.8753973775779067, 0.18254211332312403] and parameters: {'psi': 0.4368081631820502}.
[I 2025-08-09 19:19:42,241] Trial 493 finished with values: [0.866063454593327, 0.17234965902045876] and parameters: {'psi': 0.9086484865242738}.
[I 2025-08-09 19:19:48,053] Trial 494 finished with values: [0.866367104831095, 0.1724031007751938] and parameters: {'psi': 0.9059598099674364}.
[I 2025-08-09 19:19:53,861] Trial 495 finished with values: [0.8757720853975085, 0.18064516129032257] and parameters: {'psi': 0.6090979732364677}.
[I 2025-08-09 19:19:59,670] Trial 496 finished with values: [0.8740616649096614, 0.16593886462882096] and parameters: {'psi': 0.8072435690691153}.
[I 2025-08-09 19:20:05,469] Trial 497 finished with values: [0.8758318710817379, 0.18053423395762971] and parameters: {'psi': 0.5772502920597311}.
[I 2025-08-09 19:20:11,284] Trial 498 finished with values: [0.8757044396160989, 0.18153940509046304] and parameters: {'psi': 0.49800126133427824}.
[I 2025-08-09 19:20:17,102] Trial 499 finished with values: [0.8932831870649866, 0.1982651796778191] and parameters: {'psi': 0.02689796869619565}.
