[I 2025-08-09 18:53:16,367] Trial 150 finished with values: [0.8471726100000869, 0.35067712045616534] and parameters: {'psi': 0.31800341741943305}.
[I 2025-08-09 18:53:22,132] Trial 151 finished with values: [0.842699395800086, 0.36725978647686836] and parameters: {'psi': 0.6379071734378933}.
[I 2025-08-09 18:53:27,987] Trial 152 finished with values: [0.8464018173996958, 0.35587188612099646] and parameters: {'psi': 0.4041236826057433}.
[I 2025-08-09 18:53:33,743] Trial 153 finished with values: [0.8480462016136073, 0.35235378031383735] and parameters: {'psi': 0.20402115573159618}.
[I 2025-08-09 18:53:39,515] Trial 154 finished with values: [0.828243934572514, 0.35526315789473684] and parameters: {'psi': 0.9396766108126191}.
[I 2025-08-09 18:53:45,288] Trial 155 finished with values: [0.8454538265004085, 0.3563791874554526] and parameters: {'psi': 0.48792920973423315}.
[I 2025-08-09 18:53:51,059] Trial 156 finished with values: [0.8326625778678239, 0.3574033552151714] and parameters: {'psi': 0.8689219889915243}.
[I 2025-08-09 18:53:56,822] Trial 157 finished with values: [0.8483392845142973, 0.34925160370634356] and parameters: {'psi': 0.15126543197533304}.
[I 2025-08-09 18:54:02,588] Trial 158 finished with values: [0.8483325417218852, 0.3459074733096085] and parameters: {'psi': 0.07794624410053874}.
[I 2025-08-09 18:54:08,361] Trial 159 finished with values: [0.8418182614018334, 0.36894586894586895] and parameters: {'psi': 0.6731679306091627}.
[I 2025-08-09 18:54:14,123] Trial 160 finished with values: [0.8455020546088472, 0.3563791874554526] and parameters: {'psi': 0.4842323749809626}.
[I 2025-08-09 18:54:19,878] Trial 161 finished with values: [0.8311790492525557, 0.35526315789473684] and parameters: {'psi': 0.8843943057254959}.
[I 2025-08-09 18:54:25,636] Trial 162 finished with values: [0.8414180366725623, 0.37205987170349253] and parameters: {'psi': 0.6883586257315639}.
[I 2025-08-09 18:54:31,405] Trial 163 finished with values: [0.8310977928897596, 0.34713144517066086] and parameters: {'psi': 0.9828070537795757}.
[I 2025-08-09 18:54:37,180] Trial 164 finished with values: [0.8335093125963133, 0.3544857768052516] and parameters: {'psi': 0.8599371820374249}.
[I 2025-08-09 18:54:42,958] Trial 165 finished with values: [0.8385094360236999, 0.3592727272727273] and parameters: {'psi': 0.7874434386932748}.
[I 2025-08-09 18:54:48,730] Trial 166 finished with values: [0.8447255477775983, 0.36065573770491804] and parameters: {'psi': 0.538793387722773}.
[I 2025-08-09 18:54:54,498] Trial 167 finished with values: [0.8416232918449698, 0.3692088382038489] and parameters: {'psi': 0.6807110694777031}.
[I 2025-08-09 18:55:00,257] Trial 168 finished with values: [0.8374625317882662, 0.35584604212055193] and parameters: {'psi': 0.8095404234651746}.
[I 2025-08-09 18:55:06,047] Trial 169 finished with values: [0.8429925358430845, 0.3646723646723647] and parameters: {'psi': 0.6256908988171095}.
[I 2025-08-09 18:55:11,808] Trial 170 finished with values: [0.8480298017710459, 0.35235378031383735] and parameters: {'psi': 0.20618843810345577}.
[I 2025-08-09 18:55:17,577] Trial 171 finished with values: [0.8396554821645141, 0.36075036075036077] and parameters: {'psi': 0.7538516902636464}.
[I 2025-08-09 18:55:23,336] Trial 172 finished with values: [0.846780042340165, 0.3509272467902996] and parameters: {'psi': 0.36219320261519417}.
[I 2025-08-09 18:55:29,087] Trial 173 finished with values: [0.8423873416529486, 0.36725978647686836] and parameters: {'psi': 0.6502538553287699}.
[I 2025-08-09 18:55:34,855] Trial 174 finished with values: [0.8416316917643305, 0.31187410586552217] and parameters: {'psi': 0.015924166976609033}.
[I 2025-08-09 18:55:40,609] Trial 175 finished with values: [0.8484259122540996, 0.34733096085409254] and parameters: {'psi': 0.10983823529394043}.
[I 2025-08-09 18:55:46,360] Trial 176 finished with values: [0.8463800461801281, 0.35587188612099646] and parameters: {'psi': 0.40633333054999}.
[I 2025-08-09 18:55:52,134] Trial 177 finished with values: [0.8467914136595717, 0.3509272467902996] and parameters: {'psi': 0.3607210185237286}.
[I 2025-08-09 18:55:57,910] Trial 178 finished with values: [0.843870584556674, 0.3609129814550642] and parameters: {'psi': 0.5857721227319115}.
[I 2025-08-09 18:56:03,698] Trial 179 finished with values: [0.8310676217508312, 0.34713144517066086] and parameters: {'psi': 0.9868379228403362}.
[I 2025-08-09 18:56:09,471] Trial 180 finished with values: [0.8329362895259063, 0.3574033552151714] and parameters: {'psi': 0.8661134075140836}.
[I 2025-08-09 18:56:15,264] Trial 181 finished with values: [0.8482197999470635, 0.35067712045616534] and parameters: {'psi': 0.1741057516332467}.
[I 2025-08-09 18:56:21,027] Trial 182 finished with values: [0.84691112679604, 0.3511777301927195] and parameters: {'psi': 0.3470680801061061}.
[I 2025-08-09 18:56:26,799] Trial 183 finished with values: [0.8281443355286646, 0.35526315789473684] and parameters: {'psi': 0.9364585314939514}.
[I 2025-08-09 18:56:32,548] Trial 184 finished with values: [0.8462043335812548, 0.3561253561253561] and parameters: {'psi': 0.4240220570442491}.
[I 2025-08-09 18:56:38,299] Trial 185 finished with values: [0.8471346675071919, 0.35067712045616534] and parameters: {'psi': 0.3223758448061733}.
[I 2025-08-09 18:56:44,056] Trial 186 finished with values: [0.8467411855703328, 0.3509272467902996] and parameters: {'psi': 0.36633241325133414}.
[I 2025-08-09 18:56:49,809] Trial 187 finished with values: [0.830534826865662, 0.35552304316020483] and parameters: {'psi': 0.891026332680501}.
[I 2025-08-09 18:56:55,573] Trial 188 finished with values: [0.847734833174173, 0.35210263720598717] and parameters: {'psi': 0.24829717608978197}.
[I 2025-08-09 18:57:01,328] Trial 189 finished with values: [0.8468515273681945, 0.35235378031383735] and parameters: {'psi': 0.3534253826778164}.
[I 2025-08-09 18:57:07,093] Trial 190 finished with values: [0.846740214151087, 0.3509272467902996] and parameters: {'psi': 0.36642968651287544}.
[I 2025-08-09 18:57:12,850] Trial 191 finished with values: [0.8467752423862445, 0.3509272467902996] and parameters: {'psi': 0.3627684140080687}.
[I 2025-08-09 18:57:18,626] Trial 192 finished with values: [0.8416617486186418, 0.369472182596291] and parameters: {'psi': 0.6792639341663281}.
[I 2025-08-09 18:57:24,383] Trial 193 finished with values: [0.8465103877859916, 0.35327635327635326] and parameters: {'psi': 0.3920004173342566}.
[I 2025-08-09 18:57:30,128] Trial 194 finished with values: [0.8475378636365091, 0.35067712045616534] and parameters: {'psi': 0.27411420713680856}.
[I 2025-08-09 18:57:35,883] Trial 195 finished with values: [0.8281179929244108, 0.3550036523009496] and parameters: {'psi': 0.9280753145358167}.
[I 2025-08-09 18:57:41,645] Trial 196 finished with values: [0.8468024421251271, 0.3509272467902996] and parameters: {'psi': 0.3592532323906942}.
[I 2025-08-09 18:57:47,411] Trial 197 finished with values: [0.8482192285239776, 0.35067712045616534] and parameters: {'psi': 0.17419547492438314}.
[I 2025-08-09 18:57:53,189] Trial 198 finished with values: [0.8467834137363709, 0.3509272467902996] and parameters: {'psi': 0.3616552429390889}.
[I 2025-08-09 18:57:58,962] Trial 199 finished with values: [0.8331629730640301, 0.3559445660102115] and parameters: {'psi': 0.8636744885353744}.
[I 2025-08-09 18:58:04,724] Trial 200 finished with values: [0.8474559215660101, 0.35067712045616534] and parameters: {'psi': 0.2843179735681639}.
[I 2025-08-09 18:58:10,486] Trial 201 finished with values: [0.8424160842341628, 0.36725978647686836] and parameters: {'psi': 0.6492732801529076}.
[I 2025-08-09 18:58:16,274] Trial 202 finished with values: [0.8477805470210342, 0.35210263720598717] and parameters: {'psi': 0.24186410160041594}.
[I 2025-08-09 18:58:22,058] Trial 203 finished with values: [0.8480753441909815, 0.3509272467902996] and parameters: {'psi': 0.1988624184262151}.
[I 2025-08-09 18:58:27,922] Trial 204 finished with values: [0.8395039407621688, 0.3593073593073593] and parameters: {'psi': 0.7587555874594786}.
[I 2025-08-09 18:58:33,665] Trial 205 finished with values: [0.8397699382085931, 0.3619322278298486] and parameters: {'psi': 0.749873515760609}.
[I 2025-08-09 18:58:39,388] Trial 206 finished with values: [0.8297044348374256, 0.3525127458120903] and parameters: {'psi': 0.9584238668569401}.
[I 2025-08-09 18:58:45,144] Trial 207 finished with values: [0.8481659718923842, 0.3509272467902996] and parameters: {'psi': 0.1845592579599008}.
[I 2025-08-09 18:58:50,899] Trial 208 finished with values: [0.8461426770303005, 0.3561253561253561] and parameters: {'psi': 0.42968790272441193}.
[I 2025-08-09 18:58:56,674] Trial 209 finished with values: [0.8342997050085463, 0.3550036523009496] and parameters: {'psi': 0.851826231873531}.
[I 2025-08-09 18:59:02,427] Trial 210 finished with values: [0.8469186124384633, 0.3511777301927195] and parameters: {'psi': 0.34617131289197434}.
[I 2025-08-09 18:59:08,181] Trial 211 finished with values: [0.8425581400132846, 0.36725978647686836] and parameters: {'psi': 0.643749135205149}.
[I 2025-08-09 18:59:13,939] Trial 212 finished with values: [0.8391356014410833, 0.35942028985507246] and parameters: {'psi': 0.7701444373418096}.
[I 2025-08-09 18:59:19,682] Trial 213 finished with values: [0.847746433062814, 0.3409090909090909] and parameters: {'psi': 0.048557722068599096}.
[I 2025-08-09 18:59:25,436] Trial 214 finished with values: [0.8290258699230773, 0.3530269876002918] and parameters: {'psi': 0.9513208372729005}.
[I 2025-08-09 18:59:31,193] Trial 215 finished with values: [0.8484312836311059, 0.3459074733096085] and parameters: {'psi': 0.10042695884697428}.
[I 2025-08-09 18:59:36,967] Trial 216 finished with values: [0.8348971278447155, 0.2992125984251969] and parameters: {'psi': 0.010058256738415317}.
[I 2025-08-09 18:59:42,740] Trial 217 finished with values: [0.8483179132908896, 0.34925160370634356] and parameters: {'psi': 0.15523333233190362}.
[I 2025-08-09 18:59:48,516] Trial 218 finished with values: [0.8392203434847026, 0.3045032165832738] and parameters: {'psi': 0.013124911340726353}.
[I 2025-08-09 18:59:54,273] Trial 219 finished with values: [0.8480766584640786, 0.3421240199572345] and parameters: {'psi': 0.05867940341421474}.
[I 2025-08-09 19:00:00,019] Trial 220 finished with values: [0.846783413736371, 0.3509272467902996] and parameters: {'psi': 0.36176398816129407}.
[I 2025-08-09 19:00:05,787] Trial 221 finished with values: [0.8484323121926601, 0.3459074733096085] and parameters: {'psi': 0.09938344062074256}.
[I 2025-08-09 19:00:11,574] Trial 222 finished with values: [0.8458294228946831, 0.3575498575498576] and parameters: {'psi': 0.4583648483440589}.
[I 2025-08-09 19:00:17,326] Trial 223 finished with values: [0.8457544521858305, 0.35780470420527444] and parameters: {'psi': 0.46460980782220196}.
[I 2025-08-09 19:00:23,111] Trial 224 finished with values: [0.8300130033037398, 0.35724743777452417] and parameters: {'psi': 0.8967878697321403}.
[I 2025-08-09 19:00:28,877] Trial 225 finished with values: [0.8292129538413575, 0.35552304316020483] and parameters: {'psi': 0.9061444850488674}.
[I 2025-08-09 19:00:34,646] Trial 226 finished with values: [0.8482451139897628, 0.35067712045616534] and parameters: {'psi': 0.16946854267796818}.
[I 2025-08-09 19:00:40,407] Trial 227 finished with values: [0.8300798598047744, 0.3549090909090909] and parameters: {'psi': 0.9624229496554885}.
[I 2025-08-09 19:00:46,156] Trial 228 finished with values: [0.8357795193737568, 0.35474452554744523] and parameters: {'psi': 0.8347262773839894}.
[I 2025-08-09 19:00:51,908] Trial 229 finished with values: [0.8467015288081806, 0.3509272467902996] and parameters: {'psi': 0.37099876865818326}.
[I 2025-08-09 19:00:57,668] Trial 230 finished with values: [0.8482751708440742, 0.34950071326676174] and parameters: {'psi': 0.1644824901900067}.
[I 2025-08-09 19:01:03,423] Trial 231 finished with values: [0.8465170162937865, 0.3328591749644381] and parameters: {'psi': 0.03184137432364609}.
[I 2025-08-09 19:01:09,174] Trial 232 finished with values: [0.8417727761242063, 0.36894586894586895] and parameters: {'psi': 0.6748964789928809}.
[I 2025-08-09 19:01:14,930] Trial 233 finished with values: [0.8412449526198834, 0.37] and parameters: {'psi': 0.6950168546618877}.
[I 2025-08-09 19:01:20,688] Trial 234 finished with values: [0.8464860451625379, 0.35327635327635326] and parameters: {'psi': 0.3949565850501948}.
[I 2025-08-09 19:01:26,448] Trial 235 finished with values: [0.8350474121162722, 0.3544857768052516] and parameters: {'psi': 0.8435891558904283}.
[I 2025-08-09 19:01:32,214] Trial 236 finished with values: [0.8468001564327841, 0.3509272467902996] and parameters: {'psi': 0.35976495616804594}.
[I 2025-08-09 19:01:37,964] Trial 237 finished with values: [0.8455672539829332, 0.3563791874554526] and parameters: {'psi': 0.47929011762527496}.
[I 2025-08-09 19:01:43,738] Trial 238 finished with values: [0.8468096991983164, 0.3509272467902996] and parameters: {'psi': 0.3582864577150978}.
[I 2025-08-09 19:01:49,487] Trial 239 finished with values: [0.8454730834583988, 0.3563791874554526] and parameters: {'psi': 0.48664965569627583}.
[I 2025-08-09 19:01:55,273] Trial 240 finished with values: [0.8394711982193543, 0.3598265895953757] and parameters: {'psi': 0.7597906681784181}.
[I 2025-08-09 19:02:01,055] Trial 241 finished with values: [0.8445369210169869, 0.3620812544547398] and parameters: {'psi': 0.5495498742534051}.
[I 2025-08-09 19:02:06,843] Trial 242 finished with values: [0.8366140827905194, 0.3551673944687045] and parameters: {'psi': 0.8232097146987657}.
[I 2025-08-09 19:02:12,595] Trial 243 finished with values: [0.8474698642893028, 0.35067712045616534] and parameters: {'psi': 0.28258730798899956}.
[I 2025-08-09 19:02:18,350] Trial 244 finished with values: [0.842576025555869, 0.36725978647686836] and parameters: {'psi': 0.6430684794455302}.
[I 2025-08-09 19:02:24,097] Trial 245 finished with values: [0.8310816787587412, 0.34713144517066086] and parameters: {'psi': 0.9858171319355463}.
[I 2025-08-09 19:02:29,854] Trial 246 finished with values: [0.8468028992635958, 0.3509272467902996] and parameters: {'psi': 0.3590443308152125}.
[I 2025-08-09 19:02:35,625] Trial 247 finished with values: [0.8420982587138591, 0.3686832740213523] and parameters: {'psi': 0.6617191364594452}.
[I 2025-08-09 19:02:41,383] Trial 248 finished with values: [0.8476282056263689, 0.35067712045616534] and parameters: {'psi': 0.26214435044726037}.
[I 2025-08-09 19:02:47,139] Trial 249 finished with values: [0.8478634033684705, 0.35185185185185186] and parameters: {'psi': 0.2301787050723142}.
[I 2025-08-09 19:02:52,887] Trial 250 finished with values: [0.8461690196345544, 0.3561253561253561] and parameters: {'psi': 0.42720937988881336}.
[I 2025-08-09 19:02:58,666] Trial 251 finished with values: [0.8310355077734111, 0.34662799129804206] and parameters: {'psi': 0.9888274394795475}.
[I 2025-08-09 19:03:04,450] Trial 252 finished with values: [0.8478205466370381, 0.35210263720598717] and parameters: {'psi': 0.2362494204595066}.
[I 2025-08-09 19:03:10,219] Trial 253 finished with values: [0.8429076223725396, 0.3660968660968661] and parameters: {'psi': 0.6294339642958979}.
[I 2025-08-09 19:03:16,078] Trial 254 finished with values: [0.840405360679966, 0.3683453237410072] and parameters: {'psi': 0.7274560166651884}.
[I 2025-08-09 19:03:21,836] Trial 255 finished with values: [0.846375589080059, 0.35587188612099646] and parameters: {'psi': 0.40687499622616174}.
[I 2025-08-09 19:03:27,594] Trial 256 finished with values: [0.8443622941219765, 0.362339514978602] and parameters: {'psi': 0.5596354534198976}.
[I 2025-08-09 19:03:33,364] Trial 257 finished with values: [0.8435787016444642, 0.3609129814550642] and parameters: {'psi': 0.5997222813639376}.
[I 2025-08-09 19:03:39,129] Trial 258 finished with values: [0.845641138987923, 0.3292943692088382] and parameters: {'psi': 0.02646943413736269}.
[I 2025-08-09 19:03:44,895] Trial 259 finished with values: [0.8297895768772048, 0.35698610095098754] and parameters: {'psi': 0.8992643338520026}.
[I 2025-08-09 19:03:50,651] Trial 260 finished with values: [0.8472854089172172, 0.35067712045616534] and parameters: {'psi': 0.3046897453024855}.
[I 2025-08-09 19:03:56,405] Trial 261 finished with values: [0.8483778555725865, 0.34615384615384615] and parameters: {'psi': 0.08306209812031695}.
[I 2025-08-09 19:04:02,165] Trial 262 finished with values: [0.8282223347798717, 0.35526315789473684] and parameters: {'psi': 0.9389642906647524}.
[I 2025-08-09 19:04:07,932] Trial 263 finished with values: [0.8464282742885669, 0.35587188612099646] and parameters: {'psi': 0.4013269462115079}.
[I 2025-08-09 19:04:13,705] Trial 264 finished with values: [0.8484243694117679, 0.3459074733096085] and parameters: {'psi': 0.09610160692824554}.
[I 2025-08-09 19:04:19,465] Trial 265 finished with values: [0.8374468747957161, 0.35439360929557007] and parameters: {'psi': 0.8098550221812617}.
[I 2025-08-09 19:04:25,211] Trial 266 finished with values: [0.8308668236784927, 0.34512635379061374] and parameters: {'psi': 0.9984143327123653}.
[I 2025-08-09 19:04:30,958] Trial 267 finished with values: [0.8483321417257251, 0.3459074733096085] and parameters: {'psi': 0.07785400642145035}.
[I 2025-08-09 19:04:36,738] Trial 268 finished with values: [0.8403562754368987, 0.3669064748201439] and parameters: {'psi': 0.7294040058959802}.
[I 2025-08-09 19:04:42,498] Trial 269 finished with values: [0.847771289967045, 0.35210263720598717] and parameters: {'psi': 0.24303904811126598}.
[I 2025-08-09 19:04:48,257] Trial 270 finished with values: [0.8405309594742176, 0.3680805176132279] and parameters: {'psi': 0.7226943183521236}.
[I 2025-08-09 19:04:54,030] Trial 271 finished with values: [0.8476065486914183, 0.35067712045616534] and parameters: {'psi': 0.26536049098151515}.
[I 2025-08-09 19:04:59,803] Trial 272 finished with values: [0.8314680750493367, 0.35526315789473684] and parameters: {'psi': 0.8815096489985749}.
[I 2025-08-09 19:05:05,582] Trial 273 finished with values: [0.8479922021320024, 0.3418803418803419] and parameters: {'psi': 0.055757452772171034}.
[I 2025-08-09 19:05:11,351] Trial 274 finished with values: [0.8309991652651564, 0.3492753623188406] and parameters: {'psi': 0.9912518536416843}.
[I 2025-08-09 19:05:17,107] Trial 275 finished with values: [0.8362488862964058, 0.3556851311953353] and parameters: {'psi': 0.8283036378014378}.
[I 2025-08-09 19:05:22,889] Trial 276 finished with values: [0.8420606590748158, 0.3686832740213523] and parameters: {'psi': 0.6631792000637897}.
[I 2025-08-09 19:05:28,645] Trial 277 finished with values: [0.8468692986261617, 0.35235378031383735] and parameters: {'psi': 0.351586940069158}.
[I 2025-08-09 19:05:34,406] Trial 278 finished with values: [0.8478727747070772, 0.35185185185185186] and parameters: {'psi': 0.22903847111032882}.
[I 2025-08-09 19:05:40,169] Trial 279 finished with values: [0.8450149735705395, 0.35805991440798857] and parameters: {'psi': 0.5201456929824568}.
[I 2025-08-09 19:05:45,933] Trial 280 finished with values: [0.8282551344649947, 0.35526315789473684] and parameters: {'psi': 0.9399828114325691}.
[I 2025-08-09 19:05:51,698] Trial 281 finished with values: [0.8380566975128467, 0.3561046511627907] and parameters: {'psi': 0.798195941812733}.
[I 2025-08-09 19:05:57,470] Trial 282 finished with values: [0.8327564055385068, 0.3574033552151714] and parameters: {'psi': 0.8679637802510761}.
[I 2025-08-09 19:06:03,228] Trial 283 finished with values: [0.8484244265540765, 0.34708392603129445] and parameters: {'psi': 0.11456043529359705}.
[I 2025-08-09 19:06:08,981] Trial 284 finished with values: [0.847609577233773, 0.35067712045616534] and parameters: {'psi': 0.2649240195881951}.
[I 2025-08-09 19:06:14,749] Trial 285 finished with values: [0.8444990356664005, 0.3620812544547398] and parameters: {'psi': 0.5518714553126017}.
[I 2025-08-09 19:06:20,521] Trial 286 finished with values: [0.8281104501396788, 0.3550036523009496] and parameters: {'psi': 0.928727631662937}.
[I 2025-08-09 19:06:26,290] Trial 287 finished with values: [0.8409855836812539, 0.36909871244635195] and parameters: {'psi': 0.7053792555440288}.
[I 2025-08-09 19:06:32,051] Trial 288 finished with values: [0.8384631507537528, 0.3578181818181818] and parameters: {'psi': 0.7886438818849053}.
[I 2025-08-09 19:06:37,822] Trial 289 finished with values: [0.842438712588359, 0.36725978647686836] and parameters: {'psi': 0.6483164979486401}.
[I 2025-08-09 19:06:43,594] Trial 290 finished with values: [0.8479015172882911, 0.35210263720598717] and parameters: {'psi': 0.22447125425137626}.
[I 2025-08-09 19:06:49,353] Trial 291 finished with values: [0.8417756903819438, 0.36894586894586895] and parameters: {'psi': 0.6747978109343963}.
[I 2025-08-09 19:06:55,125] Trial 292 finished with values: [0.8306543114328959, 0.3563636363636364] and parameters: {'psi': 0.9698300761698389}.
[I 2025-08-09 19:07:00,904] Trial 293 finished with values: [0.8454903404355889, 0.3563791874554526] and parameters: {'psi': 0.4852253799352795}.
[I 2025-08-09 19:07:06,661] Trial 294 finished with values: [0.8405605591900602, 0.3680805176132279] and parameters: {'psi': 0.7216561403068947}.
[I 2025-08-09 19:07:12,412] Trial 295 finished with values: [0.8464006745535244, 0.35587188612099646] and parameters: {'psi': 0.40419179568571284}.
[I 2025-08-09 19:07:18,174] Trial 296 finished with values: [0.8459856499663319, 0.35780470420527444] and parameters: {'psi': 0.44404845450287156}.
[I 2025-08-09 19:07:23,936] Trial 297 finished with values: [0.8294203232791822, 0.35552304316020483] and parameters: {'psi': 0.9035843135848544}.
[I 2025-08-09 19:07:29,714] Trial 298 finished with values: [0.8444373219731376, 0.3620812544547398] and parameters: {'psi': 0.5553346305164036}.
[I 2025-08-09 19:07:35,487] Trial 299 finished with values: [0.8476855765041797, 0.35210263720598717] and parameters: {'psi': 0.25506398738405645}.
