[I 2025-08-09 19:00:56,035] Trial 299 finished with values: [0.8750257216641697, 0.18198529411764705] and parameters: {'psi': 0.35909033324277784}.
[I 2025-08-09 19:01:01,847] Trial 300 finished with values: [0.87563975936586, 0.18209687308399755] and parameters: {'psi': 0.4826331440132985}.
[I 2025-08-09 19:01:07,650] Trial 301 finished with values: [0.8671452400561493, 0.17636138613861385] and parameters: {'psi': 0.9561070131053311}.
[I 2025-08-09 19:01:13,457] Trial 302 finished with values: [0.8758100758672126, 0.18047882136279927] and parameters: {'psi': 0.5354645918822233}.
[I 2025-08-09 19:01:19,263] Trial 303 finished with values: [0.8888736581511295, 0.1951219512195122] and parameters: {'psi': 0.034419703310426875}.
[I 2025-08-09 19:01:25,161] Trial 304 finished with values: [0.8741197087042227, 0.16656269494697443] and parameters: {'psi': 0.8045259747903274}.
[I 2025-08-09 19:01:30,968] Trial 305 finished with values: [0.875542155961315, 0.18742368742368742] and parameters: {'psi': 0.16399643347780446}.
[I 2025-08-09 19:01:36,759] Trial 306 finished with values: [0.8765555614578264, 0.18864468864468864] and parameters: {'psi': 0.12257229830352234}.
[I 2025-08-09 19:01:42,566] Trial 307 finished with values: [0.8755135227501588, 0.17835178351783518] and parameters: {'psi': 0.6644997145089828}.
[I 2025-08-09 19:01:48,379] Trial 308 finished with values: [0.875362309452026, 0.18198529411764705] and parameters: {'psi': 0.43056985792856417}.
[I 2025-08-09 19:01:54,190] Trial 309 finished with values: [0.8755559903081833, 0.18204106650321789] and parameters: {'psi': 0.46639726249985125}.
[I 2025-08-09 19:01:59,994] Trial 310 finished with values: [0.8748575501343918, 0.1832620647525962] and parameters: {'psi': 0.2718199449055082}.
[I 2025-08-09 19:02:05,803] Trial 311 finished with values: [0.875022295467963, 0.18553555080866646] and parameters: {'psi': 0.21428045007469632}.
[I 2025-08-09 19:02:11,619] Trial 312 finished with values: [0.8748584282771172, 0.1832620647525962] and parameters: {'psi': 0.26939927646959794}.
[I 2025-08-09 19:02:17,424] Trial 313 finished with values: [0.8811979133601356, 0.1836105976586568] and parameters: {'psi': 0.9984729455928785}.
[I 2025-08-09 19:02:23,224] Trial 314 finished with values: [0.8859169228036247, 0.19285274183610598] and parameters: {'psi': 0.04177853527700115}.
[I 2025-08-09 19:02:29,028] Trial 315 finished with values: [0.8755078796034652, 0.18198529411764705] and parameters: {'psi': 0.45700355347353905}.
[I 2025-08-09 19:02:34,818] Trial 316 finished with values: [0.875720145414677, 0.17997542997542998] and parameters: {'psi': 0.6233904834109146}.
[I 2025-08-09 19:02:40,621] Trial 317 finished with values: [0.8748821093391342, 0.18442748091603053] and parameters: {'psi': 0.2503627444595454}.
[I 2025-08-09 19:02:46,405] Trial 318 finished with values: [0.8758377877482966, 0.18053423395762971] and parameters: {'psi': 0.5671426996013895}.
[I 2025-08-09 19:02:52,203] Trial 319 finished with values: [0.8750881561723574, 0.18198529411764705] and parameters: {'psi': 0.3746352097983725}.
[I 2025-08-09 19:02:57,999] Trial 320 finished with values: [0.8736654353953996, 0.166510757717493] and parameters: {'psi': 0.8226262852716947}.
[I 2025-08-09 19:03:03,796] Trial 321 finished with values: [0.8752359288785009, 0.1814281336193687] and parameters: {'psi': 0.4066867938541343}.
[I 2025-08-09 19:03:09,589] Trial 322 finished with values: [0.868837896148538, 0.1685323383084577] and parameters: {'psi': 0.8864294771988576}.
[I 2025-08-09 19:03:15,395] Trial 323 finished with values: [0.8805486491789581, 0.19313304721030042] and parameters: {'psi': 0.06660907044425823}.
[I 2025-08-09 19:03:21,178] Trial 324 finished with values: [0.8758378885187734, 0.18053423395762971] and parameters: {'psi': 0.561860193147854}.
[I 2025-08-09 19:03:26,980] Trial 325 finished with values: [0.8756221965113549, 0.17885679164105717] and parameters: {'psi': 0.6451692075955454}.
[I 2025-08-09 19:03:32,787] Trial 326 finished with values: [0.8748908331832572, 0.18298653610771115] and parameters: {'psi': 0.31288654754095147}.
[I 2025-08-09 19:03:38,587] Trial 327 finished with values: [0.8763126038385778, 0.18797680805614891] and parameters: {'psi': 0.1298952249465427}.
[I 2025-08-09 19:03:44,375] Trial 328 finished with values: [0.8751759704448829, 0.1814281336193687] and parameters: {'psi': 0.3946209309569323}.
[I 2025-08-09 19:03:50,164] Trial 329 finished with values: [0.8750953540635479, 0.1753951038115897] and parameters: {'psi': 0.7234174105985557}.
[I 2025-08-09 19:03:55,955] Trial 330 finished with values: [0.866596530414905, 0.1769254562326013] and parameters: {'psi': 0.9526313835542175}.
[I 2025-08-09 19:04:01,750] Trial 331 finished with values: [0.8651110440267652, 0.1734283059770827] and parameters: {'psi': 0.9194419154920631}.
[I 2025-08-09 19:04:07,546] Trial 332 finished with values: [0.8756786711656367, 0.18003072196620584] and parameters: {'psi': 0.6332900770563625}.
[I 2025-08-09 19:04:13,338] Trial 333 finished with values: [0.8747143552870456, 0.17153511497824736] and parameters: {'psi': 0.7630133153046915}.
[I 2025-08-09 19:04:19,144] Trial 334 finished with values: [0.8758341312195718, 0.1810926949048496] and parameters: {'psi': 0.5519271136976523}.
[I 2025-08-09 19:04:24,932] Trial 335 finished with values: [0.8749476965236633, 0.184981684981685] and parameters: {'psi': 0.22941612315667115}.
[I 2025-08-09 19:04:30,728] Trial 336 finished with values: [0.8750017958738522, 0.18198529411764705] and parameters: {'psi': 0.3522602523120495}.
[I 2025-08-09 19:04:36,536] Trial 337 finished with values: [0.8748756456328451, 0.18381679389312977] and parameters: {'psi': 0.25331417376015886}.
[I 2025-08-09 19:04:42,333] Trial 338 finished with values: [0.8710812916874866, 0.16635514018691588] and parameters: {'psi': 0.8664615151349224}.
[I 2025-08-09 19:04:48,138] Trial 339 finished with values: [0.8754609205613376, 0.18742368742368742] and parameters: {'psi': 0.1694173832283511}.
[I 2025-08-09 19:04:53,933] Trial 340 finished with values: [0.874884369476968, 0.18354236769654328] and parameters: {'psi': 0.3093684898379945}.
[I 2025-08-09 19:04:59,728] Trial 341 finished with values: [0.8748552324134284, 0.18337408312958436] and parameters: {'psi': 0.27954733924211683}.
[I 2025-08-09 19:05:05,535] Trial 342 finished with values: [0.8750759917362452, 0.1855921855921856] and parameters: {'psi': 0.20602907085324917}.
[I 2025-08-09 19:05:11,331] Trial 343 finished with values: [0.8690302238011516, 0.1685323383084577] and parameters: {'psi': 0.8848874359348456}.
[I 2025-08-09 19:05:17,122] Trial 344 finished with values: [0.8819686491530457, 0.19281547436291066] and parameters: {'psi': 0.057600386123026315}.
[I 2025-08-09 19:05:22,923] Trial 345 finished with values: [0.8744969933688709, 0.16941762690750545] and parameters: {'psi': 0.7811611399156329}.
[I 2025-08-09 19:05:28,717] Trial 346 finished with values: [0.8769920991627558, 0.18986568986568986] and parameters: {'psi': 0.11166401250740532}.
[I 2025-08-09 19:05:34,528] Trial 347 finished with values: [0.8741752188410848, 0.166510757717493] and parameters: {'psi': 0.8016546150392114}.
[I 2025-08-09 19:05:40,340] Trial 348 finished with values: [0.875284183541043, 0.175817396668723] and parameters: {'psi': 0.6992587054297744}.
[I 2025-08-09 19:05:46,143] Trial 349 finished with values: [0.875803856889224, 0.18047882136279927] and parameters: {'psi': 0.5323556523348628}.
[I 2025-08-09 19:05:51,963] Trial 350 finished with values: [0.8754318266851451, 0.1772853185595568] and parameters: {'psi': 0.678242424982217}.
[I 2025-08-09 19:05:57,778] Trial 351 finished with values: [0.8751291121732317, 0.1814281336193687] and parameters: {'psi': 0.3845855326601342}.
[I 2025-08-09 19:06:03,583] Trial 352 finished with values: [0.8755562350364842, 0.17829695665539502] and parameters: {'psi': 0.6568376486531886}.
[I 2025-08-09 19:06:09,486] Trial 353 finished with values: [0.8811370192006626, 0.19257896350812634] and parameters: {'psi': 0.0625662420483376}.
[I 2025-08-09 19:06:15,279] Trial 354 finished with values: [0.8748696281958096, 0.1834862385321101] and parameters: {'psi': 0.3007753528534517}.
[I 2025-08-09 19:06:21,080] Trial 355 finished with values: [0.8781153732704008, 0.19204892966360856] and parameters: {'psi': 0.09160664043470568}.
[I 2025-08-09 19:06:26,883] Trial 356 finished with values: [0.8756284874682555, 0.18204106650321789] and parameters: {'psi': 0.48019207732729763}.
[I 2025-08-09 19:06:32,667] Trial 357 finished with values: [0.8686790386899608, 0.16847995026422133] and parameters: {'psi': 0.8876966828034026}.
[I 2025-08-09 19:06:38,467] Trial 358 finished with values: [0.875744531870031, 0.18742368742368742] and parameters: {'psi': 0.1529129963308652}.
[I 2025-08-09 19:06:44,275] Trial 359 finished with values: [0.8740455848207417, 0.16593886462882096] and parameters: {'psi': 0.8080079876247522}.
[I 2025-08-09 19:06:50,081] Trial 360 finished with values: [0.8755341519063111, 0.17829695665539502] and parameters: {'psi': 0.6609929940799452}.
[I 2025-08-09 19:06:55,891] Trial 361 finished with values: [0.8750802816793947, 0.1855921855921856] and parameters: {'psi': 0.2055138752945822}.
[I 2025-08-09 19:07:01,683] Trial 362 finished with values: [0.8695310962575429, 0.16796267496111975] and parameters: {'psi': 0.8807832465608292}.
[I 2025-08-09 19:07:07,504] Trial 363 finished with values: [0.8870607109011631, 0.19303114400246685] and parameters: {'psi': 0.03863666755790662}.
[I 2025-08-09 19:07:13,297] Trial 364 finished with values: [0.8880188509891126, 0.19500154273372416] and parameters: {'psi': 0.03629363598680557}.
[I 2025-08-09 19:07:19,094] Trial 365 finished with values: [0.8649253528298294, 0.17326732673267325] and parameters: {'psi': 0.9351814819737811}.
[I 2025-08-09 19:07:24,878] Trial 366 finished with values: [0.8652938848587897, 0.17377860235003093] and parameters: {'psi': 0.9412938847629615}.
[I 2025-08-09 19:07:30,676] Trial 367 finished with values: [0.8758342607816132, 0.18047882136279927] and parameters: {'psi': 0.5739306009495132}.
[I 2025-08-09 19:07:36,469] Trial 368 finished with values: [0.8755295740475139, 0.17829695665539502] and parameters: {'psi': 0.6617978177250722}.
[I 2025-08-09 19:07:42,271] Trial 369 finished with values: [0.8756106223023203, 0.17885679164105717] and parameters: {'psi': 0.6474900734477588}.
[I 2025-08-09 19:07:48,068] Trial 370 finished with values: [0.8751195389779485, 0.17528646639826573] and parameters: {'psi': 0.7205743183292959}.
[I 2025-08-09 19:07:53,863] Trial 371 finished with values: [0.875006474503126, 0.18198529411764705] and parameters: {'psi': 0.35362676427859374}.
[I 2025-08-09 19:07:59,664] Trial 372 finished with values: [0.87983674894864, 0.18249075215782984] and parameters: {'psi': 0.9962263584124991}.
[I 2025-08-09 19:08:05,464] Trial 373 finished with values: [0.8753742291598375, 0.18254211332312403] and parameters: {'psi': 0.4328166203554764}.
[I 2025-08-09 19:08:11,265] Trial 374 finished with values: [0.8755642390914877, 0.18204106650321789] and parameters: {'psi': 0.46786778959666253}.
[I 2025-08-09 19:08:17,071] Trial 375 finished with values: [0.8726023500538904, 0.16697819314641746] and parameters: {'psi': 0.8468244598094249}.
[I 2025-08-09 19:08:22,875] Trial 376 finished with values: [0.8753920223468609, 0.18254211332312403] and parameters: {'psi': 0.4359463167154394}.
[I 2025-08-09 19:08:28,675] Trial 377 finished with values: [0.8749158386572533, 0.18192955589586524] and parameters: {'psi': 0.3243299107056773}.
[I 2025-08-09 19:08:34,481] Trial 378 finished with values: [0.8749334590948882, 0.18198529411764705] and parameters: {'psi': 0.3311484324584296}.
[I 2025-08-09 19:08:40,281] Trial 379 finished with values: [0.8685741366237486, 0.1775990099009901] and parameters: {'psi': 0.9637021233480642}.
[I 2025-08-09 19:08:46,080] Trial 380 finished with values: [0.8748034075968559, 0.17272444858651756] and parameters: {'psi': 0.7545819473988737}.
[I 2025-08-09 19:08:51,893] Trial 381 finished with values: [0.8757942836939404, 0.18047882136279927] and parameters: {'psi': 0.5263914993194126}.
[I 2025-08-09 19:08:57,701] Trial 382 finished with values: [0.8755682267232076, 0.18742368742368742] and parameters: {'psi': 0.1624893441958044}.
[I 2025-08-09 19:09:03,495] Trial 383 finished with values: [0.8739805446759431, 0.166510757717493] and parameters: {'psi': 0.810822300057818}.
[I 2025-08-09 19:09:09,288] Trial 384 finished with values: [0.8750944039419107, 0.18198529411764705] and parameters: {'psi': 0.3763455148024347}.
[I 2025-08-09 19:09:15,083] Trial 385 finished with values: [0.875820887099781, 0.18058968058968058] and parameters: {'psi': 0.5875242095173443}.
[I 2025-08-09 19:09:20,890] Trial 386 finished with values: [0.8756484544184183, 0.18148375229920294] and parameters: {'psi': 0.48453821863894486}.
[I 2025-08-09 19:09:26,701] Trial 387 finished with values: [0.8752825568176338, 0.1814281336193687] and parameters: {'psi': 0.4156340125860679}.
[I 2025-08-09 19:09:32,499] Trial 388 finished with values: [0.874048622330824, 0.16593886462882096] and parameters: {'psi': 0.8078724077220583}.
[I 2025-08-09 19:09:38,298] Trial 389 finished with values: [0.8756312658542552, 0.17885679164105717] and parameters: {'psi': 0.6433820171420659}.
[I 2025-08-09 19:09:44,094] Trial 390 finished with values: [0.8726569964438098, 0.16697819314641746] and parameters: {'psi': 0.8458939524241853}.
[I 2025-08-09 19:09:49,897] Trial 391 finished with values: [0.8760815227397938, 0.18797680805614891] and parameters: {'psi': 0.13805258800072862}.
[I 2025-08-09 19:09:55,707] Trial 392 finished with values: [0.8757774406285544, 0.18103712795335994] and parameters: {'psi': 0.5185398849879828}.
[I 2025-08-09 19:10:01,500] Trial 393 finished with values: [0.8755608704784108, 0.18204106650321789] and parameters: {'psi': 0.46723268970546616}.
[I 2025-08-09 19:10:07,308] Trial 394 finished with values: [0.8750197906018288, 0.17431761786600497] and parameters: {'psi': 0.7321887728593014}.
[I 2025-08-09 19:10:13,110] Trial 395 finished with values: [0.8749987151764224, 0.18198529411764705] and parameters: {'psi': 0.35158733291127353}.
[I 2025-08-09 19:10:18,916] Trial 396 finished with values: [0.8737092417611857, 0.16708229426433915] and parameters: {'psi': 0.8211681552915828}.
[I 2025-08-09 19:10:24,718] Trial 397 finished with values: [0.8753718970430919, 0.17627118644067796] and parameters: {'psi': 0.6868898326860209}.
[I 2025-08-09 19:10:30,506] Trial 398 finished with values: [0.873476130857086, 0.16708229426433915] and parameters: {'psi': 0.8283583305502898}.
[I 2025-08-09 19:10:36,310] Trial 399 finished with values: [0.8754663189797306, 0.18198529411764705] and parameters: {'psi': 0.4490436606796737}.
[I 2025-08-09 19:10:42,102] Trial 400 finished with values: [0.8752506413680946, 0.1814281336193687] and parameters: {'psi': 0.409486936885475}.
[I 2025-08-09 19:10:47,910] Trial 401 finished with values: [0.8753655772946263, 0.18742368742368742] and parameters: {'psi': 0.17656939741075273}.
[I 2025-08-09 19:10:53,720] Trial 402 finished with values: [0.8754347778205332, 0.18742368742368742] and parameters: {'psi': 0.17127542657907346}.
[I 2025-08-09 19:10:59,630] Trial 403 finished with values: [0.8750989386133609, 0.18198529411764705] and parameters: {'psi': 0.37746405439722275}.
[I 2025-08-09 19:11:05,420] Trial 404 finished with values: [0.875535505109855, 0.17829695665539502] and parameters: {'psi': 0.6606576601523554}.
[I 2025-08-09 19:11:11,217] Trial 405 finished with values: [0.8649739241995836, 0.1739938080495356] and parameters: {'psi': 0.9219651137698827}.
[I 2025-08-09 19:11:17,019] Trial 406 finished with values: [0.8648877654420319, 0.17332095326524297] and parameters: {'psi': 0.9341931875339546}.
[I 2025-08-09 19:11:22,813] Trial 407 finished with values: [0.8730881213345637, 0.16703022748519789] and parameters: {'psi': 0.8377252506064867}.
[I 2025-08-09 19:11:28,604] Trial 408 finished with values: [0.8748675120157998, 0.1834862385321101] and parameters: {'psi': 0.29973571634243923}.
[I 2025-08-09 19:11:34,411] Trial 409 finished with values: [0.8749142407254091, 0.18442748091603053] and parameters: {'psi': 0.23811681626083492}.
[I 2025-08-09 19:11:40,217] Trial 410 finished with values: [0.8745179536280179, 0.16941762690750545] and parameters: {'psi': 0.7795997887613021}.
[I 2025-08-09 19:11:46,016] Trial 411 finished with values: [0.8818090863011318, 0.19275629220380602] and parameters: {'psi': 0.05847462809190862}.
[I 2025-08-09 19:11:51,808] Trial 412 finished with values: [0.8758258392489202, 0.1810926949048496] and parameters: {'psi': 0.5437087169506565}.
[I 2025-08-09 19:11:57,604] Trial 413 finished with values: [0.8756836952936876, 0.18742368742368742] and parameters: {'psi': 0.15605607986141767}.
[I 2025-08-09 19:12:03,403] Trial 414 finished with values: [0.8753926125739386, 0.18254211332312403] and parameters: {'psi': 0.43603045532539364}.
[I 2025-08-09 19:12:09,184] Trial 415 finished with values: [0.8649014558310764, 0.1739399566697617] and parameters: {'psi': 0.9236287057607364}.
[I 2025-08-09 19:12:14,994] Trial 416 finished with values: [0.8755634905108041, 0.17829695665539502] and parameters: {'psi': 0.6556746426973414}.
[I 2025-08-09 19:12:20,791] Trial 417 finished with values: [0.8757470223403828, 0.17997542997542998] and parameters: {'psi': 0.6167455298272813}.
[I 2025-08-09 19:12:26,597] Trial 418 finished with values: [0.8756335835752186, 0.18209687308399755] and parameters: {'psi': 0.4812869698055735}.
[I 2025-08-09 19:12:32,405] Trial 419 finished with values: [0.8899251404920392, 0.19400679641643498] and parameters: {'psi': 0.032318809905207746}.
[I 2025-08-09 19:12:38,193] Trial 420 finished with values: [0.87047954798395, 0.1669261912176892] and parameters: {'psi': 0.8724126925911462}.
[I 2025-08-09 19:12:43,995] Trial 421 finished with values: [0.875836549711012, 0.18047882136279927] and parameters: {'psi': 0.5708409573039319}.
[I 2025-08-09 19:12:49,802] Trial 422 finished with values: [0.875475848987667, 0.18198529411764705] and parameters: {'psi': 0.4510495240555664}.
[I 2025-08-09 19:12:55,596] Trial 423 finished with values: [0.8750467107148818, 0.18198529411764705] and parameters: {'psi': 0.36455948171343466}.
[I 2025-08-09 19:13:01,396] Trial 424 finished with values: [0.8716716771187245, 0.1669261912176892] and parameters: {'psi': 0.8598248003729013}.
[I 2025-08-09 19:13:07,216] Trial 425 finished with values: [0.8756196916452206, 0.18204106650321789] and parameters: {'psi': 0.47837725995305136}.
[I 2025-08-09 19:13:13,028] Trial 426 finished with values: [0.8751472796505971, 0.17579696688331786] and parameters: {'psi': 0.717063422661568}.
[I 2025-08-09 19:13:18,845] Trial 427 finished with values: [0.8756483968352887, 0.17947141979102643] and parameters: {'psi': 0.6400887374281681}.
[I 2025-08-09 19:13:24,652] Trial 428 finished with values: [0.875547698337532, 0.18198529411764705] and parameters: {'psi': 0.4648526662011182}.
[I 2025-08-09 19:13:30,448] Trial 429 finished with values: [0.8756267167870226, 0.17885679164105717] and parameters: {'psi': 0.644149605909738}.
[I 2025-08-09 19:13:36,250] Trial 430 finished with values: [0.8805418543696742, 0.19313304721030042] and parameters: {'psi': 0.0666610841962546}.
[I 2025-08-09 19:13:42,069] Trial 431 finished with values: [0.8769853619366014, 0.18986568986568986] and parameters: {'psi': 0.1118241889924434}.
[I 2025-08-09 19:13:47,874] Trial 432 finished with values: [0.8749250231664126, 0.18192955589586524] and parameters: {'psi': 0.32762428149259126}.
[I 2025-08-09 19:13:53,683] Trial 433 finished with values: [0.8751846367058765, 0.18625954198473282] and parameters: {'psi': 0.19317505216940611}.
[I 2025-08-09 19:13:59,497] Trial 434 finished with values: [0.8748604004993035, 0.1832620647525962] and parameters: {'psi': 0.2657307241259518}.
[I 2025-08-09 19:14:05,306] Trial 435 finished with values: [0.8750315951433812, 0.1855921855921856] and parameters: {'psi': 0.21274736998894672}.
[I 2025-08-09 19:14:11,123] Trial 436 finished with values: [0.8748972968895464, 0.18442748091603053] and parameters: {'psi': 0.2438082575009699}.
[I 2025-08-09 19:14:16,930] Trial 437 finished with values: [0.8740231705875738, 0.166510757717493] and parameters: {'psi': 0.809001820492796}.
[I 2025-08-09 19:14:22,738] Trial 438 finished with values: [0.8756911379131788, 0.18153940509046304] and parameters: {'psi': 0.49458496574523747}.
[I 2025-08-09 19:14:28,554] Trial 439 finished with values: [0.8756165101773142, 0.18204106650321789] and parameters: {'psi': 0.4777636855236864}.
[I 2025-08-09 19:14:34,359] Trial 440 finished with values: [0.8866702253040712, 0.19297163995067818] and parameters: {'psi': 0.03966969475489146}.
[I 2025-08-09 19:14:40,164] Trial 441 finished with values: [0.8756786279782893, 0.18003072196620584] and parameters: {'psi': 0.6332923137423762}.
[I 2025-08-09 19:14:45,955] Trial 442 finished with values: [0.8706410830580499, 0.1669261912176892] and parameters: {'psi': 0.8708728290455852}.
[I 2025-08-09 19:14:51,756] Trial 443 finished with values: [0.8743094739075725, 0.1671343935141877] and parameters: {'psi': 0.7939304425742874}.
[I 2025-08-09 19:14:57,557] Trial 444 finished with values: [0.8720370132839962, 0.1669261912176892] and parameters: {'psi': 0.8551975459038159}.
[I 2025-08-09 19:15:03,373] Trial 445 finished with values: [0.8749032279518876, 0.18442748091603053] and parameters: {'psi': 0.2418336610598979}.
[I 2025-08-09 19:15:09,172] Trial 446 finished with values: [0.8748637547165983, 0.1834862385321101] and parameters: {'psi': 0.29553955796101405}.
[I 2025-08-09 19:15:14,985] Trial 447 finished with values: [0.8757438120809118, 0.17997542997542998] and parameters: {'psi': 0.6175724456243182}.
