[I 2025-08-09 18:32:01,260] Trial 0 finished with values: [0.7891993904767428, 0.346718903036239] and parameters: {'psi': 0.21402223128914233}.
[I 2025-08-09 18:32:06,621] Trial 1 finished with values: [0.7857107036344213, 0.34791252485089463] and parameters: {'psi': 0.6945360504333944}.
[I 2025-08-09 18:32:11,881] Trial 2 finished with values: [0.7880295867712668, 0.3485148514851485] and parameters: {'psi': 0.4983023159126698}.
[I 2025-08-09 18:32:17,145] Trial 3 finished with values: [0.7850965884098741, 0.350597609561753] and parameters: {'psi': 0.7228541563299928}.
[I 2025-08-09 18:32:22,403] Trial 4 finished with values: [0.7790793588646723, 0.3492063492063492] and parameters: {'psi': 0.8700006592819791}.
[I 2025-08-09 18:32:27,678] Trial 5 finished with values: [0.7881866803942326, 0.34442270058708413] and parameters: {'psi': 0.06839893093486094}.
[I 2025-08-09 18:32:32,944] Trial 6 finished with values: [0.7891662195540474, 0.3460410557184751] and parameters: {'psi': 0.14952490491747505}.
[I 2025-08-09 18:32:38,203] Trial 7 finished with values: [0.788427335740491, 0.34817012858555885] and parameters: {'psi': 0.4285519504542028}.
[I 2025-08-09 18:32:43,463] Trial 8 finished with values: [0.7802218524480021, 0.3504950495049505] and parameters: {'psi': 0.9461151548798291}.
[I 2025-08-09 18:32:48,735] Trial 9 finished with values: [0.7891808413451081, 0.3460410557184751] and parameters: {'psi': 0.15872798542210453}.
[I 2025-08-09 18:32:53,983] Trial 10 finished with values: [0.7885683574774147, 0.34782608695652173] and parameters: {'psi': 0.400599909412524}.
[I 2025-08-09 18:32:59,232] Trial 11 finished with values: [0.7889518471793235, 0.34876847290640395] and parameters: {'psi': 0.3146884424316989}.
[I 2025-08-09 18:33:04,487] Trial 12 finished with values: [0.7888054480068443, 0.34619188921859545] and parameters: {'psi': 0.34976791933235674}.
[I 2025-08-09 18:33:09,749] Trial 13 finished with values: [0.78689730427343, 0.34756703078450846] and parameters: {'psi': 0.625241842078185}.
[I 2025-08-09 18:33:15,005] Trial 14 finished with values: [0.784532743144676, 0.350597609561753] and parameters: {'psi': 0.7451027973023094}.
[I 2025-08-09 18:33:20,261] Trial 15 finished with values: [0.7803718768579342, 0.3504950495049505] and parameters: {'psi': 0.9490146734272235}.
[I 2025-08-09 18:33:25,517] Trial 16 finished with values: [0.7799618020813697, 0.3504950495049505] and parameters: {'psi': 0.941808651919157}.
[I 2025-08-09 18:33:30,778] Trial 17 finished with values: [0.7879698911945399, 0.34442270058708413] and parameters: {'psi': 0.06283725550318142}.
[I 2025-08-09 18:33:36,014] Trial 18 finished with values: [0.7818541760318634, 0.35014836795252224] and parameters: {'psi': 0.9815627921526386}.
[I 2025-08-09 18:33:41,271] Trial 19 finished with values: [0.7889714838821943, 0.3484251968503937] and parameters: {'psi': 0.30558684132984526}.
[I 2025-08-09 18:33:46,512] Trial 20 finished with values: [0.7877572710179184, 0.34476003917727716] and parameters: {'psi': 0.05830862749484822}.
[I 2025-08-09 18:33:51,758] Trial 21 finished with values: [0.7889652001372756, 0.3484251968503937] and parameters: {'psi': 0.3079396253990385}.
[I 2025-08-09 18:33:57,015] Trial 22 finished with values: [0.7878116495797141, 0.3468780971258672] and parameters: {'psi': 0.532813420741842}.
[I 2025-08-09 18:34:02,265] Trial 23 finished with values: [0.7853250387900408, 0.3482587064676617] and parameters: {'psi': 0.7126550012407008}.
[I 2025-08-09 18:34:07,517] Trial 24 finished with values: [0.7890076758361008, 0.3484251968503937] and parameters: {'psi': 0.29264718541916135}.
[I 2025-08-09 18:34:12,779] Trial 25 finished with values: [0.7859438064026527, 0.3421828908554572] and parameters: {'psi': 0.03779661745243712}.
[I 2025-08-09 18:34:18,031] Trial 26 finished with values: [0.7781319634769411, 0.3492063492063492] and parameters: {'psi': 0.9074682422827346}.
[I 2025-08-09 18:34:23,284] Trial 27 finished with values: [0.7889862265145035, 0.3480825958702065] and parameters: {'psi': 0.29935574203681814}.
[I 2025-08-09 18:34:28,534] Trial 28 finished with values: [0.7870310755354476, 0.34756703078450846] and parameters: {'psi': 0.6156125869415205}.
[I 2025-08-09 18:34:33,800] Trial 29 finished with values: [0.779320316314052, 0.3492063492063492] and parameters: {'psi': 0.9327834232173896}.
[I 2025-08-09 18:34:39,057] Trial 30 finished with values: [0.7883431093903318, 0.34817012858555885] and parameters: {'psi': 0.44299276758473605}.
[I 2025-08-09 18:34:44,327] Trial 31 finished with values: [0.7255017328635025, 0.3433734939759036] and parameters: {'psi': 0.001657970714822099}.
[I 2025-08-09 18:34:49,568] Trial 32 finished with values: [0.7811486444028751, 0.3504950495049505] and parameters: {'psi': 0.9682385752354672}.
[I 2025-08-09 18:34:54,830] Trial 33 finished with values: [0.7564243437111797, 0.34565434565434566] and parameters: {'psi': 0.006696042461854512}.
[I 2025-08-09 18:35:00,085] Trial 34 finished with values: [0.7869404445991213, 0.34756703078450846] and parameters: {'psi': 0.6222807660590761}.
[I 2025-08-09 18:35:05,345] Trial 35 finished with values: [0.7868290289680641, 0.34756703078450846] and parameters: {'psi': 0.6301727038225021}.
[I 2025-08-09 18:35:10,595] Trial 36 finished with values: [0.783773980945752, 0.34860557768924305] and parameters: {'psi': 0.7730269923101922}.
[I 2025-08-09 18:35:15,852] Trial 37 finished with values: [0.7831195047442273, 0.34791252485089463] and parameters: {'psi': 0.7955703589006408}.
[I 2025-08-09 18:35:21,111] Trial 38 finished with values: [0.7876740113977466, 0.3468780971258672] and parameters: {'psi': 0.5505852838294722}.
[I 2025-08-09 18:35:26,354] Trial 39 finished with values: [0.786708187719629, 0.34791252485089463] and parameters: {'psi': 0.6380904718212825}.
[I 2025-08-09 18:35:31,608] Trial 40 finished with values: [0.7781901485380626, 0.34955312810327704] and parameters: {'psi': 0.888911518543376}.
[I 2025-08-09 18:35:36,864] Trial 41 finished with values: [0.7810309450268992, 0.3472222222222222] and parameters: {'psi': 0.8434553433873172}.
[I 2025-08-09 18:35:42,121] Trial 42 finished with values: [0.7891928046287031, 0.346718903036239] and parameters: {'psi': 0.21960205931325838}.
[I 2025-08-09 18:35:47,363] Trial 43 finished with values: [0.7888745087803252, 0.3474827245804541] and parameters: {'psi': 0.3317233189944446}.
[I 2025-08-09 18:35:52,620] Trial 44 finished with values: [0.787756908494173, 0.3468780971258672] and parameters: {'psi': 0.5404277667125023}.
[I 2025-08-09 18:35:57,879] Trial 45 finished with values: [0.7888772277084148, 0.3474827245804541] and parameters: {'psi': 0.33103567938546197}.
[I 2025-08-09 18:36:03,135] Trial 46 finished with values: [0.789002479662418, 0.3484251968503937] and parameters: {'psi': 0.2943850620703079}.
[I 2025-08-09 18:36:08,407] Trial 47 finished with values: [0.7888430296351078, 0.3428011753183154] and parameters: {'psi': 0.09895329884517123}.
[I 2025-08-09 18:36:13,659] Trial 48 finished with values: [0.7780816935175922, 0.34955312810327704] and parameters: {'psi': 0.8960209738458095}.
[I 2025-08-09 18:36:18,914] Trial 49 finished with values: [0.7816620384468516, 0.35014836795252224] and parameters: {'psi': 0.9782244067532406}.
[I 2025-08-09 18:36:24,175] Trial 50 finished with values: [0.7800172682144014, 0.3504950495049505] and parameters: {'psi': 0.94268208561071}.
[I 2025-08-09 18:36:29,429] Trial 51 finished with values: [0.7892048283329224, 0.34476003917727716] and parameters: {'psi': 0.20992056963020456}.
[I 2025-08-09 18:36:34,690] Trial 52 finished with values: [0.7890522058361488, 0.3477406679764244] and parameters: {'psi': 0.28113449946345126}.
[I 2025-08-09 18:36:40,043] Trial 53 finished with values: [0.7820703610253139, 0.35014836795252224] and parameters: {'psi': 0.9854770140355169}.
[I 2025-08-09 18:36:45,302] Trial 54 finished with values: [0.7891309943301286, 0.34739941118743867] and parameters: {'psi': 0.25017995136372295}.
[I 2025-08-09 18:36:50,556] Trial 55 finished with values: [0.7871694387649057, 0.34756703078450846] and parameters: {'psi': 0.6044640172927584}.
[I 2025-08-09 18:36:55,821] Trial 56 finished with values: [0.7781943779817577, 0.34955312810327704] and parameters: {'psi': 0.8887732385255737}.
[I 2025-08-09 18:37:01,076] Trial 57 finished with values: [0.7887917929457713, 0.34619188921859545] and parameters: {'psi': 0.35207620007016094}.
[I 2025-08-09 18:37:06,343] Trial 58 finished with values: [0.7806642522585229, 0.3435340572556762] and parameters: {'psi': 0.02033550153749686}.
[I 2025-08-09 18:37:11,588] Trial 59 finished with values: [0.78707451796426, 0.34756703078450846] and parameters: {'psi': 0.6123774277946931}.
[I 2025-08-09 18:37:16,844] Trial 60 finished with values: [0.788322626798722, 0.34817012858555885] and parameters: {'psi': 0.4469108641833536}.
[I 2025-08-09 18:37:22,109] Trial 61 finished with values: [0.7891439847643353, 0.345703125] and parameters: {'psi': 0.143483785579394}.
[I 2025-08-09 18:37:27,371] Trial 62 finished with values: [0.7891279128782935, 0.34739941118743867] and parameters: {'psi': 0.250792853590904}.
[I 2025-08-09 18:37:32,627] Trial 63 finished with values: [0.7784872971679646, 0.34955312810327704] and parameters: {'psi': 0.9192169342854608}.
[I 2025-08-09 18:37:37,873] Trial 64 finished with values: [0.7891947985093023, 0.346718903036239] and parameters: {'psi': 0.2190855442813744}.
[I 2025-08-09 18:37:43,140] Trial 65 finished with values: [0.7890319045064118, 0.3460410557184751] and parameters: {'psi': 0.11700717491042578}.
[I 2025-08-09 18:37:48,391] Trial 66 finished with values: [0.7845877259127139, 0.350597609561753] and parameters: {'psi': 0.7429613531568724}.
[I 2025-08-09 18:37:53,645] Trial 67 finished with values: [0.7809048471841573, 0.3508424182358771] and parameters: {'psi': 0.9625338297523548}.
[I 2025-08-09 18:37:58,897] Trial 68 finished with values: [0.7845190880836029, 0.3489531405782652] and parameters: {'psi': 0.7456814283366094}.
[I 2025-08-09 18:38:04,152] Trial 69 finished with values: [0.7834560476211191, 0.3482587064676617] and parameters: {'psi': 0.7842702137248022}.
[I 2025-08-09 18:38:09,415] Trial 70 finished with values: [0.7891889981293774, 0.3460410557184751] and parameters: {'psi': 0.1635171993908331}.
[I 2025-08-09 18:38:14,674] Trial 71 finished with values: [0.7874031457393792, 0.3472222222222222] and parameters: {'psi': 0.5823728337382342}.
[I 2025-08-09 18:38:19,926] Trial 72 finished with values: [0.7793850872232131, 0.3492063492063492] and parameters: {'psi': 0.865583614657552}.
[I 2025-08-09 18:38:25,178] Trial 73 finished with values: [0.7889479802593736, 0.34911242603550297] and parameters: {'psi': 0.3154822288832051}.
[I 2025-08-09 18:38:30,434] Trial 74 finished with values: [0.7886652117380355, 0.34782608695652173] and parameters: {'psi': 0.3811550913325582}.
[I 2025-08-09 18:38:35,689] Trial 75 finished with values: [0.7840523387615222, 0.34860557768924305] and parameters: {'psi': 0.7628162347247586}.
[I 2025-08-09 18:38:40,943] Trial 76 finished with values: [0.7887883489701909, 0.34619188921859545] and parameters: {'psi': 0.35296034633478657}.
[I 2025-08-09 18:38:46,197] Trial 77 finished with values: [0.7890549247642388, 0.3477406679764244] and parameters: {'psi': 0.2803207030215973}.
[I 2025-08-09 18:38:51,446] Trial 78 finished with values: [0.7870199581405914, 0.34756703078450846] and parameters: {'psi': 0.6164788910192652}.
[I 2025-08-09 18:38:56,703] Trial 79 finished with values: [0.7891396344793917, 0.346718903036239] and parameters: {'psi': 0.2465872530577412}.
[I 2025-08-09 18:39:01,952] Trial 80 finished with values: [0.7863335798494802, 0.34791252485089463] and parameters: {'psi': 0.6615300031209299}.
[I 2025-08-09 18:39:07,225] Trial 81 finished with values: [0.7771769550905585, 0.34421364985163205] and parameters: {'psi': 0.016109460351552918}.
[I 2025-08-09 18:39:12,470] Trial 82 finished with values: [0.7811006704272463, 0.3504950495049505] and parameters: {'psi': 0.9672721071379612}.
[I 2025-08-09 18:39:17,725] Trial 83 finished with values: [0.7889255642077889, 0.34714003944773175] and parameters: {'psi': 0.31993936697189285}.
[I 2025-08-09 18:39:22,979] Trial 84 finished with values: [0.7886983222401068, 0.34782608695652173] and parameters: {'psi': 0.3734343194213907}.
[I 2025-08-09 18:39:28,223] Trial 85 finished with values: [0.7851958594954638, 0.350597609561753] and parameters: {'psi': 0.7184252263146469}.
[I 2025-08-09 18:39:33,473] Trial 86 finished with values: [0.7875167969335323, 0.3472222222222222] and parameters: {'psi': 0.5695658883316921}.
[I 2025-08-09 18:39:38,724] Trial 87 finished with values: [0.7843928693996124, 0.3489531405782652] and parameters: {'psi': 0.7503303176313161}.
[I 2025-08-09 18:39:43,973] Trial 88 finished with values: [0.7877070614791934, 0.3468780971258672] and parameters: {'psi': 0.5469650244183325}.
[I 2025-08-09 18:39:49,230] Trial 89 finished with values: [0.7879253611944917, 0.3485148514851485] and parameters: {'psi': 0.5164018221391522}.
[I 2025-08-09 18:39:54,486] Trial 90 finished with values: [0.7883608730538516, 0.3428011753183154] and parameters: {'psi': 0.07414992745426763}.
[I 2025-08-09 18:39:59,733] Trial 91 finished with values: [0.7864532126854309, 0.34791252485089463] and parameters: {'psi': 0.6545521131375096}.
[I 2025-08-09 18:40:04,978] Trial 92 finished with values: [0.7851722954520188, 0.350597609561753] and parameters: {'psi': 0.7195570284493713}.
[I 2025-08-09 18:40:10,232] Trial 93 finished with values: [0.7881508509640714, 0.3485148514851485] and parameters: {'psi': 0.47763923504831274}.
[I 2025-08-09 18:40:15,485] Trial 94 finished with values: [0.7810964409835511, 0.3472222222222222] and parameters: {'psi': 0.8424532474875595}.
[I 2025-08-09 18:40:20,739] Trial 95 finished with values: [0.7889150510191751, 0.3474827245804541] and parameters: {'psi': 0.3218813966466497}.
[I 2025-08-09 18:40:25,990] Trial 96 finished with values: [0.7829551606463556, 0.3472222222222222] and parameters: {'psi': 0.8007761642950375}.
[I 2025-08-09 18:40:31,240] Trial 97 finished with values: [0.7794873793400134, 0.34886025768087214] and parameters: {'psi': 0.9350584502811864}.
[I 2025-08-09 18:40:36,497] Trial 98 finished with values: [0.787438914748916, 0.3472222222222222] and parameters: {'psi': 0.5786444906691888}.
[I 2025-08-09 18:40:41,756] Trial 99 finished with values: [0.788770041521053, 0.34442270058708413] and parameters: {'psi': 0.09389365608322597}.
[I 2025-08-09 18:40:47,015] Trial 100 finished with values: [0.7788989428807587, 0.34955312810327704] and parameters: {'psi': 0.9266754575012975}.
[I 2025-08-09 18:40:52,246] Trial 101 finished with values: [0.7887170526336142, 0.34782608695652173] and parameters: {'psi': 0.36760473065707566}.
[I 2025-08-09 18:40:57,575] Trial 102 finished with values: [0.7870105325232136, 0.34756703078450846] and parameters: {'psi': 0.617189642575737}.
[I 2025-08-09 18:41:02,819] Trial 103 finished with values: [0.7843524480020109, 0.34860557768924305] and parameters: {'psi': 0.7517836132663598}.
[I 2025-08-09 18:41:08,068] Trial 104 finished with values: [0.7865881923599329, 0.3431372549019608] and parameters: {'psi': 0.042944504973497555}.
[I 2025-08-09 18:41:13,316] Trial 105 finished with values: [0.7816645761130687, 0.35014836795252224] and parameters: {'psi': 0.9782701641115493}.
[I 2025-08-09 18:41:18,555] Trial 106 finished with values: [0.781826805489093, 0.3472222222222222] and parameters: {'psi': 0.8294617583970572}.
[I 2025-08-09 18:41:23,794] Trial 107 finished with values: [0.787843853772422, 0.3485148514851485] and parameters: {'psi': 0.5281927347358244}.
[I 2025-08-09 18:41:29,035] Trial 108 finished with values: [0.7831142481499205, 0.34516765285996054] and parameters: {'psi': 0.025405575437844274}.
[I 2025-08-09 18:41:34,286] Trial 109 finished with values: [0.7780626006003393, 0.3492063492063492] and parameters: {'psi': 0.8999105302828969}.
[I 2025-08-09 18:41:39,536] Trial 110 finished with values: [0.7841977712040138, 0.344149459193707] and parameters: {'psi': 0.028915259484175726}.
[I 2025-08-09 18:41:44,783] Trial 111 finished with values: [0.7880881343561337, 0.3485148514851485] and parameters: {'psi': 0.48900775847578903}.
[I 2025-08-09 18:41:50,029] Trial 112 finished with values: [0.7891109346828885, 0.34739941118743867] and parameters: {'psi': 0.2577688976278594}.
[I 2025-08-09 18:41:55,283] Trial 113 finished with values: [0.788194595496005, 0.3485148514851485] and parameters: {'psi': 0.4705826753323237}.
[I 2025-08-09 18:42:00,524] Trial 114 finished with values: [0.7814641609025392, 0.3472222222222222] and parameters: {'psi': 0.8363931118168284}.
[I 2025-08-09 18:42:05,763] Trial 115 finished with values: [0.7841535433070865, 0.34860557768924305] and parameters: {'psi': 0.759016561847553}.
[I 2025-08-09 18:42:11,014] Trial 116 finished with values: [0.7890957086855855, 0.34705882352941175] and parameters: {'psi': 0.26353957996310273}.
[I 2025-08-09 18:42:16,253] Trial 117 finished with values: [0.789131054750753, 0.34705882352941175] and parameters: {'psi': 0.24964556163861396}.
[I 2025-08-09 18:42:21,497] Trial 118 finished with values: [0.7784037354446716, 0.34955312810327704] and parameters: {'psi': 0.9171658968104269}.
[I 2025-08-09 18:42:26,748] Trial 119 finished with values: [0.7889369232851418, 0.34442270058708413] and parameters: {'psi': 0.10662024825250227}.
[I 2025-08-09 18:42:31,981] Trial 120 finished with values: [0.7886879298927413, 0.34782608695652173] and parameters: {'psi': 0.37535241880123027}.
[I 2025-08-09 18:42:37,229] Trial 121 finished with values: [0.7882565870564523, 0.3428011753183154] and parameters: {'psi': 0.07057726291312616}.
[I 2025-08-09 18:42:42,480] Trial 122 finished with values: [0.7891823518607136, 0.3460410557184751] and parameters: {'psi': 0.1582404313189899}.
[I 2025-08-09 18:42:47,718] Trial 123 finished with values: [0.7796568591909436, 0.3504950495049505] and parameters: {'psi': 0.9373773806145159}.
[I 2025-08-09 18:42:52,944] Trial 124 finished with values: [0.7856079885732516, 0.34791252485089463] and parameters: {'psi': 0.699453572817636}.
[I 2025-08-09 18:42:58,178] Trial 125 finished with values: [0.7886143375724443, 0.34782608695652173] and parameters: {'psi': 0.39067186972387713}.
[I 2025-08-09 18:43:03,411] Trial 126 finished with values: [0.7806914415394207, 0.3472222222222222] and parameters: {'psi': 0.848275272565833}.
[I 2025-08-09 18:43:08,646] Trial 127 finished with values: [0.7874313017502648, 0.3472222222222222] and parameters: {'psi': 0.5795629968355759}.
[I 2025-08-09 18:43:13,889] Trial 128 finished with values: [0.7884541624976436, 0.34817012858555885] and parameters: {'psi': 0.4234067956196761}.
[I 2025-08-09 18:43:19,116] Trial 129 finished with values: [0.7867324768105646, 0.34756703078450846] and parameters: {'psi': 0.6365599535548998}.
[I 2025-08-09 18:43:24,354] Trial 130 finished with values: [0.7781213294470788, 0.34955312810327704] and parameters: {'psi': 0.8926478114633467}.
[I 2025-08-09 18:43:29,590] Trial 131 finished with values: [0.7832376874851971, 0.34791252485089463] and parameters: {'psi': 0.7915197211532489}.
[I 2025-08-09 18:43:34,829] Trial 132 finished with values: [0.7846797465233972, 0.3509471585244267] and parameters: {'psi': 0.7394009571066708}.
[I 2025-08-09 18:43:40,060] Trial 133 finished with values: [0.7808273275232861, 0.3508424182358771] and parameters: {'psi': 0.9605378136513706}.
[I 2025-08-09 18:43:45,294] Trial 134 finished with values: [0.7889052024574277, 0.3474827245804541] and parameters: {'psi': 0.32454934032783533}.
[I 2025-08-09 18:43:50,526] Trial 135 finished with values: [0.7821602064935254, 0.35014836795252224] and parameters: {'psi': 0.9868907385392071}.
[I 2025-08-09 18:43:55,764] Trial 136 finished with values: [0.7892022302460813, 0.34637964774951074] and parameters: {'psi': 0.19802179469168357}.
[I 2025-08-09 18:44:01,008] Trial 137 finished with values: [0.7781500896642064, 0.34955312810327704] and parameters: {'psi': 0.8906448666054883}.
[I 2025-08-09 18:44:06,237] Trial 138 finished with values: [0.7886995910732154, 0.34782608695652173] and parameters: {'psi': 0.37310062872700456}.
[I 2025-08-09 18:44:11,494] Trial 139 finished with values: [0.7891583648728991, 0.3460410557184751] and parameters: {'psi': 0.14823697221481924}.
[I 2025-08-09 18:44:16,735] Trial 140 finished with values: [0.782930267349178, 0.3448275862068966] and parameters: {'psi': 0.02493342442044877}.
[I 2025-08-09 18:44:21,976] Trial 141 finished with values: [0.7841890706341267, 0.34448818897637795] and parameters: {'psi': 0.028870228771565642}.
[I 2025-08-09 18:44:27,222] Trial 142 finished with values: [0.7890804826882828, 0.34739941118743867] and parameters: {'psi': 0.26967751660695893}.
[I 2025-08-09 18:44:32,463] Trial 143 finished with values: [0.7807718009696303, 0.3508424182358771] and parameters: {'psi': 0.9588917331097104}.
[I 2025-08-09 18:44:37,716] Trial 144 finished with values: [0.7862817993745258, 0.3418467583497053] and parameters: {'psi': 0.040201394550679836}.
[I 2025-08-09 18:44:42,945] Trial 145 finished with values: [0.7859072519250011, 0.3482587064676617] and parameters: {'psi': 0.6847503314429235}.
[I 2025-08-09 18:44:48,196] Trial 146 finished with values: [0.7891597545472562, 0.3460410557184751] and parameters: {'psi': 0.14856411233256872}.
[I 2025-08-09 18:44:53,436] Trial 147 finished with values: [0.7883327774635905, 0.34817012858555885] and parameters: {'psi': 0.4448560468146965}.
[I 2025-08-09 18:44:58,668] Trial 148 finished with values: [0.7889500949812212, 0.34876847290640395] and parameters: {'psi': 0.3151606512465496}.
[I 2025-08-09 18:45:03,912] Trial 149 finished with values: [0.7891894814943712, 0.3460410557184751] and parameters: {'psi': 0.1688642875387939}.
