[I 2025-08-09 18:32:11,368] Trial 0 finished with values: [0.773673428544932, 0.3434704830053667] and parameters: {'psi': 0.8090328629078315}.
[I 2025-08-09 18:32:16,549] Trial 1 finished with values: [0.7757694435866517, 0.33629893238434166] and parameters: {'psi': 0.30744757198795236}.
[I 2025-08-09 18:32:21,633] Trial 2 finished with values: [0.7511413336990079, 0.31222896790980054] and parameters: {'psi': 0.015662149364987776}.
[I 2025-08-09 18:32:26,671] Trial 3 finished with values: [0.7761752119039065, 0.33629893238434166] and parameters: {'psi': 0.35451466836299084}.
[I 2025-08-09 18:32:31,691] Trial 4 finished with values: [0.7684925688295272, 0.33037300177619894] and parameters: {'psi': 0.05604878629460386}.
[I 2025-08-09 18:32:36,711] Trial 5 finished with values: [0.7774299542910307, 0.3375] and parameters: {'psi': 0.5851507808717695}.
[I 2025-08-09 18:32:41,750] Trial 6 finished with values: [0.7736567956272221, 0.3333333333333333] and parameters: {'psi': 0.14996493964700197}.
[I 2025-08-09 18:32:46,781] Trial 7 finished with values: [0.7748570398048718, 0.3342222222222222] and parameters: {'psi': 0.2234775885233563}.
[I 2025-08-09 18:32:51,802] Trial 8 finished with values: [0.7755699020561817, 0.336] and parameters: {'psi': 0.28779850173933297}.
[I 2025-08-09 18:32:56,824] Trial 9 finished with values: [0.7768069418845854, 0.3365983971504898] and parameters: {'psi': 0.43789504351329467}.
[I 2025-08-09 18:33:01,848] Trial 10 finished with values: [0.7763035688251415, 0.3365983971504898] and parameters: {'psi': 0.3705003803190172}.
[I 2025-08-09 18:33:06,870] Trial 11 finished with values: [0.7712680733230355, 0.3318544809228039] and parameters: {'psi': 0.08606411871729513}.
[I 2025-08-09 18:33:11,884] Trial 12 finished with values: [0.7772105709198196, 0.33719892952720787] and parameters: {'psi': 0.504575299119499}.
[I 2025-08-09 18:33:16,915] Trial 13 finished with values: [0.7728284121468005, 0.3330380868024801] and parameters: {'psi': 0.11993156625889057}.
[I 2025-08-09 18:33:21,939] Trial 14 finished with values: [0.777400164788894, 0.3378016085790885] and parameters: {'psi': 0.5510296013692534}.
[I 2025-08-09 18:33:26,960] Trial 15 finished with values: [0.7758079506630224, 0.3392857142857143] and parameters: {'psi': 0.7264301268179614}.
[I 2025-08-09 18:33:31,971] Trial 16 finished with values: [0.7774283498295154, 0.3375] and parameters: {'psi': 0.584666116131375}.
[I 2025-08-09 18:33:36,986] Trial 17 finished with values: [0.7691726465838715, 0.34433541480820695] and parameters: {'psi': 0.8901074727912177}.
[I 2025-08-09 18:33:41,993] Trial 18 finished with values: [0.7768104182178689, 0.3365983971504898] and parameters: {'psi': 0.438334267260597}.
[I 2025-08-09 18:33:47,006] Trial 19 finished with values: [0.7750891519041054, 0.33451957295373663] and parameters: {'psi': 0.2429310223543799}.
[I 2025-08-09 18:33:52,029] Trial 20 finished with values: [0.776437862253984, 0.33868092691622104] and parameters: {'psi': 0.6927560562609509}.
[I 2025-08-09 18:33:57,038] Trial 21 finished with values: [0.7771270854389662, 0.3389830508474576] and parameters: {'psi': 0.6421232311044595}.
[I 2025-08-09 18:34:02,049] Trial 22 finished with values: [0.7751045547346537, 0.33451957295373663] and parameters: {'psi': 0.2441204617741688}.
[I 2025-08-09 18:34:07,061] Trial 23 finished with values: [0.7715353766115077, 0.3318544809228039] and parameters: {'psi': 0.09051872411699335}.
[I 2025-08-09 18:34:12,077] Trial 24 finished with values: [0.7731327250142288, 0.3330380868024801] and parameters: {'psi': 0.12951957134925662}.
[I 2025-08-09 18:34:17,095] Trial 25 finished with values: [0.7758228721551159, 0.336] and parameters: {'psi': 0.3125044639435507}.
[I 2025-08-09 18:34:22,102] Trial 26 finished with values: [0.7767266118447125, 0.33689839572192515] and parameters: {'psi': 0.42666717127287257}.
[I 2025-08-09 18:34:27,116] Trial 27 finished with values: [0.7705163831030521, 0.34458259325044405] and parameters: {'psi': 0.9609794862416936}.
[I 2025-08-09 18:34:32,134] Trial 28 finished with values: [0.7691344069177535, 0.34458259325044405] and parameters: {'psi': 0.9489207929444813}.
[I 2025-08-09 18:34:37,153] Trial 29 finished with values: [0.7774367999934967, 0.3375] and parameters: {'psi': 0.5765530521586085}.
[I 2025-08-09 18:34:42,161] Trial 30 finished with values: [0.7761964977600112, 0.33868092691622104] and parameters: {'psi': 0.7064754948335001}.
[I 2025-08-09 18:34:47,176] Trial 31 finished with values: [0.7724019462759968, 0.3333333333333333] and parameters: {'psi': 0.10850705454290044}.
[I 2025-08-09 18:34:52,186] Trial 32 finished with values: [0.7767355433471484, 0.33689839572192515] and parameters: {'psi': 0.42805198693061586}.
[I 2025-08-09 18:34:57,203] Trial 33 finished with values: [0.776080923048849, 0.33451957295373663] and parameters: {'psi': 0.3427751447606574}.
[I 2025-08-09 18:35:02,211] Trial 34 finished with values: [0.7770862786344236, 0.33689839572192515] and parameters: {'psi': 0.4834387982507009}.
[I 2025-08-09 18:35:07,226] Trial 35 finished with values: [0.7766689581942579, 0.33868092691622104] and parameters: {'psi': 0.6781775313037551}.
[I 2025-08-09 18:35:12,237] Trial 36 finished with values: [0.777427708044909, 0.3378016085790885] and parameters: {'psi': 0.5614807334439499}.
[I 2025-08-09 18:35:17,253] Trial 37 finished with values: [0.7774351955319811, 0.3375] and parameters: {'psi': 0.5816078585997161}.
[I 2025-08-09 18:35:22,260] Trial 38 finished with values: [0.775947485332815, 0.33451957295373663] and parameters: {'psi': 0.32679187489906747}.
[I 2025-08-09 18:35:27,269] Trial 39 finished with values: [0.7714332793770753, 0.3437779767233662] and parameters: {'psi': 0.8620549325392678}.
[I 2025-08-09 18:35:32,286] Trial 40 finished with values: [0.7723056785850704, 0.3333333333333333] and parameters: {'psi': 0.10611586898977066}.
[I 2025-08-09 18:35:37,305] Trial 41 finished with values: [0.7739947487044241, 0.3333333333333333] and parameters: {'psi': 0.1658771561949658}.
[I 2025-08-09 18:35:42,317] Trial 42 finished with values: [0.7702372067993657, 0.34433541480820695] and parameters: {'psi': 0.8776615666942498}.
[I 2025-08-09 18:35:47,329] Trial 43 finished with values: [0.7722964261903313, 0.3333333333333333] and parameters: {'psi': 0.10578990961753998}.
[I 2025-08-09 18:35:52,340] Trial 44 finished with values: [0.7768877532629133, 0.33868092691622104] and parameters: {'psi': 0.662792808721989}.
[I 2025-08-09 18:35:57,345] Trial 45 finished with values: [0.7770143452764814, 0.3365983971504898] and parameters: {'psi': 0.47094325249512214}.
[I 2025-08-09 18:36:02,355] Trial 46 finished with values: [0.77676688382875, 0.33868092691622104] and parameters: {'psi': 0.671624703453883}.
[I 2025-08-09 18:36:07,360] Trial 47 finished with values: [0.7767000312656067, 0.33689839572192515] and parameters: {'psi': 0.42332519237946453}.
[I 2025-08-09 18:36:12,366] Trial 48 finished with values: [0.7768088137563535, 0.3365983971504898] and parameters: {'psi': 0.43810467862141556}.
[I 2025-08-09 18:36:17,381] Trial 49 finished with values: [0.7742800754439196, 0.3336291038154392] and parameters: {'psi': 0.18194354083567776}.
[I 2025-08-09 18:36:22,391] Trial 50 finished with values: [0.7753520161823849, 0.336] and parameters: {'psi': 0.26756664108462824}.
[I 2025-08-09 18:36:27,402] Trial 51 finished with values: [0.7747973538364974, 0.33958891867739055] and parameters: {'psi': 0.769238375203046}.
[I 2025-08-09 18:36:32,412] Trial 52 finished with values: [0.7764185017516976, 0.3365983971504898] and parameters: {'psi': 0.3847647707915739}.
[I 2025-08-09 18:36:37,518] Trial 53 finished with values: [0.7771667156383976, 0.33689839572192515] and parameters: {'psi': 0.49658295461316326}.
[I 2025-08-09 18:36:42,530] Trial 54 finished with values: [0.7708377032625441, 0.3460514640638864] and parameters: {'psi': 0.9634252394303086}.
[I 2025-08-09 18:36:47,547] Trial 55 finished with values: [0.7750713958633346, 0.33451957295373663] and parameters: {'psi': 0.24112045275136873}.
[I 2025-08-09 18:36:52,567] Trial 56 finished with values: [0.7751761137182422, 0.33451957295373663] and parameters: {'psi': 0.2505131377592301}.
[I 2025-08-09 18:36:57,581] Trial 57 finished with values: [0.7772407347963098, 0.3389830508474576] and parameters: {'psi': 0.6282307574949565}.
[I 2025-08-09 18:37:02,590] Trial 58 finished with values: [0.7737435435131569, 0.3434704830053667] and parameters: {'psi': 0.8067025659577131}.
[I 2025-08-09 18:37:07,610] Trial 59 finished with values: [0.7539259301411038, 0.3153310104529617] and parameters: {'psi': 0.01821400559177888}.
[I 2025-08-09 18:37:12,631] Trial 60 finished with values: [0.7762206716468438, 0.336] and parameters: {'psi': 0.35986563269795313}.
[I 2025-08-09 18:37:17,647] Trial 61 finished with values: [0.7757124317208031, 0.336] and parameters: {'psi': 0.3017212450998664}.
[I 2025-08-09 18:37:22,655] Trial 62 finished with values: [0.7755251375799008, 0.336] and parameters: {'psi': 0.2834744115201896}.
[I 2025-08-09 18:37:27,665] Trial 63 finished with values: [0.774499779707434, 0.3339253996447602] and parameters: {'psi': 0.19702551364120247}.
[I 2025-08-09 18:37:32,674] Trial 64 finished with values: [0.7757390657819595, 0.3392857142857143] and parameters: {'psi': 0.7298517068851013}.
[I 2025-08-09 18:37:37,688] Trial 65 finished with values: [0.7748686454098336, 0.3342222222222222] and parameters: {'psi': 0.22425893040477374}.
[I 2025-08-09 18:37:42,706] Trial 66 finished with values: [0.769674522145901, 0.3448888888888889] and parameters: {'psi': 0.954090347015511}.
[I 2025-08-09 18:37:47,722] Trial 67 finished with values: [0.777332296066791, 0.3378016085790885] and parameters: {'psi': 0.5300553261510681}.
[I 2025-08-09 18:37:52,797] Trial 68 finished with values: [0.7760684082490288, 0.33451957295373663] and parameters: {'psi': 0.3410521160437249}.
[I 2025-08-09 18:37:57,871] Trial 69 finished with values: [0.7773508008562691, 0.3378016085790885] and parameters: {'psi': 0.5347124860848461}.
[I 2025-08-09 18:38:02,937] Trial 70 finished with values: [0.770472420857529, 0.34464285714285714] and parameters: {'psi': 0.8747835638485718}.
[I 2025-08-09 18:38:08,014] Trial 71 finished with values: [0.7773463083640257, 0.3375] and parameters: {'psi': 0.5334213442968871}.
[I 2025-08-09 18:38:13,095] Trial 72 finished with values: [0.7733748382569088, 0.3330380868024801] and parameters: {'psi': 0.13847370837011086}.
[I 2025-08-09 18:38:18,170] Trial 73 finished with values: [0.776616706230905, 0.33629893238434166] and parameters: {'psi': 0.4119472336677341}.
[I 2025-08-09 18:38:23,237] Trial 74 finished with values: [0.7749533609778487, 0.3392857142857143] and parameters: {'psi': 0.7632804195658061}.
[I 2025-08-09 18:38:28,322] Trial 75 finished with values: [0.7726143769806408, 0.3330380868024801] and parameters: {'psi': 0.11390769349644236}.
[I 2025-08-09 18:38:33,332] Trial 76 finished with values: [0.7772638390421323, 0.3375] and parameters: {'psi': 0.5152479155017469}.
[I 2025-08-09 18:38:38,414] Trial 77 finished with values: [0.776610181420742, 0.33868092691622104] and parameters: {'psi': 0.6820930273616129}.
[I 2025-08-09 18:38:43,499] Trial 78 finished with values: [0.7763607946191922, 0.3365983971504898] and parameters: {'psi': 0.37740685497145354}.
[I 2025-08-09 18:38:48,576] Trial 79 finished with values: [0.776912889826655, 0.33689839572192515] and parameters: {'psi': 0.45410931322775716}.
[I 2025-08-09 18:38:53,590] Trial 80 finished with values: [0.7767715367671448, 0.3365983971504898] and parameters: {'psi': 0.4324878027772995}.
[I 2025-08-09 18:38:58,663] Trial 81 finished with values: [0.7767536202802225, 0.3365983971504898] and parameters: {'psi': 0.4301747724335667}.
[I 2025-08-09 18:39:03,737] Trial 82 finished with values: [0.7756380916705877, 0.336] and parameters: {'psi': 0.29412248007464836}.
[I 2025-08-09 18:39:08,745] Trial 83 finished with values: [0.7754494069963722, 0.336] and parameters: {'psi': 0.27584971435876415}.
[I 2025-08-09 18:39:13,822] Trial 84 finished with values: [0.7734910012706265, 0.3333333333333333] and parameters: {'psi': 0.1430244806857881}.
[I 2025-08-09 18:39:18,846] Trial 85 finished with values: [0.7750953558219651, 0.3392857142857143] and parameters: {'psi': 0.7576587575367841}.
[I 2025-08-09 18:39:23,914] Trial 86 finished with values: [0.7772272038375296, 0.33719892952720787] and parameters: {'psi': 0.5080106243910422}.
[I 2025-08-09 18:39:28,991] Trial 87 finished with values: [0.7729388525811132, 0.3330380868024801] and parameters: {'psi': 0.12308452073695397}.
[I 2025-08-09 18:39:34,042] Trial 88 finished with values: [0.7398650712043975, 0.2967409948542024] and parameters: {'psi': 0.00888223397707022}.
[I 2025-08-09 18:39:39,112] Trial 89 finished with values: [0.7755686719690198, 0.3392857142857143] and parameters: {'psi': 0.7374495113715491}.
[I 2025-08-09 18:39:44,185] Trial 90 finished with values: [0.7731746549418324, 0.3434704830053667] and parameters: {'psi': 0.8252028324204138}.
[I 2025-08-09 18:39:49,256] Trial 91 finished with values: [0.7773386604308021, 0.3375] and parameters: {'psi': 0.5315541958283019}.
[I 2025-08-09 18:39:54,322] Trial 92 finished with values: [0.776959526174704, 0.3365983971504898] and parameters: {'psi': 0.4614567698507497}.
[I 2025-08-09 18:39:59,346] Trial 93 finished with values: [0.7748721752251675, 0.3342222222222222] and parameters: {'psi': 0.22462419283734092}.
[I 2025-08-09 18:40:04,421] Trial 94 finished with values: [0.775918177169133, 0.33451957295373663] and parameters: {'psi': 0.3235391483415053}.
[I 2025-08-09 18:40:09,485] Trial 95 finished with values: [0.7771281550799766, 0.33689839572192515] and parameters: {'psi': 0.490120112021022}.
[I 2025-08-09 18:40:14,505] Trial 96 finished with values: [0.775111988739675, 0.33451957295373663] and parameters: {'psi': 0.24498238332673827}.
[I 2025-08-09 18:40:19,583] Trial 97 finished with values: [0.7774142840502299, 0.3375] and parameters: {'psi': 0.594855202486291}.
[I 2025-08-09 18:40:24,649] Trial 98 finished with values: [0.7704433266220492, 0.34458259325044405] and parameters: {'psi': 0.9604300357417201}.
[I 2025-08-09 18:40:29,720] Trial 99 finished with values: [0.7773461479178743, 0.3375] and parameters: {'psi': 0.5333805231843939}.
[I 2025-08-09 18:40:34,781] Trial 100 finished with values: [0.774881695030159, 0.3342222222222222] and parameters: {'psi': 0.22535559338028277}.
[I 2025-08-09 18:40:39,825] Trial 101 finished with values: [0.7767767245260447, 0.3365983971504898] and parameters: {'psi': 0.4336130060589303}.
[I 2025-08-09 18:40:44,975] Trial 102 finished with values: [0.7763924559930969, 0.3365983971504898] and parameters: {'psi': 0.38129863786774765}.
[I 2025-08-09 18:40:50,022] Trial 103 finished with values: [0.7773158235952324, 0.3375] and parameters: {'psi': 0.5261204353389823}.
[I 2025-08-09 18:40:55,087] Trial 104 finished with values: [0.7755312880157101, 0.336] and parameters: {'psi': 0.28395630153646934}.
[I 2025-08-09 18:41:00,149] Trial 105 finished with values: [0.7764238499567491, 0.3365983971504898] and parameters: {'psi': 0.3853803918951345}.
[I 2025-08-09 18:41:05,161] Trial 106 finished with values: [0.7760050320191688, 0.33451957295373663] and parameters: {'psi': 0.3339483226332278}.
[I 2025-08-09 18:41:10,222] Trial 107 finished with values: [0.7774368534755471, 0.3375] and parameters: {'psi': 0.5779079444862806}.
[I 2025-08-09 18:41:15,293] Trial 108 finished with values: [0.77538683299727, 0.3392857142857143] and parameters: {'psi': 0.7454572586745937}.
[I 2025-08-09 18:41:20,359] Trial 109 finished with values: [0.7771178330442272, 0.33689839572192515] and parameters: {'psi': 0.48833597744730506}.
[I 2025-08-09 18:41:25,362] Trial 110 finished with values: [0.7727207527791146, 0.34574468085106386] and parameters: {'psi': 0.9759598706177618}.
[I 2025-08-09 18:41:30,441] Trial 111 finished with values: [0.7774287242038689, 0.3378016085790885] and parameters: {'psi': 0.5646017229337136}.
[I 2025-08-09 18:41:35,507] Trial 112 finished with values: [0.7752969831524054, 0.3392857142857143] and parameters: {'psi': 0.7493650621494106}.
[I 2025-08-09 18:41:40,582] Trial 113 finished with values: [0.7770335988146666, 0.33689839572192515] and parameters: {'psi': 0.4738799967628916}.
[I 2025-08-09 18:41:45,657] Trial 114 finished with values: [0.7738239805171307, 0.3434704830053667] and parameters: {'psi': 0.8041287183021292}.
[I 2025-08-09 18:41:50,731] Trial 115 finished with values: [0.7761981557035773, 0.336] and parameters: {'psi': 0.3571686799100099}.
[I 2025-08-09 18:41:55,796] Trial 116 finished with values: [0.77681261098194, 0.33868092691622104] and parameters: {'psi': 0.668383026082777}.
[I 2025-08-09 18:42:00,841] Trial 117 finished with values: [0.7765151972990281, 0.33629893238434166] and parameters: {'psi': 0.3985162557677563}.
[I 2025-08-09 18:42:05,884] Trial 118 finished with values: [0.7759573260301098, 0.3389830508474576] and parameters: {'psi': 0.7190321152080301}.
[I 2025-08-09 18:42:10,931] Trial 119 finished with values: [0.777067827326996, 0.33689839572192515] and parameters: {'psi': 0.4799480631771653}.
[I 2025-08-09 18:42:15,996] Trial 120 finished with values: [0.775542091389914, 0.336] and parameters: {'psi': 0.28502675257412513}.
[I 2025-08-09 18:42:21,077] Trial 121 finished with values: [0.7763066707840716, 0.3365983971504898] and parameters: {'psi': 0.370896991744479}.
[I 2025-08-09 18:42:26,087] Trial 122 finished with values: [0.768475401091312, 0.33037300177619894] and parameters: {'psi': 0.05591770483233083}.
[I 2025-08-09 18:42:31,160] Trial 123 finished with values: [0.7727441244351894, 0.3434704830053667] and parameters: {'psi': 0.8370941144073558}.
[I 2025-08-09 18:42:36,239] Trial 124 finished with values: [0.7774091497733805, 0.3375] and parameters: {'psi': 0.5966425126901601}.
[I 2025-08-09 18:42:41,308] Trial 125 finished with values: [0.7766564433944373, 0.33868092691622104] and parameters: {'psi': 0.6791642321138884}.
[I 2025-08-09 18:42:46,380] Trial 126 finished with values: [0.773264397822596, 0.3330380868024801] and parameters: {'psi': 0.13414259313656052}.
[I 2025-08-09 18:42:51,457] Trial 127 finished with values: [0.7753070912599526, 0.336] and parameters: {'psi': 0.263252581609728}.
[I 2025-08-09 18:42:56,530] Trial 128 finished with values: [0.7756113506453305, 0.336] and parameters: {'psi': 0.29168334841130494}.
[I 2025-08-09 18:43:01,543] Trial 129 finished with values: [0.7773830505327294, 0.3392857142857143] and parameters: {'psi': 0.6041448467697033}.
[I 2025-08-09 18:43:06,564] Trial 130 finished with values: [0.7752182575740476, 0.336] and parameters: {'psi': 0.25442760435332534}.
[I 2025-08-09 18:43:11,587] Trial 131 finished with values: [0.7761221042277453, 0.33451957295373663] and parameters: {'psi': 0.34777716966458017}.
[I 2025-08-09 18:43:16,602] Trial 132 finished with values: [0.7707795147915841, 0.3460514640638864] and parameters: {'psi': 0.9629813577545441}.
[I 2025-08-09 18:43:21,608] Trial 133 finished with values: [0.7686698083449327, 0.34458259325044405] and parameters: {'psi': 0.9441085358128095}.
[I 2025-08-09 18:43:26,611] Trial 134 finished with values: [0.7770579331476507, 0.3389830508474576] and parameters: {'psi': 0.6487167866639971}.
[I 2025-08-09 18:43:31,626] Trial 135 finished with values: [0.7773688243072923, 0.3378016085790885] and parameters: {'psi': 0.5387727046281547}.
[I 2025-08-09 18:43:36,636] Trial 136 finished with values: [0.7774039620144806, 0.3375] and parameters: {'psi': 0.5986678027618717}.
[I 2025-08-09 18:43:41,654] Trial 137 finished with values: [0.7739544767203865, 0.3434704830053667] and parameters: {'psi': 0.7997955513236381}.
[I 2025-08-09 18:43:46,659] Trial 138 finished with values: [0.7773520844254813, 0.3378016085790885] and parameters: {'psi': 0.5349734214678067}.
[I 2025-08-09 18:43:51,673] Trial 139 finished with values: [0.774936353685785, 0.3342222222222222] and parameters: {'psi': 0.22943610035062667}.
[I 2025-08-09 18:43:56,688] Trial 140 finished with values: [0.7626850064461915, 0.3256637168141593] and parameters: {'psi': 0.03207150137838677}.
[I 2025-08-09 18:44:01,697] Trial 141 finished with values: [0.7762727096819947, 0.336] and parameters: {'psi': 0.36611329132759296}.
[I 2025-08-09 18:44:06,718] Trial 142 finished with values: [0.7751521537596117, 0.33451957295373663] and parameters: {'psi': 0.24823938364830445}.
[I 2025-08-09 18:44:11,729] Trial 143 finished with values: [0.7708342269292606, 0.33156028368794327] and parameters: {'psi': 0.07956653608543218}.
[I 2025-08-09 18:44:16,739] Trial 144 finished with values: [0.7734842625322617, 0.34458259325044405] and parameters: {'psi': 0.9802883511360798}.
[I 2025-08-09 18:44:21,758] Trial 145 finished with values: [0.777131524449159, 0.3389830508474576] and parameters: {'psi': 0.6412828743827149}.
[I 2025-08-09 18:44:26,769] Trial 146 finished with values: [0.7774301147371823, 0.3378016085790885] and parameters: {'psi': 0.5665081726982075}.
[I 2025-08-09 18:44:31,778] Trial 147 finished with values: [0.7767433517265236, 0.33689839572192515] and parameters: {'psi': 0.42887801440799533}.
[I 2025-08-09 18:44:36,786] Trial 148 finished with values: [0.7766194872975316, 0.33629893238434166] and parameters: {'psi': 0.4125128106921756}.
[I 2025-08-09 18:44:41,800] Trial 149 finished with values: [0.7774350350858297, 0.3375] and parameters: {'psi': 0.5807439764252204}.
[I 2025-08-09 18:44:46,813] Trial 150 finished with values: [0.7764459380436115, 0.3365983971504898] and parameters: {'psi': 0.38872666348543927}.
[I 2025-08-09 18:44:51,827] Trial 151 finished with values: [0.7726140026062873, 0.3330380868024801] and parameters: {'psi': 0.11388601739363957}.
[I 2025-08-09 18:44:56,944] Trial 152 finished with values: [0.774059996806052, 0.34458259325044405] and parameters: {'psi': 0.9832036253107703}.
