[I 2025-08-09 19:15:53,352] A new study created in memory with name: no-name-5e1fdce3-bc84-43ac-ab44-17213e4aa0ce
Mode-0 approx rank: 3/38
Estimated noise variance from mode-0: 0.0
Mode-1 approx rank: 6/20
Estimated noise variance from mode-1: 0.000177825332097206
Mode-2 approx rank: 5/24
Estimated noise variance from mode-2: 0.00023936783613024662
Mode-3 approx rank: 1/60
Estimated noise variance from mode-3: 9.580494086985005e-05
  0%|          | 0/500 [00:00<?, ?it/s]/mnt/ffs24/home/mondalra/Anomaly_Detection/src/proximal_ops/prox_overlapping_grouped_l21.py:405: UserWarning: Sparse CSR tensor support is in beta state. If you miss a functionality in the sparse tensor support, please submit a feature request to https://github.com/pytorch/pytorch/issues. (Triggered internally at /home/conda/feedstock_root/build_artifacts/libtorch_1742922447420/work/aten/src/ATen/SparseCsrTensorImpl.cpp:53.)
  G_ind = torch.sparse_csr_tensor(A_r.indptr, A_r.indices, A_r.data, device=device, dtype=dtype)
                                         0%|          | 0/500 [00:10<?, ?it/s]  0%|          | 1/500 [00:10<1:24:40, 10.18s/it]                                                   0%|          | 1/500 [00:18<1:24:40, 10.18s/it]  0%|          | 2/500 [00:18<1:15:07,  9.05s/it]                                                   0%|          | 2/500 [00:26<1:15:07,  9.05s/it]  1%|          | 3/500 [00:26<1:11:31,  8.63s/it]                                                   1%|          | 3/500 [00:34<1:11:31,  8.63s/it]  1%|          | 4/500 [00:34<1:09:50,  8.45s/it]                                                   1%|          | 4/500 [00:42<1:09:50,  8.45s/it]  1%|          | 5/500 [00:42<1:08:49,  8.34s/it]                                                   1%|          | 5/500 [00:51<1:08:49,  8.34s/it]  1%|          | 6/500 [00:51<1:08:04,  8.27s/it]                                                   1%|          | 6/500 [00:59<1:08:04,  8.27s/it]  1%|▏         | 7/500 [00:59<1:07:34,  8.22s/it]                                                   1%|▏         | 7/500 [01:07<1:07:34,  8.22s/it]  2%|▏         | 8/500 [01:07<1:07:13,  8.20s/it]                                                   2%|▏         | 8/500 [01:15<1:07:13,  8.20s/it]  2%|▏         | 9/500 [01:15<1:06:58,  8.19s/it]                                                   2%|▏         | 9/500 [01:23<1:06:58,  8.19s/it]  2%|▏         | 10/500 [01:23<1:06:49,  8.18s/it]                                                    2%|▏         | 10/500 [01:31<1:06:49,  8.18s/it]  2%|▏         | 11/500 [01:31<1:06:30,  8.16s/it]                                                    2%|▏         | 11/500 [01:39<1:06:30,  8.16s/it]  2%|▏         | 12/500 [01:39<1:06:24,  8.16s/it]                                                    2%|▏         | 12/500 [01:48<1:06:24,  8.16s/it]  3%|▎         | 13/500 [01:48<1:06:08,  8.15s/it]                                                    3%|▎         | 13/500 [01:56<1:06:08,  8.15s/it]  3%|▎         | 14/500 [01:56<1:05:54,  8.14s/it]                                                    3%|▎         | 14/500 [02:04<1:05:54,  8.14s/it]  3%|▎         | 15/500 [02:04<1:05:47,  8.14s/it]                                                    3%|▎         | 15/500 [02:12<1:05:47,  8.14s/it]  3%|▎         | 16/500 [02:12<1:05:41,  8.14s/it]                                                    3%|▎         | 16/500 [02:20<1:05:41,  8.14s/it]  3%|▎         | 17/500 [02:20<1:05:31,  8.14s/it]                                                    3%|▎         | 17/500 [02:28<1:05:31,  8.14s/it]  4%|▎         | 18/500 [02:28<1:05:29,  8.15s/it]                                                    4%|▎         | 18/500 [02:36<1:05:29,  8.15s/it]  4%|▍         | 19/500 [02:36<1:05:23,  8.16s/it]                                                    4%|▍         | 19/500 [02:45<1:05:23,  8.16s/it]  4%|▍         | 20/500 [02:45<1:05:09,  8.15s/it]                                                    4%|▍         | 20/500 [02:53<1:05:09,  8.15s/it]  4%|▍         | 21/500 [02:53<1:04:54,  8.13s/it]                                                    4%|▍         | 21/500 [03:01<1:04:54,  8.13s/it]  4%|▍         | 22/500 [03:01<1:04:46,  8.13s/it]                                                    4%|▍         | 22/500 [03:09<1:04:46,  8.13s/it]  5%|▍         | 23/500 [03:09<1:04:39,  8.13s/it]                                                    5%|▍         | 23/500 [03:17<1:04:39,  8.13s/it]  5%|▍         | 24/500 [03:17<1:04:29,  8.13s/it]                                                    5%|▍         | 24/500 [03:25<1:04:29,  8.13s/it]  5%|▌         | 25/500 [03:25<1:04:20,  8.13s/it]                                                    5%|▌         | 25/500 [03:33<1:04:20,  8.13s/it]  5%|▌         | 26/500 [03:33<1:04:09,  8.12s/it]                                                    5%|▌         | 26/500 [03:41<1:04:09,  8.12s/it]  5%|▌         | 27/500 [03:41<1:04:06,  8.13s/it]                                                    5%|▌         | 27/500 [03:50<1:04:06,  8.13s/it]  6%|▌         | 28/500 [03:50<1:03:56,  8.13s/it]                                                    6%|▌         | 28/500 [03:58<1:03:56,  8.13s/it]  6%|▌         | 29/500 [03:58<1:03:47,  8.13s/it]                                                    6%|▌         | 29/500 [04:06<1:03:47,  8.13s/it]  6%|▌         | 30/500 [04:06<1:03:43,  8.13s/it]                                                    6%|▌         | 30/500 [04:14<1:03:43,  8.13s/it]  6%|▌         | 31/500 [04:14<1:03:32,  8.13s/it]                                                    6%|▌         | 31/500 [04:22<1:03:32,  8.13s/it]  6%|▋         | 32/500 [04:22<1:03:26,  8.13s/it]                                                    6%|▋         | 32/500 [04:30<1:03:26,  8.13s/it]  7%|▋         | 33/500 [04:30<1:03:23,  8.14s/it]                                                    7%|▋         | 33/500 [04:38<1:03:23,  8.14s/it]  7%|▋         | 34/500 [04:38<1:03:11,  8.14s/it]                                                    7%|▋         | 34/500 [04:46<1:03:11,  8.14s/it]  7%|▋         | 35/500 [04:46<1:02:59,  8.13s/it]                                                    7%|▋         | 35/500 [04:55<1:02:59,  8.13s/it]  7%|▋         | 36/500 [04:55<1:02:51,  8.13s/it]                                                    7%|▋         | 36/500 [05:03<1:02:51,  8.13s/it]  7%|▋         | 37/500 [05:03<1:02:37,  8.12s/it]                                                    7%|▋         | 37/500 [05:11<1:02:37,  8.12s/it]  8%|▊         | 38/500 [05:11<1:02:27,  8.11s/it]                                                    8%|▊         | 38/500 [05:19<1:02:27,  8.11s/it]  8%|▊         | 39/500 [05:19<1:02:22,  8.12s/it]                                                    8%|▊         | 39/500 [05:27<1:02:22,  8.12s/it]  8%|▊         | 40/500 [05:27<1:02:15,  8.12s/it]                                                    8%|▊         | 40/500 [05:35<1:02:15,  8.12s/it]  8%|▊         | 41/500 [05:35<1:02:10,  8.13s/it]                                                    8%|▊         | 41/500 [05:43<1:02:10,  8.13s/it]  8%|▊         | 42/500 [05:43<1:02:04,  8.13s/it]                                                    8%|▊         | 42/500 [05:51<1:02:04,  8.13s/it]  9%|▊         | 43/500 [05:51<1:01:55,  8.13s/it]                                                    9%|▊         | 43/500 [06:00<1:01:55,  8.13s/it]  9%|▉         | 44/500 [06:00<1:01:46,  8.13s/it]                                                    9%|▉         | 44/500 [06:08<1:01:46,  8.13s/it]  9%|▉         | 45/500 [06:08<1:01:43,  8.14s/it]                                                    9%|▉         | 45/500 [06:16<1:01:43,  8.14s/it]  9%|▉         | 46/500 [06:16<1:01:32,  8.13s/it]                                                    9%|▉         | 46/500 [06:24<1:01:32,  8.13s/it]  9%|▉         | 47/500 [06:24<1:01:32,  8.15s/it]                                                    9%|▉         | 47/500 [06:32<1:01:32,  8.15s/it] 10%|▉         | 48/500 [06:32<1:01:31,  8.17s/it]                                                   10%|▉         | 48/500 [06:40<1:01:31,  8.17s/it] 10%|▉         | 49/500 [06:40<1:01:19,  8.16s/it]                                                   10%|▉         | 49/500 [06:49<1:01:19,  8.16s/it] 10%|█         | 50/500 [06:49<1:01:10,  8.16s/it]                                                   10%|█         | 50/500 [06:57<1:01:10,  8.16s/it] 10%|█         | 51/500 [06:57<1:01:02,  8.16s/it]                                                   10%|█         | 51/500 [07:05<1:01:02,  8.16s/it] 10%|█         | 52/500 [07:05<1:00:54,  8.16s/it]                                                   10%|█         | 52/500 [07:13<1:00:54,  8.16s/it] 11%|█         | 53/500 [07:13<1:00:44,  8.15s/it]                                                   11%|█         | 53/500 [07:21<1:00:44,  8.15s/it] 11%|█         | 54/500 [07:21<1:00:48,  8.18s/it]                                                   11%|█         | 54/500 [07:29<1:00:48,  8.18s/it] 11%|█         | 55/500 [07:29<1:00:37,  8.17s/it]                                                   11%|█         | 55/500 [07:38<1:00:37,  8.17s/it] 11%|█         | 56/500 [07:38<1:00:26,  8.17s/it]                                                   11%|█         | 56/500 [07:46<1:00:26,  8.17s/it] 11%|█▏        | 57/500 [07:46<1:00:16,  8.16s/it]                                                   11%|█▏        | 57/500 [07:54<1:00:16,  8.16s/it] 12%|█▏        | 58/500 [07:54<1:00:03,  8.15s/it]                                                   12%|█▏        | 58/500 [08:02<1:00:03,  8.15s/it] 12%|█▏        | 59/500 [08:02<59:57,  8.16s/it]                                                   12%|█▏        | 59/500 [08:10<59:57,  8.16s/it] 12%|█▏        | 60/500 [08:10<59:43,  8.15s/it]                                                 12%|█▏        | 60/500 [08:18<59:43,  8.15s/it] 12%|█▏        | 61/500 [08:18<59:35,  8.15s/it]                                                 12%|█▏        | 61/500 [08:26<59:35,  8.15s/it] 12%|█▏        | 62/500 [08:26<59:24,  8.14s/it]                                                 12%|█▏        | 62/500 [08:35<59:24,  8.14s/it] 13%|█▎        | 63/500 [08:35<59:17,  8.14s/it]                                                 13%|█▎        | 63/500 [08:43<59:17,  8.14s/it] 13%|█▎        | 64/500 [08:43<59:12,  8.15s/it]                                                 13%|█▎        | 64/500 [08:51<59:12,  8.15s/it] 13%|█▎        | 65/500 [08:51<59:05,  8.15s/it]                                                 13%|█▎        | 65/500 [08:59<59:05,  8.15s/it] 13%|█▎        | 66/500 [08:59<58:56,  8.15s/it]                                                 13%|█▎        | 66/500 [09:07<58:56,  8.15s/it] 13%|█▎        | 67/500 [09:07<58:51,  8.16s/it]                                                 13%|█▎        | 67/500 [09:15<58:51,  8.16s/it] 14%|█▎        | 68/500 [09:15<58:41,  8.15s/it]                                                 14%|█▎        | 68/500 [09:23<58:41,  8.15s/it] 14%|█▍        | 69/500 [09:23<58:31,  8.15s/it]                                                 14%|█▍        | 69/500 [09:32<58:31,  8.15s/it] 14%|█▍        | 70/500 [09:32<58:17,  8.13s/it]                                                 14%|█▍        | 70/500 [09:40<58:17,  8.13s/it] 14%|█▍        | 71/500 [09:40<58:08,  8.13s/it]                                                 14%|█▍        | 71/500 [09:48<58:08,  8.13s/it] 14%|█▍        | 72/500 [09:48<58:00,  8.13s/it]                                                 14%|█▍        | 72/500 [09:56<58:00,  8.13s/it] 15%|█▍        | 73/500 [09:56<57:52,  8.13s/it]                                                 15%|█▍        | 73/500 [10:04<57:52,  8.13s/it] 15%|█▍        | 74/500 [10:04<57:43,  8.13s/it]                                                 15%|█▍        | 74/500 [10:12<57:43,  8.13s/it] 15%|█▌        | 75/500 [10:12<57:36,  8.13s/it]                                                 15%|█▌        | 75/500 [10:20<57:36,  8.13s/it] 15%|█▌        | 76/500 [10:20<57:28,  8.13s/it]                                                 15%|█▌        | 76/500 [10:29<57:28,  8.13s/it] 15%|█▌        | 77/500 [10:29<57:23,  8.14s/it]                                                 15%|█▌        | 77/500 [10:37<57:23,  8.14s/it] 16%|█▌        | 78/500 [10:37<57:09,  8.13s/it]                                                 16%|█▌        | 78/500 [10:45<57:09,  8.13s/it] 16%|█▌        | 79/500 [10:45<56:56,  8.12s/it]                                                 16%|█▌        | 79/500 [10:53<56:56,  8.12s/it] 16%|█▌        | 80/500 [10:53<56:52,  8.13s/it]                                                 16%|█▌        | 80/500 [11:01<56:52,  8.13s/it] 16%|█▌        | 81/500 [11:01<56:48,  8.13s/it]                                                 16%|█▌        | 81/500 [11:09<56:48,  8.13s/it] 16%|█▋        | 82/500 [11:09<56:41,  8.14s/it]                                                 16%|█▋        | 82/500 [11:17<56:41,  8.14s/it] 17%|█▋        | 83/500 [11:17<56:33,  8.14s/it]                                                 17%|█▋        | 83/500 [11:25<56:33,  8.14s/it] 17%|█▋        | 84/500 [11:25<56:26,  8.14s/it]                                                 17%|█▋        | 84/500 [11:34<56:26,  8.14s/it] 17%|█▋        | 85/500 [11:34<56:18,  8.14s/it]                                                 17%|█▋        | 85/500 [11:42<56:18,  8.14s/it] 17%|█▋        | 86/500 [11:42<56:08,  8.14s/it]                                                 17%|█▋        | 86/500 [11:50<56:08,  8.14s/it] 17%|█▋        | 87/500 [11:50<55:54,  8.12s/it]                                                 17%|█▋        | 87/500 [11:58<55:54,  8.12s/it] 18%|█▊        | 88/500 [11:58<55:48,  8.13s/it]                                                 18%|█▊        | 88/500 [12:06<55:48,  8.13s/it] 18%|█▊        | 89/500 [12:06<55:40,  8.13s/it]                                                 18%|█▊        | 89/500 [12:14<55:40,  8.13s/it] 18%|█▊        | 90/500 [12:14<55:26,  8.11s/it]                                                 18%|█▊        | 90/500 [12:22<55:26,  8.11s/it] 18%|█▊        | 91/500 [12:22<55:21,  8.12s/it]                                                 18%|█▊        | 91/500 [12:30<55:21,  8.12s/it] 18%|█▊        | 92/500 [12:30<55:17,  8.13s/it]                                                 18%|█▊        | 92/500 [12:39<55:17,  8.13s/it] 19%|█▊        | 93/500 [12:39<55:10,  8.13s/it]                                                 19%|█▊        | 93/500 [12:47<55:10,  8.13s/it] 19%|█▉        | 94/500 [12:47<55:00,  8.13s/it]                                                 19%|█▉        | 94/500 [12:55<55:00,  8.13s/it] 19%|█▉        | 95/500 [12:55<54:48,  8.12s/it]                                                 19%|█▉        | 95/500 [13:03<54:48,  8.12s/it] 19%|█▉        | 96/500 [13:03<54:41,  8.12s/it]                                                 19%|█▉        | 96/500 [13:11<54:41,  8.12s/it] 19%|█▉        | 97/500 [13:11<54:35,  8.13s/it]                                                 19%|█▉        | 97/500 [13:19<54:35,  8.13s/it] 20%|█▉        | 98/500 [13:19<54:29,  8.13s/it]                                                 20%|█▉        | 98/500 [13:27<54:29,  8.13s/it] 20%|█▉        | 99/500 [13:27<54:22,  8.14s/it]                                                 20%|█▉        | 99/500 [13:35<54:22,  8.14s/it] 20%|██        | 100/500 [13:35<54:09,  8.12s/it]                                                  20%|██        | 100/500 [13:44<54:09,  8.12s/it] 20%|██        | 101/500 [13:44<54:01,  8.12s/it]                                                  20%|██        | 101/500 [13:52<54:01,  8.12s/it] 20%|██        | 102/500 [13:52<53:50,  8.12s/it]                                                  20%|██        | 102/500 [14:00<53:50,  8.12s/it] 21%|██        | 103/500 [14:00<54:01,  8.16s/it]                                                  21%|██        | 103/500 [14:08<54:01,  8.16s/it] 21%|██        | 104/500 [14:08<53:47,  8.15s/it]                                                  21%|██        | 104/500 [14:16<53:47,  8.15s/it] 21%|██        | 105/500 [14:16<53:31,  8.13s/it]                                                  21%|██        | 105/500 [14:24<53:31,  8.13s/it] 21%|██        | 106/500 [14:24<53:22,  8.13s/it]                                                  21%|██        | 106/500 [14:32<53:22,  8.13s/it] 21%|██▏       | 107/500 [14:32<53:11,  8.12s/it]                                                  21%|██▏       | 107/500 [14:41<53:11,  8.12s/it] 22%|██▏       | 108/500 [14:41<53:05,  8.13s/it]                                                  22%|██▏       | 108/500 [14:49<53:05,  8.13s/it] 22%|██▏       | 109/500 [14:49<52:58,  8.13s/it]                                                  22%|██▏       | 109/500 [14:57<52:58,  8.13s/it] 22%|██▏       | 110/500 [14:57<52:48,  8.13s/it]                                                  22%|██▏       | 110/500 [15:05<52:48,  8.13s/it] 22%|██▏       | 111/500 [15:05<52:37,  8.12s/it]                                                  22%|██▏       | 111/500 [15:13<52:37,  8.12s/it] 22%|██▏       | 112/500 [15:13<52:30,  8.12s/it]                                                  22%|██▏       | 112/500 [15:21<52:30,  8.12s/it] 23%|██▎       | 113/500 [15:21<52:21,  8.12s/it]                                                  23%|██▎       | 113/500 [15:29<52:21,  8.12s/it] 23%|██▎       | 114/500 [15:29<52:13,  8.12s/it]                                                  23%|██▎       | 114/500 [15:37<52:13,  8.12s/it] 23%|██▎       | 115/500 [15:37<52:05,  8.12s/it]                                                  23%|██▎       | 115/500 [15:45<52:05,  8.12s/it] 23%|██▎       | 116/500 [15:45<51:56,  8.12s/it]                                                  23%|██▎       | 116/500 [15:54<51:56,  8.12s/it] 23%|██▎       | 117/500 [15:54<51:49,  8.12s/it]                                                  23%|██▎       | 117/500 [16:02<51:49,  8.12s/it] 24%|██▎       | 118/500 [16:02<51:44,  8.13s/it]                                                  24%|██▎       | 118/500 [16:10<51:44,  8.13s/it] 24%|██▍       | 119/500 [16:10<51:36,  8.13s/it]                                                  24%|██▍       | 119/500 [16:18<51:36,  8.13s/it] 24%|██▍       | 120/500 [16:18<51:28,  8.13s/it]                                                  24%|██▍       | 120/500 [16:26<51:28,  8.13s/it] 24%|██▍       | 121/500 [16:26<51:20,  8.13s/it]                                                  24%|██▍       | 121/500 [16:34<51:20,  8.13s/it] 24%|██▍       | 122/500 [16:34<51:12,  8.13s/it]                                                  24%|██▍       | 122/500 [16:42<51:12,  8.13s/it] 25%|██▍       | 123/500 [16:42<51:02,  8.12s/it]                                                  25%|██▍       | 123/500 [16:50<51:02,  8.12s/it] 25%|██▍       | 124/500 [16:50<50:52,  8.12s/it]                                                  25%|██▍       | 124/500 [16:59<50:52,  8.12s/it] 25%|██▌       | 125/500 [16:59<50:44,  8.12s/it]                                                  25%|██▌       | 125/500 [17:07<50:44,  8.12s/it] 25%|██▌       | 126/500 [17:07<50:32,  8.11s/it]                                                  25%|██▌       | 126/500 [17:15<50:32,  8.11s/it] 25%|██▌       | 127/500 [17:15<50:25,  8.11s/it]                                                  25%|██▌       | 127/500 [17:23<50:25,  8.11s/it] 26%|██▌       | 128/500 [17:23<50:19,  8.12s/it]                                                  26%|██▌       | 128/500 [17:31<50:19,  8.12s/it] 26%|██▌       | 129/500 [17:31<50:13,  8.12s/it]                                                  26%|██▌       | 129/500 [17:39<50:13,  8.12s/it] 26%|██▌       | 130/500 [17:39<50:02,  8.11s/it]                                                  26%|██▌       | 130/500 [17:47<50:02,  8.11s/it] 26%|██▌       | 131/500 [17:47<49:51,  8.11s/it]                                                  26%|██▌       | 131/500 [17:55<49:51,  8.11s/it] 26%|██▋       | 132/500 [17:55<49:40,  8.10s/it]                                                  26%|██▋       | 132/500 [18:03<49:40,  8.10s/it] 27%|██▋       | 133/500 [18:03<49:36,  8.11s/it]                                                  27%|██▋       | 133/500 [18:12<49:36,  8.11s/it] 27%|██▋       | 134/500 [18:12<49:30,  8.12s/it]                                                  27%|██▋       | 134/500 [18:20<49:30,  8.12s/it] 27%|██▋       | 135/500 [18:20<49:15,  8.10s/it]                                                  27%|██▋       | 135/500 [18:28<49:15,  8.10s/it] 27%|██▋       | 136/500 [18:28<49:07,  8.10s/it]                                                  27%|██▋       | 136/500 [18:36<49:07,  8.10s/it] 27%|██▋       | 137/500 [18:36<49:00,  8.10s/it]                                                  27%|██▋       | 137/500 [18:44<49:00,  8.10s/it] 28%|██▊       | 138/500 [18:44<48:55,  8.11s/it]                                                  28%|██▊       | 138/500 [18:52<48:55,  8.11s/it] 28%|██▊       | 139/500 [18:52<48:44,  8.10s/it]  