[I 2025-08-09 18:32:00,386] Trial 0 finished with values: [0.8680474525295477, 0.16956521739130434] and parameters: {'psi': 0.8926533278325339}.
[I 2025-08-09 18:32:06,291] Trial 1 finished with values: [0.8756931965100593, 0.18742368742368742] and parameters: {'psi': 0.15552728887568656}.
[I 2025-08-09 18:32:12,097] Trial 2 finished with values: [0.875808161228156, 0.18797680805614891] and parameters: {'psi': 0.1498286636092676}.
[I 2025-08-09 18:32:17,903] Trial 3 finished with values: [0.8789371709034173, 0.19178921568627452] and parameters: {'psi': 0.08121027347957377}.
[I 2025-08-09 18:32:23,702] Trial 4 finished with values: [0.8765176285712517, 0.18864468864468864] and parameters: {'psi': 0.12362131757833106}.
[I 2025-08-09 18:32:29,517] Trial 5 finished with values: [0.874809453825456, 0.172103137620379] and parameters: {'psi': 0.7539501638659699}.
[I 2025-08-09 18:32:35,314] Trial 6 finished with values: [0.8752478053989655, 0.17592592592592593] and parameters: {'psi': 0.7042507250023176}.
[I 2025-08-09 18:32:41,124] Trial 7 finished with values: [0.8766894710255366, 0.18864468864468864] and parameters: {'psi': 0.11892839231507235}.
[I 2025-08-09 18:32:46,944] Trial 8 finished with values: [0.8748613938082875, 0.18381679389312977] and parameters: {'psi': 0.26417587909474616}.
[I 2025-08-09 18:32:52,748] Trial 9 finished with values: [0.8757928873030496, 0.18058968058968058] and parameters: {'psi': 0.6010574685383164}.
[I 2025-08-09 18:32:58,551] Trial 10 finished with values: [0.8754698171548493, 0.18198529411764705] and parameters: {'psi': 0.4497155365494334}.
[I 2025-08-09 18:33:04,356] Trial 11 finished with values: [0.8748560241814594, 0.18331805682859761] and parameters: {'psi': 0.27632226755067224}.
[I 2025-08-09 18:33:10,156] Trial 12 finished with values: [0.8753878187784057, 0.18254211332312403] and parameters: {'psi': 0.43508345994180586}.
[I 2025-08-09 18:33:15,947] Trial 13 finished with values: [0.8702280536657493, 0.17816269718527683] and parameters: {'psi': 0.9708885724391149}.
[I 2025-08-09 18:33:21,766] Trial 14 finished with values: [0.8721437292187885, 0.16697819314641746] and parameters: {'psi': 0.8537425725989692}.
[I 2025-08-09 18:33:27,566] Trial 15 finished with values: [0.8757529821942888, 0.18058968058968058] and parameters: {'psi': 0.6150319430575266}.
[I 2025-08-09 18:33:33,363] Trial 16 finished with values: [0.8754855229534272, 0.18198529411764705] and parameters: {'psi': 0.4529551414823132}.
[I 2025-08-09 18:33:39,171] Trial 17 finished with values: [0.8749691030520642, 0.18198529411764705] and parameters: {'psi': 0.3430175376440675}.
[I 2025-08-09 18:33:44,975] Trial 18 finished with values: [0.8749175805469216, 0.18192955589586524] and parameters: {'psi': 0.325179240477129}.
[I 2025-08-09 18:33:50,779] Trial 19 finished with values: [0.8752823984640277, 0.175817396668723] and parameters: {'psi': 0.6994915963360673}.
[I 2025-08-09 18:33:56,576] Trial 20 finished with values: [0.8752907624135912, 0.175817396668723] and parameters: {'psi': 0.6983935598041466}.
[I 2025-08-09 18:34:02,393] Trial 21 finished with values: [0.8748844414558801, 0.18354236769654328] and parameters: {'psi': 0.3096296631446398}.
[I 2025-08-09 18:34:08,180] Trial 22 finished with values: [0.8697030826696518, 0.16796267496111975] and parameters: {'psi': 0.8793132381131686}.
[I 2025-08-09 18:34:13,989] Trial 23 finished with values: [0.8752001841508482, 0.1814281336193687] and parameters: {'psi': 0.3996860522501725}.
[I 2025-08-09 18:34:19,798] Trial 24 finished with values: [0.882901107165227, 0.1934889434889435] and parameters: {'psi': 0.052924836536423325}.
[I 2025-08-09 18:34:25,597] Trial 25 finished with values: [0.8750901427903258, 0.1753951038115897] and parameters: {'psi': 0.7240248203416751}.
[I 2025-08-09 18:34:31,395] Trial 26 finished with values: [0.8756989836145765, 0.18003072196620584] and parameters: {'psi': 0.6284509971322617}.
[I 2025-08-09 18:34:37,203] Trial 27 finished with values: [0.8748984053647899, 0.18243036424854606] and parameters: {'psi': 0.31675110761712133}.
[I 2025-08-09 18:34:43,008] Trial 28 finished with values: [0.8751830243782498, 0.1814281336193687] and parameters: {'psi': 0.39612869956644303}.
[I 2025-08-09 18:34:48,811] Trial 29 finished with values: [0.8752166673216748, 0.1814281336193687] and parameters: {'psi': 0.40284154926916427}.
[I 2025-08-09 18:34:54,613] Trial 30 finished with values: [0.8662920452217592, 0.17625231910946196] and parameters: {'psi': 0.9504932203979417}.
[I 2025-08-09 18:35:00,411] Trial 31 finished with values: [0.8837953299794039, 0.19360786724031961] and parameters: {'psi': 0.04904279037885684}.
[I 2025-08-09 18:35:06,216] Trial 32 finished with values: [0.883614202245483, 0.19360786724031961] and parameters: {'psi': 0.04978905989560767}.
[I 2025-08-09 18:35:12,027] Trial 33 finished with values: [0.8752912950575392, 0.18681318681318682] and parameters: {'psi': 0.18274909969306663}.
[I 2025-08-09 18:35:17,838] Trial 34 finished with values: [0.8750686210956659, 0.1855921855921856] and parameters: {'psi': 0.20703554336872743}.
[I 2025-08-09 18:35:23,642] Trial 35 finished with values: [0.8757841634589264, 0.18058968058968058] and parameters: {'psi': 0.6042751575944458}.
[I 2025-08-09 18:35:29,445] Trial 36 finished with values: [0.8756415444428753, 0.17885679164105717] and parameters: {'psi': 0.6413678254219322}.
[I 2025-08-09 18:35:35,249] Trial 37 finished with values: [0.8751566944922745, 0.18625954198473282] and parameters: {'psi': 0.19634109403047495}.
[I 2025-08-09 18:35:41,060] Trial 38 finished with values: [0.8751129025222706, 0.18564885496183206] and parameters: {'psi': 0.2014023748405126}.
[I 2025-08-09 18:35:46,863] Trial 39 finished with values: [0.8750252753949159, 0.18198529411764705] and parameters: {'psi': 0.35895552193259606}.
[I 2025-08-09 18:35:52,662] Trial 40 finished with values: [0.8751196109568604, 0.1806968855997533] and parameters: {'psi': 0.9864652666567617}.
[I 2025-08-09 18:35:58,475] Trial 41 finished with values: [0.8652653236265451, 0.1740476927841437] and parameters: {'psi': 0.9171722827430714}.
[I 2025-08-09 18:36:04,279] Trial 42 finished with values: [0.8755483173561741, 0.18198529411764705] and parameters: {'psi': 0.46500186180281244}.
[I 2025-08-09 18:36:10,095] Trial 43 finished with values: [0.880358308144313, 0.19251992642550583] and parameters: {'psi': 0.0680408822500429}.
[I 2025-08-09 18:36:15,904] Trial 44 finished with values: [0.8752003137128896, 0.1814281336193687] and parameters: {'psi': 0.3997103447466973}.
[I 2025-08-09 18:36:21,714] Trial 45 finished with values: [0.8750507127423837, 0.1855921855921856] and parameters: {'psi': 0.20966661715847668}.
[I 2025-08-09 18:36:27,521] Trial 46 finished with values: [0.8751493814348248, 0.1814281336193687] and parameters: {'psi': 0.38878960821845354}.
[I 2025-08-09 18:36:33,333] Trial 47 finished with values: [0.8749476533363162, 0.184981684981685] and parameters: {'psi': 0.22943600009818998}.
[I 2025-08-09 18:36:39,128] Trial 48 finished with values: [0.8692003819488981, 0.1685323383084577] and parameters: {'psi': 0.883506321795948}.
[I 2025-08-09 18:36:44,940] Trial 49 finished with values: [0.8696389206675785, 0.16796267496111975] and parameters: {'psi': 0.8798665178556406}.
[I 2025-08-09 18:36:50,757] Trial 50 finished with values: [0.875214335204929, 0.17619783616692428] and parameters: {'psi': 0.7086758041685686}.
[I 2025-08-09 18:36:56,583] Trial 51 finished with values: [0.864943880201754, 0.1739938080495356] and parameters: {'psi': 0.9226297823321614}.
[I 2025-08-09 18:37:02,396] Trial 52 finished with values: [0.8755110322798068, 0.18198529411764705] and parameters: {'psi': 0.45760432429338693}.
[I 2025-08-09 18:37:08,327] Trial 53 finished with values: [0.875202141977252, 0.1814281336193687] and parameters: {'psi': 0.40002985995334495}.
[I 2025-08-09 18:37:14,139] Trial 54 finished with values: [0.8753578899468349, 0.18742368742368742] and parameters: {'psi': 0.17717145246294996}.
[I 2025-08-09 18:37:19,975] Trial 55 finished with values: [0.8749473798164508, 0.18204106650321789] and parameters: {'psi': 0.3361088164210553}.
[I 2025-08-09 18:37:25,797] Trial 56 finished with values: [0.8749318611630439, 0.18198529411764705] and parameters: {'psi': 0.3304549320073842}.
[I 2025-08-09 18:37:31,634] Trial 57 finished with values: [0.8749775245847573, 0.1743717033819423] and parameters: {'psi': 0.7368346075821418}.
[I 2025-08-09 18:37:37,437] Trial 58 finished with values: [0.8803229952901318, 0.19251992642550583] and parameters: {'psi': 0.06832039326426731}.
[I 2025-08-09 18:37:43,267] Trial 59 finished with values: [0.8752226559671453, 0.1814281336193687] and parameters: {'psi': 0.4041203660177577}.
[I 2025-08-09 18:37:49,101] Trial 60 finished with values: [0.8749598033766458, 0.18553555080866646] and parameters: {'psi': 0.22651249045569033}.
[I 2025-08-09 18:37:54,937] Trial 61 finished with values: [0.8749620779102623, 0.18553555080866646] and parameters: {'psi': 0.2259163129975461}.
[I 2025-08-09 18:38:00,757] Trial 62 finished with values: [0.8780242479679274, 0.19204892966360856] and parameters: {'psi': 0.09291039379180899}.
[I 2025-08-09 18:38:06,565] Trial 63 finished with values: [0.875635267881757, 0.17885679164105717] and parameters: {'psi': 0.6425050750970074}.
[I 2025-08-09 18:38:12,362] Trial 64 finished with values: [0.8772403256383557, 0.1917557251908397] and parameters: {'psi': 0.10629590835872116}.
[I 2025-08-09 18:38:18,164] Trial 65 finished with values: [0.8754988534479123, 0.17835178351783518] and parameters: {'psi': 0.6668850286968196}.
[I 2025-08-09 18:38:23,973] Trial 66 finished with values: [0.8770524318867154, 0.19053435114503817] and parameters: {'psi': 0.11032057079764168}.
[I 2025-08-09 18:38:29,777] Trial 67 finished with values: [0.8753758990705939, 0.18254211332312403] and parameters: {'psi': 0.433130476420309}.
[I 2025-08-09 18:38:35,598] Trial 68 finished with values: [0.8758374134579548, 0.18047882136279927] and parameters: {'psi': 0.5680238674915352}.
[I 2025-08-09 18:38:41,397] Trial 69 finished with values: [0.8760553224158598, 0.18797680805614891] and parameters: {'psi': 0.13908836101944855}.
[I 2025-08-09 18:38:47,217] Trial 70 finished with values: [0.87266667040957, 0.1796850879901204] and parameters: {'psi': 0.9795908896725979}.
[I 2025-08-09 18:38:53,029] Trial 71 finished with values: [0.8755016606254765, 0.18198529411764705] and parameters: {'psi': 0.45594484687840553}.
[I 2025-08-09 18:38:58,820] Trial 72 finished with values: [0.8789561733361606, 0.19178921568627452] and parameters: {'psi': 0.08099870369429585}.
[I 2025-08-09 18:39:04,649] Trial 73 finished with values: [0.8760562005585852, 0.18797680805614891] and parameters: {'psi': 0.13904331954872107}.
[I 2025-08-09 18:39:10,492] Trial 74 finished with values: [0.8752843131030843, 0.1814281336193687] and parameters: {'psi': 0.41592427754704364}.
[I 2025-08-09 18:39:16,310] Trial 75 finished with values: [0.8679842406491116, 0.1770349736923553] and parameters: {'psi': 0.9607551968617523}.
[I 2025-08-09 18:39:22,106] Trial 76 finished with values: [0.8647998216074647, 0.17332095326524297] and parameters: {'psi': 0.9288350363619152}.
[I 2025-08-09 18:39:27,902] Trial 77 finished with values: [0.8758014671893487, 0.18058968058968058] and parameters: {'psi': 0.5977313939627874}.
[I 2025-08-09 18:39:33,706] Trial 78 finished with values: [0.8748630061359145, 0.18381679389312977] and parameters: {'psi': 0.2605159740290893}.
[I 2025-08-09 18:39:39,514] Trial 79 finished with values: [0.8752599410435128, 0.1814281336193687] and parameters: {'psi': 0.41142935943230086}.
[I 2025-08-09 18:39:45,338] Trial 80 finished with values: [0.8761140140206284, 0.18797680805614891] and parameters: {'psi': 0.13685965717754556}.
[I 2025-08-09 18:39:51,154] Trial 81 finished with values: [0.8756196916452206, 0.18204106650321789] and parameters: {'psi': 0.4783772038831724}.
[I 2025-08-09 18:39:56,948] Trial 82 finished with values: [0.8756745395760932, 0.18075262183837137] and parameters: {'psi': 0.9878152077005741}.
[I 2025-08-09 18:40:02,757] Trial 83 finished with values: [0.8757097804513625, 0.18003072196620584] and parameters: {'psi': 0.625879451127759}.
[I 2025-08-09 18:40:08,575] Trial 84 finished with values: [0.8746947338356599, 0.17096673919801056] and parameters: {'psi': 0.7647993880785633}.
[I 2025-08-09 18:40:14,377] Trial 85 finished with values: [0.876735350383986, 0.18919743667989014] and parameters: {'psi': 0.1177526301114582}.
[I 2025-08-09 18:40:20,197] Trial 86 finished with values: [0.8673784949180727, 0.17013349891338095] and parameters: {'psi': 0.8978102029798687}.
[I 2025-08-09 18:40:25,999] Trial 87 finished with values: [0.8756614106225614, 0.18153940509046304] and parameters: {'psi': 0.4873100132714847}.
[I 2025-08-09 18:40:31,800] Trial 88 finished with values: [0.8776973773331785, 0.19187289948059885] and parameters: {'psi': 0.09802622078520806}.
[I 2025-08-09 18:40:37,610] Trial 89 finished with values: [0.8754854221829504, 0.18198529411764705] and parameters: {'psi': 0.45294539369527476}.
[I 2025-08-09 18:40:43,435] Trial 90 finished with values: [0.8756658013361875, 0.18003072196620584] and parameters: {'psi': 0.6361658464829215}.
[I 2025-08-09 18:40:49,264] Trial 91 finished with values: [0.8757602376686089, 0.18098159509202455] and parameters: {'psi': 0.512744445105674}.
[I 2025-08-09 18:40:55,063] Trial 92 finished with values: [0.8732214262794142, 0.16703022748519789] and parameters: {'psi': 0.8347449145500832}.
[I 2025-08-09 18:41:00,861] Trial 93 finished with values: [0.8756054398206632, 0.18204106650321789] and parameters: {'psi': 0.47567298588085527}.
[I 2025-08-09 18:41:06,678] Trial 94 finished with values: [0.8748707798584003, 0.1834862385321101] and parameters: {'psi': 0.30171843867631465}.
[I 2025-08-09 18:41:12,504] Trial 95 finished with values: [0.8745542022080538, 0.17050404480398257] and parameters: {'psi': 0.776778128975307}.
[I 2025-08-09 18:41:18,303] Trial 96 finished with values: [0.8758127102953884, 0.1810926949048496] and parameters: {'psi': 0.5370759173353481}.
[I 2025-08-09 18:41:24,107] Trial 97 finished with values: [0.8754043451365792, 0.18742368742368742] and parameters: {'psi': 0.1735846416200909}.
[I 2025-08-09 18:41:29,930] Trial 98 finished with values: [0.8748094682212385, 0.172103137620379] and parameters: {'psi': 0.7539477471715913}.
[I 2025-08-09 18:41:35,754] Trial 99 finished with values: [0.8659123276698886, 0.17234965902045876] and parameters: {'psi': 0.9100691840153109}.
[I 2025-08-09 18:41:41,562] Trial 100 finished with values: [0.8757642396961108, 0.18098159509202455] and parameters: {'psi': 0.5138623948918293}.
[I 2025-08-09 18:41:47,373] Trial 101 finished with values: [0.8748904876844802, 0.18442748091603053] and parameters: {'psi': 0.24613313176889506}.
[I 2025-08-09 18:41:53,274] Trial 102 finished with values: [0.8711661692204065, 0.16635514018691588] and parameters: {'psi': 0.86554583483042}.
[I 2025-08-09 18:41:59,065] Trial 103 finished with values: [0.8793158951463038, 0.19234303215926493] and parameters: {'psi': 0.07718983208467967}.
[I 2025-08-09 18:42:04,878] Trial 104 finished with values: [0.8750334665950907, 0.17426356589147288] and parameters: {'psi': 0.7307515887043942}.
[I 2025-08-09 18:42:10,677] Trial 105 finished with values: [0.8662994014665559, 0.1724031007751938] and parameters: {'psi': 0.9065451676019625}.
[I 2025-08-09 18:42:16,473] Trial 106 finished with values: [0.8757304671906443, 0.18159509202453988] and parameters: {'psi': 0.5048633790117711}.
[I 2025-08-09 18:42:22,277] Trial 107 finished with values: [0.8749561612437035, 0.18198529411764705] and parameters: {'psi': 0.33930879553754545}.
[I 2025-08-09 18:42:28,101] Trial 108 finished with values: [0.8748590185041947, 0.1832620647525962] and parameters: {'psi': 0.26819409963502583}.
[I 2025-08-09 18:42:33,903] Trial 109 finished with values: [0.8776700541382186, 0.19187289948059885] and parameters: {'psi': 0.09848609351159754}.
[I 2025-08-09 18:42:39,701] Trial 110 finished with values: [0.8752053090493759, 0.1814281336193687] and parameters: {'psi': 0.4006604198514042}.
[I 2025-08-09 18:42:45,490] Trial 111 finished with values: [0.8689777223828072, 0.1685323383084577] and parameters: {'psi': 0.8853027866314956}.
[I 2025-08-09 18:42:51,304] Trial 112 finished with values: [0.8748595079607959, 0.1832620647525962] and parameters: {'psi': 0.26635470123324534}.
[I 2025-08-09 18:42:57,109] Trial 113 finished with values: [0.8724288376888492, 0.16697819314641746] and parameters: {'psi': 0.8496130664492837}.
[I 2025-08-09 18:43:02,911] Trial 114 finished with values: [0.878607377924845, 0.1916131007040098] and parameters: {'psi': 0.08507058820343727}.
[I 2025-08-09 18:43:08,714] Trial 115 finished with values: [0.8751731632673188, 0.1814281336193687] and parameters: {'psi': 0.39389189050382534}.
[I 2025-08-09 18:43:14,532] Trial 116 finished with values: [0.8758068368161769, 0.18047882136279927] and parameters: {'psi': 0.534092958564101}.
[I 2025-08-09 18:43:20,347] Trial 117 finished with values: [0.8748545846032213, 0.18343014368694588] and parameters: {'psi': 0.2838482664287264}.
[I 2025-08-09 18:43:26,151] Trial 118 finished with values: [0.875380246596873, 0.18254211332312403] and parameters: {'psi': 0.433820662873183}.
[I 2025-08-09 18:43:31,948] Trial 119 finished with values: [0.873001429933064, 0.16703022748519789] and parameters: {'psi': 0.8395163993667779}.
[I 2025-08-09 18:43:37,752] Trial 120 finished with values: [0.8758382628091153, 0.18053423395762971] and parameters: {'psi': 0.5613792222073307}.
[I 2025-08-09 18:43:43,546] Trial 121 finished with values: [0.8717609309694884, 0.1669261912176892] and parameters: {'psi': 0.8587492130266076}.
[I 2025-08-09 18:43:49,344] Trial 122 finished with values: [0.8756132855220609, 0.18204106650321789] and parameters: {'psi': 0.47711776773943315}.
[I 2025-08-09 18:43:55,133] Trial 123 finished with values: [0.8758344767183489, 0.1810926949048496] and parameters: {'psi': 0.5511304671086366}.
[I 2025-08-09 18:44:00,921] Trial 124 finished with values: [0.8672276127229349, 0.1764159702878366] and parameters: {'psi': 0.9565901822389888}.
[I 2025-08-09 18:44:06,712] Trial 125 finished with values: [0.8759581220932217, 0.18791946308724833] and parameters: {'psi': 0.1430610568609364}.
[I 2025-08-09 18:44:12,529] Trial 126 finished with values: [0.8748601125836557, 0.1834862385321101] and parameters: {'psi': 0.2927561519898604}.
[I 2025-08-09 18:44:18,339] Trial 127 finished with values: [0.8758237230689102, 0.18058968058968058] and parameters: {'psi': 0.5852764634437742}.
[I 2025-08-09 18:44:24,139] Trial 128 finished with values: [0.8780705016167184, 0.19204892966360856] and parameters: {'psi': 0.09226239062598118}.
[I 2025-08-09 18:44:29,945] Trial 129 finished with values: [0.8755518011355106, 0.17829695665539502] and parameters: {'psi': 0.6577960519905495}.
[I 2025-08-09 18:44:35,745] Trial 130 finished with values: [0.8717097683589055, 0.1791229153798641] and parameters: {'psi': 0.9764158381412054}.
[I 2025-08-09 18:44:41,555] Trial 131 finished with values: [0.875458890756022, 0.18198529411764705] and parameters: {'psi': 0.4477516266401619}.
[I 2025-08-09 18:44:47,360] Trial 132 finished with values: [0.8676026228539666, 0.17013349891338095] and parameters: {'psi': 0.8960839902748735}.
[I 2025-08-09 18:44:53,163] Trial 133 finished with values: [0.8748802234916422, 0.18354236769654328] and parameters: {'psi': 0.3071885179027394}.
[I 2025-08-09 18:44:58,964] Trial 134 finished with values: [0.8754609637486848, 0.17779144878498923] and parameters: {'psi': 0.6735187945013485}.
[I 2025-08-09 18:45:04,763] Trial 135 finished with values: [0.8749546496865535, 0.18198529411764705] and parameters: {'psi': 0.3386960975405626}.
[I 2025-08-09 18:45:10,562] Trial 136 finished with values: [0.8652685194902338, 0.17377860235003093] and parameters: {'psi': 0.9409675113693097}.
[I 2025-08-09 18:45:16,358] Trial 137 finished with values: [0.8750604154997086, 0.1753951038115897] and parameters: {'psi': 0.7273901157781855}.
[I 2025-08-09 18:45:22,151] Trial 138 finished with values: [0.8736820049409204, 0.166510757717493] and parameters: {'psi': 0.8220474973456382}.
[I 2025-08-09 18:45:27,961] Trial 139 finished with values: [0.8748616817239351, 0.18381679389312977] and parameters: {'psi': 0.26244302080832316}.
[I 2025-08-09 18:45:33,777] Trial 140 finished with values: [0.8749156803036473, 0.18442748091603053] and parameters: {'psi': 0.23753180257537054}.
[I 2025-08-09 18:45:39,590] Trial 141 finished with values: [0.8753197987066542, 0.175817396668723] and parameters: {'psi': 0.6940775537510192}.
[I 2025-08-09 18:45:45,392] Trial 142 finished with values: [0.8786619667316348, 0.1916131007040098] and parameters: {'psi': 0.08440878580253686}.
[I 2025-08-09 18:45:51,197] Trial 143 finished with values: [0.8693413022626283, 0.1685323383084577] and parameters: {'psi': 0.8823644071720741}.
[I 2025-08-09 18:45:57,010] Trial 144 finished with values: [0.8741868362374664, 0.1671343935141877] and parameters: {'psi': 0.8010572741805218}.
[I 2025-08-09 18:46:02,811] Trial 145 finished with values: [0.8756127240865481, 0.17885679164105717] and parameters: {'psi': 0.6470992959355213}.
[I 2025-08-09 18:46:08,613] Trial 146 finished with values: [0.8748578524458218, 0.1832620647525962] and parameters: {'psi': 0.2705567039032005}.
[I 2025-08-09 18:46:14,424] Trial 147 finished with values: [0.8740880955661133, 0.16593886462882096] and parameters: {'psi': 0.8060334574683933}.
[I 2025-08-09 18:46:20,216] Trial 148 finished with values: [0.886111165095295, 0.19285274183610598] and parameters: {'psi': 0.041212547248000164}.
[I 2025-08-09 18:46:26,029] Trial 149 finished with values: [0.8748617680986296, 0.18381679389312977] and parameters: {'psi': 0.2633258172989229}.
