[I 2025-08-09 19:18:02,482] Trial 451 finished with values: [0.8864354963953924, 0.2877930476960388] and parameters: {'psi': 0.04026540085658481}.
[I 2025-08-09 19:18:08,584] Trial 452 finished with values: [0.8849945140346358, 0.2586644125105664] and parameters: {'psi': 0.8192317805263536}.
[I 2025-08-09 19:18:14,683] Trial 453 finished with values: [0.8871538359042885, 0.25333333333333335] and parameters: {'psi': 0.6053986387692625}.
[I 2025-08-09 19:18:20,775] Trial 454 finished with values: [0.8864717560444437, 0.2548853016142736] and parameters: {'psi': 0.7701574649132876}.
[I 2025-08-09 19:18:26,974] Trial 455 finished with values: [0.8867916378714583, 0.25795918367346937] and parameters: {'psi': 0.4702894802257088}.
[I 2025-08-09 19:18:33,072] Trial 456 finished with values: [0.8866645298709379, 0.2595918367346939] and parameters: {'psi': 0.43323148354832575}.
[I 2025-08-09 19:18:39,182] Trial 457 finished with values: [0.8853418097501637, 0.29064039408866993] and parameters: {'psi': 0.9913925188372553}.
[I 2025-08-09 19:18:45,272] Trial 458 finished with values: [0.8870006687713733, 0.2588042588042588] and parameters: {'psi': 0.5252301733081347}.
[I 2025-08-09 19:18:51,378] Trial 459 finished with values: [0.8862741210342302, 0.2696994313566206] and parameters: {'psi': 0.22839970933508147}.
[I 2025-08-09 19:18:57,491] Trial 460 finished with values: [0.8775072551174717, 0.27287853577371046] and parameters: {'psi': 0.9222668012328259}.
[I 2025-08-09 19:19:03,586] Trial 461 finished with values: [0.8867721931365824, 0.25938009787928223] and parameters: {'psi': 0.46527628529321186}.
[I 2025-08-09 19:19:09,679] Trial 462 finished with values: [0.8871567844911347, 0.25333333333333335] and parameters: {'psi': 0.6068282963396886}.
[I 2025-08-09 19:19:15,779] Trial 463 finished with values: [0.886921614767288, 0.2581699346405229] and parameters: {'psi': 0.5026829086707973}.
[I 2025-08-09 19:19:21,875] Trial 464 finished with values: [0.8870123037356842, 0.2495755517826825] and parameters: {'psi': 0.7050393958880907}.
[I 2025-08-09 19:19:27,966] Trial 465 finished with values: [0.886300259858162, 0.2682926829268293] and parameters: {'psi': 0.259494681321663}.
[I 2025-08-09 19:19:34,073] Trial 466 finished with values: [0.8863331724626852, 0.26666666666666666] and parameters: {'psi': 0.2885568598308723}.
[I 2025-08-09 19:19:40,173] Trial 467 finished with values: [0.8775374582097585, 0.2714404662781016] and parameters: {'psi': 0.9103270160683044}.
[I 2025-08-09 19:19:46,268] Trial 468 finished with values: [0.8871542343619706, 0.2529118136439268] and parameters: {'psi': 0.5984633543735517}.
[I 2025-08-09 19:19:52,374] Trial 469 finished with values: [0.8863637740126538, 0.2824858757062147] and parameters: {'psi': 0.07415597284496112}.
[I 2025-08-09 19:19:58,471] Trial 470 finished with values: [0.886268303552075, 0.2711038961038961] and parameters: {'psi': 0.2038531391476176}.
[I 2025-08-09 19:20:04,573] Trial 471 finished with values: [0.8791414894539409, 0.2752902155887231] and parameters: {'psi': 0.9510873539695169}.
[I 2025-08-09 19:20:10,668] Trial 472 finished with values: [0.8864246583464452, 0.2671009771986971] and parameters: {'psi': 0.3436098751588307}.
[I 2025-08-09 19:20:16,773] Trial 473 finished with values: [0.8776686304786336, 0.2714404662781016] and parameters: {'psi': 0.9054476902127494}.
[I 2025-08-09 19:20:22,868] Trial 474 finished with values: [0.8864210722273083, 0.2671009771986971] and parameters: {'psi': 0.3423286329665569}.
[I 2025-08-09 19:20:28,968] Trial 475 finished with values: [0.8862691004674388, 0.2711038961038961] and parameters: {'psi': 0.21365096530680217}.
[I 2025-08-09 19:20:35,064] Trial 476 finished with values: [0.8824884542902097, 0.2611625947767481] and parameters: {'psi': 0.8486406688047756}.
[I 2025-08-09 19:20:41,163] Trial 477 finished with values: [0.887134630244022, 0.2478920741989882] and parameters: {'psi': 0.6565494511209596}.
[I 2025-08-09 19:20:47,259] Trial 478 finished with values: [0.8793737902824779, 0.2651006711409396] and parameters: {'psi': 0.8789878039959514}.
[I 2025-08-09 19:20:53,356] Trial 479 finished with values: [0.8866989566146526, 0.25361702127659574] and parameters: {'psi': 0.7519528170957459}.
[I 2025-08-09 19:20:59,457] Trial 480 finished with values: [0.8871418024822958, 0.2588623248145095] and parameters: {'psi': 0.5765103931483869}.
[I 2025-08-09 19:21:05,555] Trial 481 finished with values: [0.8781014352126935, 0.2687813021702838] and parameters: {'psi': 0.8960529149157764}.
[I 2025-08-09 19:21:11,675] Trial 482 finished with values: [0.8855732339718007, 0.2931596091205212] and parameters: {'psi': 0.01489383640204156}.
[I 2025-08-09 19:21:17,778] Trial 483 finished with values: [0.8863150027923914, 0.26666666666666666] and parameters: {'psi': 0.27267924303329094}.
[I 2025-08-09 19:21:23,883] Trial 484 finished with values: [0.8868039900595964, 0.25774877650897227] and parameters: {'psi': 0.47424069751323483}.
[I 2025-08-09 19:21:29,985] Trial 485 finished with values: [0.8794694201261292, 0.2651006711409396] and parameters: {'psi': 0.8779405683246377}.
[I 2025-08-09 19:21:36,087] Trial 486 finished with values: [0.8775582577007525, 0.2726517040731505] and parameters: {'psi': 0.9251175193234069}.
[I 2025-08-09 19:21:42,176] Trial 487 finished with values: [0.8864841082325818, 0.2656886715566422] and parameters: {'psi': 0.3693822159575981}.
[I 2025-08-09 19:21:48,281] Trial 488 finished with values: [0.8866901108541148, 0.25361702127659574] and parameters: {'psi': 0.7533040627813636}.
[I 2025-08-09 19:21:54,385] Trial 489 finished with values: [0.8863812264591202, 0.2548853016142736] and parameters: {'psi': 0.7756175776087648}.
[I 2025-08-09 19:22:00,493] Trial 490 finished with values: [0.8857436941681095, 0.2904019688269073] and parameters: {'psi': 0.993840278746777}.
[I 2025-08-09 19:22:06,591] Trial 491 finished with values: [0.8863263189905568, 0.26666666666666666] and parameters: {'psi': 0.28122092911076835}.
[I 2025-08-09 19:22:12,699] Trial 492 finished with values: [0.8864594835478418, 0.2656886715566422] and parameters: {'psi': 0.35958115893184095}.
[I 2025-08-09 19:22:18,804] Trial 493 finished with values: [0.8870524682700178, 0.2571662571662572] and parameters: {'psi': 0.5381664309772453}.
[I 2025-08-09 19:22:24,907] Trial 494 finished with values: [0.8864130233821342, 0.2671009771986971] and parameters: {'psi': 0.3382611856909945}.
[I 2025-08-09 19:22:31,006] Trial 495 finished with values: [0.8870077613181108, 0.25859247135842883] and parameters: {'psi': 0.5270123025453121}.
[I 2025-08-09 19:22:37,112] Trial 496 finished with values: [0.8871558281926979, 0.25333333333333335] and parameters: {'psi': 0.608772402246291}.
[I 2025-08-09 19:22:43,222] Trial 497 finished with values: [0.8871543140535068, 0.25333333333333335] and parameters: {'psi': 0.6043948329337624}.
[I 2025-08-09 19:22:49,322] Trial 498 finished with values: [0.886965684186904, 0.25859247135842883] and parameters: {'psi': 0.5148590532451867}.
[I 2025-08-09 19:22:55,424] Trial 499 finished with values: [0.8864315118185735, 0.2877930476960388] and parameters: {'psi': 0.03586230207657115}.
