[I 2025-08-09 20:14:02,814] Trial 449 finished with values: [0.7893276023190298, 0.11677631578947369] and parameters: {'psi': 0.30749845599363723}.
[I 2025-08-09 20:14:08,296] Trial 450 finished with values: [0.7893678643843237, 0.11677631578947369] and parameters: {'psi': 0.29570056852954996}.
[I 2025-08-09 20:14:13,775] Trial 451 finished with values: [0.7837720893257114, 0.12282157676348547] and parameters: {'psi': 0.7264627333983986}.
[I 2025-08-09 20:14:19,278] Trial 452 finished with values: [0.7880507080336838, 0.11871393239901072] and parameters: {'psi': 0.4782472336250656}.
[I 2025-08-09 20:14:24,769] Trial 453 finished with values: [0.7892223830350328, 0.11677631578947369] and parameters: {'psi': 0.32912952451023236}.
[I 2025-08-09 20:14:30,277] Trial 454 finished with values: [0.7852572216208269, 0.12241521918941274] and parameters: {'psi': 0.6715413715016346}.
[I 2025-08-09 20:14:35,781] Trial 455 finished with values: [0.7894309470534281, 0.11677631578947369] and parameters: {'psi': 0.27652965948790487}.
[I 2025-08-09 20:14:41,390] Trial 456 finished with values: [0.7844311972650485, 0.11274509803921569] and parameters: {'psi': 0.07810148771642411}.
[I 2025-08-09 20:14:46,896] Trial 457 finished with values: [0.7883633503058858, 0.1186161449752883] and parameters: {'psi': 0.4470561878825604}.
[I 2025-08-09 20:14:52,381] Trial 458 finished with values: [0.7854338367938877, 0.12231404958677686] and parameters: {'psi': 0.6631722608019724}.
[I 2025-08-09 20:14:57,867] Trial 459 finished with values: [0.786800627957815, 0.12181069958847737] and parameters: {'psi': 0.5831552701208595}.
[I 2025-08-09 20:15:03,402] Trial 460 finished with values: [0.7847781519451222, 0.12241521918941274] and parameters: {'psi': 0.6917964156015153}.
[I 2025-08-09 20:15:08,908] Trial 461 finished with values: [0.789395738121835, 0.11677631578947369] and parameters: {'psi': 0.2889142758733404}.
[I 2025-08-09 20:15:14,402] Trial 462 finished with values: [0.7766095168112053, 0.12573344509639564] and parameters: {'psi': 0.9623869523001469}.
[I 2025-08-09 20:15:19,903] Trial 463 finished with values: [0.7871057720316221, 0.12026359143327842] and parameters: {'psi': 0.5613812659922972}.
[I 2025-08-09 20:15:25,395] Trial 464 finished with values: [0.7879905594422122, 0.1162981162981163] and parameters: {'psi': 0.13129533719961672}.
[I 2025-08-09 20:15:30,896] Trial 465 finished with values: [0.7843058469484043, 0.11274509803921569] and parameters: {'psi': 0.07709596039416644}.
[I 2025-08-09 20:15:36,401] Trial 466 finished with values: [0.7836357362179446, 0.1126530612244898] and parameters: {'psi': 0.07216776068308883}.
[I 2025-08-09 20:15:41,900] Trial 467 finished with values: [0.7883330315036805, 0.1186161449752883] and parameters: {'psi': 0.45038688345078004}.
[I 2025-08-09 20:15:47,384] Trial 468 finished with values: [0.7799607224807561, 0.1259320629660315] and parameters: {'psi': 0.9911488423256414}.
[I 2025-08-09 20:15:52,869] Trial 469 finished with values: [0.7890313419802774, 0.1162981162981163] and parameters: {'psi': 0.17800977906453985}.
[I 2025-08-09 20:15:58,369] Trial 470 finished with values: [0.7887766477413226, 0.1162981162981163] and parameters: {'psi': 0.16187678452934284}.
[I 2025-08-09 20:16:03,895] Trial 471 finished with values: [0.661890422958701, 0.11202389843166542] and parameters: {'psi': 0.0033764524299071397}.
[I 2025-08-09 20:16:09,410] Trial 472 finished with values: [0.7836823554514428, 0.1126530612244898] and parameters: {'psi': 0.07251225468269351}.
[I 2025-08-09 20:16:14,899] Trial 473 finished with values: [0.7845878444097751, 0.12241521918941274] and parameters: {'psi': 0.69919869598456}.
[I 2025-08-09 20:16:20,388] Trial 474 finished with values: [0.7873559836519715, 0.12036273701566365] and parameters: {'psi': 0.5426625941422383}.
[I 2025-08-09 20:16:25,892] Trial 475 finished with values: [0.7881793184365865, 0.1186161449752883] and parameters: {'psi': 0.46532755199577713}.
[I 2025-08-09 20:16:31,406] Trial 476 finished with values: [0.786516266933907, 0.12181069958847737] and parameters: {'psi': 0.6019998716298371}.
[I 2025-08-09 20:16:36,919] Trial 477 finished with values: [0.7893816382487665, 0.11639344262295082] and parameters: {'psi': 0.22023726358679074}.
[I 2025-08-09 20:16:42,394] Trial 478 finished with values: [0.7763426787509372, 0.12583892617449666] and parameters: {'psi': 0.960050712939181}.
[I 2025-08-09 20:16:47,878] Trial 479 finished with values: [0.7877359467054139, 0.11466011466011466] and parameters: {'psi': 0.12457048225150646}.
[I 2025-08-09 20:16:53,361] Trial 480 finished with values: [0.7892955719715387, 0.11677631578947369] and parameters: {'psi': 0.31524217895779527}.
[I 2025-08-09 20:16:58,849] Trial 481 finished with values: [0.7874717167141525, 0.11311475409836065] and parameters: {'psi': 0.11833024362667277}.
[I 2025-08-09 20:17:04,345] Trial 482 finished with values: [0.7864960543991032, 0.12181069958847737] and parameters: {'psi': 0.6033418564263219}.
[I 2025-08-09 20:17:09,846] Trial 483 finished with values: [0.7890714410412586, 0.11851851851851852] and parameters: {'psi': 0.3576114696672479}.
[I 2025-08-09 20:17:15,332] Trial 484 finished with values: [0.7885679207186143, 0.11851851851851852] and parameters: {'psi': 0.42468341880716465}.
[I 2025-08-09 20:17:20,830] Trial 485 finished with values: [0.7889422601232605, 0.11851851851851852] and parameters: {'psi': 0.37655866556345685}.
[I 2025-08-09 20:17:26,315] Trial 486 finished with values: [0.788274105444556, 0.1162981162981163] and parameters: {'psi': 0.13985134836437274}.
[I 2025-08-09 20:17:31,787] Trial 487 finished with values: [0.7794639668370985, 0.12594458438287154] and parameters: {'psi': 0.836402942174411}.
[I 2025-08-09 20:17:37,284] Trial 488 finished with values: [0.7853085679794002, 0.12241521918941274] and parameters: {'psi': 0.6692138914451783}.
[I 2025-08-09 20:17:42,765] Trial 489 finished with values: [0.777724629315967, 0.125] and parameters: {'psi': 0.876035223175242}.
[I 2025-08-09 20:17:48,258] Trial 490 finished with values: [0.7776623616684273, 0.125] and parameters: {'psi': 0.8773352486917412}.
[I 2025-08-09 20:17:53,748] Trial 491 finished with values: [0.7876523254928802, 0.12036273701566365] and parameters: {'psi': 0.5170397825172737}.
[I 2025-08-09 20:17:59,249] Trial 492 finished with values: [0.7871380468855825, 0.12026359143327842] and parameters: {'psi': 0.5593291637560426}.
[I 2025-08-09 20:18:04,735] Trial 493 finished with values: [0.7889739644621256, 0.11851851851851852] and parameters: {'psi': 0.37160165183214466}.
[I 2025-08-09 20:18:10,219] Trial 494 finished with values: [0.7831130628885311, 0.11246943765281174] and parameters: {'psi': 0.06879499019238067}.
[I 2025-08-09 20:18:15,715] Trial 495 finished with values: [0.7882096372387917, 0.1186161449752883] and parameters: {'psi': 0.4625437849413484}.
[I 2025-08-09 20:18:21,200] Trial 496 finished with values: [0.7878838731193989, 0.11871393239901072] and parameters: {'psi': 0.4939616606866143}.
[I 2025-08-09 20:18:26,695] Trial 497 finished with values: [0.788092926150733, 0.11871393239901072] and parameters: {'psi': 0.47377439698891244}.
[I 2025-08-09 20:18:32,197] Trial 498 finished with values: [0.787670826482398, 0.12036273701566365] and parameters: {'psi': 0.5155553622625947}.
[I 2025-08-09 20:18:37,684] Trial 499 finished with values: [0.779852324612657, 0.12603648424543948] and parameters: {'psi': 0.9899461953503873}.
