[I 2025-08-09 19:56:07,356] Trial 448 finished with values: [0.93490390403993, 0.2082625919637804] and parameters: {'psi': 0.13637429722502714}.
[I 2025-08-09 19:56:12,641] Trial 449 finished with values: [0.9341879723304098, 0.22935779816513763] and parameters: {'psi': 0.5767540544177274}.
[I 2025-08-09 19:56:17,934] Trial 450 finished with values: [0.9339904637474535, 0.20646625070901872] and parameters: {'psi': 0.2175557222714376}.
[I 2025-08-09 19:56:23,236] Trial 451 finished with values: [0.9341243714456995, 0.2084985835694051] and parameters: {'psi': 0.1985209717008387}.
[I 2025-08-09 19:56:28,546] Trial 452 finished with values: [0.909388730547429, 0.1232583065380493] and parameters: {'psi': 0.0015346835952757543}.
[I 2025-08-09 19:56:33,833] Trial 453 finished with values: [0.934982603808411, 0.2421784472769409] and parameters: {'psi': 0.6631615290889299}.
[I 2025-08-09 19:56:39,129] Trial 454 finished with values: [0.935055694215044, 0.24231884057971015] and parameters: {'psi': 0.6713812577664887}.
[I 2025-08-09 19:56:44,524] Trial 455 finished with values: [0.9414505354241323, 0.20389972144846796] and parameters: {'psi': 0.0304847106084013}.
[I 2025-08-09 19:56:49,803] Trial 456 finished with values: [0.9335955731085, 0.21112372304199772] and parameters: {'psi': 0.3115492750680009}.
[I 2025-08-09 19:56:55,089] Trial 457 finished with values: [0.9342394266270587, 0.2305045871559633] and parameters: {'psi': 0.5821718317226853}.
[I 2025-08-09 19:57:00,395] Trial 458 finished with values: [0.9364341210817446, 0.20382882882882883] and parameters: {'psi': 0.08509338241799391}.
[I 2025-08-09 19:57:05,688] Trial 459 finished with values: [0.9358806499875455, 0.20642978003384094] and parameters: {'psi': 0.09871345184267921}.
[I 2025-08-09 19:57:10,982] Trial 460 finished with values: [0.9349415247223979, 0.24060150375939848] and parameters: {'psi': 0.6591258033640981}.
[I 2025-08-09 19:57:16,266] Trial 461 finished with values: [0.9335546627250989, 0.21855435401252135] and parameters: {'psi': 0.47209074145489127}.
[I 2025-08-09 19:57:21,553] Trial 462 finished with values: [0.9338832954132037, 0.20760068065796938] and parameters: {'psi': 0.2377209367945543}.
[I 2025-08-09 19:57:26,854] Trial 463 finished with values: [0.9352840753759898, 0.2715311004784689] and parameters: {'psi': 0.9006694295601607}.
[I 2025-08-09 19:57:32,143] Trial 464 finished with values: [0.9350948753966726, 0.24274099883855982] and parameters: {'psi': 0.6760160526813365}.
[I 2025-08-09 19:57:37,426] Trial 465 finished with values: [0.9352571673093814, 0.2566528681253696] and parameters: {'psi': 0.9323081716613312}.
[I 2025-08-09 19:57:42,722] Trial 466 finished with values: [0.9424651972837867, 0.2003338898163606] and parameters: {'psi': 0.0246758916482408}.
[I 2025-08-09 19:57:48,041] Trial 467 finished with values: [0.9381335468433589, 0.15647382920110192] and parameters: {'psi': 0.005656188799374129}.
[I 2025-08-09 19:57:53,333] Trial 468 finished with values: [0.9337869662217726, 0.20658342792281498] and parameters: {'psi': 0.25834871039139184}.
[I 2025-08-09 19:57:58,604] Trial 469 finished with values: [0.9343634230468519, 0.23394495412844038] and parameters: {'psi': 0.5965932581255247}.
[I 2025-08-09 19:58:03,907] Trial 470 finished with values: [0.9343537226466639, 0.20736543909348443] and parameters: {'psi': 0.17433502355184427}.
[I 2025-08-09 19:58:09,203] Trial 471 finished with values: [0.9352566612015456, 0.2733812949640288] and parameters: {'psi': 0.8889553146718102}.
[I 2025-08-09 19:58:14,505] Trial 472 finished with values: [0.9345036149173936, 0.24663939216832262] and parameters: {'psi': 0.965591921355691}.
[I 2025-08-09 19:58:19,803] Trial 473 finished with values: [0.9339146319233759, 0.20646625070901872] and parameters: {'psi': 0.23166602308658857}.
[I 2025-08-09 19:58:25,109] Trial 474 finished with values: [0.9339835469403629, 0.20646625070901872] and parameters: {'psi': 0.2188538503773818}.
[I 2025-08-09 19:58:30,400] Trial 475 finished with values: [0.9334483379039089, 0.21452894438138478] and parameters: {'psi': 0.40479753055445833}.
[I 2025-08-09 19:58:35,707] Trial 476 finished with values: [0.9350844580103839, 0.25748502994011974] and parameters: {'psi': 0.8044938170898767}.
[I 2025-08-09 19:58:40,996] Trial 477 finished with values: [0.9336821175484373, 0.22108262108262108] and parameters: {'psi': 0.5017207688529179}.
[I 2025-08-09 19:58:46,306] Trial 478 finished with values: [0.9396794954037394, 0.20392156862745098] and parameters: {'psi': 0.04275892793461844}.
[I 2025-08-09 19:58:51,614] Trial 479 finished with values: [0.9387688387043606, 0.2041503084688727] and parameters: {'psi': 0.050988482542935754}.
[I 2025-08-09 19:58:56,911] Trial 480 finished with values: [0.9345845921711361, 0.23563218390804597] and parameters: {'psi': 0.620844921046264}.
[I 2025-08-09 19:59:02,212] Trial 481 finished with values: [0.9340487926755398, 0.20748299319727892] and parameters: {'psi': 0.20818542291001407}.
[I 2025-08-09 19:59:07,499] Trial 482 finished with values: [0.9334604844919703, 0.21465076660988075] and parameters: {'psi': 0.42507865247162546}.
[I 2025-08-09 19:59:12,794] Trial 483 finished with values: [0.9338344560070403, 0.224] and parameters: {'psi': 0.5302241423342936}.
[I 2025-08-09 19:59:18,096] Trial 484 finished with values: [0.935286690266475, 0.25029797377830754] and parameters: {'psi': 0.7820800194072829}.
[I 2025-08-09 19:59:23,391] Trial 485 finished with values: [0.9338800900635764, 0.20760068065796938] and parameters: {'psi': 0.2383903936659204}.
[I 2025-08-09 19:59:28,690] Trial 486 finished with values: [0.9344593726574061, 0.23509174311926606] and parameters: {'psi': 0.607767567342047}.
[I 2025-08-09 19:59:33,996] Trial 487 finished with values: [0.9342802948348068, 0.20838052095130238] and parameters: {'psi': 0.1813959760992484}.
[I 2025-08-09 19:59:39,296] Trial 488 finished with values: [0.9354603274298384, 0.24866785079928952] and parameters: {'psi': 0.7583815258043807}.
[I 2025-08-09 19:59:44,592] Trial 489 finished with values: [0.9334678652312437, 0.21452894438138478] and parameters: {'psi': 0.37329065652560467}.
[I 2025-08-09 19:59:49,900] Trial 490 finished with values: [0.9350910374122503, 0.2573309395571514] and parameters: {'psi': 0.8036932949756966}.
[I 2025-08-09 19:59:55,177] Trial 491 finished with values: [0.9347128905075341, 0.23746397694524496] and parameters: {'psi': 0.6346643621783691}.
[I 2025-08-09 20:00:00,474] Trial 492 finished with values: [0.9335057389676295, 0.21327283040272263] and parameters: {'psi': 0.34952781997168514}.
[I 2025-08-09 20:00:05,757] Trial 493 finished with values: [0.9334563091023241, 0.21465076660988075] and parameters: {'psi': 0.4204776210395821}.
[I 2025-08-09 20:00:11,052] Trial 494 finished with values: [0.9336234090394739, 0.21994301994301993] and parameters: {'psi': 0.48934967903150406}.
[I 2025-08-09 20:00:16,360] Trial 495 finished with values: [0.9337029523210147, 0.24032351242056615] and parameters: {'psi': 0.9800785737384097}.
[I 2025-08-09 20:00:21,646] Trial 496 finished with values: [0.9334966290265834, 0.2160318362706083] and parameters: {'psi': 0.4496681730455804}.
[I 2025-08-09 20:00:26,922] Trial 497 finished with values: [0.9339476554596677, 0.22552947910704063] and parameters: {'psi': 0.5468146327655168}.
[I 2025-08-09 20:00:32,220] Trial 498 finished with values: [0.9339866257630314, 0.22578796561604583] and parameters: {'psi': 0.5520097608325729}.
[I 2025-08-09 20:00:37,510] Trial 499 finished with values: [0.9343217113260438, 0.23279816513761467] and parameters: {'psi': 0.5919768843883751}.
