[I 2025-08-09 19:26:42,100] Trial 451 finished with values: [0.9377251991276163, 0.2525] and parameters: {'psi': 0.8484453506198613}.
[I 2025-08-09 19:26:47,125] Trial 452 finished with values: [0.9458136375036111, 0.22996515679442509] and parameters: {'psi': 0.614994715472037}.
[I 2025-08-09 19:26:52,177] Trial 453 finished with values: [0.9369283712011783, 0.2506203473945409] and parameters: {'psi': 0.8616751324432708}.
[I 2025-08-09 19:26:57,224] Trial 454 finished with values: [0.9495257127800405, 0.21179039301310043] and parameters: {'psi': 0.013809370877552296}.
[I 2025-08-09 19:27:02,381] Trial 455 finished with values: [0.9415409255267476, 0.2531328320802005] and parameters: {'psi': 0.7796071258373254}.
[I 2025-08-09 19:27:07,427] Trial 456 finished with values: [0.9470707843516964, 0.21286031042128603] and parameters: {'psi': 0.3443605177344269}.
[I 2025-08-09 19:27:12,473] Trial 457 finished with values: [0.9464063377978978, 0.2290950744558992] and parameters: {'psi': 0.5638875658054648}.
[I 2025-08-09 19:27:17,516] Trial 458 finished with values: [0.9471998323804203, 0.21651785714285715] and parameters: {'psi': 0.1696067462812657}.
[I 2025-08-09 19:27:22,567] Trial 459 finished with values: [0.9431842640770288, 0.24058323207776428] and parameters: {'psi': 0.7358857000889456}.
[I 2025-08-09 19:27:27,623] Trial 460 finished with values: [0.9462317340689971, 0.22988505747126436] and parameters: {'psi': 0.5815938607702147}.
[I 2025-08-09 19:27:32,653] Trial 461 finished with values: [0.9470468160216383, 0.21309655937846836] and parameters: {'psi': 0.3755183454538653}.
[I 2025-08-09 19:27:37,703] Trial 462 finished with values: [0.9461325274048489, 0.23014959723820483] and parameters: {'psi': 0.5902955983755516}.
[I 2025-08-09 19:27:42,759] Trial 463 finished with values: [0.9475666589417744, 0.21802002224694106] and parameters: {'psi': 0.08039659651301123}.
[I 2025-08-09 19:27:47,790] Trial 464 finished with values: [0.9464033219153076, 0.2290950744558992] and parameters: {'psi': 0.5641640747320401}.
[I 2025-08-09 19:27:52,858] Trial 465 finished with values: [0.9403283819948635, 0.19491525423728814] and parameters: {'psi': 0.9908575496655907}.
[I 2025-08-09 19:27:57,908] Trial 466 finished with values: [0.9406628275010397, 0.2547288776796974] and parameters: {'psi': 0.7978680340346529}.
[I 2025-08-09 19:28:02,964] Trial 467 finished with values: [0.9461866545608082, 0.23014959723820483] and parameters: {'psi': 0.5855383791927316}.
[I 2025-08-09 19:28:07,994] Trial 468 finished with values: [0.9392093308232725, 0.18604651162790697] and parameters: {'psi': 0.0008101231637365203}.
[I 2025-08-09 19:28:13,045] Trial 469 finished with values: [0.9435890272667533, 0.2370012091898428] and parameters: {'psi': 0.7223042444909143}.
[I 2025-08-09 19:28:18,094] Trial 470 finished with values: [0.947014911158448, 0.2140468227424749] and parameters: {'psi': 0.3990199816194907}.
[I 2025-08-09 19:28:23,139] Trial 471 finished with values: [0.9419490220603874, 0.2503097893432466] and parameters: {'psi': 0.7700868731990849}.
[I 2025-08-09 19:28:28,184] Trial 472 finished with values: [0.947099832062959, 0.2153163152053274] and parameters: {'psi': 0.30020805724618915}.
[I 2025-08-09 19:28:33,208] Trial 473 finished with values: [0.9375174206902245, 0.2518703241895262] and parameters: {'psi': 0.8519703379046077}.
[I 2025-08-09 19:28:38,265] Trial 474 finished with values: [0.9467595135222652, 0.22272727272727272] and parameters: {'psi': 0.512800522096441}.
[I 2025-08-09 19:28:43,297] Trial 475 finished with values: [0.9467652278261203, 0.22272727272727272] and parameters: {'psi': 0.5110542387224382}.
[I 2025-08-09 19:28:48,321] Trial 476 finished with values: [0.946677767231007, 0.22525597269624573] and parameters: {'psi': 0.529926875362734}.
[I 2025-08-09 19:28:53,374] Trial 477 finished with values: [0.9455017317515294, 0.23130841121495327] and parameters: {'psi': 0.6338846079234192}.
[I 2025-08-09 19:28:58,412] Trial 478 finished with values: [0.9462880834542332, 0.22988505747126436] and parameters: {'psi': 0.5762598743522437}.
[I 2025-08-09 19:29:03,468] Trial 479 finished with values: [0.9461545909669555, 0.23014959723820483] and parameters: {'psi': 0.5883234577695197}.
[I 2025-08-09 19:29:08,508] Trial 480 finished with values: [0.9413306073987536, 0.2534504391468005] and parameters: {'psi': 0.7843864082174042}.
[I 2025-08-09 19:29:13,567] Trial 481 finished with values: [0.9449891904418746, 0.23058823529411765] and parameters: {'psi': 0.6612971651025488}.
[I 2025-08-09 19:29:18,623] Trial 482 finished with values: [0.9469806253353186, 0.21476510067114093] and parameters: {'psi': 0.42283694097346936}.
[I 2025-08-09 19:29:23,659] Trial 483 finished with values: [0.9476025320715303, 0.21802002224694106] and parameters: {'psi': 0.07661243506893001}.
[I 2025-08-09 19:29:28,724] Trial 484 finished with values: [0.9422125149603648, 0.24846248462484624] and parameters: {'psi': 0.7635675264650281}.
[I 2025-08-09 19:29:33,771] Trial 485 finished with values: [0.9468587201864133, 0.21896162528216703] and parameters: {'psi': 0.48490969958632146}.
[I 2025-08-09 19:29:38,802] Trial 486 finished with values: [0.9471528481042796, 0.21651785714285715] and parameters: {'psi': 0.19831734816672464}.
[I 2025-08-09 19:29:43,857] Trial 487 finished with values: [0.9430095016174656, 0.24175824175824176] and parameters: {'psi': 0.741630910319372}.
[I 2025-08-09 19:29:48,902] Trial 488 finished with values: [0.9356583671694194, 0.24509803921568626] and parameters: {'psi': 0.8841001822829607}.
[I 2025-08-09 19:29:53,953] Trial 489 finished with values: [0.9408579074854205, 0.1936842105263158] and parameters: {'psi': 0.9938771120933537}.
[I 2025-08-09 19:29:59,009] Trial 490 finished with values: [0.9470387207578436, 0.21309655937846836] and parameters: {'psi': 0.3871175049749146}.
[I 2025-08-09 19:30:04,059] Trial 491 finished with values: [0.9424253727789611, 0.2457002457002457] and parameters: {'psi': 0.758202637960961}.
[I 2025-08-09 19:30:09,096] Trial 492 finished with values: [0.9448391899656824, 0.2308598351001178] and parameters: {'psi': 0.6690848964137325}.
[I 2025-08-09 19:30:14,119] Trial 493 finished with values: [0.9449191902196514, 0.23058823529411765] and parameters: {'psi': 0.6648282172305603}.
[I 2025-08-09 19:30:19,195] Trial 494 finished with values: [0.9423141025844527, 0.24846248462484624] and parameters: {'psi': 0.7609513374282731}.
[I 2025-08-09 19:30:24,225] Trial 495 finished with values: [0.9442672833882012, 0.232502965599051] and parameters: {'psi': 0.6955611215987662}.
[I 2025-08-09 19:30:29,255] Trial 496 finished with values: [0.9400755240492826, 0.255050505050505] and parameters: {'psi': 0.8086146823704167}.
[I 2025-08-09 19:30:34,287] Trial 497 finished with values: [0.9463698297454912, 0.2290950744558992] and parameters: {'psi': 0.567888689872763}.
[I 2025-08-09 19:30:39,315] Trial 498 finished with values: [0.9470642763945283, 0.21286031042128603] and parameters: {'psi': 0.35415898534974777}.
[I 2025-08-09 19:30:44,373] Trial 499 finished with values: [0.9360153524296903, 0.217440543601359] and parameters: {'psi': 0.9484137558857597}.
