[I 2025-08-09 18:38:50,222] Trial 0 finished with values: [0.8314309325487618, 0.35526315789473684] and parameters: {'psi': 0.8818631930993165}.
[I 2025-08-09 18:38:56,107] Trial 1 finished with values: [0.8339029659600983, 0.35474452554744523] and parameters: {'psi': 0.8559142206827894}.
[I 2025-08-09 18:39:01,908] Trial 2 finished with values: [0.8460812490485806, 0.3575498575498576] and parameters: {'psi': 0.43543652172383585}.
[I 2025-08-09 18:39:07,693] Trial 3 finished with values: [0.8478880888457756, 0.35210263720598717] and parameters: {'psi': 0.22639560165962136}.
[I 2025-08-09 18:39:13,458] Trial 4 finished with values: [0.8449989737241379, 0.35805991440798857] and parameters: {'psi': 0.5213561044687528}.
[I 2025-08-09 18:39:19,227] Trial 5 finished with values: [0.8471186105184818, 0.35067712045616534] and parameters: {'psi': 0.32427107143849576}.
[I 2025-08-09 18:39:25,021] Trial 6 finished with values: [0.8483739127532948, 0.34925160370634356] and parameters: {'psi': 0.13943495502494618}.
[I 2025-08-09 18:39:30,786] Trial 7 finished with values: [0.8368811087984983, 0.3537117903930131] and parameters: {'psi': 0.8192239414550045}.
[I 2025-08-09 18:39:36,533] Trial 8 finished with values: [0.8475819203564217, 0.35067712045616534] and parameters: {'psi': 0.2685695457430902}.
[I 2025-08-09 18:39:42,301] Trial 9 finished with values: [0.8303719712862185, 0.35552304316020483] and parameters: {'psi': 0.8928150192030129}.
[I 2025-08-09 18:39:48,080] Trial 10 finished with values: [0.8301775731524406, 0.3546511627906977] and parameters: {'psi': 0.9634612741536257}.
[I 2025-08-09 18:39:53,863] Trial 11 finished with values: [0.8482071143545592, 0.35067712045616534] and parameters: {'psi': 0.17663276470528322}.
[I 2025-08-09 18:39:59,638] Trial 12 finished with values: [0.8475383779172861, 0.35067712045616534] and parameters: {'psi': 0.27407178336824545}.
[I 2025-08-09 18:40:05,398] Trial 13 finished with values: [0.8475712347447178, 0.35067712045616534] and parameters: {'psi': 0.2698273991879613}.
[I 2025-08-09 18:40:11,171] Trial 14 finished with values: [0.8423358564329212, 0.36752136752136755] and parameters: {'psi': 0.6523705669883271}.
[I 2025-08-09 18:40:16,945] Trial 15 finished with values: [0.8481134581108022, 0.3509272467902996] and parameters: {'psi': 0.19314317071612774}.
[I 2025-08-09 18:40:22,687] Trial 16 finished with values: [0.8465243305092842, 0.35327635327635326] and parameters: {'psi': 0.3903360523183047}.
[I 2025-08-09 18:40:28,462] Trial 17 finished with values: [0.8472181524200225, 0.35067712045616534] and parameters: {'psi': 0.31246651729496544}.
[I 2025-08-09 18:40:34,235] Trial 18 finished with values: [0.8452478856202978, 0.35780470420527444] and parameters: {'psi': 0.5034948979115372}.
[I 2025-08-09 18:40:39,990] Trial 19 finished with values: [0.8484224837155849, 0.34733096085409254] and parameters: {'psi': 0.11496535898113236}.
[I 2025-08-09 18:40:45,765] Trial 20 finished with values: [0.8309313944871842, 0.3461259956553222] and parameters: {'psi': 0.9950678648571012}.
[I 2025-08-09 18:40:51,524] Trial 21 finished with values: [0.8464783880931888, 0.3547008547008547] and parameters: {'psi': 0.3957776294411446}.
[I 2025-08-09 18:40:57,284] Trial 22 finished with values: [0.8474527787390383, 0.3380681818181818] and parameters: {'psi': 0.0427572776754197}.
[I 2025-08-09 18:41:03,071] Trial 23 finished with values: [0.8484049981691604, 0.34733096085409254] and parameters: {'psi': 0.1288364985410606}.
[I 2025-08-09 18:41:08,856] Trial 24 finished with values: [0.8458357085486266, 0.35780470420527444] and parameters: {'psi': 0.4577647155625171}.
[I 2025-08-09 18:41:14,657] Trial 25 finished with values: [0.8393336566826102, 0.3586406362979031] and parameters: {'psi': 0.7642061154891611}.
[I 2025-08-09 18:41:20,428] Trial 26 finished with values: [0.8451728006268282, 0.3592302209550962] and parameters: {'psi': 0.5091771364868741}.
[I 2025-08-09 18:41:26,213] Trial 27 finished with values: [0.8484072838615035, 0.34733096085409254] and parameters: {'psi': 0.12775975175540155}.
[I 2025-08-09 18:41:32,091] Trial 28 finished with values: [0.8481553434229889, 0.3509272467902996] and parameters: {'psi': 0.18599446730774527}.
[I 2025-08-09 18:41:37,851] Trial 29 finished with values: [0.8458069659674123, 0.3575498575498576] and parameters: {'psi': 0.4603743776161764}.
[I 2025-08-09 18:41:43,687] Trial 30 finished with values: [0.844882231987716, 0.3594864479315264] and parameters: {'psi': 0.5288564808091719}.
[I 2025-08-09 18:41:49,440] Trial 31 finished with values: [0.8484058553037891, 0.3459074733096085] and parameters: {'psi': 0.09036123303236665}.
[I 2025-08-09 18:41:55,198] Trial 32 finished with values: [0.8477945468866356, 0.3411513859275053] and parameters: {'psi': 0.04971643096965539}.
[I 2025-08-09 18:42:00,981] Trial 33 finished with values: [0.8483592271799905, 0.34615384615384615] and parameters: {'psi': 0.08021747907984145}.
[I 2025-08-09 18:42:06,750] Trial 34 finished with values: [0.8378202426399564, 0.35584604212055193] and parameters: {'psi': 0.8030043632401839}.
[I 2025-08-09 18:42:12,500] Trial 35 finished with values: [0.8478515749105952, 0.35185185185185186] and parameters: {'psi': 0.23211200313888514}.
[I 2025-08-09 18:42:18,263] Trial 36 finished with values: [0.8463996459919699, 0.3314366998577525] and parameters: {'psi': 0.03097910957711747}.
[I 2025-08-09 18:42:24,029] Trial 37 finished with values: [0.8458041088519836, 0.3575498575498576] and parameters: {'psi': 0.4606283010882559}.
[I 2025-08-09 18:42:29,782] Trial 38 finished with values: [0.8460981631719192, 0.3575498575498576] and parameters: {'psi': 0.4339349950842686}.
[I 2025-08-09 18:42:35,536] Trial 39 finished with values: [0.8458245657984541, 0.3575498575498576] and parameters: {'psi': 0.4588738470155558}.
[I 2025-08-09 18:42:41,288] Trial 40 finished with values: [0.8479234027924761, 0.35210263720598717] and parameters: {'psi': 0.22159764249877767}.
[I 2025-08-09 18:42:47,030] Trial 41 finished with values: [0.8473724937954881, 0.3385490753911807] and parameters: {'psi': 0.04143267707425846}.
[I 2025-08-09 18:42:52,784] Trial 42 finished with values: [0.8423146566364392, 0.36752136752136755] and parameters: {'psi': 0.6532235329072567}.
[I 2025-08-09 18:42:58,548] Trial 43 finished with values: [0.8465869013371758, 0.353528153955809] and parameters: {'psi': 0.3834967755664448}.
[I 2025-08-09 18:43:04,290] Trial 44 finished with values: [0.8310122508538205, 0.3483309143686502] and parameters: {'psi': 0.990416012371615}.
[I 2025-08-09 18:43:10,066] Trial 45 finished with values: [0.8484100838346238, 0.34733096085409254] and parameters: {'psi': 0.12558191834759513}.
[I 2025-08-09 18:43:15,823] Trial 46 finished with values: [0.8477063191621931, 0.3409090909090909] and parameters: {'psi': 0.04758742527510129}.
[I 2025-08-09 18:43:21,578] Trial 47 finished with values: [0.8458919365802661, 0.35780470420527444] and parameters: {'psi': 0.45274006375461473}.
[I 2025-08-09 18:43:27,365] Trial 48 finished with values: [0.8462041050120204, 0.3561253561253561] and parameters: {'psi': 0.4240289779604154}.
[I 2025-08-09 18:43:33,130] Trial 49 finished with values: [0.8469212981269667, 0.3511777301927195] and parameters: {'psi': 0.34576174702218365}.
[I 2025-08-09 18:43:38,883] Trial 50 finished with values: [0.8445626350558464, 0.3620812544547398] and parameters: {'psi': 0.5480995952563247}.
[I 2025-08-09 18:43:44,657] Trial 51 finished with values: [0.8400307357049371, 0.3669064748201439] and parameters: {'psi': 0.7411662591398016}.
[I 2025-08-09 18:43:50,521] Trial 52 finished with values: [0.8281366784593154, 0.3550036523009496] and parameters: {'psi': 0.9265415808139394}.
[I 2025-08-09 18:43:56,301] Trial 53 finished with values: [0.8420193451857148, 0.36984352773826457] and parameters: {'psi': 0.6649188235128515}.
[I 2025-08-09 18:44:02,102] Trial 54 finished with values: [0.8433430467638938, 0.3620812544547398] and parameters: {'psi': 0.6104777674148146}.
[I 2025-08-09 18:44:07,876] Trial 55 finished with values: [0.8483173990101124, 0.34925160370634356] and parameters: {'psi': 0.15552630536806233}.
[I 2025-08-09 18:44:13,666] Trial 56 finished with values: [0.8452378285739885, 0.35780470420527444] and parameters: {'psi': 0.5043433280715849}.
[I 2025-08-09 18:44:19,440] Trial 57 finished with values: [0.8302864292502792, 0.3546511627906977] and parameters: {'psi': 0.9646999563079263}.
[I 2025-08-09 18:44:25,172] Trial 58 finished with values: [0.8476086058145271, 0.33948863636363635] and parameters: {'psi': 0.04546162548537058}.
[I 2025-08-09 18:44:30,942] Trial 59 finished with values: [0.8462397618125723, 0.3561253561253561] and parameters: {'psi': 0.42053575350748873}.
[I 2025-08-09 18:44:36,714] Trial 60 finished with values: [0.8484083695653665, 0.34733096085409254] and parameters: {'psi': 0.09102697757221623}.
[I 2025-08-09 18:44:42,491] Trial 61 finished with values: [0.8431350487606746, 0.36350677120456165] and parameters: {'psi': 0.6197213900754858}.
[I 2025-08-09 18:44:48,286] Trial 62 finished with values: [0.8452819995785185, 0.3592302209550962] and parameters: {'psi': 0.5010350171463731}.
[I 2025-08-09 18:44:54,047] Trial 63 finished with values: [0.8483682556647456, 0.349002849002849] and parameters: {'psi': 0.1415582541142395}.
[I 2025-08-09 18:44:59,823] Trial 64 finished with values: [0.8436843006307138, 0.3609129814550642] and parameters: {'psi': 0.59466728484282}.
[I 2025-08-09 18:45:05,599] Trial 65 finished with values: [0.835868718517445, 0.35474452554744523] and parameters: {'psi': 0.8334770808891117}.
[I 2025-08-09 18:45:11,360] Trial 66 finished with values: [0.8439516123502357, 0.3609129814550642] and parameters: {'psi': 0.581585259162575}.
[I 2025-08-09 18:45:17,145] Trial 67 finished with values: [0.8422578000394054, 0.36752136752136755] and parameters: {'psi': 0.6555310077430059}.
[I 2025-08-09 18:45:22,939] Trial 68 finished with values: [0.8464551883159064, 0.3314366998577525] and parameters: {'psi': 0.031419949282708415}.
[I 2025-08-09 18:45:28,700] Trial 69 finished with values: [0.8282928483886555, 0.3567251461988304] and parameters: {'psi': 0.921139618289825}.
[I 2025-08-09 18:45:34,498] Trial 70 finished with values: [0.842998821497028, 0.32165832737669764] and parameters: {'psi': 0.018206103055825262}.
[I 2025-08-09 18:45:40,277] Trial 71 finished with values: [0.8298499762973705, 0.35698610095098754] and parameters: {'psi': 0.8986223827147634}.
[I 2025-08-09 18:45:46,056] Trial 72 finished with values: [0.8310195650693183, 0.35526315789473684] and parameters: {'psi': 0.8860004221577336}.
[I 2025-08-09 18:45:51,830] Trial 73 finished with values: [0.847746547347431, 0.35210263720598717] and parameters: {'psi': 0.24674409570226752}.
[I 2025-08-09 18:45:57,593] Trial 74 finished with values: [0.8429037366955563, 0.3660968660968661] and parameters: {'psi': 0.6296231207431779}.
[I 2025-08-09 18:46:03,357] Trial 75 finished with values: [0.8478375750449938, 0.35185185185185186] and parameters: {'psi': 0.23394826293740012}.
[I 2025-08-09 18:46:09,113] Trial 76 finished with values: [0.8462022193158374, 0.3561253561253561] and parameters: {'psi': 0.42415286438988486}.
[I 2025-08-09 18:46:14,881] Trial 77 finished with values: [0.8473882079303465, 0.35067712045616534] and parameters: {'psi': 0.29191357650711613}.
[I 2025-08-09 18:46:20,643] Trial 78 finished with values: [0.8455489684441887, 0.3563791874554526] and parameters: {'psi': 0.48049520629613995}.
[I 2025-08-09 18:46:26,416] Trial 79 finished with values: [0.8310676217508313, 0.34713144517066086] and parameters: {'psi': 0.986920044628364}.
[I 2025-08-09 18:46:32,173] Trial 80 finished with values: [0.8475403778980864, 0.35067712045616534] and parameters: {'psi': 0.2738218841140424}.
[I 2025-08-09 18:46:37,954] Trial 81 finished with values: [0.8306065404629259, 0.35526315789473684] and parameters: {'psi': 0.8903152312214014}.
[I 2025-08-09 18:46:43,708] Trial 82 finished with values: [0.8482640852362104, 0.34950071326676174] and parameters: {'psi': 0.16635921121777375}.
[I 2025-08-09 18:46:49,475] Trial 83 finished with values: [0.845776509116941, 0.35780470420527444] and parameters: {'psi': 0.46267478241652205}.
[I 2025-08-09 18:46:55,261] Trial 84 finished with values: [0.846515187739912, 0.35327635327635326] and parameters: {'psi': 0.39132740084826945}.
[I 2025-08-09 18:47:01,025] Trial 85 finished with values: [0.8484244836963851, 0.3459074733096085] and parameters: {'psi': 0.0958675051467065}.
[I 2025-08-09 18:47:06,795] Trial 86 finished with values: [0.830641225844232, 0.3563636363636364] and parameters: {'psi': 0.9696196051886105}.
[I 2025-08-09 18:47:12,553] Trial 87 finished with values: [0.8472593520245062, 0.35067712045616534] and parameters: {'psi': 0.3073362763097294}.
[I 2025-08-09 18:47:18,327] Trial 88 finished with values: [0.8431729341112612, 0.3620812544547398] and parameters: {'psi': 0.6180663766704839}.
[I 2025-08-09 18:47:24,104] Trial 89 finished with values: [0.8443293801522361, 0.362339514978602] and parameters: {'psi': 0.5614415884256584}.
[I 2025-08-09 18:47:29,891] Trial 90 finished with values: [0.8296508353519805, 0.3525127458120903] and parameters: {'psi': 0.9578293770090631}.
[I 2025-08-09 18:47:35,676] Trial 91 finished with values: [0.8483822555303469, 0.349002849002849] and parameters: {'psi': 0.13707903424783074}.
[I 2025-08-09 18:47:41,455] Trial 92 finished with values: [0.845989135647155, 0.35780470420527444] and parameters: {'psi': 0.4436655982013026}.
[I 2025-08-09 18:47:47,229] Trial 93 finished with values: [0.8443248087675501, 0.362339514978602] and parameters: {'psi': 0.5616636199152066}.
[I 2025-08-09 18:47:53,017] Trial 94 finished with values: [0.8484160266347158, 0.34708392603129445] and parameters: {'psi': 0.12154935427327473}.
[I 2025-08-09 18:47:58,798] Trial 95 finished with values: [0.8469856975087324, 0.3509272467902996] and parameters: {'psi': 0.3390993308394885}.
[I 2025-08-09 18:48:04,558] Trial 96 finished with values: [0.848359855745385, 0.349002849002849] and parameters: {'psi': 0.1436540823153637}.
[I 2025-08-09 18:48:10,326] Trial 97 finished with values: [0.8291740970715252, 0.35552304316020483] and parameters: {'psi': 0.9066186563969325}.
[I 2025-08-09 18:48:16,105] Trial 98 finished with values: [0.8482590567130557, 0.34950071326676174] and parameters: {'psi': 0.1670686362690158}.
[I 2025-08-09 18:48:21,867] Trial 99 finished with values: [0.8405229595510169, 0.3680805176132279] and parameters: {'psi': 0.7230447252688798}.
[I 2025-08-09 18:48:27,633] Trial 100 finished with values: [0.8479141457384866, 0.3411513859275053] and parameters: {'psi': 0.05328937018197144}.
[I 2025-08-09 18:48:33,394] Trial 101 finished with values: [0.8457515950704018, 0.35780470420527444] and parameters: {'psi': 0.4647392824928782}.
[I 2025-08-09 18:48:39,282] Trial 102 finished with values: [0.8411166109948203, 0.3688348820586133] and parameters: {'psi': 0.7001976883964148}.
[I 2025-08-09 18:48:45,059] Trial 103 finished with values: [0.8477911754904295, 0.35210263720598717] and parameters: {'psi': 0.23992887131102503}.
[I 2025-08-09 18:48:50,824] Trial 104 finished with values: [0.8394113702222745, 0.3583815028901734] and parameters: {'psi': 0.7617375742032418}.
[I 2025-08-09 18:48:56,602] Trial 105 finished with values: [0.8293485525396098, 0.35552304316020483] and parameters: {'psi': 0.9045308618445632}.
[I 2025-08-09 18:49:02,366] Trial 106 finished with values: [0.831479903507212, 0.35526315789473684] and parameters: {'psi': 0.8814038681238798}.
[I 2025-08-09 18:49:08,134] Trial 107 finished with values: [0.8479979735051686, 0.3418803418803419] and parameters: {'psi': 0.05599079722099787}.
[I 2025-08-09 18:49:13,891] Trial 108 finished with values: [0.8386614917068224, 0.3592727272727273] and parameters: {'psi': 0.7836424671078537}.
[I 2025-08-09 18:49:19,659] Trial 109 finished with values: [0.8476704337924069, 0.35210263720598717] and parameters: {'psi': 0.25697922861589095}.
[I 2025-08-09 18:49:25,440] Trial 110 finished with values: [0.8481493434805883, 0.3509272467902996] and parameters: {'psi': 0.18703089059797373}.
[I 2025-08-09 18:49:31,208] Trial 111 finished with values: [0.8284942178840796, 0.3567251461988304] and parameters: {'psi': 0.9168685501556328}.
[I 2025-08-09 18:49:36,984] Trial 112 finished with values: [0.8483881411881303, 0.3475783475783476] and parameters: {'psi': 0.13566466383163445}.
[I 2025-08-09 18:49:42,765] Trial 113 finished with values: [0.8480858583757596, 0.3509272467902996] and parameters: {'psi': 0.1972415205151541}.
[I 2025-08-09 18:49:48,540] Trial 114 finished with values: [0.8484245979810021, 0.34733096085409254] and parameters: {'psi': 0.109501970295387}.
[I 2025-08-09 18:49:54,315] Trial 115 finished with values: [0.8470439826634807, 0.3509272467902996] and parameters: {'psi': 0.332747927278507}.
[I 2025-08-09 18:50:00,080] Trial 116 finished with values: [0.8376581299105242, 0.3570391872278665] and parameters: {'psi': 0.8060689960445566}.
[I 2025-08-09 18:50:05,833] Trial 117 finished with values: [0.8484350550234718, 0.3459074733096085] and parameters: {'psi': 0.1027701535871266}.
[I 2025-08-09 18:50:11,588] Trial 118 finished with values: [0.8061743178694056, 0.29335260115606937] and parameters: {'psi': 0.0031726020914080166}.
[I 2025-08-09 18:50:17,366] Trial 119 finished with values: [0.844518521193625, 0.3620812544547398] and parameters: {'psi': 0.5507146446958541}.
[I 2025-08-09 18:50:23,145] Trial 120 finished with values: [0.8334104564024758, 0.3544857768052516] and parameters: {'psi': 0.8610185028844053}.
[I 2025-08-09 18:50:28,937] Trial 121 finished with values: [0.8401960484036497, 0.367170626349892] and parameters: {'psi': 0.7352536294057145}.
[I 2025-08-09 18:50:34,713] Trial 122 finished with values: [0.8465506731135383, 0.35327635327635326] and parameters: {'psi': 0.3872491218086225}.
[I 2025-08-09 18:50:40,501] Trial 123 finished with values: [0.828813300535172, 0.3532846715328467] and parameters: {'psi': 0.9489007965386326}.
[I 2025-08-09 18:50:46,281] Trial 124 finished with values: [0.8463892460918089, 0.35587188612099646] and parameters: {'psi': 0.4053975852491639}.
[I 2025-08-09 18:50:52,036] Trial 125 finished with values: [0.841829118440463, 0.36894586894586895] and parameters: {'psi': 0.6726385203454375}.
[I 2025-08-09 18:50:57,806] Trial 126 finished with values: [0.8474771785048006, 0.35067712045616534] and parameters: {'psi': 0.28186113712083316}.
[I 2025-08-09 18:51:03,574] Trial 127 finished with values: [0.8295162080729739, 0.35552304316020483] and parameters: {'psi': 0.9024303438763914}.
[I 2025-08-09 18:51:09,334] Trial 128 finished with values: [0.8479468311389926, 0.3413940256045519] and parameters: {'psi': 0.054138529579452865}.
[I 2025-08-09 18:51:15,110] Trial 129 finished with values: [0.846060277821333, 0.3575498575498576] and parameters: {'psi': 0.4375165411885793}.
[I 2025-08-09 18:51:20,866] Trial 130 finished with values: [0.8477107191199535, 0.3409090909090909] and parameters: {'psi': 0.04762720638363949}.
[I 2025-08-09 18:51:26,649] Trial 131 finished with values: [0.8347501006847476, 0.35474452554744523] and parameters: {'psi': 0.846934999796207}.
[I 2025-08-09 18:51:32,436] Trial 132 finished with values: [0.8442738949706083, 0.3609129814550642] and parameters: {'psi': 0.5646724187540285}.
[I 2025-08-09 18:51:38,214] Trial 133 finished with values: [0.8482963134982476, 0.34925160370634356] and parameters: {'psi': 0.16027125114931073}.
[I 2025-08-09 18:51:43,979] Trial 134 finished with values: [0.8481453435189878, 0.3509272467902996] and parameters: {'psi': 0.1877720233447212}.
[I 2025-08-09 18:51:49,756] Trial 135 finished with values: [0.8281210214667653, 0.3550036523009496] and parameters: {'psi': 0.9276220673734829}.
[I 2025-08-09 18:51:55,524] Trial 136 finished with values: [0.8477648328861758, 0.35210263720598717] and parameters: {'psi': 0.2438443879568405}.
[I 2025-08-09 18:52:01,306] Trial 137 finished with values: [0.8281213071783082, 0.3567251461988304] and parameters: {'psi': 0.9347503524383478}.
[I 2025-08-09 18:52:07,074] Trial 138 finished with values: [0.8439042413764255, 0.3609129814550642] and parameters: {'psi': 0.5840244578159224}.
[I 2025-08-09 18:52:12,874] Trial 139 finished with values: [0.8041060520104722, 0.2946298984034833] and parameters: {'psi': 0.002939597271546024}.
[I 2025-08-09 18:52:18,628] Trial 140 finished with values: [0.8483435130451319, 0.34925160370634356] and parameters: {'psi': 0.15036264563065105}.
[I 2025-08-09 18:52:24,402] Trial 141 finished with values: [0.8481804860387625, 0.3449750534568781] and parameters: {'psi': 0.06482197304529425}.
[I 2025-08-09 18:52:30,165] Trial 142 finished with values: [0.8464709024507651, 0.3547008547008547] and parameters: {'psi': 0.39685325460988474}.
[I 2025-08-09 18:52:35,946] Trial 143 finished with values: [0.8324338943488998, 0.3550036523009496] and parameters: {'psi': 0.8712923638119173}.
[I 2025-08-09 18:52:41,710] Trial 144 finished with values: [0.8464715310161595, 0.3547008547008547] and parameters: {'psi': 0.3967789341016823}.
[I 2025-08-09 18:52:47,483] Trial 145 finished with values: [0.8281618210750891, 0.35552304316020483] and parameters: {'psi': 0.9373149735670794}.
[I 2025-08-09 18:52:53,262] Trial 146 finished with values: [0.8418118614632728, 0.36894586894586895] and parameters: {'psi': 0.6734235814104126}.
[I 2025-08-09 18:52:59,049] Trial 147 finished with values: [0.8474885498242073, 0.35067712045616534] and parameters: {'psi': 0.28020323786092804}.
[I 2025-08-09 18:53:04,819] Trial 148 finished with values: [0.8449764596545587, 0.32548179871520344] and parameters: {'psi': 0.023617592134289378}.
[I 2025-08-09 18:53:10,601] Trial 149 finished with values: [0.8482051715160678, 0.35067712045616534] and parameters: {'psi': 0.17711007804559098}.
