[I 2025-08-09 19:29:49,661] Trial 150 finished with values: [0.9335789137255684, 0.21112372304199772] and parameters: {'psi': 0.31843468737476455}.
[I 2025-08-09 19:29:54,945] Trial 151 finished with values: [0.9346521575672273, 0.23617511520737328] and parameters: {'psi': 0.6284354607710539}.
[I 2025-08-09 19:30:00,328] Trial 152 finished with values: [0.9336070448861135, 0.21766381766381768] and parameters: {'psi': 0.48595266945191706}.
[I 2025-08-09 19:30:05,623] Trial 153 finished with values: [0.9352912030613452, 0.26272189349112424] and parameters: {'psi': 0.9274711647100446}.
[I 2025-08-09 19:30:10,896] Trial 154 finished with values: [0.9343718160017971, 0.23509174311926606] and parameters: {'psi': 0.5976470270778041}.
[I 2025-08-09 19:30:16,202] Trial 155 finished with values: [0.9349905328311731, 0.2581032412965186] and parameters: {'psi': 0.8176049857168288}.
[I 2025-08-09 19:30:21,464] Trial 156 finished with values: [0.9339943439075287, 0.22578796561604583] and parameters: {'psi': 0.5530147487314974}.
[I 2025-08-09 19:30:26,752] Trial 157 finished with values: [0.933626867443019, 0.21994301994301993] and parameters: {'psi': 0.49010229267273864}.
[I 2025-08-09 19:30:32,040] Trial 158 finished with values: [0.9337983958237333, 0.20658342792281498] and parameters: {'psi': 0.25611677872571215}.
[I 2025-08-09 19:30:37,338] Trial 159 finished with values: [0.9354975685314294, 0.20689655172413793] and parameters: {'psi': 0.11070568018292837}.
[I 2025-08-09 19:30:42,630] Trial 160 finished with values: [0.9350158382229679, 0.267308850090307] and parameters: {'psi': 0.8408751916912826}.
[I 2025-08-09 19:30:47,917] Trial 161 finished with values: [0.9351549757021846, 0.255827854154214] and parameters: {'psi': 0.7965066482339882}.
[I 2025-08-09 19:30:53,188] Trial 162 finished with values: [0.9334497718761106, 0.21452894438138478] and parameters: {'psi': 0.39866243690233816}.
[I 2025-08-09 19:30:58,478] Trial 163 finished with values: [0.935097827692382, 0.27141133896260555] and parameters: {'psi': 0.8554086631386084}.
[I 2025-08-09 19:31:03,779] Trial 164 finished with values: [0.9353026326633056, 0.26540284360189575] and parameters: {'psi': 0.9206057995360915}.
[I 2025-08-09 19:31:09,072] Trial 165 finished with values: [0.9335922834075667, 0.21753986332574032] and parameters: {'psi': 0.48315795231347136}.
[I 2025-08-09 19:31:14,372] Trial 166 finished with values: [0.9375686461471993, 0.20325659741718136] and parameters: {'psi': 0.06538372939438297}.
[I 2025-08-09 19:31:19,667] Trial 167 finished with values: [0.9259548209344084, 0.13732970027247957] and parameters: {'psi': 0.0029781665091332954}.
[I 2025-08-09 19:31:24,954] Trial 168 finished with values: [0.9357725959645831, 0.20666290231507622] and parameters: {'psi': 0.1018707165049747}.
[I 2025-08-09 19:31:30,235] Trial 169 finished with values: [0.933512444896455, 0.21327283040272263] and parameters: {'psi': 0.34655578809983}.
[I 2025-08-09 19:31:35,532] Trial 170 finished with values: [0.9359022439218769, 0.20642978003384094] and parameters: {'psi': 0.09816352780893356}.
[I 2025-08-09 19:31:40,825] Trial 171 finished with values: [0.9334718719182777, 0.21465076660988075] and parameters: {'psi': 0.4367350173095823}.
[I 2025-08-09 19:31:46,121] Trial 172 finished with values: [0.9361774400576423, 0.20394366197183098] and parameters: {'psi': 0.09109390078439095}.
[I 2025-08-09 19:31:51,401] Trial 173 finished with values: [0.9351597837266254, 0.2421420256111758] and parameters: {'psi': 0.6837237674835969}.
[I 2025-08-09 19:31:56,692] Trial 174 finished with values: [0.9350125906976873, 0.267308850090307] and parameters: {'psi': 0.8402616865015131}.
[I 2025-08-09 19:32:01,989] Trial 175 finished with values: [0.9343601333459184, 0.20736543909348443] and parameters: {'psi': 0.1737291766818938}.
[I 2025-08-09 19:32:07,281] Trial 176 finished with values: [0.9377910805410733, 0.20224719101123595] and parameters: {'psi': 0.06222415138366011}.
[I 2025-08-09 19:32:12,564] Trial 177 finished with values: [0.9352323258497698, 0.27300060132291043] and parameters: {'psi': 0.8788668287200603}.
[I 2025-08-09 19:32:17,850] Trial 178 finished with values: [0.9334717875669718, 0.21452894438138478] and parameters: {'psi': 0.3703268191970598}.
[I 2025-08-09 19:32:23,137] Trial 179 finished with values: [0.9351658991963093, 0.27349397590361446] and parameters: {'psi': 0.8659805667927679}.
[I 2025-08-09 19:32:28,432] Trial 180 finished with values: [0.9352739953949246, 0.2428488032691185] and parameters: {'psi': 0.6968164832616577}.
[I 2025-08-09 19:32:33,716] Trial 181 finished with values: [0.9334865912211716, 0.21489482660602616] and parameters: {'psi': 0.44429945969608065}.
[I 2025-08-09 19:32:39,015] Trial 182 finished with values: [0.9352742906244956, 0.25148986889153757] and parameters: {'psi': 0.7836744752931352}.
[I 2025-08-09 19:32:44,300] Trial 183 finished with values: [0.9350905313044143, 0.27124773960216997] and parameters: {'psi': 0.8540720787168016}.
[I 2025-08-09 19:32:49,582] Trial 184 finished with values: [0.9336644037741809, 0.20909090909090908] and parameters: {'psi': 0.29173650202073254}.
[I 2025-08-09 19:32:54,877] Trial 185 finished with values: [0.9356119489023406, 0.20689655172413793] and parameters: {'psi': 0.10693337871753172}.
[I 2025-08-09 19:33:00,180] Trial 186 finished with values: [0.9385835610607716, 0.2041503084688727] and parameters: {'psi': 0.05292138352104814}.
[I 2025-08-09 19:33:05,490] Trial 187 finished with values: [0.9386114813430517, 0.2041503084688727] and parameters: {'psi': 0.05262835921690556}.
[I 2025-08-09 19:33:10,785] Trial 188 finished with values: [0.9352945771135844, 0.26985074626865674] and parameters: {'psi': 0.9051098354378336}.
[I 2025-08-09 19:33:16,091] Trial 189 finished with values: [0.9340174561653676, 0.20748299319727892] and parameters: {'psi': 0.21302735801793538}.
[I 2025-08-09 19:33:21,398] Trial 190 finished with values: [0.9385126216124408, 0.2031425364758698] and parameters: {'psi': 0.05367385460774887}.
[I 2025-08-09 19:33:26,692] Trial 191 finished with values: [0.9382595676944956, 0.20437956204379562] and parameters: {'psi': 0.056494548112068}.
[I 2025-08-09 19:33:31,971] Trial 192 finished with values: [0.9335184338391798, 0.21213840045377197] and parameters: {'psi': 0.34232207376622537}.
[I 2025-08-09 19:33:37,263] Trial 193 finished with values: [0.9349601241853667, 0.24074074074074073] and parameters: {'psi': 0.6608219702283469}.
[I 2025-08-09 19:33:42,551] Trial 194 finished with values: [0.9336877269102851, 0.22108262108262108] and parameters: {'psi': 0.50284710467831}.
[I 2025-08-09 19:33:47,843] Trial 195 finished with values: [0.9338977616621796, 0.20646625070901872] and parameters: {'psi': 0.23478224541850745}.
[I 2025-08-09 19:33:53,117] Trial 196 finished with values: [0.9335688759201567, 0.21213840045377197] and parameters: {'psi': 0.32136972508313133}.
[I 2025-08-09 19:33:58,403] Trial 197 finished with values: [0.9335210909053182, 0.21213840045377197] and parameters: {'psi': 0.34098514950327274}.
[I 2025-08-09 19:34:03,688] Trial 198 finished with values: [0.933618643190686, 0.21010789324247586] and parameters: {'psi': 0.3047125742379613}.
[I 2025-08-09 19:34:08,977] Trial 199 finished with values: [0.9338157721927653, 0.20658342792281498] and parameters: {'psi': 0.25183019162887554}.
[I 2025-08-09 19:34:14,262] Trial 200 finished with values: [0.9349799045666194, 0.26337943475646425] and parameters: {'psi': 0.8281201915779813}.
[I 2025-08-09 19:34:19,554] Trial 201 finished with values: [0.9344988912442586, 0.20736543909348443] and parameters: {'psi': 0.16233459101404357}.
[I 2025-08-09 19:34:24,952] Trial 202 finished with values: [0.9341218409065201, 0.2084985835694051] and parameters: {'psi': 0.19883389587350075}.
[I 2025-08-09 19:34:30,232] Trial 203 finished with values: [0.933835510398365, 0.224] and parameters: {'psi': 0.5304114119111262}.
[I 2025-08-09 19:34:35,530] Trial 204 finished with values: [0.9354662320212572, 0.24573780129335684] and parameters: {'psi': 0.7271151566987262}.
[I 2025-08-09 19:34:40,822] Trial 205 finished with values: [0.9352863528612512, 0.2703349282296651] and parameters: {'psi': 0.9011669796197836}.
[I 2025-08-09 19:34:46,114] Trial 206 finished with values: [0.9352638732382069, 0.2720191731575794] and parameters: {'psi': 0.8920432222254843}.
[I 2025-08-09 19:34:51,402] Trial 207 finished with values: [0.9352991742597604, 0.25134008338296604] and parameters: {'psi': 0.7805327422471006}.
[I 2025-08-09 19:34:56,687] Trial 208 finished with values: [0.9334481270256441, 0.21452894438138478] and parameters: {'psi': 0.4016341721131942}.
[I 2025-08-09 19:35:01,972] Trial 209 finished with values: [0.9347437630855236, 0.23760092272202998] and parameters: {'psi': 0.6379360482315686}.
[I 2025-08-09 19:35:07,254] Trial 210 finished with values: [0.935467075534317, 0.24866785079928952] and parameters: {'psi': 0.7568932106986009}.
[I 2025-08-09 19:35:12,567] Trial 211 finished with values: [0.9434277300363444, 0.18393351800554017] and parameters: {'psi': 0.01191687397975194}.
[I 2025-08-09 19:35:17,856] Trial 212 finished with values: [0.9335385094500035, 0.21213840045377197] and parameters: {'psi': 0.3310155001090226}.
[I 2025-08-09 19:35:23,140] Trial 213 finished with values: [0.9345867009537855, 0.23563218390804597] and parameters: {'psi': 0.62123627572223}.
[I 2025-08-09 19:35:28,427] Trial 214 finished with values: [0.9354916217643576, 0.24852767962308597] and parameters: {'psi': 0.7369426152052481}.
[I 2025-08-09 19:35:33,710] Trial 215 finished with values: [0.9353876587797352, 0.24370240187463385] and parameters: {'psi': 0.7116951698244615}.
[I 2025-08-09 19:35:39,005] Trial 216 finished with values: [0.9354799391084793, 0.25059101654846333] and parameters: {'psi': 0.7527752696093466}.
[I 2025-08-09 19:35:44,302] Trial 217 finished with values: [0.935156957957875, 0.251912889935256] and parameters: {'psi': 0.9426799518895628}.
[I 2025-08-09 19:35:49,594] Trial 218 finished with values: [0.9388488880937371, 0.2041503084688727] and parameters: {'psi': 0.05023129506851176}.
[I 2025-08-09 19:35:54,892] Trial 219 finished with values: [0.9351430821680412, 0.24316463059918558] and parameters: {'psi': 0.6817705912242898}.
[I 2025-08-09 19:36:00,175] Trial 220 finished with values: [0.9344701696245719, 0.20736543909348443] and parameters: {'psi': 0.16469340645853936}.
[I 2025-08-09 19:36:05,468] Trial 221 finished with values: [0.9351396659401491, 0.24302325581395348] and parameters: {'psi': 0.6813000564343061}.
[I 2025-08-09 19:36:10,769] Trial 222 finished with values: [0.9349366745223038, 0.2498533724340176] and parameters: {'psi': 0.9539408954392063}.
[I 2025-08-09 19:36:16,063] Trial 223 finished with values: [0.933605568738259, 0.21766381766381768] and parameters: {'psi': 0.48542181709494636}.
[I 2025-08-09 19:36:21,368] Trial 224 finished with values: [0.9432314023716719, 0.19810795770728992] and parameters: {'psi': 0.01988619583450124}.
[I 2025-08-09 19:36:26,674] Trial 225 finished with values: [0.9358544167313851, 0.20666290231507622] and parameters: {'psi': 0.09947890482387511}.
[I 2025-08-09 19:36:31,970] Trial 226 finished with values: [0.9352191670460366, 0.241399416909621] and parameters: {'psi': 0.6902674283223132}.
[I 2025-08-09 19:36:37,272] Trial 227 finished with values: [0.9433525730227146, 0.19666666666666666] and parameters: {'psi': 0.01897770436945001}.
[I 2025-08-09 19:36:42,568] Trial 228 finished with values: [0.9366574833399846, 0.20371412492965674] and parameters: {'psi': 0.08046214650871109}.
[I 2025-08-09 19:36:47,853] Trial 229 finished with values: [0.9334680761095085, 0.21452894438138478] and parameters: {'psi': 0.3730877476646327}.
[I 2025-08-09 19:36:53,167] Trial 230 finished with values: [0.9389657990038279, 0.2041503084688727] and parameters: {'psi': 0.04907924843590128}.
[I 2025-08-09 19:36:58,464] Trial 231 finished with values: [0.9353014939206747, 0.2672209026128266] and parameters: {'psi': 0.9164137986016926}.
[I 2025-08-09 19:37:03,757] Trial 232 finished with values: [0.9346233094205816, 0.23590333716915995] and parameters: {'psi': 0.6254527474592776}.
[I 2025-08-09 19:37:09,061] Trial 233 finished with values: [0.9341324269954208, 0.2084985835694051] and parameters: {'psi': 0.19761086423178653}.
[I 2025-08-09 19:37:14,361] Trial 234 finished with values: [0.934237950479204, 0.24447031431897556] and parameters: {'psi': 0.9705256678368359}.
[I 2025-08-09 19:37:19,656] Trial 235 finished with values: [0.941415318753885, 0.20389972144846796] and parameters: {'psi': 0.030700480665833085}.
[I 2025-08-09 19:37:24,949] Trial 236 finished with values: [0.9334859164107236, 0.21489482660602616] and parameters: {'psi': 0.4439224736015899}.
[I 2025-08-09 19:37:30,241] Trial 237 finished with values: [0.9423315426394586, 0.2003338898163606] and parameters: {'psi': 0.025437341076791964}.
[I 2025-08-09 19:37:35,566] Trial 238 finished with values: [0.9016182460647375, 0.11968503937007874] and parameters: {'psi': 0.0006857916596363367}.
[I 2025-08-09 19:37:40,867] Trial 239 finished with values: [0.9353009456371858, 0.2669039145907473] and parameters: {'psi': 0.9169151087686934}.
[I 2025-08-09 19:37:46,157] Trial 240 finished with values: [0.9347303090522194, 0.23760092272202998] and parameters: {'psi': 0.6365529580048743}.
[I 2025-08-09 19:37:51,448] Trial 241 finished with values: [0.9345671314507976, 0.23549684089603676] and parameters: {'psi': 0.6191077217957486}.
[I 2025-08-09 19:37:56,755] Trial 242 finished with values: [0.9343443596516999, 0.20736543909348443] and parameters: {'psi': 0.1751248917250594}.
[I 2025-08-09 19:38:02,049] Trial 243 finished with values: [0.935439239603343, 0.2491103202846975] and parameters: {'psi': 0.7625894408382368}.
[I 2025-08-09 19:38:07,332] Trial 244 finished with values: [0.9339168250573314, 0.22552947910704063] and parameters: {'psi': 0.5423918184654631}.
[I 2025-08-09 19:38:12,618] Trial 245 finished with values: [0.933595320054582, 0.21112372304199772] and parameters: {'psi': 0.31177626503123423}.
[I 2025-08-09 19:38:17,918] Trial 246 finished with values: [0.9352973185310287, 0.2640615748963884] and parameters: {'psi': 0.9256018289628413}.
[I 2025-08-09 19:38:23,215] Trial 247 finished with values: [0.9353011143397979, 0.26706231454005935] and parameters: {'psi': 0.9167619765152947}.
[I 2025-08-09 19:38:28,505] Trial 248 finished with values: [0.9334539472657565, 0.21452894438138478] and parameters: {'psi': 0.3866873877514}.
[I 2025-08-09 19:38:33,794] Trial 249 finished with values: [0.9334483800795619, 0.21452894438138478] and parameters: {'psi': 0.40475571752384865}.
[I 2025-08-09 19:38:39,095] Trial 250 finished with values: [0.9349721864221221, 0.2082625919637804] and parameters: {'psi': 0.13274374735470895}.
[I 2025-08-09 19:38:44,387] Trial 251 finished with values: [0.9354865606859988, 0.24911452184179456] and parameters: {'psi': 0.7501295132351996}.
[I 2025-08-09 19:38:49,680] Trial 252 finished with values: [0.9350381491433999, 0.26851294400963277] and parameters: {'psi': 0.8452837383308145}.
[I 2025-08-09 19:38:54,969] Trial 253 finished with values: [0.9337045549958284, 0.20897217490062464] and parameters: {'psi': 0.28000904925199677}.
[I 2025-08-09 19:39:00,351] Trial 254 finished with values: [0.9336114311540246, 0.21766381766381768] and parameters: {'psi': 0.4869315841179004}.
[I 2025-08-09 19:39:05,635] Trial 255 finished with values: [0.9339029914431506, 0.22552947910704063] and parameters: {'psi': 0.5407023301352001}.
[I 2025-08-09 19:39:10,907] Trial 256 finished with values: [0.9352313136340981, 0.27300060132291043] and parameters: {'psi': 0.8783558394081791}.
[I 2025-08-09 19:39:16,206] Trial 257 finished with values: [0.9352195044512607, 0.25178997613365156] and parameters: {'psi': 0.7894009207805678}.
[I 2025-08-09 19:39:21,499] Trial 258 finished with values: [0.935203055946594, 0.2535377358490566] and parameters: {'psi': 0.9390083416210944}.
[I 2025-08-09 19:39:26,799] Trial 259 finished with values: [0.9341394703294703, 0.2084985835694051] and parameters: {'psi': 0.19681609344572604}.
[I 2025-08-09 19:39:32,083] Trial 260 finished with values: [0.9352148651294315, 0.2563496751329002] and parameters: {'psi': 0.9373953440026849}.
[I 2025-08-09 19:39:37,366] Trial 261 finished with values: [0.9353003551780441, 0.2640615748963884] and parameters: {'psi': 0.9251277329676398}.
[I 2025-08-09 19:39:42,657] Trial 262 finished with values: [0.9354934774930893, 0.24911452184179456] and parameters: {'psi': 0.7449895289136786}.
[I 2025-08-09 19:39:47,950] Trial 263 finished with values: [0.9348800747959901, 0.2082625919637804] and parameters: {'psi': 0.137742866901446}.
[I 2025-08-09 19:39:53,226] Trial 264 finished with values: [0.9350332989433058, 0.24231884057971015] and parameters: {'psi': 0.6686672825678253}.
[I 2025-08-09 19:39:58,514] Trial 265 finished with values: [0.9352351094428673, 0.25178997613365156] and parameters: {'psi': 0.7878375972723334}.
[I 2025-08-09 19:40:03,790] Trial 266 finished with values: [0.9334638163685565, 0.21465076660988075] and parameters: {'psi': 0.4294971057239667}.
[I 2025-08-09 19:40:09,085] Trial 267 finished with values: [0.9337587928855745, 0.2067007382169222] and parameters: {'psi': 0.26614545802873735}.
[I 2025-08-09 19:40:14,374] Trial 268 finished with values: [0.9353865622127575, 0.2491103202846975] and parameters: {'psi': 0.7699999534516709}.
[I 2025-08-09 19:40:19,658] Trial 269 finished with values: [0.9344780564716811, 0.20736543909348443] and parameters: {'psi': 0.1639940010962615}.
[I 2025-08-09 19:40:24,947] Trial 270 finished with values: [0.933466051678165, 0.21351504826802953] and parameters: {'psi': 0.3765895931602792}.
[I 2025-08-09 19:40:30,231] Trial 271 finished with values: [0.9337210456761479, 0.20783645655877342] and parameters: {'psi': 0.27526915997832235}.
[I 2025-08-09 19:40:35,517] Trial 272 finished with values: [0.9334510371457003, 0.21452894438138478] and parameters: {'psi': 0.3895047008303195}.
[I 2025-08-09 19:40:40,822] Trial 273 finished with values: [0.9342999908647537, 0.20838052095130238] and parameters: {'psi': 0.17951426704773732}.
[I 2025-08-09 19:40:46,099] Trial 274 finished with values: [0.935230849701915, 0.27300060132291043] and parameters: {'psi': 0.8781545805501634}.
[I 2025-08-09 19:40:51,382] Trial 275 finished with values: [0.9334771438749017, 0.2144072603516733] and parameters: {'psi': 0.36587280250901477}.
[I 2025-08-09 19:40:56,672] Trial 276 finished with values: [0.934834651617719, 0.2400461627236007] and parameters: {'psi': 0.6474306622552335}.
[I 2025-08-09 19:41:01,972] Trial 277 finished with values: [0.9349602507123258, 0.2082625919637804] and parameters: {'psi': 0.1333727364637154}.
[I 2025-08-09 19:41:07,251] Trial 278 finished with values: [0.9403966080315433, 0.203579418344519] and parameters: {'psi': 0.03733939482800863}.
[I 2025-08-09 19:41:12,538] Trial 279 finished with values: [0.9334516276048422, 0.21465076660988075] and parameters: {'psi': 0.4125130347985342}.
[I 2025-08-09 19:41:17,825] Trial 280 finished with values: [0.9337071277106608, 0.20783645655877342] and parameters: {'psi': 0.2795105307892619}.
[I 2025-08-09 19:41:23,120] Trial 281 finished with values: [0.934755740970973, 0.23760092272202998] and parameters: {'psi': 0.6391602120874482}.
[I 2025-08-09 19:41:28,409] Trial 282 finished with values: [0.9349623173193222, 0.24897240164415738] and parameters: {'psi': 0.9530480775401599}.
[I 2025-08-09 19:41:33,700] Trial 283 finished with values: [0.935060038307302, 0.2689987937273824] and parameters: {'psi': 0.8495373301123612}.
[I 2025-08-09 19:41:38,986] Trial 284 finished with values: [0.9351751778399671, 0.2421420256111758] and parameters: {'psi': 0.685255253403427}.
[I 2025-08-09 19:41:44,276] Trial 285 finished with values: [0.9336435268259506, 0.21010789324247586] and parameters: {'psi': 0.2975465851223339}.
[I 2025-08-09 19:41:49,578] Trial 286 finished with values: [0.9376941187148472, 0.20224719101123595] and parameters: {'psi': 0.06355851479576735}.
[I 2025-08-09 19:41:54,856] Trial 287 finished with values: [0.9352062191205684, 0.25178997613365156] and parameters: {'psi': 0.791302087026512}.
[I 2025-08-09 19:42:00,159] Trial 288 finished with values: [0.9350502957314614, 0.25058823529411767] and parameters: {'psi': 0.9492617905025902}.
[I 2025-08-09 19:42:05,455] Trial 289 finished with values: [0.9336987769313687, 0.20909090909090908] and parameters: {'psi': 0.28162061690728357}.
[I 2025-08-09 19:42:10,724] Trial 290 finished with values: [0.9344069904963915, 0.23509174311926606] and parameters: {'psi': 0.6024397411576714}.
[I 2025-08-09 19:42:16,000] Trial 291 finished with values: [0.9342844702244529, 0.231651376146789] and parameters: {'psi': 0.5874622488560325}.
[I 2025-08-09 19:42:21,300] Trial 292 finished with values: [0.9346794452147125, 0.2082625919637804] and parameters: {'psi': 0.14977866105210802}.
[I 2025-08-09 19:42:26,592] Trial 293 finished with values: [0.9352941131814014, 0.27001194743130225] and parameters: {'psi': 0.9035839930069381}.
[I 2025-08-09 19:42:31,874] Trial 294 finished with values: [0.93349009180037, 0.21452894438138478] and parameters: {'psi': 0.3607781209232078}.
[I 2025-08-09 19:42:37,165] Trial 295 finished with values: [0.9351262119068448, 0.27245328511151296] and parameters: {'psi': 0.8603286232326299}.
[I 2025-08-09 19:42:42,443] Trial 296 finished with values: [0.9334748663896402, 0.21452894438138478] and parameters: {'psi': 0.36752153935134857}.
[I 2025-08-09 19:42:47,733] Trial 297 finished with values: [0.9337726264997557, 0.20658342792281498] and parameters: {'psi': 0.26291373037600396}.
[I 2025-08-09 19:42:53,023] Trial 298 finished with values: [0.9336036286582211, 0.21766381766381768] and parameters: {'psi': 0.4848814663191753}.
