[I 2025-08-09 19:23:44,773] Trial 448 finished with values: [0.6880605986093465, 0.18292682926829268] and parameters: {'psi': 0.7113311070274779}.
[I 2025-08-09 19:23:50,374] Trial 449 finished with values: [0.6895649768452112, 0.1898876404494382] and parameters: {'psi': 0.8057412963431049}.
[I 2025-08-09 19:23:55,983] Trial 450 finished with values: [0.6862713200885816, 0.18112384069830878] and parameters: {'psi': 0.41931226045118564}.
[I 2025-08-09 19:24:01,588] Trial 451 finished with values: [0.6896533915580266, 0.18956814357823892] and parameters: {'psi': 0.8477335135487449}.
[I 2025-08-09 19:24:07,199] Trial 452 finished with values: [0.6896454987424621, 0.1897810218978102] and parameters: {'psi': 0.811690765851847}.
[I 2025-08-09 19:24:12,829] Trial 453 finished with values: [0.6857802199970554, 0.18013100436681223] and parameters: {'psi': 0.2212174082970717}.
[I 2025-08-09 19:24:18,446] Trial 454 finished with values: [0.6862489697598915, 0.18112384069830878] and parameters: {'psi': 0.41232904158555284}.
[I 2025-08-09 19:24:24,158] Trial 455 finished with values: [0.6869276001135352, 0.18421052631578946] and parameters: {'psi': 0.5960348931501573}.
[I 2025-08-09 19:24:29,766] Trial 456 finished with values: [0.6894048437601981, 0.19047619047619047] and parameters: {'psi': 0.8594800715665019}.
[I 2025-08-09 19:24:35,392] Trial 457 finished with values: [0.6844437158768539, 0.17923497267759564] and parameters: {'psi': 0.048056614939979925}.
[I 2025-08-09 19:24:40,994] Trial 458 finished with values: [0.6902305536961904, 0.18141836173721826] and parameters: {'psi': 0.9993645340498746}.
[I 2025-08-09 19:24:46,627] Trial 459 finished with values: [0.6855393373374193, 0.18013100436681223] and parameters: {'psi': 0.1479258718498}.
[I 2025-08-09 19:24:52,235] Trial 460 finished with values: [0.6897476120438294, 0.1898876404494382] and parameters: {'psi': 0.8244917849557052}.
[I 2025-08-09 19:24:57,842] Trial 461 finished with values: [0.6880572213949945, 0.19084821428571427] and parameters: {'psi': 0.8982629914700224}.
[I 2025-08-09 19:25:03,457] Trial 462 finished with values: [0.6881520490204559, 0.18524681087077094] and parameters: {'psi': 0.7173222181693533}.
[I 2025-08-09 19:25:09,075] Trial 463 finished with values: [0.6864060671466106, 0.18231441048034935] and parameters: {'psi': 0.46957602622684347}.
[I 2025-08-09 19:25:14,686] Trial 464 finished with values: [0.6873082766796139, 0.18461538461538463] and parameters: {'psi': 0.6472309961919491}.
[I 2025-08-09 19:25:20,295] Trial 465 finished with values: [0.6895316600564335, 0.1898876404494382] and parameters: {'psi': 0.8027059908723096}.
[I 2025-08-09 19:25:25,896] Trial 466 finished with values: [0.688593287767502, 0.18756936736958935] and parameters: {'psi': 0.9463134662897615}.
[I 2025-08-09 19:25:31,489] Trial 467 finished with values: [0.6871519382174684, 0.18451400329489293] and parameters: {'psi': 0.6286853736308283}.
[I 2025-08-09 19:25:37,091] Trial 468 finished with values: [0.6901518911641448, 0.18261826182618263] and parameters: {'psi': 0.9955158756490959}.
[I 2025-08-09 19:25:42,712] Trial 469 finished with values: [0.6857332046197256, 0.18022938285090115] and parameters: {'psi': 0.20642566796636674}.
[I 2025-08-09 19:25:48,325] Trial 470 finished with values: [0.6866482020317929, 0.18360655737704917] and parameters: {'psi': 0.5376421048904243}.
[I 2025-08-09 19:25:53,935] Trial 471 finished with values: [0.6893283821094156, 0.18614958448753463] and parameters: {'psi': 0.9644865413076774}.
[I 2025-08-09 19:25:59,545] Trial 472 finished with values: [0.689553517084151, 0.18946188340807174] and parameters: {'psi': 0.8532206585742755}.
[I 2025-08-09 19:26:05,162] Trial 473 finished with values: [0.6874245439242777, 0.18371837183718373] and parameters: {'psi': 0.6595704333497254}.
[I 2025-08-09 19:26:10,782] Trial 474 finished with values: [0.6794416440127682, 0.180623973727422] and parameters: {'psi': 0.01897742250526313}.
[I 2025-08-09 19:26:16,389] Trial 475 finished with values: [0.688635104511503, 0.18756936736958935] and parameters: {'psi': 0.9472337915330221}.
[I 2025-08-09 19:26:22,021] Trial 476 finished with values: [0.6856781446419167, 0.18013100436681223] and parameters: {'psi': 0.1891023432930361}.
[I 2025-08-09 19:26:27,631] Trial 477 finished with values: [0.6894862763669369, 0.1898876404494382] and parameters: {'psi': 0.7993659437902173}.
[I 2025-08-09 19:26:33,255] Trial 478 finished with values: [0.685775704395843, 0.18013100436681223] and parameters: {'psi': 0.21976432763984488}.
[I 2025-08-09 19:26:38,835] Trial 479 finished with values: [0.6881276875416461, 0.18524681087077094] and parameters: {'psi': 0.7158937719312378}.
[I 2025-08-09 19:26:44,455] Trial 480 finished with values: [0.687761089026406, 0.18342541436464088] and parameters: {'psi': 0.6891840466208216}.
[I 2025-08-09 19:26:50,071] Trial 481 finished with values: [0.6865663899627672, 0.18340611353711792] and parameters: {'psi': 0.5154299967819908}.
[I 2025-08-09 19:26:55,675] Trial 482 finished with values: [0.687850604179853, 0.18920422927100725] and parameters: {'psi': 0.9192815732913409}.
[I 2025-08-09 19:27:01,284] Trial 483 finished with values: [0.6890058012194401, 0.1881298992161254] and parameters: {'psi': 0.7705961559856713}.
[I 2025-08-09 19:27:06,898] Trial 484 finished with values: [0.6878833517752004, 0.19031719532554256] and parameters: {'psi': 0.9227501742385785}.
[I 2025-08-09 19:27:12,507] Trial 485 finished with values: [0.6893228040138003, 0.18855218855218855] and parameters: {'psi': 0.7895782180428008}.
[I 2025-08-09 19:27:18,116] Trial 486 finished with values: [0.6868649888362195, 0.18400876232201532] and parameters: {'psi': 0.5835170368701068}.
[I 2025-08-09 19:27:23,748] Trial 487 finished with values: [0.6858416169950534, 0.1812227074235808] and parameters: {'psi': 0.23934839308033018}.
[I 2025-08-09 19:27:29,365] Trial 488 finished with values: [0.6874629834539264, 0.18381948266373144] and parameters: {'psi': 0.6630388547401167}.
[I 2025-08-09 19:27:34,991] Trial 489 finished with values: [0.6865814546155516, 0.18350628072091754] and parameters: {'psi': 0.5193600420025842}.
[I 2025-08-09 19:27:40,630] Trial 490 finished with values: [0.6857574902060783, 0.18022938285090115] and parameters: {'psi': 0.21361116168992622}.
[I 2025-08-09 19:27:46,231] Trial 491 finished with values: [0.6883443984536153, 0.18756936736958935] and parameters: {'psi': 0.9394339388836968}.
[I 2025-08-09 19:27:51,843] Trial 492 finished with values: [0.6864053461682657, 0.18231441048034935] and parameters: {'psi': 0.468964031551383}.
[I 2025-08-09 19:27:57,453] Trial 493 finished with values: [0.6869761712862406, 0.18431157432803072] and parameters: {'psi': 0.6035575880328241}.
[I 2025-08-09 19:28:03,068] Trial 494 finished with values: [0.6862628580795869, 0.18112384069830878] and parameters: {'psi': 0.41640878034822093}.
[I 2025-08-09 19:28:08,695] Trial 495 finished with values: [0.6856492296156653, 0.18013100436681223] and parameters: {'psi': 0.18118436631721602}.
[I 2025-08-09 19:28:14,328] Trial 496 finished with values: [0.6853909296370672, 0.1812227074235808] and parameters: {'psi': 0.11641445526886607}.
[I 2025-08-09 19:28:19,970] Trial 497 finished with values: [0.6848876867523646, 0.1778505182760502] and parameters: {'psi': 0.06303616709706217}.
[I 2025-08-09 19:28:25,571] Trial 498 finished with values: [0.6886484995302257, 0.18756936736958935] and parameters: {'psi': 0.9475424263896626}.
[I 2025-08-09 19:28:31,152] Trial 499 finished with values: [0.6866345034432407, 0.18360655737704917] and parameters: {'psi': 0.5331774601663215}.
