[I 2025-08-09 19:22:05,958] Trial 450 finished with values: [0.8384936647465328, 0.3032904148783977] and parameters: {'psi': 0.012478168852186111}.
[I 2025-08-09 19:22:11,719] Trial 451 finished with values: [0.8323698378209855, 0.3550036523009496] and parameters: {'psi': 0.8719791001096484}.
[I 2025-08-09 19:22:17,476] Trial 452 finished with values: [0.8330698882433587, 0.3559445660102115] and parameters: {'psi': 0.8646687019795192}.
[I 2025-08-09 19:22:23,234] Trial 453 finished with values: [0.8415782637058112, 0.3692088382038489] and parameters: {'psi': 0.6824048635411558}.
[I 2025-08-09 19:22:28,988] Trial 454 finished with values: [0.8351719252066608, 0.3544857768052516] and parameters: {'psi': 0.8420643486111048}.
[I 2025-08-09 19:22:34,740] Trial 455 finished with values: [0.8479345455426485, 0.35210263720598717] and parameters: {'psi': 0.2204762469322442}.
[I 2025-08-09 19:22:40,593] Trial 456 finished with values: [0.8446962337732986, 0.36065573770491804] and parameters: {'psi': 0.5403658739973637}.
[I 2025-08-09 19:22:46,351] Trial 457 finished with values: [0.8366259683907032, 0.35396941005098326] and parameters: {'psi': 0.8230426338893373}.
[I 2025-08-09 19:22:52,111] Trial 458 finished with values: [0.8462462188934414, 0.3561253561253561] and parameters: {'psi': 0.4198091863858897}.
[I 2025-08-09 19:22:57,872] Trial 459 finished with values: [0.8312467628882191, 0.3564645726807889] and parameters: {'psi': 0.8837392501941542}.
[I 2025-08-09 19:23:03,631] Trial 460 finished with values: [0.8451479437225973, 0.3592302209550962] and parameters: {'psi': 0.5109390669170701}.
[I 2025-08-09 19:23:09,381] Trial 461 finished with values: [0.8427687665626981, 0.3660968660968661] and parameters: {'psi': 0.6352506307862713}.
[I 2025-08-09 19:23:15,129] Trial 462 finished with values: [0.8407009578422333, 0.3672883787661406] and parameters: {'psi': 0.7162410450688677}.
[I 2025-08-09 19:23:20,869] Trial 463 finished with values: [0.8376917295879672, 0.3570391872278665] and parameters: {'psi': 0.8054210941826886}.
[I 2025-08-09 19:23:26,627] Trial 464 finished with values: [0.8306358544672257, 0.3563636363636364] and parameters: {'psi': 0.9695350104325807}.
[I 2025-08-09 19:23:32,389] Trial 465 finished with values: [0.8309715655301138, 0.35526315789473684] and parameters: {'psi': 0.8864856744363281}.
[I 2025-08-09 19:23:38,153] Trial 466 finished with values: [0.8435551590133306, 0.3620812544547398] and parameters: {'psi': 0.6008494798647528}.
[I 2025-08-09 19:23:43,924] Trial 467 finished with values: [0.8297862626233072, 0.35396941005098326] and parameters: {'psi': 0.959277283539749}.
[I 2025-08-09 19:23:49,703] Trial 468 finished with values: [0.8448112612404636, 0.3592302209550962] and parameters: {'psi': 0.5333825231525383}.
[I 2025-08-09 19:23:55,466] Trial 469 finished with values: [0.8459405075425561, 0.35780470420527444] and parameters: {'psi': 0.4484325168137885}.
[I 2025-08-09 19:24:01,210] Trial 470 finished with values: [0.8473772937494085, 0.35067712045616534] and parameters: {'psi': 0.29328020764073703}.
[I 2025-08-09 19:24:06,973] Trial 471 finished with values: [0.8444862357892793, 0.3620812544547398] and parameters: {'psi': 0.5526146949007987}.
[I 2025-08-09 19:24:12,749] Trial 472 finished with values: [0.8391319443333343, 0.35942028985507246] and parameters: {'psi': 0.7702462631372868}.
[I 2025-08-09 19:24:18,510] Trial 473 finished with values: [0.8473752937686083, 0.35067712045616534] and parameters: {'psi': 0.2935643247964833}.
[I 2025-08-09 19:24:24,257] Trial 474 finished with values: [0.8322913242890011, 0.35526315789473684] and parameters: {'psi': 0.8727632683249877}.
[I 2025-08-09 19:24:30,035] Trial 475 finished with values: [0.8423543705408998, 0.36752136752136755] and parameters: {'psi': 0.6515718630002366}.
[I 2025-08-09 19:24:35,794] Trial 476 finished with values: [0.8481736289617334, 0.3509272467902996] and parameters: {'psi': 0.18277635705006068}.
[I 2025-08-09 19:24:41,542] Trial 477 finished with values: [0.8481606005153779, 0.3435495367070563] and parameters: {'psi': 0.06333471608098329}.
[I 2025-08-09 19:24:47,309] Trial 478 finished with values: [0.8483740841802204, 0.34615384615384615] and parameters: {'psi': 0.08238138162945619}.
[I 2025-08-09 19:24:53,081] Trial 479 finished with values: [0.8437412143700563, 0.3609129814550642] and parameters: {'psi': 0.5920248654909662}.
[I 2025-08-09 19:24:58,831] Trial 480 finished with values: [0.8469670691161365, 0.3509272467902996] and parameters: {'psi': 0.34114027680478565}.
[I 2025-08-09 19:25:04,608] Trial 481 finished with values: [0.8484264836771853, 0.34733096085409254] and parameters: {'psi': 0.10987015837387559}.
[I 2025-08-09 19:25:10,375] Trial 482 finished with values: [0.8355640928704228, 0.35474452554744523] and parameters: {'psi': 0.8374069852646266}.
[I 2025-08-09 19:25:16,128] Trial 483 finished with values: [0.8478679176108481, 0.3411513859275053] and parameters: {'psi': 0.05168310238103224}.
[I 2025-08-09 19:25:21,881] Trial 484 finished with values: [0.8473814079956261, 0.3385490753911807] and parameters: {'psi': 0.0415979001198179}.
[I 2025-08-09 19:25:27,637] Trial 485 finished with values: [0.8449612598004772, 0.3594864479315264] and parameters: {'psi': 0.523734620226184}.
[I 2025-08-09 19:25:33,402] Trial 486 finished with values: [0.8381367538871627, 0.3561046511627907] and parameters: {'psi': 0.7962917792759197}.
[I 2025-08-09 19:25:39,151] Trial 487 finished with values: [0.840583816109651, 0.3680805176132279] and parameters: {'psi': 0.7208740391957942}.
[I 2025-08-09 19:25:44,897] Trial 488 finished with values: [0.8480531158329453, 0.35235378031383735] and parameters: {'psi': 0.20269063542269217}.
[I 2025-08-09 19:25:50,665] Trial 489 finished with values: [0.848297056348259, 0.34925160370634356] and parameters: {'psi': 0.15993154968880896}.
[I 2025-08-09 19:25:56,424] Trial 490 finished with values: [0.8478266608640557, 0.35210263720598717] and parameters: {'psi': 0.235337918624698}.
[I 2025-08-09 19:26:02,174] Trial 491 finished with values: [0.8483354559796228, 0.3459074733096085] and parameters: {'psi': 0.0782107066717086}.
[I 2025-08-09 19:26:07,947] Trial 492 finished with values: [0.8483507129760126, 0.34925160370634356] and parameters: {'psi': 0.14814871818144904}.
[I 2025-08-09 19:26:13,707] Trial 493 finished with values: [0.8441899529193091, 0.3609129814550642] and parameters: {'psi': 0.5693525416811176}.
[I 2025-08-09 19:26:19,460] Trial 494 finished with values: [0.8470533540020874, 0.3509272467902996] and parameters: {'psi': 0.33149051030602117}.
[I 2025-08-09 19:26:25,213] Trial 495 finished with values: [0.8481123724069392, 0.3509272467902996] and parameters: {'psi': 0.19336437519012573}.
[I 2025-08-09 19:26:30,964] Trial 496 finished with values: [0.8463219324523056, 0.35587188612099646] and parameters: {'psi': 0.4121331693629051}.
[I 2025-08-09 19:26:36,728] Trial 497 finished with values: [0.8293568381743535, 0.35552304316020483] and parameters: {'psi': 0.9044401550800306}.
[I 2025-08-09 19:26:42,509] Trial 498 finished with values: [0.8450136592974422, 0.35805991440798857] and parameters: {'psi': 0.5203184696507613}.
[I 2025-08-09 19:26:48,270] Trial 499 finished with values: [0.8475497492366931, 0.35067712045616534] and parameters: {'psi': 0.2725016240650969}.
