[I 2025-08-09 18:45:26,443] Trial 150 finished with values: [0.9307354062526476, 0.24283305227655985] and parameters: {'psi': 0.8886184746463254}.
[I 2025-08-09 18:45:31,843] Trial 151 finished with values: [0.9388956197576888, 0.2376237623762376] and parameters: {'psi': 0.6813531025418177}.
[I 2025-08-09 18:45:37,329] Trial 152 finished with values: [0.9438498686774549, 0.237012987012987] and parameters: {'psi': 0.34087210845673666}.
[I 2025-08-09 18:45:42,689] Trial 153 finished with values: [0.9436863509277302, 0.2366288492706645] and parameters: {'psi': 0.36267465320573655}.
[I 2025-08-09 18:45:48,076] Trial 154 finished with values: [0.9449872913666016, 0.23434991974317818] and parameters: {'psi': 0.10702499166490931}.
[I 2025-08-09 18:45:53,467] Trial 155 finished with values: [0.9437202406167925, 0.2366288492706645] and parameters: {'psi': 0.35818515469388956}.
[I 2025-08-09 18:45:58,814] Trial 156 finished with values: [0.9434686096755062, 0.23548387096774193] and parameters: {'psi': 0.033350923497082796}.
[I 2025-08-09 18:46:04,153] Trial 157 finished with values: [0.9444009997458273, 0.2347266881028939] and parameters: {'psi': 0.05088481376315124}.
[I 2025-08-09 18:46:09,518] Trial 158 finished with values: [0.9332716258578329, 0.24232081911262798] and parameters: {'psi': 0.8298104371871636}.
[I 2025-08-09 18:46:14,901] Trial 159 finished with values: [0.9401003982038464, 0.23529411764705882] and parameters: {'psi': 0.6380095311321414}.
[I 2025-08-09 18:46:20,280] Trial 160 finished with values: [0.9307468440227061, 0.24040066777963273] and parameters: {'psi': 0.9152688512192696}.
[I 2025-08-09 18:46:25,673] Trial 161 finished with values: [0.9360573582987376, 0.24315068493150685] and parameters: {'psi': 0.7732304496446027}.
[I 2025-08-09 18:46:31,030] Trial 162 finished with values: [0.9434440396509363, 0.237012987012987] and parameters: {'psi': 0.3989182539919114}.
[I 2025-08-09 18:46:36,381] Trial 163 finished with values: [0.9433732949250191, 0.237012987012987] and parameters: {'psi': 0.4076009346859554}.
[I 2025-08-09 18:46:41,754] Trial 164 finished with values: [0.9400665085147843, 0.23529411764705882] and parameters: {'psi': 0.6392878501484962}.
[I 2025-08-09 18:46:47,141] Trial 165 finished with values: [0.9439718715580785, 0.23739837398373984] and parameters: {'psi': 0.3243969566210222}.
[I 2025-08-09 18:46:52,504] Trial 166 finished with values: [0.943356350080488, 0.237012987012987] and parameters: {'psi': 0.41166903693866774}.
[I 2025-08-09 18:46:57,853] Trial 167 finished with values: [0.9319096839786495, 0.24149659863945577] and parameters: {'psi': 0.8522974068545146}.
[I 2025-08-09 18:47:03,240] Trial 168 finished with values: [0.9400101669067187, 0.23529411764705882] and parameters: {'psi': 0.6412567786040365}.
[I 2025-08-09 18:47:08,630] Trial 169 finished with values: [0.9441464034567484, 0.23778501628664495] and parameters: {'psi': 0.29832795391090794}.
[I 2025-08-09 18:47:13,996] Trial 170 finished with values: [0.9436376344997034, 0.2366288492706645] and parameters: {'psi': 0.3697040414748062}.
[I 2025-08-09 18:47:19,386] Trial 171 finished with values: [0.9403842243497416, 0.23452768729641693] and parameters: {'psi': 0.6266169726637961}.
[I 2025-08-09 18:47:24,766] Trial 172 finished with values: [0.9312916207743794, 0.23960066555740434] and parameters: {'psi': 0.9271728530865311}.
[I 2025-08-09 18:47:30,122] Trial 173 finished with values: [0.916378463102601, 0.2190923317683881] and parameters: {'psi': 0.002674028843350551}.
[I 2025-08-09 18:47:35,511] Trial 174 finished with values: [0.9311348809624672, 0.24027072758037224] and parameters: {'psi': 0.8736599681126924}.
[I 2025-08-09 18:47:40,906] Trial 175 finished with values: [0.930728204693722, 0.24040066777963273] and parameters: {'psi': 0.9146708483629371}.
[I 2025-08-09 18:47:46,296] Trial 176 finished with values: [0.9449644158264848, 0.2358642972536349] and parameters: {'psi': 0.14284986217740214}.
[I 2025-08-09 18:47:51,676] Trial 177 finished with values: [0.9446818605439296, 0.23624595469255663] and parameters: {'psi': 0.20644523524313774}.
[I 2025-08-09 18:47:57,059] Trial 178 finished with values: [0.9350254172667966, 0.2372322899505766] and parameters: {'psi': 0.9668402496266079}.
[I 2025-08-09 18:48:02,430] Trial 179 finished with values: [0.9306430568499534, 0.24120603015075376] and parameters: {'psi': 0.9111244397922278}.
[I 2025-08-09 18:48:07,816] Trial 180 finished with values: [0.9446361094636958, 0.2366288492706645] and parameters: {'psi': 0.2136273968326976}.
[I 2025-08-09 18:48:13,200] Trial 181 finished with values: [0.9306866898246209, 0.24283305227655985] and parameters: {'psi': 0.8910839320823808}.
[I 2025-08-09 18:48:18,590] Trial 182 finished with values: [0.9431962212996696, 0.237012987012987] and parameters: {'psi': 0.43543802019533284}.
[I 2025-08-09 18:48:23,980] Trial 183 finished with values: [0.9318868084385326, 0.24149659863945577] and parameters: {'psi': 0.8528073153666862}.
[I 2025-08-09 18:48:29,375] Trial 184 finished with values: [0.9395056341608067, 0.23567921440261866] and parameters: {'psi': 0.6597630142061381}.
[I 2025-08-09 18:48:34,762] Trial 185 finished with values: [0.9446170465135983, 0.2366288492706645] and parameters: {'psi': 0.21644667020285968}.
[I 2025-08-09 18:48:40,106] Trial 186 finished with values: [0.9434207404897059, 0.23548387096774193] and parameters: {'psi': 0.032911948120075585}.
[I 2025-08-09 18:48:45,495] Trial 187 finished with values: [0.9317707362534948, 0.23960066555740434] and parameters: {'psi': 0.934793222000198}.
[I 2025-08-09 18:48:50,882] Trial 188 finished with values: [0.9437897144793697, 0.237012987012987] and parameters: {'psi': 0.3482811146924769}.
[I 2025-08-09 18:48:56,235] Trial 189 finished with values: [0.942493010251631, 0.23491027732463296] and parameters: {'psi': 0.5121121806791019}.
[I 2025-08-09 18:49:01,631] Trial 190 finished with values: [0.9358353808353808, 0.2376237623762376] and parameters: {'psi': 0.9734665591197923}.
[I 2025-08-09 18:49:06,969] Trial 191 finished with values: [0.9427382868762179, 0.2347266881028939] and parameters: {'psi': 0.02717557388781222}.
[I 2025-08-09 18:49:12,316] Trial 192 finished with values: [0.944886469541642, 0.23434991974317818] and parameters: {'psi': 0.07891871312990906}.
[I 2025-08-09 18:49:17,694] Trial 193 finished with values: [0.9396267897992036, 0.23529411764705882] and parameters: {'psi': 0.6551367644631326}.
[I 2025-08-09 18:49:23,060] Trial 194 finished with values: [0.9443832076590697, 0.23739837398373984] and parameters: {'psi': 0.2560983540995583}.
[I 2025-08-09 18:49:28,441] Trial 195 finished with values: [0.9433529611115818, 0.237012987012987] and parameters: {'psi': 0.4123629625628319}.
[I 2025-08-09 18:49:33,817] Trial 196 finished with values: [0.9423324578496993, 0.23491027732463296] and parameters: {'psi': 0.5250860961622699}.
[I 2025-08-09 18:49:39,213] Trial 197 finished with values: [0.9449212064729307, 0.2358642972536349] and parameters: {'psi': 0.15733909041467664}.
[I 2025-08-09 18:49:44,582] Trial 198 finished with values: [0.9447983563500805, 0.2358642972536349] and parameters: {'psi': 0.18745705885479713}.
[I 2025-08-09 18:49:49,960] Trial 199 finished with values: [0.9366847411674998, 0.24067796610169492] and parameters: {'psi': 0.7520175191689787}.
[I 2025-08-09 18:49:55,321] Trial 200 finished with values: [0.9397542997542998, 0.23491027732463296] and parameters: {'psi': 0.6504935629591289}.
[I 2025-08-09 18:50:00,709] Trial 201 finished with values: [0.9445344403965094, 0.237012987012987] and parameters: {'psi': 0.22986608898185734}.
[I 2025-08-09 18:50:06,182] Trial 202 finished with values: [0.9449656866898246, 0.2358642972536349] and parameters: {'psi': 0.14510113442955463}.
[I 2025-08-09 18:50:11,550] Trial 203 finished with values: [0.9432902651868168, 0.2366288492706645] and parameters: {'psi': 0.4221113761263192}.
[I 2025-08-09 18:50:16,930] Trial 204 finished with values: [0.9445755316444971, 0.237012987012987] and parameters: {'psi': 0.22309060310911455}.
[I 2025-08-09 18:50:22,316] Trial 205 finished with values: [0.9309472168092858, 0.23960066555740434] and parameters: {'psi': 0.9206355995165125}.
[I 2025-08-09 18:50:27,700] Trial 206 finished with values: [0.9309035838346184, 0.23960066555740434] and parameters: {'psi': 0.9198339964198488}.
[I 2025-08-09 18:50:33,069] Trial 207 finished with values: [0.9415127509955097, 0.23452768729641693] and parameters: {'psi': 0.5752795362890935}.
[I 2025-08-09 18:50:38,457] Trial 208 finished with values: [0.9437329492501907, 0.2366288492706645] and parameters: {'psi': 0.3560212861186106}.
[I 2025-08-09 18:50:43,823] Trial 209 finished with values: [0.9394124375158857, 0.2360655737704918] and parameters: {'psi': 0.6636128522559266}.
[I 2025-08-09 18:50:49,194] Trial 210 finished with values: [0.944460306701686, 0.237012987012987] and parameters: {'psi': 0.24350428588227802}.
[I 2025-08-09 18:50:54,550] Trial 211 finished with values: [0.9433241548758792, 0.237012987012987] and parameters: {'psi': 0.4165461728804144}.
[I 2025-08-09 18:50:59,937] Trial 212 finished with values: [0.9378086079810218, 0.24242424242424243] and parameters: {'psi': 0.7167386330736195}.
[I 2025-08-09 18:51:05,296] Trial 213 finished with values: [0.9442705244429381, 0.23739837398373984] and parameters: {'psi': 0.2752115878945107}.
[I 2025-08-09 18:51:10,660] Trial 214 finished with values: [0.9448347877658222, 0.2358642972536349] and parameters: {'psi': 0.18084440661293388}.
[I 2025-08-09 18:51:16,027] Trial 215 finished with values: [0.9412382445141065, 0.23452768729641693] and parameters: {'psi': 0.5888755642454133}.
[I 2025-08-09 18:51:21,415] Trial 216 finished with values: [0.9441976616114546, 0.23739837398373984] and parameters: {'psi': 0.2886457672625382}.
[I 2025-08-09 18:51:26,787] Trial 217 finished with values: [0.9447259171397103, 0.2358642972536349] and parameters: {'psi': 0.20004826939568132}.
[I 2025-08-09 18:51:32,152] Trial 218 finished with values: [0.9309777175294416, 0.24027072758037224] and parameters: {'psi': 0.8786365076496616}.
[I 2025-08-09 18:51:37,539] Trial 219 finished with values: [0.9421998644412438, 0.23491027732463296] and parameters: {'psi': 0.5353020215130582}.
[I 2025-08-09 18:51:42,906] Trial 220 finished with values: [0.9391286113699907, 0.2372322899505766] and parameters: {'psi': 0.6737660848981721}.
[I 2025-08-09 18:51:48,270] Trial 221 finished with values: [0.9424688638481742, 0.23491027732463296] and parameters: {'psi': 0.5143432316849023}.
[I 2025-08-09 18:51:53,665] Trial 222 finished with values: [0.9424735236804201, 0.23491027732463296] and parameters: {'psi': 0.5139133196664493}.
[I 2025-08-09 18:51:59,011] Trial 223 finished with values: [0.9447975091078539, 0.23434991974317818] and parameters: {'psi': 0.07031997832901804}.
[I 2025-08-09 18:52:04,401] Trial 224 finished with values: [0.9446200118613912, 0.2366288492706645] and parameters: {'psi': 0.2160246127118618}.
[I 2025-08-09 18:52:09,754] Trial 225 finished with values: [0.9396102685757858, 0.23529411764705882] and parameters: {'psi': 0.6556937172247371}.
[I 2025-08-09 18:52:15,143] Trial 226 finished with values: [0.94240108447005, 0.23452768729641693] and parameters: {'psi': 0.5193952858241501}.
[I 2025-08-09 18:52:20,505] Trial 227 finished with values: [0.9320846394984326, 0.24108658743633277] and parameters: {'psi': 0.8488825115477575}.
[I 2025-08-09 18:52:25,886] Trial 228 finished with values: [0.9444683555028384, 0.237012987012987] and parameters: {'psi': 0.24220951582539996}.
[I 2025-08-09 18:52:31,231] Trial 229 finished with values: [0.9433021265779886, 0.23548387096774193] and parameters: {'psi': 0.03173448159488046}.
[I 2025-08-09 18:52:36,593] Trial 230 finished with values: [0.9324671693637211, 0.23920265780730898] and parameters: {'psi': 0.9433460093687832}.
[I 2025-08-09 18:52:41,948] Trial 231 finished with values: [0.932802677285436, 0.24190800681431004] and parameters: {'psi': 0.8364212005110829}.
[I 2025-08-09 18:52:47,333] Trial 232 finished with values: [0.9449402694230281, 0.23434991974317818] and parameters: {'psi': 0.08591242587923986}.
[I 2025-08-09 18:52:52,722] Trial 233 finished with values: [0.9372807760738795, 0.24324324324324326] and parameters: {'psi': 0.733788400480948}.
[I 2025-08-09 18:52:58,110] Trial 234 finished with values: [0.9395551978310599, 0.23567921440261866] and parameters: {'psi': 0.6578472747098362}.
[I 2025-08-09 18:53:03,468] Trial 235 finished with values: [0.9433610099127341, 0.237012987012987] and parameters: {'psi': 0.41007779931703925}.
[I 2025-08-09 18:53:08,856] Trial 236 finished with values: [0.9377374396339913, 0.24283305227655985] and parameters: {'psi': 0.7191107703001656}.
[I 2025-08-09 18:53:14,238] Trial 237 finished with values: [0.9308480894687792, 0.23960066555740434] and parameters: {'psi': 0.9183230598625848}.
[I 2025-08-09 18:53:19,614] Trial 238 finished with values: [0.9434724222655256, 0.237012987012987] and parameters: {'psi': 0.39508936676611994}.
[I 2025-08-09 18:53:24,999] Trial 239 finished with values: [0.932975938320766, 0.24232081911262798] and parameters: {'psi': 0.8340530764328064}.
[I 2025-08-09 18:53:30,388] Trial 240 finished with values: [0.942660340591375, 0.23491027732463296] and parameters: {'psi': 0.4966760696308167}.
[I 2025-08-09 18:53:35,742] Trial 241 finished with values: [0.9441595357112598, 0.23778501628664495] and parameters: {'psi': 0.29593102675064487}.
[I 2025-08-09 18:53:41,098] Trial 242 finished with values: [0.94485130898924, 0.23434991974317818] and parameters: {'psi': 0.07547407387410887}.
[I 2025-08-09 18:53:46,455] Trial 243 finished with values: [0.944869524697111, 0.2358642972536349] and parameters: {'psi': 0.17401646964044903}.
[I 2025-08-09 18:53:51,843] Trial 244 finished with values: [0.936713971024316, 0.24067796610169492] and parameters: {'psi': 0.750977182315007}.
[I 2025-08-09 18:53:57,222] Trial 245 finished with values: [0.9423523680420232, 0.23491027732463296] and parameters: {'psi': 0.5232543295032068}.
[I 2025-08-09 18:54:02,596] Trial 246 finished with values: [0.9428450393967635, 0.23452768729641693] and parameters: {'psi': 0.47683638385775184}.
[I 2025-08-09 18:54:07,979] Trial 247 finished with values: [0.9440066084893671, 0.23739837398373984] and parameters: {'psi': 0.31999909885689004}.
[I 2025-08-09 18:54:13,373] Trial 248 finished with values: [0.9365445225790053, 0.23684210526315788] and parameters: {'psi': 0.979140990313593}.
[I 2025-08-09 18:54:18,744] Trial 249 finished with values: [0.9307324409048547, 0.24283305227655985] and parameters: {'psi': 0.8888166250139584}.
[I 2025-08-09 18:54:24,118] Trial 250 finished with values: [0.9430915868846903, 0.23376623376623376] and parameters: {'psi': 0.4473629729236961}.
[I 2025-08-09 18:54:29,505] Trial 251 finished with values: [0.9430958230958231, 0.23376623376623376] and parameters: {'psi': 0.44611134109985073}.
[I 2025-08-09 18:54:34,860] Trial 252 finished with values: [0.9309535711259851, 0.24027072758037224] and parameters: {'psi': 0.8803280844701764}.
[I 2025-08-09 18:54:40,228] Trial 253 finished with values: [0.9418622384139625, 0.23452768729641693] and parameters: {'psi': 0.5573714869007862}.
[I 2025-08-09 18:54:45,696] Trial 254 finished with values: [0.94497415911209, 0.23434991974317818] and parameters: {'psi': 0.09393262278532277}.
[I 2025-08-09 18:54:51,083] Trial 255 finished with values: [0.944964839447598, 0.2358642972536349] and parameters: {'psi': 0.14334745180039332}.
[I 2025-08-09 18:54:56,443] Trial 256 finished with values: [0.9449932220621875, 0.23510466988727857] and parameters: {'psi': 0.1283227073432972}.
[I 2025-08-09 18:55:01,819] Trial 257 finished with values: [0.9422930610861645, 0.23491027732463296] and parameters: {'psi': 0.5283809185096912}.
[I 2025-08-09 18:55:07,185] Trial 258 finished with values: [0.9443777005845971, 0.23739837398373984] and parameters: {'psi': 0.2569373023610457}.
[I 2025-08-09 18:55:12,551] Trial 259 finished with values: [0.9348885876472083, 0.24356775300171526] and parameters: {'psi': 0.8021335177833254}.
[I 2025-08-09 18:55:17,938] Trial 260 finished with values: [0.9387215114801322, 0.23841059602649006] and parameters: {'psi': 0.6874865902860302}.
[I 2025-08-09 18:55:23,287] Trial 261 finished with values: [0.9435041938490214, 0.237012987012987] and parameters: {'psi': 0.3907765092111858}.
[I 2025-08-09 18:55:28,679] Trial 262 finished with values: [0.9305524019317122, 0.24161073825503357] and parameters: {'psi': 0.9018030458531013}.
[I 2025-08-09 18:55:34,061] Trial 263 finished with values: [0.9359857663305939, 0.24315068493150685] and parameters: {'psi': 0.7757044951747285}.
[I 2025-08-09 18:55:39,446] Trial 264 finished with values: [0.9403117851393713, 0.23491027732463296] and parameters: {'psi': 0.6298381008273131}.
[I 2025-08-09 18:55:44,793] Trial 265 finished with values: [0.9444009997458274, 0.2347266881028939] and parameters: {'psi': 0.050804854010371714}.
[I 2025-08-09 18:55:50,173] Trial 266 finished with values: [0.9440515123273744, 0.23778501628664495] and parameters: {'psi': 0.3127279137166392}.
[I 2025-08-09 18:55:55,543] Trial 267 finished with values: [0.9435546047615013, 0.237012987012987] and parameters: {'psi': 0.38114731747058095}.
[I 2025-08-09 18:56:00,918] Trial 268 finished with values: [0.944963144963145, 0.23434991974317818] and parameters: {'psi': 0.08892506039716053}.
[I 2025-08-09 18:56:06,281] Trial 269 finished with values: [0.9449762772176566, 0.23548387096774193] and parameters: {'psi': 0.13976774797984537}.
[I 2025-08-09 18:56:11,631] Trial 270 finished with values: [0.944989409472168, 0.23434991974317818] and parameters: {'psi': 0.10817926174533699}.
[I 2025-08-09 18:56:17,015] Trial 271 finished with values: [0.939943234770821, 0.23529411764705882] and parameters: {'psi': 0.643759523904203}.
[I 2025-08-09 18:56:22,393] Trial 272 finished with values: [0.9447898839278148, 0.23434991974317818] and parameters: {'psi': 0.06947021403519271}.
[I 2025-08-09 18:56:27,777] Trial 273 finished with values: [0.9391955435058884, 0.2372322899505766] and parameters: {'psi': 0.6713722383486859}.
[I 2025-08-09 18:56:33,145] Trial 274 finished with values: [0.9383800728628314, 0.24040066777963273] and parameters: {'psi': 0.6987174466934053}.
[I 2025-08-09 18:56:38,507] Trial 275 finished with values: [0.9411903753283064, 0.23452768729641693] and parameters: {'psi': 0.5913941155878382}.
[I 2025-08-09 18:56:43,877] Trial 276 finished with values: [0.9321964754723374, 0.23920265780730898] and parameters: {'psi': 0.9404038040477137}.
[I 2025-08-09 18:56:49,233] Trial 277 finished with values: [0.9320168601203084, 0.24108658743633277] and parameters: {'psi': 0.8502531123116498}.
[I 2025-08-09 18:56:54,623] Trial 278 finished with values: [0.9412073201728374, 0.23452768729641693] and parameters: {'psi': 0.5904750480523934}.
[I 2025-08-09 18:56:59,980] Trial 279 finished with values: [0.9431966449207828, 0.237012987012987] and parameters: {'psi': 0.4346040284082101}.
[I 2025-08-09 18:57:05,342] Trial 280 finished with values: [0.9445912056256883, 0.237012987012987] and parameters: {'psi': 0.22034384174350075}.
[I 2025-08-09 18:57:10,703] Trial 281 finished with values: [0.9343997288824875, 0.24315068493150685] and parameters: {'psi': 0.8116832902005802}.
[I 2025-08-09 18:57:16,095] Trial 282 finished with values: [0.9448038634245529, 0.2358642972536349] and parameters: {'psi': 0.18623265231833286}.
[I 2025-08-09 18:57:21,468] Trial 283 finished with values: [0.9413877827670931, 0.23452768729641693] and parameters: {'psi': 0.5820560197188662}.
[I 2025-08-09 18:57:26,827] Trial 284 finished with values: [0.9437630263492331, 0.2366288492706645] and parameters: {'psi': 0.3526108791786463}.
[I 2025-08-09 18:57:32,214] Trial 285 finished with values: [0.9378450393967636, 0.24201680672268908] and parameters: {'psi': 0.7154635589644156}.
[I 2025-08-09 18:57:37,578] Trial 286 finished with values: [0.9318249597559942, 0.24149659863945577] and parameters: {'psi': 0.8541594594546555}.
[I 2025-08-09 18:57:42,940] Trial 287 finished with values: [0.9418893501652122, 0.23452768729641693] and parameters: {'psi': 0.5556934816524153}.
[I 2025-08-09 18:57:48,314] Trial 288 finished with values: [0.9359395916292468, 0.24315068493150685] and parameters: {'psi': 0.7771438139439463}.
[I 2025-08-09 18:57:53,667] Trial 289 finished with values: [0.9445810387189698, 0.237012987012987] and parameters: {'psi': 0.22206638563822023}.
[I 2025-08-09 18:57:59,024] Trial 290 finished with values: [0.9436888926544098, 0.2366288492706645] and parameters: {'psi': 0.36192775331313964}.
[I 2025-08-09 18:58:04,390] Trial 291 finished with values: [0.9311941879183259, 0.24027072758037224] and parameters: {'psi': 0.8718933904209888}.
[I 2025-08-09 18:58:09,749] Trial 292 finished with values: [0.9308612217232907, 0.23960066555740434] and parameters: {'psi': 0.918930972963446}.
[I 2025-08-09 18:58:15,099] Trial 293 finished with values: [0.944371346267898, 0.23510466988727857] and parameters: {'psi': 0.04969939689853908}.
[I 2025-08-09 18:58:20,461] Trial 294 finished with values: [0.9318190290604085, 0.24149659863945577] and parameters: {'psi': 0.8543027039291097}.
[I 2025-08-09 18:58:25,848] Trial 295 finished with values: [0.9337261713123782, 0.24273504273504273] and parameters: {'psi': 0.823013212910106}.
[I 2025-08-09 18:58:31,236] Trial 296 finished with values: [0.9446318732525629, 0.2366288492706645] and parameters: {'psi': 0.21448626646840718}.
[I 2025-08-09 18:58:36,603] Trial 297 finished with values: [0.9429996611031094, 0.23414634146341465] and parameters: {'psi': 0.45907514115465997}.
[I 2025-08-09 18:58:41,955] Trial 298 finished with values: [0.9441514869101076, 0.23778501628664495] and parameters: {'psi': 0.2975835410664769}.
