[I 2025-08-09 18:32:01,346] Trial 0 finished with values: [0.9434656443277132, 0.237012987012987] and parameters: {'psi': 0.39562115699689426}.
[I 2025-08-09 18:32:06,806] Trial 1 finished with values: [0.9440227060916717, 0.23739837398373984] and parameters: {'psi': 0.3164931588113583}.
[I 2025-08-09 18:32:12,169] Trial 2 finished with values: [0.9448873167838686, 0.2358642972536349] and parameters: {'psi': 0.16780943429137352}.
[I 2025-08-09 18:32:17,549] Trial 3 finished with values: [0.9397615013132256, 0.23491027732463296] and parameters: {'psi': 0.6503118442970942}.
[I 2025-08-09 18:32:22,900] Trial 4 finished with values: [0.9428954503092436, 0.23452768729641693] and parameters: {'psi': 0.4717692694978537}.
[I 2025-08-09 18:32:28,263] Trial 5 finished with values: [0.9388405490129628, 0.2318840579710145] and parameters: {'psi': 0.013128176931460733}.
[I 2025-08-09 18:32:33,620] Trial 6 finished with values: [0.9446911802084215, 0.23624595469255663] and parameters: {'psi': 0.204699920010458}.
[I 2025-08-09 18:32:38,970] Trial 7 finished with values: [0.9395856985512158, 0.23567921440261866] and parameters: {'psi': 0.6568049480129042}.
[I 2025-08-09 18:32:44,324] Trial 8 finished with values: [0.9444598830805727, 0.237012987012987] and parameters: {'psi': 0.24370883580069724}.
[I 2025-08-09 18:32:49,668] Trial 9 finished with values: [0.944665762941625, 0.2347266881028939] and parameters: {'psi': 0.06172229171355892}.
[I 2025-08-09 18:32:55,026] Trial 10 finished with values: [0.9374561552147759, 0.24283305227655985] and parameters: {'psi': 0.7280559822189803}.
[I 2025-08-09 18:33:00,379] Trial 11 finished with values: [0.9449906803355079, 0.2347266881028939] and parameters: {'psi': 0.11585543460323422}.
[I 2025-08-09 18:33:05,762] Trial 12 finished with values: [0.9426395831568245, 0.23491027732463296] and parameters: {'psi': 0.4984643618796798}.
[I 2025-08-09 18:33:11,129] Trial 13 finished with values: [0.9418851139540794, 0.23452768729641693] and parameters: {'psi': 0.5560452094455983}.
[I 2025-08-09 18:33:16,495] Trial 14 finished with values: [0.9449051088706261, 0.23434991974317818] and parameters: {'psi': 0.08119969977803232}.
[I 2025-08-09 18:33:21,843] Trial 15 finished with values: [0.9440561721596203, 0.23778501628664495] and parameters: {'psi': 0.3122368150037347}.
[I 2025-08-09 18:33:27,199] Trial 16 finished with values: [0.9428382614589511, 0.2347266881028939] and parameters: {'psi': 0.02794891893383744}.
[I 2025-08-09 18:33:32,550] Trial 17 finished with values: [0.9428581716512751, 0.23452768729641693] and parameters: {'psi': 0.47560107658899653}.
[I 2025-08-09 18:33:37,910] Trial 18 finished with values: [0.9385046174701347, 0.23960066555740434] and parameters: {'psi': 0.6948089961142527}.
[I 2025-08-09 18:33:43,287] Trial 19 finished with values: [0.944779293399983, 0.2358642972536349] and parameters: {'psi': 0.19113579353865384}.
[I 2025-08-09 18:33:48,623] Trial 20 finished with values: [0.9448343641447089, 0.23434991974317818] and parameters: {'psi': 0.07301960285638898}.
[I 2025-08-09 18:33:53,997] Trial 21 finished with values: [0.9450046598322459, 0.2347266881028939] and parameters: {'psi': 0.1211644131042029}.
[I 2025-08-09 18:33:59,377] Trial 22 finished with values: [0.9449970346522071, 0.2347266881028939] and parameters: {'psi': 0.11766610603757166}.
[I 2025-08-09 18:34:04,757] Trial 23 finished with values: [0.944983055155469, 0.23510466988727857] and parameters: {'psi': 0.13368321231624491}.
[I 2025-08-09 18:34:10,108] Trial 24 finished with values: [0.9445814623400831, 0.237012987012987] and parameters: {'psi': 0.2219481924003982}.
[I 2025-08-09 18:34:15,453] Trial 25 finished with values: [0.93064263322884, 0.24242424242424243] and parameters: {'psi': 0.8930551602225918}.
[I 2025-08-09 18:34:20,845] Trial 26 finished with values: [0.944234940269423, 0.23739837398373984] and parameters: {'psi': 0.2827038924526921}.
[I 2025-08-09 18:34:26,207] Trial 27 finished with values: [0.9419850885368127, 0.23491027732463296] and parameters: {'psi': 0.5493579284751988}.
[I 2025-08-09 18:34:31,586] Trial 28 finished with values: [0.9449894094721681, 0.2347266881028939] and parameters: {'psi': 0.11332998074295075}.
[I 2025-08-09 18:34:36,970] Trial 29 finished with values: [0.9398343641447089, 0.23491027732463296] and parameters: {'psi': 0.647840899045291}.
[I 2025-08-09 18:34:42,362] Trial 30 finished with values: [0.9311103109378972, 0.24027072758037224] and parameters: {'psi': 0.8743476580074443}.
[I 2025-08-09 18:34:47,720] Trial 31 finished with values: [0.9417592984834365, 0.23491027732463296] and parameters: {'psi': 0.5627603543697398}.
[I 2025-08-09 18:34:53,071] Trial 32 finished with values: [0.9447869185800221, 0.2347266881028939] and parameters: {'psi': 0.06871626472485493}.
[I 2025-08-09 18:34:58,427] Trial 33 finished with values: [0.9305532491739389, 0.24120603015075376] and parameters: {'psi': 0.9029978469637369}.
[I 2025-08-09 18:35:03,782] Trial 34 finished with values: [0.9440108447004999, 0.23739837398373984] and parameters: {'psi': 0.31891545623024364}.
[I 2025-08-09 18:35:09,138] Trial 35 finished with values: [0.9442235024993646, 0.23739837398373984] and parameters: {'psi': 0.28439564567489106}.
[I 2025-08-09 18:35:14,497] Trial 36 finished with values: [0.9440193171227654, 0.23739837398373984] and parameters: {'psi': 0.31719493312196845}.
[I 2025-08-09 18:35:19,857] Trial 37 finished with values: [0.9445302041853766, 0.237012987012987] and parameters: {'psi': 0.2314852574019538}.
[I 2025-08-09 18:35:25,211] Trial 38 finished with values: [0.9448881640260951, 0.2358642972536349] and parameters: {'psi': 0.169899961006872}.
[I 2025-08-09 18:35:30,568] Trial 39 finished with values: [0.9436672879776328, 0.23548387096774193] and parameters: {'psi': 0.035507752867191655}.
[I 2025-08-09 18:35:35,917] Trial 40 finished with values: [0.9354130305854443, 0.24356775300171526] and parameters: {'psi': 0.7905064886040462}.
[I 2025-08-09 18:35:41,258] Trial 41 finished with values: [0.9446530543082267, 0.23624595469255663] and parameters: {'psi': 0.2105829456867937}.
[I 2025-08-09 18:35:46,604] Trial 42 finished with values: [0.9433144115902737, 0.237012987012987] and parameters: {'psi': 0.41790009934251715}.
[I 2025-08-09 18:35:51,962] Trial 43 finished with values: [0.9426200965856137, 0.23491027732463296] and parameters: {'psi': 0.5010430073706172}.
[I 2025-08-09 18:35:57,319] Trial 44 finished with values: [0.9386024739473015, 0.23567921440261866] and parameters: {'psi': 0.9959360814529188}.
[I 2025-08-09 18:36:02,679] Trial 45 finished with values: [0.9310933660933661, 0.23960066555740434] and parameters: {'psi': 0.9237299001485711}.
[I 2025-08-09 18:36:08,018] Trial 46 finished with values: [0.9380432940777769, 0.24201680672268908] and parameters: {'psi': 0.7094050145675171}.
[I 2025-08-09 18:36:13,368] Trial 47 finished with values: [0.9336550029653479, 0.24273504273504273] and parameters: {'psi': 0.8240985790884454}.
[I 2025-08-09 18:36:18,732] Trial 48 finished with values: [0.9306138269931373, 0.24201680672268908] and parameters: {'psi': 0.8953250535857443}.
[I 2025-08-09 18:36:24,088] Trial 49 finished with values: [0.944284080318563, 0.23739837398373984] and parameters: {'psi': 0.2722283923382297}.
[I 2025-08-09 18:36:29,437] Trial 50 finished with values: [0.9362060493094976, 0.24149659863945577] and parameters: {'psi': 0.7683046342009414}.
[I 2025-08-09 18:36:34,795] Trial 51 finished with values: [0.9399881386088282, 0.2347266881028939] and parameters: {'psi': 0.015352527781815506}.
[I 2025-08-09 18:36:40,134] Trial 52 finished with values: [0.9446094213335593, 0.23510466988727857] and parameters: {'psi': 0.05871459366479226}.
[I 2025-08-09 18:36:45,600] Trial 53 finished with values: [0.9426895704481911, 0.23491027732463296] and parameters: {'psi': 0.49380036196596455}.
[I 2025-08-09 18:36:50,949] Trial 54 finished with values: [0.9383059391680083, 0.23567921440261866] and parameters: {'psi': 0.9935419191428697}.
[I 2025-08-09 18:36:56,319] Trial 55 finished with values: [0.9444751334406507, 0.237012987012987] and parameters: {'psi': 0.24155951515498697}.
[I 2025-08-09 18:37:01,675] Trial 56 finished with values: [0.9377171058205541, 0.24324324324324326] and parameters: {'psi': 0.7197157356032282}.
[I 2025-08-09 18:37:07,017] Trial 57 finished with values: [0.9430492247733626, 0.23376623376623376] and parameters: {'psi': 0.4531595855697309}.
[I 2025-08-09 18:37:12,381] Trial 58 finished with values: [0.9367698890112683, 0.24067796610169492] and parameters: {'psi': 0.7496252569923153}.
[I 2025-08-09 18:37:17,747] Trial 59 finished with values: [0.9319537405744303, 0.24149659863945577] and parameters: {'psi': 0.8516878235243404}.
[I 2025-08-09 18:37:23,101] Trial 60 finished with values: [0.9335194442090994, 0.24273504273504273] and parameters: {'psi': 0.8261558753582268}.
[I 2025-08-09 18:37:28,480] Trial 61 finished with values: [0.9410281284419215, 0.23414634146341465] and parameters: {'psi': 0.5989680133862721}.
[I 2025-08-09 18:37:33,832] Trial 62 finished with values: [0.9436376344997034, 0.2366288492706645] and parameters: {'psi': 0.3696938863617807}.
[I 2025-08-09 18:37:39,192] Trial 63 finished with values: [0.9391625010590527, 0.2372322899505766] and parameters: {'psi': 0.6725532454670594}.
[I 2025-08-09 18:37:44,541] Trial 64 finished with values: [0.9423320342285859, 0.23491027732463296] and parameters: {'psi': 0.525227312880381}.
[I 2025-08-09 18:37:49,918] Trial 65 finished with values: [0.9361264085402017, 0.24190800681431004] and parameters: {'psi': 0.7709088873242889}.
[I 2025-08-09 18:37:55,266] Trial 66 finished with values: [0.9421952046089977, 0.23491027732463296] and parameters: {'psi': 0.535697325434768}.
[I 2025-08-09 18:38:00,621] Trial 67 finished with values: [0.940605778191985, 0.23452768729641693] and parameters: {'psi': 0.6167208142766984}.
[I 2025-08-09 18:38:05,970] Trial 68 finished with values: [0.9392955180886214, 0.23684210526315788] and parameters: {'psi': 0.6682032440893114}.
[I 2025-08-09 18:38:11,319] Trial 69 finished with values: [0.9417855629924595, 0.23491027732463296] and parameters: {'psi': 0.5612132172155108}.
[I 2025-08-09 18:38:16,692] Trial 70 finished with values: [0.9335503685503685, 0.24273504273504273] and parameters: {'psi': 0.8257047600763242}.
[I 2025-08-09 18:38:22,033] Trial 71 finished with values: [0.9436109463695671, 0.2366288492706645] and parameters: {'psi': 0.3731546574407758}.
[I 2025-08-09 18:38:27,360] Trial 72 finished with values: [0.9447729390832839, 0.2347266881028939] and parameters: {'psi': 0.06774486129829327}.
[I 2025-08-09 18:38:32,727] Trial 73 finished with values: [0.939589087520122, 0.23567921440261866] and parameters: {'psi': 0.6566143083266803}.
[I 2025-08-09 18:38:38,087] Trial 74 finished with values: [0.9435435906125561, 0.237012987012987] and parameters: {'psi': 0.3836162959749633}.
[I 2025-08-09 18:38:43,443] Trial 75 finished with values: [0.9365851902058799, 0.23684210526315788] and parameters: {'psi': 0.9795045861061938}.
[I 2025-08-09 18:38:48,795] Trial 76 finished with values: [0.9383991358129288, 0.24] and parameters: {'psi': 0.6980350370474336}.
[I 2025-08-09 18:38:54,147] Trial 77 finished with values: [0.9357612471405575, 0.2376237623762376] and parameters: {'psi': 0.9728444926185644}.
[I 2025-08-09 18:38:59,500] Trial 78 finished with values: [0.944484876726256, 0.2347266881028939] and parameters: {'psi': 0.05397019156398686}.
[I 2025-08-09 18:39:04,880] Trial 79 finished with values: [0.940274506481403, 0.23491027732463296] and parameters: {'psi': 0.6311852204783275}.
[I 2025-08-09 18:39:10,239] Trial 80 finished with values: [0.9439489960179616, 0.23739837398373984] and parameters: {'psi': 0.3269873625277492}.
[I 2025-08-09 18:39:15,603] Trial 81 finished with values: [0.944734813183089, 0.2358642972536349] and parameters: {'psi': 0.1985005773765044}.
[I 2025-08-09 18:39:20,955] Trial 82 finished with values: [0.9449051088706261, 0.2358642972536349] and parameters: {'psi': 0.1619007084048838}.
[I 2025-08-09 18:39:26,306] Trial 83 finished with values: [0.9445890875201219, 0.237012987012987] and parameters: {'psi': 0.22069364536326674}.
[I 2025-08-09 18:39:31,653] Trial 84 finished with values: [0.9344031178513938, 0.24315068493150685] and parameters: {'psi': 0.8115964634186568}.
[I 2025-08-09 18:39:37,005] Trial 85 finished with values: [0.930962890790477, 0.24027072758037224] and parameters: {'psi': 0.8791749395958783}.
[I 2025-08-09 18:39:42,351] Trial 86 finished with values: [0.9448076760145725, 0.2358642972536349] and parameters: {'psi': 0.1858118052847394}.
[I 2025-08-09 18:39:47,725] Trial 87 finished with values: [0.9449012962806067, 0.2358642972536349] and parameters: {'psi': 0.16504414481588214}.
[I 2025-08-09 18:39:53,103] Trial 88 finished with values: [0.9386134880962467, 0.23567921440261866] and parameters: {'psi': 0.996014566040571}.
[I 2025-08-09 18:39:58,458] Trial 89 finished with values: [0.944788613064475, 0.2358642972536349] and parameters: {'psi': 0.18904826463548552}.
[I 2025-08-09 18:40:03,817] Trial 90 finished with values: [0.9445005507074472, 0.23510466988727857] and parameters: {'psi': 0.05458732586498227}.
[I 2025-08-09 18:40:09,164] Trial 91 finished with values: [0.944742438363128, 0.2358642972536349] and parameters: {'psi': 0.1975631758075832}.
[I 2025-08-09 18:40:14,512] Trial 92 finished with values: [0.9419562823011098, 0.23491027732463296] and parameters: {'psi': 0.5515829613679896}.
[I 2025-08-09 18:40:19,880] Trial 93 finished with values: [0.9446560196560195, 0.23624595469255663] and parameters: {'psi': 0.21013780925676218}.
[I 2025-08-09 18:40:25,239] Trial 94 finished with values: [0.9375692620520205, 0.24242424242424243] and parameters: {'psi': 0.7244182529870448}.
[I 2025-08-09 18:40:30,598] Trial 95 finished with values: [0.9449894094721681, 0.2347266881028939] and parameters: {'psi': 0.11561030671192551}.
[I 2025-08-09 18:40:35,969] Trial 96 finished with values: [0.937488774040498, 0.24242424242424243] and parameters: {'psi': 0.7273536012472664}.
[I 2025-08-09 18:40:41,334] Trial 97 finished with values: [0.9444869948318223, 0.237012987012987] and parameters: {'psi': 0.24052600572606497}.
[I 2025-08-09 18:40:46,699] Trial 98 finished with values: [0.9313322884012538, 0.24067796610169492] and parameters: {'psi': 0.8674797497287996}.
[I 2025-08-09 18:40:52,088] Trial 99 finished with values: [0.9380432940777769, 0.23567921440261866] and parameters: {'psi': 0.9913225626906984}.
[I 2025-08-09 18:40:57,445] Trial 100 finished with values: [0.9448047106667796, 0.2358642972536349] and parameters: {'psi': 0.186198433368838}.
[I 2025-08-09 18:41:02,838] Trial 101 finished with values: [0.94155934931797, 0.23434991974317818] and parameters: {'psi': 0.0203791937579052}.
[I 2025-08-09 18:41:08,305] Trial 102 finished with values: [0.9420859103617724, 0.23491027732463296] and parameters: {'psi': 0.5435147690282484}.
[I 2025-08-09 18:41:13,666] Trial 103 finished with values: [0.9326268745234262, 0.23076923076923078] and parameters: {'psi': 0.006996971158999776}.
[I 2025-08-09 18:41:19,043] Trial 104 finished with values: [0.9429043463526222, 0.23452768729641693] and parameters: {'psi': 0.4707431788311748}.
[I 2025-08-09 18:41:24,406] Trial 105 finished with values: [0.9305875624841141, 0.24201680672268908] and parameters: {'psi': 0.8975305480120361}.
[I 2025-08-09 18:41:29,800] Trial 106 finished with values: [0.9438697788697789, 0.237012987012987] and parameters: {'psi': 0.3385505368788382}.
[I 2025-08-09 18:41:35,177] Trial 107 finished with values: [0.9373388121663984, 0.24324324324324326] and parameters: {'psi': 0.7316742143864635}.
[I 2025-08-09 18:41:40,552] Trial 108 finished with values: [0.9431542828094552, 0.237012987012987] and parameters: {'psi': 0.43998345378858206}.
[I 2025-08-09 18:41:45,946] Trial 109 finished with values: [0.9435334237058375, 0.237012987012987] and parameters: {'psi': 0.38593815696902345}.
[I 2025-08-09 18:41:51,328] Trial 110 finished with values: [0.9438549521308142, 0.237012987012987] and parameters: {'psi': 0.3403661465600265}.
[I 2025-08-09 18:41:56,722] Trial 111 finished with values: [0.9323684656443276, 0.24149659863945577] and parameters: {'psi': 0.8434837511868538}.
[I 2025-08-09 18:42:02,120] Trial 112 finished with values: [0.9429865288485979, 0.23452768729641693] and parameters: {'psi': 0.46064910722543184}.
[I 2025-08-09 18:42:07,469] Trial 113 finished with values: [0.9307324409048546, 0.24040066777963273] and parameters: {'psi': 0.9148358269659442}.
[I 2025-08-09 18:42:12,839] Trial 114 finished with values: [0.9432093535541811, 0.237012987012987] and parameters: {'psi': 0.4331014271703958}.
[I 2025-08-09 18:42:18,202] Trial 115 finished with values: [0.9424637803948148, 0.23491027732463296] and parameters: {'psi': 0.5150777478619291}.
[I 2025-08-09 18:42:23,577] Trial 116 finished with values: [0.9449834787765823, 0.23510466988727857] and parameters: {'psi': 0.13335029647161045}.
[I 2025-08-09 18:42:28,959] Trial 117 finished with values: [0.9441277641277641, 0.23817292006525284] and parameters: {'psi': 0.30231310491754537}.
[I 2025-08-09 18:42:34,331] Trial 118 finished with values: [0.9448072523934592, 0.2358642972536349] and parameters: {'psi': 0.1858701271996236}.
[I 2025-08-09 18:42:39,721] Trial 119 finished with values: [0.9361891044649665, 0.24190800681431004] and parameters: {'psi': 0.7688222233190679}.
[I 2025-08-09 18:42:45,085] Trial 120 finished with values: [0.9440883673642295, 0.23817292006525284] and parameters: {'psi': 0.30708888578468685}.
[I 2025-08-09 18:42:50,481] Trial 121 finished with values: [0.9397187155807846, 0.23529411764705882] and parameters: {'psi': 0.6519110408551931}.
[I 2025-08-09 18:42:55,869] Trial 122 finished with values: [0.9435668897737863, 0.237012987012987] and parameters: {'psi': 0.379336815811663}.
[I 2025-08-09 18:43:01,254] Trial 123 finished with values: [0.9353918495297805, 0.24356775300171526] and parameters: {'psi': 0.791155509769589}.
[I 2025-08-09 18:43:06,647] Trial 124 finished with values: [0.9354126069643312, 0.24356775300171526] and parameters: {'psi': 0.79051158136322}.
[I 2025-08-09 18:43:12,035] Trial 125 finished with values: [0.9371473354231975, 0.23645320197044334] and parameters: {'psi': 0.9837626630467545}.
[I 2025-08-09 18:43:17,399] Trial 126 finished with values: [0.9427048208082691, 0.23491027732463296] and parameters: {'psi': 0.49211256899700484}.
[I 2025-08-09 18:43:22,747] Trial 127 finished with values: [0.9103147504871644, 0.21806853582554517] and parameters: {'psi': 0.002101483785681868}.
[I 2025-08-09 18:43:28,113] Trial 128 finished with values: [0.9410658307210031, 0.23414634146341465] and parameters: {'psi': 0.5976229305953968}.
[I 2025-08-09 18:43:33,491] Trial 129 finished with values: [0.9433855799373041, 0.237012987012987] and parameters: {'psi': 0.40557898649228996}.
[I 2025-08-09 18:43:38,868] Trial 130 finished with values: [0.930622723036516, 0.24242424242424243] and parameters: {'psi': 0.8943934054389532}.
[I 2025-08-09 18:43:44,249] Trial 131 finished with values: [0.9449898330932813, 0.23434991974317818] and parameters: {'psi': 0.10950612068991739}.
[I 2025-08-09 18:43:49,606] Trial 132 finished with values: [0.9427954757265101, 0.23491027732463296] and parameters: {'psi': 0.48224765325116536}.
[I 2025-08-09 18:43:54,973] Trial 133 finished with values: [0.9430293145810387, 0.23414634146341465] and parameters: {'psi': 0.4557742800390623}.
[I 2025-08-09 18:44:00,334] Trial 134 finished with values: [0.9437710751503855, 0.237012987012987] and parameters: {'psi': 0.3510659087367075}.
[I 2025-08-09 18:44:05,718] Trial 135 finished with values: [0.9418838430907397, 0.23452768729641693] and parameters: {'psi': 0.5561585518815414}.
[I 2025-08-09 18:44:11,091] Trial 136 finished with values: [0.9450021181055663, 0.2347266881028939] and parameters: {'psi': 0.12256212973426306}.
[I 2025-08-09 18:44:16,477] Trial 137 finished with values: [0.9363962551893587, 0.24108658743633277] and parameters: {'psi': 0.76191291383256}.
[I 2025-08-09 18:44:21,863] Trial 138 finished with values: [0.9305515546894858, 0.24161073825503357] and parameters: {'psi': 0.9011645303433024}.
[I 2025-08-09 18:44:27,244] Trial 139 finished with values: [0.9449512835719732, 0.2358642972536349] and parameters: {'psi': 0.15089006178501352}.
[I 2025-08-09 18:44:32,605] Trial 140 finished with values: [0.9431580953994747, 0.237012987012987] and parameters: {'psi': 0.43956901218154854}.
[I 2025-08-09 18:44:37,989] Trial 141 finished with values: [0.9412784885198678, 0.23452768729641693] and parameters: {'psi': 0.5869024848560146}.
[I 2025-08-09 18:44:43,363] Trial 142 finished with values: [0.9408857917478607, 0.23414634146341465] and parameters: {'psi': 0.6047043527383277}.
[I 2025-08-09 18:44:48,761] Trial 143 finished with values: [0.9442959417097347, 0.23739837398373984] and parameters: {'psi': 0.26989935332749715}.
[I 2025-08-09 18:44:54,148] Trial 144 finished with values: [0.9445395238498686, 0.237012987012987] and parameters: {'psi': 0.2291480601232886}.
[I 2025-08-09 18:44:59,517] Trial 145 finished with values: [0.9439320511734305, 0.23739837398373984] and parameters: {'psi': 0.32945288535627226}.
[I 2025-08-09 18:45:04,883] Trial 146 finished with values: [0.9366034059137507, 0.23684210526315788] and parameters: {'psi': 0.9796031104158944}.
[I 2025-08-09 18:45:10,270] Trial 147 finished with values: [0.9371854613233923, 0.2436548223350254] and parameters: {'psi': 0.7367867094507428}.
[I 2025-08-09 18:45:15,665] Trial 148 finished with values: [0.9356756756756756, 0.24398625429553264] and parameters: {'psi': 0.7845764457435843}.
[I 2025-08-09 18:45:21,050] Trial 149 finished with values: [0.9394039650936205, 0.2360655737704918] and parameters: {'psi': 0.6640054374774228}.
