[I 2025-08-09 18:58:16,493] Trial 300 finished with values: [0.7865055973666275, 0.34791252485089463] and parameters: {'psi': 0.6515657878718821}.
[I 2025-08-09 18:58:21,740] Trial 301 finished with values: [0.7881385251567311, 0.3485148514851485] and parameters: {'psi': 0.4803277632426225}.
[I 2025-08-09 18:58:26,980] Trial 302 finished with values: [0.7860022331462712, 0.3482587064676617] and parameters: {'psi': 0.6799208611047785}.
[I 2025-08-09 18:58:32,224] Trial 303 finished with values: [0.7874896680732587, 0.3472222222222222] and parameters: {'psi': 0.5732110175371343}.
[I 2025-08-09 18:58:37,584] Trial 304 finished with values: [0.7891881522406385, 0.3460410557184751] and parameters: {'psi': 0.16810157818060134}.
[I 2025-08-09 18:58:42,832] Trial 305 finished with values: [0.7891275503545482, 0.34739941118743867] and parameters: {'psi': 0.2527670496379132}.
[I 2025-08-09 18:58:48,080] Trial 306 finished with values: [0.7887230342754117, 0.34782608695652173] and parameters: {'psi': 0.3665103059551199}.
[I 2025-08-09 18:58:53,324] Trial 307 finished with values: [0.784453592126951, 0.3489531405782652] and parameters: {'psi': 0.7480645128917295}.
[I 2025-08-09 18:58:58,576] Trial 308 finished with values: [0.7817422166151884, 0.35014836795252224] and parameters: {'psi': 0.9795940286452991}.
[I 2025-08-09 18:59:03,825] Trial 309 finished with values: [0.7827042942146045, 0.34945705824284307] and parameters: {'psi': 0.995298353026518}.
[I 2025-08-09 18:59:09,075] Trial 310 finished with values: [0.7892039220235593, 0.34637964774951074] and parameters: {'psi': 0.19674487995965872}.
[I 2025-08-09 18:59:14,325] Trial 311 finished with values: [0.786831506213657, 0.34756703078450846] and parameters: {'psi': 0.6299784546848558}.
[I 2025-08-09 18:59:19,581] Trial 312 finished with values: [0.78234865842046, 0.3472222222222222] and parameters: {'psi': 0.8177517198515659}.
[I 2025-08-09 18:59:24,831] Trial 313 finished with values: [0.7874077981274439, 0.3472222222222222] and parameters: {'psi': 0.5819956770755262}.
[I 2025-08-09 18:59:30,088] Trial 314 finished with values: [0.7873960765263458, 0.3431372549019608] and parameters: {'psi': 0.052055121159586326}.
[I 2025-08-09 18:59:35,353] Trial 315 finished with values: [0.7891761285364193, 0.3460410557184751] and parameters: {'psi': 0.15460604451116877}.
[I 2025-08-09 18:59:40,607] Trial 316 finished with values: [0.7881826322124098, 0.3485148514851485] and parameters: {'psi': 0.47252930160020545}.
[I 2025-08-09 18:59:45,865] Trial 317 finished with values: [0.7891779411551458, 0.346718903036239] and parameters: {'psi': 0.22565520438012054}.
[I 2025-08-09 18:59:51,119] Trial 318 finished with values: [0.7877445222662085, 0.3468780971258672] and parameters: {'psi': 0.5424014685473978}.
[I 2025-08-09 18:59:56,365] Trial 319 finished with values: [0.7809433955424081, 0.3508424182358771] and parameters: {'psi': 0.9634152988202002}.
[I 2025-08-09 19:00:01,632] Trial 320 finished with values: [0.7771343585504851, 0.34421364985163205] and parameters: {'psi': 0.01607111175772602}.
[I 2025-08-09 19:00:06,882] Trial 321 finished with values: [0.7875409047625953, 0.3472222222222222] and parameters: {'psi': 0.5668761421230665}.
[I 2025-08-09 19:00:12,127] Trial 322 finished with values: [0.7883975483727519, 0.34817012858555885] and parameters: {'psi': 0.4336741462257585}.
[I 2025-08-09 19:00:17,396] Trial 323 finished with values: [0.7744569998501569, 0.3445544554455445] and parameters: {'psi': 0.013919756754574575}.
[I 2025-08-09 19:00:22,634] Trial 324 finished with values: [0.7853779672568553, 0.3482587064676617] and parameters: {'psi': 0.7103160600891734}.
[I 2025-08-09 19:00:27,890] Trial 325 finished with values: [0.7781042304104251, 0.34886025768087214] and parameters: {'psi': 0.9056130918087786}.
[I 2025-08-09 19:00:33,153] Trial 326 finished with values: [0.7780821164619616, 0.3492063492063492] and parameters: {'psi': 0.9041655023888749}.
[I 2025-08-09 19:00:38,403] Trial 327 finished with values: [0.7808935485274285, 0.3472222222222222] and parameters: {'psi': 0.845572125674753}.
[I 2025-08-09 19:00:43,654] Trial 328 finished with values: [0.7891983633261312, 0.346718903036239] and parameters: {'psi': 0.21334140350361475}.
[I 2025-08-09 19:00:48,901] Trial 329 finished with values: [0.7827516035633667, 0.34945705824284307] and parameters: {'psi': 0.996021229770966}.
[I 2025-08-09 19:00:54,133] Trial 330 finished with values: [0.7799944292184472, 0.3472222222222222] and parameters: {'psi': 0.8573839637499687}.
[I 2025-08-09 19:00:59,382] Trial 331 finished with values: [0.7891755243301769, 0.346718903036239] and parameters: {'psi': 0.23077190753062105}.
[I 2025-08-09 19:01:04,631] Trial 332 finished with values: [0.7880758085487932, 0.3485148514851485] and parameters: {'psi': 0.49133319300965095}.
[I 2025-08-09 19:01:09,886] Trial 333 finished with values: [0.782445875204826, 0.3435340572556762] and parameters: {'psi': 0.02373693600950899}.
[I 2025-08-09 19:01:15,127] Trial 334 finished with values: [0.7828964317996163, 0.34756703078450846] and parameters: {'psi': 0.802621508906885}.
[I 2025-08-09 19:01:20,384] Trial 335 finished with values: [0.7890549247642387, 0.3477406679764244] and parameters: {'psi': 0.28037335572385813}.
[I 2025-08-09 19:01:25,645] Trial 336 finished with values: [0.7886408622264758, 0.3428011753183154] and parameters: {'psi': 0.0865079518393902}.
[I 2025-08-09 19:01:30,890] Trial 337 finished with values: [0.7826029688277916, 0.3472222222222222] and parameters: {'psi': 0.8110557227434614}.
[I 2025-08-09 19:01:36,130] Trial 338 finished with values: [0.785719222942436, 0.34791252485089463] and parameters: {'psi': 0.6941125206909048}.
[I 2025-08-09 19:01:41,388] Trial 339 finished with values: [0.788267644030684, 0.3428011753183154] and parameters: {'psi': 0.07098628998248857}.
[I 2025-08-09 19:01:46,624] Trial 340 finished with values: [0.7874343832020997, 0.3472222222222222] and parameters: {'psi': 0.5792367046237913}.
[I 2025-08-09 19:01:51,867] Trial 341 finished with values: [0.7886953012088957, 0.34782608695652173] and parameters: {'psi': 0.3742316756967038}.
[I 2025-08-09 19:01:57,107] Trial 342 finished with values: [0.7817552674700193, 0.34756703078450846] and parameters: {'psi': 0.8308498018852151}.
[I 2025-08-09 19:02:02,348] Trial 343 finished with values: [0.7891531686992165, 0.346718903036239] and parameters: {'psi': 0.23913264071416407}.
[I 2025-08-09 19:02:07,590] Trial 344 finished with values: [0.7781787290400856, 0.34955312810327704] and parameters: {'psi': 0.8893755456439378}.
[I 2025-08-09 19:02:12,842] Trial 345 finished with values: [0.7784154570457699, 0.34955312810327704] and parameters: {'psi': 0.8821050575144869}.
[I 2025-08-09 19:02:18,092] Trial 346 finished with values: [0.7831514068338143, 0.34791252485089463] and parameters: {'psi': 0.7945060607509948}.
[I 2025-08-09 19:02:23,343] Trial 347 finished with values: [0.7831444584620292, 0.34791252485089463] and parameters: {'psi': 0.794739994809376}.
[I 2025-08-09 19:02:28,586] Trial 348 finished with values: [0.7819881889763779, 0.3438735177865613] and parameters: {'psi': 0.022721152757127938}.
[I 2025-08-09 19:02:33,826] Trial 349 finished with values: [0.7845294804309683, 0.3489531405782652] and parameters: {'psi': 0.7452365506961723}.
[I 2025-08-09 19:02:39,074] Trial 350 finished with values: [0.7891790287263816, 0.346718903036239] and parameters: {'psi': 0.22507783521313485}.
[I 2025-08-09 19:02:44,310] Trial 351 finished with values: [0.7834890372819421, 0.34791252485089463] and parameters: {'psi': 0.7831828447709435}.
[I 2025-08-09 19:02:49,550] Trial 352 finished with values: [0.7816610717168643, 0.34756703078450846] and parameters: {'psi': 0.8327134551201708}.
[I 2025-08-09 19:02:54,902] Trial 353 finished with values: [0.7888527573556068, 0.3455083909180652] and parameters: {'psi': 0.3378034238199503}.
[I 2025-08-09 19:03:00,142] Trial 354 finished with values: [0.7891804788213628, 0.346718903036239] and parameters: {'psi': 0.22421549131045904}.
[I 2025-08-09 19:03:05,393] Trial 355 finished with values: [0.7890900291469092, 0.345703125] and parameters: {'psi': 0.12708424081968572}.
[I 2025-08-09 19:03:10,633] Trial 356 finished with values: [0.7889529951711838, 0.34876847290640395] and parameters: {'psi': 0.31441488839523835}.
[I 2025-08-09 19:03:15,874] Trial 357 finished with values: [0.7797122649033512, 0.3504950495049505] and parameters: {'psi': 0.9381827805565417}.
[I 2025-08-09 19:03:21,113] Trial 358 finished with values: [0.7870913753184167, 0.34756703078450846] and parameters: {'psi': 0.6110723714830869}.
[I 2025-08-09 19:03:26,362] Trial 359 finished with values: [0.7886116790649788, 0.34782608695652173] and parameters: {'psi': 0.3914548451468345}.
[I 2025-08-09 19:03:31,607] Trial 360 finished with values: [0.7890166785091091, 0.3480825958702065] and parameters: {'psi': 0.29110655980392985}.
[I 2025-08-09 19:03:36,850] Trial 361 finished with values: [0.7840299227099375, 0.34860557768924305] and parameters: {'psi': 0.7636278683935632}.
[I 2025-08-09 19:03:42,086] Trial 362 finished with values: [0.7887944514532368, 0.34619188921859545] and parameters: {'psi': 0.3517068459961685}.
[I 2025-08-09 19:03:47,325] Trial 363 finished with values: [0.788870037654133, 0.3474827245804541] and parameters: {'psi': 0.3328601020242684}.
[I 2025-08-09 19:03:52,564] Trial 364 finished with values: [0.7804381582827008, 0.3472222222222222] and parameters: {'psi': 0.8517044362300488}.
[I 2025-08-09 19:03:57,823] Trial 365 finished with values: [0.7889856827288854, 0.34442270058708413] and parameters: {'psi': 0.11091458524196218}.
[I 2025-08-09 19:04:03,056] Trial 366 finished with values: [0.7856833330916508, 0.34791252485089463] and parameters: {'psi': 0.6958297736951434}.
[I 2025-08-09 19:04:08,297] Trial 367 finished with values: [0.778812360126255, 0.3492063492063492] and parameters: {'psi': 0.8742548517070912}.
[I 2025-08-09 19:04:13,543] Trial 368 finished with values: [0.7825921535360567, 0.3472222222222222] and parameters: {'psi': 0.8113763383366258}.
[I 2025-08-09 19:04:18,781] Trial 369 finished with values: [0.7870296858610906, 0.34756703078450846] and parameters: {'psi': 0.6156654828390474}.
[I 2025-08-09 19:04:24,021] Trial 370 finished with values: [0.7841694339312559, 0.34860557768924305] and parameters: {'psi': 0.7583204068835719}.
[I 2025-08-09 19:04:29,255] Trial 371 finished with values: [0.7885043720363683, 0.34817012858555885] and parameters: {'psi': 0.4138342943843589}.
[I 2025-08-09 19:04:34,499] Trial 372 finished with values: [0.7891892398118744, 0.3460410557184751] and parameters: {'psi': 0.16962068252443896}.
[I 2025-08-09 19:04:39,745] Trial 373 finished with values: [0.7879983493085464, 0.34442270058708413] and parameters: {'psi': 0.06339966184138734}.
[I 2025-08-09 19:04:44,989] Trial 374 finished with values: [0.7888357187395775, 0.3428011753183154] and parameters: {'psi': 0.09855498340077495}.
[I 2025-08-09 19:04:50,239] Trial 375 finished with values: [0.7887295597028272, 0.3428011753183154] and parameters: {'psi': 0.09130560870978943}.
[I 2025-08-09 19:04:55,487] Trial 376 finished with values: [0.7872712475167123, 0.34476003917727716] and parameters: {'psi': 0.05033779785615755}.
[I 2025-08-09 19:05:00,723] Trial 377 finished with values: [0.7889535993774259, 0.34876847290640395] and parameters: {'psi': 0.3143458737857825}.
[I 2025-08-09 19:05:05,950] Trial 378 finished with values: [0.782041540387562, 0.35014836795252224] and parameters: {'psi': 0.9849984002751732}.
[I 2025-08-09 19:05:11,188] Trial 379 finished with values: [0.7880519424022273, 0.3485148514851485] and parameters: {'psi': 0.4950043802317009}.
[I 2025-08-09 19:05:16,434] Trial 380 finished with values: [0.787601929593055, 0.3468780971258672] and parameters: {'psi': 0.5597911466142698}.
[I 2025-08-09 19:05:21,685] Trial 381 finished with values: [0.7892040428648076, 0.34476003917727716] and parameters: {'psi': 0.20677277137520378}.
[I 2025-08-09 19:05:26,923] Trial 382 finished with values: [0.7870531894839113, 0.34756703078450846] and parameters: {'psi': 0.6139983733661051}.
[I 2025-08-09 19:05:32,165] Trial 383 finished with values: [0.7890276146420925, 0.3477406679764244] and parameters: {'psi': 0.2882296156923214}.
[I 2025-08-09 19:05:37,413] Trial 384 finished with values: [0.7892018677223359, 0.34637964774951074] and parameters: {'psi': 0.19811123590457325}.
[I 2025-08-09 19:05:42,653] Trial 385 finished with values: [0.7891278524576694, 0.34739941118743867] and parameters: {'psi': 0.25077740468759735}.
[I 2025-08-09 19:05:47,901] Trial 386 finished with values: [0.7880325473818535, 0.3485148514851485] and parameters: {'psi': 0.49782475135069604}.
[I 2025-08-09 19:05:53,135] Trial 387 finished with values: [0.7875467051425202, 0.3472222222222222] and parameters: {'psi': 0.5662919242425541}.
[I 2025-08-09 19:05:58,390] Trial 388 finished with values: [0.7642302049950939, 0.34496510468594216] and parameters: {'psi': 0.00900113347651088}.
[I 2025-08-09 19:06:03,646] Trial 389 finished with values: [0.7885318029997633, 0.3411764705882353] and parameters: {'psi': 0.08083587807179149}.
[I 2025-08-09 19:06:08,903] Trial 390 finished with values: [0.7887684101641992, 0.34442270058708413] and parameters: {'psi': 0.09337158997507622}.
[I 2025-08-09 19:06:14,155] Trial 391 finished with values: [0.788139310624846, 0.3428011753183154] and parameters: {'psi': 0.06707687945687046}.
[I 2025-08-09 19:06:19,416] Trial 392 finished with values: [0.7877480870830372, 0.34442270058708413] and parameters: {'psi': 0.05815161996485019}.
[I 2025-08-09 19:06:24,658] Trial 393 finished with values: [0.7812401212279404, 0.3472222222222222] and parameters: {'psi': 0.8401462422288687}.
[I 2025-08-09 19:06:29,893] Trial 394 finished with values: [0.7876958232430892, 0.3468780971258672] and parameters: {'psi': 0.5479150145184455}.
[I 2025-08-09 19:06:35,138] Trial 395 finished with values: [0.7886676889836284, 0.34782608695652173] and parameters: {'psi': 0.3802945195601718}.
[I 2025-08-09 19:06:40,389] Trial 396 finished with values: [0.7888871366907866, 0.3428011753183154] and parameters: {'psi': 0.10196420264754746}.
[I 2025-08-09 19:06:45,633] Trial 397 finished with values: [0.7878613757534453, 0.3485148514851485] and parameters: {'psi': 0.5256943816056194}.
[I 2025-08-09 19:06:50,886] Trial 398 finished with values: [0.7877037383448616, 0.3468780971258672] and parameters: {'psi': 0.547269381925773}.
[I 2025-08-09 19:06:56,122] Trial 399 finished with values: [0.7880858987930375, 0.3485148514851485] and parameters: {'psi': 0.4893031457098268}.
[I 2025-08-09 19:07:01,360] Trial 400 finished with values: [0.7807856977132002, 0.3472222222222222] and parameters: {'psi': 0.847040945727003}.
[I 2025-08-09 19:07:06,608] Trial 401 finished with values: [0.7863589565116516, 0.3434739941118744] and parameters: {'psi': 0.04083547301637758}.
[I 2025-08-09 19:07:11,838] Trial 402 finished with values: [0.7885438267039824, 0.34782608695652173] and parameters: {'psi': 0.40520345011168923}.
[I 2025-08-09 19:07:17,174] Trial 403 finished with values: [0.7870977194839596, 0.34756703078450846] and parameters: {'psi': 0.6106602486241921}.
[I 2025-08-09 19:07:22,424] Trial 404 finished with values: [0.7780745034633102, 0.34955312810327704] and parameters: {'psi': 0.8975157020032539}.
[I 2025-08-09 19:07:27,664] Trial 405 finished with values: [0.7892047679122982, 0.34476003917727716] and parameters: {'psi': 0.20976293494996534}.
[I 2025-08-09 19:07:32,907] Trial 406 finished with values: [0.7812001831953326, 0.3504950495049505] and parameters: {'psi': 0.9692684433188639}.
[I 2025-08-09 19:07:38,156] Trial 407 finished with values: [0.7832284431296916, 0.34791252485089463] and parameters: {'psi': 0.7918267701747144}.
[I 2025-08-09 19:07:43,403] Trial 408 finished with values: [0.7890821744657608, 0.34739941118743867] and parameters: {'psi': 0.2684751421289715}.
[I 2025-08-09 19:07:48,651] Trial 409 finished with values: [0.7891187893640367, 0.34739941118743867] and parameters: {'psi': 0.2550596065547399}.
[I 2025-08-09 19:07:53,897] Trial 410 finished with values: [0.7887604346418023, 0.34619188921859545] and parameters: {'psi': 0.3598285071959094}.
[I 2025-08-09 19:07:59,134] Trial 411 finished with values: [0.7862167867828675, 0.34791252485089463] and parameters: {'psi': 0.6681299037162173}.
[I 2025-08-09 19:08:04,378] Trial 412 finished with values: [0.7882602122939053, 0.34817012858555885] and parameters: {'psi': 0.4577312466738521}.
[I 2025-08-09 19:08:09,627] Trial 413 finished with values: [0.7891982424848827, 0.3460410557184751] and parameters: {'psi': 0.17951418568648436}.
[I 2025-08-09 19:08:14,879] Trial 414 finished with values: [0.7890904520912787, 0.345703125] and parameters: {'psi': 0.12853143811442913}.
[I 2025-08-09 19:08:20,124] Trial 415 finished with values: [0.7846659102004514, 0.3509471585244267] and parameters: {'psi': 0.7399377575798997}.
[I 2025-08-09 19:08:25,371] Trial 416 finished with values: [0.7831832485027769, 0.34791252485089463] and parameters: {'psi': 0.7934284379710285}.
[I 2025-08-09 19:08:30,611] Trial 417 finished with values: [0.7873647182223769, 0.3472222222222222] and parameters: {'psi': 0.58593512226075}.
[I 2025-08-09 19:08:35,857] Trial 418 finished with values: [0.7828003630071102, 0.3472222222222222] and parameters: {'psi': 0.8054516468772116}.
[I 2025-08-09 19:08:41,102] Trial 419 finished with values: [0.7885873899740432, 0.34782608695652173] and parameters: {'psi': 0.39668886975997353}.
[I 2025-08-09 19:08:46,346] Trial 420 finished with values: [0.7821825621244859, 0.3472222222222222] and parameters: {'psi': 0.8216639772912931}.
[I 2025-08-09 19:08:51,586] Trial 421 finished with values: [0.7888204927422746, 0.3458498023715415] and parameters: {'psi': 0.34607543049864475}.
[I 2025-08-09 19:08:56,830] Trial 422 finished with values: [0.7879675952108196, 0.34442270058708413] and parameters: {'psi': 0.0628142986843695}.
[I 2025-08-09 19:09:02,085] Trial 423 finished with values: [0.7876975150205671, 0.3468780971258672] and parameters: {'psi': 0.5477531306516664}.
[I 2025-08-09 19:09:07,330] Trial 424 finished with values: [0.7879098935146918, 0.3485148514851485] and parameters: {'psi': 0.5189860804209551}.
[I 2025-08-09 19:09:12,563] Trial 425 finished with values: [0.7858971616807569, 0.34791252485089463] and parameters: {'psi': 0.6853342266983956}.
[I 2025-08-09 19:09:17,809] Trial 426 finished with values: [0.7873056872725164, 0.3472222222222222] and parameters: {'psi': 0.5913157201186918}.
[I 2025-08-09 19:09:23,044] Trial 427 finished with values: [0.7880043913709681, 0.3485148514851485] and parameters: {'psi': 0.5031159761135766}.
[I 2025-08-09 19:09:28,298] Trial 428 finished with values: [0.778111118361586, 0.34886025768087214] and parameters: {'psi': 0.90642960225852}.
[I 2025-08-09 19:09:33,555] Trial 429 finished with values: [0.7880638452651981, 0.3485148514851485] and parameters: {'psi': 0.4931782311150362}.
[I 2025-08-09 19:09:38,803] Trial 430 finished with values: [0.7892045866504256, 0.34637964774951074] and parameters: {'psi': 0.19847556191691307}.
[I 2025-08-09 19:09:44,051] Trial 431 finished with values: [0.7884510206251844, 0.34817012858555885] and parameters: {'psi': 0.42391266806197303}.
[I 2025-08-09 19:09:49,295] Trial 432 finished with values: [0.7891850103681791, 0.3460410557184751] and parameters: {'psi': 0.16102130501966794}.
[I 2025-08-09 19:09:54,530] Trial 433 finished with values: [0.7859934721557595, 0.3482587064676617] and parameters: {'psi': 0.6803680661611806}.
[I 2025-08-09 19:09:59,773] Trial 434 finished with values: [0.7788788832335184, 0.34955312810327704] and parameters: {'psi': 0.926400676518739}.
[I 2025-08-09 19:10:05,018] Trial 435 finished with values: [0.7890781867045624, 0.34739941118743867] and parameters: {'psi': 0.2709172290276781}.
[I 2025-08-09 19:10:10,251] Trial 436 finished with values: [0.7889584934479875, 0.34876847290640395] and parameters: {'psi': 0.3120243876619656}.
[I 2025-08-09 19:10:15,499] Trial 437 finished with values: [0.7884425013171696, 0.34817012858555885] and parameters: {'psi': 0.4253311302207168}.
[I 2025-08-09 19:10:20,738] Trial 438 finished with values: [0.7892028948729476, 0.34637964774951074] and parameters: {'psi': 0.19097321801011824}.
[I 2025-08-09 19:10:25,989] Trial 439 finished with values: [0.7826603080001739, 0.3472222222222222] and parameters: {'psi': 0.8094413293538913}.
[I 2025-08-09 19:10:31,234] Trial 440 finished with values: [0.7846684478666686, 0.3509471585244267] and parameters: {'psi': 0.7398543599236783}.
[I 2025-08-09 19:10:36,477] Trial 441 finished with values: [0.7822321674569684, 0.35014836795252224] and parameters: {'psi': 0.9880484524877724}.
[I 2025-08-09 19:10:41,725] Trial 442 finished with values: [0.7891957048186656, 0.3460410557184751] and parameters: {'psi': 0.1775184341996543}.
[I 2025-08-09 19:10:46,971] Trial 443 finished with values: [0.7845415041351875, 0.350597609561753] and parameters: {'psi': 0.7447032585448522}.
[I 2025-08-09 19:10:52,213] Trial 444 finished with values: [0.7880972578703905, 0.3485148514851485] and parameters: {'psi': 0.48762954901090727}.
[I 2025-08-09 19:10:57,457] Trial 445 finished with values: [0.7780650174253079, 0.3492063492063492] and parameters: {'psi': 0.9010193809688274}.
[I 2025-08-09 19:11:02,704] Trial 446 finished with values: [0.7782667014689462, 0.34955312810327704] and parameters: {'psi': 0.8861140210129639}.
[I 2025-08-09 19:11:07,945] Trial 447 finished with values: [0.7798923183635195, 0.3504950495049505] and parameters: {'psi': 0.9406587272795264}.
[I 2025-08-09 19:11:13,176] Trial 448 finished with values: [0.7802664428686745, 0.3504950495049505] and parameters: {'psi': 0.9469774190472569}.
[I 2025-08-09 19:11:18,427] Trial 449 finished with values: [0.7833181677566547, 0.34516765285996054] and parameters: {'psi': 0.02600258035161851}.
