[I 2025-08-09 19:27:52,851] Trial 448 finished with values: [0.5222149978455148, 0.05959475566150179] and parameters: {'psi': 0.8984474709953633}.
[I 2025-08-09 19:27:58,274] Trial 449 finished with values: [0.5279090366600119, 0.06065959952885748] and parameters: {'psi': 0.1570520331085138}.
[I 2025-08-09 19:28:03,703] Trial 450 finished with values: [0.5222806143648144, 0.05957700327673518] and parameters: {'psi': 0.9030973927305258}.
[I 2025-08-09 19:28:09,138] Trial 451 finished with values: [0.5222149978455148, 0.059470710674992565] and parameters: {'psi': 0.9157741997379233}.
[I 2025-08-09 19:28:14,568] Trial 452 finished with values: [0.5377523265149724, 0.06055261610817166] and parameters: {'psi': 0.03967947649422121}.
[I 2025-08-09 19:28:20,003] Trial 453 finished with values: [0.530417333411304, 0.06001765225066196] and parameters: {'psi': 0.08241329646135942}.
[I 2025-08-09 19:28:25,452] Trial 454 finished with values: [0.5285462899508224, 0.06065959952885748] and parameters: {'psi': 0.1279618761456922}.
[I 2025-08-09 19:28:30,979] Trial 455 finished with values: [0.5242222137680643, 0.05803968018951732] and parameters: {'psi': 0.603639060194815}.
[I 2025-08-09 19:28:36,416] Trial 456 finished with values: [0.6715738429176389, 0.07606132075471699] and parameters: {'psi': 0.0014885349326960728}.
[I 2025-08-09 19:28:41,852] Trial 457 finished with values: [0.5252401240668148, 0.057936742536210464] and parameters: {'psi': 0.4471689672635871}.
[I 2025-08-09 19:28:47,286] Trial 458 finished with values: [0.5254332859729457, 0.057919621749408984] and parameters: {'psi': 0.401008070860021}.
[I 2025-08-09 19:28:52,718] Trial 459 finished with values: [0.5246115824304098, 0.05736250739207569] and parameters: {'psi': 0.5594953130741264}.
[I 2025-08-09 19:28:58,139] Trial 460 finished with values: [0.5261429559482423, 0.058997050147492625] and parameters: {'psi': 0.2816344773361671}.
[I 2025-08-09 19:29:03,556] Trial 461 finished with values: [0.5263184408080552, 0.058997050147492625] and parameters: {'psi': 0.2646734536043167}.
[I 2025-08-09 19:29:08,994] Trial 462 finished with values: [0.5266022377516719, 0.05956944854025361] and parameters: {'psi': 0.23997319112223525}.
[I 2025-08-09 19:29:14,443] Trial 463 finished with values: [0.5270869440532987, 0.05955188679245283] and parameters: {'psi': 0.20586498062734582}.
[I 2025-08-09 19:29:19,877] Trial 464 finished with values: [0.5226681561171098, 0.05796235434717657] and parameters: {'psi': 0.716060965063407}.
[I 2025-08-09 19:29:25,319] Trial 465 finished with values: [0.5308611710584766, 0.06] and parameters: {'psi': 0.076462643624022}.
[I 2025-08-09 19:29:30,746] Trial 466 finished with values: [0.5244553985369598, 0.057971014492753624] and parameters: {'psi': 0.5784106590407954}.
[I 2025-08-09 19:29:36,183] Trial 467 finished with values: [0.5274894563185046, 0.05953433539640436] and parameters: {'psi': 0.18010729129329228}.
[I 2025-08-09 19:29:41,634] Trial 468 finished with values: [0.521485908493019, 0.058420268256333834] and parameters: {'psi': 0.8767804896562877}.
[I 2025-08-09 19:29:47,065] Trial 469 finished with values: [0.5258337006747608, 0.05901445854234287] and parameters: {'psi': 0.3163080665804492}.
[I 2025-08-09 19:29:52,503] Trial 470 finished with values: [0.5289019284405762, 0.06007067137809187] and parameters: {'psi': 0.11538621801469573}.
[I 2025-08-09 19:29:57,936] Trial 471 finished with values: [0.5270445529738028, 0.05955188679245283] and parameters: {'psi': 0.20877927115245676}.
[I 2025-08-09 19:30:03,372] Trial 472 finished with values: [0.5230019055179298, 0.057279236276849645] and parameters: {'psi': 0.6981864705906122}.
[I 2025-08-09 19:30:08,824] Trial 473 finished with values: [0.5221648085666383, 0.05959475566150179] and parameters: {'psi': 0.8960826832995089}.
[I 2025-08-09 19:30:14,251] Trial 474 finished with values: [0.5231507141078443, 0.05843768634466309] and parameters: {'psi': 0.6890750983391725}.
[I 2025-08-09 19:30:19,692] Trial 475 finished with values: [0.525474222290735, 0.057919621749408984] and parameters: {'psi': 0.3912246223427439}.
[I 2025-08-09 19:30:25,116] Trial 476 finished with values: [0.5268803848068003, 0.05956944854025361] and parameters: {'psi': 0.21969867625651252}.
[I 2025-08-09 19:30:30,541] Trial 477 finished with values: [0.5246692823394923, 0.05736250739207569] and parameters: {'psi': 0.551851646184378}.
[I 2025-08-09 19:30:35,963] Trial 478 finished with values: [0.5218893680449175, 0.05963029218843172] and parameters: {'psi': 0.8869537129708797}.
[I 2025-08-09 19:30:41,403] Trial 479 finished with values: [0.5217101278700016, 0.05961251862891207] and parameters: {'psi': 0.8823095494542463}.
[I 2025-08-09 19:30:46,829] Trial 480 finished with values: [0.5254242021701966, 0.057936742536210464] and parameters: {'psi': 0.40323890241852156}.
[I 2025-08-09 19:30:52,251] Trial 481 finished with values: [0.5279717605717322, 0.06067746686303387] and parameters: {'psi': 0.15391620672935502}.
[I 2025-08-09 19:30:57,681] Trial 482 finished with values: [0.5243899850076656, 0.05741343592778929] and parameters: {'psi': 0.586001290472862}.
[I 2025-08-09 19:31:03,121] Trial 483 finished with values: [0.5346566612667378, 0.060570420464569244] and parameters: {'psi': 0.04953324993520647}.
[I 2025-08-09 19:31:08,548] Trial 484 finished with values: [0.5210822459511149, 0.056835177983846845] and parameters: {'psi': 0.789732858240031}.
[I 2025-08-09 19:31:13,979] Trial 485 finished with values: [0.5237343103738499, 0.058841010401188706] and parameters: {'psi': 0.6479727785676533}.
[I 2025-08-09 19:31:19,405] Trial 486 finished with values: [0.5252734482593954, 0.057936742536210464] and parameters: {'psi': 0.4395824746943445}.
[I 2025-08-09 19:31:24,831] Trial 487 finished with values: [0.5213631502871522, 0.05686920083807243] and parameters: {'psi': 0.7756115723007259}.
[I 2025-08-09 19:31:30,265] Trial 488 finished with values: [0.5246830179965356, 0.05736250739207569] and parameters: {'psi': 0.5498930967561981}.
[I 2025-08-09 19:31:35,694] Trial 489 finished with values: [0.5238596736181215, 0.058177500742059955] and parameters: {'psi': 0.6376126754228503}.
[I 2025-08-09 19:31:41,128] Trial 490 finished with values: [0.5205543027783022, 0.05733054643177068] and parameters: {'psi': 0.8397265236733314}.
[I 2025-08-09 19:31:46,553] Trial 491 finished with values: [0.5267030561211036, 0.05956944854025361] and parameters: {'psi': 0.23198918324091689}.
[I 2025-08-09 19:31:51,983] Trial 492 finished with values: [0.5214738982510229, 0.06166617254669434] and parameters: {'psi': 0.996313351815423}.
[I 2025-08-09 19:31:57,415] Trial 493 finished with values: [0.5260839366041237, 0.05958702064896755] and parameters: {'psi': 0.287576402415499}.
[I 2025-08-09 19:32:02,824] Trial 494 finished with values: [0.5269564553113866, 0.05955188679245283] and parameters: {'psi': 0.21488830464267283}.
[I 2025-08-09 19:32:08,258] Trial 495 finished with values: [0.5249882642174073, 0.0579538734476641] and parameters: {'psi': 0.502001384670236}.
[I 2025-08-09 19:32:13,690] Trial 496 finished with values: [0.5247230239434661, 0.05737947352854185] and parameters: {'psi': 0.543957607714842}.
[I 2025-08-09 19:32:19,125] Trial 497 finished with values: [0.5222840482790753, 0.05957700327673518] and parameters: {'psi': 0.9047820467782419}.
[I 2025-08-09 19:32:24,557] Trial 498 finished with values: [0.5258597679746424, 0.05901445854234287] and parameters: {'psi': 0.3129648226750459}.
[I 2025-08-09 19:32:29,979] Trial 499 finished with values: [0.5263685455077627, 0.05956944854025361] and parameters: {'psi': 0.259999929405895}.
