[I 2025-08-09 18:41:49,058] Trial 0 finished with values: [0.6897281456285185, 0.1898876404494382] and parameters: {'psi': 0.821144306348049}.
[I 2025-08-09 18:41:54,799] Trial 1 finished with values: [0.6844543028746546, 0.17923497267759564] and parameters: {'psi': 0.048351938998658084}.
[I 2025-08-09 18:42:00,406] Trial 2 finished with values: [0.688191323367136, 0.19005030743432086] and parameters: {'psi': 0.8931687106469716}.
[I 2025-08-09 18:42:06,041] Trial 3 finished with values: [0.6853123429974789, 0.18013100436681223] and parameters: {'psi': 0.10359088866789501}.
[I 2025-08-09 18:42:11,661] Trial 4 finished with values: [0.6859049871969425, 0.1812227074235808] and parameters: {'psi': 0.2591824698837868}.
[I 2025-08-09 18:42:17,271] Trial 5 finished with values: [0.6863674378858182, 0.1812227074235808] and parameters: {'psi': 0.45493605079014154}.
[I 2025-08-09 18:42:22,880] Trial 6 finished with values: [0.6888380788886918, 0.1878144214645053] and parameters: {'psi': 0.7610179947012576}.
[I 2025-08-09 18:42:28,497] Trial 7 finished with values: [0.6860399619323435, 0.1812227074235808] and parameters: {'psi': 0.3139196072920797}.
[I 2025-08-09 18:42:34,096] Trial 8 finished with values: [0.6871524315184411, 0.18451400329489293] and parameters: {'psi': 0.6287423514025446}.
[I 2025-08-09 18:42:39,714] Trial 9 finished with values: [0.6869101448483441, 0.1841095890410959] and parameters: {'psi': 0.592580596084769}.
[I 2025-08-09 18:42:45,336] Trial 10 finished with values: [0.6859430472643047, 0.1812227074235808] and parameters: {'psi': 0.275428336194263}.
[I 2025-08-09 18:42:50,942] Trial 11 finished with values: [0.6871885563281409, 0.18461538461538463] and parameters: {'psi': 0.6329411078426087}.
[I 2025-08-09 18:42:56,570] Trial 12 finished with values: [0.6857234524389559, 0.18022938285090115] and parameters: {'psi': 0.20392721701746064}.
[I 2025-08-09 18:43:02,186] Trial 13 finished with values: [0.6863450116646707, 0.1812227074235808] and parameters: {'psi': 0.44722477029648955}.
[I 2025-08-09 18:43:07,798] Trial 14 finished with values: [0.6885681673641184, 0.1887213847012842] and parameters: {'psi': 0.7449701215703343}.
[I 2025-08-09 18:43:13,410] Trial 15 finished with values: [0.6868904128094326, 0.1841095890410959] and parameters: {'psi': 0.5888899353589198}.
[I 2025-08-09 18:43:19,010] Trial 16 finished with values: [0.6893983929013232, 0.19047619047619047] and parameters: {'psi': 0.8596724776734262}.
[I 2025-08-09 18:43:24,610] Trial 17 finished with values: [0.6894187320798936, 0.1897810218978102] and parameters: {'psi': 0.7952322496596661}.
[I 2025-08-09 18:43:30,224] Trial 18 finished with values: [0.6863849690434667, 0.1812227074235808] and parameters: {'psi': 0.46193953938020205}.
[I 2025-08-09 18:43:35,844] Trial 19 finished with values: [0.6819827891085216, 0.18052516411378555] and parameters: {'psi': 0.025926897825185535}.
[I 2025-08-09 18:43:41,474] Trial 20 finished with values: [0.6850300610023572, 0.17884405670665213] and parameters: {'psi': 0.07206984825091411}.
[I 2025-08-09 18:43:47,085] Trial 21 finished with values: [0.6877272030441982, 0.18332413031474323] and parameters: {'psi': 0.6864524164122907}.
[I 2025-08-09 18:43:52,689] Trial 22 finished with values: [0.6883395792825734, 0.18666666666666668] and parameters: {'psi': 0.7302017825206273}.
[I 2025-08-09 18:43:58,288] Trial 23 finished with values: [0.6882492293120956, 0.19015659955257272] and parameters: {'psi': 0.8913805671546878}.
[I 2025-08-09 18:44:03,915] Trial 24 finished with values: [0.6857642066885541, 0.18013100436681223] and parameters: {'psi': 0.21608784300225237}.
[I 2025-08-09 18:44:09,529] Trial 25 finished with values: [0.6873003459178206, 0.18461538461538463] and parameters: {'psi': 0.6462073343282404}.
[I 2025-08-09 18:44:15,117] Trial 26 finished with values: [0.6894156204891422, 0.1897810218978102] and parameters: {'psi': 0.7950027033464805}.
[I 2025-08-09 18:44:20,716] Trial 27 finished with values: [0.689620302446621, 0.1897810218978102] and parameters: {'psi': 0.8098540147095489}.
[I 2025-08-09 18:44:26,330] Trial 28 finished with values: [0.6874282247084591, 0.18371837183718373] and parameters: {'psi': 0.6599082723324555}.
[I 2025-08-09 18:44:31,958] Trial 29 finished with values: [0.685660765269183, 0.18013100436681223] and parameters: {'psi': 0.184397388672629}.
[I 2025-08-09 18:44:37,563] Trial 30 finished with values: [0.6875540164565205, 0.18302094818081588] and parameters: {'psi': 0.6722835478042133}.
[I 2025-08-09 18:44:43,170] Trial 31 finished with values: [0.6889348038255869, 0.18802462227196418] and parameters: {'psi': 0.7662076965097693}.
[I 2025-08-09 18:44:48,773] Trial 32 finished with values: [0.6879256997664029, 0.18272425249169436] and parameters: {'psi': 0.701922900239139}.
[I 2025-08-09 18:44:54,383] Trial 33 finished with values: [0.6862192578628381, 0.18003273322422259] and parameters: {'psi': 0.3968645921820553}.
[I 2025-08-09 18:45:00,023] Trial 34 finished with values: [0.6849950366332892, 0.17884405670665213] and parameters: {'psi': 0.06950744537263365}.
[I 2025-08-09 18:45:05,629] Trial 35 finished with values: [0.6886336246085847, 0.18756936736958935] and parameters: {'psi': 0.9472034732282744}.
[I 2025-08-09 18:45:11,265] Trial 36 finished with values: [0.6852498455588493, 0.18013100436681223] and parameters: {'psi': 0.09340900836043164}.
[I 2025-08-09 18:45:16,860] Trial 37 finished with values: [0.6885368237792319, 0.18756936736958935] and parameters: {'psi': 0.9449397270394293}.
[I 2025-08-09 18:45:22,474] Trial 38 finished with values: [0.6862661594014817, 0.18112384069830878] and parameters: {'psi': 0.4170823815573461}.
[I 2025-08-09 18:45:28,085] Trial 39 finished with values: [0.6861429100507417, 0.18112384069830878] and parameters: {'psi': 0.3618806107134501}.
[I 2025-08-09 18:45:33,719] Trial 40 finished with values: [0.6856908566285231, 0.18013100436681223] and parameters: {'psi': 0.19235009657740776}.
[I 2025-08-09 18:45:39,348] Trial 41 finished with values: [0.6856000892495298, 0.18013100436681223] and parameters: {'psi': 0.16610279597631716}.
[I 2025-08-09 18:45:44,960] Trial 42 finished with values: [0.687853412200775, 0.18920422927100725] and parameters: {'psi': 0.9198640751462165}.
[I 2025-08-09 18:45:50,565] Trial 43 finished with values: [0.6869155332128161, 0.1841095890410959] and parameters: {'psi': 0.5936203760604615}.
[I 2025-08-09 18:45:56,164] Trial 44 finished with values: [0.6459587645922221, 0.1965574680732926] and parameters: {'psi': 0.002041166912658099}.
[I 2025-08-09 18:46:01,774] Trial 45 finished with values: [0.6866817464979427, 0.18360655737704917] and parameters: {'psi': 0.5457142728372144}.
[I 2025-08-09 18:46:07,374] Trial 46 finished with values: [0.6887691685374158, 0.18767351471404775] and parameters: {'psi': 0.9504995651077658}.
[I 2025-08-09 18:46:12,988] Trial 47 finished with values: [0.6860039509613298, 0.1812227074235808] and parameters: {'psi': 0.29809424106512283}.
[I 2025-08-09 18:46:18,574] Trial 48 finished with values: [0.6877813143662904, 0.18352681039248203] and parameters: {'psi': 0.6908722413488526}.
[I 2025-08-09 18:46:24,169] Trial 49 finished with values: [0.6897600204606064, 0.1898876404494382] and parameters: {'psi': 0.8275189389123346}.
[I 2025-08-09 18:46:29,784] Trial 50 finished with values: [0.6863014114479219, 0.18221494817239497] and parameters: {'psi': 0.43190634083623314}.
[I 2025-08-09 18:46:35,400] Trial 51 finished with values: [0.6868784976936282, 0.18400876232201532] and parameters: {'psi': 0.5865084868602156}.
[I 2025-08-09 18:46:41,015] Trial 52 finished with values: [0.6866690724575648, 0.18360655737704917] and parameters: {'psi': 0.5426833627686785}.
[I 2025-08-09 18:46:46,754] Trial 53 finished with values: [0.6854851880690986, 0.18112384069830878] and parameters: {'psi': 0.13512155785959012}.
[I 2025-08-09 18:46:52,355] Trial 54 finished with values: [0.6885692298585213, 0.1912751677852349] and parameters: {'psi': 0.88220053799773}.
[I 2025-08-09 18:46:57,966] Trial 55 finished with values: [0.688649751755772, 0.18760469011725292] and parameters: {'psi': 0.7498780928789731}.
[I 2025-08-09 18:47:03,595] Trial 56 finished with values: [0.6855910580471049, 0.18013100436681223] and parameters: {'psi': 0.16147241859965078}.
[I 2025-08-09 18:47:09,211] Trial 57 finished with values: [0.6865372472591439, 0.18330605564648117] and parameters: {'psi': 0.5070973687587064}.
[I 2025-08-09 18:47:14,814] Trial 58 finished with values: [0.6891120127135045, 0.19036954087346025] and parameters: {'psi': 0.8686063127097953}.
[I 2025-08-09 18:47:20,428] Trial 59 finished with values: [0.6897387326263192, 0.1898876404494382] and parameters: {'psi': 0.8232269843575194}.
[I 2025-08-09 18:47:26,036] Trial 60 finished with values: [0.6865193745854374, 0.18330605564648117] and parameters: {'psi': 0.501778749658663}.
[I 2025-08-09 18:47:31,663] Trial 61 finished with values: [0.6856063503772614, 0.18013100436681223] and parameters: {'psi': 0.16753353730537746}.
[I 2025-08-09 18:47:37,291] Trial 62 finished with values: [0.6859573150462868, 0.1812227074235808] and parameters: {'psi': 0.2820613685020361}.
[I 2025-08-09 18:47:42,899] Trial 63 finished with values: [0.6866612175882288, 0.18360655737704917] and parameters: {'psi': 0.5412885640117043}.
[I 2025-08-09 18:47:48,508] Trial 64 finished with values: [0.687710582596038, 0.18332413031474323] and parameters: {'psi': 0.6850789642622371}.
[I 2025-08-09 18:47:54,125] Trial 65 finished with values: [0.6856816736411835, 0.18013100436681223] and parameters: {'psi': 0.19027950982750896}.
[I 2025-08-09 18:47:59,732] Trial 66 finished with values: [0.688296168796968, 0.18656302054414214] and parameters: {'psi': 0.7273004811471576}.
[I 2025-08-09 18:48:05,334] Trial 67 finished with values: [0.688729666513364, 0.19026301063234471] and parameters: {'psi': 0.8780780922298194}.
[I 2025-08-09 18:48:10,952] Trial 68 finished with values: [0.6897243130594223, 0.18956814357823892] and parameters: {'psi': 0.8422255069505754}.
[I 2025-08-09 18:48:16,584] Trial 69 finished with values: [0.6858242755685483, 0.1812227074235808] and parameters: {'psi': 0.23425250211987358}.
[I 2025-08-09 18:48:22,212] Trial 70 finished with values: [0.6854853019077846, 0.18112384069830878] and parameters: {'psi': 0.13463457121415134}.
[I 2025-08-09 18:48:27,824] Trial 71 finished with values: [0.6883736170496959, 0.18756936736958935] and parameters: {'psi': 0.9402032778319369}.
[I 2025-08-09 18:48:33,438] Trial 72 finished with values: [0.6869725284482876, 0.18431157432803072] and parameters: {'psi': 0.603061105383658}.
[I 2025-08-09 18:48:39,053] Trial 73 finished with values: [0.6878351221185531, 0.18252212389380532] and parameters: {'psi': 0.6952219736918739}.
[I 2025-08-09 18:48:44,654] Trial 74 finished with values: [0.6877251918940784, 0.18332413031474323] and parameters: {'psi': 0.6863369435279778}.
[I 2025-08-09 18:48:50,256] Trial 75 finished with values: [0.6881062479224439, 0.19095477386934673] and parameters: {'psi': 0.8962127958870424}.
[I 2025-08-09 18:48:55,903] Trial 76 finished with values: [0.6854289138119718, 0.1812227074235808] and parameters: {'psi': 0.1234790943757531}.
[I 2025-08-09 18:49:01,527] Trial 77 finished with values: [0.6855502279050494, 0.18013100436681223] and parameters: {'psi': 0.15174683001203515}.
[I 2025-08-09 18:49:07,157] Trial 78 finished with values: [0.6739974226921482, 0.18221734357848518] and parameters: {'psi': 0.012443829117890215}.
[I 2025-08-09 18:49:12,772] Trial 79 finished with values: [0.6894791804221746, 0.1897810218978102] and parameters: {'psi': 0.7989451772276116}.
[I 2025-08-09 18:49:18,398] Trial 80 finished with values: [0.6858284117074741, 0.1812227074235808] and parameters: {'psi': 0.23501200907974917}.
[I 2025-08-09 18:49:24,019] Trial 81 finished with values: [0.6866704764680257, 0.18360655737704917] and parameters: {'psi': 0.5430115196493258}.
[I 2025-08-09 18:49:29,624] Trial 82 finished with values: [0.6878566376302125, 0.1914301613800779] and parameters: {'psi': 0.9096172429457714}.
[I 2025-08-09 18:49:35,218] Trial 83 finished with values: [0.6862799338824911, 0.18112384069830878] and parameters: {'psi': 0.4219440966072594}.
[I 2025-08-09 18:49:40,818] Trial 84 finished with values: [0.6878538675555191, 0.18920422927100725] and parameters: {'psi': 0.9197950588038206}.
[I 2025-08-09 18:49:46,451] Trial 85 finished with values: [0.6779314220576873, 0.17982456140350878] and parameters: {'psi': 0.016548262596824292}.
[I 2025-08-09 18:49:52,080] Trial 86 finished with values: [0.6858546704977179, 0.1812227074235808] and parameters: {'psi': 0.24405254074714888}.
[I 2025-08-09 18:49:57,708] Trial 87 finished with values: [0.6857562379805321, 0.18022938285090115] and parameters: {'psi': 0.21331461425206022}.
[I 2025-08-09 18:50:03,318] Trial 88 finished with values: [0.6897434759049037, 0.1897810218978102] and parameters: {'psi': 0.8387913557763834}.
[I 2025-08-09 18:50:08,930] Trial 89 finished with values: [0.6900269342331142, 0.1840220385674931] and parameters: {'psi': 0.9879866576953182}.
[I 2025-08-09 18:50:14,541] Trial 90 finished with values: [0.6895013030734927, 0.18725761772853186] and parameters: {'psi': 0.969097773226295}.
[I 2025-08-09 18:50:20,164] Trial 91 finished with values: [0.6861363832994095, 0.18112384069830878] and parameters: {'psi': 0.35882234675165803}.
[I 2025-08-09 18:50:25,798] Trial 92 finished with values: [0.685132364034868, 0.17884405670665213] and parameters: {'psi': 0.07993976842856998}.
[I 2025-08-09 18:50:31,421] Trial 93 finished with values: [0.6897714802216667, 0.1897810218978102] and parameters: {'psi': 0.8309895781268116}.
[I 2025-08-09 18:50:37,053] Trial 94 finished with values: [0.6854634448800672, 0.1812227074235808] and parameters: {'psi': 0.1299419977188715}.
[I 2025-08-09 18:50:42,686] Trial 95 finished with values: [0.6855906785848183, 0.18013100436681223] and parameters: {'psi': 0.16318944304145544}.
[I 2025-08-09 18:50:48,301] Trial 96 finished with values: [0.6867837839068527, 0.1838074398249453] and parameters: {'psi': 0.5678046376719221}.
[I 2025-08-09 18:50:53,914] Trial 97 finished with values: [0.6873237207946852, 0.18461538461538463] and parameters: {'psi': 0.6485744626003144}.
[I 2025-08-09 18:50:59,550] Trial 98 finished with values: [0.6857454233053595, 0.18022938285090115] and parameters: {'psi': 0.21039190281371345}.
[I 2025-08-09 18:51:05,170] Trial 99 finished with values: [0.6861601755847893, 0.18112384069830878] and parameters: {'psi': 0.36825161169656706}.
[I 2025-08-09 18:51:10,780] Trial 100 finished with values: [0.6869819391129992, 0.18431157432803072] and parameters: {'psi': 0.6047832704242827}.
[I 2025-08-09 18:51:16,382] Trial 101 finished with values: [0.6892587507797949, 0.18855218855218855] and parameters: {'psi': 0.7855232574646817}.
[I 2025-08-09 18:51:22,119] Trial 102 finished with values: [0.6821409869358724, 0.1815199562602515] and parameters: {'psi': 0.026580826924780476}.
[I 2025-08-09 18:51:27,740] Trial 103 finished with values: [0.685596787927635, 0.18013100436681223] and parameters: {'psi': 0.16544172925387068}.
[I 2025-08-09 18:51:33,379] Trial 104 finished with values: [0.685759653141113, 0.18022938285090115] and parameters: {'psi': 0.2147126136565145}.
[I 2025-08-09 18:51:38,989] Trial 105 finished with values: [0.689897613485786, 0.18352681039248203] and parameters: {'psi': 0.9809826057096744}.
[I 2025-08-09 18:51:44,597] Trial 106 finished with values: [0.6872809174487384, 0.18461538461538463] and parameters: {'psi': 0.6440055424272889}.
[I 2025-08-09 18:51:50,210] Trial 107 finished with values: [0.6870264879854651, 0.18441273326015367] and parameters: {'psi': 0.6108435296082324}.
[I 2025-08-09 18:51:55,830] Trial 108 finished with values: [0.6860616292289174, 0.1812227074235808] and parameters: {'psi': 0.3227136189708565}.
[I 2025-08-09 18:52:01,442] Trial 109 finished with values: [0.6870663315255751, 0.18441273326015367] and parameters: {'psi': 0.6166637268293705}.
[I 2025-08-09 18:52:07,025] Trial 110 finished with values: [0.6879819740235297, 0.18282548476454294] and parameters: {'psi': 0.7060928336110909}.
[I 2025-08-09 18:52:12,626] Trial 111 finished with values: [0.6872112481728891, 0.18461538461538463] and parameters: {'psi': 0.6361360576651073}.
[I 2025-08-09 18:52:18,217] Trial 112 finished with values: [0.687715743283138, 0.18332413031474323] and parameters: {'psi': 0.6854659651077973}.
[I 2025-08-09 18:52:23,809] Trial 113 finished with values: [0.6888932527051865, 0.19036954087346025] and parameters: {'psi': 0.874083575651209}.
[I 2025-08-09 18:52:29,444] Trial 114 finished with values: [0.6857919074354876, 0.1812227074235808] and parameters: {'psi': 0.22464358671065254}.
[I 2025-08-09 18:52:35,056] Trial 115 finished with values: [0.6897389603036913, 0.18967452300785634] and parameters: {'psi': 0.8400174279899085}.
[I 2025-08-09 18:52:40,692] Trial 116 finished with values: [0.6857278542014824, 0.18022938285090115] and parameters: {'psi': 0.2050604774107455}.
[I 2025-08-09 18:52:46,305] Trial 117 finished with values: [0.6860713434634585, 0.1813216821409066] and parameters: {'psi': 0.3279427804106235}.
[I 2025-08-09 18:52:51,936] Trial 118 finished with values: [0.6860275914617949, 0.1812227074235808] and parameters: {'psi': 0.3080409686481618}.
[I 2025-08-09 18:52:57,552] Trial 119 finished with values: [0.6877149084661073, 0.18332413031474323] and parameters: {'psi': 0.6853974419901104}.
[I 2025-08-09 18:53:03,175] Trial 120 finished with values: [0.6812179828695546, 0.180623973727422] and parameters: {'psi': 0.023209790892227966}.
[I 2025-08-09 18:53:08,785] Trial 121 finished with values: [0.6882003545695607, 0.18635607321131448] and parameters: {'psi': 0.7208438630104799}.
[I 2025-08-09 18:53:14,424] Trial 122 finished with values: [0.685738099683225, 0.18022938285090115] and parameters: {'psi': 0.20753943294868515}.
[I 2025-08-09 18:53:20,052] Trial 123 finished with values: [0.6837592797502228, 0.17943107221006566] and parameters: {'psi': 0.03763894233902976}.
[I 2025-08-09 18:53:25,683] Trial 124 finished with values: [0.6853318853052471, 0.18013100436681223] and parameters: {'psi': 0.10656215712602168}.
[I 2025-08-09 18:53:31,293] Trial 125 finished with values: [0.6891590660370629, 0.18844643858665172] and parameters: {'psi': 0.7799116507830108}.
[I 2025-08-09 18:53:36,908] Trial 126 finished with values: [0.686806931106345, 0.1839080459770115] and parameters: {'psi': 0.5729862820728385}.
[I 2025-08-09 18:53:42,538] Trial 127 finished with values: [0.6853398919594977, 0.18013100436681223] and parameters: {'psi': 0.10792814277786844}.
[I 2025-08-09 18:53:48,152] Trial 128 finished with values: [0.686187876331723, 0.18112384069830878] and parameters: {'psi': 0.3819090960560132}.
[I 2025-08-09 18:53:53,763] Trial 129 finished with values: [0.686224418549938, 0.18003273322422259] and parameters: {'psi': 0.3993857644667499}.
[I 2025-08-09 18:53:59,373] Trial 130 finished with values: [0.6886305889102906, 0.19026301063234471] and parameters: {'psi': 0.8807512530477861}.
[I 2025-08-09 18:54:05,001] Trial 131 finished with values: [0.6860179910659399, 0.1812227074235808] and parameters: {'psi': 0.3032397917576243}.
[I 2025-08-09 18:54:10,604] Trial 132 finished with values: [0.6897750092209336, 0.1897810218978102] and parameters: {'psi': 0.8324422720952819}.
[I 2025-08-09 18:54:16,210] Trial 133 finished with values: [0.6880657213502178, 0.18292682926829268] and parameters: {'psi': 0.7117091055240776}.
[I 2025-08-09 18:54:21,811] Trial 134 finished with values: [0.6895214904671485, 0.18946188340807174] and parameters: {'psi': 0.8551209876494894}.
[I 2025-08-09 18:54:27,428] Trial 135 finished with values: [0.6884567572367253, 0.1871866295264624] and parameters: {'psi': 0.7380370706037094}.
[I 2025-08-09 18:54:33,049] Trial 136 finished with values: [0.6863810226356843, 0.1812227074235808] and parameters: {'psi': 0.4602925270732623}.
[I 2025-08-09 18:54:38,675] Trial 137 finished with values: [0.6855658238050353, 0.18013100436681223] and parameters: {'psi': 0.15523241507037377}.
[I 2025-08-09 18:54:44,276] Trial 138 finished with values: [0.687127387007515, 0.18451400329489293] and parameters: {'psi': 0.625607092094961}.
[I 2025-08-09 18:54:49,875] Trial 139 finished with values: [0.6897670405129116, 0.1897810218978102] and parameters: {'psi': 0.8285302242329582}.
[I 2025-08-09 18:54:55,488] Trial 140 finished with values: [0.6863428487296361, 0.1812227074235808] and parameters: {'psi': 0.44672764826228406}.
[I 2025-08-09 18:55:01,099] Trial 141 finished with values: [0.6882191000065268, 0.18635607321131448] and parameters: {'psi': 0.7220200928088759}.
[I 2025-08-09 18:55:06,713] Trial 142 finished with values: [0.6880377170334548, 0.18282548476454294] and parameters: {'psi': 0.7098655616427388}.
[I 2025-08-09 18:55:12,295] Trial 143 finished with values: [0.6861850303645721, 0.18112384069830878] and parameters: {'psi': 0.38048918070132776}.
[I 2025-08-09 18:55:17,887] Trial 144 finished with values: [0.6893708439393043, 0.18967452300785634] and parameters: {'psi': 0.7920410392854086}.
[I 2025-08-09 18:55:23,482] Trial 145 finished with values: [0.6875188403025377, 0.18292011019283747] and parameters: {'psi': 0.6687789960088969}.
[I 2025-08-09 18:55:29,085] Trial 146 finished with values: [0.687566956120499, 0.1831218974076117] and parameters: {'psi': 0.6732798573848531}.
[I 2025-08-09 18:55:34,685] Trial 147 finished with values: [0.686316627885621, 0.18221494817239497] and parameters: {'psi': 0.4378793113030992}.
[I 2025-08-09 18:55:40,316] Trial 148 finished with values: [0.6857392001238564, 0.18022938285090115] and parameters: {'psi': 0.20787082066372187}.
[I 2025-08-09 18:55:45,947] Trial 149 finished with values: [0.6856560978830557, 0.18013100436681223] and parameters: {'psi': 0.18296552935646127}.
