[I 2025-08-09 19:41:09,360] Trial 150 finished with values: [0.68053626180667, 0.17204301075268819] and parameters: {'psi': 0.8343118890613326}.
[I 2025-08-09 19:41:14,966] Trial 151 finished with values: [0.6739070393601492, 0.17103620474406991] and parameters: {'psi': 0.08341114126929661}.
[I 2025-08-09 19:41:20,688] Trial 152 finished with values: [0.6842320982780076, 0.1726078799249531] and parameters: {'psi': 0.423470153322392}.
[I 2025-08-09 19:41:26,311] Trial 153 finished with values: [0.681378711689871, 0.17217716781035558] and parameters: {'psi': 0.21099828113200048}.
[I 2025-08-09 19:41:31,921] Trial 154 finished with values: [0.684634844487952, 0.1713570981863665] and parameters: {'psi': 0.5010512695586347}.
[I 2025-08-09 19:41:37,533] Trial 155 finished with values: [0.683919492222482, 0.17239225484072454] and parameters: {'psi': 0.3818429769443099}.
[I 2025-08-09 19:41:43,148] Trial 156 finished with values: [0.6844859329528517, 0.1726078799249531] and parameters: {'psi': 0.46678396871460837}.
[I 2025-08-09 19:41:48,759] Trial 157 finished with values: [0.6846927595371664, 0.17304075235109717] and parameters: {'psi': 0.6105176352496381}.
[I 2025-08-09 19:41:54,378] Trial 158 finished with values: [0.6782154683209187, 0.17204301075268819] and parameters: {'psi': 0.969677923053544}.
[I 2025-08-09 19:41:59,994] Trial 159 finished with values: [0.6807664797610565, 0.17215189873417722] and parameters: {'psi': 0.8216311685307843}.
[I 2025-08-09 19:42:05,617] Trial 160 finished with values: [0.6845912617232904, 0.1713570981863665] and parameters: {'psi': 0.4901734236577767}.
[I 2025-08-09 19:42:11,217] Trial 161 finished with values: [0.6845092792528462, 0.1713570981863665] and parameters: {'psi': 0.4718380542506143}.
[I 2025-08-09 19:42:16,832] Trial 162 finished with values: [0.6804586511337152, 0.1706700379266751] and parameters: {'psi': 0.8501820556192236}.
[I 2025-08-09 19:42:22,438] Trial 163 finished with values: [0.6805877769049206, 0.16951296647691336] and parameters: {'psi': 0.8819410176704081}.
[I 2025-08-09 19:42:28,055] Trial 164 finished with values: [0.6208571697704176, 0.1724354940213971] and parameters: {'psi': 0.014857022344040738}.
[I 2025-08-09 19:42:33,657] Trial 165 finished with values: [0.6841534059231997, 0.17314930991217065] and parameters: {'psi': 0.6870355979059737}.
[I 2025-08-09 19:42:39,270] Trial 166 finished with values: [0.6804646454539841, 0.17217716781035558] and parameters: {'psi': 0.17897071774520723}.
[I 2025-08-09 19:42:44,875] Trial 167 finished with values: [0.6794025690845411, 0.17206982543640897] and parameters: {'psi': 0.1514228743197905}.
[I 2025-08-09 19:42:50,494] Trial 168 finished with values: [0.6780952213549237, 0.17226092463584547] and parameters: {'psi': 0.9548773013272918}.
[I 2025-08-09 19:42:56,113] Trial 169 finished with values: [0.6833703133316839, 0.17228464419475656] and parameters: {'psi': 0.3278392358655824}.
[I 2025-08-09 19:43:01,718] Trial 170 finished with values: [0.6836205874704284, 0.17228464419475656] and parameters: {'psi': 0.35070897272457724}.
[I 2025-08-09 19:43:07,346] Trial 171 finished with values: [0.6804621665997377, 0.1706700379266751] and parameters: {'psi': 0.8462656367734651}.
[I 2025-08-09 19:43:12,964] Trial 172 finished with values: [0.6805047127526235, 0.17193426042983564] and parameters: {'psi': 0.8374960877278961}.
[I 2025-08-09 19:43:18,581] Trial 173 finished with values: [0.680458786343947, 0.1706700379266751] and parameters: {'psi': 0.8499657478875645}.
[I 2025-08-09 19:43:24,189] Trial 174 finished with values: [0.683266471873793, 0.17228464419475656] and parameters: {'psi': 0.31924126039829426}.
[I 2025-08-09 19:43:29,792] Trial 175 finished with values: [0.6843613141893674, 0.17314930991217065] and parameters: {'psi': 0.6698355086973644}.
[I 2025-08-09 19:43:35,429] Trial 176 finished with values: [0.680766795251597, 0.17217716781035558] and parameters: {'psi': 0.1886614632965874}.
[I 2025-08-09 19:43:41,043] Trial 177 finished with values: [0.6626854464664382, 0.1713570981863665] and parameters: {'psi': 0.04344684732557591}.
[I 2025-08-09 19:43:46,648] Trial 178 finished with values: [0.6806052190248008, 0.16951296647691336] and parameters: {'psi': 0.876953245638751}.
[I 2025-08-09 19:43:52,266] Trial 179 finished with values: [0.6832723760539074, 0.172544080604534] and parameters: {'psi': 0.7314793557484592}.
[I 2025-08-09 19:43:57,883] Trial 180 finished with values: [0.6783952528589077, 0.17099430018999368] and parameters: {'psi': 0.9455310611605922}.
[I 2025-08-09 19:44:03,509] Trial 181 finished with values: [0.6787337291387514, 0.17088607594936708] and parameters: {'psi': 0.936457216427743}.
[I 2025-08-09 19:44:09,114] Trial 182 finished with values: [0.6817150696760859, 0.17217716781035558] and parameters: {'psi': 0.22545915154761054}.
[I 2025-08-09 19:44:14,721] Trial 183 finished with values: [0.6839588383998861, 0.1725] and parameters: {'psi': 0.38641880202106627}.
[I 2025-08-09 19:44:20,331] Trial 184 finished with values: [0.6835946721760329, 0.17228464419475656] and parameters: {'psi': 0.34816809846294305}.
[I 2025-08-09 19:44:25,944] Trial 185 finished with values: [0.6830426989404476, 0.17402269861286254] and parameters: {'psi': 0.7406913185669367}.
[I 2025-08-09 19:44:31,565] Trial 186 finished with values: [0.678004540359578, 0.17110266159695817] and parameters: {'psi': 0.9613504571157759}.
[I 2025-08-09 19:44:37,174] Trial 187 finished with values: [0.6644067628552255, 0.1713570981863665] and parameters: {'psi': 0.04687366675221427}.
[I 2025-08-09 19:44:42,790] Trial 188 finished with values: [0.6795810015202136, 0.17206982543640897] and parameters: {'psi': 0.1554649680325043}.
[I 2025-08-09 19:44:48,393] Trial 189 finished with values: [0.6648997393597434, 0.17125] and parameters: {'psi': 0.04796062289872716}.
[I 2025-08-09 19:44:54,005] Trial 190 finished with values: [0.6844129194277723, 0.17314930991217065] and parameters: {'psi': 0.6641756991189366}.
[I 2025-08-09 19:44:59,626] Trial 191 finished with values: [0.6841596706639318, 0.1726078799249531] and parameters: {'psi': 0.4127130361781983}.
[I 2025-08-09 19:45:05,259] Trial 192 finished with values: [0.684750314025763, 0.17157169693174704] and parameters: {'psi': 0.5554626389781306}.
[I 2025-08-09 19:45:10,873] Trial 193 finished with values: [0.6843281426125412, 0.1726078799249531] and parameters: {'psi': 0.43829602288400626}.
[I 2025-08-09 19:45:16,480] Trial 194 finished with values: [0.684282531694405, 0.17314930991217065] and parameters: {'psi': 0.6774311049133777}.
[I 2025-08-09 19:45:22,099] Trial 195 finished with values: [0.6789018405267431, 0.17215189873417722] and parameters: {'psi': 0.9318769212066756}.
[I 2025-08-09 19:45:27,716] Trial 196 finished with values: [0.6842787007378422, 0.17314930991217065] and parameters: {'psi': 0.6777661130292675}.
[I 2025-08-09 19:45:33,338] Trial 197 finished with values: [0.67691492617296, 0.17206982543640897] and parameters: {'psi': 0.11072440941678763}.
[I 2025-08-09 19:45:38,937] Trial 198 finished with values: [0.6560897561573613, 0.17125] and parameters: {'psi': 0.03392454067685169}.
[I 2025-08-09 19:45:44,563] Trial 199 finished with values: [0.6813119178354464, 0.1733080328905756] and parameters: {'psi': 0.7997171657693319}.
[I 2025-08-09 19:45:50,192] Trial 200 finished with values: [0.6560913786801408, 0.17125] and parameters: {'psi': 0.03392660779297607}.
[I 2025-08-09 19:45:55,811] Trial 201 finished with values: [0.6805409941647771, 0.1706700379266751] and parameters: {'psi': 0.8604411486349924}.
[I 2025-08-09 19:46:01,432] Trial 202 finished with values: [0.6804613102682706, 0.1706700379266751] and parameters: {'psi': 0.8454852672507948}.
[I 2025-08-09 19:46:07,033] Trial 203 finished with values: [0.6845470029074707, 0.17314930991217065] and parameters: {'psi': 0.6461411742909284}.
[I 2025-08-09 19:46:12,753] Trial 204 finished with values: [0.6805069211864068, 0.17193426042983564] and parameters: {'psi': 0.8370582070441033}.
[I 2025-08-09 19:46:18,371] Trial 205 finished with values: [0.6843568522517235, 0.1726078799249531] and parameters: {'psi': 0.4433503969223359}.
[I 2025-08-09 19:46:23,991] Trial 206 finished with values: [0.6805804304823354, 0.16951296647691336] and parameters: {'psi': 0.8834309258389232}.
[I 2025-08-09 19:46:29,595] Trial 207 finished with values: [0.6829356124369976, 0.17228464419475656] and parameters: {'psi': 0.2942336582264463}.
[I 2025-08-09 19:46:35,224] Trial 208 finished with values: [0.6838042480350572, 0.17200251098556182] and parameters: {'psi': 0.7064281403987364}.
[I 2025-08-09 19:46:40,811] Trial 209 finished with values: [0.6833256488851691, 0.17228464419475656] and parameters: {'psi': 0.324293530861122}.
[I 2025-08-09 19:46:46,433] Trial 210 finished with values: [0.6845970306931732, 0.1713570981863665] and parameters: {'psi': 0.4916617261150985}.
[I 2025-08-09 19:46:52,024] Trial 211 finished with values: [0.6842287180222169, 0.17304075235109717] and parameters: {'psi': 0.6817824798794423}.
[I 2025-08-09 19:46:57,637] Trial 212 finished with values: [0.6828207288101905, 0.17402269861286254] and parameters: {'psi': 0.748885128080421}.
[I 2025-08-09 19:47:03,237] Trial 213 finished with values: [0.6824237515701289, 0.17217716781035558] and parameters: {'psi': 0.262244719355756}.
[I 2025-08-09 19:47:08,840] Trial 214 finished with values: [0.6847485112226745, 0.17157169693174704] and parameters: {'psi': 0.5692398979776883}.
[I 2025-08-09 19:47:14,450] Trial 215 finished with values: [0.6840418124120289, 0.1725] and parameters: {'psi': 0.39651088581098914}.
[I 2025-08-09 19:47:20,070] Trial 216 finished with values: [0.6793024684430586, 0.17206982543640897] and parameters: {'psi': 0.14924080673134987}.
[I 2025-08-09 19:47:25,683] Trial 217 finished with values: [0.6797624536510593, 0.17217716781035558] and parameters: {'psi': 0.15984515175221747}.
[I 2025-08-09 19:47:31,296] Trial 218 finished with values: [0.684518924249369, 0.1713570981863665] and parameters: {'psi': 0.47365877638826126}.
[I 2025-08-09 19:47:36,904] Trial 219 finished with values: [0.6847350803396661, 0.17146433041301626] and parameters: {'psi': 0.5448979869558843}.
[I 2025-08-09 19:47:42,512] Trial 220 finished with values: [0.6790160931724694, 0.17297979797979798] and parameters: {'psi': 0.977183002748779}.
[I 2025-08-09 19:47:48,132] Trial 221 finished with values: [0.6792205310426919, 0.17297979797979798] and parameters: {'psi': 0.9783487988877776}.
[I 2025-08-09 19:47:53,734] Trial 222 finished with values: [0.683588858136073, 0.17228464419475656] and parameters: {'psi': 0.34761463467611387}.
[I 2025-08-09 19:47:59,335] Trial 223 finished with values: [0.6817344498092859, 0.17217716781035558] and parameters: {'psi': 0.22645409561006058}.
[I 2025-08-09 19:48:04,943] Trial 224 finished with values: [0.684750539376149, 0.17157169693174704] and parameters: {'psi': 0.5647016546384079}.
[I 2025-08-09 19:48:10,563] Trial 225 finished with values: [0.6832608381141418, 0.172544080604534] and parameters: {'psi': 0.7319716487036277}.
[I 2025-08-09 19:48:16,192] Trial 226 finished with values: [0.6805848022798248, 0.16940581542351454] and parameters: {'psi': 0.8668434138173949}.
[I 2025-08-09 19:48:21,812] Trial 227 finished with values: [0.6794849121156029, 0.17204301075268819] and parameters: {'psi': 0.9166907291248669}.
[I 2025-08-09 19:48:27,414] Trial 228 finished with values: [0.6843775394171627, 0.1726078799249531] and parameters: {'psi': 0.4466215482561777}.
[I 2025-08-09 19:48:33,018] Trial 229 finished with values: [0.6833635978901794, 0.1724354940213971] and parameters: {'psi': 0.7276859652654099}.
[I 2025-08-09 19:48:38,607] Trial 230 finished with values: [0.6827678616096238, 0.17413249211356466] and parameters: {'psi': 0.7510024110446473}.
[I 2025-08-09 19:48:44,261] Trial 231 finished with values: [0.6846792835840807, 0.17146433041301626] and parameters: {'psi': 0.5137019943199481}.
[I 2025-08-09 19:48:49,883] Trial 232 finished with values: [0.6804579750825571, 0.1706700379266751] and parameters: {'psi': 0.844848604400828}.
[I 2025-08-09 19:48:55,515] Trial 233 finished with values: [0.4487274238349498, 0.16506189821182943] and parameters: {'psi': 0.0004129957680537588}.
[I 2025-08-09 19:49:01,127] Trial 234 finished with values: [0.6845805350449146, 0.1713570981863665] and parameters: {'psi': 0.4873197806985592}.
[I 2025-08-09 19:49:06,725] Trial 235 finished with values: [0.6736227823831884, 0.17103620474406991] and parameters: {'psi': 0.0815207849515438}.
[I 2025-08-09 19:49:12,326] Trial 236 finished with values: [0.6835057489136985, 0.17228464419475656] and parameters: {'psi': 0.33942679039338386}.
[I 2025-08-09 19:49:17,941] Trial 237 finished with values: [0.6804586962037925, 0.1706700379266751] and parameters: {'psi': 0.8471219865575379}.
[I 2025-08-09 19:49:23,545] Trial 238 finished with values: [0.684087243049856, 0.17200251098556182] and parameters: {'psi': 0.6913841081185352}.
[I 2025-08-09 19:49:29,164] Trial 239 finished with values: [0.6815512399454291, 0.17217716781035558] and parameters: {'psi': 0.21821985517411668}.
[I 2025-08-09 19:49:34,771] Trial 240 finished with values: [0.6845555211520633, 0.17221873035826524] and parameters: {'psi': 0.993358345737656}.
[I 2025-08-09 19:49:40,365] Trial 241 finished with values: [0.6780030981171075, 0.17110266159695817] and parameters: {'psi': 0.9614579299711286}.
[I 2025-08-09 19:49:45,983] Trial 242 finished with values: [0.6819682733698491, 0.17217716781035558] and parameters: {'psi': 0.23749013388926554}.
[I 2025-08-09 19:49:51,595] Trial 243 finished with values: [0.6810501057569363, 0.17204301075268819] and parameters: {'psi': 0.8094802505348417}.
[I 2025-08-09 19:49:57,197] Trial 244 finished with values: [0.6781228493122531, 0.17215189873417722] and parameters: {'psi': 0.9678620555832528}.
[I 2025-08-09 19:50:02,813] Trial 245 finished with values: [0.6832235651602896, 0.17228464419475656] and parameters: {'psi': 0.3155619311681229}.
[I 2025-08-09 19:50:08,419] Trial 246 finished with values: [0.6781649447643668, 0.17204301075268819] and parameters: {'psi': 0.9686592042241875}.
[I 2025-08-09 19:50:14,053] Trial 247 finished with values: [0.6827959853378025, 0.17228464419475656] and parameters: {'psi': 0.2851083554720444}.
[I 2025-08-09 19:50:19,671] Trial 248 finished with values: [0.6418443216435075, 0.17167919799498746] and parameters: {'psi': 0.022798285329883483}.
[I 2025-08-09 19:50:25,280] Trial 249 finished with values: [0.6795242582930069, 0.17215189873417722] and parameters: {'psi': 0.9158136443701294}.
[I 2025-08-09 19:50:30,888] Trial 250 finished with values: [0.6840138689641589, 0.1721105527638191] and parameters: {'psi': 0.6959350617261004}.
[I 2025-08-09 19:50:36,470] Trial 251 finished with values: [0.6846690526765542, 0.17304075235109717] and parameters: {'psi': 0.617766964105694}.
[I 2025-08-09 19:50:42,081] Trial 252 finished with values: [0.67921345504057, 0.17215189873417722] and parameters: {'psi': 0.9235343329618625}.
[I 2025-08-09 19:50:47,691] Trial 253 finished with values: [0.6832813449992721, 0.17228464419475656] and parameters: {'psi': 0.32040832189584434}.
[I 2025-08-09 19:50:53,412] Trial 254 finished with values: [0.6809244503816759, 0.17204301075268819] and parameters: {'psi': 0.8146703553547252}.
[I 2025-08-09 19:50:59,015] Trial 255 finished with values: [0.6834957433565578, 0.17232704402515722] and parameters: {'psi': 0.7220136556383386}.
[I 2025-08-09 19:51:04,624] Trial 256 finished with values: [0.6838750080562763, 0.17200251098556182] and parameters: {'psi': 0.703237008282053}.
[I 2025-08-09 19:51:10,233] Trial 257 finished with values: [0.6825624772677799, 0.17228464419475656] and parameters: {'psi': 0.2705530222510132}.
[I 2025-08-09 19:51:15,834] Trial 258 finished with values: [0.6834847462577188, 0.17221873035826524] and parameters: {'psi': 0.7224455599377331}.
[I 2025-08-09 19:51:21,420] Trial 259 finished with values: [0.6799299791280472, 0.17217716781035558] and parameters: {'psi': 0.16395559599984633}.
[I 2025-08-09 19:51:27,030] Trial 260 finished with values: [0.6820795964605567, 0.17217716781035558] and parameters: {'psi': 0.24323902092265848}.
[I 2025-08-09 19:51:32,632] Trial 261 finished with values: [0.6764475945423742, 0.17206982543640897] and parameters: {'psi': 0.10542561079962531}.
[I 2025-08-09 19:51:38,260] Trial 262 finished with values: [0.6846262361032049, 0.1713570981863665] and parameters: {'psi': 0.4991384873540753}.
[I 2025-08-09 19:51:43,868] Trial 263 finished with values: [0.6779635716593947, 0.17217716781035558] and parameters: {'psi': 0.1248313304164198}.
[I 2025-08-09 19:51:49,490] Trial 264 finished with values: [0.5984257923432248, 0.17215189873417722] and parameters: {'psi': 0.010285103699205322}.
[I 2025-08-09 19:51:55,112] Trial 265 finished with values: [0.6412753569888141, 0.17167919799498746] and parameters: {'psi': 0.02249062180719552}.
[I 2025-08-09 19:52:00,731] Trial 266 finished with values: [0.6785036914646738, 0.17217716781035558] and parameters: {'psi': 0.1336343006950177}.
[I 2025-08-09 19:52:06,351] Trial 267 finished with values: [0.683066676221523, 0.17228464419475656] and parameters: {'psi': 0.30400352671900743}.
[I 2025-08-09 19:52:11,955] Trial 268 finished with values: [0.6837185247482047, 0.17228464419475656] and parameters: {'psi': 0.36026996550594703}.
[I 2025-08-09 19:52:17,580] Trial 269 finished with values: [0.6793995944594453, 0.17204301075268819] and parameters: {'psi': 0.9188798862781581}.
[I 2025-08-09 19:52:23,191] Trial 270 finished with values: [0.6785639952279802, 0.17099430018999368] and parameters: {'psi': 0.9409300652800814}.
[I 2025-08-09 19:52:28,807] Trial 271 finished with values: [0.6806122048867682, 0.16951296647691336] and parameters: {'psi': 0.8763204004151494}.
[I 2025-08-09 19:52:34,428] Trial 272 finished with values: [0.6782517497330725, 0.17204301075268819] and parameters: {'psi': 0.9702851863870438}.
[I 2025-08-09 19:52:40,047] Trial 273 finished with values: [0.684529200226973, 0.1713570981863665] and parameters: {'psi': 0.4764950082272812}.
[I 2025-08-09 19:52:45,662] Trial 274 finished with values: [0.6844826879072927, 0.17325800376647835] and parameters: {'psi': 0.6559992909215904}.
[I 2025-08-09 19:52:51,276] Trial 275 finished with values: [0.68437758448724, 0.1726078799249531] and parameters: {'psi': 0.44653092136174566}.
[I 2025-08-09 19:52:56,879] Trial 276 finished with values: [0.6826952537152392, 0.17228464419475656] and parameters: {'psi': 0.2787217071523759}.
[I 2025-08-09 19:53:02,487] Trial 277 finished with values: [0.6765567091992986, 0.17206982543640897] and parameters: {'psi': 0.10660037426006486}.
[I 2025-08-09 19:53:08,087] Trial 278 finished with values: [0.6847087143444985, 0.17304075235109717] and parameters: {'psi': 0.6061023153983529}.
[I 2025-08-09 19:53:13,703] Trial 279 finished with values: [0.681161248567335, 0.17217716781035558] and parameters: {'psi': 0.2025797610546436}.
[I 2025-08-09 19:53:19,328] Trial 280 finished with values: [0.625325146804509, 0.17200251098556182] and parameters: {'psi': 0.016132893612811672}.
[I 2025-08-09 19:53:24,940] Trial 281 finished with values: [0.681878583916202, 0.174573055028463] and parameters: {'psi': 0.7810317740318332}.
[I 2025-08-09 19:53:30,548] Trial 282 finished with values: [0.6847445901259573, 0.17167919799498746] and parameters: {'psi': 0.5748667755397399}.
[I 2025-08-09 19:53:36,164] Trial 283 finished with values: [0.6813689765531936, 0.1731984829329962] and parameters: {'psi': 0.7977943101660565}.
[I 2025-08-09 19:53:41,772] Trial 284 finished with values: [0.6787984497696243, 0.17182564750473783] and parameters: {'psi': 0.9758082254742878}.
[I 2025-08-09 19:53:47,378] Trial 285 finished with values: [0.6795175879215799, 0.17215189873417722] and parameters: {'psi': 0.9159706821166874}.
[I 2025-08-09 19:53:52,989] Trial 286 finished with values: [0.6838083944821606, 0.17228464419475656] and parameters: {'psi': 0.3697992728269359}.
[I 2025-08-09 19:53:58,576] Trial 287 finished with values: [0.684651159855902, 0.17146433041301626] and parameters: {'psi': 0.5053586089371532}.
[I 2025-08-09 19:54:04,195] Trial 288 finished with values: [0.6804835748864121, 0.17193426042983564] and parameters: {'psi': 0.8402191599275789}.
[I 2025-08-09 19:54:09,789] Trial 289 finished with values: [0.68382439435957, 0.17239225484072454] and parameters: {'psi': 0.3715155317714868}.
[I 2025-08-09 19:54:15,398] Trial 290 finished with values: [0.6770382379042055, 0.17206982543640897] and parameters: {'psi': 0.1122579791391155}.
[I 2025-08-09 19:54:21,011] Trial 291 finished with values: [0.6818745726793304, 0.17217716781035558] and parameters: {'psi': 0.23311044579684725}.
[I 2025-08-09 19:54:26,631] Trial 292 finished with values: [0.6830778986707482, 0.17228464419475656] and parameters: {'psi': 0.30476003856701805}.
[I 2025-08-09 19:54:32,253] Trial 293 finished with values: [0.6875551601407448, 0.1708542713567839] and parameters: {'psi': 0.9993975856620374}.
[I 2025-08-09 19:54:37,870] Trial 294 finished with values: [0.6805768248761588, 0.17217716781035558] and parameters: {'psi': 0.18236366514625113}.
[I 2025-08-09 19:54:43,499] Trial 295 finished with values: [0.6820827513659613, 0.17217716781035558] and parameters: {'psi': 0.2434507524654248}.
[I 2025-08-09 19:54:49,113] Trial 296 finished with values: [0.6847463929290458, 0.17157169693174704] and parameters: {'psi': 0.552294050893996}.
[I 2025-08-09 19:54:54,731] Trial 297 finished with values: [0.6847248043620623, 0.17146433041301626] and parameters: {'psi': 0.5383835572071928}.
[I 2025-08-09 19:55:00,354] Trial 298 finished with values: [0.684687080707438, 0.17304075235109717] and parameters: {'psi': 0.612706881763575}.
[I 2025-08-09 19:55:05,965] Trial 299 finished with values: [0.6820944695860358, 0.17217716781035558] and parameters: {'psi': 0.24412912033097622}.
