[I 2025-08-09 19:01:29,169] Trial 151 finished with values: [0.943004898428249, 0.24175824175824176] and parameters: {'psi': 0.7418720106184431}.
[I 2025-08-09 19:01:34,320] Trial 152 finished with values: [0.9502579373267852, 0.20585048754062837] and parameters: {'psi': 0.007261481928313884}.
[I 2025-08-09 19:01:39,350] Trial 153 finished with values: [0.9473980869780539, 0.21850613154960982] and parameters: {'psi': 0.10368564819647763}.
[I 2025-08-09 19:01:44,419] Trial 154 finished with values: [0.9357099546347766, 0.217440543601359] and parameters: {'psi': 0.9439638513280012}.
[I 2025-08-09 19:01:49,444] Trial 155 finished with values: [0.9393747281737402, 0.2553729456384324] and parameters: {'psi': 0.820707744351313}.
[I 2025-08-09 19:01:54,492] Trial 156 finished with values: [0.9460128444852205, 0.22890173410404624] and parameters: {'psi': 0.6000866154583673}.
[I 2025-08-09 19:01:59,516] Trial 157 finished with values: [0.9347277292943788, 0.23376623376623376] and parameters: {'psi': 0.9189768259404395}.
[I 2025-08-09 19:02:04,561] Trial 158 finished with values: [0.9470661811624799, 0.21286031042128603] and parameters: {'psi': 0.3574209103319157}.
[I 2025-08-09 19:02:09,603] Trial 159 finished with values: [0.9472647532214388, 0.21875] and parameters: {'psi': 0.13871536946704732}.
[I 2025-08-09 19:02:14,648] Trial 160 finished with values: [0.9471387210753051, 0.21627647714604237] and parameters: {'psi': 0.2172442229375715}.
[I 2025-08-09 19:02:19,695] Trial 161 finished with values: [0.9360107492404739, 0.217440543601359] and parameters: {'psi': 0.9483662503703344}.
[I 2025-08-09 19:02:24,755] Trial 162 finished with values: [0.9476014209568918, 0.21802002224694106] and parameters: {'psi': 0.07677776000005432}.
[I 2025-08-09 19:02:29,792] Trial 163 finished with values: [0.9470938002977787, 0.21555555555555556] and parameters: {'psi': 0.3124513813472969}.
[I 2025-08-09 19:02:34,819] Trial 164 finished with values: [0.9357353515407985, 0.24600246002460024] and parameters: {'psi': 0.8826306062335009}.
[I 2025-08-09 19:02:39,879] Trial 165 finished with values: [0.9382217086403448, 0.25440806045340053] and parameters: {'psi': 0.8401717494827264}.
[I 2025-08-09 19:02:44,918] Trial 166 finished with values: [0.9396637767104024, 0.19850586979722518] and parameters: {'psi': 0.9865387967325826}.
[I 2025-08-09 19:02:49,952] Trial 167 finished with values: [0.9360924955317319, 0.24630541871921183] and parameters: {'psi': 0.8758878710369599}.
[I 2025-08-09 19:02:54,994] Trial 168 finished with values: [0.938312661310036, 0.20412595005428882] and parameters: {'psi': 0.9753229831527865}.
[I 2025-08-09 19:03:00,036] Trial 169 finished with values: [0.946963799885079, 0.21524663677130046] and parameters: {'psi': 0.43972067115419855}.
[I 2025-08-09 19:03:05,073] Trial 170 finished with values: [0.946571893879028, 0.22576966932725198] and parameters: {'psi': 0.545726660296155}.
[I 2025-08-09 19:03:10,098] Trial 171 finished with values: [0.9461639560760511, 0.23014959723820483] and parameters: {'psi': 0.5873971803307116}.
[I 2025-08-09 19:03:15,157] Trial 172 finished with values: [0.9372745627763898, 0.2068206820682068] and parameters: {'psi': 0.9643875032435727}.
[I 2025-08-09 19:03:20,185] Trial 173 finished with values: [0.950228254692872, 0.20607375271149675] and parameters: {'psi': 0.007799638890905181}.
[I 2025-08-09 19:03:25,219] Trial 174 finished with values: [0.9470411017177832, 0.21309655937846836] and parameters: {'psi': 0.37809431513366687}.
[I 2025-08-09 19:03:30,258] Trial 175 finished with values: [0.9471180860891623, 0.21603563474387527] and parameters: {'psi': 0.25980347045025776}.
[I 2025-08-09 19:03:35,296] Trial 176 finished with values: [0.9468130057555739, 0.22020431328036322] and parameters: {'psi': 0.499531308867458}.
[I 2025-08-09 19:03:40,316] Trial 177 finished with values: [0.9470990384096458, 0.2153163152053274] and parameters: {'psi': 0.3002560082367137}.
[I 2025-08-09 19:03:45,375] Trial 178 finished with values: [0.9369423394994905, 0.25093167701863356] and parameters: {'psi': 0.86147413579857}.
[I 2025-08-09 19:03:50,391] Trial 179 finished with values: [0.9455004619062283, 0.23130841121495327] and parameters: {'psi': 0.6340086472892135}.
[I 2025-08-09 19:03:55,430] Trial 180 finished with values: [0.9356391607592405, 0.21818181818181817] and parameters: {'psi': 0.9429227973409922}.
[I 2025-08-09 19:04:00,446] Trial 181 finished with values: [0.9471123717853072, 0.21555555555555556] and parameters: {'psi': 0.27823703330558014}.
[I 2025-08-09 19:04:05,489] Trial 182 finished with values: [0.9470947526817546, 0.2153163152053274] and parameters: {'psi': 0.3052778104967826}.
[I 2025-08-09 19:04:10,516] Trial 183 finished with values: [0.9374174203727631, 0.2068206820682068] and parameters: {'psi': 0.9660041109791474}.
[I 2025-08-09 19:04:15,559] Trial 184 finished with values: [0.9364978936441067, 0.21252796420581654] and parameters: {'psi': 0.9546879424841325}.
[I 2025-08-09 19:04:20,602] Trial 185 finished with values: [0.9469626887704405, 0.21524663677130046] and parameters: {'psi': 0.43927370462029414}.
[I 2025-08-09 19:04:25,641] Trial 186 finished with values: [0.9471545941415687, 0.21627647714604237] and parameters: {'psi': 0.20100930520110682}.
[I 2025-08-09 19:04:30,667] Trial 187 finished with values: [0.9474438014088933, 0.21850613154960982] and parameters: {'psi': 0.09631739612963841}.
[I 2025-08-09 19:04:35,729] Trial 188 finished with values: [0.9414215600684448, 0.2534504391468005] and parameters: {'psi': 0.7823324426214342}.
[I 2025-08-09 19:04:40,751] Trial 189 finished with values: [0.9391769497680945, 0.2553729456384324] and parameters: {'psi': 0.8239942196275395}.
[I 2025-08-09 19:04:45,792] Trial 190 finished with values: [0.9455279223108644, 0.23130841121495327] and parameters: {'psi': 0.6327904012146375}.
[I 2025-08-09 19:04:50,836] Trial 191 finished with values: [0.9471901498099994, 0.21651785714285715] and parameters: {'psi': 0.17363695511367339}.
[I 2025-08-09 19:04:55,875] Trial 192 finished with values: [0.9470826891513942, 0.21309655937846836] and parameters: {'psi': 0.3323140286190184}.
[I 2025-08-09 19:05:00,904] Trial 193 finished with values: [0.9443563312899406, 0.23167848699763594] and parameters: {'psi': 0.6913872528342424}.
[I 2025-08-09 19:05:05,962] Trial 194 finished with values: [0.9462403055247793, 0.22988505747126436] and parameters: {'psi': 0.5809035005852292}.
[I 2025-08-09 19:05:11,016] Trial 195 finished with values: [0.9472738008692091, 0.21875] and parameters: {'psi': 0.13353116776940477}.
[I 2025-08-09 19:05:16,056] Trial 196 finished with values: [0.9460323683567248, 0.22863741339491916] and parameters: {'psi': 0.5984190859655869}.
[I 2025-08-09 19:05:21,093] Trial 197 finished with values: [0.9469903079057393, 0.21452513966480447] and parameters: {'psi': 0.4160341654452906}.
[I 2025-08-09 19:05:26,145] Trial 198 finished with values: [0.9476950720478476, 0.22] and parameters: {'psi': 0.06730096138051533}.
[I 2025-08-09 19:05:31,194] Trial 199 finished with values: [0.9469774507220658, 0.21476510067114093] and parameters: {'psi': 0.4243834427539446}.
[I 2025-08-09 19:05:36,229] Trial 200 finished with values: [0.9403012390515525, 0.255050505050505] and parameters: {'psi': 0.8046484228245792}.
[I 2025-08-09 19:05:41,272] Trial 201 finished with values: [0.9470050698573648, 0.21452513966480447] and parameters: {'psi': 0.40710033212313756}.
[I 2025-08-09 19:05:46,414] Trial 202 finished with values: [0.9469763396074273, 0.21524663677130046] and parameters: {'psi': 0.42760187941998984}.
[I 2025-08-09 19:05:51,460] Trial 203 finished with values: [0.9451398258407169, 0.23031727379553465] and parameters: {'psi': 0.6536845520594176}.
[I 2025-08-09 19:05:56,485] Trial 204 finished with values: [0.9471545941415687, 0.21627647714604237] and parameters: {'psi': 0.201386552696324}.
[I 2025-08-09 19:06:01,518] Trial 205 finished with values: [0.9373532931850578, 0.25155666251556663] and parameters: {'psi': 0.8545649317525008}.
[I 2025-08-09 19:06:06,562] Trial 206 finished with values: [0.9465530049301745, 0.22576966932725198] and parameters: {'psi': 0.5476371046867662}.
[I 2025-08-09 19:06:11,613] Trial 207 finished with values: [0.9430353747154753, 0.24175824175824176] and parameters: {'psi': 0.7407731135498835}.
[I 2025-08-09 19:06:16,665] Trial 208 finished with values: [0.9477385642494103, 0.22] and parameters: {'psi': 0.06315411081086286}.
[I 2025-08-09 19:06:21,720] Trial 209 finished with values: [0.9467361801148575, 0.22474460839954596] and parameters: {'psi': 0.518921905199491}.
[I 2025-08-09 19:06:26,755] Trial 210 finished with values: [0.9470963399883809, 0.2153163152053274] and parameters: {'psi': 0.30178722439795935}.
[I 2025-08-09 19:06:31,813] Trial 211 finished with values: [0.947111578131994, 0.2153163152053274] and parameters: {'psi': 0.2811455881306476}.
[I 2025-08-09 19:06:36,860] Trial 212 finished with values: [0.9468512598452694, 0.21896162528216703] and parameters: {'psi': 0.48679191952260803}.
[I 2025-08-09 19:06:41,902] Trial 213 finished with values: [0.9466976085638368, 0.225] and parameters: {'psi': 0.5256630461106053}.
[I 2025-08-09 19:06:46,957] Trial 214 finished with values: [0.9480052317626405, 0.2185430463576159] and parameters: {'psi': 0.04508780677430224}.
[I 2025-08-09 19:06:51,994] Trial 215 finished with values: [0.9471107844786809, 0.2153163152053274] and parameters: {'psi': 0.2823692059402664}.
[I 2025-08-09 19:06:57,029] Trial 216 finished with values: [0.9492679341839181, 0.21420765027322405] and parameters: {'psi': 0.016333312146971868}.
[I 2025-08-09 19:07:02,090] Trial 217 finished with values: [0.9471277686595829, 0.21603563474387527] and parameters: {'psi': 0.24307697694964525}.
[I 2025-08-09 19:07:07,137] Trial 218 finished with values: [0.9453318899425077, 0.22977725674091443] and parameters: {'psi': 0.6442882881730393}.
[I 2025-08-09 19:07:12,188] Trial 219 finished with values: [0.9471061812894644, 0.2153163152053274] and parameters: {'psi': 0.29204387341116933}.
[I 2025-08-09 19:07:17,227] Trial 220 finished with values: [0.9433683916456878, 0.24029126213592233] and parameters: {'psi': 0.7297973745697689}.
[I 2025-08-09 19:07:22,279] Trial 221 finished with values: [0.9463577662151309, 0.22935779816513763] and parameters: {'psi': 0.5690632532817572}.
[I 2025-08-09 19:07:27,317] Trial 222 finished with values: [0.9466053860488446, 0.22576966932725198] and parameters: {'psi': 0.5411453376162779}.
[I 2025-08-09 19:07:32,362] Trial 223 finished with values: [0.9471761815116873, 0.21651785714285715] and parameters: {'psi': 0.1846869101563019}.
[I 2025-08-09 19:07:37,408] Trial 224 finished with values: [0.9451904609220981, 0.2300469483568075] and parameters: {'psi': 0.6509155929065561}.
[I 2025-08-09 19:07:42,437] Trial 225 finished with values: [0.9367805929542633, 0.21134593993325917] and parameters: {'psi': 0.9582172572500024}.
[I 2025-08-09 19:07:47,481] Trial 226 finished with values: [0.947146181416449, 0.21627647714604237] and parameters: {'psi': 0.20819219355649243}.
[I 2025-08-09 19:07:52,531] Trial 227 finished with values: [0.9347728088025676, 0.237125748502994] and parameters: {'psi': 0.909175647316094}.
[I 2025-08-09 19:07:57,546] Trial 228 finished with values: [0.9470198318089899, 0.2140468227424749] and parameters: {'psi': 0.39608539235851903}.
[I 2025-08-09 19:08:02,618] Trial 229 finished with values: [0.9471014193695853, 0.2153163152053274] and parameters: {'psi': 0.2992397889508813}.
[I 2025-08-09 19:08:07,630] Trial 230 finished with values: [0.9454176045003317, 0.2310385064177363] and parameters: {'psi': 0.6392281236606067}.
[I 2025-08-09 19:08:12,656] Trial 231 finished with values: [0.9370099587617738, 0.2512437810945274] and parameters: {'psi': 0.860224096088752}.
[I 2025-08-09 19:08:17,693] Trial 232 finished with values: [0.9471520544509665, 0.21651785714285715] and parameters: {'psi': 0.20368744526892624}.
[I 2025-08-09 19:08:22,739] Trial 233 finished with values: [0.9409379077393896, 0.19348054679284962] and parameters: {'psi': 0.9943015925342275}.
[I 2025-08-09 19:08:27,756] Trial 234 finished with values: [0.9454534776300878, 0.23130841121495327] and parameters: {'psi': 0.6372344332922375}.
[I 2025-08-09 19:08:32,828] Trial 235 finished with values: [0.9485228524534999, 0.21878453038674034] and parameters: {'psi': 0.027980105713223846}.
[I 2025-08-09 19:08:37,877] Trial 236 finished with values: [0.9469685618049581, 0.21524663677130046] and parameters: {'psi': 0.43288629550459456}.
[I 2025-08-09 19:08:42,916] Trial 237 finished with values: [0.9469968158629074, 0.21452513966480447] and parameters: {'psi': 0.4136028603187537}.
[I 2025-08-09 19:08:47,981] Trial 238 finished with values: [0.947337293134264, 0.2182628062360802] and parameters: {'psi': 0.1163189760513742}.
[I 2025-08-09 19:08:53,015] Trial 239 finished with values: [0.9348088406629862, 0.22950819672131148] and parameters: {'psi': 0.9244972964312942}.
[I 2025-08-09 19:08:58,065] Trial 240 finished with values: [0.947047768405614, 0.21309655937846836] and parameters: {'psi': 0.37504136133001764}.
[I 2025-08-09 19:09:03,128] Trial 241 finished with values: [0.9477506277797707, 0.22] and parameters: {'psi': 0.06188161290316441}.
[I 2025-08-09 19:09:08,169] Trial 242 finished with values: [0.9441283940583938, 0.23389021479713604] and parameters: {'psi': 0.7011737584122529}.
[I 2025-08-09 19:09:13,228] Trial 243 finished with values: [0.9473217375293255, 0.2182628062360802] and parameters: {'psi': 0.12033657326360092}.
[I 2025-08-09 19:09:18,247] Trial 244 finished with values: [0.9469577681198987, 0.21548821548821548] and parameters: {'psi': 0.444709752721538}.
[I 2025-08-09 19:09:23,305] Trial 245 finished with values: [0.946976022146102, 0.21500559910414332] and parameters: {'psi': 0.42610457198177754}.
[I 2025-08-09 19:09:28,346] Trial 246 finished with values: [0.9469506252400802, 0.21548821548821548] and parameters: {'psi': 0.4510354620043855}.
[I 2025-08-09 19:09:33,367] Trial 247 finished with values: [0.9470652287785041, 0.21286031042128603] and parameters: {'psi': 0.35148566222474975}.
[I 2025-08-09 19:09:38,415] Trial 248 finished with values: [0.941043622360706, 0.2547288776796974] and parameters: {'psi': 0.7903398433495503}.
[I 2025-08-09 19:09:43,450] Trial 249 finished with values: [0.9454920491811084, 0.23130841121495327] and parameters: {'psi': 0.6345050956443591}.
[I 2025-08-09 19:09:48,490] Trial 250 finished with values: [0.9462391944101409, 0.22988505747126436] and parameters: {'psi': 0.580962723004774}.
[I 2025-08-09 19:09:53,527] Trial 251 finished with values: [0.94711253051597, 0.2153163152053274] and parameters: {'psi': 0.2805102649537672}.
[I 2025-08-09 19:09:58,545] Trial 252 finished with values: [0.9441810926383892, 0.23361144219308702] and parameters: {'psi': 0.6989056494194188}.
[I 2025-08-09 19:10:03,588] Trial 253 finished with values: [0.9470638002025403, 0.21286031042128603] and parameters: {'psi': 0.3543540573310079}.
[I 2025-08-09 19:10:08,714] Trial 254 finished with values: [0.9406512401626671, 0.1945031712473573] and parameters: {'psi': 0.9926976385381169}.
[I 2025-08-09 19:10:13,769] Trial 255 finished with values: [0.9349529681046607, 0.22711471610660486] and parameters: {'psi': 0.9296141719213191}.
[I 2025-08-09 19:10:18,796] Trial 256 finished with values: [0.9473422137848057, 0.2182628062360802] and parameters: {'psi': 0.1154373637540329}.
[I 2025-08-09 19:10:23,841] Trial 257 finished with values: [0.9355605890812352, 0.21867881548974943] and parameters: {'psi': 0.9416781548466943}.
[I 2025-08-09 19:10:28,885] Trial 258 finished with values: [0.9464936396623481, 0.2288329519450801] and parameters: {'psi': 0.555247086250676}.
[I 2025-08-09 19:10:33,902] Trial 259 finished with values: [0.9432637881390099, 0.24058323207776428] and parameters: {'psi': 0.7332887362735971}.
[I 2025-08-09 19:10:38,940] Trial 260 finished with values: [0.9475991987276151, 0.21802002224694106] and parameters: {'psi': 0.07690758308592649}.
[I 2025-08-09 19:10:43,975] Trial 261 finished with values: [0.935671224353093, 0.24539877300613497] and parameters: {'psi': 0.8838181995814164}.
[I 2025-08-09 19:10:49,013] Trial 262 finished with values: [0.9475614208299075, 0.21802002224694106] and parameters: {'psi': 0.08136553619402875}.
[I 2025-08-09 19:10:54,059] Trial 263 finished with values: [0.938945361731307, 0.20086393088552915] and parameters: {'psi': 0.9809525392572445}.
[I 2025-08-09 19:10:59,102] Trial 264 finished with values: [0.9471385623446424, 0.21627647714604237] and parameters: {'psi': 0.2193634836886349}.
[I 2025-08-09 19:11:04,131] Trial 265 finished with values: [0.947136498846028, 0.21627647714604237] and parameters: {'psi': 0.22649837808704543}.
[I 2025-08-09 19:11:09,174] Trial 266 finished with values: [0.9469709427648976, 0.21524663677130046] and parameters: {'psi': 0.433568270882274}.
[I 2025-08-09 19:11:14,212] Trial 267 finished with values: [0.9470320540700129, 0.21333333333333335] and parameters: {'psi': 0.38848808492738507}.
[I 2025-08-09 19:11:19,265] Trial 268 finished with values: [0.94728046755704, 0.21875] and parameters: {'psi': 0.13163645105904653}.
[I 2025-08-09 19:11:24,308] Trial 269 finished with values: [0.9359558284312013, 0.217440543601359] and parameters: {'psi': 0.9475270203007536}.
[I 2025-08-09 19:11:29,353] Trial 270 finished with values: [0.9471596735227731, 0.21651785714285715] and parameters: {'psi': 0.19217268918754393}.
[I 2025-08-09 19:11:34,390] Trial 271 finished with values: [0.9466939577585961, 0.225] and parameters: {'psi': 0.5263325697084318}.
[I 2025-08-09 19:11:39,430] Trial 272 finished with values: [0.9468155454461761, 0.22020431328036322] and parameters: {'psi': 0.4991610602312879}.
[I 2025-08-09 19:11:44,440] Trial 273 finished with values: [0.9470163397344119, 0.2140468227424749] and parameters: {'psi': 0.397757774474121}.
[I 2025-08-09 19:11:49,459] Trial 274 finished with values: [0.947170625938495, 0.21651785714285715] and parameters: {'psi': 0.18593383373364236}.
[I 2025-08-09 19:11:54,485] Trial 275 finished with values: [0.9471363401153654, 0.21627647714604237] and parameters: {'psi': 0.23218343816961573}.
[I 2025-08-09 19:11:59,513] Trial 276 finished with values: [0.9470772923088646, 0.21286031042128603] and parameters: {'psi': 0.33765235790449266}.
[I 2025-08-09 19:12:04,578] Trial 277 finished with values: [0.9476931672798963, 0.22] and parameters: {'psi': 0.06747377985754277}.
[I 2025-08-09 19:12:09,600] Trial 278 finished with values: [0.9348585233603917, 0.22923976608187135] and parameters: {'psi': 0.9266299265511643}.
[I 2025-08-09 19:12:14,640] Trial 279 finished with values: [0.9434756935736304, 0.23757575757575758] and parameters: {'psi': 0.7261326986375635}.
[I 2025-08-09 19:12:19,686] Trial 280 finished with values: [0.9347413801313654, 0.23294117647058823] and parameters: {'psi': 0.9203882080017977}.
[I 2025-08-09 19:12:24,729] Trial 281 finished with values: [0.9500482541214416, 0.2089227421109902] and parameters: {'psi': 0.009482909244822535}.
[I 2025-08-09 19:12:29,772] Trial 282 finished with values: [0.9406017161959245, 0.2547288776796974] and parameters: {'psi': 0.799092798733913}.
[I 2025-08-09 19:12:34,810] Trial 283 finished with values: [0.9350907463198297, 0.24125452352231605] and parameters: {'psi': 0.8980071922762968}.
[I 2025-08-09 19:12:39,844] Trial 284 finished with values: [0.9471153876678973, 0.21579532814238042] and parameters: {'psi': 0.27282000173778087}.
[I 2025-08-09 19:12:44,897] Trial 285 finished with values: [0.947566817672437, 0.21802002224694106] and parameters: {'psi': 0.08040287434411308}.
[I 2025-08-09 19:12:49,946] Trial 286 finished with values: [0.9470768161168766, 0.21286031042128603] and parameters: {'psi': 0.33700234726962475}.
[I 2025-08-09 19:12:54,980] Trial 287 finished with values: [0.9465895129825808, 0.22576966932725198] and parameters: {'psi': 0.5435388823984724}.
[I 2025-08-09 19:13:00,000] Trial 288 finished with values: [0.9470844351886831, 0.21309655937846836] and parameters: {'psi': 0.3293859742168386}.
[I 2025-08-09 19:13:05,023] Trial 289 finished with values: [0.9366309099393966, 0.21205357142857142] and parameters: {'psi': 0.9563987974238477}.
[I 2025-08-09 19:13:10,060] Trial 290 finished with values: [0.9467707833993124, 0.22045454545454546] and parameters: {'psi': 0.5098113746597709}.
[I 2025-08-09 19:13:15,096] Trial 291 finished with values: [0.9469785618367041, 0.21524663677130046] and parameters: {'psi': 0.4288568730509873}.
[I 2025-08-09 19:13:20,118] Trial 292 finished with values: [0.9458236375353574, 0.22996515679442509] and parameters: {'psi': 0.6144323492181389}.
[I 2025-08-09 19:13:25,170] Trial 293 finished with values: [0.947005863510678, 0.21452513966480447] and parameters: {'psi': 0.4061211234485479}.
[I 2025-08-09 19:13:30,205] Trial 294 finished with values: [0.947753961123686, 0.22] and parameters: {'psi': 0.06165872425561514}.
[I 2025-08-09 19:13:35,255] Trial 295 finished with values: [0.9472311023209598, 0.21651785714285715] and parameters: {'psi': 0.15327390086784654}.
[I 2025-08-09 19:13:40,289] Trial 296 finished with values: [0.9357509071457369, 0.217440543601359] and parameters: {'psi': 0.9446011130019489}.
[I 2025-08-09 19:13:45,327] Trial 297 finished with values: [0.9458553836678846, 0.22996515679442509] and parameters: {'psi': 0.6121289422496851}.
[I 2025-08-09 19:13:50,380] Trial 298 finished with values: [0.9473144359188443, 0.21850613154960982] and parameters: {'psi': 0.12266326693780083}.
[I 2025-08-09 19:13:55,424] Trial 299 finished with values: [0.9487041228702313, 0.2165745856353591] and parameters: {'psi': 0.024139169406489303}.
[I 2025-08-09 19:14:00,480] Trial 300 finished with values: [0.9469579268505615, 0.21548821548821548] and parameters: {'psi': 0.4452797448466268}.
