[I 2025-08-09 19:11:23,666] Trial 450 finished with values: [0.7890256207614932, 0.34442270058708413] and parameters: {'psi': 0.11631839703113334}.
[I 2025-08-09 19:11:28,901] Trial 451 finished with values: [0.7889612727967017, 0.34876847290640395] and parameters: {'psi': 0.309088526348281}.
[I 2025-08-09 19:11:34,135] Trial 452 finished with values: [0.7890931105987442, 0.34705882352941175] and parameters: {'psi': 0.2642336636113525}.
[I 2025-08-09 19:11:39,396] Trial 453 finished with values: [0.7890812681563977, 0.345703125] and parameters: {'psi': 0.12548937719143105}.
[I 2025-08-09 19:11:44,635] Trial 454 finished with values: [0.7891394532175191, 0.346718903036239] and parameters: {'psi': 0.24655894011751078}.
[I 2025-08-09 19:11:49,974] Trial 455 finished with values: [0.7883483055640145, 0.34817012858555885] and parameters: {'psi': 0.44197681887619367}.
[I 2025-08-09 19:11:55,215] Trial 456 finished with values: [0.7890991526611659, 0.345703125] and parameters: {'psi': 0.12947159336400593}.
[I 2025-08-09 19:12:00,444] Trial 457 finished with values: [0.7826431485428962, 0.3472222222222222] and parameters: {'psi': 0.8098992058607282}.
[I 2025-08-09 19:12:05,688] Trial 458 finished with values: [0.7832622786792536, 0.34791252485089463] and parameters: {'psi': 0.7907430326158924}.
[I 2025-08-09 19:12:10,924] Trial 459 finished with values: [0.7850480102280033, 0.350597609561753] and parameters: {'psi': 0.7249162418880439}.
[I 2025-08-09 19:12:16,154] Trial 460 finished with values: [0.7855872038785208, 0.34791252485089463] and parameters: {'psi': 0.7004202167109642}.
[I 2025-08-09 19:12:21,390] Trial 461 finished with values: [0.7865644470546154, 0.34791252485089463] and parameters: {'psi': 0.6475720941304377}.
[I 2025-08-09 19:12:26,641] Trial 462 finished with values: [0.7890958899474583, 0.34705882352941175] and parameters: {'psi': 0.26358767807134553}.
[I 2025-08-09 19:12:31,881] Trial 463 finished with values: [0.7802533920138437, 0.3472222222222222] and parameters: {'psi': 0.8540838310019035}.
[I 2025-08-09 19:12:37,121] Trial 464 finished with values: [0.7892042241266803, 0.34476003917727716] and parameters: {'psi': 0.2100648786823891}.
[I 2025-08-09 19:12:42,350] Trial 465 finished with values: [0.7829189686924494, 0.34945705824284307] and parameters: {'psi': 0.9985520614864785}.
[I 2025-08-09 19:12:47,595] Trial 466 finished with values: [0.7781343198812855, 0.34955312810327704] and parameters: {'psi': 0.8914239131011786}.
[I 2025-08-09 19:12:52,839] Trial 467 finished with values: [0.7890706341265353, 0.34739941118743867] and parameters: {'psi': 0.27642515494385134}.
[I 2025-08-09 19:12:58,087] Trial 468 finished with values: [0.787679690936423, 0.34442270058708413] and parameters: {'psi': 0.05662541954943501}.
[I 2025-08-09 19:13:03,332] Trial 469 finished with values: [0.7891366738688051, 0.345703125] and parameters: {'psi': 0.13969276737227276}.
[I 2025-08-09 19:13:08,573] Trial 470 finished with values: [0.7885739765954669, 0.34782608695652173] and parameters: {'psi': 0.39908948551263934}.
[I 2025-08-09 19:13:13,811] Trial 471 finished with values: [0.7865690994426802, 0.34791252485089463] and parameters: {'psi': 0.6472408192100414}.
[I 2025-08-09 19:13:19,052] Trial 472 finished with values: [0.7783419251460972, 0.34955312810327704] and parameters: {'psi': 0.8839508042444506}.
[I 2025-08-09 19:13:24,301] Trial 473 finished with values: [0.7875186699728833, 0.3431372549019608] and parameters: {'psi': 0.05396611769557624}.
[I 2025-08-09 19:13:29,547] Trial 474 finished with values: [0.7883519308014675, 0.34817012858555885] and parameters: {'psi': 0.44136597322625437}.
[I 2025-08-09 19:13:34,802] Trial 475 finished with values: [0.7891895419149955, 0.3460410557184751] and parameters: {'psi': 0.16942139829089053}.
[I 2025-08-09 19:13:40,050] Trial 476 finished with values: [0.7887114939361861, 0.34782608695652173] and parameters: {'psi': 0.3695798714006242}.
[I 2025-08-09 19:13:45,292] Trial 477 finished with values: [0.7879581091728175, 0.3485148514851485] and parameters: {'psi': 0.511602698545917}.
[I 2025-08-09 19:13:50,531] Trial 478 finished with values: [0.7877663341115512, 0.3468780971258672] and parameters: {'psi': 0.5389861161816499}.
[I 2025-08-09 19:13:55,773] Trial 479 finished with values: [0.7791321664902384, 0.3492063492063492] and parameters: {'psi': 0.8692094274453036}.
[I 2025-08-09 19:14:01,023] Trial 480 finished with values: [0.7709286166577244, 0.34325396825396826] and parameters: {'psi': 0.011830730105840237}.
[I 2025-08-09 19:14:06,266] Trial 481 finished with values: [0.7891279128782934, 0.34739941118743867] and parameters: {'psi': 0.2507430165308967}.
[I 2025-08-09 19:14:11,501] Trial 482 finished with values: [0.7813783636161503, 0.3504950495049505] and parameters: {'psi': 0.9726439968687992}.
[I 2025-08-09 19:14:16,734] Trial 483 finished with values: [0.7805775486627707, 0.3472222222222222] and parameters: {'psi': 0.8498200770727806}.
[I 2025-08-09 19:14:21,972] Trial 484 finished with values: [0.7826050835496393, 0.3472222222222222] and parameters: {'psi': 0.8109860197850216}.
[I 2025-08-09 19:14:27,215] Trial 485 finished with values: [0.7886983826607309, 0.3428011753183154] and parameters: {'psi': 0.08971288265244792}.
[I 2025-08-09 19:14:32,449] Trial 486 finished with values: [0.7789658285117674, 0.34955312810327704] and parameters: {'psi': 0.9276221694415587}.
[I 2025-08-09 19:14:37,692] Trial 487 finished with values: [0.7832752086928361, 0.34791252485089463] and parameters: {'psi': 0.7903627806845909}.
[I 2025-08-09 19:14:42,940] Trial 488 finished with values: [0.7781292445488512, 0.34955312810327704] and parameters: {'psi': 0.8917690776325675}.
[I 2025-08-09 19:14:48,173] Trial 489 finished with values: [0.7860578805411754, 0.3482587064676617] and parameters: {'psi': 0.677035704474992}.
[I 2025-08-09 19:14:53,422] Trial 490 finished with values: [0.7858378890483994, 0.3421828908554572] and parameters: {'psi': 0.037067644989998816}.
[I 2025-08-09 19:14:58,676] Trial 491 finished with values: [0.7885142810187402, 0.3411764705882353] and parameters: {'psi': 0.08012145923483094}.
[I 2025-08-09 19:15:03,914] Trial 492 finished with values: [0.7886886549402319, 0.34782608695652173] and parameters: {'psi': 0.37530287073953417}.
[I 2025-08-09 19:15:09,156] Trial 493 finished with values: [0.7889596414398476, 0.34876847290640395] and parameters: {'psi': 0.3105520590743982}.
[I 2025-08-09 19:15:14,400] Trial 494 finished with values: [0.7890752865146, 0.345703125] and parameters: {'psi': 0.12400854521104043}.
[I 2025-08-09 19:15:19,635] Trial 495 finished with values: [0.7886574174775114, 0.34782608695652173] and parameters: {'psi': 0.3826700067475065}.
[I 2025-08-09 19:15:24,884] Trial 496 finished with values: [0.7891846478444338, 0.3460410557184751] and parameters: {'psi': 0.16646471791134876}.
[I 2025-08-09 19:15:30,130] Trial 497 finished with values: [0.7810400685411562, 0.3472222222222222] and parameters: {'psi': 0.8433115438889232}.
[I 2025-08-09 19:15:35,377] Trial 498 finished with values: [0.7888111275455209, 0.3458498023715415] and parameters: {'psi': 0.34809394397462157}.
[I 2025-08-09 19:15:40,628] Trial 499 finished with values: [0.789180841345108, 0.3460410557184751] and parameters: {'psi': 0.1562487857411895}.
