[I 2025-08-09 19:50:26,707] Trial 0 finished with values: [0.898640022397171, 0.26497277676951] and parameters: {'psi': 0.6910494313742098}.
[I 2025-08-09 19:50:34,578] Trial 1 finished with values: [0.8977642326006623, 0.26277372262773724] and parameters: {'psi': 0.7667280528934585}.
[I 2025-08-09 19:50:42,332] Trial 2 finished with values: [0.8995292876700555, 0.25742574257425743] and parameters: {'psi': 0.3127670220418638}.
[I 2025-08-09 19:50:50,097] Trial 3 finished with values: [0.8982376167923021, 0.25829596412556055] and parameters: {'psi': 0.13557583157357878}.
[I 2025-08-09 19:50:57,840] Trial 4 finished with values: [0.8992177253628214, 0.26268115942028986] and parameters: {'psi': 0.600221469184524}.
[I 2025-08-09 19:51:05,572] Trial 5 finished with values: [0.8988339066219189, 0.25673249551166966] and parameters: {'psi': 0.17676769771694267}.
[I 2025-08-09 19:51:13,325] Trial 6 finished with values: [0.8959590996058423, 0.27522935779816515] and parameters: {'psi': 0.9290806517764797}.
[I 2025-08-09 19:51:21,076] Trial 7 finished with values: [0.8988060263259694, 0.25673249551166966] and parameters: {'psi': 0.17437876019059884}.
[I 2025-08-09 19:51:28,822] Trial 8 finished with values: [0.8995834219113569, 0.25742574257425743] and parameters: {'psi': 0.3406730315443479}.
[I 2025-08-09 19:51:36,562] Trial 9 finished with values: [0.8969066811644207, 0.27314390467461047] and parameters: {'psi': 0.9668567191981545}.
[I 2025-08-09 19:51:44,224] Trial 10 finished with values: [0.8992137756542287, 0.25696316262353996] and parameters: {'psi': 0.2257142929688376}.
[I 2025-08-09 19:51:51,976] Trial 11 finished with values: [0.8996230351651849, 0.2581227436823105] and parameters: {'psi': 0.4729525132142973}.
[I 2025-08-09 19:51:59,728] Trial 12 finished with values: [0.8976176287111289, 0.26277372262773724] and parameters: {'psi': 0.7754792738880422}.
[I 2025-08-09 19:52:07,490] Trial 13 finished with values: [0.8962396450838325, 0.2616487455197133] and parameters: {'psi': 0.07981372406529164}.
[I 2025-08-09 19:52:15,249] Trial 14 finished with values: [0.899632328597168, 0.2581227436823105] and parameters: {'psi': 0.46450627866384486}.
[I 2025-08-09 19:52:23,007] Trial 15 finished with values: [0.8956772762809544, 0.26972477064220185] and parameters: {'psi': 0.9095835505514157}.
[I 2025-08-09 19:52:30,733] Trial 16 finished with values: [0.8992871937668951, 0.25696316262353996] and parameters: {'psi': 0.23984865400539257}.
[I 2025-08-09 19:52:38,478] Trial 17 finished with values: [0.8991452365933531, 0.26268115942028986] and parameters: {'psi': 0.6133033384078097}.
[I 2025-08-09 19:52:46,231] Trial 18 finished with values: [0.8981708202499236, 0.26387625113739765] and parameters: {'psi': 0.7371962154350357}.
[I 2025-08-09 19:52:53,985] Trial 19 finished with values: [0.895673675076061, 0.26605504587155965] and parameters: {'psi': 0.8936345103966857}.
[I 2025-08-09 19:53:01,732] Trial 20 finished with values: [0.8958418861949553, 0.26373626373626374] and parameters: {'psi': 0.8755079139138195}.
[I 2025-08-09 19:53:09,468] Trial 21 finished with values: [0.8966643549254608, 0.2621184919210054] and parameters: {'psi': 0.08704648873871479}.
[I 2025-08-09 19:53:17,199] Trial 22 finished with values: [0.8991202604948983, 0.25650224215246636] and parameters: {'psi': 0.2098662229829421}.
[I 2025-08-09 19:53:24,928] Trial 23 finished with values: [0.8990599693549081, 0.25650224215246636] and parameters: {'psi': 0.20135875267628467}.
[I 2025-08-09 19:53:32,649] Trial 24 finished with values: [0.8962376702295363, 0.27056672760511885] and parameters: {'psi': 0.9818429776228809}.
[I 2025-08-09 19:53:40,369] Trial 25 finished with values: [0.8994835175175384, 0.25742574257425743] and parameters: {'psi': 0.2946054688779768}.
[I 2025-08-09 19:53:48,107] Trial 26 finished with values: [0.8756257674341881, 0.26811594202898553] and parameters: {'psi': 0.015599903844842333}.
[I 2025-08-09 19:53:55,868] Trial 27 finished with values: [0.897212435076665, 0.2587601078167116] and parameters: {'psi': 0.09901479052619233}.
[I 2025-08-09 19:54:03,603] Trial 28 finished with values: [0.8981600166352433, 0.26387625113739765] and parameters: {'psi': 0.7381702134442365}.
[I 2025-08-09 19:54:11,346] Trial 29 finished with values: [0.8956600834317857, 0.26972477064220185] and parameters: {'psi': 0.903442349193351}.
[I 2025-08-09 19:54:19,086] Trial 30 finished with values: [0.8985653264376068, 0.25673249551166966] and parameters: {'psi': 0.15450955590373894}.
[I 2025-08-09 19:54:26,841] Trial 31 finished with values: [0.8996442938908464, 0.25765765765765763] and parameters: {'psi': 0.42798659251098425}.
[I 2025-08-09 19:54:34,620] Trial 32 finished with values: [0.8989227750652574, 0.25673249551166966] and parameters: {'psi': 0.18526970309528124}.
[I 2025-08-09 19:54:42,392] Trial 33 finished with values: [0.8870823618792711, 0.2641509433962264] and parameters: {'psi': 0.02898643007774926}.
[I 2025-08-09 19:54:50,129] Trial 34 finished with values: [0.8980409445379597, 0.2641165755919854] and parameters: {'psi': 0.7472924950446009}.
[I 2025-08-09 19:54:57,880] Trial 35 finished with values: [0.8993570106746683, 0.25696316262353996] and parameters: {'psi': 0.2569017533511979}.
[I 2025-08-09 19:55:05,637] Trial 36 finished with values: [0.8982709569795417, 0.2636363636363636] and parameters: {'psi': 0.7281676504346624}.
[I 2025-08-09 19:55:13,384] Trial 37 finished with values: [0.8991459336007518, 0.26268115942028986] and parameters: {'psi': 0.6131733485816924}.
[I 2025-08-09 19:55:21,125] Trial 38 finished with values: [0.8961199921470501, 0.27031963470319637] and parameters: {'psi': 0.9835347221684613}.
[I 2025-08-09 19:55:28,849] Trial 39 finished with values: [0.897986229457159, 0.2641165755919854] and parameters: {'psi': 0.7512316123772608}.
[I 2025-08-09 19:55:36,588] Trial 40 finished with values: [0.8992645410264364, 0.25696316262353996] and parameters: {'psi': 0.23532425838900484}.
[I 2025-08-09 19:55:44,338] Trial 41 finished with values: [0.899447970140203, 0.2603978300180832] and parameters: {'psi': 0.546727721354215}.
[I 2025-08-09 19:55:52,091] Trial 42 finished with values: [0.8996216411503876, 0.2581227436823105] and parameters: {'psi': 0.47519853012750757}.
[I 2025-08-09 19:55:59,851] Trial 43 finished with values: [0.8992054115654438, 0.26268115942028986] and parameters: {'psi': 0.6024014203735697}.
[I 2025-08-09 19:56:07,589] Trial 44 finished with values: [0.8956584570811884, 0.26788990825688075] and parameters: {'psi': 0.9031151256152066}.
[I 2025-08-09 19:56:15,344] Trial 45 finished with values: [0.899575638662071, 0.2585895117540687] and parameters: {'psi': 0.5056620455218798}.
[I 2025-08-09 19:56:23,119] Trial 46 finished with values: [0.8909747996974988, 0.26547085201793724] and parameters: {'psi': 0.03981029358060173}.
[I 2025-08-09 19:56:30,877] Trial 47 finished with values: [0.8996405765180531, 0.25788999098286747] and parameters: {'psi': 0.44736050776775116}.
[I 2025-08-09 19:56:38,625] Trial 48 finished with values: [0.899446924629105, 0.25719424460431656] and parameters: {'psi': 0.28249560094963955}.
[I 2025-08-09 19:56:46,374] Trial 49 finished with values: [0.8973159406753769, 0.26229508196721313] and parameters: {'psi': 0.791339054679303}.
[I 2025-08-09 19:56:54,115] Trial 50 finished with values: [0.8987801208843164, 0.26497277676951] and parameters: {'psi': 0.6723925971062795}.
[I 2025-08-09 19:57:01,850] Trial 51 finished with values: [0.8996406926859529, 0.25788999098286747] and parameters: {'psi': 0.4479153543660076}.
[I 2025-08-09 19:57:09,586] Trial 52 finished with values: [0.8996205956392893, 0.25742574257425743] and parameters: {'psi': 0.37700178990060074}.
[I 2025-08-09 19:57:17,432] Trial 53 finished with values: [0.8996265202021787, 0.25765765765765763] and parameters: {'psi': 0.39238937937003426}.
[I 2025-08-09 19:57:25,199] Trial 54 finished with values: [0.8977217151493397, 0.26277372262773724] and parameters: {'psi': 0.7697599061935491}.
[I 2025-08-09 19:57:32,950] Trial 55 finished with values: [0.8980989123199542, 0.26387625113739765] and parameters: {'psi': 0.7426589111466014}.
[I 2025-08-09 19:57:40,705] Trial 56 finished with values: [0.8993356357811073, 0.26244343891402716] and parameters: {'psi': 0.5754342097676393}.
[I 2025-08-09 19:57:48,454] Trial 57 finished with values: [0.8993989472864921, 0.26063348416289595] and parameters: {'psi': 0.5608886497639407}.
[I 2025-08-09 19:57:56,192] Trial 58 finished with values: [0.8996182722812935, 0.25719424460431656] and parameters: {'psi': 0.36824558911351113}.
[I 2025-08-09 19:58:03,949] Trial 59 finished with values: [0.896503578552153, 0.26118721461187216] and parameters: {'psi': 0.8342988173235758}.
[I 2025-08-09 19:58:11,702] Trial 60 finished with values: [0.8957879842894532, 0.26581118240146656] and parameters: {'psi': 0.880221461852978}.
[I 2025-08-09 19:58:19,454] Trial 61 finished with values: [0.8995659967263886, 0.2585895117540687] and parameters: {'psi': 0.50906666331938}.
[I 2025-08-09 19:58:27,217] Trial 62 finished with values: [0.8960236889581251, 0.26349496797804206] and parameters: {'psi': 0.8627652976520489}.
[I 2025-08-09 19:58:34,976] Trial 63 finished with values: [0.8996195501281914, 0.2581227436823105] and parameters: {'psi': 0.4765621574139868}.
[I 2025-08-09 19:58:42,727] Trial 64 finished with values: [0.8957893783042506, 0.27339449541284405] and parameters: {'psi': 0.9184406070418413}.
[I 2025-08-09 19:58:50,478] Trial 65 finished with values: [0.8967105897495768, 0.27289377289377287] and parameters: {'psi': 0.9736105439892371}.
[I 2025-08-09 19:58:58,230] Trial 66 finished with values: [0.8993681627930481, 0.25696316262353996] and parameters: {'psi': 0.2593173784688646}.
[I 2025-08-09 19:59:06,003] Trial 67 finished with values: [0.8990380136218481, 0.25650224215246636] and parameters: {'psi': 0.19849114476045737}.
[I 2025-08-09 19:59:13,752] Trial 68 finished with values: [0.8958846359820777, 0.26349496797804206] and parameters: {'psi': 0.8722447691372331}.
[I 2025-08-09 19:59:21,510] Trial 69 finished with values: [0.8966914220461119, 0.26032315978456017] and parameters: {'psi': 0.08754805669931587}.
[I 2025-08-09 19:59:29,265] Trial 70 finished with values: [0.8965419139590832, 0.26118721461187216] and parameters: {'psi': 0.8322947571116859}.
[I 2025-08-09 19:59:37,015] Trial 71 finished with values: [0.8986685997005192, 0.26497277676951] and parameters: {'psi': 0.6875003671348952}.
[I 2025-08-09 19:59:44,795] Trial 72 finished with values: [0.89529996294244, 0.26118067978533094] and parameters: {'psi': 0.06739783216493345}.
[I 2025-08-09 19:59:52,575] Trial 73 finished with values: [0.8994233425454478, 0.2603978300180832] and parameters: {'psi': 0.554550363740721}.
[I 2025-08-09 20:00:00,300] Trial 74 finished with values: [0.846776631200607, 0.2989786443825441] and parameters: {'psi': 0.005757144670796577}.
[I 2025-08-09 20:00:08,031] Trial 75 finished with values: [0.8987343507317996, 0.26497277676951] and parameters: {'psi': 0.678911789145737}.
[I 2025-08-09 20:00:15,764] Trial 76 finished with values: [0.8965316911839019, 0.26118721461187216] and parameters: {'psi': 0.8328512847143188}.
[I 2025-08-09 20:00:23,508] Trial 77 finished with values: [0.8960966423991924, 0.27548209366391185] and parameters: {'psi': 0.9355704924661865}.
[I 2025-08-09 20:00:31,280] Trial 78 finished with values: [0.8987212237591236, 0.26497277676951] and parameters: {'psi': 0.6809833452827625}.
[I 2025-08-09 20:00:39,018] Trial 79 finished with values: [0.8758848218507173, 0.2678733031674208] and parameters: {'psi': 0.01576891202123809}.
[I 2025-08-09 20:00:46,764] Trial 80 finished with values: [0.898490862813842, 0.2652134423251589] and parameters: {'psi': 0.706416453984295}.
[I 2025-08-09 20:00:54,507] Trial 81 finished with values: [0.898786510118805, 0.26497277676951] and parameters: {'psi': 0.6713488318933104}.
[I 2025-08-09 20:01:02,278] Trial 82 finished with values: [0.8960172997236364, 0.2757352941176471] and parameters: {'psi': 0.9325378404277361}.
[I 2025-08-09 20:01:10,020] Trial 83 finished with values: [0.8986253852417976, 0.26497277676951] and parameters: {'psi': 0.6924565885406517}.
[I 2025-08-09 20:01:17,763] Trial 84 finished with values: [0.8984619370067948, 0.2652134423251589] and parameters: {'psi': 0.7096938054469629}.
[I 2025-08-09 20:01:25,509] Trial 85 finished with values: [0.8965089222755432, 0.2736455463728191] and parameters: {'psi': 0.9479828495928464}.
[I 2025-08-09 20:01:33,251] Trial 86 finished with values: [0.8952918311894548, 0.26118067978533094] and parameters: {'psi': 0.06730337209739878}.
[I 2025-08-09 20:01:41,002] Trial 87 finished with values: [0.8977624900821656, 0.26277372262773724] and parameters: {'psi': 0.7669380540611687}.
[I 2025-08-09 20:01:48,747] Trial 88 finished with values: [0.8980353684787697, 0.2641165755919854] and parameters: {'psi': 0.7476105852085282}.
[I 2025-08-09 20:01:56,482] Trial 89 finished with values: [0.8958353807925671, 0.26618049225159524] and parameters: {'psi': 0.9877847922719669}.
[I 2025-08-09 20:02:04,225] Trial 90 finished with values: [0.8960524985972725, 0.2757352941176471] and parameters: {'psi': 0.9338568446210903}.
[I 2025-08-09 20:02:11,979] Trial 91 finished with values: [0.8982937258879004, 0.2636363636363636] and parameters: {'psi': 0.7258922704808805}.
[I 2025-08-09 20:02:19,732] Trial 92 finished with values: [0.8969914837312665, 0.26071103008204194] and parameters: {'psi': 0.8083119745233249}.
[I 2025-08-09 20:02:27,487] Trial 93 finished with values: [0.8985533611439285, 0.26497277676951] and parameters: {'psi': 0.6998572231484679}.
[I 2025-08-09 20:02:35,275] Trial 94 finished with values: [0.8893124370515193, 0.26367713004484306] and parameters: {'psi': 0.03435525741601608}.
[I 2025-08-09 20:02:43,042] Trial 95 finished with values: [0.8957003936930125, 0.2699724517906336] and parameters: {'psi': 0.9122029147625746}.
[I 2025-08-09 20:02:50,781] Trial 96 finished with values: [0.8977537774896813, 0.26277372262773724] and parameters: {'psi': 0.767595027432445}.
[I 2025-08-09 20:02:58,544] Trial 97 finished with values: [0.8996283788885752, 0.25765765765765763] and parameters: {'psi': 0.3945005761943643}.
[I 2025-08-09 20:03:06,293] Trial 98 finished with values: [0.8962578834440994, 0.2757352941176471] and parameters: {'psi': 0.9412611546016195}.
[I 2025-08-09 20:03:14,068] Trial 99 finished with values: [0.8990676364362942, 0.25650224215246636] and parameters: {'psi': 0.2024857113362437}.
[I 2025-08-09 20:03:21,829] Trial 100 finished with values: [0.8996425513723494, 0.25765765765765763] and parameters: {'psi': 0.4213421706417113}.
[I 2025-08-09 20:03:29,556] Trial 101 finished with values: [0.8990769298682771, 0.25650224215246636] and parameters: {'psi': 0.20359117362481627}.
[I 2025-08-09 20:03:37,375] Trial 102 finished with values: [0.895904268357142, 0.27339449541284405] and parameters: {'psi': 0.9257527980989583}.
[I 2025-08-09 20:03:45,097] Trial 103 finished with values: [0.8958397951727592, 0.26618049225159524] and parameters: {'psi': 0.9877131391562056}.
[I 2025-08-09 20:03:52,817] Trial 104 finished with values: [0.8988771210806402, 0.25673249551166966] and parameters: {'psi': 0.18063751044832022}.
[I 2025-08-09 20:04:00,579] Trial 105 finished with values: [0.8990261644960695, 0.25650224215246636] and parameters: {'psi': 0.1968018789564291}.
[I 2025-08-09 20:04:08,318] Trial 106 finished with values: [0.8995848159261544, 0.2585895117540687] and parameters: {'psi': 0.5010004847316895}.
[I 2025-08-09 20:04:16,049] Trial 107 finished with values: [0.897755636176078, 0.2585278276481149] and parameters: {'psi': 0.11530095286838371}.
[I 2025-08-09 20:04:23,800] Trial 108 finished with values: [0.8973933084966365, 0.2625341841385597] and parameters: {'psi': 0.7874033681439888}.
[I 2025-08-09 20:04:31,556] Trial 109 finished with values: [0.8996372076489593, 0.2581227436823105] and parameters: {'psi': 0.45299417921192786}.
[I 2025-08-09 20:04:39,267] Trial 110 finished with values: [0.8979778653683743, 0.2641165755919854] and parameters: {'psi': 0.7519110097532512}.
[I 2025-08-09 20:04:46,977] Trial 111 finished with values: [0.8965709559340305, 0.2736455463728191] and parameters: {'psi': 0.9499402968131171}.
[I 2025-08-09 20:04:54,707] Trial 112 finished with values: [0.8992806883645068, 0.25696316262353996] and parameters: {'psi': 0.23868285070354622}.
[I 2025-08-09 20:05:02,422] Trial 113 finished with values: [0.899046261542733, 0.25650224215246636] and parameters: {'psi': 0.1999387378120393}.
[I 2025-08-09 20:05:10,181] Trial 114 finished with values: [0.8950471815924994, 0.26118067978533094] and parameters: {'psi': 0.06472643834261005}.
[I 2025-08-09 20:05:17,906] Trial 115 finished with values: [0.8994554048857896, 0.25742574257425743] and parameters: {'psi': 0.2857909634526743}.
[I 2025-08-09 20:05:25,652] Trial 116 finished with values: [0.898862948596866, 0.26497277676951] and parameters: {'psi': 0.6599868592355037}.
[I 2025-08-09 20:05:33,361] Trial 117 finished with values: [0.8958496694442412, 0.27339449541284405] and parameters: {'psi': 0.922433703835979}.
[I 2025-08-09 20:05:41,068] Trial 118 finished with values: [0.8959666505193286, 0.27548209366391185] and parameters: {'psi': 0.9300334568739489}.
[I 2025-08-09 20:05:48,813] Trial 119 finished with values: [0.8983536685241914, 0.26387625113739765] and parameters: {'psi': 0.7195930215117572}.
[I 2025-08-09 20:05:56,523] Trial 120 finished with values: [0.8996402280143537, 0.25788999098286747] and parameters: {'psi': 0.4470832846801225}.
[I 2025-08-09 20:06:04,249] Trial 121 finished with values: [0.8975733687413091, 0.25829596412556055] and parameters: {'psi': 0.10913970970240539}.
[I 2025-08-09 20:06:11,973] Trial 122 finished with values: [0.8985869336669675, 0.25673249551166966] and parameters: {'psi': 0.15598061680242525}.
[I 2025-08-09 20:06:19,694] Trial 123 finished with values: [0.8994870025545321, 0.2603978300180832] and parameters: {'psi': 0.5346608833735979}.
[I 2025-08-09 20:06:27,440] Trial 124 finished with values: [0.8973789036770625, 0.2625341841385597] and parameters: {'psi': 0.7881505227763026}.
[I 2025-08-09 20:06:35,148] Trial 125 finished with values: [0.8965650313711413, 0.2736455463728191] and parameters: {'psi': 0.949757099021815}.
[I 2025-08-09 20:06:42,859] Trial 126 finished with values: [0.8980706835203055, 0.26387625113739765] and parameters: {'psi': 0.7450186099669004}.
[I 2025-08-09 20:06:50,580] Trial 127 finished with values: [0.8966642387575611, 0.2621184919210054] and parameters: {'psi': 0.08704191128354799}.
[I 2025-08-09 20:06:58,297] Trial 128 finished with values: [0.8987349315712986, 0.25673249551166966] and parameters: {'psi': 0.16756362206333142}.
[I 2025-08-09 20:07:06,043] Trial 129 finished with values: [0.8996425513723496, 0.25765765765765763] and parameters: {'psi': 0.42486771270612167}.
[I 2025-08-09 20:07:13,773] Trial 130 finished with values: [0.8992765063201145, 0.26268115942028986] and parameters: {'psi': 0.5882605614723768}.
[I 2025-08-09 20:07:21,543] Trial 131 finished with values: [0.8991127095814122, 0.25650224215246636] and parameters: {'psi': 0.20890306473406006}.
[I 2025-08-09 20:07:29,287] Trial 132 finished with values: [0.8983766697683496, 0.26545454545454544] and parameters: {'psi': 0.7175417002524058}.
[I 2025-08-09 20:07:37,013] Trial 133 finished with values: [0.8990476555575305, 0.2629193109700816] and parameters: {'psi': 0.631003754322796}.
[I 2025-08-09 20:07:44,763] Trial 134 finished with values: [0.899007693800003, 0.25650224215246636] and parameters: {'psi': 0.19480606320593863}.
[I 2025-08-09 20:07:52,516] Trial 135 finished with values: [0.8993117051937507, 0.25696316262353996] and parameters: {'psi': 0.24615674049478564}.
[I 2025-08-09 20:08:00,274] Trial 136 finished with values: [0.8961819096376374, 0.263254113345521] and parameters: {'psi': 0.8525725907107214}.
[I 2025-08-09 20:08:08,030] Trial 137 finished with values: [0.8977466912477943, 0.26277372262773724] and parameters: {'psi': 0.7681109527113694}.
[I 2025-08-09 20:08:15,797] Trial 138 finished with values: [0.8996268687058779, 0.25765765765765763] and parameters: {'psi': 0.4001431508911961}.
[I 2025-08-09 20:08:23,535] Trial 139 finished with values: [0.8994511066734974, 0.2603978300180832] and parameters: {'psi': 0.5461517545666061}.
[I 2025-08-09 20:08:31,257] Trial 140 finished with values: [0.8996426675402494, 0.25765765765765763] and parameters: {'psi': 0.42497605831451446}.
[I 2025-08-09 20:08:39,014] Trial 141 finished with values: [0.8944310270520189, 0.26118067978533094] and parameters: {'psi': 0.059234600535934545}.
[I 2025-08-09 20:08:46,743] Trial 142 finished with values: [0.8991538330179376, 0.26268115942028986] and parameters: {'psi': 0.6115586250994606}.
[I 2025-08-09 20:08:54,450] Trial 143 finished with values: [0.8988639941079641, 0.26497277676951] and parameters: {'psi': 0.6597967166551025}.
[I 2025-08-09 20:09:02,162] Trial 144 finished with values: [0.8996255908589803, 0.25765765765765763] and parameters: {'psi': 0.3956926447686301}.
[I 2025-08-09 20:09:09,889] Trial 145 finished with values: [0.8985678821314023, 0.25673249551166966] and parameters: {'psi': 0.1546688440791273}.
[I 2025-08-09 20:09:17,567] Trial 146 finished with values: [0.8992029720395484, 0.25673249551166966] and parameters: {'psi': 0.22298140659380805}.
[I 2025-08-09 20:09:25,267] Trial 147 finished with values: [0.89958725545205, 0.25742574257425743] and parameters: {'psi': 0.3429681217513043}.
[I 2025-08-09 20:09:32,939] Trial 148 finished with values: [0.8990209369405788, 0.2629193109700816] and parameters: {'psi': 0.6358672324967255}.
[I 2025-08-09 20:09:40,664] Trial 149 finished with values: [0.8956625229576812, 0.26972477064220185] and parameters: {'psi': 0.9054249823424544}.
