[I 2025-08-09 19:46:38,942] Trial 150 finished with values: [0.7852643938105958, 0.11283728536385937] and parameters: {'psi': 0.08566858665778354}.
[I 2025-08-09 19:46:44,449] Trial 151 finished with values: [0.7882085777107576, 0.1186161449752883] and parameters: {'psi': 0.4625845950889167}.
[I 2025-08-09 19:46:50,062] Trial 152 finished with values: [0.7860361377301682, 0.12211221122112212] and parameters: {'psi': 0.6311386831588701}.
[I 2025-08-09 19:46:55,566] Trial 153 finished with values: [0.7825423032868026, 0.11228641171684296] and parameters: {'psi': 0.06551547326161633}.
[I 2025-08-09 19:47:01,084] Trial 154 finished with values: [0.7893620777312147, 0.11639344262295082] and parameters: {'psi': 0.21505806798434313}.
[I 2025-08-09 19:47:06,597] Trial 155 finished with values: [0.7842129344900337, 0.12251655629139073] and parameters: {'psi': 0.7124789970984828}.
[I 2025-08-09 19:47:12,123] Trial 156 finished with values: [0.7891835880085551, 0.1168724279835391] and parameters: {'psi': 0.3355875869639946}.
[I 2025-08-09 19:47:17,630] Trial 157 finished with values: [0.7841551494610995, 0.12251655629139073] and parameters: {'psi': 0.7142625901128185}.
[I 2025-08-09 19:47:23,127] Trial 158 finished with values: [0.7635132612973806, 0.11525974025974026] and parameters: {'psi': 0.02573759668731157}.
[I 2025-08-09 19:47:28,649] Trial 159 finished with values: [0.7861393194602535, 0.11292962356792144] and parameters: {'psi': 0.0955688355374179}.
[I 2025-08-09 19:47:34,160] Trial 160 finished with values: [0.7886565950648489, 0.11851851851851852] and parameters: {'psi': 0.4125524345002016}.
[I 2025-08-09 19:47:39,675] Trial 161 finished with values: [0.7894212482968087, 0.11639344262295082] and parameters: {'psi': 0.23237166017676059}.
[I 2025-08-09 19:47:45,187] Trial 162 finished with values: [0.7865579145358608, 0.12181069958847737] and parameters: {'psi': 0.5993221609826329}.
[I 2025-08-09 19:47:50,706] Trial 163 finished with values: [0.788739971770913, 0.1162981162981163] and parameters: {'psi': 0.15989116976251916}.
[I 2025-08-09 19:47:56,214] Trial 164 finished with values: [0.7880726321137732, 0.11871393239901072] and parameters: {'psi': 0.47609367662993063}.
[I 2025-08-09 19:48:01,726] Trial 165 finished with values: [0.7891781273640719, 0.1168724279835391] and parameters: {'psi': 0.33653032685719697}.
[I 2025-08-09 19:48:07,244] Trial 166 finished with values: [0.7641719617259353, 0.11525974025974026] and parameters: {'psi': 0.026288351694118917}.
[I 2025-08-09 19:48:12,754] Trial 167 finished with values: [0.7883611497476611, 0.1162981162981163] and parameters: {'psi': 0.1433029384078447}.
[I 2025-08-09 19:48:18,227] Trial 168 finished with values: [0.7757351616766427, 0.1261564339781329] and parameters: {'psi': 0.9535121961261512}.
[I 2025-08-09 19:48:23,747] Trial 169 finished with values: [0.7894249158938497, 0.11677631578947369] and parameters: {'psi': 0.2778188082946107}.
[I 2025-08-09 19:48:29,256] Trial 170 finished with values: [0.7894384452518228, 0.11648892534864644] and parameters: {'psi': 0.2400294686812815}.
[I 2025-08-09 19:48:34,752] Trial 171 finished with values: [0.7893792746862288, 0.11677631578947369] and parameters: {'psi': 0.29296801946892237}.
[I 2025-08-09 19:48:40,275] Trial 172 finished with values: [0.788156334828463, 0.1186161449752883] and parameters: {'psi': 0.4673469816541923}.
[I 2025-08-09 19:48:45,792] Trial 173 finished with values: [0.7862973521416403, 0.12181069958847737] and parameters: {'psi': 0.6154423253660052}.
[I 2025-08-09 19:48:51,302] Trial 174 finished with values: [0.7854860796761821, 0.12231404958677686] and parameters: {'psi': 0.6604966502130284}.
[I 2025-08-09 19:48:56,810] Trial 175 finished with values: [0.7894299690275505, 0.11648892534864644] and parameters: {'psi': 0.23352309063903376}.
[I 2025-08-09 19:49:02,304] Trial 176 finished with values: [0.7755717498529293, 0.12510566356720204] and parameters: {'psi': 0.9184211051370138}.
[I 2025-08-09 19:49:07,811] Trial 177 finished with values: [0.7886305958769363, 0.11851851851851852] and parameters: {'psi': 0.4165533323306233}.
[I 2025-08-09 19:49:13,323] Trial 178 finished with values: [0.789459635812504, 0.11668036154478226] and parameters: {'psi': 0.25285573901411385}.
[I 2025-08-09 19:49:18,829] Trial 179 finished with values: [0.7854650521198141, 0.12231404958677686] and parameters: {'psi': 0.6614517989477869}.
[I 2025-08-09 19:49:24,338] Trial 180 finished with values: [0.7853498895727282, 0.12241521918941274] and parameters: {'psi': 0.6672819771336866}.
[I 2025-08-09 19:49:29,814] Trial 181 finished with values: [0.7854684752103857, 0.12231404958677686] and parameters: {'psi': 0.6613082686828751}.
[I 2025-08-09 19:49:35,333] Trial 182 finished with values: [0.787772378169354, 0.11466011466011466] and parameters: {'psi': 0.12541092403887366}.
[I 2025-08-09 19:49:40,855] Trial 183 finished with values: [0.7794780667101671, 0.12594458438287154] and parameters: {'psi': 0.8361000677021326}.
[I 2025-08-09 19:49:46,375] Trial 184 finished with values: [0.7894488775278504, 0.11668036154478226] and parameters: {'psi': 0.2606645432431456}.
[I 2025-08-09 19:49:51,893] Trial 185 finished with values: [0.7891533507085063, 0.1168724279835391] and parameters: {'psi': 0.3414803385836426}.
[I 2025-08-09 19:49:57,400] Trial 186 finished with values: [0.7893314329203837, 0.11677631578947369] and parameters: {'psi': 0.3061287772043544}.
[I 2025-08-09 19:50:02,908] Trial 187 finished with values: [0.7884954653015165, 0.1162981162981163] and parameters: {'psi': 0.149107832060559}.
[I 2025-08-09 19:50:08,413] Trial 188 finished with values: [0.7787480518947052, 0.12468407750631845] and parameters: {'psi': 0.8529104439591321}.
[I 2025-08-09 19:50:13,936] Trial 189 finished with values: [0.7879765410713001, 0.11871393239901072] and parameters: {'psi': 0.4849755675559623}.
[I 2025-08-09 19:50:19,447] Trial 190 finished with values: [0.7883016531734413, 0.11851851851851852] and parameters: {'psi': 0.4534882886726934}.
[I 2025-08-09 19:50:24,952] Trial 191 finished with values: [0.7771246919422241, 0.12510566356720204] and parameters: {'psi': 0.8884564287721035}.
[I 2025-08-09 19:50:30,463] Trial 192 finished with values: [0.7761720947374546, 0.125] and parameters: {'psi': 0.9071057744131102}.
[I 2025-08-09 19:50:35,981] Trial 193 finished with values: [0.7884639239669642, 0.11851851851851852] and parameters: {'psi': 0.43715067773104377}.
[I 2025-08-09 19:50:41,456] Trial 194 finished with values: [0.7648699461939062, 0.11525974025974026] and parameters: {'psi': 0.02688402460916528}.
[I 2025-08-09 19:50:46,957] Trial 195 finished with values: [0.7767823013829124, 0.125] and parameters: {'psi': 0.8953439113770094}.
[I 2025-08-09 19:50:52,469] Trial 196 finished with values: [0.7811695624654533, 0.12364243943191311] and parameters: {'psi': 0.7954282985022104}.
[I 2025-08-09 19:50:57,997] Trial 197 finished with values: [0.7882110227754515, 0.1186161449752883] and parameters: {'psi': 0.4623389787704786}.
[I 2025-08-09 19:51:03,515] Trial 198 finished with values: [0.7893161920171246, 0.11677631578947369] and parameters: {'psi': 0.3097003434822878}.
[I 2025-08-09 19:51:09,019] Trial 199 finished with values: [0.7833141287085316, 0.12292358803986711] and parameters: {'psi': 0.7398580748596651}.
[I 2025-08-09 19:51:14,518] Trial 200 finished with values: [0.7797949470945053, 0.12416107382550336] and parameters: {'psi': 0.8287842040037239}.
[I 2025-08-09 19:51:20,002] Trial 201 finished with values: [0.7886511344203656, 0.11851851851851852] and parameters: {'psi': 0.4132022262928471}.
[I 2025-08-09 19:51:25,511] Trial 202 finished with values: [0.7861161728478173, 0.12201154163231658] and parameters: {'psi': 0.6266867506904072}.
[I 2025-08-09 19:51:31,015] Trial 203 finished with values: [0.7894499370558845, 0.11668036154478226] and parameters: {'psi': 0.26122951944443884}.
[I 2025-08-09 19:51:36,604] Trial 204 finished with values: [0.7890396552002369, 0.1162981162981163] and parameters: {'psi': 0.1787040289209325}.
[I 2025-08-09 19:51:42,126] Trial 205 finished with values: [0.7890188721503383, 0.1162981162981163] and parameters: {'psi': 0.17706468624666372}.
[I 2025-08-09 19:51:47,631] Trial 206 finished with values: [0.7768444060261391, 0.125] and parameters: {'psi': 0.8941100326356626}.
[I 2025-08-09 19:51:53,134] Trial 207 finished with values: [0.775039133260427, 0.12647554806070826] and parameters: {'psi': 0.9344875018786745}.
[I 2025-08-09 19:51:58,614] Trial 208 finished with values: [0.7893334704742954, 0.11639344262295082] and parameters: {'psi': 0.20950950403885027}.
[I 2025-08-09 19:52:04,118] Trial 209 finished with values: [0.778611291276156, 0.1248945147679325] and parameters: {'psi': 0.856043892773044}.
[I 2025-08-09 19:52:09,624] Trial 210 finished with values: [0.7878849326474329, 0.11871393239901072] and parameters: {'psi': 0.49363483763890126}.
[I 2025-08-09 19:52:15,126] Trial 211 finished with values: [0.7848515853880976, 0.12241521918941274] and parameters: {'psi': 0.6889278257552345}.
[I 2025-08-09 19:52:20,627] Trial 212 finished with values: [0.7892874217558923, 0.11677631578947369] and parameters: {'psi': 0.3163550081415719}.
[I 2025-08-09 19:52:26,124] Trial 213 finished with values: [0.7788448764565862, 0.12468407750631845] and parameters: {'psi': 0.8506998382072335}.
[I 2025-08-09 19:52:31,588] Trial 214 finished with values: [0.7757547221941946, 0.12510566356720204] and parameters: {'psi': 0.9150086426974644}.
[I 2025-08-09 19:52:37,104] Trial 215 finished with values: [0.787953068450238, 0.11871393239901072] and parameters: {'psi': 0.4871307044095011}.
[I 2025-08-09 19:52:42,612] Trial 216 finished with values: [0.7271081225538146, 0.11501597444089456] and parameters: {'psi': 0.010828286549993904}.
[I 2025-08-09 19:52:48,120] Trial 217 finished with values: [0.78895057334322, 0.11851851851851852] and parameters: {'psi': 0.3752841231789208}.
[I 2025-08-09 19:52:53,600] Trial 218 finished with values: [0.7894081264496177, 0.11639344262295082] and parameters: {'psi': 0.22755797322869176}.
[I 2025-08-09 19:52:59,102] Trial 219 finished with values: [0.7772403435022487, 0.11382113821138211] and parameters: {'psi': 0.04539151117984508}.
[I 2025-08-09 19:53:04,603] Trial 220 finished with values: [0.7835669483978877, 0.12271973466003316] and parameters: {'psi': 0.7325606701217064}.
[I 2025-08-09 19:53:10,105] Trial 221 finished with values: [0.789021969232284, 0.1162981162981163] and parameters: {'psi': 0.17734765185495305}.
[I 2025-08-09 19:53:15,581] Trial 222 finished with values: [0.7875352883961957, 0.12036273701566365] and parameters: {'psi': 0.5274574998509146}.
[I 2025-08-09 19:53:21,067] Trial 223 finished with values: [0.7889345174183965, 0.11851851851851852] and parameters: {'psi': 0.37770375391244204}.
[I 2025-08-09 19:53:26,550] Trial 224 finished with values: [0.7831776125964516, 0.11246943765281174] and parameters: {'psi': 0.0691549419804246}.
[I 2025-08-09 19:53:32,028] Trial 225 finished with values: [0.7893664788476638, 0.11639344262295082] and parameters: {'psi': 0.2169065547150466}.
[I 2025-08-09 19:53:37,508] Trial 226 finished with values: [0.7881604099362864, 0.1162981162981163] and parameters: {'psi': 0.13616293530879642}.
[I 2025-08-09 19:53:42,982] Trial 227 finished with values: [0.7869017721339889, 0.12026359143327842] and parameters: {'psi': 0.5760499764920745}.
[I 2025-08-09 19:53:48,493] Trial 228 finished with values: [0.7882584570305147, 0.1186161449752883] and parameters: {'psi': 0.45769067731141766}.
[I 2025-08-09 19:53:53,963] Trial 229 finished with values: [0.7750813513774761, 0.12658227848101267] and parameters: {'psi': 0.9309618392158472}.
[I 2025-08-09 19:53:59,472] Trial 230 finished with values: [0.7883464793594973, 0.1186161449752883] and parameters: {'psi': 0.4489554123347437}.
[I 2025-08-09 19:54:04,938] Trial 231 finished with values: [0.7781738692024053, 0.12709030100334448] and parameters: {'psi': 0.9744352046858082}.
[I 2025-08-09 19:54:10,429] Trial 232 finished with values: [0.7869048692159346, 0.12026359143327842] and parameters: {'psi': 0.5757823155492628}.
[I 2025-08-09 19:54:15,943] Trial 233 finished with values: [0.7880378306929623, 0.11871393239901072] and parameters: {'psi': 0.47958450984441536}.
[I 2025-08-09 19:54:21,412] Trial 234 finished with values: [0.7762355034151849, 0.12594458438287154] and parameters: {'psi': 0.9589939504121423}.
[I 2025-08-09 19:54:26,921] Trial 235 finished with values: [0.7894484700170681, 0.11668036154478226] and parameters: {'psi': 0.2627694529180432}.
[I 2025-08-09 19:54:32,394] Trial 236 finished with values: [0.7764320051144232, 0.125] and parameters: {'psi': 0.9022424885323578}.
[I 2025-08-09 19:54:37,900] Trial 237 finished with values: [0.7885490122183143, 0.1162981162981163] and parameters: {'psi': 0.15137390564827136}.
[I 2025-08-09 19:54:43,406] Trial 238 finished with values: [0.787147745642202, 0.12026359143327842] and parameters: {'psi': 0.5586501652896966}.
[I 2025-08-09 19:54:48,891] Trial 239 finished with values: [0.7793322593522503, 0.12656119900083265] and parameters: {'psi': 0.98437988638842}.
[I 2025-08-09 19:54:54,366] Trial 240 finished with values: [0.7876880234374121, 0.11311475409836065] and parameters: {'psi': 0.12330226921139742}.
[I 2025-08-09 19:54:59,878] Trial 241 finished with values: [0.7890516360172373, 0.11851851851851852] and parameters: {'psi': 0.35988068464060163}.
[I 2025-08-09 19:55:05,362] Trial 242 finished with values: [0.789356698588888, 0.11677631578947369] and parameters: {'psi': 0.30064679270531625}.
[I 2025-08-09 19:55:10,877] Trial 243 finished with values: [0.7878163078316889, 0.12026359143327842] and parameters: {'psi': 0.5015664346220463}.
[I 2025-08-09 19:55:16,356] Trial 244 finished with values: [0.7891122736216476, 0.11851851851851852] and parameters: {'psi': 0.3502006915386541}.
[I 2025-08-09 19:55:21,865] Trial 245 finished with values: [0.7882845377205835, 0.11851851851851852] and parameters: {'psi': 0.45513435124287627}.
[I 2025-08-09 19:55:27,342] Trial 246 finished with values: [0.7796628320988745, 0.12594458438287154] and parameters: {'psi': 0.8317265429397385}.
[I 2025-08-09 19:55:32,823] Trial 247 finished with values: [0.7771998369304853, 0.12510566356720204] and parameters: {'psi': 0.886925412020762}.
[I 2025-08-09 19:55:38,329] Trial 248 finished with values: [0.7894550716917419, 0.11668036154478226] and parameters: {'psi': 0.25007443671438}.
[I 2025-08-09 19:55:43,802] Trial 249 finished with values: [0.7894303765383328, 0.11648892534864644] and parameters: {'psi': 0.23688330047759187}.
[I 2025-08-09 19:55:49,279] Trial 250 finished with values: [0.7768800224685145, 0.125] and parameters: {'psi': 0.893421617778415}.
[I 2025-08-09 19:55:54,771] Trial 251 finished with values: [0.7878381504096217, 0.11456628477905073] and parameters: {'psi': 0.12716840007595032}.
[I 2025-08-09 19:56:00,247] Trial 252 finished with values: [0.7860997909143679, 0.12201154163231658] and parameters: {'psi': 0.627499938576746}.
[I 2025-08-09 19:56:05,748] Trial 253 finished with values: [0.789454745683116, 0.11658456486042693] and parameters: {'psi': 0.24746790996465218}.
[I 2025-08-09 19:56:11,345] Trial 254 finished with values: [0.7868136683028495, 0.12016460905349795] and parameters: {'psi': 0.5820693127183625}.
[I 2025-08-09 19:56:16,825] Trial 255 finished with values: [0.7846666569950774, 0.12241521918941274] and parameters: {'psi': 0.6963090570583861}.
[I 2025-08-09 19:56:22,323] Trial 256 finished with values: [0.7796536223551939, 0.11372867587327376] and parameters: {'psi': 0.05260065203638786}.
[I 2025-08-09 19:56:27,795] Trial 257 finished with values: [0.7892870957472665, 0.11677631578947369] and parameters: {'psi': 0.31616632370114983}.
[I 2025-08-09 19:56:33,276] Trial 258 finished with values: [0.7876678109026087, 0.12036273701566365] and parameters: {'psi': 0.5158006224066316}.
[I 2025-08-09 19:56:38,771] Trial 259 finished with values: [0.7842825373316552, 0.12251655629139073] and parameters: {'psi': 0.7100373815185378}.
[I 2025-08-09 19:56:44,286] Trial 260 finished with values: [0.7863868415094395, 0.12181069958847737] and parameters: {'psi': 0.6098690866151589}.
[I 2025-08-09 19:56:49,773] Trial 261 finished with values: [0.7894447209178708, 0.11668036154478226] and parameters: {'psi': 0.26460863700012116}.
[I 2025-08-09 19:56:55,276] Trial 262 finished with values: [0.786308843945702, 0.11292962356792144] and parameters: {'psi': 0.09792357520485317}.
[I 2025-08-09 19:57:00,764] Trial 263 finished with values: [0.7881135461963189, 0.11871393239901072] and parameters: {'psi': 0.47193448318580855}.
[I 2025-08-09 19:57:06,255] Trial 264 finished with values: [0.7837310937410092, 0.12282157676348547] and parameters: {'psi': 0.7277163518757401}.
[I 2025-08-09 19:57:11,747] Trial 265 finished with values: [0.7847950228915106, 0.12241521918941274] and parameters: {'psi': 0.6911238967362127}.
[I 2025-08-09 19:57:17,221] Trial 266 finished with values: [0.783631416603652, 0.12271973466003316] and parameters: {'psi': 0.7307757444522154}.
[I 2025-08-09 19:57:22,721] Trial 267 finished with values: [0.7892706323116604, 0.11677631578947369] and parameters: {'psi': 0.3210193550199725}.
[I 2025-08-09 19:57:28,228] Trial 268 finished with values: [0.7869267932960238, 0.12026359143327842] and parameters: {'psi': 0.5742169206168056}.
[I 2025-08-09 19:57:33,705] Trial 269 finished with values: [0.77571470463537, 0.12510566356720204] and parameters: {'psi': 0.9156717569044468}.
[I 2025-08-09 19:57:39,189] Trial 270 finished with values: [0.7883420782430482, 0.1186161449752883] and parameters: {'psi': 0.4494616061199007}.
[I 2025-08-09 19:57:44,679] Trial 271 finished with values: [0.7829251189157215, 0.12323064113238967] and parameters: {'psi': 0.7505215141046684}.
[I 2025-08-09 19:57:50,160] Trial 272 finished with values: [0.77851642276603, 0.11382113821138211] and parameters: {'psi': 0.04889931568229333}.
[I 2025-08-09 19:57:55,671] Trial 273 finished with values: [0.7893844093220862, 0.11639344262295082] and parameters: {'psi': 0.2225356566358655}.
[I 2025-08-09 19:58:01,150] Trial 274 finished with values: [0.7891384358138732, 0.1162981162981163] and parameters: {'psi': 0.1857076644654908}.
[I 2025-08-09 19:58:06,646] Trial 275 finished with values: [0.7869783841610665, 0.12026359143327842] and parameters: {'psi': 0.5708552968373181}.
[I 2025-08-09 19:58:12,133] Trial 276 finished with values: [0.7871370688597049, 0.12026359143327842] and parameters: {'psi': 0.55941475237726}.
[I 2025-08-09 19:58:17,632] Trial 277 finished with values: [0.7845717884849515, 0.11283728536385937] and parameters: {'psi': 0.07926306707541231}.
[I 2025-08-09 19:58:23,119] Trial 278 finished with values: [0.784763563059115, 0.11283728536385937] and parameters: {'psi': 0.08099400759622644}.
[I 2025-08-09 19:58:28,599] Trial 279 finished with values: [0.7812170782226727, 0.11382113821138211] and parameters: {'psi': 0.05882866057409053}.
[I 2025-08-09 19:58:34,085] Trial 280 finished with values: [0.7534481524846666, 0.11507293354943274] and parameters: {'psi': 0.019358713672176786}.
[I 2025-08-09 19:58:39,574] Trial 281 finished with values: [0.7886440437327531, 0.11851851851851852] and parameters: {'psi': 0.41418468021793176}.
[I 2025-08-09 19:58:45,075] Trial 282 finished with values: [0.7866251538149448, 0.12181069958847737] and parameters: {'psi': 0.5951009518395696}.
[I 2025-08-09 19:58:50,565] Trial 283 finished with values: [0.7852906375049777, 0.12241521918941274] and parameters: {'psi': 0.6701207415635754}.
[I 2025-08-09 19:58:56,049] Trial 284 finished with values: [0.7886685758818492, 0.1162981162981163] and parameters: {'psi': 0.15664457158295053}.
[I 2025-08-09 19:59:01,536] Trial 285 finished with values: [0.7876452348052677, 0.11311475409836065] and parameters: {'psi': 0.12230188033931133}.
[I 2025-08-09 19:59:07,026] Trial 286 finished with values: [0.7783624651924664, 0.12478920741989882] and parameters: {'psi': 0.861558574772555}.
[I 2025-08-09 19:59:12,507] Trial 287 finished with values: [0.7894113865358763, 0.11677631578947369] and parameters: {'psi': 0.28401768753892054}.
[I 2025-08-09 19:59:17,995] Trial 288 finished with values: [0.7533815652228343, 0.11507293354943274] and parameters: {'psi': 0.01932585977776924}.
[I 2025-08-09 19:59:23,473] Trial 289 finished with values: [0.7880416612943162, 0.11871393239901072] and parameters: {'psi': 0.4791972082417095}.
[I 2025-08-09 19:59:28,956] Trial 290 finished with values: [0.7880311475161321, 0.11871393239901072] and parameters: {'psi': 0.4801856491142994}.
[I 2025-08-09 19:59:34,428] Trial 291 finished with values: [0.7528601144257676, 0.11507293354943274] and parameters: {'psi': 0.0190786456632821}.
[I 2025-08-09 19:59:39,905] Trial 292 finished with values: [0.7855345734592791, 0.12231404958677686] and parameters: {'psi': 0.6582588552562164}.
[I 2025-08-09 19:59:45,395] Trial 293 finished with values: [0.7673806201238279, 0.1151662611516626] and parameters: {'psi': 0.0292893170209354}.
[I 2025-08-09 19:59:50,898] Trial 294 finished with values: [0.7892908448464637, 0.1162981162981163] and parameters: {'psi': 0.20314172576801848}.
[I 2025-08-09 19:59:56,386] Trial 295 finished with values: [0.7872807571615537, 0.12036273701566365] and parameters: {'psi': 0.5481760193553138}.
[I 2025-08-09 20:00:01,871] Trial 296 finished with values: [0.7892782935143681, 0.1162981162981163] and parameters: {'psi': 0.20086147190103332}.
[I 2025-08-09 20:00:07,357] Trial 297 finished with values: [0.788382829321281, 0.1162981162981163] and parameters: {'psi': 0.14425357123479066}.
[I 2025-08-09 20:00:12,846] Trial 298 finished with values: [0.7767699130551294, 0.125] and parameters: {'psi': 0.8956013400389545}.
[I 2025-08-09 20:00:18,336] Trial 299 finished with values: [0.7881657890786133, 0.1186161449752883] and parameters: {'psi': 0.4665307942808524}.
