[I 2025-08-09 19:16:36,108] Trial 0 finished with values: [0.9341535569975693, 0.2084985835694051] and parameters: {'psi': 0.1949798886810995}.
[I 2025-08-09 19:16:41,497] Trial 1 finished with values: [0.9340800448344062, 0.22719449225473323] and parameters: {'psi': 0.564241760733467}.
[I 2025-08-09 19:16:46,797] Trial 2 finished with values: [0.9346383239530462, 0.20838052095130238] and parameters: {'psi': 0.1524883829644107}.
[I 2025-08-09 19:16:52,081] Trial 3 finished with values: [0.9334840606819922, 0.2144072603516733] and parameters: {'psi': 0.3637883935749725}.
[I 2025-08-09 19:16:57,362] Trial 4 finished with values: [0.9334927488665082, 0.2160318362706083] and parameters: {'psi': 0.44776380747169675}.
[I 2025-08-09 19:17:02,640] Trial 5 finished with values: [0.9340011763633131, 0.22578796561604583] and parameters: {'psi': 0.5540390084330047}.
[I 2025-08-09 19:17:07,934] Trial 6 finished with values: [0.9351120830630929, 0.27261761158021713] and parameters: {'psi': 0.8581970570264883}.
[I 2025-08-09 19:17:13,222] Trial 7 finished with values: [0.9343510655805255, 0.20736543909348443] and parameters: {'psi': 0.17458428524192815}.
[I 2025-08-09 19:17:18,512] Trial 8 finished with values: [0.9343125170336919, 0.20838052095130238] and parameters: {'psi': 0.17841048974735985}.
[I 2025-08-09 19:17:23,794] Trial 9 finished with values: [0.9335686650418917, 0.21855435401252135] and parameters: {'psi': 0.47592208628639476}.
[I 2025-08-09 19:17:29,063] Trial 10 finished with values: [0.9342574356308858, 0.22948938611589215] and parameters: {'psi': 0.5845974090250565}.
[I 2025-08-09 19:17:34,360] Trial 11 finished with values: [0.9341765427284493, 0.2084985835694051] and parameters: {'psi': 0.1922811129829305}.
[I 2025-08-09 19:17:39,643] Trial 12 finished with values: [0.934838489602141, 0.2400461627236007] and parameters: {'psi': 0.647846984178644}.
[I 2025-08-09 19:17:44,928] Trial 13 finished with values: [0.933535177573417, 0.21855435401252135] and parameters: {'psi': 0.46554849679580323}.
[I 2025-08-09 19:17:50,197] Trial 14 finished with values: [0.9335804742247292, 0.21855435401252135] and parameters: {'psi': 0.4789817060668581}.
[I 2025-08-09 19:17:55,466] Trial 15 finished with values: [0.9339095286693643, 0.22552947910704063] and parameters: {'psi': 0.5414484662237358}.
[I 2025-08-09 19:18:00,750] Trial 16 finished with values: [0.9349144057775246, 0.24046242774566473] and parameters: {'psi': 0.6562618830192821}.
[I 2025-08-09 19:18:06,042] Trial 17 finished with values: [0.9352633249547181, 0.2427071178529755] and parameters: {'psi': 0.6956731667675079}.
[I 2025-08-09 19:18:11,340] Trial 18 finished with values: [0.9352544680675899, 0.2563496751329002] and parameters: {'psi': 0.9332229314938107}.
[I 2025-08-09 19:18:16,622] Trial 19 finished with values: [0.9337261911058127, 0.2067007382169222] and parameters: {'psi': 0.27379350807137215}.
[I 2025-08-09 19:18:21,908] Trial 20 finished with values: [0.9342654911806071, 0.22948938611589215] and parameters: {'psi': 0.5855307437541019}.
[I 2025-08-09 19:18:27,182] Trial 21 finished with values: [0.9344795747951887, 0.23522662076878945] and parameters: {'psi': 0.6096135236065289}.
[I 2025-08-09 19:18:32,463] Trial 22 finished with values: [0.9336472804590668, 0.24018475750577367] and parameters: {'psi': 0.9813717573428783}.
[I 2025-08-09 19:18:37,744] Trial 23 finished with values: [0.9354895551573611, 0.24838140082401414] and parameters: {'psi': 0.7355986177912278}.
[I 2025-08-09 19:18:43,042] Trial 24 finished with values: [0.933642303732014, 0.21010789324247586] and parameters: {'psi': 0.29798172059565753}.
[I 2025-08-09 19:18:48,321] Trial 25 finished with values: [0.9336978912426559, 0.20909090909090908] and parameters: {'psi': 0.2818480095682161}.
[I 2025-08-09 19:18:53,616] Trial 26 finished with values: [0.9340119311548257, 0.20646625070901872] and parameters: {'psi': 0.21377975728361864}.
[I 2025-08-09 19:18:58,912] Trial 27 finished with values: [0.9354865606859988, 0.2492616656822209] and parameters: {'psi': 0.7503987345507248}.
[I 2025-08-09 19:19:04,205] Trial 28 finished with values: [0.9351414373175745, 0.27349397590361446] and parameters: {'psi': 0.8620337373723442}.
[I 2025-08-09 19:19:09,477] Trial 29 finished with values: [0.9335046002249986, 0.22834193918531268] and parameters: {'psi': 0.9899053052783244}.
[I 2025-08-09 19:19:14,771] Trial 30 finished with values: [0.9350248216370547, 0.267308850090307] and parameters: {'psi': 0.8426016969843398}.
[I 2025-08-09 19:19:20,052] Trial 31 finished with values: [0.9337199912848232, 0.20783645655877342] and parameters: {'psi': 0.2760790001765857}.
[I 2025-08-09 19:19:25,348] Trial 32 finished with values: [0.9339855713717065, 0.20646625070901872] and parameters: {'psi': 0.2184824334001667}.
[I 2025-08-09 19:19:30,630] Trial 33 finished with values: [0.9335186868930977, 0.21213840045377197] and parameters: {'psi': 0.3420007921967634}.
[I 2025-08-09 19:19:35,900] Trial 34 finished with values: [0.9338037521316628, 0.22285714285714286] and parameters: {'psi': 0.5251786348083234}.
[I 2025-08-09 19:19:41,202] Trial 35 finished with values: [0.9350176517760463, 0.2082625919637804] and parameters: {'psi': 0.13063703579317665}.
[I 2025-08-09 19:19:46,505] Trial 36 finished with values: [0.9343630012903219, 0.20736543909348443] and parameters: {'psi': 0.17348247464621247}.
[I 2025-08-09 19:19:51,793] Trial 37 finished with values: [0.9347940786395417, 0.23773802654356607] and parameters: {'psi': 0.6426581661916417}.
[I 2025-08-09 19:19:57,077] Trial 38 finished with values: [0.93351265577472, 0.21716884593519045] and parameters: {'psi': 0.4570241793508866}.
[I 2025-08-09 19:20:02,376] Trial 39 finished with values: [0.9391921557334301, 0.2041503084688727] and parameters: {'psi': 0.0469546777017783}.
[I 2025-08-09 19:20:07,675] Trial 40 finished with values: [0.9354214836534338, 0.2491103202846975] and parameters: {'psi': 0.7653172085024416}.
[I 2025-08-09 19:20:12,991] Trial 41 finished with values: [0.9377765299407914, 0.20224719101123595] and parameters: {'psi': 0.06242420098879642}.
[I 2025-08-09 19:20:18,266] Trial 42 finished with values: [0.9345008313242961, 0.23522662076878945] and parameters: {'psi': 0.6122984160011915}.
[I 2025-08-09 19:20:23,552] Trial 43 finished with values: [0.9346128920342929, 0.2357676825761932] and parameters: {'psi': 0.6242610648627934}.
[I 2025-08-09 19:20:28,840] Trial 44 finished with values: [0.9351059254177563, 0.27245328511151296] and parameters: {'psi': 0.8570071447397696}.
[I 2025-08-09 19:20:34,129] Trial 45 finished with values: [0.9350012876226858, 0.26610475617098134] and parameters: {'psi': 0.8368304662026981}.
[I 2025-08-09 19:20:39,419] Trial 46 finished with values: [0.9349767835682982, 0.2618618618618619] and parameters: {'psi': 0.8230812328120686}.
[I 2025-08-09 19:20:44,700] Trial 47 finished with values: [0.9336954872304353, 0.20909090909090908] and parameters: {'psi': 0.2824771438204743}.
[I 2025-08-09 19:20:49,988] Trial 48 finished with values: [0.9377322033294979, 0.20224719101123595] and parameters: {'psi': 0.06301536081222237}.
[I 2025-08-09 19:20:55,284] Trial 49 finished with values: [0.9349834473214708, 0.26458208057727] and parameters: {'psi': 0.831023417799066}.
[I 2025-08-09 19:21:00,592] Trial 50 finished with values: [0.9344073279016154, 0.24504084014002334] and parameters: {'psi': 0.967430216168063}.
[I 2025-08-09 19:21:05,888] Trial 51 finished with values: [0.9350270569466632, 0.2577937649880096] and parameters: {'psi': 0.8109536109880475}.
[I 2025-08-09 19:21:11,175] Trial 52 finished with values: [0.9388577028052124, 0.2041503084688727] and parameters: {'psi': 0.05014697550494851}.
[I 2025-08-09 19:21:16,580] Trial 53 finished with values: [0.933876926889602, 0.20760068065796938] and parameters: {'psi': 0.23904922746375135}.
[I 2025-08-09 19:21:21,860] Trial 54 finished with values: [0.9351265071364157, 0.27245328511151296] and parameters: {'psi': 0.8603116056071416}.
[I 2025-08-09 19:21:27,154] Trial 55 finished with values: [0.9350327506598171, 0.2082625919637804] and parameters: {'psi': 0.1298498271441343}.
[I 2025-08-09 19:21:32,446] Trial 56 finished with values: [0.9350655633178439, 0.20939445387662706] and parameters: {'psi': 0.12820319522658397}.
[I 2025-08-09 19:21:37,748] Trial 57 finished with values: [0.9365733007366146, 0.20382882882882883] and parameters: {'psi': 0.08207087419313741}.
[I 2025-08-09 19:21:43,029] Trial 58 finished with values: [0.9341204491099716, 0.22834193918531268] and parameters: {'psi': 0.568432449329446}.
[I 2025-08-09 19:21:48,323] Trial 59 finished with values: [0.9334612858293772, 0.21465076660988075] and parameters: {'psi': 0.42737646708440835}.
[I 2025-08-09 19:21:53,611] Trial 60 finished with values: [0.9352048694996729, 0.2742032471437162] and parameters: {'psi': 0.8726672127274727}.
[I 2025-08-09 19:21:58,901] Trial 61 finished with values: [0.9352972341797229, 0.2695961995249406] and parameters: {'psi': 0.9135646066582146}.
[I 2025-08-09 19:22:04,185] Trial 62 finished with values: [0.9352813339585452, 0.2613837965700769] and parameters: {'psi': 0.9285027928569751}.
[I 2025-08-09 19:22:09,468] Trial 63 finished with values: [0.9334553390623053, 0.21465076660988075] and parameters: {'psi': 0.421449814588886}.
[I 2025-08-09 19:22:14,762] Trial 64 finished with values: [0.9353176471957704, 0.2081447963800905] and parameters: {'psi': 0.11729466511651276}.
[I 2025-08-09 19:22:20,043] Trial 65 finished with values: [0.9334509527943943, 0.21452894438138478] and parameters: {'psi': 0.39342880816298564}.
[I 2025-08-09 19:22:25,329] Trial 66 finished with values: [0.9337851526686939, 0.20658342792281498] and parameters: {'psi': 0.258962663070335}.
[I 2025-08-09 19:22:30,616] Trial 67 finished with values: [0.9350713413823037, 0.24260011607661056] and parameters: {'psi': 0.6733132165282644}.
[I 2025-08-09 19:22:35,885] Trial 68 finished with values: [0.935083951902548, 0.24260011607661056] and parameters: {'psi': 0.6748288037163255}.
[I 2025-08-09 19:22:41,181] Trial 69 finished with values: [0.9334997500249046, 0.23116733755031627] and parameters: {'psi': 0.987611170698988}.
[I 2025-08-09 19:22:46,462] Trial 70 finished with values: [0.9340972525008264, 0.22719449225473323] and parameters: {'psi': 0.5659070502036507}.
[I 2025-08-09 19:22:51,752] Trial 71 finished with values: [0.9354820057154758, 0.2492616656822209] and parameters: {'psi': 0.7517457997931081}.
[I 2025-08-09 19:22:57,039] Trial 72 finished with values: [0.9389447533529857, 0.2041503084688727] and parameters: {'psi': 0.0492793971167077}.
[I 2025-08-09 19:23:02,323] Trial 73 finished with values: [0.9352743749758017, 0.2428488032691185] and parameters: {'psi': 0.6969142289803331}.
[I 2025-08-09 19:23:07,605] Trial 74 finished with values: [0.9336856603032885, 0.20909090909090908] and parameters: {'psi': 0.28554482366993206}.
[I 2025-08-09 19:23:12,888] Trial 75 finished with values: [0.9356062551891869, 0.20689655172413793] and parameters: {'psi': 0.10714565075531368}.
[I 2025-08-09 19:23:18,174] Trial 76 finished with values: [0.934801543730121, 0.23889209463358338] and parameters: {'psi': 0.6435826941349644}.
[I 2025-08-09 19:23:23,459] Trial 77 finished with values: [0.9352841175516428, 0.2715311004784689] and parameters: {'psi': 0.8998733782522723}.
[I 2025-08-09 19:23:28,739] Trial 78 finished with values: [0.9352455690048089, 0.2565011820330969] and parameters: {'psi': 0.9344667155748878}.
[I 2025-08-09 19:23:34,021] Trial 79 finished with values: [0.9335849870195991, 0.21753986332574032] and parameters: {'psi': 0.48059236972175656}.
[I 2025-08-09 19:23:39,289] Trial 80 finished with values: [0.9345396329250477, 0.23549684089603676] and parameters: {'psi': 0.6160453152190785}.
[I 2025-08-09 19:23:44,555] Trial 81 finished with values: [0.9335935908528094, 0.21112372304199772] and parameters: {'psi': 0.31253273553615557}.
[I 2025-08-09 19:23:49,850] Trial 82 finished with values: [0.9350421136547811, 0.24231884057971015] and parameters: {'psi': 0.6697308975893548}.
[I 2025-08-09 19:23:55,148] Trial 83 finished with values: [0.9353002708267381, 0.265717674970344] and parameters: {'psi': 0.9173166111171173}.
[I 2025-08-09 19:24:00,458] Trial 84 finished with values: [0.9391952767317513, 0.2041503084688727] and parameters: {'psi': 0.046926402846209414}.
[I 2025-08-09 19:24:05,754] Trial 85 finished with values: [0.9352920465744048, 0.27001194743130225] and parameters: {'psi': 0.9039308006349064}.
[I 2025-08-09 19:24:11,054] Trial 86 finished with values: [0.9349998536504841, 0.25044091710758376] and parameters: {'psi': 0.9514794160675478}.
[I 2025-08-09 19:24:16,343] Trial 87 finished with values: [0.937302475601174, 0.20224719101123595] and parameters: {'psi': 0.06933118198292976}.
[I 2025-08-09 19:24:21,638] Trial 88 finished with values: [0.9408934793994288, 0.20424107142857142] and parameters: {'psi': 0.03398114095359184}.
[I 2025-08-09 19:24:26,917] Trial 89 finished with values: [0.9340180466245095, 0.22578796561604583] and parameters: {'psi': 0.5565142480752892}.
[I 2025-08-09 19:24:32,207] Trial 90 finished with values: [0.9363601871620519, 0.20382882882882883] and parameters: {'psi': 0.08679640526710264}.
[I 2025-08-09 19:24:37,531] Trial 91 finished with values: [0.9366463489675948, 0.1561297416162727] and parameters: {'psi': 0.005053012589310568}.
[I 2025-08-09 19:24:42,826] Trial 92 finished with values: [0.9370961523067426, 0.20337078651685395] and parameters: {'psi': 0.07257739933811946}.
[I 2025-08-09 19:24:48,123] Trial 93 finished with values: [0.9342081744681924, 0.2084985835694051] and parameters: {'psi': 0.1885798363347252}.
[I 2025-08-09 19:24:53,403] Trial 94 finished with values: [0.9337732169588975, 0.22272986864648772] and parameters: {'psi': 0.5201445628844374}.
[I 2025-08-09 19:24:58,693] Trial 95 finished with values: [0.9347600007119249, 0.23658395845354876] and parameters: {'psi': 0.6395279851021322}.
[I 2025-08-09 19:25:03,992] Trial 96 finished with values: [0.9378296712635599, 0.20449438202247192] and parameters: {'psi': 0.06172067549620186}.
[I 2025-08-09 19:25:09,263] Trial 97 finished with values: [0.9334951950543816, 0.2160318362706083] and parameters: {'psi': 0.4491894808320245}.
[I 2025-08-09 19:25:14,555] Trial 98 finished with values: [0.9335132884095149, 0.21716884593519045] and parameters: {'psi': 0.4571316919746089}.
[I 2025-08-09 19:25:19,840] Trial 99 finished with values: [0.9347656100737729, 0.24941451990632318] and parameters: {'psi': 0.9596127904036763}.
[I 2025-08-09 19:25:25,123] Trial 100 finished with values: [0.9350198027343487, 0.267308850090307] and parameters: {'psi': 0.8415171637912577}.
[I 2025-08-09 19:25:30,405] Trial 101 finished with values: [0.9336988191070217, 0.20909090909090908] and parameters: {'psi': 0.28161839692162194}.
[I 2025-08-09 19:25:35,799] Trial 102 finished with values: [0.9345982992583579, 0.2357676825761932] and parameters: {'psi': 0.6224628537603286}.
[I 2025-08-09 19:25:41,097] Trial 103 finished with values: [0.9341066154957904, 0.2084985835694051] and parameters: {'psi': 0.20052654099290856}.
[I 2025-08-09 19:25:46,398] Trial 104 finished with values: [0.9338672264894142, 0.24013921113689096] and parameters: {'psi': 0.9767440937743936}.
[I 2025-08-09 19:25:51,698] Trial 105 finished with values: [0.934838784831712, 0.2505854800936768] and parameters: {'psi': 0.9575265637901511}.
[I 2025-08-09 19:25:56,982] Trial 106 finished with values: [0.9341436878947693, 0.22834193918531268] and parameters: {'psi': 0.5714639666631364}.
[I 2025-08-09 19:26:02,269] Trial 107 finished with values: [0.9334519650100661, 0.21452894438138478] and parameters: {'psi': 0.3962111335034214}.
[I 2025-08-09 19:26:07,553] Trial 108 finished with values: [0.9337974679593672, 0.20658342792281498] and parameters: {'psi': 0.2562434810748446}.
[I 2025-08-09 19:26:12,850] Trial 109 finished with values: [0.9350735766919122, 0.25748502994011974] and parameters: {'psi': 0.8054552011101838}.
[I 2025-08-09 19:26:18,123] Trial 110 finished with values: [0.9350361668877092, 0.24231884057971015] and parameters: {'psi': 0.6690197240055522}.
[I 2025-08-09 19:26:23,399] Trial 111 finished with values: [0.934459330481753, 0.23509174311926606] and parameters: {'psi': 0.6077786060173276}.
[I 2025-08-09 19:26:28,682] Trial 112 finished with values: [0.9349656491959084, 0.24088013896931093] and parameters: {'psi': 0.6613847206581758}.
[I 2025-08-09 19:26:33,959] Trial 113 finished with values: [0.9344873772909922, 0.23522662076878945] and parameters: {'psi': 0.6105541626751712}.
[I 2025-08-09 19:26:39,250] Trial 114 finished with values: [0.9350114941307096, 0.2421784472769409] and parameters: {'psi': 0.6660441721343303}.
[I 2025-08-09 19:26:44,539] Trial 115 finished with values: [0.9335161141782653, 0.21213840045377197] and parameters: {'psi': 0.34328223476197395}.
[I 2025-08-09 19:26:49,828] Trial 116 finished with values: [0.9351874931306406, 0.24228305183459523] and parameters: {'psi': 0.6865677382024764}.
[I 2025-08-09 19:26:55,121] Trial 117 finished with values: [0.9352998912458612, 0.26421800947867297] and parameters: {'psi': 0.9210519411976134}.
[I 2025-08-09 19:27:00,405] Trial 118 finished with values: [0.9335073838180962, 0.22834193918531268] and parameters: {'psi': 0.9902103660871177}.
[I 2025-08-09 19:27:05,699] Trial 119 finished with values: [0.9349882553459117, 0.25930372148859543] and parameters: {'psi': 0.8184194804438393}.
[I 2025-08-09 19:27:10,983] Trial 120 finished with values: [0.9343124326823858, 0.23279816513761467] and parameters: {'psi': 0.5903863453249806}.
[I 2025-08-09 19:27:16,269] Trial 121 finished with values: [0.9338243338503225, 0.20658342792281498] and parameters: {'psi': 0.2503483377265475}.
[I 2025-08-09 19:27:21,554] Trial 122 finished with values: [0.9339513669171309, 0.22552947910704063] and parameters: {'psi': 0.547324872413994}.
[I 2025-08-09 19:27:26,858] Trial 123 finished with values: [0.9349579732270642, 0.2082625919637804] and parameters: {'psi': 0.13347104371129792}.
[I 2025-08-09 19:27:32,133] Trial 124 finished with values: [0.9334914835969185, 0.2133938706015891] and parameters: {'psi': 0.358821334718634}.
[I 2025-08-09 19:27:37,426] Trial 125 finished with values: [0.9375220420506442, 0.20325659741718136] and parameters: {'psi': 0.06605933552942755}.
[I 2025-08-09 19:27:42,721] Trial 126 finished with values: [0.9335064559537302, 0.23258491652274035] and parameters: {'psi': 0.9866393691679672}.
[I 2025-08-09 19:27:48,026] Trial 127 finished with values: [0.934676282040738, 0.2082625919637804] and parameters: {'psi': 0.14999139437312847}.
[I 2025-08-09 19:27:53,325] Trial 128 finished with values: [0.9352861841586392, 0.2428488032691185] and parameters: {'psi': 0.6983503806584436}.
[I 2025-08-09 19:27:58,609] Trial 129 finished with values: [0.9337368193703665, 0.22146118721461186] and parameters: {'psi': 0.5140294759176912}.
[I 2025-08-09 19:28:03,873] Trial 130 finished with values: [0.9335037145362859, 0.21327283040272263] and parameters: {'psi': 0.35026438784382175}.
[I 2025-08-09 19:28:09,166] Trial 131 finished with values: [0.935129839013002, 0.27245328511151296] and parameters: {'psi': 0.8607339842235877}.
[I 2025-08-09 19:28:14,454] Trial 132 finished with values: [0.9340246682020292, 0.23953488372093024] and parameters: {'psi': 0.9740500305435563}.
[I 2025-08-09 19:28:19,747] Trial 133 finished with values: [0.9351115769552568, 0.27261761158021713] and parameters: {'psi': 0.858066954690927}.
[I 2025-08-09 19:28:25,029] Trial 134 finished with values: [0.9334672747721017, 0.21351504826802953] and parameters: {'psi': 0.37424090854557557}.
[I 2025-08-09 19:28:30,329] Trial 135 finished with values: [0.933827412672991, 0.20760068065796938] and parameters: {'psi': 0.24954852853660425}.
[I 2025-08-09 19:28:35,624] Trial 136 finished with values: [0.9352191670460367, 0.241399416909621] and parameters: {'psi': 0.6902918463673896}.
[I 2025-08-09 19:28:40,909] Trial 137 finished with values: [0.9366787398690917, 0.20371412492965674] and parameters: {'psi': 0.08001356573803542}.
[I 2025-08-09 19:28:46,194] Trial 138 finished with values: [0.9343817272802498, 0.23509174311926606] and parameters: {'psi': 0.5988854069972281}.
[I 2025-08-09 19:28:51,464] Trial 139 finished with values: [0.9342940019220288, 0.23279816513761467] and parameters: {'psi': 0.5884640252547833}.
[I 2025-08-09 19:28:56,752] Trial 140 finished with values: [0.9354677925204178, 0.24573780129335684] and parameters: {'psi': 0.7273161735048189}.
[I 2025-08-09 19:29:02,055] Trial 141 finished with values: [0.9367859925546476, 0.20371412492965674] and parameters: {'psi': 0.07787892064439006}.
[I 2025-08-09 19:29:07,347] Trial 142 finished with values: [0.9339223500678733, 0.22552947910704063] and parameters: {'psi': 0.5432206251484193}.
[I 2025-08-09 19:29:12,626] Trial 143 finished with values: [0.9349907858850911, 0.2647412755716005] and parameters: {'psi': 0.8325282290087891}.
[I 2025-08-09 19:29:17,945] Trial 144 finished with values: [0.9065025240863045, 0.11978609625668449] and parameters: {'psi': 0.0013071732145494286}.
[I 2025-08-09 19:29:23,234] Trial 145 finished with values: [0.9345439770173058, 0.20736543909348443] and parameters: {'psi': 0.15889355396646865}.
[I 2025-08-09 19:29:28,530] Trial 146 finished with values: [0.9352019593796164, 0.25178997613365156] and parameters: {'psi': 0.7917949067361616}.
[I 2025-08-09 19:29:33,824] Trial 147 finished with values: [0.9348491600423476, 0.2082625919637804] and parameters: {'psi': 0.13942068492968562}.
[I 2025-08-09 19:29:39,104] Trial 148 finished with values: [0.935079143878107, 0.20939445387662706] and parameters: {'psi': 0.12750406982372875}.
[I 2025-08-09 19:29:44,389] Trial 149 finished with values: [0.9338007154846475, 0.20658342792281498] and parameters: {'psi': 0.2554027439530755}.
