[I 2025-08-09 18:55:51,561] Trial 150 finished with values: [0.6863673999395895, 0.1812227074235808] and parameters: {'psi': 0.4549302404079555}.
[I 2025-08-09 18:55:57,196] Trial 151 finished with values: [0.6854531235058672, 0.1812227074235808] and parameters: {'psi': 0.12683828901032412}.
[I 2025-08-09 18:56:02,913] Trial 152 finished with values: [0.6871898085536872, 0.18461538461538463] and parameters: {'psi': 0.6332627856202189}.
[I 2025-08-09 18:56:08,520] Trial 153 finished with values: [0.6887818425777935, 0.18767351471404775] and parameters: {'psi': 0.9508447072344309}.
[I 2025-08-09 18:56:14,149] Trial 154 finished with values: [0.6860903545240253, 0.18112384069830878] and parameters: {'psi': 0.33613381796127606}.
[I 2025-08-09 18:56:19,754] Trial 155 finished with values: [0.6868606250199217, 0.18400876232201532] and parameters: {'psi': 0.5826744824845077}.
[I 2025-08-09 18:56:25,368] Trial 156 finished with values: [0.6864437856979146, 0.18231441048034935] and parameters: {'psi': 0.4822433179368356}.
[I 2025-08-09 18:56:30,983] Trial 157 finished with values: [0.6864269755186112, 0.18231441048034935] and parameters: {'psi': 0.47664108436677655}.
[I 2025-08-09 18:56:36,617] Trial 158 finished with values: [0.6852821757456813, 0.18013100436681223] and parameters: {'psi': 0.09843938552694176}.
[I 2025-08-09 18:56:42,260] Trial 159 finished with values: [0.6854287240808284, 0.1812227074235808] and parameters: {'psi': 0.12332061739496925}.
[I 2025-08-09 18:56:47,858] Trial 160 finished with values: [0.6872910870380236, 0.18461538461538463] and parameters: {'psi': 0.6451286066714993}.
[I 2025-08-09 18:56:53,476] Trial 161 finished with values: [0.6860389753303978, 0.1812227074235808] and parameters: {'psi': 0.31367323006097925}.
[I 2025-08-09 18:56:59,110] Trial 162 finished with values: [0.6857875815654185, 0.18013100436681223] and parameters: {'psi': 0.22309146898649146}.
[I 2025-08-09 18:57:04,716] Trial 163 finished with values: [0.6866294565948268, 0.18360655737704917] and parameters: {'psi': 0.5324382142589971}.
[I 2025-08-09 18:57:10,324] Trial 164 finished with values: [0.6897206702214693, 0.1898876404494382] and parameters: {'psi': 0.8203047237275453}.
[I 2025-08-09 18:57:15,939] Trial 165 finished with values: [0.6817811428493368, 0.18052516411378555] and parameters: {'psi': 0.0251463443709381}.
[I 2025-08-09 18:57:21,548] Trial 166 finished with values: [0.6896884159270946, 0.18956814357823892] and parameters: {'psi': 0.8450375985423468}.
[I 2025-08-09 18:57:27,169] Trial 167 finished with values: [0.6861029526719458, 0.18112384069830878] and parameters: {'psi': 0.3420347861330113}.
[I 2025-08-09 18:57:32,784] Trial 168 finished with values: [0.6607878471890193, 0.18272425249169436] and parameters: {'psi': 0.006198168836099582}.
[I 2025-08-09 18:57:38,412] Trial 169 finished with values: [0.6862066976611462, 0.18003273322422259] and parameters: {'psi': 0.3895752827158169}.
[I 2025-08-09 18:57:44,046] Trial 170 finished with values: [0.6855264356196695, 0.18013100436681223] and parameters: {'psi': 0.14393852256767603}.
[I 2025-08-09 18:57:49,657] Trial 171 finished with values: [0.6862290859360652, 0.18003273322422259] and parameters: {'psi': 0.4011799975605792}.
[I 2025-08-09 18:57:55,250] Trial 172 finished with values: [0.6879954449347098, 0.18909899888765294] and parameters: {'psi': 0.9281970121492882}.
[I 2025-08-09 18:58:00,843] Trial 173 finished with values: [0.6859430472643047, 0.1812227074235808] and parameters: {'psi': 0.2745968547632932}.
[I 2025-08-09 18:58:06,441] Trial 174 finished with values: [0.6884974355938661, 0.1871866295264624] and parameters: {'psi': 0.7406382694715928}.
[I 2025-08-09 18:58:12,061] Trial 175 finished with values: [0.6855927276811666, 0.18013100436681223] and parameters: {'psi': 0.1639309871397432}.
[I 2025-08-09 18:58:17,672] Trial 176 finished with values: [0.686499984062584, 0.18330605564648117] and parameters: {'psi': 0.49699854653718556}.
[I 2025-08-09 18:58:23,275] Trial 177 finished with values: [0.6861373319551264, 0.18112384069830878] and parameters: {'psi': 0.35927853593382886}.
[I 2025-08-09 18:58:28,874] Trial 178 finished with values: [0.6895503675471708, 0.18946188340807174] and parameters: {'psi': 0.853389972343946}.
[I 2025-08-09 18:58:34,483] Trial 179 finished with values: [0.6890368032882683, 0.187010078387458] and parameters: {'psi': 0.7724732539233433}.
[I 2025-08-09 18:58:40,091] Trial 180 finished with values: [0.6869262719955315, 0.18421052631578946] and parameters: {'psi': 0.5957351757905122}.
[I 2025-08-09 18:58:45,701] Trial 181 finished with values: [0.6861355105361499, 0.18112384069830878] and parameters: {'psi': 0.35842652920756}.
[I 2025-08-09 18:58:51,310] Trial 182 finished with values: [0.6860393168464559, 0.1812227074235808] and parameters: {'psi': 0.3137082314738866}.
[I 2025-08-09 18:58:56,910] Trial 183 finished with values: [0.6896131306094011, 0.18946188340807174] and parameters: {'psi': 0.8501258077258608}.
[I 2025-08-09 18:59:02,518] Trial 184 finished with values: [0.6897391879810634, 0.1898876404494382] and parameters: {'psi': 0.8235567161667939}.
[I 2025-08-09 18:59:08,118] Trial 185 finished with values: [0.6881924617539961, 0.18878400888395336] and parameters: {'psi': 0.9350454047219415}.
[I 2025-08-09 18:59:13,718] Trial 186 finished with values: [0.6886711534287453, 0.19026301063234471] and parameters: {'psi': 0.8796639018148092}.
[I 2025-08-09 18:59:19,320] Trial 187 finished with values: [0.686489435011012, 0.18231441048034935] and parameters: {'psi': 0.4943543855931024}.
[I 2025-08-09 18:59:24,936] Trial 188 finished with values: [0.6864421540100816, 0.18231441048034935] and parameters: {'psi': 0.481823391899869}.
[I 2025-08-09 18:59:30,564] Trial 189 finished with values: [0.6852289751330775, 0.18003273322422259] and parameters: {'psi': 0.08982775833821277}.
[I 2025-08-09 18:59:36,172] Trial 190 finished with values: [0.6882200866084723, 0.18635607321131448] and parameters: {'psi': 0.7220665641850956}.
[I 2025-08-09 18:59:41,770] Trial 191 finished with values: [0.6881481785051311, 0.18878400888395336] and parameters: {'psi': 0.9335863772837025}.
[I 2025-08-09 18:59:47,380] Trial 192 finished with values: [0.6880980894832786, 0.1841375485302274] and parameters: {'psi': 0.71383531551773}.
[I 2025-08-09 18:59:52,991] Trial 193 finished with values: [0.6894315579051861, 0.1897810218978102] and parameters: {'psi': 0.7962074910648396}.
[I 2025-08-09 18:59:58,611] Trial 194 finished with values: [0.6860065692511084, 0.1812227074235808] and parameters: {'psi': 0.29900780867161014}.
[I 2025-08-09 19:00:04,223] Trial 195 finished with values: [0.6867201860275914, 0.1838074398249453] and parameters: {'psi': 0.554985276132144}.
[I 2025-08-09 19:00:09,804] Trial 196 finished with values: [0.6894609282861813, 0.1897810218978102] and parameters: {'psi': 0.7979837499868558}.
[I 2025-08-09 19:00:15,406] Trial 197 finished with values: [0.6886559369910462, 0.19026301063234471] and parameters: {'psi': 0.8801249267135922}.
[I 2025-08-09 19:00:21,016] Trial 198 finished with values: [0.6856935508107591, 0.18013100436681223] and parameters: {'psi': 0.1936906670375158}.
[I 2025-08-09 19:00:26,609] Trial 199 finished with values: [0.6893645069191154, 0.18967452300785634] and parameters: {'psi': 0.7916849727896929}.
[I 2025-08-09 19:00:32,198] Trial 200 finished with values: [0.6878951530523189, 0.18262313226342003] and parameters: {'psi': 0.6996769957894281}.
[I 2025-08-09 19:00:37,805] Trial 201 finished with values: [0.6859696475706065, 0.1812227074235808] and parameters: {'psi': 0.28625155411920733}.
[I 2025-08-09 19:00:43,531] Trial 202 finished with values: [0.6855542122590604, 0.18013100436681223] and parameters: {'psi': 0.15273874959186284}.
[I 2025-08-09 19:00:49,135] Trial 203 finished with values: [0.6862166016268307, 0.18003273322422259] and parameters: {'psi': 0.3939376955795426}.
[I 2025-08-09 19:00:54,744] Trial 204 finished with values: [0.687182105469266, 0.18461538461538463] and parameters: {'psi': 0.6320836772274182}.
[I 2025-08-09 19:01:00,351] Trial 205 finished with values: [0.6897668128355395, 0.1897810218978102] and parameters: {'psi': 0.8283500282054057}.
[I 2025-08-09 19:01:05,956] Trial 206 finished with values: [0.6870330147367973, 0.18441273326015367] and parameters: {'psi': 0.6117294064296488}.
[I 2025-08-09 19:01:11,561] Trial 207 finished with values: [0.6863564334795023, 0.18112384069830878] and parameters: {'psi': 0.4511702146095774}.
[I 2025-08-09 19:01:17,166] Trial 208 finished with values: [0.6870012157971668, 0.18431157432803072] and parameters: {'psi': 0.6072330621101285}.
[I 2025-08-09 19:01:22,792] Trial 209 finished with values: [0.6855345181663776, 0.18013100436681223] and parameters: {'psi': 0.14630764668272023}.
[I 2025-08-09 19:01:28,421] Trial 210 finished with values: [0.6837314272183744, 0.17952928297755885] and parameters: {'psi': 0.03731175212580862}.
[I 2025-08-09 19:01:34,049] Trial 211 finished with values: [0.6858410857478519, 0.1812227074235808] and parameters: {'psi': 0.23892448816615153}.
[I 2025-08-09 19:01:39,659] Trial 212 finished with values: [0.6865562583197107, 0.18340611353711792] and parameters: {'psi': 0.512839771390199}.
[I 2025-08-09 19:01:45,269] Trial 213 finished with values: [0.6864752810677158, 0.18231441048034935] and parameters: {'psi': 0.491024302530075}.
[I 2025-08-09 19:01:50,894] Trial 214 finished with values: [0.6880648106407297, 0.18292682926829268] and parameters: {'psi': 0.7116415157903401}.
[I 2025-08-09 19:01:56,535] Trial 215 finished with values: [0.6854755497270149, 0.18112384069830878] and parameters: {'psi': 0.13321173390284957}.
[I 2025-08-09 19:02:02,144] Trial 216 finished with values: [0.6876976808782882, 0.18332413031474323] and parameters: {'psi': 0.6838990418016659}.
[I 2025-08-09 19:02:07,760] Trial 217 finished with values: [0.6871553533780492, 0.18451400329489293] and parameters: {'psi': 0.6289760921083571}.
[I 2025-08-09 19:02:13,375] Trial 218 finished with values: [0.6862935186323572, 0.18221494817239497] and parameters: {'psi': 0.42703004939807354}.
[I 2025-08-09 19:02:18,982] Trial 219 finished with values: [0.6889305538479752, 0.19036954087346025] and parameters: {'psi': 0.8731648720862042}.
[I 2025-08-09 19:02:24,588] Trial 220 finished with values: [0.6878156557032423, 0.18252212389380532] and parameters: {'psi': 0.6936345721944496}.
[I 2025-08-09 19:02:30,188] Trial 221 finished with values: [0.6900210905138981, 0.1840220385674931] and parameters: {'psi': 0.9876038222852468}.
[I 2025-08-09 19:02:35,794] Trial 222 finished with values: [0.689368415380669, 0.19047619047619047] and parameters: {'psi': 0.8606691138967569}.
[I 2025-08-09 19:02:41,432] Trial 223 finished with values: [0.6857339635442993, 0.18022938285090115] and parameters: {'psi': 0.20651715414043437}.
[I 2025-08-09 19:02:47,049] Trial 224 finished with values: [0.686664367125209, 0.18360655737704917] and parameters: {'psi': 0.5418973178043669}.
[I 2025-08-09 19:02:52,660] Trial 225 finished with values: [0.6848444280516737, 0.1778505182760502] and parameters: {'psi': 0.06084569020286479}.
[I 2025-08-09 19:02:58,264] Trial 226 finished with values: [0.686614429888271, 0.18360655737704917] and parameters: {'psi': 0.5289523906943886}.
[I 2025-08-09 19:03:03,862] Trial 227 finished with values: [0.6861887111487537, 0.18112384069830878] and parameters: {'psi': 0.3824910532175787}.
[I 2025-08-09 19:03:09,471] Trial 228 finished with values: [0.6844788920308367, 0.17923497267759564] and parameters: {'psi': 0.048969542196908966}.
[I 2025-08-09 19:03:15,057] Trial 229 finished with values: [0.6887831327495686, 0.1878144214645053] and parameters: {'psi': 0.7579832970850188}.
[I 2025-08-09 19:03:20,669] Trial 230 finished with values: [0.6894814951421238, 0.1897810218978102] and parameters: {'psi': 0.7990431253222627}.
[I 2025-08-09 19:03:26,285] Trial 231 finished with values: [0.6865662002316238, 0.18340611353711792] and parameters: {'psi': 0.5153649721248427}.
[I 2025-08-09 19:03:31,905] Trial 232 finished with values: [0.6845509519190927, 0.17903930131004367] and parameters: {'psi': 0.05086311882202876}.
[I 2025-08-09 19:03:37,514] Trial 233 finished with values: [0.689152729016874, 0.18855218855218855] and parameters: {'psi': 0.7793649298803781}.
[I 2025-08-09 19:03:43,144] Trial 234 finished with values: [0.6855333418332886, 0.18013100436681223] and parameters: {'psi': 0.14597643585583298}.
[I 2025-08-09 19:03:48,743] Trial 235 finished with values: [0.6879274452929222, 0.1916434540389972] and parameters: {'psi': 0.9049978187896457}.
[I 2025-08-09 19:03:54,376] Trial 236 finished with values: [0.6851647701141574, 0.17884405670665213] and parameters: {'psi': 0.0827082903942653}.
[I 2025-08-09 19:04:00,003] Trial 237 finished with values: [0.6856093101830981, 0.18013100436681223] and parameters: {'psi': 0.16856134604175144}.
[I 2025-08-09 19:04:05,623] Trial 238 finished with values: [0.6846925292982832, 0.1780447842708902] and parameters: {'psi': 0.05449172858709439}.
[I 2025-08-09 19:04:11,249] Trial 239 finished with values: [0.6858643088398017, 0.1812227074235808] and parameters: {'psi': 0.24638626951448017}.
[I 2025-08-09 19:04:16,863] Trial 240 finished with values: [0.6868077659233759, 0.1839080459770115] and parameters: {'psi': 0.5730566895202923}.
[I 2025-08-09 19:04:22,461] Trial 241 finished with values: [0.6874280349773157, 0.18371837183718373] and parameters: {'psi': 0.6598871809230981}.
[I 2025-08-09 19:04:28,087] Trial 242 finished with values: [0.6855366811014121, 0.18013100436681223] and parameters: {'psi': 0.14735166947079803}.
[I 2025-08-09 19:04:33,708] Trial 243 finished with values: [0.6836943537529578, 0.17952928297755885] and parameters: {'psi': 0.03693238814542732}.
[I 2025-08-09 19:04:39,317] Trial 244 finished with values: [0.6864300491631339, 0.18231441048034935] and parameters: {'psi': 0.47774548413116813}.
[I 2025-08-09 19:04:44,918] Trial 245 finished with values: [0.6887948960804581, 0.1878144214645053] and parameters: {'psi': 0.7586212666493124}.
[I 2025-08-09 19:04:50,522] Trial 246 finished with values: [0.6896930833132219, 0.18956814357823892] and parameters: {'psi': 0.8448542262071662}.
[I 2025-08-09 19:04:56,119] Trial 247 finished with values: [0.6878564099528404, 0.19042316258351893] and parameters: {'psi': 0.9099518758894654}.
[I 2025-08-09 19:05:01,756] Trial 248 finished with values: [0.6853211844687603, 0.18013100436681223] and parameters: {'psi': 0.10422034508216782}.
[I 2025-08-09 19:05:07,364] Trial 249 finished with values: [0.690128668072195, 0.18371837183718373] and parameters: {'psi': 0.9944448586985483}.
[I 2025-08-09 19:05:12,992] Trial 250 finished with values: [0.6847047479839169, 0.1780447842708902] and parameters: {'psi': 0.05492734169956859}.
[I 2025-08-09 19:05:18,616] Trial 251 finished with values: [0.6845067445626849, 0.17923497267759564] and parameters: {'psi': 0.049666796610347674}.
[I 2025-08-09 19:05:24,228] Trial 252 finished with values: [0.6862776950549992, 0.18112384069830878] and parameters: {'psi': 0.4212028384476434}.
[I 2025-08-09 19:05:29,843] Trial 253 finished with values: [0.6889385225559972, 0.1881298992161254] and parameters: {'psi': 0.7664314329191504}.
[I 2025-08-09 19:05:35,554] Trial 254 finished with values: [0.6878579657482161, 0.1915367483296214] and parameters: {'psi': 0.9095708842986493}.
[I 2025-08-09 19:05:41,160] Trial 255 finished with values: [0.6866974562366144, 0.1838074398249453] and parameters: {'psi': 0.5498143097834104}.
[I 2025-08-09 19:05:46,770] Trial 256 finished with values: [0.689058774154672, 0.18711484593837535] and parameters: {'psi': 0.7737210214317412}.
[I 2025-08-09 19:05:52,378] Trial 257 finished with values: [0.6878515907817986, 0.18920422927100725] and parameters: {'psi': 0.9192175097290418}.
[I 2025-08-09 19:05:57,973] Trial 258 finished with values: [0.689408941952895, 0.19047619047619047] and parameters: {'psi': 0.8593310813690533}.
[I 2025-08-09 19:06:03,592] Trial 259 finished with values: [0.6837359428195869, 0.17952928297755885] and parameters: {'psi': 0.03734858270471475}.
[I 2025-08-09 19:06:09,187] Trial 260 finished with values: [0.687844646621951, 0.18920422927100725] and parameters: {'psi': 0.9177525259920257}.
[I 2025-08-09 19:06:14,809] Trial 261 finished with values: [0.6859814488477248, 0.1812227074235808] and parameters: {'psi': 0.2898529739013931}.
[I 2025-08-09 19:06:20,428] Trial 262 finished with values: [0.685943123156762, 0.1812227074235808] and parameters: {'psi': 0.2754875241233745}.
[I 2025-08-09 19:06:26,033] Trial 263 finished with values: [0.6864072434796995, 0.18231441048034935] and parameters: {'psi': 0.4698017983000611}.
[I 2025-08-09 19:06:31,636] Trial 264 finished with values: [0.6895400841191998, 0.1898876404494382] and parameters: {'psi': 0.8037002711716716}.
[I 2025-08-09 19:06:37,263] Trial 265 finished with values: [0.6848302361621489, 0.1779475982532751] and parameters: {'psi': 0.05986556476450944}.
[I 2025-08-09 19:06:42,873] Trial 266 finished with values: [0.686635641830101, 0.18360655737704917] and parameters: {'psi': 0.5333968129484628}.
[I 2025-08-09 19:06:48,501] Trial 267 finished with values: [0.685199149397338, 0.17993456924754633] and parameters: {'psi': 0.08657880572843113}.
[I 2025-08-09 19:06:54,112] Trial 268 finished with values: [0.6860570756814763, 0.1812227074235808] and parameters: {'psi': 0.3205520396529239}.
[I 2025-08-09 19:06:59,732] Trial 269 finished with values: [0.6844248566012018, 0.17923497267759564] and parameters: {'psi': 0.04763016808032161}.
[I 2025-08-09 19:07:05,342] Trial 270 finished with values: [0.6866356418301012, 0.18360655737704917] and parameters: {'psi': 0.5335350820465236}.
[I 2025-08-09 19:07:10,943] Trial 271 finished with values: [0.6878767870776396, 0.18262313226342003] and parameters: {'psi': 0.6984964237325444}.
[I 2025-08-09 19:07:16,565] Trial 272 finished with values: [0.6853170103836062, 0.18013100436681223] and parameters: {'psi': 0.10391054211957418}.
[I 2025-08-09 19:07:22,173] Trial 273 finished with values: [0.6863255831955885, 0.18221494817239497] and parameters: {'psi': 0.4406683929642031}.
[I 2025-08-09 19:07:27,781] Trial 274 finished with values: [0.6861401020298197, 0.18112384069830878] and parameters: {'psi': 0.3606667318097899}.
[I 2025-08-09 19:07:33,383] Trial 275 finished with values: [0.6861397605137616, 0.18112384069830878] and parameters: {'psi': 0.3605937089203808}.
[I 2025-08-09 19:07:38,995] Trial 276 finished with values: [0.6859860023951659, 0.1812227074235808] and parameters: {'psi': 0.29109609948995885}.
[I 2025-08-09 19:07:44,598] Trial 277 finished with values: [0.6862910141812646, 0.18221494817239497] and parameters: {'psi': 0.4259245179266655}.
[I 2025-08-09 19:07:50,233] Trial 278 finished with values: [0.6857305104374897, 0.18022938285090115] and parameters: {'psi': 0.2059333034642742}.
[I 2025-08-09 19:07:55,830] Trial 279 finished with values: [0.6878467716107567, 0.18920422927100725] and parameters: {'psi': 0.9188067584808102}.
[I 2025-08-09 19:08:01,428] Trial 280 finished with values: [0.6881089041584513, 0.18994413407821228] and parameters: {'psi': 0.8960555368722097}.
[I 2025-08-09 19:08:07,046] Trial 281 finished with values: [0.6844548341218559, 0.17923497267759564] and parameters: {'psi': 0.048374497756385915}.
[I 2025-08-09 19:08:12,645] Trial 282 finished with values: [0.6875076841113068, 0.183920704845815] and parameters: {'psi': 0.6676173808056814}.
[I 2025-08-09 19:08:18,285] Trial 283 finished with values: [0.6854177576207411, 0.1812227074235808] and parameters: {'psi': 0.12133448359256738}.
[I 2025-08-09 19:08:23,890] Trial 284 finished with values: [0.6893132036179452, 0.18855218855218855] and parameters: {'psi': 0.7890600946331412}.
[I 2025-08-09 19:08:29,494] Trial 285 finished with values: [0.6872773505032429, 0.18461538461538463] and parameters: {'psi': 0.6437273288696155}.
[I 2025-08-09 19:08:35,100] Trial 286 finished with values: [0.6888280231380924, 0.1878144214645053] and parameters: {'psi': 0.760466284919487}.
[I 2025-08-09 19:08:40,708] Trial 287 finished with values: [0.687331347986649, 0.18461538461538463] and parameters: {'psi': 0.6494203057352738}.
[I 2025-08-09 19:08:46,324] Trial 288 finished with values: [0.6855367569938694, 0.18013100436681223] and parameters: {'psi': 0.14733297458528527}.
[I 2025-08-09 19:08:51,926] Trial 289 finished with values: [0.6883497488718586, 0.18666666666666668] and parameters: {'psi': 0.730905599640324}.
[I 2025-08-09 19:08:57,534] Trial 290 finished with values: [0.6880195787361477, 0.18282548476454294] and parameters: {'psi': 0.7085172262603059}.
[I 2025-08-09 19:09:03,136] Trial 291 finished with values: [0.6896893645828116, 0.1897810218978102] and parameters: {'psi': 0.8159465162549414}.
[I 2025-08-09 19:09:08,783] Trial 292 finished with values: [0.6857428809080381, 0.18022938285090115] and parameters: {'psi': 0.2096769782649699}.
[I 2025-08-09 19:09:14,407] Trial 293 finished with values: [0.6859362928356002, 0.1812227074235808] and parameters: {'psi': 0.2720058451087324}.
[I 2025-08-09 19:09:20,022] Trial 294 finished with values: [0.6862495389533215, 0.18112384069830878] and parameters: {'psi': 0.4126567896912505}.
[I 2025-08-09 19:09:25,653] Trial 295 finished with values: [0.6857436018863828, 0.18022938285090115] and parameters: {'psi': 0.20973853995595582}.
[I 2025-08-09 19:09:31,259] Trial 296 finished with values: [0.6870843559841963, 0.18451400329489293] and parameters: {'psi': 0.6196432581433211}.
[I 2025-08-09 19:09:36,890] Trial 297 finished with values: [0.685543131960287, 0.18013100436681223] and parameters: {'psi': 0.15006282192556486}.
[I 2025-08-09 19:09:42,516] Trial 298 finished with values: [0.6857403005644881, 0.18022938285090115] and parameters: {'psi': 0.20825129743232196}.
