[I 2025-08-09 18:48:46,147] Trial 0 finished with values: [0.9471490385683763, 0.21627647714604237] and parameters: {'psi': 0.20621365690935844}.
[I 2025-08-09 18:48:51,313] Trial 1 finished with values: [0.937220276889768, 0.20704845814977973] and parameters: {'psi': 0.9636730423256622}.
[I 2025-08-09 18:48:56,373] Trial 2 finished with values: [0.9469509427014055, 0.21548821548821548] and parameters: {'psi': 0.4506907150653069}.
[I 2025-08-09 18:49:01,428] Trial 3 finished with values: [0.9471363401153654, 0.21627647714604237] and parameters: {'psi': 0.22350509801397267}.
[I 2025-08-09 18:49:06,483] Trial 4 finished with values: [0.9348240788065995, 0.237125748502994] and parameters: {'psi': 0.9066447269867508}.
[I 2025-08-09 18:49:11,530] Trial 5 finished with values: [0.9467130054381125, 0.22474460839954596] and parameters: {'psi': 0.5228008810837699}.
[I 2025-08-09 18:49:16,582] Trial 6 finished with values: [0.9470826891513942, 0.21309655937846836] and parameters: {'psi': 0.3322723289820295}.
[I 2025-08-09 18:49:21,624] Trial 7 finished with values: [0.9473311026384211, 0.2182628062360802] and parameters: {'psi': 0.11777277723507185}.
[I 2025-08-09 18:49:26,650] Trial 8 finished with values: [0.9465384017092119, 0.22576966932725198] and parameters: {'psi': 0.5491915761457842}.
[I 2025-08-09 18:49:31,709] Trial 9 finished with values: [0.9422188641868705, 0.24846248462484624] and parameters: {'psi': 0.7634162559246889}.
[I 2025-08-09 18:49:36,740] Trial 10 finished with values: [0.9471447528404853, 0.21627647714604237] and parameters: {'psi': 0.20854596780033874}.
[I 2025-08-09 18:49:41,794] Trial 11 finished with values: [0.9364110679716445, 0.2132435465768799] and parameters: {'psi': 0.9535263767328475}.
[I 2025-08-09 18:49:46,834] Trial 12 finished with values: [0.9475555477953899, 0.21802002224694106] and parameters: {'psi': 0.08189881373265062}.
[I 2025-08-09 18:49:51,879] Trial 13 finished with values: [0.9472098324121664, 0.21651785714285715] and parameters: {'psi': 0.16303325710232863}.
[I 2025-08-09 18:49:56,936] Trial 14 finished with values: [0.9448810948606186, 0.23058823529411765] and parameters: {'psi': 0.666754146292242}.
[I 2025-08-09 18:50:01,993] Trial 15 finished with values: [0.9470964987190436, 0.2153163152053274] and parameters: {'psi': 0.3029958935477637}.
[I 2025-08-09 18:50:07,047] Trial 16 finished with values: [0.9459423680710097, 0.22943221320973348] and parameters: {'psi': 0.6057451213979429}.
[I 2025-08-09 18:50:12,081] Trial 17 finished with values: [0.9350637621071812, 0.24125452352231605] and parameters: {'psi': 0.8988577522088261}.
[I 2025-08-09 18:50:17,140] Trial 18 finished with values: [0.9474988809488284, 0.2182628062360802] and parameters: {'psi': 0.08849836037976544}.
[I 2025-08-09 18:50:22,185] Trial 19 finished with values: [0.9365404334616934, 0.24969097651421507] and parameters: {'psi': 0.8683351462038955}.
[I 2025-08-09 18:50:27,237] Trial 20 finished with values: [0.9470938002977788, 0.21555555555555556] and parameters: {'psi': 0.3149138948861516}.
[I 2025-08-09 18:50:32,269] Trial 21 finished with values: [0.9384039314410522, 0.2547288776796974] and parameters: {'psi': 0.8369363363532694}.
[I 2025-08-09 18:50:37,304] Trial 22 finished with values: [0.947876025003254, 0.21975582685904552] and parameters: {'psi': 0.05372154171236254}.
[I 2025-08-09 18:50:42,360] Trial 23 finished with values: [0.9469455458588757, 0.2157303370786517] and parameters: {'psi': 0.45437418739900337}.
[I 2025-08-09 18:50:47,412] Trial 24 finished with values: [0.9449766507195262, 0.23058823529411765] and parameters: {'psi': 0.6619353114861358}.
[I 2025-08-09 18:50:52,459] Trial 25 finished with values: [0.9470963399883809, 0.2153163152053274] and parameters: {'psi': 0.3061597568933627}.
[I 2025-08-09 18:50:57,507] Trial 26 finished with values: [0.9378678979933269, 0.2528160200250313] and parameters: {'psi': 0.846194417434098}.
[I 2025-08-09 18:51:02,559] Trial 27 finished with values: [0.9470806256527798, 0.21309655937846836] and parameters: {'psi': 0.3314500654554583}.
[I 2025-08-09 18:51:07,616] Trial 28 finished with values: [0.9470915780685019, 0.21555555555555556] and parameters: {'psi': 0.31648687498793904}.
[I 2025-08-09 18:51:12,677] Trial 29 finished with values: [0.9467447515706399, 0.22474460839954596] and parameters: {'psi': 0.5178131078991363}.
[I 2025-08-09 18:51:17,738] Trial 30 finished with values: [0.9473299915237827, 0.2182628062360802] and parameters: {'psi': 0.11837524998117499}.
[I 2025-08-09 18:51:22,770] Trial 31 finished with values: [0.94105409858444, 0.2547288776796974] and parameters: {'psi': 0.7901094126565843}.
[I 2025-08-09 18:51:27,800] Trial 32 finished with values: [0.9447347451896674, 0.23113207547169812] and parameters: {'psi': 0.6741761530392038}.
[I 2025-08-09 18:51:32,859] Trial 33 finished with values: [0.9471322131181369, 0.21603563474387527] and parameters: {'psi': 0.24172873772780223}.
[I 2025-08-09 18:51:37,919] Trial 34 finished with values: [0.9347985231699149, 0.22950819672131148] and parameters: {'psi': 0.9237637959384882}.
[I 2025-08-09 18:51:42,982] Trial 35 finished with values: [0.9357826532782645, 0.217440543601359] and parameters: {'psi': 0.9450702188962957}.
[I 2025-08-09 18:51:48,033] Trial 36 finished with values: [0.9470087206626053, 0.21452513966480447] and parameters: {'psi': 0.40549401706686505}.
[I 2025-08-09 18:51:53,096] Trial 37 finished with values: [0.9440129968666567, 0.23655913978494625] and parameters: {'psi': 0.7055901556471099}.
[I 2025-08-09 18:51:58,150] Trial 38 finished with values: [0.9469842761405592, 0.21476510067114093] and parameters: {'psi': 0.4209102671028251}.
[I 2025-08-09 18:52:03,225] Trial 39 finished with values: [0.9475415794970778, 0.21802002224694106] and parameters: {'psi': 0.08332129128639343}.
[I 2025-08-09 18:52:08,275] Trial 40 finished with values: [0.9471353877313896, 0.21627647714604237] and parameters: {'psi': 0.23125312383953855}.
[I 2025-08-09 18:52:13,338] Trial 41 finished with values: [0.9434388680598986, 0.23757575757575758] and parameters: {'psi': 0.7274378594536044}.
[I 2025-08-09 18:52:18,397] Trial 42 finished with values: [0.9474712618135296, 0.2182628062360802] and parameters: {'psi': 0.09275908417941658}.
[I 2025-08-09 18:52:23,448] Trial 43 finished with values: [0.9470907844151886, 0.21555555555555556] and parameters: {'psi': 0.3180517665219059}.
[I 2025-08-09 18:52:28,500] Trial 44 finished with values: [0.9466999895237762, 0.22474460839954596] and parameters: {'psi': 0.5251222366432847}.
[I 2025-08-09 18:52:33,555] Trial 45 finished with values: [0.9472495150778256, 0.21651785714285715] and parameters: {'psi': 0.14512378957055172}.
[I 2025-08-09 18:52:38,615] Trial 46 finished with values: [0.9470387207578437, 0.21309655937846836] and parameters: {'psi': 0.3864636956268783}.
[I 2025-08-09 18:52:43,676] Trial 47 finished with values: [0.9373315470842765, 0.25155666251556663] and parameters: {'psi': 0.8549631501645073}.
[I 2025-08-09 18:52:48,737] Trial 48 finished with values: [0.9406785418366408, 0.2547288776796974] and parameters: {'psi': 0.7976157936652223}.
[I 2025-08-09 18:52:53,789] Trial 49 finished with values: [0.9463918933075977, 0.2290950744558992] and parameters: {'psi': 0.5661665608206018}.
[I 2025-08-09 18:52:58,848] Trial 50 finished with values: [0.947170625938495, 0.21651785714285715] and parameters: {'psi': 0.1859665507840883}.
[I 2025-08-09 18:53:03,921] Trial 51 finished with values: [0.9480634859158283, 0.2185430463576159] and parameters: {'psi': 0.04241124845331912}.
[I 2025-08-09 18:53:08,981] Trial 52 finished with values: [0.946651100479684, 0.2255125284738041] and parameters: {'psi': 0.5347025966152151}.
[I 2025-08-09 18:53:14,147] Trial 53 finished with values: [0.9372617055927163, 0.25155666251556663] and parameters: {'psi': 0.856203807534476}.
[I 2025-08-09 18:53:19,200] Trial 54 finished with values: [0.9456390337747104, 0.23076923076923078] and parameters: {'psi': 0.6262210152243325}.
[I 2025-08-09 18:53:24,258] Trial 55 finished with values: [0.9469679268823076, 0.21524663677130046] and parameters: {'psi': 0.43528132648906503}.
[I 2025-08-09 18:53:29,324] Trial 56 finished with values: [0.9470717367356722, 0.21286031042128603] and parameters: {'psi': 0.34286661341078095}.
[I 2025-08-09 18:53:34,403] Trial 57 finished with values: [0.9347847136022653, 0.2321219226260258] and parameters: {'psi': 0.9231964958941593}.
[I 2025-08-09 18:53:39,461] Trial 58 finished with values: [0.9440126794053314, 0.23655913978494625] and parameters: {'psi': 0.7056008612964819}.
[I 2025-08-09 18:53:44,496] Trial 59 finished with values: [0.9446433163279883, 0.2308598351001178] and parameters: {'psi': 0.6785586462075481}.
[I 2025-08-09 18:53:49,549] Trial 60 finished with values: [0.9394401252067467, 0.2553729456384324] and parameters: {'psi': 0.8195621453503039}.
[I 2025-08-09 18:53:54,611] Trial 61 finished with values: [0.942093466963387, 0.24907521578298397] and parameters: {'psi': 0.7664884508408242}.
[I 2025-08-09 18:53:59,663] Trial 62 finished with values: [0.9471771338956632, 0.21651785714285715] and parameters: {'psi': 0.18417882735035807}.
[I 2025-08-09 18:54:04,725] Trial 63 finished with values: [0.9406936212495911, 0.19429778247096094] and parameters: {'psi': 0.9929842199608011}.
[I 2025-08-09 18:54:09,784] Trial 64 finished with values: [0.943693630773431, 0.23642943305186973] and parameters: {'psi': 0.7182551598770418}.
[I 2025-08-09 18:54:14,837] Trial 65 finished with values: [0.9463455439541077, 0.2296211251435132] and parameters: {'psi': 0.5704348110442825}.
[I 2025-08-09 18:54:19,897] Trial 66 finished with values: [0.9449868094819349, 0.23058823529411765] and parameters: {'psi': 0.6614648663463941}.
[I 2025-08-09 18:54:24,957] Trial 67 finished with values: [0.9356156686211702, 0.24479804161566707] and parameters: {'psi': 0.885037058830065}.
[I 2025-08-09 18:54:30,011] Trial 68 finished with values: [0.9471520544509665, 0.21651785714285715] and parameters: {'psi': 0.20346593499479182}.
[I 2025-08-09 18:54:35,068] Trial 69 finished with values: [0.9472268165930686, 0.21651785714285715] and parameters: {'psi': 0.1565035431161621}.
[I 2025-08-09 18:54:40,112] Trial 70 finished with values: [0.9470961812577183, 0.2153163152053274] and parameters: {'psi': 0.30574788157650257}.
[I 2025-08-09 18:54:45,173] Trial 71 finished with values: [0.9456683989472983, 0.23050058207217694] and parameters: {'psi': 0.624784975352032}.
[I 2025-08-09 18:54:50,241] Trial 72 finished with values: [0.9480184064076393, 0.2185430463576159] and parameters: {'psi': 0.04444553251355532}.
[I 2025-08-09 18:54:55,302] Trial 73 finished with values: [0.9473430074381188, 0.2182628062360802] and parameters: {'psi': 0.115273128635345}.
[I 2025-08-09 18:55:00,361] Trial 74 finished with values: [0.9431304543823948, 0.24058323207776428] and parameters: {'psi': 0.7376630256309478}.
[I 2025-08-09 18:55:05,392] Trial 75 finished with values: [0.946081257400817, 0.22837370242214533] and parameters: {'psi': 0.5947801046511042}.
[I 2025-08-09 18:55:10,445] Trial 76 finished with values: [0.946713640360763, 0.22474460839954596] and parameters: {'psi': 0.5224850724232654}.
[I 2025-08-09 18:55:15,500] Trial 77 finished with values: [0.9472114197187927, 0.21651785714285715] and parameters: {'psi': 0.162424787100791}.
[I 2025-08-09 18:55:20,536] Trial 78 finished with values: [0.9462368134502014, 0.22988505747126436] and parameters: {'psi': 0.5811859264773217}.
[I 2025-08-09 18:55:25,597] Trial 79 finished with values: [0.9472634833761376, 0.21875] and parameters: {'psi': 0.13958154182992433}.
[I 2025-08-09 18:55:30,662] Trial 80 finished with values: [0.947407610817812, 0.21850613154960982] and parameters: {'psi': 0.10222459644304249}.
[I 2025-08-09 18:55:35,701] Trial 81 finished with values: [0.9354437633135342, 0.21993127147766323] and parameters: {'psi': 0.9396826132374804}.
[I 2025-08-09 18:55:40,751] Trial 82 finished with values: [0.9355623351185243, 0.24449877750611246] and parameters: {'psi': 0.8860743322462087}.
[I 2025-08-09 18:55:45,787] Trial 83 finished with values: [0.9469042758865901, 0.21597300337457817] and parameters: {'psi': 0.47200027391931687}.
[I 2025-08-09 18:55:50,819] Trial 84 finished with values: [0.9502474611030511, 0.20607375271149675] and parameters: {'psi': 0.007609105042757247}.
[I 2025-08-09 18:55:55,885] Trial 85 finished with values: [0.9471387210753051, 0.21627647714604237] and parameters: {'psi': 0.21816851075908283}.
[I 2025-08-09 18:56:00,944] Trial 86 finished with values: [0.9478088819329586, 0.22] and parameters: {'psi': 0.05789868113144636}.
[I 2025-08-09 18:56:06,004] Trial 87 finished with values: [0.946983006295258, 0.21476510067114093] and parameters: {'psi': 0.42197438710085156}.
[I 2025-08-09 18:56:11,069] Trial 88 finished with values: [0.9461071304988269, 0.22811059907834103] and parameters: {'psi': 0.5922447647159373}.
[I 2025-08-09 18:56:16,125] Trial 89 finished with values: [0.9347956660179874, 0.22950819672131148] and parameters: {'psi': 0.9236218730357729}.
[I 2025-08-09 18:56:21,177] Trial 90 finished with values: [0.946978244375379, 0.21476510067114093] and parameters: {'psi': 0.42334818150887443}.
[I 2025-08-09 18:56:26,242] Trial 91 finished with values: [0.9353032866771006, 0.24301336573511542] and parameters: {'psi': 0.8922188800895292}.
[I 2025-08-09 18:56:31,291] Trial 92 finished with values: [0.945755065889098, 0.22996515679442509] and parameters: {'psi': 0.6188983282987178}.
[I 2025-08-09 18:56:36,347] Trial 93 finished with values: [0.9471639592506642, 0.21651785714285715] and parameters: {'psi': 0.18982257734328534}.
[I 2025-08-09 18:56:41,413] Trial 94 finished with values: [0.9430323588328853, 0.24175824175824176] and parameters: {'psi': 0.7408691210338552}.
[I 2025-08-09 18:56:46,486] Trial 95 finished with values: [0.9476134844872522, 0.21802002224694106] and parameters: {'psi': 0.07566668140337962}.
[I 2025-08-09 18:56:51,545] Trial 96 finished with values: [0.9431590259016696, 0.24087591240875914] and parameters: {'psi': 0.7367155236042814}.
[I 2025-08-09 18:56:56,624] Trial 97 finished with values: [0.9478122152768739, 0.22] and parameters: {'psi': 0.05744484728646082}.
[I 2025-08-09 18:57:01,685] Trial 98 finished with values: [0.9484636459163363, 0.2185430463576159] and parameters: {'psi': 0.029394615699992244}.
[I 2025-08-09 18:57:06,748] Trial 99 finished with values: [0.9470925304524777, 0.2153163152053274] and parameters: {'psi': 0.30875631353321054}.
[I 2025-08-09 18:57:11,789] Trial 100 finished with values: [0.9470139587744724, 0.21428571428571427] and parameters: {'psi': 0.39941027664885753}.
[I 2025-08-09 18:57:16,834] Trial 101 finished with values: [0.9471050701748259, 0.2153163152053274] and parameters: {'psi': 0.2884771336377241}.
[I 2025-08-09 18:57:21,967] Trial 102 finished with values: [0.9470917367991645, 0.21555555555555556] and parameters: {'psi': 0.3154121489211643}.
[I 2025-08-09 18:57:27,008] Trial 103 finished with values: [0.9399801269210378, 0.255050505050505] and parameters: {'psi': 0.8103176145738614}.
[I 2025-08-09 18:57:32,060] Trial 104 finished with values: [0.9447315705764145, 0.23113207547169812] and parameters: {'psi': 0.6742759948482685}.
[I 2025-08-09 18:57:37,117] Trial 105 finished with values: [0.9500668256089703, 0.2089227421109902] and parameters: {'psi': 0.009312576868541811}.
[I 2025-08-09 18:57:42,148] Trial 106 finished with values: [0.9470717367356722, 0.21286031042128603] and parameters: {'psi': 0.342860585877204}.
[I 2025-08-09 18:57:47,186] Trial 107 finished with values: [0.9471550703335567, 0.21627647714604237] and parameters: {'psi': 0.20080212814510479}.
[I 2025-08-09 18:57:52,218] Trial 108 finished with values: [0.9461658608440027, 0.23014959723820483] and parameters: {'psi': 0.5871773374525523}.
[I 2025-08-09 18:57:57,297] Trial 109 finished with values: [0.9387896469512602, 0.2553729456384324] and parameters: {'psi': 0.8306030721063771}.
[I 2025-08-09 18:58:02,348] Trial 110 finished with values: [0.9470020539747745, 0.21452513966480447] and parameters: {'psi': 0.4085026383487257}.
[I 2025-08-09 18:58:07,408] Trial 111 finished with values: [0.9377321832767722, 0.2525] and parameters: {'psi': 0.848333503622771}.
[I 2025-08-09 18:58:12,465] Trial 112 finished with values: [0.9376155162397342, 0.2518703241895262] and parameters: {'psi': 0.8502861091167107}.
[I 2025-08-09 18:58:17,508] Trial 113 finished with values: [0.9471101495560302, 0.2153163152053274] and parameters: {'psi': 0.28600095826615357}.
[I 2025-08-09 18:58:22,564] Trial 114 finished with values: [0.9450544287442183, 0.23058823529411765] and parameters: {'psi': 0.6580897037529477}.
[I 2025-08-09 18:58:27,592] Trial 115 finished with values: [0.9375675795796178, 0.2518703241895262] and parameters: {'psi': 0.8511131560868299}.
[I 2025-08-09 18:58:32,631] Trial 116 finished with values: [0.9443752202387943, 0.23167848699763594] and parameters: {'psi': 0.6906137082819537}.
[I 2025-08-09 18:58:37,659] Trial 117 finished with values: [0.9397025069920857, 0.19829424307036247] and parameters: {'psi': 0.986779615540296}.
[I 2025-08-09 18:58:42,743] Trial 118 finished with values: [0.9473718964187188, 0.21802002224694106] and parameters: {'psi': 0.10875263907360977}.
[I 2025-08-09 18:58:47,793] Trial 119 finished with values: [0.9502588897107611, 0.20585048754062837] and parameters: {'psi': 0.007240456913357285}.
[I 2025-08-09 18:58:52,859] Trial 120 finished with values: [0.947444436331544, 0.21850613154960982] and parameters: {'psi': 0.0963755541271093}.
[I 2025-08-09 18:58:57,898] Trial 121 finished with values: [0.9471279273902456, 0.21603563474387527] and parameters: {'psi': 0.24254687898051386}.
[I 2025-08-09 18:59:02,938] Trial 122 finished with values: [0.9463872901183813, 0.2290950744558992] and parameters: {'psi': 0.5665286706817418}.
[I 2025-08-09 18:59:08,007] Trial 123 finished with values: [0.9379226600719368, 0.2074235807860262] and parameters: {'psi': 0.9714219568467631}.
[I 2025-08-09 18:59:13,038] Trial 124 finished with values: [0.9381366290051715, 0.2540880503144654] and parameters: {'psi': 0.841618737057305}.
[I 2025-08-09 18:59:18,094] Trial 125 finished with values: [0.9470872923406106, 0.21333333333333335] and parameters: {'psi': 0.3276269155539816}.
[I 2025-08-09 18:59:23,127] Trial 126 finished with values: [0.9403009215902272, 0.255050505050505] and parameters: {'psi': 0.8046551931670938}.
[I 2025-08-09 18:59:28,176] Trial 127 finished with values: [0.9478423741027749, 0.21951219512195122] and parameters: {'psi': 0.05567680182858703}.
[I 2025-08-09 18:59:33,219] Trial 128 finished with values: [0.9445906177479928, 0.23113207547169812] and parameters: {'psi': 0.6810549376558448}.
[I 2025-08-09 18:59:38,245] Trial 129 finished with values: [0.943485058682726, 0.23757575757575758] and parameters: {'psi': 0.7258304238738239}.
[I 2025-08-09 18:59:43,283] Trial 130 finished with values: [0.9359202727627707, 0.24600246002460024] and parameters: {'psi': 0.8790941882967025}.
[I 2025-08-09 18:59:48,331] Trial 131 finished with values: [0.9471157051292226, 0.21603563474387527] and parameters: {'psi': 0.2644390158620662}.
[I 2025-08-09 18:59:53,373] Trial 132 finished with values: [0.9471872926580719, 0.21651785714285715] and parameters: {'psi': 0.1745339502091121}.
[I 2025-08-09 18:59:58,422] Trial 133 finished with values: [0.937441547433484, 0.25155666251556663] and parameters: {'psi': 0.8531461639010325}.
[I 2025-08-09 19:00:03,470] Trial 134 finished with values: [0.9450974447537929, 0.23058823529411765] and parameters: {'psi': 0.6557458437632234}.
[I 2025-08-09 19:00:08,511] Trial 135 finished with values: [0.9471398321899435, 0.21627647714604237] and parameters: {'psi': 0.2178837033463651}.
[I 2025-08-09 19:00:13,549] Trial 136 finished with values: [0.9471215781637402, 0.21603563474387527] and parameters: {'psi': 0.2520116527417533}.
[I 2025-08-09 19:00:18,580] Trial 137 finished with values: [0.9473314200997464, 0.2182628062360802] and parameters: {'psi': 0.1177393772805937}.
[I 2025-08-09 19:00:23,610] Trial 138 finished with values: [0.9469698316502592, 0.21524663677130046] and parameters: {'psi': 0.43337219576183017}.
[I 2025-08-09 19:00:28,655] Trial 139 finished with values: [0.947267769104029, 0.21875] and parameters: {'psi': 0.13524389082706045}.
[I 2025-08-09 19:00:33,682] Trial 140 finished with values: [0.9398091739973777, 0.2553729456384324] and parameters: {'psi': 0.8131722987039771}.
[I 2025-08-09 19:00:38,702] Trial 141 finished with values: [0.9471050701748259, 0.2153163152053274] and parameters: {'psi': 0.2891850597470015}.
[I 2025-08-09 19:00:43,735] Trial 142 finished with values: [0.947899199679999, 0.21951219512195122] and parameters: {'psi': 0.05196853354441211}.
[I 2025-08-09 19:00:48,803] Trial 143 finished with values: [0.9352593182835501, 0.22119815668202766] and parameters: {'psi': 0.9362188787690593}.
[I 2025-08-09 19:00:53,838] Trial 144 finished with values: [0.9351267781802481, 0.24154589371980675] and parameters: {'psi': 0.897037252726826}.
[I 2025-08-09 19:00:58,875] Trial 145 finished with values: [0.9465930050571589, 0.22576966932725198] and parameters: {'psi': 0.5430272994471521}.
[I 2025-08-09 19:01:03,924] Trial 146 finished with values: [0.9468034819158156, 0.22020431328036322] and parameters: {'psi': 0.5013550107480982}.
[I 2025-08-09 19:01:08,970] Trial 147 finished with values: [0.946852688421233, 0.21896162528216703] and parameters: {'psi': 0.4863796899610566}.
[I 2025-08-09 19:01:14,020] Trial 148 finished with values: [0.9473653884615506, 0.21802002224694106] and parameters: {'psi': 0.11073139345814431}.
[I 2025-08-09 19:01:19,068] Trial 149 finished with values: [0.9442588706630815, 0.232502965599051] and parameters: {'psi': 0.6958805363096486}.
[I 2025-08-09 19:01:24,119] Trial 150 finished with values: [0.9441053781123114, 0.23389021479713604] and parameters: {'psi': 0.7021130125173439}.
