[I 2025-08-09 19:09:48,116] Trial 299 finished with values: [0.6896996859570115, 0.1897810218978102] and parameters: {'psi': 0.817529917193593}.
[I 2025-08-09 19:09:53,724] Trial 300 finished with values: [0.6883463716575065, 0.18756936736958935] and parameters: {'psi': 0.9394660298449747}.
[I 2025-08-09 19:09:59,326] Trial 301 finished with values: [0.689774136457674, 0.1897810218978102] and parameters: {'psi': 0.831409897917196}.
[I 2025-08-09 19:10:04,931] Trial 302 finished with values: [0.6874002962841534, 0.18361737218251786] and parameters: {'psi': 0.6571286901519823}.
[I 2025-08-09 19:10:10,561] Trial 303 finished with values: [0.68564365152005, 0.18013100436681223] and parameters: {'psi': 0.1788373712941781}.
[I 2025-08-09 19:10:16,259] Trial 304 finished with values: [0.6897606276002652, 0.18594355285002767] and parameters: {'psi': 0.9766122909930374}.
[I 2025-08-09 19:10:21,863] Trial 305 finished with values: [0.6895727178758613, 0.18946188340807174] and parameters: {'psi': 0.8523853467396595}.
[I 2025-08-09 19:10:27,466] Trial 306 finished with values: [0.6878872981829827, 0.18262313226342003] and parameters: {'psi': 0.6991849790239817}.
[I 2025-08-09 19:10:33,077] Trial 307 finished with values: [0.6675300951539631, 0.18502202643171806] and parameters: {'psi': 0.008671543596601938}.
[I 2025-08-09 19:10:38,682] Trial 308 finished with values: [0.6878003254268572, 0.18252212389380532] and parameters: {'psi': 0.6922222103533149}.
[I 2025-08-09 19:10:44,301] Trial 309 finished with values: [0.6861663228738349, 0.18112384069830878] and parameters: {'psi': 0.37274056533647915}.
[I 2025-08-09 19:10:49,922] Trial 310 finished with values: [0.6862164877881447, 0.18003273322422259] and parameters: {'psi': 0.39558319642662154}.
[I 2025-08-09 19:10:55,542] Trial 311 finished with values: [0.6859663462487117, 0.1812227074235808] and parameters: {'psi': 0.2854360645507409}.
[I 2025-08-09 19:11:01,152] Trial 312 finished with values: [0.6864481874604411, 0.18231441048034935] and parameters: {'psi': 0.483188394122953}.
[I 2025-08-09 19:11:06,776] Trial 313 finished with values: [0.6797984524010097, 0.1796276013143483] and parameters: {'psi': 0.019684081256766572}.
[I 2025-08-09 19:11:12,386] Trial 314 finished with values: [0.6864352857426912, 0.18231441048034935] and parameters: {'psi': 0.47914599717962003}.
[I 2025-08-09 19:11:17,977] Trial 315 finished with values: [0.6892538557162957, 0.18844643858665172] and parameters: {'psi': 0.7852811508325735}.
[I 2025-08-09 19:11:23,567] Trial 316 finished with values: [0.6891907890842361, 0.19036954087346025] and parameters: {'psi': 0.8662363936893079}.
[I 2025-08-09 19:11:29,180] Trial 317 finished with values: [0.6837867528197843, 0.17943107221006566] and parameters: {'psi': 0.03790562879434878}.
[I 2025-08-09 19:11:34,789] Trial 318 finished with values: [0.6862145904767109, 0.18003273322422259] and parameters: {'psi': 0.39307259615264356}.
[I 2025-08-09 19:11:40,389] Trial 319 finished with values: [0.6887070885073017, 0.19026301063234471] and parameters: {'psi': 0.8785915618863999}.
[I 2025-08-09 19:11:46,003] Trial 320 finished with values: [0.6838320226705948, 0.17843459222769567] and parameters: {'psi': 0.03852058175652573}.
[I 2025-08-09 19:11:51,613] Trial 321 finished with values: [0.6895009995036633, 0.1898876404494382] and parameters: {'psi': 0.8007169812478989}.
[I 2025-08-09 19:11:57,222] Trial 322 finished with values: [0.6861353966974638, 0.18112384069830878] and parameters: {'psi': 0.3583976758651761}.
[I 2025-08-09 19:12:02,826] Trial 323 finished with values: [0.6873122989798536, 0.18461538461538463] and parameters: {'psi': 0.6475706981154526}.
[I 2025-08-09 19:12:08,434] Trial 324 finished with values: [0.6879934717308185, 0.18282548476454294] and parameters: {'psi': 0.7068334410150423}.
[I 2025-08-09 19:12:14,045] Trial 325 finished with values: [0.686022316936009, 0.1812227074235808] and parameters: {'psi': 0.3059733537163307}.
[I 2025-08-09 19:12:19,652] Trial 326 finished with values: [0.6896283470471003, 0.1897810218978102] and parameters: {'psi': 0.8104996720798732}.
[I 2025-08-09 19:12:25,256] Trial 327 finished with values: [0.6436997876529044, 0.20022371364653244] and parameters: {'psi': 0.0011790373692915912}.
[I 2025-08-09 19:12:30,861] Trial 328 finished with values: [0.689238942848426, 0.18844643858665172] and parameters: {'psi': 0.7844847522627215}.
[I 2025-08-09 19:12:36,470] Trial 329 finished with values: [0.6890726245281386, 0.18721973094170405] and parameters: {'psi': 0.7745199414031245}.
[I 2025-08-09 19:12:42,091] Trial 330 finished with values: [0.6856094240217842, 0.18013100436681223] and parameters: {'psi': 0.1686151662282771}.
[I 2025-08-09 19:12:47,699] Trial 331 finished with values: [0.6875963265014943, 0.1831218974076117] and parameters: {'psi': 0.6760050355229374}.
[I 2025-08-09 19:12:53,297] Trial 332 finished with values: [0.6898034688924406, 0.18483674598782512] and parameters: {'psi': 0.9777226606208305}.
[I 2025-08-09 19:12:58,899] Trial 333 finished with values: [0.68619197452442, 0.18112384069830878] and parameters: {'psi': 0.38376231507291236}.
[I 2025-08-09 19:13:04,502] Trial 334 finished with values: [0.6860824617084605, 0.1812227074235808] and parameters: {'psi': 0.33217141730576816}.
[I 2025-08-09 19:13:10,097] Trial 335 finished with values: [0.6895383765389094, 0.1898876404494382] and parameters: {'psi': 0.8035354568252493}.
[I 2025-08-09 19:13:15,690] Trial 336 finished with values: [0.6900546349800478, 0.183920704845815] and parameters: {'psi': 0.9902503229766273}.
[I 2025-08-09 19:13:21,315] Trial 337 finished with values: [0.6858975117898932, 0.1812227074235808] and parameters: {'psi': 0.2569136476839292}.
[I 2025-08-09 19:13:26,948] Trial 338 finished with values: [0.6851616585234059, 0.17884405670665213] and parameters: {'psi': 0.08255850877502602}.
[I 2025-08-09 19:13:32,554] Trial 339 finished with values: [0.6886636400754674, 0.19026301063234471] and parameters: {'psi': 0.8799678650480253}.
[I 2025-08-09 19:13:38,161] Trial 340 finished with values: [0.6861547872203174, 0.18112384069830878] and parameters: {'psi': 0.36651368359413994}.
[I 2025-08-09 19:13:43,770] Trial 341 finished with values: [0.68864178304775, 0.19026301063234471] and parameters: {'psi': 0.880416798823986}.
[I 2025-08-09 19:13:49,398] Trial 342 finished with values: [0.6789684545411769, 0.17982456140350878] and parameters: {'psi': 0.01815059397207286}.
[I 2025-08-09 19:13:55,010] Trial 343 finished with values: [0.6886747962666983, 0.1877094972067039] and parameters: {'psi': 0.7513137070989748}.
[I 2025-08-09 19:14:00,643] Trial 344 finished with values: [0.6857663316773599, 0.18013100436681223] and parameters: {'psi': 0.21675520134115145}.
[I 2025-08-09 19:14:06,263] Trial 345 finished with values: [0.6861553564137475, 0.18112384069830878] and parameters: {'psi': 0.36678482010433455}.
[I 2025-08-09 19:14:11,890] Trial 346 finished with values: [0.6851760780903028, 0.17884405670665213] and parameters: {'psi': 0.08374551304475664}.
[I 2025-08-09 19:14:17,483] Trial 347 finished with values: [0.6864334643237147, 0.18231441048034935] and parameters: {'psi': 0.478919892142197}.
[I 2025-08-09 19:14:23,083] Trial 348 finished with values: [0.6884660920089796, 0.1912751677852349] and parameters: {'psi': 0.8847890780051005}.
[I 2025-08-09 19:14:28,688] Trial 349 finished with values: [0.6878420662784008, 0.18920422927100725] and parameters: {'psi': 0.9165548223830842}.
[I 2025-08-09 19:14:34,303] Trial 350 finished with values: [0.6885027480658807, 0.18739542665923034] and parameters: {'psi': 0.7409687149845614}.
[I 2025-08-09 19:14:39,908] Trial 351 finished with values: [0.6897625249116992, 0.1897810218978102] and parameters: {'psi': 0.8359004917391912}.
[I 2025-08-09 19:14:45,536] Trial 352 finished with values: [0.6853106354171884, 0.18013100436681223] and parameters: {'psi': 0.10320798326725322}.
[I 2025-08-09 19:14:51,262] Trial 353 finished with values: [0.6858368737164686, 0.1812227074235808] and parameters: {'psi': 0.237806054979377}.
[I 2025-08-09 19:14:56,876] Trial 354 finished with values: [0.6862938601484153, 0.18221494817239497] and parameters: {'psi': 0.42840019494204873}.
[I 2025-08-09 19:15:02,523] Trial 355 finished with values: [0.6851867789267897, 0.17993456924754633] and parameters: {'psi': 0.08516107622580837}.
[I 2025-08-09 19:15:08,139] Trial 356 finished with values: [0.6863111256824629, 0.18221494817239497] and parameters: {'psi': 0.43612915848456324}.
[I 2025-08-09 19:15:13,742] Trial 357 finished with values: [0.6892896010637086, 0.18855218855218855] and parameters: {'psi': 0.7873800803446931}.
[I 2025-08-09 19:15:19,346] Trial 358 finished with values: [0.6895115106090066, 0.18725761772853186] and parameters: {'psi': 0.9694752834824152}.
[I 2025-08-09 19:15:24,960] Trial 359 finished with values: [0.6875263536558156, 0.18292011019283747] and parameters: {'psi': 0.6694978998867641}.
[I 2025-08-09 19:15:30,573] Trial 360 finished with values: [0.686297047631624, 0.18221494817239497] and parameters: {'psi': 0.4295960230250513}.
[I 2025-08-09 19:15:36,182] Trial 361 finished with values: [0.6892767372921875, 0.19036954087346025] and parameters: {'psi': 0.8637695144925903}.
[I 2025-08-09 19:15:41,803] Trial 362 finished with values: [0.6848678408747668, 0.1778505182760502] and parameters: {'psi': 0.062029368040561694}.
[I 2025-08-09 19:15:47,421] Trial 363 finished with values: [0.6856560978830558, 0.18013100436681223] and parameters: {'psi': 0.1830262584532535}.
[I 2025-08-09 19:15:53,025] Trial 364 finished with values: [0.6878270395718451, 0.18252212389380532] and parameters: {'psi': 0.6945314991168008}.
[I 2025-08-09 19:15:58,620] Trial 365 finished with values: [0.6864156295962369, 0.18231441048034935] and parameters: {'psi': 0.4729917529440306}.
[I 2025-08-09 19:16:04,236] Trial 366 finished with values: [0.6880162015217955, 0.18282548476454294] and parameters: {'psi': 0.7083052781681123}.
[I 2025-08-09 19:16:09,867] Trial 367 finished with values: [0.6862190681316946, 0.18003273322422259] and parameters: {'psi': 0.39665281975032285}.
[I 2025-08-09 19:16:15,494] Trial 368 finished with values: [0.6865477204182585, 0.18340611353711792] and parameters: {'psi': 0.5096506377361586}.
[I 2025-08-09 19:16:21,114] Trial 369 finished with values: [0.6863255452493597, 0.18221494817239497] and parameters: {'psi': 0.4406657523219618}.
[I 2025-08-09 19:16:26,731] Trial 370 finished with values: [0.68852885507121, 0.18861607142857142] and parameters: {'psi': 0.7427516971809454}.
[I 2025-08-09 19:16:32,360] Trial 371 finished with values: [0.6860625019921771, 0.1812227074235808] and parameters: {'psi': 0.32338405180616614}.
[I 2025-08-09 19:16:37,996] Trial 372 finished with values: [0.6854836702199515, 0.18112384069830878] and parameters: {'psi': 0.134062258259515}.
[I 2025-08-09 19:16:43,618] Trial 373 finished with values: [0.6860851558906966, 0.1812227074235808] and parameters: {'psi': 0.3337003278011701}.
[I 2025-08-09 19:16:49,248] Trial 374 finished with values: [0.6856581469794043, 0.18013100436681223] and parameters: {'psi': 0.18364117054253648}.
[I 2025-08-09 19:16:54,863] Trial 375 finished with values: [0.6863646298648962, 0.1812227074235808] and parameters: {'psi': 0.45377952498321894}.
[I 2025-08-09 19:17:00,473] Trial 376 finished with values: [0.6862833869893007, 0.18221494817239497] and parameters: {'psi': 0.4231842860135566}.
[I 2025-08-09 19:17:06,087] Trial 377 finished with values: [0.6887960344673184, 0.19036954087346025] and parameters: {'psi': 0.8764546405978731}.
[I 2025-08-09 19:17:11,694] Trial 378 finished with values: [0.6862718133895546, 0.18112384069830878] and parameters: {'psi': 0.41963073848136745}.
[I 2025-08-09 19:17:17,314] Trial 379 finished with values: [0.68597499798885, 0.1812227074235808] and parameters: {'psi': 0.2879493255436991}.
[I 2025-08-09 19:17:22,923] Trial 380 finished with values: [0.688276133188227, 0.18656302054414214] and parameters: {'psi': 0.7260653953043219}.
[I 2025-08-09 19:17:28,571] Trial 381 finished with values: [0.6854727796523216, 0.18112384069830878] and parameters: {'psi': 0.13217337573865195}.
[I 2025-08-09 19:17:34,193] Trial 382 finished with values: [0.6898309040157735, 0.1847345132743363] and parameters: {'psi': 0.9786948069784424}.
[I 2025-08-09 19:17:39,826] Trial 383 finished with values: [0.6858165345378984, 0.1812227074235808] and parameters: {'psi': 0.23197063016756625}.
[I 2025-08-09 19:17:45,454] Trial 384 finished with values: [0.6848273143025408, 0.1779475982532751] and parameters: {'psi': 0.05963714137577936}.
[I 2025-08-09 19:17:51,082] Trial 385 finished with values: [0.688706822883701, 0.19026301063234471] and parameters: {'psi': 0.8786051641887881}.
[I 2025-08-09 19:17:56,694] Trial 386 finished with values: [0.6880578664808819, 0.18899388549193996] and parameters: {'psi': 0.9304725755605038}.
[I 2025-08-09 19:18:02,313] Trial 387 finished with values: [0.6860385199756537, 0.1812227074235808] and parameters: {'psi': 0.31300702000346714}.
[I 2025-08-09 19:18:07,920] Trial 388 finished with values: [0.6894312922815854, 0.1897810218978102] and parameters: {'psi': 0.796188439263265}.
[I 2025-08-09 19:18:13,564] Trial 389 finished with values: [0.6853936997117605, 0.1812227074235808] and parameters: {'psi': 0.11713246665689314}.
[I 2025-08-09 19:18:19,172] Trial 390 finished with values: [0.6890459483293793, 0.19036954087346025] and parameters: {'psi': 0.8703135394637542}.
[I 2025-08-09 19:18:24,787] Trial 391 finished with values: [0.6864768368630916, 0.18231441048034935] and parameters: {'psi': 0.49133169382662156}.
[I 2025-08-09 19:18:30,401] Trial 392 finished with values: [0.688601711830268, 0.1887213847012842] and parameters: {'psi': 0.7469245504347746}.
[I 2025-08-09 19:18:36,032] Trial 393 finished with values: [0.6838755090486577, 0.17833698030634573] and parameters: {'psi': 0.03895780701324092}.
[I 2025-08-09 19:18:41,644] Trial 394 finished with values: [0.6896571102884369, 0.1897810218978102] and parameters: {'psi': 0.8127652538492947}.
[I 2025-08-09 19:18:47,243] Trial 395 finished with values: [0.6891441911154219, 0.19036954087346025] and parameters: {'psi': 0.8676700710949738}.
[I 2025-08-09 19:18:52,856] Trial 396 finished with values: [0.6863219783038643, 0.18221494817239497] and parameters: {'psi': 0.43967731278352773}.
[I 2025-08-09 19:18:58,492] Trial 397 finished with values: [0.6853851238640797, 0.1812227074235808] and parameters: {'psi': 0.11497173650246462}.
[I 2025-08-09 19:19:04,103] Trial 398 finished with values: [0.6865533364601025, 0.18340611353711792] and parameters: {'psi': 0.5116901530956588}.
[I 2025-08-09 19:19:09,702] Trial 399 finished with values: [0.6426216594037585, 0.20214568040654998] and parameters: {'psi': 2.4000677482538535e-05}.
[I 2025-08-09 19:19:15,313] Trial 400 finished with values: [0.6882855438529387, 0.18656302054414214] and parameters: {'psi': 0.7266564657099047}.
[I 2025-08-09 19:19:20,923] Trial 401 finished with values: [0.6884709111800215, 0.1871866295264624] and parameters: {'psi': 0.7388654208158288}.
[I 2025-08-09 19:19:26,528] Trial 402 finished with values: [0.6881217679299725, 0.19106145251396647] and parameters: {'psi': 0.8955889776164315}.
[I 2025-08-09 19:19:32,258] Trial 403 finished with values: [0.6713340527938291, 0.18221734357848518] and parameters: {'psi': 0.010621580973125822}.
[I 2025-08-09 19:19:37,867] Trial 404 finished with values: [0.6853686552008342, 0.1812227074235808] and parameters: {'psi': 0.11264568695776567}.
[I 2025-08-09 19:19:43,460] Trial 405 finished with values: [0.677777056799433, 0.17982456140350878] and parameters: {'psi': 0.016325112609167913}.
[I 2025-08-09 19:19:49,048] Trial 406 finished with values: [0.6861687514324701, 0.18112384069830878] and parameters: {'psi': 0.3736067009087125}.
[I 2025-08-09 19:19:54,674] Trial 407 finished with values: [0.6858627909906546, 0.1812227074235808] and parameters: {'psi': 0.24614675249796292}.
[I 2025-08-09 19:20:00,288] Trial 408 finished with values: [0.6860107812824915, 0.1812227074235808] and parameters: {'psi': 0.30066917830130635}.
[I 2025-08-09 19:20:05,874] Trial 409 finished with values: [0.6883553649137026, 0.1867704280155642] and parameters: {'psi': 0.7313207594448198}.
[I 2025-08-09 19:20:11,464] Trial 410 finished with values: [0.6893137728113754, 0.18855218855218855] and parameters: {'psi': 0.7891125605931358}.
[I 2025-08-09 19:20:17,079] Trial 411 finished with values: [0.6885524955716752, 0.18756936736958935] and parameters: {'psi': 0.9452776273608254}.
[I 2025-08-09 19:20:22,671] Trial 412 finished with values: [0.6901417215748595, 0.18371837183718373] and parameters: {'psi': 0.9949631348155219}.
[I 2025-08-09 19:20:28,292] Trial 413 finished with values: [0.6858467397359247, 0.1812227074235808] and parameters: {'psi': 0.24172777798553313}.
[I 2025-08-09 19:20:33,909] Trial 414 finished with values: [0.686802605236276, 0.1839080459770115] and parameters: {'psi': 0.5720226081515186}.
[I 2025-08-09 19:20:39,519] Trial 415 finished with values: [0.6880612436952341, 0.18292682926829268] and parameters: {'psi': 0.7114113491502553}.
[I 2025-08-09 19:20:45,154] Trial 416 finished with values: [0.6857499768528005, 0.18022938285090115] and parameters: {'psi': 0.21174457737961183}.
[I 2025-08-09 19:20:50,773] Trial 417 finished with values: [0.6855884018110976, 0.18013100436681223] and parameters: {'psi': 0.16068365359638503}.
[I 2025-08-09 19:20:56,382] Trial 418 finished with values: [0.688827719568263, 0.18767351471404775] and parameters: {'psi': 0.9518505251218177}.
[I 2025-08-09 19:21:01,989] Trial 419 finished with values: [0.6886491066698845, 0.19026301063234471] and parameters: {'psi': 0.8802822744790596}.
[I 2025-08-09 19:21:07,627] Trial 420 finished with values: [0.6858663958823789, 0.1812227074235808] and parameters: {'psi': 0.2472998081812876}.
[I 2025-08-09 19:21:13,240] Trial 421 finished with values: [0.6870367334672077, 0.18441273326015367] and parameters: {'psi': 0.6123532134582467}.
[I 2025-08-09 19:21:18,850] Trial 422 finished with values: [0.686643382860751, 0.18360655737704917] and parameters: {'psi': 0.5360643449197232}.
[I 2025-08-09 19:21:24,450] Trial 423 finished with values: [0.6867509983652764, 0.1838074398249453] and parameters: {'psi': 0.5609388293115707}.
[I 2025-08-09 19:21:30,049] Trial 424 finished with values: [0.6879876659578312, 0.18909899888765294] and parameters: {'psi': 0.9278054703062051}.
[I 2025-08-09 19:21:35,656] Trial 425 finished with values: [0.6882881621427173, 0.18656302054414214] and parameters: {'psi': 0.7268545003709775}.
[I 2025-08-09 19:21:41,276] Trial 426 finished with values: [0.6857139279355582, 0.18022938285090115] and parameters: {'psi': 0.19990739963709303}.
[I 2025-08-09 19:21:46,898] Trial 427 finished with values: [0.6856295355229824, 0.18013100436681223] and parameters: {'psi': 0.17465556979810704}.
[I 2025-08-09 19:21:52,498] Trial 428 finished with values: [0.6887091755498789, 0.1877094972067039] and parameters: {'psi': 0.7536736042093105}.
[I 2025-08-09 19:21:58,085] Trial 429 finished with values: [0.688388491971337, 0.18687430478309233] and parameters: {'psi': 0.7335827420544601}.
[I 2025-08-09 19:22:03,699] Trial 430 finished with values: [0.686257697392487, 0.18112384069830878] and parameters: {'psi': 0.414976966852154}.
[I 2025-08-09 19:22:09,315] Trial 431 finished with values: [0.686141354255366, 0.18112384069830878] and parameters: {'psi': 0.36115167166679074}.
[I 2025-08-09 19:22:14,916] Trial 432 finished with values: [0.6883715300071187, 0.1912751677852349] and parameters: {'psi': 0.8875237114743395}.
[I 2025-08-09 19:22:20,538] Trial 433 finished with values: [0.6825717145775752, 0.18042646254784034] and parameters: {'psi': 0.028619178111151}.
[I 2025-08-09 19:22:26,146] Trial 434 finished with values: [0.6896938042915667, 0.18956814357823892] and parameters: {'psi': 0.844768525142774}.
[I 2025-08-09 19:22:31,751] Trial 435 finished with values: [0.687085190801227, 0.18451400329489293] and parameters: {'psi': 0.6198493363427736}.
[I 2025-08-09 19:22:37,358] Trial 436 finished with values: [0.6897424893029581, 0.18967452300785634] and parameters: {'psi': 0.8398401430877611}.
[I 2025-08-09 19:22:42,979] Trial 437 finished with values: [0.6867276993808693, 0.1838074398249453] and parameters: {'psi': 0.5564935878419949}.
[I 2025-08-09 19:22:48,581] Trial 438 finished with values: [0.6863373844727068, 0.1812227074235808] and parameters: {'psi': 0.44526529181444174}.
[I 2025-08-09 19:22:54,202] Trial 439 finished with values: [0.6860464127912184, 0.1812227074235808] and parameters: {'psi': 0.3171965953647208}.
[I 2025-08-09 19:22:59,834] Trial 440 finished with values: [0.6851033351699307, 0.17884405670665213] and parameters: {'psi': 0.0768775834333898}.
[I 2025-08-09 19:23:05,457] Trial 441 finished with values: [0.6855646474719463, 0.18013100436681223] and parameters: {'psi': 0.15496212760077954}.
[I 2025-08-09 19:23:11,060] Trial 442 finished with values: [0.6897250340377671, 0.18956814357823892] and parameters: {'psi': 0.8419617011695311}.
[I 2025-08-09 19:23:16,688] Trial 443 finished with values: [0.6848157407027945, 0.1780447842708902] and parameters: {'psi': 0.059114132088009974}.
[I 2025-08-09 19:23:22,305] Trial 444 finished with values: [0.685857706196012, 0.1812227074235808] and parameters: {'psi': 0.24456764110913354}.
[I 2025-08-09 19:23:27,928] Trial 445 finished with values: [0.6643593082857868, 0.1824212271973466] and parameters: {'psi': 0.007402486382705242}.
[I 2025-08-09 19:23:33,560] Trial 446 finished with values: [0.6851248886278188, 0.17884405670665213] and parameters: {'psi': 0.07857658110663035}.
[I 2025-08-09 19:23:39,165] Trial 447 finished with values: [0.6864197277889339, 0.18231441048034935] and parameters: {'psi': 0.4743281940265015}.
