[I 2025-08-09 19:56:48,968] Trial 301 finished with values: [0.8358155377623617, 0.23677979479084452] and parameters: {'psi': 0.6909913773540838}.
[I 2025-08-09 19:56:57,047] Trial 302 finished with values: [0.8263115296452339, 0.2432646592709984] and parameters: {'psi': 0.9900371363046688}.
[I 2025-08-09 19:57:05,156] Trial 303 finished with values: [0.8246307584758283, 0.22671422909235037] and parameters: {'psi': 0.9299951344444731}.
[I 2025-08-09 19:57:13,360] Trial 304 finished with values: [0.8357216803020935, 0.23987416437278805] and parameters: {'psi': 0.646584298700447}.
[I 2025-08-09 19:57:21,459] Trial 305 finished with values: [0.8280926239171502, 0.24282907662082515] and parameters: {'psi': 0.09508098362794337}.
[I 2025-08-09 19:57:29,562] Trial 306 finished with values: [0.831246547299501, 0.23971797884841364] and parameters: {'psi': 0.27311476141355095}.
[I 2025-08-09 19:57:37,672] Trial 307 finished with values: [0.8353868614557606, 0.2192] and parameters: {'psi': 0.8133979521211343}.
[I 2025-08-09 19:57:45,776] Trial 308 finished with values: [0.824272063238207, 0.22839016653449642] and parameters: {'psi': 0.9357165144343687}.
[I 2025-08-09 19:57:53,910] Trial 309 finished with values: [0.8254397244199596, 0.2518811881188119] and parameters: {'psi': 0.03614807422660138}.
[I 2025-08-09 19:58:02,017] Trial 310 finished with values: [0.8241467438782676, 0.22918318794607453] and parameters: {'psi': 0.938529287904869}.
[I 2025-08-09 19:58:10,146] Trial 311 finished with values: [0.8358121359048418, 0.2370604504148558] and parameters: {'psi': 0.7049201198727337}.
[I 2025-08-09 19:58:18,255] Trial 312 finished with values: [0.8265130632913479, 0.24396039603960396] and parameters: {'psi': 0.9923959556699662}.
[I 2025-08-09 19:58:26,372] Trial 313 finished with values: [0.8337764305576818, 0.23981191222570533] and parameters: {'psi': 0.4679368907570468}.
[I 2025-08-09 19:58:34,435] Trial 314 finished with values: [0.8282308111729257, 0.24282907662082515] and parameters: {'psi': 0.10009274784166422}.
[I 2025-08-09 19:58:42,533] Trial 315 finished with values: [0.8333046922285621, 0.24050137093615354] and parameters: {'psi': 0.43306006607463243}.
[I 2025-08-09 19:58:50,645] Trial 316 finished with values: [0.8305198809518904, 0.24068992551940416] and parameters: {'psi': 0.22239829625309393}.
[I 2025-08-09 19:58:58,746] Trial 317 finished with values: [0.8318002048932445, 0.240407204385278] and parameters: {'psi': 0.31595803414472545}.
[I 2025-08-09 19:59:06,859] Trial 318 finished with values: [0.8344362007505849, 0.2202713487629689] and parameters: {'psi': 0.8465580801630923}.
[I 2025-08-09 19:59:14,941] Trial 319 finished with values: [0.8304328272066619, 0.23990591924735397] and parameters: {'psi': 0.2163106584939377}.
[I 2025-08-09 19:59:23,045] Trial 320 finished with values: [0.835803641825817, 0.23817034700315456] and parameters: {'psi': 0.6766623625090991}.
[I 2025-08-09 19:59:31,122] Trial 321 finished with values: [0.8325016848174782, 0.24050137093615354] and parameters: {'psi': 0.3711781965222647}.
[I 2025-08-09 19:59:39,192] Trial 322 finished with values: [0.8245937395045564, 0.23701942132382084] and parameters: {'psi': 0.9660964407604054}.
[I 2025-08-09 19:59:47,369] Trial 323 finished with values: [0.8354017789179283, 0.2192] and parameters: {'psi': 0.8123436382766662}.
[I 2025-08-09 19:59:55,480] Trial 324 finished with values: [0.8306797893848734, 0.24068992551940416] and parameters: {'psi': 0.23311330954717535}.
[I 2025-08-09 20:00:03,552] Trial 325 finished with values: [0.8274879807197084, 0.22239872915011913] and parameters: {'psi': 0.9069449645100046}.
[I 2025-08-09 20:00:11,662] Trial 326 finished with values: [0.8348427121594326, 0.2407843137254902] and parameters: {'psi': 0.5479206465320687}.
[I 2025-08-09 20:00:19,782] Trial 327 finished with values: [0.8336777555600562, 0.24059561128526646] and parameters: {'psi': 0.46065805592586617}.
[I 2025-08-09 20:00:27,877] Trial 328 finished with values: [0.8247084940895895, 0.23711340206185566] and parameters: {'psi': 0.9682317687057886}.
[I 2025-08-09 20:00:35,991] Trial 329 finished with values: [0.8342013035453166, 0.24059561128526646] and parameters: {'psi': 0.498912111593663}.
[I 2025-08-09 20:00:44,110] Trial 330 finished with values: [0.8352754875986974, 0.21982414068745004] and parameters: {'psi': 0.8203377953822887}.
[I 2025-08-09 20:00:52,240] Trial 331 finished with values: [0.8358010428911902, 0.23496835443037975] and parameters: {'psi': 0.7167959710546686}.
[I 2025-08-09 20:01:00,354] Trial 332 finished with values: [0.8347303663430783, 0.22044728434504793] and parameters: {'psi': 0.8399596014919043}.
[I 2025-08-09 20:01:08,476] Trial 333 finished with values: [0.830049262488911, 0.2407843137254902] and parameters: {'psi': 0.19173710590393955}.
[I 2025-08-09 20:01:16,585] Trial 334 finished with values: [0.8307946707472054, 0.24] and parameters: {'psi': 0.24100138050727948}.
[I 2025-08-09 20:01:24,695] Trial 335 finished with values: [0.8312512380595594, 0.23971797884841364] and parameters: {'psi': 0.27345330797912737}.
[I 2025-08-09 20:01:32,786] Trial 336 finished with values: [0.8301750255693964, 0.24] and parameters: {'psi': 0.19975431381984476}.
[I 2025-08-09 20:01:40,847] Trial 337 finished with values: [0.8278837160581516, 0.22169249106078665] and parameters: {'psi': 0.9044498736221663}.
[I 2025-08-09 20:01:48,943] Trial 338 finished with values: [0.828219823807023, 0.24282907662082515] and parameters: {'psi': 0.09974483299441217}.
[I 2025-08-09 20:01:57,057] Trial 339 finished with values: [0.8326245108905397, 0.24050137093615354] and parameters: {'psi': 0.38080159846066597}.
[I 2025-08-09 20:02:05,168] Trial 340 finished with values: [0.8355592785822326, 0.2401883830455259] and parameters: {'psi': 0.6191180659046024}.
[I 2025-08-09 20:02:13,277] Trial 341 finished with values: [0.8320325454229854, 0.240407204385278] and parameters: {'psi': 0.3341002781081269}.
[I 2025-08-09 20:02:21,396] Trial 342 finished with values: [0.8349431409096926, 0.24068992551940416] and parameters: {'psi': 0.5560634440810738}.
[I 2025-08-09 20:02:29,517] Trial 343 finished with values: [0.8356294920762605, 0.22] and parameters: {'psi': 0.7839219484973511}.
[I 2025-08-09 20:02:37,651] Trial 344 finished with values: [0.834398294338221, 0.24068992551940416] and parameters: {'psi': 0.51393012512138}.
[I 2025-08-09 20:02:45,817] Trial 345 finished with values: [0.8220821755660633, 0.26591458501208703] and parameters: {'psi': 0.012425991738242659}.
[I 2025-08-09 20:02:53,937] Trial 346 finished with values: [0.8324904016378781, 0.24050137093615354] and parameters: {'psi': 0.37029105553721653}.
[I 2025-08-09 20:03:02,071] Trial 347 finished with values: [0.832299961005416, 0.240407204385278] and parameters: {'psi': 0.3552841810342018}.
[I 2025-08-09 20:03:10,180] Trial 348 finished with values: [0.8291165407715265, 0.24116260801256872] and parameters: {'psi': 0.13926495729916}.
[I 2025-08-09 20:03:18,276] Trial 349 finished with values: [0.8357268781713473, 0.23987416437278805] and parameters: {'psi': 0.6478340285353981}.
[I 2025-08-09 20:03:26,401] Trial 350 finished with values: [0.8357987608998102, 0.23867664434816857] and parameters: {'psi': 0.6727960567653051}.
[I 2025-08-09 20:03:34,554] Trial 351 finished with values: [0.8341181587668035, 0.24059561128526646] and parameters: {'psi': 0.492950011283969}.
[I 2025-08-09 20:03:42,703] Trial 352 finished with values: [0.8289455815839916, 0.2412573673870334] and parameters: {'psi': 0.1309219230955292}.
[I 2025-08-09 20:03:50,906] Trial 353 finished with values: [0.8358145446735205, 0.2377567140600316] and parameters: {'psi': 0.6969027588502934}.
[I 2025-08-09 20:03:59,014] Trial 354 finished with values: [0.8243207879800754, 0.23464130003963535] and parameters: {'psi': 0.9605897617088709}.
[I 2025-08-09 20:04:07,146] Trial 355 finished with values: [0.8357018819139188, 0.2251497005988024] and parameters: {'psi': 0.7638372293302076}.
[I 2025-08-09 20:04:15,223] Trial 356 finished with values: [0.8312012666742523, 0.23971797884841364] and parameters: {'psi': 0.26977766866591735}.
[I 2025-08-09 20:04:23,340] Trial 357 finished with values: [0.8354744223101845, 0.2407843137254902] and parameters: {'psi': 0.6077900089229221}.
[I 2025-08-09 20:04:31,432] Trial 358 finished with values: [0.8250401435034506, 0.23949246629659002] and parameters: {'psi': 0.9734889632987134}.
[I 2025-08-09 20:04:39,568] Trial 359 finished with values: [0.8306182601358185, 0.24068992551940416] and parameters: {'psi': 0.22893241187045943}.
[I 2025-08-09 20:04:47,703] Trial 360 finished with values: [0.8239186926471386, 0.2621902478017586] and parameters: {'psi': 0.021258189604809408}.
[I 2025-08-09 20:04:55,809] Trial 361 finished with values: [0.8354942206983591, 0.21982414068745004] and parameters: {'psi': 0.8036945911256207}.
[I 2025-08-09 20:05:03,924] Trial 362 finished with values: [0.8342030784275009, 0.24059561128526646] and parameters: {'psi': 0.4990334147009188}.
[I 2025-08-09 20:05:12,073] Trial 363 finished with values: [0.8270233419193259, 0.24465558194774348] and parameters: {'psi': 0.998318873312878}.
[I 2025-08-09 20:05:20,199] Trial 364 finished with values: [0.8335901524465326, 0.2199203187250996] and parameters: {'psi': 0.8601499479032844}.
[I 2025-08-09 20:05:28,317] Trial 365 finished with values: [0.8354081811715216, 0.24068992551940416] and parameters: {'psi': 0.5999929891020066}.
[I 2025-08-09 20:05:36,416] Trial 366 finished with values: [0.8317114396544812, 0.240407204385278] and parameters: {'psi': 0.30905253987582815}.
[I 2025-08-09 20:05:44,537] Trial 367 finished with values: [0.8348415711637428, 0.2407843137254902] and parameters: {'psi': 0.5478350379413037}.
[I 2025-08-09 20:05:52,656] Trial 368 finished with values: [0.8305850867426126, 0.24068992551940416] and parameters: {'psi': 0.22678226901066711}.
[I 2025-08-09 20:06:00,774] Trial 369 finished with values: [0.825691652042377, 0.2487128712871287] and parameters: {'psi': 0.03957660329811652}.
[I 2025-08-09 20:06:08,839] Trial 370 finished with values: [0.8300736037302953, 0.2407843137254902] and parameters: {'psi': 0.19325484421743266}.
[I 2025-08-09 20:06:16,931] Trial 371 finished with values: [0.8344321861361206, 0.24068992551940416] and parameters: {'psi': 0.51644586996649}.
[I 2025-08-09 20:06:25,059] Trial 372 finished with values: [0.8358139530461258, 0.23766285037504936] and parameters: {'psi': 0.694862259396404}.
[I 2025-08-09 20:06:33,218] Trial 373 finished with values: [0.8283974810618485, 0.24213836477987422] and parameters: {'psi': 0.10674141680465676}.
[I 2025-08-09 20:06:41,322] Trial 374 finished with values: [0.8350458516513324, 0.24147393179145432] and parameters: {'psi': 0.5646278562798317}.
[I 2025-08-09 20:06:49,424] Trial 375 finished with values: [0.8316147085754383, 0.23971797884841364] and parameters: {'psi': 0.30146864429128484}.
[I 2025-08-09 20:06:57,527] Trial 376 finished with values: [0.8341009804428056, 0.24059561128526646] and parameters: {'psi': 0.4917242050695245}.
[I 2025-08-09 20:07:05,645] Trial 377 finished with values: [0.8357764903543077, 0.23244744149147165] and parameters: {'psi': 0.7298791087509108}.
[I 2025-08-09 20:07:13,777] Trial 378 finished with values: [0.829585130797724, 0.24087877599058455] and parameters: {'psi': 0.16400738992914976}.
[I 2025-08-09 20:07:21,884] Trial 379 finished with values: [0.8325633619733815, 0.21912350597609562] and parameters: {'psi': 0.8714392661376072}.
[I 2025-08-09 20:07:30,001] Trial 380 finished with values: [0.8357411194879212, 0.2285941855834329] and parameters: {'psi': 0.7484916671599336}.
[I 2025-08-09 20:07:38,074] Trial 381 finished with values: [0.8340970292169907, 0.24059561128526646] and parameters: {'psi': 0.4914206817377508}.
[I 2025-08-09 20:07:46,215] Trial 382 finished with values: [0.8334186227611525, 0.2199203187250996] and parameters: {'psi': 0.862324685588516}.
[I 2025-08-09 20:07:54,349] Trial 383 finished with values: [0.8336154022585587, 0.24059561128526646] and parameters: {'psi': 0.4561237953813987}.
[I 2025-08-09 20:08:02,479] Trial 384 finished with values: [0.830183794332569, 0.24] and parameters: {'psi': 0.20028918421204978}.
[I 2025-08-09 20:08:10,601] Trial 385 finished with values: [0.8356863094357067, 0.22293248102277266] and parameters: {'psi': 0.7687982060317191}.
[I 2025-08-09 20:08:18,736] Trial 386 finished with values: [0.8312494209182756, 0.23971797884841364] and parameters: {'psi': 0.27331902194648017}.
[I 2025-08-09 20:08:26,865] Trial 387 finished with values: [0.8355874442721329, 0.21982414068745004] and parameters: {'psi': 0.7915459799112601}.
[I 2025-08-09 20:08:34,984] Trial 388 finished with values: [0.8351142057449767, 0.2205353575709149] and parameters: {'psi': 0.8278370223376895}.
[I 2025-08-09 20:08:43,097] Trial 389 finished with values: [0.8310939496907532, 0.24059561128526646] and parameters: {'psi': 0.26214078833145404}.
[I 2025-08-09 20:08:51,191] Trial 390 finished with values: [0.8347718859084603, 0.2407843137254902] and parameters: {'psi': 0.5423613810339027}.
[I 2025-08-09 20:08:59,320] Trial 391 finished with values: [0.8327690792703586, 0.24119028974158183] and parameters: {'psi': 0.39195938278571874}.
[I 2025-08-09 20:09:07,458] Trial 392 finished with values: [0.8306807824737146, 0.24068992551940416] and parameters: {'psi': 0.23318998862809082}.
[I 2025-08-09 20:09:15,606] Trial 393 finished with values: [0.832688575685572, 0.24050137093615354] and parameters: {'psi': 0.385796977045899}.
[I 2025-08-09 20:09:23,683] Trial 394 finished with values: [0.824022227441221, 0.2601755786113328] and parameters: {'psi': 0.02201112481656009}.
[I 2025-08-09 20:09:31,775] Trial 395 finished with values: [0.8255645789298031, 0.2501979414093428] and parameters: {'psi': 0.037779058880584415}.
[I 2025-08-09 20:09:39,901] Trial 396 finished with values: [0.829554429561846, 0.24097331240188383] and parameters: {'psi': 0.16230145073432045}.
[I 2025-08-09 20:09:48,042] Trial 397 finished with values: [0.8343397443556898, 0.24068992551940416] and parameters: {'psi': 0.5092031151506001}.
[I 2025-08-09 20:09:56,173] Trial 398 finished with values: [0.8340336405675524, 0.24059561128526646] and parameters: {'psi': 0.4867172993360014}.
[I 2025-08-09 20:10:04,321] Trial 399 finished with values: [0.8313937991321461, 0.23971797884841364] and parameters: {'psi': 0.28442233187776056}.
[I 2025-08-09 20:10:12,449] Trial 400 finished with values: [0.827237172963431, 0.22310440651052005] and parameters: {'psi': 0.9085362162170876}.
[I 2025-08-09 20:10:20,518] Trial 401 finished with values: [0.8336362782537737, 0.24050137093615354] and parameters: {'psi': 0.4576907537550091}.
[I 2025-08-09 20:10:28,586] Trial 402 finished with values: [0.8345019981687019, 0.24068992551940416] and parameters: {'psi': 0.5218003878610693}.
[I 2025-08-09 20:10:36,784] Trial 403 finished with values: [0.8343085148810665, 0.24068992551940416] and parameters: {'psi': 0.5068906185260825}.
[I 2025-08-09 20:10:44,897] Trial 404 finished with values: [0.8358010217616404, 0.23867664434816857] and parameters: {'psi': 0.673789022785436}.
[I 2025-08-09 20:10:53,047] Trial 405 finished with values: [0.8213554035707038, 0.2641357027463651] and parameters: {'psi': 0.01060008460371431}.
[I 2025-08-09 20:11:01,169] Trial 406 finished with values: [0.8324842318093328, 0.24050137093615354] and parameters: {'psi': 0.36980966313815655}.
[I 2025-08-09 20:11:09,271] Trial 407 finished with values: [0.834152071694253, 0.24059561128526646] and parameters: {'psi': 0.49547527250867085}.
[I 2025-08-09 20:11:17,389] Trial 408 finished with values: [0.8357738914196806, 0.23165410551368504] and parameters: {'psi': 0.731796191969145}.
[I 2025-08-09 20:11:25,515] Trial 409 finished with values: [0.8356657715132889, 0.24047151277013754] and parameters: {'psi': 0.6352795876546483}.
[I 2025-08-09 20:11:33,637] Trial 410 finished with values: [0.832591654440581, 0.24050137093615354] and parameters: {'psi': 0.3782566477374829}.
[I 2025-08-09 20:11:41,756] Trial 411 finished with values: [0.825667395319192, 0.2487128712871287] and parameters: {'psi': 0.03923407628052855}.
[I 2025-08-09 20:11:49,878] Trial 412 finished with values: [0.8298006944649137, 0.24097331240188383] and parameters: {'psi': 0.17653886418071774}.
[I 2025-08-09 20:11:57,985] Trial 413 finished with values: [0.8351153256111168, 0.2205353575709149] and parameters: {'psi': 0.8278037809086509}.
[I 2025-08-09 20:12:06,124] Trial 414 finished with values: [0.8358006414297436, 0.23496835443037975] and parameters: {'psi': 0.7169994828103249}.
[I 2025-08-09 20:12:14,223] Trial 415 finished with values: [0.8278701297576219, 0.2430200550530869] and parameters: {'psi': 0.08749654260365003}.
[I 2025-08-09 20:12:22,377] Trial 416 finished with values: [0.8350554867260471, 0.2205353575709149] and parameters: {'psi': 0.8301906714668636}.
[I 2025-08-09 20:12:30,468] Trial 417 finished with values: [0.8311023381220289, 0.24050137093615354] and parameters: {'psi': 0.26281846518064444}.
[I 2025-08-09 20:12:38,584] Trial 418 finished with values: [0.8357669820568919, 0.23996852871754523] and parameters: {'psi': 0.6592255696748092}.
[I 2025-08-09 20:12:46,719] Trial 419 finished with values: [0.8260658774991108, 0.22380952380952382] and parameters: {'psi': 0.9164995056458566}.
[I 2025-08-09 20:12:54,844] Trial 420 finished with values: [0.8333029173463778, 0.24050137093615354] and parameters: {'psi': 0.4329051506027185}.
[I 2025-08-09 20:13:02,963] Trial 421 finished with values: [0.8303617474010917, 0.23990591924735397] and parameters: {'psi': 0.21174170388800273}.
[I 2025-08-09 20:13:11,087] Trial 422 finished with values: [0.8282929320493752, 0.24282907662082515] and parameters: {'psi': 0.10241362042562152}.
[I 2025-08-09 20:13:19,222] Trial 423 finished with values: [0.8358094101929159, 0.23747534516765287] and parameters: {'psi': 0.6830509797106953}.
[I 2025-08-09 20:13:27,358] Trial 424 finished with values: [0.8238442109840486, 0.2632] and parameters: {'psi': 0.020743480755846422}.
[I 2025-08-09 20:13:35,459] Trial 425 finished with values: [0.8309408872319096, 0.23990591924735397] and parameters: {'psi': 0.2512887702507026}.
[I 2025-08-09 20:13:43,589] Trial 426 finished with values: [0.8320797065781675, 0.240407204385278] and parameters: {'psi': 0.33781563833320083}.
[I 2025-08-09 20:13:51,708] Trial 427 finished with values: [0.8281638305000191, 0.24282907662082515] and parameters: {'psi': 0.09764189464501982}.
[I 2025-08-09 20:13:59,826] Trial 428 finished with values: [0.8288534567468078, 0.2412573673870334] and parameters: {'psi': 0.12648007072326384}.
[I 2025-08-09 20:14:07,967] Trial 429 finished with values: [0.8353826144162481, 0.24068992551940416] and parameters: {'psi': 0.5971875019201236}.
[I 2025-08-09 20:14:16,096] Trial 430 finished with values: [0.8325778145854537, 0.24050137093615354] and parameters: {'psi': 0.37712719763861957}.
[I 2025-08-09 20:14:24,219] Trial 431 finished with values: [0.8310119670374796, 0.23990591924735397] and parameters: {'psi': 0.2562178691662229}.
[I 2025-08-09 20:14:32,295] Trial 432 finished with values: [0.8242730140679486, 0.2588610115491836] and parameters: {'psi': 0.02404297458662652}.
[I 2025-08-09 20:14:40,394] Trial 433 finished with values: [0.8311411742345847, 0.2211614956245028] and parameters: {'psi': 0.8831860815616025}.
[I 2025-08-09 20:14:48,515] Trial 434 finished with values: [0.8314396925143394, 0.23971797884841364] and parameters: {'psi': 0.2878593867154151}.
[I 2025-08-09 20:14:56,652] Trial 435 finished with values: [0.8314790568656405, 0.23971797884841364] and parameters: {'psi': 0.2909313204989874}.
[I 2025-08-09 20:15:04,742] Trial 436 finished with values: [0.8276608204371766, 0.24163715072805983] and parameters: {'psi': 0.08091413644191658}.
[I 2025-08-09 20:15:12,871] Trial 437 finished with values: [0.8322375020561692, 0.240407204385278] and parameters: {'psi': 0.35021262548631016}.
[I 2025-08-09 20:15:21,006] Trial 438 finished with values: [0.8357062557307301, 0.23987416437278805] and parameters: {'psi': 0.6435288336936094}.
[I 2025-08-09 20:15:29,126] Trial 439 finished with values: [0.8322557791167573, 0.240407204385278] and parameters: {'psi': 0.35167667436162564}.
[I 2025-08-09 20:15:37,200] Trial 440 finished with values: [0.8311833488160111, 0.23971797884841364] and parameters: {'psi': 0.2685447399647354}.
[I 2025-08-09 20:15:45,325] Trial 441 finished with values: [0.8246913368951416, 0.25675675675675674] and parameters: {'psi': 0.027924948793453863}.
[I 2025-08-09 20:15:53,429] Trial 442 finished with values: [0.8278121714024854, 0.2430200550530869] and parameters: {'psi': 0.08563208691043833}.
[I 2025-08-09 20:16:01,542] Trial 443 finished with values: [0.8351577537471407, 0.2413793103448276] and parameters: {'psi': 0.5751348048599764}.
[I 2025-08-09 20:16:09,681] Trial 444 finished with values: [0.8239994286569731, 0.2305863708399366] and parameters: {'psi': 0.948570788908262}.
[I 2025-08-09 20:16:17,829] Trial 445 finished with values: [0.8250048571552633, 0.2560443915973048] and parameters: {'psi': 0.031142383362613102}.
[I 2025-08-09 20:16:25,954] Trial 446 finished with values: [0.8336921025243789, 0.24059561128526646] and parameters: {'psi': 0.46179310275009366}.
[I 2025-08-09 20:16:34,080] Trial 447 finished with values: [0.8298770989170365, 0.24087877599058455] and parameters: {'psi': 0.18116062546755307}.
[I 2025-08-09 20:16:42,212] Trial 448 finished with values: [0.8294498382902727, 0.24097331240188383] and parameters: {'psi': 0.15667748548189675}.
[I 2025-08-09 20:16:50,315] Trial 449 finished with values: [0.822749003028604, 0.2669883393646964] and parameters: {'psi': 0.014765684689833858}.
[I 2025-08-09 20:16:58,442] Trial 450 finished with values: [0.8309203493094915, 0.23990591924735397] and parameters: {'psi': 0.249756162768499}.
