[I 2025-08-09 19:02:46,686] Trial 301 finished with values: [0.8863980413732956, 0.2548853016142736] and parameters: {'psi': 0.7747652795223087}.
[I 2025-08-09 19:02:52,780] Trial 302 finished with values: [0.8864511956280586, 0.2656886715566422] and parameters: {'psi': 0.3559391334069282}.
[I 2025-08-09 19:02:58,883] Trial 303 finished with values: [0.8845531026146474, 0.28923582580115037] and parameters: {'psi': 0.9867730995381017}.
[I 2025-08-09 19:03:05,084] Trial 304 finished with values: [0.8862749976411306, 0.2696994313566206] and parameters: {'psi': 0.23236516900147797}.
[I 2025-08-09 19:03:11,179] Trial 305 finished with values: [0.8862955580575156, 0.2682926829268293] and parameters: {'psi': 0.2544885072360039}.
[I 2025-08-09 19:03:17,274] Trial 306 finished with values: [0.8780948208151743, 0.2687813021702838] and parameters: {'psi': 0.8961792046611692}.
[I 2025-08-09 19:03:23,364] Trial 307 finished with values: [0.8836782489283083, 0.26013513513513514] and parameters: {'psi': 0.8365308826342234}.
[I 2025-08-09 19:03:29,480] Trial 308 finished with values: [0.8863202624337922, 0.2708840227088402] and parameters: {'psi': 0.14898634890690088}.
[I 2025-08-09 19:03:35,574] Trial 309 finished with values: [0.8862537996924544, 0.2563667232597623] and parameters: {'psi': 0.7831655305861688}.
[I 2025-08-09 19:03:41,662] Trial 310 finished with values: [0.8861006325595392, 0.2578456318914334] and parameters: {'psi': 0.7907908621817052}.
[I 2025-08-09 19:03:47,754] Trial 311 finished with values: [0.8846476167767897, 0.28923582580115037] and parameters: {'psi': 0.9872760687647252}.
[I 2025-08-09 19:03:53,857] Trial 312 finished with values: [0.886263442368356, 0.2711038961038961] and parameters: {'psi': 0.2010743407179565}.
[I 2025-08-09 19:03:59,945] Trial 313 finished with values: [0.8867254142047295, 0.2595918367346939] and parameters: {'psi': 0.45058074688119754}.
[I 2025-08-09 19:04:06,045] Trial 314 finished with values: [0.8866076301139653, 0.26101141924959215] and parameters: {'psi': 0.41373024993328655}.
[I 2025-08-09 19:04:12,141] Trial 315 finished with values: [0.878086931353073, 0.2687813021702838] and parameters: {'psi': 0.8963152862651965}.
[I 2025-08-09 19:04:18,239] Trial 316 finished with values: [0.8865307277813621, 0.25510204081632654] and parameters: {'psi': 0.7660640482098171}.
[I 2025-08-09 19:04:24,338] Trial 317 finished with values: [0.884218637236476, 0.26013513513513514] and parameters: {'psi': 0.8301680502544315}.
[I 2025-08-09 19:04:30,428] Trial 318 finished with values: [0.8868881443220099, 0.2581699346405229] and parameters: {'psi': 0.49499120102388416}.
[I 2025-08-09 19:04:36,523] Trial 319 finished with values: [0.8864302367539916, 0.2875605815831987] and parameters: {'psi': 0.033407147172745844}.
[I 2025-08-09 19:04:42,608] Trial 320 finished with values: [0.8869380312237815, 0.2581699346405229] and parameters: {'psi': 0.507183837747486}.
[I 2025-08-09 19:04:48,706] Trial 321 finished with values: [0.8863594706696893, 0.26525630593978844] and parameters: {'psi': 0.3047650605007355}.
[I 2025-08-09 19:04:54,801] Trial 322 finished with values: [0.8796374098848107, 0.2651006711409396] and parameters: {'psi': 0.8761056687043868}.
[I 2025-08-09 19:05:00,904] Trial 323 finished with values: [0.8862731647357938, 0.2696994313566206] and parameters: {'psi': 0.2266214500143916}.
[I 2025-08-09 19:05:06,981] Trial 324 finished with values: [0.8871121572307638, 0.2483108108108108] and parameters: {'psi': 0.6682282797210968}.
[I 2025-08-09 19:05:13,068] Trial 325 finished with values: [0.8867316301445669, 0.2595918367346939] and parameters: {'psi': 0.45299877457877813}.
[I 2025-08-09 19:05:19,161] Trial 326 finished with values: [0.8862645580498651, 0.2711038961038961] and parameters: {'psi': 0.19824655948777337}.
[I 2025-08-09 19:05:25,250] Trial 327 finished with values: [0.8863946146372315, 0.28455941794664513] and parameters: {'psi': 0.06042806248752475}.
[I 2025-08-09 19:05:31,342] Trial 328 finished with values: [0.8862784243771947, 0.2696994313566206] and parameters: {'psi': 0.23686576605403542}.
[I 2025-08-09 19:05:37,430] Trial 329 finished with values: [0.8864553395879501, 0.2656886715566422] and parameters: {'psi': 0.35771078796414235}.
[I 2025-08-09 19:05:43,518] Trial 330 finished with values: [0.8863630567888264, 0.26525630593978844] and parameters: {'psi': 0.30946367447377265}.
[I 2025-08-09 19:05:49,617] Trial 331 finished with values: [0.8870820338300134, 0.2485207100591716] and parameters: {'psi': 0.679670413368555}.
[I 2025-08-09 19:05:55,705] Trial 332 finished with values: [0.8862886248938509, 0.2696994313566206] and parameters: {'psi': 0.2445179902532415}.
[I 2025-08-09 19:06:01,804] Trial 333 finished with values: [0.8863483138545968, 0.2783171521035599] and parameters: {'psi': 0.09430733057686491}.
[I 2025-08-09 19:06:07,897] Trial 334 finished with values: [0.8866390285792974, 0.25383304940374785] and parameters: {'psi': 0.7578919433116347}.
[I 2025-08-09 19:06:13,996] Trial 335 finished with values: [0.8799465333544143, 0.2791081750619323] and parameters: {'psi': 0.9582992560511464}.
[I 2025-08-09 19:06:20,091] Trial 336 finished with values: [0.8870473680116898, 0.2588042588042588] and parameters: {'psi': 0.5364461967592503}.
[I 2025-08-09 19:06:26,191] Trial 337 finished with values: [0.8863924629657491, 0.284329563812601] and parameters: {'psi': 0.06238359599444998}.
[I 2025-08-09 19:06:32,281] Trial 338 finished with values: [0.8864146969043981, 0.2875605815831987] and parameters: {'psi': 0.04674980544270724}.
[I 2025-08-09 19:06:38,385] Trial 339 finished with values: [0.8809541531403565, 0.265993265993266] and parameters: {'psi': 0.8630357087603157}.
[I 2025-08-09 19:06:44,495] Trial 340 finished with values: [0.8863482341630604, 0.2711038961038961] and parameters: {'psi': 0.137752590732788}.
[I 2025-08-09 19:06:50,598] Trial 341 finished with values: [0.8870825916707682, 0.2470389170896785] and parameters: {'psi': 0.6801651332594812}.
[I 2025-08-09 19:06:56,702] Trial 342 finished with values: [0.8864025837908689, 0.28455941794664513] and parameters: {'psi': 0.05762999551884651}.
[I 2025-08-09 19:07:02,802] Trial 343 finished with values: [0.8871533577550702, 0.25270157938487114] and parameters: {'psi': 0.5973455988208068}.
[I 2025-08-09 19:07:08,907] Trial 344 finished with values: [0.8864620336770057, 0.2656886715566422] and parameters: {'psi': 0.360584239890162}.
[I 2025-08-09 19:07:15,008] Trial 345 finished with values: [0.8572118927823695, 0.2993311036789298] and parameters: {'psi': 0.0017562162915241153}.
[I 2025-08-09 19:07:21,109] Trial 346 finished with values: [0.8862865529139052, 0.2696994313566206] and parameters: {'psi': 0.2434982656766932}.
[I 2025-08-09 19:07:27,215] Trial 347 finished with values: [0.8863361210495312, 0.2708840227088402] and parameters: {'psi': 0.1430957991790055}.
[I 2025-08-09 19:07:33,316] Trial 348 finished with values: [0.8871084117285543, 0.2483108108108108] and parameters: {'psi': 0.6693259974577667}.
[I 2025-08-09 19:07:39,417] Trial 349 finished with values: [0.8868214425060631, 0.25795918367346937] and parameters: {'psi': 0.47956408647909365}.
[I 2025-08-09 19:07:45,514] Trial 350 finished with values: [0.8870346970574059, 0.2588042588042588] and parameters: {'psi': 0.5332146185921252}.
[I 2025-08-09 19:07:51,626] Trial 351 finished with values: [0.8867529874763157, 0.252129471890971] and parameters: {'psi': 0.7463224690139119}.
[I 2025-08-09 19:07:57,717] Trial 352 finished with values: [0.8862688613928297, 0.2711038961038961] and parameters: {'psi': 0.21051423994884422}.
[I 2025-08-09 19:08:03,919] Trial 353 finished with values: [0.8862645580498653, 0.2711038961038961] and parameters: {'psi': 0.19769571182183399}.
[I 2025-08-09 19:08:10,046] Trial 354 finished with values: [0.8863585143712529, 0.2725060827250608] and parameters: {'psi': 0.11332067398620616}.
[I 2025-08-09 19:08:16,155] Trial 355 finished with values: [0.8863048022757354, 0.2682926829268293] and parameters: {'psi': 0.262038624488273}.
[I 2025-08-09 19:08:22,264] Trial 356 finished with values: [0.8855035038774715, 0.2574089754445385] and parameters: {'psi': 0.8092758320928443}.
[I 2025-08-09 19:08:28,380] Trial 357 finished with values: [0.8863599488189078, 0.2711038961038961] and parameters: {'psi': 0.12068331405203236}.
[I 2025-08-09 19:08:34,499] Trial 358 finished with values: [0.8832454441942484, 0.28641975308641976] and parameters: {'psi': 0.9793916932199809}.
[I 2025-08-09 19:08:40,599] Trial 359 finished with values: [0.8863476763223057, 0.26525630593978844] and parameters: {'psi': 0.29773865101526087}.
[I 2025-08-09 19:08:46,744] Trial 360 finished with values: [0.8839323852378121, 0.29484029484029484] and parameters: {'psi': 0.00998585766499216}.
[I 2025-08-09 19:08:52,838] Trial 361 finished with values: [0.886490483555492, 0.25510204081632654] and parameters: {'psi': 0.7687873098990672}.
[I 2025-08-09 19:08:58,952] Trial 362 finished with values: [0.8791439598915687, 0.2752902155887231] and parameters: {'psi': 0.9511266793307397}.
[I 2025-08-09 19:09:05,049] Trial 363 finished with values: [0.8871297690603029, 0.2478920741989882] and parameters: {'psi': 0.6585744948142499}.
[I 2025-08-09 19:09:11,161] Trial 364 finished with values: [0.8869797895888428, 0.2588042588042588] and parameters: {'psi': 0.5191262002503773}.
[I 2025-08-09 19:09:17,276] Trial 365 finished with values: [0.8859368664522859, 0.2576271186440678] and parameters: {'psi': 0.7971056016447812}.
[I 2025-08-09 19:09:23,383] Trial 366 finished with values: [0.8871323988810033, 0.2478920741989882] and parameters: {'psi': 0.6583367166974161}.
[I 2025-08-09 19:09:29,490] Trial 367 finished with values: [0.8863089462356268, 0.26807473598700243] and parameters: {'psi': 0.2668415928556198}.
[I 2025-08-09 19:09:35,619] Trial 368 finished with values: [0.8793235846145608, 0.2972749793559042] and parameters: {'psi': 0.006048463284983097}.
[I 2025-08-09 19:09:41,712] Trial 369 finished with values: [0.8865661108235132, 0.2626427406199021] and parameters: {'psi': 0.3996661811522101}.
[I 2025-08-09 19:09:47,820] Trial 370 finished with values: [0.8863526171975609, 0.26525630593978844] and parameters: {'psi': 0.3012802438237909}.
[I 2025-08-09 19:09:53,930] Trial 371 finished with values: [0.8862718099796754, 0.2696994313566206] and parameters: {'psi': 0.22514830114215145}.
[I 2025-08-09 19:10:00,041] Trial 372 finished with values: [0.8871603706102714, 0.24853064651553317] and parameters: {'psi': 0.6337860271926171}.
[I 2025-08-09 19:10:06,155] Trial 373 finished with values: [0.8782402578690611, 0.2687813021702838] and parameters: {'psi': 0.8938098677824665}.
[I 2025-08-09 19:10:12,268] Trial 374 finished with values: [0.8783520650945971, 0.2687813021702838] and parameters: {'psi': 0.8921207219290245}.
[I 2025-08-09 19:10:18,370] Trial 375 finished with values: [0.8866866841180505, 0.25361702127659574] and parameters: {'psi': 0.7534651417282272}.
[I 2025-08-09 19:10:24,487] Trial 376 finished with values: [0.886269578616657, 0.2696994313566206] and parameters: {'psi': 0.22046755842255872}.
[I 2025-08-09 19:10:30,611] Trial 377 finished with values: [0.8861718767930595, 0.2912621359223301] and parameters: {'psi': 0.020319352425613002}.
[I 2025-08-09 19:10:36,732] Trial 378 finished with values: [0.8843499688884242, 0.26013513513513514] and parameters: {'psi': 0.8285577438348259}.
[I 2025-08-09 19:10:42,844] Trial 379 finished with values: [0.8871560672673072, 0.24937238493723848] and parameters: {'psi': 0.6254381542023215}.
[I 2025-08-09 19:10:48,959] Trial 380 finished with values: [0.8809231531327061, 0.28194558944765047] and parameters: {'psi': 0.9652756366077582}.
[I 2025-08-09 19:10:55,073] Trial 381 finished with values: [0.8862982675697524, 0.2682926829268293] and parameters: {'psi': 0.2563694929572832}.
[I 2025-08-09 19:11:01,173] Trial 382 finished with values: [0.8867381648505497, 0.2595918367346939] and parameters: {'psi': 0.45466259405676357}.
[I 2025-08-09 19:11:07,290] Trial 383 finished with values: [0.8869721392013504, 0.2588042588042588] and parameters: {'psi': 0.5172587504105075}.
[I 2025-08-09 19:11:13,394] Trial 384 finished with values: [0.8865800568423791, 0.2553191489361702] and parameters: {'psi': 0.7627508571745942}.
[I 2025-08-09 19:11:19,497] Trial 385 finished with values: [0.886819131451508, 0.252129471890971] and parameters: {'psi': 0.7387672622679655}.
[I 2025-08-09 19:11:25,614] Trial 386 finished with values: [0.886275953939567, 0.2563667232597623] and parameters: {'psi': 0.7820022330110159}.
[I 2025-08-09 19:11:31,727] Trial 387 finished with values: [0.8863546094859703, 0.2725060827250608] and parameters: {'psi': 0.11041910141491884}.
[I 2025-08-09 19:11:37,831] Trial 388 finished with values: [0.8867685273259092, 0.2595918367346939] and parameters: {'psi': 0.4635685986317246}.
[I 2025-08-09 19:11:43,938] Trial 389 finished with values: [0.886274041342694, 0.2696994313566206] and parameters: {'psi': 0.22851451620690455}.
[I 2025-08-09 19:11:50,057] Trial 390 finished with values: [0.8863621801819263, 0.2824858757062147] and parameters: {'psi': 0.07661807371575435}.
[I 2025-08-09 19:11:56,174] Trial 391 finished with values: [0.8832593105215778, 0.26182432432432434] and parameters: {'psi': 0.8410088629780673}.
[I 2025-08-09 19:12:02,280] Trial 392 finished with values: [0.8820489554670944, 0.26138279932546377] and parameters: {'psi': 0.8527282331669318}.
[I 2025-08-09 19:12:08,427] Trial 393 finished with values: [0.8840689765311615, 0.2945990180032733] and parameters: {'psi': 0.010208255010960343}.
[I 2025-08-09 19:12:14,543] Trial 394 finished with values: [0.8865685015696045, 0.2626427406199021] and parameters: {'psi': 0.400606341835661}.
[I 2025-08-09 19:12:20,653] Trial 395 finished with values: [0.88636297709729, 0.26525630593978844] and parameters: {'psi': 0.3094385254305352}.
[I 2025-08-09 19:12:26,759] Trial 396 finished with values: [0.8786400703070609, 0.26755852842809363] and parameters: {'psi': 0.88783580568846}.
[I 2025-08-09 19:12:32,860] Trial 397 finished with values: [0.8871568641826709, 0.24958123953098826] and parameters: {'psi': 0.6256205406680866}.
[I 2025-08-09 19:12:38,963] Trial 398 finished with values: [0.8779273888972476, 0.27483443708609273] and parameters: {'psi': 0.9348756708167982}.
[I 2025-08-09 19:12:45,062] Trial 399 finished with values: [0.8868793782530086, 0.25795918367346937] and parameters: {'psi': 0.4929685704980744}.
[I 2025-08-09 19:12:51,171] Trial 400 finished with values: [0.886331419248885, 0.26666666666666666] and parameters: {'psi': 0.2860022501665046}.
[I 2025-08-09 19:12:57,280] Trial 401 finished with values: [0.8841572747534664, 0.26013513513513514] and parameters: {'psi': 0.8310001344177007}.
[I 2025-08-09 19:13:03,416] Trial 402 finished with values: [0.863458274786618, 0.3005008347245409] and parameters: {'psi': 0.0024062383139350496}.
[I 2025-08-09 19:13:09,621] Trial 403 finished with values: [0.8862974706543887, 0.29079159935379645] and parameters: {'psi': 0.022970066564117375}.
[I 2025-08-09 19:13:15,712] Trial 404 finished with values: [0.8869732548828597, 0.2497875955819881] and parameters: {'psi': 0.711980666080976}.
[I 2025-08-09 19:13:21,809] Trial 405 finished with values: [0.8865764707232421, 0.2626427406199021] and parameters: {'psi': 0.40292578642054644}.
[I 2025-08-09 19:13:27,920] Trial 406 finished with values: [0.8782050342099829, 0.2746071133167907] and parameters: {'psi': 0.939650495295574}.
[I 2025-08-09 19:13:34,021] Trial 407 finished with values: [0.8788534045499404, 0.26778242677824265] and parameters: {'psi': 0.8850275289240447}.
[I 2025-08-09 19:13:40,119] Trial 408 finished with values: [0.8863984398309774, 0.26688364524003255] and parameters: {'psi': 0.33163781666626746}.
[I 2025-08-09 19:13:46,211] Trial 409 finished with values: [0.8865523241877201, 0.2642740619902121] and parameters: {'psi': 0.3942673886261848}.
[I 2025-08-09 19:13:52,313] Trial 410 finished with values: [0.8864336634900557, 0.2671009771986971] and parameters: {'psi': 0.34729336379686404}.
[I 2025-08-09 19:13:58,413] Trial 411 finished with values: [0.8862697379997295, 0.2711038961038961] and parameters: {'psi': 0.21456568121630015}.
[I 2025-08-09 19:14:04,521] Trial 412 finished with values: [0.887156067267307, 0.2531223980016653] and parameters: {'psi': 0.6031612468282516}.
[I 2025-08-09 19:14:10,626] Trial 413 finished with values: [0.8789656102331582, 0.2663316582914573] and parameters: {'psi': 0.8836278565199183}.
[I 2025-08-09 19:14:16,727] Trial 414 finished with values: [0.8792504277841673, 0.26487845766974016] and parameters: {'psi': 0.8802760170659697}.
[I 2025-08-09 19:14:22,832] Trial 415 finished with values: [0.8863483138545968, 0.2783171521035599] and parameters: {'psi': 0.09435050413815038}.
[I 2025-08-09 19:14:28,931] Trial 416 finished with values: [0.88380950088872, 0.26013513513513514] and parameters: {'psi': 0.8349896133928462}.
[I 2025-08-09 19:14:35,037] Trial 417 finished with values: [0.886931815283944, 0.2502127659574468] and parameters: {'psi': 0.7202330639565352}.
[I 2025-08-09 19:14:41,145] Trial 418 finished with values: [0.8864325478085465, 0.2671009771986971] and parameters: {'psi': 0.34601923508005106}.
[I 2025-08-09 19:14:47,240] Trial 419 finished with values: [0.8863915863588491, 0.28917609046849757] and parameters: {'psi': 0.02640914251451587}.
[I 2025-08-09 19:14:53,332] Trial 420 finished with values: [0.8866116146907842, 0.26101141924959215] and parameters: {'psi': 0.41477525189667575}.
[I 2025-08-09 19:14:59,428] Trial 421 finished with values: [0.8832181099972714, 0.26182432432432434] and parameters: {'psi': 0.8414894162908512}.
[I 2025-08-09 19:15:05,527] Trial 422 finished with values: [0.8870890466852146, 0.2573770491803279] and parameters: {'psi': 0.5480922927592471}.
[I 2025-08-09 19:15:11,654] Trial 423 finished with values: [0.8853540025552293, 0.2938775510204082] and parameters: {'psi': 0.013808000352525052}.
[I 2025-08-09 19:15:17,750] Trial 424 finished with values: [0.8827883335415938, 0.28665568369028005] and parameters: {'psi': 0.97678587245958}.
[I 2025-08-09 19:15:23,856] Trial 425 finished with values: [0.8870538230261364, 0.24915254237288137] and parameters: {'psi': 0.6921603339345064}.
[I 2025-08-09 19:15:29,957] Trial 426 finished with values: [0.886830128883528, 0.252129471890971] and parameters: {'psi': 0.73738965454532}.
[I 2025-08-09 19:15:36,048] Trial 427 finished with values: [0.8864258537194909, 0.2671009771986971] and parameters: {'psi': 0.34386720134158544}.
[I 2025-08-09 19:15:42,151] Trial 428 finished with values: [0.8862887842769237, 0.2708840227088402] and parameters: {'psi': 0.16452631581107546}.
[I 2025-08-09 19:15:48,253] Trial 429 finished with values: [0.8862704552235572, 0.2711038961038961] and parameters: {'psi': 0.18097296354499648}.
[I 2025-08-09 19:15:54,352] Trial 430 finished with values: [0.886348792003815, 0.26525630593978844] and parameters: {'psi': 0.2985931827805802}.
[I 2025-08-09 19:16:00,440] Trial 431 finished with values: [0.8864342213308103, 0.28802588996763756] and parameters: {'psi': 0.03639527582901325}.
[I 2025-08-09 19:16:06,528] Trial 432 finished with values: [0.8871104040169635, 0.2483108108108108] and parameters: {'psi': 0.6686416116889722}.
[I 2025-08-09 19:16:12,641] Trial 433 finished with values: [0.8863638537041902, 0.26525630593978844] and parameters: {'psi': 0.30984419740187896}.
[I 2025-08-09 19:16:18,738] Trial 434 finished with values: [0.8870835479692047, 0.2470389170896785] and parameters: {'psi': 0.6813394090225569}.
[I 2025-08-09 19:16:24,839] Trial 435 finished with values: [0.887133992711731, 0.2584362139917695] and parameters: {'psi': 0.5697675782181284}.
[I 2025-08-09 19:16:30,946] Trial 436 finished with values: [0.8793573738259842, 0.26487845766974016] and parameters: {'psi': 0.8791916895971068}.
[I 2025-08-09 19:16:37,053] Trial 437 finished with values: [0.8870756585071035, 0.2489415749364945] and parameters: {'psi': 0.6841619460875977}.
[I 2025-08-09 19:16:43,151] Trial 438 finished with values: [0.8869097407283678, 0.2581699346405229] and parameters: {'psi': 0.49906078767359485}.
[I 2025-08-09 19:16:49,240] Trial 439 finished with values: [0.8863553267097979, 0.26525630593978844] and parameters: {'psi': 0.3026229544451645}.
[I 2025-08-09 19:16:55,349] Trial 440 finished with values: [0.886069074711134, 0.2578456318914334] and parameters: {'psi': 0.7922344823057502}.
[I 2025-08-09 19:17:01,453] Trial 441 finished with values: [0.8871036302363715, 0.2483108108108108] and parameters: {'psi': 0.6697618049648089}.
[I 2025-08-09 19:17:07,547] Trial 442 finished with values: [0.8870618718713102, 0.24915254237288137] and parameters: {'psi': 0.6885340535199153}.
[I 2025-08-09 19:17:13,643] Trial 443 finished with values: [0.8866639720301834, 0.2595918367346939] and parameters: {'psi': 0.43275256902606973}.
[I 2025-08-09 19:17:19,744] Trial 444 finished with values: [0.8866513010758995, 0.2595918367346939] and parameters: {'psi': 0.4290723738238935}.
[I 2025-08-09 19:17:25,854] Trial 445 finished with values: [0.8866465195837169, 0.25383304940374785] and parameters: {'psi': 0.7572304412252798}.
[I 2025-08-09 19:17:31,951] Trial 446 finished with values: [0.8865004449975391, 0.2656886715566422] and parameters: {'psi': 0.3751535254000661}.
[I 2025-08-09 19:17:38,062] Trial 447 finished with values: [0.8780031755483415, 0.2687813021702838] and parameters: {'psi': 0.8978859478035005}.
[I 2025-08-09 19:17:44,164] Trial 448 finished with values: [0.8862836840185955, 0.2708840227088402] and parameters: {'psi': 0.1678454483231483}.
[I 2025-08-09 19:17:50,265] Trial 449 finished with values: [0.8869934965330994, 0.2588042588042588] and parameters: {'psi': 0.5233351673820117}.
[I 2025-08-09 19:17:56,370] Trial 450 finished with values: [0.8863773215738378, 0.26547231270358307] and parameters: {'psi': 0.31761335631524457}.
