[I 2025-08-09 18:58:47,338] Trial 299 finished with values: [0.9448970600694739, 0.2358642972536349] and parameters: {'psi': 0.1665405005090056}.
[I 2025-08-09 18:58:52,720] Trial 300 finished with values: [0.9429645005507074, 0.23452768729641693] and parameters: {'psi': 0.4632742340855889}.
[I 2025-08-09 18:58:58,111] Trial 301 finished with values: [0.9309891552995, 0.24027072758037224] and parameters: {'psi': 0.8783104725127701}.
[I 2025-08-09 18:59:03,461] Trial 302 finished with values: [0.9449783953232229, 0.23434991974317818] and parameters: {'psi': 0.0944167578130165}.
[I 2025-08-09 18:59:08,839] Trial 303 finished with values: [0.9445585867999661, 0.237012987012987] and parameters: {'psi': 0.22576391149115616}.
[I 2025-08-09 18:59:14,337] Trial 304 finished with values: [0.941504278573244, 0.23452768729641693] and parameters: {'psi': 0.5757277050610564}.
[I 2025-08-09 18:59:19,724] Trial 305 finished with values: [0.9380530373633821, 0.2360655737704918] and parameters: {'psi': 0.99138510491351}.
[I 2025-08-09 18:59:25,098] Trial 306 finished with values: [0.9431996102685759, 0.237012987012987] and parameters: {'psi': 0.43422876113235087}.
[I 2025-08-09 18:59:30,474] Trial 307 finished with values: [0.932957722612895, 0.24232081911262798] and parameters: {'psi': 0.834279215901659}.
[I 2025-08-09 18:59:35,842] Trial 308 finished with values: [0.9446098449546725, 0.2366288492706645] and parameters: {'psi': 0.21783313112393532}.
[I 2025-08-09 18:59:41,231] Trial 309 finished with values: [0.931257307464204, 0.23960066555740434] and parameters: {'psi': 0.9266580021874478}.
[I 2025-08-09 18:59:46,611] Trial 310 finished with values: [0.9445895111412352, 0.237012987012987] and parameters: {'psi': 0.22087237156044448}.
[I 2025-08-09 18:59:51,993] Trial 311 finished with values: [0.941396678810472, 0.23452768729641693] and parameters: {'psi': 0.5816098232083576}.
[I 2025-08-09 18:59:57,370] Trial 312 finished with values: [0.9448059815301193, 0.2358642972536349] and parameters: {'psi': 0.18598630336421507}.
[I 2025-08-09 19:00:02,757] Trial 313 finished with values: [0.9314725069897484, 0.24067796610169492] and parameters: {'psi': 0.8634224595916774}.
[I 2025-08-09 19:00:08,145] Trial 314 finished with values: [0.9360988731678388, 0.24232081911262798] and parameters: {'psi': 0.7718526955573389}.
[I 2025-08-09 19:00:13,516] Trial 315 finished with values: [0.9434139625518935, 0.23548387096774193] and parameters: {'psi': 0.032823694870636855}.
[I 2025-08-09 19:00:18,926] Trial 316 finished with values: [0.9414902990765059, 0.2347266881028939] and parameters: {'psi': 0.020114051028856883}.
[I 2025-08-09 19:00:24,318] Trial 317 finished with values: [0.9382614589511141, 0.2408026755852843] and parameters: {'psi': 0.7024007327639048}.
[I 2025-08-09 19:00:29,712] Trial 318 finished with values: [0.9405693467762434, 0.23452768729641693] and parameters: {'psi': 0.6182621368546103}.
[I 2025-08-09 19:00:35,098] Trial 319 finished with values: [0.9444374311615691, 0.23739837398373984] and parameters: {'psi': 0.24761923671566877}.
[I 2025-08-09 19:00:40,465] Trial 320 finished with values: [0.9436359400152503, 0.2366288492706645] and parameters: {'psi': 0.37004500059327927}.
[I 2025-08-09 19:00:45,825] Trial 321 finished with values: [0.9368516478861306, 0.24067796610169492] and parameters: {'psi': 0.747003965954134}.
[I 2025-08-09 19:00:51,222] Trial 322 finished with values: [0.9389489960179616, 0.23452768729641693] and parameters: {'psi': 0.998949266539491}.
[I 2025-08-09 19:00:56,624] Trial 323 finished with values: [0.9353859188341946, 0.2376237623762376] and parameters: {'psi': 0.9698133924872935}.
[I 2025-08-09 19:01:02,007] Trial 324 finished with values: [0.9383601626705075, 0.24040066777963273] and parameters: {'psi': 0.6992065436277453}.
[I 2025-08-09 19:01:07,377] Trial 325 finished with values: [0.9319024824197237, 0.23960066555740434] and parameters: {'psi': 0.9367023917454282}.
[I 2025-08-09 19:01:12,743] Trial 326 finished with values: [0.9305604507328644, 0.24120603015075376] and parameters: {'psi': 0.9046420113533822}.
[I 2025-08-09 19:01:18,134] Trial 327 finished with values: [0.9432449377276964, 0.237012987012987] and parameters: {'psi': 0.4286240597805461}.
[I 2025-08-09 19:01:23,517] Trial 328 finished with values: [0.937160467677709, 0.23225806451612904] and parameters: {'psi': 0.010731474784651862}.
[I 2025-08-09 19:01:28,874] Trial 329 finished with values: [0.9446835550283825, 0.23624595469255663] and parameters: {'psi': 0.20619618213517898}.
[I 2025-08-09 19:01:34,249] Trial 330 finished with values: [0.9447750571888502, 0.2347266881028939] and parameters: {'psi': 0.06782315003108474}.
[I 2025-08-09 19:01:39,628] Trial 331 finished with values: [0.9447890366855883, 0.2358642972536349] and parameters: {'psi': 0.18890526842670308}.
[I 2025-08-09 19:01:45,019] Trial 332 finished with values: [0.9403583834618316, 0.23491027732463296] and parameters: {'psi': 0.627742123059284}.
[I 2025-08-09 19:01:50,406] Trial 333 finished with values: [0.942816656782174, 0.23452768729641693] and parameters: {'psi': 0.48013809359664494}.
[I 2025-08-09 19:01:55,781] Trial 334 finished with values: [0.9382584936033213, 0.2408026755852843] and parameters: {'psi': 0.7025396991681897}.
[I 2025-08-09 19:02:01,154] Trial 335 finished with values: [0.9425629077353215, 0.23491027732463296] and parameters: {'psi': 0.5057544627116848}.
[I 2025-08-09 19:02:06,527] Trial 336 finished with values: [0.943060238922308, 0.2347266881028939] and parameters: {'psi': 0.02963182303275902}.
[I 2025-08-09 19:02:11,912] Trial 337 finished with values: [0.9400838769804287, 0.23529411764705882] and parameters: {'psi': 0.6387155399335094}.
[I 2025-08-09 19:02:17,281] Trial 338 finished with values: [0.9441328475811235, 0.23817292006525284] and parameters: {'psi': 0.3017996283195288}.
[I 2025-08-09 19:02:22,639] Trial 339 finished with values: [0.944573837160044, 0.23510466988727857] and parameters: {'psi': 0.05723315206891777}.
[I 2025-08-09 19:02:28,021] Trial 340 finished with values: [0.9413843937981868, 0.23452768729641693] and parameters: {'psi': 0.5822661466409872}.
[I 2025-08-09 19:02:33,386] Trial 341 finished with values: [0.9440883673642293, 0.23548387096774193] and parameters: {'psi': 0.042398013483862296}.
[I 2025-08-09 19:02:38,773] Trial 342 finished with values: [0.9445704481911379, 0.237012987012987] and parameters: {'psi': 0.22376347105654326}.
[I 2025-08-09 19:02:44,136] Trial 343 finished with values: [0.9450029653477928, 0.2347266881028939] and parameters: {'psi': 0.12073969022526443}.
[I 2025-08-09 19:02:49,500] Trial 344 finished with values: [0.9366982970431246, 0.24067796610169492] and parameters: {'psi': 0.7514155658341265}.
[I 2025-08-09 19:02:54,851] Trial 345 finished with values: [0.9425052952639159, 0.23491027732463296] and parameters: {'psi': 0.511187972296264}.
[I 2025-08-09 19:03:00,217] Trial 346 finished with values: [0.9407345590104211, 0.23452768729641693] and parameters: {'psi': 0.6110936786685486}.
[I 2025-08-09 19:03:05,582] Trial 347 finished with values: [0.9445272388375836, 0.237012987012987] and parameters: {'psi': 0.23178736097566488}.
[I 2025-08-09 19:03:10,958] Trial 348 finished with values: [0.944648818097094, 0.23510466988727857] and parameters: {'psi': 0.060549186747872574}.
[I 2025-08-09 19:03:16,347] Trial 349 finished with values: [0.9423947301533508, 0.23452768729641693] and parameters: {'psi': 0.5200954987503551}.
[I 2025-08-09 19:03:21,740] Trial 350 finished with values: [0.9420931119206981, 0.23491027732463296] and parameters: {'psi': 0.5429749990145346}.
[I 2025-08-09 19:03:27,101] Trial 351 finished with values: [0.9437265949334914, 0.2366288492706645] and parameters: {'psi': 0.35663255851525677}.
[I 2025-08-09 19:03:32,484] Trial 352 finished with values: [0.9439456070490553, 0.23739837398373984] and parameters: {'psi': 0.32722015797255655}.
[I 2025-08-09 19:03:37,975] Trial 353 finished with values: [0.9439079047699738, 0.23739837398373984] and parameters: {'psi': 0.3319122141945089}.
[I 2025-08-09 19:03:43,361] Trial 354 finished with values: [0.9439977124459884, 0.23739837398373984] and parameters: {'psi': 0.3213561466056749}.
[I 2025-08-09 19:03:48,737] Trial 355 finished with values: [0.9448398712191816, 0.2358642972536349] and parameters: {'psi': 0.17956612386001858}.
[I 2025-08-09 19:03:54,121] Trial 356 finished with values: [0.9435719732271456, 0.237012987012987] and parameters: {'psi': 0.37859413864091795}.
[I 2025-08-09 19:03:59,489] Trial 357 finished with values: [0.9407133779547572, 0.23452768729641693] and parameters: {'psi': 0.612029892224194}.
[I 2025-08-09 19:04:04,878] Trial 358 finished with values: [0.9372579005337626, 0.24324324324324326] and parameters: {'psi': 0.7345793015636393}.
[I 2025-08-09 19:04:10,240] Trial 359 finished with values: [0.9435973904939422, 0.2366288492706645] and parameters: {'psi': 0.37474233608226015}.
[I 2025-08-09 19:04:15,631] Trial 360 finished with values: [0.9446005252901803, 0.237012987012987] and parameters: {'psi': 0.21901764452565442}.
[I 2025-08-09 19:04:21,016] Trial 361 finished with values: [0.930849360332119, 0.24027072758037224] and parameters: {'psi': 0.8836720779049446}.
[I 2025-08-09 19:04:26,402] Trial 362 finished with values: [0.9446509362026603, 0.23624595469255663] and parameters: {'psi': 0.21085052967561801}.
[I 2025-08-09 19:04:31,768] Trial 363 finished with values: [0.9431763111073456, 0.237012987012987] and parameters: {'psi': 0.4372535571821268}.
[I 2025-08-09 19:04:37,159] Trial 364 finished with values: [0.9449322206218759, 0.2358642972536349] and parameters: {'psi': 0.154582225113985}.
[I 2025-08-09 19:04:42,543] Trial 365 finished with values: [0.9365555367279506, 0.24108658743633277] and parameters: {'psi': 0.7565818462945357}.
[I 2025-08-09 19:04:47,927] Trial 366 finished with values: [0.9425404558163178, 0.23491027732463296] and parameters: {'psi': 0.5077019297584743}.
[I 2025-08-09 19:04:53,299] Trial 367 finished with values: [0.9429721257307465, 0.23452768729641693] and parameters: {'psi': 0.4624377531733287}.
[I 2025-08-09 19:04:58,673] Trial 368 finished with values: [0.9401203083961703, 0.23529411764705882] and parameters: {'psi': 0.6373386301699037}.
[I 2025-08-09 19:05:04,020] Trial 369 finished with values: [0.9444090485469796, 0.2347266881028939] and parameters: {'psi': 0.05108008631121108}.
[I 2025-08-09 19:05:09,388] Trial 370 finished with values: [0.9316525459628907, 0.23960066555740434] and parameters: {'psi': 0.9328184644485765}.
[I 2025-08-09 19:05:14,771] Trial 371 finished with values: [0.944544607303228, 0.237012987012987] and parameters: {'psi': 0.22831850314441637}.
[I 2025-08-09 19:05:20,151] Trial 372 finished with values: [0.9412132508684233, 0.23452768729641693] and parameters: {'psi': 0.5901861244849522}.
[I 2025-08-09 19:05:25,534] Trial 373 finished with values: [0.9450038125900195, 0.2347266881028939] and parameters: {'psi': 0.12175225579498339}.
[I 2025-08-09 19:05:30,919] Trial 374 finished with values: [0.9375226637295603, 0.24242424242424243] and parameters: {'psi': 0.7261235461289955}.
[I 2025-08-09 19:05:36,303] Trial 375 finished with values: [0.9446649156993984, 0.23624595469255663] and parameters: {'psi': 0.20861463531397395}.
[I 2025-08-09 19:05:41,692] Trial 376 finished with values: [0.9420227908158942, 0.23491027732463296] and parameters: {'psi': 0.54732559896499}.
[I 2025-08-09 19:05:47,073] Trial 377 finished with values: [0.9447136321274253, 0.23434991974317818] and parameters: {'psi': 0.06396115351868614}.
[I 2025-08-09 19:05:52,455] Trial 378 finished with values: [0.9358586799966109, 0.24356775300171526] and parameters: {'psi': 0.7796782527483741}.
[I 2025-08-09 19:05:57,808] Trial 379 finished with values: [0.9447898839278149, 0.23434991974317818] and parameters: {'psi': 0.06904830952392249}.
[I 2025-08-09 19:06:03,176] Trial 380 finished with values: [0.9423578751164957, 0.23491027732463296] and parameters: {'psi': 0.5227287315237855}.
[I 2025-08-09 19:06:08,543] Trial 381 finished with values: [0.9437837837837838, 0.237012987012987] and parameters: {'psi': 0.34882832500783656}.
[I 2025-08-09 19:06:13,938] Trial 382 finished with values: [0.9340379564517495, 0.24315068493150685] and parameters: {'psi': 0.8180331178717507}.
[I 2025-08-09 19:06:19,330] Trial 383 finished with values: [0.9432466322121494, 0.237012987012987] and parameters: {'psi': 0.4278130435986578}.
[I 2025-08-09 19:06:24,707] Trial 384 finished with values: [0.9425451156485639, 0.23491027732463296] and parameters: {'psi': 0.5074142671926966}.
[I 2025-08-09 19:06:30,077] Trial 385 finished with values: [0.9434834364144709, 0.237012987012987] and parameters: {'psi': 0.3933828708277576}.
[I 2025-08-09 19:06:35,475] Trial 386 finished with values: [0.9445564686943998, 0.237012987012987] and parameters: {'psi': 0.22611037303084824}.
[I 2025-08-09 19:06:40,860] Trial 387 finished with values: [0.9446772007116835, 0.23624595469255663] and parameters: {'psi': 0.20714929123950765}.
[I 2025-08-09 19:06:46,249] Trial 388 finished with values: [0.9425019062950096, 0.23491027732463296] and parameters: {'psi': 0.5113266391894564}.
[I 2025-08-09 19:06:51,636] Trial 389 finished with values: [0.9449652630687113, 0.2358642972536349] and parameters: {'psi': 0.14326161785081915}.
[I 2025-08-09 19:06:57,028] Trial 390 finished with values: [0.9439218842667119, 0.23739837398373984] and parameters: {'psi': 0.3304283133146967}.
[I 2025-08-09 19:07:02,421] Trial 391 finished with values: [0.9437448106413623, 0.2366288492706645] and parameters: {'psi': 0.3544069197641553}.
[I 2025-08-09 19:07:07,817] Trial 392 finished with values: [0.937073201728374, 0.2440677966101695] and parameters: {'psi': 0.7399156674848676}.
[I 2025-08-09 19:07:13,187] Trial 393 finished with values: [0.9321748707955604, 0.24149659863945577] and parameters: {'psi': 0.8470026551455893}.
[I 2025-08-09 19:07:18,564] Trial 394 finished with values: [0.9374019317122765, 0.2360655737704918] and parameters: {'psi': 0.9858407320143805}.
[I 2025-08-09 19:07:23,949] Trial 395 finished with values: [0.9431301364059985, 0.2366288492706645] and parameters: {'psi': 0.44268005262192145}.
[I 2025-08-09 19:07:29,304] Trial 396 finished with values: [0.944100228755401, 0.23548387096774193] and parameters: {'psi': 0.04260760097699634}.
[I 2025-08-09 19:07:34,694] Trial 397 finished with values: [0.9314081165805304, 0.23960066555740434] and parameters: {'psi': 0.9290745759673672}.
[I 2025-08-09 19:07:40,092] Trial 398 finished with values: [0.9347640430399051, 0.24356775300171526] and parameters: {'psi': 0.8048318411666976}.
[I 2025-08-09 19:07:45,486] Trial 399 finished with values: [0.9440112683216132, 0.23739837398373984] and parameters: {'psi': 0.3186704212347906}.
[I 2025-08-09 19:07:50,853] Trial 400 finished with values: [0.9361497077014319, 0.24190800681431004] and parameters: {'psi': 0.7700066412304576}.
[I 2025-08-09 19:07:56,226] Trial 401 finished with values: [0.9426899940693044, 0.23491027732463296] and parameters: {'psi': 0.49377114287422463}.
[I 2025-08-09 19:08:01,605] Trial 402 finished with values: [0.9335554520037278, 0.24273504273504273] and parameters: {'psi': 0.8256654557417725}.
[I 2025-08-09 19:08:07,074] Trial 403 finished with values: [0.9428251292044395, 0.23452768729641693] and parameters: {'psi': 0.4791472370421509}.
[I 2025-08-09 19:08:12,453] Trial 404 finished with values: [0.935512157925951, 0.24398625429553264] and parameters: {'psi': 0.7880393577203665}.
[I 2025-08-09 19:08:17,821] Trial 405 finished with values: [0.9425951029399304, 0.23491027732463296] and parameters: {'psi': 0.5027356590908484}.
[I 2025-08-09 19:08:23,222] Trial 406 finished with values: [0.944302296026434, 0.23739837398373984] and parameters: {'psi': 0.2685826774567842}.
[I 2025-08-09 19:08:28,574] Trial 407 finished with values: [0.9446539015504533, 0.23624595469255663] and parameters: {'psi': 0.21052718911122037}.
[I 2025-08-09 19:08:33,954] Trial 408 finished with values: [0.9418880793018725, 0.23452768729641693] and parameters: {'psi': 0.5558423401484989}.
[I 2025-08-09 19:08:39,348] Trial 409 finished with values: [0.9361963060238923, 0.24190800681431004] and parameters: {'psi': 0.7685676220936684}.
[I 2025-08-09 19:08:44,741] Trial 410 finished with values: [0.9431089553503346, 0.2366288492706645] and parameters: {'psi': 0.4445028922162857}.
[I 2025-08-09 19:08:50,112] Trial 411 finished with values: [0.9443459290011015, 0.23739837398373984] and parameters: {'psi': 0.261305387878099}.
[I 2025-08-09 19:08:55,484] Trial 412 finished with values: [0.9424726764381937, 0.23491027732463296] and parameters: {'psi': 0.5139406473782623}.
[I 2025-08-09 19:09:00,870] Trial 413 finished with values: [0.93064390409218, 0.24242424242424243] and parameters: {'psi': 0.8928391775602665}.
[I 2025-08-09 19:09:06,256] Trial 414 finished with values: [0.9388608828264001, 0.23801652892561984] and parameters: {'psi': 0.6826549288443828}.
[I 2025-08-09 19:09:11,644] Trial 415 finished with values: [0.9314021858849444, 0.23960066555740434] and parameters: {'psi': 0.9289706095772213}.
[I 2025-08-09 19:09:17,042] Trial 416 finished with values: [0.9380005083453359, 0.23567921440261866] and parameters: {'psi': 0.9909612088216708}.
[I 2025-08-09 19:09:22,427] Trial 417 finished with values: [0.9324180293145811, 0.24149659863945577] and parameters: {'psi': 0.8426655114681668}.
[I 2025-08-09 19:09:27,809] Trial 418 finished with values: [0.9423642294331949, 0.23491027732463296] and parameters: {'psi': 0.522053786095989}.
[I 2025-08-09 19:09:33,185] Trial 419 finished with values: [0.9448686774548843, 0.2358642972536349] and parameters: {'psi': 0.17430526713356453}.
[I 2025-08-09 19:09:38,559] Trial 420 finished with values: [0.9373028043717699, 0.24324324324324326] and parameters: {'psi': 0.7329392876210438}.
[I 2025-08-09 19:09:43,926] Trial 421 finished with values: [0.9449911039566212, 0.2347266881028939] and parameters: {'psi': 0.11078467507156209}.
[I 2025-08-09 19:09:49,329] Trial 422 finished with values: [0.9432093535541811, 0.237012987012987] and parameters: {'psi': 0.43313060327680863}.
[I 2025-08-09 19:09:54,697] Trial 423 finished with values: [0.9320066932135898, 0.24108658743633277] and parameters: {'psi': 0.8504212346032812}.
[I 2025-08-09 19:10:00,096] Trial 424 finished with values: [0.9379526391595358, 0.24201680672268908] and parameters: {'psi': 0.7120379860994248}.
[I 2025-08-09 19:10:05,495] Trial 425 finished with values: [0.944190460052529, 0.23739837398373984] and parameters: {'psi': 0.29001890348951886}.
[I 2025-08-09 19:10:10,889] Trial 426 finished with values: [0.9384982631534357, 0.23960066555740434] and parameters: {'psi': 0.6949421780652442}.
[I 2025-08-09 19:10:16,277] Trial 427 finished with values: [0.9438680843853258, 0.237012987012987] and parameters: {'psi': 0.3387662593311649}.
[I 2025-08-09 19:10:21,668] Trial 428 finished with values: [0.9438079301872405, 0.237012987012987] and parameters: {'psi': 0.3461823129870656}.
[I 2025-08-09 19:10:27,030] Trial 429 finished with values: [0.9434643734643734, 0.237012987012987] and parameters: {'psi': 0.3957485187430251}.
[I 2025-08-09 19:10:32,397] Trial 430 finished with values: [0.9376933830382107, 0.2360655737704918] and parameters: {'psi': 0.988305671182495}.
[I 2025-08-09 19:10:37,759] Trial 431 finished with values: [0.9306451749555198, 0.24242424242424243] and parameters: {'psi': 0.892881875947926}.
[I 2025-08-09 19:10:43,138] Trial 432 finished with values: [0.94457976785563, 0.23510466988727857] and parameters: {'psi': 0.057361213631834884}.
[I 2025-08-09 19:10:48,509] Trial 433 finished with values: [0.9375574006608488, 0.24242424242424243] and parameters: {'psi': 0.72490490687859}.
[I 2025-08-09 19:10:53,871] Trial 434 finished with values: [0.9426582224858087, 0.23491027732463296] and parameters: {'psi': 0.49702001986997935}.
[I 2025-08-09 19:10:59,264] Trial 435 finished with values: [0.9345954418368212, 0.24356775300171526] and parameters: {'psi': 0.8081588894418621}.
[I 2025-08-09 19:11:04,634] Trial 436 finished with values: [0.9356871134457342, 0.2376237623762376] and parameters: {'psi': 0.9722506775738687}.
[I 2025-08-09 19:11:10,022] Trial 437 finished with values: [0.9447386257731085, 0.2358642972536349] and parameters: {'psi': 0.19806950033469106}.
[I 2025-08-09 19:11:15,395] Trial 438 finished with values: [0.9428496992290095, 0.23452768729641693] and parameters: {'psi': 0.47651322004697017}.
[I 2025-08-09 19:11:20,781] Trial 439 finished with values: [0.9446030670168601, 0.237012987012987] and parameters: {'psi': 0.21868887183969965}.
[I 2025-08-09 19:11:26,175] Trial 440 finished with values: [0.9438219096839786, 0.237012987012987] and parameters: {'psi': 0.34430318895395284}.
[I 2025-08-09 19:11:31,558] Trial 441 finished with values: [0.944912734050665, 0.23434991974317818] and parameters: {'psi': 0.08218135130855897}.
[I 2025-08-09 19:11:36,939] Trial 442 finished with values: [0.9439244259933915, 0.23739837398373984] and parameters: {'psi': 0.3302584838320356}.
[I 2025-08-09 19:11:42,306] Trial 443 finished with values: [0.942663305939168, 0.23491027732463296] and parameters: {'psi': 0.4965395351434668}.
[I 2025-08-09 19:11:47,681] Trial 444 finished with values: [0.9432991612301956, 0.237012987012987] and parameters: {'psi': 0.42066675314753355}.
[I 2025-08-09 19:11:53,053] Trial 445 finished with values: [0.9369922900957384, 0.24067796610169492] and parameters: {'psi': 0.7424784535460378}.
[I 2025-08-09 19:11:58,428] Trial 446 finished with values: [0.9401957129543337, 0.23491027732463296] and parameters: {'psi': 0.6341343016369883}.
[I 2025-08-09 19:12:03,806] Trial 447 finished with values: [0.9312352791663135, 0.24027072758037224] and parameters: {'psi': 0.8706260624604052}.
[I 2025-08-09 19:12:09,190] Trial 448 finished with values: [0.9446615267304922, 0.23624595469255663] and parameters: {'psi': 0.20903429053580302}.
