[I 2025-08-09 19:10:16,633] Trial 455 finished with values: [0.776387161270096, 0.3365983971504898] and parameters: {'psi': 0.38081350154639304}.
[I 2025-08-09 19:10:21,646] Trial 456 finished with values: [0.7675620346326226, 0.3455031166518255] and parameters: {'psi': 0.924288059719213}.
[I 2025-08-09 19:10:26,655] Trial 457 finished with values: [0.7746250881517898, 0.34458259325044405] and parameters: {'psi': 0.9858771960832222}.
[I 2025-08-09 19:10:31,678] Trial 458 finished with values: [0.768899085895489, 0.33037300177619894] and parameters: {'psi': 0.0591024045677786}.
[I 2025-08-09 19:10:36,690] Trial 459 finished with values: [0.7773404253384691, 0.3375] and parameters: {'psi': 0.5319001742058398}.
[I 2025-08-09 19:10:41,707] Trial 460 finished with values: [0.7742549923622283, 0.3336291038154392] and parameters: {'psi': 0.18030262844823164}.
[I 2025-08-09 19:10:46,727] Trial 461 finished with values: [0.7774340189268697, 0.3375] and parameters: {'psi': 0.5812303905585282}.
[I 2025-08-09 19:10:51,734] Trial 462 finished with values: [0.7769287205136074, 0.33689839572192515] and parameters: {'psi': 0.45609651745157953}.
[I 2025-08-09 19:10:56,749] Trial 463 finished with values: [0.7768008449308269, 0.3365983971504898] and parameters: {'psi': 0.43717018922243467}.
[I 2025-08-09 19:11:01,766] Trial 464 finished with values: [0.7740386039858462, 0.3333333333333333] and parameters: {'psi': 0.1683020301069208}.
[I 2025-08-09 19:11:06,777] Trial 465 finished with values: [0.7774294194705256, 0.3378016085790885] and parameters: {'psi': 0.5648574298930574}.
[I 2025-08-09 19:11:11,788] Trial 466 finished with values: [0.7774108611989972, 0.3378016085790885] and parameters: {'psi': 0.55390600567653}.
[I 2025-08-09 19:11:16,802] Trial 467 finished with values: [0.7761479895401945, 0.33451957295373663] and parameters: {'psi': 0.35112681176791094}.
[I 2025-08-09 19:11:21,814] Trial 468 finished with values: [0.7745404260658251, 0.3339253996447602] and parameters: {'psi': 0.1998012116777952}.
[I 2025-08-09 19:11:26,840] Trial 469 finished with values: [0.7761324262634949, 0.33451957295373663] and parameters: {'psi': 0.3489143536541379}.
[I 2025-08-09 19:11:31,849] Trial 470 finished with values: [0.7767481116290194, 0.3365983971504898] and parameters: {'psi': 0.42954696299044337}.
[I 2025-08-09 19:11:36,865] Trial 471 finished with values: [0.7736286105866006, 0.3333333333333333] and parameters: {'psi': 0.14880364816267533}.
[I 2025-08-09 19:11:41,878] Trial 472 finished with values: [0.7695860628343496, 0.3448888888888889] and parameters: {'psi': 0.9532396859993816}.
[I 2025-08-09 19:11:46,891] Trial 473 finished with values: [0.7768035725154031, 0.3365983971504898] and parameters: {'psi': 0.437564590826238}.
[I 2025-08-09 19:11:51,907] Trial 474 finished with values: [0.7772600952985961, 0.3375] and parameters: {'psi': 0.5142180245253006}.
[I 2025-08-09 19:11:56,920] Trial 475 finished with values: [0.7772299849041564, 0.3389830508474576] and parameters: {'psi': 0.6292676658252722}.
[I 2025-08-09 19:12:01,935] Trial 476 finished with values: [0.775892291856684, 0.33451957295373663] and parameters: {'psi': 0.3201342774132907}.
[I 2025-08-09 19:12:06,947] Trial 477 finished with values: [0.7704148741711755, 0.3318544809228039] and parameters: {'psi': 0.07402676513535511}.
[I 2025-08-09 19:12:11,965] Trial 478 finished with values: [0.7763492424962811, 0.3365983971504898] and parameters: {'psi': 0.3759533298412002}.
[I 2025-08-09 19:12:16,974] Trial 479 finished with values: [0.7715119514733825, 0.3460514640638864] and parameters: {'psi': 0.9682407957142193}.
[I 2025-08-09 19:12:21,984] Trial 480 finished with values: [0.776919949457323, 0.33689839572192515] and parameters: {'psi': 0.45479222611935377}.
[I 2025-08-09 19:12:26,996] Trial 481 finished with values: [0.7749842736030461, 0.3392857142857143] and parameters: {'psi': 0.7620805909338915}.
[I 2025-08-09 19:12:32,014] Trial 482 finished with values: [0.7735929380589075, 0.3434704830053667] and parameters: {'psi': 0.8118237956266626}.
[I 2025-08-09 19:12:37,025] Trial 483 finished with values: [0.7749678011314876, 0.3392857142857143] and parameters: {'psi': 0.7626867971429847}.
[I 2025-08-09 19:12:42,045] Trial 484 finished with values: [0.7761857478678578, 0.33629893238434166] and parameters: {'psi': 0.3555973821008199}.
[I 2025-08-09 19:12:47,065] Trial 485 finished with values: [0.7751051965192597, 0.33451957295373663] and parameters: {'psi': 0.24423715599366036}.
[I 2025-08-09 19:12:52,082] Trial 486 finished with values: [0.7745479135528972, 0.3339253996447602] and parameters: {'psi': 0.20034359676481717}.
[I 2025-08-09 19:12:57,092] Trial 487 finished with values: [0.7774282428654143, 0.3378016085790885] and parameters: {'psi': 0.5620812477677496}.
[I 2025-08-09 19:13:02,102] Trial 488 finished with values: [0.7771628114487099, 0.33689839572192515] and parameters: {'psi': 0.4960697930495449}.
[I 2025-08-09 19:13:07,117] Trial 489 finished with values: [0.7762344165338261, 0.33868092691622104] and parameters: {'psi': 0.7043339735817986}.
[I 2025-08-09 19:13:12,129] Trial 490 finished with values: [0.7763909050136321, 0.33868092691622104] and parameters: {'psi': 0.695573164677248}.
[I 2025-08-09 19:13:17,147] Trial 491 finished with values: [0.7628375907363099, 0.3274336283185841] and parameters: {'psi': 0.032432005520068086}.
[I 2025-08-09 19:13:22,156] Trial 492 finished with values: [0.7770583075220044, 0.33689839572192515] and parameters: {'psi': 0.4785128899668434}.
[I 2025-08-09 19:13:27,178] Trial 493 finished with values: [0.7738182044556752, 0.3434704830053667] and parameters: {'psi': 0.8042948940189664}.
[I 2025-08-09 19:13:32,192] Trial 494 finished with values: [0.775491283441925, 0.336] and parameters: {'psi': 0.27994567039068696}.
[I 2025-08-09 19:13:37,203] Trial 495 finished with values: [0.7744184335086011, 0.3339253996447602] and parameters: {'psi': 0.19140837144520784}.
[I 2025-08-09 19:13:42,229] Trial 496 finished with values: [0.7737106520520903, 0.3333333333333333] and parameters: {'psi': 0.15233785592611093}.
[I 2025-08-09 19:13:47,246] Trial 497 finished with values: [0.7758609513750823, 0.3392857142857143] and parameters: {'psi': 0.7238850474631319}.
[I 2025-08-09 19:13:52,272] Trial 498 finished with values: [0.7749393486806139, 0.3342222222222222] and parameters: {'psi': 0.22979584392391816}.
[I 2025-08-09 19:13:57,287] Trial 499 finished with values: [0.7769442837903071, 0.33689839572192515] and parameters: {'psi': 0.4587238786017017}.
