[I 2025-08-09 18:31:52,886] A new study created in memory with name: no-name-2a36a4c4-17fe-4385-aced-46654f3fe2fd
Mode-0 approx rank: 3/38
Estimated noise variance from mode-0: 0.0
Mode-1 approx rank: 6/20
Estimated noise variance from mode-1: 0.0002148212453310628
Mode-2 approx rank: 5/24
Estimated noise variance from mode-2: 0.0003107699625255003
Mode-3 approx rank: 1/60
Estimated noise variance from mode-3: 9.002912592417965e-05
  0%|          | 0/500 [00:00<?, ?it/s]/mnt/ffs24/home/mondalra/Anomaly_Detection/src/proximal_ops/prox_overlapping_grouped_l21.py:405: UserWarning: Sparse CSR tensor support is in beta state. If you miss a functionality in the sparse tensor support, please submit a feature request to https://github.com/pytorch/pytorch/issues. (Triggered internally at /home/conda/feedstock_root/build_artifacts/libtorch_1742922447420/work/aten/src/ATen/SparseCsrTensorImpl.cpp:53.)
  G_ind = torch.sparse_csr_tensor(A_r.indptr, A_r.indices, A_r.data, device=device, dtype=dtype)
                                         0%|          | 0/500 [00:07<?, ?it/s]  0%|          | 1/500 [00:07<1:02:21,  7.50s/it]                                                   0%|          | 1/500 [00:13<1:02:21,  7.50s/it]  0%|          | 2/500 [00:13<54:27,  6.56s/it]                                                   0%|          | 2/500 [00:19<54:27,  6.56s/it]  1%|          | 3/500 [00:19<51:29,  6.22s/it]                                                 1%|          | 3/500 [00:25<51:29,  6.22s/it]  1%|          | 4/500 [00:25<50:02,  6.05s/it]                                                 1%|          | 4/500 [00:30<50:02,  6.05s/it]  1%|          | 5/500 [00:30<49:11,  5.96s/it]                                                 1%|          | 5/500 [00:36<49:11,  5.96s/it]  1%|          | 6/500 [00:36<48:40,  5.91s/it]                                                 1%|          | 6/500 [00:42<48:40,  5.91s/it]  1%|▏         | 7/500 [00:42<48:16,  5.87s/it]                                                 1%|▏         | 7/500 [00:48<48:16,  5.87s/it]  2%|▏         | 8/500 [00:48<48:00,  5.85s/it]                                                 2%|▏         | 8/500 [00:54<48:00,  5.85s/it]  2%|▏         | 9/500 [00:54<47:49,  5.84s/it]                                                 2%|▏         | 9/500 [00:59<47:49,  5.84s/it]  2%|▏         | 10/500 [00:59<47:37,  5.83s/it]                                                  2%|▏         | 10/500 [01:05<47:37,  5.83s/it]  2%|▏         | 11/500 [01:05<47:27,  5.82s/it]                                                  2%|▏         | 11/500 [01:11<47:27,  5.82s/it]  2%|▏         | 12/500 [01:11<47:18,  5.82s/it]                                                  2%|▏         | 12/500 [01:17<47:18,  5.82s/it]  3%|▎         | 13/500 [01:17<47:10,  5.81s/it]                                                  3%|▎         | 13/500 [01:23<47:10,  5.81s/it]  3%|▎         | 14/500 [01:23<47:01,  5.81s/it]                                                  3%|▎         | 14/500 [01:28<47:01,  5.81s/it]  3%|▎         | 15/500 [01:28<46:57,  5.81s/it]                                                  3%|▎         | 15/500 [01:34<46:57,  5.81s/it]  3%|▎         | 16/500 [01:34<46:50,  5.81s/it]                                                  3%|▎         | 16/500 [01:40<46:50,  5.81s/it]  3%|▎         | 17/500 [01:40<46:43,  5.80s/it]                                                  3%|▎         | 17/500 [01:46<46:43,  5.80s/it]  4%|▎         | 18/500 [01:46<46:37,  5.80s/it]                                                  4%|▎         | 18/500 [01:52<46:37,  5.80s/it]  4%|▍         | 19/500 [01:52<46:32,  5.80s/it]                                                  4%|▍         | 19/500 [01:57<46:32,  5.80s/it]  4%|▍         | 20/500 [01:57<46:26,  5.80s/it]                                                  4%|▍         | 20/500 [02:03<46:26,  5.80s/it]  4%|▍         | 21/500 [02:03<46:19,  5.80s/it]                                                  4%|▍         | 21/500 [02:09<46:19,  5.80s/it]  4%|▍         | 22/500 [02:09<46:15,  5.81s/it]                                                  4%|▍         | 22/500 [02:15<46:15,  5.81s/it]  5%|▍         | 23/500 [02:15<46:06,  5.80s/it]                                                  5%|▍         | 23/500 [02:21<46:06,  5.80s/it]  5%|▍         | 24/500 [02:21<46:02,  5.80s/it]                                                  5%|▍         | 24/500 [02:26<46:02,  5.80s/it]  5%|▌         | 25/500 [02:26<45:57,  5.81s/it]                                                  5%|▌         | 25/500 [02:32<45:57,  5.81s/it]  5%|▌         | 26/500 [02:32<45:50,  5.80s/it]                                                  5%|▌         | 26/500 [02:38<45:50,  5.80s/it]  5%|▌         | 27/500 [02:38<45:44,  5.80s/it]                                                  5%|▌         | 27/500 [02:44<45:44,  5.80s/it]  6%|▌         | 28/500 [02:44<45:39,  5.80s/it]                                                  6%|▌         | 28/500 [02:50<45:39,  5.80s/it]  6%|▌         | 29/500 [02:50<45:33,  5.80s/it]                                                  6%|▌         | 29/500 [02:55<45:33,  5.80s/it]  6%|▌         | 30/500 [02:55<45:27,  5.80s/it]                                                  6%|▌         | 30/500 [03:01<45:27,  5.80s/it]  6%|▌         | 31/500 [03:01<45:21,  5.80s/it]                                                  6%|▌         | 31/500 [03:07<45:21,  5.80s/it]  6%|▋         | 32/500 [03:07<45:15,  5.80s/it]                                                  6%|▋         | 32/500 [03:13<45:15,  5.80s/it]  7%|▋         | 33/500 [03:13<45:09,  5.80s/it]                                                  7%|▋         | 33/500 [03:19<45:09,  5.80s/it]  7%|▋         | 34/500 [03:19<45:05,  5.81s/it]                                                  7%|▋         | 34/500 [03:24<45:05,  5.81s/it]  7%|▋         | 35/500 [03:24<45:00,  5.81s/it]                                                  7%|▋         | 35/500 [03:30<45:00,  5.81s/it]  7%|▋         | 36/500 [03:30<44:54,  5.81s/it]                                                  7%|▋         | 36/500 [03:36<44:54,  5.81s/it]  7%|▋         | 37/500 [03:36<44:47,  5.81s/it]                                                  7%|▋         | 37/500 [03:42<44:47,  5.81s/it]  8%|▊         | 38/500 [03:42<44:41,  5.80s/it]                                                  8%|▊         | 38/500 [03:48<44:41,  5.80s/it]  8%|▊         | 39/500 [03:48<44:36,  5.81s/it]                                                  8%|▊         | 39/500 [03:53<44:36,  5.81s/it]  8%|▊         | 40/500 [03:53<44:30,  5.81s/it]                                                  8%|▊         | 40/500 [03:59<44:30,  5.81s/it]  8%|▊         | 41/500 [03:59<44:23,  5.80s/it]                                                  8%|▊         | 41/500 [04:05<44:23,  5.80s/it]  8%|▊         | 42/500 [04:05<44:19,  5.81s/it]                                                  8%|▊         | 42/500 [04:11<44:19,  5.81s/it]  9%|▊         | 43/500 [04:11<44:13,  5.81s/it]                                                  9%|▊         | 43/500 [04:17<44:13,  5.81s/it]  9%|▉         | 44/500 [04:17<44:08,  5.81s/it]                                                  9%|▉         | 44/500 [04:23<44:08,  5.81s/it]  9%|▉         | 45/500 [04:23<44:02,  5.81s/it]                                                  9%|▉         | 45/500 [04:28<44:02,  5.81s/it]  9%|▉         | 46/500 [04:28<43:57,  5.81s/it]                                                  9%|▉         | 46/500 [04:34<43:57,  5.81s/it]  9%|▉         | 47/500 [04:34<43:51,  5.81s/it]                                                  9%|▉         | 47/500 [04:40<43:51,  5.81s/it] 10%|▉         | 48/500 [04:40<43:45,  5.81s/it]                                                 10%|▉         | 48/500 [04:46<43:45,  5.81s/it] 10%|▉         | 49/500 [04:46<43:38,  5.81s/it]                                                 10%|▉         | 49/500 [04:52<43:38,  5.81s/it] 10%|█         | 50/500 [04:52<43:33,  5.81s/it]                                                 10%|█         | 50/500 [04:57<43:33,  5.81s/it] 10%|█         | 51/500 [04:57<43:28,  5.81s/it]                                                 10%|█         | 51/500 [05:03<43:28,  5.81s/it] 10%|█         | 52/500 [05:03<43:25,  5.81s/it]                                                 10%|█         | 52/500 [05:09<43:25,  5.81s/it] 11%|█         | 53/500 [05:09<43:19,  5.81s/it]                                                 11%|█         | 53/500 [05:15<43:19,  5.81s/it] 11%|█         | 54/500 [05:15<43:28,  5.85s/it]                                                 11%|█         | 54/500 [05:21<43:28,  5.85s/it] 11%|█         | 55/500 [05:21<43:18,  5.84s/it]                                                 11%|█         | 55/500 [05:27<43:18,  5.84s/it] 11%|█         | 56/500 [05:27<43:11,  5.84s/it]                                                 11%|█         | 56/500 [05:32<43:11,  5.84s/it] 11%|█▏        | 57/500 [05:32<43:03,  5.83s/it]                                                 11%|█▏        | 57/500 [05:38<43:03,  5.83s/it] 12%|█▏        | 58/500 [05:38<42:58,  5.83s/it]                                                 12%|█▏        | 58/500 [05:44<42:58,  5.83s/it] 12%|█▏        | 59/500 [05:44<42:48,  5.82s/it]                                                 12%|█▏        | 59/500 [05:50<42:48,  5.82s/it] 12%|█▏        | 60/500 [05:50<42:43,  5.83s/it]                                                 12%|█▏        | 60/500 [05:56<42:43,  5.83s/it] 12%|█▏        | 61/500 [05:56<42:38,  5.83s/it]                                                 12%|█▏        | 61/500 [06:02<42:38,  5.83s/it] 12%|█▏        | 62/500 [06:02<42:33,  5.83s/it]                                                 12%|█▏        | 62/500 [06:07<42:33,  5.83s/it] 13%|█▎        | 63/500 [06:07<42:26,  5.83s/it]                                                 13%|█▎        | 63/500 [06:13<42:26,  5.83s/it] 13%|█▎        | 64/500 [06:13<42:18,  5.82s/it]                                                 13%|█▎        | 64/500 [06:19<42:18,  5.82s/it] 13%|█▎        | 65/500 [06:19<42:09,  5.81s/it]                                                 13%|█▎        | 65/500 [06:25<42:09,  5.81s/it] 13%|█▎        | 66/500 [06:25<42:01,  5.81s/it]                                                 13%|█▎        | 66/500 [06:31<42:01,  5.81s/it] 13%|█▎        | 67/500 [06:31<41:55,  5.81s/it]                                                 13%|█▎        | 67/500 [06:36<41:55,  5.81s/it] 14%|█▎        | 68/500 [06:36<41:49,  5.81s/it]                                                 14%|█▎        | 68/500 [06:42<41:49,  5.81s/it] 14%|█▍        | 69/500 [06:42<41:44,  5.81s/it]                                                 14%|█▍        | 69/500 [06:48<41:44,  5.81s/it] 14%|█▍        | 70/500 [06:48<41:37,  5.81s/it]                                                 14%|█▍        | 70/500 [06:54<41:37,  5.81s/it] 14%|█▍        | 71/500 [06:54<41:33,  5.81s/it]                                                 14%|█▍        | 71/500 [07:00<41:33,  5.81s/it] 14%|█▍        | 72/500 [07:00<41:27,  5.81s/it]                                                 14%|█▍        | 72/500 [07:05<41:27,  5.81s/it] 15%|█▍        | 73/500 [07:05<41:18,  5.81s/it]                                                 15%|█▍        | 73/500 [07:11<41:18,  5.81s/it] 15%|█▍        | 74/500 [07:11<41:16,  5.81s/it]                                                 15%|█▍        | 74/500 [07:17<41:16,  5.81s/it] 15%|█▌        | 75/500 [07:17<41:14,  5.82s/it]                                                 15%|█▌        | 75/500 [07:23<41:14,  5.82s/it] 15%|█▌        | 76/500 [07:23<41:07,  5.82s/it]                                                 15%|█▌        | 76/500 [07:29<41:07,  5.82s/it] 15%|█▌        | 77/500 [07:29<40:58,  5.81s/it]                                                 15%|█▌        | 77/500 [07:35<40:58,  5.81s/it] 16%|█▌        | 78/500 [07:35<40:51,  5.81s/it]                                                 16%|█▌        | 78/500 [07:40<40:51,  5.81s/it] 16%|█▌        | 79/500 [07:40<40:44,  5.81s/it]                                                 16%|█▌        | 79/500 [07:46<40:44,  5.81s/it] 16%|█▌        | 80/500 [07:46<40:39,  5.81s/it]                                                 16%|█▌        | 80/500 [07:52<40:39,  5.81s/it] 16%|█▌        | 81/500 [07:52<40:35,  5.81s/it]                                                 16%|█▌        | 81/500 [07:58<40:35,  5.81s/it] 16%|█▋        | 82/500 [07:58<40:30,  5.81s/it]                                                 16%|█▋        | 82/500 [08:04<40:30,  5.81s/it] 17%|█▋        | 83/500 [08:04<40:21,  5.81s/it]                                                 17%|█▋        | 83/500 [08:09<40:21,  5.81s/it] 17%|█▋        | 84/500 [08:09<40:16,  5.81s/it]                                                 17%|█▋        | 84/500 [08:15<40:16,  5.81s/it] 17%|█▋        | 85/500 [08:15<40:11,  5.81s/it]                                                 17%|█▋        | 85/500 [08:21<40:11,  5.81s/it] 17%|█▋        | 86/500 [08:21<40:04,  5.81s/it]                                                 17%|█▋        | 86/500 [08:27<40:04,  5.81s/it] 17%|█▋        | 87/500 [08:27<40:00,  5.81s/it]                                                 17%|█▋        | 87/500 [08:33<40:00,  5.81s/it] 18%|█▊        | 88/500 [08:33<39:53,  5.81s/it]                                                 18%|█▊        | 88/500 [08:38<39:53,  5.81s/it] 18%|█▊        | 89/500 [08:38<39:46,  5.81s/it]                                                 18%|█▊        | 89/500 [08:44<39:46,  5.81s/it] 18%|█▊        | 90/500 [08:44<39:41,  5.81s/it]                                                 18%|█▊        | 90/500 [08:50<39:41,  5.81s/it] 18%|█▊        | 91/500 [08:50<39:37,  5.81s/it]                                                 18%|█▊        | 91/500 [08:56<39:37,  5.81s/it] 18%|█▊        | 92/500 [08:56<39:33,  5.82s/it]                                                 18%|█▊        | 92/500 [09:02<39:33,  5.82s/it] 19%|█▊        | 93/500 [09:02<39:25,  5.81s/it]                                                 19%|█▊        | 93/500 [09:07<39:25,  5.81s/it] 19%|█▉        | 94/500 [09:07<39:17,  5.81s/it]                                                 19%|█▉        | 94/500 [09:13<39:17,  5.81s/it] 19%|█▉        | 95/500 [09:13<39:13,  5.81s/it]                                                 19%|█▉        | 95/500 [09:19<39:13,  5.81s/it] 19%|█▉        | 96/500 [09:19<39:09,  5.82s/it]                                                 19%|█▉        | 96/500 [09:25<39:09,  5.82s/it] 19%|█▉        | 97/500 [09:25<39:01,  5.81s/it]                                                 19%|█▉        | 97/500 [09:31<39:01,  5.81s/it] 20%|█▉        | 98/500 [09:31<38:54,  5.81s/it]                                                 20%|█▉        | 98/500 [09:37<38:54,  5.81s/it] 20%|█▉        | 99/500 [09:37<38:50,  5.81s/it]                                                 20%|█▉        | 99/500 [09:42<38:50,  5.81s/it] 20%|██        | 100/500 [09:42<38:46,  5.82s/it]                                                  20%|██        | 100/500 [09:48<38:46,  5.82s/it] 20%|██        | 101/500 [09:48<38:39,  5.81s/it]                                                  20%|██        | 101/500 [09:54<38:39,  5.81s/it] 20%|██        | 102/500 [09:54<38:33,  5.81s/it]                                                  20%|██        | 102/500 [10:00<38:33,  5.81s/it] 21%|██        | 103/500 [10:00<38:38,  5.84s/it]                                                  21%|██        | 103/500 [10:06<38:38,  5.84s/it] 21%|██        | 104/500 [10:06<38:26,  5.82s/it]                                                  21%|██        | 104/500 [10:11<38:26,  5.82s/it] 21%|██        | 105/500 [10:11<38:19,  5.82s/it]                                                  21%|██        | 105/500 [10:17<38:19,  5.82s/it] 21%|██        | 106/500 [10:17<38:10,  5.81s/it]                                                  21%|██        | 106/500 [10:23<38:10,  5.81s/it] 21%|██▏       | 107/500 [10:23<38:02,  5.81s/it]                                                  21%|██▏       | 107/500 [10:29<38:02,  5.81s/it] 22%|██▏       | 108/500 [10:29<37:56,  5.81s/it]                                                  22%|██▏       | 108/500 [10:35<37:56,  5.81s/it] 22%|██▏       | 109/500 [10:35<37:52,  5.81s/it]                                                  22%|██▏       | 109/500 [10:41<37:52,  5.81s/it] 22%|██▏       | 110/500 [10:41<37:45,  5.81s/it]                                                  22%|██▏       | 110/500 [10:46<37:45,  5.81s/it] 22%|██▏       | 111/500 [10:46<37:38,  5.81s/it]                                                  22%|██▏       | 111/500 [10:52<37:38,  5.81s/it] 22%|██▏       | 112/500 [10:52<37:30,  5.80s/it]                                                  22%|██▏       | 112/500 [10:58<37:30,  5.80s/it] 23%|██▎       | 113/500 [10:58<37:26,  5.80s/it]                                                  23%|██▎       | 113/500 [11:04<37:26,  5.80s/it] 23%|██▎       | 114/500 [11:04<37:20,  5.80s/it]                                                  23%|██▎       | 114/500 [11:10<37:20,  5.80s/it] 23%|██▎       | 115/500 [11:10<37:14,  5.80s/it]                                                  23%|██▎       | 115/500 [11:15<37:14,  5.80s/it] 23%|██▎       | 116/500 [11:15<37:08,  5.80s/it]                                                  23%|██▎       | 116/500 [11:21<37:08,  5.80s/it] 23%|██▎       | 117/500 [11:21<37:04,  5.81s/it]                                                  23%|██▎       | 117/500 [11:27<37:04,  5.81s/it] 24%|██▎       | 118/500 [11:27<36:59,  5.81s/it]                                                  24%|██▎       | 118/500 [11:33<36:59,  5.81s/it] 24%|██▍       | 119/500 [11:33<36:52,  5.81s/it]                                                  24%|██▍       | 119/500 [11:39<36:52,  5.81s/it] 24%|██▍       | 120/500 [11:39<36:45,  5.80s/it]                                                  24%|██▍       | 120/500 [11:44<36:45,  5.80s/it] 24%|██▍       | 121/500 [11:44<36:39,  5.80s/it]                                                  24%|██▍       | 121/500 [11:50<36:39,  5.80s/it] 24%|██▍       | 122/500 [11:50<36:32,  5.80s/it]                                                  24%|██▍       | 122/500 [11:56<36:32,  5.80s/it] 25%|██▍       | 123/500 [11:56<36:26,  5.80s/it]                                                  25%|██▍       | 123/500 [12:02<36:26,  5.80s/it] 25%|██▍       | 124/500 [12:02<36:19,  5.80s/it]                                                  25%|██▍       | 124/500 [12:08<36:19,  5.80s/it] 25%|██▌       | 125/500 [12:08<36:12,  5.79s/it]                                                  25%|██▌       | 125/500 [12:13<36:12,  5.79s/it] 25%|██▌       | 126/500 [12:13<36:06,  5.79s/it]                                                  25%|██▌       | 126/500 [12:19<36:06,  5.79s/it] 25%|██▌       | 127/500 [12:19<36:03,  5.80s/it]                                                  25%|██▌       | 127/500 [12:25<36:03,  5.80s/it] 26%|██▌       | 128/500 [12:25<35:58,  5.80s/it]                                                  26%|██▌       | 128/500 [12:31<35:58,  5.80s/it] 26%|██▌       | 129/500 [12:31<35:52,  5.80s/it]                                                  26%|██▌       | 129/500 [12:37<35:52,  5.80s/it] 26%|██▌       | 130/500 [12:37<35:47,  5.80s/it]                                                  26%|██▌       | 130/500 [12:42<35:47,  5.80s/it] 26%|██▌       | 131/500 [12:42<35:41,  5.80s/it]                                                  26%|██▌       | 131/500 [12:48<35:41,  5.80s/it] 26%|██▋       | 132/500 [12:48<35:36,  5.80s/it]                                                  26%|██▋       | 132/500 [12:54<35:36,  5.80s/it] 27%|██▋       | 133/500 [12:54<35:30,  5.80s/it]                                                  27%|██▋       | 133/500 [13:00<35:30,  5.80s/it] 27%|██▋       | 134/500 [13:00<35:24,  5.80s/it]                                                  27%|██▋       | 134/500 [13:06<35:24,  5.80s/it] 27%|██▋       | 135/500 [13:06<35:18,  5.80s/it]                                                  27%|██▋       | 135/500 [13:11<35:18,  5.80s/it] 27%|██▋       | 136/500 [13:11<35:11,  5.80s/it]                                                  27%|██▋       | 136/500 [13:17<35:11,  5.80s/it] 27%|██▋       | 137/500 [13:17<35:05,  5.80s/it]                                                  27%|██▋       | 137/500 [13:23<35:05,  5.80s/it] 28%|██▊       | 138/500 [13:23<34:59,  5.80s/it]                                                  28%|██▊       | 138/500 [13:29<34:59,  5.80s/it] 28%|██▊       | 139/500 [13:29<34:52,  5.80s/it]                                                  28%|██▊       | 139/500 [13:35<34:52,  5.80s/it] 28%|██▊       | 140/500 [13:35<34:48,  5.80s/it]                                                  28%|██▊       | 140/500 [13:40<34:48,  5.80s/it] 28%|██▊       | 141/500 [13:40<34:44,  5.81s/it]                                          