[I 2025-08-09 19:11:47,469] Trial 448 finished with values: [0.8205768376397707, 0.18110958276020175] and parameters: {'psi': 0.6508713808246523}.
[I 2025-08-09 19:11:52,782] Trial 449 finished with values: [0.8197998184575238, 0.18491260349586017] and parameters: {'psi': 0.860755657988002}.
[I 2025-08-09 19:11:58,098] Trial 450 finished with values: [0.8181957460450426, 0.1796875] and parameters: {'psi': 0.9646600392011093}.
[I 2025-08-09 19:12:03,422] Trial 451 finished with values: [0.8203220648612946, 0.18478510687198346] and parameters: {'psi': 0.8371835742433115}.
[I 2025-08-09 19:12:08,758] Trial 452 finished with values: [0.8213076694704629, 0.17869415807560138] and parameters: {'psi': 0.22909328814168217}.
[I 2025-08-09 19:12:14,091] Trial 453 finished with values: [0.8202183525265937, 0.17869415807560138] and parameters: {'psi': 0.2941699541687921}.
[I 2025-08-09 19:12:19,408] Trial 454 finished with values: [0.8208674454323841, 0.1824432729773092] and parameters: {'psi': 0.705855801828641}.
[I 2025-08-09 19:12:24,833] Trial 455 finished with values: [0.8179159494939826, 0.18265470439383483] and parameters: {'psi': 0.9077182893307801}.
[I 2025-08-09 19:12:30,154] Trial 456 finished with values: [0.81748489004144, 0.18265470439383483] and parameters: {'psi': 0.9139036331380787}.
[I 2025-08-09 19:12:35,480] Trial 457 finished with values: [0.8202837463659517, 0.17869415807560138] and parameters: {'psi': 0.28824735169103166}.
[I 2025-08-09 19:12:40,795] Trial 458 finished with values: [0.8201711663836848, 0.1798165137614679] and parameters: {'psi': 0.5807714078519598}.
[I 2025-08-09 19:12:46,116] Trial 459 finished with values: [0.8214359601707922, 0.17869415807560138] and parameters: {'psi': 0.22394292115919767}.
[I 2025-08-09 19:12:51,456] Trial 460 finished with values: [0.8198463027470487, 0.17873510540788268] and parameters: {'psi': 0.3420239406430796}.
[I 2025-08-09 19:12:56,798] Trial 461 finished with values: [0.8380803321947652, 0.1837763519706691] and parameters: {'psi': 0.06522276315335873}.
[I 2025-08-09 19:13:02,130] Trial 462 finished with values: [0.8237676250906536, 0.17965169569202566] and parameters: {'psi': 0.1635212326936033}.
[I 2025-08-09 19:13:07,442] Trial 463 finished with values: [0.8199658742687971, 0.1793166704884201] and parameters: {'psi': 0.5377414284617158}.
[I 2025-08-09 19:13:12,755] Trial 464 finished with values: [0.8207183825713176, 0.18198487279394912] and parameters: {'psi': 0.6758805191586891}.
[I 2025-08-09 19:13:18,078] Trial 465 finished with values: [0.8208154677904095, 0.17839080459770115] and parameters: {'psi': 0.9794961206400675}.
[I 2025-08-09 19:13:23,407] Trial 466 finished with values: [0.8196805303765655, 0.1787760715104286] and parameters: {'psi': 0.41334862981393095}.
[I 2025-08-09 19:13:28,723] Trial 467 finished with values: [0.8203390443143208, 0.18478510687198346] and parameters: {'psi': 0.8362056132914413}.
[I 2025-08-09 19:13:34,039] Trial 468 finished with values: [0.8207239434096697, 0.1824432729773092] and parameters: {'psi': 0.6770549317056263}.
[I 2025-08-09 19:13:39,369] Trial 469 finished with values: [0.8165233509050426, 0.18169273229070837] and parameters: {'psi': 0.926407082085903}.
[I 2025-08-09 19:13:44,686] Trial 470 finished with values: [0.81994105295392, 0.18532996091055415] and parameters: {'psi': 0.8548973830544596}.
[I 2025-08-09 19:13:50,015] Trial 471 finished with values: [0.8197500543531457, 0.17873510540788268] and parameters: {'psi': 0.3666149672967087}.
[I 2025-08-09 19:13:55,343] Trial 472 finished with values: [0.8265766043005149, 0.1806510774873911] and parameters: {'psi': 0.12594157143750806}.
[I 2025-08-09 19:14:00,660] Trial 473 finished with values: [0.8160896460051288, 0.18119107840882961] and parameters: {'psi': 0.9455984415815307}.
[I 2025-08-09 19:14:05,973] Trial 474 finished with values: [0.8206365626633328, 0.18152647261058905] and parameters: {'psi': 0.6613390341820337}.
[I 2025-08-09 19:14:11,280] Trial 475 finished with values: [0.8204791990362797, 0.18110958276020175] and parameters: {'psi': 0.6348379047299302}.
[I 2025-08-09 19:14:16,595] Trial 476 finished with values: [0.8206249010994102, 0.18373909049150206] and parameters: {'psi': 0.8178023605303688}.
[I 2025-08-09 19:14:21,924] Trial 477 finished with values: [0.819689613979019, 0.17794083925705115] and parameters: {'psi': 0.43827726956107127}.
[I 2025-08-09 19:14:27,256] Trial 478 finished with values: [0.819680260432956, 0.1787760715104286] and parameters: {'psi': 0.4199532060306632}.
[I 2025-08-09 19:14:32,574] Trial 479 finished with values: [0.8237731454374644, 0.1791044776119403] and parameters: {'psi': 0.9949798206408584}.
[I 2025-08-09 19:14:37,896] Trial 480 finished with values: [0.8196836887167945, 0.17873510540788268] and parameters: {'psi': 0.4023270013447505}.
[I 2025-08-09 19:14:43,228] Trial 481 finished with values: [0.8200375442970714, 0.17873510540788268] and parameters: {'psi': 0.31349717625644213}.
[I 2025-08-09 19:14:48,544] Trial 482 finished with values: [0.820985181337589, 0.1829436038514443] and parameters: {'psi': 0.7575300624180429}.
[I 2025-08-09 19:14:53,860] Trial 483 finished with values: [0.8198528353823943, 0.1792755616689592] and parameters: {'psi': 0.5082365045593634}.
[I 2025-08-09 19:14:59,193] Trial 484 finished with values: [0.8199270563777769, 0.17873510540788268] and parameters: {'psi': 0.32864667559732574}.
[I 2025-08-09 19:15:04,519] Trial 485 finished with values: [0.8263526725794034, 0.1806510774873911] and parameters: {'psi': 0.12828863328270768}.
[I 2025-08-09 19:15:09,830] Trial 486 finished with values: [0.8199608398204832, 0.1793166704884201] and parameters: {'psi': 0.5366583115916945}.
[I 2025-08-09 19:15:15,169] Trial 487 finished with values: [0.8196804493934826, 0.1787760715104286] and parameters: {'psi': 0.42263787320049473}.
[I 2025-08-09 19:15:20,505] Trial 488 finished with values: [0.8240464093531789, 0.18010999083409715] and parameters: {'psi': 0.15866747511223767}.
[I 2025-08-09 19:15:25,844] Trial 489 finished with values: [0.8484217773875472, 0.18344416418252693] and parameters: {'psi': 0.04398166507016865}.
[I 2025-08-09 19:15:31,160] Trial 490 finished with values: [0.8196819475805143, 0.17873510540788268] and parameters: {'psi': 0.41034287648267076}.
[I 2025-08-09 19:15:36,493] Trial 491 finished with values: [0.8225776461748694, 0.17873510540788268] and parameters: {'psi': 0.18861302275914937}.
[I 2025-08-09 19:15:41,809] Trial 492 finished with values: [0.820790106588314, 0.1824432729773092] and parameters: {'psi': 0.6891108407954668}.
[I 2025-08-09 19:15:47,139] Trial 493 finished with values: [0.8201584655368663, 0.17869415807560138] and parameters: {'psi': 0.30000094951774525}.
[I 2025-08-09 19:15:52,462] Trial 494 finished with values: [0.8226069485536611, 0.17914561322921452] and parameters: {'psi': 0.9892180234087443}.
[I 2025-08-09 19:15:57,786] Trial 495 finished with values: [0.8214565433710029, 0.17869415807560138] and parameters: {'psi': 0.2231207903974658}.
[I 2025-08-09 19:16:03,110] Trial 496 finished with values: [0.8197042719170051, 0.17873510540788268] and parameters: {'psi': 0.3856871490036754}.
[I 2025-08-09 19:16:08,421] Trial 497 finished with values: [0.8168585263875547, 0.18219461697722567] and parameters: {'psi': 0.9219682668925147}.
[I 2025-08-09 19:16:13,744] Trial 498 finished with values: [0.8207660546127236, 0.1827364554637282] and parameters: {'psi': 0.8046614196044047}.
[I 2025-08-09 19:16:19,066] Trial 499 finished with values: [0.8198012086671118, 0.17873510540788268] and parameters: {'psi': 0.352274813137579}.
