[I 2025-08-09 18:47:17,238] Trial 0 finished with values: [0.5279220111045344, 0.06065959952885748] and parameters: {'psi': 0.15635966456701877}.
[I 2025-08-09 18:47:22,788] Trial 1 finished with values: [0.5499201564186853, 0.06165590135055784] and parameters: {'psi': 0.02342858734378639}.
[I 2025-08-09 18:47:28,254] Trial 2 finished with values: [0.5219636285552874, 0.059417706476530004] and parameters: {'psi': 0.9275144517664119}.
[I 2025-08-09 18:47:33,696] Trial 3 finished with values: [0.5272092116999854, 0.05955188679245283] and parameters: {'psi': 0.19771869773647377}.
[I 2025-08-09 18:47:39,145] Trial 4 finished with values: [0.5273791650821464, 0.05955188679245283] and parameters: {'psi': 0.18676823042911317}.
[I 2025-08-09 18:47:44,602] Trial 5 finished with values: [0.5280659479343154, 0.06067746686303387] and parameters: {'psi': 0.14929694547022443}.
[I 2025-08-09 18:47:50,064] Trial 6 finished with values: [0.5207775748685923, 0.05733054643177068] and parameters: {'psi': 0.8569523918369597}.
[I 2025-08-09 18:47:55,509] Trial 7 finished with values: [0.5276041964191514, 0.05953433539640436] and parameters: {'psi': 0.17343033042900935}.
[I 2025-08-09 18:48:00,939] Trial 8 finished with values: [0.5245249056980327, 0.05736250739207569] and parameters: {'psi': 0.5708708597230079}.
[I 2025-08-09 18:48:06,376] Trial 9 finished with values: [0.5259984439801123, 0.05901445854234287] and parameters: {'psi': 0.2968810532122049}.
[I 2025-08-09 18:48:11,802] Trial 10 finished with values: [0.5356730660562802, 0.060588235294117644] and parameters: {'psi': 0.0457035662121833}.
[I 2025-08-09 18:48:17,247] Trial 11 finished with values: [0.5217295810788685, 0.05961251862891207] and parameters: {'psi': 0.8827578215781335}.
[I 2025-08-09 18:48:22,681] Trial 12 finished with values: [0.5240343465179119, 0.058056872037914695] and parameters: {'psi': 0.6211502334699566}.
[I 2025-08-09 18:48:28,124] Trial 13 finished with values: [0.5267541588550051, 0.05956944854025361] and parameters: {'psi': 0.2282674164517342}.
[I 2025-08-09 18:48:33,551] Trial 14 finished with values: [0.5214447353535564, 0.05746782400478898] and parameters: {'psi': 0.7717376823502665}.
[I 2025-08-09 18:48:38,995] Trial 15 finished with values: [0.5224771256060372, 0.05803170804666467] and parameters: {'psi': 0.7255822270406664}.
[I 2025-08-09 18:48:44,421] Trial 16 finished with values: [0.5241154071934685, 0.05803968018951732] and parameters: {'psi': 0.6142725271980543}.
[I 2025-08-09 18:48:49,846] Trial 17 finished with values: [0.52292145381239, 0.05791044776119403] and parameters: {'psi': 0.7025258797875049}.
[I 2025-08-09 18:48:55,308] Trial 18 finished with values: [0.6193151316819002, 0.07021650087770626] and parameters: {'psi': 0.0055006293328255795}.
[I 2025-08-09 18:49:00,746] Trial 19 finished with values: [0.5249834262889413, 0.05736250739207569] and parameters: {'psi': 0.5030991541076045}.
[I 2025-08-09 18:49:06,172] Trial 20 finished with values: [0.5257056308970817, 0.05844155844155844] and parameters: {'psi': 0.33876176956051673}.
[I 2025-08-09 18:49:11,618] Trial 21 finished with values: [0.5267583708976207, 0.05956944854025361] and parameters: {'psi': 0.22802675392580007}.
[I 2025-08-09 18:49:17,049] Trial 22 finished with values: [0.525916452933697, 0.0590318772136954] and parameters: {'psi': 0.30623554444121204}.
[I 2025-08-09 18:49:22,490] Trial 23 finished with values: [0.6231484456945321, 0.07023705004389816] and parameters: {'psi': 0.005112508898994617}.
[I 2025-08-09 18:49:27,920] Trial 24 finished with values: [0.5256747595004017, 0.05845881310894597] and parameters: {'psi': 0.34502368439668507}.
[I 2025-08-09 18:49:33,365] Trial 25 finished with values: [0.5251919985196616, 0.0579538734476641] and parameters: {'psi': 0.45890500604780005}.
[I 2025-08-09 18:49:38,807] Trial 26 finished with values: [0.5637872325748348, 0.0627198124267292] and parameters: {'psi': 0.016039043771668093}.
[I 2025-08-09 18:49:44,245] Trial 27 finished with values: [0.5224070940541166, 0.05861244019138756] and parameters: {'psi': 0.7286231926044869}.
[I 2025-08-09 18:49:49,684] Trial 28 finished with values: [0.5206042383196717, 0.05736480430236032] and parameters: {'psi': 0.8212072419077615}.
[I 2025-08-09 18:49:55,119] Trial 29 finished with values: [0.5213290479662169, 0.05686920083807243] and parameters: {'psi': 0.7771750944261927}.
[I 2025-08-09 18:50:00,567] Trial 30 finished with values: [0.5205877284658856, 0.057313432835820896] and parameters: {'psi': 0.8453162541259511}.
[I 2025-08-09 18:50:06,002] Trial 31 finished with values: [0.5273470588295992, 0.05953433539640436] and parameters: {'psi': 0.18865957064314132}.
[I 2025-08-09 18:50:11,447] Trial 32 finished with values: [0.6835856073387383, 0.07742316784869976] and parameters: {'psi': 0.0008908930113741276}.
[I 2025-08-09 18:50:16,865] Trial 33 finished with values: [0.5265279603254681, 0.05956944854025361] and parameters: {'psi': 0.24611459470029962}.
[I 2025-08-09 18:50:22,303] Trial 34 finished with values: [0.522297665525282, 0.058049072411729505] and parameters: {'psi': 0.73361095530059}.
[I 2025-08-09 18:50:27,723] Trial 35 finished with values: [0.5338385607968007, 0.060570420464569244] and parameters: {'psi': 0.05326005694921443}.
[I 2025-08-09 18:50:33,142] Trial 36 finished with values: [0.5211745049086451, 0.05726215329555622] and parameters: {'psi': 0.8690305377839367}.
[I 2025-08-09 18:50:38,581] Trial 37 finished with values: [0.5291290742568058, 0.06007067137809187] and parameters: {'psi': 0.10858505049431533}.
[I 2025-08-09 18:50:44,011] Trial 38 finished with values: [0.521005718719016, 0.05726215329555622] and parameters: {'psi': 0.8644632501011638}.
[I 2025-08-09 18:50:49,437] Trial 39 finished with values: [0.5206998127806263, 0.05733054643177068] and parameters: {'psi': 0.8534711023756861}.
[I 2025-08-09 18:50:54,878] Trial 40 finished with values: [0.5302138190148892, 0.06001765225066196] and parameters: {'psi': 0.08554159914601434}.
[I 2025-08-09 18:51:00,324] Trial 41 finished with values: [0.5273640761583993, 0.05955188679245283] and parameters: {'psi': 0.18765318639002926}.
[I 2025-08-09 18:51:05,751] Trial 42 finished with values: [0.5211381866134824, 0.056835177983846845] and parameters: {'psi': 0.7867183930282107}.
[I 2025-08-09 18:51:11,186] Trial 43 finished with values: [0.5258230436994684, 0.05901445854234287] and parameters: {'psi': 0.3177817438668362}.
[I 2025-08-09 18:51:16,615] Trial 44 finished with values: [0.5222682319744748, 0.05954153021732658] and parameters: {'psi': 0.9104443231578473}.
[I 2025-08-09 18:51:22,047] Trial 45 finished with values: [0.526246447019414, 0.05958702064896755] and parameters: {'psi': 0.27164376390203027}.
[I 2025-08-09 18:51:27,463] Trial 46 finished with values: [0.5259752354561424, 0.05901445854234287] and parameters: {'psi': 0.29946068341376}.
[I 2025-08-09 18:51:32,920] Trial 47 finished with values: [0.5219612603385558, 0.059417706476530004] and parameters: {'psi': 0.9276017830959976}.
[I 2025-08-09 18:51:38,346] Trial 48 finished with values: [0.5262811583103659, 0.05958702064896755] and parameters: {'psi': 0.26834750465485846}.
[I 2025-08-09 18:51:43,774] Trial 49 finished with values: [0.5249490025671638, 0.05734555128584097] and parameters: {'psi': 0.508882888267024}.
[I 2025-08-09 18:51:49,203] Trial 50 finished with values: [0.5259734931252613, 0.05901445854234287] and parameters: {'psi': 0.2996267427866883}.
[I 2025-08-09 18:51:54,636] Trial 51 finished with values: [0.5209435361139773, 0.059905100830367736] and parameters: {'psi': 0.9630918983126469}.
[I 2025-08-09 18:52:00,081] Trial 52 finished with values: [0.5217708726291677, 0.05748502994011976] and parameters: {'psi': 0.7564892034728529}.
[I 2025-08-09 18:52:05,612] Trial 53 finished with values: [0.5246588452700394, 0.05736250739207569] and parameters: {'psi': 0.553052364509251}.
[I 2025-08-09 18:52:11,056] Trial 54 finished with values: [0.5283951131441763, 0.06067746686303387] and parameters: {'psi': 0.13445071596873515}.
[I 2025-08-09 18:52:16,504] Trial 55 finished with values: [0.5210623021830678, 0.056835177983846845] and parameters: {'psi': 0.7908276028340546}.
[I 2025-08-09 18:52:21,933] Trial 56 finished with values: [0.5607047785927958, 0.061601642710472276] and parameters: {'psi': 0.017272550399096365}.
[I 2025-08-09 18:52:27,363] Trial 57 finished with values: [0.5240325026920281, 0.05807407407407408] and parameters: {'psi': 0.6214187117678172}.
[I 2025-08-09 18:52:32,789] Trial 58 finished with values: [0.5251492014601544, 0.05737947352854185] and parameters: {'psi': 0.46854005235749696}.
[I 2025-08-09 18:52:38,228] Trial 59 finished with values: [0.5262268246522092, 0.058997050147492625] and parameters: {'psi': 0.2735555958653326}.
[I 2025-08-09 18:52:43,696] Trial 60 finished with values: [0.5372292889339609, 0.060570420464569244] and parameters: {'psi': 0.04101431272873801}.
[I 2025-08-09 18:52:49,144] Trial 61 finished with values: [0.5277296780742595, 0.060106069534472596] and parameters: {'psi': 0.16647288281856354}.
[I 2025-08-09 18:52:54,577] Trial 62 finished with values: [0.5232349718759884, 0.05782414307004471] and parameters: {'psi': 0.6838602509017254}.
[I 2025-08-09 18:53:00,010] Trial 63 finished with values: [0.5208508035131006, 0.057279236276849645] and parameters: {'psi': 0.8597510319821858}.
[I 2025-08-09 18:53:05,468] Trial 64 finished with values: [0.5335628327059054, 0.060570420464569244] and parameters: {'psi': 0.05468807859454372}.
[I 2025-08-09 18:53:10,907] Trial 65 finished with values: [0.5263098306486524, 0.05958702064896755] and parameters: {'psi': 0.2654783861549038}.
[I 2025-08-09 18:53:16,353] Trial 66 finished with values: [0.523933477400979, 0.05812574139976275] and parameters: {'psi': 0.6310251260550641}.
[I 2025-08-09 18:53:21,791] Trial 67 finished with values: [0.5255048568657419, 0.05790251107828656] and parameters: {'psi': 0.3842279302022945}.
[I 2025-08-09 18:53:27,219] Trial 68 finished with values: [0.5217392738516344, 0.05748502994011976] and parameters: {'psi': 0.7579779205828937}.
[I 2025-08-09 18:53:32,644] Trial 69 finished with values: [0.5267034959327823, 0.05956944854025361] and parameters: {'psi': 0.23196010595234118}.
[I 2025-08-09 18:53:38,070] Trial 70 finished with values: [0.5269020878215622, 0.05955188679245283] and parameters: {'psi': 0.21825276367727064}.
[I 2025-08-09 18:53:43,521] Trial 71 finished with values: [0.5242420898727762, 0.05803968018951732] and parameters: {'psi': 0.6016836191426751}.
[I 2025-08-09 18:53:48,947] Trial 72 finished with values: [0.5242934632600185, 0.05803968018951732] and parameters: {'psi': 0.5965500681697179}.
[I 2025-08-09 18:53:54,369] Trial 73 finished with values: [0.5239513574373026, 0.05812574139976275] and parameters: {'psi': 0.629228184610077}.
[I 2025-08-09 18:53:59,806] Trial 74 finished with values: [0.5232184451063685, 0.058420268256333834] and parameters: {'psi': 0.6847879712502654}.
[I 2025-08-09 18:54:05,257] Trial 75 finished with values: [0.5210652624539823, 0.05934718100890208] and parameters: {'psi': 0.9578661980432494}.
[I 2025-08-09 18:54:10,686] Trial 76 finished with values: [0.5231078493850021, 0.05726215329555622] and parameters: {'psi': 0.6917688864711998}.
[I 2025-08-09 18:54:16,133] Trial 77 finished with values: [0.5249116693219733, 0.05734555128584097] and parameters: {'psi': 0.5156323923040489}.
[I 2025-08-09 18:54:21,587] Trial 78 finished with values: [0.5225948767251, 0.05799701046337818] and parameters: {'psi': 0.719775762147237}.
[I 2025-08-09 18:54:27,034] Trial 79 finished with values: [0.5215289254583654, 0.05748502994011976] and parameters: {'psi': 0.7675892871022176}.
[I 2025-08-09 18:54:32,481] Trial 80 finished with values: [0.524936298775982, 0.05734555128584097] and parameters: {'psi': 0.5111643671415772}.
[I 2025-08-09 18:54:37,915] Trial 81 finished with values: [0.5233271800860174, 0.058368076235854674] and parameters: {'psi': 0.6779579435415712}.
[I 2025-08-09 18:54:43,339] Trial 82 finished with values: [0.5767247836638245, 0.06323185011709602] and parameters: {'psi': 0.01212394222223434}.
[I 2025-08-09 18:54:48,773] Trial 83 finished with values: [0.5294948284151704, 0.06008836524300442] and parameters: {'psi': 0.09934151355189946}.
[I 2025-08-09 18:54:54,214] Trial 84 finished with values: [0.5213966774697384, 0.058806058806058804] and parameters: {'psi': 0.9453137267440007}.
[I 2025-08-09 18:54:59,649] Trial 85 finished with values: [0.5254908336395241, 0.05790251107828656] and parameters: {'psi': 0.38763225315498806}.
[I 2025-08-09 18:55:05,079] Trial 86 finished with values: [0.5252965214566949, 0.057936742536210464] and parameters: {'psi': 0.4346134128892607}.
[I 2025-08-09 18:55:10,520] Trial 87 finished with values: [0.5267526533457971, 0.05956944854025361] and parameters: {'psi': 0.2284034296762033}.
[I 2025-08-09 18:55:15,949] Trial 88 finished with values: [0.5216730314464842, 0.06105512744516894] and parameters: {'psi': 0.9998004538923626}.
[I 2025-08-09 18:55:21,384] Trial 89 finished with values: [0.5240046592295978, 0.058091286307053944] and parameters: {'psi': 0.6243652793648549}.
[I 2025-08-09 18:55:26,842] Trial 90 finished with values: [0.5211570308523326, 0.056835177983846845] and parameters: {'psi': 0.7858254358817552}.
[I 2025-08-09 18:55:32,277] Trial 91 finished with values: [0.5258392152365787, 0.05901445854234287] and parameters: {'psi': 0.31563229543317606}.
[I 2025-08-09 18:55:37,697] Trial 92 finished with values: [0.5222282260275443, 0.0594883997620464] and parameters: {'psi': 0.9149490091146187}.
[I 2025-08-09 18:55:43,119] Trial 93 finished with values: [0.523443848591717, 0.05889351576442594] and parameters: {'psi': 0.6702404917835937}.
[I 2025-08-09 18:55:48,544] Trial 94 finished with values: [0.5258493478210232, 0.05901445854234287] and parameters: {'psi': 0.3143280103942274}.
[I 2025-08-09 18:55:53,978] Trial 95 finished with values: [0.5255015075306501, 0.05790251107828656] and parameters: {'psi': 0.38493627529487473}.
[I 2025-08-09 18:55:59,415] Trial 96 finished with values: [0.52602266745411, 0.05901445854234287] and parameters: {'psi': 0.2940023333546411}.
[I 2025-08-09 18:56:04,856] Trial 97 finished with values: [0.5291603347176632, 0.06007067137809187] and parameters: {'psi': 0.10769916521298273}.
[I 2025-08-09 18:56:10,302] Trial 98 finished with values: [0.5206181769667206, 0.05678421996413628] and parameters: {'psi': 0.8200879251862064}.
[I 2025-08-09 18:56:15,726] Trial 99 finished with values: [0.5235041873708719, 0.058876003568242644] and parameters: {'psi': 0.6658505221169188}.
[I 2025-08-09 18:56:21,148] Trial 100 finished with values: [0.5254322202754165, 0.057919621749408984] and parameters: {'psi': 0.4012647083740333}.
[I 2025-08-09 18:56:26,577] Trial 101 finished with values: [0.5311647933593038, 0.06001765225066196] and parameters: {'psi': 0.07295043901323828}.
[I 2025-08-09 18:56:32,131] Trial 102 finished with values: [0.5256448523062481, 0.05845881310894597] and parameters: {'psi': 0.3523957055703776}.
[I 2025-08-09 18:56:37,549] Trial 103 finished with values: [0.5220499162234873, 0.05961251862891207] and parameters: {'psi': 0.8918151192699378}.
[I 2025-08-09 18:56:42,967] Trial 104 finished with values: [0.5260981966520148, 0.05958702064896755] and parameters: {'psi': 0.2862304618309435}.
[I 2025-08-09 18:56:48,394] Trial 105 finished with values: [0.5242419714619395, 0.05803968018951732] and parameters: {'psi': 0.6017277751308919}.
[I 2025-08-09 18:56:53,828] Trial 106 finished with values: [0.5254923053170644, 0.05790251107828656] and parameters: {'psi': 0.3872995128091502}.
[I 2025-08-09 18:56:59,243] Trial 107 finished with values: [0.5247939351187444, 0.05736250739207569] and parameters: {'psi': 0.5341501995772694}.
[I 2025-08-09 18:57:04,703] Trial 108 finished with values: [0.5282824536910865, 0.06067746686303387] and parameters: {'psi': 0.13928365210605198}.
[I 2025-08-09 18:57:10,155] Trial 109 finished with values: [0.5311119144628536, 0.06001765225066196] and parameters: {'psi': 0.07353217913687826}.
[I 2025-08-09 18:57:15,578] Trial 110 finished with values: [0.520920446000844, 0.057279236276849645] and parameters: {'psi': 0.8620314978862514}.
[I 2025-08-09 18:57:21,012] Trial 111 finished with values: [0.5282231467777934, 0.06067746686303387] and parameters: {'psi': 0.14188907383982285}.
[I 2025-08-09 18:57:26,434] Trial 112 finished with values: [0.52591219014358, 0.0590318772136954] and parameters: {'psi': 0.30673647698891937}.
[I 2025-08-09 18:57:31,872] Trial 113 finished with values: [0.5281531321417064, 0.06067746686303387] and parameters: {'psi': 0.14515955675783088}.
[I 2025-08-09 18:57:37,292] Trial 114 finished with values: [0.531569437019568, 0.06001765225066196] and parameters: {'psi': 0.06892687505904949}.
[I 2025-08-09 18:57:42,715] Trial 115 finished with values: [0.5251737125033267, 0.0579538734476641] and parameters: {'psi': 0.46267829005617944}.
[I 2025-08-09 18:57:48,170] Trial 116 finished with values: [0.5210883356512819, 0.056835177983846845] and parameters: {'psi': 0.7894687953077527}.
[I 2025-08-09 18:57:53,596] Trial 117 finished with values: [0.5215313613384321, 0.05748502994011976] and parameters: {'psi': 0.7674905165461838}.
[I 2025-08-09 18:57:59,023] Trial 118 finished with values: [0.5376795715138103, 0.06055261610817166] and parameters: {'psi': 0.03986309504273555}.
[I 2025-08-09 18:58:04,461] Trial 119 finished with values: [0.5231156983318839, 0.05726215329555622] and parameters: {'psi': 0.6912984352496401}.
[I 2025-08-09 18:58:09,886] Trial 120 finished with values: [0.5217775036360162, 0.05963029218843172] and parameters: {'psi': 0.8840027479732864}.
[I 2025-08-09 18:58:15,310] Trial 121 finished with values: [0.5222378003894735, 0.0594883997620464] and parameters: {'psi': 0.9142575852093947}.
[I 2025-08-09 18:58:20,731] Trial 122 finished with values: [0.5259460556428422, 0.05901445854234287] and parameters: {'psi': 0.30270158259521585}.
[I 2025-08-09 18:58:26,185] Trial 123 finished with values: [0.525385870890812, 0.057936742536210464] and parameters: {'psi': 0.41311451224721596}.
[I 2025-08-09 18:58:31,625] Trial 124 finished with values: [0.524601720499306, 0.05736250739207569] and parameters: {'psi': 0.5607296748862844}.
[I 2025-08-09 18:58:37,050] Trial 125 finished with values: [0.525508865918352, 0.05790251107828656] and parameters: {'psi': 0.383020759149988}.
[I 2025-08-09 18:58:42,477] Trial 126 finished with values: [0.5254243882443683, 0.057936742536210464] and parameters: {'psi': 0.4034852138810838}.
[I 2025-08-09 18:58:47,902] Trial 127 finished with values: [0.5276882850289576, 0.060106069534472596] and parameters: {'psi': 0.16866542917483351}.
[I 2025-08-09 18:58:53,325] Trial 128 finished with values: [0.5283792630079083, 0.06067746686303387] and parameters: {'psi': 0.13520968446048576}.
[I 2025-08-09 18:58:58,751] Trial 129 finished with values: [0.5233976176179491, 0.0589110383814341] and parameters: {'psi': 0.673268963070342}.
[I 2025-08-09 18:59:04,181] Trial 130 finished with values: [0.52104743316516, 0.057279236276849645] and parameters: {'psi': 0.8656341627311473}.
[I 2025-08-09 18:59:09,613] Trial 131 finished with values: [0.5258111349524752, 0.05901445854234287] and parameters: {'psi': 0.31909918397339765}.
[I 2025-08-09 18:59:15,073] Trial 132 finished with values: [0.5253053007744356, 0.0579538734476641] and parameters: {'psi': 0.4328422943768445}.
[I 2025-08-09 18:59:20,491] Trial 133 finished with values: [0.5236431340296825, 0.058841010401188706] and parameters: {'psi': 0.6554102419249567}.
[I 2025-08-09 18:59:25,928] Trial 134 finished with values: [0.5251008729229957, 0.05737947352854185] and parameters: {'psi': 0.47987054561436115}.
[I 2025-08-09 18:59:31,365] Trial 135 finished with values: [0.5206516872334731, 0.05676725425754407] and parameters: {'psi': 0.8169722744627812}.
[I 2025-08-09 18:59:36,800] Trial 136 finished with values: [0.5258740280225335, 0.0590318772136954] and parameters: {'psi': 0.31124444300931964}.
[I 2025-08-09 18:59:42,227] Trial 137 finished with values: [0.5209154896615414, 0.057279236276849645] and parameters: {'psi': 0.8619095918487188}.
[I 2025-08-09 18:59:47,670] Trial 138 finished with values: [0.529708949039376, 0.060052987930526935] and parameters: {'psi': 0.09464896796638467}.
[I 2025-08-09 18:59:53,158] Trial 139 finished with values: [0.5303795434386009, 0.06001765225066196] and parameters: {'psi': 0.0829982801537349}.
[I 2025-08-09 18:59:58,664] Trial 140 finished with values: [0.5222816631465099, 0.05957700327673518] and parameters: {'psi': 0.9055214881179361}.
[I 2025-08-09 19:00:04,112] Trial 141 finished with values: [0.5448564184873079, 0.061122538936232734] and parameters: {'psi': 0.02809606048458857}.
[I 2025-08-09 19:00:09,579] Trial 142 finished with values: [0.5241127344917285, 0.05803968018951732] and parameters: {'psi': 0.6144120381651192}.
[I 2025-08-09 19:00:15,026] Trial 143 finished with values: [0.5306178367893031, 0.06] and parameters: {'psi': 0.07962505177730939}.
[I 2025-08-09 19:00:20,478] Trial 144 finished with values: [0.5257541285925784, 0.05844155844155844] and parameters: {'psi': 0.3297027244521191}.
[I 2025-08-09 19:00:25,905] Trial 145 finished with values: [0.5258007655463575, 0.05844155844155844] and parameters: {'psi': 0.320937262965703}.
[I 2025-08-09 19:00:31,345] Trial 146 finished with values: [0.5206727136148831, 0.05678421996413628] and parameters: {'psi': 0.81495017016577}.
[I 2025-08-09 19:00:36,779] Trial 147 finished with values: [0.5252742433035839, 0.057936742536210464] and parameters: {'psi': 0.4393963506328249}.
[I 2025-08-09 19:00:42,191] Trial 148 finished with values: [0.5262479863602896, 0.05958702064896755] and parameters: {'psi': 0.27146215076047664}.
[I 2025-08-09 19:00:47,629] Trial 149 finished with values: [0.5261429221165748, 0.058997050147492625] and parameters: {'psi': 0.2816376027255061}.
