[I 2025-08-09 20:03:21,172] Trial 300 finished with values: [0.911104477542928, 0.2816281628162816] and parameters: {'psi': 0.34680468532974495}.
[I 2025-08-09 20:03:27,606] Trial 301 finished with values: [0.9114665048814219, 0.27973568281938327] and parameters: {'psi': 0.6046627920705884}.
[I 2025-08-09 20:03:34,045] Trial 302 finished with values: [0.9112888221922242, 0.2809917355371901] and parameters: {'psi': 0.5162398606658158}.
[I 2025-08-09 20:03:40,584] Trial 303 finished with values: [0.9113348475147299, 0.2809917355371901] and parameters: {'psi': 0.5402993960866341}.
[I 2025-08-09 20:03:47,031] Trial 304 finished with values: [0.9111145769527575, 0.2816281628162816] and parameters: {'psi': 0.33412853160108646}.
[I 2025-08-09 20:03:53,502] Trial 305 finished with values: [0.916459324566072, 0.28775398132894014] and parameters: {'psi': 0.0760586343092956}.
[I 2025-08-09 20:03:59,938] Trial 306 finished with values: [0.9115551789165206, 0.2803324099722992] and parameters: {'psi': 0.7742013597372078}.
[I 2025-08-09 20:04:06,369] Trial 307 finished with values: [0.9104355437412741, 0.2771618625277162] and parameters: {'psi': 0.8545940926428837}.
[I 2025-08-09 20:04:12,827] Trial 308 finished with values: [0.9111279617127723, 0.28193832599118945] and parameters: {'psi': 0.42125320551044765}.
[I 2025-08-09 20:04:19,258] Trial 309 finished with values: [0.9103541704843652, 0.2771618625277162] and parameters: {'psi': 0.8565773863036676}.
[I 2025-08-09 20:04:25,702] Trial 310 finished with values: [0.9111124779790278, 0.2817831590533847] and parameters: {'psi': 0.40602978526705613}.
[I 2025-08-09 20:04:32,163] Trial 311 finished with values: [0.9167557665804932, 0.28885227896760024] and parameters: {'psi': 0.07289708549821305}.
[I 2025-08-09 20:04:38,594] Trial 312 finished with values: [0.911299012861781, 0.2809917355371901] and parameters: {'psi': 0.5224990526341879}.
[I 2025-08-09 20:04:45,053] Trial 313 finished with values: [0.9139857296555907, 0.2844590884129599] and parameters: {'psi': 0.11468157722106576}.
[I 2025-08-09 20:04:51,514] Trial 314 finished with values: [0.9122499392210216, 0.28272827282728275] and parameters: {'psi': 0.1749222355479385}.
[I 2025-08-09 20:04:57,966] Trial 315 finished with values: [0.9111192920386717, 0.28193832599118945] and parameters: {'psi': 0.41183815130476487}.
[I 2025-08-09 20:05:04,401] Trial 316 finished with values: [0.9115057465641929, 0.27973568281938327] and parameters: {'psi': 0.6262742901069552}.
[I 2025-08-09 20:05:10,827] Trial 317 finished with values: [0.905294274900095, 0.27842484747642815] and parameters: {'psi': 0.9219724142000905}.
[I 2025-08-09 20:05:17,280] Trial 318 finished with values: [0.9111094968279335, 0.2816281628162816] and parameters: {'psi': 0.34151950008019316}.
[I 2025-08-09 20:05:23,713] Trial 319 finished with values: [0.9056866004680774, 0.27904391328515843] and parameters: {'psi': 0.9513214481676643}.
[I 2025-08-09 20:05:30,186] Trial 320 finished with values: [0.9266729611542629, 0.305159165751921] and parameters: {'psi': 0.02294957322721114}.
[I 2025-08-09 20:05:36,619] Trial 321 finished with values: [0.911496012193273, 0.27973568281938327] and parameters: {'psi': 0.6199504540797798}.
[I 2025-08-09 20:05:43,053] Trial 322 finished with values: [0.9115937513612908, 0.28019856591285164] and parameters: {'psi': 0.7138182583721873}.
[I 2025-08-09 20:05:49,488] Trial 323 finished with values: [0.9050079322955035, 0.2785793562708102] and parameters: {'psi': 0.9299735788187767}.
[I 2025-08-09 20:05:55,928] Trial 324 finished with values: [0.9110984544009211, 0.27922437673130196] and parameters: {'psi': 0.8310710866930046}.
[I 2025-08-09 20:06:02,411] Trial 325 finished with values: [0.9183894069602213, 0.3642347778387274] and parameters: {'psi': 0.003797198319751449}.
[I 2025-08-09 20:06:08,839] Trial 326 finished with values: [0.9120017431824724, 0.28444444444444444] and parameters: {'psi': 0.9870134149861699}.
[I 2025-08-09 20:06:15,268] Trial 327 finished with values: [0.9113350604540937, 0.28159645232815966] and parameters: {'psi': 0.8144974505983636}.
[I 2025-08-09 20:06:21,697] Trial 328 finished with values: [0.9115914090282882, 0.28004410143329656] and parameters: {'psi': 0.704830592270615}.
[I 2025-08-09 20:06:28,168] Trial 329 finished with values: [0.928871499246438, 0.3355335533553355] and parameters: {'psi': 0.008934703184349413}.
[I 2025-08-09 20:06:34,593] Trial 330 finished with values: [0.9050682549752977, 0.27904391328515843] and parameters: {'psi': 0.9401554479025694}.
[I 2025-08-09 20:06:41,042] Trial 331 finished with values: [0.9110941043539165, 0.2816281628162816] and parameters: {'psi': 0.36418632797223305}.
[I 2025-08-09 20:06:47,496] Trial 332 finished with values: [0.9111050555212012, 0.2816281628162816] and parameters: {'psi': 0.34671342187135235}.
[I 2025-08-09 20:06:53,932] Trial 333 finished with values: [0.9088496626188719, 0.2771618625277162] and parameters: {'psi': 0.8804201032699546}.
[I 2025-08-09 20:07:00,355] Trial 334 finished with values: [0.9056902204372631, 0.27842484747642815] and parameters: {'psi': 0.9156908152124942}.
[I 2025-08-09 20:07:06,800] Trial 335 finished with values: [0.9112187651415099, 0.2820936639118457] and parameters: {'psi': 0.4775975956697621}.
[I 2025-08-09 20:07:13,251] Trial 336 finished with values: [0.9049793071610168, 0.2785793562708102] and parameters: {'psi': 0.9322634089666191}.
[I 2025-08-09 20:07:19,722] Trial 337 finished with values: [0.9207580531842222, 0.29198682766191] and parameters: {'psi': 0.0445329298545909}.
[I 2025-08-09 20:07:26,182] Trial 338 finished with values: [0.9132412632195799, 0.2846153846153846] and parameters: {'psi': 0.13425830446029496}.
[I 2025-08-09 20:07:32,608] Trial 339 finished with values: [0.9115153592554763, 0.2798898071625344] and parameters: {'psi': 0.6319892612112448}.
[I 2025-08-09 20:07:39,081] Trial 340 finished with values: [0.9256943526777186, 0.30372807017543857] and parameters: {'psi': 0.025811540877549888}.
[I 2025-08-09 20:07:45,526] Trial 341 finished with values: [0.9114015279555314, 0.2814404432132964] and parameters: {'psi': 0.807310793566944}.
[I 2025-08-09 20:07:51,980] Trial 342 finished with values: [0.9111326159588683, 0.28193832599118945] and parameters: {'psi': 0.425730263752119}.
[I 2025-08-09 20:07:58,443] Trial 343 finished with values: [0.9151714672933654, 0.2868131868131868] and parameters: {'psi': 0.09267754362518565}.
[I 2025-08-09 20:08:04,913] Trial 344 finished with values: [0.9218518314367129, 0.2936986301369863] and parameters: {'psi': 0.039489319379635734}.
[I 2025-08-09 20:08:11,355] Trial 345 finished with values: [0.9111441146845175, 0.28193832599118945] and parameters: {'psi': 0.4356896625976804}.
[I 2025-08-09 20:08:17,785] Trial 346 finished with values: [0.9113053097829698, 0.2806433721575152] and parameters: {'psi': 0.8173039527655303}.
[I 2025-08-09 20:08:24,220] Trial 347 finished with values: [0.908667325683578, 0.2815804117974402] and parameters: {'psi': 0.9728615751570899}.
[I 2025-08-09 20:08:30,667] Trial 348 finished with values: [0.9111318858810493, 0.28193832599118945] and parameters: {'psi': 0.42526302130663673}.
[I 2025-08-09 20:08:37,118] Trial 349 finished with values: [0.9112155406311425, 0.28257284222100054] and parameters: {'psi': 0.29056603874888276}.
[I 2025-08-09 20:08:43,558] Trial 350 finished with values: [0.9112199819378748, 0.2820936639118457] and parameters: {'psi': 0.4785607204892447}.
[I 2025-08-09 20:08:50,018] Trial 351 finished with values: [0.9116230761536873, 0.28272827282728275] and parameters: {'psi': 0.2219692752601201}.
[I 2025-08-09 20:08:56,464] Trial 352 finished with values: [0.9111840256052893, 0.28193832599118945] and parameters: {'psi': 0.45852387896444}.
[I 2025-08-09 20:09:03,016] Trial 353 finished with values: [0.911164465603722, 0.28193832599118945] and parameters: {'psi': 0.4472797216721881}.
[I 2025-08-09 20:09:09,449] Trial 354 finished with values: [0.9067727129034685, 0.2793544796883695] and parameters: {'psi': 0.9613771284906176}.
[I 2025-08-09 20:09:15,882] Trial 355 finished with values: [0.9102770255948248, 0.2771618625277162] and parameters: {'psi': 0.8582368365431189}.
[I 2025-08-09 20:09:22,336] Trial 356 finished with values: [0.9111082191917502, 0.2816281628162816] and parameters: {'psi': 0.40124549707340595}.
[I 2025-08-09 20:09:28,801] Trial 357 finished with values: [0.9125406622925272, 0.28367234744365033] and parameters: {'psi': 0.16035289668683517}.
[I 2025-08-09 20:09:35,259] Trial 358 finished with values: [0.9126969597856103, 0.28367234744365033] and parameters: {'psi': 0.153726771079145}.
[I 2025-08-09 20:09:41,713] Trial 359 finished with values: [0.9113104203277027, 0.2809917355371901] and parameters: {'psi': 0.5283597189174591}.
[I 2025-08-09 20:09:48,144] Trial 360 finished with values: [0.9115928691839263, 0.28019856591285164] and parameters: {'psi': 0.7172659859995856}.
[I 2025-08-09 20:09:54,612] Trial 361 finished with values: [0.9165158751771351, 0.28869374313940727] and parameters: {'psi': 0.0754325589008179}.
[I 2025-08-09 20:10:01,042] Trial 362 finished with values: [0.9115484256966949, 0.27973568281938327] and parameters: {'psi': 0.6569956051998628}.
[I 2025-08-09 20:10:07,494] Trial 363 finished with values: [0.9115334591014056, 0.27973568281938327] and parameters: {'psi': 0.6444271834242017}.
[I 2025-08-09 20:10:13,939] Trial 364 finished with values: [0.911249519669635, 0.2820936639118457] and parameters: {'psi': 0.4935157522193989}.
[I 2025-08-09 20:10:20,404] Trial 365 finished with values: [0.9128833425688179, 0.2835164835164835] and parameters: {'psi': 0.14651513951190154}.
[I 2025-08-09 20:10:26,846] Trial 366 finished with values: [0.9113576928664826, 0.2809917355371901] and parameters: {'psi': 0.5527127878581746}.
[I 2025-08-09 20:10:33,296] Trial 367 finished with values: [0.9181559645775978, 0.28885227896760024] and parameters: {'psi': 0.060570292335091036}.
[I 2025-08-09 20:10:39,738] Trial 368 finished with values: [0.9112984653034167, 0.2809917355371901] and parameters: {'psi': 0.5222943637730109}.
[I 2025-08-09 20:10:46,182] Trial 369 finished with values: [0.9114573789086845, 0.2812846068660022] and parameters: {'psi': 0.7995521699045758}.
[I 2025-08-09 20:10:52,625] Trial 370 finished with values: [0.9115188879649349, 0.2798898071625344] and parameters: {'psi': 0.6339594271512872}.
[I 2025-08-09 20:10:59,061] Trial 371 finished with values: [0.9115654608458049, 0.27973568281938327] and parameters: {'psi': 0.6760664086124539}.
[I 2025-08-09 20:11:05,504] Trial 372 finished with values: [0.9099785454464926, 0.2771618625277162] and parameters: {'psi': 0.8641673012964329}.
[I 2025-08-09 20:11:11,947] Trial 373 finished with values: [0.9114840571689871, 0.27958172812328014] and parameters: {'psi': 0.6139292741847048}.
[I 2025-08-09 20:11:18,379] Trial 374 finished with values: [0.9097701082291693, 0.2771618625277162] and parameters: {'psi': 0.8678114257832132}.
[I 2025-08-09 20:11:24,851] Trial 375 finished with values: [0.9143775989249361, 0.2846153846153846] and parameters: {'psi': 0.10653676394384626}.
[I 2025-08-09 20:11:31,325] Trial 376 finished with values: [0.9196839870328446, 0.2918266593527153] and parameters: {'psi': 0.050327196000171104}.
[I 2025-08-09 20:11:37,758] Trial 377 finished with values: [0.9085187548474125, 0.2817371937639198] and parameters: {'psi': 0.9720936529105635}.
[I 2025-08-09 20:11:44,200] Trial 378 finished with values: [0.9115279835177631, 0.27973568281938327] and parameters: {'psi': 0.6392935454587535}.
[I 2025-08-09 20:11:50,637] Trial 379 finished with values: [0.9115671643607158, 0.280022136137244] and parameters: {'psi': 0.7670415069538483}.
[I 2025-08-09 20:11:57,102] Trial 380 finished with values: [0.9110962945873735, 0.28147333699835075] and parameters: {'psi': 0.3586660264151992}.
[I 2025-08-09 20:12:03,550] Trial 381 finished with values: [0.9111915697427522, 0.28193832599118945] and parameters: {'psi': 0.4633471090486493}.
[I 2025-08-09 20:12:09,988] Trial 382 finished with values: [0.9115915307079248, 0.2803532008830022] and parameters: {'psi': 0.7395124275708753}.
[I 2025-08-09 20:12:16,431] Trial 383 finished with values: [0.9115634531318026, 0.27973568281938327] and parameters: {'psi': 0.6740013262670544}.
[I 2025-08-09 20:12:22,909] Trial 384 finished with values: [0.9122792031735996, 0.28272827282728275] and parameters: {'psi': 0.1732322140844882}.
[I 2025-08-09 20:12:29,349] Trial 385 finished with values: [0.9115756210954524, 0.2798898071625344] and parameters: {'psi': 0.6814974546863782}.
[I 2025-08-09 20:12:35,803] Trial 386 finished with values: [0.9113883257149712, 0.28068244358833244] and parameters: {'psi': 0.5688228690018194}.
[I 2025-08-09 20:12:42,265] Trial 387 finished with values: [0.9161663504212915, 0.287596048298573] and parameters: {'psi': 0.0793473039344198}.
[I 2025-08-09 20:12:48,721] Trial 388 finished with values: [0.9111774549049182, 0.28193832599118945] and parameters: {'psi': 0.4551438390561968}.
[I 2025-08-09 20:12:55,175] Trial 389 finished with values: [0.9050185184238788, 0.2788888888888889] and parameters: {'psi': 0.9379696641918035}.
[I 2025-08-09 20:13:01,623] Trial 390 finished with values: [0.9111768465067358, 0.28193832599118945] and parameters: {'psi': 0.4545630030197395}.
[I 2025-08-09 20:13:08,079] Trial 391 finished with values: [0.9111987184213967, 0.28193832599118945] and parameters: {'psi': 0.46862202787469764}.
[I 2025-08-09 20:13:14,540] Trial 392 finished with values: [0.9111408597542413, 0.28193832599118945] and parameters: {'psi': 0.4330145103027643}.
[I 2025-08-09 20:13:20,997] Trial 393 finished with values: [0.9112184001026002, 0.2820936639118457] and parameters: {'psi': 0.47734761219403965}.
[I 2025-08-09 20:13:27,448] Trial 394 finished with values: [0.9111077020532952, 0.2816281628162816] and parameters: {'psi': 0.3433260538302081}.
[I 2025-08-09 20:13:33,883] Trial 395 finished with values: [0.9119037302352725, 0.28444444444444444] and parameters: {'psi': 0.9866502214834487}.
[I 2025-08-09 20:13:40,328] Trial 396 finished with values: [0.911427263198651, 0.2798898071625344] and parameters: {'psi': 0.5858271228337382}.
[I 2025-08-09 20:13:46,778] Trial 397 finished with values: [0.9114568313503204, 0.2812846068660022] and parameters: {'psi': 0.7996192053411383}.
[I 2025-08-09 20:13:53,252] Trial 398 finished with values: [0.914327801533699, 0.2846153846153846] and parameters: {'psi': 0.10746541796230291}.
[I 2025-08-09 20:13:59,711] Trial 399 finished with values: [0.9134525294884516, 0.2846153846153846] and parameters: {'psi': 0.12817648097206924}.
[I 2025-08-09 20:14:06,146] Trial 400 finished with values: [0.9053251815277656, 0.27842484747642815] and parameters: {'psi': 0.9213871827524032}.
[I 2025-08-09 20:14:12,600] Trial 401 finished with values: [0.9116175701501356, 0.28272827282728275] and parameters: {'psi': 0.22259581007526685}.
[I 2025-08-09 20:14:19,049] Trial 402 finished with values: [0.9153336966687279, 0.28665568369028005] and parameters: {'psi': 0.09025879127390812}.
[I 2025-08-09 20:14:25,487] Trial 403 finished with values: [0.909628838171194, 0.2762063227953411] and parameters: {'psi': 0.8700457165110035}.
[I 2025-08-09 20:14:31,921] Trial 404 finished with values: [0.911591317768561, 0.2798898071625344] and parameters: {'psi': 0.7045774066085154}.
[I 2025-08-09 20:14:38,483] Trial 405 finished with values: [0.9220154601278951, 0.2936986301369863] and parameters: {'psi': 0.03877687667623897}.
[I 2025-08-09 20:14:44,943] Trial 406 finished with values: [0.9166809336040462, 0.28885227896760024] and parameters: {'psi': 0.07368354299710933}.
[I 2025-08-09 20:14:51,391] Trial 407 finished with values: [0.9111422894899701, 0.28193832599118945] and parameters: {'psi': 0.4338775506801805}.
[I 2025-08-09 20:14:57,843] Trial 408 finished with values: [0.9175481747932844, 0.28885227896760024] and parameters: {'psi': 0.06553565471150169}.
[I 2025-08-09 20:15:04,303] Trial 409 finished with values: [0.9158571016251288, 0.287596048298573] and parameters: {'psi': 0.08314120472019904}.
[I 2025-08-09 20:15:10,759] Trial 410 finished with values: [0.9111160675283047, 0.2816281628162816] and parameters: {'psi': 0.3334964456290953}.
[I 2025-08-09 20:15:17,211] Trial 411 finished with values: [0.9147625020350919, 0.2846153846153846] and parameters: {'psi': 0.09936525513616712}.
[I 2025-08-09 20:15:23,666] Trial 412 finished with values: [0.9111672338154524, 0.28257284222100054] and parameters: {'psi': 0.30689511705583605}.
[I 2025-08-09 20:15:30,091] Trial 413 finished with values: [0.9115929604436538, 0.28019856591285164] and parameters: {'psi': 0.7276029093578469}.
[I 2025-08-09 20:15:36,546] Trial 414 finished with values: [0.9111413160528781, 0.28193832599118945] and parameters: {'psi': 0.4333499914633049}.
[I 2025-08-09 20:15:43,012] Trial 415 finished with values: [0.9233647351971247, 0.29698630136986304] and parameters: {'psi': 0.033439483187029606}.
[I 2025-08-09 20:15:49,461] Trial 416 finished with values: [0.9112830424094905, 0.28257284222100054] and parameters: {'psi': 0.2726272454379228}.
[I 2025-08-09 20:15:55,879] Trial 417 finished with values: [0.9115936601015635, 0.28019856591285164] and parameters: {'psi': 0.723919747108477}.
[I 2025-08-09 20:16:02,353] Trial 418 finished with values: [0.9118730669668748, 0.282883874518437] and parameters: {'psi': 0.1995164016784946}.
[I 2025-08-09 20:16:08,799] Trial 419 finished with values: [0.911468177976424, 0.27973568281938327] and parameters: {'psi': 0.6053922576715379}.
[I 2025-08-09 20:16:15,234] Trial 420 finished with values: [0.9114664744615129, 0.27973568281938327] and parameters: {'psi': 0.6047757819699613}.
[I 2025-08-09 20:16:21,672] Trial 421 finished with values: [0.9113235313085355, 0.2809917355371901] and parameters: {'psi': 0.5345633535938936}.
[I 2025-08-09 20:16:28,124] Trial 422 finished with values: [0.9118924140290781, 0.282883874518437] and parameters: {'psi': 0.1979871359628086}.
[I 2025-08-09 20:16:34,565] Trial 423 finished with values: [0.9115590726648887, 0.27973568281938327] and parameters: {'psi': 0.6698885145593065}.
[I 2025-08-09 20:16:41,015] Trial 424 finished with values: [0.9115941164002004, 0.28019856591285164] and parameters: {'psi': 0.724218755752705}.
[I 2025-08-09 20:16:47,446] Trial 425 finished with values: [0.9106159642222932, 0.27811634349030473] and parameters: {'psi': 0.8499128772823376}.
[I 2025-08-09 20:16:53,924] Trial 426 finished with values: [0.9208136911980115, 0.3589462129527991] and parameters: {'psi': 0.004451470114799405}.
[I 2025-08-09 20:17:00,383] Trial 427 finished with values: [0.9110975722235566, 0.2816281628162816] and parameters: {'psi': 0.38481927394720694}.
[I 2025-08-09 20:17:06,816] Trial 428 finished with values: [0.911461637695962, 0.2798898071625344] and parameters: {'psi': 0.6025963998823844}.
[I 2025-08-09 20:17:13,248] Trial 429 finished with values: [0.9115906485305602, 0.28019856591285164] and parameters: {'psi': 0.7293716185993876}.
[I 2025-08-09 20:17:19,704] Trial 430 finished with values: [0.9118542674630357, 0.282883874518437] and parameters: {'psi': 0.20094015033086288}.
[I 2025-08-09 20:17:26,138] Trial 431 finished with values: [0.9050832824104055, 0.2785793562708102] and parameters: {'psi': 0.9270250006174452}.
[I 2025-08-09 20:17:32,573] Trial 432 finished with values: [0.9115179145278429, 0.2798898071625344] and parameters: {'psi': 0.6332062490712417}.
[I 2025-08-09 20:17:39,006] Trial 433 finished with values: [0.911202977208674, 0.28193832599118945] and parameters: {'psi': 0.47045162443923205}.
[I 2025-08-09 20:17:45,467] Trial 434 finished with values: [0.9111475217143395, 0.28193832599118945] and parameters: {'psi': 0.4368964270452811}.
[I 2025-08-09 20:17:51,903] Trial 435 finished with values: [0.9113564152302994, 0.2809917355371901] and parameters: {'psi': 0.5519766281795606}.
[I 2025-08-09 20:17:58,356] Trial 436 finished with values: [0.9151765474181893, 0.2868131868131868] and parameters: {'psi': 0.09259416696482226}.
[I 2025-08-09 20:18:04,792] Trial 437 finished with values: [0.9114090112531761, 0.28083700440528636] and parameters: {'psi': 0.5775659513934098}.
[I 2025-08-09 20:18:11,249] Trial 438 finished with values: [0.9181361916366667, 0.28885227896760024] and parameters: {'psi': 0.06072588627277864}.
[I 2025-08-09 20:18:17,670] Trial 439 finished with values: [0.9160415375341525, 0.28492239467849223] and parameters: {'psi': 0.9990353847111484}.
[I 2025-08-09 20:18:24,106] Trial 440 finished with values: [0.9112190389206919, 0.2820936639118457] and parameters: {'psi': 0.4780159398086703}.
[I 2025-08-09 20:18:30,544] Trial 441 finished with values: [0.9115810358392769, 0.2808181315644002] and parameters: {'psi': 0.7586208593102897}.
[I 2025-08-09 20:18:36,973] Trial 442 finished with values: [0.9115264625223068, 0.2812846068660022] and parameters: {'psi': 0.7855974560609351}.
[I 2025-08-09 20:18:43,406] Trial 443 finished with values: [0.9115823743152782, 0.28004410143329656] and parameters: {'psi': 0.6902910683668994}.
[I 2025-08-09 20:18:49,855] Trial 444 finished with values: [0.9110977851629206, 0.2816281628162816] and parameters: {'psi': 0.38710995213455435}.
[I 2025-08-09 20:18:56,310] Trial 445 finished with values: [0.9157353307289025, 0.28665568369028005] and parameters: {'psi': 0.0847278578910412}.
[I 2025-08-09 20:19:02,772] Trial 446 finished with values: [0.9115093056935605, 0.28257284222100054] and parameters: {'psi': 0.23537206320359083}.
[I 2025-08-09 20:19:09,247] Trial 447 finished with values: [0.9218814604282003, 0.2936986301369863] and parameters: {'psi': 0.03936115045765898}.
[I 2025-08-09 20:19:15,689] Trial 448 finished with values: [0.9175492699100131, 0.28885227896760024] and parameters: {'psi': 0.06552560674721486}.
[I 2025-08-09 20:19:22,131] Trial 449 finished with values: [0.9081590090021029, 0.2771618625277162] and parameters: {'psi': 0.888265468591463}.
