[I 2025-08-09 19:14:05,529] Trial 301 finished with values: [0.9417779104060648, 0.25093167701863356] and parameters: {'psi': 0.7741408408051607}.
[I 2025-08-09 19:14:10,565] Trial 302 finished with values: [0.9357931295019984, 0.24600246002460024] and parameters: {'psi': 0.8813769173630278}.
[I 2025-08-09 19:14:15,609] Trial 303 finished with values: [0.9461588766948467, 0.23014959723820483] and parameters: {'psi': 0.5879294455094093}.
[I 2025-08-09 19:14:20,739] Trial 304 finished with values: [0.9391017114340046, 0.20021528525296017] and parameters: {'psi': 0.982169642818921}.
[I 2025-08-09 19:14:25,808] Trial 305 finished with values: [0.9477123736900752, 0.22] and parameters: {'psi': 0.06479497996041472}.
[I 2025-08-09 19:14:30,856] Trial 306 finished with values: [0.9364772586579638, 0.24969097651421507] and parameters: {'psi': 0.8695054302547138}.
[I 2025-08-09 19:14:35,915] Trial 307 finished with values: [0.935857574151029, 0.24600246002460024] and parameters: {'psi': 0.8801762892075781}.
[I 2025-08-09 19:14:40,947] Trial 308 finished with values: [0.9472123721027685, 0.21651785714285715] and parameters: {'psi': 0.16202148560364626}.
[I 2025-08-09 19:14:45,989] Trial 309 finished with values: [0.9453556995419033, 0.22977725674091443] and parameters: {'psi': 0.6428937314295394}.
[I 2025-08-09 19:14:51,013] Trial 310 finished with values: [0.9469863396391733, 0.21476510067114093] and parameters: {'psi': 0.4203899559921346}.
[I 2025-08-09 19:14:56,029] Trial 311 finished with values: [0.9470901494925379, 0.21555555555555556] and parameters: {'psi': 0.3168067841277833}.
[I 2025-08-09 19:15:01,073] Trial 312 finished with values: [0.9470628478185645, 0.21286031042128603] and parameters: {'psi': 0.36034076958454053}.
[I 2025-08-09 19:15:06,115] Trial 313 finished with values: [0.9461844323315313, 0.23014959723820483] and parameters: {'psi': 0.5857447009471968}.
[I 2025-08-09 19:15:11,170] Trial 314 finished with values: [0.9401560004952396, 0.255050505050505] and parameters: {'psi': 0.8071779061240018}.
[I 2025-08-09 19:15:16,221] Trial 315 finished with values: [0.9473230073746266, 0.2182628062360802] and parameters: {'psi': 0.11988140609280762}.
[I 2025-08-09 19:15:21,271] Trial 316 finished with values: [0.9469501490480923, 0.21548821548821548] and parameters: {'psi': 0.44905330543974176}.
[I 2025-08-09 19:15:26,332] Trial 317 finished with values: [0.9474050711272098, 0.21850613154960982] and parameters: {'psi': 0.10270848470947658}.
[I 2025-08-09 19:15:31,377] Trial 318 finished with values: [0.9476468179264061, 0.21777777777777776] and parameters: {'psi': 0.07134826185901977}.
[I 2025-08-09 19:15:36,427] Trial 319 finished with values: [0.947155387794882, 0.21627647714604237] and parameters: {'psi': 0.1998217069457332}.
[I 2025-08-09 19:15:41,467] Trial 320 finished with values: [0.9470755462715755, 0.21286031042128603] and parameters: {'psi': 0.3372901807887845}.
[I 2025-08-09 19:15:46,494] Trial 321 finished with values: [0.9444798237454721, 0.23140495867768596] and parameters: {'psi': 0.6858205120994533}.
[I 2025-08-09 19:15:51,535] Trial 322 finished with values: [0.9472642770294508, 0.21875] and parameters: {'psi': 0.13827527125616057}.
[I 2025-08-09 19:15:56,545] Trial 323 finished with values: [0.9469642760770669, 0.21524663677130046] and parameters: {'psi': 0.43976499776021905}.
[I 2025-08-09 19:16:01,577] Trial 324 finished with values: [0.9427475960241144, 0.24509803921568626] and parameters: {'psi': 0.7495093337644947}.
[I 2025-08-09 19:16:06,621] Trial 325 finished with values: [0.9470553874774207, 0.21309655937846836] and parameters: {'psi': 0.3688753199579117}.
[I 2025-08-09 19:16:11,663] Trial 326 finished with values: [0.9444234743602361, 0.23140495867768596] and parameters: {'psi': 0.6882718312909217}.
[I 2025-08-09 19:16:16,707] Trial 327 finished with values: [0.9379871047209674, 0.20719738276990185] and parameters: {'psi': 0.9721113389193679}.
[I 2025-08-09 19:16:21,751] Trial 328 finished with values: [0.9469080854224935, 0.21597300337457817] and parameters: {'psi': 0.47039985971493836}.
[I 2025-08-09 19:16:26,789] Trial 329 finished with values: [0.9470498319042283, 0.21309655937846836] and parameters: {'psi': 0.3744358687597602}.
[I 2025-08-09 19:16:31,839] Trial 330 finished with values: [0.9470207841929656, 0.2140468227424749] and parameters: {'psi': 0.39546309598169027}.
[I 2025-08-09 19:16:36,882] Trial 331 finished with values: [0.9347274118330534, 0.2319526627218935] and parameters: {'psi': 0.9179631561847548}.
[I 2025-08-09 19:16:41,916] Trial 332 finished with values: [0.9471568163708456, 0.21651785714285715] and parameters: {'psi': 0.19328697324486732}.
[I 2025-08-09 19:16:46,964] Trial 333 finished with values: [0.9471199908571138, 0.21603563474387527] and parameters: {'psi': 0.25457709984407706}.
[I 2025-08-09 19:16:51,998] Trial 334 finished with values: [0.9466772910390191, 0.22525597269624573] and parameters: {'psi': 0.5302084885996623}.
[I 2025-08-09 19:16:57,020] Trial 335 finished with values: [0.9470874510712732, 0.21309655937846836] and parameters: {'psi': 0.3281418455441807}.
[I 2025-08-09 19:17:02,080] Trial 336 finished with values: [0.9467533230264222, 0.22272727272727272] and parameters: {'psi': 0.5153681000535741}.
[I 2025-08-09 19:17:07,120] Trial 337 finished with values: [0.9470590382826612, 0.21286031042128603] and parameters: {'psi': 0.3633574984957627}.
[I 2025-08-09 19:17:12,165] Trial 338 finished with values: [0.9471164987825357, 0.21603563474387527] and parameters: {'psi': 0.26398096532256643}.
[I 2025-08-09 19:17:17,211] Trial 339 finished with values: [0.9492747596024114, 0.21420765027322405] and parameters: {'psi': 0.016256125132194987}.
[I 2025-08-09 19:17:22,246] Trial 340 finished with values: [0.9436918847361421, 0.23642943305186973] and parameters: {'psi': 0.7183450156852242}.
[I 2025-08-09 19:17:27,288] Trial 341 finished with values: [0.9383769472284039, 0.25440806045340053] and parameters: {'psi': 0.8373653835020495}.
[I 2025-08-09 19:17:32,340] Trial 342 finished with values: [0.9467703072073245, 0.22045454545454546] and parameters: {'psi': 0.5094365974645719}.
[I 2025-08-09 19:17:37,375] Trial 343 finished with values: [0.9486296781894545, 0.2185430463576159] and parameters: {'psi': 0.025624499234081832}.
[I 2025-08-09 19:17:42,429] Trial 344 finished with values: [0.9465842748707138, 0.22576966932725198] and parameters: {'psi': 0.5441965760440256}.
[I 2025-08-09 19:17:47,476] Trial 345 finished with values: [0.946861894799666, 0.21896162528216703] and parameters: {'psi': 0.4840315673450609}.
[I 2025-08-09 19:17:52,522] Trial 346 finished with values: [0.9405755256365893, 0.2547288776796974] and parameters: {'psi': 0.7995461583455021}.
[I 2025-08-09 19:17:57,539] Trial 347 finished with values: [0.9470787208848283, 0.21286031042128603] and parameters: {'psi': 0.33612618247790593}.
[I 2025-08-09 19:18:02,565] Trial 348 finished with values: [0.9461074479601523, 0.22811059907834103] and parameters: {'psi': 0.5921544375688916}.
[I 2025-08-09 19:18:07,598] Trial 349 finished with values: [0.9476187225991194, 0.21802002224694106] and parameters: {'psi': 0.07504681719498951}.
[I 2025-08-09 19:18:12,640] Trial 350 finished with values: [0.9472031657243356, 0.21675977653631284] and parameters: {'psi': 0.1662734110546633}.
[I 2025-08-09 19:18:17,678] Trial 351 finished with values: [0.9470712605436842, 0.21286031042128603] and parameters: {'psi': 0.3433143592876823}.
[I 2025-08-09 19:18:22,718] Trial 352 finished with values: [0.9471384036139796, 0.21627647714604237] and parameters: {'psi': 0.2297356464624215}.
[I 2025-08-09 19:18:27,848] Trial 353 finished with values: [0.940951717307039, 0.255050505050505] and parameters: {'psi': 0.7922159094713404}.
[I 2025-08-09 19:18:32,916] Trial 354 finished with values: [0.9446174432299786, 0.23113207547169812] and parameters: {'psi': 0.6797871547765955}.
[I 2025-08-09 19:18:37,960] Trial 355 finished with values: [0.942463944329982, 0.2457002457002457] and parameters: {'psi': 0.7572122597429043}.
[I 2025-08-09 19:18:42,988] Trial 356 finished with values: [0.9367104340013777, 0.2503097893432466] and parameters: {'psi': 0.8653016121590862}.
[I 2025-08-09 19:18:48,034] Trial 357 finished with values: [0.9465993542836644, 0.22576966932725198] and parameters: {'psi': 0.5419650527601304}.
[I 2025-08-09 19:18:53,062] Trial 358 finished with values: [0.9371404353664615, 0.25155666251556663] and parameters: {'psi': 0.858141772031242}.
[I 2025-08-09 19:18:58,096] Trial 359 finished with values: [0.9469133235343604, 0.21597300337457817] and parameters: {'psi': 0.46675821247753957}.
[I 2025-08-09 19:19:03,138] Trial 360 finished with values: [0.94496363480519, 0.23058823529411765] and parameters: {'psi': 0.662662625574038}.
[I 2025-08-09 19:19:08,186] Trial 361 finished with values: [0.946344115378144, 0.2296211251435132] and parameters: {'psi': 0.5705104227577131}.
[I 2025-08-09 19:19:13,233] Trial 362 finished with values: [0.9473817377198023, 0.2182628062360802] and parameters: {'psi': 0.10599696571516404}.
[I 2025-08-09 19:19:18,258] Trial 363 finished with values: [0.9348151898894917, 0.237125748502994] and parameters: {'psi': 0.9069574009955585}.
[I 2025-08-09 19:19:23,297] Trial 364 finished with values: [0.9470931653751282, 0.21555555555555556] and parameters: {'psi': 0.3144116454684024}.
[I 2025-08-09 19:19:28,316] Trial 365 finished with values: [0.9457955422080706, 0.22996515679442509] and parameters: {'psi': 0.616055333172419}.
[I 2025-08-09 19:19:33,372] Trial 366 finished with values: [0.9469239584887572, 0.2157303370786517] and parameters: {'psi': 0.4630544250236386}.
[I 2025-08-09 19:19:38,424] Trial 367 finished with values: [0.9469045933479153, 0.21597300337457817] and parameters: {'psi': 0.47178757486593514}.
[I 2025-08-09 19:19:43,474] Trial 368 finished with values: [0.9347921739434093, 0.2321219226260258] and parameters: {'psi': 0.9234586267085989}.
[I 2025-08-09 19:19:48,517] Trial 369 finished with values: [0.9464428458503044, 0.2290950744558992] and parameters: {'psi': 0.5607347785948134}.
[I 2025-08-09 19:19:53,567] Trial 370 finished with values: [0.9429947396658401, 0.24205378973105135] and parameters: {'psi': 0.7421100110360312}.
[I 2025-08-09 19:19:58,585] Trial 371 finished with values: [0.9469136409956858, 0.21597300337457817] and parameters: {'psi': 0.46919097016217826}.
[I 2025-08-09 19:20:03,609] Trial 372 finished with values: [0.9459604633665504, 0.22890173410404624] and parameters: {'psi': 0.6047358976658084}.
[I 2025-08-09 19:20:08,658] Trial 373 finished with values: [0.9444744269029426, 0.23140495867768596] and parameters: {'psi': 0.6860044332391763}.
[I 2025-08-09 19:20:13,688] Trial 374 finished with values: [0.9351799529522314, 0.24213075060532688] and parameters: {'psi': 0.8955668973296379}.
[I 2025-08-09 19:20:18,748] Trial 375 finished with values: [0.9455161762418293, 0.23130841121495327] and parameters: {'psi': 0.6333171433889788}.
[I 2025-08-09 19:20:23,781] Trial 376 finished with values: [0.9381888513931791, 0.2540880503144654] and parameters: {'psi': 0.8407180855280645}.
[I 2025-08-09 19:20:28,829] Trial 377 finished with values: [0.9468207835580431, 0.2199546485260771] and parameters: {'psi': 0.4972141165160555}.
[I 2025-08-09 19:20:33,861] Trial 378 finished with values: [0.9464653856043987, 0.2288329519450801] and parameters: {'psi': 0.5581696702155698}.
[I 2025-08-09 19:20:38,915] Trial 379 finished with values: [0.936569481172956, 0.24969097651421507] and parameters: {'psi': 0.8678034638170113}.
[I 2025-08-09 19:20:43,935] Trial 380 finished with values: [0.9470966574497062, 0.2153163152053274] and parameters: {'psi': 0.30302492363851674}.
[I 2025-08-09 19:20:48,979] Trial 381 finished with values: [0.9440109333680422, 0.23655913978494625] and parameters: {'psi': 0.7056347854271713}.
[I 2025-08-09 19:20:54,035] Trial 382 finished with values: [0.9477588817742278, 0.22] and parameters: {'psi': 0.061524784431132296}.
[I 2025-08-09 19:20:59,058] Trial 383 finished with values: [0.9453604614617825, 0.22950819672131148] and parameters: {'psi': 0.6426095768348766}.
[I 2025-08-09 19:21:04,128] Trial 384 finished with values: [0.9379885332969312, 0.2531328320802005] and parameters: {'psi': 0.8440679656133054}.
[I 2025-08-09 19:21:09,177] Trial 385 finished with values: [0.9468185613287661, 0.2199546485260771] and parameters: {'psi': 0.49771643965592205}.
[I 2025-08-09 19:21:14,201] Trial 386 finished with values: [0.9471772926263258, 0.21651785714285715] and parameters: {'psi': 0.18004890733668988}.
[I 2025-08-09 19:21:19,214] Trial 387 finished with values: [0.9459722094355855, 0.22890173410404624] and parameters: {'psi': 0.6035971677231382}.
[I 2025-08-09 19:21:24,262] Trial 388 finished with values: [0.939154410014, 0.2] and parameters: {'psi': 0.982599121509732}.
[I 2025-08-09 19:21:29,296] Trial 389 finished with values: [0.9426953736361068, 0.24509803921568626] and parameters: {'psi': 0.7508017171013449}.
[I 2025-08-09 19:21:34,355] Trial 390 finished with values: [0.9458672884675825, 0.2296983758700696] and parameters: {'psi': 0.6111004562320289}.
[I 2025-08-09 19:21:39,382] Trial 391 finished with values: [0.9471123717853073, 0.21555555555555556] and parameters: {'psi': 0.2756343255348541}.
[I 2025-08-09 19:21:44,420] Trial 392 finished with values: [0.9469445934748999, 0.2157303370786517] and parameters: {'psi': 0.4545761716920722}.
[I 2025-08-09 19:21:49,465] Trial 393 finished with values: [0.9471355464620522, 0.21627647714604237] and parameters: {'psi': 0.23335876917217568}.
[I 2025-08-09 19:21:54,518] Trial 394 finished with values: [0.9410406064781159, 0.2547288776796974] and parameters: {'psi': 0.7904024423312488}.
[I 2025-08-09 19:21:59,568] Trial 395 finished with values: [0.946860148762377, 0.21896162528216703] and parameters: {'psi': 0.48414458759835977}.
[I 2025-08-09 19:22:04,587] Trial 396 finished with values: [0.9455149063965282, 0.23130841121495327] and parameters: {'psi': 0.6333780153826952}.
[I 2025-08-09 19:22:09,615] Trial 397 finished with values: [0.9469634824237537, 0.21524663677130046] and parameters: {'psi': 0.4380368622436057}.
[I 2025-08-09 19:22:14,656] Trial 398 finished with values: [0.9471226892783786, 0.21603563474387527] and parameters: {'psi': 0.2504223497425062}.
[I 2025-08-09 19:22:19,713] Trial 399 finished with values: [0.9479680887875835, 0.21902654867256638] and parameters: {'psi': 0.04757063879923984}.
[I 2025-08-09 19:22:24,763] Trial 400 finished with values: [0.9351629687713294, 0.24213075060532688] and parameters: {'psi': 0.8960981336480984}.
[I 2025-08-09 19:22:29,808] Trial 401 finished with values: [0.9470630065492273, 0.21286031042128603] and parameters: {'psi': 0.352580750854503}.
[I 2025-08-09 19:22:34,854] Trial 402 finished with values: [0.9417452118895614, 0.25093167701863356] and parameters: {'psi': 0.7749136983641131}.
[I 2025-08-09 19:22:40,016] Trial 403 finished with values: [0.9476201511750832, 0.21802002224694106] and parameters: {'psi': 0.07483643859443068}.
[I 2025-08-09 19:22:45,056] Trial 404 finished with values: [0.9432115657510023, 0.24058323207776428] and parameters: {'psi': 0.7349275019460536}.
[I 2025-08-09 19:22:50,096] Trial 405 finished with values: [0.9467655452874454, 0.22272727272727272] and parameters: {'psi': 0.5113692640655588}.
[I 2025-08-09 19:22:55,135] Trial 406 finished with values: [0.94702586357417, 0.21380846325167038] and parameters: {'psi': 0.39308489459891305}.
[I 2025-08-09 19:23:00,165] Trial 407 finished with values: [0.9467642754421441, 0.22272727272727272] and parameters: {'psi': 0.5117889534606586}.
[I 2025-08-09 19:23:05,224] Trial 408 finished with values: [0.9470444350616986, 0.21309655937846836] and parameters: {'psi': 0.381715750562746}.
[I 2025-08-09 19:23:10,261] Trial 409 finished with values: [0.9468755456366529, 0.21871476888387825] and parameters: {'psi': 0.4800678987961987}.
[I 2025-08-09 19:23:15,291] Trial 410 finished with values: [0.9350364604332078, 0.22453703703703703] and parameters: {'psi': 0.931475273441748}.
[I 2025-08-09 19:23:20,330] Trial 411 finished with values: [0.9469152283023121, 0.21597300337457817] and parameters: {'psi': 0.46856044598071567}.
[I 2025-08-09 19:23:25,379] Trial 412 finished with values: [0.9363228137232181, 0.21372328458942633] and parameters: {'psi': 0.9524718013262451}.
[I 2025-08-09 19:23:30,425] Trial 413 finished with values: [0.9470926891831402, 0.21555555555555556] and parameters: {'psi': 0.3141451176600062}.
[I 2025-08-09 19:23:35,456] Trial 414 finished with values: [0.94711253051597, 0.21555555555555556] and parameters: {'psi': 0.2771008176969597}.
[I 2025-08-09 19:23:40,512] Trial 415 finished with values: [0.944441410925114, 0.23140495867768596] and parameters: {'psi': 0.6875731476236523}.
[I 2025-08-09 19:23:45,558] Trial 416 finished with values: [0.9447479198346661, 0.23113207547169812] and parameters: {'psi': 0.6734662063685447}.
[I 2025-08-09 19:23:50,616] Trial 417 finished with values: [0.9469757046847769, 0.21524663677130046] and parameters: {'psi': 0.4270487318665598}.
[I 2025-08-09 19:23:55,657] Trial 418 finished with values: [0.9437785516779418, 0.23557692307692307] and parameters: {'psi': 0.7147080339958309}.
[I 2025-08-09 19:24:00,703] Trial 419 finished with values: [0.9465996717449897, 0.22576966932725198] and parameters: {'psi': 0.5420093354068095}.
[I 2025-08-09 19:24:05,750] Trial 420 finished with values: [0.9449907777485008, 0.23058823529411765] and parameters: {'psi': 0.6612485768594014}.
[I 2025-08-09 19:24:10,777] Trial 421 finished with values: [0.9468180851367781, 0.2199546485260771] and parameters: {'psi': 0.49820650392967336}.
[I 2025-08-09 19:24:15,818] Trial 422 finished with values: [0.9478147549674761, 0.22] and parameters: {'psi': 0.05733729244305241}.
[I 2025-08-09 19:24:20,867] Trial 423 finished with values: [0.944640459176061, 0.2308598351001178] and parameters: {'psi': 0.6786825144055256}.
[I 2025-08-09 19:24:25,912] Trial 424 finished with values: [0.942031085812971, 0.24969097651421507] and parameters: {'psi': 0.768041706982914}.
[I 2025-08-09 19:24:30,969] Trial 425 finished with values: [0.9347531262004005, 0.23294117647058823] and parameters: {'psi': 0.9212631317906655}.
[I 2025-08-09 19:24:36,005] Trial 426 finished with values: [0.9469649109997175, 0.21524663677130046] and parameters: {'psi': 0.4374053401747501}.
[I 2025-08-09 19:24:41,086] Trial 427 finished with values: [0.9477353896361576, 0.22] and parameters: {'psi': 0.06351377365540878}.
[I 2025-08-09 19:24:46,108] Trial 428 finished with values: [0.9347710627652785, 0.2323943661971831] and parameters: {'psi': 0.922175680021727}.
[I 2025-08-09 19:24:51,143] Trial 429 finished with values: [0.9438053771599275, 0.23557692307692307] and parameters: {'psi': 0.7136301516221996}.
[I 2025-08-09 19:24:56,167] Trial 430 finished with values: [0.9347461420512446, 0.23294117647058823] and parameters: {'psi': 0.9205854057070476}.
[I 2025-08-09 19:25:01,216] Trial 431 finished with values: [0.9471025304842238, 0.2153163152053274] and parameters: {'psi': 0.2943306772744416}.
[I 2025-08-09 19:25:06,269] Trial 432 finished with values: [0.9468485614240045, 0.2192090395480226] and parameters: {'psi': 0.4881018197669036}.
[I 2025-08-09 19:25:11,323] Trial 433 finished with values: [0.9473134835348683, 0.21850613154960982] and parameters: {'psi': 0.12318951924555122}.
[I 2025-08-09 19:25:16,356] Trial 434 finished with values: [0.945596811418449, 0.2310385064177363] and parameters: {'psi': 0.6285206255540607}.
[I 2025-08-09 19:25:21,400] Trial 435 finished with values: [0.947135229000727, 0.21627647714604237] and parameters: {'psi': 0.23186115496207127}.
[I 2025-08-09 19:25:26,426] Trial 436 finished with values: [0.947094117759104, 0.21555555555555556] and parameters: {'psi': 0.3130024258544565}.
[I 2025-08-09 19:25:31,498] Trial 437 finished with values: [0.9365469414188619, 0.21252796420581654] and parameters: {'psi': 0.9553579646647972}.
[I 2025-08-09 19:25:36,531] Trial 438 finished with values: [0.9348859837650277, 0.2281722933643772] and parameters: {'psi': 0.9277138402226204}.
[I 2025-08-09 19:25:41,581] Trial 439 finished with values: [0.9355666208464153, 0.24449877750611246] and parameters: {'psi': 0.8859505574339911}.
[I 2025-08-09 19:25:46,632] Trial 440 finished with values: [0.944953952234769, 0.23058823529411765] and parameters: {'psi': 0.6630445043721106}.
[I 2025-08-09 19:25:51,684] Trial 441 finished with values: [0.9354223346740783, 0.24390243902439024] and parameters: {'psi': 0.8892460593676011}.
[I 2025-08-09 19:25:56,708] Trial 442 finished with values: [0.9472142768707202, 0.21651785714285715] and parameters: {'psi': 0.16151645606362042}.
[I 2025-08-09 19:26:01,744] Trial 443 finished with values: [0.9469260219873714, 0.2157303370786517] and parameters: {'psi': 0.4611497801682656}.
[I 2025-08-09 19:26:06,804] Trial 444 finished with values: [0.9473095152683024, 0.21850613154960982] and parameters: {'psi': 0.12345107111751163}.
[I 2025-08-09 19:26:11,865] Trial 445 finished with values: [0.9458185581541528, 0.22996515679442509] and parameters: {'psi': 0.6146615439327019}.
[I 2025-08-09 19:26:16,917] Trial 446 finished with values: [0.9396469512601627, 0.2553729456384324] and parameters: {'psi': 0.816147712834041}.
[I 2025-08-09 19:26:21,945] Trial 447 finished with values: [0.9450172857691611, 0.23058823529411765] and parameters: {'psi': 0.6598135813963042}.
[I 2025-08-09 19:26:26,978] Trial 448 finished with values: [0.9469969745935701, 0.21452513966480447] and parameters: {'psi': 0.41359372814744}.
[I 2025-08-09 19:26:32,018] Trial 449 finished with values: [0.9470936415671162, 0.21555555555555556] and parameters: {'psi': 0.3138820933837847}.
[I 2025-08-09 19:26:37,076] Trial 450 finished with values: [0.9371948799837461, 0.25155666251556663] and parameters: {'psi': 0.8572491019458476}.
