[I 2025-08-10 00:38:18,249] Trial 247 finished with values: [0.8204603839667102, 0.18194317140238314] and parameters: {'psi': 0.6741492847291328, 'lda_s': 1.0299203455299437e-06}.
[I 2025-08-10 00:38:24,213] Trial 248 finished with values: [0.8097422189699417, 0.18317061831706183] and parameters: {'psi': 0.7638799782279871, 'lda_s': 0.013666558628703114}.
[I 2025-08-10 00:38:30,187] Trial 249 finished with values: [0.8570207500793499, 0.17874507987960175] and parameters: {'psi': 0.02309187026946602, 'lda_s': 6.698675354601734}.
[I 2025-08-10 00:38:36,186] Trial 250 finished with values: [0.8570207500793499, 0.17874507987960175] and parameters: {'psi': 0.02309187026946602, 'lda_s': 0.3831776228253471}.
[I 2025-08-10 00:38:42,151] Trial 251 finished with values: [0.805547254789569, 0.1798165137614679] and parameters: {'psi': 0.3131999390282417, 'lda_s': 0.0018043521253099746}.
[I 2025-08-10 00:38:48,119] Trial 252 finished with values: [0.8114980266852214, 0.18356603341725794] and parameters: {'psi': 0.13431919060791264, 'lda_s': 0.0007503552876162047}.
[I 2025-08-10 00:38:54,089] Trial 253 finished with values: [0.820211927868692, 0.18281786941580755] and parameters: {'psi': 0.689277724279558, 'lda_s': 4.944535426334882e-05}.
[I 2025-08-10 00:39:00,084] Trial 254 finished with values: [0.8102149712129435, 0.18152123191787214] and parameters: {'psi': 0.8227633439716717, 'lda_s': 0.016039203506107443}.
[I 2025-08-10 00:39:06,125] Trial 255 finished with values: [0.8195066327034415, 0.17885806007796376] and parameters: {'psi': 0.507607174243256, 'lda_s': 1.7922558596652968e-05}.
[I 2025-08-10 00:39:12,094] Trial 256 finished with values: [0.8203057197757504, 0.18106807242722897] and parameters: {'psi': 0.6483326807965336, 'lda_s': 3.755599043819527e-06}.
[I 2025-08-10 00:39:18,029] Trial 257 finished with values: [0.8576843524541411, 0.18623853211009175] and parameters: {'psi': 0.03238956746213428, 'lda_s': 6.700366462942626e-08}.
[I 2025-08-10 00:39:23,998] Trial 258 finished with values: [0.8631869774667811, 0.18691159586681974] and parameters: {'psi': 0.0261128606046781, 'lda_s': 1.1280769125821783e-05}.
[I 2025-08-10 00:39:29,984] Trial 259 finished with values: [0.8372751983856077, 0.1842346471127406] and parameters: {'psi': 0.06739933471097337, 'lda_s': 1.0243386381043287e-07}.
[I 2025-08-10 00:39:35,954] Trial 260 finished with values: [0.8158778752436173, 0.18169273229070837] and parameters: {'psi': 0.9271342773677278, 'lda_s': 5.90119976059611e-07}.
[I 2025-08-10 00:39:41,947] Trial 261 finished with values: [0.880481279221733, 0.19326568265682656] and parameters: {'psi': 0.007435359809366826, 'lda_s': 7.1702174129387425e-06}.
[I 2025-08-10 00:39:47,910] Trial 262 finished with values: [0.8180579263353043, 0.18086080586080586] and parameters: {'psi': 0.1658954421679497, 'lda_s': 0.0002655781182361376}.
[I 2025-08-10 00:39:53,893] Trial 263 finished with values: [0.8570207500793499, 0.17874507987960175] and parameters: {'psi': 0.02309187026946602, 'lda_s': 0.5595618106554076}.
[I 2025-08-10 00:39:59,883] Trial 264 finished with values: [0.8167518176787905, 0.17869415807560138] and parameters: {'psi': 0.3429623086062735, 'lda_s': 0.0002655781182361376}.
[I 2025-08-10 00:40:05,933] Trial 265 finished with values: [0.8205403412637906, 0.18281786941580755] and parameters: {'psi': 0.689277724279558, 'lda_s': 3.606903375428333e-07}.
[I 2025-08-10 00:40:11,915] Trial 266 finished with values: [0.8031377786243209, 0.18611111111111112] and parameters: {'psi': 0.8243558738955741, 'lda_s': 0.010065024086213561}.
[I 2025-08-10 00:40:17,904] Trial 267 finished with values: [0.8197859433560049, 0.17889908256880735] and parameters: {'psi': 0.5396794581108036, 'lda_s': 6.700366462942626e-08}.
[I 2025-08-10 00:40:23,848] Trial 268 finished with values: [0.8195106008744986, 0.17873510540788268] and parameters: {'psi': 0.3993937718179469, 'lda_s': 2.2302901440001676e-06}.
[I 2025-08-10 00:40:29,819] Trial 269 finished with values: [0.8196667632524901, 0.184537505752416] and parameters: {'psi': 0.8455906969609347, 'lda_s': 4.443165184926729e-07}.
[I 2025-08-10 00:40:35,783] Trial 270 finished with values: [0.881546287743583, 0.1926711223784282] and parameters: {'psi': 0.007435359809366826, 'lda_s': 1.0299203455299437e-06}.
[I 2025-08-10 00:40:41,863] Trial 271 finished with values: [0.8576843524541411, 0.18623853211009175] and parameters: {'psi': 0.03238956746213428, 'lda_s': 6.700366462942626e-08}.
[I 2025-08-10 00:40:47,845] Trial 272 finished with values: [0.818547671528513, 0.1841620626151013] and parameters: {'psi': 0.8834991740345701, 'lda_s': 1.045922291495647e-07}.
[I 2025-08-10 00:40:53,844] Trial 273 finished with values: [0.8449281941900901, 0.1834862385321101] and parameters: {'psi': 0.049665505673306964, 'lda_s': 3.197069142005173e-08}.
[I 2025-08-10 00:40:59,735] Trial 274 finished with values: [0.8810055771969347, 0.1918376758127738] and parameters: {'psi': 0.007435359809366826, 'lda_s': 3.755599043819527e-06}.
[I 2025-08-10 00:41:05,663] Trial 275 finished with values: [0.8749425492513465, 0.18389199255121041] and parameters: {'psi': 0.007435359809366826, 'lda_s': 9.712026722885625e-05}.
[I 2025-08-10 00:41:11,749] Trial 276 finished with values: [0.8159720720660896, 0.17918676774638181] and parameters: {'psi': 0.9725804333542591, 'lda_s': 0.00073880625492332}.
[I 2025-08-10 00:41:17,744] Trial 277 finished with values: [0.8631869774667811, 0.18691159586681974] and parameters: {'psi': 0.0261128606046781, 'lda_s': 1.1280769125821783e-05}.
[I 2025-08-10 00:41:23,728] Trial 278 finished with values: [0.8814009905958665, 0.1926711223784282] and parameters: {'psi': 0.009355859807769762, 'lda_s': 5.165957487898775e-06}.
[I 2025-08-10 00:41:29,699] Trial 279 finished with values: [0.8634750747838278, 0.18586507572280864] and parameters: {'psi': 0.02685805645423678, 'lda_s': 2.0834146527346103e-08}.
[I 2025-08-10 00:41:35,678] Trial 280 finished with values: [0.8165458237105184, 0.14370971592265458] and parameters: {'psi': 0.07236096594588715, 'lda_s': 0.07907789789322772}.
[I 2025-08-10 00:41:41,628] Trial 281 finished with values: [0.8643271787810071, 0.18636676612347947] and parameters: {'psi': 0.0261128606046781, 'lda_s': 1.045922291495647e-07}.
[I 2025-08-10 00:41:47,615] Trial 282 finished with values: [0.819895257020599, 0.17889908256880735] and parameters: {'psi': 0.5668636209852964, 'lda_s': 1.0299203455299437e-06}.
[I 2025-08-10 00:41:53,601] Trial 283 finished with values: [0.8640103459667483, 0.18590773467982558] and parameters: {'psi': 0.0261128606046781, 'lda_s': 2.7202356246544764e-06}.
[I 2025-08-10 00:41:59,596] Trial 284 finished with values: [0.8643326586362761, 0.18636676612347947] and parameters: {'psi': 0.0261128606046781, 'lda_s': 5.7519257454162734e-08}.
[I 2025-08-10 00:42:05,609] Trial 285 finished with values: [0.8222613802421902, 0.18398715301674695] and parameters: {'psi': 0.06828591772803028, 'lda_s': 0.0005669631361393526}.
[I 2025-08-10 00:42:11,708] Trial 286 finished with values: [0.8135903865954209, 0.15577525922353508] and parameters: {'psi': 0.8160972931132153, 'lda_s': 0.8133320075936195}.
[I 2025-08-10 00:42:17,685] Trial 287 finished with values: [0.7980829225736403, 0.14743435316791134] and parameters: {'psi': 0.17412826554878802, 'lda_s': 0.013801783808800799}.
[I 2025-08-10 00:42:23,686] Trial 288 finished with values: [0.8772683698920662, 0.1787214185720952] and parameters: {'psi': 0.007435359809366826, 'lda_s': 0.0002651693456289576}.
[I 2025-08-10 00:42:29,664] Trial 289 finished with values: [0.8065292826459138, 0.13658536585365855] and parameters: {'psi': 0.40453715048443384, 'lda_s': 0.02737102317228608}.
[I 2025-08-10 00:42:35,599] Trial 290 finished with values: [0.816729007443803, 0.17823596792668958] and parameters: {'psi': 0.32443116810488826, 'lda_s': 0.0002655781182361376}.
[I 2025-08-10 00:42:41,647] Trial 291 finished with values: [0.8279177651346988, 0.1475095785440613] and parameters: {'psi': 0.689277724279558, 'lda_s': 0.03129902352080905}.
[I 2025-08-10 00:42:47,627] Trial 292 finished with values: [0.8699102064976829, 0.1914450867052023] and parameters: {'psi': 0.002836999043081878, 'lda_s': 2.1459051718714606e-08}.
[I 2025-08-10 00:42:53,624] Trial 293 finished with values: [0.881765805886682, 0.1926711223784282] and parameters: {'psi': 0.007435359809366826, 'lda_s': 2.2822917556715934e-07}.
[I 2025-08-10 00:42:59,600] Trial 294 finished with values: [0.8195275533331638, 0.17794083925705115] and parameters: {'psi': 0.440179073783461, 'lda_s': 3.305408253218156e-08}.
[I 2025-08-10 00:43:05,630] Trial 295 finished with values: [0.8063931500837337, 0.12074001947419669] and parameters: {'psi': 0.43911203747158745, 'lda_s': 0.7194076783324204}.
[I 2025-08-10 00:43:11,623] Trial 296 finished with values: [0.8684816514199818, 0.18824609733700642] and parameters: {'psi': 0.022671026247348958, 'lda_s': 2.1459051718714606e-08}.
[I 2025-08-10 00:43:17,586] Trial 297 finished with values: [0.8573732424443998, 0.18669724770642201] and parameters: {'psi': 0.03238956746213428, 'lda_s': 3.1451519833125657e-06}.
[I 2025-08-10 00:43:23,544] Trial 298 finished with values: [0.820534874905702, 0.18281786941580755] and parameters: {'psi': 0.689277724279558, 'lda_s': 1.1110644023251561e-06}.
[I 2025-08-10 00:43:29,513] Trial 299 finished with values: [0.8198052848156127, 0.17889908256880735] and parameters: {'psi': 0.5450236210116127, 'lda_s': 1.5749910839717787e-07}.
[I 2025-08-10 00:43:35,568] Trial 300 finished with values: [0.8739608588245132, 0.18946884341227868] and parameters: {'psi': 0.018343464989730385, 'lda_s': 7.534677683944345e-08}.
[I 2025-08-10 00:43:41,487] Trial 301 finished with values: [0.8205734498474738, 0.18285976168652612] and parameters: {'psi': 0.6959607924374216, 'lda_s': 2.1459051718714606e-08}.
[I 2025-08-10 00:43:47,436] Trial 302 finished with values: [0.8172151218954662, 0.18223653934652553] and parameters: {'psi': 0.9094455444404196, 'lda_s': 1.0299203455299437e-06}.
[I 2025-08-10 00:43:53,532] Trial 303 finished with values: [0.8804985556127296, 0.19326568265682656] and parameters: {'psi': 0.007435359809366826, 'lda_s': 7.037668268966959e-06}.
[I 2025-08-10 00:43:59,528] Trial 304 finished with values: [0.8233701466231108, 0.12274368231046931] and parameters: {'psi': 0.619490736048162, 'lda_s': 0.0582529218567821}.
[I 2025-08-10 00:44:05,484] Trial 305 finished with values: [0.8196157709046896, 0.1806510774873911] and parameters: {'psi': 0.6473823008833947, 'lda_s': 9.924138511220021e-05}.
[I 2025-08-10 00:44:11,499] Trial 306 finished with values: [0.8126360009646706, 0.1537352870526063] and parameters: {'psi': 0.7999725094346732, 'lda_s': 0.38979732877556017}.
[I 2025-08-10 00:44:17,454] Trial 307 finished with values: [0.8183811568131042, 0.18019257221458046] and parameters: {'psi': 0.6296043909003798, 'lda_s': 0.0002651693456289576}.
[I 2025-08-10 00:44:23,420] Trial 308 finished with values: [0.8205429327224402, 0.18281786941580755] and parameters: {'psi': 0.689277724279558, 'lda_s': 2.1459051718714606e-08}.
[I 2025-08-10 00:44:29,371] Trial 309 finished with values: [0.8694967338712878, 0.16076099881093936] and parameters: {'psi': 0.002836999043081878, 'lda_s': 0.0007614372391621271}.
[I 2025-08-10 00:44:35,375] Trial 310 finished with values: [0.8811238934808996, 0.19225449515905949] and parameters: {'psi': 0.007435359809366826, 'lda_s': 2.9951494730953036e-06}.
[I 2025-08-10 00:44:41,352] Trial 311 finished with values: [0.8762037662856303, 0.1982023507720673] and parameters: {'psi': 0.007435359809366826, 'lda_s': 4.894271298784883e-05}.
[I 2025-08-10 00:44:47,335] Trial 312 finished with values: [0.8818210228519683, 0.19308755760368665] and parameters: {'psi': 0.007435359809366826, 'lda_s': 2.833403904798528e-08}.
[I 2025-08-10 00:44:53,323] Trial 313 finished with values: [0.8167244993855274, 0.17823596792668958] and parameters: {'psi': 0.31668605524459137, 'lda_s': 0.0002655781182361376}.
[I 2025-08-10 00:44:59,277] Trial 314 finished with values: [0.8188719007976673, 0.18466497812571955] and parameters: {'psi': 0.8726156957615472, 'lda_s': 1.1260028637177913e-05}.
[I 2025-08-10 00:45:05,288] Trial 315 finished with values: [0.8636282812792975, 0.18682579756713336] and parameters: {'psi': 0.0261128606046781, 'lda_s': 6.428626435821894e-06}.
[I 2025-08-10 00:45:11,245] Trial 316 finished with values: [0.8198087130994509, 0.1793577981651376] and parameters: {'psi': 0.5674594508634855, 'lda_s': 1.2082064036616595e-05}.
[I 2025-08-10 00:45:17,228] Trial 317 finished with values: [0.8202161119946365, 0.17869415807560138] and parameters: {'psi': 0.2848548744558499, 'lda_s': 2.1459051718714606e-08}.
[I 2025-08-10 00:45:23,222] Trial 318 finished with values: [0.8810055771969347, 0.1918376758127738] and parameters: {'psi': 0.007435359809366826, 'lda_s': 3.755599043819527e-06}.
[I 2025-08-10 00:45:29,170] Trial 319 finished with values: [0.8791313587174266, 0.19460456536776574] and parameters: {'psi': 0.005926955920479204, 'lda_s': 3.896399622059813e-06}.
[I 2025-08-10 00:45:35,158] Trial 320 finished with values: [0.819600087180988, 0.1779816513761468] and parameters: {'psi': 0.49916227467127705, 'lda_s': 4.771408586107655e-06}.
[I 2025-08-10 00:45:41,134] Trial 321 finished with values: [0.8196766701829521, 0.17844036697247706] and parameters: {'psi': 0.5095837714560636, 'lda_s': 1.0934460393082115e-08}.
[I 2025-08-10 00:45:47,120] Trial 322 finished with values: [0.8201692632812391, 0.14538498326159732] and parameters: {'psi': 0.5608000513427505, 'lda_s': 0.8133320075936195}.
[I 2025-08-10 00:45:53,102] Trial 323 finished with values: [0.8130853760911053, 0.18123569794050343] and parameters: {'psi': 0.2590050264296003, 'lda_s': 0.0005950554644361362}.
[I 2025-08-10 00:45:59,125] Trial 324 finished with values: [0.8188494954780936, 0.17831767132706852] and parameters: {'psi': 0.4395637241242619, 'lda_s': 6.649608382674011e-05}.
[I 2025-08-10 00:46:05,196] Trial 325 finished with values: [0.881765805886682, 0.1926711223784282] and parameters: {'psi': 0.007435359809366826, 'lda_s': 2.2822917556715934e-07}.
[I 2025-08-10 00:46:11,171] Trial 326 finished with values: [0.8786339741200744, 0.1956170703575548] and parameters: {'psi': 0.007435359809366826, 'lda_s': 2.2426613997834097e-05}.
[I 2025-08-10 00:46:17,143] Trial 327 finished with values: [0.8198187550017177, 0.17889908256880735] and parameters: {'psi': 0.548136746917018, 'lda_s': 6.700366462942626e-08}.
[I 2025-08-10 00:46:23,142] Trial 328 finished with values: [0.8749425492513465, 0.18389199255121041] and parameters: {'psi': 0.007435359809366826, 'lda_s': 9.712026722885625e-05}.
[I 2025-08-10 00:46:29,086] Trial 329 finished with values: [0.8573732424443998, 0.18669724770642201] and parameters: {'psi': 0.03238956746213428, 'lda_s': 3.1451519833125657e-06}.
[I 2025-08-10 00:46:35,059] Trial 330 finished with values: [0.830278786422074, 0.16495806150978565] and parameters: {'psi': 0.9526048977285868, 'lda_s': 0.3205853908837537}.
[I 2025-08-10 00:46:41,042] Trial 331 finished with values: [0.862594019334549, 0.18695452457510336] and parameters: {'psi': 0.0261128606046781, 'lda_s': 1.7922558596652968e-05}.
[I 2025-08-10 00:46:47,113] Trial 332 finished with values: [0.8818091048416168, 0.19308755760368665] and parameters: {'psi': 0.007435359809366826, 'lda_s': 6.700366462942626e-08}.
[I 2025-08-10 00:46:53,084] Trial 333 finished with values: [0.8694967338712878, 0.16076099881093936] and parameters: {'psi': 0.002836999043081878, 'lda_s': 0.026601945637739564}.
[I 2025-08-10 00:46:59,122] Trial 334 finished with values: [0.8123029985282136, 0.15866983372921614] and parameters: {'psi': 0.6796867252304897, 'lda_s': 0.29024875844113895}.
[I 2025-08-10 00:47:05,084] Trial 335 finished with values: [0.8203878366217054, 0.18106807242722897] and parameters: {'psi': 0.6586281981242267, 'lda_s': 2.1459051718714606e-08}.
[I 2025-08-10 00:47:11,045] Trial 336 finished with values: [0.8247942881227996, 0.18081688848095456] and parameters: {'psi': 0.9997693596909198, 'lda_s': 5.7519257454162734e-08}.
[I 2025-08-10 00:47:17,018] Trial 337 finished with values: [0.7997505667061163, 0.14985590778097982] and parameters: {'psi': 0.14366303661769642, 'lda_s': 0.012310110576601816}.
[I 2025-08-10 00:47:23,018] Trial 338 finished with values: [0.8772197665452083, 0.17991144255418318] and parameters: {'psi': 0.007435359809366826, 'lda_s': 0.19354204645214743}.
[I 2025-08-10 00:47:29,113] Trial 339 finished with values: [0.8772197665452083, 0.17991144255418318] and parameters: {'psi': 0.007435359809366826, 'lda_s': 6.868846258946207}.
[I 2025-08-10 00:47:35,099] Trial 340 finished with values: [0.8795403637770877, 0.19418819188191883] and parameters: {'psi': 0.005926955920479204, 'lda_s': 1.5871866402374518e-06}.
[I 2025-08-10 00:47:41,075] Trial 341 finished with values: [0.8768042018558407, 0.19001610305958133] and parameters: {'psi': 0.016055290240402753, 'lda_s': 9.302973707506923e-08}.
[I 2025-08-10 00:47:47,085] Trial 342 finished with values: [0.8570212629722076, 0.17878647522000926] and parameters: {'psi': 0.02309187026946602, 'lda_s': 0.0012247589881454694}.
[I 2025-08-10 00:47:53,118] Trial 343 finished with values: [0.8316068414940255, 0.18818681318681318] and parameters: {'psi': 0.05326134374170399, 'lda_s': 0.00029894882262381444}.
[I 2025-08-10 00:47:59,085] Trial 344 finished with values: [0.8791172541638397, 0.19427780341485926] and parameters: {'psi': 0.007435359809366826, 'lda_s': 1.7922558596652968e-05}.
[I 2025-08-10 00:48:05,038] Trial 345 finished with values: [0.8187285067523964, 0.17844036697247706] and parameters: {'psi': 0.5616391571789728, 'lda_s': 0.0001435909695534852}.
[I 2025-08-10 00:48:11,018] Trial 346 finished with values: [0.8772197665452083, 0.17991144255418318] and parameters: {'psi': 0.007435359809366826, 'lda_s': 0.004140723041338685}.
[I 2025-08-10 00:48:17,024] Trial 347 finished with values: [0.8177759027494675, 0.17141500474833807] and parameters: {'psi': 0.8036561032832662, 'lda_s': 0.21084930852573264}.
[I 2025-08-10 00:48:22,982] Trial 348 finished with values: [0.8206893231417743, 0.18248509857863365] and parameters: {'psi': 0.7470191435879024, 'lda_s': 2.2822917556715934e-07}.
[I 2025-08-10 00:48:28,990] Trial 349 finished with values: [0.8440766435773099, 0.18440366972477065] and parameters: {'psi': 0.046835578418173096, 'lda_s': 3.951576409262159e-05}.
[I 2025-08-10 00:48:34,961] Trial 350 finished with values: [0.8810055771969347, 0.1918376758127738] and parameters: {'psi': 0.007435359809366826, 'lda_s': 3.755599043819527e-06}.
[I 2025-08-10 00:48:40,940] Trial 351 finished with values: [0.8183173286466805, 0.18370165745856354] and parameters: {'psi': 0.8891872296359675, 'lda_s': 6.700366462942626e-08}.
[I 2025-08-10 00:48:46,903] Trial 352 finished with values: [0.8155950148325914, 0.18069250171978904] and parameters: {'psi': 0.7200928281486628, 'lda_s': 0.0009592992457957005}.
[I 2025-08-10 00:48:52,868] Trial 353 finished with values: [0.8156204165262285, 0.1799862605907946] and parameters: {'psi': 0.2616334028151651, 'lda_s': 0.0003652203882187607}.
[I 2025-08-10 00:48:58,812] Trial 354 finished with values: [0.8786339741200744, 0.1956170703575548] and parameters: {'psi': 0.007435359809366826, 'lda_s': 2.2426613997834097e-05}.
[I 2025-08-10 00:49:04,765] Trial 355 finished with values: [0.8815821092605396, 0.1926711223784282] and parameters: {'psi': 0.007435359809366826, 'lda_s': 9.082067541610883e-07}.
[I 2025-08-10 00:49:10,726] Trial 356 finished with values: [0.8428561340393114, 0.16122004357298475] and parameters: {'psi': 0.9297950500517946, 'lda_s': 0.13290614725512523}.
[I 2025-08-10 00:49:16,661] Trial 357 finished with values: [0.8199736081532041, 0.145748987854251] and parameters: {'psi': 0.9501728299351506, 'lda_s': 4.43785067764859}.
[I 2025-08-10 00:49:22,581] Trial 358 finished with values: [0.8058303041611213, 0.12094611070470616] and parameters: {'psi': 0.43381036538500684, 'lda_s': 0.069303224783868}.
[I 2025-08-10 00:49:28,597] Trial 359 finished with values: [0.876422866016135, 0.17888836992059784] and parameters: {'psi': 0.005926955920479204, 'lda_s': 0.001537134165433887}.
[I 2025-08-10 00:49:34,685] Trial 360 finished with values: [0.8203816954045934, 0.18098300413412954] and parameters: {'psi': 0.8008644308481624, 'lda_s': 7.1702174129387425e-06}.
[I 2025-08-10 00:49:40,675] Trial 361 finished with values: [0.8804973948552095, 0.19326568265682656] and parameters: {'psi': 0.007435359809366826, 'lda_s': 7.044880034490176e-06}.
[I 2025-08-10 00:49:46,628] Trial 362 finished with values: [0.881546287743583, 0.1926711223784282] and parameters: {'psi': 0.007435359809366826, 'lda_s': 1.0299203455299437e-06}.
[I 2025-08-10 00:49:52,599] Trial 363 finished with values: [0.8768042018558407, 0.19001610305958133] and parameters: {'psi': 0.016055290240402753, 'lda_s': 9.302973707506923e-08}.
[I 2025-08-10 00:49:58,543] Trial 364 finished with values: [0.8818228314741509, 0.19308755760368665] and parameters: {'psi': 0.007435359809366826, 'lda_s': 2.1459051718714606e-08}.
[I 2025-08-10 00:50:04,553] Trial 365 finished with values: [0.8038554372068784, 0.18525345622119815] and parameters: {'psi': 0.7784928859621911, 'lda_s': 0.006138997012421019}.
[I 2025-08-10 00:50:10,491] Trial 366 finished with values: [0.8205993374396076, 0.17869415807560138] and parameters: {'psi': 0.2587290562629181, 'lda_s': 2.1459051718714606e-08}.
[I 2025-08-10 00:50:16,407] Trial 367 finished with values: [0.8237610789581278, 0.1791044776119403] and parameters: {'psi': 0.9950752718515834, 'lda_s': 9.302973707506923e-08}.
[I 2025-08-10 00:50:22,358] Trial 368 finished with values: [0.8194447886225463, 0.1782768102658112] and parameters: {'psi': 0.2889525912583172, 'lda_s': 4.894271298784883e-05}.
