[I 2025-08-10 02:04:12,984] Trial 247 finished with values: [0.8862247487359862, 0.15973377703826955] and parameters: {'psi': 0.6945103232167521, 'lda_s': 0.017631562787002994}.
[I 2025-08-10 02:04:20,903] Trial 248 finished with values: [0.8740172678740254, 0.15689381933438987] and parameters: {'psi': 0.4536697276533961, 'lda_s': 1.5757618222236697e-06}.
[I 2025-08-10 02:04:28,822] Trial 249 finished with values: [0.8737923637534065, 0.12095933263816476] and parameters: {'psi': 0.5875405570897826, 'lda_s': 0.3187446599542939}.
[I 2025-08-10 02:04:36,743] Trial 250 finished with values: [0.8735085345513873, 0.16733708769107] and parameters: {'psi': 0.8367946201216504, 'lda_s': 1.2341903258518688e-07}.
[I 2025-08-10 02:04:44,656] Trial 251 finished with values: [0.8394158345012405, 0.1868566904196358] and parameters: {'psi': 0.0051255949595070405, 'lda_s': 5.865124581954649e-06}.
[I 2025-08-10 02:04:52,562] Trial 252 finished with values: [0.8862008356464455, 0.2783018867924528] and parameters: {'psi': 0.8746228577255156, 'lda_s': 0.10685259948670463}.
[I 2025-08-10 02:05:00,537] Trial 253 finished with values: [0.8862988086841848, 0.16358325219084713] and parameters: {'psi': 0.4108443417319929, 'lda_s': 3.076612279051311}.
[I 2025-08-10 02:05:08,503] Trial 254 finished with values: [0.8715591637078003, 0.20919540229885059] and parameters: {'psi': 0.22532959656319884, 'lda_s': 0.020743082709611903}.
[I 2025-08-10 02:05:16,415] Trial 255 finished with values: [0.8740895116382082, 0.15689381933438987] and parameters: {'psi': 0.5076807875754249, 'lda_s': 3.113498118044612e-07}.
[I 2025-08-10 02:05:24,337] Trial 256 finished with values: [0.8908531928010501, 0.15123194562446898] and parameters: {'psi': 0.5964949562030616, 'lda_s': 0.029100361074060485}.
[I 2025-08-10 02:05:32,249] Trial 257 finished with values: [0.8739843747635179, 0.15689381933438987] and parameters: {'psi': 0.42776780339127984, 'lda_s': 2.5725849291547896e-08}.
[I 2025-08-10 02:05:40,136] Trial 258 finished with values: [0.8733048192442858, 0.1583531274742676] and parameters: {'psi': 0.18698113913806425, 'lda_s': 1.3861774002715664e-05}.
[I 2025-08-10 02:05:48,050] Trial 259 finished with values: [0.8801651516665002, 0.1926977687626775] and parameters: {'psi': 0.3847161393220704, 'lda_s': 0.4720128578146623}.
[I 2025-08-10 02:05:55,968] Trial 260 finished with values: [0.8787988767910853, 0.29571984435797666] and parameters: {'psi': 0.37784236507096647, 'lda_s': 0.03396033453662329}.
[I 2025-08-10 02:06:03,894] Trial 261 finished with values: [0.8701425401755039, 0.24494649227110582] and parameters: {'psi': 0.31123647664233456, 'lda_s': 0.05515569415314372}.
[I 2025-08-10 02:06:11,815] Trial 262 finished with values: [0.8726766213730552, 0.1594896331738437] and parameters: {'psi': 0.47196819086344477, 'lda_s': 0.0010223796809735936}.
[I 2025-08-10 02:06:19,786] Trial 263 finished with values: [0.871968814102467, 0.14984709480122324] and parameters: {'psi': 0.26130822874545334, 'lda_s': 0.38745832936446806}.
[I 2025-08-10 02:06:27,755] Trial 264 finished with values: [0.8733826124596277, 0.16733708769107] and parameters: {'psi': 0.8520250075700855, 'lda_s': 7.501830157372113e-08}.
[I 2025-08-10 02:06:35,714] Trial 265 finished with values: [0.8945120972990317, 0.14155712841253792] and parameters: {'psi': 0.47196819086344477, 'lda_s': 0.4720128578146623}.
[I 2025-08-10 02:06:43,623] Trial 266 finished with values: [0.8517402574339944, 0.12513966480446928] and parameters: {'psi': 0.9641754424716239, 'lda_s': 3.076612279051311}.
[I 2025-08-10 02:06:51,523] Trial 267 finished with values: [0.8739619751606565, 0.15689381933438987] and parameters: {'psi': 0.42776780339127984, 'lda_s': 5.804161055516383e-06}.
[I 2025-08-10 02:06:59,488] Trial 268 finished with values: [0.8712249858488996, 0.1978913219789132] and parameters: {'psi': 0.03190823566181822, 'lda_s': 1.0977898812003004}.
[I 2025-08-10 02:07:07,464] Trial 269 finished with values: [0.8878172394204757, 0.29471544715447157] and parameters: {'psi': 0.40231412361947494, 'lda_s': 0.04630817736691618}.
[I 2025-08-10 02:07:15,411] Trial 270 finished with values: [0.8516004112647805, 0.1981981981981982] and parameters: {'psi': 0.008001149622233084, 'lda_s': 0.7927386930042432}.
[I 2025-08-10 02:07:23,410] Trial 271 finished with values: [0.881578041931653, 0.22577209797657083] and parameters: {'psi': 0.9397082483665442, 'lda_s': 0.211445834088763}.
[I 2025-08-10 02:07:31,326] Trial 272 finished with values: [0.8769700803863226, 0.33783783783783783] and parameters: {'psi': 0.8759966656299941, 'lda_s': 0.04630817736691618}.
[I 2025-08-10 02:07:39,252] Trial 273 finished with values: [0.8736543337682083, 0.16559485530546625] and parameters: {'psi': 0.8141998131795003, 'lda_s': 6.263148738997568e-08}.
[I 2025-08-10 02:07:47,169] Trial 274 finished with values: [0.87398346667151, 0.15689381933438987] and parameters: {'psi': 0.42776780339127984, 'lda_s': 1.3099676080150622e-07}.
[I 2025-08-10 02:07:55,107] Trial 275 finished with values: [0.8872877208807686, 0.13544018058690746] and parameters: {'psi': 0.5368363252249932, 'lda_s': 0.4662735636620752}.
[I 2025-08-10 02:08:03,050] Trial 276 finished with values: [0.8739224227087576, 0.15689381933438987] and parameters: {'psi': 0.48714018021545713, 'lda_s': 4.533822410253629e-05}.
[I 2025-08-10 02:08:11,024] Trial 277 finished with values: [0.8739448223116187, 0.1583531274742676] and parameters: {'psi': 0.40231412361947494, 'lda_s': 8.128294361574863e-08}.
[I 2025-08-10 02:08:18,946] Trial 278 finished with values: [0.8930702489887388, 0.15703380588876772] and parameters: {'psi': 0.5028996056609476, 'lda_s': 1.886511366526082}.
[I 2025-08-10 02:08:26,860] Trial 279 finished with values: [0.8845504288716755, 0.16938110749185667] and parameters: {'psi': 0.711884877705838, 'lda_s': 0.012433311994042132}.
[I 2025-08-10 02:08:34,799] Trial 280 finished with values: [0.8728992048140983, 0.16572807723250202] and parameters: {'psi': 0.8771057646168513, 'lda_s': 0.00023685080545587483}.
[I 2025-08-10 02:08:42,769] Trial 281 finished with values: [0.9019794387789594, 0.2894211576846307] and parameters: {'psi': 0.47196819086344477, 'lda_s': 0.03985730546832524}.
[I 2025-08-10 02:08:50,735] Trial 282 finished with values: [0.8730468202149351, 0.1968040370058873] and parameters: {'psi': 0.051494842926372075, 'lda_s': 0.017631562787002994}.
[I 2025-08-10 02:08:58,667] Trial 283 finished with values: [0.8930767065319059, 0.15921483097055616] and parameters: {'psi': 0.5028996056609476, 'lda_s': 4.690486834804712}.
[I 2025-08-10 02:09:06,597] Trial 284 finished with values: [0.8741852648954838, 0.17612193056731584] and parameters: {'psi': 0.09377996824658674, 'lda_s': 0.211445834088763}.
[I 2025-08-10 02:09:14,500] Trial 285 finished with values: [0.8833738443267961, 0.12815533980582525] and parameters: {'psi': 0.8612319190592205, 'lda_s': 6.468783818959854}.
[I 2025-08-10 02:09:22,407] Trial 286 finished with values: [0.8712249858488996, 0.1978913219789132] and parameters: {'psi': 0.03190823566181822, 'lda_s': 0.04249492637177861}.
[I 2025-08-10 02:09:30,311] Trial 287 finished with values: [0.8739618742615446, 0.1442687747035573] and parameters: {'psi': 0.1681688248000054, 'lda_s': 0.05515569415314372}.
[I 2025-08-10 02:09:38,269] Trial 288 finished with values: [0.889828158722375, 0.15986677768526228] and parameters: {'psi': 0.5964949562030616, 'lda_s': 0.017631562787002994}.
[I 2025-08-10 02:09:46,247] Trial 289 finished with values: [0.8944783969956281, 0.1396761133603239] and parameters: {'psi': 0.47196819086344477, 'lda_s': 0.38745832936446806}.
[I 2025-08-10 02:09:54,213] Trial 290 finished with values: [0.8737106354726971, 0.2016348773841962] and parameters: {'psi': 0.18698113913806425, 'lda_s': 0.7749131906125659}.
[I 2025-08-10 02:10:02,177] Trial 291 finished with values: [0.8741984826791539, 0.15885623510722796] and parameters: {'psi': 0.6750217581333783, 'lda_s': 1.823956143487368e-06}.
[I 2025-08-10 02:10:10,127] Trial 292 finished with values: [0.8737709731416653, 0.1937984496124031] and parameters: {'psi': 0.18288151461392, 'lda_s': 4.690486834804712}.
[I 2025-08-10 02:10:18,041] Trial 293 finished with values: [0.8740146444971136, 0.1643598615916955] and parameters: {'psi': 0.1267887084021454, 'lda_s': 0.015017195597335543}.
[I 2025-08-10 02:10:26,004] Trial 294 finished with values: [0.8913438651826425, 0.1550561797752809] and parameters: {'psi': 0.5142157850770898, 'lda_s': 4.106360675602753}.
[I 2025-08-10 02:10:33,929] Trial 295 finished with values: [0.8855364149940117, 0.1786046511627907] and parameters: {'psi': 0.7973413127754604, 'lda_s': 8.018084654892263}.
[I 2025-08-10 02:10:41,848] Trial 296 finished with values: [0.8864714470647944, 0.125] and parameters: {'psi': 0.8520250075700855, 'lda_s': 5.785753955705145}.
[I 2025-08-10 02:10:49,776] Trial 297 finished with values: [0.8777636519020997, 0.181651376146789] and parameters: {'psi': 0.9397082483665442, 'lda_s': 0.3106464631572294}.
[I 2025-08-10 02:10:57,713] Trial 298 finished with values: [0.8740876954541923, 0.15689381933438987] and parameters: {'psi': 0.5044713684595838, 'lda_s': 1.4048719386876526e-07}.
[I 2025-08-10 02:11:05,622] Trial 299 finished with values: [0.881578041931653, 0.22577209797657083] and parameters: {'psi': 0.9397082483665442, 'lda_s': 0.211445834088763}.
[I 2025-08-10 02:11:13,558] Trial 300 finished with values: [0.8731939311202124, 0.1586042823156225] and parameters: {'psi': 0.3328028388494698, 'lda_s': 0.00014862278258088318}.
[I 2025-08-10 02:11:21,483] Trial 301 finished with values: [0.897155452234865, 0.1017293997965412] and parameters: {'psi': 0.4838081803716182, 'lda_s': 0.11954805508757238}.
[I 2025-08-10 02:11:29,398] Trial 302 finished with values: [0.8730854645748263, 0.15865384615384615] and parameters: {'psi': 0.6611606433475307, 'lda_s': 0.002100659414958404}.
[I 2025-08-10 02:11:37,417] Trial 303 finished with values: [0.889974966930316, 0.29584599797365757] and parameters: {'psi': 0.4108443417319929, 'lda_s': 0.04264782559530881}.
[I 2025-08-10 02:11:45,307] Trial 304 finished with values: [0.879273808911208, 0.3050847457627119] and parameters: {'psi': 0.9885255523738135, 'lda_s': 0.07569867174112004}.
[I 2025-08-10 02:11:53,229] Trial 305 finished with values: [0.8725133666098606, 0.16506410256410256] and parameters: {'psi': 0.9186729577672116, 'lda_s': 9.650648674238566e-08}.
[I 2025-08-10 02:12:01,153] Trial 306 finished with values: [0.8696724512127569, 0.18693982074263765] and parameters: {'psi': 0.31123647664233456, 'lda_s': 8.018084654892263}.
[I 2025-08-10 02:12:09,076] Trial 307 finished with values: [0.8731418671784269, 0.16853932584269662] and parameters: {'psi': 0.8759966656299941, 'lda_s': 2.6956474632798352e-08}.
[I 2025-08-10 02:12:16,981] Trial 308 finished with values: [0.8753330931934467, 0.16254980079681275] and parameters: {'psi': 0.9874919025083623, 'lda_s': 4.8069865776689633e-08}.
[I 2025-08-10 02:12:24,927] Trial 309 finished with values: [0.9019794387789594, 0.2894211576846307] and parameters: {'psi': 0.47196819086344477, 'lda_s': 0.03985730546832524}.
[I 2025-08-10 02:12:32,874] Trial 310 finished with values: [0.8951926618093835, 0.11623246492985972] and parameters: {'psi': 0.47196819086344477, 'lda_s': 0.211445834088763}.
[I 2025-08-10 02:12:40,779] Trial 311 finished with values: [0.8784046639605527, 0.35978835978835977] and parameters: {'psi': 0.9373194975799646, 'lda_s': 0.04630817736691618}.
[I 2025-08-10 02:12:48,690] Trial 312 finished with values: [0.8738723767492121, 0.15776892430278885] and parameters: {'psi': 0.711884877705838, 'lda_s': 0.00019205192181419452}.
[I 2025-08-10 02:12:56,606] Trial 313 finished with values: [0.8986179848631153, 0.2927835051546392] and parameters: {'psi': 0.44502667147765473, 'lda_s': 0.04630817736691618}.
[I 2025-08-10 02:13:04,534] Trial 314 finished with values: [0.8737787423732883, 0.16044479745830023] and parameters: {'psi': 0.6607027827075405, 'lda_s': 0.00018889654905194893}.
[I 2025-08-10 02:13:12,454] Trial 315 finished with values: [0.8742900990728381, 0.17702127659574468] and parameters: {'psi': 0.1005875088217707, 'lda_s': 0.9204043279782643}.
[I 2025-08-10 02:13:20,379] Trial 316 finished with values: [0.8741701300286857, 0.13211009174311927] and parameters: {'psi': 0.1556934718434536, 'lda_s': 0.11078899291378523}.
[I 2025-08-10 02:13:28,318] Trial 317 finished with values: [0.8864029365677552, 0.1657095980311731] and parameters: {'psi': 0.6413858333807373, 'lda_s': 0.014861702553568983}.
[I 2025-08-10 02:13:36,252] Trial 318 finished with values: [0.8765599254960956, 0.1663286004056795] and parameters: {'psi': 0.7884839733139472, 'lda_s': 0.03985730546832524}.
[I 2025-08-10 02:13:44,149] Trial 319 finished with values: [0.8736270910079719, 0.1639871382636656] and parameters: {'psi': 0.8077873872943983, 'lda_s': 4.111085515385651e-05}.
[I 2025-08-10 02:13:52,053] Trial 320 finished with values: [0.8955064580476627, 0.1489539748953975] and parameters: {'psi': 0.8520250075700855, 'lda_s': 0.4662735636620752}.
[I 2025-08-10 02:13:59,982] Trial 321 finished with values: [0.8862988086841848, 0.16358325219084713] and parameters: {'psi': 0.4108443417319929, 'lda_s': 3.076612279051311}.
[I 2025-08-10 02:14:07,902] Trial 322 finished with values: [0.8724738141579614, 0.1643835616438356] and parameters: {'psi': 0.8771057646168513, 'lda_s': 0.0008091073083299226}.
[I 2025-08-10 02:14:15,819] Trial 323 finished with values: [0.8956903971288149, 0.16512215669755687] and parameters: {'psi': 0.8520250075700855, 'lda_s': 0.5417219950968358}.
[I 2025-08-10 02:14:23,749] Trial 324 finished with values: [0.894916299141651, 0.15526046986721145] and parameters: {'psi': 0.47196819086344477, 'lda_s': 1.886511366526082}.
[I 2025-08-10 02:14:31,668] Trial 325 finished with values: [0.871259190647863, 0.12127894156560089] and parameters: {'psi': 0.5970957096509679, 'lda_s': 0.211445834088763}.
[I 2025-08-10 02:14:39,560] Trial 326 finished with values: [0.8740442079369258, 0.15689381933438987] and parameters: {'psi': 0.5044713684595838, 'lda_s': 1.4360794490653462e-05}.
[I 2025-08-10 02:14:47,458] Trial 327 finished with values: [0.8737648182958341, 0.1635926222935044] and parameters: {'psi': 0.7973413127754604, 'lda_s': 4.4322960562200265e-08}.
[I 2025-08-10 02:14:55,354] Trial 328 finished with values: [0.8739078932366318, 0.1583531274742676] and parameters: {'psi': 0.3795588294545693, 'lda_s': 6.44116453136322e-08}.
[I 2025-08-10 02:15:03,319] Trial 329 finished with values: [0.8879117818884076, 0.13804437140509448] and parameters: {'psi': 0.8874768546170217, 'lda_s': 0.38745832936446806}.
[I 2025-08-10 02:15:11,268] Trial 330 finished with values: [0.872717687311634, 0.16493194555644516] and parameters: {'psi': 0.9339074957405049, 'lda_s': 1.6769815297891665e-08}.
[I 2025-08-10 02:15:19,194] Trial 331 finished with values: [0.8877056450026185, 0.12527964205816555] and parameters: {'psi': 0.5389077459296532, 'lda_s': 0.2551631077761912}.
[I 2025-08-10 02:15:27,213] Trial 332 finished with values: [0.8736292098893238, 0.19327731092436976] and parameters: {'psi': 0.06775375859256183, 'lda_s': 9.007348327976741}.
[I 2025-08-10 02:15:35,134] Trial 333 finished with values: [0.8726087162706883, 0.14556962025316456] and parameters: {'psi': 0.24235028408258608, 'lda_s': 0.211445834088763}.
[I 2025-08-10 02:15:43,072] Trial 334 finished with values: [0.871283507333852, 0.1987075928917609] and parameters: {'psi': 0.03217301943302053, 'lda_s': 0.001722903273957341}.
[I 2025-08-10 02:15:50,995] Trial 335 finished with values: [0.8828222288815636, 0.13333333333333333] and parameters: {'psi': 0.39919188594982113, 'lda_s': 0.211445834088763}.
[I 2025-08-10 02:15:58,914] Trial 336 finished with values: [0.8692757159044242, 0.16070007955449483] and parameters: {'psi': 0.04096144191488971, 'lda_s': 0.00018872369310025478}.
[I 2025-08-10 02:16:06,824] Trial 337 finished with values: [0.8813819949570624, 0.18012999071494892] and parameters: {'psi': 0.7759365404414548, 'lda_s': 4.690486834804712}.
[I 2025-08-10 02:16:14,751] Trial 338 finished with values: [0.8726610829098093, 0.16] and parameters: {'psi': 0.37784236507096647, 'lda_s': 0.0019695629220707186}.
[I 2025-08-10 02:16:22,726] Trial 339 finished with values: [0.8738909421858179, 0.16132596685082873] and parameters: {'psi': 0.17445947187678934, 'lda_s': 0.07569867174112004}.
[I 2025-08-10 02:16:30,695] Trial 340 finished with values: [0.8740872918577445, 0.15689381933438987] and parameters: {'psi': 0.5028996056609476, 'lda_s': 4.288613619891249e-08}.
[I 2025-08-10 02:16:38,638] Trial 341 finished with values: [0.8882389977085812, 0.16129032258064516] and parameters: {'psi': 0.5303815675374106, 'lda_s': 4.106360675602753}.
[I 2025-08-10 02:16:46,561] Trial 342 finished with values: [0.8739989042356439, 0.15689381933438987] and parameters: {'psi': 0.47196819086344477, 'lda_s': 1.5644866480020483e-05}.
[I 2025-08-10 02:16:54,526] Trial 343 finished with values: [0.9001011009102108, 0.24061597690086622] and parameters: {'psi': 0.4522801224182206, 'lda_s': 0.04882702585720906}.
[I 2025-08-10 02:17:02,514] Trial 344 finished with values: [0.8914553587013881, 0.12379110251450677] and parameters: {'psi': 0.4449591731808096, 'lda_s': 0.211445834088763}.
[I 2025-08-10 02:17:10,451] Trial 345 finished with values: [0.8741225056478277, 0.15689381933438987] and parameters: {'psi': 0.5311124144772338, 'lda_s': 1.989224265734291e-08}.
[I 2025-08-10 02:17:18,420] Trial 346 finished with values: [0.8740871909586324, 0.15689381933438987] and parameters: {'psi': 0.5028996056609476, 'lda_s': 4.849249694549385e-08}.
[I 2025-08-10 02:17:26,336] Trial 347 finished with values: [0.8727235394601293, 0.1594896331738437] and parameters: {'psi': 0.5028996056609476, 'lda_s': 0.0010788951962315513}.
[I 2025-08-10 02:17:34,266] Trial 348 finished with values: [0.8740649931539952, 0.15689381933438987] and parameters: {'psi': 0.5028996056609476, 'lda_s': 5.444008231724334e-06}.
[I 2025-08-10 02:17:42,164] Trial 349 finished with values: [0.8810355074064993, 0.3052294557097118] and parameters: {'psi': 0.9874919025083623, 'lda_s': 0.05515569415314372}.
[I 2025-08-10 02:17:50,065] Trial 350 finished with values: [0.8739110211091031, 0.15689381933438987] and parameters: {'psi': 0.5028996056609476, 'lda_s': 6.110072768142736e-05}.
[I 2025-08-10 02:17:57,979] Trial 351 finished with values: [0.8757905697671955, 0.14962121212121213] and parameters: {'psi': 0.7578399197425627, 'lda_s': 0.03985730546832524}.
[I 2025-08-10 02:18:05,904] Trial 352 finished with values: [0.8946127946127946, 0.15543071161048688] and parameters: {'psi': 0.8520250075700855, 'lda_s': 0.7452643190289725}.
[I 2025-08-10 02:18:13,858] Trial 353 finished with values: [0.872656239752434, 0.16493194555644516] and parameters: {'psi': 0.9316804156464711, 'lda_s': 1.713376080734826e-08}.
[I 2025-08-10 02:18:21,798] Trial 354 finished with values: [0.8766920024336866, 0.22350674373795762] and parameters: {'psi': 0.9751414032661123, 'lda_s': 0.04630817736691618}.
[I 2025-08-10 02:18:29,757] Trial 355 finished with values: [0.9034282491279794, 0.1497872340425532] and parameters: {'psi': 0.5028996056609476, 'lda_s': 0.04630817736691618}.
[I 2025-08-10 02:18:37,695] Trial 356 finished with values: [0.8708419728197971, 0.17442845046570704] and parameters: {'psi': 0.16241960125957033, 'lda_s': 0.0072138677995107255}.
[I 2025-08-10 02:18:45,605] Trial 357 finished with values: [0.8781815760239494, 0.18830525272547077] and parameters: {'psi': 0.8520250075700855, 'lda_s': 0.05515569415314372}.
[I 2025-08-10 02:18:53,561] Trial 358 finished with values: [0.8737931709463024, 0.1570182394924663] and parameters: {'psi': 0.5303815675374106, 'lda_s': 0.0001152536688896392}.
[I 2025-08-10 02:19:01,511] Trial 359 finished with values: [0.8734780630195674, 0.16626698641087131] and parameters: {'psi': 0.9506345093069557, 'lda_s': 2.1943948883853404e-07}.
[I 2025-08-10 02:19:09,412] Trial 360 finished with values: [0.8718314904110529, 0.14984709480122324] and parameters: {'psi': 0.2642656288014842, 'lda_s': 0.10685259948670463}.
[I 2025-08-10 02:19:17,385] Trial 361 finished with values: [0.8794126460893018, 0.1708542713567839] and parameters: {'psi': 0.38320751479012893, 'lda_s': 0.20833244351572655}.
[I 2025-08-10 02:19:25,337] Trial 362 finished with values: [0.8523306181382299, 0.1994191674733785] and parameters: {'psi': 0.6663829881652338, 'lda_s': 1.2540974635248456}.
[I 2025-08-10 02:19:33,250] Trial 363 finished with values: [0.8787988767910853, 0.29571984435797666] and parameters: {'psi': 0.37784236507096647, 'lda_s': 0.03396033453662329}.
[I 2025-08-10 02:19:41,207] Trial 364 finished with values: [0.8832276415135271, 0.13426329555361813] and parameters: {'psi': 0.40231412361947494, 'lda_s': 0.10284552457989199}.
[I 2025-08-10 02:19:49,176] Trial 365 finished with values: [0.8776786948498065, 0.10739614994934144] and parameters: {'psi': 0.8856435079484113, 'lda_s': 1.7204760258573146}.
[I 2025-08-10 02:19:57,103] Trial 366 finished with values: [0.8787999866813173, 0.1157684630738523] and parameters: {'psi': 0.8771057646168513, 'lda_s': 3.076612279051311}.
[I 2025-08-10 02:20:05,023] Trial 367 finished with values: [0.870827846944119, 0.13594040968342644] and parameters: {'psi': 0.5964949562030616, 'lda_s': 4.383530613891228}.
[I 2025-08-10 02:20:12,993] Trial 368 finished with values: [0.8951926618093835, 0.11623246492985972] and parameters: {'psi': 0.47196819086344477, 'lda_s': 0.211445834088763}.
[I 2025-08-10 02:20:20,962] Trial 369 finished with values: [0.9028431351775673, 0.20860018298261665] and parameters: {'psi': 0.47196819086344477, 'lda_s': 0.04630817736691618}.
[I 2025-08-10 02:20:28,992] Trial 370 finished with values: [0.8949246737679462, 0.15526046986721145] and parameters: {'psi': 0.47196819086344477, 'lda_s': 4.898480740808247}.
