[I 2025-08-10 00:13:39,513] Trial 0 finished with values: [0.8137116452647274, 0.13898873711957824] and parameters: {'psi': 0.07967870320917136, 'lda_s': 4.070636865023265}.
[I 2025-08-10 00:13:45,538] Trial 1 finished with values: [0.808000988209565, 0.12614789753504108] and parameters: {'psi': 0.46993450951357474, 'lda_s': 0.07633214771969062}.
[I 2025-08-10 00:13:51,556] Trial 2 finished with values: [0.8196291466105314, 0.17885057471264368] and parameters: {'psi': 0.9747676867598708, 'lda_s': 3.447506182591997e-05}.
[I 2025-08-10 00:13:57,601] Trial 3 finished with values: [0.800871939453592, 0.1812312658519714] and parameters: {'psi': 0.9686744078808031, 'lda_s': 0.00691960902999636}.
[I 2025-08-10 00:14:03,580] Trial 4 finished with values: [0.8202928569627661, 0.17869415807560138] and parameters: {'psi': 0.2777394471534187, 'lda_s': 1.2043216807161324e-06}.
[I 2025-08-10 00:14:09,565] Trial 5 finished with values: [0.8248101608070277, 0.17969287187714875] and parameters: {'psi': 0.14594659569119606, 'lda_s': 2.3702459200457665e-07}.
[I 2025-08-10 00:14:15,546] Trial 6 finished with values: [0.8277212056955727, 0.18027522935779816] and parameters: {'psi': 0.11482866980538953, 'lda_s': 6.129416225269989e-08}.
[I 2025-08-10 00:14:21,533] Trial 7 finished with values: [0.8135295413058803, 0.16255924170616115] and parameters: {'psi': 0.6435960723587518, 'lda_s': 1.648370448286591}.
[I 2025-08-10 00:14:27,623] Trial 8 finished with values: [0.8446260867997197, 0.1735096265367664] and parameters: {'psi': 0.03238956746213428, 'lda_s': 0.1650579480137683}.
[I 2025-08-10 00:14:33,612] Trial 9 finished with values: [0.8037481346221736, 0.14878809695224382] and parameters: {'psi': 0.7372103718919765, 'lda_s': 1.7317801723198345}.
[I 2025-08-10 00:14:39,597] Trial 10 finished with values: [0.8199656448167291, 0.1797752808988764] and parameters: {'psi': 0.5800121414583196, 'lda_s': 8.144417579300267e-08}.
[I 2025-08-10 00:14:45,570] Trial 11 finished with values: [0.8212618870343222, 0.17911131470453504] and parameters: {'psi': 0.2269965688186517, 'lda_s': 6.984834214893165e-08}.
[I 2025-08-10 00:14:51,638] Trial 12 finished with values: [0.805809585989106, 0.1151650533631174] and parameters: {'psi': 0.28526793639262193, 'lda_s': 0.28688998944511224}.
[I 2025-08-10 00:14:57,602] Trial 13 finished with values: [0.8085441957345995, 0.1828623937514358] and parameters: {'psi': 0.7655710688846469, 'lda_s': 0.0029676417028835574}.
[I 2025-08-10 00:15:03,570] Trial 14 finished with values: [0.8238973869836539, 0.14374700527072354] and parameters: {'psi': 0.8720833320195143, 'lda_s': 0.8779590295634664}.
[I 2025-08-10 00:15:09,534] Trial 15 finished with values: [0.8307752127196133, 0.16603415559772297] and parameters: {'psi': 0.8919870185624604, 'lda_s': 0.3859116359438602}.
[I 2025-08-10 00:15:15,507] Trial 16 finished with values: [0.8211633171253793, 0.17911131470453504] and parameters: {'psi': 0.22875459468387538, 'lda_s': 3.0698610571281465e-06}.
[I 2025-08-10 00:15:21,483] Trial 17 finished with values: [0.8196093192524269, 0.17844036697247706] and parameters: {'psi': 0.5030155396115396, 'lda_s': 4.982193216833386e-06}.
[I 2025-08-10 00:15:27,578] Trial 18 finished with values: [0.8274716293315758, 0.14454976303317535] and parameters: {'psi': 0.9129747629224941, 'lda_s': 0.5972858060484237}.
[I 2025-08-10 00:15:33,560] Trial 19 finished with values: [0.8215237728269039, 0.10442959663449641] and parameters: {'psi': 0.8523413526256935, 'lda_s': 2.3634879731737426}.
[I 2025-08-10 00:15:39,528] Trial 20 finished with values: [0.8202816273086185, 0.18106807242722897] and parameters: {'psi': 0.6393715014819954, 'lda_s': 2.1332980325310167e-08}.
[I 2025-08-10 00:15:45,494] Trial 21 finished with values: [0.8195304147354227, 0.17873510540788268] and parameters: {'psi': 0.4056854389116272, 'lda_s': 6.82466843637142e-08}.
[I 2025-08-10 00:15:51,483] Trial 22 finished with values: [0.799676440190997, 0.12909535452322737] and parameters: {'psi': 0.2097200242450976, 'lda_s': 0.029776432773399912}.
[I 2025-08-10 00:15:57,496] Trial 23 finished with values: [0.8772197665452083, 0.17991144255418318] and parameters: {'psi': 0.007435359809366826, 'lda_s': 6.868846258946207}.
[I 2025-08-10 00:16:03,450] Trial 24 finished with values: [0.803858811501995, 0.18514232816477666] and parameters: {'psi': 0.6329976629537297, 'lda_s': 0.010065024086213561}.
[I 2025-08-10 00:16:09,404] Trial 25 finished with values: [0.8206110394950715, 0.18169304886441845] and parameters: {'psi': 0.7681443977057684, 'lda_s': 5.746449979206304e-06}.
[I 2025-08-10 00:16:15,353] Trial 26 finished with values: [0.8072705073055649, 0.12106299212598425] and parameters: {'psi': 0.3566363175059286, 'lda_s': 0.09940739638157343}.
[I 2025-08-10 00:16:21,244] Trial 27 finished with values: [0.8199929361156313, 0.1839503334099793] and parameters: {'psi': 0.829738012466026, 'lda_s': 1.7960987497554444e-06}.
[I 2025-08-10 00:16:27,177] Trial 28 finished with values: [0.8101130000145229, 0.1792755616689592] and parameters: {'psi': 0.5248112774783181, 'lda_s': 0.0015157404980683936}.
[I 2025-08-10 00:16:33,270] Trial 29 finished with values: [0.8120608861050144, 0.1368547418967587] and parameters: {'psi': 0.08447675249703812, 'lda_s': 0.1139439628849903}.
[I 2025-08-10 00:16:39,228] Trial 30 finished with values: [0.8205886746670393, 0.18327605956471935] and parameters: {'psi': 0.7001250114957263, 'lda_s': 1.0934460393082115e-08}.
[I 2025-08-10 00:16:45,198] Trial 31 finished with values: [0.8281593106763183, 0.14608361364728495] and parameters: {'psi': 0.7855081451566722, 'lda_s': 0.030848391772258444}.
[I 2025-08-10 00:16:51,162] Trial 32 finished with values: [0.8679407789071679, 0.18824609733700642] and parameters: {'psi': 0.02309187026946602, 'lda_s': 1.5749910839717787e-07}.
[I 2025-08-10 00:16:57,114] Trial 33 finished with values: [0.8192742922388998, 0.17880946908756606] and parameters: {'psi': 0.9796119553771602, 'lda_s': 0.00029894882262381444}.
[I 2025-08-10 00:17:03,162] Trial 34 finished with values: [0.8181606128842897, 0.12852969814995133] and parameters: {'psi': 0.9155212881722827, 'lda_s': 7.3385844900186346}.
[I 2025-08-10 00:17:09,269] Trial 35 finished with values: [0.8199733517067751, 0.18399264029438822] and parameters: {'psi': 0.8312720975839375, 'lda_s': 2.1459051718714606e-08}.
[I 2025-08-10 00:17:15,247] Trial 36 finished with values: [0.8204472377129363, 0.18327605956471935] and parameters: {'psi': 0.7251746291505995, 'lda_s': 3.47645951503131e-05}.
[I 2025-08-10 00:17:21,245] Trial 37 finished with values: [0.8031562427671984, 0.18457997698504028] and parameters: {'psi': 0.6976752309491521, 'lda_s': 0.005871485719689088}.
[I 2025-08-10 00:17:27,202] Trial 38 finished with values: [0.8195706093388504, 0.17831767132706852] and parameters: {'psi': 0.376687515732423, 'lda_s': 9.425965909679749e-07}.
[I 2025-08-10 00:17:33,170] Trial 39 finished with values: [0.8199849322876149, 0.1797752808988764] and parameters: {'psi': 0.5835815915134498, 'lda_s': 2.3460526509588304e-08}.
[I 2025-08-10 00:17:39,149] Trial 40 finished with values: [0.8074964636037462, 0.1348532621877274] and parameters: {'psi': 0.7941257164821451, 'lda_s': 1.7182324157832713}.
[I 2025-08-10 00:17:45,102] Trial 41 finished with values: [0.8121514251915803, 0.18110958276020175] and parameters: {'psi': 0.6807647687837, 'lda_s': 0.0016368506304134031}.
[I 2025-08-10 00:17:51,099] Trial 42 finished with values: [0.7987026591119166, 0.17507002801120447] and parameters: {'psi': 0.22860213127940154, 'lda_s': 0.005531805596592079}.
[I 2025-08-10 00:17:57,040] Trial 43 finished with values: [0.8205458616106014, 0.18169304886441845] and parameters: {'psi': 0.7810727499814616, 'lda_s': 6.458237250958543e-06}.
[I 2025-08-10 00:18:03,053] Trial 44 finished with values: [0.8190406695422139, 0.17831767132706852] and parameters: {'psi': 0.4050632762913041, 'lda_s': 4.4642920924762613e-05}.
[I 2025-08-10 00:18:09,017] Trial 45 finished with values: [0.8288728256244726, 0.15875998121183654] and parameters: {'psi': 0.049665505673306964, 'lda_s': 6.541708008575351}.
[I 2025-08-10 00:18:15,010] Trial 46 finished with values: [0.8102179001011047, 0.15674130538351597] and parameters: {'psi': 0.689277724279558, 'lda_s': 0.3514582223799704}.
[I 2025-08-10 00:18:21,010] Trial 47 finished with values: [0.876422866016135, 0.17888836992059784] and parameters: {'psi': 0.005926955920479204, 'lda_s': 0.8133320075936195}.
[I 2025-08-10 00:18:27,105] Trial 48 finished with values: [0.8310282848533508, 0.18202659330582302] and parameters: {'psi': 0.09255078643910897, 'lda_s': 4.580696740230533e-07}.
[I 2025-08-10 00:18:33,075] Trial 49 finished with values: [0.8019729044642033, 0.18077276908923642] and parameters: {'psi': 0.5383019547661848, 'lda_s': 0.0037085034368137385}.
[I 2025-08-10 00:18:39,029] Trial 50 finished with values: [0.8195812856085989, 0.17794083925705115] and parameters: {'psi': 0.47548332769189205, 'lda_s': 1.0934460393082115e-08}.
[I 2025-08-10 00:18:45,017] Trial 51 finished with values: [0.8316068414940255, 0.18818681318681318] and parameters: {'psi': 0.05326134374170399, 'lda_s': 0.00029894882262381444}.
[I 2025-08-10 00:18:51,017] Trial 52 finished with values: [0.8184237944061962, 0.1486935866983373] and parameters: {'psi': 0.0676312740660937, 'lda_s': 0.008509834094514106}.
[I 2025-08-10 00:18:56,997] Trial 53 finished with values: [0.8199929361156313, 0.1839503334099793] and parameters: {'psi': 0.829738012466026, 'lda_s': 1.7960987497554444e-06}.
[I 2025-08-10 00:19:02,947] Trial 54 finished with values: [0.8446260867997197, 0.1735096265367664] and parameters: {'psi': 0.03238956746213428, 'lda_s': 0.1650579480137683}.
[I 2025-08-10 00:19:08,884] Trial 55 finished with values: [0.8019729044642033, 0.18077276908923642] and parameters: {'psi': 0.5383019547661848, 'lda_s': 0.0037085034368137385}.
[I 2025-08-10 00:19:14,859] Trial 56 finished with values: [0.8211834009299125, 0.15435763476608882] and parameters: {'psi': 0.6052029690897021, 'lda_s': 0.3340661359321982}.
[I 2025-08-10 00:19:20,811] Trial 57 finished with values: [0.8196552771519134, 0.17839944966750745] and parameters: {'psi': 0.5046841397370757, 'lda_s': 4.580696740230533e-07}.
[I 2025-08-10 00:19:26,907] Trial 58 finished with values: [0.800871939453592, 0.1812312658519714] and parameters: {'psi': 0.9686744078808031, 'lda_s': 0.00691960902999636}.
[I 2025-08-10 00:19:32,868] Trial 59 finished with values: [0.8199733517067751, 0.18399264029438822] and parameters: {'psi': 0.8312720975839375, 'lda_s': 2.1459051718714606e-08}.
[I 2025-08-10 00:19:38,839] Trial 60 finished with values: [0.8202804665510983, 0.18106807242722897] and parameters: {'psi': 0.6393715014819954, 'lda_s': 1.5749910839717787e-07}.
[I 2025-08-10 00:19:44,837] Trial 61 finished with values: [0.8227614237840943, 0.11911154503295093] and parameters: {'psi': 0.8720833320195143, 'lda_s': 1.648370448286591}.
[I 2025-08-10 00:19:50,859] Trial 62 finished with values: [0.8307752127196133, 0.16603415559772297] and parameters: {'psi': 0.8919870185624604, 'lda_s': 0.3859116359438602}.
[I 2025-08-10 00:19:56,861] Trial 63 finished with values: [0.7994032302640044, 0.17710280373831774] and parameters: {'psi': 0.4274914115474615, 'lda_s': 0.010065024086213561}.
[I 2025-08-10 00:20:02,846] Trial 64 finished with values: [0.8064743356242368, 0.11405901314158196] and parameters: {'psi': 0.29782848661722405, 'lda_s': 1.6276249122736153}.
[I 2025-08-10 00:20:08,809] Trial 65 finished with values: [0.8281593106763183, 0.14608361364728495] and parameters: {'psi': 0.7855081451566722, 'lda_s': 0.030848391772258444}.
[I 2025-08-10 00:20:14,786] Trial 66 finished with values: [0.8124943480556799, 0.17401446232796827] and parameters: {'psi': 0.07967870320917136, 'lda_s': 0.0021118395098001807}.
[I 2025-08-10 00:20:20,729] Trial 67 finished with values: [0.8643271787810071, 0.18636676612347947] and parameters: {'psi': 0.0261128606046781, 'lda_s': 1.045922291495647e-07}.
[I 2025-08-10 00:20:26,641] Trial 68 finished with values: [0.818928723927429, 0.18073394495412845] and parameters: {'psi': 0.7655542732957364, 'lda_s': 0.00029894882262381444}.
[I 2025-08-10 00:20:32,593] Trial 69 finished with values: [0.8058590666526942, 0.18043728423475258] and parameters: {'psi': 0.9868414328418829, 'lda_s': 0.006363183515452097}.
[I 2025-08-10 00:20:38,633] Trial 70 finished with values: [0.807329422498299, 0.1111385527290689] and parameters: {'psi': 0.40317601237491685, 'lda_s': 2.7432456664174683}.
[I 2025-08-10 00:20:44,586] Trial 71 finished with values: [0.8197245851736064, 0.17873510540788268] and parameters: {'psi': 0.34037824689502816, 'lda_s': 4.580696740230533e-07}.
[I 2025-08-10 00:20:50,567] Trial 72 finished with values: [0.8116615180322061, 0.1728105189011505] and parameters: {'psi': 0.5699594537168987, 'lda_s': 0.016373908375942468}.
[I 2025-08-10 00:20:56,644] Trial 73 finished with values: [0.8197950944443607, 0.17889908256880735] and parameters: {'psi': 0.5446076216629683, 'lda_s': 1.2043216807161324e-06}.
[I 2025-08-10 00:21:02,622] Trial 74 finished with values: [0.8288728256244726, 0.15875998121183654] and parameters: {'psi': 0.049665505673306964, 'lda_s': 6.541708008575351}.
[I 2025-08-10 00:21:08,609] Trial 75 finished with values: [0.8032306797174684, 0.1293774319066148] and parameters: {'psi': 0.7672502626851598, 'lda_s': 4.0254652356042255}.
[I 2025-08-10 00:21:14,592] Trial 76 finished with values: [0.8020615674426844, 0.11753086419753087] and parameters: {'psi': 0.23472630104636638, 'lda_s': 6.541708008575351}.
[I 2025-08-10 00:21:20,568] Trial 77 finished with values: [0.8261228155960676, 0.15306859205776174] and parameters: {'psi': 0.846901512396747, 'lda_s': 0.03196511884833276}.
[I 2025-08-10 00:21:26,567] Trial 78 finished with values: [0.8035786235327013, 0.18538160018445932] and parameters: {'psi': 0.7681443977057684, 'lda_s': 0.007884847616194068}.
[I 2025-08-10 00:21:32,496] Trial 79 finished with values: [0.8205886746670393, 0.18327605956471935] and parameters: {'psi': 0.7001250114957263, 'lda_s': 1.0934460393082115e-08}.
[I 2025-08-10 00:21:38,473] Trial 80 finished with values: [0.805809585989106, 0.1151650533631174] and parameters: {'psi': 0.28526793639262193, 'lda_s': 0.28688998944511224}.
[I 2025-08-10 00:21:44,437] Trial 81 finished with values: [0.8140898362613846, 0.1811926605504587] and parameters: {'psi': 0.7251746291505995, 'lda_s': 0.0013125296575162138}.
[I 2025-08-10 00:21:50,411] Trial 82 finished with values: [0.8398341018357947, 0.1837763519706691] and parameters: {'psi': 0.06037680842106363, 'lda_s': 4.580696740230533e-07}.
[I 2025-08-10 00:21:56,382] Trial 83 finished with values: [0.8287856338386624, 0.1487058823529412] and parameters: {'psi': 0.9747676867598708, 'lda_s': 1.3528417673603164}.
[I 2025-08-10 00:22:02,357] Trial 84 finished with values: [0.8212624674130823, 0.17911131470453504] and parameters: {'psi': 0.2269965688186517, 'lda_s': 2.2293429444520625e-08}.
[I 2025-08-10 00:22:08,351] Trial 85 finished with values: [0.8199733517067751, 0.18399264029438822] and parameters: {'psi': 0.8312720975839375, 'lda_s': 2.1459051718714606e-08}.
[I 2025-08-10 00:22:14,337] Trial 86 finished with values: [0.8197175666397641, 0.17848130305115853] and parameters: {'psi': 0.522049603543221, 'lda_s': 1.5749910839717787e-07}.
[I 2025-08-10 00:22:20,288] Trial 87 finished with values: [0.8085751987581297, 0.18273878020713463] and parameters: {'psi': 0.8110274825807919, 'lda_s': 0.0029676417028835574}.
[I 2025-08-10 00:22:26,313] Trial 88 finished with values: [0.8199236550882993, 0.1797752808988764] and parameters: {'psi': 0.5835815915134498, 'lda_s': 7.765029035080598e-06}.
[I 2025-08-10 00:22:32,263] Trial 89 finished with values: [0.8292095127911968, 0.16771782293856577] and parameters: {'psi': 0.04882488412516539, 'lda_s': 0.0029784331216154993}.
[I 2025-08-10 00:22:38,243] Trial 90 finished with values: [0.8119655960109244, 0.16145833333333334] and parameters: {'psi': 0.7309670170752514, 'lda_s': 0.1650579480137683}.
[I 2025-08-10 00:22:44,213] Trial 91 finished with values: [0.8202358583696584, 0.18106807242722897] and parameters: {'psi': 0.6393715014819954, 'lda_s': 6.458237250958543e-06}.
[I 2025-08-10 00:22:50,208] Trial 92 finished with values: [0.8192967110556538, 0.18019257221458046] and parameters: {'psi': 0.5974068965148933, 'lda_s': 9.786582338638445e-05}.
[I 2025-08-10 00:22:56,244] Trial 93 finished with values: [0.8135295413058803, 0.16255924170616115] and parameters: {'psi': 0.6435960723587518, 'lda_s': 1.648370448286591}.
[I 2025-08-10 00:23:02,254] Trial 94 finished with values: [0.798875234061355, 0.1819441237589471] and parameters: {'psi': 0.9382018777252191, 'lda_s': 0.005871485719689088}.
[I 2025-08-10 00:23:08,247] Trial 95 finished with values: [0.8085617015776637, 0.18248678464720755] and parameters: {'psi': 0.7681443977057684, 'lda_s': 0.0029676417028835574}.
[I 2025-08-10 00:23:14,211] Trial 96 finished with values: [0.8217501070461383, 0.1795282802839478] and parameters: {'psi': 0.2097200242450976, 'lda_s': 2.124663932767307e-08}.
[I 2025-08-10 00:23:20,184] Trial 97 finished with values: [0.8048773492315002, 0.18627224404899467] and parameters: {'psi': 0.689277724279558, 'lda_s': 0.010065024086213561}.
[I 2025-08-10 00:23:26,166] Trial 98 finished with values: [0.8346883692690364, 0.18331805682859761] and parameters: {'psi': 0.07493497600484955, 'lda_s': 6.458237250958543e-06}.
[I 2025-08-10 00:23:32,126] Trial 99 finished with values: [0.8199656448167291, 0.1797752808988764] and parameters: {'psi': 0.5800121414583196, 'lda_s': 8.144417579300267e-08}.
[I 2025-08-10 00:23:38,083] Trial 100 finished with values: [0.819801816040233, 0.17926913353252125] and parameters: {'psi': 0.9747676867598708, 'lda_s': 6.129416225269989e-08}.
[I 2025-08-10 00:23:44,068] Trial 101 finished with values: [0.8206427038804448, 0.18169304886441845] and parameters: {'psi': 0.7681443977057684, 'lda_s': 1.045922291495647e-07}.
[I 2025-08-10 00:23:50,074] Trial 102 finished with values: [0.8461819472835763, 0.19102153000458086] and parameters: {'psi': 0.03238956746213428, 'lda_s': 0.0002655781182361376}.
[I 2025-08-10 00:23:56,042] Trial 103 finished with values: [0.820473732678191, 0.18281786941580755] and parameters: {'psi': 0.6807647687837, 'lda_s': 4.13901387930693e-06}.
[I 2025-08-10 00:24:02,035] Trial 104 finished with values: [0.8148304400507344, 0.17969287187714875] and parameters: {'psi': 0.5331557021634897, 'lda_s': 0.0007123620777364636}.
[I 2025-08-10 00:24:08,140] Trial 105 finished with values: [0.8634761815526258, 0.18586507572280864] and parameters: {'psi': 0.02685805645423678, 'lda_s': 1.0934460393082115e-08}.
[I 2025-08-10 00:24:14,100] Trial 106 finished with values: [0.8449155068404521, 0.1834862385321101] and parameters: {'psi': 0.049665505673306964, 'lda_s': 2.0695108142585766e-07}.
[I 2025-08-10 00:24:20,111] Trial 107 finished with values: [0.8035103952854457, 0.17865429234338748] and parameters: {'psi': 0.11482866980538953, 'lda_s': 0.0021566254710882983}.
[I 2025-08-10 00:24:26,093] Trial 108 finished with values: [0.8018954306483284, 0.18466497812571955] and parameters: {'psi': 0.6515623414656366, 'lda_s': 0.006724409333921228}.
[I 2025-08-10 00:24:32,015] Trial 109 finished with values: [0.8045055693955643, 0.13699951760733237] and parameters: {'psi': 0.1143880350570532, 'lda_s': 5.396335565812591}.
[I 2025-08-10 00:24:37,914] Trial 110 finished with values: [0.8071173682959978, 0.18298555377207062] and parameters: {'psi': 0.6722585097762318, 'lda_s': 0.0029784331216154993}.
[I 2025-08-10 00:24:43,879] Trial 111 finished with values: [0.8254502240990862, 0.15230365242301266] and parameters: {'psi': 0.6393715014819954, 'lda_s': 0.028465978822612387}.
[I 2025-08-10 00:24:49,858] Trial 112 finished with values: [0.8196194286405958, 0.17794083925705115] and parameters: {'psi': 0.49251164071779563, 'lda_s': 5.51545917575612e-07}.
[I 2025-08-10 00:24:55,803] Trial 113 finished with values: [0.8197074707487756, 0.17844036697247706] and parameters: {'psi': 0.5266150190707559, 'lda_s': 3.2453672036277383e-06}.
[I 2025-08-10 00:25:01,766] Trial 114 finished with values: [0.8204923857815949, 0.18089990817263543] and parameters: {'psi': 0.7940568121065388, 'lda_s': 6.129416225269989e-08}.
[I 2025-08-10 00:25:07,730] Trial 115 finished with values: [0.8048773492315002, 0.18627224404899467] and parameters: {'psi': 0.689277724279558, 'lda_s': 0.010065024086213561}.
[I 2025-08-10 00:25:13,688] Trial 116 finished with values: [0.8131913019634024, 0.1809414466130884] and parameters: {'psi': 0.7581457713601842, 'lda_s': 0.0015876795552157467}.
[I 2025-08-10 00:25:19,702] Trial 117 finished with values: [0.8396975238666594, 0.17146840148698886] and parameters: {'psi': 0.0369093647709513, 'lda_s': 6.541708008575351}.
[I 2025-08-10 00:25:25,679] Trial 118 finished with values: [0.8197168242948385, 0.17848130305115853] and parameters: {'psi': 0.521502530327019, 'lda_s': 1.0934460393082115e-08}.
[I 2025-08-10 00:25:31,672] Trial 119 finished with values: [0.8496359432507267, 0.1830275229357798] and parameters: {'psi': 0.04210335817731581, 'lda_s': 1.5749910839717787e-07}.
[I 2025-08-10 00:25:37,661] Trial 120 finished with values: [0.8155017898071129, 0.1416267942583732] and parameters: {'psi': 0.07493497600484955, 'lda_s': 4.324143434520595}.
[I 2025-08-10 00:25:43,639] Trial 121 finished with values: [0.8026449020852442, 0.18282804906271696] and parameters: {'psi': 0.829738012466026, 'lda_s': 0.007991360333480158}.
[I 2025-08-10 00:25:49,613] Trial 122 finished with values: [0.8255750325268552, 0.1384578658391024] and parameters: {'psi': 0.9129747629224941, 'lda_s': 0.9742064043716292}.
[I 2025-08-10 00:25:55,599] Trial 123 finished with values: [0.8430347557255985, 0.18386061439706555] and parameters: {'psi': 0.05326134374170399, 'lda_s': 2.1459051718714606e-08}.
