[I 2025-08-10 01:09:41,484] Trial 0 finished with values: [0.5035810316311623, 0.06093189964157706] and parameters: {'psi': 0.9481792404979676, 'lda_s': 0.008211745876175944}.
[I 2025-08-10 01:09:47,921] Trial 1 finished with values: [0.505208697090995, 0.04269513008672448] and parameters: {'psi': 0.2786112178369251, 'lda_s': 1.7146899600907894}.
[I 2025-08-10 01:09:54,332] Trial 2 finished with values: [0.519650795837576, 0.06809001731102135] and parameters: {'psi': 0.6428897118996095, 'lda_s': 2.9695175969299435e-08}.
[I 2025-08-10 01:10:00,728] Trial 3 finished with values: [0.505873827351724, 0.07394569612940496] and parameters: {'psi': 0.08038793799693367, 'lda_s': 0.00032322149718947606}.
[I 2025-08-10 01:10:07,106] Trial 4 finished with values: [0.5205173888101831, 0.07027649769585254] and parameters: {'psi': 0.5426862097786024, 'lda_s': 2.680473210343505e-07}.
[I 2025-08-10 01:10:13,511] Trial 5 finished with values: [0.4893927168356179, 0.05290322580645161] and parameters: {'psi': 0.07486910623984244, 'lda_s': 3.703347769698868}.
[I 2025-08-10 01:10:19,907] Trial 6 finished with values: [0.4996836780003277, 0.04713804713804714] and parameters: {'psi': 0.3136818555579851, 'lda_s': 0.25905294635307374}.
[I 2025-08-10 01:10:26,291] Trial 7 finished with values: [0.5137378173526602, 0.06373117033603708] and parameters: {'psi': 0.9812135240118854, 'lda_s': 5.2341739808138156e-06}.
[I 2025-08-10 01:10:32,831] Trial 8 finished with values: [0.5006193541651418, 0.07201889020070838] and parameters: {'psi': 0.015534053396836445, 'lda_s': 0.00025341223476366983}.
[I 2025-08-10 01:10:39,223] Trial 9 finished with values: [0.48779725827128545, 0.046511627906976744] and parameters: {'psi': 0.11007052278561635, 'lda_s': 0.009711028091043418}.
[I 2025-08-10 01:10:45,619] Trial 10 finished with values: [0.5143451986941959, 0.07130534790109258] and parameters: {'psi': 0.13267853018448938, 'lda_s': 0.0002373310468467074}.
[I 2025-08-10 01:10:52,033] Trial 11 finished with values: [0.504908937497311, 0.06413301662707839] and parameters: {'psi': 0.8278163991912731, 'lda_s': 0.002259183136606767}.
[I 2025-08-10 01:10:58,440] Trial 12 finished with values: [0.5193180311601514, 0.06944444444444445] and parameters: {'psi': 0.6756417040566888, 'lda_s': 1.2030153273481323e-08}.
[I 2025-08-10 01:11:04,831] Trial 13 finished with values: [0.5200089828104576, 0.07122343480758185] and parameters: {'psi': 0.22996028900752175, 'lda_s': 0.00011261174590320685}.
[I 2025-08-10 01:11:11,223] Trial 14 finished with values: [0.5085974850844559, 0.07076566125290024] and parameters: {'psi': 0.4859473238341222, 'lda_s': 0.0013301310677495226}.
[I 2025-08-10 01:11:17,641] Trial 15 finished with values: [0.5202845573004571, 0.07027649769585254] and parameters: {'psi': 0.5550125319447555, 'lda_s': 1.4865002194252788e-05}.
[I 2025-08-10 01:11:24,027] Trial 16 finished with values: [0.49281886003872966, 0.05710659898477157] and parameters: {'psi': 0.056969899806938784, 'lda_s': 0.9533669912302283}.
[I 2025-08-10 01:11:30,417] Trial 17 finished with values: [0.5198259582469328, 0.06912442396313365] and parameters: {'psi': 0.6209298539252806, 'lda_s': 3.2648963832519232e-06}.
[I 2025-08-10 01:11:36,816] Trial 18 finished with values: [0.5121045645751447, 0.06257521058965103] and parameters: {'psi': 0.5352922407914538, 'lda_s': 0.00901100042382613}.
[I 2025-08-10 01:11:43,220] Trial 19 finished with values: [0.5661808999460665, 0.05203252032520325] and parameters: {'psi': 0.7380039091221794, 'lda_s': 0.41105490176309095}.
[I 2025-08-10 01:11:49,613] Trial 20 finished with values: [0.5043456560560576, 0.0701344243132671] and parameters: {'psi': 0.3442034987857634, 'lda_s': 0.002333560831433246}.
[I 2025-08-10 01:11:56,008] Trial 21 finished with values: [0.5209635760365692, 0.0713463751438435] and parameters: {'psi': 0.4820445152473384, 'lda_s': 7.249853382327623e-08}.
[I 2025-08-10 01:12:02,407] Trial 22 finished with values: [0.518458581972296, 0.07146974063400577] and parameters: {'psi': 0.5354437278753579, 'lda_s': 0.00020518541038668092}.
[I 2025-08-10 01:12:08,820] Trial 23 finished with values: [0.5309810380007045, 0.0727489564698867] and parameters: {'psi': 0.6168391027065007, 'lda_s': 0.29577138940825526}.
[I 2025-08-10 01:12:15,208] Trial 24 finished with values: [0.5201134257417144, 0.06904487917146145] and parameters: {'psi': 0.591681474354442, 'lda_s': 3.491606402970953e-08}.
[I 2025-08-10 01:12:21,580] Trial 25 finished with values: [0.5225557620291159, 0.07003444316877153] and parameters: {'psi': 0.24787172871687002, 'lda_s': 1.531826563295357e-06}.
[I 2025-08-10 01:12:27,971] Trial 26 finished with values: [0.5182718857428654, 0.07146974063400577] and parameters: {'psi': 0.5644918535210243, 'lda_s': 0.00021353784515145918}.
[I 2025-08-10 01:12:34,382] Trial 27 finished with values: [0.5308011263713173, 0.06071645415907711] and parameters: {'psi': 0.6101895940415489, 'lda_s': 2.709350600758739}.
[I 2025-08-10 01:12:40,784] Trial 28 finished with values: [0.5182470221791768, 0.06553540081919251] and parameters: {'psi': 0.7691895058758554, 'lda_s': 3.088952613811419e-07}.
[I 2025-08-10 01:12:47,172] Trial 29 finished with values: [0.5188281032181912, 0.07142857142857142] and parameters: {'psi': 0.4411465255281527, 'lda_s': 0.000191885406368681}.
[I 2025-08-10 01:12:53,569] Trial 30 finished with values: [0.5194777087176443, 0.06924408540103866] and parameters: {'psi': 0.6518542025344511, 'lda_s': 1.0780224078120217e-05}.
[I 2025-08-10 01:12:59,979] Trial 31 finished with values: [0.500021551082491, 0.0712130356065178] and parameters: {'psi': 0.018640090475440574, 'lda_s': 0.15330321930982346}.
[I 2025-08-10 01:13:06,396] Trial 32 finished with values: [0.5607585677725273, 0.045949214026602174] and parameters: {'psi': 0.7010920392543835, 'lda_s': 0.22619419621763326}.
[I 2025-08-10 01:13:12,800] Trial 33 finished with values: [0.5157203573041766, 0.0640279394644936] and parameters: {'psi': 0.9424900769644746, 'lda_s': 2.0602704829296125e-08}.
[I 2025-08-10 01:13:19,205] Trial 34 finished with values: [0.5204230429601673, 0.07224770642201835] and parameters: {'psi': 0.1092102014538815, 'lda_s': 6.456077471047332e-05}.
[I 2025-08-10 01:13:25,706] Trial 35 finished with values: [0.5192377334231668, 0.07110091743119266] and parameters: {'psi': 0.1762427027074548, 'lda_s': 0.00012456299060612853}.
[I 2025-08-10 01:13:32,110] Trial 36 finished with values: [0.5250534526709892, 0.054455445544554455] and parameters: {'psi': 0.644697976890382, 'lda_s': 0.8384710521327656}.
[I 2025-08-10 01:13:38,515] Trial 37 finished with values: [0.5650852269484633, 0.06877113866967305] and parameters: {'psi': 0.7115363328675811, 'lda_s': 1.149566066259846}.
[I 2025-08-10 01:13:44,924] Trial 38 finished with values: [0.5235531381449131, 0.07110091743119266] and parameters: {'psi': 0.06805339953370404, 'lda_s': 5.519511086009625e-06}.
[I 2025-08-10 01:13:51,330] Trial 39 finished with values: [0.5239429732815266, 0.07114170969592656] and parameters: {'psi': 0.0774687226910642, 'lda_s': 1.0855467670355458e-07}.
[I 2025-08-10 01:13:57,711] Trial 40 finished with values: [0.5222036412868614, 0.07015526164462335] and parameters: {'psi': 0.3010111556188726, 'lda_s': 2.555403164066474e-07}.
[I 2025-08-10 01:14:04,101] Trial 41 finished with values: [0.5220517859741245, 0.07015526164462335] and parameters: {'psi': 0.32023259701319295, 'lda_s': 1.289328344582468e-06}.
[I 2025-08-10 01:14:10,512] Trial 42 finished with values: [0.5156047397375542, 0.04008016032064128] and parameters: {'psi': 0.2031952172604744, 'lda_s': 2.415651939189362}.
[I 2025-08-10 01:14:16,892] Trial 43 finished with values: [0.5194193212478588, 0.0713463751438435] and parameters: {'psi': 0.461722820334451, 'lda_s': 0.0001418991467135931}.
[I 2025-08-10 01:14:23,290] Trial 44 finished with values: [0.5214165877724106, 0.07019562715765247] and parameters: {'psi': 0.33127030619037456, 'lda_s': 3.5865434869504715e-05}.
[I 2025-08-10 01:14:29,695] Trial 45 finished with values: [0.5039153926850677, 0.06104129263913824] and parameters: {'psi': 0.945858828620407, 'lda_s': 0.008244528825805625}.
[I 2025-08-10 01:14:36,083] Trial 46 finished with values: [0.5222680949872741, 0.07015526164462335] and parameters: {'psi': 0.2910990797949323, 'lda_s': 6.358426112167047e-07}.
[I 2025-08-10 01:14:42,495] Trial 47 finished with values: [0.5135582249985693, 0.0395778364116095] and parameters: {'psi': 0.24628923900897115, 'lda_s': 1.414521776312796}.
[I 2025-08-10 01:14:48,904] Trial 48 finished with values: [0.5221903514526587, 0.07015526164462335] and parameters: {'psi': 0.2999857356691773, 'lda_s': 1.47330359357705e-06}.
[I 2025-08-10 01:14:55,283] Trial 49 finished with values: [0.5201935239316391, 0.0690846286701209] and parameters: {'psi': 0.5819820425539581, 'lda_s': 1.6446464993578996e-07}.
[I 2025-08-10 01:15:01,683] Trial 50 finished with values: [0.5198892944838089, 0.0690846286701209] and parameters: {'psi': 0.6168391027065007, 'lda_s': 1.1380941294922103e-08}.
[I 2025-08-10 01:15:08,088] Trial 51 finished with values: [0.5205845563506131, 0.07015526164462335] and parameters: {'psi': 0.3437795527092484, 'lda_s': 8.346555058940037e-05}.
[I 2025-08-10 01:15:14,495] Trial 52 finished with values: [0.5158097942965141, 0.07407407407407407] and parameters: {'psi': 0.010656580592629528, 'lda_s': 1.0089594007050688e-05}.
[I 2025-08-10 01:15:20,877] Trial 53 finished with values: [0.5212517219913552, 0.07023603914795624] and parameters: {'psi': 0.4411465255281527, 'lda_s': 2.680473210343505e-07}.
[I 2025-08-10 01:15:27,271] Trial 54 finished with values: [0.5164688184172039, 0.06213364595545135] and parameters: {'psi': 0.9157843052300435, 'lda_s': 0.00020518541038668092}.
[I 2025-08-10 01:15:33,684] Trial 55 finished with values: [0.5183516247480818, 0.06651108518086347] and parameters: {'psi': 0.7582970752932505, 'lda_s': 1.289328344582468e-06}.
[I 2025-08-10 01:15:40,088] Trial 56 finished with values: [0.5622081574359257, 0.07583965330444203] and parameters: {'psi': 0.8223234871618674, 'lda_s': 0.9533669912302283}.
[I 2025-08-10 01:15:46,482] Trial 57 finished with values: [0.4969883958595422, 0.07329842931937172] and parameters: {'psi': 0.0774687226910642, 'lda_s': 0.000554795606895936}.
[I 2025-08-10 01:15:52,885] Trial 58 finished with values: [0.5156047397375542, 0.04008016032064128] and parameters: {'psi': 0.2031952172604744, 'lda_s': 2.415651939189362}.
[I 2025-08-10 01:15:59,301] Trial 59 finished with values: [0.5159709884116637, 0.04136090727151434] and parameters: {'psi': 0.21461330833674164, 'lda_s': 0.41105490176309095}.
[I 2025-08-10 01:16:05,688] Trial 60 finished with values: [0.5230564256029095, 0.07003444316877153] and parameters: {'psi': 0.18765054403138215, 'lda_s': 3.491606402970953e-08}.
[I 2025-08-10 01:16:12,069] Trial 61 finished with values: [0.5213257140412407, 0.07023603914795624] and parameters: {'psi': 0.42793192509481137, 'lda_s': 1.289328344582468e-06}.
[I 2025-08-10 01:16:18,471] Trial 62 finished with values: [0.5020206534399957, 0.04356435643564356] and parameters: {'psi': 0.1454224853003624, 'lda_s': 0.07517186442454321}.
[I 2025-08-10 01:16:24,871] Trial 63 finished with values: [0.5221767024337477, 0.07015526164462335] and parameters: {'psi': 0.3010111556188726, 'lda_s': 1.949067758393515e-06}.
[I 2025-08-10 01:16:31,270] Trial 64 finished with values: [0.5168860314104633, 0.06356680400235433] and parameters: {'psi': 0.8118561555073067, 'lda_s': 0.0001418991467135931}.
[I 2025-08-10 01:16:37,663] Trial 65 finished with values: [0.5182471019980008, 0.06553540081919251] and parameters: {'psi': 0.7691895058758554, 'lda_s': 2.680473210343505e-07}.
[I 2025-08-10 01:16:44,048] Trial 66 finished with values: [0.5205026622371477, 0.0713463751438435] and parameters: {'psi': 0.5354437278753579, 'lda_s': 7.72045165008264e-06}.
[I 2025-08-10 01:16:50,443] Trial 67 finished with values: [0.5194777087176443, 0.06924408540103866] and parameters: {'psi': 0.6518542025344511, 'lda_s': 1.0780224078120217e-05}.
[I 2025-08-10 01:16:56,853] Trial 68 finished with values: [0.5572155698110202, 0.04316546762589928] and parameters: {'psi': 0.7154280967948738, 'lda_s': 0.15330321930982346}.
[I 2025-08-10 01:17:03,256] Trial 69 finished with values: [0.5458728759113414, 0.06369426751592357] and parameters: {'psi': 0.42696817490288086, 'lda_s': 0.8384710521327656}.
[I 2025-08-10 01:17:09,656] Trial 70 finished with values: [0.5650852269484633, 0.06877113866967305] and parameters: {'psi': 0.7115363328675811, 'lda_s': 1.149566066259846}.
[I 2025-08-10 01:17:16,053] Trial 71 finished with values: [0.5150801704259603, 0.06395348837209303] and parameters: {'psi': 0.9481792404979676, 'lda_s': 7.254962786915696e-07}.
[I 2025-08-10 01:17:22,469] Trial 72 finished with values: [0.5518126735211348, 0.06934306569343066] and parameters: {'psi': 0.4827938955249338, 'lda_s': 2.709350600758739}.
[I 2025-08-10 01:17:28,960] Trial 73 finished with values: [0.5204326611284642, 0.07027649769585254] and parameters: {'psi': 0.5532149546931661, 'lda_s': 2.3500619838013252e-07}.
[I 2025-08-10 01:17:35,357] Trial 74 finished with values: [0.5064050216257131, 0.07180081065431385] and parameters: {'psi': 0.27791432759058676, 'lda_s': 0.000988898821336635}.
[I 2025-08-10 01:17:41,762] Trial 75 finished with values: [0.5211771712097013, 0.07224770642201835] and parameters: {'psi': 0.06805339953370404, 'lda_s': 3.46121984743662e-05}.
[I 2025-08-10 01:17:48,151] Trial 76 finished with values: [0.5643973483228828, 0.07604562737642585] and parameters: {'psi': 0.7661268704666481, 'lda_s': 1.06039496326224}.
[I 2025-08-10 01:17:54,552] Trial 77 finished with values: [0.5189133098128544, 0.06848520023215322] and parameters: {'psi': 0.7033730983393768, 'lda_s': 1.0780224078120217e-05}.
[I 2025-08-10 01:18:00,948] Trial 78 finished with values: [0.5316289673048528, 0.06412583182093164] and parameters: {'psi': 0.6518542025344511, 'lda_s': 0.2651249079550013}.
[I 2025-08-10 01:18:07,357] Trial 79 finished with values: [0.5129350395298735, 0.03861517976031957] and parameters: {'psi': 0.1812034086236436, 'lda_s': 0.2803404853612125}.
[I 2025-08-10 01:18:13,761] Trial 80 finished with values: [0.4984499982559587, 0.04289544235924933] and parameters: {'psi': 0.3010111556188726, 'lda_s': 0.29577138940825526}.
[I 2025-08-10 01:18:20,155] Trial 81 finished with values: [0.518199769435345, 0.06553540081919251] and parameters: {'psi': 0.7705067364684527, 'lda_s': 5.519511086009625e-06}.
[I 2025-08-10 01:18:26,558] Trial 82 finished with values: [0.5173726867806377, 0.06844547563805105] and parameters: {'psi': 0.7010920392543835, 'lda_s': 0.00021353784515145918}.
[I 2025-08-10 01:18:32,948] Trial 83 finished with values: [0.5138390675309555, 0.06608695652173913] and parameters: {'psi': 0.9707112093108405, 'lda_s': 1.289328344582468e-06}.
[I 2025-08-10 01:18:39,335] Trial 84 finished with values: [0.520548837426855, 0.07138744962579159] and parameters: {'psi': 0.5386470356238637, 'lda_s': 1.7597706148254845e-08}.
[I 2025-08-10 01:18:45,739] Trial 85 finished with values: [0.5476378297485236, 0.045141065830721] and parameters: {'psi': 0.5236113166522336, 'lda_s': 0.06023124728766769}.
[I 2025-08-10 01:18:52,122] Trial 86 finished with values: [0.5209690037166039, 0.07019562715765247] and parameters: {'psi': 0.32023259701319295, 'lda_s': 6.456077471047332e-05}.
[I 2025-08-10 01:18:58,514] Trial 87 finished with values: [0.505873827351724, 0.07394569612940496] and parameters: {'psi': 0.08038793799693367, 'lda_s': 0.00032322149718947606}.
[I 2025-08-10 01:19:04,911] Trial 88 finished with values: [0.5624430243256646, 0.07440310938367574] and parameters: {'psi': 0.8086460958479537, 'lda_s': 2.709350600758739}.
[I 2025-08-10 01:19:11,285] Trial 89 finished with values: [0.5138045857989701, 0.06608695652173913] and parameters: {'psi': 0.9688083738469545, 'lda_s': 1.4277790276099385e-05}.
[I 2025-08-10 01:19:17,692] Trial 90 finished with values: [0.5152973175367623, 0.04] and parameters: {'psi': 0.1989403120621146, 'lda_s': 0.22619419621763326}.
[I 2025-08-10 01:19:24,077] Trial 91 finished with values: [0.502720025976238, 0.06578947368421052] and parameters: {'psi': 0.6756417040566888, 'lda_s': 0.008211745876175944}.
[I 2025-08-10 01:19:30,489] Trial 92 finished with values: [0.5239429732815266, 0.07114170969592656] and parameters: {'psi': 0.0774687226910642, 'lda_s': 1.0855467670355458e-07}.
[I 2025-08-10 01:19:36,882] Trial 93 finished with values: [0.5044028063340706, 0.06972690296339337] and parameters: {'psi': 0.2908804665307051, 'lda_s': 0.0013301310677495226}.
[I 2025-08-10 01:19:43,269] Trial 94 finished with values: [0.5219006490308039, 0.07011494252873564] and parameters: {'psi': 0.34468638867571066, 'lda_s': 2.680473210343505e-07}.
[I 2025-08-10 01:19:49,661] Trial 95 finished with values: [0.5037085821119789, 0.07577497129735936] and parameters: {'psi': 0.03140075982013535, 'lda_s': 0.0001418991467135931}.
[I 2025-08-10 01:19:56,052] Trial 96 finished with values: [0.5193180311601514, 0.06944444444444445] and parameters: {'psi': 0.6756417040566888, 'lda_s': 1.2030153273481323e-08}.
[I 2025-08-10 01:20:02,444] Trial 97 finished with values: [0.5189617199296349, 0.06848520023215322] and parameters: {'psi': 0.705125714496975, 'lda_s': 1.289328344582468e-06}.
[I 2025-08-10 01:20:08,829] Trial 98 finished with values: [0.5177942099903954, 0.06462984723854288] and parameters: {'psi': 0.8163764680777237, 'lda_s': 7.249853382327623e-08}.
[I 2025-08-10 01:20:15,219] Trial 99 finished with values: [0.5066123111117461, 0.06976744186046512] and parameters: {'psi': 0.6240169319333869, 'lda_s': 0.0019282694776561276}.
[I 2025-08-10 01:20:21,622] Trial 100 finished with values: [0.5210250365310802, 0.0713463751438435] and parameters: {'psi': 0.47329030648629156, 'lda_s': 1.18472265594612e-08}.
[I 2025-08-10 01:20:28,005] Trial 101 finished with values: [0.5195790786241757, 0.06924408540103866] and parameters: {'psi': 0.6496627097999351, 'lda_s': 1.7437985300935791e-07}.
[I 2025-08-10 01:20:34,407] Trial 102 finished with values: [0.5516923466438938, 0.0746987951807229] and parameters: {'psi': 0.4838894481845447, 'lda_s': 0.3249597144573263}.
[I 2025-08-10 01:20:40,806] Trial 103 finished with values: [0.5458728759113414, 0.06369426751592357] and parameters: {'psi': 0.42696817490288086, 'lda_s': 0.8384710521327656}.
[I 2025-08-10 01:20:47,215] Trial 104 finished with values: [0.5180651150791886, 0.06561218512009373] and parameters: {'psi': 0.7834027369173963, 'lda_s': 5.519511086009625e-06}.
[I 2025-08-10 01:20:53,739] Trial 105 finished with values: [0.5022515293885328, 0.06801909307875895] and parameters: {'psi': 0.010656580592629528, 'lda_s': 0.0008557651120728602}.
[I 2025-08-10 01:21:00,128] Trial 106 finished with values: [0.5177369399841464, 0.06462984723854288] and parameters: {'psi': 0.8223234871618674, 'lda_s': 2.259816412047303e-06}.
[I 2025-08-10 01:21:06,532] Trial 107 finished with values: [0.5195746087700295, 0.06809001731102135] and parameters: {'psi': 0.6426042145499903, 'lda_s': 1.0089594007050688e-05}.
[I 2025-08-10 01:21:12,917] Trial 108 finished with values: [0.5202552637920342, 0.06912442396313365] and parameters: {'psi': 0.5744513943933042, 'lda_s': 1.7597706148254845e-08}.
[I 2025-08-10 01:21:19,321] Trial 109 finished with values: [0.5235531381449131, 0.07110091743119266] and parameters: {'psi': 0.06805339953370404, 'lda_s': 5.519511086009625e-06}.
[I 2025-08-10 01:21:25,727] Trial 110 finished with values: [0.5217815593453355, 0.07015526164462335] and parameters: {'psi': 0.33934517980984635, 'lda_s': 1.0089594007050688e-05}.
[I 2025-08-10 01:21:32,127] Trial 111 finished with values: [0.4889108505948857, 0.04450261780104712] and parameters: {'psi': 0.11403417094959412, 'lda_s': 2.4825622117638844}.
[I 2025-08-10 01:21:38,527] Trial 112 finished with values: [0.5146662300044866, 0.03970880211780278] and parameters: {'psi': 0.23830520896805563, 'lda_s': 1.149566066259846}.
[I 2025-08-10 01:21:44,934] Trial 113 finished with values: [0.49477370285830413, 0.06993006993006994] and parameters: {'psi': 0.1092102014538815, 'lda_s': 0.00090212397637961}.
[I 2025-08-10 01:21:51,336] Trial 114 finished with values: [0.5181865195105542, 0.0713463751438435] and parameters: {'psi': 0.38972638812011795, 'lda_s': 0.0002373310468467074}.
[I 2025-08-10 01:21:57,720] Trial 115 finished with values: [0.5135911103540739, 0.0735632183908046] and parameters: {'psi': 0.06805339953370404, 'lda_s': 0.0001418991467135931}.
[I 2025-08-10 01:22:04,142] Trial 116 finished with values: [0.49561786674135583, 0.052496798975672214] and parameters: {'psi': 0.13267853018448938, 'lda_s': 0.005420298564799545}.
[I 2025-08-10 01:22:10,541] Trial 117 finished with values: [0.5322699922807215, 0.06242350061199511] and parameters: {'psi': 0.6549284235200532, 'lda_s': 0.29577138940825526}.
[I 2025-08-10 01:22:16,941] Trial 118 finished with values: [0.5182522902215636, 0.06549707602339182] and parameters: {'psi': 0.7661268704666481, 'lda_s': 3.997834031739184e-06}.
[I 2025-08-10 01:22:23,338] Trial 119 finished with values: [0.49864519519014955, 0.041527126590756865] and parameters: {'psi': 0.2999857356691773, 'lda_s': 4.015991086728862}.
[I 2025-08-10 01:22:29,748] Trial 120 finished with values: [0.5686482594348045, 0.034782608695652174] and parameters: {'psi': 0.7661268704666481, 'lda_s': 0.3065075206382219}.
[I 2025-08-10 01:22:36,144] Trial 121 finished with values: [0.5239429732815266, 0.07114170969592656] and parameters: {'psi': 0.0774687226910642, 'lda_s': 1.0855467670355458e-07}.
[I 2025-08-10 01:22:42,552] Trial 122 finished with values: [0.5175707971019061, 0.0675596971461852] and parameters: {'psi': 0.7380039091221794, 'lda_s': 0.0001418991467135931}.
[I 2025-08-10 01:22:48,935] Trial 123 finished with values: [0.5128046554808035, 0.06572769953051644] and parameters: {'psi': 0.7661268704666481, 'lda_s': 0.000754012886953569}.
