[I 2025-08-10 01:02:38,195] Trial 491 finished with values: [0.8037455701578853, 0.18541522889348977] and parameters: {'psi': 0.7197652015279385, 'lda_s': 0.0055351884131137966}.
[I 2025-08-10 01:02:44,167] Trial 492 finished with values: [0.8762037662856303, 0.1982023507720673] and parameters: {'psi': 0.007435359809366826, 'lda_s': 4.894271298784883e-05}.
[I 2025-08-10 01:02:50,148] Trial 493 finished with values: [0.8203674288848408, 0.18248509857863365] and parameters: {'psi': 0.7456491174721932, 'lda_s': 5.2659997037522115e-05}.
[I 2025-08-10 01:02:56,115] Trial 494 finished with values: [0.8818031795793921, 0.19308755760368665] and parameters: {'psi': 0.007435359809366826, 'lda_s': 8.609560502424415e-08}.
[I 2025-08-10 01:03:02,086] Trial 495 finished with values: [0.8077856811867715, 0.18535681186283595] and parameters: {'psi': 0.737982332972994, 'lda_s': 0.012089611797418727}.
[I 2025-08-10 01:03:08,066] Trial 496 finished with values: [0.879695041465228, 0.1937269372693727] and parameters: {'psi': 0.005926955920479204, 'lda_s': 1.0299203455299437e-06}.
[I 2025-08-10 01:03:14,029] Trial 497 finished with values: [0.8272494387467446, 0.18098510882016036] and parameters: {'psi': 0.1121765921874116, 'lda_s': 2.3450273715111883e-05}.
[I 2025-08-10 01:03:19,975] Trial 498 finished with values: [0.8186928876931466, 0.18424689083371718] and parameters: {'psi': 0.87224254733662, 'lda_s': 4.694431829414797e-05}.
[I 2025-08-10 01:03:25,951] Trial 499 finished with values: [0.8786864241633651, 0.1956170703575548] and parameters: {'psi': 0.007435359809366826, 'lda_s': 2.1935282023863775e-05}.
