[I 2025-08-10 00:13:30,744] A new study created in memory with name: no-name-da6c6043-24bf-493a-ba2a-42f6531d63f2
Mode-0 approx rank: 5/38
Estimated noise variance from mode-0: 0.0
Mode-1 approx rank: 5/17
Estimated noise variance from mode-1: 0.0009091107259943598
Mode-2 approx rank: 3/24
Estimated noise variance from mode-2: 0.0006226636702114353
Mode-3 approx rank: 1/60
Estimated noise variance from mode-3: 0.00030740801083073183
  0%|          | 0/500 [00:00<?, ?it/s]/mnt/ffs24/home/mondalra/Anomaly_Detection/src/proximal_ops/prox_overlapping_grouped_l21.py:405: UserWarning: Sparse CSR tensor support is in beta state. If you miss a functionality in the sparse tensor support, please submit a feature request to https://github.com/pytorch/pytorch/issues. (Triggered internally at /pytorch/aten/src/ATen/SparseCsrTensorImpl.cpp:53.)
  G_ind = torch.sparse_csr_tensor(A_r.indptr, A_r.indices, A_r.data, device=device, dtype=dtype)
                                         0%|          | 0/500 [00:08<?, ?it/s]  0%|          | 1/500 [00:08<1:12:55,  8.77s/it]                                                   0%|          | 1/500 [00:14<1:12:55,  8.77s/it]  0%|          | 2/500 [00:14<59:22,  7.15s/it]                                                   0%|          | 2/500 [00:20<59:22,  7.15s/it]  1%|          | 3/500 [00:20<54:57,  6.64s/it]                                                 1%|          | 3/500 [00:26<54:57,  6.64s/it]  1%|          | 4/500 [00:26<52:55,  6.40s/it]                                                 1%|          | 4/500 [00:32<52:55,  6.40s/it]  1%|          | 5/500 [00:32<51:33,  6.25s/it]                                                 1%|          | 5/500 [00:38<51:33,  6.25s/it]  1%|          | 6/500 [00:38<50:42,  6.16s/it]                                                 1%|          | 6/500 [00:44<50:42,  6.16s/it]  1%|▏         | 7/500 [00:44<50:07,  6.10s/it]                                                 1%|▏         | 7/500 [00:50<50:07,  6.10s/it]  2%|▏         | 8/500 [00:50<49:43,  6.06s/it]                                                 2%|▏         | 8/500 [00:56<49:43,  6.06s/it]  2%|▏         | 9/500 [00:56<49:41,  6.07s/it]                                                 2%|▏         | 9/500 [01:02<49:41,  6.07s/it]  2%|▏         | 10/500 [01:02<49:22,  6.05s/it]                                                  2%|▏         | 10/500 [01:08<49:22,  6.05s/it]  2%|▏         | 11/500 [01:08<49:07,  6.03s/it]                                                  2%|▏         | 11/500 [01:14<49:07,  6.03s/it]  2%|▏         | 12/500 [01:14<48:53,  6.01s/it]                                                  2%|▏         | 12/500 [01:20<48:53,  6.01s/it]  3%|▎         | 13/500 [01:20<48:55,  6.03s/it]                                                  3%|▎         | 13/500 [01:26<48:55,  6.03s/it]  3%|▎         | 14/500 [01:26<48:40,  6.01s/it]                                                  3%|▎         | 14/500 [01:32<48:40,  6.01s/it]  3%|▎         | 15/500 [01:32<48:28,  6.00s/it]                                                  3%|▎         | 15/500 [01:38<48:28,  6.00s/it]  3%|▎         | 16/500 [01:38<48:17,  5.99s/it]                                                  3%|▎         | 16/500 [01:44<48:17,  5.99s/it]  3%|▎         | 17/500 [01:44<48:09,  5.98s/it]                                                  3%|▎         | 17/500 [01:50<48:09,  5.98s/it]  4%|▎         | 18/500 [01:50<48:02,  5.98s/it]                                                  4%|▎         | 18/500 [01:56<48:02,  5.98s/it]  4%|▍         | 19/500 [01:56<48:13,  6.01s/it]                                                  4%|▍         | 19/500 [02:02<48:13,  6.01s/it]  4%|▍         | 20/500 [02:02<48:02,  6.00s/it]                                                  4%|▍         | 20/500 [02:08<48:02,  6.00s/it]  4%|▍         | 21/500 [02:08<47:51,  5.99s/it]                                                  4%|▍         | 21/500 [02:14<47:51,  5.99s/it]  4%|▍         | 22/500 [02:14<47:41,  5.99s/it]                                                  4%|▍         | 22/500 [02:20<47:41,  5.99s/it]  5%|▍         | 23/500 [02:20<47:35,  5.99s/it]                                                  5%|▍         | 23/500 [02:26<47:35,  5.99s/it]  5%|▍         | 24/500 [02:26<47:33,  5.99s/it]                                                  5%|▍         | 24/500 [02:32<47:33,  5.99s/it]  5%|▌         | 25/500 [02:32<47:21,  5.98s/it]                                                  5%|▌         | 25/500 [02:38<47:21,  5.98s/it]  5%|▌         | 26/500 [02:38<47:11,  5.97s/it]                                                  5%|▌         | 26/500 [02:44<47:11,  5.97s/it]  5%|▌         | 27/500 [02:44<47:02,  5.97s/it]                                                  5%|▌         | 27/500 [02:50<47:02,  5.97s/it]  6%|▌         | 28/500 [02:50<46:45,  5.94s/it]                                                  6%|▌         | 28/500 [02:56<46:45,  5.94s/it]  6%|▌         | 29/500 [02:56<46:38,  5.94s/it]                                                  6%|▌         | 29/500 [03:02<46:38,  5.94s/it]  6%|▌         | 30/500 [03:02<46:53,  5.99s/it]                                                  6%|▌         | 30/500 [03:08<46:53,  5.99s/it]  6%|▌         | 31/500 [03:08<46:43,  5.98s/it]                                                  6%|▌         | 31/500 [03:14<46:43,  5.98s/it]  6%|▋         | 32/500 [03:14<46:36,  5.98s/it]                                                  6%|▋         | 32/500 [03:20<46:36,  5.98s/it]  7%|▋         | 33/500 [03:20<46:28,  5.97s/it]                                                  7%|▋         | 33/500 [03:26<46:28,  5.97s/it]  7%|▋         | 34/500 [03:26<46:20,  5.97s/it]                                                  7%|▋         | 34/500 [03:32<46:20,  5.97s/it]  7%|▋         | 35/500 [03:32<46:25,  5.99s/it]                                                  7%|▋         | 35/500 [03:38<46:25,  5.99s/it]  7%|▋         | 36/500 [03:38<46:35,  6.03s/it]                                                  7%|▋         | 36/500 [03:44<46:35,  6.03s/it]  7%|▋         | 37/500 [03:44<46:23,  6.01s/it]                                                  7%|▋         | 37/500 [03:50<46:23,  6.01s/it]  8%|▊         | 38/500 [03:50<46:15,  6.01s/it]                                                  8%|▊         | 38/500 [03:56<46:15,  6.01s/it]  8%|▊         | 39/500 [03:56<46:02,  5.99s/it]                                                  8%|▊         | 39/500 [04:02<46:02,  5.99s/it]  8%|▊         | 40/500 [04:02<45:53,  5.98s/it]                                                  8%|▊         | 40/500 [04:08<45:53,  5.98s/it]  8%|▊         | 41/500 [04:08<45:46,  5.98s/it]                                                  8%|▊         | 41/500 [04:14<45:46,  5.98s/it]  8%|▊         | 42/500 [04:14<45:36,  5.97s/it]                                                  8%|▊         | 42/500 [04:20<45:36,  5.97s/it]  9%|▊         | 43/500 [04:20<45:33,  5.98s/it]                                                  9%|▊         | 43/500 [04:26<45:33,  5.98s/it]  9%|▉         | 44/500 [04:26<45:21,  5.97s/it]                                                  9%|▉         | 44/500 [04:32<45:21,  5.97s/it]  9%|▉         | 45/500 [04:32<45:21,  5.98s/it]                                                  9%|▉         | 45/500 [04:38<45:21,  5.98s/it]  9%|▉         | 46/500 [04:38<45:13,  5.98s/it]                                                  9%|▉         | 46/500 [04:44<45:13,  5.98s/it]  9%|▉         | 47/500 [04:44<45:09,  5.98s/it]                                                  9%|▉         | 47/500 [04:50<45:09,  5.98s/it] 10%|▉         | 48/500 [04:50<45:06,  5.99s/it]                                                 10%|▉         | 48/500 [04:56<45:06,  5.99s/it] 10%|▉         | 49/500 [04:56<45:14,  6.02s/it]                                                 10%|▉         | 49/500 [05:02<45:14,  6.02s/it] 10%|█         | 50/500 [05:02<45:02,  6.00s/it]                                                 10%|█         | 50/500 [05:08<45:02,  6.00s/it] 10%|█         | 51/500 [05:08<44:49,  5.99s/it]                                                 10%|█         | 51/500 [05:14<44:49,  5.99s/it] 10%|█         | 52/500 [05:14<44:43,  5.99s/it]                                                 10%|█         | 52/500 [05:20<44:43,  5.99s/it] 11%|█         | 53/500 [05:20<44:38,  5.99s/it]                                                 11%|█         | 53/500 [05:26<44:38,  5.99s/it] 11%|█         | 54/500 [05:26<44:30,  5.99s/it]                                                 11%|█         | 54/500 [05:32<44:30,  5.99s/it] 11%|█         | 55/500 [05:32<44:19,  5.98s/it]                                                 11%|█         | 55/500 [05:38<44:19,  5.98s/it] 11%|█         | 56/500 [05:38<44:08,  5.97s/it]                                                 11%|█         | 56/500 [05:44<44:08,  5.97s/it] 11%|█▏        | 57/500 [05:44<44:03,  5.97s/it]                                                 11%|█▏        | 57/500 [05:50<44:03,  5.97s/it] 12%|█▏        | 58/500 [05:50<43:55,  5.96s/it]                                                 12%|█▏        | 58/500 [05:56<43:55,  5.96s/it] 12%|█▏        | 59/500 [05:56<44:07,  6.00s/it]                                                 12%|█▏        | 59/500 [06:02<44:07,  6.00s/it] 12%|█▏        | 60/500 [06:02<43:55,  5.99s/it]                                                 12%|█▏        | 60/500 [06:08<43:55,  5.99s/it] 12%|█▏        | 61/500 [06:08<43:47,  5.98s/it]                                                 12%|█▏        | 61/500 [06:14<43:47,  5.98s/it] 12%|█▏        | 62/500 [06:14<43:43,  5.99s/it]                                                 12%|█▏        | 62/500 [06:20<43:43,  5.99s/it] 13%|█▎        | 63/500 [06:20<43:41,  6.00s/it]                                                 13%|█▎        | 63/500 [06:26<43:41,  6.00s/it] 13%|█▎        | 64/500 [06:26<43:35,  6.00s/it]                                                 13%|█▎        | 64/500 [06:32<43:35,  6.00s/it] 13%|█▎        | 65/500 [06:32<43:27,  6.00s/it]                                                 13%|█▎        | 65/500 [06:38<43:27,  6.00s/it] 13%|█▎        | 66/500 [06:38<43:17,  5.99s/it]                                                 13%|█▎        | 66/500 [06:44<43:17,  5.99s/it] 13%|█▎        | 67/500 [06:44<43:10,  5.98s/it]                                                 13%|█▎        | 67/500 [06:49<43:10,  5.98s/it] 14%|█▎        | 68/500 [06:49<42:59,  5.97s/it]                                                 14%|█▎        | 68/500 [06:55<42:59,  5.97s/it] 14%|█▍        | 69/500 [06:55<42:45,  5.95s/it]                                                 14%|█▍        | 69/500 [07:01<42:45,  5.95s/it] 14%|█▍        | 70/500 [07:01<42:39,  5.95s/it]                                                 14%|█▍        | 70/500 [07:07<42:39,  5.95s/it] 14%|█▍        | 71/500 [07:07<42:45,  5.98s/it]                                                 14%|█▍        | 71/500 [07:13<42:45,  5.98s/it] 14%|█▍        | 72/500 [07:13<42:35,  5.97s/it]                                                 14%|█▍        | 72/500 [07:19<42:35,  5.97s/it] 15%|█▍        | 73/500 [07:19<42:31,  5.97s/it]                                                 15%|█▍        | 73/500 [07:25<42:31,  5.97s/it] 15%|█▍        | 74/500 [07:25<42:38,  6.00s/it]                                                 15%|█▍        | 74/500 [07:31<42:38,  6.00s/it] 15%|█▌        | 75/500 [07:31<42:28,  6.00s/it]                                                 15%|█▌        | 75/500 [07:37<42:28,  6.00s/it] 15%|█▌        | 76/500 [07:37<42:21,  5.99s/it]                                                 15%|█▌        | 76/500 [07:43<42:21,  5.99s/it] 15%|█▌        | 77/500 [07:43<42:13,  5.99s/it]                                                 15%|█▌        | 77/500 [07:49<42:13,  5.99s/it] 16%|█▌        | 78/500 [07:49<42:06,  5.99s/it]                                                 16%|█▌        | 78/500 [07:55<42:06,  5.99s/it] 16%|█▌        | 79/500 [07:55<42:01,  5.99s/it]                                                 16%|█▌        | 79/500 [08:01<42:01,  5.99s/it] 16%|█▌        | 80/500 [08:01<41:48,  5.97s/it]                                                 16%|█▌        | 80/500 [08:07<41:48,  5.97s/it] 16%|█▌        | 81/500 [08:07<41:42,  5.97s/it]                                                 16%|█▌        | 81/500 [08:13<41:42,  5.97s/it] 16%|█▋        | 82/500 [08:13<41:35,  5.97s/it]                                                 16%|█▋        | 82/500 [08:19<41:35,  5.97s/it] 17%|█▋        | 83/500 [08:19<41:30,  5.97s/it]                                                 17%|█▋        | 83/500 [08:25<41:30,  5.97s/it] 17%|█▋        | 84/500 [08:25<41:24,  5.97s/it]                                                 17%|█▋        | 84/500 [08:31<41:24,  5.97s/it] 17%|█▋        | 85/500 [08:31<41:18,  5.97s/it]                                                 17%|█▋        | 85/500 [08:37<41:18,  5.97s/it] 17%|█▋        | 86/500 [08:37<41:15,  5.98s/it]                                                 17%|█▋        | 86/500 [08:43<41:15,  5.98s/it] 17%|█▋        | 87/500 [08:43<41:10,  5.98s/it]                                                 17%|█▋        | 87/500 [08:49<41:10,  5.98s/it] 18%|█▊        | 88/500 [08:49<41:00,  5.97s/it]                                                 18%|█▊        | 88/500 [08:55<41:00,  5.97s/it] 18%|█▊        | 89/500 [08:55<41:00,  5.99s/it]                                                 18%|█▊        | 89/500 [09:01<41:00,  5.99s/it] 18%|█▊        | 90/500 [09:01<40:50,  5.98s/it]                                                 18%|█▊        | 90/500 [09:07<40:50,  5.98s/it] 18%|█▊        | 91/500 [09:07<40:44,  5.98s/it]                                                 18%|█▊        | 91/500 [09:13<40:44,  5.98s/it] 18%|█▊        | 92/500 [09:13<40:37,  5.98s/it]                                                 18%|█▊        | 92/500 [09:19<40:37,  5.98s/it] 19%|█▊        | 93/500 [09:19<40:34,  5.98s/it]                                                 19%|█▊        | 93/500 [09:25<40:34,  5.98s/it] 19%|█▉        | 94/500 [09:25<40:34,  6.00s/it]                                                 19%|█▉        | 94/500 [09:31<40:34,  6.00s/it] 19%|█▉        | 95/500 [09:31<40:30,  6.00s/it]                                                 19%|█▉        | 95/500 [09:37<40:30,  6.00s/it] 19%|█▉        | 96/500 [09:37<40:23,  6.00s/it]                                                 19%|█▉        | 96/500 [09:43<40:23,  6.00s/it] 19%|█▉        | 97/500 [09:43<40:13,  5.99s/it]                                                 19%|█▉        | 97/500 [09:49<40:13,  5.99s/it] 20%|█▉        | 98/500 [09:49<40:05,  5.98s/it]                                                 20%|█▉        | 98/500 [09:55<40:05,  5.98s/it] 20%|█▉        | 99/500 [09:55<39:59,  5.98s/it]                                                 20%|█▉        | 99/500 [10:01<39:59,  5.98s/it] 20%|██        | 100/500 [10:01<39:50,  5.98s/it]                                                  20%|██        | 100/500 [10:07<39:50,  5.98s/it] 20%|██        | 101/500 [10:07<39:42,  5.97s/it]                                                  20%|██        | 101/500 [10:13<39:42,  5.97s/it] 20%|██        | 102/500 [10:13<39:37,  5.97s/it]                                                  20%|██        | 102/500 [10:19<39:37,  5.97s/it] 21%|██        | 103/500 [10:19<39:35,  5.98s/it]                                                  21%|██        | 103/500 [10:25<39:35,  5.98s/it] 21%|██        | 104/500 [10:25<39:27,  5.98s/it]                                                  21%|██        | 104/500 [10:31<39:27,  5.98s/it] 21%|██        | 105/500 [10:31<39:23,  5.98s/it]                                                  21%|██        | 105/500 [10:37<39:23,  5.98s/it] 21%|██        | 106/500 [10:37<39:31,  6.02s/it]                                                  21%|██        | 106/500 [10:43<39:31,  6.02s/it] 21%|██▏       | 107/500 [10:43<39:18,  6.00s/it]                                                  21%|██▏       | 107/500 [10:49<39:18,  6.00s/it] 22%|██▏       | 108/500 [10:49<39:13,  6.00s/it]                                                  22%|██▏       | 108/500 [10:55<39:13,  6.00s/it] 22%|██▏       | 109/500 [10:55<39:05,  6.00s/it]                                                  22%|██▏       | 109/500 [11:01<39:05,  6.00s/it] 22%|██▏       | 110/500 [11:01<38:50,  5.98s/it]                                                  22%|██▏       | 110/500 [11:07<38:50,  5.98s/it] 22%|██▏       | 111/500 [11:07<38:35,  5.95s/it]                                                  22%|██▏       | 111/500 [11:13<38:35,  5.95s/it] 22%|██▏       | 112/500 [11:13<38:30,  5.96s/it]                                                  22%|██▏       | 112/500 [11:19<38:30,  5.96s/it] 23%|██▎       | 113/500 [11:19<38:27,  5.96s/it]                                                  23%|██▎       | 113/500 [11:25<38:27,  5.96s/it] 23%|██▎       | 114/500 [11:25<38:19,  5.96s/it]                                                  23%|██▎       | 114/500 [11:31<38:19,  5.96s/it] 23%|██▎       | 115/500 [11:31<38:14,  5.96s/it]                                                  23%|██▎       | 115/500 [11:36<38:14,  5.96s/it] 23%|██▎       | 116/500 [11:36<38:08,  5.96s/it]                                                  23%|██▎       | 116/500 [11:42<38:08,  5.96s/it] 23%|██▎       | 117/500 [11:42<38:02,  5.96s/it]                                                  23%|██▎       | 117/500 [11:48<38:02,  5.96s/it] 24%|██▎       | 118/500 [11:48<38:02,  5.98s/it]                                                  24%|██▎       | 118/500 [11:54<38:02,  5.98s/it] 24%|██▍       | 119/500 [11:54<37:57,  5.98s/it]                                                  24%|██▍       | 119/500 [12:00<37:57,  5.98s/it] 24%|██▍       | 120/500 [12:00<37:52,  5.98s/it]                                                  24%|██▍       | 120/500 [12:06<37:52,  5.98s/it] 24%|██▍       | 121/500 [12:06<37:47,  5.98s/it]                                                  24%|██▍       | 121/500 [12:12<37:47,  5.98s/it] 24%|██▍       | 122/500 [12:12<37:41,  5.98s/it]                                                  24%|██▍       | 122/500 [12:18<37:41,  5.98s/it] 25%|██▍       | 123/500 [12:18<37:34,  5.98s/it]                                                  25%|██▍       | 123/500 [12:24<37:34,  5.98s/it] 25%|██▍       | 124/500 [12:24<37:29,  5.98s/it]                                                  25%|██▍       | 124/500 [12:30<37:29,  5.98s/it] 25%|██▌       | 125/500 [12:30<37:28,  6.00s/it]                                                  25%|██▌       | 125/500 [12:36<37:28,  6.00s/it] 25%|██▌       | 126/500 [12:36<37:17,  5.98s/it]                                                  25%|██▌       | 126/500 [12:42<37:17,  5.98s/it] 25%|██▌       | 127/500 [12:42<37:11,  5.98s/it]                                                  25%|██▌       | 127/500 [12:48<37:11,  5.98s/it] 26%|██▌       | 128/500 [12:48<37:01,  5.97s/it]                                                  26%|██▌       | 128/500 [12:54<37:01,  5.97s/it] 26%|██▌       | 129/500 [12:54<36:55,  5.97s/it]                                                  26%|██▌       | 129/500 [13:00<36:55,  5.97s/it] 26%|██▌       | 130/500 [13:00<36:57,  5.99s/it]                                                  26%|██▌       | 130/500 [13:06<36:57,  5.99s/it] 26%|██▌       | 131/500 [13:06<36:48,  5.98s/it]                                                  26%|██▌       | 131/500 [13:12<36:48,  5.98s/it] 26%|██▋       | 132/500 [13:12<36:40,  5.98s/it]                                                  26%|██▋       | 132/500 [13:18<36:40,  5.98s/it] 27%|██▋       | 133/500 [13:18<36:36,  5.98s/it]                                                  27%|██▋       | 133/500 [13:24<36:36,  5.98s/it] 27%|██▋       | 134/500 [13:24<36:30,  5.99s/it]                                                  27%|██▋       | 134/500 [13:30<36:30,  5.99s/it] 27%|██▋       | 135/500 [13:30<36:32,  6.01s/it]                                                  27%|██▋       | 135/500 [13:36<36:32,  6.01s/it] 27%|██▋       | 136/500 [13:36<36:25,  6.00s/it]                                                  27%|██▋       | 136/500 [13:42<36:25,  6.00s/it] 27%|██▋       | 137/500 [13:42<36:16,  6.00s/it]                                                  27%|██▋       | 137/500 [13:48<36:16,  6.00s/it] 28%|██▊       | 138/500 [13:48<36:09,  5.99s/it]                                                  28%|██▊       | 138/500 [13:54<36:09,  5.99s/it] 28%|██▊       | 139/500 [13:54<36:09,  6.01s/it]                                                  28%|██▊       | 139/500 [14:00<36:09,  6.01s/it] 28%|██▊       | 140/500 [14:00<35:57,  5.99s/it]                                                  28%|██▊       | 140/500 [14:06<35:57,  5.99s/it] 28%|██▊       | 141/500 [14:06<35:51,  5.99s/it]                                                  28%|██▊       | 141/500 [14:12<35:51,  5.99s/it] 2