[I 2025-08-10 02:09:23,432] Trial 372 finished with values: [0.6835610949685118, 0.08100147275405008] and parameters: {'psi': 0.7087130436700746, 'lda_s': 0.3636270514851977}.
[I 2025-08-10 02:09:29,667] Trial 373 finished with values: [0.6918059444727634, 0.19467787114845939] and parameters: {'psi': 0.9342539362389822, 'lda_s': 2.161518192126061}.
[I 2025-08-10 02:09:35,892] Trial 374 finished with values: [0.6920806916634328, 0.19821059876118377] and parameters: {'psi': 0.9746013996752958, 'lda_s': 0.6209923559333582}.
[I 2025-08-10 02:09:42,128] Trial 375 finished with values: [0.7037752048773036, 0.2084507042253521] and parameters: {'psi': 0.9342539362389822, 'lda_s': 4.76106033015346}.
[I 2025-08-10 02:09:48,349] Trial 376 finished with values: [0.7071104356608874, 0.20656634746922026] and parameters: {'psi': 0.9342539362389822, 'lda_s': 7.715980975809148}.
[I 2025-08-10 02:09:54,589] Trial 377 finished with values: [0.6778542316520842, 0.1672285906945381] and parameters: {'psi': 0.47441330916783697, 'lda_s': 0.11454472061082485}.
[I 2025-08-10 02:10:00,828] Trial 378 finished with values: [0.6773407482624358, 0.17099430018999368] and parameters: {'psi': 0.9488114048294096, 'lda_s': 3.8164667591490775e-07}.
[I 2025-08-10 02:10:07,044] Trial 379 finished with values: [0.6776499740621706, 0.12288993923024984] and parameters: {'psi': 0.8081367492429572, 'lda_s': 0.7814168491602602}.
[I 2025-08-10 02:10:13,275] Trial 380 finished with values: [0.678735802362303, 0.09332376166547021] and parameters: {'psi': 0.7392826207907276, 'lda_s': 0.6209923559333582}.
[I 2025-08-10 02:10:19,511] Trial 381 finished with values: [0.6776642162065688, 0.17226092463584547] and parameters: {'psi': 0.9342539362389822, 'lda_s': 3.440707170595429e-06}.
[I 2025-08-10 02:10:25,736] Trial 382 finished with values: [0.6339936550345304, 0.15021459227467812] and parameters: {'psi': 0.20024264757871746, 'lda_s': 1.3520607911970746}.
[I 2025-08-10 02:10:31,962] Trial 383 finished with values: [0.6766901616979161, 0.17099430018999368] and parameters: {'psi': 0.9342539362389822, 'lda_s': 0.00016970227239654898}.
[I 2025-08-10 02:10:38,195] Trial 384 finished with values: [0.6836294212055615, 0.17189460476787954] and parameters: {'psi': 0.521269467071036, 'lda_s': 1.1044744189958037e-08}.
[I 2025-08-10 02:10:44,439] Trial 385 finished with values: [0.6773423707852154, 0.17099430018999368] and parameters: {'psi': 0.9488114048294096, 'lda_s': 1.346433595083566e-08}.
[I 2025-08-10 02:10:50,663] Trial 386 finished with values: [0.7166822383783424, 0.18980169971671387] and parameters: {'psi': 0.6230420128524983, 'lda_s': 0.5645725872258147}.
[I 2025-08-10 02:10:56,896] Trial 387 finished with values: [0.7031580152399959, 0.2083618917066484] and parameters: {'psi': 0.9574500947487578, 'lda_s': 0.5633056819106802}.
[I 2025-08-10 02:11:03,121] Trial 388 finished with values: [0.6802778299839505, 0.16260162601626016] and parameters: {'psi': 0.8282736895345708, 'lda_s': 0.6209923559333582}.
[I 2025-08-10 02:11:09,349] Trial 389 finished with values: [0.6775165215635531, 0.1717171717171717] and parameters: {'psi': 0.6523795542496895, 'lda_s': 0.00047869152611861683}.
[I 2025-08-10 02:11:15,570] Trial 390 finished with values: [0.7125001408439913, 0.20908435472242248] and parameters: {'psi': 0.9488114048294096, 'lda_s': 6.247783726203344}.
[I 2025-08-10 02:11:21,795] Trial 391 finished with values: [0.5977683551269692, 0.1477900552486188] and parameters: {'psi': 0.03528396408300427, 'lda_s': 0.0068024871132959875}.
[I 2025-08-10 02:11:28,019] Trial 392 finished with values: [0.6205451045558186, 0.16091954022988506] and parameters: {'psi': 0.7524383796036785, 'lda_s': 0.01616218691816689}.
[I 2025-08-10 02:11:34,260] Trial 393 finished with values: [0.6261566446589479, 0.15823235923022094] and parameters: {'psi': 0.25021256424852534, 'lda_s': 3.457304114821059}.
[I 2025-08-10 02:11:40,499] Trial 394 finished with values: [0.699642774568037, 0.1873669268985096] and parameters: {'psi': 0.6136687103676554, 'lda_s': 0.3478160276509234}.
[I 2025-08-10 02:11:46,723] Trial 395 finished with values: [0.6802013009928487, 0.08712871287128712] and parameters: {'psi': 0.7369336713180686, 'lda_s': 1.62617782010938}.
[I 2025-08-10 02:11:52,959] Trial 396 finished with values: [0.7118789399698121, 0.18260244428468728] and parameters: {'psi': 0.6515113273096389, 'lda_s': 0.3478160276509234}.
[I 2025-08-10 02:11:59,204] Trial 397 finished with values: [0.6341205723719526, 0.15838926174496645] and parameters: {'psi': 0.39877449282859956, 'lda_s': 0.007378021491101805}.
[I 2025-08-10 02:12:05,438] Trial 398 finished with values: [0.6862460546781162, 0.14814814814814814] and parameters: {'psi': 0.6615843868245643, 'lda_s': 0.0660549263136268}.
[I 2025-08-10 02:12:11,655] Trial 399 finished with values: [0.6933022259660433, 0.20027624309392264] and parameters: {'psi': 0.9746013996752958, 'lda_s': 0.5633056819106802}.
[I 2025-08-10 02:12:17,910] Trial 400 finished with values: [0.6320696134384547, 0.15285714285714286] and parameters: {'psi': 0.22823064918888547, 'lda_s': 0.5645725872258147}.
[I 2025-08-10 02:12:24,136] Trial 401 finished with values: [0.7026765316051662, 0.21000704721634955] and parameters: {'psi': 0.9342539362389822, 'lda_s': 4.428931593675343}.
[I 2025-08-10 02:12:30,455] Trial 402 finished with values: [0.6774718120469612, 0.1111111111111111] and parameters: {'psi': 0.8021811811884255, 'lda_s': 1.62617782010938}.
[I 2025-08-10 02:12:36,692] Trial 403 finished with values: [0.7119585787962412, 0.1854210898796886] and parameters: {'psi': 0.628364643151227, 'lda_s': 0.3478160276509234}.
[I 2025-08-10 02:12:42,921] Trial 404 finished with values: [0.683140636218224, 0.17221873035826524] and parameters: {'psi': 0.6479275437983557, 'lda_s': 8.504472537522467e-07}.
[I 2025-08-10 02:12:49,153] Trial 405 finished with values: [0.6773421003647522, 0.17099430018999368] and parameters: {'psi': 0.9488114048294096, 'lda_s': 5.366450690238673e-08}.
[I 2025-08-10 02:12:55,370] Trial 406 finished with values: [0.6933022259660433, 0.20027624309392264] and parameters: {'psi': 0.9746013996752958, 'lda_s': 0.5633056819106802}.
[I 2025-08-10 02:13:01,609] Trial 407 finished with values: [0.7189840573615887, 0.18988218988218988] and parameters: {'psi': 0.622883522685488, 'lda_s': 4.76106033015346}.
[I 2025-08-10 02:13:07,841] Trial 408 finished with values: [0.6300974820699966, 0.18437719915552428] and parameters: {'psi': 0.5679876929050796, 'lda_s': 0.5633056819106802}.
[I 2025-08-10 02:13:14,075] Trial 409 finished with values: [0.6814943615079907, 0.17228464419475656] and parameters: {'psi': 0.25112915644952616, 'lda_s': 7.434547995712515e-06}.
[I 2025-08-10 02:13:20,303] Trial 410 finished with values: [0.6777352015781738, 0.130374479889043] and parameters: {'psi': 0.8081681794890128, 'lda_s': 0.6209923559333582}.
[I 2025-08-10 02:13:26,531] Trial 411 finished with values: [0.7046533051915771, 0.1871508379888268] and parameters: {'psi': 0.608890433202157, 'lda_s': 3.457304114821059}.
[I 2025-08-10 02:13:32,757] Trial 412 finished with values: [0.6995922960815624, 0.18961937716262975] and parameters: {'psi': 0.9342539362389822, 'lda_s': 0.3358834667475939}.
[I 2025-08-10 02:13:38,995] Trial 413 finished with values: [0.6865756521527497, 0.18640504555010512] and parameters: {'psi': 0.608890433202157, 'lda_s': 0.20890740567774993}.
[I 2025-08-10 02:13:45,225] Trial 414 finished with values: [0.636818016492944, 0.19197707736389685] and parameters: {'psi': 0.5827231911485855, 'lda_s': 0.5645725872258147}.
[I 2025-08-10 02:13:51,475] Trial 415 finished with values: [0.6553305507067664, 0.16230366492146597] and parameters: {'psi': 0.44531899387989404, 'lda_s': 0.003181555070672955}.
[I 2025-08-10 02:13:57,707] Trial 416 finished with values: [0.7071104356608874, 0.20656634746922026] and parameters: {'psi': 0.9342539362389822, 'lda_s': 7.715980975809148}.
[I 2025-08-10 02:14:03,944] Trial 417 finished with values: [0.6171053562631859, 0.15129682997118155] and parameters: {'psi': 0.10398601040797184, 'lda_s': 0.1225126762767462}.
[I 2025-08-10 02:14:10,172] Trial 418 finished with values: [0.7047063526724529, 0.18448637316561844] and parameters: {'psi': 0.608890433202157, 'lda_s': 1.62617782010938}.
[I 2025-08-10 02:14:16,399] Trial 419 finished with values: [0.7021993296276715, 0.20637119113573407] and parameters: {'psi': 0.9342539362389822, 'lda_s': 0.5633056819106802}.
[I 2025-08-10 02:14:22,644] Trial 420 finished with values: [0.7186178629842611, 0.18953323903818953] and parameters: {'psi': 0.6230420128524983, 'lda_s': 0.9696853387796484}.
[I 2025-08-10 02:14:28,886] Trial 421 finished with values: [0.6806096358923672, 0.17228464419475656] and parameters: {'psi': 0.20821020777513177, 'lda_s': 7.549472555782604e-06}.
[I 2025-08-10 02:14:35,146] Trial 422 finished with values: [0.6143501773732889, 0.1630901287553648] and parameters: {'psi': 0.2936140670073104, 'lda_s': 4.428931593675343}.
[I 2025-08-10 02:14:41,374] Trial 423 finished with values: [0.6757465745614568, 0.16286644951140064] and parameters: {'psi': 0.500181531173176, 'lda_s': 4.428931593675343}.
[I 2025-08-10 02:14:47,597] Trial 424 finished with values: [0.7021993296276715, 0.20637119113573407] and parameters: {'psi': 0.9342539362389822, 'lda_s': 0.5633056819106802}.
[I 2025-08-10 02:14:53,820] Trial 425 finished with values: [0.6742154989685712, 0.17048346055979643] and parameters: {'psi': 0.9837811386779446, 'lda_s': 0.000908651062534597}.
[I 2025-08-10 02:15:00,060] Trial 426 finished with values: [0.625206837851834, 0.1593172119487909] and parameters: {'psi': 0.2531571974603115, 'lda_s': 0.12012523793306232}.
[I 2025-08-10 02:15:06,279] Trial 427 finished with values: [0.6308460059122927, 0.1496881496881497] and parameters: {'psi': 0.9074149880463566, 'lda_s': 0.053410467635745876}.
[I 2025-08-10 02:15:12,504] Trial 428 finished with values: [0.679875309124392, 0.17385786802030456] and parameters: {'psi': 0.7739403703144654, 'lda_s': 4.558656570162573e-05}.
[I 2025-08-10 02:15:18,738] Trial 429 finished with values: [0.6833402966602622, 0.17221873035826524] and parameters: {'psi': 0.6230420128524983, 'lda_s': 2.829997405213517e-08}.
[I 2025-08-10 02:15:24,966] Trial 430 finished with values: [0.6406545166752524, 0.1794697484704283] and parameters: {'psi': 0.5561989390475067, 'lda_s': 2.805274182553878}.
[I 2025-08-10 02:15:31,319] Trial 431 finished with values: [0.6831464953282611, 0.17221873035826524] and parameters: {'psi': 0.6479275437983557, 'lda_s': 7.195814141839364e-08}.
[I 2025-08-10 02:15:37,566] Trial 432 finished with values: [0.7113435074525627, 0.18954703832752615] and parameters: {'psi': 0.6136687103676554, 'lda_s': 4.76106033015346}.
[I 2025-08-10 02:15:43,792] Trial 433 finished with values: [0.6917853474474787, 0.15842924847664183] and parameters: {'psi': 0.40122415287382174, 'lda_s': 4.428931593675343}.
[I 2025-08-10 02:15:50,027] Trial 434 finished with values: [0.6833403868004166, 0.17221873035826524] and parameters: {'psi': 0.6230420128524983, 'lda_s': 1.224053534436265e-08}.
[I 2025-08-10 02:15:56,258] Trial 435 finished with values: [0.7021993296276715, 0.20637119113573407] and parameters: {'psi': 0.9342539362389822, 'lda_s': 0.5633056819106802}.
[I 2025-08-10 02:16:02,479] Trial 436 finished with values: [0.6462933692451709, 0.15450643776824036] and parameters: {'psi': 0.6263623987185496, 'lda_s': 0.020955063786363352}.
[I 2025-08-10 02:16:08,730] Trial 437 finished with values: [0.6138942034021598, 0.1630901287553648] and parameters: {'psi': 0.29164087401775884, 'lda_s': 0.645680580907983}.
[I 2025-08-10 02:16:14,970] Trial 438 finished with values: [0.6847272381462316, 0.16356382978723405] and parameters: {'psi': 0.4288814327419639, 'lda_s': 7.4887327033834845}.
[I 2025-08-10 02:16:21,193] Trial 439 finished with values: [0.6807335335346163, 0.13623188405797101] and parameters: {'psi': 0.9072977440949037, 'lda_s': 0.11899310816416271}.
[I 2025-08-10 02:16:27,416] Trial 440 finished with values: [0.6005889306988972, 0.16475354490209318] and parameters: {'psi': 0.9074149880463566, 'lda_s': 0.020194120482335886}.
[I 2025-08-10 02:16:33,661] Trial 441 finished with values: [0.7190508962860904, 0.18723994452149792] and parameters: {'psi': 0.6230420128524983, 'lda_s': 3.457304114821059}.
[I 2025-08-10 02:16:39,888] Trial 442 finished with values: [0.6782466117442706, 0.16856780735107732] and parameters: {'psi': 0.9074149880463566, 'lda_s': 3.341908053699577e-05}.
[I 2025-08-10 02:16:46,119] Trial 443 finished with values: [0.6814669589010472, 0.17150063051702397] and parameters: {'psi': 0.7216278692063158, 'lda_s': 4.514923001674483e-05}.
[I 2025-08-10 02:16:52,349] Trial 444 finished with values: [0.598981371184987, 0.14712005551700208] and parameters: {'psi': 0.03830692050874773, 'lda_s': 0.5633056819106802}.
[I 2025-08-10 02:16:58,563] Trial 445 finished with values: [0.7037752048773036, 0.2084507042253521] and parameters: {'psi': 0.9342539362389822, 'lda_s': 4.76106033015346}.
[I 2025-08-10 02:17:04,800] Trial 446 finished with values: [0.6783747459737774, 0.16611733684904417] and parameters: {'psi': 0.47169341790019426, 'lda_s': 0.5633056819106802}.
[I 2025-08-10 02:17:11,027] Trial 447 finished with values: [0.6793428963023157, 0.17164653528289892] and parameters: {'psi': 0.7970285009091118, 'lda_s': 1.5380285313624945e-05}.
[I 2025-08-10 02:17:17,255] Trial 448 finished with values: [0.6816747770270604, 0.17304075235109717] and parameters: {'psi': 0.42409362737717116, 'lda_s': 9.19790360713263e-05}.
[I 2025-08-10 02:17:23,488] Trial 449 finished with values: [0.6781785108576069, 0.1879382889200561] and parameters: {'psi': 0.8942600500360814, 'lda_s': 1.492481704785271}.
[I 2025-08-10 02:17:29,719] Trial 450 finished with values: [0.6784232413768548, 0.16856780735107732] and parameters: {'psi': 0.9074149880463566, 'lda_s': 4.114352345273318e-06}.
[I 2025-08-10 02:17:35,945] Trial 451 finished with values: [0.7006923214560159, 0.183206106870229] and parameters: {'psi': 0.9574500947487578, 'lda_s': 0.3218033166103676}.
[I 2025-08-10 02:17:42,176] Trial 452 finished with values: [0.683387349820869, 0.17221873035826524] and parameters: {'psi': 0.6136687103676554, 'lda_s': 4.3992755537072284e-07}.
[I 2025-08-10 02:17:48,407] Trial 453 finished with values: [0.6784487510405554, 0.16856780735107732] and parameters: {'psi': 0.9074149880463566, 'lda_s': 1.4135423978647258e-07}.
[I 2025-08-10 02:17:54,636] Trial 454 finished with values: [0.7034794099605772, 0.2108145106091718] and parameters: {'psi': 0.9488114048294096, 'lda_s': 0.5633056819106802}.
[I 2025-08-10 02:18:00,861] Trial 455 finished with values: [0.6825709504422952, 0.1726078799249531] and parameters: {'psi': 0.32483614854047704, 'lda_s': 4.595972093503303e-06}.
[I 2025-08-10 02:18:07,113] Trial 456 finished with values: [0.681624343610663, 0.17228464419475656] and parameters: {'psi': 0.24521804712460638, 'lda_s': 7.81258122362055e-08}.
[I 2025-08-10 02:18:13,348] Trial 457 finished with values: [0.6845103609346993, 0.18636995827538247] and parameters: {'psi': 0.9827235471396225, 'lda_s': 0.5645725872258147}.
[I 2025-08-10 02:18:19,560] Trial 458 finished with values: [0.678244313170333, 0.17193426042983564] and parameters: {'psi': 0.622883522685488, 'lda_s': 0.0004119270696221202}.
[I 2025-08-10 02:18:25,776] Trial 459 finished with values: [0.7021993296276715, 0.20637119113573407] and parameters: {'psi': 0.9342539362389822, 'lda_s': 0.5633056819106802}.
[I 2025-08-10 02:18:32,010] Trial 460 finished with values: [0.7082290749772284, 0.18926553672316385] and parameters: {'psi': 0.6230420128524983, 'lda_s': 0.3358834667475939}.
[I 2025-08-10 02:18:38,249] Trial 461 finished with values: [0.6819205441580841, 0.17228464419475656] and parameters: {'psi': 0.2633490555391499, 'lda_s': 4.55481195269467e-08}.
[I 2025-08-10 02:18:44,468] Trial 462 finished with values: [0.6808753690675947, 0.17271589486858574] and parameters: {'psi': 0.2874795083289672, 'lda_s': 4.8275562053166996e-05}.
[I 2025-08-10 02:18:50,691] Trial 463 finished with values: [0.6777742322650372, 0.17204301075268819] and parameters: {'psi': 0.5208309307509177, 'lda_s': 0.00037981752391611146}.
[I 2025-08-10 02:18:56,912] Trial 464 finished with values: [0.7021993296276715, 0.20637119113573407] and parameters: {'psi': 0.9342539362389822, 'lda_s': 0.5633056819106802}.
[I 2025-08-10 02:19:03,126] Trial 465 finished with values: [0.6757289521612679, 0.11508176862507571] and parameters: {'psi': 0.7649276028627063, 'lda_s': 7.715980975809148}.
[I 2025-08-10 02:19:09,366] Trial 466 finished with values: [0.6652127510459639, 0.1724354940213971] and parameters: {'psi': 0.09450258021366487, 'lda_s': 0.00012125445310227784}.
[I 2025-08-10 02:19:15,595] Trial 467 finished with values: [0.7021993296276715, 0.20637119113573407] and parameters: {'psi': 0.9342539362389822, 'lda_s': 0.5633056819106802}.
[I 2025-08-10 02:19:21,809] Trial 468 finished with values: [0.683337457245398, 0.17221873035826524] and parameters: {'psi': 0.622883522685488, 'lda_s': 3.363929671521392e-07}.
[I 2025-08-10 02:19:28,151] Trial 469 finished with values: [0.7204853416334387, 0.18723994452149792] and parameters: {'psi': 0.6263623987185496, 'lda_s': 3.457304114821059}.
[I 2025-08-10 02:19:34,399] Trial 470 finished with values: [0.7188637202554392, 0.18485059068797777] and parameters: {'psi': 0.622883522685488, 'lda_s': 1.62617782010938}.
[I 2025-08-10 02:19:40,641] Trial 471 finished with values: [0.6069915858672857, 0.1496792587312901] and parameters: {'psi': 0.05822260720188288, 'lda_s': 0.5633056819106802}.
[I 2025-08-10 02:19:46,884] Trial 472 finished with values: [0.6879424022441292, 0.16051136363636365] and parameters: {'psi': 0.36461336095413655, 'lda_s': 0.3358834667475939}.
[I 2025-08-10 02:19:53,120] Trial 473 finished with values: [0.6785881077192872, 0.16983523447401774] and parameters: {'psi': 0.8301477038160758, 'lda_s': 4.830935534507562e-06}.
[I 2025-08-10 02:19:59,362] Trial 474 finished with values: [0.6602763606994335, 0.16560509554140126] and parameters: {'psi': 0.9342539362389822, 'lda_s': 0.003544481034275757}.
[I 2025-08-10 02:20:05,596] Trial 475 finished with values: [0.6703685425283502, 0.15184381778741865] and parameters: {'psi': 0.6620991097342851, 'lda_s': 0.04388688316249625}.
[I 2025-08-10 02:20:11,820] Trial 476 finished with values: [0.6825183085921144, 0.1724354940213971] and parameters: {'psi': 0.6136687103676554, 'lda_s': 7.636835918259985e-05}.
[I 2025-08-10 02:20:18,066] Trial 477 finished with values: [0.619854135202119, 0.15064562410329985] and parameters: {'psi': 0.2962201144621134, 'lda_s': 0.024680775302015793}.
[I 2025-08-10 02:20:24,305] Trial 478 finished with values: [0.6739253828815734, 0.17297979797979798] and parameters: {'psi': 0.3368666544392843, 'lda_s': 0.00036974067282456057}.
[I 2025-08-10 02:20:30,534] Trial 479 finished with values: [0.6930605602120457, 0.11577424023154848] and parameters: {'psi': 0.69920762707716, 'lda_s': 0.5633056819106802}.
[I 2025-08-10 02:20:36,773] Trial 480 finished with values: [0.7046745331979428, 0.1871508379888268] and parameters: {'psi': 0.608890433202157, 'lda_s': 4.428931593675343}.
[I 2025-08-10 02:20:43,005] Trial 481 finished with values: [0.6291802158586277, 0.15549215406562053] and parameters: {'psi': 0.24130907447466765, 'lda_s': 4.76106033015346}.
[I 2025-08-10 02:20:49,251] Trial 482 finished with values: [0.6546122688862778, 0.16526791478373143] and parameters: {'psi': 0.18183610780614667, 'lda_s': 0.0010906313906213863}.
[I 2025-08-10 02:20:55,481] Trial 483 finished with values: [0.7037752048773036, 0.2084507042253521] and parameters: {'psi': 0.9342539362389822, 'lda_s': 4.76106033015346}.
[I 2025-08-10 02:21:01,709] Trial 484 finished with values: [0.632847793391555, 0.1501072194424589] and parameters: {'psi': 0.22199382497675868, 'lda_s': 7.715980975809148}.
[I 2025-08-10 02:21:07,941] Trial 485 finished with values: [0.6784458214855368, 0.16856780735107732] and parameters: {'psi': 0.9074149880463566, 'lda_s': 5.369220575714072e-07}.
[I 2025-08-10 02:21:14,166] Trial 486 finished with values: [0.6775585268755123, 0.17226092463584547] and parameters: {'psi': 0.9342539362389822, 'lda_s': 2.3754874721792147e-05}.
[I 2025-08-10 02:21:20,403] Trial 487 finished with values: [0.6776809822752908, 0.17226092463584547] and parameters: {'psi': 0.9342539362389822, 'lda_s': 2.732356082891216e-07}.
[I 2025-08-10 02:21:26,625] Trial 488 finished with values: [0.692955907492765, 0.2077562326869806] and parameters: {'psi': 0.9254229954048274, 'lda_s': 6.247783726203344}.
[I 2025-08-10 02:21:32,861] Trial 489 finished with values: [0.6833379980863246, 0.17221873035826524] and parameters: {'psi': 0.6230420128524983, 'lda_s': 1.9792478528998444e-07}.
[I 2025-08-10 02:21:39,094] Trial 490 finished with values: [0.6422145723277839, 0.15450643776824036] and parameters: {'psi': 0.608890433202157, 'lda_s': 0.018429263806588294}.
[I 2025-08-10 02:21:45,317] Trial 491 finished with values: [0.7021993296276715, 0.20637119113573407] and parameters: {'psi': 0.9342539362389822, 'lda_s': 0.5633056819106802}.
[I 2025-08-10 02:21:51,552] Trial 492 finished with values: [0.6531386576418344, 0.1776765375854214] and parameters: {'psi': 0.3295521211052408, 'lda_s': 7.715980975809148}.
[I 2025-08-10 02:21:57,785] Trial 493 finished with values: [0.7016958067250865, 0.1891891891891892] and parameters: {'psi': 0.6086116892381851, 'lda_s': 0.5633056819106802}.
[I 2025-08-10 02:22:04,016] Trial 494 finished with values: [0.6795058246314282, 0.17304075235109717] and parameters: {'psi': 0.29638800914465224, 'lda_s': 0.00010040973555307015}.
[I 2025-08-10 02:22:10,265] Trial 495 finished with values: [0.634130577929093, 0.1501072194424589] and parameters: {'psi': 0.19438607470015667, 'lda_s': 0.5645725872258147}.
