[I 2025-08-10 02:30:19,129] Trial 369 finished with values: [0.8349664455266479, 0.2393242609103707] and parameters: {'psi': 0.001328763799864685, 'lda_s': 7.601579789444657e-06}.
[I 2025-08-10 02:30:26,426] Trial 370 finished with values: [0.7607821870486067, 0.22920353982300884] and parameters: {'psi': 0.9121241048085422, 'lda_s': 1.6161901261231898e-07}.
[I 2025-08-10 02:30:33,595] Trial 371 finished with values: [0.8113556543078939, 0.2690246516613076] and parameters: {'psi': 0.8506349902981623, 'lda_s': 0.14160030203186352}.
[I 2025-08-10 02:30:40,768] Trial 372 finished with values: [0.7488822180491447, 0.19304618578100674] and parameters: {'psi': 0.9392205341403538, 'lda_s': 6.447754622870085}.
[I 2025-08-10 02:30:47,988] Trial 373 finished with values: [0.842501388246102, 0.2214828897338403] and parameters: {'psi': 0.001328763799864685, 'lda_s': 0.14160030203186352}.
[I 2025-08-10 02:30:55,188] Trial 374 finished with values: [0.7526304891960709, 0.25676453655728265] and parameters: {'psi': 0.6455180010713448, 'lda_s': 0.14160030203186352}.
[I 2025-08-10 02:31:02,373] Trial 375 finished with values: [0.845773189900939, 0.2245381335859782] and parameters: {'psi': 0.001328763799864685, 'lda_s': 6.600322894180183e-05}.
[I 2025-08-10 02:31:09,574] Trial 376 finished with values: [0.8365855878639498, 0.23695345557122707] and parameters: {'psi': 0.0007659326428302027, 'lda_s': 1.33071984487641e-08}.
[I 2025-08-10 02:31:16,756] Trial 377 finished with values: [0.7820142333485789, 0.22018348623853212] and parameters: {'psi': 0.06316447068541187, 'lda_s': 7.544830654157385e-08}.
[I 2025-08-10 02:31:23,988] Trial 378 finished with values: [0.842501388246102, 0.2214828897338403] and parameters: {'psi': 0.001328763799864685, 'lda_s': 0.14160030203186352}.
[I 2025-08-10 02:31:31,178] Trial 379 finished with values: [0.7462663725178055, 0.1950354609929078] and parameters: {'psi': 0.31088563164779415, 'lda_s': 0.20809033143019484}.
[I 2025-08-10 02:31:38,373] Trial 380 finished with values: [0.7713761146097129, 0.2164079822616408] and parameters: {'psi': 0.8318882070044238, 'lda_s': 3.4533841335557334e-06}.
[I 2025-08-10 02:31:45,585] Trial 381 finished with values: [0.7468782442055186, 0.23727034120734908] and parameters: {'psi': 0.6432427922654117, 'lda_s': 0.19451141493225596}.
[I 2025-08-10 02:31:52,761] Trial 382 finished with values: [0.7799031439327742, 0.22067160924552987] and parameters: {'psi': 0.4499788618018351, 'lda_s': 5.533378691504646e-07}.
[I 2025-08-10 02:31:59,950] Trial 383 finished with values: [0.7721982146177104, 0.27780852241283893] and parameters: {'psi': 0.9365251078454535, 'lda_s': 0.14160030203186352}.
[I 2025-08-10 02:32:07,132] Trial 384 finished with values: [0.777914540933586, 0.2220287331301698] and parameters: {'psi': 0.5852483591210599, 'lda_s': 4.731705617044899e-05}.
[I 2025-08-10 02:32:14,297] Trial 385 finished with values: [0.7526854079423448, 0.23315758640890452] and parameters: {'psi': 0.9855727114099637, 'lda_s': 0.13783577469134262}.
[I 2025-08-10 02:32:21,474] Trial 386 finished with values: [0.7499901196959144, 0.1950920245398773] and parameters: {'psi': 0.28581443071912693, 'lda_s': 0.20809033143019484}.
[I 2025-08-10 02:32:28,617] Trial 387 finished with values: [0.8320780877324572, 0.24003750586029068] and parameters: {'psi': 0.001328763799864685, 'lda_s': 1.1759238917572427e-07}.
[I 2025-08-10 02:32:35,792] Trial 388 finished with values: [0.7787281282690564, 0.1731123388581952] and parameters: {'psi': 0.9855727114099637, 'lda_s': 0.03724817179926621}.
[I 2025-08-10 02:32:42,992] Trial 389 finished with values: [0.812691690241299, 0.26595744680851063] and parameters: {'psi': 0.8246043678749938, 'lda_s': 0.11716856944879461}.
[I 2025-08-10 02:32:50,175] Trial 390 finished with values: [0.8320581002975886, 0.24003750586029068] and parameters: {'psi': 0.001328763799864685, 'lda_s': 1.666159589898425e-08}.
[I 2025-08-10 02:32:57,368] Trial 391 finished with values: [0.842609304383095, 0.2214828897338403] and parameters: {'psi': 0.001328763799864685, 'lda_s': 0.00018917867847295864}.
[I 2025-08-10 02:33:04,564] Trial 392 finished with values: [0.8425117155322089, 0.22169362511893434] and parameters: {'psi': 0.001328763799864685, 'lda_s': 0.00027774362692306197}.
[I 2025-08-10 02:33:11,793] Trial 393 finished with values: [0.842501388246102, 0.2214828897338403] and parameters: {'psi': 0.001328763799864685, 'lda_s': 0.20809033143019484}.
[I 2025-08-10 02:33:18,992] Trial 394 finished with values: [0.7805800748544114, 0.21854592947322596] and parameters: {'psi': 0.15916436287671154, 'lda_s': 1.1739974013946976e-06}.
[I 2025-08-10 02:33:26,186] Trial 395 finished with values: [0.7739556144984743, 0.1987891019172553] and parameters: {'psi': 0.489730629942556, 'lda_s': 1.4207579699830966}.
[I 2025-08-10 02:33:33,369] Trial 396 finished with values: [0.8365223432436051, 0.23767026773132927] and parameters: {'psi': 0.001328763799864685, 'lda_s': 1.3142910939975894e-05}.
[I 2025-08-10 02:33:40,560] Trial 397 finished with values: [0.744805928812229, 0.2319610447100487] and parameters: {'psi': 0.9648244394359292, 'lda_s': 0.0020802114163124786}.
[I 2025-08-10 02:33:47,761] Trial 398 finished with values: [0.7713321902868913, 0.2164079822616408] and parameters: {'psi': 0.8324939584101985, 'lda_s': 1.9566653863374815e-06}.
[I 2025-08-10 02:33:54,942] Trial 399 finished with values: [0.7546489532628394, 0.18454164170161774] and parameters: {'psi': 0.2569915838601574, 'lda_s': 0.11716856944879461}.
[I 2025-08-10 02:34:02,112] Trial 400 finished with values: [0.7782314845436419, 0.2198952879581152] and parameters: {'psi': 0.4264620704282097, 'lda_s': 6.600322894180183e-05}.
[I 2025-08-10 02:34:09,313] Trial 401 finished with values: [0.7511144062358877, 0.19919606967396158] and parameters: {'psi': 0.775553117449482, 'lda_s': 0.0032232942786682775}.
[I 2025-08-10 02:34:16,581] Trial 402 finished with values: [0.7691368814526025, 0.21827861579414373] and parameters: {'psi': 0.8506349902981623, 'lda_s': 6.289681894097904e-05}.
[I 2025-08-10 02:34:23,758] Trial 403 finished with values: [0.8360904118406951, 0.23767026773132927] and parameters: {'psi': 0.001328763799864685, 'lda_s': 1.1490876070779933e-05}.
[I 2025-08-10 02:34:30,952] Trial 404 finished with values: [0.8348601038337902, 0.2393242609103707] and parameters: {'psi': 0.001328763799864685, 'lda_s': 7.284946831322783e-06}.
[I 2025-08-10 02:34:38,143] Trial 405 finished with values: [0.769606786313213, 0.21818181818181817] and parameters: {'psi': 0.8506349902981623, 'lda_s': 1.1009323263206533e-08}.
[I 2025-08-10 02:34:45,352] Trial 406 finished with values: [0.8308013736518055, 0.2805593143888137] and parameters: {'psi': 0.9997073599557328, 'lda_s': 0.706412977685057}.
[I 2025-08-10 02:34:52,568] Trial 407 finished with values: [0.842501388246102, 0.2214828897338403] and parameters: {'psi': 0.001328763799864685, 'lda_s': 0.14160030203186352}.
[I 2025-08-10 02:34:59,767] Trial 408 finished with values: [0.780133946768791, 0.21979938944614041] and parameters: {'psi': 0.3541450976678455, 'lda_s': 3.8202017798112793e-07}.
[I 2025-08-10 02:35:06,955] Trial 409 finished with values: [0.7799577691386159, 0.22067160924552987] and parameters: {'psi': 0.3992967478424212, 'lda_s': 4.295711349722425e-06}.
[I 2025-08-10 02:35:14,141] Trial 410 finished with values: [0.743774587847218, 0.22470767666497204] and parameters: {'psi': 0.9266297162989744, 'lda_s': 2.741493685522807}.
[I 2025-08-10 02:35:21,345] Trial 411 finished with values: [0.836585561178456, 0.23695345557122707] and parameters: {'psi': 0.0007659326428302027, 'lda_s': 3.259606276011576e-08}.
[I 2025-08-10 02:35:28,532] Trial 412 finished with values: [0.7770691978604745, 0.24880889359449443] and parameters: {'psi': 0.7434079569816262, 'lda_s': 0.14160030203186352}.
[I 2025-08-10 02:35:35,717] Trial 413 finished with values: [0.7519950008463304, 0.18712273641851107] and parameters: {'psi': 0.4178022248715313, 'lda_s': 6.4958048553117615}.
[I 2025-08-10 02:35:42,903] Trial 414 finished with values: [0.7519095005241432, 0.18765679879578526] and parameters: {'psi': 0.4148931130734711, 'lda_s': 1.4759508444921237}.
[I 2025-08-10 02:35:50,084] Trial 415 finished with values: [0.8499099484668422, 0.2230659705742762] and parameters: {'psi': 0.0007659326428302027, 'lda_s': 7.102650181765059e-05}.
[I 2025-08-10 02:35:57,254] Trial 416 finished with values: [0.7794601113644365, 0.22154382904491932] and parameters: {'psi': 0.5105544748834063, 'lda_s': 1.1739974013946976e-06}.
[I 2025-08-10 02:36:04,389] Trial 417 finished with values: [0.8428036548345589, 0.23196605374823195] and parameters: {'psi': 0.001328763799864685, 'lda_s': 3.482253723907039e-05}.
[I 2025-08-10 02:36:11,631] Trial 418 finished with values: [0.842501388246102, 0.2214828897338403] and parameters: {'psi': 0.001328763799864685, 'lda_s': 7.912332598844204}.
[I 2025-08-10 02:36:18,839] Trial 419 finished with values: [0.8009052947035192, 0.28429752066115704] and parameters: {'psi': 0.775553117449482, 'lda_s': 0.08385387889339062}.
[I 2025-08-10 02:36:26,056] Trial 420 finished with values: [0.842501388246102, 0.2214828897338403] and parameters: {'psi': 0.001328763799864685, 'lda_s': 3.1553533515665952}.
[I 2025-08-10 02:36:33,273] Trial 421 finished with values: [0.7716032615330767, 0.192062714355708] and parameters: {'psi': 0.47569179462427247, 'lda_s': 3.844279251574241}.
[I 2025-08-10 02:36:40,467] Trial 422 finished with values: [0.7795205540079303, 0.22154382904491932] and parameters: {'psi': 0.5064216909668694, 'lda_s': 3.259606276011576e-08}.
[I 2025-08-10 02:36:47,666] Trial 423 finished with values: [0.7402645114180957, 0.18115612198452435] and parameters: {'psi': 0.8318882070044238, 'lda_s': 0.007903482353400897}.
[I 2025-08-10 02:36:54,880] Trial 424 finished with values: [0.779258022119766, 0.18190045248868777] and parameters: {'psi': 0.5064729658116381, 'lda_s': 0.012959699667944389}.
[I 2025-08-10 02:37:02,051] Trial 425 finished with values: [0.7460403997561693, 0.22684980062029242] and parameters: {'psi': 0.9263274733381063, 'lda_s': 0.0016432842554679086}.
[I 2025-08-10 02:37:09,250] Trial 426 finished with values: [0.7775404103102821, 0.22105723023154217] and parameters: {'psi': 0.059545841674918165, 'lda_s': 3.482253723907039e-05}.
[I 2025-08-10 02:37:16,461] Trial 427 finished with values: [0.7584741053174503, 0.23170089520800422] and parameters: {'psi': 0.5426657315144088, 'lda_s': 0.10775513888579474}.
[I 2025-08-10 02:37:23,630] Trial 428 finished with values: [0.8414128869533368, 0.2344632768361582] and parameters: {'psi': 0.001328763799864685, 'lda_s': 2.767585013443036e-05}.
[I 2025-08-10 02:37:30,837] Trial 429 finished with values: [0.7571428194019444, 0.15959252971137522] and parameters: {'psi': 0.23804199199596687, 'lda_s': 3.1553533515665952}.
[I 2025-08-10 02:37:38,036] Trial 430 finished with values: [0.8081803207132029, 0.26068601583113454] and parameters: {'psi': 0.8246043678749938, 'lda_s': 0.14160030203186352}.
[I 2025-08-10 02:37:45,312] Trial 431 finished with values: [0.755844890353709, 0.157725321888412] and parameters: {'psi': 0.16080463288833868, 'lda_s': 1.4759508444921237}.
[I 2025-08-10 02:37:52,513] Trial 432 finished with values: [0.8338593444446926, 0.2401500938086304] and parameters: {'psi': 0.001328763799864685, 'lda_s': 4.295711349722425e-06}.
[I 2025-08-10 02:37:59,738] Trial 433 finished with values: [0.7683584922834759, 0.16077828981054787] and parameters: {'psi': 0.4282821956673697, 'lda_s': 0.02387427516981083}.
[I 2025-08-10 02:38:06,951] Trial 434 finished with values: [0.7716655187901501, 0.21631205673758866] and parameters: {'psi': 0.8287602991607406, 'lda_s': 1.1443975664776549e-08}.
[I 2025-08-10 02:38:14,153] Trial 435 finished with values: [0.7663217486534433, 0.24330259112867808] and parameters: {'psi': 0.9855727114099637, 'lda_s': 9.417031439458183e-08}.
[I 2025-08-10 02:38:21,339] Trial 436 finished with values: [0.819186752637721, 0.2838063439065108] and parameters: {'psi': 0.8666366900171654, 'lda_s': 0.10775513888579474}.
[I 2025-08-10 02:38:28,561] Trial 437 finished with values: [0.7670773484108507, 0.18692598595353863] and parameters: {'psi': 0.5276574183340867, 'lda_s': 0.20809033143019484}.
[I 2025-08-10 02:38:35,773] Trial 438 finished with values: [0.842501388246102, 0.2214828897338403] and parameters: {'psi': 0.001328763799864685, 'lda_s': 0.14160030203186352}.
[I 2025-08-10 02:38:42,991] Trial 439 finished with values: [0.7657825682508856, 0.21722846441947566] and parameters: {'psi': 0.8506349902981623, 'lda_s': 0.9799958130812999}.
[I 2025-08-10 02:38:50,198] Trial 440 finished with values: [0.8367041781984692, 0.23695345557122707] and parameters: {'psi': 0.0007659326428302027, 'lda_s': 3.100767020560866e-07}.
[I 2025-08-10 02:38:57,413] Trial 441 finished with values: [0.7466795173330688, 0.23674729799279465] and parameters: {'psi': 0.8930493437166529, 'lda_s': 1.4759508444921237}.
[I 2025-08-10 02:39:04,643] Trial 442 finished with values: [0.842501388246102, 0.2214828897338403] and parameters: {'psi': 0.001328763799864685, 'lda_s': 6.4958048553117615}.
[I 2025-08-10 02:39:11,852] Trial 443 finished with values: [0.7580502863046603, 0.1597911227154047] and parameters: {'psi': 0.20777880057146925, 'lda_s': 0.029229863554801554}.
[I 2025-08-10 02:39:19,053] Trial 444 finished with values: [0.7653927465572177, 0.22566371681415928] and parameters: {'psi': 0.8818861135193814, 'lda_s': 4.780090151177573e-05}.
[I 2025-08-10 02:39:26,313] Trial 445 finished with values: [0.8463000682908473, 0.21755725190839695] and parameters: {'psi': 0.0007659326428302027, 'lda_s': 0.01519665021251467}.
[I 2025-08-10 02:39:33,514] Trial 446 finished with values: [0.7787159063128886, 0.2220287331301698] and parameters: {'psi': 0.5787223628854898, 'lda_s': 6.545320454842905e-07}.
[I 2025-08-10 02:39:40,723] Trial 447 finished with values: [0.7732531989302427, 0.2151394422310757] and parameters: {'psi': 0.806357363379877, 'lda_s': 9.013336980595652e-07}.
[I 2025-08-10 02:39:47,932] Trial 448 finished with values: [0.845773189900939, 0.2245381335859782] and parameters: {'psi': 0.001328763799864685, 'lda_s': 6.600322894180183e-05}.
[I 2025-08-10 02:39:55,149] Trial 449 finished with values: [0.8113556543078939, 0.2690246516613076] and parameters: {'psi': 0.8506349902981623, 'lda_s': 0.14160030203186352}.
[I 2025-08-10 02:40:02,326] Trial 450 finished with values: [0.7798555903827936, 0.22067160924552987] and parameters: {'psi': 0.40384888151183185, 'lda_s': 7.601579789444657e-06}.
[I 2025-08-10 02:40:09,528] Trial 451 finished with values: [0.7766001202501722, 0.22551153678711364] and parameters: {'psi': 0.7086510423151541, 'lda_s': 2.238464079343421e-05}.
[I 2025-08-10 02:40:16,715] Trial 452 finished with values: [0.7782416784022796, 0.2198952879581152] and parameters: {'psi': 0.3539534379002218, 'lda_s': 5.986243319718819e-05}.
[I 2025-08-10 02:40:23,917] Trial 453 finished with values: [0.7802494682715215, 0.2196078431372549] and parameters: {'psi': 0.29046588846535537, 'lda_s': 8.313607638572672e-08}.
[I 2025-08-10 02:40:31,127] Trial 454 finished with values: [0.8107778066247966, 0.26524064171122996] and parameters: {'psi': 0.8396442316721652, 'lda_s': 0.14160030203186352}.
[I 2025-08-10 02:40:38,316] Trial 455 finished with values: [0.8323768051502362, 0.2401500938086304] and parameters: {'psi': 0.001328763799864685, 'lda_s': 1.9566653863374815e-06}.
[I 2025-08-10 02:40:45,507] Trial 456 finished with values: [0.8360904118406951, 0.23767026773132927] and parameters: {'psi': 0.001328763799864685, 'lda_s': 1.1490876070779933e-05}.
[I 2025-08-10 02:40:52,748] Trial 457 finished with values: [0.842501388246102, 0.2214828897338403] and parameters: {'psi': 0.001328763799864685, 'lda_s': 0.3944197786682645}.
[I 2025-08-10 02:40:59,940] Trial 458 finished with values: [0.7766233099442987, 0.22531535450195736] and parameters: {'psi': 0.7003406069621396, 'lda_s': 3.482253723907039e-05}.
[I 2025-08-10 02:41:07,121] Trial 459 finished with values: [0.8365223432436051, 0.23767026773132927] and parameters: {'psi': 0.001328763799864685, 'lda_s': 1.3142910939975894e-05}.
[I 2025-08-10 02:41:14,293] Trial 460 finished with values: [0.7607824539035448, 0.22920353982300884] and parameters: {'psi': 0.9121241048085422, 'lda_s': 7.981098750290549e-08}.
[I 2025-08-10 02:41:21,493] Trial 461 finished with values: [0.7780806581325924, 0.14509246088193456] and parameters: {'psi': 0.8666366900171654, 'lda_s': 0.01906193349727082}.
[I 2025-08-10 02:41:28,689] Trial 462 finished with values: [0.7421579272608411, 0.2] and parameters: {'psi': 0.586954039135338, 'lda_s': 1.7040433769705317}.
[I 2025-08-10 02:41:35,895] Trial 463 finished with values: [0.7712290775387852, 0.24364592462751972] and parameters: {'psi': 0.9997073599557328, 'lda_s': 5.317786420673895e-08}.
[I 2025-08-10 02:41:43,111] Trial 464 finished with values: [0.8463000682908473, 0.21755725190839695] and parameters: {'psi': 0.0007659326428302027, 'lda_s': 0.01519665021251467}.
[I 2025-08-10 02:41:50,295] Trial 465 finished with values: [0.7867652919821325, 0.2276707530647986] and parameters: {'psi': 0.022940861469565976, 'lda_s': 2.1750032584872068e-07}.
[I 2025-08-10 02:41:57,461] Trial 466 finished with values: [0.8322052974814791, 0.2401500938086304] and parameters: {'psi': 0.001328763799864685, 'lda_s': 1.6006440000704623e-06}.
[I 2025-08-10 02:42:04,675] Trial 467 finished with values: [0.8009052947035192, 0.28429752066115704] and parameters: {'psi': 0.775553117449482, 'lda_s': 0.08385387889339062}.
[I 2025-08-10 02:42:11,856] Trial 468 finished with values: [0.7878391429387929, 0.22047970479704798] and parameters: {'psi': 0.02582001016101021, 'lda_s': 0.10775513888579474}.
[I 2025-08-10 02:42:19,160] Trial 469 finished with values: [0.8365223432436051, 0.23767026773132927] and parameters: {'psi': 0.001328763799864685, 'lda_s': 1.3142910939975894e-05}.
[I 2025-08-10 02:42:26,368] Trial 470 finished with values: [0.7676858310408492, 0.22320637732506643] and parameters: {'psi': 0.8666366900171654, 'lda_s': 1.3142910939975894e-05}.
[I 2025-08-10 02:42:33,555] Trial 471 finished with values: [0.7781242088585005, 0.22144725370531823] and parameters: {'psi': 0.5135754940021654, 'lda_s': 6.600322894180183e-05}.
[I 2025-08-10 02:42:40,727] Trial 472 finished with values: [0.8414128869533368, 0.2344632768361582] and parameters: {'psi': 0.001328763799864685, 'lda_s': 2.767585013443036e-05}.
[I 2025-08-10 02:42:47,897] Trial 473 finished with values: [0.8428036548345589, 0.23196605374823195] and parameters: {'psi': 0.001328763799864685, 'lda_s': 3.482253723907039e-05}.
[I 2025-08-10 02:42:55,081] Trial 474 finished with values: [0.7503432488355851, 0.20766488413547238] and parameters: {'psi': 0.8318882070044238, 'lda_s': 0.00251820430259956}.
[I 2025-08-10 02:43:02,303] Trial 475 finished with values: [0.8338593444446926, 0.2401500938086304] and parameters: {'psi': 0.001328763799864685, 'lda_s': 4.295711349722425e-06}.
[I 2025-08-10 02:43:09,545] Trial 476 finished with values: [0.842501388246102, 0.2214828897338403] and parameters: {'psi': 0.001328763799864685, 'lda_s': 4.896699876312419}.
[I 2025-08-10 02:43:16,730] Trial 477 finished with values: [0.776573141215924, 0.22610213880401572] and parameters: {'psi': 0.7207135113080398, 'lda_s': 2.737581155323335e-08}.
[I 2025-08-10 02:43:23,920] Trial 478 finished with values: [0.8308013736518055, 0.2805593143888137] and parameters: {'psi': 0.9997073599557328, 'lda_s': 0.706412977685057}.
[I 2025-08-10 02:43:31,107] Trial 479 finished with values: [0.7807339167262621, 0.2200873362445415] and parameters: {'psi': 0.08134792998784046, 'lda_s': 6.7298892500144465e-06}.
[I 2025-08-10 02:43:38,297] Trial 480 finished with values: [0.7801289565814473, 0.21854592947322596] and parameters: {'psi': 0.18304941225658677, 'lda_s': 7.284946831322783e-06}.
[I 2025-08-10 02:43:45,510] Trial 481 finished with values: [0.819186752637721, 0.2838063439065108] and parameters: {'psi': 0.8666366900171654, 'lda_s': 0.10775513888579474}.
[I 2025-08-10 02:43:52,715] Trial 482 finished with values: [0.7618602009423022, 0.21412705464238116] and parameters: {'psi': 0.8318882070044238, 'lda_s': 0.0009496349483838462}.
[I 2025-08-10 02:43:59,930] Trial 483 finished with values: [0.7800597610959819, 0.21979938944614041] and parameters: {'psi': 0.38575987662223743, 'lda_s': 1.2626328771621657e-06}.
[I 2025-08-10 02:44:07,098] Trial 484 finished with values: [0.8441488438923429, 0.23124115148655025] and parameters: {'psi': 0.0007659326428302027, 'lda_s': 2.238464079343421e-05}.
[I 2025-08-10 02:44:14,267] Trial 485 finished with values: [0.779281532039818, 0.21854592947322596] and parameters: {'psi': 0.1844391896104033, 'lda_s': 2.238464079343421e-05}.
[I 2025-08-10 02:44:21,465] Trial 486 finished with values: [0.7805323611914678, 0.21854592947322596] and parameters: {'psi': 0.18404822071552052, 'lda_s': 5.688377502748824e-08}.
[I 2025-08-10 02:44:28,681] Trial 487 finished with values: [0.7667812194859717, 0.1331945889698231] and parameters: {'psi': 0.09994632637259637, 'lda_s': 3.05336282269686}.
[I 2025-08-10 02:44:35,892] Trial 488 finished with values: [0.8463000682908473, 0.21755725190839695] and parameters: {'psi': 0.0007659326428302027, 'lda_s': 0.10775513888579474}.
[I 2025-08-10 02:44:43,078] Trial 489 finished with values: [0.7755020655506206, 0.2222222222222222] and parameters: {'psi': 0.5505428199077934, 'lda_s': 0.00018917867847295864}.
[I 2025-08-10 02:44:50,239] Trial 490 finished with values: [0.8323782194814086, 0.2401500938086304] and parameters: {'psi': 0.001328763799864685, 'lda_s': 1.958713525868548e-06}.
[I 2025-08-10 02:44:57,439] Trial 491 finished with values: [0.842501388246102, 0.2214828897338403] and parameters: {'psi': 0.001328763799864685, 'lda_s': 0.10775513888579474}.
