[I 2025-08-10 00:41:13,548] Trial 247 finished with values: [0.8875094992311361, 0.26194398682042835] and parameters: {'psi': 0.5602683930030257, 'lda_s': 5.519039041229814e-07}.
[I 2025-08-10 00:41:20,222] Trial 248 finished with values: [0.8305710121717665, 0.17169811320754716] and parameters: {'psi': 0.6026734041934184, 'lda_s': 1.2159238201020126}.
[I 2025-08-10 00:41:26,912] Trial 249 finished with values: [0.8753272134483612, 0.27348993288590606] and parameters: {'psi': 0.8926464639476472, 'lda_s': 0.0012911910031515666}.
[I 2025-08-10 00:41:33,587] Trial 250 finished with values: [0.8874343501123332, 0.2514767932489452] and parameters: {'psi': 0.6502037797036682, 'lda_s': 1.203733259693832e-08}.
[I 2025-08-10 00:41:40,276] Trial 251 finished with values: [0.8842483621795445, 0.2354014598540146] and parameters: {'psi': 0.28472939390379093, 'lda_s': 0.013014078368505846}.
[I 2025-08-10 00:41:46,964] Trial 252 finished with values: [0.88567770957599, 0.26894865525672373] and parameters: {'psi': 0.28146576207333707, 'lda_s': 0.00017200484581690213}.
[I 2025-08-10 00:41:53,647] Trial 253 finished with values: [0.881943603256005, 0.27347611202635913] and parameters: {'psi': 0.21437487897869434, 'lda_s': 0.0012250885091220217}.
[I 2025-08-10 00:42:00,339] Trial 254 finished with values: [0.8865999000349367, 0.267318663406683] and parameters: {'psi': 0.3140543060518127, 'lda_s': 7.860255826029973e-07}.
[I 2025-08-10 00:42:07,022] Trial 255 finished with values: [0.8864465735189487, 0.2859450726978998] and parameters: {'psi': 0.05612927027643866, 'lda_s': 1.940813515926872e-08}.
[I 2025-08-10 00:42:13,729] Trial 256 finished with values: [0.8850664754919837, 0.2884927066450567] and parameters: {'psi': 0.04233915348068573, 'lda_s': 4.3858419170070764e-05}.
[I 2025-08-10 00:42:20,437] Trial 257 finished with values: [0.8323703673716073, 0.11037891268533773] and parameters: {'psi': 0.7196706312419289, 'lda_s': 1.2226667618530416}.
[I 2025-08-10 00:42:27,130] Trial 258 finished with values: [0.8869695890721867, 0.25439330543933053] and parameters: {'psi': 0.6115148817694545, 'lda_s': 0.00020540858261472935}.
[I 2025-08-10 00:42:33,829] Trial 259 finished with values: [0.8873446971339097, 0.2641509433962264] and parameters: {'psi': 0.5179903830725926, 'lda_s': 3.1155912344199557e-07}.
[I 2025-08-10 00:42:40,528] Trial 260 finished with values: [0.886941298576773, 0.2635024549918167] and parameters: {'psi': 0.41893410917009244, 'lda_s': 3.6459190928295067e-07}.
[I 2025-08-10 00:42:47,226] Trial 261 finished with values: [0.8864311930524281, 0.2755267423014587] and parameters: {'psi': 0.10411255016662357, 'lda_s': 3.6459190928295067e-07}.
[I 2025-08-10 00:42:53,920] Trial 262 finished with values: [0.8861780927328968, 0.2701383238405207] and parameters: {'psi': 0.2587267065580702, 'lda_s': 4.825719198415636e-05}.
[I 2025-08-10 00:43:00,614] Trial 263 finished with values: [0.8875224889515654, 0.260149130074565] and parameters: {'psi': 0.5758205182873772, 'lda_s': 2.9698551773214173e-06}.
[I 2025-08-10 00:43:07,312] Trial 264 finished with values: [0.8790413968842522, 0.2781456953642384] and parameters: {'psi': 0.9531875907224159, 'lda_s': 8.301519317994694e-07}.
[I 2025-08-10 00:43:14,008] Trial 265 finished with values: [0.8853869151597528, 0.2898550724637681] and parameters: {'psi': 0.03477971991394613, 'lda_s': 0.3522768276276841}.
[I 2025-08-10 00:43:20,694] Trial 266 finished with values: [0.8873353732241538, 0.26101413133832085] and parameters: {'psi': 0.5935440389895625, 'lda_s': 6.283856175094994e-05}.
[I 2025-08-10 00:43:27,387] Trial 267 finished with values: [0.8873575274712664, 0.2510602205258694] and parameters: {'psi': 0.6755606655778364, 'lda_s': 3.6459190928295067e-07}.
[I 2025-08-10 00:43:34,071] Trial 268 finished with values: [0.885930570820912, 0.27154471544715447] and parameters: {'psi': 0.186511025358716, 'lda_s': 5.4729008060122045e-05}.
[I 2025-08-10 00:43:40,769] Trial 269 finished with values: [0.8875094992311361, 0.26194398682042835] and parameters: {'psi': 0.5602683930030257, 'lda_s': 5.519039041229814e-07}.
[I 2025-08-10 00:43:47,457] Trial 270 finished with values: [0.8871433166214869, 0.265139116202946] and parameters: {'psi': 0.46922358072733483, 'lda_s': 3.6459190928295067e-07}.
[I 2025-08-10 00:43:54,251] Trial 271 finished with values: [0.8883904094742398, 0.15430861723446893] and parameters: {'psi': 0.10533153069693124, 'lda_s': 0.016566406789692397}.
[I 2025-08-10 00:44:00,944] Trial 272 finished with values: [0.8865668280473407, 0.2649223221586263] and parameters: {'psi': 0.39568037881660534, 'lda_s': 7.391142065812517e-05}.
[I 2025-08-10 00:44:07,638] Trial 273 finished with values: [0.8460042344894768, 0.14348206474190725] and parameters: {'psi': 0.49541187419053623, 'lda_s': 2.9074958344436332}.
[I 2025-08-10 00:44:14,340] Trial 274 finished with values: [0.885550043734715, 0.2931596091205212] and parameters: {'psi': 0.015232310475658428, 'lda_s': 8.717297748860503e-07}.
[I 2025-08-10 00:44:21,032] Trial 275 finished with values: [0.8765102343058676, 0.34146341463414637] and parameters: {'psi': 0.46922358072733483, 'lda_s': 0.0322143008678397}.
[I 2025-08-10 00:44:27,734] Trial 276 finished with values: [0.8143040570004871, 0.272108843537415] and parameters: {'psi': 0.7299181214955893, 'lda_s': 0.08865989195338274}.
[I 2025-08-10 00:44:34,435] Trial 277 finished with values: [0.8825402537888545, 0.29533678756476683] and parameters: {'psi': 0.015232310475658428, 'lda_s': 0.003649965985920652}.
[I 2025-08-10 00:44:41,131] Trial 278 finished with values: [0.8911550682542071, 0.15301724137931033] and parameters: {'psi': 0.18295969227694786, 'lda_s': 0.36141560790020555}.
[I 2025-08-10 00:44:47,828] Trial 279 finished with values: [0.8860698716264979, 0.2578456318914334] and parameters: {'psi': 0.7911415176360316, 'lda_s': 1.1507800798450513e-08}.
[I 2025-08-10 00:44:54,521] Trial 280 finished with values: [0.8873309104981167, 0.2641509433962264] and parameters: {'psi': 0.522389789450171, 'lda_s': 9.799806017488188e-06}.
[I 2025-08-10 00:45:01,215] Trial 281 finished with values: [0.8864069668253697, 0.2813257881972514] and parameters: {'psi': 0.08040097238112565, 'lda_s': 2.0182061089289198e-07}.
[I 2025-08-10 00:45:07,915] Trial 282 finished with values: [0.8911866261026121, 0.15301724137931033] and parameters: {'psi': 0.18295969227694786, 'lda_s': 0.15005478489499946}.
[I 2025-08-10 00:45:14,617] Trial 283 finished with values: [0.8830907629221421, 0.2656514382402707] and parameters: {'psi': 0.807058899956751, 'lda_s': 0.001060032257882126}.
[I 2025-08-10 00:45:21,332] Trial 284 finished with values: [0.8865495349839468, 0.2671009771986971] and parameters: {'psi': 0.28853956215439447, 'lda_s': 1.940813515926872e-08}.
[I 2025-08-10 00:45:28,028] Trial 285 finished with values: [0.8864476095089215, 0.28617623282134197] and parameters: {'psi': 0.05399342243000149, 'lda_s': 3.7940986945230646e-08}.
[I 2025-08-10 00:45:34,724] Trial 286 finished with values: [0.8865170208371054, 0.267318663406683] and parameters: {'psi': 0.30877262276842043, 'lda_s': 1.3444837337395678e-05}.
[I 2025-08-10 00:45:41,417] Trial 287 finished with values: [0.8865108845888044, 0.2687296416938111] and parameters: {'psi': 0.2679559193103045, 'lda_s': 6.347344986258941e-08}.
[I 2025-08-10 00:45:48,104] Trial 288 finished with values: [0.8867915581799217, 0.26633986928104575] and parameters: {'psi': 0.37977235175364676, 'lda_s': 2.9698551773214173e-06}.
[I 2025-08-10 00:45:54,793] Trial 289 finished with values: [0.8868157047154439, 0.26633986928104575] and parameters: {'psi': 0.3836255799150504, 'lda_s': 4.472825792237904e-07}.
[I 2025-08-10 00:46:01,480] Trial 290 finished with values: [0.8870722317710393, 0.265139116202946] and parameters: {'psi': 0.45361964511060393, 'lda_s': 3.6459190928295067e-07}.
[I 2025-08-10 00:46:08,173] Trial 291 finished with values: [0.8881016073464123, 0.2228626320845341] and parameters: {'psi': 0.10644737799667536, 'lda_s': 0.009480396218066003}.
[I 2025-08-10 00:46:14,873] Trial 292 finished with values: [0.8869861649117528, 0.260149130074565] and parameters: {'psi': 0.5758205182873772, 'lda_s': 0.00020041380088847181}.
[I 2025-08-10 00:46:21,561] Trial 293 finished with values: [0.8874697331544842, 0.25356842989084805] and parameters: {'psi': 0.6297599231786989, 'lda_s': 2.506273818411529e-08}.
[I 2025-08-10 00:46:28,263] Trial 294 finished with values: [0.8811195130783374, 0.12908633696563285] and parameters: {'psi': 0.2892596785341317, 'lda_s': 0.08865989195338274}.
[I 2025-08-10 00:46:34,954] Trial 295 finished with values: [0.8835605445290803, 0.2785016286644951] and parameters: {'psi': 0.0989713589997746, 'lda_s': 0.00022474625368316657}.
[I 2025-08-10 00:46:41,654] Trial 296 finished with values: [0.8864858614463823, 0.2701383238405207] and parameters: {'psi': 0.2521762330097447, 'lda_s': 3.6459190928295067e-07}.
[I 2025-08-10 00:46:48,330] Trial 297 finished with values: [0.8874534760810635, 0.2641509433962264] and parameters: {'psi': 0.5427486497241751, 'lda_s': 1.940813515926872e-08}.
[I 2025-08-10 00:46:55,037] Trial 298 finished with values: [0.885154614331216, 0.13258636788048553] and parameters: {'psi': 0.21588767410184628, 'lda_s': 0.8304952452263217}.
[I 2025-08-10 00:47:01,739] Trial 299 finished with values: [0.882907153622331, 0.29411764705882354] and parameters: {'psi': 0.01701252671224618, 'lda_s': 0.007880037395810972}.
[I 2025-08-10 00:47:08,445] Trial 300 finished with values: [0.8864343807138831, 0.27154471544715447] and parameters: {'psi': 0.16559044854410532, 'lda_s': 1.0672648752339011e-07}.
[I 2025-08-10 00:47:15,145] Trial 301 finished with values: [0.8745449613272912, 0.27424749163879597] and parameters: {'psi': 0.9050836883600163, 'lda_s': 0.0012773944153687523}.
[I 2025-08-10 00:47:21,842] Trial 302 finished with values: [0.8454440029887514, 0.1111111111111111] and parameters: {'psi': 0.5203376748716412, 'lda_s': 0.36141560790020555}.
[I 2025-08-10 00:47:28,634] Trial 303 finished with values: [0.8881016073464123, 0.2228626320845341] and parameters: {'psi': 0.10644737799667536, 'lda_s': 0.009480396218066003}.
[I 2025-08-10 00:47:35,337] Trial 304 finished with values: [0.886400272736314, 0.27154471544715447] and parameters: {'psi': 0.22837677692521774, 'lda_s': 6.634077546141833e-06}.
[I 2025-08-10 00:47:42,046] Trial 305 finished with values: [0.8864872162025006, 0.2701383238405207] and parameters: {'psi': 0.2521762330097447, 'lda_s': 1.1946331477891516e-07}.
[I 2025-08-10 00:47:48,747] Trial 306 finished with values: [0.8871432369299505, 0.265139116202946] and parameters: {'psi': 0.46922358072733483, 'lda_s': 4.472825792237904e-07}.
[I 2025-08-10 00:47:55,442] Trial 307 finished with values: [0.879911708153018, 0.2662173546756529] and parameters: {'psi': 0.8633528662405675, 'lda_s': 0.000298031966817317}.
[I 2025-08-10 00:48:02,129] Trial 308 finished with values: [0.8388832378734984, 0.1537117903930131] and parameters: {'psi': 0.5242613256062697, 'lda_s': 2.550714255595579}.
[I 2025-08-10 00:48:08,816] Trial 309 finished with values: [0.8874395300621977, 0.2533557046979866] and parameters: {'psi': 0.6245222626419589, 'lda_s': 1.537726008022875e-05}.
[I 2025-08-10 00:48:15,526] Trial 310 finished with values: [0.887150568551297, 0.25234441602728047] and parameters: {'psi': 0.7133498242102088, 'lda_s': 3.3449938370799166e-07}.
[I 2025-08-10 00:48:22,209] Trial 311 finished with values: [0.8864343010223469, 0.28617623282134197] and parameters: {'psi': 0.055529702087618094, 'lda_s': 4.472825792237904e-07}.
[I 2025-08-10 00:48:28,892] Trial 312 finished with values: [0.8457512935530185, 0.14485165794066318] and parameters: {'psi': 0.49541187419053623, 'lda_s': 7.888486984876986}.
[I 2025-08-10 00:48:35,583] Trial 313 finished with values: [0.8866002188010823, 0.267318663406683] and parameters: {'psi': 0.3130970861868112, 'lda_s': 1.940813515926872e-08}.
[I 2025-08-10 00:48:42,266] Trial 314 finished with values: [0.8355764375715631, 0.15667466027178256] and parameters: {'psi': 0.6255229875467392, 'lda_s': 0.1660816532860854}.
[I 2025-08-10 00:48:48,941] Trial 315 finished with values: [0.8300528578022477, 0.14249790444258173] and parameters: {'psi': 0.5602683930030257, 'lda_s': 0.4404425536877975}.
[I 2025-08-10 00:48:55,638] Trial 316 finished with values: [0.8861772161259968, 0.27154471544715447] and parameters: {'psi': 0.16559044854410532, 'lda_s': 2.317679998135213e-05}.
[I 2025-08-10 00:49:02,337] Trial 317 finished with values: [0.8871320004233214, 0.17540322580645162] and parameters: {'psi': 0.09594933808922201, 'lda_s': 0.025424359674871316}.
[I 2025-08-10 00:49:09,022] Trial 318 finished with values: [0.841866331154673, 0.16777408637873753] and parameters: {'psi': 0.5858417974427876, 'lda_s': 0.08865989195338274}.
[I 2025-08-10 00:49:15,730] Trial 319 finished with values: [0.882542485151873, 0.29533678756476683] and parameters: {'psi': 0.015232310475658428, 'lda_s': 4.460716264204359}.
[I 2025-08-10 00:49:22,424] Trial 320 finished with values: [0.887399365527864, 0.2521150592216582] and parameters: {'psi': 0.6632779420668647, 'lda_s': 3.6459190928295067e-07}.
[I 2025-08-10 00:49:29,115] Trial 321 finished with values: [0.8855464576155782, 0.26079593564775616] and parameters: {'psi': 0.8067841600040697, 'lda_s': 2.5306990770754636e-06}.
[I 2025-08-10 00:49:35,820] Trial 322 finished with values: [0.8871276173888208, 0.265139116202946] and parameters: {'psi': 0.46922358072733483, 'lda_s': 4.696519120806601e-06}.
[I 2025-08-10 00:49:42,499] Trial 323 finished with values: [0.8581975973958081, 0.294478527607362] and parameters: {'psi': 0.5937290585521703, 'lda_s': 0.038015849517544664}.
[I 2025-08-10 00:49:49,195] Trial 324 finished with values: [0.886474784322826, 0.27132412672623885] and parameters: {'psi': 0.1283434515884233, 'lda_s': 1.203733259693832e-08}.
[I 2025-08-10 00:49:55,879] Trial 325 finished with values: [0.8872633320752696, 0.26557377049180325] and parameters: {'psi': 0.49812790865262035, 'lda_s': 3.7940986945230646e-08}.
[I 2025-08-10 00:50:02,576] Trial 326 finished with values: [0.8884975945906659, 0.18700787401574803] and parameters: {'psi': 0.22807723761129106, 'lda_s': 0.017191409361346995}.
[I 2025-08-10 00:50:09,251] Trial 327 finished with values: [0.8875314144036395, 0.26058091286307056] and parameters: {'psi': 0.5824714501877223, 'lda_s': 2.084883995893661e-08}.
[I 2025-08-10 00:50:15,967] Trial 328 finished with values: [0.8844678326707248, 0.2925531914893617] and parameters: {'psi': 0.027366678935822564, 'lda_s': 0.03919927272305457}.
[I 2025-08-10 00:50:22,660] Trial 329 finished with values: [0.8549216377184504, 0.11945392491467577] and parameters: {'psi': 0.42077637120864253, 'lda_s': 0.9962612824540827}.
[I 2025-08-10 00:50:29,331] Trial 330 finished with values: [0.8875099773803543, 0.26194398682042835] and parameters: {'psi': 0.5602683930030257, 'lda_s': 1.5933529456287287e-07}.
[I 2025-08-10 00:50:36,029] Trial 331 finished with values: [0.8863830593644568, 0.2755267423014587] and parameters: {'psi': 0.10644737799667536, 'lda_s': 2.9698551773214173e-06}.
[I 2025-08-10 00:50:42,828] Trial 332 finished with values: [0.8854178354758667, 0.23792486583184258] and parameters: {'psi': 0.23929230972293103, 'lda_s': 0.009480396218066003}.
[I 2025-08-10 00:50:49,525] Trial 333 finished with values: [0.8836191974998533, 0.26906598114824337] and parameters: {'psi': 0.2679559193103045, 'lda_s': 0.0064920825188681626}.
[I 2025-08-10 00:50:56,214] Trial 334 finished with values: [0.8875106149126453, 0.26194398682042835] and parameters: {'psi': 0.5602683930030257, 'lda_s': 3.7940986945230646e-08}.
[I 2025-08-10 00:51:02,913] Trial 335 finished with values: [0.7973463355918977, 0.30678466076696165] and parameters: {'psi': 0.7869271447093423, 'lda_s': 0.08865989195338274}.
[I 2025-08-10 00:51:09,612] Trial 336 finished with values: [0.8793662992780584, 0.24797843665768193] and parameters: {'psi': 0.7362388355207174, 'lda_s': 0.01409306944829088}.
[I 2025-08-10 00:51:16,297] Trial 337 finished with values: [0.8815482535440421, 0.2673434856175973] and parameters: {'psi': 0.799061307244334, 'lda_s': 0.0018532397427156217}.
[I 2025-08-10 00:51:22,984] Trial 338 finished with values: [0.8864874552771098, 0.2701383238405207] and parameters: {'psi': 0.2521762330097447, 'lda_s': 9.378029668590225e-08}.
[I 2025-08-10 00:51:29,661] Trial 339 finished with values: [0.8865999000349367, 0.267318663406683] and parameters: {'psi': 0.3140543060518127, 'lda_s': 7.860255826029973e-07}.
[I 2025-08-10 00:51:36,351] Trial 340 finished with values: [0.8870025813682463, 0.25234441602728047] and parameters: {'psi': 0.7299181214955893, 'lda_s': 2.9698551773214173e-06}.
[I 2025-08-10 00:51:43,054] Trial 341 finished with values: [0.882542485151873, 0.29533678756476683] and parameters: {'psi': 0.015232310475658428, 'lda_s': 0.08865989195338274}.
[I 2025-08-10 00:51:49,757] Trial 342 finished with values: [0.8910983278803071, 0.21532846715328466] and parameters: {'psi': 0.15936458429252665, 'lda_s': 0.009480396218066003}.
[I 2025-08-10 00:51:56,437] Trial 343 finished with values: [0.8875094992311361, 0.26194398682042835] and parameters: {'psi': 0.5602683930030257, 'lda_s': 5.519039041229814e-07}.
[I 2025-08-10 00:52:03,126] Trial 344 finished with values: [0.8864213909934537, 0.28455941794664513] and parameters: {'psi': 0.057532297098234486, 'lda_s': 5.519039041229814e-07}.
[I 2025-08-10 00:52:09,821] Trial 345 finished with values: [0.883892937927306, 0.2607929515418502] and parameters: {'psi': 0.06115815010827941, 'lda_s': 0.003649965985920652}.
[I 2025-08-10 00:52:16,515] Trial 346 finished with values: [0.8870703191741663, 0.2650205761316872] and parameters: {'psi': 0.5602683930030257, 'lda_s': 0.0001554774596391048}.
[I 2025-08-10 00:52:23,192] Trial 347 finished with values: [0.8875094992311361, 0.26194398682042835] and parameters: {'psi': 0.5602683930030257, 'lda_s': 5.519039041229814e-07}.
[I 2025-08-10 00:52:29,890] Trial 348 finished with values: [0.8875310159459577, 0.260149130074565] and parameters: {'psi': 0.5758205182873772, 'lda_s': 4.472825792237904e-07}.
[I 2025-08-10 00:52:36,573] Trial 349 finished with values: [0.8700212712648896, 0.15761821366024517] and parameters: {'psi': 0.382811415813905, 'lda_s': 0.15005478489499946}.
[I 2025-08-10 00:52:43,263] Trial 350 finished with values: [0.8864306352116734, 0.28917609046849757] and parameters: {'psi': 0.027366678935822564, 'lda_s': 1.0795242151606832e-08}.
[I 2025-08-10 00:52:49,951] Trial 351 finished with values: [0.886217699426476, 0.2904019688269073] and parameters: {'psi': 0.9969293654430116, 'lda_s': 1.5307474362767872e-06}.
[I 2025-08-10 00:52:56,630] Trial 352 finished with values: [0.8858106350586658, 0.2877930476960388] and parameters: {'psi': 0.04621242229649658, 'lda_s': 1.7616221447565884e-05}.
[I 2025-08-10 00:53:03,318] Trial 353 finished with values: [0.8821725570400141, 0.28665568369028005] and parameters: {'psi': 0.9739861159251529, 'lda_s': 3.865988930421209e-06}.
[I 2025-08-10 00:53:10,000] Trial 354 finished with values: [0.8917674180197226, 0.15124378109452735] and parameters: {'psi': 0.13008040171550805, 'lda_s': 1.3193919666600087}.
[I 2025-08-10 00:53:16,685] Trial 355 finished with values: [0.8864493627227218, 0.28617623282134197] and parameters: {'psi': 0.05064151043166454, 'lda_s': 3.091719574683556e-08}.
[I 2025-08-10 00:53:23,376] Trial 356 finished with values: [0.8821790917459968, 0.2997502081598668] and parameters: {'psi': 0.015232310475658428, 'lda_s': 0.0002915829624764339}.
[I 2025-08-10 00:53:30,056] Trial 357 finished with values: [0.887215995302662, 0.26557377049180325] and parameters: {'psi': 0.49541187419053623, 'lda_s': 9.942588618270732e-06}.
[I 2025-08-10 00:53:36,739] Trial 358 finished with values: [0.8857024139522668, 0.294010889292196] and parameters: {'psi': 0.03841200427005498, 'lda_s': 0.5292882362397083}.
[I 2025-08-10 00:53:43,424] Trial 359 finished with values: [0.8869585119486302, 0.25383304940374785] and parameters: {'psi': 0.7356349001877136, 'lda_s': 4.472825792237904e-07}.
[I 2025-08-10 00:53:50,111] Trial 360 finished with values: [0.8131283677643272, 0.12489862124898621] and parameters: {'psi': 0.7897297251277796, 'lda_s': 2.957314432049379}.
[I 2025-08-10 00:53:56,798] Trial 361 finished with values: [0.884608727307038, 0.27124183006535946] and parameters: {'psi': 0.2679559193103045, 'lda_s': 0.00040011139261990233}.
[I 2025-08-10 00:54:03,466] Trial 362 finished with values: [0.8868179360784624, 0.26633986928104575] and parameters: {'psi': 0.3836255799150504, 'lda_s': 3.7940986945230646e-08}.
[I 2025-08-10 00:54:10,148] Trial 363 finished with values: [0.8873455737408099, 0.2641509433962264] and parameters: {'psi': 0.5179903830725926, 'lda_s': 1.203733259693832e-08}.
[I 2025-08-10 00:54:16,817] Trial 364 finished with values: [0.8557561674873833, 0.24716786817713698] and parameters: {'psi': 0.6326944957730724, 'lda_s': 0.0322143008678397}.
[I 2025-08-10 00:54:23,494] Trial 365 finished with values: [0.879468065370011, 0.2657695542472666] and parameters: {'psi': 0.8721112896694436, 'lda_s': 9.378029668590225e-08}.
[I 2025-08-10 00:54:30,179] Trial 366 finished with values: [0.882542485151873, 0.29533678756476683] and parameters: {'psi': 0.015232310475658428, 'lda_s': 0.9962612824540827}.
[I 2025-08-10 00:54:36,863] Trial 367 finished with values: [0.8872242832224451, 0.26557377049180325] and parameters: {'psi': 0.49541187419053623, 'lda_s': 7.908506292548907e-06}.
[I 2025-08-10 00:54:43,548] Trial 368 finished with values: [0.8554371622672688, 0.27158098933074687] and parameters: {'psi': 0.6417190647896227, 'lda_s': 0.05591093601313377}.
[I 2025-08-10 00:54:50,242] Trial 369 finished with values: [0.8879153682259007, 0.24299065420560748] and parameters: {'psi': 0.10644737799667536, 'lda_s': 0.007880037395810972}.
