[I 2025-08-10 01:56:30,289] Trial 248 finished with values: [0.6242004680978219, 0.14942528735632185] and parameters: {'psi': 0.12959912885377856, 'lda_s': 0.3478160276509234}.
[I 2025-08-10 01:56:36,519] Trial 249 finished with values: [0.624481840589841, 0.15965787598004277] and parameters: {'psi': 0.2544368942605282, 'lda_s': 0.5633056819106802}.
[I 2025-08-10 01:56:42,762] Trial 250 finished with values: [0.6563820356080652, 0.18851878100637845] and parameters: {'psi': 0.5910211310148015, 'lda_s': 0.3358834667475939}.
[I 2025-08-10 01:56:49,000] Trial 251 finished with values: [0.6829789698512732, 0.17358490566037735] and parameters: {'psi': 0.6643504113418958, 'lda_s': 3.3323681334354446e-08}.
[I 2025-08-10 01:56:55,229] Trial 252 finished with values: [0.6646022317800833, 0.15091678420310295] and parameters: {'psi': 0.9516451620028992, 'lda_s': 0.0769088859849484}.
[I 2025-08-10 01:57:01,449] Trial 253 finished with values: [0.6680614052759933, 0.1643132220795892] and parameters: {'psi': 0.9917830042254918, 'lda_s': 0.002982052985781347}.
[I 2025-08-10 01:57:07,694] Trial 254 finished with values: [0.602274686796766, 0.14919071076706544] and parameters: {'psi': 0.04697407672916243, 'lda_s': 0.3478160276509234}.
[I 2025-08-10 01:57:13,942] Trial 255 finished with values: [0.6679332710464866, 0.1745173745173745] and parameters: {'psi': 0.3405538602903361, 'lda_s': 0.3478160276509234}.
[I 2025-08-10 01:57:20,182] Trial 256 finished with values: [0.6958254742386198, 0.20502376103190767] and parameters: {'psi': 0.9072977440949037, 'lda_s': 0.5330485096449239}.
[I 2025-08-10 01:57:26,428] Trial 257 finished with values: [0.7113496369830631, 0.18435754189944134] and parameters: {'psi': 0.6136687103676554, 'lda_s': 1.62617782010938}.
[I 2025-08-10 01:57:32,661] Trial 258 finished with values: [0.7059599768700364, 0.17015530047265362] and parameters: {'psi': 0.6782464218577051, 'lda_s': 4.428931593675343}.
[I 2025-08-10 01:57:38,900] Trial 259 finished with values: [0.7074282247752919, 0.1786743515850144] and parameters: {'psi': 0.6620991097342851, 'lda_s': 0.3478160276509234}.
[I 2025-08-10 01:57:45,109] Trial 260 finished with values: [0.6855869047989266, 0.13024602026049203] and parameters: {'psi': 0.9746013996752958, 'lda_s': 1.8303878461472534}.
[I 2025-08-10 01:57:51,343] Trial 261 finished with values: [0.6835021433075216, 0.1721105527638191] and parameters: {'psi': 0.5910211310148015, 'lda_s': 1.7079397026256765e-08}.
[I 2025-08-10 01:57:57,585] Trial 262 finished with values: [0.6233421535474433, 0.1594306049822064] and parameters: {'psi': 0.2584018916064694, 'lda_s': 0.08099657953564608}.
[I 2025-08-10 01:58:03,803] Trial 263 finished with values: [0.6756353866809809, 0.09829059829059829] and parameters: {'psi': 0.764512981589163, 'lda_s': 0.6209923559333582}.
[I 2025-08-10 01:58:10,031] Trial 264 finished with values: [0.6835815117134877, 0.1728240450845335] and parameters: {'psi': 0.47999541724322936, 'lda_s': 2.5769752281875364e-07}.
[I 2025-08-10 01:58:16,264] Trial 265 finished with values: [0.7046745331979428, 0.1871508379888268] and parameters: {'psi': 0.608890433202157, 'lda_s': 4.428931593675343}.
[I 2025-08-10 01:58:22,490] Trial 266 finished with values: [0.6776811625555996, 0.17226092463584547] and parameters: {'psi': 0.9342539362389822, 'lda_s': 2.388353013705285e-07}.
[I 2025-08-10 01:58:28,738] Trial 267 finished with values: [0.6331206025689042, 0.15142857142857144] and parameters: {'psi': 0.21899943215119033, 'lda_s': 0.5645725872258147}.
[I 2025-08-10 01:58:34,971] Trial 268 finished with values: [0.6851714488272089, 0.17221873035826524] and parameters: {'psi': 0.994944098385361, 'lda_s': 1.5561967504941715e-08}.
[I 2025-08-10 01:58:41,213] Trial 269 finished with values: [0.7190508962860904, 0.18723994452149792] and parameters: {'psi': 0.6230420128524983, 'lda_s': 3.457304114821059}.
[I 2025-08-10 01:58:47,443] Trial 270 finished with values: [0.6919616165194453, 0.1608876560332871] and parameters: {'psi': 0.3761732342462276, 'lda_s': 0.7392772195146063}.
[I 2025-08-10 01:58:53,770] Trial 271 finished with values: [0.6964575820714839, 0.1941747572815534] and parameters: {'psi': 0.9488114048294096, 'lda_s': 1.62617782010938}.
[I 2025-08-10 01:58:59,994] Trial 272 finished with values: [0.6344382262761254, 0.20933521923620935] and parameters: {'psi': 0.9074149880463566, 'lda_s': 4.428931593675343}.
[I 2025-08-10 01:59:06,217] Trial 273 finished with values: [0.6563820356080652, 0.18851878100637845] and parameters: {'psi': 0.5910211310148015, 'lda_s': 0.3358834667475939}.
[I 2025-08-10 01:59:12,462] Trial 274 finished with values: [0.6321930603799317, 0.1704628949301984] and parameters: {'psi': 0.3150337158492691, 'lda_s': 4.428931593675343}.
[I 2025-08-10 01:59:18,676] Trial 275 finished with values: [0.619454093196807, 0.15493958777540867] and parameters: {'psi': 0.994944098385361, 'lda_s': 0.03174663676461135}.
[I 2025-08-10 01:59:24,906] Trial 276 finished with values: [0.7021993296276715, 0.20637119113573407] and parameters: {'psi': 0.9342539362389822, 'lda_s': 0.5633056819106802}.
[I 2025-08-10 01:59:31,130] Trial 277 finished with values: [0.704375583375812, 0.20973269362577107] and parameters: {'psi': 0.9488114048294096, 'lda_s': 0.6209923559333582}.
[I 2025-08-10 01:59:37,375] Trial 278 finished with values: [0.7046533051915771, 0.1871508379888268] and parameters: {'psi': 0.608890433202157, 'lda_s': 3.457304114821059}.
[I 2025-08-10 01:59:43,596] Trial 279 finished with values: [0.6658197548458219, 0.1705919796308084] and parameters: {'psi': 0.3668047776308807, 'lda_s': 0.0010221502080261578}.
[I 2025-08-10 01:59:49,824] Trial 280 finished with values: [0.6809806527679563, 0.17446270543615677] and parameters: {'psi': 0.7499023809872802, 'lda_s': 5.46436060066111e-06}.
[I 2025-08-10 01:59:56,071] Trial 281 finished with values: [0.7082290749772284, 0.18926553672316385] and parameters: {'psi': 0.6230420128524983, 'lda_s': 0.3358834667475939}.
[I 2025-08-10 02:00:02,290] Trial 282 finished with values: [0.6964575820714839, 0.1941747572815534] and parameters: {'psi': 0.9488114048294096, 'lda_s': 1.62617782010938}.
[I 2025-08-10 02:00:08,528] Trial 283 finished with values: [0.6643922052202867, 0.16944801026957637] and parameters: {'psi': 0.608890433202157, 'lda_s': 0.002174977273589806}.
[I 2025-08-10 02:00:14,748] Trial 284 finished with values: [0.693744588773855, 0.15460992907801419] and parameters: {'psi': 0.608890433202157, 'lda_s': 0.06880053256806891}.
[I 2025-08-10 02:00:20,958] Trial 285 finished with values: [0.7021993296276715, 0.20637119113573407] and parameters: {'psi': 0.9342539362389822, 'lda_s': 0.5633056819106802}.
[I 2025-08-10 02:00:27,179] Trial 286 finished with values: [0.6856015525740198, 0.1379800853485064] and parameters: {'psi': 0.8684407884025278, 'lda_s': 0.20216924593029378}.
[I 2025-08-10 02:00:33,403] Trial 287 finished with values: [0.6804416146445301, 0.17479417352754908] and parameters: {'psi': 0.767489821367582, 'lda_s': 1.7157611585562718e-06}.
[I 2025-08-10 02:00:39,623] Trial 288 finished with values: [0.653137260469441, 0.16286644951140064] and parameters: {'psi': 0.5910211310148015, 'lda_s': 0.0046471303658029}.
[I 2025-08-10 02:00:45,847] Trial 289 finished with values: [0.617305873036691, 0.1527777777777778] and parameters: {'psi': 0.9342539362389822, 'lda_s': 0.04001878334823405}.
[I 2025-08-10 02:00:52,071] Trial 290 finished with values: [0.6675669865290047, 0.08029197080291971] and parameters: {'psi': 0.7763819109262134, 'lda_s': 0.3358834667475939}.
[I 2025-08-10 02:00:58,325] Trial 291 finished with values: [0.696543846199263, 0.19636852723604573] and parameters: {'psi': 0.9074149880463566, 'lda_s': 0.6209923559333582}.
[I 2025-08-10 02:01:04,558] Trial 292 finished with values: [0.6819622339795031, 0.1713925645872716] and parameters: {'psi': 0.717592225255005, 'lda_s': 1.5561967504941715e-08}.
[I 2025-08-10 02:01:10,771] Trial 293 finished with values: [0.6784631283951852, 0.17206982543640897] and parameters: {'psi': 0.13775589336327188, 'lda_s': 4.3868709843253067e-08}.
[I 2025-08-10 02:01:16,998] Trial 294 finished with values: [0.6964575820714839, 0.1941747572815534] and parameters: {'psi': 0.9488114048294096, 'lda_s': 1.62617782010938}.
[I 2025-08-10 02:01:23,248] Trial 295 finished with values: [0.6172576029839997, 0.16391085549964055] and parameters: {'psi': 0.3000873236808417, 'lda_s': 0.5633056819106802}.
[I 2025-08-10 02:01:29,491] Trial 296 finished with values: [0.7188637202554392, 0.18485059068797777] and parameters: {'psi': 0.622883522685488, 'lda_s': 1.62617782010938}.
[I 2025-08-10 02:01:35,718] Trial 297 finished with values: [0.6441005297086175, 0.1786433848220282] and parameters: {'psi': 0.5619864183516652, 'lda_s': 0.3358834667475939}.
[I 2025-08-10 02:01:41,946] Trial 298 finished with values: [0.6181076246401717, 0.15427380125086865] and parameters: {'psi': 0.9342539362389822, 'lda_s': 0.04047847091434792}.
[I 2025-08-10 02:01:48,180] Trial 299 finished with values: [0.697971350754721, 0.15121255349500715] and parameters: {'psi': 0.689218526546741, 'lda_s': 0.5633056819106802}.
[I 2025-08-10 02:01:54,392] Trial 300 finished with values: [0.6988478736162923, 0.1950207468879668] and parameters: {'psi': 0.9488114048294096, 'lda_s': 1.3520607911970746}.
[I 2025-08-10 02:02:00,628] Trial 301 finished with values: [0.677585749202147, 0.17325800376647835] and parameters: {'psi': 0.26974598327491395, 'lda_s': 0.00014039385675869895}.
[I 2025-08-10 02:02:06,874] Trial 302 finished with values: [0.6780401907906508, 0.17204301075268819] and parameters: {'psi': 0.9746013996752958, 'lda_s': 1.8353314877690207e-07}.
[I 2025-08-10 02:02:13,212] Trial 303 finished with values: [0.7089941395378605, 0.1867043847241867] and parameters: {'psi': 0.6230420128524983, 'lda_s': 0.3478160276509234}.
[I 2025-08-10 02:02:19,438] Trial 304 finished with values: [0.6771349582898971, 0.17099430018999368] and parameters: {'psi': 0.9488114048294096, 'lda_s': 3.988712210763566e-05}.
[I 2025-08-10 02:02:25,672] Trial 305 finished with values: [0.6776999117077187, 0.17204301075268819] and parameters: {'psi': 0.9714909750205822, 'lda_s': 7.867973170931791e-08}.
[I 2025-08-10 02:02:31,901] Trial 306 finished with values: [0.7021993296276715, 0.20637119113573407] and parameters: {'psi': 0.9342539362389822, 'lda_s': 0.5633056819106802}.
[I 2025-08-10 02:02:38,134] Trial 307 finished with values: [0.6834175017025221, 0.17221873035826524] and parameters: {'psi': 0.608890433202157, 'lda_s': 7.087274312728078e-07}.
[I 2025-08-10 02:02:44,365] Trial 308 finished with values: [0.6486317851311111, 0.150354609929078] and parameters: {'psi': 0.4794346226428934, 'lda_s': 0.02610249630314137}.
[I 2025-08-10 02:02:50,608] Trial 309 finished with values: [0.7046533051915771, 0.1871508379888268] and parameters: {'psi': 0.608890433202157, 'lda_s': 3.457304114821059}.
[I 2025-08-10 02:02:56,838] Trial 310 finished with values: [0.6773407933325131, 0.17099430018999368] and parameters: {'psi': 0.9488114048294096, 'lda_s': 3.572813550728708e-07}.
[I 2025-08-10 02:03:03,065] Trial 311 finished with values: [0.6830501805732644, 0.17074877536738978] and parameters: {'psi': 0.9746013996752958, 'lda_s': 1.2644912788576903}.
[I 2025-08-10 02:03:09,287] Trial 312 finished with values: [0.6713460223628709, 0.17639429312581065] and parameters: {'psi': 0.5279743911188305, 'lda_s': 0.20216924593029378}.
[I 2025-08-10 02:03:15,520] Trial 313 finished with values: [0.6862073845518705, 0.15255423372988103] and parameters: {'psi': 0.608890433202157, 'lda_s': 0.050700325693357536}.
[I 2025-08-10 02:03:21,755] Trial 314 finished with values: [0.6257885122683005, 0.15086206896551724] and parameters: {'psi': 0.1343202595889067, 'lda_s': 5.681612164583754}.
[I 2025-08-10 02:03:27,982] Trial 315 finished with values: [0.657019056079345, 0.17413905133203378] and parameters: {'psi': 0.5428894365201082, 'lda_s': 0.5182205945312562}.
[I 2025-08-10 02:03:34,216] Trial 316 finished with values: [0.6334703012979732, 0.15138888888888888] and parameters: {'psi': 0.9342539362389822, 'lda_s': 0.049406920623629856}.
[I 2025-08-10 02:03:40,447] Trial 317 finished with values: [0.7021993296276715, 0.20637119113573407] and parameters: {'psi': 0.9342539362389822, 'lda_s': 0.5633056819106802}.
[I 2025-08-10 02:03:46,674] Trial 318 finished with values: [0.6993279150086512, 0.17667844522968199] and parameters: {'psi': 0.6263623987185496, 'lda_s': 0.12274798431294123}.
[I 2025-08-10 02:03:52,909] Trial 319 finished with values: [0.7120749497355964, 0.18327272727272728] and parameters: {'psi': 0.6620991097342851, 'lda_s': 0.5645725872258147}.
[I 2025-08-10 02:03:59,139] Trial 320 finished with values: [0.6304034628241723, 0.15188076650106458] and parameters: {'psi': 0.23795376912080013, 'lda_s': 0.024923052645549656}.
[I 2025-08-10 02:04:05,366] Trial 321 finished with values: [0.6636120421837894, 0.1684887459807074] and parameters: {'psi': 0.6136687103676554, 'lda_s': 0.002354938500348672}.
[I 2025-08-10 02:04:11,613] Trial 322 finished with values: [0.6784494721617907, 0.16856780735107732] and parameters: {'psi': 0.9074149880463566, 'lda_s': 4.629215763547395e-08}.
[I 2025-08-10 02:04:17,857] Trial 323 finished with values: [0.697971350754721, 0.15121255349500715] and parameters: {'psi': 0.689218526546741, 'lda_s': 0.5633056819106802}.
[I 2025-08-10 02:04:24,081] Trial 324 finished with values: [0.7089941395378605, 0.1867043847241867] and parameters: {'psi': 0.6230420128524983, 'lda_s': 0.3478160276509234}.
[I 2025-08-10 02:04:30,304] Trial 325 finished with values: [0.6562218565536624, 0.19] and parameters: {'psi': 0.5910211310148015, 'lda_s': 0.5182205945312562}.
[I 2025-08-10 02:04:36,535] Trial 326 finished with values: [0.7021927043263217, 0.1891891891891892] and parameters: {'psi': 0.608890433202157, 'lda_s': 0.5645725872258147}.
[I 2025-08-10 02:04:42,759] Trial 327 finished with values: [0.6295213062029497, 0.15417558886509636] and parameters: {'psi': 0.24012512382100082, 'lda_s': 0.5633056819106802}.
[I 2025-08-10 02:04:49,009] Trial 328 finished with values: [0.6236587257697631, 0.15373665480427046] and parameters: {'psi': 0.3761732342462276, 'lda_s': 0.014939325844827437}.
[I 2025-08-10 02:04:55,241] Trial 329 finished with values: [0.6309985230535697, 0.15417558886509636] and parameters: {'psi': 0.2340678828700321, 'lda_s': 1.62617782010938}.
[I 2025-08-10 02:05:01,464] Trial 330 finished with values: [0.6719059279320451, 0.16829745596868884] and parameters: {'psi': 0.5168453837398146, 'lda_s': 1.62617782010938}.
[I 2025-08-10 02:05:07,683] Trial 331 finished with values: [0.6829271843325595, 0.17232704402515722] and parameters: {'psi': 0.6666876707265663, 'lda_s': 2.9655724712480166e-06}.
[I 2025-08-10 02:05:14,005] Trial 332 finished with values: [0.677980427868271, 0.18332184700206755] and parameters: {'psi': 0.9074149880463566, 'lda_s': 1.62617782010938}.
[I 2025-08-10 02:05:20,227] Trial 333 finished with values: [0.6714415709265551, 0.17164653528289892] and parameters: {'psi': 0.6230420128524983, 'lda_s': 0.0010502371198994956}.
[I 2025-08-10 02:05:26,480] Trial 334 finished with values: [0.6911047892816145, 0.15842924847664183] and parameters: {'psi': 0.40480509520711716, 'lda_s': 0.5633056819106802}.
[I 2025-08-10 02:05:32,719] Trial 335 finished with values: [0.7111023825394915, 0.18980169971671387] and parameters: {'psi': 0.6136687103676554, 'lda_s': 1.0014926214344912}.
[I 2025-08-10 02:05:38,962] Trial 336 finished with values: [0.7202012649367869, 0.18966737438075018] and parameters: {'psi': 0.6479275437983557, 'lda_s': 4.428931593675343}.
[I 2025-08-10 02:05:45,195] Trial 337 finished with values: [0.7074282247752919, 0.1786743515850144] and parameters: {'psi': 0.6620991097342851, 'lda_s': 0.3478160276509234}.
[I 2025-08-10 02:05:51,434] Trial 338 finished with values: [0.6969580402088187, 0.15649676956209618] and parameters: {'psi': 0.6136687103676554, 'lda_s': 0.08340290554744295}.
[I 2025-08-10 02:05:57,675] Trial 339 finished with values: [0.661524576487752, 0.17723453017570664] and parameters: {'psi': 0.3354757924923667, 'lda_s': 3.457304114821059}.
[I 2025-08-10 02:06:03,916] Trial 340 finished with values: [0.6847116438995172, 0.11289288005131494] and parameters: {'psi': 0.7219539856660996, 'lda_s': 3.457304114821059}.
[I 2025-08-10 02:06:10,151] Trial 341 finished with values: [0.7113496369830631, 0.18435754189944134] and parameters: {'psi': 0.6136687103676554, 'lda_s': 1.62617782010938}.
[I 2025-08-10 02:06:16,390] Trial 342 finished with values: [0.6126907872705877, 0.15441176470588236] and parameters: {'psi': 0.07781414499178096, 'lda_s': 0.6209923559333582}.
[I 2025-08-10 02:06:22,616] Trial 343 finished with values: [0.699642774568037, 0.1873669268985096] and parameters: {'psi': 0.6136687103676554, 'lda_s': 0.3478160276509234}.
[I 2025-08-10 02:06:28,865] Trial 344 finished with values: [0.6156518012031007, 0.16344086021505377] and parameters: {'psi': 0.29710853200357157, 'lda_s': 0.5633056819106802}.
[I 2025-08-10 02:06:35,089] Trial 345 finished with values: [0.7071104356608874, 0.20656634746922026] and parameters: {'psi': 0.9342539362389822, 'lda_s': 7.715980975809148}.
[I 2025-08-10 02:06:41,314] Trial 346 finished with values: [0.7021993296276715, 0.20637119113573407] and parameters: {'psi': 0.9342539362389822, 'lda_s': 0.5633056819106802}.
[I 2025-08-10 02:06:47,533] Trial 347 finished with values: [0.682595017863525, 0.1712846347607053] and parameters: {'psi': 0.689218526546741, 'lda_s': 5.666749181177057e-08}.
[I 2025-08-10 02:06:53,764] Trial 348 finished with values: [0.6768403802652553, 0.17217716781035558] and parameters: {'psi': 0.11258901456674186, 'lda_s': 3.010019947969218e-07}.
[I 2025-08-10 02:07:00,000] Trial 349 finished with values: [0.6734464231710675, 0.17228464419475656] and parameters: {'psi': 0.08968106040673018, 'lda_s': 1.1668469858212375e-05}.
[I 2025-08-10 02:07:06,225] Trial 350 finished with values: [0.6212575272662699, 0.14942528735632185] and parameters: {'psi': 0.12048150486762532, 'lda_s': 0.3358834667475939}.
[I 2025-08-10 02:07:12,447] Trial 351 finished with values: [0.6788229678916263, 0.16824794433902593] and parameters: {'psi': 0.8684407884025278, 'lda_s': 3.98803353878054e-06}.
[I 2025-08-10 02:07:18,693] Trial 352 finished with values: [0.6067262583227531, 0.15220483641536273] and parameters: {'psi': 0.06734773557151186, 'lda_s': 0.003235728245028099}.
[I 2025-08-10 02:07:24,917] Trial 353 finished with values: [0.6834234960227911, 0.17221873035826524] and parameters: {'psi': 0.608890433202157, 'lda_s': 1.8443946211031385e-07}.
[I 2025-08-10 02:07:31,164] Trial 354 finished with values: [0.6858293367442367, 0.16487455197132617] and parameters: {'psi': 0.36030418598467373, 'lda_s': 0.5633056819106802}.
[I 2025-08-10 02:07:37,399] Trial 355 finished with values: [0.7093499677974298, 0.17985611510791366] and parameters: {'psi': 0.6580069923180947, 'lda_s': 0.3478160276509234}.
[I 2025-08-10 02:07:43,619] Trial 356 finished with values: [0.6800676682139224, 0.17182564750473783] and parameters: {'psi': 0.608890433202157, 'lda_s': 0.00026718793224918627}.
[I 2025-08-10 02:07:49,861] Trial 357 finished with values: [0.6629428867474592, 0.16999260901699925] and parameters: {'psi': 0.3507066641313099, 'lda_s': 0.04248955784569763}.
[I 2025-08-10 02:07:56,089] Trial 358 finished with values: [0.6960903060123033, 0.2031144211238998] and parameters: {'psi': 0.9074149880463566, 'lda_s': 0.5633056819106802}.
[I 2025-08-10 02:08:02,326] Trial 359 finished with values: [0.6828200978291096, 0.17271589486858574] and parameters: {'psi': 0.3545628134098311, 'lda_s': 6.627615888404983e-06}.
[I 2025-08-10 02:08:08,548] Trial 360 finished with values: [0.6760027528803161, 0.16645489199491742] and parameters: {'psi': 0.9074149880463566, 'lda_s': 0.000349728395256107}.
[I 2025-08-10 02:08:14,776] Trial 361 finished with values: [0.6821985814643898, 0.1725] and parameters: {'psi': 0.28463271479146557, 'lda_s': 3.7648752314415015e-07}.
[I 2025-08-10 02:08:21,002] Trial 362 finished with values: [0.676962655384725, 0.17099430018999368] and parameters: {'psi': 0.9488114048294096, 'lda_s': 7.305808072705387e-05}.
[I 2025-08-10 02:08:27,243] Trial 363 finished with values: [0.6017136544756615, 0.14887640449438203] and parameters: {'psi': 0.045606072635702155, 'lda_s': 0.3478160276509234}.
[I 2025-08-10 02:08:33,468] Trial 364 finished with values: [0.6817920042978824, 0.172544080604534] and parameters: {'psi': 0.608890433202157, 'lda_s': 0.00013533051404249072}.
[I 2025-08-10 02:08:39,696] Trial 365 finished with values: [0.7021993296276715, 0.20637119113573407] and parameters: {'psi': 0.9342539362389822, 'lda_s': 0.5633056819106802}.
[I 2025-08-10 02:08:45,923] Trial 366 finished with values: [0.6791116417361535, 0.16160220994475138] and parameters: {'psi': 0.8241462990366961, 'lda_s': 0.5645725872258147}.
[I 2025-08-10 02:08:52,146] Trial 367 finished with values: [0.7100524300208179, 0.20649819494584837] and parameters: {'psi': 0.9488114048294096, 'lda_s': 4.428931593675343}.
[I 2025-08-10 02:08:58,391] Trial 368 finished with values: [0.648345725351062, 0.17189460476787954] and parameters: {'psi': 0.02689784224538372, 'lda_s': 1.0179342112396696e-08}.
[I 2025-08-10 02:09:04,624] Trial 369 finished with values: [0.6157141781899587, 0.15217391304347827] and parameters: {'psi': 0.09629956309515453, 'lda_s': 5.224251845124963}.
[I 2025-08-10 02:09:10,958] Trial 370 finished with values: [0.6224425548063406, 0.14942528735632185] and parameters: {'psi': 0.12427284138735761, 'lda_s': 1.62617782010938}.
[I 2025-08-10 02:09:17,209] Trial 371 finished with values: [0.6670169963768167, 0.17665130568356374] and parameters: {'psi': 0.3397127387423685, 'lda_s': 0.5633056819106802}.
