[I 2025-08-10 01:06:02,233] Trial 247 finished with values: [0.9371451972863407, 0.25569620253164554] and parameters: {'psi': 0.8474784806841305, 'lda_s': 4.399102293521581e-08}.
[I 2025-08-10 01:06:07,814] Trial 248 finished with values: [0.9097757453198265, 0.3034647550776583] and parameters: {'psi': 0.7385208792005211, 'lda_s': 7.31641604601501}.
[I 2025-08-10 01:06:13,394] Trial 249 finished with values: [0.9491268226248337, 0.21467688937568455] and parameters: {'psi': 0.01559602758559231, 'lda_s': 2.5086447001538753e-06}.
[I 2025-08-10 01:06:18,980] Trial 250 finished with values: [0.9419852126514688, 0.21904761904761905] and parameters: {'psi': 0.01559602758559231, 'lda_s': 8.154567430705924}.
[I 2025-08-10 01:06:24,540] Trial 251 finished with values: [0.9462693532360421, 0.22784810126582278] and parameters: {'psi': 0.5543090112382014, 'lda_s': 2.219289001133775e-06}.
[I 2025-08-10 01:06:30,132] Trial 252 finished with values: [0.9338842345531255, 0.39337474120082816] and parameters: {'psi': 0.7250211276535294, 'lda_s': 0.025052468561679725}.
[I 2025-08-10 01:06:35,719] Trial 253 finished with values: [0.9302285086619324, 0.403960396039604] and parameters: {'psi': 0.20364271768883835, 'lda_s': 0.02195787513153607}.
[I 2025-08-10 01:06:41,292] Trial 254 finished with values: [0.9368272597690787, 0.25569620253164554] and parameters: {'psi': 0.8509275652168182, 'lda_s': 2.9249006360467536e-05}.
[I 2025-08-10 01:06:46,872] Trial 255 finished with values: [0.9100770161175115, 0.2817551963048499] and parameters: {'psi': 0.7250211276535294, 'lda_s': 5.568893964577161}.
[I 2025-08-10 01:06:52,449] Trial 256 finished with values: [0.9459176060876384, 0.22606689734717417] and parameters: {'psi': 0.5543090112382014, 'lda_s': 7.180523137631578e-05}.
[I 2025-08-10 01:06:58,040] Trial 257 finished with values: [0.9380326604211442, 0.288107202680067] and parameters: {'psi': 0.5543090112382014, 'lda_s': 0.05673546505912325}.
[I 2025-08-10 01:07:03,614] Trial 258 finished with values: [0.9457226848339202, 0.2192090395480226] and parameters: {'psi': 0.36993313543351225, 'lda_s': 0.00017422361610583317}.
[I 2025-08-10 01:07:09,216] Trial 259 finished with values: [0.9255403985409477, 0.3422818791946309] and parameters: {'psi': 0.6807975202431098, 'lda_s': 0.013969963494112917}.
[I 2025-08-10 01:07:14,815] Trial 260 finished with values: [0.9325353413820361, 0.2215909090909091] and parameters: {'psi': 0.4928472196907191, 'lda_s': 0.05673546505912325}.
[I 2025-08-10 01:07:20,389] Trial 261 finished with values: [0.946488877742469, 0.2192090395480226] and parameters: {'psi': 0.46556155647479036, 'lda_s': 4.487429139532708e-05}.
[I 2025-08-10 01:07:25,973] Trial 262 finished with values: [0.9319261330988352, 0.29958391123439665] and parameters: {'psi': 0.47484260808020473, 'lda_s': 8.154567430705924}.
[I 2025-08-10 01:07:31,562] Trial 263 finished with values: [0.9435122016260369, 0.23941958887545345] and parameters: {'psi': 0.7083350187165589, 'lda_s': 2.5086447001538753e-06}.
[I 2025-08-10 01:07:37,156] Trial 264 finished with values: [0.9467515769891334, 0.21871476888387825] and parameters: {'psi': 0.46556155647479036, 'lda_s': 7.719911570695647e-07}.
[I 2025-08-10 01:07:42,745] Trial 265 finished with values: [0.9191948228407075, 0.3813387423935091] and parameters: {'psi': 0.8128119071379316, 'lda_s': 0.054425948449834345}.
[I 2025-08-10 01:07:48,333] Trial 266 finished with values: [0.9333548677932312, 0.29110512129380056] and parameters: {'psi': 0.6034938488467437, 'lda_s': 0.004417841700844019}.
[I 2025-08-10 01:07:53,923] Trial 267 finished with values: [0.9337645516334973, 0.237017310252996] and parameters: {'psi': 0.034161955653451814, 'lda_s': 0.1069421326567958}.
[I 2025-08-10 01:07:59,497] Trial 268 finished with values: [0.9306772402452071, 0.2980769230769231] and parameters: {'psi': 0.5690128729813615, 'lda_s': 0.02673586694691646}.
[I 2025-08-10 01:08:05,101] Trial 269 finished with values: [0.9358283677091038, 0.244640605296343] and parameters: {'psi': 0.5690128729813615, 'lda_s': 7.31641604601501}.
[I 2025-08-10 01:08:10,677] Trial 270 finished with values: [0.9270069111330512, 0.2928870292887029] and parameters: {'psi': 0.5408874763438861, 'lda_s': 0.0080597521562977}.
[I 2025-08-10 01:08:16,359] Trial 271 finished with values: [0.9438714091155844, 0.23501199040767387] and parameters: {'psi': 0.6918735757638413, 'lda_s': 1.8609775895504653e-05}.
[I 2025-08-10 01:08:21,952] Trial 272 finished with values: [0.9451598259042092, 0.22796709753231492] and parameters: {'psi': 0.6353799896487342, 'lda_s': 2.2012574956798507e-06}.
[I 2025-08-10 01:08:27,545] Trial 273 finished with values: [0.9402745723002295, 0.2576530612244898] and parameters: {'psi': 0.794444788110333, 'lda_s': 3.061082839055175e-08}.
[I 2025-08-10 01:08:33,143] Trial 274 finished with values: [0.9301094606649544, 0.2888283378746594] and parameters: {'psi': 0.8636060104809846, 'lda_s': 0.0023465121313489498}.
[I 2025-08-10 01:08:38,739] Trial 275 finished with values: [0.9421396575862145, 0.242274412855377] and parameters: {'psi': 0.5886911340027872, 'lda_s': 7.886375374911246}.
[I 2025-08-10 01:08:44,338] Trial 276 finished with values: [0.9286454877634531, 0.4024390243902439] and parameters: {'psi': 0.23022055104554295, 'lda_s': 0.05673546505912325}.
[I 2025-08-10 01:08:49,932] Trial 277 finished with values: [0.9335786780275495, 0.24289405684754523] and parameters: {'psi': 0.41756300815657055, 'lda_s': 0.7771032243113969}.
[I 2025-08-10 01:08:55,536] Trial 278 finished with values: [0.9442225213413377, 0.40816326530612246] and parameters: {'psi': 0.6385413558771167, 'lda_s': 0.10311355229631305}.
[I 2025-08-10 01:09:01,150] Trial 279 finished with values: [0.9302056514465127, 0.4121212121212121] and parameters: {'psi': 0.20811627896446871, 'lda_s': 0.07803919177276092}.
[I 2025-08-10 01:09:06,745] Trial 280 finished with values: [0.9407393356804308, 0.23573200992555832] and parameters: {'psi': 0.6009207293069193, 'lda_s': 7.671467947394072}.
[I 2025-08-10 01:09:12,317] Trial 281 finished with values: [0.9443055374778967, 0.2306805074971165] and parameters: {'psi': 0.28524885865884675, 'lda_s': 0.0003775059368105467}.
[I 2025-08-10 01:09:17,922] Trial 282 finished with values: [0.9323642297277133, 0.2590286425902864] and parameters: {'psi': 0.22286072859576667, 'lda_s': 0.0021211344417582504}.
[I 2025-08-10 01:09:23,506] Trial 283 finished with values: [0.9404813983536456, 0.2620519159456119] and parameters: {'psi': 0.5383470757951266, 'lda_s': 0.0017584930940403632}.
[I 2025-08-10 01:09:29,090] Trial 284 finished with values: [0.9438371232924548, 0.23501199040767387] and parameters: {'psi': 0.6918735757638413, 'lda_s': 2.6551660396628134e-05}.
[I 2025-08-10 01:09:34,681] Trial 285 finished with values: [0.9491268226248337, 0.21467688937568455] and parameters: {'psi': 0.01559602758559231, 'lda_s': 2.5086447001538753e-06}.
[I 2025-08-10 01:09:40,280] Trial 286 finished with values: [0.9091539973142773, 0.3240506329113924] and parameters: {'psi': 0.7905578977460089, 'lda_s': 5.281500490395255}.
[I 2025-08-10 01:09:45,863] Trial 287 finished with values: [0.9361364639252823, 0.2591687041564792] and parameters: {'psi': 0.034161955653451814, 'lda_s': 0.0005002545462552625}.
[I 2025-08-10 01:09:51,465] Trial 288 finished with values: [0.9470725303889852, 0.22072072072072071] and parameters: {'psi': 0.04583773954693393, 'lda_s': 2.4635700220308667e-05}.
[I 2025-08-10 01:09:57,048] Trial 289 finished with values: [0.9370804351759846, 0.2595419847328244] and parameters: {'psi': 0.8446994714755917, 'lda_s': 6.176271515803496e-05}.
[I 2025-08-10 01:10:02,625] Trial 290 finished with values: [0.9442225213413377, 0.23067776456599287] and parameters: {'psi': 0.6807975202431098, 'lda_s': 2.0154067328614724e-06}.
[I 2025-08-10 01:10:08,217] Trial 291 finished with values: [0.9469068155771923, 0.21651785714285715] and parameters: {'psi': 0.23022055104554295, 'lda_s': 1.4581433837699582e-05}.
[I 2025-08-10 01:10:13,810] Trial 292 finished with values: [0.9104155886209163, 0.15292712066905614] and parameters: {'psi': 0.8106083585283257, 'lda_s': 0.1808837121565867}.
[I 2025-08-10 01:10:19,403] Trial 293 finished with values: [0.9419050536668371, 0.2503097893432466] and parameters: {'psi': 0.7584282248331979, 'lda_s': 2.5086447001538753e-06}.
[I 2025-08-10 01:10:24,997] Trial 294 finished with values: [0.9373315470842765, 0.25667090216010163] and parameters: {'psi': 0.8439687610582183, 'lda_s': 6.424097685499328e-06}.
[I 2025-08-10 01:10:30,598] Trial 295 finished with values: [0.9470587208213361, 0.21603563474387527] and parameters: {'psi': 0.22659793541866258, 'lda_s': 2.1379052432867439e-07}.
[I 2025-08-10 01:10:36,171] Trial 296 finished with values: [0.934305188270439, 0.24067388688327315] and parameters: {'psi': 0.9062738233568952, 'lda_s': 2.733683015214329e-07}.
[I 2025-08-10 01:10:41,773] Trial 297 finished with values: [0.9471980863431312, 0.21850613154960982] and parameters: {'psi': 0.13791349319762203, 'lda_s': 1.326002611884408e-06}.
[I 2025-08-10 01:10:47,362] Trial 298 finished with values: [0.9333185184714873, 0.25766871165644173] and parameters: {'psi': 0.5511078821919667, 'lda_s': 0.03229528722259783}.
[I 2025-08-10 01:10:52,925] Trial 299 finished with values: [0.9451668100533651, 0.2281722933643772] and parameters: {'psi': 0.5784301765487276, 'lda_s': 0.00018303051307059186}.
[I 2025-08-10 01:10:58,523] Trial 300 finished with values: [0.926538179486284, 0.3858267716535433] and parameters: {'psi': 0.8315843371274723, 'lda_s': 0.025052468561679725}.
[I 2025-08-10 01:11:04,108] Trial 301 finished with values: [0.9439553776361195, 0.23570595099183198] and parameters: {'psi': 0.23022055104554295, 'lda_s': 0.0003775059368105467}.
[I 2025-08-10 01:11:09,689] Trial 302 finished with values: [0.9466368147200467, 0.2224744608399546] and parameters: {'psi': 0.49896042722673695, 'lda_s': 3.27400362439609e-08}.
[I 2025-08-10 01:11:15,367] Trial 303 finished with values: [0.9252438896631419, 0.32872503840245776] and parameters: {'psi': 0.6385413558771167, 'lda_s': 0.011352398666071798}.
[I 2025-08-10 01:11:20,952] Trial 304 finished with values: [0.9261608767011958, 0.35611510791366907] and parameters: {'psi': 0.1486925485886429, 'lda_s': 0.009938461369062391}.
[I 2025-08-10 01:11:26,535] Trial 305 finished with values: [0.9471195146651259, 0.21675977653631284] and parameters: {'psi': 0.17594538635125778, 'lda_s': 7.304633984884621e-07}.
[I 2025-08-10 01:11:32,119] Trial 306 finished with values: [0.9462823691503782, 0.22784810126582278] and parameters: {'psi': 0.5543090112382014, 'lda_s': 2.1379052432867439e-07}.
[I 2025-08-10 01:11:37,709] Trial 307 finished with values: [0.9493214264172267, 0.21155943293347873] and parameters: {'psi': 0.01559602758559231, 'lda_s': 2.8005149328438348e-08}.
[I 2025-08-10 01:11:43,287] Trial 308 finished with values: [0.9450161746545226, 0.23121387283236994] and parameters: {'psi': 0.1707422630391714, 'lda_s': 0.0001862691729130783}.
[I 2025-08-10 01:11:48,895] Trial 309 finished with values: [0.9545839828062946, 0.3992740471869328] and parameters: {'psi': 0.6024594059520773, 'lda_s': 0.10311355229631305}.
[I 2025-08-10 01:11:54,470] Trial 310 finished with values: [0.9311391464734808, 0.1955085865257596] and parameters: {'psi': 0.46556155647479036, 'lda_s': 0.045838511850754174}.
[I 2025-08-10 01:12:00,054] Trial 311 finished with values: [0.9467941168067201, 0.21597300337457817] and parameters: {'psi': 0.4371577415661464, 'lda_s': 2.219289001133775e-06}.
[I 2025-08-10 01:12:05,621] Trial 312 finished with values: [0.9303762869088474, 0.26163522012578616] and parameters: {'psi': 0.22659793541866258, 'lda_s': 0.002613544003515535}.
[I 2025-08-10 01:12:11,217] Trial 313 finished with values: [0.9473688805361287, 0.21850613154960982] and parameters: {'psi': 0.09795749348013671, 'lda_s': 1.2843225110932432e-06}.
[I 2025-08-10 01:12:16,806] Trial 314 finished with values: [0.9297210467334815, 0.3975659229208925] and parameters: {'psi': 0.1707422630391714, 'lda_s': 5.568893964577161}.
[I 2025-08-10 01:12:22,395] Trial 315 finished with values: [0.9456564941476003, 0.22764227642276422] and parameters: {'psi': 0.6024594059520773, 'lda_s': 1.0551655675106085e-05}.
[I 2025-08-10 01:12:27,987] Trial 316 finished with values: [0.9451120479747556, 0.22769953051643194] and parameters: {'psi': 0.6385413558771167, 'lda_s': 1.176243499983886e-08}.
[I 2025-08-10 01:12:33,578] Trial 317 finished with values: [0.9384799634284554, 0.3983050847457627] and parameters: {'psi': 0.6898975363654736, 'lda_s': 0.030692993780541664}.
[I 2025-08-10 01:12:39,165] Trial 318 finished with values: [0.9155930653748107, 0.2585034013605442] and parameters: {'psi': 0.6810854082679811, 'lda_s': 5.568893964577161}.
[I 2025-08-10 01:12:44,761] Trial 319 finished with values: [0.9422431499782539, 0.2379182156133829] and parameters: {'psi': 0.5914216976751999, 'lda_s': 5.568893964577161}.
[I 2025-08-10 01:12:50,343] Trial 320 finished with values: [0.9475091984418998, 0.2182628062360802] and parameters: {'psi': 0.07522692879841364, 'lda_s': 2.5086447001538753e-06}.
[I 2025-08-10 01:12:55,918] Trial 321 finished with values: [0.9451120479747556, 0.22769953051643194] and parameters: {'psi': 0.6385413558771167, 'lda_s': 1.2616291011709255e-08}.
[I 2025-08-10 01:13:01,507] Trial 322 finished with values: [0.9493192041879498, 0.21155943293347873] and parameters: {'psi': 0.01559602758559231, 'lda_s': 4.506437369091624e-08}.
[I 2025-08-10 01:13:07,081] Trial 323 finished with values: [0.9468433233121374, 0.21452513966480447] and parameters: {'psi': 0.385279411526667, 'lda_s': 8.1837164494248e-06}.
[I 2025-08-10 01:13:12,668] Trial 324 finished with values: [0.942822993088867, 0.2426470588235294] and parameters: {'psi': 0.7327176967038639, 'lda_s': 2.0449558850588546e-08}.
[I 2025-08-10 01:13:18,245] Trial 325 finished with values: [0.9455693510138128, 0.22632794457274827] and parameters: {'psi': 0.5250518497121475, 'lda_s': 0.00018303051307059186}.
[I 2025-08-10 01:13:23,816] Trial 326 finished with values: [0.9454256997641262, 0.2281722933643772] and parameters: {'psi': 0.6034938488467437, 'lda_s': 5.623867525563149e-05}.
[I 2025-08-10 01:13:29,394] Trial 327 finished with values: [0.9466572909755268, 0.2222222222222222] and parameters: {'psi': 0.4926941165487593, 'lda_s': 1.35104534394862e-06}.
[I 2025-08-10 01:13:34,987] Trial 328 finished with values: [0.9249480157079862, 0.2774725274725275] and parameters: {'psi': 0.2009099097618442, 'lda_s': 0.004665401620908984}.
[I 2025-08-10 01:13:40,575] Trial 329 finished with values: [0.9470328477233261, 0.21603563474387527] and parameters: {'psi': 0.22659745234919348, 'lda_s': 2.5086447001538753e-06}.
[I 2025-08-10 01:13:46,166] Trial 330 finished with values: [0.9325593097120943, 0.34954954954954953] and parameters: {'psi': 0.9395334514859511, 'lda_s': 0.05673546505912325}.
[I 2025-08-10 01:13:51,754] Trial 331 finished with values: [0.9318997838088373, 0.3202416918429003] and parameters: {'psi': 0.46556155647479036, 'lda_s': 7.395143453028837}.
[I 2025-08-10 01:13:57,440] Trial 332 finished with values: [0.9493544423950552, 0.33955223880597013] and parameters: {'psi': 0.6024594059520773, 'lda_s': 0.05673546505912325}.
[I 2025-08-10 01:14:03,005] Trial 333 finished with values: [0.9422077530404859, 0.2454434993924666] and parameters: {'psi': 0.687945869744357, 'lda_s': 0.0004742060591824069}.
[I 2025-08-10 01:14:08,598] Trial 334 finished with values: [0.9405147317927993, 0.3956989247311828] and parameters: {'psi': 0.6898975363654736, 'lda_s': 0.034447324352059855}.
[I 2025-08-10 01:14:14,186] Trial 335 finished with values: [0.9420618795615223, 0.39035087719298245] and parameters: {'psi': 0.6898975363654736, 'lda_s': 0.045838511850754174}.
[I 2025-08-10 01:14:19,788] Trial 336 finished with values: [0.9350737621389273, 0.3315696649029982] and parameters: {'psi': 0.9596414453675068, 'lda_s': 0.05673546505912325}.
[I 2025-08-10 01:14:25,388] Trial 337 finished with values: [0.9353861440829971, 0.17432273262661954] and parameters: {'psi': 0.3582328043055948, 'lda_s': 0.07803919177276092}.
[I 2025-08-10 01:14:30,957] Trial 338 finished with values: [0.9468128470249111, 0.2140468227424749] and parameters: {'psi': 0.3593639135640029, 'lda_s': 1.6647683464132317e-05}.
[I 2025-08-10 01:14:36,537] Trial 339 finished with values: [0.9481392004419062, 0.21902654867256638] and parameters: {'psi': 0.034161955653451814, 'lda_s': 2.219289001133775e-06}.
[I 2025-08-10 01:14:42,118] Trial 340 finished with values: [0.9462823691503782, 0.22784810126582278] and parameters: {'psi': 0.5543090112382014, 'lda_s': 2.7636215353948545e-08}.
[I 2025-08-10 01:14:47,701] Trial 341 finished with values: [0.9491268226248337, 0.21467688937568455] and parameters: {'psi': 0.01559602758559231, 'lda_s': 2.5086447001538753e-06}.
[I 2025-08-10 01:14:53,278] Trial 342 finished with values: [0.9290983463439566, 0.3122923588039867] and parameters: {'psi': 0.5616138246014992, 'lda_s': 0.024400437474742336}.
[I 2025-08-10 01:14:58,860] Trial 343 finished with values: [0.945696494274585, 0.22764227642276422] and parameters: {'psi': 0.6024594059520773, 'lda_s': 2.5086447001538753e-06}.
[I 2025-08-10 01:15:04,452] Trial 344 finished with values: [0.9103728900726668, 0.28339140534262486] and parameters: {'psi': 0.7225349358753811, 'lda_s': 6.139091036137637}.
[I 2025-08-10 01:15:10,032] Trial 345 finished with values: [0.9230735653129059, 0.4139344262295082] and parameters: {'psi': 0.27225139263966514, 'lda_s': 0.04408996899950046}.
[I 2025-08-10 01:15:15,607] Trial 346 finished with values: [0.9470753875409129, 0.21651785714285715] and parameters: {'psi': 0.20364271768883835, 'lda_s': 3.2315317333863763e-07}.
[I 2025-08-10 01:15:21,200] Trial 347 finished with values: [0.9347416975926908, 0.21772151898734177] and parameters: {'psi': 0.4010895400696739, 'lda_s': 0.633002793100154}.
[I 2025-08-10 01:15:26,779] Trial 348 finished with values: [0.9289346950307779, 0.32432432432432434] and parameters: {'psi': 0.7250211276535294, 'lda_s': 0.006374536530745085}.
[I 2025-08-10 01:15:32,374] Trial 349 finished with values: [0.9493544423950552, 0.33955223880597013] and parameters: {'psi': 0.6024594059520773, 'lda_s': 0.05673546505912325}.
[I 2025-08-10 01:15:37,964] Trial 350 finished with values: [0.9331443909345744, 0.3939393939393939] and parameters: {'psi': 0.7557095189568059, 'lda_s': 0.034447324352059855}.
[I 2025-08-10 01:15:43,535] Trial 351 finished with values: [0.944898872694834, 0.22877358490566038] and parameters: {'psi': 0.6492429889377559, 'lda_s': 2.1379052432867439e-07}.
[I 2025-08-10 01:15:49,120] Trial 352 finished with values: [0.9438250597620945, 0.24] and parameters: {'psi': 0.07539358232318238, 'lda_s': 0.00017701913550537945}.
[I 2025-08-10 01:15:54,713] Trial 353 finished with values: [0.9347718564185917, 0.3] and parameters: {'psi': 0.6024594059520773, 'lda_s': 0.03174763150669032}.
[I 2025-08-10 01:16:00,291] Trial 354 finished with values: [0.9302285086619324, 0.403960396039604] and parameters: {'psi': 0.20364271768883835, 'lda_s': 0.02195787513153607}.
[I 2025-08-10 01:16:05,853] Trial 355 finished with values: [0.9454256997641262, 0.2281722933643772] and parameters: {'psi': 0.6034938488467437, 'lda_s': 5.623867525563149e-05}.
[I 2025-08-10 01:16:11,434] Trial 356 finished with values: [0.92283245343636, 0.4122448979591837] and parameters: {'psi': 0.27225139263966514, 'lda_s': 0.05673546505912325}.
[I 2025-08-10 01:16:17,030] Trial 357 finished with values: [0.9493185692652991, 0.21155943293347873] and parameters: {'psi': 0.01559602758559231, 'lda_s': 5.029120358968912e-08}.
[I 2025-08-10 01:16:22,613] Trial 358 finished with values: [0.9469557046212845, 0.21627647714604237] and parameters: {'psi': 0.23808418988568614, 'lda_s': 9.229065778467777e-06}.
[I 2025-08-10 01:16:28,189] Trial 359 finished with values: [0.9350255080174857, 0.22094361334867663] and parameters: {'psi': 0.9395334514859511, 'lda_s': 1.8429641683758073e-05}.
[I 2025-08-10 01:16:33,769] Trial 360 finished with values: [0.9469811015273064, 0.2140468227424749] and parameters: {'psi': 0.31477875912365094, 'lda_s': 6.713952350271964e-07}.
[I 2025-08-10 01:16:39,354] Trial 361 finished with values: [0.9242132514706396, 0.3967935871743487] and parameters: {'psi': 0.2648544976675352, 'lda_s': 0.573543102519373}.
[I 2025-08-10 01:16:44,916] Trial 362 finished with values: [0.946387925041032, 0.22272727272727272] and parameters: {'psi': 0.49896042722673695, 'lda_s': 4.411884990946837e-05}.
[I 2025-08-10 01:16:50,516] Trial 363 finished with values: [0.9228343582043117, 0.39363817097415504] and parameters: {'psi': 0.27225139263966514, 'lda_s': 0.08635611363916798}.
[I 2025-08-10 01:16:56,089] Trial 364 finished with values: [0.9190313302581913, 0.38589211618257263] and parameters: {'psi': 0.764429123118194, 'lda_s': 0.05673546505912325}.
[I 2025-08-10 01:17:01,667] Trial 365 finished with values: [0.9410888605995575, 0.2506203473945409] and parameters: {'psi': 0.7306368661695294, 'lda_s': 0.0004921291441823399}.
[I 2025-08-10 01:17:07,261] Trial 366 finished with values: [0.9089654252870643, 0.2699530516431925] and parameters: {'psi': 0.7674091503895503, 'lda_s': 3.8713383542292514}.
[I 2025-08-10 01:17:12,832] Trial 367 finished with values: [0.9440022031815974, 0.2347305389221557] and parameters: {'psi': 0.6898975363654736, 'lda_s': 9.99930972602691e-08}.
[I 2025-08-10 01:17:18,407] Trial 368 finished with values: [0.9466318940695051, 0.2224744608399546] and parameters: {'psi': 0.49896042722673695, 'lda_s': 9.635258309120447e-07}.
[I 2025-08-10 01:17:23,988] Trial 369 finished with values: [0.9201086352655088, 0.2617960426179604] and parameters: {'psi': 0.07707621784625829, 'lda_s': 7.830788065471175}.
