[I 2025-08-10 02:07:54,615] Trial 248 finished with values: [0.7880250348543972, 0.1186161449752883] and parameters: {'psi': 0.4801392795755518, 'lda_s': 2.832532821176515e-08}.
[I 2025-08-10 02:08:00,613] Trial 249 finished with values: [0.7822732646683098, 0.12312811980033278] and parameters: {'psi': 0.7613236361786442, 'lda_s': 2.7182629529224104e-08}.
[I 2025-08-10 02:08:06,609] Trial 250 finished with values: [0.7873835313808567, 0.13347022587268995] and parameters: {'psi': 0.7169627677889867, 'lda_s': 0.8987654456106534}.
[I 2025-08-10 02:08:12,615] Trial 251 finished with values: [0.7990208167917914, 0.1511879049676026] and parameters: {'psi': 0.5080582036548884, 'lda_s': 0.3137951838104881}.
[I 2025-08-10 02:08:18,630] Trial 252 finished with values: [0.7880248718500843, 0.1186161449752883] and parameters: {'psi': 0.4801392795755518, 'lda_s': 1.0015901179769914e-08}.
[I 2025-08-10 02:08:24,627] Trial 253 finished with values: [0.7984402769312873, 0.14925373134328357] and parameters: {'psi': 0.46049443574220184, 'lda_s': 1.7309928826703602}.
[I 2025-08-10 02:08:30,614] Trial 254 finished with values: [0.7972568656194075, 0.14859926918392205] and parameters: {'psi': 0.41800142968337584, 'lda_s': 9.297316446482458}.
[I 2025-08-10 02:08:36,588] Trial 255 finished with values: [0.7924682064162736, 0.14845360824742268] and parameters: {'psi': 0.9366380204384692, 'lda_s': 1.1216201390671505}.
[I 2025-08-10 02:08:42,581] Trial 256 finished with values: [0.7782664556521501, 0.11230388109000826] and parameters: {'psi': 0.37967220422799064, 'lda_s': 0.0013115908693055976}.
[I 2025-08-10 02:08:48,590] Trial 257 finished with values: [0.7862878978914903, 0.12026359143327842] and parameters: {'psi': 0.6090499034022271, 'lda_s': 1.0809363330004459e-05}.
[I 2025-08-10 02:08:54,578] Trial 258 finished with values: [0.7992506528730242, 0.15233949945593037] and parameters: {'psi': 0.5026457860232199, 'lda_s': 0.2707261330931953}.
[I 2025-08-10 02:09:00,581] Trial 259 finished with values: [0.7988531668559419, 0.1511111111111111] and parameters: {'psi': 0.48282015650530674, 'lda_s': 0.42042339426466346}.
[I 2025-08-10 02:09:06,580] Trial 260 finished with values: [0.7826581178511404, 0.12271973466003316] and parameters: {'psi': 0.751567947688414, 'lda_s': 5.969068778792592e-08}.
[I 2025-08-10 02:09:12,580] Trial 261 finished with values: [0.7986587842127715, 0.1497695852534562] and parameters: {'psi': 0.46049443574220184, 'lda_s': 0.35989808440851745}.
[I 2025-08-10 02:09:18,556] Trial 262 finished with values: [0.7891101545655798, 0.14475025484199797] and parameters: {'psi': 0.8092233035388908, 'lda_s': 0.19334906784274986}.
[I 2025-08-10 02:09:24,531] Trial 263 finished with values: [0.7939672755801446, 0.14663951120162932] and parameters: {'psi': 0.9583225634886606, 'lda_s': 5.020781787413052}.
[I 2025-08-10 02:09:30,544] Trial 264 finished with values: [0.797251893987863, 0.14859926918392205] and parameters: {'psi': 0.4178666320134222, 'lda_s': 3.5953217624665785}.
[I 2025-08-10 02:09:36,538] Trial 265 finished with values: [0.7880107719770157, 0.1186161449752883] and parameters: {'psi': 0.4801392795755518, 'lda_s': 1.409923429041457e-06}.
[I 2025-08-10 02:09:42,524] Trial 266 finished with values: [0.7984402769312873, 0.14925373134328357] and parameters: {'psi': 0.46049443574220184, 'lda_s': 5.020781787413052}.
[I 2025-08-10 02:09:48,516] Trial 267 finished with values: [0.7864240879949442, 0.12016460905349795] and parameters: {'psi': 0.6048604419891874, 'lda_s': 3.632087191362413e-07}.
[I 2025-08-10 02:09:54,511] Trial 268 finished with values: [0.7940918923773804, 0.14634146341463414] and parameters: {'psi': 0.9639900721532346, 'lda_s': 3.5953217624665785}.
[I 2025-08-10 02:10:00,496] Trial 269 finished with values: [0.7987586243544419, 0.15151515151515152] and parameters: {'psi': 0.5026457860232199, 'lda_s': 1.1216201390671505}.
[I 2025-08-10 02:10:06,495] Trial 270 finished with values: [0.7984402769312873, 0.14925373134328357] and parameters: {'psi': 0.46049443574220184, 'lda_s': 1.8149613633718247}.
[I 2025-08-10 02:10:12,604] Trial 271 finished with values: [0.7809463280588942, 0.09451476793248945] and parameters: {'psi': 0.04959141466984751, 'lda_s': 9.297316446482458}.
[I 2025-08-10 02:10:18,591] Trial 272 finished with values: [0.7984402769312873, 0.14925373134328357] and parameters: {'psi': 0.46049443574220184, 'lda_s': 1.8149613633718247}.
[I 2025-08-10 02:10:24,587] Trial 273 finished with values: [0.7843191317999082, 0.11274509803921569] and parameters: {'psi': 0.07714843869770927, 'lda_s': 1.6523721099055272e-08}.
[I 2025-08-10 02:10:30,571] Trial 274 finished with values: [0.7938646643651546, 0.1406799531066823] and parameters: {'psi': 0.5965422755769945, 'lda_s': 0.42042339426466346}.
[I 2025-08-10 02:10:36,546] Trial 275 finished with values: [0.798547859777822, 0.15011037527593818] and parameters: {'psi': 0.48282015650530674, 'lda_s': 0.6057494218203631}.
[I 2025-08-10 02:10:42,538] Trial 276 finished with values: [0.7729003536704578, 0.1067556296914095] and parameters: {'psi': 0.4801392795755518, 'lda_s': 0.004574370662593295}.
[I 2025-08-10 02:10:48,545] Trial 277 finished with values: [0.7884627829367737, 0.10986775178026449] and parameters: {'psi': 0.09124589796700522, 'lda_s': 1.1216201390671505}.
[I 2025-08-10 02:10:54,528] Trial 278 finished with values: [0.7942108855258201, 0.12307692307692308] and parameters: {'psi': 0.33080323762019925, 'lda_s': 6.840747767777759}.
[I 2025-08-10 02:11:00,513] Trial 279 finished with values: [0.7984402769312873, 0.14925373134328357] and parameters: {'psi': 0.46049443574220184, 'lda_s': 6.714580551490801}.
[I 2025-08-10 02:11:06,521] Trial 280 finished with values: [0.7923008009868933, 0.10706638115631692] and parameters: {'psi': 0.14350192013678553, 'lda_s': 0.8987654456106534}.
[I 2025-08-10 02:11:12,524] Trial 281 finished with values: [0.7989673513771502, 0.15200868621064062] and parameters: {'psi': 0.5026457860232199, 'lda_s': 5.42251564662294}.
[I 2025-08-10 02:11:18,501] Trial 282 finished with values: [0.7938519500287458, 0.1186046511627907] and parameters: {'psi': 0.3200930370022478, 'lda_s': 0.35989808440851745}.
[I 2025-08-10 02:11:24,477] Trial 283 finished with values: [0.7886738735220195, 0.1463917525773196] and parameters: {'psi': 0.7803950363173835, 'lda_s': 9.297316446482458}.
[I 2025-08-10 02:11:30,481] Trial 284 finished with values: [0.7899136843261737, 0.14814814814814814] and parameters: {'psi': 0.8216293888586347, 'lda_s': 3.5953217624665785}.
[I 2025-08-10 02:11:36,487] Trial 285 finished with values: [0.7727067045466955, 0.10687022900763359] and parameters: {'psi': 0.41800142968337584, 'lda_s': 0.006044947700048489}.
[I 2025-08-10 02:11:42,469] Trial 286 finished with values: [0.7923501912937115, 0.10718113612004287] and parameters: {'psi': 0.22562273276477762, 'lda_s': 3.5953217624665785}.
[I 2025-08-10 02:11:48,472] Trial 287 finished with values: [0.7988213810149203, 0.14541387024608501] and parameters: {'psi': 0.4801392795755518, 'lda_s': 3.5953217624665785}.
[I 2025-08-10 02:11:54,463] Trial 288 finished with values: [0.7766552395209826, 0.125] and parameters: {'psi': 0.8878123739806477, 'lda_s': 1.285568005403262e-05}.
[I 2025-08-10 02:12:00,446] Trial 289 finished with values: [0.7902214364689875, 0.10733844468784227] and parameters: {'psi': 0.2751988486752167, 'lda_s': 0.035273629885329665}.
[I 2025-08-10 02:12:06,448] Trial 290 finished with values: [0.7988468096877375, 0.14732142857142858] and parameters: {'psi': 0.4818763143530578, 'lda_s': 9.297316446482458}.
[I 2025-08-10 02:12:12,463] Trial 291 finished with values: [0.7925136031174249, 0.10526315789473684] and parameters: {'psi': 0.15104678238963565, 'lda_s': 0.7563470924381616}.
[I 2025-08-10 02:12:18,444] Trial 292 finished with values: [0.7878453225993908, 0.1186161449752883] and parameters: {'psi': 0.48282015650530674, 'lda_s': 1.3636494138413956e-05}.
[I 2025-08-10 02:12:24,449] Trial 293 finished with values: [0.786939263125963, 0.11292962356792144] and parameters: {'psi': 0.10782214164423953, 'lda_s': 3.0124130741297905e-08}.
[I 2025-08-10 02:12:30,457] Trial 294 finished with values: [0.7880240568285197, 0.1186161449752883] and parameters: {'psi': 0.4801392795755518, 'lda_s': 1.4412135444902417e-07}.
[I 2025-08-10 02:12:36,427] Trial 295 finished with values: [0.798820484491199, 0.14541387024608501] and parameters: {'psi': 0.4801392795755518, 'lda_s': 1.7142214364566561}.
[I 2025-08-10 02:12:42,409] Trial 296 finished with values: [0.7984402769312873, 0.14925373134328357] and parameters: {'psi': 0.46049443574220184, 'lda_s': 3.5953217624665785}.
[I 2025-08-10 02:12:48,374] Trial 297 finished with values: [0.7764728376948127, 0.12573344509639564] and parameters: {'psi': 0.9633353519323782, 'lda_s': 2.7548458571494225e-05}.
[I 2025-08-10 02:12:54,375] Trial 298 finished with values: [0.7877896566265246, 0.1186161449752883] and parameters: {'psi': 0.5026457860232199, 'lda_s': 5.0480451759222406e-08}.
[I 2025-08-10 02:13:00,371] Trial 299 finished with values: [0.775928810800405, 0.12605042016806722] and parameters: {'psi': 0.9583225634886606, 'lda_s': 3.493656205717515e-08}.
[I 2025-08-10 02:13:06,357] Trial 300 finished with values: [0.7879551875063061, 0.11842105263157894] and parameters: {'psi': 0.41800142968337584, 'lda_s': 4.875302153046587e-05}.
[I 2025-08-10 02:13:12,351] Trial 301 finished with values: [0.7988568344529827, 0.14905450500556172] and parameters: {'psi': 0.48282015650530674, 'lda_s': 8.387763566807084}.
[I 2025-08-10 02:13:18,313] Trial 302 finished with values: [0.7762779660387035, 0.11276948590381426] and parameters: {'psi': 0.5026457860232199, 'lda_s': 0.002437771323125052}.
[I 2025-08-10 02:13:24,384] Trial 303 finished with values: [0.793599537850172, 0.145748987854251] and parameters: {'psi': 0.9677036731597906, 'lda_s': 0.6057494218203631}.
[I 2025-08-10 02:13:30,386] Trial 304 finished with values: [0.7984402769312873, 0.14925373134328357] and parameters: {'psi': 0.46049443574220184, 'lda_s': 1.8149613633718247}.
[I 2025-08-10 02:13:36,396] Trial 305 finished with values: [0.7952896480687982, 0.125] and parameters: {'psi': 0.3444645341923879, 'lda_s': 0.13351028379821622}.
[I 2025-08-10 02:13:42,373] Trial 306 finished with values: [0.7879603221421634, 0.1186161449752883] and parameters: {'psi': 0.48282015650530674, 'lda_s': 3.2292860740655606e-06}.
[I 2025-08-10 02:13:48,350] Trial 307 finished with values: [0.7850820734865824, 0.11851851851851852] and parameters: {'psi': 0.5026457860232199, 'lda_s': 0.0002867130337702597}.
[I 2025-08-10 02:13:54,334] Trial 308 finished with values: [0.7976518250696395, 0.14680851063829786] and parameters: {'psi': 0.5480080621337888, 'lda_s': 3.5953217624665785}.
[I 2025-08-10 02:14:00,315] Trial 309 finished with values: [0.7900041517198504, 0.12197928653624857] and parameters: {'psi': 0.6325701125622973, 'lda_s': 6.714580551490801}.
[I 2025-08-10 02:14:06,323] Trial 310 finished with values: [0.7987586243544419, 0.15151515151515152] and parameters: {'psi': 0.5026457860232199, 'lda_s': 1.1216201390671505}.
[I 2025-08-10 02:14:12,317] Trial 311 finished with values: [0.7877851740079191, 0.1186161449752883] and parameters: {'psi': 0.5026457860232199, 'lda_s': 3.7520004382788854e-07}.
[I 2025-08-10 02:14:18,296] Trial 312 finished with values: [0.7733962942925507, 0.10535259133389975] and parameters: {'psi': 0.5026457860232199, 'lda_s': 0.008263477460961363}.
[I 2025-08-10 02:14:24,282] Trial 313 finished with values: [0.7880242198328326, 0.1186161449752883] and parameters: {'psi': 0.4801392795755518, 'lda_s': 1.062954348227137e-07}.
[I 2025-08-10 02:14:30,260] Trial 314 finished with values: [0.7797545220248981, 0.12426532325776658] and parameters: {'psi': 0.8216293888586347, 'lda_s': 7.864068601721182e-08}.
[I 2025-08-10 02:14:36,261] Trial 315 finished with values: [0.7817041351097108, 0.10832497492477432] and parameters: {'psi': 0.7776459429749554, 'lda_s': 0.0380742101841891}.
[I 2025-08-10 02:14:42,258] Trial 316 finished with values: [0.7988291237197845, 0.14748603351955308] and parameters: {'psi': 0.48068107487009293, 'lda_s': 2.305622652198814}.
[I 2025-08-10 02:14:48,220] Trial 317 finished with values: [0.7922557302943678, 0.1468459152016546] and parameters: {'psi': 0.8877973264731253, 'lda_s': 3.5953217624665785}.
[I 2025-08-10 02:14:54,214] Trial 318 finished with values: [0.7956947952885886, 0.14806629834254142] and parameters: {'psi': 0.576930366289111, 'lda_s': 0.30949348629119994}.
[I 2025-08-10 02:15:00,221] Trial 319 finished with values: [0.7918904376290893, 0.10805084745762712] and parameters: {'psi': 0.13323984558523905, 'lda_s': 2.1328404925519684}.
[I 2025-08-10 02:15:06,192] Trial 320 finished with values: [0.7985212085726576, 0.15102481121898598] and parameters: {'psi': 0.5026457860232199, 'lda_s': 0.7563470924381616}.
[I 2025-08-10 02:15:12,180] Trial 321 finished with values: [0.7931135404911678, 0.10986547085201794] and parameters: {'psi': 0.29518718214045236, 'lda_s': 0.3137951838104881}.
[I 2025-08-10 02:15:18,185] Trial 322 finished with values: [0.7894337996289044, 0.11648892534864644] and parameters: {'psi': 0.2722998702994618, 'lda_s': 7.010271597775773e-08}.
[I 2025-08-10 02:15:24,188] Trial 323 finished with values: [0.7876191541151987, 0.14388489208633093] and parameters: {'psi': 0.7409471607950372, 'lda_s': 6.840747767777759}.
[I 2025-08-10 02:15:30,194] Trial 324 finished with values: [0.7898803499441791, 0.11501597444089456] and parameters: {'psi': 0.6562034390085819, 'lda_s': 0.2707261330931953}.
[I 2025-08-10 02:15:36,170] Trial 325 finished with values: [0.7625050796219016, 0.11714039621016366] and parameters: {'psi': 0.8849877969508221, 'lda_s': 0.006093517633295197}.
[I 2025-08-10 02:15:42,144] Trial 326 finished with values: [0.7920831087269737, 0.14937759336099585] and parameters: {'psi': 0.8807840733461242, 'lda_s': 4.744348508236131}.
[I 2025-08-10 02:15:48,147] Trial 327 finished with values: [0.7967290576541365, 0.14822771213748656] and parameters: {'psi': 0.5613469750892347, 'lda_s': 5.42251564662294}.
[I 2025-08-10 02:15:54,132] Trial 328 finished with values: [0.7877338276493459, 0.10767696909272183] and parameters: {'psi': 0.08545710542349283, 'lda_s': 0.14567443372180217}.
[I 2025-08-10 02:16:00,114] Trial 329 finished with values: [0.7985235721351951, 0.1504424778761062] and parameters: {'psi': 0.4818763143530578, 'lda_s': 0.6199128284024843}.
[I 2025-08-10 02:16:06,090] Trial 330 finished with values: [0.7767032442911407, 0.125] and parameters: {'psi': 0.88724974130481, 'lda_s': 2.837039202104374e-06}.
[I 2025-08-10 02:16:12,079] Trial 331 finished with values: [0.7766833577649631, 0.125] and parameters: {'psi': 0.8878123739806477, 'lda_s': 8.75652570768126e-08}.
[I 2025-08-10 02:16:18,191] Trial 332 finished with values: [0.7945190451794163, 0.12575574365175332] and parameters: {'psi': 0.34007907381758207, 'lda_s': 6.714580551490801}.
[I 2025-08-10 02:16:24,167] Trial 333 finished with values: [0.7848760360350374, 0.11283728536385937] and parameters: {'psi': 0.08201631203787019, 'lda_s': 1.6522675812162122e-07}.
[I 2025-08-10 02:16:30,176] Trial 334 finished with values: [0.7989116039021277, 0.15151515151515152] and parameters: {'psi': 0.5040752911049933, 'lda_s': 0.3707437623577051}.
[I 2025-08-10 02:16:36,172] Trial 335 finished with values: [0.783602727844576, 0.1188118811881188] and parameters: {'psi': 0.6045590849021348, 'lda_s': 0.00042150272113373024}.
[I 2025-08-10 02:16:42,175] Trial 336 finished with values: [0.7875603095582308, 0.13347022587268995] and parameters: {'psi': 0.7176695195118544, 'lda_s': 0.49561811756068846}.
[I 2025-08-10 02:16:48,174] Trial 337 finished with values: [0.798936869570632, 0.15151515151515152] and parameters: {'psi': 0.5080582036548884, 'lda_s': 3.5953217624665785}.
[I 2025-08-10 02:16:54,185] Trial 338 finished with values: [0.7869744720575562, 0.12016460905349795] and parameters: {'psi': 0.5690430152388715, 'lda_s': 1.75582251161175e-07}.
[I 2025-08-10 02:17:00,188] Trial 339 finished with values: [0.7835523595118803, 0.12056151940545004] and parameters: {'psi': 0.6711278282291345, 'lda_s': 0.0002856392020285918}.
[I 2025-08-10 02:17:06,201] Trial 340 finished with values: [0.7804547070510939, 0.09403862300587741] and parameters: {'psi': 0.04791248686498739, 'lda_s': 1.1216201390671505}.
[I 2025-08-10 02:17:12,199] Trial 341 finished with values: [0.7910653912991884, 0.11698537682789652] and parameters: {'psi': 0.6380362555379102, 'lda_s': 0.2707261330931953}.
[I 2025-08-10 02:17:18,208] Trial 342 finished with values: [0.7967598654692803, 0.14822771213748656] and parameters: {'psi': 0.5608569343731773, 'lda_s': 3.5953217624665785}.
[I 2025-08-10 02:17:24,212] Trial 343 finished with values: [0.7876762056247246, 0.12422360248447205] and parameters: {'psi': 0.6793719123414322, 'lda_s': 1.3892660078286918}.
[I 2025-08-10 02:17:30,207] Trial 344 finished with values: [0.7853893366164575, 0.11851851851851852] and parameters: {'psi': 0.5026457860232199, 'lda_s': 0.0002496734010828843}.
[I 2025-08-10 02:17:36,178] Trial 345 finished with values: [0.7878201384330429, 0.1186161449752883] and parameters: {'psi': 0.46049443574220184, 'lda_s': 3.3707421698383164e-05}.
[I 2025-08-10 02:17:42,162] Trial 346 finished with values: [0.7737696556713195, 0.10526315789473684] and parameters: {'psi': 0.48282015650530674, 'lda_s': 0.008028767079393227}.
[I 2025-08-10 02:17:48,158] Trial 347 finished with values: [0.7797533809947078, 0.12426532325776658] and parameters: {'psi': 0.8216293888586347, 'lda_s': 4.589672650931456e-07}.
[I 2025-08-10 02:17:54,160] Trial 348 finished with values: [0.7989677588879324, 0.15250544662309368] and parameters: {'psi': 0.49562550521069604, 'lda_s': 3.5953217624665785}.
[I 2025-08-10 02:18:00,164] Trial 349 finished with values: [0.7926780744691725, 0.10893246187363835] and parameters: {'psi': 0.17521973801817559, 'lda_s': 0.07132246119316027}.
[I 2025-08-10 02:18:06,138] Trial 350 finished with values: [0.7908008352993011, 0.14845360824742268] and parameters: {'psi': 0.8479271519463977, 'lda_s': 3.1383629673961337}.
[I 2025-08-10 02:18:12,122] Trial 351 finished with values: [0.7996090178550034, 0.14573991031390135] and parameters: {'psi': 0.4801392795755518, 'lda_s': 0.11510096030649115}.
[I 2025-08-10 02:18:18,118] Trial 352 finished with values: [0.7883790802220836, 0.11842105263157894] and parameters: {'psi': 0.4419751682745595, 'lda_s': 2.4575661904119904e-06}.
[I 2025-08-10 02:18:24,116] Trial 353 finished with values: [0.7856576417155422, 0.1186161449752883] and parameters: {'psi': 0.5026457860232199, 'lda_s': 0.00021898565106403753}.
[I 2025-08-10 02:18:30,097] Trial 354 finished with values: [0.7945007071942117, 0.14566473988439307] and parameters: {'psi': 0.5862814557662237, 'lda_s': 9.297316446482458}.
[I 2025-08-10 02:18:36,088] Trial 355 finished with values: [0.7714000619742397, 0.12234494477485132] and parameters: {'psi': 0.8973430264811091, 'lda_s': 0.0015494191625222802}.
[I 2025-08-10 02:18:42,096] Trial 356 finished with values: [0.7763201026535961, 0.11276948590381426] and parameters: {'psi': 0.4521601741431679, 'lda_s': 0.002146597987519906}.
[I 2025-08-10 02:18:48,079] Trial 357 finished with values: [0.7923906978654749, 0.10706638115631692] and parameters: {'psi': 0.14662819414595518, 'lda_s': 3.5953217624665785}.
[I 2025-08-10 02:18:54,067] Trial 358 finished with values: [0.7984402769312873, 0.14925373134328357] and parameters: {'psi': 0.46049443574220184, 'lda_s': 3.5953217624665785}.
[I 2025-08-10 02:19:00,075] Trial 359 finished with values: [0.7900186591037012, 0.11542730299667037] and parameters: {'psi': 0.643016916934288, 'lda_s': 0.5470923261652872}.
[I 2025-08-10 02:19:06,074] Trial 360 finished with values: [0.792294606823002, 0.10787486515641856] and parameters: {'psi': 0.2403437483873363, 'lda_s': 0.2707261330931953}.
[I 2025-08-10 02:19:12,050] Trial 361 finished with values: [0.7872312038504227, 0.13319672131147542] and parameters: {'psi': 0.7089345232230376, 'lda_s': 1.8149613633718247}.
[I 2025-08-10 02:19:18,058] Trial 362 finished with values: [0.7990208167917914, 0.1511879049676026] and parameters: {'psi': 0.5080582036548884, 'lda_s': 0.3137951838104881}.
[I 2025-08-10 02:19:24,057] Trial 363 finished with values: [0.7871420404912495, 0.13128205128205128] and parameters: {'psi': 0.6983004738280748, 'lda_s': 6.840747767777759}.
[I 2025-08-10 02:19:30,036] Trial 364 finished with values: [0.7880162326214988, 0.1186161449752883] and parameters: {'psi': 0.4801392795755518, 'lda_s': 8.392780538894818e-07}.
[I 2025-08-10 02:19:36,016] Trial 365 finished with values: [0.7917268628010629, 0.10793650793650794] and parameters: {'psi': 0.13002159936833413, 'lda_s': 0.1600117023743462}.
[I 2025-08-10 02:19:42,017] Trial 366 finished with values: [0.7597766319299043, 0.11130434782608696] and parameters: {'psi': 0.8559900525208273, 'lda_s': 0.01150730077026834}.
[I 2025-08-10 02:19:48,007] Trial 367 finished with values: [0.7753840503865891, 0.1113881961762261] and parameters: {'psi': 0.46049443574220184, 'lda_s': 0.0025694791596516616}.
[I 2025-08-10 02:19:53,986] Trial 368 finished with values: [0.7989673513771502, 0.15200868621064062] and parameters: {'psi': 0.5026457860232199, 'lda_s': 3.5953217624665785}.
[I 2025-08-10 02:19:59,958] Trial 369 finished with values: [0.7820845056739355, 0.10273972602739725] and parameters: {'psi': 0.5026457860232199, 'lda_s': 0.014942987771841361}.
[I 2025-08-10 02:20:06,064] Trial 370 finished with values: [0.7871353573144192, 0.13524590163934427] and parameters: {'psi': 0.7075729905869985, 'lda_s': 3.5953217624665785}.
[I 2025-08-10 02:20:12,072] Trial 371 finished with values: [0.7989674328793066, 0.14732142857142858] and parameters: {'psi': 0.4818763143530578, 'lda_s': 0.35989808440851745}.
