[I 2025-08-10 00:50:59,696] Trial 369 finished with values: [0.7879929206855439, 0.15300546448087432] and parameters: {'psi': 0.012344710939726222, 'lda_s': 1.0902424970881334e-07}.
[I 2025-08-10 00:51:05,908] Trial 370 finished with values: [0.7879903558300398, 0.15300546448087432] and parameters: {'psi': 0.012344710939726222, 'lda_s': 1.2631038910361755e-07}.
[I 2025-08-10 00:51:11,956] Trial 371 finished with values: [0.8184940452865768, 0.2340876944837341] and parameters: {'psi': 0.003400285029469763, 'lda_s': 3.5600299172103444e-08}.
[I 2025-08-10 00:51:18,016] Trial 372 finished with values: [0.8034170218926276, 0.17180137731061979] and parameters: {'psi': 0.007383665750317792, 'lda_s': 4.012114067740728e-08}.
[I 2025-08-10 00:51:24,094] Trial 373 finished with values: [0.8020920684447551, 0.1588235294117647] and parameters: {'psi': 0.007383665750317792, 'lda_s': 0.2431534544829442}.
[I 2025-08-10 00:51:30,167] Trial 374 finished with values: [0.767166705152552, 0.14516129032258066] and parameters: {'psi': 0.6472267072376425, 'lda_s': 2.398111480517612e-06}.
[I 2025-08-10 00:51:36,233] Trial 375 finished with values: [0.8166655186817222, 0.16685123661867848] and parameters: {'psi': 0.003400285029469763, 'lda_s': 2.9739879110869967}.
[I 2025-08-10 00:51:42,318] Trial 376 finished with values: [0.764476132570685, 0.14243759177679882] and parameters: {'psi': 0.7433170385510537, 'lda_s': 4.149754423783669e-05}.
[I 2025-08-10 00:51:48,414] Trial 377 finished with values: [0.7572190795019449, 0.14536157779401024] and parameters: {'psi': 0.18150010852202836, 'lda_s': 2.7744981700214285e-06}.
[I 2025-08-10 00:51:54,462] Trial 378 finished with values: [0.7729697984152796, 0.11804767309875142] and parameters: {'psi': 0.469737394224374, 'lda_s': 3.5424754726471814}.
[I 2025-08-10 00:52:00,542] Trial 379 finished with values: [0.8020920684447551, 0.1588235294117647] and parameters: {'psi': 0.007383665750317792, 'lda_s': 0.13284228302713955}.
[I 2025-08-10 00:52:06,594] Trial 380 finished with values: [0.7713760050366714, 0.15081967213114755] and parameters: {'psi': 0.0211087333671528, 'lda_s': 1.2224907344567146e-05}.
[I 2025-08-10 00:52:12,667] Trial 381 finished with values: [0.7886612907034248, 0.151414920984932] and parameters: {'psi': 0.012344710939726222, 'lda_s': 0.31713225641192755}.
[I 2025-08-10 00:52:18,716] Trial 382 finished with values: [0.7532382867062835, 0.14728399562522784] and parameters: {'psi': 0.0573647092739501, 'lda_s': 5.7339962700891215e-05}.
[I 2025-08-10 00:52:24,814] Trial 383 finished with values: [0.8033706391240083, 0.17180137731061979] and parameters: {'psi': 0.007383665750317792, 'lda_s': 2.9006724397757397e-07}.
[I 2025-08-10 00:52:30,870] Trial 384 finished with values: [0.7468475086892801, 0.12284644194756554] and parameters: {'psi': 0.8724185790576167, 'lda_s': 0.13284228302713955}.
[I 2025-08-10 00:52:36,928] Trial 385 finished with values: [0.7796223874841943, 0.1206831119544592] and parameters: {'psi': 0.1847006605705308, 'lda_s': 3.5424754726471814}.
[I 2025-08-10 00:52:42,994] Trial 386 finished with values: [0.777730640128022, 0.15143793228977065] and parameters: {'psi': 0.018208996199706284, 'lda_s': 2.4547918377738423e-07}.
[I 2025-08-10 00:52:49,048] Trial 387 finished with values: [0.7708425150918251, 0.12224753227031131] and parameters: {'psi': 0.5800685606175701, 'lda_s': 0.1387924325089885}.
[I 2025-08-10 00:52:55,099] Trial 388 finished with values: [0.761022721056379, 0.13446619874399704] and parameters: {'psi': 0.880248424979935, 'lda_s': 1.2224907344567146e-05}.
[I 2025-08-10 00:53:01,156] Trial 389 finished with values: [0.7166802264638188, 0.12811918063314712] and parameters: {'psi': 0.5516088101725657, 'lda_s': 0.010303169500942705}.
[I 2025-08-10 00:53:07,219] Trial 390 finished with values: [0.7386925604036197, 0.12644968200523757] and parameters: {'psi': 0.2020086760658628, 'lda_s': 0.005730968133852321}.
[I 2025-08-10 00:53:13,295] Trial 391 finished with values: [0.8098274572754789, 0.16200294550810015] and parameters: {'psi': 0.0053917926508060265, 'lda_s': 0.07386935352370405}.
[I 2025-08-10 00:53:19,373] Trial 392 finished with values: [0.7872227004513872, 0.1543502002184201] and parameters: {'psi': 0.012344710939726222, 'lda_s': 3.716994191104523e-06}.
[I 2025-08-10 00:53:25,428] Trial 393 finished with values: [0.8184957486638962, 0.2340876944837341] and parameters: {'psi': 0.003400285029469763, 'lda_s': 2.5250200551443752e-08}.
[I 2025-08-10 00:53:31,496] Trial 394 finished with values: [0.799412048970649, 0.17240130387540747] and parameters: {'psi': 0.007383665750317792, 'lda_s': 1.2224907344567146e-05}.
[I 2025-08-10 00:53:37,549] Trial 395 finished with values: [0.7563815269160441, 0.11751326762699014] and parameters: {'psi': 0.4234425591425859, 'lda_s': 0.09697006602020376}.
[I 2025-08-10 00:53:43,607] Trial 396 finished with values: [0.730479893079593, 0.13760117733627666] and parameters: {'psi': 0.26671229299988164, 'lda_s': 0.0022584324442580786}.
[I 2025-08-10 00:53:49,663] Trial 397 finished with values: [0.7015712500608419, 0.12634708286882199] and parameters: {'psi': 0.747636581191811, 'lda_s': 3.5424754726471814}.
[I 2025-08-10 00:53:55,724] Trial 398 finished with values: [0.7300165548696406, 0.12811918063314712] and parameters: {'psi': 0.3068899365512374, 'lda_s': 0.006740687626157868}.
[I 2025-08-10 00:54:01,784] Trial 399 finished with values: [0.7414640727767372, 0.11733333333333333] and parameters: {'psi': 0.5918273061212704, 'lda_s': 2.9739879110869967}.
[I 2025-08-10 00:54:07,842] Trial 400 finished with values: [0.7668269499039863, 0.11302023673157693] and parameters: {'psi': 0.36685525910651107, 'lda_s': 0.46971414820741897}.
[I 2025-08-10 00:54:13,901] Trial 401 finished with values: [0.799412048970649, 0.17240130387540747] and parameters: {'psi': 0.007383665750317792, 'lda_s': 1.2224907344567146e-05}.
[I 2025-08-10 00:54:20,073] Trial 402 finished with values: [0.7742179628304273, 0.12059158134243458] and parameters: {'psi': 0.6234986759878748, 'lda_s': 0.2431534544829442}.
[I 2025-08-10 00:54:26,137] Trial 403 finished with values: [0.757774635035746, 0.12212589521296645] and parameters: {'psi': 0.13302437306447967, 'lda_s': 0.010303169500942705}.
[I 2025-08-10 00:54:32,195] Trial 404 finished with values: [0.7576311597599154, 0.14723032069970846] and parameters: {'psi': 0.07716733102340756, 'lda_s': 2.178838767396802e-08}.
[I 2025-08-10 00:54:38,255] Trial 405 finished with values: [0.7625464214372425, 0.13986013986013987] and parameters: {'psi': 0.8080635019585803, 'lda_s': 3.192055062116261e-05}.
[I 2025-08-10 00:54:44,308] Trial 406 finished with values: [0.6795037815172282, 0.1278167713335796] and parameters: {'psi': 0.8325774105589171, 'lda_s': 5.346760211316552}.
[I 2025-08-10 00:54:50,377] Trial 407 finished with values: [0.760338276638736, 0.14557425018288223] and parameters: {'psi': 0.29068517218808176, 'lda_s': 1.1781659077771968e-08}.
[I 2025-08-10 00:54:56,466] Trial 408 finished with values: [0.8020920684447551, 0.1588235294117647] and parameters: {'psi': 0.007383665750317792, 'lda_s': 0.16783572385931195}.
[I 2025-08-10 00:55:02,543] Trial 409 finished with values: [0.8098274572754789, 0.16200294550810015] and parameters: {'psi': 0.0053917926508060265, 'lda_s': 0.02793251192857101}.
[I 2025-08-10 00:55:08,626] Trial 410 finished with values: [0.8184230320734985, 0.2340876944837341] and parameters: {'psi': 0.003400285029469763, 'lda_s': 3.0925275435055716e-07}.
[I 2025-08-10 00:55:14,679] Trial 411 finished with values: [0.7936752503700343, 0.16769959897921982] and parameters: {'psi': 0.007383665750317792, 'lda_s': 9.137358393684845e-05}.
[I 2025-08-10 00:55:20,754] Trial 412 finished with values: [0.8166655186817222, 0.16685123661867848] and parameters: {'psi': 0.003400285029469763, 'lda_s': 0.0021684356410254266}.
[I 2025-08-10 00:55:26,806] Trial 413 finished with values: [0.7721288586537892, 0.11866969009826153] and parameters: {'psi': 0.48980971407261487, 'lda_s': 2.9739879110869967}.
[I 2025-08-10 00:55:32,869] Trial 414 finished with values: [0.6653390047835925, 0.12808244387191756] and parameters: {'psi': 0.8648107324982552, 'lda_s': 2.0207671548017325}.
[I 2025-08-10 00:55:38,912] Trial 415 finished with values: [0.7666939298406684, 0.1438532110091743] and parameters: {'psi': 0.6766052116475129, 'lda_s': 3.795164918439412e-06}.
[I 2025-08-10 00:55:44,964] Trial 416 finished with values: [0.7625154669597468, 0.14625228519195613] and parameters: {'psi': 0.36060158574273715, 'lda_s': 2.670096698491267e-07}.
[I 2025-08-10 00:55:51,026] Trial 417 finished with values: [0.7744527156357234, 0.11280487804878049] and parameters: {'psi': 0.2546788238414637, 'lda_s': 0.2431534544829442}.
[I 2025-08-10 00:55:57,086] Trial 418 finished with values: [0.8184782449935097, 0.2340876944837341] and parameters: {'psi': 0.003400285029469763, 'lda_s': 1.0557739108468443e-07}.
[I 2025-08-10 00:56:03,153] Trial 419 finished with values: [0.8020920684447551, 0.1588235294117647] and parameters: {'psi': 0.007383665750317792, 'lda_s': 2.9739879110869967}.
[I 2025-08-10 00:56:09,237] Trial 420 finished with values: [0.8020920684447551, 0.1588235294117647] and parameters: {'psi': 0.007383665750317792, 'lda_s': 0.5504922875443007}.
[I 2025-08-10 00:56:15,327] Trial 421 finished with values: [0.8166655186817222, 0.16685123661867848] and parameters: {'psi': 0.003400285029469763, 'lda_s': 0.006349629859413524}.
[I 2025-08-10 00:56:21,382] Trial 422 finished with values: [0.7634583156746622, 0.14038956266078648] and parameters: {'psi': 0.788087320198346, 'lda_s': 1.2224907344567146e-05}.
[I 2025-08-10 00:56:27,458] Trial 423 finished with values: [0.8166655186817222, 0.16685123661867848] and parameters: {'psi': 0.003400285029469763, 'lda_s': 0.9119855432310692}.
[I 2025-08-10 00:56:33,515] Trial 424 finished with values: [0.7615769256357542, 0.14625228519195613] and parameters: {'psi': 0.33059582943522303, 'lda_s': 4.012114067740728e-08}.
[I 2025-08-10 00:56:39,590] Trial 425 finished with values: [0.8166655186817222, 0.16685123661867848] and parameters: {'psi': 0.003400285029469763, 'lda_s': 0.0024763267325245164}.
[I 2025-08-10 00:56:45,675] Trial 426 finished with values: [0.762401986787979, 0.14625228519195613] and parameters: {'psi': 0.35693755006103633, 'lda_s': 1.8631501650407202e-07}.
[I 2025-08-10 00:56:51,729] Trial 427 finished with values: [0.8183769429906239, 0.23471191233651467] and parameters: {'psi': 0.003400285029469763, 'lda_s': 5.744558542166031e-07}.
[I 2025-08-10 00:56:57,793] Trial 428 finished with values: [0.7608586681993669, 0.13917525773195877] and parameters: {'psi': 0.959654648076463, 'lda_s': 3.5600299172103444e-08}.
[I 2025-08-10 00:57:03,872] Trial 429 finished with values: [0.8166655186817222, 0.16685123661867848] and parameters: {'psi': 0.003400285029469763, 'lda_s': 0.005375138366400647}.
[I 2025-08-10 00:57:09,950] Trial 430 finished with values: [0.7541016836377216, 0.11907470610542283] and parameters: {'psi': 0.5303599818339699, 'lda_s': 0.07386935352370405}.
[I 2025-08-10 00:57:16,115] Trial 431 finished with values: [0.7674455303986086, 0.11504761904761905] and parameters: {'psi': 0.3828833217861266, 'lda_s': 2.054476249778562}.
[I 2025-08-10 00:57:22,217] Trial 432 finished with values: [0.788002299050326, 0.15300546448087432] and parameters: {'psi': 0.012344710939726222, 'lda_s': 4.012114067740728e-08}.
[I 2025-08-10 00:57:28,288] Trial 433 finished with values: [0.7622320406370224, 0.13432835820895522] and parameters: {'psi': 0.053718328808442295, 'lda_s': 0.003587945266928564}.
[I 2025-08-10 00:57:34,374] Trial 434 finished with values: [0.7743868125546036, 0.12917761922643636] and parameters: {'psi': 0.0991062635521297, 'lda_s': 0.3281206052287055}.
[I 2025-08-10 00:57:40,436] Trial 435 finished with values: [0.8166655186817222, 0.16685123661867848] and parameters: {'psi': 0.003400285029469763, 'lda_s': 3.5424754726471814}.
[I 2025-08-10 00:57:46,493] Trial 436 finished with values: [0.7603155845201924, 0.13446619874399704] and parameters: {'psi': 0.9137077969830324, 'lda_s': 4.488801115966377e-06}.
[I 2025-08-10 00:57:52,562] Trial 437 finished with values: [0.764662975441489, 0.14243759177679882] and parameters: {'psi': 0.7558493467132993, 'lda_s': 2.178838767396802e-08}.
[I 2025-08-10 00:57:58,612] Trial 438 finished with values: [0.7674410272171893, 0.14510809820447051] and parameters: {'psi': 0.5772787062779445, 'lda_s': 2.4843863200136192e-06}.
[I 2025-08-10 00:58:04,674] Trial 439 finished with values: [0.7638315902562275, 0.14112458654906285] and parameters: {'psi': 0.776527850698742, 'lda_s': 1.2224907344567146e-05}.
[I 2025-08-10 00:58:10,719] Trial 440 finished with values: [0.7656670282656084, 0.14516129032258066] and parameters: {'psi': 0.5866355132533972, 'lda_s': 0.00012603456428536764}.
[I 2025-08-10 00:58:16,774] Trial 441 finished with values: [0.8184940452865768, 0.2340876944837341] and parameters: {'psi': 0.003400285029469763, 'lda_s': 3.5600299172103444e-08}.
[I 2025-08-10 00:58:22,829] Trial 442 finished with values: [0.7686258338276718, 0.11487257512362115] and parameters: {'psi': 0.40069211336231125, 'lda_s': 0.864525526676296}.
[I 2025-08-10 00:58:28,904] Trial 443 finished with values: [0.8166655186817222, 0.16685123661867848] and parameters: {'psi': 0.003400285029469763, 'lda_s': 0.6181981736958155}.
[I 2025-08-10 00:58:34,964] Trial 444 finished with values: [0.8184957486638962, 0.2340876944837341] and parameters: {'psi': 0.003400285029469763, 'lda_s': 2.5250200551443752e-08}.
[I 2025-08-10 00:58:41,036] Trial 445 finished with values: [0.7620857459780421, 0.13726937269372694] and parameters: {'psi': 0.838339240020332, 'lda_s': 3.686731520001684e-08}.
[I 2025-08-10 00:58:47,108] Trial 446 finished with values: [0.7628666759523572, 0.13991163475699558] and parameters: {'psi': 0.8118358438122947, 'lda_s': 2.5250200551443752e-08}.
[I 2025-08-10 00:58:53,173] Trial 447 finished with values: [0.8166655186817222, 0.16685123661867848] and parameters: {'psi': 0.003400285029469763, 'lda_s': 0.3411306740658286}.
[I 2025-08-10 00:58:59,222] Trial 448 finished with values: [0.7701218885904302, 0.11880438895194854] and parameters: {'psi': 0.5061040148157252, 'lda_s': 7.531225127571854}.
[I 2025-08-10 00:59:05,294] Trial 449 finished with values: [0.7976850984753754, 0.17312567910177473] and parameters: {'psi': 0.007383665750317792, 'lda_s': 1.5898193294058652e-05}.
[I 2025-08-10 00:59:11,352] Trial 450 finished with values: [0.8184354647700258, 0.2340876944837341] and parameters: {'psi': 0.003400285029469763, 'lda_s': 2.6536640704136855e-07}.
[I 2025-08-10 00:59:17,425] Trial 451 finished with values: [0.8160771486607088, 0.17077659182922342] and parameters: {'psi': 0.003400285029469763, 'lda_s': 0.00016414332421272224}.
[I 2025-08-10 00:59:23,477] Trial 452 finished with values: [0.7665311887799827, 0.14635931211123307] and parameters: {'psi': 0.49700720183076363, 'lda_s': 1.7664276618891383e-06}.
[I 2025-08-10 00:59:29,541] Trial 453 finished with values: [0.8184940452865768, 0.2340876944837341] and parameters: {'psi': 0.003400285029469763, 'lda_s': 3.5600299172103444e-08}.
[I 2025-08-10 00:59:35,596] Trial 454 finished with values: [0.8184795567898363, 0.2340876944837341] and parameters: {'psi': 0.003400285029469763, 'lda_s': 1.0145637674273221e-07}.
[I 2025-08-10 00:59:41,650] Trial 455 finished with values: [0.8184201147951008, 0.23666548922642175] and parameters: {'psi': 0.003400285029469763, 'lda_s': 2.2454869167214822e-06}.
[I 2025-08-10 00:59:47,703] Trial 456 finished with values: [0.7726095047436317, 0.13308411214953272] and parameters: {'psi': 0.07061763713691682, 'lda_s': 7.494574738024687}.
[I 2025-08-10 00:59:53,761] Trial 457 finished with values: [0.7936752503700343, 0.16769959897921982] and parameters: {'psi': 0.007383665750317792, 'lda_s': 9.137358393684845e-05}.
[I 2025-08-10 00:59:59,820] Trial 458 finished with values: [0.7618235041870386, 0.14625228519195613] and parameters: {'psi': 0.33845035560977244, 'lda_s': 1.0557739108468443e-07}.
[I 2025-08-10 01:00:05,882] Trial 459 finished with values: [0.8020920684447551, 0.1588235294117647] and parameters: {'psi': 0.007383665750317792, 'lda_s': 0.014942827803099561}.
[I 2025-08-10 01:00:11,937] Trial 460 finished with values: [0.7712038072950052, 0.11684370257966616] and parameters: {'psi': 0.4320567377854708, 'lda_s': 3.428894941006479}.
[I 2025-08-10 01:00:18,011] Trial 461 finished with values: [0.8166655186817222, 0.16685123661867848] and parameters: {'psi': 0.003400285029469763, 'lda_s': 3.5424754726471814}.
[I 2025-08-10 01:00:24,085] Trial 462 finished with values: [0.8166655186817222, 0.16685123661867848] and parameters: {'psi': 0.003400285029469763, 'lda_s': 2.2568200670305067}.
[I 2025-08-10 01:00:30,146] Trial 463 finished with values: [0.757188418710194, 0.1312200516033911] and parameters: {'psi': 0.7870249093776361, 'lda_s': 0.2431534544829442}.
[I 2025-08-10 01:00:36,191] Trial 464 finished with values: [0.7633417811711491, 0.14049282824567855] and parameters: {'psi': 0.7969627562643116, 'lda_s': 2.5250200551443752e-08}.
[I 2025-08-10 01:00:42,245] Trial 465 finished with values: [0.7735666461647911, 0.1222011385199241] and parameters: {'psi': 0.5861474284715187, 'lda_s': 0.17491786605479318}.
[I 2025-08-10 01:00:48,315] Trial 466 finished with values: [0.8020920684447551, 0.1588235294117647] and parameters: {'psi': 0.007383665750317792, 'lda_s': 2.2562071227150704}.
[I 2025-08-10 01:00:54,375] Trial 467 finished with values: [0.8184961206658395, 0.2340876944837341] and parameters: {'psi': 0.003400285029469763, 'lda_s': 2.4185424113295194e-08}.
[I 2025-08-10 01:01:00,422] Trial 468 finished with values: [0.8165331643060925, 0.23316796598157336] and parameters: {'psi': 0.003400285029469763, 'lda_s': 1.2224907344567146e-05}.
[I 2025-08-10 01:01:06,595] Trial 469 finished with values: [0.7421939210105171, 0.1258426966292135] and parameters: {'psi': 0.16348172417131668, 'lda_s': 0.005375138366400647}.
[I 2025-08-10 01:01:12,663] Trial 470 finished with values: [0.8020920684447551, 0.1588235294117647] and parameters: {'psi': 0.007383665750317792, 'lda_s': 0.2431534544829442}.
[I 2025-08-10 01:01:18,735] Trial 471 finished with values: [0.7603102590186879, 0.14557425018288223] and parameters: {'psi': 0.2898295151159336, 'lda_s': 2.178838767396802e-08}.
[I 2025-08-10 01:01:24,787] Trial 472 finished with values: [0.7599703862958243, 0.14863387978142076] and parameters: {'psi': 0.054248593686650026, 'lda_s': 7.065995939781905e-07}.
[I 2025-08-10 01:01:30,854] Trial 473 finished with values: [0.8166655186817222, 0.16685123661867848] and parameters: {'psi': 0.003400285029469763, 'lda_s': 0.43966065254998754}.
[I 2025-08-10 01:01:36,910] Trial 474 finished with values: [0.6175183703370193, 0.1278640059127864] and parameters: {'psi': 0.9530838703553821, 'lda_s': 2.9739879110869967}.
[I 2025-08-10 01:01:42,966] Trial 475 finished with values: [0.8184939865494278, 0.2340876944837341] and parameters: {'psi': 0.003400285029469763, 'lda_s': 3.7780854874888346e-08}.
[I 2025-08-10 01:01:49,037] Trial 476 finished with values: [0.7976850984753754, 0.17312567910177473] and parameters: {'psi': 0.007383665750317792, 'lda_s': 1.5898193294058652e-05}.
[I 2025-08-10 01:01:55,084] Trial 477 finished with values: [0.7660134208120051, 0.14248990084465663] and parameters: {'psi': 0.7092322078054759, 'lda_s': 2.5250200551443752e-08}.
[I 2025-08-10 01:02:01,144] Trial 478 finished with values: [0.8184961206658395, 0.2340876944837341] and parameters: {'psi': 0.003400285029469763, 'lda_s': 2.4185424113295194e-08}.
[I 2025-08-10 01:02:07,230] Trial 479 finished with values: [0.7616773661604556, 0.14625228519195613] and parameters: {'psi': 0.3353847593371817, 'lda_s': 2.611897626672605e-06}.
[I 2025-08-10 01:02:13,268] Trial 480 finished with values: [0.8165331643060925, 0.23316796598157336] and parameters: {'psi': 0.003400285029469763, 'lda_s': 1.2224907344567146e-05}.
[I 2025-08-10 01:02:19,316] Trial 481 finished with values: [0.7475857954934588, 0.1312200516033911] and parameters: {'psi': 0.7948418734638152, 'lda_s': 0.3411306740658286}.
[I 2025-08-10 01:02:25,395] Trial 482 finished with values: [0.8166655186817222, 0.16685123661867848] and parameters: {'psi': 0.003400285029469763, 'lda_s': 0.003442207864650311}.
[I 2025-08-10 01:02:31,458] Trial 483 finished with values: [0.8166655186817222, 0.16685123661867848] and parameters: {'psi': 0.003400285029469763, 'lda_s': 1.9872611290950137}.
[I 2025-08-10 01:02:37,518] Trial 484 finished with values: [0.7625604204577417, 0.13922651933701657] and parameters: {'psi': 0.8219725139543668, 'lda_s': 2.178838767396802e-08}.
[I 2025-08-10 01:02:43,590] Trial 485 finished with values: [0.7576851000416994, 0.14536157779401024] and parameters: {'psi': 0.1977528033207595, 'lda_s': 6.408263908182533e-08}.
[I 2025-08-10 01:02:49,642] Trial 486 finished with values: [0.8184963360353857, 0.2340876944837341] and parameters: {'psi': 0.003400285029469763, 'lda_s': 2.178838767396802e-08}.
[I 2025-08-10 01:02:55,700] Trial 487 finished with values: [0.7599859712193453, 0.14557425018288223] and parameters: {'psi': 0.2793541815284444, 'lda_s': 1.5354965326926137e-08}.
[I 2025-08-10 01:03:01,749] Trial 488 finished with values: [0.8129615540690532, 0.21832498210450965] and parameters: {'psi': 0.003400285029469763, 'lda_s': 4.165320479388226e-05}.
[I 2025-08-10 01:03:07,817] Trial 489 finished with values: [0.8166655186817222, 0.16685123661867848] and parameters: {'psi': 0.003400285029469763, 'lda_s': 0.3411306740658286}.
[I 2025-08-10 01:03:13,876] Trial 490 finished with values: [0.8156677703115901, 0.23270663355799928] and parameters: {'psi': 0.003400285029469763, 'lda_s': 1.5898193294058652e-05}.
