[I 2025-08-10 01:00:46,316] Trial 0 finished with values: [0.8861337677817479, 0.2395644283121597] and parameters: {'psi': 0.6537744265093139, 'lda_s': 0.0001690939036999962}.
[I 2025-08-10 01:00:53,505] Trial 1 finished with values: [0.8864678157940498, 0.24304267161410018] and parameters: {'psi': 0.754729698441938, 'lda_s': 1.760566004421092e-08}.
[I 2025-08-10 01:01:00,654] Trial 2 finished with values: [0.8855928448598083, 0.24122412241224123] and parameters: {'psi': 0.27641051684009577, 'lda_s': 5.908723322510115e-06}.
[I 2025-08-10 01:01:07,795] Trial 3 finished with values: [0.8855715244182351, 0.24122412241224123] and parameters: {'psi': 0.29089305476896044, 'lda_s': 1.7881348730328252e-05}.
[I 2025-08-10 01:01:14,963] Trial 4 finished with values: [0.8814975711353202, 0.20315581854043394] and parameters: {'psi': 0.41334118204638914, 'lda_s': 0.010568762941140716}.
[I 2025-08-10 01:01:22,107] Trial 5 finished with values: [0.8851412845699301, 0.24035874439461882] and parameters: {'psi': 0.1406349254449657, 'lda_s': 2.6702857246757144e-05}.
[I 2025-08-10 01:01:29,325] Trial 6 finished with values: [0.8717223985230265, 0.1903827281648675] and parameters: {'psi': 0.016414226620813266, 'lda_s': 0.24601781157560984}.
[I 2025-08-10 01:01:36,494] Trial 7 finished with values: [0.89307598672003, 0.3761118170266836] and parameters: {'psi': 0.779017906929738, 'lda_s': 3.001429763812531}.
[I 2025-08-10 01:01:43,750] Trial 8 finished with values: [0.8857122726458069, 0.24122412241224123] and parameters: {'psi': 0.32235064845454986, 'lda_s': 8.879649953351847e-07}.
[I 2025-08-10 01:01:50,918] Trial 9 finished with values: [0.8817493355684263, 0.34146341463414637] and parameters: {'psi': 0.6817371436998942, 'lda_s': 0.7423078167595615}.
[I 2025-08-10 01:01:58,089] Trial 10 finished with values: [0.8842608169593453, 0.17757009345794392] and parameters: {'psi': 0.3117006503575179, 'lda_s': 0.7483478689504797}.
[I 2025-08-10 01:02:05,242] Trial 11 finished with values: [0.8830854443346589, 0.16666666666666666] and parameters: {'psi': 0.6343563149203886, 'lda_s': 0.020528122433120747}.
[I 2025-08-10 01:02:12,427] Trial 12 finished with values: [0.8845608022349152, 0.17162471395881007] and parameters: {'psi': 0.32738782397919075, 'lda_s': 0.04810152280037423}.
[I 2025-08-10 01:02:19,628] Trial 13 finished with values: [0.8858963280203237, 0.24100719424460432] and parameters: {'psi': 0.4071674248729563, 'lda_s': 3.2503106588896305e-08}.
[I 2025-08-10 01:02:26,792] Trial 14 finished with values: [0.8864854717847275, 0.23948811700182815] and parameters: {'psi': 0.7081811465171743, 'lda_s': 2.850517207004643e-07}.
[I 2025-08-10 01:02:33,953] Trial 15 finished with values: [0.8848951000961418, 0.23801065719360567] and parameters: {'psi': 0.06032098027089594, 'lda_s': 1.8421470847311212e-07}.
[I 2025-08-10 01:02:41,096] Trial 16 finished with values: [0.8856013397232473, 0.24165915238954014] and parameters: {'psi': 0.2673051319746922, 'lda_s': 4.0889462188575885e-07}.
[I 2025-08-10 01:02:48,263] Trial 17 finished with values: [0.8600158937229289, 0.36744759556103573] and parameters: {'psi': 0.8830096333006243, 'lda_s': 0.7428532452422988}.
[I 2025-08-10 01:02:55,425] Trial 18 finished with values: [0.8854522631981862, 0.23992837958818264] and parameters: {'psi': 0.15930802137038047, 'lda_s': 1.0296228418329016e-07}.
[I 2025-08-10 01:03:02,579] Trial 19 finished with values: [0.8851238784281771, 0.24299065420560748] and parameters: {'psi': 0.8755637244788549, 'lda_s': 0.00030505288873364705}.
[I 2025-08-10 01:03:09,732] Trial 20 finished with values: [0.8864848888039033, 0.24036697247706423] and parameters: {'psi': 0.7206005063506594, 'lda_s': 4.4061356965540594e-06}.
[I 2025-08-10 01:03:16,893] Trial 21 finished with values: [0.8859403847140429, 0.2407906558849955] and parameters: {'psi': 0.426570514102115, 'lda_s': 1.8290778651357858e-07}.
[I 2025-08-10 01:03:24,030] Trial 22 finished with values: [0.8855009837384995, 0.24105461393596986] and parameters: {'psi': 0.808896201552545, 'lda_s': 0.0006593037145366671}.
[I 2025-08-10 01:03:31,167] Trial 23 finished with values: [0.8857599105074465, 0.24187725631768953] and parameters: {'psi': 0.34953424684138157, 'lda_s': 9.37845946262105e-07}.
[I 2025-08-10 01:03:38,321] Trial 24 finished with values: [0.888400480509452, 0.3185011709601874] and parameters: {'psi': 0.4890575832340943, 'lda_s': 0.1398890119190858}.
[I 2025-08-10 01:03:45,482] Trial 25 finished with values: [0.8827256618831147, 0.33775633293124246] and parameters: {'psi': 0.6949895943916261, 'lda_s': 0.6824994269346741}.
[I 2025-08-10 01:03:52,628] Trial 26 finished with values: [0.8864189286877867, 0.24242424242424243] and parameters: {'psi': 0.7174389108381194, 'lda_s': 4.901839320780642e-05}.
[I 2025-08-10 01:03:59,785] Trial 27 finished with values: [0.8864272569852764, 0.23826714801444043] and parameters: {'psi': 0.6523731348183256, 'lda_s': 3.6387393663572606e-06}.
[I 2025-08-10 01:04:06,958] Trial 28 finished with values: [0.8518969696323622, 0.22673031026252982] and parameters: {'psi': 0.9042695569379525, 'lda_s': 0.14148460312113145}.
[I 2025-08-10 01:04:14,107] Trial 29 finished with values: [0.8859958511753226, 0.23963963963963963] and parameters: {'psi': 0.4599140627570205, 'lda_s': 9.864493612560878e-06}.
[I 2025-08-10 01:04:21,265] Trial 30 finished with values: [0.8858981602457714, 0.2407906558849955] and parameters: {'psi': 0.4156508516151626, 'lda_s': 5.392051410650246e-06}.
[I 2025-08-10 01:04:28,435] Trial 31 finished with values: [0.8839193567622776, 0.30317848410757947] and parameters: {'psi': 0.8246741390494043, 'lda_s': 0.1755125889084388}.
[I 2025-08-10 01:04:35,559] Trial 32 finished with values: [0.8520094849314448, 0.187984496124031] and parameters: {'psi': 0.0040767864778662455, 'lda_s': 0.00015848058930654715}.
[I 2025-08-10 01:04:42,687] Trial 33 finished with values: [0.8849117566911208, 0.23985572587917042] and parameters: {'psi': 0.21174762801267843, 'lda_s': 8.918885785099888e-05}.
[I 2025-08-10 01:04:49,871] Trial 34 finished with values: [0.8693901420940805, 0.19223300970873786] and parameters: {'psi': 0.012232048054621636, 'lda_s': 3.998320739942048}.
[I 2025-08-10 01:04:57,150] Trial 35 finished with values: [0.8842977946001983, 0.330188679245283] and parameters: {'psi': 0.7109485345768751, 'lda_s': 0.17479898506877023}.
[I 2025-08-10 01:05:04,314] Trial 36 finished with values: [0.8857084416289616, 0.24187725631768953] and parameters: {'psi': 0.32596157147566907, 'lda_s': 4.398386470102796e-06}.
[I 2025-08-10 01:05:11,493] Trial 37 finished with values: [0.8770356857553465, 0.16883116883116883] and parameters: {'psi': 0.12751281944352044, 'lda_s': 1.53848076573021}.
[I 2025-08-10 01:05:18,662] Trial 38 finished with values: [0.8757300585579253, 0.17685589519650655] and parameters: {'psi': 0.19629712896795892, 'lda_s': 0.008316251612057004}.
[I 2025-08-10 01:05:25,794] Trial 39 finished with values: [0.8852637105430249, 0.24014336917562723] and parameters: {'psi': 0.13961874068429037, 'lda_s': 1.5544788197828334e-05}.
[I 2025-08-10 01:05:32,981] Trial 40 finished with values: [0.8807526882078637, 0.1905717151454363] and parameters: {'psi': 0.41077427850746073, 'lda_s': 0.013641318713477919}.
[I 2025-08-10 01:05:40,147] Trial 41 finished with values: [0.886411766351946, 0.23826714801444043] and parameters: {'psi': 0.6434238891547757, 'lda_s': 2.5408369957950903e-06}.
[I 2025-08-10 01:05:47,313] Trial 42 finished with values: [0.8768788639136202, 0.16251354279523295] and parameters: {'psi': 0.14494443343302799, 'lda_s': 1.889958067841535}.
[I 2025-08-10 01:05:54,514] Trial 43 finished with values: [0.8784877244226323, 0.17913832199546487] and parameters: {'psi': 0.2067096110510417, 'lda_s': 3.98079908901304}.
[I 2025-08-10 01:06:01,702] Trial 44 finished with values: [0.8767967469003743, 0.17362637362637362] and parameters: {'psi': 0.10354158952270442, 'lda_s': 1.444691001403649}.
[I 2025-08-10 01:06:08,841] Trial 45 finished with values: [0.8856538912804058, 0.24043715846994534] and parameters: {'psi': 0.6265456015454769, 'lda_s': 0.00038654622925479}.
[I 2025-08-10 01:06:15,986] Trial 46 finished with values: [0.8854056247322453, 0.25022665457842247] and parameters: {'psi': 0.9988194599393244, 'lda_s': 2.236234763551188e-07}.
[I 2025-08-10 01:06:23,108] Trial 47 finished with values: [0.8842477415322868, 0.2360248447204969] and parameters: {'psi': 0.04947128317955918, 'lda_s': 1.0078356507276754e-05}.
[I 2025-08-10 01:06:30,264] Trial 48 finished with values: [0.8853061015772463, 0.23992837958818264] and parameters: {'psi': 0.10079481036672278, 'lda_s': 1.2635044769673799e-07}.
[I 2025-08-10 01:06:37,390] Trial 49 finished with values: [0.8810689136635381, 0.23661971830985915] and parameters: {'psi': 0.6630289941792139, 'lda_s': 0.003010885948167166}.
[I 2025-08-10 01:06:44,550] Trial 50 finished with values: [0.8864850553698529, 0.23948811700182815] and parameters: {'psi': 0.7054621640491316, 'lda_s': 1.760566004421092e-08}.
[I 2025-08-10 01:06:51,724] Trial 51 finished with values: [0.8810950645176552, 0.25183823529411764] and parameters: {'psi': 0.9618038494052867, 'lda_s': 3.532917624340869e-07}.
[I 2025-08-10 01:06:58,897] Trial 52 finished with values: [0.8854159518211321, 0.23992837958818264] and parameters: {'psi': 0.13961874068429037, 'lda_s': 5.141975293978964e-08}.
[I 2025-08-10 01:07:06,057] Trial 53 finished with values: [0.8807949126761351, 0.23669724770642203] and parameters: {'psi': 0.09988667357080439, 'lda_s': 0.00030505288873364705}.
[I 2025-08-10 01:07:13,203] Trial 54 finished with values: [0.8856538912804058, 0.24043715846994534] and parameters: {'psi': 0.6265456015454769, 'lda_s': 0.00038654622925479}.
[I 2025-08-10 01:07:20,355] Trial 55 finished with values: [0.8853884684394169, 0.23992837958818264] and parameters: {'psi': 0.13961874068429037, 'lda_s': 3.104122687273996e-06}.
[I 2025-08-10 01:07:27,501] Trial 56 finished with values: [0.8854280278524918, 0.23992837958818264] and parameters: {'psi': 0.15930802137038047, 'lda_s': 2.865151786993762e-06}.
[I 2025-08-10 01:07:34,638] Trial 57 finished with values: [0.8849304120774971, 0.25] and parameters: {'psi': 0.9988194599393244, 'lda_s': 0.0006593037145366671}.
[I 2025-08-10 01:07:41,804] Trial 58 finished with values: [0.8779027448069734, 0.19959266802443992] and parameters: {'psi': 0.9662409106365166, 'lda_s': 0.03035392210217232}.
[I 2025-08-10 01:07:48,990] Trial 59 finished with values: [0.89307598672003, 0.3761118170266836] and parameters: {'psi': 0.779017906929738, 'lda_s': 3.001429763812531}.
[I 2025-08-10 01:07:56,189] Trial 60 finished with values: [0.8863668768284777, 0.24134705332086062] and parameters: {'psi': 0.808896201552545, 'lda_s': 2.284542121667489e-07}.
[I 2025-08-10 01:08:03,344] Trial 61 finished with values: [0.8851238784281772, 0.24187725631768953] and parameters: {'psi': 0.2668851258904421, 'lda_s': 9.520914553551238e-05}.
[I 2025-08-10 01:08:10,507] Trial 62 finished with values: [0.8837473774191206, 0.21545157780195864] and parameters: {'psi': 0.41077427850746073, 'lda_s': 0.06778113309622619}.
[I 2025-08-10 01:08:17,685] Trial 63 finished with values: [0.8883714147512138, 0.31812865497076026] and parameters: {'psi': 0.4882343873073186, 'lda_s': 0.14148460312113145}.
[I 2025-08-10 01:08:24,858] Trial 64 finished with values: [0.8805524759362173, 0.20484581497797358] and parameters: {'psi': 0.62413179653805, 'lda_s': 0.042068550338507135}.
[I 2025-08-10 01:08:32,038] Trial 65 finished with values: [0.8862575262824411, 0.2432179607109448] and parameters: {'psi': 0.831072520726232, 'lda_s': 9.37845946262105e-07}.
[I 2025-08-10 01:08:39,222] Trial 66 finished with values: [0.8855519529191347, 0.35391923990498814] and parameters: {'psi': 0.7206005063506594, 'lda_s': 1.1516945801538376}.
[I 2025-08-10 01:08:46,393] Trial 67 finished with values: [0.8842977946001983, 0.330188679245283] and parameters: {'psi': 0.7109485345768751, 'lda_s': 0.17479898506877023}.
[I 2025-08-10 01:08:53,553] Trial 68 finished with values: [0.8860185874274689, 0.23942394239423942] and parameters: {'psi': 0.4599140627570205, 'lda_s': 3.053658433677778e-08}.
[I 2025-08-10 01:09:00,707] Trial 69 finished with values: [0.88642425879818, 0.2423112767940354] and parameters: {'psi': 0.7873150880898891, 'lda_s': 1.8421470847311212e-07}.
[I 2025-08-10 01:09:07,885] Trial 70 finished with values: [0.8813971318675974, 0.20502901353965183] and parameters: {'psi': 0.4156508516151626, 'lda_s': 0.008598212385791457}.
[I 2025-08-10 01:09:15,019] Trial 71 finished with values: [0.8848078195384524, 0.23978201634877383] and parameters: {'psi': 0.4599140627570205, 'lda_s': 0.0004211041734247311}.
[I 2025-08-10 01:09:22,179] Trial 72 finished with values: [0.8864032714885066, 0.23805229936880073] and parameters: {'psi': 0.6343563149203886, 'lda_s': 9.28033668217717e-07}.
[I 2025-08-10 01:09:29,434] Trial 73 finished with values: [0.8795369233403536, 0.23177570093457944] and parameters: {'psi': 0.3117006503575179, 'lda_s': 0.0016843775961257062}.
[I 2025-08-10 01:09:36,558] Trial 74 finished with values: [0.886344556991206, 0.23826714801444043] and parameters: {'psi': 0.6177090211038574, 'lda_s': 1.7881348730328252e-05}.
[I 2025-08-10 01:09:43,684] Trial 75 finished with values: [0.8855994242148246, 0.24187725631768953] and parameters: {'psi': 0.34953424684138157, 'lda_s': 4.901839320780642e-05}.
[I 2025-08-10 01:09:50,819] Trial 76 finished with values: [0.8844738548091254, 0.23581560283687944] and parameters: {'psi': 0.04947128317955918, 'lda_s': 3.6387393663572606e-06}.
[I 2025-08-10 01:09:57,998] Trial 77 finished with values: [0.8766962243496765, 0.1756311745334797] and parameters: {'psi': 0.10079481036672278, 'lda_s': 0.7428532452422988}.
[I 2025-08-10 01:10:05,158] Trial 78 finished with values: [0.8858145441389773, 0.24100719424460432] and parameters: {'psi': 0.4071674248729563, 'lda_s': 2.8909754140671335e-05}.
[I 2025-08-10 01:10:12,320] Trial 79 finished with values: [0.88105958597035, 0.23671947809878843] and parameters: {'psi': 0.5396132863242803, 'lda_s': 0.002220292174598879}.
[I 2025-08-10 01:10:19,476] Trial 80 finished with values: [0.8857079419311124, 0.24122412241224123] and parameters: {'psi': 0.3210491060409252, 'lda_s': 9.37845946262105e-07}.
[I 2025-08-10 01:10:26,637] Trial 81 finished with values: [0.8776974522738585, 0.2371234207968902] and parameters: {'psi': 0.9803947663535318, 'lda_s': 0.008316251612057004}.
[I 2025-08-10 01:10:33,797] Trial 82 finished with values: [0.8857573287352247, 0.23891402714932128] and parameters: {'psi': 0.4890575832340943, 'lda_s': 0.00013194840692783876}.
[I 2025-08-10 01:10:40,951] Trial 83 finished with values: [0.8864848888039033, 0.24036697247706423] and parameters: {'psi': 0.7206005063506594, 'lda_s': 4.398386470102796e-06}.
[I 2025-08-10 01:10:48,143] Trial 84 finished with values: [0.8767967469003743, 0.17362637362637362] and parameters: {'psi': 0.10354158952270442, 'lda_s': 0.17479898506877023}.
[I 2025-08-10 01:10:55,332] Trial 85 finished with values: [0.8864673160962004, 0.24304267161410018] and parameters: {'psi': 0.754729698441938, 'lda_s': 1.2635044769673799e-07}.
[I 2025-08-10 01:11:02,526] Trial 86 finished with values: [0.887049380807738, 0.2937062937062937] and parameters: {'psi': 0.4599140627570205, 'lda_s': 9.248122142920904}.
[I 2025-08-10 01:11:09,712] Trial 87 finished with values: [0.8731494522978439, 0.18120805369127516] and parameters: {'psi': 0.06032098027089594, 'lda_s': 0.25566689295255624}.
[I 2025-08-10 01:11:16,875] Trial 88 finished with values: [0.8864761440915395, 0.24021838034576887] and parameters: {'psi': 0.6897903647323914, 'lda_s': 1.1139740002357958e-07}.
[I 2025-08-10 01:11:24,050] Trial 89 finished with values: [0.8844701903582299, 0.23822222222222222] and parameters: {'psi': 0.06032098027089594, 'lda_s': 1.6000035018235815e-05}.
[I 2025-08-10 01:11:31,190] Trial 90 finished with values: [0.8835115200342192, 0.3541147132169576] and parameters: {'psi': 0.5823210842943523, 'lda_s': 0.1398890119190858}.
[I 2025-08-10 01:11:38,339] Trial 91 finished with values: [0.8851238784281771, 0.24299065420560748] and parameters: {'psi': 0.8755637244788549, 'lda_s': 0.00030505288873364705}.
[I 2025-08-10 01:11:45,520] Trial 92 finished with values: [0.8864859714825768, 0.23948811700182815] and parameters: {'psi': 0.7081811465171743, 'lda_s': 1.8279500839178806e-08}.
[I 2025-08-10 01:11:52,685] Trial 93 finished with values: [0.8869581859502287, 0.2929061784897025] and parameters: {'psi': 0.46462910517314904, 'lda_s': 0.15461500491172567}.
[I 2025-08-10 01:11:59,838] Trial 94 finished with values: [0.8855068135467421, 0.2407239819004525] and parameters: {'psi': 0.4071674248729563, 'lda_s': 0.00012527713165346255}.
[I 2025-08-10 01:12:06,989] Trial 95 finished with values: [0.8849184193291122, 0.23801065719360567] and parameters: {'psi': 0.06268553948995759, 'lda_s': 1.730882175562519e-06}.
[I 2025-08-10 01:12:14,163] Trial 96 finished with values: [0.8858983268117212, 0.2407906558849955] and parameters: {'psi': 0.4087469821095435, 'lda_s': 7.684229091662163e-08}.
[I 2025-08-10 01:12:21,331] Trial 97 finished with values: [0.8864339196232678, 0.23826714801444043] and parameters: {'psi': 0.6537744265093139, 'lda_s': 3.2503106588896305e-08}.
[I 2025-08-10 01:12:28,518] Trial 98 finished with values: [0.8822039773283752, 0.1811764705882353] and parameters: {'psi': 0.2673051319746922, 'lda_s': 0.9663917613026395}.
[I 2025-08-10 01:12:35,694] Trial 99 finished with values: [0.8845292379874303, 0.1776239907727797] and parameters: {'psi': 0.32235064845454986, 'lda_s': 0.10292345353530363}.
[I 2025-08-10 01:12:42,865] Trial 100 finished with values: [0.8839193567622776, 0.30317848410757947] and parameters: {'psi': 0.8246741390494043, 'lda_s': 0.1755125889084388}.
[I 2025-08-10 01:12:50,003] Trial 101 finished with values: [0.8856026722508455, 0.24165915238954014] and parameters: {'psi': 0.2668851258904421, 'lda_s': 9.705720780827822e-08}.
[I 2025-08-10 01:12:57,135] Trial 102 finished with values: [0.8857632418264424, 0.24187725631768953] and parameters: {'psi': 0.34953424684138157, 'lda_s': 1.8279500839178806e-08}.
[I 2025-08-10 01:13:04,309] Trial 103 finished with values: [0.8424927393902487, 0.3948497854077253] and parameters: {'psi': 0.9373609440505659, 'lda_s': 3.001429763812531}.
[I 2025-08-10 01:13:11,448] Trial 104 finished with values: [0.881870512296898, 0.19902439024390245] and parameters: {'psi': 0.4882343873073186, 'lda_s': 0.011982931615409064}.
[I 2025-08-10 01:13:18,685] Trial 105 finished with values: [0.8817493355684263, 0.34146341463414637] and parameters: {'psi': 0.6817371436998942, 'lda_s': 0.7423078167595615}.
[I 2025-08-10 01:13:25,857] Trial 106 finished with values: [0.8864911350270205, 0.24036697247706423] and parameters: {'psi': 0.7206005063506594, 'lda_s': 3.053658433677778e-08}.
[I 2025-08-10 01:13:33,036] Trial 107 finished with values: [0.8898174570443071, 0.3155339805825243] and parameters: {'psi': 0.779017906929738, 'lda_s': 0.1398890119190858}.
[I 2025-08-10 01:13:40,222] Trial 108 finished with values: [0.8864672328132255, 0.24304267161410018] and parameters: {'psi': 0.754729698441938, 'lda_s': 1.8626323606781975e-07}.
[I 2025-08-10 01:13:47,383] Trial 109 finished with values: [0.8881885253383454, 0.3054187192118227] and parameters: {'psi': 0.8022753388366951, 'lda_s': 0.1398890119190858}.
[I 2025-08-10 01:13:54,524] Trial 110 finished with values: [0.8864634017963804, 0.23978201634877383] and parameters: {'psi': 0.6817371436998942, 'lda_s': 1.8279500839178806e-08}.
[I 2025-08-10 01:14:01,703] Trial 111 finished with values: [0.8864399159974601, 0.24186046511627907] and parameters: {'psi': 0.779017906929738, 'lda_s': 4.780810853234173e-08}.
[I 2025-08-10 01:14:08,836] Trial 112 finished with values: [0.8864225098557071, 0.2423112767940354] and parameters: {'psi': 0.7852524800663919, 'lda_s': 1.0252216825812984e-06}.
[I 2025-08-10 01:14:15,956] Trial 113 finished with values: [0.885645729548866, 0.24028906955736223] and parameters: {'psi': 0.416947204318184, 'lda_s': 9.067176193455118e-05}.
[I 2025-08-10 01:14:23,098] Trial 114 finished with values: [0.8815736084913989, 0.21346153846153845] and parameters: {'psi': 0.5700107126643138, 'lda_s': 0.007921381202559936}.
[I 2025-08-10 01:14:30,224] Trial 115 finished with values: [0.8855685262311389, 0.24165915238954014] and parameters: {'psi': 0.24700963238821383, 'lda_s': 2.850517207004643e-07}.
[I 2025-08-10 01:14:37,362] Trial 116 finished with values: [0.8903378090714481, 0.37254901960784315] and parameters: {'psi': 0.754729698441938, 'lda_s': 0.6824994269346741}.
[I 2025-08-10 01:14:44,522] Trial 117 finished with values: [0.885065497062776, 0.27039106145251396] and parameters: {'psi': 0.4390146480594008, 'lda_s': 0.1755125889084388}.
[I 2025-08-10 01:14:51,679] Trial 118 finished with values: [0.8839872323868166, 0.23903508771929824] and parameters: {'psi': 0.41380676256252447, 'lda_s': 0.5071162023077793}.
[I 2025-08-10 01:14:58,831] Trial 119 finished with values: [0.8348640188899112, 0.3800277392510402] and parameters: {'psi': 0.9610368339819909, 'lda_s': 2.143138492192273}.
[I 2025-08-10 01:15:05,994] Trial 120 finished with values: [0.8735464622391661, 0.1797752808988764] and parameters: {'psi': 0.06472925985026012, 'lda_s': 0.7423078167595615}.
[I 2025-08-10 01:15:13,115] Trial 121 finished with values: [0.8858865006292862, 0.24100719424460432] and parameters: {'psi': 0.4087469821095435, 'lda_s': 3.7080540680717966e-06}.
[I 2025-08-10 01:15:20,233] Trial 122 finished with values: [0.8857539974162291, 0.24187725631768953] and parameters: {'psi': 0.347737825270795, 'lda_s': 1.903641246914278e-06}.
[I 2025-08-10 01:15:27,386] Trial 123 finished with values: [0.8854052083173707, 0.25022665457842247] and parameters: {'psi': 0.9988194599393244, 'lda_s': 1.004680572248721e-06}.
