[I 2025-08-10 01:16:36,405] Trial 124 finished with values: [0.9362558024208993, 0.2809815950920245] and parameters: {'psi': 0.8828522849429938, 'lda_s': 0.0012033872564891665}.
[I 2025-08-10 01:16:42,300] Trial 125 finished with values: [0.9351959704368917, 0.27727546714888485] and parameters: {'psi': 0.8744670793798981, 'lda_s': 5.656819978048146e-06}.
[I 2025-08-10 01:16:48,185] Trial 126 finished with values: [0.9344998191086242, 0.23889209463358338] and parameters: {'psi': 0.6149692325094119, 'lda_s': 2.8621464380810873e-05}.
[I 2025-08-10 01:16:54,075] Trial 127 finished with values: [0.936132607338513, 0.25547445255474455] and parameters: {'psi': 0.7680565114175725, 'lda_s': 0.0012240400112053995}.
[I 2025-08-10 01:16:59,949] Trial 128 finished with values: [0.9251108017667551, 0.2212041884816754] and parameters: {'psi': 0.28116275708003724, 'lda_s': 0.005793279404180473}.
[I 2025-08-10 01:17:05,836] Trial 129 finished with values: [0.9341108752367425, 0.2665799739921977] and parameters: {'psi': 0.7540068693884217, 'lda_s': 0.006315637745327742}.
[I 2025-08-10 01:17:11,726] Trial 130 finished with values: [0.9335137101660446, 0.20819112627986347] and parameters: {'psi': 0.2522235878854808, 'lda_s': 0.00014346687637914585}.
[I 2025-08-10 01:17:17,623] Trial 131 finished with values: [0.9390959952446108, 0.2041503084688727] and parameters: {'psi': 0.04757409833173565, 'lda_s': 1.3704117451825417e-06}.
[I 2025-08-10 01:17:23,496] Trial 132 finished with values: [0.9337331500885563, 0.20783645655877342] and parameters: {'psi': 0.26069551314502426, 'lda_s': 2.808401064864085e-06}.
[I 2025-08-10 01:17:29,373] Trial 133 finished with values: [0.935222794152194, 0.2071307300509338] and parameters: {'psi': 0.12033229759303243, 'lda_s': 1.958637182236631e-08}.
[I 2025-08-10 01:17:35,363] Trial 134 finished with values: [0.9299245199208684, 0.2222222222222222] and parameters: {'psi': 0.807699669496041, 'lda_s': 1.3395055469919857}.
[I 2025-08-10 01:17:41,258] Trial 135 finished with values: [0.9388701024471915, 0.207909604519774] and parameters: {'psi': 0.04266269471843509, 'lda_s': 9.628207570233426e-05}.
[I 2025-08-10 01:17:47,144] Trial 136 finished with values: [0.9334347573436457, 0.2160318362706083] and parameters: {'psi': 0.4480981035523379, 'lda_s': 1.3500452040631484e-08}.
[I 2025-08-10 01:17:53,030] Trial 137 finished with values: [0.9351423651819403, 0.2082625919637804] and parameters: {'psi': 0.12387313314499737, 'lda_s': 1.3500452040631484e-08}.
[I 2025-08-10 01:17:58,914] Trial 138 finished with values: [0.934921997395063, 0.2669082125603865] and parameters: {'psi': 0.8337702728998498, 'lda_s': 2.4162893702086702e-08}.
[I 2025-08-10 01:18:04,816] Trial 139 finished with values: [0.92386754786789, 0.26935179358086847] and parameters: {'psi': 0.8850626030118003, 'lda_s': 0.8440540647706807}.
[I 2025-08-10 01:18:10,712] Trial 140 finished with values: [0.9338196945284934, 0.2256586483390607] and parameters: {'psi': 0.5351426686994543, 'lda_s': 1.9333280197063493e-07}.
[I 2025-08-10 01:18:16,594] Trial 141 finished with values: [0.9351462453420156, 0.2767371601208459] and parameters: {'psi': 0.8681917915286805, 'lda_s': 7.866465996670352e-07}.
[I 2025-08-10 01:18:22,477] Trial 142 finished with values: [0.935411530199328, 0.24573780129335684] and parameters: {'psi': 0.6922742120870772, 'lda_s': 0.00039620574937977075}.
[I 2025-08-10 01:18:28,365] Trial 143 finished with values: [0.9347658631276908, 0.23856398378691374] and parameters: {'psi': 0.6455134154296869, 'lda_s': 3.1392027195795634e-06}.
[I 2025-08-10 01:18:34,266] Trial 144 finished with values: [0.9332106780993051, 0.2128628343767786] and parameters: {'psi': 0.28701059816051344, 'lda_s': 0.0002706538860652218}.
[I 2025-08-10 01:18:40,151] Trial 145 finished with values: [0.9352107319154384, 0.27727546714888485] and parameters: {'psi': 0.8744670793798981, 'lda_s': 2.203054269608137e-05}.
[I 2025-08-10 01:18:46,039] Trial 146 finished with values: [0.9350474277870578, 0.24125874125874125] and parameters: {'psi': 0.6745749481482974, 'lda_s': 2.4162893702086702e-08}.
[I 2025-08-10 01:18:51,923] Trial 147 finished with values: [0.9343751900540362, 0.23475258918296893] and parameters: {'psi': 0.602938552349763, 'lda_s': 2.2600419437258516e-07}.
[I 2025-08-10 01:18:57,802] Trial 148 finished with values: [0.9343183794494576, 0.23231742380678552] and parameters: {'psi': 0.5964726874747468, 'lda_s': 4.0395342595637394e-07}.
[I 2025-08-10 01:19:03,689] Trial 149 finished with values: [0.9345926477208573, 0.2390300230946882] and parameters: {'psi': 0.6268211777105637, 'lda_s': 2.9972853576470224e-06}.
[I 2025-08-10 01:19:09,582] Trial 150 finished with values: [0.9359423107922182, 0.24865511057979678] and parameters: {'psi': 0.7284463670395064, 'lda_s': 0.0009023758388968262}.
[I 2025-08-10 01:19:15,483] Trial 151 finished with values: [0.9351918793985515, 0.27727546714888485] and parameters: {'psi': 0.8747809984979096, 'lda_s': 1.5329723644979915e-07}.
[I 2025-08-10 01:19:21,370] Trial 152 finished with values: [0.9316985122369705, 0.2235225277940316] and parameters: {'psi': 0.22285567882715707, 'lda_s': 0.0012033872564891665}.
[I 2025-08-10 01:19:27,265] Trial 153 finished with values: [0.9399627470892262, 0.3790322580645161] and parameters: {'psi': 0.8727844430942148, 'lda_s': 9.898725397838035}.
[I 2025-08-10 01:19:33,152] Trial 154 finished with values: [0.9354052038513794, 0.2726726726726727] and parameters: {'psi': 0.8998313968089369, 'lda_s': 0.00016181957701786573}.
[I 2025-08-10 01:19:39,051] Trial 155 finished with values: [0.9435348983705942, 0.19311875693673697] and parameters: {'psi': 0.016446422815085127, 'lda_s': 9.480076980055856e-07}.
[I 2025-08-10 01:19:44,942] Trial 156 finished with values: [0.937939117083071, 0.2034851039910062] and parameters: {'psi': 0.060271918233716026, 'lda_s': 1.9333280197063493e-07}.
[I 2025-08-10 01:19:50,805] Trial 157 finished with values: [0.9368907990523299, 0.31654676258992803] and parameters: {'psi': 0.7498306177522774, 'lda_s': 9.228464667387}.
[I 2025-08-10 01:19:56,700] Trial 158 finished with values: [0.9352161725746745, 0.2767749699157641] and parameters: {'psi': 0.8850626030118003, 'lda_s': 1.5329723644979915e-07}.
[I 2025-08-10 01:20:02,589] Trial 159 finished with values: [0.9348682656131526, 0.24135910954891623] and parameters: {'psi': 0.6317713773070723, 'lda_s': 0.0008924101903731962}.
[I 2025-08-10 01:20:08,484] Trial 160 finished with values: [0.908391023300277, 0.23633156966490299] and parameters: {'psi': 0.8681917915286805, 'lda_s': 0.17566210153739029}.
[I 2025-08-10 01:20:14,380] Trial 161 finished with values: [0.9333097487081807, 0.21448944666286365] and parameters: {'psi': 0.40920148240829346, 'lda_s': 0.0002137513162302967}.
[I 2025-08-10 01:20:20,274] Trial 162 finished with values: [0.933531255237689, 0.21010789324247586] and parameters: {'psi': 0.31711525427667864, 'lda_s': 2.2071312565328086e-08}.
[I 2025-08-10 01:20:26,171] Trial 163 finished with values: [0.9352171004390403, 0.2767749699157641] and parameters: {'psi': 0.8850626030118003, 'lda_s': 1.3704117451825417e-06}.
[I 2025-08-10 01:20:32,071] Trial 164 finished with values: [0.9356216493025287, 0.2789281364190012] and parameters: {'psi': 0.8681917915286805, 'lda_s': 0.0005261625229567976}.
[I 2025-08-10 01:20:37,974] Trial 165 finished with values: [0.9343950547865949, 0.2084985835694051] and parameters: {'psi': 0.16826014159564118, 'lda_s': 1.0939782464572933e-07}.
[I 2025-08-10 01:20:43,865] Trial 166 finished with values: [0.933650527984347, 0.20909090909090908] and parameters: {'psi': 0.2820906178847741, 'lda_s': 5.656819978048146e-06}.
[I 2025-08-10 01:20:49,764] Trial 167 finished with values: [0.9357824650673829, 0.2737642585551331] and parameters: {'psi': 0.7540068693884217, 'lda_s': 0.0045038448533201636}.
[I 2025-08-10 01:20:55,663] Trial 168 finished with values: [0.9349811276605562, 0.26860254083484575] and parameters: {'psi': 0.8433822141450074, 'lda_s': 3.4764422663758007e-06}.
[I 2025-08-10 01:21:01,561] Trial 169 finished with values: [0.9328268374814351, 0.22692533803644915] and parameters: {'psi': 0.4710541538758872, 'lda_s': 0.0016443647969347488}.
[I 2025-08-10 01:21:07,446] Trial 170 finished with values: [0.935328148933365, 0.2777440873256519] and parameters: {'psi': 0.8681917915286805, 'lda_s': 0.00019400886066675481}.
[I 2025-08-10 01:21:13,343] Trial 171 finished with values: [0.9397401018170874, 0.38420348058902276] and parameters: {'psi': 0.8850626030118003, 'lda_s': 6.8710908218308875}.
[I 2025-08-10 01:21:19,332] Trial 172 finished with values: [0.9354234659091245, 0.2726719415702982] and parameters: {'psi': 0.8417405788660215, 'lda_s': 0.0005261625229567976}.
[I 2025-08-10 01:21:25,222] Trial 173 finished with values: [0.9211201414807585, 0.21621621621621623] and parameters: {'psi': 0.4639961787250403, 'lda_s': 0.054401641430172704}.
[I 2025-08-10 01:21:31,118] Trial 174 finished with values: [0.9188370890330566, 0.21255349500713266] and parameters: {'psi': 0.1289157110545468, 'lda_s': 0.025890829496936576}.
[I 2025-08-10 01:21:37,017] Trial 175 finished with values: [0.9298460310306522, 0.2757715036112935] and parameters: {'psi': 0.8681917915286805, 'lda_s': 1.618126999316657}.
[I 2025-08-10 01:21:42,923] Trial 176 finished with values: [0.9352161725746745, 0.2767749699157641] and parameters: {'psi': 0.8850626030118003, 'lda_s': 1.5329723644979915e-07}.
[I 2025-08-10 01:21:48,817] Trial 177 finished with values: [0.9149263937851309, 0.16421052631578947] and parameters: {'psi': 0.3544972898237192, 'lda_s': 0.15775709450589015}.
[I 2025-08-10 01:21:54,705] Trial 178 finished with values: [0.9334250569434579, 0.21351504826802953] and parameters: {'psi': 0.36605120576526595, 'lda_s': 3.4764422663758007e-06}.
[I 2025-08-10 01:22:00,597] Trial 179 finished with values: [0.9335226514044788, 0.2337363270005757] and parameters: {'psi': 0.9865107921340712, 'lda_s': 1.3500452040631484e-08}.
[I 2025-08-10 01:22:06,498] Trial 180 finished with values: [0.9395098227517573, 0.33356117566643884] and parameters: {'psi': 0.9428665757501498, 'lda_s': 4.964460294981087}.
[I 2025-08-10 01:22:12,382] Trial 181 finished with values: [0.9352994694893313, 0.24501758499413834] and parameters: {'psi': 0.7024591666094872, 'lda_s': 1.025691028058062e-05}.
[I 2025-08-10 01:22:18,275] Trial 182 finished with values: [0.9406809141083547, 0.21701884637350086] and parameters: {'psi': 0.010811857531842883, 'lda_s': 0.00020801139847560554}.
[I 2025-08-10 01:22:24,145] Trial 183 finished with values: [0.9212131809712565, 0.16168478260869565] and parameters: {'psi': 0.6922742120870772, 'lda_s': 0.1545091760584115}.
[I 2025-08-10 01:22:30,041] Trial 184 finished with values: [0.9389209662846987, 0.2041503084688727] and parameters: {'psi': 0.0493972227724645, 'lda_s': 1.958637182236631e-08}.
[I 2025-08-10 01:22:35,940] Trial 185 finished with values: [0.9334354321540936, 0.21677124928693667] and parameters: {'psi': 0.45480993626243105, 'lda_s': 8.052675589399237e-05}.
[I 2025-08-10 01:22:41,853] Trial 186 finished with values: [0.9351782988382885, 0.2082625919637804] and parameters: {'psi': 0.1212941789691474, 'lda_s': 5.707762568263686e-06}.
[I 2025-08-10 01:22:47,751] Trial 187 finished with values: [0.9357190750609374, 0.24789410348977137] and parameters: {'psi': 0.7695910014187922, 'lda_s': 0.0005060483895579128}.
[I 2025-08-10 01:22:53,642] Trial 188 finished with values: [0.9350572125385516, 0.26586102719033233] and parameters: {'psi': 0.8286056876128137, 'lda_s': 0.00015970856867339345}.
[I 2025-08-10 01:22:59,558] Trial 189 finished with values: [0.935190065845473, 0.27727546714888485] and parameters: {'psi': 0.8744670793798981, 'lda_s': 2.0691025229016456e-07}.
[I 2025-08-10 01:23:05,443] Trial 190 finished with values: [0.9193241334737952, 0.27711686494051785] and parameters: {'psi': 0.5964726874747468, 'lda_s': 0.01949179975340158}.
[I 2025-08-10 01:23:11,327] Trial 191 finished with values: [0.9347850952254546, 0.23897911832946636] and parameters: {'psi': 0.6473680329240225, 'lda_s': 1.3704117451825417e-06}.
[I 2025-08-10 01:23:17,226] Trial 192 finished with values: [0.9351220365171986, 0.2549609140108238] and parameters: {'psi': 0.7936663621635196, 'lda_s': 9.695395279190887e-07}.
[I 2025-08-10 01:23:23,117] Trial 193 finished with values: [0.9283865847345562, 0.25920471281296026] and parameters: {'psi': 0.7199189090017216, 'lda_s': 0.028825987013317258}.
[I 2025-08-10 01:23:29,006] Trial 194 finished with values: [0.9334883625985972, 0.21112372304199772] and parameters: {'psi': 0.3325280624331326, 'lda_s': 3.572488583996452e-08}.
[I 2025-08-10 01:23:34,900] Trial 195 finished with values: [0.9347441848420536, 0.23972206137811233] and parameters: {'psi': 0.6317713773070723, 'lda_s': 0.0002589117944545387}.
[I 2025-08-10 01:23:40,800] Trial 196 finished with values: [0.9352160038720623, 0.2767749699157641] and parameters: {'psi': 0.8850626030118003, 'lda_s': 2.4163521883909476e-08}.
[I 2025-08-10 01:23:46,711] Trial 197 finished with values: [0.9340347060074409, 0.22732491389207807] and parameters: {'psi': 0.5622333744985508, 'lda_s': 2.2753800135932396e-07}.
[I 2025-08-10 01:23:52,589] Trial 198 finished with values: [0.9268802391123341, 0.27311522048364156] and parameters: {'psi': 0.8727844430942148, 'lda_s': 0.01949179975340158}.
[I 2025-08-10 01:23:58,481] Trial 199 finished with values: [0.9354569955532521, 0.24925816023738873] and parameters: {'psi': 0.7498306177522774, 'lda_s': 1.0308690291163596e-06}.
[I 2025-08-10 01:24:04,362] Trial 200 finished with values: [0.9170635184734842, 0.16452074391988555] and parameters: {'psi': 0.30690673503052845, 'lda_s': 7.347164251861436}.
[I 2025-08-10 01:24:10,253] Trial 201 finished with values: [0.9395098227517573, 0.33356117566643884] and parameters: {'psi': 0.9428665757501498, 'lda_s': 4.964460294981087}.
[I 2025-08-10 01:24:16,155] Trial 202 finished with values: [0.9352896425621844, 0.26943620178041544] and parameters: {'psi': 0.9177622954549457, 'lda_s': 1.3500452040631484e-08}.
[I 2025-08-10 01:24:22,036] Trial 203 finished with values: [0.9356216493025287, 0.2789281364190012] and parameters: {'psi': 0.8681917915286805, 'lda_s': 0.0005261625229567976}.
[I 2025-08-10 01:24:28,028] Trial 204 finished with values: [0.9368855692713592, 0.20382882882882883] and parameters: {'psi': 0.07528976241768814, 'lda_s': 7.940607207017135e-06}.
[I 2025-08-10 01:24:33,929] Trial 205 finished with values: [0.9388701024471915, 0.207909604519774] and parameters: {'psi': 0.04266269471843509, 'lda_s': 9.628207570233426e-05}.
[I 2025-08-10 01:24:39,807] Trial 206 finished with values: [0.9399939148967863, 0.3871399866041527] and parameters: {'psi': 0.8850626030118003, 'lda_s': 9.228464667387}.
[I 2025-08-10 01:24:45,692] Trial 207 finished with values: [0.9260480291275183, 0.21842105263157896] and parameters: {'psi': 0.9428665757501498, 'lda_s': 0.8929327581864399}.
[I 2025-08-10 01:24:51,582] Trial 208 finished with values: [0.9375411897971022, 0.2047244094488189] and parameters: {'psi': 0.0636898974194321, 'lda_s': 2.203054269608137e-05}.
[I 2025-08-10 01:24:57,462] Trial 209 finished with values: [0.9333334936008147, 0.2128628343767786] and parameters: {'psi': 0.381190227313445, 'lda_s': 0.0001342206087721809}.
[I 2025-08-10 01:25:03,344] Trial 210 finished with values: [0.916847241724947, 0.16154395997140814] and parameters: {'psi': 0.3098385709703658, 'lda_s': 0.07482503702632085}.
[I 2025-08-10 01:25:09,257] Trial 211 finished with values: [0.9334762581861888, 0.2122587968217934] and parameters: {'psi': 0.3377542039396665, 'lda_s': 5.1134522868878523e-08}.
[I 2025-08-10 01:25:15,159] Trial 212 finished with values: [0.9351423230062872, 0.251912889935256] and parameters: {'psi': 0.9445622246056313, 'lda_s': 6.534519710364035e-06}.
[I 2025-08-10 01:25:21,052] Trial 213 finished with values: [0.9123235233607989, 0.27074235807860264] and parameters: {'psi': 0.8850626030118003, 'lda_s': 0.032058885640786544}.
[I 2025-08-10 01:25:26,946] Trial 214 finished with values: [0.9341926960035448, 0.20748299319727892] and parameters: {'psi': 0.17712777771963584, 'lda_s': 3.8675344988276436e-05}.
[I 2025-08-10 01:25:32,843] Trial 215 finished with values: [0.9342745167703472, 0.23116733755031627] and parameters: {'psi': 0.5916837800556559, 'lda_s': 1.0308690291163596e-06}.
[I 2025-08-10 01:25:38,751] Trial 216 finished with values: [0.9328407554469224, 0.2128146453089245] and parameters: {'psi': 0.3277400805496411, 'lda_s': 0.0005261625229567976}.
[I 2025-08-10 01:25:44,644] Trial 217 finished with values: [0.9353855499970857, 0.2566528681253696] and parameters: {'psi': 0.9375632566571179, 'lda_s': 0.00020801139847560554}.
[I 2025-08-10 01:25:50,526] Trial 218 finished with values: [0.9350143620751131, 0.21076487252124645] and parameters: {'psi': 0.11078510817479248, 'lda_s': 0.0001275769186913311}.
[I 2025-08-10 01:25:56,408] Trial 219 finished with values: [0.9351454440046086, 0.2767371601208459] and parameters: {'psi': 0.8681917915286805, 'lda_s': 5.294709362551986e-08}.
[I 2025-08-10 01:26:02,306] Trial 220 finished with values: [0.9354138076845895, 0.24497041420118343] and parameters: {'psi': 0.6726051044468364, 'lda_s': 0.0011282995674850773}.
[I 2025-08-10 01:26:08,206] Trial 221 finished with values: [0.9352837801464186, 0.25] and parameters: {'psi': 0.7847750935046609, 'lda_s': 7.642339007113128e-05}.
[I 2025-08-10 01:26:14,101] Trial 222 finished with values: [0.935328148933365, 0.2777440873256519] and parameters: {'psi': 0.8681917915286805, 'lda_s': 0.00019400886066675481}.
[I 2025-08-10 01:26:20,002] Trial 223 finished with values: [0.934982477281452, 0.24228305183459523] and parameters: {'psi': 0.6652730315822319, 'lda_s': 5.078172143129782e-05}.
[I 2025-08-10 01:26:25,909] Trial 224 finished with values: [0.9426221750642186, 0.21307779030439683] and parameters: {'psi': 0.016446422815085127, 'lda_s': 5.592206958768072e-05}.
[I 2025-08-10 01:26:31,825] Trial 225 finished with values: [0.9350452768287554, 0.25058823529411767] and parameters: {'psi': 0.9503735723096408, 'lda_s': 9.975126310577044e-06}.
[I 2025-08-10 01:26:37,701] Trial 226 finished with values: [0.9187130926132634, 0.1922110552763819] and parameters: {'psi': 0.8033113101088634, 'lda_s': 0.21095759608055994}.
[I 2025-08-10 01:26:43,577] Trial 227 finished with values: [0.9409839461750941, 0.3277310924369748] and parameters: {'psi': 0.8008651857334368, 'lda_s': 8.818406232748275}.
[I 2025-08-10 01:26:49,469] Trial 228 finished with values: [0.9354622253342231, 0.24925816023738873] and parameters: {'psi': 0.7498306177522774, 'lda_s': 8.462823791457243e-06}.
[I 2025-08-10 01:26:55,369] Trial 229 finished with values: [0.9151727417742503, 0.18772053634438957] and parameters: {'psi': 0.37251302252773166, 'lda_s': 0.254933022150551}.
[I 2025-08-10 01:27:01,268] Trial 230 finished with values: [0.9359014004088171, 0.2144072603516733] and parameters: {'psi': 0.07754364601737951, 'lda_s': 0.00019400886066675481}.
[I 2025-08-10 01:27:07,175] Trial 231 finished with values: [0.933983842169934, 0.20658342792281498] and parameters: {'psi': 0.20923495846978812, 'lda_s': 1.5005130445984499e-05}.
[I 2025-08-10 01:27:13,079] Trial 232 finished with values: [0.9339173733408204, 0.22591743119266056] and parameters: {'psi': 0.5471694409875986, 'lda_s': 1.317924953034003e-05}.
[I 2025-08-10 01:27:19,058] Trial 233 finished with values: [0.9259352514314205, 0.2266072565245067] and parameters: {'psi': 0.2727771189654107, 'lda_s': 0.0045038448533201636}.
[I 2025-08-10 01:27:24,966] Trial 234 finished with values: [0.9354930135609066, 0.20689655172413793] and parameters: {'psi': 0.1104701382747677, 'lda_s': 5.044277066478038e-08}.
[I 2025-08-10 01:27:30,850] Trial 235 finished with values: [0.920143184654878, 0.2290748898678414] and parameters: {'psi': 0.3842586484224424, 'lda_s': 6.8710908218308875}.
[I 2025-08-10 01:27:36,740] Trial 236 finished with values: [0.9354560255132334, 0.24925816023738873] and parameters: {'psi': 0.7498306177522774, 'lda_s': 1.9333280197063493e-07}.
[I 2025-08-10 01:27:42,640] Trial 237 finished with values: [0.9334644490033512, 0.2092097782831154] and parameters: {'psi': 0.2564410151566274, 'lda_s': 0.00016181957701786573}.
[I 2025-08-10 01:27:48,535] Trial 238 finished with values: [0.9354607070107154, 0.2492616656822209] and parameters: {'psi': 0.7369128706007191, 'lda_s': 7.010003476533263e-08}.
[I 2025-08-10 01:27:54,440] Trial 239 finished with values: [0.9370805894907889, 0.28428303068252975] and parameters: {'psi': 0.8850626030118003, 'lda_s': 0.0026547116831726557}.
[I 2025-08-10 01:28:00,327] Trial 240 finished with values: [0.9371251269803471, 0.28697850821744625] and parameters: {'psi': 0.8744670793798981, 'lda_s': 0.0034389600965611545}.
[I 2025-08-10 01:28:06,228] Trial 241 finished with values: [0.9235985515531141, 0.20694006309148266] and parameters: {'psi': 0.7904081406520441, 'lda_s': 0.35899410116676955}.
[I 2025-08-10 01:28:12,119] Trial 242 finished with values: [0.9198043032830963, 0.2615476904619076] and parameters: {'psi': 0.8754574405890979, 'lda_s': 0.4515010334736591}.
[I 2025-08-10 01:28:18,022] Trial 243 finished with values: [0.9404194672354645, 0.34332425068119893] and parameters: {'psi': 0.8235408077564663, 'lda_s': 6.8710908218308875}.
[I 2025-08-10 01:28:23,925] Trial 244 finished with values: [0.935707898512895, 0.2787878787878788] and parameters: {'psi': 0.8850626030118003, 'lda_s': 0.0005261625229567976}.
[I 2025-08-10 01:28:29,826] Trial 245 finished with values: [0.9387305010357916, 0.22339181286549709] and parameters: {'psi': 0.020104204896711164, 'lda_s': 0.0009218842025139639}.
[I 2025-08-10 01:28:35,735] Trial 246 finished with values: [0.9334622136937428, 0.2122587968217934] and parameters: {'psi': 0.344349308371087, 'lda_s': 4.2306412324299523e-07}.
