[I 2025-08-10 01:30:23,294] Trial 248 finished with values: [0.8768534626062773, 0.16357688113413305] and parameters: {'psi': 0.1565763313686921, 'lda_s': 1.9854994782328803}.
[I 2025-08-10 01:30:30,478] Trial 249 finished with values: [0.8244354080565952, 0.4094052558782849] and parameters: {'psi': 0.993385192133171, 'lda_s': 3.333327852747824}.
[I 2025-08-10 01:30:37,608] Trial 250 finished with values: [0.8917206395865966, 0.37185929648241206] and parameters: {'psi': 0.7661737413029311, 'lda_s': 2.143138492192273}.
[I 2025-08-10 01:30:44,741] Trial 251 finished with values: [0.886332647525796, 0.23805229936880073] and parameters: {'psi': 0.6006059010955144, 'lda_s': 4.2937152493271145e-07}.
[I 2025-08-10 01:30:51,939] Trial 252 finished with values: [0.876223843316075, 0.2] and parameters: {'psi': 0.0604420434192503, 'lda_s': 0.001697793546039703}.
[I 2025-08-10 01:30:59,124] Trial 253 finished with values: [0.8778727629360116, 0.16835016835016836] and parameters: {'psi': 0.19502391935918795, 'lda_s': 0.07381785124229517}.
[I 2025-08-10 01:31:06,307] Trial 254 finished with values: [0.8845931993121492, 0.1737142857142857] and parameters: {'psi': 0.3317846438199903, 'lda_s': 3.001429763812531}.
[I 2025-08-10 01:31:13,456] Trial 255 finished with values: [0.8676241266114422, 0.3686176836861768] and parameters: {'psi': 0.8672414434603434, 'lda_s': 0.6824994269346741}.
[I 2025-08-10 01:31:20,600] Trial 256 finished with values: [0.8621902456314748, 0.3805668016194332] and parameters: {'psi': 0.8830096333006243, 'lda_s': 1.3781099093089737}.
[I 2025-08-10 01:31:27,765] Trial 257 finished with values: [0.8864140982752428, 0.241635687732342] and parameters: {'psi': 0.7664621930074929, 'lda_s': 2.7833703516657588e-05}.
[I 2025-08-10 01:31:34,925] Trial 258 finished with values: [0.8930051129083948, 0.3756345177664975] and parameters: {'psi': 0.779017906929738, 'lda_s': 2.716861303343854}.
[I 2025-08-10 01:31:42,088] Trial 259 finished with values: [0.882396943981206, 0.3741935483870968] and parameters: {'psi': 0.6158537999040632, 'lda_s': 2.143138492192273}.
[I 2025-08-10 01:31:49,273] Trial 260 finished with values: [0.8927216176618538, 0.37593984962406013] and parameters: {'psi': 0.779017906929738, 'lda_s': 0.7757155115737782}.
[I 2025-08-10 01:31:56,423] Trial 261 finished with values: [0.8845982795736178, 0.17142857142857143] and parameters: {'psi': 0.33330121034070137, 'lda_s': 4.32895970121815}.
[I 2025-08-10 01:32:03,593] Trial 262 finished with values: [0.882452243876536, 0.21442885771543085] and parameters: {'psi': 0.779017906929738, 'lda_s': 0.01084518369977343}.
[I 2025-08-10 01:32:10,740] Trial 263 finished with values: [0.8815894322566288, 0.17882352941176471] and parameters: {'psi': 0.2572256796095488, 'lda_s': 3.001429763812531}.
[I 2025-08-10 01:32:17,890] Trial 264 finished with values: [0.8848437145006319, 0.37350993377483444] and parameters: {'psi': 0.5760127347503323, 'lda_s': 0.274780169597067}.
[I 2025-08-10 01:32:25,070] Trial 265 finished with values: [0.8793131419868121, 0.16926503340757237] and parameters: {'psi': 0.24025815356891878, 'lda_s': 0.011787660643742722}.
[I 2025-08-10 01:32:32,247] Trial 266 finished with values: [0.8817493355684263, 0.34146341463414637] and parameters: {'psi': 0.6817371436998942, 'lda_s': 0.7423078167595615}.
[I 2025-08-10 01:32:39,387] Trial 267 finished with values: [0.89307598672003, 0.3761118170266836] and parameters: {'psi': 0.779017906929738, 'lda_s': 3.001429763812531}.
[I 2025-08-10 01:32:46,572] Trial 268 finished with values: [0.8781177814481511, 0.40412979351032446] and parameters: {'psi': 0.8530578208373705, 'lda_s': 6.495130398941752}.
[I 2025-08-10 01:32:53,754] Trial 269 finished with values: [0.8927274474700965, 0.37546933667083854] and parameters: {'psi': 0.779017906929738, 'lda_s': 0.7428532452422988}.
[I 2025-08-10 01:33:00,883] Trial 270 finished with values: [0.881687206469155, 0.23977695167286245] and parameters: {'psi': 0.5866858292631653, 'lda_s': 0.001992830311435514}.
[I 2025-08-10 01:33:08,138] Trial 271 finished with values: [0.8800202144436664, 0.24603914259086673] and parameters: {'psi': 0.9610368339819909, 'lda_s': 0.0009310684305236191}.
[I 2025-08-10 01:33:15,303] Trial 272 finished with values: [0.8200962817816161, 0.4189723320158103] and parameters: {'psi': 0.9977694664351899, 'lda_s': 3.001429763812531}.
[I 2025-08-10 01:33:22,483] Trial 273 finished with values: [0.8802888853206761, 0.2336182336182336] and parameters: {'psi': 0.5093821329210404, 'lda_s': 0.0038461236592424734}.
[I 2025-08-10 01:33:29,672] Trial 274 finished with values: [0.8855519529191347, 0.35391923990498814] and parameters: {'psi': 0.7206005063506594, 'lda_s': 1.1516945801538376}.
[I 2025-08-10 01:33:36,808] Trial 275 finished with values: [0.8857968881482997, 0.24187725631768953] and parameters: {'psi': 0.367204127208122, 'lda_s': 1.019130957117554e-08}.
[I 2025-08-10 01:33:43,953] Trial 276 finished with values: [0.8862459499489309, 0.23826714801444043] and parameters: {'psi': 0.5909363941148199, 'lda_s': 4.089794737573969e-05}.
[I 2025-08-10 01:33:51,134] Trial 277 finished with values: [0.8853456609903212, 0.24326833797585887] and parameters: {'psi': 0.8768854025807566, 'lda_s': 7.400530984045275e-07}.
[I 2025-08-10 01:33:58,323] Trial 278 finished with values: [0.8845824558083878, 0.16590909090909092] and parameters: {'psi': 0.34719588875317, 'lda_s': 3.81497906044754}.
[I 2025-08-10 01:34:05,506] Trial 279 finished with values: [0.885536961983654, 0.35603345280764637] and parameters: {'psi': 0.7214216663641256, 'lda_s': 2.297484505012182}.
[I 2025-08-10 01:34:12,684] Trial 280 finished with values: [0.8910532931087669, 0.37203495630461925] and parameters: {'psi': 0.7608332652098371, 'lda_s': 2.143138492192273}.
[I 2025-08-10 01:34:19,831] Trial 281 finished with values: [0.8834944470243659, 0.33613445378151263] and parameters: {'psi': 0.7030945635484995, 'lda_s': 0.7423078167595615}.
[I 2025-08-10 01:34:26,973] Trial 282 finished with values: [0.8817495854173509, 0.2025565388397247] and parameters: {'psi': 0.36416645344941767, 'lda_s': 0.009103091460974752}.
[I 2025-08-10 01:34:34,147] Trial 283 finished with values: [0.8869441944104464, 0.35125448028673834] and parameters: {'psi': 0.7325421430754016, 'lda_s': 4.485989787172534}.
[I 2025-08-10 01:34:41,280] Trial 284 finished with values: [0.8919242664602136, 0.3713927227101631] and parameters: {'psi': 0.7661737413029311, 'lda_s': 3.001429763812531}.
[I 2025-08-10 01:34:48,433] Trial 285 finished with values: [0.886488969669673, 0.24036697247706423] and parameters: {'psi': 0.7205797855186039, 'lda_s': 1.0094848120638438e-06}.
[I 2025-08-10 01:34:55,590] Trial 286 finished with values: [0.8874195736311443, 0.3780160857908847] and parameters: {'psi': 0.556545530620929, 'lda_s': 0.6003801945150945}.
[I 2025-08-10 01:35:02,778] Trial 287 finished with values: [0.8830786151307176, 0.18181818181818182] and parameters: {'psi': 0.2825049856487857, 'lda_s': 3.001429763812531}.
[I 2025-08-10 01:35:09,906] Trial 288 finished with values: [0.8348640188899112, 0.3800277392510402] and parameters: {'psi': 0.9610368339819909, 'lda_s': 2.143138492192273}.
[I 2025-08-10 01:35:17,053] Trial 289 finished with values: [0.8851596068244068, 0.24209575429087624] and parameters: {'psi': 0.24993064639371754, 'lda_s': 7.695547895961357e-05}.
[I 2025-08-10 01:35:24,235] Trial 290 finished with values: [0.8827256618831147, 0.33775633293124246] and parameters: {'psi': 0.6949895943916261, 'lda_s': 0.6824994269346741}.
[I 2025-08-10 01:35:31,360] Trial 291 finished with values: [0.8857439201762668, 0.1825726141078838] and parameters: {'psi': 0.779017906929738, 'lda_s': 0.023204664695430935}.
[I 2025-08-10 01:35:38,475] Trial 292 finished with values: [0.88431228583783, 0.2488646684831971] and parameters: {'psi': 0.993385192133171, 'lda_s': 2.4018355283399667e-05}.
[I 2025-08-10 01:35:45,601] Trial 293 finished with values: [0.8921265608062326, 0.3577430972388956] and parameters: {'psi': 0.779017906929738, 'lda_s': 0.2611980280756043}.
[I 2025-08-10 01:35:52,745] Trial 294 finished with values: [0.8802717290278478, 0.17584994138335286] and parameters: {'psi': 0.23664745911872087, 'lda_s': 0.1398890119190858}.
[I 2025-08-10 01:35:59,875] Trial 295 finished with values: [0.8554902135841861, 0.3643031784841076] and parameters: {'psi': 0.8924171457723106, 'lda_s': 0.7757155115737782}.
[I 2025-08-10 01:36:07,053] Trial 296 finished with values: [0.8927274474700965, 0.37546933667083854] and parameters: {'psi': 0.779017906929738, 'lda_s': 0.7428532452422988}.
[I 2025-08-10 01:36:14,203] Trial 297 finished with values: [0.8864597373454851, 0.241635687732342] and parameters: {'psi': 0.7608332652098371, 'lda_s': 1.8733091535231664e-07}.
[I 2025-08-10 01:36:21,379] Trial 298 finished with values: [0.8888068181439622, 0.3341404358353511] and parameters: {'psi': 0.5008700488683813, 'lda_s': 0.17479898506877023}.
[I 2025-08-10 01:36:28,556] Trial 299 finished with values: [0.8817196035463889, 0.1784037558685446] and parameters: {'psi': 0.25949845472506816, 'lda_s': 0.06395470688306806}.
[I 2025-08-10 01:36:35,736] Trial 300 finished with values: [0.8527533684632026, 0.3562281722933644] and parameters: {'psi': 0.8962282188138028, 'lda_s': 0.6003801945150945}.
[I 2025-08-10 01:36:42,922] Trial 301 finished with values: [0.8889525633500275, 0.3713527851458886] and parameters: {'psi': 0.5394303714645458, 'lda_s': 3.001429763812531}.
[I 2025-08-10 01:36:50,105] Trial 302 finished with values: [0.8862579426973157, 0.2432179607109448] and parameters: {'psi': 0.831072520726232, 'lda_s': 2.839373504823919e-07}.
[I 2025-08-10 01:36:57,376] Trial 303 finished with values: [0.8866961777112105, 0.37985611510791367] and parameters: {'psi': 0.8288645526892938, 'lda_s': 3.001429763812531}.
[I 2025-08-10 01:37:04,567] Trial 304 finished with values: [0.8854037092238227, 0.38926174496644295] and parameters: {'psi': 0.5805023391573498, 'lda_s': 2.143138492192273}.
[I 2025-08-10 01:37:11,705] Trial 305 finished with values: [0.8931362003108787, 0.37659033078880405] and parameters: {'psi': 0.779017906929738, 'lda_s': 3.232139361686897}.
[I 2025-08-10 01:37:18,823] Trial 306 finished with values: [0.8852916936225896, 0.2412818096135721] and parameters: {'psi': 0.8319257687868088, 'lda_s': 0.00076154151234541}.
[I 2025-08-10 01:37:25,963] Trial 307 finished with values: [0.8348640188899112, 0.3800277392510402] and parameters: {'psi': 0.9610368339819909, 'lda_s': 2.143138492192273}.
[I 2025-08-10 01:37:33,103] Trial 308 finished with values: [0.8854337743777595, 0.2749445676274945] and parameters: {'psi': 0.4457878574933467, 'lda_s': 0.08949010279888812}.
[I 2025-08-10 01:37:40,287] Trial 309 finished with values: [0.8926128500966417, 0.36268068331143233] and parameters: {'psi': 0.7992988752202169, 'lda_s': 2.143138492192273}.
[I 2025-08-10 01:37:47,471] Trial 310 finished with values: [0.8853212590786772, 0.271412680756396] and parameters: {'psi': 0.4454484055131509, 'lda_s': 0.07441758115061356}.
[I 2025-08-10 01:37:54,668] Trial 311 finished with values: [0.8854921557431606, 0.23992837958818264] and parameters: {'psi': 0.17926212734557956, 'lda_s': 1.607548366856365e-08}.
[I 2025-08-10 01:38:01,857] Trial 312 finished with values: [0.8858574348710481, 0.24144144144144145] and parameters: {'psi': 0.3889890653166471, 'lda_s': 1.0681101339494814e-08}.
[I 2025-08-10 01:38:09,042] Trial 313 finished with values: [0.8424927393902487, 0.3948497854077253] and parameters: {'psi': 0.9373609440505659, 'lda_s': 3.001429763812531}.
[I 2025-08-10 01:38:16,237] Trial 314 finished with values: [0.8853968800198814, 0.38926174496644295] and parameters: {'psi': 0.5805023391573498, 'lda_s': 3.001429763812531}.
[I 2025-08-10 01:38:23,381] Trial 315 finished with values: [0.8929025915662996, 0.3624511082138201] and parameters: {'psi': 0.7955490057732043, 'lda_s': 2.143138492192273}.
[I 2025-08-10 01:38:30,564] Trial 316 finished with values: [0.887476039488123, 0.38005390835579517] and parameters: {'psi': 0.556545530620929, 'lda_s': 0.6824994269346741}.
[I 2025-08-10 01:38:37,714] Trial 317 finished with values: [0.8853036863709745, 0.24344569288389514] and parameters: {'psi': 0.8645865724868398, 'lda_s': 0.00045621806400927633}.
[I 2025-08-10 01:38:44,908] Trial 318 finished with values: [0.8842261712417891, 0.37681159420289856] and parameters: {'psi': 0.5909363941148199, 'lda_s': 0.6824994269346741}.
[I 2025-08-10 01:38:52,084] Trial 319 finished with values: [0.8864833064273802, 0.24125230202578268] and parameters: {'psi': 0.7328357256439378, 'lda_s': 5.783899880725023e-08}.
[I 2025-08-10 01:38:59,234] Trial 320 finished with values: [0.8861382650623923, 0.23963963963963963] and parameters: {'psi': 0.5093821329210404, 'lda_s': 2.7303965249013333e-08}.
[I 2025-08-10 01:39:06,390] Trial 321 finished with values: [0.8758387428401627, 0.24108003857280616] and parameters: {'psi': 0.9610368339819909, 'lda_s': 0.005229417501601064}.
[I 2025-08-10 01:39:13,570] Trial 322 finished with values: [0.8861701624417768, 0.23963963963963963] and parameters: {'psi': 0.5252160973967147, 'lda_s': 5.745451698418631e-07}.
[I 2025-08-10 01:39:20,762] Trial 323 finished with values: [0.8758061791969789, 0.1734357848518112] and parameters: {'psi': 0.08704518384462467, 'lda_s': 0.010552601724919574}.
[I 2025-08-10 01:39:27,914] Trial 324 finished with values: [0.89307598672003, 0.3761118170266836] and parameters: {'psi': 0.779017906929738, 'lda_s': 3.001429763812531}.
[I 2025-08-10 01:39:35,064] Trial 325 finished with values: [0.8646272720428381, 0.3804195804195804] and parameters: {'psi': 0.8809601209660983, 'lda_s': 2.143138492192273}.
[I 2025-08-10 01:39:42,223] Trial 326 finished with values: [0.8824464140682933, 0.24192059095106186] and parameters: {'psi': 0.556545530620929, 'lda_s': 0.0014747676693255632}.
[I 2025-08-10 01:39:49,410] Trial 327 finished with values: [0.8842021024620447, 0.3798449612403101] and parameters: {'psi': 0.831072520726232, 'lda_s': 0.7757155115737782}.
[I 2025-08-10 01:39:56,592] Trial 328 finished with values: [0.8864399159974601, 0.24186046511627907] and parameters: {'psi': 0.779017906929738, 'lda_s': 4.616619158045504e-08}.
[I 2025-08-10 01:40:03,781] Trial 329 finished with values: [0.8816569747492682, 0.3677581863979849] and parameters: {'psi': 0.6202201820675812, 'lda_s': 0.4483511639368347}.
[I 2025-08-10 01:40:10,952] Trial 330 finished with values: [0.8862580259802907, 0.2432179607109448] and parameters: {'psi': 0.831072520726232, 'lda_s': 2.3701731195906097e-07}.
[I 2025-08-10 01:40:18,108] Trial 331 finished with values: [0.877043264506062, 0.16883116883116883] and parameters: {'psi': 0.12644737324270638, 'lda_s': 2.297484505012182}.
[I 2025-08-10 01:40:25,398] Trial 332 finished with values: [0.8777012832907035, 0.3988355167394469] and parameters: {'psi': 0.8538973068741833, 'lda_s': 3.81497906044754}.
[I 2025-08-10 01:40:32,574] Trial 333 finished with values: [0.8824932191001841, 0.24698235840297122] and parameters: {'psi': 0.9171819165511101, 'lda_s': 0.00018370757153333687}.
[I 2025-08-10 01:40:39,772] Trial 334 finished with values: [0.8732158288288349, 0.18787878787878787] and parameters: {'psi': 0.024256537856677585, 'lda_s': 3.199512424554711}.
[I 2025-08-10 01:40:46,939] Trial 335 finished with values: [0.8843986502827956, 0.24] and parameters: {'psi': 0.06358821979980334, 'lda_s': 2.2303012422513433e-05}.
[I 2025-08-10 01:40:54,129] Trial 336 finished with values: [0.8914717900576117, 0.36494597839135656] and parameters: {'psi': 0.7664621930074929, 'lda_s': 0.274780169597067}.
[I 2025-08-10 01:41:01,256] Trial 337 finished with values: [0.8857327602576309, 0.24187725631768953] and parameters: {'psi': 0.3371629142503165, 'lda_s': 2.520322501678233e-06}.
[I 2025-08-10 01:41:08,399] Trial 338 finished with values: [0.8932642895262665, 0.3735705209656925] and parameters: {'psi': 0.779017906929738, 'lda_s': 4.32895970121815}.
[I 2025-08-10 01:41:15,579] Trial 339 finished with values: [0.8908704869788734, 0.36211031175059955] and parameters: {'psi': 0.7608332652098371, 'lda_s': 0.2611980280756043}.
[I 2025-08-10 01:41:22,722] Trial 340 finished with values: [0.8927274474700965, 0.37546933667083854] and parameters: {'psi': 0.779017906929738, 'lda_s': 0.7428532452422988}.
[I 2025-08-10 01:41:29,861] Trial 341 finished with values: [0.8862413693853117, 0.3854014598540146] and parameters: {'psi': 0.831072520726232, 'lda_s': 3.81497906044754}.
[I 2025-08-10 01:41:37,013] Trial 342 finished with values: [0.8864833897103551, 0.24043715846994534] and parameters: {'psi': 0.6958663175935604, 'lda_s': 1.0277858963494595e-08}.
[I 2025-08-10 01:41:44,198] Trial 343 finished with values: [0.8803723348615203, 0.1756440281030445] and parameters: {'psi': 0.23831353819518086, 'lda_s': 0.7428532452422988}.
[I 2025-08-10 01:41:51,400] Trial 344 finished with values: [0.8780788882988753, 0.16891891891891891] and parameters: {'psi': 0.19907655231557664, 'lda_s': 0.1618193084007055}.
[I 2025-08-10 01:41:58,582] Trial 345 finished with values: [0.880959229985602, 0.34491315136476425] and parameters: {'psi': 0.6641267068320337, 'lda_s': 3.001429763812531}.
[I 2025-08-10 01:42:05,741] Trial 346 finished with values: [0.8777375946677575, 0.16759776536312848] and parameters: {'psi': 0.19213682637782337, 'lda_s': 2.143138492192273}.
[I 2025-08-10 01:42:12,900] Trial 347 finished with values: [0.8851038072312276, 0.2406563354603464] and parameters: {'psi': 0.5613052413866995, 'lda_s': 0.0005081107857668306}.
[I 2025-08-10 01:42:20,083] Trial 348 finished with values: [0.8841083258323136, 0.18011695906432748] and parameters: {'psi': 0.3062162326080483, 'lda_s': 0.2362889775418395}.
[I 2025-08-10 01:42:27,275] Trial 349 finished with values: [0.8824174315930302, 0.37452229299363055] and parameters: {'psi': 0.6124228368495888, 'lda_s': 0.6824994269346741}.
[I 2025-08-10 01:42:34,452] Trial 350 finished with values: [0.8244354080565952, 0.4094052558782849] and parameters: {'psi': 0.993385192133171, 'lda_s': 3.333327852747824}.
[I 2025-08-10 01:42:41,596] Trial 351 finished with values: [0.8862585256781399, 0.2432179607109448] and parameters: {'psi': 0.831072520726232, 'lda_s': 9.269191793889404e-08}.
[I 2025-08-10 01:42:48,787] Trial 352 finished with values: [0.8862818449111105, 0.23805229936880073] and parameters: {'psi': 0.5733103809775384, 'lda_s': 2.2544217632374453e-07}.
[I 2025-08-10 01:42:55,957] Trial 353 finished with values: [0.8842778066862238, 0.24159854677565848] and parameters: {'psi': 0.3209277727324803, 'lda_s': 0.0003203711453752739}.
[I 2025-08-10 01:43:03,085] Trial 354 finished with values: [0.8840192130491763, 0.3735705209656925] and parameters: {'psi': 0.831072520726232, 'lda_s': 0.6824994269346741}.
[I 2025-08-10 01:43:10,217] Trial 355 finished with values: [0.8814193684218942, 0.2001982160555005] and parameters: {'psi': 0.3788835133551508, 'lda_s': 0.01053838587284775}.
[I 2025-08-10 01:43:17,397] Trial 356 finished with values: [0.8898137925934118, 0.23708920187793428] and parameters: {'psi': 0.779017906929738, 'lda_s': 0.05010108032082916}.
[I 2025-08-10 01:43:24,582] Trial 357 finished with values: [0.8770375179807942, 0.16883116883116883] and parameters: {'psi': 0.12712234512659637, 'lda_s': 3.001429763812531}.
[I 2025-08-10 01:43:31,688] Trial 358 finished with values: [0.884009968638963, 0.24080882352941177] and parameters: {'psi': 0.5909363941148199, 'lda_s': 0.000974462467211292}.
[I 2025-08-10 01:43:38,869] Trial 359 finished with values: [0.8849435707875305, 0.3792633015006821] and parameters: {'psi': 0.831072520726232, 'lda_s': 1.3781099093089737}.
[I 2025-08-10 01:43:46,059] Trial 360 finished with values: [0.8857229328665934, 0.24144144144144145] and parameters: {'psi': 0.3243617809189733, 'lda_s': 6.865953092287252e-08}.
[I 2025-08-10 01:43:53,206] Trial 361 finished with values: [0.8837284721838197, 0.3723958333333333] and parameters: {'psi': 0.5909363941148199, 'lda_s': 0.3646831681000887}.
[I 2025-08-10 01:44:00,393] Trial 362 finished with values: [0.8770339368128738, 0.16465422612513722] and parameters: {'psi': 0.1720282930128152, 'lda_s': 0.7757155115737782}.
[I 2025-08-10 01:44:07,561] Trial 363 finished with values: [0.8922006826538886, 0.37220843672456577] and parameters: {'psi': 0.7978214038854783, 'lda_s': 0.6388674107027621}.
[I 2025-08-10 01:44:14,742] Trial 364 finished with values: [0.8931810065513721, 0.37292464878671777] and parameters: {'psi': 0.7873150880898891, 'lda_s': 2.3970726422021085}.
[I 2025-08-10 01:44:21,932] Trial 365 finished with values: [0.8851634378412521, 0.2733485193621868] and parameters: {'psi': 0.4379154799771532, 'lda_s': 3.232139361686897}.
[I 2025-08-10 01:44:29,126] Trial 366 finished with values: [0.8768695362204322, 0.16069489685124863] and parameters: {'psi': 0.14709107306078972, 'lda_s': 3.001429763812531}.
[I 2025-08-10 01:44:36,262] Trial 367 finished with values: [0.8858866671952359, 0.24253731343283583] and parameters: {'psi': 0.8595532771802773, 'lda_s': 1.059474933459169e-06}.
[I 2025-08-10 01:44:43,449] Trial 368 finished with values: [0.8862413693853117, 0.3854014598540146] and parameters: {'psi': 0.831072520726232, 'lda_s': 3.81497906044754}.
[I 2025-08-10 01:44:50,618] Trial 369 finished with values: [0.8420773239114749, 0.38873239436619716] and parameters: {'psi': 0.9373609440505659, 'lda_s': 2.143138492192273}.
[I 2025-08-10 01:44:57,889] Trial 370 finished with values: [0.8853440786137982, 0.24326833797585887] and parameters: {'psi': 0.8768854025807566, 'lda_s': 1.5198386339527718e-06}.
[I 2025-08-10 01:45:05,101] Trial 371 finished with values: [0.8731691070799189, 0.18120805369127516] and parameters: {'psi': 0.06060386037681886, 'lda_s': 3.232139361686897}.
[I 2025-08-10 01:45:12,279] Trial 372 finished with values: [0.8859351378866247, 0.2407906558849955] and parameters: {'psi': 0.4240522397795604, 'lda_s': 2.867351796868172e-07}.
