[I 2025-08-10 01:47:58,014] Trial 124 finished with values: [0.873944015118723, 0.16493194555644516] and parameters: {'psi': 0.767723884158886, 'lda_s': 2.0069457690962644e-07}.
[I 2025-08-10 01:48:05,953] Trial 125 finished with values: [0.873928476655477, 0.16493194555644516] and parameters: {'psi': 0.7669015822374772, 'lda_s': 1.3732927283264156e-05}.
[I 2025-08-10 01:48:13,861] Trial 126 finished with values: [0.881578041931653, 0.22577209797657083] and parameters: {'psi': 0.9397082483665442, 'lda_s': 0.211445834088763}.
[I 2025-08-10 01:48:21,757] Trial 127 finished with values: [0.8734625245563213, 0.1583531274742676] and parameters: {'psi': 0.2450529872446393, 'lda_s': 2.820964501412597e-05}.
[I 2025-08-10 01:48:29,658] Trial 128 finished with values: [0.8728040569514949, 0.15993665874901028] and parameters: {'psi': 0.11206273050623494, 'lda_s': 1.2773288017159463e-06}.
[I 2025-08-10 01:48:37,570] Trial 129 finished with values: [0.8743230930824577, 0.14814814814814814] and parameters: {'psi': 0.13075271352194873, 'lda_s': 0.7511391087174493}.
[I 2025-08-10 01:48:45,497] Trial 130 finished with values: [0.8944783969956281, 0.1396761133603239] and parameters: {'psi': 0.47196819086344477, 'lda_s': 0.38745832936446806}.
[I 2025-08-10 01:48:53,408] Trial 131 finished with values: [0.8699718188780222, 0.17991967871485945] and parameters: {'psi': 0.1876925961393563, 'lda_s': 0.0030912942327949978}.
[I 2025-08-10 01:49:01,337] Trial 132 finished with values: [0.871799101796105, 0.16152019002375298] and parameters: {'psi': 0.07081518429625999, 'lda_s': 2.374754973495717e-08}.
[I 2025-08-10 01:49:09,236] Trial 133 finished with values: [0.8736762288755096, 0.15822784810126583] and parameters: {'psi': 0.26281659636384125, 'lda_s': 1.936162995140091e-06}.
[I 2025-08-10 01:49:17,239] Trial 134 finished with values: [0.854919386654478, 0.10441044104410441] and parameters: {'psi': 0.6880892229186424, 'lda_s': 0.10685259948670463}.
[I 2025-08-10 01:49:25,158] Trial 135 finished with values: [0.8737495825299242, 0.15822784810126583] and parameters: {'psi': 0.2930346660019352, 'lda_s': 6.781695087780558e-08}.
[I 2025-08-10 01:49:33,076] Trial 136 finished with values: [0.8718049539446003, 0.1594896331738437] and parameters: {'psi': 0.23051893921009403, 'lda_s': 0.0009103731825990384}.
[I 2025-08-10 01:49:41,003] Trial 137 finished with values: [0.8740872918577445, 0.15689381933438987] and parameters: {'psi': 0.5028996056609476, 'lda_s': 4.2035780749592616e-08}.
[I 2025-08-10 01:49:48,925] Trial 138 finished with values: [0.8788060406280365, 0.16639741518578352] and parameters: {'psi': 0.7291808958781182, 'lda_s': 0.007472921282333723}.
[I 2025-08-10 01:49:56,878] Trial 139 finished with values: [0.8740523807649967, 0.1572676727561557] and parameters: {'psi': 0.6371503957154333, 'lda_s': 5.250841878005451e-05}.
[I 2025-08-10 01:50:04,803] Trial 140 finished with values: [0.878662965687239, 0.1883656509695291] and parameters: {'psi': 0.988317323302117, 'lda_s': 0.04630817736691618}.
[I 2025-08-10 01:50:12,737] Trial 141 finished with values: [0.8742149292344078, 0.16057233704292528] and parameters: {'psi': 0.7025537661005405, 'lda_s': 1.0729681433938787e-08}.
[I 2025-08-10 01:50:20,681] Trial 142 finished with values: [0.873165073974184, 0.1686746987951807] and parameters: {'psi': 0.8741162263977245, 'lda_s': 4.6287366640963834e-07}.
[I 2025-08-10 01:50:28,612] Trial 143 finished with values: [0.8771525059807949, 0.12660731948565776] and parameters: {'psi': 0.8759966656299941, 'lda_s': 6.468783818959854}.
[I 2025-08-10 01:50:36,569] Trial 144 finished with values: [0.884770288036695, 0.1546304163126593] and parameters: {'psi': 0.6572502833631152, 'lda_s': 0.026598211840707552}.
[I 2025-08-10 01:50:44,533] Trial 145 finished with values: [0.8744499232662255, 0.16626698641087131] and parameters: {'psi': 0.9711974052085359, 'lda_s': 0.00010597379805354284}.
[I 2025-08-10 01:50:52,453] Trial 146 finished with values: [0.8955064580476627, 0.1489539748953975] and parameters: {'psi': 0.8520250075700855, 'lda_s': 0.4662735636620752}.
[I 2025-08-10 01:51:00,418] Trial 147 finished with values: [0.8740901170328801, 0.15689381933438987] and parameters: {'psi': 0.5078226779418004, 'lda_s': 2.0069457690962644e-07}.
[I 2025-08-10 01:51:08,346] Trial 148 finished with values: [0.8737161849238565, 0.1637239165329053] and parameters: {'psi': 0.8041601217019135, 'lda_s': 6.321959574843395e-08}.
[I 2025-08-10 01:51:16,253] Trial 149 finished with values: [0.8744912919021399, 0.16382806163828062] and parameters: {'psi': 0.8535704273469223, 'lda_s': 0.004489713167862909}.
[I 2025-08-10 01:51:24,177] Trial 150 finished with values: [0.8955064580476627, 0.1489539748953975] and parameters: {'psi': 0.8520250075700855, 'lda_s': 0.4662735636620752}.
[I 2025-08-10 01:51:32,085] Trial 151 finished with values: [0.8712332595760824, 0.16152019002375298] and parameters: {'psi': 0.062241537325423146, 'lda_s': 6.955387078063696e-06}.
[I 2025-08-10 01:51:39,985] Trial 152 finished with values: [0.8696602424202066, 0.1964573268921095] and parameters: {'psi': 0.025603505418365757, 'lda_s': 0.04412665508788363}.
[I 2025-08-10 01:51:47,909] Trial 153 finished with values: [0.8780924821080649, 0.13691026827012026] and parameters: {'psi': 0.6121508356118612, 'lda_s': 0.06700313791237941}.
[I 2025-08-10 01:51:55,830] Trial 154 finished with values: [0.8706182794885223, 0.1896792189679219] and parameters: {'psi': 0.2880021313204162, 'lda_s': 4.545824762062186}.
[I 2025-08-10 01:52:03,738] Trial 155 finished with values: [0.8745488043959724, 0.16613418530351437] and parameters: {'psi': 0.9711974052085359, 'lda_s': 2.4560955170336016e-05}.
[I 2025-08-10 01:52:11,652] Trial 156 finished with values: [0.8725282996784344, 0.15629984051036683] and parameters: {'psi': 0.4108443417319929, 'lda_s': 0.0007960339895935177}.
[I 2025-08-10 01:52:19,575] Trial 157 finished with values: [0.8734012787953452, 0.15827338129496402] and parameters: {'psi': 0.7354321943232293, 'lda_s': 0.0005027011005898389}.
[I 2025-08-10 01:52:27,488] Trial 158 finished with values: [0.8740523807649969, 0.16108452950558214] and parameters: {'psi': 0.7437845301566511, 'lda_s': 2.5430608032678316e-05}.
[I 2025-08-10 01:52:35,402] Trial 159 finished with values: [0.8878172394204757, 0.29471544715447157] and parameters: {'psi': 0.40231412361947494, 'lda_s': 0.04630817736691618}.
[I 2025-08-10 01:52:43,304] Trial 160 finished with values: [0.8724699799917061, 0.16519647153167602] and parameters: {'psi': 0.9148534596154628, 'lda_s': 4.6899726284812096e-05}.
[I 2025-08-10 01:52:51,231] Trial 161 finished with values: [0.8923862539085793, 0.15859030837004406] and parameters: {'psi': 0.5076807875754249, 'lda_s': 6.468783818959854}.
[I 2025-08-10 01:52:59,163] Trial 162 finished with values: [0.8886188828652118, 0.12475633528265107] and parameters: {'psi': 0.8425915773375903, 'lda_s': 4.690486834804712}.
[I 2025-08-10 01:53:07,076] Trial 163 finished with values: [0.8741644796784145, 0.15689381933438987] and parameters: {'psi': 0.6100635980172743, 'lda_s': 2.6312581842104335e-06}.
[I 2025-08-10 01:53:14,991] Trial 164 finished with values: [0.8731657802679679, 0.1563255439161966] and parameters: {'psi': 0.7705122287462942, 'lda_s': 0.0020684927095440996}.
[I 2025-08-10 01:53:22,899] Trial 165 finished with values: [0.8453412357517842, 0.13020277481323372] and parameters: {'psi': 0.9711974052085359, 'lda_s': 5.785753955705145}.
[I 2025-08-10 01:53:30,819] Trial 166 finished with values: [0.8736312278715634, 0.1570182394924663] and parameters: {'psi': 0.5567826636453265, 'lda_s': 0.0001838298360028886}.
[I 2025-08-10 01:53:38,730] Trial 167 finished with values: [0.8731416653802029, 0.16853932584269662] and parameters: {'psi': 0.8759966656299941, 'lda_s': 2.560378309412968e-07}.
[I 2025-08-10 01:53:46,650] Trial 168 finished with values: [0.86534498919875, 0.16284584980237155] and parameters: {'psi': 0.024512236360182627, 'lda_s': 2.8066780403597606e-08}.
[I 2025-08-10 01:53:54,554] Trial 169 finished with values: [0.88317497217707, 0.1568627450980392] and parameters: {'psi': 0.6880892229186424, 'lda_s': 0.026598211840707552}.
[I 2025-08-10 01:54:02,471] Trial 170 finished with values: [0.8845346886102057, 0.15049864007252947] and parameters: {'psi': 0.5875405570897826, 'lda_s': 0.06416862699180932}.
[I 2025-08-10 01:54:10,369] Trial 171 finished with values: [0.8814978271376235, 0.16248919619706137] and parameters: {'psi': 0.8363451412562839, 'lda_s': 0.026598211840707552}.
[I 2025-08-10 01:54:18,402] Trial 172 finished with values: [0.8786656899632627, 0.1156530408773679] and parameters: {'psi': 0.8759966656299941, 'lda_s': 3.588112544650244}.
[I 2025-08-10 01:54:26,325] Trial 173 finished with values: [0.8955064580476627, 0.1489539748953975] and parameters: {'psi': 0.8520250075700855, 'lda_s': 0.4662735636620752}.
[I 2025-08-10 01:54:34,244] Trial 174 finished with values: [0.8684067727519931, 0.14814814814814814] and parameters: {'psi': 0.7705122287462942, 'lda_s': 0.061380862133503994}.
[I 2025-08-10 01:54:42,161] Trial 175 finished with values: [0.8729902158131105, 0.1575178997613365] and parameters: {'psi': 0.6141051720246424, 'lda_s': 0.0007567889445457476}.
[I 2025-08-10 01:54:50,065] Trial 176 finished with values: [0.8742361180479251, 0.1765704584040747] and parameters: {'psi': 0.09726993447806631, 'lda_s': 4.690486834804712}.
[I 2025-08-10 01:54:57,982] Trial 177 finished with values: [0.8759809663915148, 0.1654501216545012] and parameters: {'psi': 0.8799149910574067, 'lda_s': 0.005578895987713042}.
[I 2025-08-10 01:55:05,915] Trial 178 finished with values: [0.8956287477713909, 0.21202185792349726] and parameters: {'psi': 0.8771057646168513, 'lda_s': 0.211445834088763}.
[I 2025-08-10 01:55:13,810] Trial 179 finished with values: [0.8734979401446289, 0.16733708769107] and parameters: {'psi': 0.8389381068712658, 'lda_s': 2.8375648570619123e-08}.
[I 2025-08-10 01:55:21,713] Trial 180 finished with values: [0.8749810561917245, 0.16600159616919394] and parameters: {'psi': 0.9794741221749468, 'lda_s': 3.959117988685386e-07}.
[I 2025-08-10 01:55:29,649] Trial 181 finished with values: [0.8884505831464177, 0.12429378531073447] and parameters: {'psi': 0.42776780339127984, 'lda_s': 0.14696016166838585}.
[I 2025-08-10 01:55:37,575] Trial 182 finished with values: [0.8810355074064993, 0.3052294557097118] and parameters: {'psi': 0.9874919025083623, 'lda_s': 0.05515569415314372}.
[I 2025-08-10 01:55:45,473] Trial 183 finished with values: [0.8728204026076368, 0.1664] and parameters: {'psi': 0.9397082483665442, 'lda_s': 0.00010786205114167881}.
[I 2025-08-10 01:55:53,405] Trial 184 finished with values: [0.8589941972920696, 0.16492450638792103] and parameters: {'psi': 0.9343804497506966, 'lda_s': 4.690486834804712}.
[I 2025-08-10 01:56:01,300] Trial 185 finished with values: [0.8731137163261826, 0.1643835616438356] and parameters: {'psi': 0.8344651457533512, 'lda_s': 0.0003323948756819653}.
[I 2025-08-10 01:56:09,276] Trial 186 finished with values: [0.890616987979889, 0.12322274881516587] and parameters: {'psi': 0.43429437739714694, 'lda_s': 0.08790538030385861}.
[I 2025-08-10 01:56:17,190] Trial 187 finished with values: [0.8737106354726971, 0.2016348773841962] and parameters: {'psi': 0.18698113913806425, 'lda_s': 0.7749131906125659}.
[I 2025-08-10 01:56:25,090] Trial 188 finished with values: [0.8712249858488996, 0.1978913219789132] and parameters: {'psi': 0.03190823566181822, 'lda_s': 0.03396033453662329}.
[I 2025-08-10 01:56:33,019] Trial 189 finished with values: [0.8741737623967172, 0.15689381933438987] and parameters: {'psi': 0.6121508356118612, 'lda_s': 8.038245016887012e-07}.
[I 2025-08-10 01:56:40,943] Trial 190 finished with values: [0.8739421989347071, 0.1583531274742676] and parameters: {'psi': 0.40068490259815326, 'lda_s': 6.797921938409314e-08}.
[I 2025-08-10 01:56:48,848] Trial 191 finished with values: [0.8737545265864115, 0.16946442845723422] and parameters: {'psi': 0.9711974052085359, 'lda_s': 0.0014554314375504495}.
[I 2025-08-10 01:56:56,771] Trial 192 finished with values: [0.8730714395982601, 0.15852682145716573] and parameters: {'psi': 0.6572502833631152, 'lda_s': 0.001366111011010289}.
[I 2025-08-10 01:57:04,706] Trial 193 finished with values: [0.872587224759835, 0.16493194555644516] and parameters: {'psi': 0.9303364299493301, 'lda_s': 3.929209675082858e-05}.
[I 2025-08-10 01:57:12,631] Trial 194 finished with values: [0.8720806103185486, 0.18299595141700406] and parameters: {'psi': 0.40188611682095443, 'lda_s': 0.007472921282333723}.
[I 2025-08-10 01:57:20,533] Trial 195 finished with values: [0.8858463770660355, 0.16624685138539042] and parameters: {'psi': 0.8243710258192225, 'lda_s': 0.017631562787002994}.
[I 2025-08-10 01:57:28,511] Trial 196 finished with values: [0.8862988086841848, 0.16358325219084713] and parameters: {'psi': 0.4108443417319929, 'lda_s': 3.076612279051311}.
[I 2025-08-10 01:57:36,471] Trial 197 finished with values: [0.8974691475740322, 0.1357210179076343] and parameters: {'psi': 0.5044713684595838, 'lda_s': 0.09039662692650144}.
[I 2025-08-10 01:57:44,418] Trial 198 finished with values: [0.8832243118428315, 0.24202420242024203] and parameters: {'psi': 0.8799149910574067, 'lda_s': 0.07569867174112004}.
[I 2025-08-10 01:57:52,328] Trial 199 finished with values: [0.8623039908625765, 0.1440443213296399] and parameters: {'psi': 0.625306592110532, 'lda_s': 2.6275247901589136}.
[I 2025-08-10 01:58:00,281] Trial 200 finished with values: [0.8713540358131309, 0.16152019002375298] and parameters: {'psi': 0.06152029513977797, 'lda_s': 7.616451825258781e-08}.
[I 2025-08-10 01:58:08,255] Trial 201 finished with values: [0.8709423674362243, 0.19757085020242915] and parameters: {'psi': 0.030474575764463663, 'lda_s': 0.14696016166838585}.
[I 2025-08-10 01:58:16,218] Trial 202 finished with values: [0.8952672262531416, 0.15664845173041894] and parameters: {'psi': 0.5303815675374106, 'lda_s': 0.07569867174112004}.
[I 2025-08-10 01:58:24,142] Trial 203 finished with values: [0.8862498726148711, 0.15937803692905733] and parameters: {'psi': 0.4108443417319929, 'lda_s': 1.0977898812003004}.
[I 2025-08-10 01:58:32,154] Trial 204 finished with values: [0.874984789458868, 0.16341689879294335] and parameters: {'psi': 0.7973413127754604, 'lda_s': 0.04630817736691618}.
[I 2025-08-10 01:58:40,056] Trial 205 finished with values: [0.8752418803962104, 0.16089803554724041] and parameters: {'psi': 0.8014240484108486, 'lda_s': 0.04630817736691618}.
[I 2025-08-10 01:58:47,988] Trial 206 finished with values: [0.8928484727405914, 0.15772179627601315] and parameters: {'psi': 0.5044713684595838, 'lda_s': 4.106360675602753}.
[I 2025-08-10 01:58:55,913] Trial 207 finished with values: [0.8876950505958598, 0.16952380952380952] and parameters: {'psi': 0.8077873872943983, 'lda_s': 3.076612279051311}.
[I 2025-08-10 01:59:03,884] Trial 208 finished with values: [0.8698022074707721, 0.18586179507545672] and parameters: {'psi': 0.03190823566181822, 'lda_s': 0.0005603696304854714}.
[I 2025-08-10 01:59:11,853] Trial 209 finished with values: [0.8722920948572732, 0.15993665874901028] and parameters: {'psi': 0.08510035317329823, 'lda_s': 3.9715977486861276e-08}.
[I 2025-08-10 01:59:19,743] Trial 210 finished with values: [0.8822651648842839, 0.1713823767178658] and parameters: {'psi': 0.9397082483665442, 'lda_s': 0.009446541247690343}.
[I 2025-08-10 01:59:27,663] Trial 211 finished with values: [0.8738814576692912, 0.18823529411764706] and parameters: {'psi': 0.07859425938380105, 'lda_s': 3.076612279051311}.
[I 2025-08-10 01:59:35,617] Trial 212 finished with values: [0.8712249858488996, 0.1978913219789132] and parameters: {'psi': 0.03190823566181822, 'lda_s': 0.04249492637177861}.
[I 2025-08-10 01:59:43,564] Trial 213 finished with values: [0.8792062065061766, 0.16407599309153714] and parameters: {'psi': 0.8799149910574067, 'lda_s': 0.028350820505839466}.
[I 2025-08-10 01:59:51,533] Trial 214 finished with values: [0.8932115077455204, 0.14003944773175542] and parameters: {'psi': 0.45606081462747106, 'lda_s': 0.4662735636620752}.
[I 2025-08-10 01:59:59,438] Trial 215 finished with values: [0.8764158415641784, 0.17769002961500494] and parameters: {'psi': 0.7973413127754604, 'lda_s': 0.10685259948670463}.
[I 2025-08-10 02:00:07,367] Trial 216 finished with values: [0.8709423674362243, 0.19757085020242915] and parameters: {'psi': 0.030474575764463663, 'lda_s': 0.14696016166838585}.
[I 2025-08-10 02:00:15,286] Trial 217 finished with values: [0.8075828709631526, 0.16036866359447005] and parameters: {'psi': 0.0018760343111062783, 'lda_s': 0.8165002065321838}.
[I 2025-08-10 02:00:23,190] Trial 218 finished with values: [0.8737822738422077, 0.15847860538827258] and parameters: {'psi': 0.3579559065677883, 'lda_s': 2.102804636181867e-05}.
[I 2025-08-10 02:00:31,097] Trial 219 finished with values: [0.8734228712053105, 0.1583531274742676] and parameters: {'psi': 0.19077385187408857, 'lda_s': 3.783041961945192e-06}.
[I 2025-08-10 02:00:39,013] Trial 220 finished with values: [0.9019794387789594, 0.2894211576846307] and parameters: {'psi': 0.47196819086344477, 'lda_s': 0.03985730546832524}.
[I 2025-08-10 02:00:46,927] Trial 221 finished with values: [0.8730497462891829, 0.16172938350680544] and parameters: {'psi': 0.645432651464928, 'lda_s': 0.0030499101207059278}.
[I 2025-08-10 02:00:54,860] Trial 222 finished with values: [0.8712249858488996, 0.1978913219789132] and parameters: {'psi': 0.03190823566181822, 'lda_s': 0.03396033453662329}.
[I 2025-08-10 02:01:02,767] Trial 223 finished with values: [0.8736448492516817, 0.15847860538827258] and parameters: {'psi': 0.3640200843045752, 'lda_s': 5.751029117747363e-05}.
[I 2025-08-10 02:01:10,720] Trial 224 finished with values: [0.8740006195205476, 0.14469772051536176] and parameters: {'psi': 0.1677321415001387, 'lda_s': 0.7749131906125659}.
[I 2025-08-10 02:01:18,672] Trial 225 finished with values: [0.8740886035462, 0.15689381933438987] and parameters: {'psi': 0.5044713684595838, 'lda_s': 1.5845323106037796e-08}.
[I 2025-08-10 02:01:26,605] Trial 226 finished with values: [0.8741124157366292, 0.1593625498007968] and parameters: {'psi': 0.7401193841355922, 'lda_s': 1.276685172411083e-07}.
[I 2025-08-10 02:01:34,574] Trial 227 finished with values: [0.8894698659757095, 0.15774099318403115] and parameters: {'psi': 0.42776780339127984, 'lda_s': 8.018084654892263}.
[I 2025-08-10 02:01:42,537] Trial 228 finished with values: [0.8790449697252215, 0.1313035204567079] and parameters: {'psi': 0.5941270741646428, 'lda_s': 0.09039662692650144}.
[I 2025-08-10 02:01:50,444] Trial 229 finished with values: [0.8828814566602999, 0.15370705244122965] and parameters: {'psi': 0.5964949562030616, 'lda_s': 0.061380862133503994}.
[I 2025-08-10 02:01:58,341] Trial 230 finished with values: [0.873689547558292, 0.1570182394924663] and parameters: {'psi': 0.47196819086344477, 'lda_s': 0.00011308012041259222}.
[I 2025-08-10 02:02:06,239] Trial 231 finished with values: [0.881578041931653, 0.22577209797657083] and parameters: {'psi': 0.9397082483665442, 'lda_s': 0.211445834088763}.
[I 2025-08-10 02:02:14,142] Trial 232 finished with values: [0.8667373969441694, 0.11816192560175055] and parameters: {'psi': 0.9213078070224562, 'lda_s': 1.7532092737116993}.
[I 2025-08-10 02:02:22,146] Trial 233 finished with values: [0.8778707058599177, 0.1685823754789272] and parameters: {'psi': 0.8425915773375903, 'lda_s': 0.061380862133503994}.
[I 2025-08-10 02:02:30,057] Trial 234 finished with values: [0.8741878882723952, 0.1572676727561557] and parameters: {'psi': 0.6572502833631152, 'lda_s': 1.1767421537399956e-08}.
[I 2025-08-10 02:02:37,964] Trial 235 finished with values: [0.8739103148153193, 0.15689381933438987] and parameters: {'psi': 0.4168605526367166, 'lda_s': 1.4169320092260026e-05}.
[I 2025-08-10 02:02:45,896] Trial 236 finished with values: [0.8700286250780708, 0.1629746835443038] and parameters: {'psi': 0.04845662799648953, 'lda_s': 1.1406196790521167e-05}.
[I 2025-08-10 02:02:53,824] Trial 237 finished with values: [0.8734715045772884, 0.19696969696969696] and parameters: {'psi': 0.062241537325423146, 'lda_s': 0.013985701800550107}.
[I 2025-08-10 02:03:01,742] Trial 238 finished with values: [0.8878172394204757, 0.29471544715447157] and parameters: {'psi': 0.40231412361947494, 'lda_s': 0.04630817736691618}.
[I 2025-08-10 02:03:09,641] Trial 239 finished with values: [0.8740051599805869, 0.15689381933438987] and parameters: {'psi': 0.4522801224182206, 'lda_s': 4.323797061374654e-06}.
[I 2025-08-10 02:03:17,560] Trial 240 finished with values: [0.8983240657498973, 0.1384471468662301] and parameters: {'psi': 0.48714018021545713, 'lda_s': 0.08790538030385861}.
[I 2025-08-10 02:03:25,475] Trial 241 finished with values: [0.8918159721276293, 0.24812834224598931] and parameters: {'psi': 0.7973413127754604, 'lda_s': 0.39358995296450017}.
[I 2025-08-10 02:03:33,408] Trial 242 finished with values: [0.8801651516665002, 0.1926977687626775] and parameters: {'psi': 0.3847161393220704, 'lda_s': 0.4720128578146623}.
[I 2025-08-10 02:03:41,303] Trial 243 finished with values: [0.8736208352630287, 0.16356275303643725] and parameters: {'psi': 0.8569451102513567, 'lda_s': 0.0035909234050841587}.
[I 2025-08-10 02:03:49,224] Trial 244 finished with values: [0.8739254496821173, 0.16506410256410256] and parameters: {'psi': 0.7705122287462942, 'lda_s': 8.181859917691044e-07}.
[I 2025-08-10 02:03:57,134] Trial 245 finished with values: [0.8808880938038863, 0.199796126401631] and parameters: {'psi': 0.8141998131795003, 'lda_s': 0.10685259948670463}.
[I 2025-08-10 02:04:05,082] Trial 246 finished with values: [0.8712249858488996, 0.1978913219789132] and parameters: {'psi': 0.03190823566181822, 'lda_s': 0.03396033453662329}.
