[I 2025-08-10 01:46:05,860] Trial 0 finished with values: [0.756224251333801, 0.2222222222222222] and parameters: {'psi': 0.8696642996430938, 'lda_s': 2.0330733705750696}.
[I 2025-08-10 01:46:13,058] Trial 1 finished with values: [0.7805899751726171, 0.21854592947322596] and parameters: {'psi': 0.13852192924668116, 'lda_s': 2.819356595350968e-06}.
[I 2025-08-10 01:46:20,280] Trial 2 finished with values: [0.7596362052021609, 0.22355769230769232] and parameters: {'psi': 0.620223159053502, 'lda_s': 0.06109713890349998}.
[I 2025-08-10 01:46:27,492] Trial 3 finished with values: [0.7790658331933012, 0.2222222222222222] and parameters: {'psi': 0.5503765045323521, 'lda_s': 7.329639188215861e-08}.
[I 2025-08-10 01:46:34,703] Trial 4 finished with values: [0.7627614501249589, 0.14211076280041798] and parameters: {'psi': 0.11563728496113024, 'lda_s': 0.20809033143019484}.
[I 2025-08-10 01:46:41,886] Trial 5 finished with values: [0.7609504124016243, 0.22841965471447542] and parameters: {'psi': 0.9111534011660177, 'lda_s': 4.1494058748877895e-08}.
[I 2025-08-10 01:46:49,086] Trial 6 finished with values: [0.780212802403018, 0.2196078431372549] and parameters: {'psi': 0.31218905129129915, 'lda_s': 5.508840599683578e-08}.
[I 2025-08-10 01:46:56,256] Trial 7 finished with values: [0.7803480978566665, 0.2186411149825784] and parameters: {'psi': 0.21649094644090516, 'lda_s': 1.5434647087191797e-06}.
[I 2025-08-10 01:47:03,551] Trial 8 finished with values: [0.7800796417888749, 0.22067160924552987] and parameters: {'psi': 0.3960705673990159, 'lda_s': 1.3178736446778533e-08}.
[I 2025-08-10 01:47:10,735] Trial 9 finished with values: [0.7641318302889054, 0.22644847412649272] and parameters: {'psi': 0.8921121647024337, 'lda_s': 5.299763143258376e-07}.
[I 2025-08-10 01:47:17,905] Trial 10 finished with values: [0.7661388462788266, 0.24008461131676362] and parameters: {'psi': 0.8638019914940006, 'lda_s': 0.6300837584419766}.
[I 2025-08-10 01:47:25,080] Trial 11 finished with values: [0.7799424516651655, 0.21979938944614041] and parameters: {'psi': 0.34961735815939976, 'lda_s': 6.644710627579646e-06}.
[I 2025-08-10 01:47:32,260] Trial 12 finished with values: [0.8027590025314659, 0.24431564868479716] and parameters: {'psi': 0.007303120255239048, 'lda_s': 3.341017219770434e-07}.
[I 2025-08-10 01:47:39,440] Trial 13 finished with values: [0.7776533700056063, 0.22386117136659436] and parameters: {'psi': 0.6413453457101274, 'lda_s': 1.8634887021625308e-05}.
[I 2025-08-10 01:47:46,608] Trial 14 finished with values: [0.7599121598937149, 0.24074074074074073] and parameters: {'psi': 0.9737236911837689, 'lda_s': 0.0002643036324104554}.
[I 2025-08-10 01:47:53,760] Trial 15 finished with values: [0.78022819993295, 0.2196078431372549] and parameters: {'psi': 0.3026718213079047, 'lda_s': 7.955518772721331e-08}.
[I 2025-08-10 01:48:00,927] Trial 16 finished with values: [0.7800758257632592, 0.22067160924552987] and parameters: {'psi': 0.39892746884566765, 'lda_s': 1.9767241264026584e-08}.
[I 2025-08-10 01:48:08,110] Trial 17 finished with values: [0.7800395601771628, 0.22067160924552987] and parameters: {'psi': 0.40418056597629837, 'lda_s': 1.0302111150571795e-06}.
[I 2025-08-10 01:48:15,305] Trial 18 finished with values: [0.7596065576185311, 0.21971496437054633] and parameters: {'psi': 0.6296291673415328, 'lda_s': 0.046954992436415606}.
[I 2025-08-10 01:48:22,487] Trial 19 finished with values: [0.7594317142630468, 0.20420958351992835] and parameters: {'psi': 0.2499576729730858, 'lda_s': 0.00606024117554684}.
[I 2025-08-10 01:48:29,665] Trial 20 finished with values: [0.7551262500052369, 0.18577254191209788] and parameters: {'psi': 0.35483551836338045, 'lda_s': 0.009540141900151906}.
[I 2025-08-10 01:48:36,857] Trial 21 finished with values: [0.7757202461480625, 0.1900900900900901] and parameters: {'psi': 0.602634497269307, 'lda_s': 0.011019074760188883}.
[I 2025-08-10 01:48:44,061] Trial 22 finished with values: [0.7803713409217805, 0.215512753774076] and parameters: {'psi': 0.8299218563152063, 'lda_s': 7.1471832477329285}.
[I 2025-08-10 01:48:51,244] Trial 23 finished with values: [0.7777695319601885, 0.22386117136659436] and parameters: {'psi': 0.6498698340329044, 'lda_s': 1.666159589898425e-08}.
[I 2025-08-10 01:48:58,441] Trial 24 finished with values: [0.7801992728576532, 0.2196078431372549] and parameters: {'psi': 0.30216650089600905, 'lda_s': 9.165822533445383e-07}.
[I 2025-08-10 01:49:05,650] Trial 25 finished with values: [0.7790292740667729, 0.2221254355400697] and parameters: {'psi': 0.5522804652736711, 'lda_s': 1.0321137088342595e-06}.
[I 2025-08-10 01:49:12,833] Trial 26 finished with values: [0.7771944595684481, 0.2220294882914137] and parameters: {'psi': 0.6876638397834886, 'lda_s': 8.067930290723384e-07}.
[I 2025-08-10 01:49:20,028] Trial 27 finished with values: [0.7677705307982221, 0.22320637732506643] and parameters: {'psi': 0.8666366900171654, 'lda_s': 7.164382643476229e-07}.
[I 2025-08-10 01:49:27,210] Trial 28 finished with values: [0.7782887516133716, 0.21979938944614041] and parameters: {'psi': 0.34485487226845124, 'lda_s': 5.7481527634227434e-05}.
[I 2025-08-10 01:49:34,349] Trial 29 finished with values: [0.75707754668407, 0.2335249889429456] and parameters: {'psi': 0.9392205341403538, 'lda_s': 3.259606276011576e-08}.
[I 2025-08-10 01:49:41,505] Trial 30 finished with values: [0.7753754695679562, 0.22065313327449249] and parameters: {'psi': 0.7593282288787868, 'lda_s': 8.201915126306039e-06}.
[I 2025-08-10 01:49:48,695] Trial 31 finished with values: [0.7581121432793263, 0.2222222222222222] and parameters: {'psi': 0.7291722077284899, 'lda_s': 0.0016001505500218953}.
[I 2025-08-10 01:49:55,847] Trial 32 finished with values: [0.7710217579373266, 0.2164079822616408] and parameters: {'psi': 0.8301923851866786, 'lda_s': 6.678847023968517e-05}.
[I 2025-08-10 01:50:03,020] Trial 33 finished with values: [0.7790493415581228, 0.2221254355400697] and parameters: {'psi': 0.5514139120010735, 'lda_s': 4.3767562568697606e-07}.
[I 2025-08-10 01:50:10,173] Trial 34 finished with values: [0.764200572120976, 0.2413033905768384] and parameters: {'psi': 0.9796818313745539, 'lda_s': 3.997953393333817e-07}.
[I 2025-08-10 01:50:17,473] Trial 35 finished with values: [0.7904358549710659, 0.26064382139148495] and parameters: {'psi': 0.775553117449482, 'lda_s': 0.14160030203186352}.
[I 2025-08-10 01:50:24,676] Trial 36 finished with values: [0.7805896282611975, 0.21854592947322596] and parameters: {'psi': 0.16361388907607366, 'lda_s': 6.285826485464867e-07}.
[I 2025-08-10 01:50:31,880] Trial 37 finished with values: [0.7479176975606496, 0.2188235294117647] and parameters: {'psi': 0.5619714255191219, 'lda_s': 0.13080642862472178}.
[I 2025-08-10 01:50:39,079] Trial 38 finished with values: [0.7781971403131003, 0.22260869565217392] and parameters: {'psi': 0.6048531028321104, 'lda_s': 1.306784991765054e-05}.
[I 2025-08-10 01:50:46,295] Trial 39 finished with values: [0.7424115995650584, 0.2111597374179431] and parameters: {'psi': 0.5893520100742842, 'lda_s': 6.069385113169735}.
[I 2025-08-10 01:50:53,499] Trial 40 finished with values: [0.7768639330420398, 0.22464083587287767] and parameters: {'psi': 0.7042315892446851, 'lda_s': 5.474350925234056e-06}.
[I 2025-08-10 01:51:00,661] Trial 41 finished with values: [0.7663222023068383, 0.24330259112867808] and parameters: {'psi': 0.9855727114099637, 'lda_s': 1.3381575782340815e-08}.
[I 2025-08-10 01:51:07,858] Trial 42 finished with values: [0.7677897977247574, 0.22153300841825432] and parameters: {'psi': 0.8605807553127378, 'lda_s': 9.70521762944162e-05}.
[I 2025-08-10 01:51:15,025] Trial 43 finished with values: [0.7611280043629715, 0.21731448763250882] and parameters: {'psi': 0.2713823141377343, 'lda_s': 0.002538669440630739}.
[I 2025-08-10 01:51:22,227] Trial 44 finished with values: [0.7740564322941121, 0.2210386151797603] and parameters: {'psi': 0.06537657467174773, 'lda_s': 0.0006456374552437009}.
[I 2025-08-10 01:51:29,422] Trial 45 finished with values: [0.7557023631312363, 0.15225666122892875] and parameters: {'psi': 0.1839371514873157, 'lda_s': 8.431610359008754}.
[I 2025-08-10 01:51:36,554] Trial 46 finished with values: [0.7803589321671559, 0.21979938944614041] and parameters: {'psi': 0.10325274409072938, 'lda_s': 8.224032908893702e-06}.
[I 2025-08-10 01:51:43,747] Trial 47 finished with values: [0.7780774291878406, 0.22260869565217392] and parameters: {'psi': 0.6151758399544635, 'lda_s': 1.203399644197764e-05}.
[I 2025-08-10 01:51:50,951] Trial 48 finished with values: [0.756009006140679, 0.22889969067609367] and parameters: {'psi': 0.6208708551682808, 'lda_s': 0.0018685232237395611}.
[I 2025-08-10 01:51:58,148] Trial 49 finished with values: [0.7788854125696093, 0.22154382904491932] and parameters: {'psi': 0.5130780965389473, 'lda_s': 2.9438062947172433e-05}.
[I 2025-08-10 01:52:05,307] Trial 50 finished with values: [0.7735826313514044, 0.215929203539823] and parameters: {'psi': 0.799297691282118, 'lda_s': 1.203399644197764e-05}.
[I 2025-08-10 01:52:12,482] Trial 51 finished with values: [0.7659384915912542, 0.27298364354201915] and parameters: {'psi': 0.9737236911837689, 'lda_s': 0.27427438407942906}.
[I 2025-08-10 01:52:19,656] Trial 52 finished with values: [0.7677754142435906, 0.22320637732506643] and parameters: {'psi': 0.8666366900171654, 'lda_s': 1.052314760268244e-08}.
[I 2025-08-10 01:52:26,848] Trial 53 finished with values: [0.7665039038342332, 0.21827861579414373] and parameters: {'psi': 0.8463113565511591, 'lda_s': 0.00043704425603168217}.
[I 2025-08-10 01:52:34,021] Trial 54 finished with values: [0.7757116801045474, 0.16561130053580125] and parameters: {'psi': 0.06537657467174773, 'lda_s': 0.14160030203186352}.
[I 2025-08-10 01:52:41,194] Trial 55 finished with values: [0.8038796331587862, 0.2471500227998176] and parameters: {'psi': 0.007303120255239048, 'lda_s': 1.8634887021625308e-05}.
[I 2025-08-10 01:52:48,383] Trial 56 finished with values: [0.7800958665691151, 0.21970357454228423] and parameters: {'psi': 0.32622957721555923, 'lda_s': 2.819356595350968e-06}.
[I 2025-08-10 01:52:55,561] Trial 57 finished with values: [0.7715391096059426, 0.2164079822616408] and parameters: {'psi': 0.8302693373592319, 'lda_s': 4.1494058748877895e-08}.
[I 2025-08-10 01:53:02,738] Trial 58 finished with values: [0.7472113058538392, 0.197352587244284] and parameters: {'psi': 0.3026718213079047, 'lda_s': 0.9167167597964624}.
[I 2025-08-10 01:53:09,913] Trial 59 finished with values: [0.7636557343937296, 0.2801724137931034] and parameters: {'psi': 0.9392205341403538, 'lda_s': 0.20809033143019484}.
[I 2025-08-10 01:53:17,101] Trial 60 finished with values: [0.7801611126014959, 0.21970357454228423] and parameters: {'psi': 0.34485487226845124, 'lda_s': 3.259606276011576e-08}.
[I 2025-08-10 01:53:24,291] Trial 61 finished with values: [0.7925042742822582, 0.2625843279709393] and parameters: {'psi': 0.7804166825852287, 'lda_s': 0.14160030203186352}.
[I 2025-08-10 01:53:31,463] Trial 62 finished with values: [0.7564600977281492, 0.16705069124423963] and parameters: {'psi': 0.2452782544954797, 'lda_s': 1.7339040505232453}.
[I 2025-08-10 01:53:38,657] Trial 63 finished with values: [0.778236848327899, 0.22260869565217392] and parameters: {'psi': 0.6151758399544635, 'lda_s': 1.3178736446778533e-08}.
[I 2025-08-10 01:53:45,856] Trial 64 finished with values: [0.7697753585776504, 0.21854592947322596] and parameters: {'psi': 0.14622583502619269, 'lda_s': 0.00019100411956966988}.
[I 2025-08-10 01:53:53,072] Trial 65 finished with values: [0.7790665003306467, 0.2222222222222222] and parameters: {'psi': 0.5503765045323521, 'lda_s': 3.259606276011576e-08}.
[I 2025-08-10 01:54:00,231] Trial 66 finished with values: [0.7803589321671559, 0.21979938944614041] and parameters: {'psi': 0.10325274409072938, 'lda_s': 8.224032908893702e-06}.
[I 2025-08-10 01:54:07,422] Trial 67 finished with values: [0.7790668739275601, 0.2222222222222222] and parameters: {'psi': 0.5503765045323521, 'lda_s': 1.3178736446778533e-08}.
[I 2025-08-10 01:54:14,614] Trial 68 finished with values: [0.7748190236508995, 0.21583370190181336] and parameters: {'psi': 0.775553117449482, 'lda_s': 1.2778967035616014e-06}.
[I 2025-08-10 01:54:21,791] Trial 69 finished with values: [0.7570431490825407, 0.2335249889429456] and parameters: {'psi': 0.9397509992969216, 'lda_s': 3.543328366647358e-07}.
[I 2025-08-10 01:54:29,018] Trial 70 finished with values: [0.8149934208249272, 0.23738317757009345] and parameters: {'psi': 0.007303120255239048, 'lda_s': 0.08385387889339062}.
[I 2025-08-10 01:54:36,209] Trial 71 finished with values: [0.7777695319601885, 0.22386117136659436] and parameters: {'psi': 0.6498698340329044, 'lda_s': 1.666159589898425e-08}.
[I 2025-08-10 01:54:43,395] Trial 72 finished with values: [0.7663175323454203, 0.24330259112867808] and parameters: {'psi': 0.9855727114099637, 'lda_s': 7.164382643476229e-07}.
[I 2025-08-10 01:54:50,667] Trial 73 finished with values: [0.7596362052021609, 0.22355769230769232] and parameters: {'psi': 0.620223159053502, 'lda_s': 0.06109713890349998}.
[I 2025-08-10 01:54:57,848] Trial 74 finished with values: [0.7522891817301609, 0.19631901840490798] and parameters: {'psi': 0.2713823141377343, 'lda_s': 8.19166842469112}.
[I 2025-08-10 01:55:05,028] Trial 75 finished with values: [0.7765582507103747, 0.2198952879581152] and parameters: {'psi': 0.453679657296597, 'lda_s': 0.00013182233528510166}.
[I 2025-08-10 01:55:12,205] Trial 76 finished with values: [0.7803052409535977, 0.2186411149825784] and parameters: {'psi': 0.2499576729730858, 'lda_s': 6.285826485464867e-07}.
[I 2025-08-10 01:55:19,380] Trial 77 finished with values: [0.7798910287185815, 0.22057541412380122] and parameters: {'psi': 0.4554073963615226, 'lda_s': 2.493526296078083e-08}.
[I 2025-08-10 01:55:26,563] Trial 78 finished with values: [0.7710217579373266, 0.2164079822616408] and parameters: {'psi': 0.8301923851866786, 'lda_s': 6.678847023968517e-05}.
[I 2025-08-10 01:55:33,750] Trial 79 finished with values: [0.7904358549710659, 0.26064382139148495] and parameters: {'psi': 0.775553117449482, 'lda_s': 0.14160030203186352}.
[I 2025-08-10 01:55:40,932] Trial 80 finished with values: [0.7776533700056063, 0.22386117136659436] and parameters: {'psi': 0.6413453457101274, 'lda_s': 1.8634887021625308e-05}.
[I 2025-08-10 01:55:48,116] Trial 81 finished with values: [0.7798558839232257, 0.22067160924552987] and parameters: {'psi': 0.3960705673990159, 'lda_s': 7.913110059057817e-06}.
[I 2025-08-10 01:55:55,311] Trial 82 finished with values: [0.7772310987514579, 0.2220294882914137] and parameters: {'psi': 0.6857609417270547, 'lda_s': 2.8379517632582067e-08}.
[I 2025-08-10 01:56:02,499] Trial 83 finished with values: [0.7797040167779172, 0.21979938944614041] and parameters: {'psi': 0.3484501429667448, 'lda_s': 1.3973822911492824e-05}.
[I 2025-08-10 01:56:09,703] Trial 84 finished with values: [0.7417479046483542, 0.1959140911471975] and parameters: {'psi': 0.6048531028321104, 'lda_s': 0.8776052235361691}.
[I 2025-08-10 01:56:16,908] Trial 85 finished with values: [0.7521374746978154, 0.19461444308445533] and parameters: {'psi': 0.27325168844128644, 'lda_s': 0.42244686661614017}.
[I 2025-08-10 01:56:24,109] Trial 86 finished with values: [0.7789487906174231, 0.22154382904491932] and parameters: {'psi': 0.4864607429717026, 'lda_s': 3.411530025564355e-05}.
[I 2025-08-10 01:56:31,303] Trial 87 finished with values: [0.7757202461480625, 0.1900900900900901] and parameters: {'psi': 0.602634497269307, 'lda_s': 0.011019074760188883}.
[I 2025-08-10 01:56:38,488] Trial 88 finished with values: [0.7581121432793263, 0.2222222222222222] and parameters: {'psi': 0.7291722077284899, 'lda_s': 0.0016001505500218953}.
[I 2025-08-10 01:56:45,697] Trial 89 finished with values: [0.7800758257632592, 0.22067160924552987] and parameters: {'psi': 0.39892746884566765, 'lda_s': 1.9767241264026584e-08}.
[I 2025-08-10 01:56:52,883] Trial 90 finished with values: [0.7784106776346181, 0.21979938944614041] and parameters: {'psi': 0.34485487226845124, 'lda_s': 5.367796870657655e-05}.
[I 2025-08-10 01:57:00,071] Trial 91 finished with values: [0.7763432723721906, 0.22270363951473138] and parameters: {'psi': 0.670681229646343, 'lda_s': 9.490063408015365e-05}.
[I 2025-08-10 01:57:07,279] Trial 92 finished with values: [0.7553348238249049, 0.19259962049335863] and parameters: {'psi': 0.7162045008653056, 'lda_s': 3.3249866835642963}.
[I 2025-08-10 01:57:14,477] Trial 93 finished with values: [0.7467832705330264, 0.21342819030680302] and parameters: {'psi': 0.8696642996430938, 'lda_s': 0.0026009820467548157}.
[I 2025-08-10 01:57:21,674] Trial 94 finished with values: [0.7540307037421041, 0.21197339246119734] and parameters: {'psi': 0.7042315892446851, 'lda_s': 0.0042554343305458465}.
[I 2025-08-10 01:57:28,890] Trial 95 finished with values: [0.7761188206837021, 0.2262323943661972] and parameters: {'psi': 0.7374771749082257, 'lda_s': 2.819356595350968e-06}.
[I 2025-08-10 01:57:36,080] Trial 96 finished with values: [0.7790445114837421, 0.2221254355400697] and parameters: {'psi': 0.5522804652736711, 'lda_s': 1.3784181631228558e-07}.
[I 2025-08-10 01:57:43,240] Trial 97 finished with values: [0.8321424531435417, 0.24003750586029068] and parameters: {'psi': 0.001328763799864685, 'lda_s': 1.1739974013946976e-06}.
[I 2025-08-10 01:57:50,423] Trial 98 finished with values: [0.7805097318927118, 0.21854592947322596] and parameters: {'psi': 0.16361388907607366, 'lda_s': 1.9068901097635152e-06}.
[I 2025-08-10 01:57:57,612] Trial 99 finished with values: [0.7804990576951851, 0.21854592947322596] and parameters: {'psi': 0.19336990632254814, 'lda_s': 5.3172147100190066e-08}.
[I 2025-08-10 01:58:04,807] Trial 100 finished with values: [0.7805899751726171, 0.21854592947322596] and parameters: {'psi': 0.13852192924668116, 'lda_s': 2.819356595350968e-06}.
[I 2025-08-10 01:58:11,965] Trial 101 finished with values: [0.7811140782711686, 0.21979938944614041] and parameters: {'psi': 0.10065285288841186, 'lda_s': 3.997953393333817e-07}.
[I 2025-08-10 01:58:19,134] Trial 102 finished with values: [0.778236848327899, 0.22260869565217392] and parameters: {'psi': 0.6151758399544635, 'lda_s': 1.3178736446778533e-08}.
[I 2025-08-10 01:58:26,326] Trial 103 finished with values: [0.7739800050398223, 0.21583370190181336] and parameters: {'psi': 0.7932392339697071, 'lda_s': 3.0836267007958377e-06}.
[I 2025-08-10 01:58:33,530] Trial 104 finished with values: [0.780079481675912, 0.22067160924552987] and parameters: {'psi': 0.3960705673990159, 'lda_s': 1.9767241264026584e-08}.
[I 2025-08-10 01:58:40,792] Trial 105 finished with values: [0.7622605634060275, 0.22841965471447542] and parameters: {'psi': 0.9028582499774556, 'lda_s': 1.8634887021625308e-05}.
[I 2025-08-10 01:58:47,981] Trial 106 finished with values: [0.7763815660558171, 0.22641509433962265] and parameters: {'psi': 0.7285971471793797, 'lda_s': 6.007736404644194e-08}.
[I 2025-08-10 01:58:55,170] Trial 107 finished with values: [0.780176510131428, 0.21970357454228423] and parameters: {'psi': 0.334725220072152, 'lda_s': 1.9767241264026584e-08}.
[I 2025-08-10 01:59:02,348] Trial 108 finished with values: [0.836585561178456, 0.23695345557122707] and parameters: {'psi': 0.0007659326428302027, 'lda_s': 3.259606276011576e-08}.
[I 2025-08-10 01:59:09,524] Trial 109 finished with values: [0.757555510563813, 0.2359699513919576] and parameters: {'psi': 0.9561213653149119, 'lda_s': 1.8634887021625308e-05}.
[I 2025-08-10 01:59:16,743] Trial 110 finished with values: [0.7884716958842135, 0.23123732251521298] and parameters: {'psi': 0.8032912713878543, 'lda_s': 1.9110794792434043}.
[I 2025-08-10 01:59:23,918] Trial 111 finished with values: [0.7769011593059135, 0.22464083587287767] and parameters: {'psi': 0.7047862265550937, 'lda_s': 7.164382643476229e-07}.
[I 2025-08-10 01:59:31,094] Trial 112 finished with values: [0.777875500056133, 0.22260869565217392] and parameters: {'psi': 0.6151758399544635, 'lda_s': 2.6735928528765876e-05}.
[I 2025-08-10 01:59:38,307] Trial 113 finished with values: [0.7800946657218933, 0.21979938944614041] and parameters: {'psi': 0.38657974411412044, 'lda_s': 1.3178736446778533e-08}.
[I 2025-08-10 01:59:45,489] Trial 114 finished with values: [0.7557147718858608, 0.16021505376344086] and parameters: {'psi': 0.16361388907607366, 'lda_s': 0.5103694926835635}.
[I 2025-08-10 01:59:52,681] Trial 115 finished with values: [0.7637341096890679, 0.18806509945750452] and parameters: {'psi': 0.11995376810310343, 'lda_s': 0.005244499289367122}.
[I 2025-08-10 01:59:59,890] Trial 116 finished with values: [0.7801615662548907, 0.21970357454228423] and parameters: {'psi': 0.3395813095102671, 'lda_s': 3.2036047391416276e-07}.
[I 2025-08-10 02:00:07,078] Trial 117 finished with values: [0.7925042742822582, 0.2625843279709393] and parameters: {'psi': 0.7804166825852287, 'lda_s': 0.14160030203186352}.
[I 2025-08-10 02:00:14,275] Trial 118 finished with values: [0.7557056454469757, 0.16030123722431414] and parameters: {'psi': 0.16361388907607366, 'lda_s': 0.17763500921548775}.
[I 2025-08-10 02:00:21,474] Trial 119 finished with values: [0.7661388462788266, 0.24008461131676362] and parameters: {'psi': 0.8638019914940006, 'lda_s': 0.6300837584419766}.
[I 2025-08-10 02:00:28,657] Trial 120 finished with values: [0.7748144337459631, 0.21583370190181336] and parameters: {'psi': 0.775553117449482, 'lda_s': 1.9068901097635152e-06}.
[I 2025-08-10 02:00:35,838] Trial 121 finished with values: [0.7584624170711587, 0.1565578019699326] and parameters: {'psi': 0.140897093185665, 'lda_s': 0.021595314941101035}.
[I 2025-08-10 02:00:42,987] Trial 122 finished with values: [0.7563482321380715, 0.2359699513919576] and parameters: {'psi': 0.9601910709456227, 'lda_s': 0.0002643036324104554}.
