[I 2025-08-10 01:31:33,997] Trial 0 finished with values: [0.8529210797415772, 0.17032967032967034] and parameters: {'psi': 0.6572502833631152, 'lda_s': 4.545824762062186}.
[I 2025-08-10 01:31:41,963] Trial 1 finished with values: [0.8735840070871537, 0.19630156472261737] and parameters: {'psi': 0.19524208049718528, 'lda_s': 2.6275247901589136}.
[I 2025-08-10 01:31:49,927] Trial 2 finished with values: [0.8736770360684055, 0.1639871382636656] and parameters: {'psi': 0.8104636557776497, 'lda_s': 2.8375648570619123e-08}.
[I 2025-08-10 01:31:57,857] Trial 3 finished with values: [0.8769700803863226, 0.33783783783783783] and parameters: {'psi': 0.8759966656299941, 'lda_s': 0.04630817736691618}.
[I 2025-08-10 01:32:05,785] Trial 4 finished with values: [0.8736238622363884, 0.1570182394924663] and parameters: {'psi': 0.4543994057445492, 'lda_s': 0.00012112106354292897}.
[I 2025-08-10 01:32:13,715] Trial 5 finished with values: [0.8739361449879879, 0.16493194555644516] and parameters: {'psi': 0.7669015822374772, 'lda_s': 8.412384756169179e-06}.
[I 2025-08-10 01:32:21,622] Trial 6 finished with values: [0.8503165709638589, 0.11393514460999124] and parameters: {'psi': 0.696584059828067, 'lda_s': 0.14106631441616477}.
[I 2025-08-10 01:32:29,545] Trial 7 finished with values: [0.8785508667738215, 0.16896831844029245] and parameters: {'psi': 0.7705122287462942, 'lda_s': 0.007385300823116666}.
[I 2025-08-10 01:32:37,589] Trial 8 finished with values: [0.8696602424202066, 0.1964573268921095] and parameters: {'psi': 0.025603505418365757, 'lda_s': 0.38745832936446806}.
[I 2025-08-10 01:32:45,546] Trial 9 finished with values: [0.873179805244534, 0.16908212560386474] and parameters: {'psi': 0.8535704273469223, 'lda_s': 0.00016843392148545506}.
[I 2025-08-10 01:32:53,444] Trial 10 finished with values: [0.8881293203738514, 0.15913200723327306] and parameters: {'psi': 0.7973413127754604, 'lda_s': 0.7927386930042432}.
[I 2025-08-10 01:33:01,348] Trial 11 finished with values: [0.8738253577630264, 0.1583531274742676] and parameters: {'psi': 0.34442156990775374, 'lda_s': 6.203725916213137e-06}.
[I 2025-08-10 01:33:09,296] Trial 12 finished with values: [0.8862988086841848, 0.16358325219084713] and parameters: {'psi': 0.4108443417319929, 'lda_s': 5.785753955705145}.
[I 2025-08-10 01:33:17,249] Trial 13 finished with values: [0.8741986844773779, 0.1572676727561557] and parameters: {'psi': 0.6721476974001601, 'lda_s': 1.2015032869509005e-08}.
[I 2025-08-10 01:33:25,143] Trial 14 finished with values: [0.8757183260030129, 0.2702702702702703] and parameters: {'psi': 0.9711974052085359, 'lda_s': 0.10685259948670463}.
[I 2025-08-10 01:33:33,077] Trial 15 finished with values: [0.8759809663915148, 0.1654501216545012] and parameters: {'psi': 0.8799149910574067, 'lda_s': 0.005578895987713042}.
[I 2025-08-10 01:33:41,002] Trial 16 finished with values: [0.8728274655454757, 0.1664] and parameters: {'psi': 0.9397082483665442, 'lda_s': 9.897969007133605e-05}.
[I 2025-08-10 01:33:48,927] Trial 17 finished with values: [0.8724212457206165, 0.1643835616438356] and parameters: {'psi': 0.9006087257771358, 'lda_s': 0.0019486545316999182}.
[I 2025-08-10 01:33:56,851] Trial 18 finished with values: [0.8729846663619514, 0.1586042823156225] and parameters: {'psi': 0.23461853954122736, 'lda_s': 0.00010597379805354284}.
[I 2025-08-10 01:34:04,797] Trial 19 finished with values: [0.8737179002087602, 0.1637239165329053] and parameters: {'psi': 0.8039700264688056, 'lda_s': 3.559569466006048e-08}.
[I 2025-08-10 01:34:12,735] Trial 20 finished with values: [0.8741770920674128, 0.1570182394924663] and parameters: {'psi': 0.6188284293889927, 'lda_s': 1.991465175317206e-08}.
[I 2025-08-10 01:34:20,650] Trial 21 finished with values: [0.8726798501446389, 0.16612903225806452] and parameters: {'psi': 0.8461600872886559, 'lda_s': 0.0007758241995453914}.
[I 2025-08-10 01:34:28,573] Trial 22 finished with values: [0.8731440869588908, 0.1583531274742676] and parameters: {'psi': 0.1414284812707972, 'lda_s': 1.5650294668239594e-08}.
[I 2025-08-10 01:34:36,503] Trial 23 finished with values: [0.8725266852926427, 0.16519647153167602] and parameters: {'psi': 0.911479280191669, 'lda_s': 2.8153781689501467e-06}.
[I 2025-08-10 01:34:44,435] Trial 24 finished with values: [0.8741020231280944, 0.1570182394924663] and parameters: {'psi': 0.6237758443121039, 'lda_s': 3.342504306392153e-05}.
[I 2025-08-10 01:34:52,363] Trial 25 finished with values: [0.8739153597709188, 0.1570182394924663] and parameters: {'psi': 0.5834706159368118, 'lda_s': 9.455741380008407e-05}.
[I 2025-08-10 01:35:00,310] Trial 26 finished with values: [0.8823791808808291, 0.42178447276940906] and parameters: {'psi': 0.9339074957405049, 'lda_s': 0.061380862133503994}.
[I 2025-08-10 01:35:08,253] Trial 27 finished with values: [0.8740138373042179, 0.16293929712460065] and parameters: {'psi': 0.7509098910096779, 'lda_s': 2.3206514880612227e-05}.
[I 2025-08-10 01:35:16,188] Trial 28 finished with values: [0.873465047034121, 0.16747181964573268] and parameters: {'psi': 0.8425915773375903, 'lda_s': 2.529213053736934e-07}.
[I 2025-08-10 01:35:24,130] Trial 29 finished with values: [0.8740123238175382, 0.1630695443645084] and parameters: {'psi': 0.7560866163481273, 'lda_s': 6.781695087780558e-08}.
[I 2025-08-10 01:35:32,046] Trial 30 finished with values: [0.8698296520292325, 0.16427432216905902] and parameters: {'psi': 0.12304830821429924, 'lda_s': 0.0010265845289062563}.
[I 2025-08-10 01:35:39,994] Trial 31 finished with values: [0.8394037266078022, 0.12527472527472527] and parameters: {'psi': 0.9865613320140432, 'lda_s': 4.396957569602463}.
[I 2025-08-10 01:35:47,940] Trial 32 finished with values: [0.8741642778801902, 0.1593625498007968] and parameters: {'psi': 0.7315454166921201, 'lda_s': 2.0069457690962644e-07}.
[I 2025-08-10 01:35:55,860] Trial 33 finished with values: [0.8737407034080692, 0.1583531274742676] and parameters: {'psi': 0.3031764415825505, 'lda_s': 6.172315287727811e-06}.
[I 2025-08-10 01:36:03,785] Trial 34 finished with values: [0.8736278982008681, 0.1583531274742676] and parameters: {'psi': 0.28588332579017117, 'lda_s': 1.96250597803913e-05}.
[I 2025-08-10 01:36:11,814] Trial 35 finished with values: [0.8737120480602649, 0.15822784810126583] and parameters: {'psi': 0.2739892721342909, 'lda_s': 2.3413759471173038e-07}.
[I 2025-08-10 01:36:19,745] Trial 36 finished with values: [0.8726417102803078, 0.15993665874901028] and parameters: {'psi': 0.10151498216180688, 'lda_s': 2.4783674524633415e-07}.
[I 2025-08-10 01:36:27,669] Trial 37 finished with values: [0.8752083818910309, 0.16427432216905902] and parameters: {'psi': 0.9848702983203712, 'lda_s': 1.3094633355134003e-05}.
[I 2025-08-10 01:36:35,599] Trial 38 finished with values: [0.8930767065319059, 0.15921483097055616] and parameters: {'psi': 0.5028996056609476, 'lda_s': 4.690486834804712}.
[I 2025-08-10 01:36:43,506] Trial 39 finished with values: [0.8723514235351215, 0.16599516518936341] and parameters: {'psi': 0.8876710652164795, 'lda_s': 0.0012921216072747425}.
[I 2025-08-10 01:36:51,459] Trial 40 finished with values: [0.8709423674362243, 0.19757085020242915] and parameters: {'psi': 0.030474575764463663, 'lda_s': 0.14696016166838585}.
[I 2025-08-10 01:36:59,372] Trial 41 finished with values: [0.8732094695834582, 0.1583531274742676] and parameters: {'psi': 0.2307321640576535, 'lda_s': 6.099216741771629e-05}.
[I 2025-08-10 01:37:07,307] Trial 42 finished with values: [0.8732091668861222, 0.1686746987951807] and parameters: {'psi': 0.8692386836624033, 'lda_s': 1.3732927283264156e-05}.
[I 2025-08-10 01:37:15,237] Trial 43 finished with values: [0.8780924821080649, 0.13691026827012026] and parameters: {'psi': 0.6121508356118612, 'lda_s': 0.06700313791237941}.
[I 2025-08-10 01:37:23,180] Trial 44 finished with values: [0.8701445581577436, 0.16070007955449483] and parameters: {'psi': 0.11049432811308812, 'lda_s': 0.000703566935321009}.
[I 2025-08-10 01:37:31,108] Trial 45 finished with values: [0.8705516860746109, 0.1594896331738437] and parameters: {'psi': 0.14273986506109382, 'lda_s': 0.0007535112787637871}.
[I 2025-08-10 01:37:39,051] Trial 46 finished with values: [0.872571484498365, 0.1653290529695024] and parameters: {'psi': 0.9075417566017085, 'lda_s': 3.831020307553169e-07}.
[I 2025-08-10 01:37:46,979] Trial 47 finished with values: [0.8727058821155315, 0.15993665874901028] and parameters: {'psi': 0.126879089945944, 'lda_s': 2.594211145230548e-05}.
[I 2025-08-10 01:37:54,917] Trial 48 finished with values: [0.8945456967033233, 0.11134903640256959] and parameters: {'psi': 0.5044713684595838, 'lda_s': 0.1921844450538326}.
[I 2025-08-10 01:38:02,855] Trial 49 finished with values: [0.8742149292344078, 0.16057233704292528] and parameters: {'psi': 0.7025537661005405, 'lda_s': 4.2035780749592616e-08}.
[I 2025-08-10 01:38:10,771] Trial 50 finished with values: [0.8715777291444058, 0.16152019002375298] and parameters: {'psi': 0.0768111294845758, 'lda_s': 2.8460583490206088e-05}.
[I 2025-08-10 01:38:18,713] Trial 51 finished with values: [0.8696395581022491, 0.19727345629510826] and parameters: {'psi': 0.025603505418365757, 'lda_s': 0.0010265845289062563}.
[I 2025-08-10 01:38:26,638] Trial 52 finished with values: [0.8731223936498136, 0.16894609814963799] and parameters: {'psi': 0.8660118702417778, 'lda_s': 0.00012112106354292897}.
[I 2025-08-10 01:38:34,549] Trial 53 finished with values: [0.88317497217707, 0.1568627450980392] and parameters: {'psi': 0.6880892229186424, 'lda_s': 0.026598211840707552}.
[I 2025-08-10 01:38:42,476] Trial 54 finished with values: [0.8780924821080649, 0.13691026827012026] and parameters: {'psi': 0.6121508356118612, 'lda_s': 0.06700313791237941}.
[I 2025-08-10 01:38:50,408] Trial 55 finished with values: [0.873928476655477, 0.16493194555644516] and parameters: {'psi': 0.7669015822374772, 'lda_s': 1.3732927283264156e-05}.
[I 2025-08-10 01:38:58,333] Trial 56 finished with values: [0.8721985613804614, 0.16600159616919394] and parameters: {'psi': 0.26041329968168614, 'lda_s': 0.0019486545316999182}.
[I 2025-08-10 01:39:06,268] Trial 57 finished with values: [0.8712249858488996, 0.1978913219789132] and parameters: {'psi': 0.03190823566181822, 'lda_s': 0.03396033453662329}.
[I 2025-08-10 01:39:14,197] Trial 58 finished with values: [0.8739531969379137, 0.15689381933438987] and parameters: {'psi': 0.41049409033736384, 'lda_s': 1.3125616971184627e-06}.
[I 2025-08-10 01:39:22,107] Trial 59 finished with values: [0.8731393447006273, 0.1583531274742676] and parameters: {'psi': 0.1414284812707972, 'lda_s': 2.7381980311132557e-07}.
[I 2025-08-10 01:39:30,031] Trial 60 finished with values: [0.8759809663915148, 0.1654501216545012] and parameters: {'psi': 0.8799149910574067, 'lda_s': 0.005578895987713042}.
[I 2025-08-10 01:39:37,967] Trial 61 finished with values: [0.8746502080035194, 0.1416267942583732] and parameters: {'psi': 0.5834706159368118, 'lda_s': 2.7466067561544865}.
[I 2025-08-10 01:39:45,886] Trial 62 finished with values: [0.8702562534747131, 0.160828025477707] and parameters: {'psi': 0.126879089945944, 'lda_s': 0.0007535112787637871}.
[I 2025-08-10 01:39:53,809] Trial 63 finished with values: [0.8781865200804367, 0.11952191235059761] and parameters: {'psi': 0.8759966656299941, 'lda_s': 4.106360675602753}.
[I 2025-08-10 01:40:01,736] Trial 64 finished with values: [0.8730818322067948, 0.1670682730923695] and parameters: {'psi': 0.8799149910574067, 'lda_s': 1.3732927283264156e-05}.
[I 2025-08-10 01:40:09,658] Trial 65 finished with values: [0.8705861935709104, 0.1594896331738437] and parameters: {'psi': 0.14108203444517697, 'lda_s': 0.0007204343891457483}.
[I 2025-08-10 01:40:17,571] Trial 66 finished with values: [0.883952399834929, 0.16722972972972974] and parameters: {'psi': 0.8799149910574067, 'lda_s': 0.02104483103585826}.
[I 2025-08-10 01:40:25,491] Trial 67 finished with values: [0.8631393346107161, 0.1636219221604448] and parameters: {'psi': 0.01806566812289967, 'lda_s': 9.455741380008407e-05}.
[I 2025-08-10 01:40:33,440] Trial 68 finished with values: [0.8722569819663016, 0.11976047904191617] and parameters: {'psi': 0.5917973165785244, 'lda_s': 0.4291026879834946}.
[I 2025-08-10 01:40:41,368] Trial 69 finished with values: [0.8745536475533479, 0.16613418530351437] and parameters: {'psi': 0.9711974052085359, 'lda_s': 2.0820287042593962e-05}.
[I 2025-08-10 01:40:49,310] Trial 70 finished with values: [0.8944783969956281, 0.1396761133603239] and parameters: {'psi': 0.47196819086344477, 'lda_s': 0.38745832936446806}.
[I 2025-08-10 01:40:57,236] Trial 71 finished with values: [0.8738813567701791, 0.18823529411764706] and parameters: {'psi': 0.07859425938380105, 'lda_s': 0.029100361074060485}.
[I 2025-08-10 01:41:05,160] Trial 72 finished with values: [0.8862988086841848, 0.16358325219084713] and parameters: {'psi': 0.4108443417319929, 'lda_s': 3.076612279051311}.
[I 2025-08-10 01:41:13,173] Trial 73 finished with values: [0.8732780809796094, 0.1596169193934557] and parameters: {'psi': 0.7025537661005405, 'lda_s': 0.000703566935321009}.
[I 2025-08-10 01:41:21,096] Trial 74 finished with values: [0.8738777244021475, 0.16293929712460065] and parameters: {'psi': 0.7509098910096779, 'lda_s': 0.00010597379805354284}.
[I 2025-08-10 01:41:29,027] Trial 75 finished with values: [0.8705516860746109, 0.1594896331738437] and parameters: {'psi': 0.14273986506109382, 'lda_s': 0.0007535112787637871}.
[I 2025-08-10 01:41:36,964] Trial 76 finished with values: [0.8738077004184286, 0.15847860538827258] and parameters: {'psi': 0.3683051485718343, 'lda_s': 1.907015750137938e-05}.
[I 2025-08-10 01:41:44,895] Trial 77 finished with values: [0.8864714470647944, 0.125] and parameters: {'psi': 0.8520250075700855, 'lda_s': 5.785753955705145}.
[I 2025-08-10 01:41:52,836] Trial 78 finished with values: [0.8741415755799933, 0.15689381933438987] and parameters: {'psi': 0.5519286779966696, 'lda_s': 2.917805146128842e-08}.
[I 2025-08-10 01:42:00,759] Trial 79 finished with values: [0.8730390509833124, 0.16720257234726688] and parameters: {'psi': 0.8759966656299941, 'lda_s': 0.00010597379805354284}.
[I 2025-08-10 01:42:08,680] Trial 80 finished with values: [0.8741523717849758, 0.15689381933438987] and parameters: {'psi': 0.6051690496391453, 'lda_s': 5.2461451573681636e-06}.
[I 2025-08-10 01:42:16,609] Trial 81 finished with values: [0.8745823029011521, 0.16613418530351437] and parameters: {'psi': 0.9711974052085359, 'lda_s': 6.781695087780558e-08}.
[I 2025-08-10 01:42:24,566] Trial 82 finished with values: [0.8930767065319059, 0.15921483097055616] and parameters: {'psi': 0.5028996056609476, 'lda_s': 4.690486834804712}.
[I 2025-08-10 01:42:32,504] Trial 83 finished with values: [0.8696172593985, 0.16284584980237155] and parameters: {'psi': 0.04236836745190342, 'lda_s': 6.781695087780558e-08}.
[I 2025-08-10 01:42:40,441] Trial 84 finished with values: [0.8736008572388556, 0.15822784810126583] and parameters: {'psi': 0.2324490314778077, 'lda_s': 5.856132185132864e-08}.
[I 2025-08-10 01:42:48,356] Trial 85 finished with values: [0.8740950610893673, 0.1570182394924663] and parameters: {'psi': 0.5625809079795995, 'lda_s': 1.96250597803913e-05}.
[I 2025-08-10 01:42:56,315] Trial 86 finished with values: [0.881578041931653, 0.22577209797657083] and parameters: {'psi': 0.9397082483665442, 'lda_s': 0.211445834088763}.
[I 2025-08-10 01:43:04,265] Trial 87 finished with values: [0.8860475698953373, 0.16306156405990016] and parameters: {'psi': 0.7176479273923502, 'lda_s': 0.017631562787002994}.
[I 2025-08-10 01:43:12,199] Trial 88 finished with values: [0.8739118283019991, 0.15689381933438987] and parameters: {'psi': 0.5028996056609476, 'lda_s': 6.099216741771629e-05}.
[I 2025-08-10 01:43:20,144] Trial 89 finished with values: [0.874012525615762, 0.15689381933438987] and parameters: {'psi': 0.5834706159368118, 'lda_s': 5.777074505816638e-05}.
[I 2025-08-10 01:43:28,079] Trial 90 finished with values: [0.8732879690925841, 0.1583531274742676] and parameters: {'psi': 0.16102587193763696, 'lda_s': 4.2035780749592616e-08}.
[I 2025-08-10 01:43:36,030] Trial 91 finished with values: [0.8730849600792664, 0.1606425702811245] and parameters: {'psi': 0.7705122287462942, 'lda_s': 0.000703566935321009}.
[I 2025-08-10 01:43:43,977] Trial 92 finished with values: [0.8741631679899586, 0.15689381933438987] and parameters: {'psi': 0.6090337366024717, 'lda_s': 2.8896398213793032e-06}.
[I 2025-08-10 01:43:51,906] Trial 93 finished with values: [0.8737713767381134, 0.1583531274742676] and parameters: {'psi': 0.32896911350862057, 'lda_s': 1.1724561634063783e-05}.
[I 2025-08-10 01:43:59,884] Trial 94 finished with values: [0.8529210797415772, 0.17032967032967034] and parameters: {'psi': 0.6572502833631152, 'lda_s': 4.545824762062186}.
[I 2025-08-10 01:44:07,852] Trial 95 finished with values: [0.8729276583636788, 0.16546184738955824] and parameters: {'psi': 0.8876710652164795, 'lda_s': 9.730095330515686e-06}.
[I 2025-08-10 01:44:15,814] Trial 96 finished with values: [0.8722394255208159, 0.16152019002375298] and parameters: {'psi': 0.09611107460880652, 'lda_s': 2.1116146102145223e-05}.
[I 2025-08-10 01:44:23,778] Trial 97 finished with values: [0.8685080754604279, 0.16653449643140364] and parameters: {'psi': 0.030474575764463663, 'lda_s': 0.00025392891572804585}.
[I 2025-08-10 01:44:31,751] Trial 98 finished with values: [0.8974067919228242, 0.147008547008547] and parameters: {'psi': 0.4449591731808096, 'lda_s': 0.061380862133503994}.
[I 2025-08-10 01:44:39,731] Trial 99 finished with values: [0.8757269024275317, 0.16216216216216217] and parameters: {'psi': 0.9972705153363166, 'lda_s': 2.8375648570619123e-08}.
[I 2025-08-10 01:44:47,671] Trial 100 finished with values: [0.8745814957082563, 0.16613418530351437] and parameters: {'psi': 0.9711974052085359, 'lda_s': 2.913523196168277e-07}.
[I 2025-08-10 01:44:55,615] Trial 101 finished with values: [0.8740218083340648, 0.15689381933438987] and parameters: {'psi': 0.47196819086344477, 'lda_s': 8.412384756169179e-06}.
[I 2025-08-10 01:45:03,593] Trial 102 finished with values: [0.8738814576692912, 0.18823529411764706] and parameters: {'psi': 0.07859425938380105, 'lda_s': 4.545824762062186}.
[I 2025-08-10 01:45:11,551] Trial 103 finished with values: [0.8739782199176864, 0.15689381933438987] and parameters: {'psi': 0.452603984250624, 'lda_s': 1.1769109063337036e-05}.
[I 2025-08-10 01:45:19,512] Trial 104 finished with values: [0.8732655694897229, 0.16881028938906753] and parameters: {'psi': 0.8651391738816322, 'lda_s': 6.781695087780558e-08}.
[I 2025-08-10 01:45:27,520] Trial 105 finished with values: [0.8687387308304301, 0.1627172195892575] and parameters: {'psi': 0.03682945165609619, 'lda_s': 2.8375648570619123e-08}.
[I 2025-08-10 01:45:35,476] Trial 106 finished with values: [0.8743129022721471, 0.14361702127659576] and parameters: {'psi': 0.134678057549924, 'lda_s': 0.5960815876447426}.
[I 2025-08-10 01:45:43,396] Trial 107 finished with values: [0.879001986703515, 0.1645021645021645] and parameters: {'psi': 0.8759966656299941, 'lda_s': 0.029100361074060485}.
[I 2025-08-10 01:45:51,292] Trial 108 finished with values: [0.873519532554594, 0.1583531274742676] and parameters: {'psi': 0.2266478740509813, 'lda_s': 8.37148332885177e-06}.
[I 2025-08-10 01:45:59,203] Trial 109 finished with values: [0.873928476655477, 0.16493194555644516] and parameters: {'psi': 0.7669015822374772, 'lda_s': 1.3732927283264156e-05}.
[I 2025-08-10 01:46:07,154] Trial 110 finished with values: [0.8702205351890698, 0.16284584980237155] and parameters: {'psi': 0.047876970789151874, 'lda_s': 1.830599156742927e-06}.
[I 2025-08-10 01:46:15,101] Trial 111 finished with values: [0.8529210797415772, 0.17032967032967034] and parameters: {'psi': 0.6572502833631152, 'lda_s': 4.545824762062186}.
[I 2025-08-10 01:46:23,010] Trial 112 finished with values: [0.8741625625952866, 0.1570182394924663] and parameters: {'psi': 0.589287285155042, 'lda_s': 4.2035780749592616e-08}.
[I 2025-08-10 01:46:30,919] Trial 113 finished with values: [0.8908531928010501, 0.15123194562446898] and parameters: {'psi': 0.5964949562030616, 'lda_s': 0.029100361074060485}.
[I 2025-08-10 01:46:38,830] Trial 114 finished with values: [0.8724387012669902, 0.16019032513877876] and parameters: {'psi': 0.18871621571321717, 'lda_s': 0.00016574219805439257}.
[I 2025-08-10 01:46:46,733] Trial 115 finished with values: [0.8740139382033298, 0.15689381933438987] and parameters: {'psi': 0.5028996056609476, 'lda_s': 2.3206514880612227e-05}.
[I 2025-08-10 01:46:54,683] Trial 116 finished with values: [0.8932981800827171, 0.1579466929911155] and parameters: {'psi': 0.4522801224182206, 'lda_s': 4.106360675602753}.
[I 2025-08-10 01:47:02,598] Trial 117 finished with values: [0.8734805854973672, 0.1583531274742676] and parameters: {'psi': 0.2086830132055092, 'lda_s': 4.871080479345118e-06}.
[I 2025-08-10 01:47:10,511] Trial 118 finished with values: [0.8734688812003766, 0.1968040370058873] and parameters: {'psi': 0.062241537325423146, 'lda_s': 0.061380862133503994}.
[I 2025-08-10 01:47:18,425] Trial 119 finished with values: [0.8590825849141702, 0.16511627906976745] and parameters: {'psi': 0.9339074957405049, 'lda_s': 4.690486834804712}.
[I 2025-08-10 01:47:26,358] Trial 120 finished with values: [0.8731090749670313, 0.1689291101055807] and parameters: {'psi': 0.22270042539078583, 'lda_s': 1.2659508618855728}.
[I 2025-08-10 01:47:34,277] Trial 121 finished with values: [0.8726914535425173, 0.16012810248198558] and parameters: {'psi': 0.4589102731057534, 'lda_s': 0.002225246391088068}.
[I 2025-08-10 01:47:42,190] Trial 122 finished with values: [0.8730390509833124, 0.16720257234726688] and parameters: {'psi': 0.8759966656299941, 'lda_s': 0.00010597379805354284}.
[I 2025-08-10 01:47:50,093] Trial 123 finished with values: [0.8703316251113673, 0.16070007955449483] and parameters: {'psi': 0.07859425938380105, 'lda_s': 0.0005307970665460476}.
