[I 2025-08-10 01:29:51,579] Trial 0 finished with values: [0.8656105066967188, 0.28596802841918295] and parameters: {'psi': 0.3468282809570784, 'lda_s': 1.2653651419182501}.
[I 2025-08-10 01:29:57,069] Trial 1 finished with values: [0.8568896976806326, 0.22976878612716764] and parameters: {'psi': 0.02256205043981674, 'lda_s': 1.3609095571696857e-07}.
[I 2025-08-10 01:30:02,556] Trial 2 finished with values: [0.8693384730350833, 0.24082232011747431] and parameters: {'psi': 0.6540991322323653, 'lda_s': 3.095851090545751e-06}.
[I 2025-08-10 01:30:08,080] Trial 3 finished with values: [0.8612371057094528, 0.2374631268436578] and parameters: {'psi': 0.9646993658226406, 'lda_s': 1.7243655712046399e-06}.
[I 2025-08-10 01:30:13,585] Trial 4 finished with values: [0.8606595682343279, 0.24041297935103245] and parameters: {'psi': 0.9431560122055885, 'lda_s': 8.082437914763494e-07}.
[I 2025-08-10 01:30:19,100] Trial 5 finished with values: [0.871872683609046, 0.24358033749082905] and parameters: {'psi': 0.4085085569511159, 'lda_s': 3.7871706299474284e-06}.
[I 2025-08-10 01:30:24,592] Trial 6 finished with values: [0.8664766414518967, 0.23823529411764705] and parameters: {'psi': 0.6996543893979055, 'lda_s': 0.0005414694557959762}.
[I 2025-08-10 01:30:30,120] Trial 7 finished with values: [0.8759810798695715, 0.17377567140600317] and parameters: {'psi': 0.6354558696908889, 'lda_s': 0.08755702986864357}.
[I 2025-08-10 01:30:35,722] Trial 8 finished with values: [0.8603866078791447, 0.2366691015339664] and parameters: {'psi': 0.6705260708952367, 'lda_s': 0.0027153387779113897}.
[I 2025-08-10 01:30:41,237] Trial 9 finished with values: [0.8717286593010349, 0.24017467248908297] and parameters: {'psi': 0.13671424042196623, 'lda_s': 1.1494883761864224e-06}.
[I 2025-08-10 01:30:46,752] Trial 10 finished with values: [0.8716923788920169, 0.23226812159002339] and parameters: {'psi': 0.6411121489389484, 'lda_s': 1.8888270731630488}.
[I 2025-08-10 01:30:52,272] Trial 11 finished with values: [0.8752523854540386, 0.1752411575562701] and parameters: {'psi': 0.7147867095580838, 'lda_s': 0.10673694803849297}.
[I 2025-08-10 01:30:57,778] Trial 12 finished with values: [0.8649870871920416, 0.2867256637168142] and parameters: {'psi': 0.35391661185960754, 'lda_s': 3.49491342228434}.
[I 2025-08-10 01:31:03,293] Trial 13 finished with values: [0.854732830793659, 0.2414814814814815] and parameters: {'psi': 0.12480887429671605, 'lda_s': 0.001717627296078832}.
[I 2025-08-10 01:31:08,805] Trial 14 finished with values: [0.8708539516703802, 0.23233908948194662] and parameters: {'psi': 0.684739940819275, 'lda_s': 9.629822217200267}.
[I 2025-08-10 01:31:14,317] Trial 15 finished with values: [0.8568979962240941, 0.2375366568914956] and parameters: {'psi': 0.7135653800761756, 'lda_s': 0.004277866866807826}.
[I 2025-08-10 01:31:19,814] Trial 16 finished with values: [0.8714081023412044, 0.24322344322344322] and parameters: {'psi': 0.4959772612131872, 'lda_s': 7.665038527756735e-07}.
[I 2025-08-10 01:31:25,326] Trial 17 finished with values: [0.8721272637192069, 0.24269005847953215] and parameters: {'psi': 0.28579488453407365, 'lda_s': 2.2275824598161963e-07}.
[I 2025-08-10 01:31:30,820] Trial 18 finished with values: [0.8718621218264585, 0.24358033749082905] and parameters: {'psi': 0.41748808556326167, 'lda_s': 2.3129551242164597e-07}.
[I 2025-08-10 01:31:36,326] Trial 19 finished with values: [0.8720714371541016, 0.2410518626734843] and parameters: {'psi': 0.21080815563410393, 'lda_s': 2.913534548565607e-07}.
[I 2025-08-10 01:31:41,835] Trial 20 finished with values: [0.8742387972406589, 0.2841628959276018] and parameters: {'psi': 0.9587190561475546, 'lda_s': 4.648963567656421}.
[I 2025-08-10 01:31:47,335] Trial 21 finished with values: [0.8609876007415743, 0.23676470588235293] and parameters: {'psi': 0.9661054125752143, 'lda_s': 0.00015336051016866226}.
[I 2025-08-10 01:31:52,843] Trial 22 finished with values: [0.8738412215675441, 0.26408125577100644] and parameters: {'psi': 0.6419236045234258, 'lda_s': 0.047291639023692815}.
[I 2025-08-10 01:31:58,368] Trial 23 finished with values: [0.8531307318245438, 0.24017790956263899] and parameters: {'psi': 0.027508179218553863, 'lda_s': 0.00048816626969887326}.
[I 2025-08-10 01:32:03,871] Trial 24 finished with values: [0.863790862439503, 0.2578947368421053] and parameters: {'psi': 0.8176422846715629, 'lda_s': 4.457249559454418}.
[I 2025-08-10 01:32:09,364] Trial 25 finished with values: [0.8714401991869896, 0.24175824175824176] and parameters: {'psi': 0.4829922879011669, 'lda_s': 1.2487390075903308e-05}.
[I 2025-08-10 01:32:14,855] Trial 26 finished with values: [0.8606558647521217, 0.24005891016200295] and parameters: {'psi': 0.9525766931914117, 'lda_s': 1.9281186195621076e-05}.
[I 2025-08-10 01:32:20,360] Trial 27 finished with values: [0.8654258126674452, 0.23550724637681159] and parameters: {'psi': 0.8428780078863011, 'lda_s': 0.10238984085230868}.
[I 2025-08-10 01:32:25,874] Trial 28 finished with values: [0.8729326339330049, 0.27339449541284405] and parameters: {'psi': 0.6537651151034862, 'lda_s': 0.039330618370780175}.
[I 2025-08-10 01:32:31,377] Trial 29 finished with values: [0.8603744686874695, 0.25862068965517243] and parameters: {'psi': 0.09346493129335198, 'lda_s': 0.03900319455335057}.
[I 2025-08-10 01:32:36,883] Trial 30 finished with values: [0.858976609903715, 0.2585410895660203] and parameters: {'psi': 0.11749301320242322, 'lda_s': 6.7636716497785185}.
[I 2025-08-10 01:32:42,400] Trial 31 finished with values: [0.857828599002858, 0.22931785195936139] and parameters: {'psi': 0.029889402533653464, 'lda_s': 9.341518230934413e-05}.
[I 2025-08-10 01:32:47,916] Trial 32 finished with values: [0.860870186639043, 0.2804878048780488] and parameters: {'psi': 0.39243716161845077, 'lda_s': 1.003284383340664}.
[I 2025-08-10 01:32:53,410] Trial 33 finished with values: [0.8719639675871238, 0.24140453547915142] and parameters: {'psi': 0.26734274379659995, 'lda_s': 1.715286209478769e-05}.
[I 2025-08-10 01:32:58,915] Trial 34 finished with values: [0.8713103029777642, 0.23854545454545453] and parameters: {'psi': 0.10498014751090223, 'lda_s': 2.2842110407480766e-07}.
[I 2025-08-10 01:33:04,522] Trial 35 finished with values: [0.8726267537359905, 0.23113207547169812] and parameters: {'psi': 0.601122228375624, 'lda_s': 7.8928063848993535}.
[I 2025-08-10 01:33:10,044] Trial 36 finished with values: [0.868872863022184, 0.25925925925925924] and parameters: {'psi': 0.6179326057579455, 'lda_s': 0.031111333247612255}.
[I 2025-08-10 01:33:15,551] Trial 37 finished with values: [0.8607003065385938, 0.23876197494473103] and parameters: {'psi': 0.9526239203171017, 'lda_s': 9.641014611764737e-08}.
[I 2025-08-10 01:33:21,064] Trial 38 finished with values: [0.8605815207759865, 0.23976608187134502] and parameters: {'psi': 0.4752163664619947, 'lda_s': 0.0025975751730317083}.
[I 2025-08-10 01:33:26,569] Trial 39 finished with values: [0.8626206992284138, 0.23443223443223443] and parameters: {'psi': 0.9818665485026793, 'lda_s': 6.63347492413893e-05}.
[I 2025-08-10 01:33:32,078] Trial 40 finished with values: [0.867295934015469, 0.24353628023352794] and parameters: {'psi': 0.786854424422657, 'lda_s': 3.240365495025096}.
[I 2025-08-10 01:33:37,585] Trial 41 finished with values: [0.8676721117913936, 0.23736263736263735] and parameters: {'psi': 0.574125627046693, 'lda_s': 0.0006253469431735275}.
[I 2025-08-10 01:33:43,100] Trial 42 finished with values: [0.8683081505687726, 0.23272727272727273] and parameters: {'psi': 0.05093054501785932, 'lda_s': 2.8071684989044036e-07}.
[I 2025-08-10 01:33:48,608] Trial 43 finished with values: [0.8617335780740687, 0.235467255334805] and parameters: {'psi': 0.9713258257400587, 'lda_s': 1.1336305149033694e-08}.
[I 2025-08-10 01:33:54,120] Trial 44 finished with values: [0.8654243724243653, 0.24238026124818576] and parameters: {'psi': 0.23133186915543758, 'lda_s': 0.0007226368435031604}.
[I 2025-08-10 01:33:59,631] Trial 45 finished with values: [0.8720413977984307, 0.2445095168374817] and parameters: {'psi': 0.3511005522248606, 'lda_s': 6.696327591642487e-07}.
[I 2025-08-10 01:34:05,135] Trial 46 finished with values: [0.8550165586804411, 0.24293353705118412] and parameters: {'psi': 0.7950946831881144, 'lda_s': 0.014864368823027755}.
[I 2025-08-10 01:34:10,636] Trial 47 finished with values: [0.8663664285647662, 0.2448377581120944] and parameters: {'psi': 0.7871599503749684, 'lda_s': 8.673915138009994e-05}.
[I 2025-08-10 01:34:16,147] Trial 48 finished with values: [0.8718054722653077, 0.24017467248908297] and parameters: {'psi': 0.1443197809585901, 'lda_s': 1.2044586586099375e-07}.
[I 2025-08-10 01:34:21,649] Trial 49 finished with values: [0.8703877929934506, 0.24358033749082905] and parameters: {'psi': 0.5701221110839665, 'lda_s': 5.090401330548256e-05}.
[I 2025-08-10 01:34:27,168] Trial 50 finished with values: [0.8573212905236395, 0.28376068376068375] and parameters: {'psi': 0.38449362950218524, 'lda_s': 0.047291639023692815}.
[I 2025-08-10 01:34:32,679] Trial 51 finished with values: [0.8699346650872458, 0.24193548387096775] and parameters: {'psi': 0.6194938743733823, 'lda_s': 2.3129551242164597e-07}.
[I 2025-08-10 01:34:38,203] Trial 52 finished with values: [0.8586142858945611, 0.26325757575757575] and parameters: {'psi': 0.12480887429671605, 'lda_s': 9.629822217200267}.
[I 2025-08-10 01:34:43,716] Trial 53 finished with values: [0.8665858941769737, 0.2634146341463415] and parameters: {'psi': 0.8623883249588217, 'lda_s': 0.047291639023692815}.
[I 2025-08-10 01:34:49,234] Trial 54 finished with values: [0.8622613928714276, 0.2463393626184324] and parameters: {'psi': 0.8608175589857687, 'lda_s': 0.031111333247612255}.
[I 2025-08-10 01:34:54,739] Trial 55 finished with values: [0.871872683609046, 0.24358033749082905] and parameters: {'psi': 0.4085085569511159, 'lda_s': 3.7871706299474284e-06}.
[I 2025-08-10 01:35:00,245] Trial 56 finished with values: [0.8649146635400133, 0.23876197494473103] and parameters: {'psi': 0.7871599503749684, 'lda_s': 0.0005414694557959762}.
[I 2025-08-10 01:35:05,762] Trial 57 finished with values: [0.8719459988401241, 0.24486803519061584] and parameters: {'psi': 0.39243716161845077, 'lda_s': 3.372881150696591e-08}.
[I 2025-08-10 01:35:11,272] Trial 58 finished with values: [0.870090211339898, 0.2410518626734843] and parameters: {'psi': 0.41748808556326167, 'lda_s': 0.0002794118900873561}.
[I 2025-08-10 01:35:16,789] Trial 59 finished with values: [0.857591096060647, 0.279424216765453] and parameters: {'psi': 0.39243716161845077, 'lda_s': 0.08483894904150989}.
[I 2025-08-10 01:35:22,322] Trial 60 finished with values: [0.8715729072993714, 0.23241106719367588] and parameters: {'psi': 0.7171673516742897, 'lda_s': 0.6514112258013037}.
[I 2025-08-10 01:35:27,830] Trial 61 finished with values: [0.8682951197980477, 0.24135393671817512] and parameters: {'psi': 0.7094486695354211, 'lda_s': 2.913534548565607e-07}.
[I 2025-08-10 01:35:33,354] Trial 62 finished with values: [0.8531307318245438, 0.24017790956263899] and parameters: {'psi': 0.027508179218553863, 'lda_s': 0.00048816626969887326}.
[I 2025-08-10 01:35:38,851] Trial 63 finished with values: [0.868187993146089, 0.24135393671817512] and parameters: {'psi': 0.7147867095580838, 'lda_s': 5.518183975270093e-07}.
[I 2025-08-10 01:35:44,362] Trial 64 finished with values: [0.8694252991179128, 0.24064563462949376] and parameters: {'psi': 0.6359512173028455, 'lda_s': 5.734590872594549e-05}.
[I 2025-08-10 01:35:49,878] Trial 65 finished with values: [0.8730535457687303, 0.2645698427382054] and parameters: {'psi': 0.7135653800761756, 'lda_s': 0.039330618370780175}.
[I 2025-08-10 01:35:55,394] Trial 66 finished with values: [0.8526948182522966, 0.23922734026745915] and parameters: {'psi': 0.7210285473430347, 'lda_s': 0.008800159140223552}.
[I 2025-08-10 01:36:00,917] Trial 67 finished with values: [0.872007929292569, 0.24269005847953215] and parameters: {'psi': 0.28579488453407365, 'lda_s': 1.2487390075903308e-05}.
[I 2025-08-10 01:36:06,417] Trial 68 finished with values: [0.8658997212238062, 0.24538063562453807] and parameters: {'psi': 0.8113662104136364, 'lda_s': 4.219173388067525e-05}.
[I 2025-08-10 01:36:11,923] Trial 69 finished with values: [0.8710791782549082, 0.24358033749082905] and parameters: {'psi': 0.5320483618406954, 'lda_s': 1.2044586586099375e-07}.
[I 2025-08-10 01:36:17,431] Trial 70 finished with values: [0.8654798560744515, 0.24390243902439024] and parameters: {'psi': 0.8300171722706714, 'lda_s': 1.1741721567003063e-08}.
[I 2025-08-10 01:36:22,937] Trial 71 finished with values: [0.8608236187794529, 0.2563681183237469] and parameters: {'psi': 0.0777872113225817, 'lda_s': 0.018488120654585386}.
[I 2025-08-10 01:36:28,437] Trial 72 finished with values: [0.8615984695565533, 0.23529411764705882] and parameters: {'psi': 0.9713258257400587, 'lda_s': 5.568814384929476e-05}.
[I 2025-08-10 01:36:34,049] Trial 73 finished with values: [0.8721272637192069, 0.24269005847953215] and parameters: {'psi': 0.28579488453407365, 'lda_s': 2.2275824598161963e-07}.
[I 2025-08-10 01:36:39,560] Trial 74 finished with values: [0.871846759233604, 0.24358033749082905] and parameters: {'psi': 0.41748808556326167, 'lda_s': 3.095851090545751e-06}.
[I 2025-08-10 01:36:45,055] Trial 75 finished with values: [0.8717862004412356, 0.2421129860601614] and parameters: {'psi': 0.4325435343891497, 'lda_s': 4.973601513049647e-06}.
[I 2025-08-10 01:36:50,575] Trial 76 finished with values: [0.8768225933263798, 0.16640746500777606] and parameters: {'psi': 0.6411121489389484, 'lda_s': 0.10673694803849297}.
[I 2025-08-10 01:36:56,081] Trial 77 finished with values: [0.8718621218264585, 0.24358033749082905] and parameters: {'psi': 0.41748808556326167, 'lda_s': 2.3129551242164597e-07}.
[I 2025-08-10 01:37:01,586] Trial 78 finished with values: [0.8692188642764301, 0.24082232011747431] and parameters: {'psi': 0.6611245613664881, 'lda_s': 1.0457540119093203e-06}.
[I 2025-08-10 01:37:07,086] Trial 79 finished with values: [0.8705714582776669, 0.24358033749082905] and parameters: {'psi': 0.574125627046693, 'lda_s': 6.041777005779542e-07}.
[I 2025-08-10 01:37:12,608] Trial 80 finished with values: [0.853777881048541, 0.2470059880239521] and parameters: {'psi': 0.026301441348800192, 'lda_s': 3.49491342228434}.
[I 2025-08-10 01:37:18,102] Trial 81 finished with values: [0.8652638196124346, 0.24278312361213916] and parameters: {'psi': 0.8348899433400925, 'lda_s': 1.715286209478769e-05}.
[I 2025-08-10 01:37:23,615] Trial 82 finished with values: [0.8602170021107105, 0.24005891016200295] and parameters: {'psi': 0.9349633372348487, 'lda_s': 0.00025908422463305096}.
[I 2025-08-10 01:37:29,121] Trial 83 finished with values: [0.8679442491505309, 0.24153166421207659] and parameters: {'psi': 0.726708676838011, 'lda_s': 3.996464212082914e-08}.
[I 2025-08-10 01:37:34,628] Trial 84 finished with values: [0.8568979962240941, 0.2375366568914956] and parameters: {'psi': 0.7135653800761756, 'lda_s': 0.004277866866807826}.
[I 2025-08-10 01:37:40,147] Trial 85 finished with values: [0.8596100425269491, 0.2782608695652174] and parameters: {'psi': 0.4047784605609063, 'lda_s': 0.2795473258935231}.
[I 2025-08-10 01:37:45,645] Trial 86 finished with values: [0.8693986203294288, 0.24064563462949376] and parameters: {'psi': 0.6512650043859491, 'lda_s': 7.446837761947781e-07}.
[I 2025-08-10 01:37:51,144] Trial 87 finished with values: [0.8701593430077432, 0.2421129860601614] and parameters: {'psi': 0.6038690156982813, 'lda_s': 3.8131094478285676e-07}.
[I 2025-08-10 01:37:56,654] Trial 88 finished with values: [0.8494215572292246, 0.2479740680713128] and parameters: {'psi': 0.4829922879011669, 'lda_s': 0.014864368823027755}.
[I 2025-08-10 01:38:02,163] Trial 89 finished with values: [0.8718621218264585, 0.24358033749082905] and parameters: {'psi': 0.41748808556326167, 'lda_s': 2.3129551242164597e-07}.
[I 2025-08-10 01:38:07,683] Trial 90 finished with values: [0.8531307318245438, 0.24017790956263899] and parameters: {'psi': 0.027508179218553863, 'lda_s': 0.00048816626969887326}.
[I 2025-08-10 01:38:13,202] Trial 91 finished with values: [0.8394033635299726, 0.23205221174764323] and parameters: {'psi': 0.01615830565035492, 'lda_s': 0.00011827711119525636}.
[I 2025-08-10 01:38:18,709] Trial 92 finished with values: [0.8681160495750871, 0.27298050139275765] and parameters: {'psi': 0.4829922879011669, 'lda_s': 1.6930849464866453}.
[I 2025-08-10 01:38:24,225] Trial 93 finished with values: [0.8665075038036133, 0.2752808988764045] and parameters: {'psi': 0.26734274379659995, 'lda_s': 0.10047378659013717}.
[I 2025-08-10 01:38:29,736] Trial 94 finished with values: [0.8585941910744432, 0.27347310847766637] and parameters: {'psi': 0.9469060744502376, 'lda_s': 0.047291639023692815}.
[I 2025-08-10 01:38:35,252] Trial 95 finished with values: [0.8499833206134723, 0.24425059476605868] and parameters: {'psi': 0.5217355362933778, 'lda_s': 0.014864368823027755}.
[I 2025-08-10 01:38:40,776] Trial 96 finished with values: [0.8684507346337038, 0.23781998348472336] and parameters: {'psi': 0.7715533200101958, 'lda_s': 4.457249559454418}.
[I 2025-08-10 01:38:46,269] Trial 97 finished with values: [0.8688090122456326, 0.2411764705882353] and parameters: {'psi': 0.6818935372368033, 'lda_s': 7.390120137534024e-06}.
[I 2025-08-10 01:38:51,772] Trial 98 finished with values: [0.8691505556046306, 0.24070021881838075] and parameters: {'psi': 0.14893407191636665, 'lda_s': 0.00016963633044362312}.
[I 2025-08-10 01:38:57,278] Trial 99 finished with values: [0.8621653766660868, 0.23823529411764705] and parameters: {'psi': 0.7581571062699357, 'lda_s': 0.0016991589911302565}.
[I 2025-08-10 01:39:02,787] Trial 100 finished with values: [0.8703688640843976, 0.23615160349854228] and parameters: {'psi': 0.08767649416430834, 'lda_s': 1.715286209478769e-05}.
[I 2025-08-10 01:39:08,299] Trial 101 finished with values: [0.8516837676100579, 0.24696969696969698] and parameters: {'psi': 0.19112037261339998, 'lda_s': 0.0040889644209015285}.
[I 2025-08-10 01:39:13,807] Trial 102 finished with values: [0.8596277369419332, 0.27978339350180503] and parameters: {'psi': 0.5194467527340032, 'lda_s': 0.031111333247612255}.
[I 2025-08-10 01:39:19,310] Trial 103 finished with values: [0.8627075938942471, 0.24278312361213916] and parameters: {'psi': 0.8934331556782898, 'lda_s': 6.696327591642487e-07}.
[I 2025-08-10 01:39:24,806] Trial 104 finished with values: [0.8686270615365116, 0.25929456625357483] and parameters: {'psi': 0.9124565812799479, 'lda_s': 0.1076188716284911}.
[I 2025-08-10 01:39:30,415] Trial 105 finished with values: [0.8622083782094787, 0.26117440841367223] and parameters: {'psi': 0.8203073659517635, 'lda_s': 1.003284383340664}.
[I 2025-08-10 01:39:35,910] Trial 106 finished with values: [0.8673839260093635, 0.24188790560471976] and parameters: {'psi': 0.7534418154301273, 'lda_s': 2.5651021423268322e-08}.
[I 2025-08-10 01:39:41,417] Trial 107 finished with values: [0.8720168450830649, 0.266152362584378] and parameters: {'psi': 0.7871599503749684, 'lda_s': 0.047291639023692815}.
[I 2025-08-10 01:39:46,928] Trial 108 finished with values: [0.8698493478305002, 0.2649656526005888] and parameters: {'psi': 0.8222758684859183, 'lda_s': 0.047291639023692815}.
[I 2025-08-10 01:39:52,429] Trial 109 finished with values: [0.871964927749177, 0.24468864468864468] and parameters: {'psi': 0.38449362950218524, 'lda_s': 3.006735383398481e-08}.
[I 2025-08-10 01:39:57,939] Trial 110 finished with values: [0.8680210621148036, 0.27598896044158233] and parameters: {'psi': 0.28579488453407365, 'lda_s': 0.5890734021336608}.
[I 2025-08-10 01:40:03,452] Trial 111 finished with values: [0.8663632051635868, 0.2701722574796011] and parameters: {'psi': 0.5708850992367807, 'lda_s': 0.03245235423058316}.
[I 2025-08-10 01:40:08,961] Trial 112 finished with values: [0.870479076971528, 0.2410518626734843] and parameters: {'psi': 0.38237874356752943, 'lda_s': 0.0002134865105640305}.
[I 2025-08-10 01:40:14,456] Trial 113 finished with values: [0.8697328253070187, 0.24193548387096775] and parameters: {'psi': 0.6179326057579455, 'lda_s': 5.180922633688906e-05}.
[I 2025-08-10 01:40:19,957] Trial 114 finished with values: [0.8697469534058047, 0.23418181818181819] and parameters: {'psi': 0.06544241031954123, 'lda_s': 2.3129551242164597e-07}.
[I 2025-08-10 01:40:25,457] Trial 115 finished with values: [0.8656105066967188, 0.28596802841918295] and parameters: {'psi': 0.3468282809570784, 'lda_s': 3.4514872227134767}.
[I 2025-08-10 01:40:30,970] Trial 116 finished with values: [0.854189790569453, 0.2846975088967972] and parameters: {'psi': 0.41748808556326167, 'lda_s': 0.030583979948177187}.
[I 2025-08-10 01:40:36,471] Trial 117 finished with values: [0.8719437356009982, 0.24486803519061584] and parameters: {'psi': 0.39243716161845077, 'lda_s': 3.0900108061949324e-07}.
[I 2025-08-10 01:40:41,985] Trial 118 finished with values: [0.8654598984203414, 0.24390243902439024] and parameters: {'psi': 0.8300171722706714, 'lda_s': 6.0715847294442286e-06}.
[I 2025-08-10 01:40:47,489] Trial 119 finished with values: [0.8726268223189942, 0.259927797833935] and parameters: {'psi': 0.5343484246574698, 'lda_s': 1.6930849464866453}.
[I 2025-08-10 01:40:52,992] Trial 120 finished with values: [0.8709185568599739, 0.2359796067006555] and parameters: {'psi': 0.0900206358561122, 'lda_s': 7.646588966726443e-07}.
[I 2025-08-10 01:40:58,495] Trial 121 finished with values: [0.8611619387372714, 0.25574977000919963] and parameters: {'psi': 0.8334820268003161, 'lda_s': 7.8928063848993535}.
[I 2025-08-10 01:41:03,998] Trial 122 finished with values: [0.8592546454011805, 0.2728062554300608] and parameters: {'psi': 0.41748808556326167, 'lda_s': 4.866634741133879}.
[I 2025-08-10 01:41:09,509] Trial 123 finished with values: [0.878901138422997, 0.178125] and parameters: {'psi': 0.6537651151034862, 'lda_s': 0.20461505915732406}.
