[I 2025-08-10 02:32:41,351] Trial 496 finished with values: [0.7988268416594034, 0.15053763440860216] and parameters: {'psi': 0.5080582036548884, 'lda_s': 0.38925843618188266}.
[I 2025-08-10 02:32:47,348] Trial 497 finished with values: [0.7989947361017226, 0.15250544662309368] and parameters: {'psi': 0.49562550521069604, 'lda_s': 0.35989808440851745}.
[I 2025-08-10 02:32:53,350] Trial 498 finished with values: [0.7992506528730242, 0.15233949945593037] and parameters: {'psi': 0.5026457860232199, 'lda_s': 0.2707261330931953}.
[I 2025-08-10 02:32:59,347] Trial 499 finished with values: [0.7994879056504955, 0.1495124593716143] and parameters: {'psi': 0.4801392795755518, 'lda_s': 0.10102607643057836}.
