[I 2025-08-10 01:43:07,306] Trial 0 finished with values: [0.7650588681925935, 0.11754684838160136] and parameters: {'psi': 0.9639900721532346, 'lda_s': 0.005246737972350157}.
[I 2025-08-10 01:43:13,305] Trial 1 finished with values: [0.7783310053600708, 0.1254180602006689] and parameters: {'psi': 0.9763667504737344, 'lda_s': 1.2250956883866898e-06}.
[I 2025-08-10 01:43:19,307] Trial 2 finished with values: [0.7869009571124242, 0.1186161449752883] and parameters: {'psi': 0.46049443574220184, 'lda_s': 0.00011299046545691304}.
[I 2025-08-10 01:43:25,302] Trial 3 finished with values: [0.7761005358440779, 0.12510566356720204] and parameters: {'psi': 0.8994281641613183, 'lda_s': 1.1229642413892805e-06}.
[I 2025-08-10 01:43:31,306] Trial 4 finished with values: [0.7868699862929673, 0.11283728536385937] and parameters: {'psi': 0.10658556819615483, 'lda_s': 2.48955885943178e-08}.
[I 2025-08-10 01:43:37,304] Trial 5 finished with values: [0.7888757543635847, 0.1053763440860215] and parameters: {'psi': 0.22834987629893366, 'lda_s': 0.024744372373358102}.
[I 2025-08-10 01:43:43,299] Trial 6 finished with values: [0.7766834392671196, 0.125] and parameters: {'psi': 0.8878123739806477, 'lda_s': 4.937835010851795e-08}.
[I 2025-08-10 01:43:49,273] Trial 7 finished with values: [0.781740566573651, 0.12323064113238967] and parameters: {'psi': 0.7742242471345926, 'lda_s': 1.7851146092970655e-06}.
[I 2025-08-10 01:43:55,386] Trial 8 finished with values: [0.797227035830141, 0.14859926918392205] and parameters: {'psi': 0.41800142968337584, 'lda_s': 0.6057494218203631}.
[I 2025-08-10 01:44:01,396] Trial 9 finished with values: [0.7762716088704993, 0.125] and parameters: {'psi': 0.8955719071743364, 'lda_s': 1.457114118751427e-05}.
[I 2025-08-10 01:44:07,388] Trial 10 finished with values: [0.7923290007330304, 0.10718113612004287] and parameters: {'psi': 0.23116251388775755, 'lda_s': 0.11484099371205936}.
[I 2025-08-10 01:44:13,377] Trial 11 finished with values: [0.7876272228286889, 0.11851851851851852] and parameters: {'psi': 0.5178276805382201, 'lda_s': 1.2248722028441006e-07}.
[I 2025-08-10 01:44:19,382] Trial 12 finished with values: [0.7891308561133219, 0.11677631578947369] and parameters: {'psi': 0.3454846445952049, 'lda_s': 3.032125052176685e-08}.
[I 2025-08-10 01:44:25,381] Trial 13 finished with values: [0.7870181572134217, 0.1186161449752883] and parameters: {'psi': 0.4876805480142258, 'lda_s': 8.659700359535617e-05}.
[I 2025-08-10 01:44:31,375] Trial 14 finished with values: [0.7917130889366201, 0.10775862068965517] and parameters: {'psi': 0.2009792310134887, 'lda_s': 0.03780062541208393}.
[I 2025-08-10 01:44:37,369] Trial 15 finished with values: [0.7988213810149203, 0.14541387024608501] and parameters: {'psi': 0.4801392795755518, 'lda_s': 3.5953217624665785}.
[I 2025-08-10 01:44:43,366] Trial 16 finished with values: [0.7887470624585255, 0.11842105263157894] and parameters: {'psi': 0.3795987511690867, 'lda_s': 1.1691584836511829e-05}.
[I 2025-08-10 01:44:49,346] Trial 17 finished with values: [0.7785133256840843, 0.12468407750631845] and parameters: {'psi': 0.848482965070999, 'lda_s': 1.0186249188446074e-05}.
[I 2025-08-10 01:44:55,335] Trial 18 finished with values: [0.7745620196364775, 0.12647554806070826] and parameters: {'psi': 0.9359465335119592, 'lda_s': 1.7923267825781732e-05}.
[I 2025-08-10 01:45:01,304] Trial 19 finished with values: [0.7840796784642124, 0.1222130470685384] and parameters: {'psi': 0.7033400403001184, 'lda_s': 5.045496175768268e-05}.
[I 2025-08-10 01:45:07,318] Trial 20 finished with values: [0.7859817757918057, 0.10576015108593012] and parameters: {'psi': 0.07372564504527612, 'lda_s': 0.028523651770957514}.
[I 2025-08-10 01:45:13,294] Trial 21 finished with values: [0.780357556480587, 0.11230388109000826] and parameters: {'psi': 0.30760053720834435, 'lda_s': 0.0007642521006546663}.
[I 2025-08-10 01:45:19,290] Trial 22 finished with values: [0.7810028905554811, 0.11156685808039377] and parameters: {'psi': 0.15213677818043136, 'lda_s': 0.00030080181732307956}.
[I 2025-08-10 01:45:25,288] Trial 23 finished with values: [0.7800749885041207, 0.12405699916177704] and parameters: {'psi': 0.8141232904890873, 'lda_s': 1.7799451266691395e-08}.
[I 2025-08-10 01:45:31,262] Trial 24 finished with values: [0.7805552807121724, 0.1116584564860427] and parameters: {'psi': 0.1709809005127455, 'lda_s': 0.00040262938097878774}.
[I 2025-08-10 01:45:37,256] Trial 25 finished with values: [0.7866884809905186, 0.11292962356792144] and parameters: {'psi': 0.11018198730508266, 'lda_s': 6.163187283382128e-06}.
[I 2025-08-10 01:45:43,237] Trial 26 finished with values: [0.7712298854715396, 0.12234494477485132] and parameters: {'psi': 0.8901123499260009, 'lda_s': 0.0017224508208365527}.
[I 2025-08-10 01:45:49,221] Trial 27 finished with values: [0.7794241122825867, 0.12426532325776658] and parameters: {'psi': 0.8288250476540705, 'lda_s': 3.786441973253789e-08}.
[I 2025-08-10 01:45:55,222] Trial 28 finished with values: [0.7892605260442586, 0.11677631578947369] and parameters: {'psi': 0.3217115825494604, 'lda_s': 1.834672561560558e-08}.
[I 2025-08-10 01:46:01,205] Trial 29 finished with values: [0.783428883744835, 0.12241521918941274] and parameters: {'psi': 0.7253322758378427, 'lda_s': 4.2880055030128474e-05}.
[I 2025-08-10 01:46:07,188] Trial 30 finished with values: [0.7860277430080523, 0.12056151940545004] and parameters: {'psi': 0.6281967350918983, 'lda_s': 2.620103719894448e-07}.
[I 2025-08-10 01:46:13,184] Trial 31 finished with values: [0.7882676667741951, 0.11677631578947369] and parameters: {'psi': 0.357288756628361, 'lda_s': 4.787842904571492e-05}.
[I 2025-08-10 01:46:19,165] Trial 32 finished with values: [0.7756662923544295, 0.12510566356720204] and parameters: {'psi': 0.9069104607074282, 'lda_s': 1.831547676372666e-05}.
[I 2025-08-10 01:46:25,167] Trial 33 finished with values: [0.7885861772016627, 0.11842105263157894] and parameters: {'psi': 0.417824382873335, 'lda_s': 2.2916325725368908e-06}.
[I 2025-08-10 01:46:31,171] Trial 34 finished with values: [0.7889923024473303, 0.11677631578947369] and parameters: {'psi': 0.33763999795298094, 'lda_s': 1.0281504140775182e-05}.
[I 2025-08-10 01:46:37,262] Trial 35 finished with values: [0.7756468948411905, 0.10598290598290598] and parameters: {'psi': 0.559356746039798, 'lda_s': 0.01221494205713017}.
[I 2025-08-10 01:46:43,277] Trial 36 finished with values: [0.7713611039434493, 0.10607356715141146] and parameters: {'psi': 0.5966963174425466, 'lda_s': 0.010251998958285982}.
[I 2025-08-10 01:46:49,296] Trial 37 finished with values: [0.7923958325013322, 0.10834236186348863] and parameters: {'psi': 0.1740493236014472, 'lda_s': 0.04694748785231616}.
[I 2025-08-10 01:46:55,300] Trial 38 finished with values: [0.7783451052331393, 0.11382113821138211] and parameters: {'psi': 0.048882528083854404, 'lda_s': 1.3669172985869475e-06}.
[I 2025-08-10 01:47:01,280] Trial 39 finished with values: [0.7782474656496937, 0.115990057995029] and parameters: {'psi': 0.6312878618606935, 'lda_s': 0.0018165592601523388}.
[I 2025-08-10 01:47:07,265] Trial 40 finished with values: [0.7844453786402735, 0.10721649484536082] and parameters: {'psi': 0.31112140339580674, 'lda_s': 0.018781893387665755}.
[I 2025-08-10 01:47:13,254] Trial 41 finished with values: [0.7789282531626504, 0.1267723102585488] and parameters: {'psi': 0.9812259303906526, 'lda_s': 2.4682562444694176e-08}.
[I 2025-08-10 01:47:19,253] Trial 42 finished with values: [0.7880117500028935, 0.1186161449752883] and parameters: {'psi': 0.4809456396108607, 'lda_s': 4.219748115437757e-07}.
[I 2025-08-10 01:47:25,231] Trial 43 finished with values: [0.7819625784478632, 0.12261806130903065] and parameters: {'psi': 0.7506552367613272, 'lda_s': 0.0001602408849665105}.
[I 2025-08-10 01:47:31,226] Trial 44 finished with values: [0.7937695513485592, 0.1175115207373272] and parameters: {'psi': 0.31702328010986236, 'lda_s': 0.6199128284024843}.
[I 2025-08-10 01:47:37,216] Trial 45 finished with values: [0.7894009542598488, 0.11658456486042693] and parameters: {'psi': 0.28551560993265157, 'lda_s': 2.0542871551934918e-07}.
[I 2025-08-10 01:47:43,216] Trial 46 finished with values: [0.7799317077130543, 0.1140495867768595] and parameters: {'psi': 0.4302364728609379, 'lda_s': 0.001096238820686353}.
[I 2025-08-10 01:47:49,220] Trial 47 finished with values: [0.785841266074059, 0.12046204620462046] and parameters: {'psi': 0.6210425461279904, 'lda_s': 4.700890027471678e-05}.
[I 2025-08-10 01:47:55,241] Trial 48 finished with values: [0.7863687480307042, 0.12026359143327842] and parameters: {'psi': 0.6082375728122495, 'lda_s': 4.059350112527163e-07}.
[I 2025-08-10 01:48:01,246] Trial 49 finished with values: [0.7838844807994775, 0.12231404958677686] and parameters: {'psi': 0.7177495940168505, 'lda_s': 1.5445531446840272e-06}.
[I 2025-08-10 01:48:07,235] Trial 50 finished with values: [0.7776469577608555, 0.1248945147679325] and parameters: {'psi': 0.8645085451561233, 'lda_s': 4.959192331141588e-05}.
[I 2025-08-10 01:48:13,208] Trial 51 finished with values: [0.793782999204376, 0.14634146341463414] and parameters: {'psi': 0.9639900721532346, 'lda_s': 1.6828716515107158}.
[I 2025-08-10 01:48:19,201] Trial 52 finished with values: [0.7865288182660025, 0.12016460905349795] and parameters: {'psi': 0.5989870262924111, 'lda_s': 1.7799451266691395e-08}.
[I 2025-08-10 01:48:25,203] Trial 53 finished with values: [0.7984402769312873, 0.14925373134328357] and parameters: {'psi': 0.46049443574220184, 'lda_s': 3.5953217624665785}.
[I 2025-08-10 01:48:31,191] Trial 54 finished with values: [0.786337369700465, 0.12026359143327842] and parameters: {'psi': 0.6092896691886117, 'lda_s': 2.2916325725368908e-06}.
[I 2025-08-10 01:48:37,176] Trial 55 finished with values: [0.7806829945913539, 0.10654205607476636] and parameters: {'psi': 0.31702328010986236, 'lda_s': 0.013590256978404764}.
[I 2025-08-10 01:48:43,163] Trial 56 finished with values: [0.7988213810149203, 0.14541387024608501] and parameters: {'psi': 0.4801392795755518, 'lda_s': 3.5953217624665785}.
[I 2025-08-10 01:48:49,155] Trial 57 finished with values: [0.7843363287549227, 0.1222130470685384] and parameters: {'psi': 0.7033400403001184, 'lda_s': 1.834672561560558e-08}.
[I 2025-08-10 01:48:55,140] Trial 58 finished with values: [0.7880915406140732, 0.1186161449752883] and parameters: {'psi': 0.45968476507458733, 'lda_s': 1.1691584836511829e-05}.
[I 2025-08-10 01:49:01,120] Trial 59 finished with values: [0.7775004983856869, 0.1248945147679325] and parameters: {'psi': 0.8707353607575852, 'lda_s': 4.503699641961086e-06}.
[I 2025-08-10 01:49:07,111] Trial 60 finished with values: [0.7859953051497791, 0.12056151940545004] and parameters: {'psi': 0.6281967350918983, 'lda_s': 6.377538115977734e-06}.
[I 2025-08-10 01:49:13,097] Trial 61 finished with values: [0.7838844807994775, 0.12231404958677686] and parameters: {'psi': 0.7177495940168505, 'lda_s': 1.5445531446840272e-06}.
[I 2025-08-10 01:49:19,093] Trial 62 finished with values: [0.7890425892778697, 0.116107931316435] and parameters: {'psi': 0.19746206231946573, 'lda_s': 6.163187283382128e-06}.
[I 2025-08-10 01:49:25,094] Trial 63 finished with values: [0.7868699862929673, 0.11283728536385937] and parameters: {'psi': 0.10658556819615483, 'lda_s': 2.48955885943178e-08}.
[I 2025-08-10 01:49:31,100] Trial 64 finished with values: [0.7925394393010244, 0.11977401129943503] and parameters: {'psi': 0.3181011767329681, 'lda_s': 0.04694748785231616}.
[I 2025-08-10 01:49:37,093] Trial 65 finished with values: [0.7761005358440779, 0.12510566356720204] and parameters: {'psi': 0.8994281641613183, 'lda_s': 1.1229642413892805e-06}.
[I 2025-08-10 01:49:43,081] Trial 66 finished with values: [0.7884455044796029, 0.11648892534864644] and parameters: {'psi': 0.297441343214185, 'lda_s': 4.2880055030128474e-05}.
[I 2025-08-10 01:49:49,060] Trial 67 finished with values: [0.78812251143353, 0.1463917525773196] and parameters: {'psi': 0.7613236361786442, 'lda_s': 5.4990451390613915}.
[I 2025-08-10 01:49:55,077] Trial 68 finished with values: [0.7869009571124242, 0.1186161449752883] and parameters: {'psi': 0.46049443574220184, 'lda_s': 0.00011299046545691304}.
[I 2025-08-10 01:50:01,048] Trial 69 finished with values: [0.783428883744835, 0.12241521918941274] and parameters: {'psi': 0.7253322758378427, 'lda_s': 4.2880055030128474e-05}.
[I 2025-08-10 01:50:07,031] Trial 70 finished with values: [0.7886097313248811, 0.11842105263157894] and parameters: {'psi': 0.41800142968337584, 'lda_s': 1.2248722028441006e-07}.
[I 2025-08-10 01:50:13,021] Trial 71 finished with values: [0.7905295146204273, 0.11712707182320442] and parameters: {'psi': 0.643453585001411, 'lda_s': 0.31869351772875915}.
[I 2025-08-10 01:50:19,018] Trial 72 finished with values: [0.7894009542598488, 0.11658456486042693] and parameters: {'psi': 0.28551560993265157, 'lda_s': 2.0542871551934918e-07}.
[I 2025-08-10 01:50:25,096] Trial 73 finished with values: [0.7757438824073847, 0.125] and parameters: {'psi': 0.9062257606989543, 'lda_s': 1.1229642413892805e-06}.
[I 2025-08-10 01:50:31,086] Trial 74 finished with values: [0.7893469998322686, 0.11620294599018004] and parameters: {'psi': 0.21275807430157023, 'lda_s': 4.937835010851795e-08}.
[I 2025-08-10 01:50:37,059] Trial 75 finished with values: [0.790007248801796, 0.14845360824742268] and parameters: {'psi': 0.8216293888586347, 'lda_s': 5.020781787413052}.
[I 2025-08-10 01:50:43,052] Trial 76 finished with values: [0.7847732618157343, 0.1222130470685384] and parameters: {'psi': 0.6874985959242328, 'lda_s': 1.7859396673511512e-07}.
[I 2025-08-10 01:50:49,053] Trial 77 finished with values: [0.7872215050938033, 0.12016460905349795] and parameters: {'psi': 0.5512719448799811, 'lda_s': 8.029297179193395e-08}.
[I 2025-08-10 01:50:55,037] Trial 78 finished with values: [0.7691483203954094, 0.11363636363636363] and parameters: {'psi': 0.03345041296857476, 'lda_s': 1.1691584836511829e-05}.
[I 2025-08-10 01:51:01,038] Trial 79 finished with values: [0.7916753534381766, 0.10793650793650794] and parameters: {'psi': 0.13838289751367294, 'lda_s': 0.0318986337062158}.
[I 2025-08-10 01:51:07,009] Trial 80 finished with values: [0.7889063991744157, 0.11648892534864644] and parameters: {'psi': 0.24307003050593745, 'lda_s': 1.9893291365314546e-05}.
[I 2025-08-10 01:51:12,980] Trial 81 finished with values: [0.7891882336314736, 0.11648892534864644] and parameters: {'psi': 0.2799399625566721, 'lda_s': 1.0186249188446074e-05}.
[I 2025-08-10 01:51:18,977] Trial 82 finished with values: [0.775648198875694, 0.10891089108910891] and parameters: {'psi': 0.08761452608926656, 'lda_s': 0.0005336717940306177}.
[I 2025-08-10 01:51:24,972] Trial 83 finished with values: [0.7890841553776673, 0.11668036154478226] and parameters: {'psi': 0.31566402054858267, 'lda_s': 1.0281504140775182e-05}.
[I 2025-08-10 01:51:30,950] Trial 84 finished with values: [0.7893737325395892, 0.11639344262295082] and parameters: {'psi': 0.23116251388775755, 'lda_s': 1.5445531446840272e-06}.
[I 2025-08-10 01:51:36,929] Trial 85 finished with values: [0.7859036967259116, 0.12056151940545004] and parameters: {'psi': 0.6349966915251138, 'lda_s': 2.1364095062240008e-06}.
[I 2025-08-10 01:51:42,920] Trial 86 finished with values: [0.7884358872251401, 0.11620294599018004] and parameters: {'psi': 0.16963278013032357, 'lda_s': 1.2071351502314645e-05}.
[I 2025-08-10 01:51:48,921] Trial 87 finished with values: [0.7800749885041207, 0.12405699916177704] and parameters: {'psi': 0.8141232904890873, 'lda_s': 1.7799451266691395e-08}.
[I 2025-08-10 01:51:54,905] Trial 88 finished with values: [0.7875643031638975, 0.11620294599018004] and parameters: {'psi': 0.19632789827284902, 'lda_s': 5.045496175768268e-05}.
[I 2025-08-10 01:52:00,881] Trial 89 finished with values: [0.7861497517362812, 0.12046204620462046] and parameters: {'psi': 0.6210425461279904, 'lda_s': 1.5445531446840272e-06}.
[I 2025-08-10 01:52:06,873] Trial 90 finished with values: [0.7719219202820886, 0.1173512154233026] and parameters: {'psi': 0.7924667988543207, 'lda_s': 0.002966867342189987}.
[I 2025-08-10 01:52:12,877] Trial 91 finished with values: [0.7876229847165527, 0.11851851851851852] and parameters: {'psi': 0.5178276805382201, 'lda_s': 5.150582675956953e-07}.
[I 2025-08-10 01:52:18,868] Trial 92 finished with values: [0.7797627537427012, 0.11211871393239901] and parameters: {'psi': 0.22834987629893366, 'lda_s': 0.000661188538667314}.
[I 2025-08-10 01:52:24,883] Trial 93 finished with values: [0.7799317077130543, 0.1140495867768595] and parameters: {'psi': 0.4302364728609379, 'lda_s': 0.001096238820686353}.
[I 2025-08-10 01:52:30,882] Trial 94 finished with values: [0.7924475863706878, 0.1496881496881497] and parameters: {'psi': 0.8878123739806477, 'lda_s': 6.840747767777759}.
[I 2025-08-10 01:52:36,863] Trial 95 finished with values: [0.7765721073213875, 0.125] and parameters: {'psi': 0.8901123499260009, 'lda_s': 4.059350112527163e-07}.
[I 2025-08-10 01:52:42,849] Trial 96 finished with values: [0.7890343575600667, 0.11677631578947369] and parameters: {'psi': 0.3438368164239115, 'lda_s': 6.163187283382128e-06}.
[I 2025-08-10 01:52:48,828] Trial 97 finished with values: [0.7892913338594024, 0.11620294599018004] and parameters: {'psi': 0.21280947161623742, 'lda_s': 1.7851146092970655e-06}.
[I 2025-08-10 01:52:54,829] Trial 98 finished with values: [0.788925878189811, 0.11668036154478226] and parameters: {'psi': 0.31702328010986236, 'lda_s': 1.7923267825781732e-05}.
[I 2025-08-10 01:53:00,803] Trial 99 finished with values: [0.782616959262125, 0.12271973466003316] and parameters: {'psi': 0.7506552367613272, 'lda_s': 1.831547676372666e-05}.
[I 2025-08-10 01:53:06,792] Trial 100 finished with values: [0.7937695513485592, 0.1175115207373272] and parameters: {'psi': 0.31702328010986236, 'lda_s': 0.6199128284024843}.
[I 2025-08-10 01:53:12,774] Trial 101 finished with values: [0.7756799032145592, 0.12510566356720204] and parameters: {'psi': 0.8994281641613183, 'lda_s': 0.00014414703682020486}.
[I 2025-08-10 01:53:18,780] Trial 102 finished with values: [0.7925233833762008, 0.10706638115631692] and parameters: {'psi': 0.20955549265950568, 'lda_s': 5.020781787413052}.
[I 2025-08-10 01:53:24,787] Trial 103 finished with values: [0.7916753534381766, 0.10793650793650794] and parameters: {'psi': 0.13838289751367294, 'lda_s': 0.0318986337062158}.
[I 2025-08-10 01:53:30,763] Trial 104 finished with values: [0.789014797042515, 0.1469387755102041] and parameters: {'psi': 0.8092233035388908, 'lda_s': 0.31869351772875915}.
[I 2025-08-10 01:53:36,873] Trial 105 finished with values: [0.7972568656194075, 0.14859926918392205] and parameters: {'psi': 0.41800142968337584, 'lda_s': 9.297316446482458}.
[I 2025-08-10 01:53:42,883] Trial 106 finished with values: [0.7924475863706878, 0.1496881496881497] and parameters: {'psi': 0.8878123739806477, 'lda_s': 6.840747767777759}.
[I 2025-08-10 01:53:48,860] Trial 107 finished with values: [0.785230814922132, 0.12036273701566365] and parameters: {'psi': 0.5989870262924111, 'lda_s': 0.0001769562444775184}.
[I 2025-08-10 01:53:54,862] Trial 108 finished with values: [0.7789095891688197, 0.1267723102585488] and parameters: {'psi': 0.9812259303906526, 'lda_s': 9.762818907095672e-06}.
[I 2025-08-10 01:54:00,866] Trial 109 finished with values: [0.7857521027148857, 0.1222130470685384] and parameters: {'psi': 0.643453585001411, 'lda_s': 1.5445531446840272e-06}.
[I 2025-08-10 01:54:06,853] Trial 110 finished with values: [0.7878554288667924, 0.1186161449752883] and parameters: {'psi': 0.4801392795755518, 'lda_s': 1.5491852307686695e-05}.
[I 2025-08-10 01:54:12,822] Trial 111 finished with values: [0.790007248801796, 0.14845360824742268] and parameters: {'psi': 0.8216293888586347, 'lda_s': 5.020781787413052}.
[I 2025-08-10 01:54:18,800] Trial 112 finished with values: [0.7986620442990302, 0.14938684503901895] and parameters: {'psi': 0.4801392795755518, 'lda_s': 0.8987654456106534}.
[I 2025-08-10 01:54:24,809] Trial 113 finished with values: [0.7507462744956769, 0.0991869918699187] and parameters: {'psi': 0.015003105492699897, 'lda_s': 6.840747767777759}.
[I 2025-08-10 01:54:30,810] Trial 114 finished with values: [0.7822674780152008, 0.12312811980033278] and parameters: {'psi': 0.7613236361786442, 'lda_s': 1.939073948235768e-06}.
[I 2025-08-10 01:54:36,789] Trial 115 finished with values: [0.7783825147229572, 0.10418445772843724] and parameters: {'psi': 0.4801392795755518, 'lda_s': 0.011154652629781598}.
[I 2025-08-10 01:54:42,783] Trial 116 finished with values: [0.7809632805074388, 0.12076095947063689] and parameters: {'psi': 0.7140327619722916, 'lda_s': 0.0006376605117868554}.
[I 2025-08-10 01:54:48,783] Trial 117 finished with values: [0.7856898350673459, 0.1222130470685384] and parameters: {'psi': 0.6474355978476463, 'lda_s': 3.786441973253789e-08}.
[I 2025-08-10 01:54:54,764] Trial 118 finished with values: [0.7875914433820005, 0.1186161449752883] and parameters: {'psi': 0.5083810786497956, 'lda_s': 1.4391054145288012e-05}.
[I 2025-08-10 01:55:00,766] Trial 119 finished with values: [0.7761005358440779, 0.12510566356720204] and parameters: {'psi': 0.8994281641613183, 'lda_s': 1.1229642413892805e-06}.
[I 2025-08-10 01:55:06,759] Trial 120 finished with values: [0.7923259851532412, 0.10718113612004287] and parameters: {'psi': 0.22911845059266456, 'lda_s': 3.5953217624665785}.
[I 2025-08-10 01:55:12,766] Trial 121 finished with values: [0.7822707381014594, 0.12312811980033278] and parameters: {'psi': 0.7613236361786442, 'lda_s': 8.476387789884199e-07}.
[I 2025-08-10 01:55:18,739] Trial 122 finished with values: [0.782616959262125, 0.12271973466003316] and parameters: {'psi': 0.7506552367613272, 'lda_s': 1.831547676372666e-05}.
[I 2025-08-10 01:55:24,720] Trial 123 finished with values: [0.782577349214083, 0.12271973466003316] and parameters: {'psi': 0.7536155848379542, 'lda_s': 1.3456648473581462e-06}.
