[I 2025-08-10 00:26:01,626] Trial 124 finished with values: [0.8288728256244726, 0.15875998121183654] and parameters: {'psi': 0.049665505673306964, 'lda_s': 6.541708008575351}.
[I 2025-08-10 00:26:07,576] Trial 125 finished with values: [0.8077481455278954, 0.11116576487948844] and parameters: {'psi': 0.7956922508499035, 'lda_s': 6.868846258946207}.
[I 2025-08-10 00:26:13,558] Trial 126 finished with values: [0.8246478842062851, 0.17969287187714875] and parameters: {'psi': 0.1482471056521003, 'lda_s': 1.5348468930774008e-07}.
[I 2025-08-10 00:26:19,506] Trial 127 finished with values: [0.8198328055665828, 0.17873510540788268] and parameters: {'psi': 0.3242924584126686, 'lda_s': 1.045922291495647e-07}.
[I 2025-08-10 00:26:25,477] Trial 128 finished with values: [0.8180800617112688, 0.13167520117044623] and parameters: {'psi': 0.8312720975839375, 'lda_s': 1.1384942765938009}.
[I 2025-08-10 00:26:31,521] Trial 129 finished with values: [0.8055630464907142, 0.18135904499540864] and parameters: {'psi': 0.6007269146496045, 'lda_s': 0.0029676417028835574}.
[I 2025-08-10 00:26:37,487] Trial 130 finished with values: [0.8201531476477626, 0.1795282802839478] and parameters: {'psi': 0.22501375395890788, 'lda_s': 6.484777622197645e-05}.
[I 2025-08-10 00:26:43,458] Trial 131 finished with values: [0.8181282871370736, 0.18370165745856354] and parameters: {'psi': 0.8933431009918356, 'lda_s': 7.315506033195698e-07}.
[I 2025-08-10 00:26:49,450] Trial 132 finished with values: [0.8145220159799058, 0.16157308694622127] and parameters: {'psi': 0.6393715014819954, 'lda_s': 0.8133320075936195}.
[I 2025-08-10 00:26:55,439] Trial 133 finished with values: [0.8203709921404838, 0.17869415807560138] and parameters: {'psi': 0.2269965688186517, 'lda_s': 4.970097610944171e-05}.
[I 2025-08-10 00:27:01,497] Trial 134 finished with values: [0.820134764487968, 0.18106807242722897] and parameters: {'psi': 0.6133618974697693, 'lda_s': 4.580696740230533e-07}.
[I 2025-08-10 00:27:07,494] Trial 135 finished with values: [0.8423657139870796, 0.15589988081048867] and parameters: {'psi': 0.9747676867598708, 'lda_s': 0.1650579480137683}.
[I 2025-08-10 00:27:13,468] Trial 136 finished with values: [0.8126840779214903, 0.13723608445297505] and parameters: {'psi': 0.08252748148972777, 'lda_s': 0.030848391772258444}.
[I 2025-08-10 00:27:19,455] Trial 137 finished with values: [0.8174017339125892, 0.17794083925705115] and parameters: {'psi': 0.5239561657047832, 'lda_s': 0.00029135046173279036}.
[I 2025-08-10 00:27:25,507] Trial 138 finished with values: [0.8199929361156313, 0.1839503334099793] and parameters: {'psi': 0.829738012466026, 'lda_s': 1.7960987497554444e-06}.
[I 2025-08-10 00:27:31,459] Trial 139 finished with values: [0.8203985803773562, 0.18194317140238314] and parameters: {'psi': 0.6667262830991479, 'lda_s': 4.82374195405088e-06}.
[I 2025-08-10 00:27:37,450] Trial 140 finished with values: [0.8225824916626567, 0.12011577424023155] and parameters: {'psi': 0.6348631839239585, 'lda_s': 0.06293833382650157}.
[I 2025-08-10 00:27:43,426] Trial 141 finished with values: [0.8205877028700458, 0.18327605956471935] and parameters: {'psi': 0.7001250114957263, 'lda_s': 1.1750959126444698e-07}.
[I 2025-08-10 00:27:49,433] Trial 142 finished with values: [0.8035382534659274, 0.18425305933964442] and parameters: {'psi': 0.829738012466026, 'lda_s': 0.005871485719689088}.
[I 2025-08-10 00:27:55,485] Trial 143 finished with values: [0.8526550465660824, 0.17731481481481481] and parameters: {'psi': 0.0261128606046781, 'lda_s': 0.0018043521253099746}.
[I 2025-08-10 00:28:01,436] Trial 144 finished with values: [0.819058566803512, 0.16650943396226414] and parameters: {'psi': 0.6393715014819954, 'lda_s': 0.21832379306551697}.
[I 2025-08-10 00:28:07,436] Trial 145 finished with values: [0.8001754174556444, 0.12168792934249265] and parameters: {'psi': 0.2097200242450976, 'lda_s': 8.490082876827872}.
[I 2025-08-10 00:28:13,436] Trial 146 finished with values: [0.8772683698920662, 0.1787214185720952] and parameters: {'psi': 0.007435359809366826, 'lda_s': 0.0002651693456289576}.
[I 2025-08-10 00:28:19,447] Trial 147 finished with values: [0.8536587508942557, 0.18636676612347947] and parameters: {'psi': 0.03238956746213428, 'lda_s': 4.894271298784883e-05}.
[I 2025-08-10 00:28:25,491] Trial 148 finished with values: [0.8029207304652473, 0.18341418341418342] and parameters: {'psi': 0.829738012466026, 'lda_s': 0.00691960902999636}.
[I 2025-08-10 00:28:31,507] Trial 149 finished with values: [0.8372751983856077, 0.1842346471127406] and parameters: {'psi': 0.06739933471097337, 'lda_s': 1.0243386381043287e-07}.
[I 2025-08-10 00:28:37,510] Trial 150 finished with values: [0.8144251467157014, 0.14029207565238208] and parameters: {'psi': 0.07773468005761608, 'lda_s': 6.541708008575351}.
[I 2025-08-10 00:28:43,484] Trial 151 finished with values: [0.8244402840735376, 0.18086080586080586] and parameters: {'psi': 0.13318364427623852, 'lda_s': 4.873436523604446e-05}.
[I 2025-08-10 00:28:49,444] Trial 152 finished with values: [0.8065073497276565, 0.15100671140939598] and parameters: {'psi': 0.7382090747372725, 'lda_s': 0.3859116359438602}.
[I 2025-08-10 00:28:55,426] Trial 153 finished with values: [0.8174420094990997, 0.1469447138700291] and parameters: {'psi': 0.829738012466026, 'lda_s': 0.8133320075936195}.
[I 2025-08-10 00:29:01,376] Trial 154 finished with values: [0.8000866734940805, 0.13916404928726744] and parameters: {'psi': 0.14793701922952762, 'lda_s': 6.541708008575351}.
[I 2025-08-10 00:29:07,360] Trial 155 finished with values: [0.8818228314741509, 0.19308755760368665] and parameters: {'psi': 0.007435359809366826, 'lda_s': 2.1459051718714606e-08}.
[I 2025-08-10 00:29:13,332] Trial 156 finished with values: [0.824792992393475, 0.17969287187714875] and parameters: {'psi': 0.1462781941393484, 'lda_s': 2.1459051718714606e-08}.
[I 2025-08-10 00:29:19,369] Trial 157 finished with values: [0.8138566454744736, 0.17670494492617764] and parameters: {'psi': 0.829738012466026, 'lda_s': 0.0187750755778677}.
[I 2025-08-10 00:29:25,325] Trial 158 finished with values: [0.8206676736643069, 0.18211009174311926] and parameters: {'psi': 0.7616533450598502, 'lda_s': 1.0934460393082115e-08}.
[I 2025-08-10 00:29:31,326] Trial 159 finished with values: [0.8216765744069596, 0.17911131470453504] and parameters: {'psi': 0.21199872432767797, 'lda_s': 1.5749910839717787e-07}.
[I 2025-08-10 00:29:37,376] Trial 160 finished with values: [0.8166567435395881, 0.15771971496437054] and parameters: {'psi': 0.632747791480529, 'lda_s': 0.4620944283881005}.
[I 2025-08-10 00:29:43,335] Trial 161 finished with values: [0.879695041465228, 0.1937269372693727] and parameters: {'psi': 0.005926955920479204, 'lda_s': 1.0299203455299437e-06}.
[I 2025-08-10 00:29:49,366] Trial 162 finished with values: [0.806216094070381, 0.11507936507936507] and parameters: {'psi': 0.29417284542522204, 'lda_s': 0.1650579480137683}.
[I 2025-08-10 00:29:55,329] Trial 163 finished with values: [0.8202424045021843, 0.18106807242722897] and parameters: {'psi': 0.6329976629537297, 'lda_s': 2.1955900524605548e-07}.
[I 2025-08-10 00:30:01,294] Trial 164 finished with values: [0.8203003748922857, 0.1828623937514358] and parameters: {'psi': 0.810954898010784, 'lda_s': 1.6961157931197995e-07}.
[I 2025-08-10 00:30:07,268] Trial 165 finished with values: [0.881765805886682, 0.1926711223784282] and parameters: {'psi': 0.007435359809366826, 'lda_s': 2.2822917556715934e-07}.
[I 2025-08-10 00:30:13,253] Trial 166 finished with values: [0.832358094558763, 0.18248509857863365] and parameters: {'psi': 0.08588409060864077, 'lda_s': 1.045922291495647e-07}.
[I 2025-08-10 00:30:19,274] Trial 167 finished with values: [0.8772197665452083, 0.17991144255418318] and parameters: {'psi': 0.007435359809366826, 'lda_s': 6.868846258946207}.
[I 2025-08-10 00:30:25,237] Trial 168 finished with values: [0.8168525606337889, 0.18374395579092792] and parameters: {'psi': 0.8919870185624604, 'lda_s': 0.0002643334838845769}.
[I 2025-08-10 00:30:31,235] Trial 169 finished with values: [0.8241797479990025, 0.1675442795595979] and parameters: {'psi': 0.8312720975839375, 'lda_s': 0.30413927676733843}.
[I 2025-08-10 00:30:37,220] Trial 170 finished with values: [0.8090146804512831, 0.140628749700024] and parameters: {'psi': 0.487151628746913, 'lda_s': 0.6885221387629002}.
[I 2025-08-10 00:30:43,200] Trial 171 finished with values: [0.800084459956484, 0.17652538425710293] and parameters: {'psi': 0.2813170158562762, 'lda_s': 0.005871485719689088}.
[I 2025-08-10 00:30:49,303] Trial 172 finished with values: [0.8446240217311084, 0.17354988399071924] and parameters: {'psi': 0.03238956746213428, 'lda_s': 0.00691960902999636}.
[I 2025-08-10 00:30:55,251] Trial 173 finished with values: [0.8198534157611543, 0.17873510540788268] and parameters: {'psi': 0.3103803648661958, 'lda_s': 6.458237250958543e-06}.
[I 2025-08-10 00:31:01,194] Trial 174 finished with values: [0.8258928371381075, 0.18056828597616864] and parameters: {'psi': 0.12860164577270283, 'lda_s': 1.1362064465689655e-05}.
[I 2025-08-10 00:31:07,217] Trial 175 finished with values: [0.8196239366988715, 0.17839944966750745] and parameters: {'psi': 0.49392968219833255, 'lda_s': 4.4213958537710033e-07}.
[I 2025-08-10 00:31:13,179] Trial 176 finished with values: [0.8062084411690565, 0.11974270163285503] and parameters: {'psi': 0.2980611586378171, 'lda_s': 0.07790993867155697}.
[I 2025-08-10 00:31:19,162] Trial 177 finished with values: [0.8199263680215731, 0.18281786941580755] and parameters: {'psi': 0.6826525646967226, 'lda_s': 8.672111178413907e-05}.
[I 2025-08-10 00:31:25,189] Trial 178 finished with values: [0.8036675834491527, 0.15815959741193386] and parameters: {'psi': 0.7566291853138003, 'lda_s': 1.1613787981660646}.
[I 2025-08-10 00:31:31,179] Trial 179 finished with values: [0.8605851124911708, 0.1870404411764706] and parameters: {'psi': 0.0261128606046781, 'lda_s': 3.951576409262159e-05}.
[I 2025-08-10 00:31:37,147] Trial 180 finished with values: [0.8483832834288583, 0.18436138500343957] and parameters: {'psi': 0.04210335817731581, 'lda_s': 1.7922558596652968e-05}.
[I 2025-08-10 00:31:43,104] Trial 181 finished with values: [0.8211053737296387, 0.17793103448275863] and parameters: {'psi': 0.9826047960587069, 'lda_s': 3.47645951503131e-05}.
[I 2025-08-10 00:31:49,089] Trial 182 finished with values: [0.804100896930833, 0.1803993573559789] and parameters: {'psi': 0.4808655886466898, 'lda_s': 0.002635966103802724}.
[I 2025-08-10 00:31:55,052] Trial 183 finished with values: [0.8449281941900901, 0.1834862385321101] and parameters: {'psi': 0.049665505673306964, 'lda_s': 3.197069142005173e-08}.
[I 2025-08-10 00:32:01,015] Trial 184 finished with values: [0.8398341018357947, 0.1837763519706691] and parameters: {'psi': 0.06037680842106363, 'lda_s': 4.580696740230533e-07}.
[I 2025-08-10 00:32:06,959] Trial 185 finished with values: [0.8205886746670393, 0.18327605956471935] and parameters: {'psi': 0.7001250114957263, 'lda_s': 1.0934460393082115e-08}.
[I 2025-08-10 00:32:13,031] Trial 186 finished with values: [0.8430248892866778, 0.18386061439706555] and parameters: {'psi': 0.05326134374170399, 'lda_s': 1.795077134577163e-07}.
[I 2025-08-10 00:32:19,020] Trial 187 finished with values: [0.8042432651903884, 0.18383371824480368] and parameters: {'psi': 0.829738012466026, 'lda_s': 0.005157637558733504}.
[I 2025-08-10 00:32:24,992] Trial 188 finished with values: [0.8106908548018136, 0.15494636471990464] and parameters: {'psi': 0.6807647687837, 'lda_s': 0.3859116359438602}.
[I 2025-08-10 00:32:30,988] Trial 189 finished with values: [0.8772683698920662, 0.1787214185720952] and parameters: {'psi': 0.007435359809366826, 'lda_s': 0.0002651693456289576}.
[I 2025-08-10 00:32:36,951] Trial 190 finished with values: [0.8149122329643582, 0.18257070590940447] and parameters: {'psi': 0.829738012466026, 'lda_s': 0.0010812207627061063}.
[I 2025-08-10 00:32:43,040] Trial 191 finished with values: [0.8020905323919644, 0.11753086419753087] and parameters: {'psi': 0.23506466063745157, 'lda_s': 3.131657748961789}.
[I 2025-08-10 00:32:49,018] Trial 192 finished with values: [0.8041740516489587, 0.16003833253473887] and parameters: {'psi': 0.7681443977057684, 'lda_s': 1.0451611164403003}.
[I 2025-08-10 00:32:54,964] Trial 193 finished with values: [0.8199929361156313, 0.1839503334099793] and parameters: {'psi': 0.829738012466026, 'lda_s': 1.7960987497554444e-06}.
[I 2025-08-10 00:33:00,905] Trial 194 finished with values: [0.8277212056955727, 0.18027522935779816] and parameters: {'psi': 0.11482866980538953, 'lda_s': 6.129416225269989e-08}.
[I 2025-08-10 00:33:06,847] Trial 195 finished with values: [0.8197265152704131, 0.17873510540788268] and parameters: {'psi': 0.3369728975235361, 'lda_s': 1.7960987497554444e-06}.
[I 2025-08-10 00:33:12,811] Trial 196 finished with values: [0.8206806984434567, 0.18248509857863365] and parameters: {'psi': 0.7464111658970662, 'lda_s': 1.7960987497554444e-06}.
[I 2025-08-10 00:33:18,799] Trial 197 finished with values: [0.8818260707974627, 0.19308755760368665] and parameters: {'psi': 0.007435359809366826, 'lda_s': 1.0934460393082115e-08}.
[I 2025-08-10 00:33:24,836] Trial 198 finished with values: [0.8767090467335554, 0.18059111007679776] and parameters: {'psi': 0.009355859807769762, 'lda_s': 0.0002655781182361376}.
[I 2025-08-10 00:33:30,823] Trial 199 finished with values: [0.8196084149413356, 0.17794083925705115] and parameters: {'psi': 0.4883947413340921, 'lda_s': 4.580696740230533e-07}.
[I 2025-08-10 00:33:36,812] Trial 200 finished with values: [0.8206478328090218, 0.17869415807560138] and parameters: {'psi': 0.25585216263066146, 'lda_s': 1.045922291495647e-07}.
[I 2025-08-10 00:33:42,829] Trial 201 finished with values: [0.8631869774667811, 0.18691159586681974] and parameters: {'psi': 0.0261128606046781, 'lda_s': 1.1280769125821783e-05}.
[I 2025-08-10 00:33:48,803] Trial 202 finished with values: [0.8175113445151535, 0.18056828597616864] and parameters: {'psi': 0.6659017995615493, 'lda_s': 0.0004668712385500368}.
[I 2025-08-10 00:33:54,774] Trial 203 finished with values: [0.8196825549536352, 0.18019257221458046] and parameters: {'psi': 0.617713073600228, 'lda_s': 6.341598773417408e-05}.
[I 2025-08-10 00:34:00,831] Trial 204 finished with values: [0.8192654245913338, 0.17831767132706852] and parameters: {'psi': 0.3983818848135754, 'lda_s': 2.4043190564315196e-05}.
[I 2025-08-10 00:34:06,796] Trial 205 finished with values: [0.8184377909823395, 0.18374395579092792] and parameters: {'psi': 0.8863131906894569, 'lda_s': 2.1459051718714606e-08}.
[I 2025-08-10 00:34:12,833] Trial 206 finished with values: [0.8823757299747597, 0.19091537929444316] and parameters: {'psi': 0.009355859807769762, 'lda_s': 2.1459051718714606e-08}.
[I 2025-08-10 00:34:18,826] Trial 207 finished with values: [0.8031377786243209, 0.18611111111111112] and parameters: {'psi': 0.8243558738955741, 'lda_s': 0.010065024086213561}.
[I 2025-08-10 00:34:24,823] Trial 208 finished with values: [0.8185076658856116, 0.17844036697247706] and parameters: {'psi': 0.5509673688348018, 'lda_s': 0.000163903327737133}.
[I 2025-08-10 00:34:30,827] Trial 209 finished with values: [0.8195574900794373, 0.17794083925705115] and parameters: {'psi': 0.4700072774306787, 'lda_s': 1.251472601047023e-06}.
[I 2025-08-10 00:34:36,863] Trial 210 finished with values: [0.8030819002971917, 0.16505541145956143] and parameters: {'psi': 0.32783713500296574, 'lda_s': 0.010065024086213561}.
[I 2025-08-10 00:34:42,842] Trial 211 finished with values: [0.8767090467335554, 0.18059111007679776] and parameters: {'psi': 0.009355859807769762, 'lda_s': 0.0002655781182361376}.
[I 2025-08-10 00:34:48,818] Trial 212 finished with values: [0.8043077142271132, 0.18408304498269895] and parameters: {'psi': 0.8124922186711726, 'lda_s': 0.005295557787265677}.
[I 2025-08-10 00:34:54,795] Trial 213 finished with values: [0.8226771068977232, 0.17915234822451317] and parameters: {'psi': 0.1842704906153254, 'lda_s': 1.0934460393082115e-08}.
[I 2025-08-10 00:35:00,757] Trial 214 finished with values: [0.8103504964020025, 0.1792755616689592] and parameters: {'psi': 0.5329435687858592, 'lda_s': 0.0014972674324165486}.
[I 2025-08-10 00:35:06,789] Trial 215 finished with values: [0.8772683698920662, 0.1787214185720952] and parameters: {'psi': 0.007435359809366826, 'lda_s': 0.0002651693456289576}.
[I 2025-08-10 00:35:12,770] Trial 216 finished with values: [0.8762037662856303, 0.1982023507720673] and parameters: {'psi': 0.007435359809366826, 'lda_s': 4.894271298784883e-05}.
[I 2025-08-10 00:35:18,752] Trial 217 finished with values: [0.8818228314741509, 0.19308755760368665] and parameters: {'psi': 0.007435359809366826, 'lda_s': 2.1459051718714606e-08}.
[I 2025-08-10 00:35:24,752] Trial 218 finished with values: [0.8049536217983136, 0.11483967188665176] and parameters: {'psi': 0.2714629513405076, 'lda_s': 0.7104731928963469}.
[I 2025-08-10 00:35:30,781] Trial 219 finished with values: [0.8767090467335554, 0.18059111007679776] and parameters: {'psi': 0.009355859807769762, 'lda_s': 0.0002655781182361376}.
[I 2025-08-10 00:35:36,761] Trial 220 finished with values: [0.8576843524541411, 0.18623853211009175] and parameters: {'psi': 0.03238956746213428, 'lda_s': 6.700366462942626e-08}.
[I 2025-08-10 00:35:42,734] Trial 221 finished with values: [0.8810055771969347, 0.1918376758127738] and parameters: {'psi': 0.007435359809366826, 'lda_s': 3.755599043819527e-06}.
[I 2025-08-10 00:35:48,716] Trial 222 finished with values: [0.8179611110598216, 0.12570310589386158] and parameters: {'psi': 0.8919870185624604, 'lda_s': 7.48690973459404}.
[I 2025-08-10 00:35:54,685] Trial 223 finished with values: [0.82036277235758, 0.18106807242722897] and parameters: {'psi': 0.6549329792215249, 'lda_s': 7.315506033195698e-07}.
[I 2025-08-10 00:36:00,692] Trial 224 finished with values: [0.879695041465228, 0.1937269372693727] and parameters: {'psi': 0.005926955920479204, 'lda_s': 1.0299203455299437e-06}.
[I 2025-08-10 00:36:06,672] Trial 225 finished with values: [0.8231737626473304, 0.17919340054995417] and parameters: {'psi': 0.1701037327875552, 'lda_s': 6.458237250958543e-06}.
[I 2025-08-10 00:36:12,640] Trial 226 finished with values: [0.79907435796477, 0.17779846404468233] and parameters: {'psi': 0.3461515121444718, 'lda_s': 0.00691960902999636}.
[I 2025-08-10 00:36:18,610] Trial 227 finished with values: [0.8197264072929693, 0.17889908256880735] and parameters: {'psi': 0.5265399866566618, 'lda_s': 1.0299203455299437e-06}.
[I 2025-08-10 00:36:24,591] Trial 228 finished with values: [0.8516147378844853, 0.17647058823529413] and parameters: {'psi': 0.02685805645423678, 'lda_s': 0.0018043521253099746}.
[I 2025-08-10 00:36:30,650] Trial 229 finished with values: [0.8203343068039772, 0.18106807242722897] and parameters: {'psi': 0.6515623414656366, 'lda_s': 2.1048198195384967e-06}.
[I 2025-08-10 00:36:36,618] Trial 230 finished with values: [0.7992674216341555, 0.13330101793504606] and parameters: {'psi': 0.16177028794547377, 'lda_s': 6.914468580359639}.
[I 2025-08-10 00:36:42,611] Trial 231 finished with values: [0.862594019334549, 0.18695452457510336] and parameters: {'psi': 0.0261128606046781, 'lda_s': 1.7922558596652968e-05}.
[I 2025-08-10 00:36:48,588] Trial 232 finished with values: [0.8396975238666594, 0.17146840148698886] and parameters: {'psi': 0.0369093647709513, 'lda_s': 0.029236129857124704}.
[I 2025-08-10 00:36:54,646] Trial 233 finished with values: [0.8180304190815147, 0.1792279411764706] and parameters: {'psi': 0.9652013813775496, 'lda_s': 2.1459051718714606e-08}.
[I 2025-08-10 00:37:00,572] Trial 234 finished with values: [0.8372751983856077, 0.1842346471127406] and parameters: {'psi': 0.06739933471097337, 'lda_s': 1.0243386381043287e-07}.
[I 2025-08-10 00:37:06,580] Trial 235 finished with values: [0.8516219318816738, 0.17512161223071576] and parameters: {'psi': 0.02685805645423678, 'lda_s': 0.261235870344315}.
[I 2025-08-10 00:37:12,556] Trial 236 finished with values: [0.8446260867997197, 0.1735096265367664] and parameters: {'psi': 0.03238956746213428, 'lda_s': 0.012593125961182037}.
[I 2025-08-10 00:37:18,522] Trial 237 finished with values: [0.8772683698920662, 0.1787214185720952] and parameters: {'psi': 0.007435359809366826, 'lda_s': 0.0002651693456289576}.
[I 2025-08-10 00:37:24,524] Trial 238 finished with values: [0.8266325636107268, 0.13371952691286507] and parameters: {'psi': 0.6728222921018382, 'lda_s': 0.03930761464627086}.
[I 2025-08-10 00:37:30,495] Trial 239 finished with values: [0.8154324817854199, 0.1811494252873563] and parameters: {'psi': 0.9409108331178409, 'lda_s': 1.0894392720934837e-06}.
[I 2025-08-10 00:37:36,452] Trial 240 finished with values: [0.807692753099263, 0.12013786312161497] and parameters: {'psi': 0.3406635197729405, 'lda_s': 0.35973890386146523}.
[I 2025-08-10 00:37:42,397] Trial 241 finished with values: [0.8171560042450252, 0.1779000458505273] and parameters: {'psi': 0.4534655920012217, 'lda_s': 0.0002655781182361376}.
[I 2025-08-10 00:37:48,352] Trial 242 finished with values: [0.8396975238666594, 0.17146840148698886] and parameters: {'psi': 0.0369093647709513, 'lda_s': 6.541708008575351}.
[I 2025-08-10 00:37:54,335] Trial 243 finished with values: [0.8643271787810071, 0.18636676612347947] and parameters: {'psi': 0.0261128606046781, 'lda_s': 1.045922291495647e-07}.
[I 2025-08-10 00:38:00,324] Trial 244 finished with values: [0.821128899315191, 0.17911131470453504] and parameters: {'psi': 0.2317873071032206, 'lda_s': 1.0299203455299437e-06}.
[I 2025-08-10 00:38:06,280] Trial 245 finished with values: [0.8430347557255985, 0.18386061439706555] and parameters: {'psi': 0.05326134374170399, 'lda_s': 2.1459051718714606e-08}.
[I 2025-08-10 00:38:12,280] Trial 246 finished with values: [0.806255721792229, 0.11411560406846936] and parameters: {'psi': 0.2932612477018848, 'lda_s': 3.13236954802956}.
