[I 2025-08-10 01:43:37,397] Trial 124 finished with values: [0.6678597617505578, 0.17304075235109717] and parameters: {'psi': 0.10170243823579739, 'lda_s': 0.00010098071680833158}.
[I 2025-08-10 01:43:43,635] Trial 125 finished with values: [0.6822662767203586, 0.1712846347607053] and parameters: {'psi': 0.7044425176528529, 'lda_s': 2.3531046286481977e-06}.
[I 2025-08-10 01:43:49,851] Trial 126 finished with values: [0.6769135740706438, 0.17380352644836272] and parameters: {'psi': 0.3711173783585967, 'lda_s': 0.00027463329013179916}.
[I 2025-08-10 01:43:56,095] Trial 127 finished with values: [0.6169899317954521, 0.15988579586009993] and parameters: {'psi': 0.2721962627839286, 'lda_s': 0.3358834667475939}.
[I 2025-08-10 01:44:02,315] Trial 128 finished with values: [0.6798127518572252, 0.17308907138344914] and parameters: {'psi': 0.5503152230285663, 'lda_s': 0.00026408049669755394}.
[I 2025-08-10 01:44:08,554] Trial 129 finished with values: [0.633998522602869, 0.14788226848528357] and parameters: {'psi': 0.17176779291173438, 'lda_s': 0.02994932065170703}.
[I 2025-08-10 01:44:14,774] Trial 130 finished with values: [0.6344382262761254, 0.20933521923620935] and parameters: {'psi': 0.9074149880463566, 'lda_s': 4.428931593675343}.
[I 2025-08-10 01:44:21,004] Trial 131 finished with values: [0.6326137895506828, 0.14852198990627252] and parameters: {'psi': 0.15943329995503663, 'lda_s': 0.571422840443919}.
[I 2025-08-10 01:44:27,226] Trial 132 finished with values: [0.6772441180168987, 0.17302798982188294] and parameters: {'psi': 0.7779034068714342, 'lda_s': 0.00031631518603300547}.
[I 2025-08-10 01:44:33,443] Trial 133 finished with values: [0.6826656426745126, 0.17271589486858574] and parameters: {'psi': 0.4161753802638831, 'lda_s': 3.7661312740023e-05}.
[I 2025-08-10 01:44:39,779] Trial 134 finished with values: [0.6146213189577816, 0.15553925165077037] and parameters: {'psi': 0.08935553715899047, 'lda_s': 0.025326346357685756}.
[I 2025-08-10 01:44:46,008] Trial 135 finished with values: [0.6807527784575849, 0.172544080604534] and parameters: {'psi': 0.5146423258083334, 'lda_s': 0.00018798157140735428}.
[I 2025-08-10 01:44:52,225] Trial 136 finished with values: [0.6842705881239446, 0.1480427046263345] and parameters: {'psi': 0.9746013996752958, 'lda_s': 1.62617782010938}.
[I 2025-08-10 01:44:58,449] Trial 137 finished with values: [0.6829848740313877, 0.17271589486858574] and parameters: {'psi': 0.35744454380018054, 'lda_s': 1.4278278645116138e-08}.
[I 2025-08-10 01:45:04,692] Trial 138 finished with values: [0.615081935146863, 0.17160883280757097] and parameters: {'psi': 0.01383030233133753, 'lda_s': 1.961696401088195e-06}.
[I 2025-08-10 01:45:10,919] Trial 139 finished with values: [0.6835895792573082, 0.17189460476787954] and parameters: {'psi': 0.5503152230285663, 'lda_s': 8.866065599650641e-07}.
[I 2025-08-10 01:45:17,144] Trial 140 finished with values: [0.6772431264752, 0.1443442054129077] and parameters: {'psi': 0.809820416455726, 'lda_s': 0.5645725872258147}.
[I 2025-08-10 01:45:23,350] Trial 141 finished with values: [0.6806171625952612, 0.1717171717171717] and parameters: {'psi': 0.6302580244169322, 'lda_s': 0.0002268485136553743}.
[I 2025-08-10 01:45:29,577] Trial 142 finished with values: [0.6903011898049682, 0.15902964959568733] and parameters: {'psi': 0.4085325314477769, 'lda_s': 0.5645725872258147}.
[I 2025-08-10 01:45:35,814] Trial 143 finished with values: [0.6775016033679967, 0.17435249526216046] and parameters: {'psi': 0.43761786515477186, 'lda_s': 0.00031631518603300547}.
[I 2025-08-10 01:45:42,034] Trial 144 finished with values: [0.6634635813494613, 0.1713570981863665] and parameters: {'psi': 0.046034349650696305, 'lda_s': 2.308494557938881e-06}.
[I 2025-08-10 01:45:48,263] Trial 145 finished with values: [0.6823363156203422, 0.1725] and parameters: {'psi': 0.29809847286324365, 'lda_s': 1.4423381591679514e-06}.
[I 2025-08-10 01:45:54,491] Trial 146 finished with values: [0.6146210936073955, 0.15576781778104334] and parameters: {'psi': 0.08935553715899047, 'lda_s': 0.3358834667475939}.
[I 2025-08-10 01:46:00,726] Trial 147 finished with values: [0.6767775976477026, 0.17336683417085427] and parameters: {'psi': 0.2898189751134983, 'lda_s': 0.00018798157140735428}.
[I 2025-08-10 01:46:06,952] Trial 148 finished with values: [0.6491248968458608, 0.17518248175182483] and parameters: {'psi': 0.5503152230285663, 'lda_s': 0.5633056819106802}.
[I 2025-08-10 01:46:13,166] Trial 149 finished with values: [0.6797890449966131, 0.1726984126984127] and parameters: {'psi': 0.7870502138126305, 'lda_s': 1.0523989425497396e-07}.
[I 2025-08-10 01:46:19,393] Trial 150 finished with values: [0.6832409622100923, 0.17271589486858574] and parameters: {'psi': 0.39365564100844963, 'lda_s': 1.7494640069360143e-07}.
[I 2025-08-10 01:46:25,626] Trial 151 finished with values: [0.691151572021758, 0.12753623188405797] and parameters: {'psi': 0.6917956681291225, 'lda_s': 0.3478160276509234}.
[I 2025-08-10 01:46:31,852] Trial 152 finished with values: [0.678288211425535, 0.16677966101694916] and parameters: {'psi': 0.4652739035929996, 'lda_s': 0.11148559238504199}.
[I 2025-08-10 01:46:38,090] Trial 153 finished with values: [0.691923487234126, 0.16099930603747398] and parameters: {'psi': 0.3761732342462276, 'lda_s': 0.5633056819106802}.
[I 2025-08-10 01:46:44,308] Trial 154 finished with values: [0.675788985504111, 0.16751269035532995] and parameters: {'psi': 0.8398724069363458, 'lda_s': 0.00032282028921547793}.
[I 2025-08-10 01:46:50,523] Trial 155 finished with values: [0.6734324063770554, 0.16851730894839975] and parameters: {'psi': 0.5146423258083334, 'lda_s': 0.6209923559333582}.
[I 2025-08-10 01:46:56,767] Trial 156 finished with values: [0.6074678864432362, 0.15438108484005564] and parameters: {'psi': 0.056338618640443316, 'lda_s': 0.001912586178338483}.
[I 2025-08-10 01:47:02,988] Trial 157 finished with values: [0.6836171170744832, 0.17189460476787954] and parameters: {'psi': 0.5363133124759654, 'lda_s': 3.3323681334354446e-08}.
[I 2025-08-10 01:47:09,245] Trial 158 finished with values: [0.6827119747138839, 0.16776075857038658] and parameters: {'psi': 0.35560276061046436, 'lda_s': 0.5645725872258147}.
[I 2025-08-10 01:47:15,454] Trial 159 finished with values: [0.6920806916634328, 0.19821059876118377] and parameters: {'psi': 0.9746013996752958, 'lda_s': 0.6209923559333582}.
[I 2025-08-10 01:47:21,675] Trial 160 finished with values: [0.6242061469275503, 0.15965787598004277] and parameters: {'psi': 0.2551385460382203, 'lda_s': 0.5633056819106802}.
[I 2025-08-10 01:47:27,908] Trial 161 finished with values: [0.6563820356080652, 0.18851878100637845] and parameters: {'psi': 0.5910211310148015, 'lda_s': 0.3358834667475939}.
[I 2025-08-10 01:47:34,119] Trial 162 finished with values: [0.6631600343794548, 0.1629249518922386] and parameters: {'psi': 0.9746013996752958, 'lda_s': 0.00332618165477246}.
[I 2025-08-10 01:47:40,348] Trial 163 finished with values: [0.6720591211244804, 0.1736941472624292] and parameters: {'psi': 0.20829777111485603, 'lda_s': 0.0002268485136553743}.
[I 2025-08-10 01:47:46,577] Trial 164 finished with values: [0.6663856998053422, 0.058165548098434] and parameters: {'psi': 0.7251678100880834, 'lda_s': 0.2264727919563767}.
[I 2025-08-10 01:47:52,805] Trial 165 finished with values: [0.6483203508975931, 0.15973597359735975] and parameters: {'psi': 0.392856581641884, 'lda_s': 0.0039053976144489745}.
[I 2025-08-10 01:47:59,039] Trial 166 finished with values: [0.6608426662195714, 0.1494661921708185] and parameters: {'psi': 0.4652739035929996, 'lda_s': 0.036362805497629505}.
[I 2025-08-10 01:48:05,282] Trial 167 finished with values: [0.7109716793155838, 0.17732558139534885] and parameters: {'psi': 0.6643504113418958, 'lda_s': 0.5645725872258147}.
[I 2025-08-10 01:48:11,510] Trial 168 finished with values: [0.6441419040394958, 0.1601067378252168] and parameters: {'psi': 0.3711173783585967, 'lda_s': 0.0043526274109277}.
[I 2025-08-10 01:48:17,740] Trial 169 finished with values: [0.6832961279845968, 0.1721105527638191] and parameters: {'psi': 0.5910211310148015, 'lda_s': 1.8191973596948137e-05}.
[I 2025-08-10 01:48:23,971] Trial 170 finished with values: [0.6491248968458608, 0.17518248175182483] and parameters: {'psi': 0.5503152230285663, 'lda_s': 0.5633056819106802}.
[I 2025-08-10 01:48:30,195] Trial 171 finished with values: [0.6815887382496675, 0.17391304347826086] and parameters: {'psi': 0.7291085111939416, 'lda_s': 8.96065764440083e-06}.
[I 2025-08-10 01:48:36,521] Trial 172 finished with values: [0.6779652843223286, 0.1482843137254902] and parameters: {'psi': 0.8649192717209411, 'lda_s': 1.5382291038507736}.
[I 2025-08-10 01:48:42,765] Trial 173 finished with values: [0.6086782884367758, 0.1504297994269341] and parameters: {'psi': 0.06273803175089421, 'lda_s': 0.20216924593029378}.
[I 2025-08-10 01:48:49,000] Trial 174 finished with values: [0.6562218565536624, 0.19] and parameters: {'psi': 0.5910211310148015, 'lda_s': 0.5182205945312562}.
[I 2025-08-10 01:48:55,237] Trial 175 finished with values: [0.6056080246371072, 0.1715647339158062] and parameters: {'psi': 0.7476578690226253, 'lda_s': 0.030272658363405897}.
[I 2025-08-10 01:49:01,465] Trial 176 finished with values: [0.6276659514045413, 0.1574468085106383] and parameters: {'psi': 0.47581850288303185, 'lda_s': 0.013159715076109784}.
[I 2025-08-10 01:49:07,699] Trial 177 finished with values: [0.6779575322690485, 0.17204301075268819] and parameters: {'psi': 0.9746013996752958, 'lda_s': 1.619700496595118e-05}.
[I 2025-08-10 01:49:13,945] Trial 178 finished with values: [0.6354488776874724, 0.17134416543574593] and parameters: {'psi': 0.31743406135489727, 'lda_s': 0.5633056819106802}.
[I 2025-08-10 01:49:20,179] Trial 179 finished with values: [0.6836121593659903, 0.17189460476787954] and parameters: {'psi': 0.5146423258083334, 'lda_s': 1.6084172412390345e-06}.
[I 2025-08-10 01:49:26,407] Trial 180 finished with values: [0.6762143118227376, 0.16307893020221786] and parameters: {'psi': 0.5010175105072613, 'lda_s': 0.9264971934311529}.
[I 2025-08-10 01:49:32,657] Trial 181 finished with values: [0.686889925801132, 0.16250890947968638] and parameters: {'psi': 0.36216286405907183, 'lda_s': 0.5645725872258147}.
[I 2025-08-10 01:49:38,902] Trial 182 finished with values: [0.6585903341811015, 0.1863091037402964] and parameters: {'psi': 0.5910211310148015, 'lda_s': 1.8303878461472534}.
[I 2025-08-10 01:49:45,139] Trial 183 finished with values: [0.691590329223393, 0.15842924847664183] and parameters: {'psi': 0.40238563912536607, 'lda_s': 4.428931593675343}.
[I 2025-08-10 01:49:51,377] Trial 184 finished with values: [0.613073477296174, 0.15634218289085547] and parameters: {'psi': 0.07987944590181062, 'lda_s': 1.242417800841165}.
[I 2025-08-10 01:49:57,594] Trial 185 finished with values: [0.6969580402088187, 0.15649676956209618] and parameters: {'psi': 0.6136687103676554, 'lda_s': 0.08340290554744295}.
[I 2025-08-10 01:50:03,821] Trial 186 finished with values: [0.6832921618178025, 0.1728240450845335] and parameters: {'psi': 0.43569823021238374, 'lda_s': 8.8678788349666e-06}.
[I 2025-08-10 01:50:10,060] Trial 187 finished with values: [0.6597273170188668, 0.165374677002584] and parameters: {'psi': 0.3761732342462276, 'lda_s': 0.0018331712091247882}.
[I 2025-08-10 01:50:16,298] Trial 188 finished with values: [0.6835973763806655, 0.17189460476787954] and parameters: {'psi': 0.5503152230285663, 'lda_s': 2.209523352138375e-08}.
[I 2025-08-10 01:50:22,527] Trial 189 finished with values: [0.6625539319811409, 0.17150063051702397] and parameters: {'psi': 0.0920426634698367, 'lda_s': 0.000156980366003693}.
[I 2025-08-10 01:50:28,776] Trial 190 finished with values: [0.6190367442818466, 0.15965787598004277] and parameters: {'psi': 0.2672255162598173, 'lda_s': 0.1872644757668416}.
[I 2025-08-10 01:50:35,023] Trial 191 finished with values: [0.7046533051915771, 0.1871508379888268] and parameters: {'psi': 0.608890433202157, 'lda_s': 3.457304114821059}.
[I 2025-08-10 01:50:41,250] Trial 192 finished with values: [0.678735577011917, 0.17215189873417722] and parameters: {'psi': 0.719852361605773, 'lda_s': 0.00031631518603300547}.
[I 2025-08-10 01:50:47,463] Trial 193 finished with values: [0.6800101137253259, 0.17160883280757097] and parameters: {'psi': 0.6274805572411302, 'lda_s': 0.00027463329013179916}.
[I 2025-08-10 01:50:53,691] Trial 194 finished with values: [0.6772401518501042, 0.17099430018999368] and parameters: {'psi': 0.9488114048294096, 'lda_s': 2.057218025791406e-05}.
[I 2025-08-10 01:50:59,918] Trial 195 finished with values: [0.691923487234126, 0.16099930603747398] and parameters: {'psi': 0.3761732342462276, 'lda_s': 0.5633056819106802}.
[I 2025-08-10 01:51:06,159] Trial 196 finished with values: [0.6679332710464866, 0.1745173745173745] and parameters: {'psi': 0.3405538602903361, 'lda_s': 0.3478160276509234}.
[I 2025-08-10 01:51:12,367] Trial 197 finished with values: [0.6824073009919474, 0.1724354940213971] and parameters: {'psi': 0.6085826735332921, 'lda_s': 8.626443945500103e-05}.
[I 2025-08-10 01:51:18,616] Trial 198 finished with values: [0.6154889630141425, 0.16131334760885083] and parameters: {'psi': 0.27644371664926914, 'lda_s': 0.5633056819106802}.
[I 2025-08-10 01:51:24,832] Trial 199 finished with values: [0.6563820356080652, 0.18851878100637845] and parameters: {'psi': 0.5910211310148015, 'lda_s': 0.3358834667475939}.
[I 2025-08-10 01:51:31,073] Trial 200 finished with values: [0.691923487234126, 0.16099930603747398] and parameters: {'psi': 0.3761732342462276, 'lda_s': 0.5633056819106802}.
[I 2025-08-10 01:51:37,283] Trial 201 finished with values: [0.6683205582199483, 0.08879184861717612] and parameters: {'psi': 0.7895282636373838, 'lda_s': 0.3358834667475939}.
[I 2025-08-10 01:51:43,495] Trial 202 finished with values: [0.6770763221194473, 0.12352532963219987] and parameters: {'psi': 0.8019068865221609, 'lda_s': 0.6209923559333582}.
[I 2025-08-10 01:51:49,727] Trial 203 finished with values: [0.680150371805602, 0.17228464419475656] and parameters: {'psi': 0.18033550944682275, 'lda_s': 4.36325834447929e-07}.
[I 2025-08-10 01:51:56,087] Trial 204 finished with values: [0.6800075447309248, 0.17228464419475656] and parameters: {'psi': 0.18673394150364753, 'lda_s': 7.852910701064831e-06}.
[I 2025-08-10 01:52:02,328] Trial 205 finished with values: [0.5983101875951824, 0.14809688581314878] and parameters: {'psi': 0.03647616453492497, 'lda_s': 0.5633056819106802}.
[I 2025-08-10 01:52:08,549] Trial 206 finished with values: [0.6771668679045615, 0.17099430018999368] and parameters: {'psi': 0.9586033481783399, 'lda_s': 1.0160142984643705e-05}.
[I 2025-08-10 01:52:14,764] Trial 207 finished with values: [0.6833530965621898, 0.17200251098556182] and parameters: {'psi': 0.5146423258083334, 'lda_s': 2.023914845604988e-05}.
[I 2025-08-10 01:52:20,992] Trial 208 finished with values: [0.6960430725713876, 0.15560314061384725] and parameters: {'psi': 0.9714909750205822, 'lda_s': 0.20216924593029378}.
[I 2025-08-10 01:52:27,219] Trial 209 finished with values: [0.6830925464458413, 0.17271589486858574] and parameters: {'psi': 0.3711173783585967, 'lda_s': 1.202286674919765e-08}.
[I 2025-08-10 01:52:33,439] Trial 210 finished with values: [0.6565889072624571, 0.17498379779650033] and parameters: {'psi': 0.5455655108456552, 'lda_s': 0.3358834667475939}.
[I 2025-08-10 01:52:39,671] Trial 211 finished with values: [0.6491248968458608, 0.17518248175182483] and parameters: {'psi': 0.5503152230285663, 'lda_s': 0.5633056819106802}.
[I 2025-08-10 01:52:45,901] Trial 212 finished with values: [0.6784495623019452, 0.16856780735107732] and parameters: {'psi': 0.9074149880463566, 'lda_s': 1.0621143217724458e-08}.
[I 2025-08-10 01:52:52,128] Trial 213 finished with values: [0.6477722536886478, 0.16216216216216217] and parameters: {'psi': 0.20646806196185308, 'lda_s': 0.0019184212649609497}.
[I 2025-08-10 01:52:58,336] Trial 214 finished with values: [0.6866813865538832, 0.16113074204946998] and parameters: {'psi': 0.8684407884025278, 'lda_s': 0.3358834667475939}.
[I 2025-08-10 01:53:04,587] Trial 215 finished with values: [0.6748022212336852, 0.17411052233156699] and parameters: {'psi': 0.34658941494118833, 'lda_s': 0.5645725872258147}.
[I 2025-08-10 01:53:10,804] Trial 216 finished with values: [0.6790224029832787, 0.17204301075268819] and parameters: {'psi': 0.5587046954847507, 'lda_s': 0.00032282028921547793}.
[I 2025-08-10 01:53:17,022] Trial 217 finished with values: [0.6773397116506601, 0.17099430018999368] and parameters: {'psi': 0.9488114048294096, 'lda_s': 4.939915615984197e-07}.
[I 2025-08-10 01:53:23,250] Trial 218 finished with values: [0.6835020982374445, 0.1721105527638191] and parameters: {'psi': 0.5910211310148015, 'lda_s': 2.0103721232552465e-08}.
[I 2025-08-10 01:53:29,479] Trial 219 finished with values: [0.6755404240283004, 0.1700507614213198] and parameters: {'psi': 0.9746013996752958, 'lda_s': 0.0004211954134223057}.
[I 2025-08-10 01:53:35,709] Trial 220 finished with values: [0.6776661542198887, 0.17226092463584547] and parameters: {'psi': 0.9342539362389822, 'lda_s': 3.0132304683028043e-06}.
[I 2025-08-10 01:53:41,942] Trial 221 finished with values: [0.6340367870984199, 0.14830813534917206] and parameters: {'psi': 0.17290002071439226, 'lda_s': 0.3478160276509234}.
[I 2025-08-10 01:53:48,174] Trial 222 finished with values: [0.6675296685050751, 0.1654996817313813] and parameters: {'psi': 0.9488114048294096, 'lda_s': 0.0017333069201468673}.
[I 2025-08-10 01:53:54,414] Trial 223 finished with values: [0.691923487234126, 0.16099930603747398] and parameters: {'psi': 0.3761732342462276, 'lda_s': 0.5633056819106802}.
[I 2025-08-10 01:54:00,648] Trial 224 finished with values: [0.6784487510405554, 0.16856780735107732] and parameters: {'psi': 0.9074149880463566, 'lda_s': 1.4169570947456157e-07}.
[I 2025-08-10 01:54:06,864] Trial 225 finished with values: [0.6836149537107772, 0.17189460476787954] and parameters: {'psi': 0.5374922802836171, 'lda_s': 1.4143114180072894e-07}.
[I 2025-08-10 01:54:13,082] Trial 226 finished with values: [0.633491980005111, 0.16418875242404654] and parameters: {'psi': 0.9342539362389822, 'lda_s': 0.010648639902315427}.
[I 2025-08-10 01:54:19,306] Trial 227 finished with values: [0.6655955762817817, 0.1705919796308084] and parameters: {'psi': 0.36216286405907183, 'lda_s': 0.0010268925497180703}.
[I 2025-08-10 01:54:25,543] Trial 228 finished with values: [0.649141077003579, 0.17506631299734748] and parameters: {'psi': 0.5503152230285663, 'lda_s': 0.5578537675544556}.
[I 2025-08-10 01:54:31,775] Trial 229 finished with values: [0.7181163682351503, 0.18851878100637845] and parameters: {'psi': 0.6263623987185496, 'lda_s': 0.5645725872258147}.
[I 2025-08-10 01:54:38,007] Trial 230 finished with values: [0.7046533051915771, 0.1871508379888268] and parameters: {'psi': 0.608890433202157, 'lda_s': 3.457304114821059}.
[I 2025-08-10 01:54:44,229] Trial 231 finished with values: [0.6964575820714839, 0.1941747572815534] and parameters: {'psi': 0.9488114048294096, 'lda_s': 1.62617782010938}.
[I 2025-08-10 01:54:50,457] Trial 232 finished with values: [0.6831051209973829, 0.17304075235109717] and parameters: {'psi': 0.4712458846683819, 'lda_s': 2.9117538985378253e-05}.
[I 2025-08-10 01:54:56,779] Trial 233 finished with values: [0.675523117118652, 0.09829059829059829] and parameters: {'psi': 0.7600561271363905, 'lda_s': 0.5633056819106802}.
[I 2025-08-10 01:55:03,010] Trial 234 finished with values: [0.6832537170419426, 0.17221873035826524] and parameters: {'psi': 0.608890433202157, 'lda_s': 1.5055899826682818e-05}.
[I 2025-08-10 01:55:09,255] Trial 235 finished with values: [0.6832861224274563, 0.17271589486858574] and parameters: {'psi': 0.40238563912536607, 'lda_s': 1.5561967504941715e-08}.
[I 2025-08-10 01:55:15,491] Trial 236 finished with values: [0.6700908207125849, 0.16666666666666666] and parameters: {'psi': 0.9342539362389822, 'lda_s': 0.001204995053550865}.
[I 2025-08-10 01:55:21,703] Trial 237 finished with values: [0.6846672498734657, 0.14174344436569808] and parameters: {'psi': 0.8640718337224946, 'lda_s': 0.24914735035838592}.
[I 2025-08-10 01:55:27,936] Trial 238 finished with values: [0.68332046582629, 0.17271589486858574] and parameters: {'psi': 0.41532968419748373, 'lda_s': 1.5015627352777639e-06}.
[I 2025-08-10 01:55:34,158] Trial 239 finished with values: [0.6829209646619047, 0.17232704402515722] and parameters: {'psi': 0.608890433202157, 'lda_s': 4.397160492917002e-05}.
[I 2025-08-10 01:55:40,380] Trial 240 finished with values: [0.6831274306856016, 0.17271589486858574] and parameters: {'psi': 0.3761732342462276, 'lda_s': 5.4376888989618e-08}.
[I 2025-08-10 01:55:46,611] Trial 241 finished with values: [0.6964575820714839, 0.1941747572815534] and parameters: {'psi': 0.9488114048294096, 'lda_s': 1.62617782010938}.
[I 2025-08-10 01:55:52,853] Trial 242 finished with values: [0.6781909051288395, 0.16644295302013423] and parameters: {'psi': 0.47228891466048595, 'lda_s': 0.12274798431294123}.
[I 2025-08-10 01:55:59,098] Trial 243 finished with values: [0.6517927749962028, 0.16307893020221786] and parameters: {'psi': 0.6136687103676554, 'lda_s': 0.005168833617027757}.
[I 2025-08-10 01:56:05,334] Trial 244 finished with values: [0.6791122727172344, 0.1713197969543147] and parameters: {'psi': 0.808103626306382, 'lda_s': 1.5561967504941715e-08}.
[I 2025-08-10 01:56:11,579] Trial 245 finished with values: [0.6330285694712423, 0.15142857142857144] and parameters: {'psi': 0.22004669810267774, 'lda_s': 0.5633056819106802}.
[I 2025-08-10 01:56:17,816] Trial 246 finished with values: [0.6832673282052599, 0.17271589486858574] and parameters: {'psi': 0.40238563912536607, 'lda_s': 1.1309802841441674e-06}.
[I 2025-08-10 01:56:24,050] Trial 247 finished with values: [0.7082290749772284, 0.18926553672316385] and parameters: {'psi': 0.6230420128524983, 'lda_s': 0.3358834667475939}.
