[I 2025-08-10 02:22:16,509] Trial 496 finished with values: [0.7204912007434761, 0.18723994452149792] and parameters: {'psi': 0.6263623987185496, 'lda_s': 3.5119526098869485}.
[I 2025-08-10 02:22:22,748] Trial 497 finished with values: [0.6899646966085218, 0.1601615074024226] and parameters: {'psi': 0.4100147402332388, 'lda_s': 0.5633056819106802}.
[I 2025-08-10 02:22:28,965] Trial 498 finished with values: [0.7071104356608874, 0.20656634746922026] and parameters: {'psi': 0.9342539362389822, 'lda_s': 7.715980975809148}.
[I 2025-08-10 02:22:35,195] Trial 499 finished with values: [0.6326302401288643, 0.15340501792114694] and parameters: {'psi': 0.15928507055710894, 'lda_s': 0.03666622310347175}.
