[I 2025-08-10 00:13:40,380] Trial 0 finished with values: [0.885862354865774, 0.27154471544715447] and parameters: {'psi': 0.18285562786935305, 'lda_s': 6.296766088379893e-05}.
[I 2025-08-10 00:13:47,069] Trial 1 finished with values: [0.8863656866095267, 0.2582837723024639] and parameters: {'psi': 0.7732778642378239, 'lda_s': 3.430137059757514e-05}.
[I 2025-08-10 00:13:53,763] Trial 2 finished with values: [0.8871669053162542, 0.26436781609195403] and parameters: {'psi': 0.5175544921520531, 'lda_s': 5.435402056862119e-05}.
[I 2025-08-10 00:14:00,455] Trial 3 finished with values: [0.8860815065908089, 0.2578456318914334] and parameters: {'psi': 0.7907114739492069, 'lda_s': 2.504968906125175e-07}.
[I 2025-08-10 00:14:07,157] Trial 4 finished with values: [0.8872105762781884, 0.252129471890971] and parameters: {'psi': 0.6980567127209061, 'lda_s': 1.624180427063411e-05}.
[I 2025-08-10 00:14:13,849] Trial 5 finished with values: [0.8869073499822767, 0.25234441602728047] and parameters: {'psi': 0.7216265978310573, 'lda_s': 6.835559372904467e-05}.
[I 2025-08-10 00:14:20,550] Trial 6 finished with values: [0.8298491662352697, 0.17511520737327188] and parameters: {'psi': 0.8196833082804116, 'lda_s': 9.798299898090143}.
[I 2025-08-10 00:14:27,238] Trial 7 finished with values: [0.8592852274842719, 0.17526617526617527] and parameters: {'psi': 0.4230048649245858, 'lda_s': 0.20556791428294302}.
[I 2025-08-10 00:14:34,038] Trial 8 finished with values: [0.847727404580542, 0.31437598736176936] and parameters: {'psi': 0.7362388355207174, 'lda_s': 0.36141560790020555}.
[I 2025-08-10 00:14:40,743] Trial 9 finished with values: [0.8845234573631154, 0.22867853795688847] and parameters: {'psi': 0.311545273869137, 'lda_s': 0.016011366049434178}.
[I 2025-08-10 00:14:47,444] Trial 10 finished with values: [0.88535288687372, 0.27176566314076483] and parameters: {'psi': 0.18466212891524314, 'lda_s': 0.00013731930151226687}.
[I 2025-08-10 00:14:54,125] Trial 11 finished with values: [0.8864601210801326, 0.28802588996763756] and parameters: {'psi': 0.03841200427005498, 'lda_s': 1.940813515926872e-08}.
[I 2025-08-10 00:15:00,807] Trial 12 finished with values: [0.8779648439193445, 0.269907795473596] and parameters: {'psi': 0.88698245381749, 'lda_s': 7.016497588907792e-05}.
[I 2025-08-10 00:15:07,499] Trial 13 finished with values: [0.8859911363885581, 0.2578456318914334] and parameters: {'psi': 0.7916371517012561, 'lda_s': 2.677515865645981e-05}.
[I 2025-08-10 00:15:14,185] Trial 14 finished with values: [0.8786434173515889, 0.14647887323943662] and parameters: {'psi': 0.38002492741871297, 'lda_s': 0.043996960249866934}.
[I 2025-08-10 00:15:20,890] Trial 15 finished with values: [0.8911866261026121, 0.15301724137931033] and parameters: {'psi': 0.18295969227694786, 'lda_s': 0.15005478489499946}.
[I 2025-08-10 00:15:27,586] Trial 16 finished with values: [0.7937686637578193, 0.29137760158572845] and parameters: {'psi': 0.7851494191497851, 'lda_s': 0.07980056540324243}.
[I 2025-08-10 00:15:34,269] Trial 17 finished with values: [0.8867393602235955, 0.26633986928104575] and parameters: {'psi': 0.3840469338819056, 'lda_s': 1.9582474738154607e-05}.
[I 2025-08-10 00:15:40,943] Trial 18 finished with values: [0.8861925169009809, 0.2877930476960388] and parameters: {'psi': 0.04621242229649658, 'lda_s': 6.297478853455755e-06}.
[I 2025-08-10 00:15:47,623] Trial 19 finished with values: [0.8536991695504377, 0.2667964946445959] and parameters: {'psi': 0.6329406319726392, 'lda_s': 0.054665418364965405}.
[I 2025-08-10 00:15:54,311] Trial 20 finished with values: [0.8247822986609272, 0.14808510638297873] and parameters: {'psi': 0.5776550404825113, 'lda_s': 4.369835798075115}.
[I 2025-08-10 00:16:01,004] Trial 21 finished with values: [0.8824839118726363, 0.2901896125309151] and parameters: {'psi': 0.9836400254993639, 'lda_s': 0.0008202793470409335}.
[I 2025-08-10 00:16:07,693] Trial 22 finished with values: [0.8859656350969176, 0.28294260307194824] and parameters: {'psi': 0.07466843831400638, 'lda_s': 1.841786984856263e-05}.
[I 2025-08-10 00:16:14,380] Trial 23 finished with values: [0.8869477535912194, 0.26557377049180325] and parameters: {'psi': 0.49541187419053623, 'lda_s': 8.978982427020671e-05}.
[I 2025-08-10 00:16:21,054] Trial 24 finished with values: [0.8365834198252141, 0.1321656050955414] and parameters: {'psi': 0.563586449225991, 'lda_s': 0.13921642270938464}.
[I 2025-08-10 00:16:27,742] Trial 25 finished with values: [0.887523684324611, 0.2593516209476309] and parameters: {'psi': 0.5935440389895625, 'lda_s': 3.6459190928295067e-07}.
[I 2025-08-10 00:16:34,435] Trial 26 finished with values: [0.8872633320752696, 0.26557377049180325] and parameters: {'psi': 0.49812790865262035, 'lda_s': 3.7940986945230646e-08}.
[I 2025-08-10 00:16:41,128] Trial 27 finished with values: [0.8204624595485762, 0.1454849498327759] and parameters: {'psi': 0.7791619418437834, 'lda_s': 5.001738571286744}.
[I 2025-08-10 00:16:47,798] Trial 28 finished with values: [0.8858158150085301, 0.2593220338983051] and parameters: {'psi': 0.7977439713176182, 'lda_s': 2.1764659079948255e-05}.
[I 2025-08-10 00:16:54,495] Trial 29 finished with values: [0.8768504374746581, 0.27310574521232306] and parameters: {'psi': 0.9148821566253722, 'lda_s': 1.7560066686486643e-05}.
[I 2025-08-10 00:17:01,168] Trial 30 finished with values: [0.8870758975817123, 0.2548197820620285] and parameters: {'psi': 0.6192800460297619, 'lda_s': 0.0001570531062762361}.
[I 2025-08-10 00:17:07,867] Trial 31 finished with values: [0.8881016073464123, 0.2228626320845341] and parameters: {'psi': 0.10644737799667536, 'lda_s': 0.009480396218066003}.
[I 2025-08-10 00:17:14,556] Trial 32 finished with values: [0.8758933421227786, 0.2880932556203164] and parameters: {'psi': 0.9692551952986482, 'lda_s': 0.0031627223147739376}.
[I 2025-08-10 00:17:21,257] Trial 33 finished with values: [0.8622334955640503, 0.12003381234150465] and parameters: {'psi': 0.4096678697237268, 'lda_s': 0.7634228099888618}.
[I 2025-08-10 00:17:27,947] Trial 34 finished with values: [0.885696118320893, 0.2597623089983022] and parameters: {'psi': 0.7781431741287106, 'lda_s': 0.00027124285762809017}.
[I 2025-08-10 00:17:34,739] Trial 35 finished with values: [0.882542485151873, 0.29533678756476683] and parameters: {'psi': 0.015232310475658428, 'lda_s': 0.08865989195338274}.
[I 2025-08-10 00:17:41,434] Trial 36 finished with values: [0.836061599645022, 0.13710368466152528] and parameters: {'psi': 0.5396259310374241, 'lda_s': 0.9518327468847598}.
[I 2025-08-10 00:17:48,122] Trial 37 finished with values: [0.8867677304105452, 0.26633986928104575] and parameters: {'psi': 0.37977235175364676, 'lda_s': 9.799806017488188e-06}.
[I 2025-08-10 00:17:54,820] Trial 38 finished with values: [0.88364940059214, 0.2880658436213992] and parameters: {'psi': 0.9820710245298158, 'lda_s': 1.2078166622952213e-08}.
[I 2025-08-10 00:18:01,506] Trial 39 finished with values: [0.8837516448333108, 0.2631578947368421] and parameters: {'psi': 0.7572717133858269, 'lda_s': 0.0012177751968689024}.
[I 2025-08-10 00:18:08,206] Trial 40 finished with values: [0.8814566082772094, 0.2649789029535865] and parameters: {'psi': 0.8544198762721824, 'lda_s': 3.548923037080447e-08}.
[I 2025-08-10 00:18:14,901] Trial 41 finished with values: [0.8690584381223909, 0.28383458646616544] and parameters: {'psi': 0.5602683930030257, 'lda_s': 0.01894015350200627}.
[I 2025-08-10 00:18:21,602] Trial 42 finished with values: [0.8747104009568084, 0.15784408084696824] and parameters: {'psi': 0.36678180354436507, 'lda_s': 0.333452348432186}.
[I 2025-08-10 00:18:28,311] Trial 43 finished with values: [0.8864417920267662, 0.27154471544715447] and parameters: {'psi': 0.22796696225579693, 'lda_s': 1.2541007961263573e-06}.
[I 2025-08-10 00:18:34,995] Trial 44 finished with values: [0.8861086017131767, 0.27420736932305056] and parameters: {'psi': 0.46922358072733483, 'lda_s': 0.008870998465603078}.
[I 2025-08-10 00:18:41,696] Trial 45 finished with values: [0.8832179506141986, 0.16076555023923444] and parameters: {'psi': 0.332877278002512, 'lda_s': 2.119074248987293}.
[I 2025-08-10 00:18:48,387] Trial 46 finished with values: [0.8850191387193761, 0.26057529610829105] and parameters: {'psi': 0.8169242482857452, 'lda_s': 6.058572918456667e-07}.
[I 2025-08-10 00:18:55,076] Trial 47 finished with values: [0.8868157047154439, 0.26633986928104575] and parameters: {'psi': 0.3836255799150504, 'lda_s': 4.472825792237904e-07}.
[I 2025-08-10 00:19:01,771] Trial 48 finished with values: [0.8169913352986328, 0.13660245183887915] and parameters: {'psi': 0.6199190471165669, 'lda_s': 8.450216552343859}.
[I 2025-08-10 00:19:08,480] Trial 49 finished with values: [0.8848860538536276, 0.13657623947614594] and parameters: {'psi': 0.21155023622191327, 'lda_s': 1.8283634756478009}.
[I 2025-08-10 00:19:15,183] Trial 50 finished with values: [0.8869393062883636, 0.2635024549918167] and parameters: {'psi': 0.42038334082402196, 'lda_s': 2.101516059836153e-06}.
[I 2025-08-10 00:19:21,903] Trial 51 finished with values: [0.8350001880720259, 0.19728377412437456] and parameters: {'psi': 0.9820710245298158, 'lda_s': 3.10513418987576}.
[I 2025-08-10 00:19:28,611] Trial 52 finished with values: [0.887215995302662, 0.26557377049180325] and parameters: {'psi': 0.49541187419053623, 'lda_s': 9.942588618270732e-06}.
[I 2025-08-10 00:19:35,314] Trial 53 finished with values: [0.8866954501870521, 0.26633986928104575] and parameters: {'psi': 0.3733657323287116, 'lda_s': 1.9582474738154607e-05}.
[I 2025-08-10 00:19:42,006] Trial 54 finished with values: [0.8874113989498569, 0.253781512605042] and parameters: {'psi': 0.6329406319726392, 'lda_s': 1.9582474738154607e-05}.
[I 2025-08-10 00:19:48,679] Trial 55 finished with values: [0.8873441392931553, 0.2641509433962264] and parameters: {'psi': 0.5175544921520531, 'lda_s': 2.506273818411529e-08}.
[I 2025-08-10 00:19:55,377] Trial 56 finished with values: [0.8789659289993038, 0.14736842105263157] and parameters: {'psi': 0.39843241119609907, 'lda_s': 0.043996960249866934}.
[I 2025-08-10 00:20:02,076] Trial 57 finished with values: [0.8845401128942182, 0.2541436464088398] and parameters: {'psi': 0.06679934304860491, 'lda_s': 0.005570291711322877}.
[I 2025-08-10 00:20:08,786] Trial 58 finished with values: [0.8781140264754409, 0.24885635864592864] and parameters: {'psi': 0.715301071615958, 'lda_s': 0.016011366049434178}.
[I 2025-08-10 00:20:15,461] Trial 59 finished with values: [0.8861630310325218, 0.2582837723024639] and parameters: {'psi': 0.7791619418437834, 'lda_s': 6.835559372904467e-05}.
[I 2025-08-10 00:20:22,171] Trial 60 finished with values: [0.8855207172493288, 0.2636363636363636] and parameters: {'psi': 0.04963991828572856, 'lda_s': 0.004269258278348594}.
[I 2025-08-10 00:20:28,861] Trial 61 finished with values: [0.8027283831926086, 0.1602787456445993] and parameters: {'psi': 0.9399842455839256, 'lda_s': 0.36141560790020555}.
[I 2025-08-10 00:20:35,545] Trial 62 finished with values: [0.8875307768713486, 0.260149130074565] and parameters: {'psi': 0.5758205182873772, 'lda_s': 3.6459190928295067e-07}.
[I 2025-08-10 00:20:42,225] Trial 63 finished with values: [0.8857532571524748, 0.2877930476960388] and parameters: {'psi': 0.04621242229649658, 'lda_s': 1.9582474738154607e-05}.
[I 2025-08-10 00:20:48,901] Trial 64 finished with values: [0.886474784322826, 0.26436781609195403] and parameters: {'psi': 0.5175544921520531, 'lda_s': 0.00031704829627262916}.
[I 2025-08-10 00:20:55,593] Trial 65 finished with values: [0.88643796683302, 0.26535626535626533] and parameters: {'psi': 0.43092574765189173, 'lda_s': 0.0001570531062762361}.
[I 2025-08-10 00:21:02,291] Trial 66 finished with values: [0.8253199774568583, 0.09590100541376644] and parameters: {'psi': 0.8248722028966969, 'lda_s': 0.5546433726653811}.
[I 2025-08-10 00:21:08,968] Trial 67 finished with values: [0.8335227866791454, 0.16071428571428573] and parameters: {'psi': 0.5602683930030257, 'lda_s': 2.119074248987293}.
[I 2025-08-10 00:21:15,641] Trial 68 finished with values: [0.8774094736023379, 0.2692307692307692] and parameters: {'psi': 0.8965803732323132, 'lda_s': 8.941845970731763e-07}.
[I 2025-08-10 00:21:22,330] Trial 69 finished with values: [0.8705228497948423, 0.2847514743049705] and parameters: {'psi': 0.9523560575400171, 'lda_s': 0.009480396218066003}.
[I 2025-08-10 00:21:29,013] Trial 70 finished with values: [0.886136812517054, 0.28294260307194824] and parameters: {'psi': 0.07466843831400638, 'lda_s': 1.085607174519352e-05}.
[I 2025-08-10 00:21:35,692] Trial 71 finished with values: [0.8866968049431704, 0.2570212765957447] and parameters: {'psi': 0.7584138023920671, 'lda_s': 4.472825792237904e-07}.
[I 2025-08-10 00:21:42,367] Trial 72 finished with values: [0.8536991695504377, 0.2667964946445959] and parameters: {'psi': 0.6329406319726392, 'lda_s': 0.054665418364965405}.
[I 2025-08-10 00:21:49,178] Trial 73 finished with values: [0.8839414700729591, 0.2894736842105263] and parameters: {'psi': 0.9836400254993639, 'lda_s': 1.940813515926872e-08}.
[I 2025-08-10 00:21:55,866] Trial 74 finished with values: [0.8871343114778764, 0.265139116202946] and parameters: {'psi': 0.46922358072733483, 'lda_s': 2.3204610822587424e-06}.
[I 2025-08-10 00:22:02,559] Trial 75 finished with values: [0.8868315633311826, 0.26557377049180325] and parameters: {'psi': 0.5071245788804505, 'lda_s': 0.00015383170348955112}.
[I 2025-08-10 00:22:09,256] Trial 76 finished with values: [0.847727404580542, 0.31437598736176936] and parameters: {'psi': 0.7362388355207174, 'lda_s': 0.36141560790020555}.
[I 2025-08-10 00:22:15,946] Trial 77 finished with values: [0.8859231595080291, 0.266994266994267] and parameters: {'psi': 0.39706099146463236, 'lda_s': 0.00027124285762809017}.
[I 2025-08-10 00:22:22,639] Trial 78 finished with values: [0.8872484297579671, 0.17901828681424448] and parameters: {'psi': 0.21155023622191327, 'lda_s': 0.01601578190545833}.
[I 2025-08-10 00:22:29,328] Trial 79 finished with values: [0.882542485151873, 0.29533678756476683] and parameters: {'psi': 0.015232310475658428, 'lda_s': 6.142960327035614}.
[I 2025-08-10 00:22:36,012] Trial 80 finished with values: [0.8817924284114991, 0.2538593481989708] and parameters: {'psi': 0.7250273995100757, 'lda_s': 0.0023302114595906784}.
[I 2025-08-10 00:22:42,707] Trial 81 finished with values: [0.8437800437092139, 0.19575856443719414] and parameters: {'psi': 0.9373211009540805, 'lda_s': 2.0718836999741184}.
[I 2025-08-10 00:22:49,399] Trial 82 finished with values: [0.8797892222616074, 0.282411230388109] and parameters: {'psi': 0.9590256501020554, 'lda_s': 1.2541007961263573e-06}.
[I 2025-08-10 00:22:56,078] Trial 83 finished with values: [0.885862354865774, 0.27154471544715447] and parameters: {'psi': 0.18285562786935305, 'lda_s': 6.296766088379893e-05}.
[I 2025-08-10 00:23:02,761] Trial 84 finished with values: [0.8451773551080362, 0.2801235839340886] and parameters: {'psi': 0.88698245381749, 'lda_s': 0.09104926478250511}.
[I 2025-08-10 00:23:09,420] Trial 85 finished with values: [0.8853285012635891, 0.26079593564775616] and parameters: {'psi': 0.8084203246729282, 'lda_s': 6.15518538070937e-05}.
[I 2025-08-10 00:23:16,099] Trial 86 finished with values: [0.836061599645022, 0.13710368466152528] and parameters: {'psi': 0.5396259310374241, 'lda_s': 0.9518327468847598}.
[I 2025-08-10 00:23:22,778] Trial 87 finished with values: [0.8789360446731627, 0.2674516400336417] and parameters: {'psi': 0.8773615716871728, 'lda_s': 9.799806017488188e-06}.
[I 2025-08-10 00:23:29,464] Trial 88 finished with values: [0.887126820473457, 0.26535626535626533] and parameters: {'psi': 0.48009451376904255, 'lda_s': 1.865740894732922e-05}.
[I 2025-08-10 00:23:36,141] Trial 89 finished with values: [0.8644738637261977, 0.2437137330754352] and parameters: {'psi': 0.7362388355207174, 'lda_s': 0.025855793695849786}.
[I 2025-08-10 00:23:42,826] Trial 90 finished with values: [0.8875035223659078, 0.26194398682042835] and parameters: {'psi': 0.5602683930030257, 'lda_s': 2.9698551773214173e-06}.
[I 2025-08-10 00:23:49,495] Trial 91 finished with values: [0.8870692831841932, 0.25170068027210885] and parameters: {'psi': 0.6832221593719092, 'lda_s': 9.614988584871742e-05}.
[I 2025-08-10 00:23:56,172] Trial 92 finished with values: [0.8868734810793167, 0.2649223221586263] and parameters: {'psi': 0.419521846630204, 'lda_s': 1.841786984856263e-05}.
[I 2025-08-10 00:24:02,864] Trial 93 finished with values: [0.8871013988733529, 0.265139116202946] and parameters: {'psi': 0.46922358072733483, 'lda_s': 1.128186404731871e-05}.
[I 2025-08-10 00:24:09,532] Trial 94 finished with values: [0.8858843497298138, 0.2924451665312754] and parameters: {'psi': 0.01701252671224618, 'lda_s': 1.0672648752339011e-07}.
[I 2025-08-10 00:24:16,211] Trial 95 finished with values: [0.8674544865697449, 0.24181818181818182] and parameters: {'psi': 0.7907114739492069, 'lda_s': 0.020552576498177082}.
[I 2025-08-10 00:24:22,914] Trial 96 finished with values: [0.8840841179230728, 0.24620874219446923] and parameters: {'psi': 0.06164331801433609, 'lda_s': 0.003969349875872296}.
[I 2025-08-10 00:24:29,589] Trial 97 finished with values: [0.8173054793350283, 0.13648293963254593] and parameters: {'psi': 0.6192800460297619, 'lda_s': 8.307192261302216}.
[I 2025-08-10 00:24:36,265] Trial 98 finished with values: [0.8768849439099091, 0.27310574521232306] and parameters: {'psi': 0.9148821566253722, 'lda_s': 5.985115633345785e-07}.
[I 2025-08-10 00:24:42,940] Trial 99 finished with values: [0.8772308051777823, 0.2718932443703086] and parameters: {'psi': 0.8997504415622917, 'lda_s': 7.183677180907127e-06}.
[I 2025-08-10 00:24:49,620] Trial 100 finished with values: [0.8862983472612886, 0.2827140549273021] and parameters: {'psi': 0.07772254434514025, 'lda_s': 4.44255506540241e-06}.
[I 2025-08-10 00:24:56,314] Trial 101 finished with values: [0.8775234324993562, 0.25177304964539005] and parameters: {'psi': 0.7362388355207174, 'lda_s': 0.010213614934859118}.
[I 2025-08-10 00:25:02,995] Trial 102 finished with values: [0.8832387501051928, 0.28665568369028005] and parameters: {'psi': 0.9800779059552109, 'lda_s': 1.624180427063411e-05}.
[I 2025-08-10 00:25:09,676] Trial 103 finished with values: [0.8376940010761544, 0.15398075240594924] and parameters: {'psi': 0.5299468552950796, 'lda_s': 2.76010110536113}.
[I 2025-08-10 00:25:16,356] Trial 104 finished with values: [0.8499132637318079, 0.33360064153969526] and parameters: {'psi': 0.7299181214955893, 'lda_s': 0.36141560790020555}.
[I 2025-08-10 00:25:23,153] Trial 105 finished with values: [0.8821829169397429, 0.2755775577557756] and parameters: {'psi': 0.2190127071232112, 'lda_s': 0.0017311547748561171}.
[I 2025-08-10 00:25:29,860] Trial 106 finished with values: [0.8827883335415939, 0.27755102040816326] and parameters: {'psi': 0.11224628078085619, 'lda_s': 0.0003610337775959146}.
[I 2025-08-10 00:25:36,564] Trial 107 finished with values: [0.8853601388035304, 0.22392344497607655] and parameters: {'psi': 0.07466843831400638, 'lda_s': 0.03124764345830787}.
[I 2025-08-10 00:25:43,266] Trial 108 finished with values: [0.8451773551080362, 0.2801235839340886] and parameters: {'psi': 0.88698245381749, 'lda_s': 0.09104926478250511}.
[I 2025-08-10 00:25:49,953] Trial 109 finished with values: [0.8869526944664747, 0.2553191489361702] and parameters: {'psi': 0.7362388355207174, 'lda_s': 4.1814824041224203e-07}.
[I 2025-08-10 00:25:56,638] Trial 110 finished with values: [0.8864465735189487, 0.2859450726978998] and parameters: {'psi': 0.05612927027643866, 'lda_s': 1.940813515926872e-08}.
[I 2025-08-10 00:26:03,342] Trial 111 finished with values: [0.8849577762363663, 0.25448334756618274] and parameters: {'psi': 0.7362388355207174, 'lda_s': 0.0008202793470409335}.
[I 2025-08-10 00:26:10,030] Trial 112 finished with values: [0.847727404580542, 0.31437598736176936] and parameters: {'psi': 0.7362388355207174, 'lda_s': 0.36141560790020555}.
[I 2025-08-10 00:26:16,730] Trial 113 finished with values: [0.8870232214761679, 0.265139116202946] and parameters: {'psi': 0.44104530685879095, 'lda_s': 2.506273818411529e-08}.
[I 2025-08-10 00:26:23,395] Trial 114 finished with values: [0.8859642006492627, 0.2585034013605442] and parameters: {'psi': 0.7728382192759357, 'lda_s': 0.0002018600513898923}.
[I 2025-08-10 00:26:30,091] Trial 115 finished with values: [0.8873441392931553, 0.2641509433962264] and parameters: {'psi': 0.5175544921520531, 'lda_s': 2.2128042110780982e-08}.
[I 2025-08-10 00:26:36,781] Trial 116 finished with values: [0.8845201103185877, 0.2676518883415435] and parameters: {'psi': 0.419521846630204, 'lda_s': 0.0008202793470409335}.
[I 2025-08-10 00:26:43,482] Trial 117 finished with values: [0.8871013988733529, 0.265139116202946] and parameters: {'psi': 0.46922358072733483, 'lda_s': 1.128186404731871e-05}.
[I 2025-08-10 00:26:50,182] Trial 118 finished with values: [0.8933477011860651, 0.18093385214007782] and parameters: {'psi': 0.1446807956080456, 'lda_s': 0.36141560790020555}.
[I 2025-08-10 00:26:56,875] Trial 119 finished with values: [0.8865111236634136, 0.2687296416938111] and parameters: {'psi': 0.2679559193103045, 'lda_s': 1.2078166622952213e-08}.
[I 2025-08-10 00:27:03,559] Trial 120 finished with values: [0.8863441698947051, 0.2877930476960388] and parameters: {'psi': 0.04621242229649658, 'lda_s': 2.7722060153527856e-06}.
[I 2025-08-10 00:27:10,248] Trial 121 finished with values: [0.8867784887679561, 0.26612244897959186] and parameters: {'psi': 0.3733657323287116, 'lda_s': 4.472825792237904e-07}.
[I 2025-08-10 00:27:16,927] Trial 122 finished with values: [0.8847865191246936, 0.26057529610829105] and parameters: {'psi': 0.8157619184763467, 'lda_s': 0.00013602239197015327}.
[I 2025-08-10 00:27:23,605] Trial 123 finished with values: [0.8846892954503146, 0.2660098522167488] and parameters: {'psi': 0.43906575863656505, 'lda_s': 0.0008202793470409335}.
