[I 2025-08-10 01:15:34,548] Trial 124 finished with values: [0.8845643001198608, 0.1655328798185941] and parameters: {'psi': 0.34953424684138157, 'lda_s': 3.001429763812531}.
[I 2025-08-10 01:15:41,711] Trial 125 finished with values: [0.8882935451696874, 0.2734646581691773] and parameters: {'psi': 0.7999877759770224, 'lda_s': 0.09845813622769864}.
[I 2025-08-10 01:15:48,843] Trial 126 finished with values: [0.885402709828124, 0.25022665457842247] and parameters: {'psi': 0.9988194599393244, 'lda_s': 1.0933382072425501e-05}.
[I 2025-08-10 01:15:55,984] Trial 127 finished with values: [0.8808680351280925, 0.3388235294117647] and parameters: {'psi': 0.6731327718398877, 'lda_s': 0.17479898506877023}.
[I 2025-08-10 01:16:03,148] Trial 128 finished with values: [0.8825609281587732, 0.25] and parameters: {'psi': 0.9813904171510542, 'lda_s': 1.1139740002357958e-07}.
[I 2025-08-10 01:16:10,286] Trial 129 finished with values: [0.885528966818064, 0.2407906558849955] and parameters: {'psi': 0.21306312631014201, 'lda_s': 8.872101038307687e-07}.
[I 2025-08-10 01:16:17,430] Trial 130 finished with values: [0.8851430335124029, 0.24035874439461882] and parameters: {'psi': 0.1262723902212094, 'lda_s': 2.0651276431579703e-05}.
[I 2025-08-10 01:16:24,597] Trial 131 finished with values: [0.888778668498448, 0.3276699029126214] and parameters: {'psi': 0.4915436121447909, 'lda_s': 0.2644647868196412}.
[I 2025-08-10 01:16:31,737] Trial 132 finished with values: [0.8852021644245779, 0.24208566108007448] and parameters: {'psi': 0.8786936690799845, 'lda_s': 9.520914553551238e-05}.
[I 2025-08-10 01:16:38,886] Trial 133 finished with values: [0.8862006440105883, 0.2432179607109448] and parameters: {'psi': 0.8311870803824225, 'lda_s': 4.901839320780642e-05}.
[I 2025-08-10 01:16:46,138] Trial 134 finished with values: [0.8838785481045796, 0.2375886524822695] and parameters: {'psi': 0.04448613369434684, 'lda_s': 1.299554940776971e-05}.
[I 2025-08-10 01:16:53,287] Trial 135 finished with values: [0.8862413693853117, 0.3854014598540146] and parameters: {'psi': 0.831072520726232, 'lda_s': 3.81497906044754}.
[I 2025-08-10 01:17:00,459] Trial 136 finished with values: [0.8858963280203237, 0.24100719424460432] and parameters: {'psi': 0.4071674248729563, 'lda_s': 3.2503106588896305e-08}.
[I 2025-08-10 01:17:07,590] Trial 137 finished with values: [0.8850619158948556, 0.24558139534883722] and parameters: {'psi': 0.8830096333006243, 'lda_s': 7.516322871180128e-06}.
[I 2025-08-10 01:17:14,761] Trial 138 finished with values: [0.8812423921002432, 0.24326833797585887] and parameters: {'psi': 0.426570514102115, 'lda_s': 0.0014477225801081248}.
[I 2025-08-10 01:17:21,940] Trial 139 finished with values: [0.888400480509452, 0.3185011709601874] and parameters: {'psi': 0.4890575832340943, 'lda_s': 0.1398890119190858}.
[I 2025-08-10 01:17:29,069] Trial 140 finished with values: [0.8838433194061991, 0.16523605150214593] and parameters: {'psi': 0.4599140627570205, 'lda_s': 0.0281314656444069}.
[I 2025-08-10 01:17:36,212] Trial 141 finished with values: [0.8862837604195329, 0.23805229936880073] and parameters: {'psi': 0.5745048659324667, 'lda_s': 3.2608367865704485e-07}.
[I 2025-08-10 01:17:43,367] Trial 142 finished with values: [0.8853725613912122, 0.24187725631768953] and parameters: {'psi': 0.3210491060409252, 'lda_s': 8.223579730267164e-05}.
[I 2025-08-10 01:17:50,536] Trial 143 finished with values: [0.8931810065513721, 0.37292464878671777] and parameters: {'psi': 0.7873150880898891, 'lda_s': 2.3970726422021085}.
[I 2025-08-10 01:17:57,673] Trial 144 finished with values: [0.8855765213967288, 0.24165915238954014] and parameters: {'psi': 0.25187159901294665, 'lda_s': 2.0966185906198492e-07}.
[I 2025-08-10 01:18:04,837] Trial 145 finished with values: [0.8864911350270203, 0.24036697247706423] and parameters: {'psi': 0.7206005063506594, 'lda_s': 1.760566004421092e-08}.
[I 2025-08-10 01:18:12,006] Trial 146 finished with values: [0.885289778114167, 0.33176470588235296] and parameters: {'psi': 0.7206005063506594, 'lda_s': 0.1398890119190858}.
[I 2025-08-10 01:18:19,150] Trial 147 finished with values: [0.8830423870366384, 0.22177009155645983] and parameters: {'psi': 0.8830096333006243, 'lda_s': 0.013861096863027443}.
[I 2025-08-10 01:18:26,298] Trial 148 finished with values: [0.8864678157940498, 0.24304267161410018] and parameters: {'psi': 0.754729698441938, 'lda_s': 1.760566004421092e-08}.
[I 2025-08-10 01:18:33,438] Trial 149 finished with values: [0.886339809861637, 0.2415370539798719] and parameters: {'psi': 0.7081811465171743, 'lda_s': 0.00010220804504555657}.
[I 2025-08-10 01:18:40,583] Trial 150 finished with values: [0.8928520388005386, 0.3675] and parameters: {'psi': 0.7873150880898891, 'lda_s': 0.7428532452422988}.
[I 2025-08-10 01:18:47,713] Trial 151 finished with values: [0.8896234909957779, 0.3200962695547533] and parameters: {'psi': 0.7661737413029311, 'lda_s': 0.1398890119190858}.
[I 2025-08-10 01:18:54,848] Trial 152 finished with values: [0.8855545346913567, 0.24122412241224123] and parameters: {'psi': 0.23445753078547404, 'lda_s': 1.6002099741545237e-07}.
[I 2025-08-10 01:19:01,997] Trial 153 finished with values: [0.8809319964528115, 0.34932349323493234] and parameters: {'psi': 0.6670719555257166, 'lda_s': 9.248122142920904}.
[I 2025-08-10 01:19:09,154] Trial 154 finished with values: [0.8927216176618538, 0.37593984962406013] and parameters: {'psi': 0.779017906929738, 'lda_s': 0.7757155115737782}.
[I 2025-08-10 01:19:16,310] Trial 155 finished with values: [0.8823504720812149, 0.3357487922705314] and parameters: {'psi': 0.6918926645242152, 'lda_s': 2.143138492192273}.
[I 2025-08-10 01:19:23,440] Trial 156 finished with values: [0.8881885253383454, 0.3054187192118227] and parameters: {'psi': 0.8022753388366951, 'lda_s': 0.1398890119190858}.
[I 2025-08-10 01:19:30,640] Trial 157 finished with values: [0.8882434088188007, 0.317016317016317] and parameters: {'psi': 0.4855101846459777, 'lda_s': 0.1398890119190858}.
[I 2025-08-10 01:19:37,805] Trial 158 finished with values: [0.8917885984941105, 0.37965260545905705] and parameters: {'psi': 0.7664621930074929, 'lda_s': 0.6824994269346741}.
[I 2025-08-10 01:19:44,931] Trial 159 finished with values: [0.8863858653467537, 0.24043715846994534] and parameters: {'psi': 0.6897903647323914, 'lda_s': 6.187045593603569e-05}.
[I 2025-08-10 01:19:52,071] Trial 160 finished with values: [0.8842261712417891, 0.37681159420289856] and parameters: {'psi': 0.5909363941148199, 'lda_s': 0.6824994269346741}.
[I 2025-08-10 01:19:59,256] Trial 161 finished with values: [0.8846619910494121, 0.1732283464566929] and parameters: {'psi': 0.3469176597671819, 'lda_s': 0.1398890119190858}.
[I 2025-08-10 01:20:06,391] Trial 162 finished with values: [0.8852681245406945, 0.24150268336314848] and parameters: {'psi': 0.09545600048968994, 'lda_s': 3.8236082671187663e-07}.
[I 2025-08-10 01:20:13,570] Trial 163 finished with values: [0.8877975950541906, 0.24133811230585425] and parameters: {'psi': 0.831072520726232, 'lda_s': 0.0685789414313509}.
[I 2025-08-10 01:20:20,761] Trial 164 finished with values: [0.8840334544378833, 0.16288659793814433] and parameters: {'psi': 0.6817371436998942, 'lda_s': 0.031611037191285565}.
[I 2025-08-10 01:20:27,893] Trial 165 finished with values: [0.8860063448301594, 0.24299065420560748] and parameters: {'psi': 0.8465317698305366, 'lda_s': 9.821192313815775e-05}.
[I 2025-08-10 01:20:35,077] Trial 166 finished with values: [0.8790935247820151, 0.23540315106580167] and parameters: {'psi': 0.127561138189612, 'lda_s': 0.0006348407965728352}.
[I 2025-08-10 01:20:42,250] Trial 167 finished with values: [0.8858290353766091, 0.24144144144144145] and parameters: {'psi': 0.3818578181885077, 'lda_s': 1.1831224924653159e-06}.
[I 2025-08-10 01:20:49,434] Trial 168 finished with values: [0.8858791717274953, 0.382183908045977] and parameters: {'psi': 0.831072520726232, 'lda_s': 2.716861303343854}.
[I 2025-08-10 01:20:56,598] Trial 169 finished with values: [0.8829704305463296, 0.24179943767572634] and parameters: {'psi': 0.7206005063506594, 'lda_s': 0.0017760299771146777}.
[I 2025-08-10 01:21:03,743] Trial 170 finished with values: [0.89307598672003, 0.3761118170266836] and parameters: {'psi': 0.779017906929738, 'lda_s': 3.001429763812531}.
[I 2025-08-10 01:21:10,873] Trial 171 finished with values: [0.8864829732954806, 0.2406563354603464] and parameters: {'psi': 0.6974185488564003, 'lda_s': 9.37845946262105e-07}.
[I 2025-08-10 01:21:18,133] Trial 172 finished with values: [0.8813332538258534, 0.16534541336353342] and parameters: {'psi': 0.2629280312724216, 'lda_s': 0.020903012635734537}.
[I 2025-08-10 01:21:25,258] Trial 173 finished with values: [0.8910532931087669, 0.37203495630461925] and parameters: {'psi': 0.7608332652098371, 'lda_s': 2.143138492192273}.
[I 2025-08-10 01:21:32,429] Trial 174 finished with values: [0.8833867621378274, 0.33530106257378983] and parameters: {'psi': 0.703067367699483, 'lda_s': 2.6474868619598784}.
[I 2025-08-10 01:21:39,533] Trial 175 finished with values: [0.8862483651552028, 0.23826714801444043] and parameters: {'psi': 0.5904434182272731, 'lda_s': 3.703016099749507e-05}.
[I 2025-08-10 01:21:46,718] Trial 176 finished with values: [0.8854037092238227, 0.38926174496644295] and parameters: {'psi': 0.5805023391573498, 'lda_s': 2.143138492192273}.
[I 2025-08-10 01:21:53,908] Trial 177 finished with values: [0.890416761331648, 0.37623762376237624] and parameters: {'psi': 0.754729698441938, 'lda_s': 4.32895970121815}.
[I 2025-08-10 01:22:01,011] Trial 178 finished with values: [0.8854939879686083, 0.24035874439461882] and parameters: {'psi': 0.201191508386651, 'lda_s': 4.4061356965540594e-06}.
[I 2025-08-10 01:22:08,206] Trial 179 finished with values: [0.8855706915884863, 0.3523809523809524] and parameters: {'psi': 0.7206005063506594, 'lda_s': 0.9850327376497425}.
[I 2025-08-10 01:22:15,360] Trial 180 finished with values: [0.8898174570443071, 0.3155339805825243] and parameters: {'psi': 0.779017906929738, 'lda_s': 0.1398890119190858}.
[I 2025-08-10 01:22:22,488] Trial 181 finished with values: [0.8864310880021214, 0.24186046511627907] and parameters: {'psi': 0.779017906929738, 'lda_s': 6.957945388818398e-06}.
[I 2025-08-10 01:22:29,666] Trial 182 finished with values: [0.8781960674445518, 0.2765432098765432] and parameters: {'psi': 0.8413418465572806, 'lda_s': 0.1398890119190858}.
[I 2025-08-10 01:22:36,861] Trial 183 finished with values: [0.8863887802508751, 0.24089635854341737] and parameters: {'psi': 0.8022753388366951, 'lda_s': 1.0477612029839228e-06}.
[I 2025-08-10 01:22:44,035] Trial 184 finished with values: [0.8671725663215643, 0.38865248226950355] and parameters: {'psi': 0.8768854025807566, 'lda_s': 3.001429763812531}.
[I 2025-08-10 01:22:51,216] Trial 185 finished with values: [0.8850619158948556, 0.24558139534883722] and parameters: {'psi': 0.8830096333006243, 'lda_s': 7.516322871180128e-06}.
[I 2025-08-10 01:22:58,399] Trial 186 finished with values: [0.8841604609745973, 0.3652618135376756] and parameters: {'psi': 0.5783962558757407, 'lda_s': 0.17479898506877023}.
[I 2025-08-10 01:23:05,557] Trial 187 finished with values: [0.885849522988433, 0.24144144144144145] and parameters: {'psi': 0.3864884114712178, 'lda_s': 3.9889083844366505e-08}.
[I 2025-08-10 01:23:12,740] Trial 188 finished with values: [0.8869581859502287, 0.2929061784897025] and parameters: {'psi': 0.46462910517314904, 'lda_s': 0.15461500491172567}.
[I 2025-08-10 01:23:19,947] Trial 189 finished with values: [0.8770421818273884, 0.16883116883116883] and parameters: {'psi': 0.1266244685706005, 'lda_s': 0.1605475322962959}.
[I 2025-08-10 01:23:27,138] Trial 190 finished with values: [0.887476039488123, 0.38005390835579517] and parameters: {'psi': 0.556545530620929, 'lda_s': 0.6824994269346741}.
[I 2025-08-10 01:23:34,317] Trial 191 finished with values: [0.8870652045729682, 0.3577430972388956] and parameters: {'psi': 0.7325421430754016, 'lda_s': 2.3970726422021085}.
[I 2025-08-10 01:23:41,497] Trial 192 finished with values: [0.8901883994144875, 0.3581730769230769] and parameters: {'psi': 0.754729698441938, 'lda_s': 0.274780169597067}.
[I 2025-08-10 01:23:48,643] Trial 193 finished with values: [0.8809214195149998, 0.2364341085271318] and parameters: {'psi': 0.754729698441938, 'lda_s': 0.0038310045078288235}.
[I 2025-08-10 01:23:55,833] Trial 194 finished with values: [0.8850685785328473, 0.24558139534883722] and parameters: {'psi': 0.8830096333006243, 'lda_s': 1.2635044769673799e-07}.
[I 2025-08-10 01:24:03,006] Trial 195 finished with values: [0.8431799072161034, 0.23990772779700115] and parameters: {'psi': 0.9218842629314761, 'lda_s': 0.17479898506877023}.
[I 2025-08-10 01:24:10,181] Trial 196 finished with values: [0.8811075569638891, 0.3563636363636364] and parameters: {'psi': 0.6101894512065171, 'lda_s': 0.1398890119190858}.
[I 2025-08-10 01:24:17,357] Trial 197 finished with values: [0.8860757195482466, 0.3849493487698987] and parameters: {'psi': 0.831072520726232, 'lda_s': 3.232139361686897}.
[I 2025-08-10 01:24:24,514] Trial 198 finished with values: [0.8849900426875217, 0.24014336917562723] and parameters: {'psi': 0.12059664358339461, 'lda_s': 3.0215992774923272e-05}.
[I 2025-08-10 01:24:31,685] Trial 199 finished with values: [0.8860847141095352, 0.23942394239423942] and parameters: {'psi': 0.4882343873073186, 'lda_s': 2.1597206388553855e-06}.
[I 2025-08-10 01:24:38,858] Trial 200 finished with values: [0.8850600836694079, 0.24558139534883722] and parameters: {'psi': 0.8830096333006243, 'lda_s': 1.2514233439100303e-05}.
[I 2025-08-10 01:24:46,047] Trial 201 finished with values: [0.8844708566220292, 0.15873015873015872] and parameters: {'psi': 0.3591745118872177, 'lda_s': 3.001429763812531}.
[I 2025-08-10 01:24:53,196] Trial 202 finished with values: [0.8882935451696874, 0.2734646581691773] and parameters: {'psi': 0.7999877759770224, 'lda_s': 0.09845813622769864}.
[I 2025-08-10 01:25:00,310] Trial 203 finished with values: [0.8863705412793732, 0.23826714801444043] and parameters: {'psi': 0.6192150374991184, 'lda_s': 3.1599947549112123e-06}.
[I 2025-08-10 01:25:07,600] Trial 204 finished with values: [0.8842977946001983, 0.330188679245283] and parameters: {'psi': 0.7109485345768751, 'lda_s': 0.17479898506877023}.
[I 2025-08-10 01:25:14,767] Trial 205 finished with values: [0.8860603121978909, 0.2423112767940354] and parameters: {'psi': 0.754729698441938, 'lda_s': 0.0002869740551122303}.
[I 2025-08-10 01:25:21,963] Trial 206 finished with values: [0.89307598672003, 0.3761118170266836] and parameters: {'psi': 0.779017906929738, 'lda_s': 3.001429763812531}.
[I 2025-08-10 01:25:29,120] Trial 207 finished with values: [0.8928520388005386, 0.3675] and parameters: {'psi': 0.7873150880898891, 'lda_s': 0.7428532452422988}.
[I 2025-08-10 01:25:36,311] Trial 208 finished with values: [0.8739682072240319, 0.17713004484304934] and parameters: {'psi': 0.06863339364327692, 'lda_s': 0.1398890119190858}.
[I 2025-08-10 01:25:43,510] Trial 209 finished with values: [0.8898773375032565, 0.34271099744245526] and parameters: {'psi': 0.5093821329210404, 'lda_s': 3.001429763812531}.
[I 2025-08-10 01:25:50,690] Trial 210 finished with values: [0.8862109710994752, 0.23805229936880073] and parameters: {'psi': 0.5443576320039165, 'lda_s': 1.8950699894450245e-06}.
[I 2025-08-10 01:25:57,881] Trial 211 finished with values: [0.8864518254628702, 0.241635687732342] and parameters: {'psi': 0.7664621930074929, 'lda_s': 7.703440462163642e-08}.
[I 2025-08-10 01:26:05,037] Trial 212 finished with values: [0.8854701690377885, 0.24209575429087624] and parameters: {'psi': 0.3256174788695637, 'lda_s': 6.413214418344923e-05}.
[I 2025-08-10 01:26:12,195] Trial 213 finished with values: [0.8883630031707495, 0.31009615384615385] and parameters: {'psi': 0.4770941233969461, 'lda_s': 0.6824994269346741}.
[I 2025-08-10 01:26:19,403] Trial 214 finished with values: [0.8870652045729682, 0.3577430972388956] and parameters: {'psi': 0.7325421430754016, 'lda_s': 2.3970726422021085}.
[I 2025-08-10 01:26:26,535] Trial 215 finished with values: [0.8394949687089206, 0.23459715639810427] and parameters: {'psi': 0.9765745627166599, 'lda_s': 0.1398890119190858}.
[I 2025-08-10 01:26:33,695] Trial 216 finished with values: [0.8775255562136761, 0.1688888888888889] and parameters: {'psi': 0.18723427160398487, 'lda_s': 3.81497906044754}.
[I 2025-08-10 01:26:40,844] Trial 217 finished with values: [0.8842153444550528, 0.24944320712694878] and parameters: {'psi': 0.42173013062438736, 'lda_s': 0.7423078167595615}.
[I 2025-08-10 01:26:48,036] Trial 218 finished with values: [0.8864911350270203, 0.24036697247706423] and parameters: {'psi': 0.7206005063506594, 'lda_s': 1.4517769494349626e-08}.
[I 2025-08-10 01:26:55,149] Trial 219 finished with values: [0.8806747353433624, 0.23219512195121952] and parameters: {'psi': 0.7873150880898891, 'lda_s': 0.004629915690434188}.
[I 2025-08-10 01:27:02,315] Trial 220 finished with values: [0.8863786197279377, 0.24208566108007448] and parameters: {'psi': 0.779017906929738, 'lda_s': 4.088642507614005e-05}.
[I 2025-08-10 01:27:09,481] Trial 221 finished with values: [0.8927216176618538, 0.37593984962406013] and parameters: {'psi': 0.779017906929738, 'lda_s': 0.7757155115737782}.
[I 2025-08-10 01:27:16,609] Trial 222 finished with values: [0.886289340378851, 0.23805229936880073] and parameters: {'psi': 0.5805023391573498, 'lda_s': 3.153045192460951e-06}.
[I 2025-08-10 01:27:23,779] Trial 223 finished with values: [0.8846521636583744, 0.24581005586592178] and parameters: {'psi': 0.8901071317834591, 'lda_s': 1.3160547604196454e-05}.
[I 2025-08-10 01:27:30,961] Trial 224 finished with values: [0.8817493355684263, 0.34146341463414637] and parameters: {'psi': 0.6817371436998942, 'lda_s': 0.7423078167595615}.
[I 2025-08-10 01:27:38,146] Trial 225 finished with values: [0.8774449382939782, 0.3869132290184922] and parameters: {'psi': 0.8530578208373705, 'lda_s': 2.297484505012182}.
[I 2025-08-10 01:27:45,357] Trial 226 finished with values: [0.8844233853263391, 0.15819209039548024] and parameters: {'psi': 0.3624837642225307, 'lda_s': 3.001429763812531}.
[I 2025-08-10 01:27:52,537] Trial 227 finished with values: [0.8832829915511089, 0.195357833655706] and parameters: {'psi': 0.6101894512065171, 'lda_s': 0.01342513250325362}.
[I 2025-08-10 01:27:59,739] Trial 228 finished with values: [0.8809143404621338, 0.176056338028169] and parameters: {'psi': 0.24693825965772676, 'lda_s': 0.7428532452422988}.
[I 2025-08-10 01:28:06,919] Trial 229 finished with values: [0.8862028093679356, 0.23805229936880073] and parameters: {'psi': 0.5392022497951505, 'lda_s': 2.980209556419415e-07}.
[I 2025-08-10 01:28:14,048] Trial 230 finished with values: [0.884224755431216, 0.23342175066312998] and parameters: {'psi': 0.041856521406515856, 'lda_s': 7.23092281156838e-08}.
[I 2025-08-10 01:28:21,206] Trial 231 finished with values: [0.8910532931087669, 0.37203495630461925] and parameters: {'psi': 0.7608332652098371, 'lda_s': 2.143138492192273}.
[I 2025-08-10 01:28:28,346] Trial 232 finished with values: [0.8864517421798953, 0.241635687732342] and parameters: {'psi': 0.7664621930074929, 'lda_s': 2.4260125885014164e-07}.
[I 2025-08-10 01:28:35,627] Trial 233 finished with values: [0.8855204719546249, 0.24014336917562723] and parameters: {'psi': 0.2005361417362047, 'lda_s': 4.770295172244018e-08}.
[I 2025-08-10 01:28:42,816] Trial 234 finished with values: [0.8896234909957779, 0.3200962695547533] and parameters: {'psi': 0.7661737413029311, 'lda_s': 0.1398890119190858}.
[I 2025-08-10 01:28:50,008] Trial 235 finished with values: [0.8731094764698946, 0.18087318087318088] and parameters: {'psi': 0.034196791847869834, 'lda_s': 0.274780169597067}.
[I 2025-08-10 01:28:57,201] Trial 236 finished with values: [0.8348640188899112, 0.3800277392510402] and parameters: {'psi': 0.9610368339819909, 'lda_s': 2.143138492192273}.
[I 2025-08-10 01:29:04,365] Trial 237 finished with values: [0.8862122203440986, 0.23826714801444043] and parameters: {'psi': 0.5648268362039562, 'lda_s': 2.741609171466015e-05}.
[I 2025-08-10 01:29:11,524] Trial 238 finished with values: [0.8824433325982222, 0.17882352941176471] and parameters: {'psi': 0.2716163352245632, 'lda_s': 0.05019046608261254}.
[I 2025-08-10 01:29:18,696] Trial 239 finished with values: [0.8837721124626643, 0.2846715328467153] and parameters: {'psi': 0.8246741390494043, 'lda_s': 0.1253049581787107}.
[I 2025-08-10 01:29:25,878] Trial 240 finished with values: [0.877912488915036, 0.19262295081967212] and parameters: {'psi': 0.9598501221510342, 'lda_s': 0.03277273313847136}.
[I 2025-08-10 01:29:33,071] Trial 241 finished with values: [0.8838123381395382, 0.18510158013544017] and parameters: {'psi': 0.4323466577326731, 'lda_s': 0.03794734991109575}.
[I 2025-08-10 01:29:40,254] Trial 242 finished with values: [0.8884480350881166, 0.3258026159334126] and parameters: {'psi': 0.743891618029872, 'lda_s': 0.17479898506877023}.
[I 2025-08-10 01:29:47,418] Trial 243 finished with values: [0.89124834183597, 0.3725] and parameters: {'psi': 0.7608332652098371, 'lda_s': 3.001429763812531}.
[I 2025-08-10 01:29:54,571] Trial 244 finished with values: [0.8812617970333939, 0.34516523867809057] and parameters: {'psi': 0.6735928708347482, 'lda_s': 3.001429763812531}.
[I 2025-08-10 01:30:01,727] Trial 245 finished with values: [0.8839771551468546, 0.20239390642002175] and parameters: {'psi': 0.39221952736839294, 'lda_s': 9.248122142920904}.
[I 2025-08-10 01:30:08,920] Trial 246 finished with values: [0.89307598672003, 0.3761118170266836] and parameters: {'psi': 0.779017906929738, 'lda_s': 3.001429763812531}.
[I 2025-08-10 01:30:16,090] Trial 247 finished with values: [0.8810707458889857, 0.25183823529411764] and parameters: {'psi': 0.9610368339819909, 'lda_s': 8.379979037446448e-08}.
