[I 2025-08-10 01:22:55,339] Trial 124 finished with values: [0.550340614858769, 0.07344972907886815] and parameters: {'psi': 0.5236113166522336, 'lda_s': 2.2371958251490103}.
[I 2025-08-10 01:23:01,753] Trial 125 finished with values: [0.5624430243256646, 0.07440310938367574] and parameters: {'psi': 0.8086460958479537, 'lda_s': 2.709350600758739}.
[I 2025-08-10 01:23:08,160] Trial 126 finished with values: [0.5111436257525219, 0.0637920850561134] and parameters: {'psi': 0.8223234871618674, 'lda_s': 0.000988898821336635}.
[I 2025-08-10 01:23:14,536] Trial 127 finished with values: [0.5211771712097013, 0.07224770642201835] and parameters: {'psi': 0.06805339953370404, 'lda_s': 3.46121984743662e-05}.
[I 2025-08-10 01:23:20,913] Trial 128 finished with values: [0.514086665523129, 0.03968253968253968] and parameters: {'psi': 0.24277204484366588, 'lda_s': 0.8384710521327656}.
[I 2025-08-10 01:23:27,290] Trial 129 finished with values: [0.5172600624199168, 0.06844547563805105] and parameters: {'psi': 0.7154280967948738, 'lda_s': 0.00021045507978279123}.
[I 2025-08-10 01:23:33,673] Trial 130 finished with values: [0.5219609122429545, 0.07241379310344828] and parameters: {'psi': 0.04217837408050151, 'lda_s': 1.60584345594433e-05}.
[I 2025-08-10 01:23:40,049] Trial 131 finished with values: [0.5457367449069405, 0.04834605597964377] and parameters: {'psi': 0.42793192509481137, 'lda_s': 0.07158302641758894}.
[I 2025-08-10 01:23:46,430] Trial 132 finished with values: [0.5650852269484633, 0.06877113866967305] and parameters: {'psi': 0.7115363328675811, 'lda_s': 1.149566066259846}.
[I 2025-08-10 01:23:52,804] Trial 133 finished with values: [0.5178543534743099, 0.06459189665296536] and parameters: {'psi': 0.8086460958479537, 'lda_s': 1.4288990058548033e-07}.
[I 2025-08-10 01:23:59,300] Trial 134 finished with values: [0.5030009084180365, 0.06424747174301011] and parameters: {'psi': 0.8475814127145654, 'lda_s': 0.002719565686551957}.
[I 2025-08-10 01:24:05,686] Trial 135 finished with values: [0.5188962684939218, 0.06844547563805105] and parameters: {'psi': 0.7115363328675811, 'lda_s': 2.653873511391468e-07}.
[I 2025-08-10 01:24:12,073] Trial 136 finished with values: [0.5204230429601673, 0.07224770642201835] and parameters: {'psi': 0.1092102014538815, 'lda_s': 6.456077471047332e-05}.
[I 2025-08-10 01:24:18,450] Trial 137 finished with values: [0.5204069195577111, 0.07027649769585254] and parameters: {'psi': 0.5567886134788533, 'lda_s': 2.6202740530288017e-08}.
[I 2025-08-10 01:24:24,804] Trial 138 finished with values: [0.52234703580425, 0.07011494252873564] and parameters: {'psi': 0.28196163191017154, 'lda_s': 3.491606402970953e-08}.
[I 2025-08-10 01:24:31,162] Trial 139 finished with values: [0.5209635760365692, 0.0713463751438435] and parameters: {'psi': 0.4820445152473384, 'lda_s': 7.249853382327623e-08}.
[I 2025-08-10 01:24:37,531] Trial 140 finished with values: [0.5209522816729675, 0.0713463751438435] and parameters: {'psi': 0.4827938955249338, 'lda_s': 4.2924023692600766e-07}.
[I 2025-08-10 01:24:43,909] Trial 141 finished with values: [0.4907280458524023, 0.055198973042362] and parameters: {'psi': 0.06805339953370404, 'lda_s': 0.9533669912302283}.
[I 2025-08-10 01:24:50,277] Trial 142 finished with values: [0.5119022238562022, 0.07167630057803469] and parameters: {'psi': 0.5429498419966536, 'lda_s': 0.0009218440125789611}.
[I 2025-08-10 01:24:56,648] Trial 143 finished with values: [0.5191192024694666, 0.07142857142857142] and parameters: {'psi': 0.5354437278753579, 'lda_s': 0.0001418991467135931}.
[I 2025-08-10 01:25:03,046] Trial 144 finished with values: [0.5340277624237401, 0.06148282097649186] and parameters: {'psi': 0.6006076073535226, 'lda_s': 1.06039496326224}.
[I 2025-08-10 01:25:09,427] Trial 145 finished with values: [0.5201060824099026, 0.07023603914795624] and parameters: {'psi': 0.576947598475212, 'lda_s': 1.4865002194252788e-05}.
[I 2025-08-10 01:25:15,804] Trial 146 finished with values: [0.5174201390715298, 0.061284619917501476] and parameters: {'psi': 0.8609780828877461, 'lda_s': 2.555403164066474e-07}.
[I 2025-08-10 01:25:22,186] Trial 147 finished with values: [0.5198072407326952, 0.06904487917146145] and parameters: {'psi': 0.6168391027065007, 'lda_s': 1.0089594007050688e-05}.
[I 2025-08-10 01:25:28,534] Trial 148 finished with values: [0.5211989218392523, 0.0713463751438435] and parameters: {'psi': 0.44871734009386255, 'lda_s': 3.294932071313088e-08}.
[I 2025-08-10 01:25:34,917] Trial 149 finished with values: [0.5225880487434402, 0.06995412844036697] and parameters: {'psi': 0.1762427027074548, 'lda_s': 1.7452936790437142e-05}.
[I 2025-08-10 01:25:41,296] Trial 150 finished with values: [0.5206449392909998, 0.07130534790109258] and parameters: {'psi': 0.4827938955249338, 'lda_s': 2.9142131699502778e-05}.
[I 2025-08-10 01:25:47,689] Trial 151 finished with values: [0.48780360386779664, 0.04581151832460733] and parameters: {'psi': 0.1092102014538815, 'lda_s': 0.0825473939249985}.
[I 2025-08-10 01:25:54,069] Trial 152 finished with values: [0.516731542076533, 0.0641399416909621] and parameters: {'psi': 0.9341639822324772, 'lda_s': 3.1998687400576416e-08}.
[I 2025-08-10 01:26:00,460] Trial 153 finished with values: [0.5175126889980047, 0.06132075471698113] and parameters: {'psi': 0.8498935600643516, 'lda_s': 1.289328344582468e-06}.
[I 2025-08-10 01:26:06,829] Trial 154 finished with values: [0.5518356214330464, 0.06942752740560293] and parameters: {'psi': 0.4838894481845447, 'lda_s': 3.130122179235505}.
[I 2025-08-10 01:26:13,206] Trial 155 finished with values: [0.5164562868618295, 0.06852497096399536] and parameters: {'psi': 0.7039794324632608, 'lda_s': 0.00032322149718947606}.
[I 2025-08-10 01:26:19,571] Trial 156 finished with values: [0.5043844480045414, 0.04263824117255163] and parameters: {'psi': 0.2809381048705052, 'lda_s': 1.06039496326224}.
[I 2025-08-10 01:26:25,934] Trial 157 finished with values: [0.519759269619447, 0.07142857142857142] and parameters: {'psi': 0.5618496506669702, 'lda_s': 6.456077471047332e-05}.
[I 2025-08-10 01:26:32,322] Trial 158 finished with values: [0.5621882027299155, 0.0752453653217012] and parameters: {'psi': 0.8172146314381269, 'lda_s': 1.06039496326224}.
[I 2025-08-10 01:26:38,704] Trial 159 finished with values: [0.5214966859623352, 0.07224770642201835] and parameters: {'psi': 0.0774687226910642, 'lda_s': 3.393843285129025e-05}.
[I 2025-08-10 01:26:45,083] Trial 160 finished with values: [0.5236700727221324, 0.07110091743119266] and parameters: {'psi': 0.1092102014538815, 'lda_s': 3.294932071313088e-08}.
[I 2025-08-10 01:26:51,444] Trial 161 finished with values: [0.48891599890903636, 0.05304010349288486] and parameters: {'psi': 0.0774687226910642, 'lda_s': 0.3065075206382219}.
[I 2025-08-10 01:26:57,805] Trial 162 finished with values: [0.5198006556797119, 0.07126436781609195] and parameters: {'psi': 0.29138669800678185, 'lda_s': 0.00012970900291464136}.
[I 2025-08-10 01:27:04,182] Trial 163 finished with values: [0.5183392927397675, 0.06844547563805105] and parameters: {'psi': 0.7115363328675811, 'lda_s': 7.6772427137255e-05}.
[I 2025-08-10 01:27:10,568] Trial 164 finished with values: [0.5654695944956301, 0.07411504424778761] and parameters: {'psi': 0.7661268704666481, 'lda_s': 7.115474884482731}.
[I 2025-08-10 01:27:16,937] Trial 165 finished with values: [0.5163674086012605, 0.06852497096399536] and parameters: {'psi': 0.7140049159533914, 'lda_s': 0.00032322149718947606}.
[I 2025-08-10 01:27:23,313] Trial 166 finished with values: [0.5176736436566822, 0.06315789473684211] and parameters: {'psi': 0.9194806474821917, 'lda_s': 2.6439971432159404e-07}.
[I 2025-08-10 01:27:29,687] Trial 167 finished with values: [0.5631885720516144, 0.06496519721577726] and parameters: {'psi': 0.7010920392543835, 'lda_s': 4.980985941156604}.
[I 2025-08-10 01:27:36,061] Trial 168 finished with values: [0.5517889673303947, 0.0692588092345079] and parameters: {'psi': 0.4827938955249338, 'lda_s': 1.1073599587926153}.
[I 2025-08-10 01:27:42,440] Trial 169 finished with values: [0.5518126735211348, 0.06934306569343066] and parameters: {'psi': 0.4827938955249338, 'lda_s': 2.709350600758739}.
[I 2025-08-10 01:27:48,817] Trial 170 finished with values: [0.5607585677725273, 0.045949214026602174] and parameters: {'psi': 0.7010920392543835, 'lda_s': 0.22619419621763326}.
[I 2025-08-10 01:27:55,183] Trial 171 finished with values: [0.5309928910960744, 0.05334987593052109] and parameters: {'psi': 0.6551557591908268, 'lda_s': 0.8384710521327656}.
[I 2025-08-10 01:28:01,657] Trial 172 finished with values: [0.5084871355602201, 0.06850961538461539] and parameters: {'psi': 0.3490379827865693, 'lda_s': 0.006180575691681818}.
[I 2025-08-10 01:28:08,018] Trial 173 finished with values: [0.5214500318596836, 0.07019562715765247] and parameters: {'psi': 0.41184368232639434, 'lda_s': 1.0855467670355458e-07}.
[I 2025-08-10 01:28:14,403] Trial 174 finished with values: [0.5316289673048528, 0.06412583182093164] and parameters: {'psi': 0.6518542025344511, 'lda_s': 0.2651249079550013}.
[I 2025-08-10 01:28:20,769] Trial 175 finished with values: [0.5230818079889543, 0.06995412844036697] and parameters: {'psi': 0.1615918958875745, 'lda_s': 5.519511086009625e-06}.
[I 2025-08-10 01:28:27,138] Trial 176 finished with values: [0.5187140022092254, 0.06736353077816493] and parameters: {'psi': 0.7241042771911865, 'lda_s': 5.177794727321495e-06}.
[I 2025-08-10 01:28:33,512] Trial 177 finished with values: [0.550174831161237, 0.048134777376654635] and parameters: {'psi': 0.7115363328675811, 'lda_s': 0.13220112814989524}.
[I 2025-08-10 01:28:39,896] Trial 178 finished with values: [0.5298749885559761, 0.06517803258901629] and parameters: {'psi': 0.6168391027065007, 'lda_s': 0.3526972390287734}.
[I 2025-08-10 01:28:46,273] Trial 179 finished with values: [0.5065828579656753, 0.06549707602339182] and parameters: {'psi': 0.7115363328675811, 'lda_s': 0.0019418487369732456}.
[I 2025-08-10 01:28:52,649] Trial 180 finished with values: [0.5216548469621713, 0.07411630558722919] and parameters: {'psi': 0.019817159093421965, 'lda_s': 5.519511086009625e-06}.
[I 2025-08-10 01:28:59,016] Trial 181 finished with values: [0.5681246479490992, 0.028232636928289104] and parameters: {'psi': 0.8086460958479537, 'lda_s': 0.22126439178600835}.
[I 2025-08-10 01:29:05,392] Trial 182 finished with values: [0.5624430243256646, 0.07440310938367574] and parameters: {'psi': 0.8086460958479537, 'lda_s': 2.709350600758739}.
[I 2025-08-10 01:29:11,748] Trial 183 finished with values: [0.5188174873145939, 0.0711825487944891] and parameters: {'psi': 0.18355007791449318, 'lda_s': 0.00014177706619367787}.
[I 2025-08-10 01:29:18,113] Trial 184 finished with values: [0.5235531381449131, 0.07110091743119266] and parameters: {'psi': 0.06805339953370404, 'lda_s': 5.519511086009625e-06}.
[I 2025-08-10 01:29:24,473] Trial 185 finished with values: [0.5227596592151271, 0.07003444316877153] and parameters: {'psi': 0.22512088619827053, 'lda_s': 1.0385777725864296e-08}.
[I 2025-08-10 01:29:30,843] Trial 186 finished with values: [0.5518126735211348, 0.06934306569343066] and parameters: {'psi': 0.4827938955249338, 'lda_s': 2.709350600758739}.
[I 2025-08-10 01:29:37,223] Trial 187 finished with values: [0.5653330244876968, 0.07206208425720621] and parameters: {'psi': 0.7145406306090935, 'lda_s': 0.8384710521327656}.
[I 2025-08-10 01:29:43,590] Trial 188 finished with values: [0.5195690613617586, 0.07126436781609195] and parameters: {'psi': 0.2910990797949323, 'lda_s': 0.0001418991467135931}.
[I 2025-08-10 01:29:49,975] Trial 189 finished with values: [0.5309810380007045, 0.0727489564698867] and parameters: {'psi': 0.6168391027065007, 'lda_s': 0.29577138940825526}.
[I 2025-08-10 01:29:56,348] Trial 190 finished with values: [0.48865299588382305, 0.06695069993913573] and parameters: {'psi': 0.0774687226910642, 'lda_s': 0.001954378355745537}.
[I 2025-08-10 01:30:02,725] Trial 191 finished with values: [0.4941601355579053, 0.056568196103079824] and parameters: {'psi': 0.04900949679812261, 'lda_s': 0.8384710521327656}.
[I 2025-08-10 01:30:09,108] Trial 192 finished with values: [0.4907280458524023, 0.055198973042362] and parameters: {'psi': 0.06805339953370404, 'lda_s': 1.149566066259846}.
[I 2025-08-10 01:30:15,498] Trial 193 finished with values: [0.5046347598367321, 0.06144578313253012] and parameters: {'psi': 0.7115363328675811, 'lda_s': 0.009228798093878804}.
[I 2025-08-10 01:30:21,848] Trial 194 finished with values: [0.5212486489666296, 0.07023603914795624] and parameters: {'psi': 0.44198286745132664, 'lda_s': 2.1154528422760283e-08}.
[I 2025-08-10 01:30:28,236] Trial 195 finished with values: [0.5324185351122608, 0.04125083166999335] and parameters: {'psi': 0.38225649344242607, 'lda_s': 1.149566066259846}.
[I 2025-08-10 01:30:34,593] Trial 196 finished with values: [0.5173142594014402, 0.062243100411039344] and parameters: {'psi': 0.8889230987030303, 'lda_s': 1.0855467670355458e-07}.
[I 2025-08-10 01:30:40,948] Trial 197 finished with values: [0.5216860561223712, 0.07003444316877153] and parameters: {'psi': 0.2278175554737143, 'lda_s': 4.3331722340933245e-05}.
[I 2025-08-10 01:30:47,328] Trial 198 finished with values: [0.5328150351206816, 0.06528189910979229] and parameters: {'psi': 0.6549284235200532, 'lda_s': 0.15330321930982346}.
[I 2025-08-10 01:30:53,712] Trial 199 finished with values: [0.5634801103064221, 0.07432057681641709] and parameters: {'psi': 0.7851704462170943, 'lda_s': 2.709350600758739}.
[I 2025-08-10 01:31:00,073] Trial 200 finished with values: [0.5171871878335679, 0.062206572769953054] and parameters: {'psi': 0.8954088330795841, 'lda_s': 2.0144224265542808e-05}.
[I 2025-08-10 01:31:06,446] Trial 201 finished with values: [0.5051722997072325, 0.0711743772241993] and parameters: {'psi': 0.44284031713943484, 'lda_s': 0.005395100771029629}.
[I 2025-08-10 01:31:12,799] Trial 202 finished with values: [0.49229061906123006, 0.04964539007092199] and parameters: {'psi': 0.0006233049980428618, 'lda_s': 1.0855467670355458e-07}.
[I 2025-08-10 01:31:19,190] Trial 203 finished with values: [0.4996638031131417, 0.07142857142857142] and parameters: {'psi': 0.019817159093421965, 'lda_s': 0.0026033155168402873}.
[I 2025-08-10 01:31:25,671] Trial 204 finished with values: [0.5476378297485236, 0.045141065830721] and parameters: {'psi': 0.5236113166522336, 'lda_s': 0.06023124728766769}.
[I 2025-08-10 01:31:32,044] Trial 205 finished with values: [0.4886648888886051, 0.05048543689320388] and parameters: {'psi': 0.07875434548621008, 'lda_s': 0.018748253694444356}.
[I 2025-08-10 01:31:38,414] Trial 206 finished with values: [0.5228208403437541, 0.07003444316877153] and parameters: {'psi': 0.2166573854185021, 'lda_s': 2.133905697788881e-07}.
[I 2025-08-10 01:31:44,792] Trial 207 finished with values: [0.5624430243256646, 0.07440310938367574] and parameters: {'psi': 0.8086460958479537, 'lda_s': 2.709350600758739}.
[I 2025-08-10 01:31:51,170] Trial 208 finished with values: [0.5187867570673383, 0.0673244341265235] and parameters: {'psi': 0.7154280967948738, 'lda_s': 8.90609446761656e-06}.
[I 2025-08-10 01:31:57,541] Trial 209 finished with values: [0.5080531207045, 0.06398104265402843] and parameters: {'psi': 0.8040812822969834, 'lda_s': 0.0015821340513460667}.
[I 2025-08-10 01:32:03,919] Trial 210 finished with values: [0.5648444534657453, 0.07313019390581718] and parameters: {'psi': 0.7661268704666481, 'lda_s': 2.709350600758739}.
[I 2025-08-10 01:32:10,306] Trial 211 finished with values: [0.5607585677725273, 0.045949214026602174] and parameters: {'psi': 0.7010920392543835, 'lda_s': 0.22619419621763326}.
[I 2025-08-10 01:32:16,688] Trial 212 finished with values: [0.5476378297485236, 0.045141065830721] and parameters: {'psi': 0.5236113166522336, 'lda_s': 0.06023124728766769}.
[I 2025-08-10 01:32:23,057] Trial 213 finished with values: [0.5014333465327062, 0.043449637919684] and parameters: {'psi': 0.14402576502908504, 'lda_s': 7.115474884482731}.
[I 2025-08-10 01:32:29,438] Trial 214 finished with values: [0.562226635493691, 0.07353760445682452] and parameters: {'psi': 0.8223234871618674, 'lda_s': 2.709350600758739}.
[I 2025-08-10 01:32:35,813] Trial 215 finished with values: [0.524117417321467, 0.05362583790371724] and parameters: {'psi': 0.6549284235200532, 'lda_s': 0.06023124728766769}.
[I 2025-08-10 01:32:42,197] Trial 216 finished with values: [0.5650852269484633, 0.06877113866967305] and parameters: {'psi': 0.7115363328675811, 'lda_s': 1.149566066259846}.
[I 2025-08-10 01:32:48,568] Trial 217 finished with values: [0.5182814240923382, 0.07130534790109258] and parameters: {'psi': 0.23053154211590443, 'lda_s': 0.00018419970922363613}.
[I 2025-08-10 01:32:54,936] Trial 218 finished with values: [0.49687936334590294, 0.04339250493096647] and parameters: {'psi': 0.13412031477920328, 'lda_s': 0.22619419621763326}.
[I 2025-08-10 01:33:01,313] Trial 219 finished with values: [0.545860304446555, 0.06325110689437065] and parameters: {'psi': 0.42696817490288086, 'lda_s': 0.3273848556836945}.
[I 2025-08-10 01:33:07,693] Trial 220 finished with values: [0.5053020052962982, 0.04736129905277402] and parameters: {'psi': 0.32550927100847915, 'lda_s': 0.3065075206382219}.
[I 2025-08-10 01:33:14,069] Trial 221 finished with values: [0.50873585101593, 0.0423841059602649] and parameters: {'psi': 0.2677131448655792, 'lda_s': 0.3962326935470464}.
[I 2025-08-10 01:33:20,438] Trial 222 finished with values: [0.5107109279073987, 0.038436050364479786] and parameters: {'psi': 0.17080718469475353, 'lda_s': 0.29577138940825526}.
[I 2025-08-10 01:33:26,815] Trial 223 finished with values: [0.49524231917424555, 0.05849408836341008] and parameters: {'psi': 0.04217837408050151, 'lda_s': 1.6777493235131362}.
[I 2025-08-10 01:33:33,216] Trial 224 finished with values: [0.5022743176627963, 0.06805970149253732] and parameters: {'psi': 0.010656580592629528, 'lda_s': 1.2651615842964208}.
[I 2025-08-10 01:33:39,593] Trial 225 finished with values: [0.5253758409012886, 0.05056890012642225] and parameters: {'psi': 0.4827938955249338, 'lda_s': 0.016990940529250084}.
[I 2025-08-10 01:33:45,966] Trial 226 finished with values: [0.5458603443559671, 0.06325110689437065] and parameters: {'psi': 0.42696817490288086, 'lda_s': 0.328553426674368}.
[I 2025-08-10 01:33:52,340] Trial 227 finished with values: [0.5135267364724853, 0.03866666666666667] and parameters: {'psi': 0.18466258352988896, 'lda_s': 0.3249597144573263}.
[I 2025-08-10 01:33:58,720] Trial 228 finished with values: [0.5002473186262894, 0.04713804713804714] and parameters: {'psi': 0.3158651004765254, 'lda_s': 0.11204267448521313}.
[I 2025-08-10 01:34:05,092] Trial 229 finished with values: [0.5659940041695758, 0.07194244604316546] and parameters: {'psi': 0.7602325659999495, 'lda_s': 7.115474884482731}.
[I 2025-08-10 01:34:11,468] Trial 230 finished with values: [0.5439420186483912, 0.07732256203115984] and parameters: {'psi': 0.5695336863072824, 'lda_s': 0.15330321930982346}.
[I 2025-08-10 01:34:17,840] Trial 231 finished with values: [0.5156711889085678, 0.06356680400235433] and parameters: {'psi': 0.8056658816570383, 'lda_s': 0.00032322149718947606}.
[I 2025-08-10 01:34:24,206] Trial 232 finished with values: [0.5132783802014835, 0.07142857142857142] and parameters: {'psi': 0.329838278470139, 'lda_s': 0.000554795606895936}.
[I 2025-08-10 01:34:30,695] Trial 233 finished with values: [0.512264840773818, 0.03978779840848806] and parameters: {'psi': 0.17764547836763522, 'lda_s': 0.29577138940825526}.
[I 2025-08-10 01:34:37,063] Trial 234 finished with values: [0.5224128863340834, 0.07003444316877153] and parameters: {'psi': 0.2543164095659476, 'lda_s': 6.289366538761339e-06}.
[I 2025-08-10 01:34:43,433] Trial 235 finished with values: [0.5691590999086633, 0.03382433169667212] and parameters: {'psi': 0.8223234871618674, 'lda_s': 0.29577138940825526}.
[I 2025-08-10 01:34:49,807] Trial 236 finished with values: [0.5659149436243637, 0.04843918191603875] and parameters: {'psi': 0.7380039091221794, 'lda_s': 0.48026742962926566}.
[I 2025-08-10 01:34:56,164] Trial 237 finished with values: [0.5195208907014502, 0.06924408540103866] and parameters: {'psi': 0.6549284235200532, 'lda_s': 1.5963649520198204e-06}.
[I 2025-08-10 01:35:02,538] Trial 238 finished with values: [0.5298749885559761, 0.06517803258901629] and parameters: {'psi': 0.6168391027065007, 'lda_s': 0.3526972390287734}.
[I 2025-08-10 01:35:08,926] Trial 239 finished with values: [0.567603031933995, 0.07254464285714286] and parameters: {'psi': 0.7196826263601205, 'lda_s': 7.7179639178934}.
[I 2025-08-10 01:35:15,285] Trial 240 finished with values: [0.5205087683771867, 0.07027649769585254] and parameters: {'psi': 0.5445623706611066, 'lda_s': 1.0855467670355458e-07}.
[I 2025-08-10 01:35:21,656] Trial 241 finished with values: [0.5621882027299155, 0.0752453653217012] and parameters: {'psi': 0.8172146314381269, 'lda_s': 1.06039496326224}.
[I 2025-08-10 01:35:28,034] Trial 242 finished with values: [0.5391999024933245, 0.04914933837429111] and parameters: {'psi': 0.6665365046451995, 'lda_s': 0.5434480512203106}.
[I 2025-08-10 01:35:34,410] Trial 243 finished with values: [0.5624430243256646, 0.07440310938367574] and parameters: {'psi': 0.8086460958479537, 'lda_s': 2.709350600758739}.
[I 2025-08-10 01:35:40,781] Trial 244 finished with values: [0.5239429732815266, 0.07114170969592656] and parameters: {'psi': 0.0774687226910642, 'lda_s': 1.0855467670355458e-07}.
[I 2025-08-10 01:35:47,152] Trial 245 finished with values: [0.5518126735211348, 0.06934306569343066] and parameters: {'psi': 0.4827938955249338, 'lda_s': 2.709350600758739}.
[I 2025-08-10 01:35:53,521] Trial 246 finished with values: [0.5643981066017112, 0.07540983606557378] and parameters: {'psi': 0.7661268704666481, 'lda_s': 1.149566066259846}.
