[I 2025-08-10 02:15:35,007] Trial 246 finished with values: [0.7451729877796717, 0.20855301698886936] and parameters: {'psi': 0.5705440087687885, 'lda_s': 0.14160030203186352}.
[I 2025-08-10 02:15:42,190] Trial 247 finished with values: [0.7746169344062288, 0.21583370190181336] and parameters: {'psi': 0.7804166825852287, 'lda_s': 3.997953393333817e-07}.
[I 2025-08-10 02:15:49,374] Trial 248 finished with values: [0.7748258284518226, 0.21583370190181336] and parameters: {'psi': 0.775553117449482, 'lda_s': 3.7951534069056207e-07}.
[I 2025-08-10 02:15:56,560] Trial 249 finished with values: [0.7801477965400816, 0.21979938944614041] and parameters: {'psi': 0.3521336515002209, 'lda_s': 6.84519386644508e-08}.
[I 2025-08-10 02:16:03,727] Trial 250 finished with values: [0.7750173502409419, 0.1553588987217306] and parameters: {'psi': 0.0684433513831808, 'lda_s': 0.14160030203186352}.
[I 2025-08-10 02:16:10,923] Trial 251 finished with values: [0.7841899550304064, 0.21274509803921568] and parameters: {'psi': 0.7804166825852287, 'lda_s': 4.606255249563598}.
[I 2025-08-10 02:16:18,123] Trial 252 finished with values: [0.8107778066247966, 0.26524064171122996] and parameters: {'psi': 0.8396442316721652, 'lda_s': 0.14160030203186352}.
[I 2025-08-10 02:16:25,319] Trial 253 finished with values: [0.7601815499537901, 0.2909090909090909] and parameters: {'psi': 0.9855727114099637, 'lda_s': 1.4759508444921237}.
[I 2025-08-10 02:16:32,511] Trial 254 finished with values: [0.7612836074774142, 0.22831858407079647] and parameters: {'psi': 0.8998924177541803, 'lda_s': 0.00023160294703693235}.
[I 2025-08-10 02:16:39,717] Trial 255 finished with values: [0.8149934208249272, 0.23738317757009345] and parameters: {'psi': 0.007303120255239048, 'lda_s': 0.013410100253247702}.
[I 2025-08-10 02:16:46,854] Trial 256 finished with values: [0.8320581002975886, 0.24003750586029068] and parameters: {'psi': 0.001328763799864685, 'lda_s': 1.666159589898425e-08}.
[I 2025-08-10 02:16:54,050] Trial 257 finished with values: [0.771401492514332, 0.2164079822616408] and parameters: {'psi': 0.8318882070044238, 'lda_s': 1.1807209289864675e-08}.
[I 2025-08-10 02:17:01,248] Trial 258 finished with values: [0.7957320715577922, 0.26222684703433924] and parameters: {'psi': 0.775553117449482, 'lda_s': 0.10775513888579474}.
[I 2025-08-10 02:17:08,411] Trial 259 finished with values: [0.8164978955953004, 0.24085224641037517] and parameters: {'psi': 0.007303120255239048, 'lda_s': 0.0001399615941380062}.
[I 2025-08-10 02:17:15,590] Trial 260 finished with values: [0.8321424531435417, 0.24003750586029068] and parameters: {'psi': 0.001328763799864685, 'lda_s': 1.1739974013946976e-06}.
[I 2025-08-10 02:17:22,792] Trial 261 finished with values: [0.836586575227221, 0.23695345557122707] and parameters: {'psi': 0.0007659326428302027, 'lda_s': 5.688377502748824e-08}.
[I 2025-08-10 02:17:29,989] Trial 262 finished with values: [0.7795918576474075, 0.2418111753371869] and parameters: {'psi': 0.7707563907381247, 'lda_s': 0.27427438407942906}.
[I 2025-08-10 02:17:37,188] Trial 263 finished with values: [0.7501174895578996, 0.1954517516902274] and parameters: {'psi': 0.285299862419506, 'lda_s': 0.4350343513856693}.
[I 2025-08-10 02:17:44,382] Trial 264 finished with values: [0.7773074192637723, 0.20969337289812068] and parameters: {'psi': 0.49465483651151054, 'lda_s': 0.20809033143019484}.
[I 2025-08-10 02:17:51,528] Trial 265 finished with values: [0.7662198100670653, 0.24340949033391915] and parameters: {'psi': 0.9855727114099637, 'lda_s': 1.310089064771202e-05}.
[I 2025-08-10 02:17:58,716] Trial 266 finished with values: [0.7774546431331566, 0.22357019064124783] and parameters: {'psi': 0.6702665185151265, 'lda_s': 1.1739974013946976e-06}.
[I 2025-08-10 02:18:05,895] Trial 267 finished with values: [0.7708829133130006, 0.21453900709219859] and parameters: {'psi': 0.775553117449482, 'lda_s': 0.0004010274521743632}.
[I 2025-08-10 02:18:13,079] Trial 268 finished with values: [0.7488030955599795, 0.19840783833435394] and parameters: {'psi': 0.2923315848108162, 'lda_s': 1.2126934817096016}.
[I 2025-08-10 02:18:20,264] Trial 269 finished with values: [0.7753805398117813, 0.22555066079295155] and parameters: {'psi': 0.7394825228628462, 'lda_s': 7.2489590863601e-05}.
[I 2025-08-10 02:18:27,436] Trial 270 finished with values: [0.7746101829762934, 0.21583370190181336] and parameters: {'psi': 0.7804166825852287, 'lda_s': 1.1739974013946976e-06}.
[I 2025-08-10 02:18:34,723] Trial 271 finished with values: [0.774479103830668, 0.2186411149825784] and parameters: {'psi': 0.19807997428219415, 'lda_s': 0.00011943459449442993}.
[I 2025-08-10 02:18:41,891] Trial 272 finished with values: [0.7732482354283927, 0.1470735367683842] and parameters: {'psi': 0.07582071259287337, 'lda_s': 0.029068796066410312}.
[I 2025-08-10 02:18:49,080] Trial 273 finished with values: [0.8027386948706718, 0.24431564868479716] and parameters: {'psi': 0.007303120255239048, 'lda_s': 3.9220281608826774e-07}.
[I 2025-08-10 02:18:56,269] Trial 274 finished with values: [0.7803752370038776, 0.2186411149825784] and parameters: {'psi': 0.2322344741909005, 'lda_s': 4.3608750153295444e-08}.
[I 2025-08-10 02:19:03,455] Trial 275 finished with values: [0.7408219713839175, 0.18577254191209788] and parameters: {'psi': 0.8337974785155172, 'lda_s': 0.0072379037690561785}.
[I 2025-08-10 02:19:10,655] Trial 276 finished with values: [0.7904358549710659, 0.26064382139148495] and parameters: {'psi': 0.775553117449482, 'lda_s': 0.14160030203186352}.
[I 2025-08-10 02:19:17,838] Trial 277 finished with values: [0.7802804234443483, 0.2186411149825784] and parameters: {'psi': 0.21807514545851026, 'lda_s': 2.882643484933688e-06}.
[I 2025-08-10 02:19:25,032] Trial 278 finished with values: [0.7798014455158402, 0.2196078431372549] and parameters: {'psi': 0.2940505268393562, 'lda_s': 1.203399644197764e-05}.
[I 2025-08-10 02:19:32,193] Trial 279 finished with values: [0.7795399276764409, 0.2186411149825784] and parameters: {'psi': 0.2568193527511331, 'lda_s': 1.8634887021625308e-05}.
[I 2025-08-10 02:19:39,352] Trial 280 finished with values: [0.7657870514138468, 0.24340949033391915] and parameters: {'psi': 0.9855727114099637, 'lda_s': 6.727962895200817e-05}.
[I 2025-08-10 02:19:46,545] Trial 281 finished with values: [0.758158682780542, 0.24653148345784417] and parameters: {'psi': 0.8859576154410623, 'lda_s': 0.7268861006665415}.
[I 2025-08-10 02:19:53,744] Trial 282 finished with values: [0.7706797566485775, 0.21979938944614041] and parameters: {'psi': 0.4974767045836149, 'lda_s': 0.00040026227890594513}.
[I 2025-08-10 02:20:00,927] Trial 283 finished with values: [0.7492679835477527, 0.24084880636604775] and parameters: {'psi': 0.6623399760715751, 'lda_s': 0.20809033143019484}.
[I 2025-08-10 02:20:08,103] Trial 284 finished with values: [0.7806559683988247, 0.21854592947322596] and parameters: {'psi': 0.14609305531626604, 'lda_s': 1.1739974013946976e-06}.
[I 2025-08-10 02:20:15,253] Trial 285 finished with values: [0.8428036548345589, 0.23196605374823195] and parameters: {'psi': 0.001328763799864685, 'lda_s': 3.482253723907039e-05}.
[I 2025-08-10 02:20:22,433] Trial 286 finished with values: [0.7761664542901641, 0.2198952879581152] and parameters: {'psi': 0.3706209208243936, 'lda_s': 0.00012952384604491722}.
[I 2025-08-10 02:20:29,599] Trial 287 finished with values: [0.7809683221039441, 0.2196078431372549] and parameters: {'psi': 0.11664915514093865, 'lda_s': 1.1807209289864675e-08}.
[I 2025-08-10 02:20:36,787] Trial 288 finished with values: [0.7809195677067419, 0.2555205047318612] and parameters: {'psi': 0.7530605690810218, 'lda_s': 0.14160030203186352}.
[I 2025-08-10 02:20:43,954] Trial 289 finished with values: [0.7703253732906973, 0.21650399290150843] and parameters: {'psi': 0.8318882070044238, 'lda_s': 0.00013601389503097017}.
[I 2025-08-10 02:20:51,139] Trial 290 finished with values: [0.7782612121837532, 0.22260869565217392] and parameters: {'psi': 0.6119176802463061, 'lda_s': 1.4636012166622803e-06}.
[I 2025-08-10 02:20:58,346] Trial 291 finished with values: [0.8149934208249272, 0.23738317757009345] and parameters: {'psi': 0.007303120255239048, 'lda_s': 2.59361810813764}.
[I 2025-08-10 02:21:05,519] Trial 292 finished with values: [0.8081803207132029, 0.26068601583113454] and parameters: {'psi': 0.8246043678749938, 'lda_s': 0.14160030203186352}.
[I 2025-08-10 02:21:12,703] Trial 293 finished with values: [0.7639424967102791, 0.21652673442333187] and parameters: {'psi': 0.21535465892986017, 'lda_s': 0.002264100050418626}.
[I 2025-08-10 02:21:19,892] Trial 294 finished with values: [0.7713862550973629, 0.2164079822616408] and parameters: {'psi': 0.8318882070044238, 'lda_s': 1.981942411591959e-06}.
[I 2025-08-10 02:21:27,086] Trial 295 finished with values: [0.7995704863028297, 0.2971602434077079] and parameters: {'psi': 0.8318882070044238, 'lda_s': 0.20809033143019484}.
[I 2025-08-10 02:21:34,285] Trial 296 finished with values: [0.8308013736518055, 0.2805593143888137] and parameters: {'psi': 0.9997073599557328, 'lda_s': 0.706412977685057}.
[I 2025-08-10 02:21:41,512] Trial 297 finished with values: [0.842501388246102, 0.2214828897338403] and parameters: {'psi': 0.001328763799864685, 'lda_s': 0.11716856944879461}.
[I 2025-08-10 02:21:48,701] Trial 298 finished with values: [0.7925042742822582, 0.2625843279709393] and parameters: {'psi': 0.7804166825852287, 'lda_s': 0.14160030203186352}.
[I 2025-08-10 02:21:55,880] Trial 299 finished with values: [0.7612006689626332, 0.1606886657101865] and parameters: {'psi': 0.12772159182095166, 'lda_s': 0.010049643925550869}.
[I 2025-08-10 02:22:03,057] Trial 300 finished with values: [0.7748767710595179, 0.21883173496076722] and parameters: {'psi': 0.2740209251808928, 'lda_s': 0.0001399615941380062}.
[I 2025-08-10 02:22:10,234] Trial 301 finished with values: [0.7706502158069228, 0.24287593160894344] and parameters: {'psi': 0.9997073599557328, 'lda_s': 8.469259789629847e-05}.
[I 2025-08-10 02:22:17,414] Trial 302 finished with values: [0.7794627265428304, 0.28147333699835075] and parameters: {'psi': 0.9263274733381063, 'lda_s': 0.14160030203186352}.
[I 2025-08-10 02:22:24,695] Trial 303 finished with values: [0.7775624525281744, 0.22376409366869038] and parameters: {'psi': 0.6533024318590561, 'lda_s': 1.3142910939975894e-05}.
[I 2025-08-10 02:22:31,887] Trial 304 finished with values: [0.7798638895713704, 0.22067160924552987] and parameters: {'psi': 0.44731778772773, 'lda_s': 2.644567516342047e-06}.
[I 2025-08-10 02:22:39,060] Trial 305 finished with values: [0.7571415384982413, 0.1570841889117043] and parameters: {'psi': 0.15823256130901187, 'lda_s': 0.02164533068444669}.
[I 2025-08-10 02:22:46,227] Trial 306 finished with values: [0.7815275699978517, 0.2200873362445415] and parameters: {'psi': 0.07958884294721336, 'lda_s': 1.326950920009745e-08}.
[I 2025-08-10 02:22:53,424] Trial 307 finished with values: [0.8149934208249272, 0.23738317757009345] and parameters: {'psi': 0.007303120255239048, 'lda_s': 0.5242921294616235}.
[I 2025-08-10 02:23:00,630] Trial 308 finished with values: [0.8153413729787973, 0.23738317757009345] and parameters: {'psi': 0.007225989810494937, 'lda_s': 0.0007780077978151936}.
[I 2025-08-10 02:23:07,845] Trial 309 finished with values: [0.7645751297121812, 0.22531017369727047] and parameters: {'psi': 0.5345483291776958, 'lda_s': 0.08385387889339062}.
[I 2025-08-10 02:23:15,032] Trial 310 finished with values: [0.83987433480736, 0.23518344308560676] and parameters: {'psi': 0.001328763799864685, 'lda_s': 2.238464079343421e-05}.
[I 2025-08-10 02:23:22,226] Trial 311 finished with values: [0.7673219476471708, 0.24330259112867808] and parameters: {'psi': 0.9885746027516241, 'lda_s': 8.124980024810559e-06}.
[I 2025-08-10 02:23:29,406] Trial 312 finished with values: [0.7921995259428767, 0.2559055118110236] and parameters: {'psi': 0.8318882070044238, 'lda_s': 0.2981390184344641}.
[I 2025-08-10 02:23:36,595] Trial 313 finished with values: [0.7754799699617407, 0.19357798165137616] and parameters: {'psi': 0.06785576174181496, 'lda_s': 0.003402549664663689}.
[I 2025-08-10 02:23:43,780] Trial 314 finished with values: [0.7799067731599332, 0.22067160924552987] and parameters: {'psi': 0.44599612384813503, 'lda_s': 1.1739974013946976e-06}.
[I 2025-08-10 02:23:50,966] Trial 315 finished with values: [0.7797159985646406, 0.2198952879581152] and parameters: {'psi': 0.38245590747585323, 'lda_s': 1.3142910939975894e-05}.
[I 2025-08-10 02:23:58,163] Trial 316 finished with values: [0.8149934208249272, 0.23738317757009345] and parameters: {'psi': 0.007303120255239048, 'lda_s': 0.19451141493225596}.
[I 2025-08-10 02:24:05,357] Trial 317 finished with values: [0.7342632373992499, 0.21936056838365897] and parameters: {'psi': 0.945229966037506, 'lda_s': 0.005161640309262091}.
[I 2025-08-10 02:24:12,581] Trial 318 finished with values: [0.842501388246102, 0.2214828897338403] and parameters: {'psi': 0.001328763799864685, 'lda_s': 0.02387427516981083}.
[I 2025-08-10 02:24:19,785] Trial 319 finished with values: [0.780153827461684, 0.21970357454228423] and parameters: {'psi': 0.3486780473233646, 'lda_s': 3.259606276011576e-08}.
[I 2025-08-10 02:24:26,977] Trial 320 finished with values: [0.8338593444446926, 0.2401500938086304] and parameters: {'psi': 0.001328763799864685, 'lda_s': 4.295711349722425e-06}.
[I 2025-08-10 02:24:34,180] Trial 321 finished with values: [0.842501388246102, 0.2214828897338403] and parameters: {'psi': 0.001328763799864685, 'lda_s': 7.424826986317024}.
[I 2025-08-10 02:24:41,343] Trial 322 finished with values: [0.7570774933130824, 0.2335249889429456] and parameters: {'psi': 0.9392205341403538, 'lda_s': 4.575869492397206e-08}.
[I 2025-08-10 02:24:48,547] Trial 323 finished with values: [0.7526405229417459, 0.2192866578599736] and parameters: {'psi': 0.4183387576504447, 'lda_s': 0.003103509236562367}.
[I 2025-08-10 02:24:55,749] Trial 324 finished with values: [0.7601815499537901, 0.2909090909090909] and parameters: {'psi': 0.9855727114099637, 'lda_s': 1.4759508444921237}.
[I 2025-08-10 02:25:02,938] Trial 325 finished with values: [0.8024281824646259, 0.24464285714285713] and parameters: {'psi': 0.007303120255239048, 'lda_s': 1.7379450364475906e-06}.
[I 2025-08-10 02:25:10,130] Trial 326 finished with values: [0.7575571917499234, 0.15697036223929747] and parameters: {'psi': 0.22091309993923824, 'lda_s': 3.1553533515665952}.
[I 2025-08-10 02:25:17,327] Trial 327 finished with values: [0.7610029027679609, 0.24797219003476245] and parameters: {'psi': 0.9843193507539368, 'lda_s': 0.19451141493225596}.
[I 2025-08-10 02:25:24,550] Trial 328 finished with values: [0.8149934208249272, 0.23738317757009345] and parameters: {'psi': 0.007303120255239048, 'lda_s': 0.0037473535418100067}.
[I 2025-08-10 02:25:31,748] Trial 329 finished with values: [0.7794880510764621, 0.22154382904491932] and parameters: {'psi': 0.5023029640616817, 'lda_s': 3.625435431811178e-06}.
[I 2025-08-10 02:25:38,931] Trial 330 finished with values: [0.7478300890844509, 0.1781296387926769] and parameters: {'psi': 0.3795662096562017, 'lda_s': 0.10775513888579474}.
[I 2025-08-10 02:25:46,086] Trial 331 finished with values: [0.7905503090540438, 0.2616822429906542] and parameters: {'psi': 0.7758195928006174, 'lda_s': 0.14160030203186352}.
[I 2025-08-10 02:25:53,385] Trial 332 finished with values: [0.842501388246102, 0.2214828897338403] and parameters: {'psi': 0.001328763799864685, 'lda_s': 2.2274230949788447}.
[I 2025-08-10 02:26:00,540] Trial 333 finished with values: [0.8428036548345589, 0.23196605374823195] and parameters: {'psi': 0.001328763799864685, 'lda_s': 3.482253723907039e-05}.
[I 2025-08-10 02:26:07,714] Trial 334 finished with values: [0.7572020611982166, 0.22940655447298494] and parameters: {'psi': 0.4869791951230762, 'lda_s': 0.0014486721858334942}.
[I 2025-08-10 02:26:14,884] Trial 335 finished with values: [0.7634165523126543, 0.24537037037037038] and parameters: {'psi': 0.9855727114099637, 'lda_s': 0.20809033143019484}.
[I 2025-08-10 02:26:22,082] Trial 336 finished with values: [0.7657876384947108, 0.18914027149321266] and parameters: {'psi': 0.6503324386494698, 'lda_s': 0.009672767691358376}.
[I 2025-08-10 02:26:29,273] Trial 337 finished with values: [0.7413575759303037, 0.1468498342018001] and parameters: {'psi': 0.775553117449482, 'lda_s': 0.013410100253247702}.
[I 2025-08-10 02:26:36,433] Trial 338 finished with values: [0.8320581002975886, 0.24003750586029068] and parameters: {'psi': 0.001328763799864685, 'lda_s': 1.666159589898425e-08}.
[I 2025-08-10 02:26:43,638] Trial 339 finished with values: [0.7604114721685111, 0.2490238611713666] and parameters: {'psi': 0.9909127856462641, 'lda_s': 2.84568976137857}.
[I 2025-08-10 02:26:50,800] Trial 340 finished with values: [0.8323768051502362, 0.2401500938086304] and parameters: {'psi': 0.001328763799864685, 'lda_s': 1.9566653863374815e-06}.
[I 2025-08-10 02:26:58,037] Trial 341 finished with values: [0.842501388246102, 0.2214828897338403] and parameters: {'psi': 0.001328763799864685, 'lda_s': 0.013410100253247702}.
[I 2025-08-10 02:27:05,213] Trial 342 finished with values: [0.7717497115231405, 0.215929203539823] and parameters: {'psi': 0.7758195928006174, 'lda_s': 0.0003203524923228409}.
[I 2025-08-10 02:27:12,373] Trial 343 finished with values: [0.8320583137815392, 0.24003750586029068] and parameters: {'psi': 0.001328763799864685, 'lda_s': 1.33071984487641e-08}.
[I 2025-08-10 02:27:19,557] Trial 344 finished with values: [0.842501388246102, 0.2214828897338403] and parameters: {'psi': 0.001328763799864685, 'lda_s': 6.4958048553117615}.
[I 2025-08-10 02:27:26,767] Trial 345 finished with values: [0.7704969076449484, 0.21450151057401812] and parameters: {'psi': 0.5174408900737808, 'lda_s': 0.14160030203186352}.
[I 2025-08-10 02:27:33,941] Trial 346 finished with values: [0.7727205031026824, 0.22338113863537593] and parameters: {'psi': 0.6505586305773812, 'lda_s': 0.00035229769345920445}.
[I 2025-08-10 02:27:41,114] Trial 347 finished with values: [0.8113556543078939, 0.2690246516613076] and parameters: {'psi': 0.8506349902981623, 'lda_s': 0.14160030203186352}.
[I 2025-08-10 02:27:48,311] Trial 348 finished with values: [0.7742150775548498, 0.28328912466843503] and parameters: {'psi': 0.9121241048085422, 'lda_s': 0.20809033143019484}.
[I 2025-08-10 02:27:55,505] Trial 349 finished with values: [0.7748293776225003, 0.21583370190181336] and parameters: {'psi': 0.775553117449482, 'lda_s': 1.666159589898425e-08}.
[I 2025-08-10 02:28:02,690] Trial 350 finished with values: [0.7719888135477341, 0.21621621621621623] and parameters: {'psi': 0.8246043678749938, 'lda_s': 5.348136720650134e-07}.
[I 2025-08-10 02:28:09,856] Trial 351 finished with values: [0.7777015906929323, 0.2230902777777778] and parameters: {'psi': 0.638634557694435, 'lda_s': 1.7581369460560432e-05}.
[I 2025-08-10 02:28:17,013] Trial 352 finished with values: [0.7648665619901486, 0.22037603847835593] and parameters: {'psi': 0.33347922280824005, 'lda_s': 0.0005560455430379006}.
[I 2025-08-10 02:28:24,168] Trial 353 finished with values: [0.7795280793171866, 0.22154382904491932] and parameters: {'psi': 0.5030659921308173, 'lda_s': 1.3022507664906662e-06}.
[I 2025-08-10 02:28:31,339] Trial 354 finished with values: [0.8113556543078939, 0.2690246516613076] and parameters: {'psi': 0.8506349902981623, 'lda_s': 0.14160030203186352}.
[I 2025-08-10 02:28:38,518] Trial 355 finished with values: [0.7742258584943517, 0.21494913754975675] and parameters: {'psi': 0.780685099486494, 'lda_s': 4.4262703704433786e-05}.
[I 2025-08-10 02:28:45,681] Trial 356 finished with values: [0.8320571663053051, 0.24003750586029068] and parameters: {'psi': 0.001328763799864685, 'lda_s': 3.2230867277703914e-08}.
[I 2025-08-10 02:28:52,862] Trial 357 finished with values: [0.8338593444446926, 0.2401500938086304] and parameters: {'psi': 0.001328763799864685, 'lda_s': 4.295711349722425e-06}.
[I 2025-08-10 02:29:00,042] Trial 358 finished with values: [0.836585561178456, 0.23695345557122707] and parameters: {'psi': 0.0007659326428302027, 'lda_s': 3.259606276011576e-08}.
[I 2025-08-10 02:29:07,244] Trial 359 finished with values: [0.8193346970154384, 0.28205128205128205] and parameters: {'psi': 0.865064194143978, 'lda_s': 0.10775513888579474}.
[I 2025-08-10 02:29:14,441] Trial 360 finished with values: [0.8308013736518055, 0.2805593143888137] and parameters: {'psi': 0.9997073599557328, 'lda_s': 0.706412977685057}.
[I 2025-08-10 02:29:21,633] Trial 361 finished with values: [0.7865268304093904, 0.26344351258016774] and parameters: {'psi': 0.7804166825852287, 'lda_s': 0.19451141493225596}.
[I 2025-08-10 02:29:28,817] Trial 362 finished with values: [0.7668709361161821, 0.2829977628635347] and parameters: {'psi': 0.9600294588041747, 'lda_s': 0.2773223730414445}.
[I 2025-08-10 02:29:36,002] Trial 363 finished with values: [0.7926677496173766, 0.23043095866314864] and parameters: {'psi': 0.01340282425544903, 'lda_s': 6.06609282796855e-08}.
[I 2025-08-10 02:29:43,188] Trial 364 finished with values: [0.8020102342604755, 0.27247347850362924] and parameters: {'psi': 0.9111648564657261, 'lda_s': 0.10775513888579474}.
[I 2025-08-10 02:29:50,393] Trial 365 finished with values: [0.7768499498432802, 0.2252173913043478] and parameters: {'psi': 0.7003674261298549, 'lda_s': 1.3142910939975894e-05}.
[I 2025-08-10 02:29:57,565] Trial 366 finished with values: [0.7957320715577922, 0.26222684703433924] and parameters: {'psi': 0.775553117449482, 'lda_s': 0.10775513888579474}.
[I 2025-08-10 02:30:04,746] Trial 367 finished with values: [0.7762701541191341, 0.28525641025641024] and parameters: {'psi': 0.9121241048085422, 'lda_s': 0.19451141493225596}.
[I 2025-08-10 02:30:11,943] Trial 368 finished with values: [0.7825915740072936, 0.22105723023154217] and parameters: {'psi': 0.05129757472419294, 'lda_s': 1.761433314809834e-07}.
