[I 2025-08-10 00:43:02,443] Trial 0 finished with values: [0.9402566357353517, 0.2576530612244898] and parameters: {'psi': 0.7948219388573833, 'lda_s': 4.399102293521581e-08}.
[I 2025-08-10 00:43:08,035] Trial 1 finished with values: [0.936634243283312, 0.17339667458432304] and parameters: {'psi': 0.36021216636378917, 'lda_s': 0.1349775517360277}.
[I 2025-08-10 00:43:13,642] Trial 2 finished with values: [0.9368071009749238, 0.2591687041564792] and parameters: {'psi': 0.057658969805217786, 'lda_s': 0.0004921291441823399}.
[I 2025-08-10 00:43:19,238] Trial 3 finished with values: [0.9328415328302629, 0.2949438202247191] and parameters: {'psi': 0.9967305981524467, 'lda_s': 0.019335899351285782}.
[I 2025-08-10 00:43:24,810] Trial 4 finished with values: [0.9396633005184144, 0.264669163545568] and parameters: {'psi': 0.6073715640877515, 'lda_s': 0.0018862048324307394}.
[I 2025-08-10 00:43:30,388] Trial 5 finished with values: [0.9258638916314019, 0.30659025787965616] and parameters: {'psi': 0.969868509514829, 'lda_s': 0.012991701979103746}.
[I 2025-08-10 00:43:35,954] Trial 6 finished with values: [0.9442299816824815, 0.23013048635824437] and parameters: {'psi': 0.6806631890008993, 'lda_s': 1.2571200811974517e-06}.
[I 2025-08-10 00:43:41,546] Trial 7 finished with values: [0.9246149987777739, 0.30354609929078014] and parameters: {'psi': 0.9612211664571919, 'lda_s': 0.010689703729363656}.
[I 2025-08-10 00:43:47,241] Trial 8 finished with values: [0.9467560214476872, 0.21871476888387825] and parameters: {'psi': 0.46556155647479036, 'lda_s': 2.6285035614569342e-08}.
[I 2025-08-10 00:43:52,821] Trial 9 finished with values: [0.9467277673897377, 0.21548821548821548] and parameters: {'psi': 0.4271222356098928, 'lda_s': 1.4288012637057736e-05}.
[I 2025-08-10 00:43:58,412] Trial 10 finished with values: [0.9348023327058181, 0.2159090909090909] and parameters: {'psi': 0.9794338949025823, 'lda_s': 0.002004094401111}.
[I 2025-08-10 00:44:03,997] Trial 11 finished with values: [0.9470030063587502, 0.21428571428571427] and parameters: {'psi': 0.3013047641419382, 'lda_s': 2.9510114375066756e-08}.
[I 2025-08-10 00:44:09,585] Trial 12 finished with values: [0.9308156533830267, 0.17942583732057416] and parameters: {'psi': 0.3499417974426168, 'lda_s': 0.04461985028941483}.
[I 2025-08-10 00:44:15,153] Trial 13 finished with values: [0.9340982034863602, 0.23305588585017836] and parameters: {'psi': 0.9209519425687763, 'lda_s': 5.5282749023253195e-05}.
[I 2025-08-10 00:44:20,760] Trial 14 finished with values: [0.9350536033447725, 0.24630541871921183] and parameters: {'psi': 0.8843868099435493, 'lda_s': 6.449859647605273e-08}.
[I 2025-08-10 00:44:26,361] Trial 15 finished with values: [0.9475284048520789, 0.21802002224694106] and parameters: {'psi': 0.08171645873788724, 'lda_s': 6.3441341182315e-08}.
[I 2025-08-10 00:44:31,945] Trial 16 finished with values: [0.9287175514842905, 0.26515151515151514] and parameters: {'psi': 0.21307757608481293, 'lda_s': 0.0029406696515190717}.
[I 2025-08-10 00:44:37,540] Trial 17 finished with values: [0.9229389617109897, 0.33158813263525305] and parameters: {'psi': 0.2994799589520204, 'lda_s': 0.013761655599615128}.
[I 2025-08-10 00:44:43,132] Trial 18 finished with values: [0.9450977622151181, 0.23406720741599074] and parameters: {'psi': 0.11278224800452241, 'lda_s': 0.00013651736529958803}.
[I 2025-08-10 00:44:48,710] Trial 19 finished with values: [0.9444963317343865, 0.2336448598130841] and parameters: {'psi': 0.5237808795499748, 'lda_s': 0.0004409931036506624}.
[I 2025-08-10 00:44:54,293] Trial 20 finished with values: [0.9475293572360546, 0.2182628062360802] and parameters: {'psi': 0.07297362363533044, 'lda_s': 2.5086447001538753e-06}.
[I 2025-08-10 00:44:59,886] Trial 21 finished with values: [0.9363299566030368, 0.23846153846153847] and parameters: {'psi': 0.02800089822856977, 'lda_s': 0.8365057997321907}.
[I 2025-08-10 00:45:05,455] Trial 22 finished with values: [0.9360036063606552, 0.21468926553672316] and parameters: {'psi': 0.9522772611590048, 'lda_s': 1.620284535434896e-05}.
[I 2025-08-10 00:45:11,013] Trial 23 finished with values: [0.934801062860517, 0.25590062111801243] and parameters: {'psi': 0.3293054880679317, 'lda_s': 0.002512425990422477}.
[I 2025-08-10 00:45:16,600] Trial 24 finished with values: [0.9372355150333811, 0.25806451612903225] and parameters: {'psi': 0.3826266461724199, 'lda_s': 0.0023465121313489498}.
[I 2025-08-10 00:45:22,165] Trial 25 finished with values: [0.9284962809405743, 0.21480406386066764] and parameters: {'psi': 0.427268131028705, 'lda_s': 0.04471640277988277}.
[I 2025-08-10 00:45:27,734] Trial 26 finished with values: [0.9324778808821614, 0.28769017980636236] and parameters: {'psi': 0.44050497366494423, 'lda_s': 7.31641604601501}.
[I 2025-08-10 00:45:33,301] Trial 27 finished with values: [0.9388599646348084, 0.20086393088552915] and parameters: {'psi': 0.9811579333636624, 'lda_s': 7.017828389059821e-08}.
[I 2025-08-10 00:45:38,852] Trial 28 finished with values: [0.9457831612163848, 0.21945701357466063] and parameters: {'psi': 0.41570647241681236, 'lda_s': 0.00017422361610583317}.
[I 2025-08-10 00:45:44,409] Trial 29 finished with values: [0.9466853863028136, 0.21896162528216703] and parameters: {'psi': 0.47484260808020473, 'lda_s': 6.430593270947607e-06}.
[I 2025-08-10 00:45:49,974] Trial 30 finished with values: [0.9401620322604198, 0.2576530612244898] and parameters: {'psi': 0.7962410691443413, 'lda_s': 4.5187568381236534e-06}.
[I 2025-08-10 00:45:55,561] Trial 31 finished with values: [0.9233180105333667, 0.2886297376093295] and parameters: {'psi': 0.14542073760210394, 'lda_s': 0.0046958911801303505}.
[I 2025-08-10 00:46:01,118] Trial 32 finished with values: [0.9411110828923267, 0.25569620253164554] and parameters: {'psi': 0.7773391297108255, 'lda_s': 7.059206576794201e-08}.
[I 2025-08-10 00:46:06,671] Trial 33 finished with values: [0.9464139568697043, 0.21524663677130046] and parameters: {'psi': 0.3180540489510014, 'lda_s': 6.940311836700321e-05}.
[I 2025-08-10 00:46:12,245] Trial 34 finished with values: [0.9468649106822561, 0.21500559910414332] and parameters: {'psi': 0.40992630876892566, 'lda_s': 4.3497270125469893e-07}.
[I 2025-08-10 00:46:17,951] Trial 35 finished with values: [0.924855951923657, 0.29195088676671216] and parameters: {'psi': 0.930346065334613, 'lda_s': 0.0054749462812243395}.
[I 2025-08-10 00:46:23,538] Trial 36 finished with values: [0.9123330550255715, 0.185589519650655] and parameters: {'psi': 0.7481438621537102, 'lda_s': 0.8482694882608369}.
[I 2025-08-10 00:46:29,116] Trial 37 finished with values: [0.9470458636376623, 0.21603563474387527] and parameters: {'psi': 0.2417504278551822, 'lda_s': 1.3336108227195298e-07}.
[I 2025-08-10 00:46:34,707] Trial 38 finished with values: [0.9337066149416348, 0.23894862604540024] and parameters: {'psi': 0.9172274946947675, 'lda_s': 0.00017701913550537945}.
[I 2025-08-10 00:46:40,278] Trial 39 finished with values: [0.9470622128959141, 0.21603563474387527] and parameters: {'psi': 0.22286072859576667, 'lda_s': 1.6757868578272964e-08}.
[I 2025-08-10 00:46:45,856] Trial 40 finished with values: [0.9354015409572728, 0.21867881548974943] and parameters: {'psi': 0.944586225648832, 'lda_s': 9.954805611354851e-06}.
[I 2025-08-10 00:46:51,431] Trial 41 finished with values: [0.9336064558935109, 0.29289940828402367] and parameters: {'psi': 0.5543090112382014, 'lda_s': 8.154567430705924}.
[I 2025-08-10 00:46:57,028] Trial 42 finished with values: [0.9474777697706978, 0.21802002224694106] and parameters: {'psi': 0.08625928990415199, 'lda_s': 2.976056567506114e-07}.
[I 2025-08-10 00:47:02,604] Trial 43 finished with values: [0.9068085930431526, 0.12031782065834279] and parameters: {'psi': 0.6807975202431098, 'lda_s': 0.3080044592028781}.
[I 2025-08-10 00:47:08,180] Trial 44 finished with values: [0.9376626592465372, 0.25838509316770186] and parameters: {'psi': 0.40486338864438376, 'lda_s': 0.0023831172820250905}.
[I 2025-08-10 00:47:13,746] Trial 45 finished with values: [0.9297210467334815, 0.3975659229208925] and parameters: {'psi': 0.1707422630391714, 'lda_s': 5.568893964577161}.
[I 2025-08-10 00:47:19,321] Trial 46 finished with values: [0.9252426198178408, 0.24746906636670415] and parameters: {'psi': 0.6382282467111001, 'lda_s': 4.625127971104962}.
[I 2025-08-10 00:47:24,895] Trial 47 finished with values: [0.9469118949583967, 0.21428571428571427] and parameters: {'psi': 0.30244268464791435, 'lda_s': 1.0505233279966105e-05}.
[I 2025-08-10 00:47:30,476] Trial 48 finished with values: [0.947038562027181, 0.21627647714604237] and parameters: {'psi': 0.2634985106092992, 'lda_s': 2.2179863404569926e-07}.
[I 2025-08-10 00:47:36,043] Trial 49 finished with values: [0.9241278543741409, 0.3433628318584071] and parameters: {'psi': 0.4990883463316266, 'lda_s': 0.01996292261191292}.
[I 2025-08-10 00:47:41,634] Trial 50 finished with values: [0.9482403118740059, 0.2185430463576159] and parameters: {'psi': 0.034161955653451814, 'lda_s': 3.1753931114289585e-07}.
[I 2025-08-10 00:47:47,220] Trial 51 finished with values: [0.9190400604446364, 0.288961038961039] and parameters: {'psi': 0.08625928990415199, 'lda_s': 0.019335899351285782}.
[I 2025-08-10 00:47:52,810] Trial 52 finished with values: [0.9339155044936651, 0.23123123123123124] and parameters: {'psi': 0.49277073793665416, 'lda_s': 0.03894060378848264}.
[I 2025-08-10 00:47:58,408] Trial 53 finished with values: [0.924855951923657, 0.29195088676671216] and parameters: {'psi': 0.930346065334613, 'lda_s': 0.0054749462812243395}.
[I 2025-08-10 00:48:03,974] Trial 54 finished with values: [0.9453460169714824, 0.22658959537572254] and parameters: {'psi': 0.5543090112382014, 'lda_s': 0.0001947225453354238}.
[I 2025-08-10 00:48:09,569] Trial 55 finished with values: [0.9468747519833396, 0.21476510067114093] and parameters: {'psi': 0.40486338864438376, 'lda_s': 1.001695295656197e-07}.
[I 2025-08-10 00:48:15,121] Trial 56 finished with values: [0.941965847510627, 0.24664224664224665] and parameters: {'psi': 0.6967119447782367, 'lda_s': 0.0004921291441823399}.
[I 2025-08-10 00:48:20,701] Trial 57 finished with values: [0.9099471744354743, 0.3741403026134801] and parameters: {'psi': 0.8149531237832387, 'lda_s': 5.568893964577161}.
[I 2025-08-10 00:48:26,269] Trial 58 finished with values: [0.944230140413144, 0.23040380047505937] and parameters: {'psi': 0.6807975202431098, 'lda_s': 3.777386543767641e-07}.
[I 2025-08-10 00:48:31,833] Trial 59 finished with values: [0.9438895044111251, 0.23391812865497075] and parameters: {'psi': 0.46556155647479036, 'lda_s': 0.0006190919727563249}.
[I 2025-08-10 00:48:37,404] Trial 60 finished with values: [0.9317542277911993, 0.20817843866171004] and parameters: {'psi': 0.47484260808020473, 'lda_s': 0.09007573393169908}.
[I 2025-08-10 00:48:42,980] Trial 61 finished with values: [0.915631478195169, 0.27294117647058824] and parameters: {'psi': 0.6828568195762396, 'lda_s': 8.154567430705924}.
[I 2025-08-10 00:48:48,575] Trial 62 finished with values: [0.9470406255257953, 0.21603563474387527] and parameters: {'psi': 0.25800844670685064, 'lda_s': 6.3441341182315e-08}.
[I 2025-08-10 00:48:54,150] Trial 63 finished with values: [0.9410447334753443, 0.24940047961630696] and parameters: {'psi': 0.12665288719411572, 'lda_s': 0.0004921291441823399}.
[I 2025-08-10 00:48:59,721] Trial 64 finished with values: [0.9319702602230484, 0.2657718120805369] and parameters: {'psi': 0.47484260808020473, 'lda_s': 0.4217807224303779}.
[I 2025-08-10 00:49:05,302] Trial 65 finished with values: [0.9098603487630118, 0.36813186813186816] and parameters: {'psi': 0.8131487286204617, 'lda_s': 5.568893964577161}.
[I 2025-08-10 00:49:10,896] Trial 66 finished with values: [0.9491268226248337, 0.21467688937568455] and parameters: {'psi': 0.01559602758559231, 'lda_s': 2.5086447001538753e-06}.
[I 2025-08-10 00:49:16,471] Trial 67 finished with values: [0.9363083692329182, 0.2787550744248985] and parameters: {'psi': 0.7260039743754376, 'lda_s': 0.0023465121313489498}.
[I 2025-08-10 00:49:22,052] Trial 68 finished with values: [0.9377831358194789, 0.2557856272838002] and parameters: {'psi': 0.21393688949863698, 'lda_s': 0.00118588649861914}.
[I 2025-08-10 00:49:27,637] Trial 69 finished with values: [0.9243078549455712, 0.3645655877342419] and parameters: {'psi': 0.8200025136475588, 'lda_s': 0.011171167262741368}.
[I 2025-08-10 00:49:33,213] Trial 70 finished with values: [0.9318997838088373, 0.3202416918429003] and parameters: {'psi': 0.46556155647479036, 'lda_s': 7.671467947394072}.
[I 2025-08-10 00:49:38,781] Trial 71 finished with values: [0.9345424906110813, 0.22923976608187135] and parameters: {'psi': 0.930346065334613, 'lda_s': 4.5187568381236534e-06}.
[I 2025-08-10 00:49:44,345] Trial 72 finished with values: [0.934245346810625, 0.23980815347721823] and parameters: {'psi': 0.9106357557407695, 'lda_s': 1.6757868578272964e-08}.
[I 2025-08-10 00:49:50,029] Trial 73 finished with values: [0.9089254251600799, 0.2957575757575758] and parameters: {'psi': 0.7773391297108255, 'lda_s': 4.625127971104962}.
[I 2025-08-10 00:49:55,601] Trial 74 finished with values: [0.9339315362905914, 0.289544235924933] and parameters: {'psi': 0.5983913810630525, 'lda_s': 0.004206016374738425}.
[I 2025-08-10 00:50:01,179] Trial 75 finished with values: [0.9470625303572393, 0.21603563474387527] and parameters: {'psi': 0.22286072859576667, 'lda_s': 1.0135831012348574e-08}.
[I 2025-08-10 00:50:06,761] Trial 76 finished with values: [0.9465234810269237, 0.21748878923766815] and parameters: {'psi': 0.23552800899226023, 'lda_s': 5.285446588806451e-05}.
[I 2025-08-10 00:50:12,343] Trial 77 finished with values: [0.936054876364687, 0.2144469525959368] and parameters: {'psi': 0.9522772611590048, 'lda_s': 2.6285035614569342e-08}.
[I 2025-08-10 00:50:17,924] Trial 78 finished with values: [0.9464920523557219, 0.2157303370786517] and parameters: {'psi': 0.4085988666187733, 'lda_s': 5.434008235634141e-05}.
[I 2025-08-10 00:50:23,499] Trial 79 finished with values: [0.9223132454388745, 0.33916083916083917] and parameters: {'psi': 0.12134911261176995, 'lda_s': 0.1349775517360277}.
[I 2025-08-10 00:50:29,090] Trial 80 finished with values: [0.9493544423950552, 0.33955223880597013] and parameters: {'psi': 0.6024594059520773, 'lda_s': 0.05673546505912325}.
[I 2025-08-10 00:50:34,654] Trial 81 finished with values: [0.9368121803561281, 0.21087680355160932] and parameters: {'psi': 0.9612211664571919, 'lda_s': 4.399102293521581e-08}.
[I 2025-08-10 00:50:40,228] Trial 82 finished with values: [0.9263745281731052, 0.18863636363636363] and parameters: {'psi': 0.9612211664571919, 'lda_s': 7.765771644178135}.
[I 2025-08-10 00:50:45,791] Trial 83 finished with values: [0.9450060158921139, 0.22823529411764706] and parameters: {'psi': 0.6382282467111001, 'lda_s': 2.2975210526383625e-05}.
[I 2025-08-10 00:50:51,373] Trial 84 finished with values: [0.9428731519782603, 0.24703087885985747] and parameters: {'psi': 0.04794388914320946, 'lda_s': 0.00017701913550537945}.
[I 2025-08-10 00:50:56,956] Trial 85 finished with values: [0.9471953879218664, 0.21850613154960982] and parameters: {'psi': 0.14542073760210394, 'lda_s': 6.3441341182315e-08}.
[I 2025-08-10 00:51:02,523] Trial 86 finished with values: [0.945106968593551, 0.22769953051643194] and parameters: {'psi': 0.6382282467111001, 'lda_s': 2.219289001133775e-06}.
[I 2025-08-10 00:51:08,117] Trial 87 finished with values: [0.9296270781812006, 0.3888888888888889] and parameters: {'psi': 0.22286072859576667, 'lda_s': 7.886375374911246}.
[I 2025-08-10 00:51:13,697] Trial 88 finished with values: [0.9239770602446358, 0.33534743202416917] and parameters: {'psi': 0.9522772611590048, 'lda_s': 0.012991701979103746}.
[I 2025-08-10 00:51:19,300] Trial 89 finished with values: [0.9252426198178408, 0.24746906636670415] and parameters: {'psi': 0.6382282467111001, 'lda_s': 4.625127971104962}.
[I 2025-08-10 00:51:24,888] Trial 90 finished with values: [0.9333378836123288, 0.2684563758389262] and parameters: {'psi': 0.4245472223099006, 'lda_s': 7.31641604601501}.
[I 2025-08-10 00:51:30,472] Trial 91 finished with values: [0.9169797364436079, 0.20283533260632497] and parameters: {'psi': 0.8843868099435493, 'lda_s': 0.8365057997321907}.
[I 2025-08-10 00:51:36,037] Trial 92 finished with values: [0.9468209422887056, 0.21548821548821548] and parameters: {'psi': 0.427268131028705, 'lda_s': 3.02194170966713e-08}.
[I 2025-08-10 00:51:41,605] Trial 93 finished with values: [0.9390142508388916, 0.26153846153846155] and parameters: {'psi': 0.8096094478270472, 'lda_s': 0.00011082496977622555}.
[I 2025-08-10 00:51:47,184] Trial 94 finished with values: [0.9368539265204016, 0.25584255842558423] and parameters: {'psi': 0.3293054880679317, 'lda_s': 0.002004094401111}.
[I 2025-08-10 00:51:52,773] Trial 95 finished with values: [0.9228194375220239, 0.3843283582089552] and parameters: {'psi': 0.8595425422481269, 'lda_s': 0.01996292261191292}.
[I 2025-08-10 00:51:58,357] Trial 96 finished with values: [0.934363759884952, 0.1971153846153846] and parameters: {'psi': 0.40486338864438376, 'lda_s': 0.30224740257462773}.
[I 2025-08-10 00:52:03,941] Trial 97 finished with values: [0.9400271111971783, 0.22716627634660422] and parameters: {'psi': 0.5747317183227343, 'lda_s': 0.3347228003938239}.
[I 2025-08-10 00:52:09,537] Trial 98 finished with values: [0.9280213587979645, 0.2728476821192053] and parameters: {'psi': 0.3516479072962453, 'lda_s': 0.0054749462812243395}.
[I 2025-08-10 00:52:15,096] Trial 99 finished with values: [0.9437966469734824, 0.2376470588235294] and parameters: {'psi': 0.5886911340027872, 'lda_s': 0.0004921291441823399}.
[I 2025-08-10 00:52:20,680] Trial 100 finished with values: [0.9233289629490887, 0.39166666666666666] and parameters: {'psi': 0.8625302078414652, 'lda_s': 0.039104973416145654}.
[I 2025-08-10 00:52:26,264] Trial 101 finished with values: [0.9462693532360421, 0.22784810126582278] and parameters: {'psi': 0.5543090112382014, 'lda_s': 2.219289001133775e-06}.
[I 2025-08-10 00:52:31,846] Trial 102 finished with values: [0.9241278543741409, 0.3433628318584071] and parameters: {'psi': 0.4990883463316266, 'lda_s': 0.01996292261191292}.
[I 2025-08-10 00:52:37,427] Trial 103 finished with values: [0.9225697541896959, 0.31486880466472306] and parameters: {'psi': 0.9190913290478063, 'lda_s': 0.007250419840149504}.
[I 2025-08-10 00:52:43,003] Trial 104 finished with values: [0.9449687141863942, 0.22877358490566038] and parameters: {'psi': 0.6458479263459387, 'lda_s': 1.2003598873527534e-08}.
[I 2025-08-10 00:52:48,695] Trial 105 finished with values: [0.9287915199730794, 0.3992015968063872] and parameters: {'psi': 0.23022055104554295, 'lda_s': 0.019335899351285782}.
[I 2025-08-10 00:52:54,274] Trial 106 finished with values: [0.9423845789986636, 0.2840909090909091] and parameters: {'psi': 0.5543090112382014, 'lda_s': 0.09881313832578796}.
[I 2025-08-10 00:52:59,863] Trial 107 finished with values: [0.9471953879218664, 0.21850613154960982] and parameters: {'psi': 0.14542073760210394, 'lda_s': 6.3441341182315e-08}.
[I 2025-08-10 00:53:05,433] Trial 108 finished with values: [0.9166335448683963, 0.14332965821389196] and parameters: {'psi': 0.8595425422481269, 'lda_s': 0.11047262410897635}.
[I 2025-08-10 00:53:11,003] Trial 109 finished with values: [0.9469596728878505, 0.21380846325167038] and parameters: {'psi': 0.34605759050397267, 'lda_s': 3.6324593246246945e-08}.
[I 2025-08-10 00:53:16,575] Trial 110 finished with values: [0.9230735653129059, 0.4139344262295082] and parameters: {'psi': 0.27225139263966514, 'lda_s': 0.04408996899950046}.
[I 2025-08-10 00:53:22,154] Trial 111 finished with values: [0.944230140413144, 0.23040380047505937] and parameters: {'psi': 0.6807975202431098, 'lda_s': 3.777386543767641e-07}.
[I 2025-08-10 00:53:27,735] Trial 112 finished with values: [0.9354478903107628, 0.2149321266968326] and parameters: {'psi': 0.9588537478129673, 'lda_s': 0.0004921291441823399}.
[I 2025-08-10 00:53:33,321] Trial 113 finished with values: [0.9327855009063521, 0.28225806451612906] and parameters: {'psi': 0.8477571870832499, 'lda_s': 0.001527870723877551}.
[I 2025-08-10 00:53:38,914] Trial 114 finished with values: [0.9305477160244953, 0.2344213649851632] and parameters: {'psi': 0.31199148184973124, 'lda_s': 1.8250430354577636}.
[I 2025-08-10 00:53:44,510] Trial 115 finished with values: [0.9473180867240849, 0.2182628062360802] and parameters: {'psi': 0.11278224800452241, 'lda_s': 1.5002240454557086e-08}.
[I 2025-08-10 00:53:50,085] Trial 116 finished with values: [0.9401620322604198, 0.2576530612244898] and parameters: {'psi': 0.7962410691443413, 'lda_s': 4.5187568381236534e-06}.
[I 2025-08-10 00:53:55,657] Trial 117 finished with values: [0.9119295616811481, 0.19313304721030042] and parameters: {'psi': 0.9953897795881832, 'lda_s': 7.31641604601501}.
[I 2025-08-10 00:54:01,242] Trial 118 finished with values: [0.9471280861209082, 0.21675977653631284] and parameters: {'psi': 0.1707422630391714, 'lda_s': 8.883775314338181e-07}.
[I 2025-08-10 00:54:06,831] Trial 119 finished with values: [0.9437568055771605, 0.39473684210526316] and parameters: {'psi': 0.6807975202431098, 'lda_s': 0.045838511850754174}.
[I 2025-08-10 00:54:12,412] Trial 120 finished with values: [0.9097398721900707, 0.3034647550776583] and parameters: {'psi': 0.7400127467907026, 'lda_s': 7.31641604601501}.
[I 2025-08-10 00:54:17,978] Trial 121 finished with values: [0.9413580678033898, 0.24969097651421507] and parameters: {'psi': 0.7260039743754376, 'lda_s': 0.00045341630102610503}.
[I 2025-08-10 00:54:23,569] Trial 122 finished with values: [0.9421396575862145, 0.242274412855377] and parameters: {'psi': 0.5886911340027872, 'lda_s': 7.671467947394072}.
[I 2025-08-10 00:54:29,151] Trial 123 finished with values: [0.9281394544109663, 0.3967935871743487] and parameters: {'psi': 0.23816632427262951, 'lda_s': 0.7771032243113969}.
