[I 2025-08-10 01:04:26,293] Trial 0 finished with values: [0.9337886532478923, 0.20771850170261066] and parameters: {'psi': 0.24699310996781798, 'lda_s': 6.531051425130993e-06}.
[I 2025-08-10 01:04:32,182] Trial 1 finished with values: [0.9311198201022827, 0.2597730138713745] and parameters: {'psi': 0.6158124736451932, 'lda_s': 0.005897768788686004}.
[I 2025-08-10 01:04:38,070] Trial 2 finished with values: [0.933895737230836, 0.22578796561604583] and parameters: {'psi': 0.5448209136245271, 'lda_s': 9.198701404184044e-06}.
[I 2025-08-10 01:04:43,977] Trial 3 finished with values: [0.9333891654627626, 0.2123793299261783] and parameters: {'psi': 0.3879549093642666, 'lda_s': 2.761219407871382e-06}.
[I 2025-08-10 01:04:49,870] Trial 4 finished with values: [0.9193241334737952, 0.27711686494051785] and parameters: {'psi': 0.5964726874747468, 'lda_s': 0.01949179975340158}.
[I 2025-08-10 01:04:55,744] Trial 5 finished with values: [0.9361547495563333, 0.2809611829944547] and parameters: {'psi': 0.8681917915286805, 'lda_s': 0.0012033872564891665}.
[I 2025-08-10 01:05:01,629] Trial 6 finished with values: [0.9317403504847375, 0.22641509433962265] and parameters: {'psi': 0.3897642712528203, 'lda_s': 0.0019521358396011597}.
[I 2025-08-10 01:05:07,514] Trial 7 finished with values: [0.9353681736280535, 0.24573780129335684] and parameters: {'psi': 0.6802706329405762, 'lda_s': 0.000610571882496294}.
[I 2025-08-10 01:05:13,493] Trial 8 finished with values: [0.9337030366723208, 0.22298456260720412] and parameters: {'psi': 0.5165332742395055, 'lda_s': 7.2455914224222e-07}.
[I 2025-08-10 01:05:19,376] Trial 9 finished with values: [0.9335017322805954, 0.21726700971983992] and parameters: {'psi': 0.47917946549652857, 'lda_s': 0.00014911935864582606}.
[I 2025-08-10 01:05:25,254] Trial 10 finished with values: [0.9255564718919095, 0.24465733235077378] and parameters: {'psi': 0.4480981035523379, 'lda_s': 6.8710908218308875}.
[I 2025-08-10 01:05:31,136] Trial 11 finished with values: [0.9358340037153376, 0.24550898203592814] and parameters: {'psi': 0.7498306177522774, 'lda_s': 0.0005607378751606621}.
[I 2025-08-10 01:05:37,017] Trial 12 finished with values: [0.9332949872296342, 0.2114837976122797] and parameters: {'psi': 0.25955507028378466, 'lda_s': 0.0002470907559117259}.
[I 2025-08-10 01:05:42,903] Trial 13 finished with values: [0.8933428346644391, 0.3969035890218156] and parameters: {'psi': 0.9183595826341485, 'lda_s': 0.07994455913481784}.
[I 2025-08-10 01:05:48,792] Trial 14 finished with values: [0.9352515579475336, 0.2720191731575794] and parameters: {'psi': 0.8998313968089369, 'lda_s': 1.958637182236631e-08}.
[I 2025-08-10 01:05:54,705] Trial 15 finished with values: [0.9351414794932276, 0.2082625919637804] and parameters: {'psi': 0.12387313314499737, 'lda_s': 3.470205582280595e-07}.
[I 2025-08-10 01:06:00,587] Trial 16 finished with values: [0.9312581984197457, 0.24238733252131547] and parameters: {'psi': 0.5138305052007812, 'lda_s': 0.00399820868950636}.
[I 2025-08-10 01:06:06,466] Trial 17 finished with values: [0.934921997395063, 0.2669082125603865] and parameters: {'psi': 0.8337702728998498, 'lda_s': 2.4162893702086702e-08}.
[I 2025-08-10 01:06:12,367] Trial 18 finished with values: [0.9297503344740163, 0.26564673157162727] and parameters: {'psi': 0.9163554423181577, 'lda_s': 0.016032172703723913}.
[I 2025-08-10 01:06:18,236] Trial 19 finished with values: [0.9212532900172506, 0.24779959377115776] and parameters: {'psi': 0.4570386165473439, 'lda_s': 0.011856592922166655}.
[I 2025-08-10 01:06:24,118] Trial 20 finished with values: [0.9292772501744174, 0.2408187838651415] and parameters: {'psi': 0.3385080907723965, 'lda_s': 0.0028868897077906773}.
[I 2025-08-10 01:06:30,012] Trial 21 finished with values: [0.9333908946645354, 0.21274175199089876] and parameters: {'psi': 0.40195619136628236, 'lda_s': 2.3205678317505168e-08}.
[I 2025-08-10 01:06:35,894] Trial 22 finished with values: [0.9354381430363652, 0.24717765894236482] and parameters: {'psi': 0.7540068693884217, 'lda_s': 2.7624151911032472e-08}.
[I 2025-08-10 01:06:41,773] Trial 23 finished with values: [0.9349933164242705, 0.2400932400932401] and parameters: {'psi': 0.6694087383600255, 'lda_s': 1.3500452040631484e-08}.
[I 2025-08-10 01:06:47,671] Trial 24 finished with values: [0.9337932082184152, 0.20771850170261066] and parameters: {'psi': 0.24765437204407548, 'lda_s': 2.104343217791796e-06}.
[I 2025-08-10 01:06:53,563] Trial 25 finished with values: [0.9302356497129819, 0.22482758620689655] and parameters: {'psi': 0.5330157871945854, 'lda_s': 0.9900489232612344}.
[I 2025-08-10 01:06:59,438] Trial 26 finished with values: [0.9150564634989545, 0.18436578171091444] and parameters: {'psi': 0.25720821363661317, 'lda_s': 0.233240158692748}.
[I 2025-08-10 01:07:05,326] Trial 27 finished with values: [0.9185147405172474, 0.19929328621908127] and parameters: {'psi': 0.11251217950188597, 'lda_s': 0.034140377241849394}.
[I 2025-08-10 01:07:11,202] Trial 28 finished with values: [0.9334469039317072, 0.2164009111617312] and parameters: {'psi': 0.4558541681137085, 'lda_s': 1.1736934931387998e-07}.
[I 2025-08-10 01:07:17,079] Trial 29 finished with values: [0.919865289277321, 0.22142857142857142] and parameters: {'psi': 0.4517906753478975, 'lda_s': 0.06735215019669459}.
[I 2025-08-10 01:07:22,965] Trial 30 finished with values: [0.9352019172039633, 0.25647200481637566] and parameters: {'psi': 0.7936663621635196, 'lda_s': 9.628207570233426e-05}.
[I 2025-08-10 01:07:28,851] Trial 31 finished with values: [0.9333922442854311, 0.213757816941444] and parameters: {'psi': 0.4190584588245573, 'lda_s': 3.929778717237778e-07}.
[I 2025-08-10 01:07:34,725] Trial 32 finished with values: [0.9334129103553964, 0.2161547212741752] and parameters: {'psi': 0.44052551328340916, 'lda_s': 5.5076359185718805e-05}.
[I 2025-08-10 01:07:40,600] Trial 33 finished with values: [0.923854220361545, 0.2010178117048346] and parameters: {'psi': 0.7883573353914602, 'lda_s': 0.39196471562469826}.
[I 2025-08-10 01:07:46,485] Trial 34 finished with values: [0.9334509527943944, 0.21766381766381768] and parameters: {'psi': 0.4573408594194387, 'lda_s': 7.28197072998383e-08}.
[I 2025-08-10 01:07:52,470] Trial 35 finished with values: [0.9352181970060179, 0.2767749699157641] and parameters: {'psi': 0.8850626030118003, 'lda_s': 2.9972853576470224e-06}.
[I 2025-08-10 01:07:58,337] Trial 36 finished with values: [0.9183517737940905, 0.22093023255813954] and parameters: {'psi': 0.23803209962742522, 'lda_s': 0.030393875640695782}.
[I 2025-08-10 01:08:04,216] Trial 37 finished with values: [0.9334908509621236, 0.22478386167146974] and parameters: {'psi': 0.5006780222607423, 'lda_s': 0.0005998710310641239}.
[I 2025-08-10 01:08:10,110] Trial 38 finished with values: [0.9302194542622336, 0.1967654986522911] and parameters: {'psi': 0.5991236343111938, 'lda_s': 1.104824477886735}.
[I 2025-08-10 01:08:15,983] Trial 39 finished with values: [0.921986851149721, 0.1991404011461318] and parameters: {'psi': 0.08554635291634516, 'lda_s': 0.010166824908407526}.
[I 2025-08-10 01:08:21,875] Trial 40 finished with values: [0.933613877341898, 0.20909090909090908] and parameters: {'psi': 0.29339428912972243, 'lda_s': 4.0160707243275943e-07}.
[I 2025-08-10 01:08:27,747] Trial 41 finished with values: [0.9197908070741391, 0.2446351931330472] and parameters: {'psi': 0.161924025571757, 'lda_s': 0.010723195349431275}.
[I 2025-08-10 01:08:33,634] Trial 42 finished with values: [0.9342061922125019, 0.2417452830188679] and parameters: {'psi': 0.5888487853055341, 'lda_s': 0.0017326446832605018}.
[I 2025-08-10 01:08:39,514] Trial 43 finished with values: [0.9406080345799865, 0.21372328458942633] and parameters: {'psi': 0.029874124931878243, 'lda_s': 8.052675589399237e-05}.
[I 2025-08-10 01:08:45,407] Trial 44 finished with values: [0.9359423107922182, 0.24865511057979678] and parameters: {'psi': 0.7284463670395064, 'lda_s': 0.0009023758388968262}.
[I 2025-08-10 01:08:51,287] Trial 45 finished with values: [0.9154901557386597, 0.17566594672426206] and parameters: {'psi': 0.27924569358516604, 'lda_s': 5.651619108968769}.
[I 2025-08-10 01:08:57,170] Trial 46 finished with values: [0.9435348983705942, 0.19311875693673697] and parameters: {'psi': 0.016446422815085127, 'lda_s': 9.480076980055856e-07}.
[I 2025-08-10 01:09:03,061] Trial 47 finished with values: [0.9346975385698456, 0.24060150375939848] and parameters: {'psi': 0.6317713773070723, 'lda_s': 0.0001342206087721809}.
[I 2025-08-10 01:09:08,940] Trial 48 finished with values: [0.9339939221509987, 0.22604704532415376] and parameters: {'psi': 0.5572374563817737, 'lda_s': 2.5658407543736075e-07}.
[I 2025-08-10 01:09:14,818] Trial 49 finished with values: [0.9337046393471343, 0.20783645655877342] and parameters: {'psi': 0.2674687529538422, 'lda_s': 3.1392027195795634e-06}.
[I 2025-08-10 01:09:20,696] Trial 50 finished with values: [0.9349734516917116, 0.26860254083484575] and parameters: {'psi': 0.841721294161318, 'lda_s': 5.656819978048146e-06}.
[I 2025-08-10 01:09:26,590] Trial 51 finished with values: [0.93147443299263, 0.22417840375586853] and parameters: {'psi': 0.3368787904400634, 'lda_s': 0.0017346337457114387}.
[I 2025-08-10 01:09:32,472] Trial 52 finished with values: [0.9335504451597997, 0.21010789324247586] and parameters: {'psi': 0.3108962698652813, 'lda_s': 3.470205582280595e-07}.
[I 2025-08-10 01:09:38,349] Trial 53 finished with values: [0.9335909337866709, 0.22593659942363112] and parameters: {'psi': 0.5138305052007812, 'lda_s': 0.0005998710310641239}.
[I 2025-08-10 01:09:44,245] Trial 54 finished with values: [0.9431718503496488, 0.19810795770728992] and parameters: {'psi': 0.020104204896711164, 'lda_s': 3.7047325487384636e-07}.
[I 2025-08-10 01:09:50,130] Trial 55 finished with values: [0.9355601572004679, 0.24822695035460993] and parameters: {'psi': 0.7369128706007191, 'lda_s': 0.0001342206087721809}.
[I 2025-08-10 01:09:56,026] Trial 56 finished with values: [0.9346830301452166, 0.20838052095130238] and parameters: {'psi': 0.14789146925009733, 'lda_s': 7.2455914224222e-07}.
[I 2025-08-10 01:10:01,898] Trial 57 finished with values: [0.9280379186112805, 0.22905027932960895] and parameters: {'psi': 0.5006780222607423, 'lda_s': 0.5428954150220648}.
[I 2025-08-10 01:10:07,764] Trial 58 finished with values: [0.9302892971435864, 0.22131147540983606] and parameters: {'psi': 0.5448209136245271, 'lda_s': 0.7396026941211693}.
[I 2025-08-10 01:10:13,646] Trial 59 finished with values: [0.9352145698998607, 0.2082625919637804] and parameters: {'psi': 0.12033229759303243, 'lda_s': 3.1392027195795634e-06}.
[I 2025-08-10 01:10:19,529] Trial 60 finished with values: [0.9336875582076732, 0.22285714285714286] and parameters: {'psi': 0.5138305052007812, 'lda_s': 1.3500452040631484e-08}.
[I 2025-08-10 01:10:25,431] Trial 61 finished with values: [0.9335973023102725, 0.22761409589832468] and parameters: {'psi': 0.5165332742395055, 'lda_s': 0.0007061903524073603}.
[I 2025-08-10 01:10:31,316] Trial 62 finished with values: [0.93448269579351, 0.23760092272202998] and parameters: {'psi': 0.6149692325094119, 'lda_s': 3.470205582280595e-07}.
[I 2025-08-10 01:10:37,193] Trial 63 finished with values: [0.9352019172039633, 0.25647200481637566] and parameters: {'psi': 0.7936663621635196, 'lda_s': 9.628207570233426e-05}.
[I 2025-08-10 01:10:43,065] Trial 64 finished with values: [0.9334579539527906, 0.21136363636363636] and parameters: {'psi': 0.3228782064274208, 'lda_s': 8.052675589399237e-05}.
[I 2025-08-10 01:10:48,951] Trial 65 finished with values: [0.9301381817789202, 0.19041095890410958] and parameters: {'psi': 0.6123038540735063, 'lda_s': 1.7467161154477486}.
[I 2025-08-10 01:10:54,828] Trial 66 finished with values: [0.9345926477208573, 0.2390300230946882] and parameters: {'psi': 0.6268211777105637, 'lda_s': 2.9972853576470224e-06}.
[I 2025-08-10 01:11:00,718] Trial 67 finished with values: [0.935707898512895, 0.2787878787878788] and parameters: {'psi': 0.8850626030118003, 'lda_s': 0.0005261625229567976}.
[I 2025-08-10 01:11:06,604] Trial 68 finished with values: [0.9352896425621844, 0.26943620178041544] and parameters: {'psi': 0.9177622954549457, 'lda_s': 1.3500452040631484e-08}.
[I 2025-08-10 01:11:12,492] Trial 69 finished with values: [0.9149779746087386, 0.18235294117647058] and parameters: {'psi': 0.2614124405568369, 'lda_s': 2.0242818703543457}.
[I 2025-08-10 01:11:18,386] Trial 70 finished with values: [0.9385181887986358, 0.24282560706401765] and parameters: {'psi': 0.6317713773070723, 'lda_s': 8.818406232748275}.
[I 2025-08-10 01:11:24,267] Trial 71 finished with values: [0.9397401018170874, 0.38420348058902276] and parameters: {'psi': 0.8850626030118003, 'lda_s': 6.8710908218308875}.
[I 2025-08-10 01:11:30,164] Trial 72 finished with values: [0.9348507627171613, 0.24245939675174014] and parameters: {'psi': 0.6543918677808006, 'lda_s': 2.2952580896799167e-07}.
[I 2025-08-10 01:11:36,154] Trial 73 finished with values: [0.9364002540323932, 0.20293122886133033] and parameters: {'psi': 0.08554635291634516, 'lda_s': 2.4162893702086702e-08}.
[I 2025-08-10 01:11:42,045] Trial 74 finished with values: [0.935328148933365, 0.2777440873256519] and parameters: {'psi': 0.8681917915286805, 'lda_s': 0.00019400886066675481}.
[I 2025-08-10 01:11:47,919] Trial 75 finished with values: [0.9309592152156932, 0.24330900243309003] and parameters: {'psi': 0.07629071793885556, 'lda_s': 0.0012033872564891665}.
[I 2025-08-10 01:11:53,805] Trial 76 finished with values: [0.9255564718919095, 0.24465733235077378] and parameters: {'psi': 0.4480981035523379, 'lda_s': 6.8710908218308875}.
[I 2025-08-10 01:11:59,675] Trial 77 finished with values: [0.9258876351191939, 0.22284908321579688] and parameters: {'psi': 0.7284463670395064, 'lda_s': 1.730758711131911}.
[I 2025-08-10 01:12:05,549] Trial 78 finished with values: [0.933613877341898, 0.20909090909090908] and parameters: {'psi': 0.29339428912972243, 'lda_s': 4.0160707243275943e-07}.
[I 2025-08-10 01:12:11,426] Trial 79 finished with values: [0.9343182950981515, 0.23231742380678552] and parameters: {'psi': 0.5964726874747468, 'lda_s': 7.122807618224878e-07}.
[I 2025-08-10 01:12:17,312] Trial 80 finished with values: [0.9346391674661063, 0.23801270941652225] and parameters: {'psi': 0.6317713773070723, 'lda_s': 1.0499478589959986e-07}.
[I 2025-08-10 01:12:23,209] Trial 81 finished with values: [0.9332975177688135, 0.23149236192714454] and parameters: {'psi': 0.5165332742395055, 'lda_s': 0.0016095698022370764}.
[I 2025-08-10 01:12:29,100] Trial 82 finished with values: [0.9351800702157143, 0.2776101388050694] and parameters: {'psi': 0.8727844430942148, 'lda_s': 8.875954166864433e-08}.
[I 2025-08-10 01:12:34,982] Trial 83 finished with values: [0.928780420982185, 0.23941068139963168] and parameters: {'psi': 0.40195619136628236, 'lda_s': 0.00399820868950636}.
[I 2025-08-10 01:12:40,883] Trial 84 finished with values: [0.9354560255132334, 0.24925816023738873] and parameters: {'psi': 0.7498306177522774, 'lda_s': 1.9333280197063493e-07}.
[I 2025-08-10 01:12:46,767] Trial 85 finished with values: [0.9339939221509987, 0.22604704532415376] and parameters: {'psi': 0.5572374563817737, 'lda_s': 2.5658407543736075e-07}.
[I 2025-08-10 01:12:52,637] Trial 86 finished with values: [0.9338535194021922, 0.25590062111801243] and parameters: {'psi': 0.6579905528464661, 'lda_s': 0.004548053026353441}.
[I 2025-08-10 01:12:58,518] Trial 87 finished with values: [0.9344313680238202, 0.23495032144944478] and parameters: {'psi': 0.5964726874747468, 'lda_s': 0.0009023758388968262}.
[I 2025-08-10 01:13:04,392] Trial 88 finished with values: [0.9335813177377892, 0.21828571428571428] and parameters: {'psi': 0.4941092812333058, 'lda_s': 8.052675589399237e-05}.
[I 2025-08-10 01:13:10,299] Trial 89 finished with values: [0.9310711493987311, 0.2111801242236025] and parameters: {'psi': 0.035885167749604485, 'lda_s': 0.10521726104376435}.
[I 2025-08-10 01:13:16,174] Trial 90 finished with values: [0.9338642741937048, 0.20646625070901872] and parameters: {'psi': 0.2226956758940839, 'lda_s': 3.388911432789797e-05}.
[I 2025-08-10 01:13:22,050] Trial 91 finished with values: [0.9206330970400199, 0.2275618374558304] and parameters: {'psi': 0.26841431337401744, 'lda_s': 0.012909834405363068}.
[I 2025-08-10 01:13:27,940] Trial 92 finished with values: [0.933257577425431, 0.2218370883882149] and parameters: {'psi': 0.1347163898010143, 'lda_s': 0.0005998710310641239}.
[I 2025-08-10 01:13:33,813] Trial 93 finished with values: [0.9354562785671513, 0.24925816023738873] and parameters: {'psi': 0.7498306177522774, 'lda_s': 6.27588815695226e-08}.
[I 2025-08-10 01:13:39,689] Trial 94 finished with values: [0.935401745447834, 0.24617196702002356] and parameters: {'psi': 0.7199189090017216, 'lda_s': 1.3704117451825417e-06}.
[I 2025-08-10 01:13:45,568] Trial 95 finished with values: [0.9334506997404765, 0.21766381766381768] and parameters: {'psi': 0.4573408594194387, 'lda_s': 1.8120445522342586e-08}.
[I 2025-08-10 01:13:51,425] Trial 96 finished with values: [0.9246704457738771, 0.22060766182298547] and parameters: {'psi': 0.33698226377681684, 'lda_s': 0.007380476490566127}.
[I 2025-08-10 01:13:57,296] Trial 97 finished with values: [0.9334129103553964, 0.2161547212741752] and parameters: {'psi': 0.44052551328340916, 'lda_s': 5.5076359185718805e-05}.
[I 2025-08-10 01:14:03,173] Trial 98 finished with values: [0.9352107319154384, 0.27727546714888485] and parameters: {'psi': 0.8744670793798981, 'lda_s': 2.203054269608137e-05}.
[I 2025-08-10 01:14:09,067] Trial 99 finished with values: [0.9339939221509987, 0.22604704532415376] and parameters: {'psi': 0.5572374563817737, 'lda_s': 2.5658407543736075e-07}.
[I 2025-08-10 01:14:14,958] Trial 100 finished with values: [0.9352515579475336, 0.2720191731575794] and parameters: {'psi': 0.8998313968089369, 'lda_s': 2.2071312565328086e-08}.
[I 2025-08-10 01:14:20,858] Trial 101 finished with values: [0.9352506300831678, 0.24370240187463385] and parameters: {'psi': 0.6976291633420552, 'lda_s': 1.0488775573523964e-06}.
[I 2025-08-10 01:14:26,744] Trial 102 finished with values: [0.9397401018170874, 0.38420348058902276] and parameters: {'psi': 0.8850626030118003, 'lda_s': 6.8710908218308875}.
[I 2025-08-10 01:14:32,639] Trial 103 finished with values: [0.9165633995803186, 0.1846370683579986] and parameters: {'psi': 0.12328549342677209, 'lda_s': 6.8710908218308875}.
[I 2025-08-10 01:14:38,531] Trial 104 finished with values: [0.9358340037153376, 0.24550898203592814] and parameters: {'psi': 0.7498306177522774, 'lda_s': 0.0005607378751606621}.
[I 2025-08-10 01:14:44,527] Trial 105 finished with values: [0.9395098227517573, 0.33356117566643884] and parameters: {'psi': 0.9428665757501498, 'lda_s': 4.964460294981087}.
[I 2025-08-10 01:14:50,408] Trial 106 finished with values: [0.9351836129705654, 0.2776101388050694] and parameters: {'psi': 0.8727844430942148, 'lda_s': 3.4764422663758007e-06}.
[I 2025-08-10 01:14:56,300] Trial 107 finished with values: [0.9411317296631744, 0.2190530519110097] and parameters: {'psi': 0.010811857531842883, 'lda_s': 0.0001342206087721809}.
[I 2025-08-10 01:15:02,180] Trial 108 finished with values: [0.9273002242648171, 0.2367601246105919] and parameters: {'psi': 0.34659473954718334, 'lda_s': 0.004191061086583181}.
[I 2025-08-10 01:15:08,064] Trial 109 finished with values: [0.9356216493025287, 0.2789281364190012] and parameters: {'psi': 0.8681917915286805, 'lda_s': 0.0005261625229567976}.
[I 2025-08-10 01:15:13,942] Trial 110 finished with values: [0.9352161725746745, 0.2767749699157641] and parameters: {'psi': 0.8850626030118003, 'lda_s': 1.5329723644979915e-07}.
[I 2025-08-10 01:15:19,820] Trial 111 finished with values: [0.9349117065357333, 0.26433313216656606] and parameters: {'psi': 0.8277159726471702, 'lda_s': 3.7047325487384636e-07}.
[I 2025-08-10 01:15:25,721] Trial 112 finished with values: [0.935401745447834, 0.24617196702002356] and parameters: {'psi': 0.7199189090017216, 'lda_s': 1.3704117451825417e-06}.
[I 2025-08-10 01:15:31,614] Trial 113 finished with values: [0.9342061922125019, 0.2417452830188679] and parameters: {'psi': 0.5888487853055341, 'lda_s': 0.0017326446832605018}.
[I 2025-08-10 01:15:37,505] Trial 114 finished with values: [0.9347650617902841, 0.2398609501738123] and parameters: {'psi': 0.634981672997532, 'lda_s': 0.00022453890562894132}.
[I 2025-08-10 01:15:43,408] Trial 115 finished with values: [0.9385181887986358, 0.24282560706401765] and parameters: {'psi': 0.6317713773070723, 'lda_s': 8.818406232748275}.
[I 2025-08-10 01:15:49,296] Trial 116 finished with values: [0.9311018954497616, 0.26630061770761837] and parameters: {'psi': 0.9169386516962907, 'lda_s': 0.014183048213436241}.
[I 2025-08-10 01:15:55,185] Trial 117 finished with values: [0.9353270523663872, 0.2733812949640288] and parameters: {'psi': 0.8998313968089369, 'lda_s': 8.052675589399237e-05}.
[I 2025-08-10 01:16:01,062] Trial 118 finished with values: [0.935448433895695, 0.24717765894236482] and parameters: {'psi': 0.7540068693884217, 'lda_s': 1.025691028058062e-05}.
[I 2025-08-10 01:16:06,942] Trial 119 finished with values: [0.9336073822913374, 0.20897217490062464] and parameters: {'psi': 0.29570815400686556, 'lda_s': 3.470205582280595e-07}.
[I 2025-08-10 01:16:12,825] Trial 120 finished with values: [0.934136096277231, 0.22860425043078691] and parameters: {'psi': 0.574957189664058, 'lda_s': 9.67362929631272e-06}.
[I 2025-08-10 01:16:18,726] Trial 121 finished with values: [0.935328148933365, 0.2777440873256519] and parameters: {'psi': 0.8681917915286805, 'lda_s': 0.00019400886066675481}.
[I 2025-08-10 01:16:24,615] Trial 122 finished with values: [0.9336306210761354, 0.21448944666286365] and parameters: {'psi': 0.15840407377534182, 'lda_s': 0.00035509494098889154}.
[I 2025-08-10 01:16:30,505] Trial 123 finished with values: [0.9352161303990214, 0.2767749699157641] and parameters: {'psi': 0.8850626030118003, 'lda_s': 6.27588815695226e-08}.
