[I 2025-08-10 00:54:34,722] Trial 124 finished with values: [0.9390142508388916, 0.26153846153846155] and parameters: {'psi': 0.8096094478270472, 'lda_s': 0.00011082496977622555}.
[I 2025-08-10 00:54:40,291] Trial 125 finished with values: [0.9468433233121376, 0.21846846846846846] and parameters: {'psi': 0.12665288719411572, 'lda_s': 2.4553900018731092e-05}.
[I 2025-08-10 00:54:45,894] Trial 126 finished with values: [0.9340901082225658, 0.24474660074165636] and parameters: {'psi': 0.5351145519870228, 'lda_s': 5.568893964577161}.
[I 2025-08-10 00:54:51,492] Trial 127 finished with values: [0.9095208238756313, 0.32587064676616917] and parameters: {'psi': 0.778537278461046, 'lda_s': 7.671467947394072}.
[I 2025-08-10 00:54:57,080] Trial 128 finished with values: [0.9457803040644573, 0.22764227642276422] and parameters: {'psi': 0.5969402718153531, 'lda_s': 2.6285035614569342e-08}.
[I 2025-08-10 00:55:02,665] Trial 129 finished with values: [0.9378239295997766, 0.2625482625482625] and parameters: {'psi': 0.8200025136475588, 'lda_s': 0.00028660115139514695}.
[I 2025-08-10 00:55:08,266] Trial 130 finished with values: [0.9350016984180902, 0.2876712328767123] and parameters: {'psi': 0.7899779714688003, 'lda_s': 0.0018862048324307394}.
[I 2025-08-10 00:55:13,844] Trial 131 finished with values: [0.9465149095711415, 0.2192090395480226] and parameters: {'psi': 0.47484260808020473, 'lda_s': 3.5500003007099516e-05}.
[I 2025-08-10 00:55:19,434] Trial 132 finished with values: [0.9422063244645221, 0.21852731591448932] and parameters: {'psi': 0.015100944211465017, 'lda_s': 0.40376611879712065}.
[I 2025-08-10 00:55:25,035] Trial 133 finished with values: [0.9491268226248337, 0.21467688937568455] and parameters: {'psi': 0.01559602758559231, 'lda_s': 2.5086447001538753e-06}.
[I 2025-08-10 00:55:30,691] Trial 134 finished with values: [0.9432582325658176, 0.2403846153846154] and parameters: {'psi': 0.6898975363654736, 'lda_s': 0.00017422361610583317}.
[I 2025-08-10 00:55:36,287] Trial 135 finished with values: [0.9216011796862849, 0.20476190476190476] and parameters: {'psi': 0.6380444714695769, 'lda_s': 0.22719564823816069}.
[I 2025-08-10 00:55:41,872] Trial 136 finished with values: [0.9396999673014835, 0.22572815533980584] and parameters: {'psi': 0.020598267198137843, 'lda_s': 0.03302071429757408}.
[I 2025-08-10 00:55:47,450] Trial 137 finished with values: [0.934554871602767, 0.22923976608187135] and parameters: {'psi': 0.930346065334613, 'lda_s': 1.2808326526444559e-06}.
[I 2025-08-10 00:55:53,028] Trial 138 finished with values: [0.9411110828923267, 0.25569620253164554] and parameters: {'psi': 0.7773391297108255, 'lda_s': 7.059206576794201e-08}.
[I 2025-08-10 00:55:58,601] Trial 139 finished with values: [0.9442453785567573, 0.2306805074971165] and parameters: {'psi': 0.4031086712976618, 'lda_s': 0.0004921291441823399}.
[I 2025-08-10 00:56:04,183] Trial 140 finished with values: [0.9123970234826142, 0.17945945945945946] and parameters: {'psi': 0.994705731374623, 'lda_s': 5.074667165539327}.
[I 2025-08-10 00:56:09,798] Trial 141 finished with values: [0.9283200899050473, 0.24788732394366197] and parameters: {'psi': 0.04794388914320946, 'lda_s': 0.10130646997107677}.
[I 2025-08-10 00:56:15,388] Trial 142 finished with values: [0.9364193219661013, 0.2528160200250313] and parameters: {'psi': 0.8595425422481269, 'lda_s': 9.880756613838707e-08}.
[I 2025-08-10 00:56:20,976] Trial 143 finished with values: [0.9363083692329182, 0.2787550744248985] and parameters: {'psi': 0.7260039743754376, 'lda_s': 0.0023465121313489498}.
[I 2025-08-10 00:56:26,561] Trial 144 finished with values: [0.9482403118740059, 0.2185430463576159] and parameters: {'psi': 0.034161955653451814, 'lda_s': 3.1753931114289585e-07}.
[I 2025-08-10 00:56:32,148] Trial 145 finished with values: [0.9348985234873762, 0.2876712328767123] and parameters: {'psi': 0.7250211276535294, 'lda_s': 0.0029406696515190717}.
[I 2025-08-10 00:56:37,736] Trial 146 finished with values: [0.9199400633017882, 0.3029366306027821] and parameters: {'psi': 0.09879609422922364, 'lda_s': 0.004206016374738425}.
[I 2025-08-10 00:56:43,328] Trial 147 finished with values: [0.9318997838088373, 0.3202416918429003] and parameters: {'psi': 0.46556155647479036, 'lda_s': 7.31641604601501}.
[I 2025-08-10 00:56:48,918] Trial 148 finished with values: [0.9319261330988352, 0.29958391123439665] and parameters: {'psi': 0.47484260808020473, 'lda_s': 8.154567430705924}.
[I 2025-08-10 00:56:54,499] Trial 149 finished with values: [0.9266553227153101, 0.27622841965471445] and parameters: {'psi': 0.14542073760210394, 'lda_s': 0.00284759198361901}.
[I 2025-08-10 00:57:00,093] Trial 150 finished with values: [0.8997185705351445, 0.15991471215351813] and parameters: {'psi': 0.7284162214168598, 'lda_s': 0.13669080305523726}.
[I 2025-08-10 00:57:05,683] Trial 151 finished with values: [0.9243078549455712, 0.3645655877342419] and parameters: {'psi': 0.8200025136475588, 'lda_s': 0.011171167262741368}.
[I 2025-08-10 00:57:11,262] Trial 152 finished with values: [0.9443502995247605, 0.22985781990521326] and parameters: {'psi': 0.6753149875670167, 'lda_s': 1.969625361244734e-08}.
[I 2025-08-10 00:57:16,844] Trial 153 finished with values: [0.9319261330988352, 0.29958391123439665] and parameters: {'psi': 0.47484260808020473, 'lda_s': 5.568893964577161}.
[I 2025-08-10 00:57:22,432] Trial 154 finished with values: [0.9355051920799748, 0.257001647446458] and parameters: {'psi': 0.5450727893031451, 'lda_s': 0.039104973416145654}.
[I 2025-08-10 00:57:28,042] Trial 155 finished with values: [0.938178851361433, 0.23337515683814303] and parameters: {'psi': 0.023892045841490184, 'lda_s': 3.3061582787009782}.
[I 2025-08-10 00:57:33,602] Trial 156 finished with values: [0.9466795132682962, 0.2140468227424749] and parameters: {'psi': 0.3511503212670163, 'lda_s': 3.5500003007099516e-05}.
[I 2025-08-10 00:57:39,191] Trial 157 finished with values: [0.9243078549455712, 0.3645655877342419] and parameters: {'psi': 0.8200025136475588, 'lda_s': 0.011171167262741368}.
[I 2025-08-10 00:57:44,773] Trial 158 finished with values: [0.9397212372102769, 0.26433915211970077] and parameters: {'psi': 0.6024594059520773, 'lda_s': 0.0018862048324307394}.
[I 2025-08-10 00:57:50,353] Trial 159 finished with values: [0.9409536220749906, 0.19348054679284962] and parameters: {'psi': 0.9945514230799437, 'lda_s': 1.3955339903705709e-08}.
[I 2025-08-10 00:57:55,930] Trial 160 finished with values: [0.9405440969653872, 0.1945031712473573] and parameters: {'psi': 0.9967305981524467, 'lda_s': 0.0003151718517521166}.
[I 2025-08-10 00:58:01,511] Trial 161 finished with values: [0.9411164797348563, 0.2553729456384324] and parameters: {'psi': 0.7745419400647359, 'lda_s': 3.14437069792253e-05}.
[I 2025-08-10 00:58:07,086] Trial 162 finished with values: [0.9426653735408683, 0.23990498812351543] and parameters: {'psi': 0.5543090112382014, 'lda_s': 0.0009281502134279982}.
[I 2025-08-10 00:58:12,648] Trial 163 finished with values: [0.946387925041032, 0.22272727272727272] and parameters: {'psi': 0.49896042722673695, 'lda_s': 4.411884990946837e-05}.
[I 2025-08-10 00:58:18,237] Trial 164 finished with values: [0.9374937698214916, 0.2717678100263852] and parameters: {'psi': 0.7250211276535294, 'lda_s': 0.0018588723830485208}.
[I 2025-08-10 00:58:23,825] Trial 165 finished with values: [0.9287915199730794, 0.3992015968063872] and parameters: {'psi': 0.23022055104554295, 'lda_s': 0.019335899351285782}.
[I 2025-08-10 00:58:29,400] Trial 166 finished with values: [0.9438371232924548, 0.23501199040767387] and parameters: {'psi': 0.6918735757638413, 'lda_s': 2.6551660396628134e-05}.
[I 2025-08-10 00:58:34,995] Trial 167 finished with values: [0.9343875694843475, 0.24739583333333334] and parameters: {'psi': 0.4092253467508076, 'lda_s': 7.671467947394072}.
[I 2025-08-10 00:58:40,574] Trial 168 finished with values: [0.9467018942917278, 0.2192090395480226] and parameters: {'psi': 0.46556155647479036, 'lda_s': 9.573212220496977e-06}.
[I 2025-08-10 00:58:46,162] Trial 169 finished with values: [0.9466639576633575, 0.2192090395480226] and parameters: {'psi': 0.1275920590357864, 'lda_s': 3.5500003007099516e-05}.
[I 2025-08-10 00:58:51,765] Trial 170 finished with values: [0.9285885034555664, 0.3535714285714286] and parameters: {'psi': 0.6382282467111001, 'lda_s': 0.019335899351285782}.
[I 2025-08-10 00:58:57,372] Trial 171 finished with values: [0.9096905069539903, 0.3373493975903614] and parameters: {'psi': 0.9059573718707714, 'lda_s': 5.568893964577161}.
[I 2025-08-10 00:59:03,070] Trial 172 finished with values: [0.911104003504773, 0.3450210378681627] and parameters: {'psi': 0.8200025136475588, 'lda_s': 2.817917756217792}.
[I 2025-08-10 00:59:08,650] Trial 173 finished with values: [0.9414294966015765, 0.24850657108721624] and parameters: {'psi': 0.11278224800452241, 'lda_s': 0.0004170122701063011}.
[I 2025-08-10 00:59:14,216] Trial 174 finished with values: [0.9417517198467297, 0.1928721174004193] and parameters: {'psi': 0.9983887284075341, 'lda_s': 3.242547466560781e-07}.
[I 2025-08-10 00:59:19,780] Trial 175 finished with values: [0.9438093454264934, 0.2347305389221557] and parameters: {'psi': 0.684405508214121, 'lda_s': 7.394789216582534e-05}.
[I 2025-08-10 00:59:25,381] Trial 176 finished with values: [0.9287915199730794, 0.3992015968063872] and parameters: {'psi': 0.23022055104554295, 'lda_s': 0.019335899351285782}.
[I 2025-08-10 00:59:30,967] Trial 177 finished with values: [0.9319261330988352, 0.29958391123439665] and parameters: {'psi': 0.47484260808020473, 'lda_s': 8.154567430705924}.
[I 2025-08-10 00:59:36,534] Trial 178 finished with values: [0.9444452204610173, 0.234192037470726] and parameters: {'psi': 0.5690128729813615, 'lda_s': 0.0003775059368105467}.
[I 2025-08-10 00:59:42,131] Trial 179 finished with values: [0.9132024228648344, 0.38926174496644295] and parameters: {'psi': 0.8625302078414652, 'lda_s': 5.568893964577161}.
[I 2025-08-10 00:59:47,721] Trial 180 finished with values: [0.9328415328302629, 0.2949438202247191] and parameters: {'psi': 0.9967305981524467, 'lda_s': 0.019335899351285782}.
[I 2025-08-10 00:59:53,305] Trial 181 finished with values: [0.9234308680345017, 0.1844769403824522] and parameters: {'psi': 0.9669204384228784, 'lda_s': 8.154567430705924}.
[I 2025-08-10 00:59:58,892] Trial 182 finished with values: [0.9258638916314019, 0.30659025787965616] and parameters: {'psi': 0.969868509514829, 'lda_s': 0.012991701979103746}.
[I 2025-08-10 01:00:04,469] Trial 183 finished with values: [0.9449687141863942, 0.22877358490566038] and parameters: {'psi': 0.6458479263459387, 'lda_s': 1.2003598873527534e-08}.
[I 2025-08-10 01:00:10,057] Trial 184 finished with values: [0.9430220413398138, 0.24087591240875914] and parameters: {'psi': 0.7260039743754376, 'lda_s': 2.5086447001538753e-06}.
[I 2025-08-10 01:00:15,620] Trial 185 finished with values: [0.9451126828974059, 0.224] and parameters: {'psi': 0.41910068593745253, 'lda_s': 0.00030329233365850776}.
[I 2025-08-10 01:00:21,211] Trial 186 finished with values: [0.9240527747707136, 0.3310104529616725] and parameters: {'psi': 0.2665951518516314, 'lda_s': 0.012991701979103746}.
[I 2025-08-10 01:00:26,793] Trial 187 finished with values: [0.932107720976892, 0.3851203501094092] and parameters: {'psi': 0.7527070644011207, 'lda_s': 0.039104973416145654}.
[I 2025-08-10 01:00:32,372] Trial 188 finished with values: [0.9284192965691954, 0.3944223107569721] and parameters: {'psi': 0.23579846942937044, 'lda_s': 0.5308575456039047}.
[I 2025-08-10 01:00:37,939] Trial 189 finished with values: [0.9440634732173753, 0.2315035799522673] and parameters: {'psi': 0.6807975202431098, 'lda_s': 3.5500003007099516e-05}.
[I 2025-08-10 01:00:43,514] Trial 190 finished with values: [0.9467872913882266, 0.21675977653631284] and parameters: {'psi': 0.23818654194370847, 'lda_s': 2.5989253762855596e-05}.
[I 2025-08-10 01:00:49,109] Trial 191 finished with values: [0.9314439093457441, 0.2872628726287263] and parameters: {'psi': 0.8564830972597848, 'lda_s': 0.0018862048324307394}.
[I 2025-08-10 01:00:54,682] Trial 192 finished with values: [0.9464768142121086, 0.2192090395480226] and parameters: {'psi': 0.47484260808020473, 'lda_s': 4.19594959723307e-05}.
[I 2025-08-10 01:01:00,237] Trial 193 finished with values: [0.9458099866983705, 0.22525597269624573] and parameters: {'psi': 0.47484260808020473, 'lda_s': 0.00016531268082652835}.
[I 2025-08-10 01:01:05,822] Trial 194 finished with values: [0.909862094800301, 0.35216819973718794] and parameters: {'psi': 0.8007487143252909, 'lda_s': 7.671467947394072}.
[I 2025-08-10 01:01:11,402] Trial 195 finished with values: [0.9475293572360546, 0.2182628062360802] and parameters: {'psi': 0.07297362363533044, 'lda_s': 2.5086447001538753e-06}.
[I 2025-08-10 01:01:16,988] Trial 196 finished with values: [0.9493544423950552, 0.33955223880597013] and parameters: {'psi': 0.6024594059520773, 'lda_s': 0.05673546505912325}.
[I 2025-08-10 01:01:22,571] Trial 197 finished with values: [0.9360185270429431, 0.25218476903870163] and parameters: {'psi': 0.8655809083403027, 'lda_s': 1.4927470120333924e-05}.
[I 2025-08-10 01:01:28,164] Trial 198 finished with values: [0.9320859748761109, 0.26256983240223464] and parameters: {'psi': 0.03830907431956887, 'lda_s': 0.004206016374738425}.
[I 2025-08-10 01:01:33,744] Trial 199 finished with values: [0.9328688345042365, 0.2135678391959799] and parameters: {'psi': 0.4349633442654489, 'lda_s': 0.300823795659769}.
[I 2025-08-10 01:01:39,331] Trial 200 finished with values: [0.9462823691503782, 0.22784810126582278] and parameters: {'psi': 0.5543090112382014, 'lda_s': 2.7636215353948545e-08}.
[I 2025-08-10 01:01:44,923] Trial 201 finished with values: [0.9348985234873762, 0.2876712328767123] and parameters: {'psi': 0.7250211276535294, 'lda_s': 0.0029406696515190717}.
[I 2025-08-10 01:01:50,510] Trial 202 finished with values: [0.9443714107028911, 0.22985781990521326] and parameters: {'psi': 0.6743013762737913, 'lda_s': 7.185123167477211e-08}.
[I 2025-08-10 01:01:56,094] Trial 203 finished with values: [0.9389788539011233, 0.27122940430925224] and parameters: {'psi': 0.5270607774328376, 'lda_s': 0.0023465121313489498}.
[I 2025-08-10 01:02:01,795] Trial 204 finished with values: [0.9440739494411095, 0.23681125439624853] and parameters: {'psi': 0.08760484115343325, 'lda_s': 0.00017701913550537945}.
[I 2025-08-10 01:02:07,379] Trial 205 finished with values: [0.945706970498319, 0.22764227642276422] and parameters: {'psi': 0.6024594059520773, 'lda_s': 3.1753931114289585e-07}.
[I 2025-08-10 01:02:12,965] Trial 206 finished with values: [0.9402926675957701, 0.25060240963855424] and parameters: {'psi': 0.23022055104554295, 'lda_s': 0.000913300939717026}.
[I 2025-08-10 01:02:18,568] Trial 207 finished with values: [0.9281394544109663, 0.3967935871743487] and parameters: {'psi': 0.23816632427262951, 'lda_s': 0.7771032243113969}.
[I 2025-08-10 01:02:24,151] Trial 208 finished with values: [0.9470288794567602, 0.21627647714604237] and parameters: {'psi': 0.27225139263966514, 'lda_s': 3.1753931114289585e-07}.
[I 2025-08-10 01:02:29,721] Trial 209 finished with values: [0.9453390328223263, 0.2281722933643772] and parameters: {'psi': 0.5983913810630525, 'lda_s': 8.824838128293136e-05}.
[I 2025-08-10 01:02:35,314] Trial 210 finished with values: [0.942437753770647, 0.21775147928994082] and parameters: {'psi': 0.014542534539658813, 'lda_s': 0.12641524988496178}.
[I 2025-08-10 01:02:40,906] Trial 211 finished with values: [0.9471115781319941, 0.21675977653631284] and parameters: {'psi': 0.1707422630391714, 'lda_s': 2.219289001133775e-06}.
[I 2025-08-10 01:02:46,499] Trial 212 finished with values: [0.9350737621389273, 0.3315696649029982] and parameters: {'psi': 0.9596414453675068, 'lda_s': 0.05673546505912325}.
[I 2025-08-10 01:02:52,097] Trial 213 finished with values: [0.9350745557922405, 0.22094361334867663] and parameters: {'psi': 0.9394459956827593, 'lda_s': 4.399102293521581e-08}.
[I 2025-08-10 01:02:57,678] Trial 214 finished with values: [0.936012812739088, 0.21468926553672316] and parameters: {'psi': 0.9518020404405043, 'lda_s': 4.9898150681748294e-08}.
[I 2025-08-10 01:03:03,258] Trial 215 finished with values: [0.930547874755158, 0.20161290322580644] and parameters: {'psi': 0.4630819220157917, 'lda_s': 0.05673546505912325}.
[I 2025-08-10 01:03:08,842] Trial 216 finished with values: [0.9471360226540402, 0.21651785714285715] and parameters: {'psi': 0.1707422630391714, 'lda_s': 1.2159468274258474e-07}.
[I 2025-08-10 01:03:14,436] Trial 217 finished with values: [0.9444183949790317, 0.23148148148148148] and parameters: {'psi': 0.22659793541866258, 'lda_s': 0.00030610126324210447}.
[I 2025-08-10 01:03:20,026] Trial 218 finished with values: [0.9437568055771605, 0.39473684210526316] and parameters: {'psi': 0.6807975202431098, 'lda_s': 0.045838511850754174}.
[I 2025-08-10 01:03:25,641] Trial 219 finished with values: [0.9404661602100324, 0.23255813953488372] and parameters: {'psi': 0.0190106632880368, 'lda_s': 0.0023465121313489498}.
[I 2025-08-10 01:03:31,229] Trial 220 finished with values: [0.9419774348489994, 0.25782227784730916] and parameters: {'psi': 0.6024594059520773, 'lda_s': 0.18875528158950727}.
[I 2025-08-10 01:03:36,830] Trial 221 finished with values: [0.930951526830244, 0.23529411764705882] and parameters: {'psi': 0.04116123537826777, 'lda_s': 8.154567430705924}.
[I 2025-08-10 01:03:42,412] Trial 222 finished with values: [0.9263488138057582, 0.3368055555555556] and parameters: {'psi': 0.23022055104554295, 'lda_s': 0.011240134515609734}.
[I 2025-08-10 01:03:47,998] Trial 223 finished with values: [0.945803637471865, 0.2273781902552204] and parameters: {'psi': 0.5886911340027872, 'lda_s': 1.9801871282046953e-05}.
[I 2025-08-10 01:03:53,588] Trial 224 finished with values: [0.946512052419214, 0.21773288439955107] and parameters: {'psi': 0.23816632427262951, 'lda_s': 5.36501123901912e-05}.
[I 2025-08-10 01:03:59,185] Trial 225 finished with values: [0.92579214537189, 0.33544303797468356] and parameters: {'psi': 0.9574495209623862, 'lda_s': 0.019335899351285782}.
[I 2025-08-10 01:04:04,785] Trial 226 finished with values: [0.9303588265359573, 0.40718562874251496] and parameters: {'psi': 0.2009099097618442, 'lda_s': 0.04380149213922215}.
[I 2025-08-10 01:04:10,370] Trial 227 finished with values: [0.9308448598249518, 0.18052256532066507] and parameters: {'psi': 0.46556155647479036, 'lda_s': 0.06612203113189503}.
[I 2025-08-10 01:04:15,954] Trial 228 finished with values: [0.930510255588113, 0.21359223300970873] and parameters: {'psi': 0.45671525647297706, 'lda_s': 0.039104973416145654}.
[I 2025-08-10 01:04:21,550] Trial 229 finished with values: [0.9091322512134958, 0.16793893129770993] and parameters: {'psi': 0.7899779714688003, 'lda_s': 0.2221928371731166}.
[I 2025-08-10 01:04:27,145] Trial 230 finished with values: [0.9319261330988352, 0.29958391123439665] and parameters: {'psi': 0.47484260808020473, 'lda_s': 8.154567430705924}.
[I 2025-08-10 01:04:32,754] Trial 231 finished with values: [0.9335351858259867, 0.25675675675675674] and parameters: {'psi': 0.034707650083649844, 'lda_s': 0.0029406696515190717}.
[I 2025-08-10 01:04:38,349] Trial 232 finished with values: [0.8983101533655663, 0.19547325102880658] and parameters: {'psi': 0.9967305981524467, 'lda_s': 1.3236438695141344}.
[I 2025-08-10 01:04:44,053] Trial 233 finished with values: [0.9369248791266003, 0.2573248407643312] and parameters: {'psi': 0.8432437653475328, 'lda_s': 0.00013651736529958803}.
[I 2025-08-10 01:04:49,653] Trial 234 finished with values: [0.9195805383509154, 0.2654320987654321] and parameters: {'psi': 0.08148053712478176, 'lda_s': 0.05673546505912325}.
[I 2025-08-10 01:04:55,238] Trial 235 finished with values: [0.9318997838088373, 0.3202416918429003] and parameters: {'psi': 0.46556155647479036, 'lda_s': 7.671467947394072}.
[I 2025-08-10 01:05:00,820] Trial 236 finished with values: [0.9458568122438483, 0.2273781902552204] and parameters: {'psi': 0.5918385295515765, 'lda_s': 7.29202157071762e-08}.
[I 2025-08-10 01:05:06,404] Trial 237 finished with values: [0.9468799900952066, 0.21452513966480447] and parameters: {'psi': 0.3893064809233473, 'lda_s': 2.5086447001538753e-06}.
[I 2025-08-10 01:05:11,996] Trial 238 finished with values: [0.9403613979726919, 0.2503008423586041] and parameters: {'psi': 0.23816632427262951, 'lda_s': 0.0009281502134279982}.
[I 2025-08-10 01:05:17,584] Trial 239 finished with values: [0.9290269175457699, 0.3920792079207921] and parameters: {'psi': 0.23022055104554295, 'lda_s': 1.8324350183316451}.
[I 2025-08-10 01:05:23,157] Trial 240 finished with values: [0.9372040863621788, 0.25602027883396705] and parameters: {'psi': 0.8464502881312962, 'lda_s': 3.1753931114289585e-07}.
[I 2025-08-10 01:05:28,728] Trial 241 finished with values: [0.9432466452274452, 0.2403846153846154] and parameters: {'psi': 0.6898975363654736, 'lda_s': 0.00017701913550537945}.
[I 2025-08-10 01:05:34,313] Trial 242 finished with values: [0.9188773615154333, 0.3671875] and parameters: {'psi': 0.8200025136475588, 'lda_s': 0.05673546505912325}.
[I 2025-08-10 01:05:39,917] Trial 243 finished with values: [0.9199819681967245, 0.30293159609120524] and parameters: {'psi': 0.10581506107754368, 'lda_s': 0.15350661169693341}.
[I 2025-08-10 01:05:45,487] Trial 244 finished with values: [0.9416771164352904, 0.25218476903870163] and parameters: {'psi': 0.7630181614738304, 'lda_s': 1.4122723232495452e-05}.
[I 2025-08-10 01:05:51,076] Trial 245 finished with values: [0.9428731519782603, 0.24703087885985747] and parameters: {'psi': 0.04794388914320946, 'lda_s': 0.00017701913550537945}.
[I 2025-08-10 01:05:56,650] Trial 246 finished with values: [0.9442974422141024, 0.23013048635824437] and parameters: {'psi': 0.6773999587455836, 'lda_s': 2.5086447001538753e-06}.
