[I 2025-08-10 01:49:10,608] Trial 371 finished with values: [0.5203772269551681, 0.07130534790109258] and parameters: {'psi': 0.366946707943437, 'lda_s': 9.194388775810498e-05}.
[I 2025-08-10 01:49:16,984] Trial 372 finished with values: [0.565799126510681, 0.0457280385078219] and parameters: {'psi': 0.7156909210990536, 'lda_s': 0.22126439178600835}.
[I 2025-08-10 01:49:23,358] Trial 373 finished with values: [0.5171808821464686, 0.06478209658421673] and parameters: {'psi': 0.8223234871618674, 'lda_s': 8.773874292771732e-05}.
[I 2025-08-10 01:49:29,735] Trial 374 finished with values: [0.5623994033383266, 0.07792207792207792] and parameters: {'psi': 0.8849170706782825, 'lda_s': 2.4589878550714093}.
[I 2025-08-10 01:49:36,100] Trial 375 finished with values: [0.5685359543493796, 0.03861442362294151] and parameters: {'psi': 0.7392357482996391, 'lda_s': 0.29577138940825526}.
[I 2025-08-10 01:49:42,476] Trial 376 finished with values: [0.5140476341181732, 0.037383177570093455] and parameters: {'psi': 0.18792869591464378, 'lda_s': 2.709350600758739}.
[I 2025-08-10 01:49:48,850] Trial 377 finished with values: [0.4999404551572658, 0.06362545018007203] and parameters: {'psi': 0.7602325659999495, 'lda_s': 0.00528628962676154}.
[I 2025-08-10 01:49:55,240] Trial 378 finished with values: [0.5657058582147897, 0.040382571732199786] and parameters: {'psi': 0.8151223204607944, 'lda_s': 0.3855295420378752}.
[I 2025-08-10 01:50:01,615] Trial 379 finished with values: [0.5427957405163464, 0.07159904534606205] and parameters: {'psi': 0.5695336863072824, 'lda_s': 2.709350600758739}.
[I 2025-08-10 01:50:07,985] Trial 380 finished with values: [0.5177471967030356, 0.06462984723854288] and parameters: {'psi': 0.8223234871618674, 'lda_s': 6.872122041275838e-07}.
[I 2025-08-10 01:50:14,371] Trial 381 finished with values: [0.56734453867234, 0.07313019390581718] and parameters: {'psi': 0.7431106329603132, 'lda_s': 7.115474884482731}.
[I 2025-08-10 01:50:20,749] Trial 382 finished with values: [0.5180292764271945, 0.06436512580456408] and parameters: {'psi': 0.7661268704666481, 'lda_s': 3.68272097274152e-05}.
[I 2025-08-10 01:50:27,129] Trial 383 finished with values: [0.510158980739159, 0.038461538461538464] and parameters: {'psi': 0.16877713746723444, 'lda_s': 1.06039496326224}.
[I 2025-08-10 01:50:33,506] Trial 384 finished with values: [0.5622081574359257, 0.07583965330444203] and parameters: {'psi': 0.8223234871618674, 'lda_s': 0.9533669912302283}.
[I 2025-08-10 01:50:39,875] Trial 385 finished with values: [0.4995653865030998, 0.0428380187416332] and parameters: {'psi': 0.2951640717257127, 'lda_s': 0.27301286794263896}.
[I 2025-08-10 01:50:46,246] Trial 386 finished with values: [0.5694288875339201, 0.029686641011544807] and parameters: {'psi': 0.8172146314381269, 'lda_s': 0.27301286794263896}.
[I 2025-08-10 01:50:52,628] Trial 387 finished with values: [0.5293448718361116, 0.059149722735674676] and parameters: {'psi': 0.652032086902576, 'lda_s': 2.804153736947906}.
[I 2025-08-10 01:50:58,998] Trial 388 finished with values: [0.48980286586294963, 0.05398457583547558] and parameters: {'psi': 0.07251153150096379, 'lda_s': 0.00956051879930347}.
[I 2025-08-10 01:51:05,378] Trial 389 finished with values: [0.5624359204503251, 0.07792207792207792] and parameters: {'psi': 0.8849170706782825, 'lda_s': 2.709350600758739}.
[I 2025-08-10 01:51:11,751] Trial 390 finished with values: [0.5188012840933136, 0.0674026728646136] and parameters: {'psi': 0.7196826263601205, 'lda_s': 1.1543105201624536e-07}.
[I 2025-08-10 01:51:18,138] Trial 391 finished with values: [0.5516923466438938, 0.0746987951807229] and parameters: {'psi': 0.4838894481845447, 'lda_s': 0.3249597144573263}.
[I 2025-08-10 01:51:24,508] Trial 392 finished with values: [0.5184359134262686, 0.0674026728646136] and parameters: {'psi': 0.7380039091221794, 'lda_s': 2.1788808045491127e-05}.
[I 2025-08-10 01:51:30,891] Trial 393 finished with values: [0.5498228700566306, 0.07380952380952381] and parameters: {'psi': 0.5287862194673282, 'lda_s': 0.27301286794263896}.
[I 2025-08-10 01:51:37,287] Trial 394 finished with values: [0.5686482594348045, 0.034782608695652174] and parameters: {'psi': 0.7661268704666481, 'lda_s': 0.3065075206382219}.
[I 2025-08-10 01:51:43,659] Trial 395 finished with values: [0.5107046621297114, 0.04103242885506287] and parameters: {'psi': 0.26025765144511415, 'lda_s': 2.709350600758739}.
[I 2025-08-10 01:51:50,036] Trial 396 finished with values: [0.5191143335212002, 0.06848520023215322] and parameters: {'psi': 0.6928927290338434, 'lda_s': 2.4991459714584535e-08}.
[I 2025-08-10 01:51:56,408] Trial 397 finished with values: [0.49849717118096665, 0.04158283031522468] and parameters: {'psi': 0.30103038935917736, 'lda_s': 3.636892670809907}.
[I 2025-08-10 01:52:02,785] Trial 398 finished with values: [0.5643981066017112, 0.07540983606557378] and parameters: {'psi': 0.7661268704666481, 'lda_s': 1.149566066259846}.
[I 2025-08-10 01:52:09,160] Trial 399 finished with values: [0.49930653405673664, 0.041527126590756865] and parameters: {'psi': 0.29650871700471393, 'lda_s': 7.7179639178934}.
[I 2025-08-10 01:52:15,512] Trial 400 finished with values: [0.5225288630854142, 0.07003444316877153] and parameters: {'psi': 0.24816733119708256, 'lda_s': 2.816343563484786e-06}.
[I 2025-08-10 01:52:21,887] Trial 401 finished with values: [0.5165508721683174, 0.06848520023215322] and parameters: {'psi': 0.7065363762443716, 'lda_s': 0.0003082229984866022}.
[I 2025-08-10 01:52:28,367] Trial 402 finished with values: [0.5213115861093855, 0.07019562715765247] and parameters: {'psi': 0.42404189681509485, 'lda_s': 4.754889129085308e-06}.
[I 2025-08-10 01:52:34,747] Trial 403 finished with values: [0.5680349715002897, 0.03650026838432636] and parameters: {'psi': 0.8086460958479537, 'lda_s': 0.3249597144573263}.
[I 2025-08-10 01:52:41,121] Trial 404 finished with values: [0.5188530865101159, 0.06848520023215322] and parameters: {'psi': 0.7145406306090935, 'lda_s': 1.2402863612222932e-06}.
[I 2025-08-10 01:52:47,481] Trial 405 finished with values: [0.5621138914047339, 0.07547169811320754] and parameters: {'psi': 0.8281194824240131, 'lda_s': 1.9441496014243644}.
[I 2025-08-10 01:52:53,860] Trial 406 finished with values: [0.5643990644275997, 0.07214854111405836] and parameters: {'psi': 0.7661268704666481, 'lda_s': 0.783279910659929}.
[I 2025-08-10 01:53:00,244] Trial 407 finished with values: [0.5672721429989354, 0.0717835450027609] and parameters: {'psi': 0.7392357482996391, 'lda_s': 4.486068466735235}.
[I 2025-08-10 01:53:06,623] Trial 408 finished with values: [0.5492749537390049, 0.07324276432368576] and parameters: {'psi': 0.534327587671053, 'lda_s': 0.22126439178600835}.
[I 2025-08-10 01:53:13,009] Trial 409 finished with values: [0.5631449909736883, 0.0795964125560538] and parameters: {'psi': 0.8639138198952835, 'lda_s': 1.2233327091157085}.
[I 2025-08-10 01:53:19,389] Trial 410 finished with values: [0.5015046247425743, 0.06320810971973763] and parameters: {'psi': 0.8086460958479537, 'lda_s': 0.003050548106380124}.
[I 2025-08-10 01:53:25,764] Trial 411 finished with values: [0.5174563369082322, 0.07245543415756182] and parameters: {'psi': 0.12388483072501877, 'lda_s': 0.0001406638773964061}.
[I 2025-08-10 01:53:32,152] Trial 412 finished with values: [0.5109813540832476, 0.060307692307692305] and parameters: {'psi': 0.8281194824240131, 'lda_s': 0.011246976006941222}.
[I 2025-08-10 01:53:38,526] Trial 413 finished with values: [0.5660839200748573, 0.07308970099667775] and parameters: {'psi': 0.7196826263601205, 'lda_s': 1.137561164411466}.
[I 2025-08-10 01:53:44,902] Trial 414 finished with values: [0.5135052252994063, 0.03866666666666667] and parameters: {'psi': 0.18453096780826428, 'lda_s': 2.709350600758739}.
[I 2025-08-10 01:53:51,276] Trial 415 finished with values: [0.5180965237864487, 0.06549707602339182] and parameters: {'psi': 0.7661268704666481, 'lda_s': 2.696930385345177e-05}.
[I 2025-08-10 01:53:57,649] Trial 416 finished with values: [0.518030393890731, 0.06436512580456408] and parameters: {'psi': 0.7661268704666481, 'lda_s': 3.6619027714899104e-05}.
[I 2025-08-10 01:54:04,017] Trial 417 finished with values: [0.5647200957378904, 0.0752628666297731] and parameters: {'psi': 0.7757110012007885, 'lda_s': 7.7179639178934}.
[I 2025-08-10 01:54:10,384] Trial 418 finished with values: [0.5185265876103785, 0.06627906976744186] and parameters: {'psi': 0.7431106329603132, 'lda_s': 1.1599424138231386e-08}.
[I 2025-08-10 01:54:16,741] Trial 419 finished with values: [0.5194605476704757, 0.0713463751438435] and parameters: {'psi': 0.4381248270851512, 'lda_s': 0.00014410385411091657}.
[I 2025-08-10 01:54:23,116] Trial 420 finished with values: [0.5637134207290924, 0.07538802660753881] and parameters: {'psi': 0.7906283834237154, 'lda_s': 7.7179639178934}.
[I 2025-08-10 01:54:29,491] Trial 421 finished with values: [0.5121186525975878, 0.054844606946983544] and parameters: {'psi': 0.9421261484867577, 'lda_s': 0.015331158310306339}.
[I 2025-08-10 01:54:35,863] Trial 422 finished with values: [0.5650336240787212, 0.07419712070874862] and parameters: {'psi': 0.7661268704666481, 'lda_s': 3.550279511427753}.
[I 2025-08-10 01:54:42,247] Trial 423 finished with values: [0.5177461989677351, 0.06462984723854288] and parameters: {'psi': 0.8223234871618674, 'lda_s': 8.391575560355163e-07}.
[I 2025-08-10 01:54:48,621] Trial 424 finished with values: [0.5669793675523549, 0.07198228128460686] and parameters: {'psi': 0.7431106329603132, 'lda_s': 4.189818941239067}.
[I 2025-08-10 01:54:54,998] Trial 425 finished with values: [0.5149360176297433, 0.05820433436532508] and parameters: {'psi': 0.7561842199734601, 'lda_s': 0.013739520818070599}.
[I 2025-08-10 01:55:01,372] Trial 426 finished with values: [0.5655803032045742, 0.07066741446999439] and parameters: {'psi': 0.7145406306090935, 'lda_s': 1.149566066259846}.
[I 2025-08-10 01:55:07,751] Trial 427 finished with values: [0.5439420186483912, 0.07732256203115984] and parameters: {'psi': 0.5695336863072824, 'lda_s': 0.15330321930982346}.
[I 2025-08-10 01:55:14,128] Trial 428 finished with values: [0.5082377815539176, 0.0398406374501992] and parameters: {'psi': 0.16200751682114223, 'lda_s': 5.0172562303231825}.
[I 2025-08-10 01:55:20,499] Trial 429 finished with values: [0.5014414880527582, 0.043449637919684] and parameters: {'psi': 0.14404470360142174, 'lda_s': 4.980985941156604}.
[I 2025-08-10 01:55:26,865] Trial 430 finished with values: [0.517854832387254, 0.06459189665296536] and parameters: {'psi': 0.8086460958479537, 'lda_s': 4.815784196933376e-08}.
[I 2025-08-10 01:55:33,350] Trial 431 finished with values: [0.550417640023968, 0.06447613143211407] and parameters: {'psi': 0.45832835476884803, 'lda_s': 2.18333468426788}.
[I 2025-08-10 01:55:39,730] Trial 432 finished with values: [0.5655000054675895, 0.07411504424778761] and parameters: {'psi': 0.7661268704666481, 'lda_s': 7.7264531284753835}.
[I 2025-08-10 01:55:46,110] Trial 433 finished with values: [0.5617047401127025, 0.064065230052417] and parameters: {'psi': 0.699739963245595, 'lda_s': 1.06039496326224}.
[I 2025-08-10 01:55:52,487] Trial 434 finished with values: [0.567603031933995, 0.07254464285714286] and parameters: {'psi': 0.7196826263601205, 'lda_s': 7.7179639178934}.
[I 2025-08-10 01:55:58,859] Trial 435 finished with values: [0.5667215527507043, 0.07206208425720621] and parameters: {'psi': 0.7431106329603132, 'lda_s': 3.113044322011286}.
[I 2025-08-10 01:56:05,227] Trial 436 finished with values: [0.567603031933995, 0.07254464285714286] and parameters: {'psi': 0.7196826263601205, 'lda_s': 7.7179639178934}.
[I 2025-08-10 01:56:11,608] Trial 437 finished with values: [0.5661295365327964, 0.07198228128460686] and parameters: {'psi': 0.7561842199734601, 'lda_s': 4.980985941156604}.
[I 2025-08-10 01:56:17,986] Trial 438 finished with values: [0.5506120387699185, 0.07237635705669482] and parameters: {'psi': 0.5205314275198142, 'lda_s': 2.709350600758739}.
[I 2025-08-10 01:56:24,348] Trial 439 finished with values: [0.5180457191049468, 0.06447831184056271] and parameters: {'psi': 0.7892628677628417, 'lda_s': 4.885264013219608e-08}.
[I 2025-08-10 01:56:30,720] Trial 440 finished with values: [0.5439420186483912, 0.07732256203115984] and parameters: {'psi': 0.5695336863072824, 'lda_s': 0.15330321930982346}.
[I 2025-08-10 01:56:37,091] Trial 441 finished with values: [0.5115407244021231, 0.0592958616429895] and parameters: {'psi': 0.8086460958479537, 'lda_s': 0.011654778580716427}.
[I 2025-08-10 01:56:43,461] Trial 442 finished with values: [0.5172076613619343, 0.06187974314068885] and parameters: {'psi': 0.928571737648378, 'lda_s': 1.3030396792638103e-05}.
[I 2025-08-10 01:56:49,830] Trial 443 finished with values: [0.5665171367423367, 0.07074677147669849] and parameters: {'psi': 0.7164774252683187, 'lda_s': 2.709350600758739}.
[I 2025-08-10 01:56:56,200] Trial 444 finished with values: [0.5174404928716602, 0.06462984723854288] and parameters: {'psi': 0.8086460958479537, 'lda_s': 6.313796033267563e-05}.
[I 2025-08-10 01:57:02,581] Trial 445 finished with values: [0.5175483281029388, 0.07130534790109258] and parameters: {'psi': 0.2823980646503743, 'lda_s': 0.0002435392432307686}.
[I 2025-08-10 01:57:08,941] Trial 446 finished with values: [0.5223614830114014, 0.07011494252873564] and parameters: {'psi': 0.28007760071761545, 'lda_s': 2.902987640948938e-08}.
[I 2025-08-10 01:57:15,332] Trial 447 finished with values: [0.5091476363291547, 0.042328042328042326] and parameters: {'psi': 0.26626899736596876, 'lda_s': 1.2055731812217287}.
[I 2025-08-10 01:57:21,696] Trial 448 finished with values: [0.5186712991383637, 0.0674026728646136] and parameters: {'psi': 0.7310024780281794, 'lda_s': 5.066059708953684e-07}.
[I 2025-08-10 01:57:28,074] Trial 449 finished with values: [0.5636389896756746, 0.04976303317535545] and parameters: {'psi': 0.7093223365008303, 'lda_s': 0.3249597144573263}.
[I 2025-08-10 01:57:34,456] Trial 450 finished with values: [0.5670439010715916, 0.07304925290536801] and parameters: {'psi': 0.7431106329603132, 'lda_s': 4.486068466735235}.
[I 2025-08-10 01:57:40,827] Trial 451 finished with values: [0.5518146689917358, 0.07026044821320412] and parameters: {'psi': 0.4974225335819361, 'lda_s': 1.6616506396321764}.
[I 2025-08-10 01:57:47,204] Trial 452 finished with values: [0.5699663475855963, 0.03551609322974473] and parameters: {'psi': 0.7661268704666481, 'lda_s': 0.27301286794263896}.
[I 2025-08-10 01:57:53,574] Trial 453 finished with values: [0.5517031620945513, 0.07425149700598803] and parameters: {'psi': 0.4951581925674535, 'lda_s': 0.3249597144573263}.
[I 2025-08-10 01:57:59,948] Trial 454 finished with values: [0.5679949822694456, 0.026106696935300794] and parameters: {'psi': 0.8172146314381269, 'lda_s': 0.22126439178600835}.
[I 2025-08-10 01:58:06,314] Trial 455 finished with values: [0.5663667181684325, 0.0713489409141583] and parameters: {'psi': 0.7196826263601205, 'lda_s': 1.6238961401060046}.
[I 2025-08-10 01:58:12,689] Trial 456 finished with values: [0.5629329522676249, 0.07321131447587355] and parameters: {'psi': 0.8084286675025312, 'lda_s': 7.7179639178934}.
[I 2025-08-10 01:58:19,065] Trial 457 finished with values: [0.569533370374589, 0.029621503017004936] and parameters: {'psi': 0.8086460958479537, 'lda_s': 0.27301286794263896}.
[I 2025-08-10 01:58:25,425] Trial 458 finished with values: [0.5637134207290924, 0.07538802660753881] and parameters: {'psi': 0.7906283834237154, 'lda_s': 7.7179639178934}.
[I 2025-08-10 01:58:31,812] Trial 459 finished with values: [0.5129480499981921, 0.06049382716049383] and parameters: {'psi': 0.8291759451660546, 'lda_s': 0.012181898430974907}.
[I 2025-08-10 01:58:38,179] Trial 460 finished with values: [0.5150714302647279, 0.06651108518086347] and parameters: {'psi': 0.7561842199734601, 'lda_s': 0.00045138253568541216}.
[I 2025-08-10 01:58:44,555] Trial 461 finished with values: [0.5599025108846934, 0.025210084033613446] and parameters: {'psi': 0.8086460958479537, 'lda_s': 0.1420863603220062}.
[I 2025-08-10 01:58:50,922] Trial 462 finished with values: [0.5633976574611883, 0.07636967349197565] and parameters: {'psi': 0.7906283834237154, 'lda_s': 4.189818941239067}.
[I 2025-08-10 01:58:57,301] Trial 463 finished with values: [0.5008792442562174, 0.06310679611650485] and parameters: {'psi': 0.8086460958479537, 'lda_s': 0.0073127597142440765}.
[I 2025-08-10 01:59:03,654] Trial 464 finished with values: [0.5208692700959654, 0.0713463751438435] and parameters: {'psi': 0.4961050651399267, 'lda_s': 5.908885768039103e-07}.
[I 2025-08-10 01:59:10,029] Trial 465 finished with values: [0.559074430494686, 0.07540799099606077] and parameters: {'psi': 0.9031311302868572, 'lda_s': 3.295229635977327}.
[I 2025-08-10 01:59:16,397] Trial 466 finished with values: [0.5184363923392128, 0.046153846153846156] and parameters: {'psi': 0.7196826263601205, 'lda_s': 0.025634498289880354}.
[I 2025-08-10 01:59:22,768] Trial 467 finished with values: [0.5087935600257112, 0.06425233644859812] and parameters: {'psi': 0.7196826263601205, 'lda_s': 0.0014802746636502486}.
[I 2025-08-10 01:59:29,145] Trial 468 finished with values: [0.5032004953875495, 0.06219512195121951] and parameters: {'psi': 0.8086460958479537, 'lda_s': 0.008549127691075678}.
[I 2025-08-10 01:59:35,624] Trial 469 finished with values: [0.5671388455627877, 0.07142857142857142] and parameters: {'psi': 0.7196826263601205, 'lda_s': 3.8443449201534827}.
[I 2025-08-10 01:59:41,994] Trial 470 finished with values: [0.5230177932920739, 0.07003444316877153] and parameters: {'psi': 0.19267748497188097, 'lda_s': 4.804716981224108e-08}.
[I 2025-08-10 01:59:48,369] Trial 471 finished with values: [0.5643981066017112, 0.07540983606557378] and parameters: {'psi': 0.7661268704666481, 'lda_s': 1.149566066259846}.
[I 2025-08-10 01:59:54,755] Trial 472 finished with values: [0.567603031933995, 0.07254464285714286] and parameters: {'psi': 0.7196826263601205, 'lda_s': 7.7179639178934}.
[I 2025-08-10 02:00:01,133] Trial 473 finished with values: [0.5323722002849054, 0.07130124777183601] and parameters: {'psi': 0.6114253256497111, 'lda_s': 0.29577138940825526}.
[I 2025-08-10 02:00:07,507] Trial 474 finished with values: [0.5159224186572351, 0.041416165664662656] and parameters: {'psi': 0.21119833855749903, 'lda_s': 4.980985941156604}.
[I 2025-08-10 02:00:13,878] Trial 475 finished with values: [0.5184470481522221, 0.06736353077816493] and parameters: {'psi': 0.7196826263601205, 'lda_s': 4.885789521569003e-05}.
[I 2025-08-10 02:00:20,241] Trial 476 finished with values: [0.5128080078714132, 0.06253687315634218] and parameters: {'psi': 0.8086460958479537, 'lda_s': 0.000729223151532996}.
[I 2025-08-10 02:00:26,620] Trial 477 finished with values: [0.5621954263334912, 0.07464324917672886] and parameters: {'psi': 0.8136293296977183, 'lda_s': 1.2233327091157085}.
[I 2025-08-10 02:00:32,995] Trial 478 finished with values: [0.5180571331967846, 0.06848520023215322] and parameters: {'psi': 0.7196826263601205, 'lda_s': 0.00010228698787707779}.
[I 2025-08-10 02:00:39,356] Trial 479 finished with values: [0.5184028285237038, 0.06651108518086347] and parameters: {'psi': 0.753537016809112, 'lda_s': 6.877049719162034e-07}.
[I 2025-08-10 02:00:45,727] Trial 480 finished with values: [0.5623418539661934, 0.0777027027027027] and parameters: {'psi': 0.8855327594894893, 'lda_s': 1.7878615504472843}.
[I 2025-08-10 02:00:52,105] Trial 481 finished with values: [0.5630826923815246, 0.07604994324631101] and parameters: {'psi': 0.8639138198952835, 'lda_s': 2.709350600758739}.
[I 2025-08-10 02:00:58,469] Trial 482 finished with values: [0.5623148752036676, 0.07658643326039387] and parameters: {'psi': 0.8086460958479537, 'lda_s': 1.137561164411466}.
[I 2025-08-10 02:01:04,847] Trial 483 finished with values: [0.5631710917291495, 0.07924107142857142] and parameters: {'psi': 0.8639138198952835, 'lda_s': 1.137561164411466}.
[I 2025-08-10 02:01:11,233] Trial 484 finished with values: [0.5047760790646957, 0.0472972972972973] and parameters: {'psi': 0.3246700973549752, 'lda_s': 0.22126439178600835}.
[I 2025-08-10 02:01:17,608] Trial 485 finished with values: [0.5637134207290924, 0.07538802660753881] and parameters: {'psi': 0.7906283834237154, 'lda_s': 7.7179639178934}.
[I 2025-08-10 02:01:23,978] Trial 486 finished with values: [0.5240474960316076, 0.05766871165644172] and parameters: {'psi': 0.6294990291551377, 'lda_s': 1.137561164411466}.
[I 2025-08-10 02:01:30,341] Trial 487 finished with values: [0.5234831769456417, 0.0699942627653471] and parameters: {'psi': 0.1350088438255228, 'lda_s': 1.7521317426722222e-08}.
[I 2025-08-10 02:01:36,715] Trial 488 finished with values: [0.5577683550769122, 0.0225613802256138] and parameters: {'psi': 0.8849170706782825, 'lda_s': 0.12726390975964755}.
[I 2025-08-10 02:01:43,088] Trial 489 finished with values: [0.5099533275390188, 0.047103755569700825] and parameters: {'psi': 0.9631710861268141, 'lda_s': 0.0368445257121775}.
[I 2025-08-10 02:01:49,447] Trial 490 finished with values: [0.5681246479490992, 0.028232636928289104] and parameters: {'psi': 0.8086460958479537, 'lda_s': 0.22126439178600835}.
[I 2025-08-10 02:01:55,814] Trial 491 finished with values: [0.5679045475418077, 0.02295918367346939] and parameters: {'psi': 0.8632526628652587, 'lda_s': 0.22126439178600835}.
[I 2025-08-10 02:02:02,180] Trial 492 finished with values: [0.5187941802179741, 0.0674026728646136] and parameters: {'psi': 0.7196826263601205, 'lda_s': 1.364914115738781e-06}.
[I 2025-08-10 02:02:08,548] Trial 493 finished with values: [0.5182166511166294, 0.06549707602339182] and parameters: {'psi': 0.7661268704666481, 'lda_s': 9.271878497117248e-06}.
[I 2025-08-10 02:02:14,908] Trial 494 finished with values: [0.5624958643871795, 0.07814269535673839] and parameters: {'psi': 0.8855327594894893, 'lda_s': 3.550279511427753}.
