[I 2025-08-10 00:26:06,886] Trial 123 finished with values: [0.7668289665461001, 0.1438532110091743] and parameters: {'psi': 0.6667944144268981, 'lda_s': 6.4751156698980566e-06}.
[I 2025-08-10 00:26:12,944] Trial 124 finished with values: [0.7792801848544225, 0.1234380916319576] and parameters: {'psi': 0.1615838596952811, 'lda_s': 2.3717704679278326}.
[I 2025-08-10 00:26:18,990] Trial 125 finished with values: [0.7723689565396394, 0.13383177570093457] and parameters: {'psi': 0.061472043529664844, 'lda_s': 3.5424754726471814}.
[I 2025-08-10 00:26:25,036] Trial 126 finished with values: [0.7628984527499383, 0.14630577907827358] and parameters: {'psi': 0.40448759995990746, 'lda_s': 5.469306014550592e-05}.
[I 2025-08-10 00:26:31,084] Trial 127 finished with values: [0.7738252070944608, 0.11352380952380953] and parameters: {'psi': 0.25777626508061324, 'lda_s': 0.13961512967321088}.
[I 2025-08-10 00:26:37,133] Trial 128 finished with values: [0.7522310424970714, 0.12009063444108761] and parameters: {'psi': 0.6695734612694596, 'lda_s': 0.02874927251773768}.
[I 2025-08-10 00:26:43,197] Trial 129 finished with values: [0.7232526784825187, 0.12603773584905661] and parameters: {'psi': 0.9542124962578673, 'lda_s': 0.13961512967321088}.
[I 2025-08-10 00:26:49,251] Trial 130 finished with values: [0.7663648255951121, 0.12283345892991711] and parameters: {'psi': 0.7551778697730925, 'lda_s': 0.13961512967321088}.
[I 2025-08-10 00:26:55,295] Trial 131 finished with values: [0.7673684672591887, 0.14516129032258066] and parameters: {'psi': 0.6298091508796329, 'lda_s': 6.233573469092202e-07}.
[I 2025-08-10 00:27:01,340] Trial 132 finished with values: [0.7641625153534012, 0.14630577907827358] and parameters: {'psi': 0.41327408232425267, 'lda_s': 7.099619410401403e-07}.
[I 2025-08-10 00:27:07,383] Trial 133 finished with values: [0.7639093973995341, 0.14630577907827358] and parameters: {'psi': 0.4298633241110288, 'lda_s': 4.5980825420987694e-05}.
[I 2025-08-10 00:27:13,536] Trial 134 finished with values: [0.7668715901371868, 0.1438532110091743] and parameters: {'psi': 0.6695734612694596, 'lda_s': 2.178838767396802e-08}.
[I 2025-08-10 00:27:19,582] Trial 135 finished with values: [0.7607249432902615, 0.14557425018288223] and parameters: {'psi': 0.30307160787334864, 'lda_s': 1.3694038152186018e-08}.
[I 2025-08-10 00:27:25,632] Trial 136 finished with values: [0.7555252176005788, 0.11827141774071266] and parameters: {'psi': 0.48432665754099113, 'lda_s': 0.09324265884649593}.
[I 2025-08-10 00:27:31,679] Trial 137 finished with values: [0.7736809094985448, 0.12908067542213883] and parameters: {'psi': 0.09002863512410708, 'lda_s': 1.8793064860214466}.
[I 2025-08-10 00:27:37,727] Trial 138 finished with values: [0.7641732838307085, 0.14630577907827358] and parameters: {'psi': 0.41327408232425267, 'lda_s': 6.994216204252345e-08}.
[I 2025-08-10 00:27:43,778] Trial 139 finished with values: [0.7740978257817788, 0.11348057882711349] and parameters: {'psi': 0.25777626508061324, 'lda_s': 0.3281206052287055}.
[I 2025-08-10 00:27:49,840] Trial 140 finished with values: [0.7791140370390979, 0.12072892938496584] and parameters: {'psi': 0.2020086760658628, 'lda_s': 0.13284228302713955}.
[I 2025-08-10 00:27:55,888] Trial 141 finished with values: [0.767005217151044, 0.144534115920763] and parameters: {'psi': 0.661223085401128, 'lda_s': 2.178838767396802e-08}.
[I 2025-08-10 00:28:01,945] Trial 142 finished with values: [0.7666724320441535, 0.1438532110091743] and parameters: {'psi': 0.6667944144268981, 'lda_s': 1.732360891413735e-05}.
[I 2025-08-10 00:28:08,007] Trial 143 finished with values: [0.7565771999382398, 0.14728399562522784] and parameters: {'psi': 0.11116783898712201, 'lda_s': 2.9775967469708142e-08}.
[I 2025-08-10 00:28:14,056] Trial 144 finished with values: [0.77133698399072, 0.12231030577576443] and parameters: {'psi': 0.6765469922003473, 'lda_s': 0.0915409558978001}.
[I 2025-08-10 00:28:20,114] Trial 145 finished with values: [0.7669410370262931, 0.14635931211123307] and parameters: {'psi': 0.51906647107367, 'lda_s': 3.946695432578654e-07}.
[I 2025-08-10 00:28:26,151] Trial 146 finished with values: [0.7777336553016679, 0.15143793228977065] and parameters: {'psi': 0.018208996199706284, 'lda_s': 2.254870114307948e-07}.
[I 2025-08-10 00:28:32,193] Trial 147 finished with values: [0.6881004527420282, 0.12926918839515242] and parameters: {'psi': 0.8796725526608046, 'lda_s': 0.9944101143668393}.
[I 2025-08-10 00:28:38,256] Trial 148 finished with values: [0.7781265676700315, 0.12311178247734139] and parameters: {'psi': 0.14165855820907625, 'lda_s': 0.7473840585050243}.
[I 2025-08-10 00:28:44,311] Trial 149 finished with values: [0.7728999012080312, 0.12027231467473525] and parameters: {'psi': 0.6961096117823964, 'lda_s': 0.1296617742622739}.
[I 2025-08-10 00:28:50,360] Trial 150 finished with values: [0.765323905420503, 0.14630577907827358] and parameters: {'psi': 0.45155855817136914, 'lda_s': 2.726368958504057e-06}.
[I 2025-08-10 00:28:56,410] Trial 151 finished with values: [0.7724356232036956, 0.1350242446848191] and parameters: {'psi': 0.04872849275891178, 'lda_s': 2.7896919068547703}.
[I 2025-08-10 00:29:02,456] Trial 152 finished with values: [0.8165331643060925, 0.23316796598157336] and parameters: {'psi': 0.003400285029469763, 'lda_s': 1.2224907344567146e-05}.
[I 2025-08-10 00:29:08,506] Trial 153 finished with values: [0.7395074991871757, 0.12532637075718014] and parameters: {'psi': 0.9035118259253132, 'lda_s': 0.16088820274619603}.
[I 2025-08-10 00:29:14,567] Trial 154 finished with values: [0.7574841015179989, 0.1275797373358349] and parameters: {'psi': 0.09002863512410708, 'lda_s': 0.006021420405338254}.
[I 2025-08-10 00:29:20,629] Trial 155 finished with values: [0.7670197448058838, 0.1457341633101428] and parameters: {'psi': 0.5323418190153577, 'lda_s': 6.812938754064457e-06}.
[I 2025-08-10 00:29:26,700] Trial 156 finished with values: [0.7505166030145237, 0.11733535200605602] and parameters: {'psi': 0.31281023514744954, 'lda_s': 0.028873988053512923}.
[I 2025-08-10 00:29:32,760] Trial 157 finished with values: [0.7672414188060139, 0.14516129032258066] and parameters: {'psi': 0.6351405463177616, 'lda_s': 6.236556057666405e-06}.
[I 2025-08-10 00:29:38,812] Trial 158 finished with values: [0.7367266280283259, 0.13202042304886943] and parameters: {'psi': 0.8714398752296415, 'lda_s': 0.3281206052287055}.
[I 2025-08-10 00:29:44,880] Trial 159 finished with values: [0.7663651584389561, 0.14317180616740088] and parameters: {'psi': 0.6871874110400856, 'lda_s': 1.1734820849542323e-05}.
[I 2025-08-10 00:29:50,961] Trial 160 finished with values: [0.7604568082053134, 0.14557425018288223] and parameters: {'psi': 0.2945639701375782, 'lda_s': 1.9629711707044465e-08}.
[I 2025-08-10 00:29:57,035] Trial 161 finished with values: [0.7879763959676399, 0.15300546448087432] and parameters: {'psi': 0.012344710939726222, 'lda_s': 2.0247598310435166e-07}.
[I 2025-08-10 00:30:03,104] Trial 162 finished with values: [0.7791140370390979, 0.12072892938496584] and parameters: {'psi': 0.2020086760658628, 'lda_s': 0.7941465689259507}.
[I 2025-08-10 00:30:09,166] Trial 163 finished with values: [0.7674758975046149, 0.14516129032258066] and parameters: {'psi': 0.6127393341700114, 'lda_s': 5.002905797978092e-07}.
[I 2025-08-10 00:30:15,227] Trial 164 finished with values: [0.7728999012080312, 0.12027231467473525] and parameters: {'psi': 0.6961096117823964, 'lda_s': 0.1296617742622739}.
[I 2025-08-10 00:30:21,282] Trial 165 finished with values: [0.7673153884555892, 0.14510809820447051] and parameters: {'psi': 0.551087575801037, 'lda_s': 1.9064936460168276e-08}.
[I 2025-08-10 00:30:27,381] Trial 166 finished with values: [0.8020920684447551, 0.1588235294117647] and parameters: {'psi': 0.007383665750317792, 'lda_s': 3.5424754726471814}.
[I 2025-08-10 00:30:33,432] Trial 167 finished with values: [0.7391851497137485, 0.13348164627363737] and parameters: {'psi': 0.11056478419026561, 'lda_s': 0.0021842801296763316}.
[I 2025-08-10 00:30:39,482] Trial 168 finished with values: [0.7637674492895762, 0.14630577907827358] and parameters: {'psi': 0.4041110796488241, 'lda_s': 6.812938754064457e-06}.
[I 2025-08-10 00:30:45,549] Trial 169 finished with values: [0.7644457263065795, 0.11630558722919042] and parameters: {'psi': 0.7590181292219406, 'lda_s': 0.043235054653480195}.
[I 2025-08-10 00:30:51,605] Trial 170 finished with values: [0.7689658631829324, 0.1155893536121673] and parameters: {'psi': 0.4050897581580696, 'lda_s': 2.365301013377244}.
[I 2025-08-10 00:30:57,657] Trial 171 finished with values: [0.7613750656338691, 0.13922651933701657] and parameters: {'psi': 0.9613108050519036, 'lda_s': 3.78932345121265e-08}.
[I 2025-08-10 00:31:03,824] Trial 172 finished with values: [0.7626218595155414, 0.14625228519195613] and parameters: {'psi': 0.36389956076790286, 'lda_s': 2.192057324453169e-07}.
[I 2025-08-10 00:31:09,876] Trial 173 finished with values: [0.757027987977367, 0.14728399562522784] and parameters: {'psi': 0.09002863512410708, 'lda_s': 1.5166812508833866e-07}.
[I 2025-08-10 00:31:15,941] Trial 174 finished with values: [0.761336436168911, 0.14863387978142076] and parameters: {'psi': 0.047380356032014515, 'lda_s': 1.8991155498450776e-08}.
[I 2025-08-10 00:31:21,990] Trial 175 finished with values: [0.7777336553016679, 0.15143793228977065] and parameters: {'psi': 0.018208996199706284, 'lda_s': 2.254870114307948e-07}.
[I 2025-08-10 00:31:28,057] Trial 176 finished with values: [0.7724394998555262, 0.11204268292682927] and parameters: {'psi': 0.27213899596303337, 'lda_s': 0.7473840585050243}.
[I 2025-08-10 00:31:34,108] Trial 177 finished with values: [0.7675081246203377, 0.14510809820447051] and parameters: {'psi': 0.5896805552470212, 'lda_s': 2.4084723347018504e-07}.
[I 2025-08-10 00:31:40,182] Trial 178 finished with values: [0.7675748891796421, 0.11711026615969582] and parameters: {'psi': 0.51906647107367, 'lda_s': 3.5424754726471814}.
[I 2025-08-10 00:31:46,232] Trial 179 finished with values: [0.7589720113961032, 0.14795918367346939] and parameters: {'psi': 0.061682988569498054, 'lda_s': 2.254870114307948e-07}.
[I 2025-08-10 00:31:52,295] Trial 180 finished with values: [0.7659412132768981, 0.14248990084465663] and parameters: {'psi': 0.7120579352098678, 'lda_s': 1.8991155498450776e-08}.
[I 2025-08-10 00:31:58,354] Trial 181 finished with values: [0.7672652465094373, 0.14510809820447051] and parameters: {'psi': 0.5469229040360661, 'lda_s': 8.570059867826806e-07}.
[I 2025-08-10 00:32:04,427] Trial 182 finished with values: [0.7653111594591813, 0.14630577907827358] and parameters: {'psi': 0.4521079852687452, 'lda_s': 4.6439053759994805e-06}.
[I 2025-08-10 00:32:10,488] Trial 183 finished with values: [0.7579861670881579, 0.13690476190476192] and parameters: {'psi': 0.04998707101866395, 'lda_s': 0.0019195802285611506}.
[I 2025-08-10 00:32:16,557] Trial 184 finished with values: [0.7669028774585266, 0.14635931211123307] and parameters: {'psi': 0.5165001832062855, 'lda_s': 3.946695432578654e-07}.
[I 2025-08-10 00:32:22,633] Trial 185 finished with values: [0.7723689565396394, 0.13383177570093457] and parameters: {'psi': 0.061472043529664844, 'lda_s': 2.4091638507399544}.
[I 2025-08-10 00:32:28,699] Trial 186 finished with values: [0.7320319439243488, 0.13732004429678848] and parameters: {'psi': 0.14165855820907625, 'lda_s': 0.0016432781819101508}.
[I 2025-08-10 00:32:34,762] Trial 187 finished with values: [0.7674577477255898, 0.14516129032258066] and parameters: {'psi': 0.6049853100499895, 'lda_s': 3.398938141896172e-06}.
[I 2025-08-10 00:32:40,827] Trial 188 finished with values: [0.7582512478413608, 0.1364306784660767] and parameters: {'psi': 0.9334493862715783, 'lda_s': 2.2265113510220257e-05}.
[I 2025-08-10 00:32:46,892] Trial 189 finished with values: [0.7781265676700315, 0.12311178247734139] and parameters: {'psi': 0.14165855820907625, 'lda_s': 0.7473840585050243}.
[I 2025-08-10 00:32:52,952] Trial 190 finished with values: [0.750257924610556, 0.1220159151193634] and parameters: {'psi': 0.6463064915467184, 'lda_s': 0.6133374142497631}.
[I 2025-08-10 00:32:58,996] Trial 191 finished with values: [0.7609301317305871, 0.14557425018288223] and parameters: {'psi': 0.30979436342054, 'lda_s': 1.8976076512215821e-07}.
[I 2025-08-10 00:33:05,078] Trial 192 finished with values: [0.7674758975046149, 0.14516129032258066] and parameters: {'psi': 0.6127393341700114, 'lda_s': 5.002905797978092e-07}.
[I 2025-08-10 00:33:11,149] Trial 193 finished with values: [0.7781265676700315, 0.12311178247734139] and parameters: {'psi': 0.14165855820907625, 'lda_s': 8.725209048389152}.
[I 2025-08-10 00:33:17,207] Trial 194 finished with values: [0.7753925687560423, 0.12786761940579164] and parameters: {'psi': 0.11056478419026561, 'lda_s': 3.5424754726471814}.
[I 2025-08-10 00:33:23,269] Trial 195 finished with values: [0.7612575717569232, 0.13721873847288824] and parameters: {'psi': 0.8590652178057485, 'lda_s': 2.2666819220862828e-05}.
[I 2025-08-10 00:33:29,337] Trial 196 finished with values: [0.7641083009649221, 0.14630577907827358] and parameters: {'psi': 0.4145419113075043, 'lda_s': 6.236556057666405e-06}.
[I 2025-08-10 00:33:35,391] Trial 197 finished with values: [0.7600708268205256, 0.11836115326251896] and parameters: {'psi': 0.51906647107367, 'lda_s': 0.10462050444881489}.
[I 2025-08-10 00:33:41,444] Trial 198 finished with values: [0.7520645226798033, 0.1188943581976524] and parameters: {'psi': 0.6026433032400578, 'lda_s': 0.03755689677301662}.
[I 2025-08-10 00:33:47,491] Trial 199 finished with values: [0.7670088196961794, 0.11796042617960426] and parameters: {'psi': 0.5323418190153577, 'lda_s': 0.740247067634305}.
[I 2025-08-10 00:33:53,558] Trial 200 finished with values: [0.7581681347755993, 0.13446619874399704] and parameters: {'psi': 0.9213666907564251, 'lda_s': 0.00013381491542740318}.
[I 2025-08-10 00:33:59,629] Trial 201 finished with values: [0.7562385606955042, 0.14728399562522784] and parameters: {'psi': 0.09002863512410708, 'lda_s': 1.2224907344567146e-05}.
[I 2025-08-10 00:34:05,693] Trial 202 finished with values: [0.7672227795507477, 0.14516129032258066] and parameters: {'psi': 0.6448454072951195, 'lda_s': 2.868782418906666e-07}.
[I 2025-08-10 00:34:11,760] Trial 203 finished with values: [0.694408783380958, 0.12833827893175073] and parameters: {'psi': 0.7809896082154328, 'lda_s': 7.878654924772048}.
[I 2025-08-10 00:34:17,921] Trial 204 finished with values: [0.7675605377362491, 0.13561847988077497] and parameters: {'psi': 0.04998707101866395, 'lda_s': 0.005779385099391659}.
[I 2025-08-10 00:34:24,007] Trial 205 finished with values: [0.7660991770494693, 0.14248990084465663] and parameters: {'psi': 0.7058933967661155, 'lda_s': 3.9730073615761373e-08}.
[I 2025-08-10 00:34:30,075] Trial 206 finished with values: [0.7508147527825842, 0.144534115920763] and parameters: {'psi': 0.5165001832062855, 'lda_s': 0.001256604445442596}.
[I 2025-08-10 00:34:36,129] Trial 207 finished with values: [0.77133698399072, 0.12231030577576443] and parameters: {'psi': 0.6765469922003473, 'lda_s': 0.0915409558978001}.
[I 2025-08-10 00:34:42,197] Trial 208 finished with values: [0.6623547660360345, 0.12624584717607973] and parameters: {'psi': 0.9310106690064659, 'lda_s': 1.0324775560975106}.
[I 2025-08-10 00:34:48,256] Trial 209 finished with values: [0.7631582080016365, 0.14630577907827358] and parameters: {'psi': 0.3831182782319006, 'lda_s': 3.90277488849326e-06}.
[I 2025-08-10 00:34:54,321] Trial 210 finished with values: [0.7997348683412682, 0.1601175174439956] and parameters: {'psi': 0.007383665750317792, 'lda_s': 0.00023905848442008995}.
[I 2025-08-10 00:35:00,389] Trial 211 finished with values: [0.7791140370390979, 0.12072892938496584] and parameters: {'psi': 0.2020086760658628, 'lda_s': 0.13284228302713955}.
[I 2025-08-10 00:35:06,441] Trial 212 finished with values: [0.7641156431085406, 0.11441647597254005] and parameters: {'psi': 0.3644646413383277, 'lda_s': 0.16088820274619603}.
[I 2025-08-10 00:35:12,498] Trial 213 finished with values: [0.7568985704591847, 0.14530850675428988] and parameters: {'psi': 0.1615838596952811, 'lda_s': 2.254870114307948e-07}.
[I 2025-08-10 00:35:18,544] Trial 214 finished with values: [0.7631354767249935, 0.14630577907827358] and parameters: {'psi': 0.380257263917844, 'lda_s': 3.9730073615761373e-08}.
[I 2025-08-10 00:35:24,606] Trial 215 finished with values: [0.7669390203841794, 0.14635931211123307] and parameters: {'psi': 0.51906647107367, 'lda_s': 5.002905797978092e-07}.
[I 2025-08-10 00:35:30,653] Trial 216 finished with values: [0.7586972977504729, 0.14546783625730994] and parameters: {'psi': 0.2400190903794317, 'lda_s': 5.186146158381905e-06}.
[I 2025-08-10 00:35:36,704] Trial 217 finished with values: [0.7673246493460735, 0.14516129032258066] and parameters: {'psi': 0.5896805552470212, 'lda_s': 1.3254730934626604e-05}.
[I 2025-08-10 00:35:42,770] Trial 218 finished with values: [0.7724756427811789, 0.13492359299291837] and parameters: {'psi': 0.04776050915338259, 'lda_s': 0.3281206052287055}.
[I 2025-08-10 00:35:48,829] Trial 219 finished with values: [0.7559042680017908, 0.1473377097009482] and parameters: {'psi': 0.12592557301107687, 'lda_s': 1.3188622879202601e-05}.
[I 2025-08-10 00:35:54,908] Trial 220 finished with values: [0.772563533135055, 0.13308411214953272] and parameters: {'psi': 0.06938955391973156, 'lda_s': 3.5424754726471814}.
[I 2025-08-10 00:36:00,994] Trial 221 finished with values: [0.7627704449233306, 0.13991163475699558] and parameters: {'psi': 0.8149663875049183, 'lda_s': 2.0247598310435166e-07}.
[I 2025-08-10 00:36:07,069] Trial 222 finished with values: [0.7565572880447463, 0.1473377097009482] and parameters: {'psi': 0.136078209491452, 'lda_s': 5.725457993878379e-07}.
[I 2025-08-10 00:36:13,137] Trial 223 finished with values: [0.7671248059863023, 0.14516129032258066] and parameters: {'psi': 0.6448454072951195, 'lda_s': 7.2524701657408986e-06}.
[I 2025-08-10 00:36:19,198] Trial 224 finished with values: [0.7563498480137112, 0.14728399562522784] and parameters: {'psi': 0.11056478419026561, 'lda_s': 4.910277499725567e-06}.
[I 2025-08-10 00:36:25,244] Trial 225 finished with values: [0.7777336553016679, 0.15143793228977065] and parameters: {'psi': 0.018208996199706284, 'lda_s': 2.254870114307948e-07}.
[I 2025-08-10 00:36:31,296] Trial 226 finished with values: [0.6844166741295477, 0.12874583795782463] and parameters: {'psi': 0.8147603221882628, 'lda_s': 1.8793064860214466}.
[I 2025-08-10 00:36:37,356] Trial 227 finished with values: [0.7568022611139594, 0.14728399562522784] and parameters: {'psi': 0.061472043529664844, 'lda_s': 2.144782930896262e-05}.
[I 2025-08-10 00:36:43,419] Trial 228 finished with values: [0.7644776205784584, 0.14243759177679882] and parameters: {'psi': 0.7614744978141389, 'lda_s': 4.350211663951266e-07}.
[I 2025-08-10 00:36:49,481] Trial 229 finished with values: [0.777730640128022, 0.15143793228977065] and parameters: {'psi': 0.018208996199706284, 'lda_s': 2.4547918377738423e-07}.
[I 2025-08-10 00:36:55,550] Trial 230 finished with values: [0.7572546154770585, 0.14723032069970846] and parameters: {'psi': 0.08428533816020933, 'lda_s': 2.254870114307948e-07}.
[I 2025-08-10 00:37:01,617] Trial 231 finished with values: [0.7691208117818575, 0.11617312072892938] and parameters: {'psi': 0.4198594424190305, 'lda_s': 0.3281206052287055}.
[I 2025-08-10 00:37:07,680] Trial 232 finished with values: [0.7679018788878363, 0.14868804664723032] and parameters: {'psi': 0.02937490168441559, 'lda_s': 5.002905797978092e-07}.
[I 2025-08-10 00:37:13,846] Trial 233 finished with values: [0.7597225546853624, 0.11863117870722434] and parameters: {'psi': 0.827630072011352, 'lda_s': 0.058475117835822744}.
[I 2025-08-10 00:37:19,899] Trial 234 finished with values: [0.7444686345778313, 0.12254160363086233] and parameters: {'psi': 0.5323418190153577, 'lda_s': 0.045501354752437134}.
[I 2025-08-10 00:37:25,952] Trial 235 finished with values: [0.8165331643060925, 0.23316796598157336] and parameters: {'psi': 0.003400285029469763, 'lda_s': 1.2224907344567146e-05}.
[I 2025-08-10 00:37:32,020] Trial 236 finished with values: [0.7564876649441932, 0.1466618022619482] and parameters: {'psi': 0.14165855820907625, 'lda_s': 3.398938141896172e-06}.
[I 2025-08-10 00:37:38,077] Trial 237 finished with values: [0.7611849726408233, 0.14863387978142076] and parameters: {'psi': 0.04776050915338259, 'lda_s': 8.277598487139523e-07}.
[I 2025-08-10 00:37:44,140] Trial 238 finished with values: [0.8165331643060925, 0.23316796598157336] and parameters: {'psi': 0.003400285029469763, 'lda_s': 1.2224907344567146e-05}.
[I 2025-08-10 00:37:50,191] Trial 239 finished with values: [0.7665122558389719, 0.14317180616740088] and parameters: {'psi': 0.68812478511328, 'lda_s': 1.6088252754941602e-08}.
[I 2025-08-10 00:37:56,264] Trial 240 finished with values: [0.7736809094985448, 0.12908067542213883] and parameters: {'psi': 0.09002863512410708, 'lda_s': 1.8793064860214466}.
[I 2025-08-10 00:38:02,328] Trial 241 finished with values: [0.7753925687560423, 0.12786761940579164] and parameters: {'psi': 0.11056478419026561, 'lda_s': 2.7896919068547703}.
[I 2025-08-10 00:38:08,395] Trial 242 finished with values: [0.7791140370390979, 0.12072892938496584] and parameters: {'psi': 0.2020086760658628, 'lda_s': 3.5424754726471814}.
[I 2025-08-10 00:38:14,454] Trial 243 finished with values: [0.7692615264116875, 0.11693242217160213] and parameters: {'psi': 0.5165001832062855, 'lda_s': 0.7941465689259507}.
[I 2025-08-10 00:38:20,526] Trial 244 finished with values: [0.8184020824903736, 0.2340876944837341] and parameters: {'psi': 0.003400285029469763, 'lda_s': 3.946695432578654e-07}.
[I 2025-08-10 00:38:26,593] Trial 245 finished with values: [0.7666894853963979, 0.11297709923664122] and parameters: {'psi': 0.3579651101904642, 'lda_s': 0.7473840585050243}.
