[I 2025-08-10 00:27:30,315] Trial 124 finished with values: [0.8810493048347899, 0.271304347826087] and parameters: {'psi': 0.5602683930030257, 'lda_s': 0.009480396218066003}.
[I 2025-08-10 00:27:37,015] Trial 125 finished with values: [0.8874592138716826, 0.2556390977443609] and parameters: {'psi': 0.6030630357149253, 'lda_s': 1.841786984856263e-05}.
[I 2025-08-10 00:27:43,712] Trial 126 finished with values: [0.8831330791279579, 0.2748091603053435] and parameters: {'psi': 0.4413211150044567, 'lda_s': 0.0061905614137662416}.
[I 2025-08-10 00:27:50,401] Trial 127 finished with values: [0.886422267600354, 0.27154471544715447] and parameters: {'psi': 0.1605384859302541, 'lda_s': 1.2541007961263573e-06}.
[I 2025-08-10 00:27:57,085] Trial 128 finished with values: [0.8788695819318249, 0.2857142857142857] and parameters: {'psi': 0.9692551952986482, 'lda_s': 0.0012652913508177917}.
[I 2025-08-10 00:28:03,794] Trial 129 finished with values: [0.8873455737408099, 0.2641509433962264] and parameters: {'psi': 0.5179903830725926, 'lda_s': 1.203733259693832e-08}.
[I 2025-08-10 00:28:10,468] Trial 130 finished with values: [0.8635165292997091, 0.22160664819944598] and parameters: {'psi': 0.5074361325750807, 'lda_s': 0.08865989195338274}.
[I 2025-08-10 00:28:17,154] Trial 131 finished with values: [0.887523684324611, 0.2593516209476309] and parameters: {'psi': 0.5935440389895625, 'lda_s': 3.6459190928295067e-07}.
[I 2025-08-10 00:28:23,841] Trial 132 finished with values: [0.8875035223659078, 0.26194398682042835] and parameters: {'psi': 0.5602683930030257, 'lda_s': 2.9698551773214173e-06}.
[I 2025-08-10 00:28:30,537] Trial 133 finished with values: [0.88535288687372, 0.27176566314076483] and parameters: {'psi': 0.18466212891524314, 'lda_s': 0.00013731930151226687}.
[I 2025-08-10 00:28:37,341] Trial 134 finished with values: [0.8864782907504266, 0.2687296416938111] and parameters: {'psi': 0.2840619186609509, 'lda_s': 9.942588618270732e-06}.
[I 2025-08-10 00:28:44,032] Trial 135 finished with values: [0.8862961158982703, 0.27154471544715447] and parameters: {'psi': 0.1839220934447202, 'lda_s': 1.3188185514352691e-05}.
[I 2025-08-10 00:28:50,735] Trial 136 finished with values: [0.8858075270887471, 0.28909090909090907] and parameters: {'psi': 0.03987093923730889, 'lda_s': 1.307906670840764}.
[I 2025-08-10 00:28:57,454] Trial 137 finished with values: [0.8715582022354432, 0.2752761257434155] and parameters: {'psi': 0.88698245381749, 'lda_s': 0.008046707870687135}.
[I 2025-08-10 00:29:04,163] Trial 138 finished with values: [0.8350454528646877, 0.12258064516129032] and parameters: {'psi': 0.5674480367776537, 'lda_s': 0.15005478489499946}.
[I 2025-08-10 00:29:10,863] Trial 139 finished with values: [0.8768486045693215, 0.27310574521232306] and parameters: {'psi': 0.9153517117353808, 'lda_s': 1.841786984856263e-05}.
[I 2025-08-10 00:29:17,578] Trial 140 finished with values: [0.885862354865774, 0.27154471544715447] and parameters: {'psi': 0.18285562786935305, 'lda_s': 6.296766088379893e-05}.
[I 2025-08-10 00:29:24,276] Trial 141 finished with values: [0.8864700825221796, 0.2877930476960388] and parameters: {'psi': 0.03682389429777855, 'lda_s': 2.506273818411529e-08}.
[I 2025-08-10 00:29:30,979] Trial 142 finished with values: [0.886141275243091, 0.272948822095857] and parameters: {'psi': 0.12010071733614003, 'lda_s': 1.9582474738154607e-05}.
[I 2025-08-10 00:29:37,684] Trial 143 finished with values: [0.885862354865774, 0.27154471544715447] and parameters: {'psi': 0.18285562786935305, 'lda_s': 6.296766088379893e-05}.
[I 2025-08-10 00:29:44,385] Trial 144 finished with values: [0.8716258603498268, 0.1583629893238434] and parameters: {'psi': 0.3840469338819056, 'lda_s': 0.09104926478250511}.
[I 2025-08-10 00:29:51,072] Trial 145 finished with values: [0.8864134218398162, 0.27412814274128144] and parameters: {'psi': 0.10644737799667536, 'lda_s': 1.507970135983475e-06}.
[I 2025-08-10 00:29:57,772] Trial 146 finished with values: [0.8249799336711405, 0.2826300294406281] and parameters: {'psi': 0.9692551952986482, 'lda_s': 0.1880355859589099}.
[I 2025-08-10 00:30:04,458] Trial 147 finished with values: [0.8859994243083411, 0.27154471544715447] and parameters: {'psi': 0.13006520304490843, 'lda_s': 3.3581364360933714e-05}.
[I 2025-08-10 00:30:11,165] Trial 148 finished with values: [0.8862423241112163, 0.26655764513491415] and parameters: {'psi': 0.3733657323287116, 'lda_s': 0.00013731930151226687}.
[I 2025-08-10 00:30:17,872] Trial 149 finished with values: [0.8404119606158053, 0.1932075471698113] and parameters: {'psi': 0.9523560575400171, 'lda_s': 5.58746650197029}.
[I 2025-08-10 00:30:24,559] Trial 150 finished with values: [0.8856962777039659, 0.2593220338983051] and parameters: {'psi': 0.8028582232347379, 'lda_s': 5.33848909974758e-06}.
[I 2025-08-10 00:30:31,248] Trial 151 finished with values: [0.8844252773902997, 0.2616822429906542] and parameters: {'psi': 0.7748754913238751, 'lda_s': 0.0008202793470409335}.
[I 2025-08-10 00:30:37,941] Trial 152 finished with values: [0.8173826207422406, 0.26476578411405294] and parameters: {'psi': 0.8316324237535541, 'lda_s': 0.0841750983982949}.
[I 2025-08-10 00:30:44,623] Trial 153 finished with values: [0.885646151727585, 0.2931596091205212] and parameters: {'psi': 0.015232310475658428, 'lda_s': 3.091719574683556e-08}.
[I 2025-08-10 00:30:51,318] Trial 154 finished with values: [0.8862667097213475, 0.26633986928104575] and parameters: {'psi': 0.3364430222385396, 'lda_s': 8.978982427020671e-05}.
[I 2025-08-10 00:30:58,016] Trial 155 finished with values: [0.8863441698947051, 0.2877930476960388] and parameters: {'psi': 0.04621242229649658, 'lda_s': 2.7722060153527856e-06}.
[I 2025-08-10 00:31:04,693] Trial 156 finished with values: [0.847727404580542, 0.31437598736176936] and parameters: {'psi': 0.7362388355207174, 'lda_s': 0.36141560790020555}.
[I 2025-08-10 00:31:11,388] Trial 157 finished with values: [0.8838124494755659, 0.26373626373626374] and parameters: {'psi': 0.8324991984819585, 'lda_s': 4.44255506540241e-06}.
[I 2025-08-10 00:31:18,075] Trial 158 finished with values: [0.8755217404886557, 0.2757475083056478] and parameters: {'psi': 0.9337352780592116, 'lda_s': 0.0008202793470409335}.
[I 2025-08-10 00:31:24,747] Trial 159 finished with values: [0.8392114076202959, 0.11560693641618497] and parameters: {'psi': 0.5410621301798312, 'lda_s': 0.36141560790020555}.
[I 2025-08-10 00:31:31,445] Trial 160 finished with values: [0.8758680799057472, 0.31559290382819793] and parameters: {'psi': 0.49541187419053623, 'lda_s': 0.02131857893136931}.
[I 2025-08-10 00:31:38,124] Trial 161 finished with values: [0.8939532771709886, 0.2133850630455868] and parameters: {'psi': 0.16559044854410532, 'lda_s': 2.550714255595579}.
[I 2025-08-10 00:31:44,817] Trial 162 finished with values: [0.8881016073464123, 0.2228626320845341] and parameters: {'psi': 0.10644737799667536, 'lda_s': 0.009480396218066003}.
[I 2025-08-10 00:31:51,498] Trial 163 finished with values: [0.8871037896194441, 0.265139116202946] and parameters: {'psi': 0.46922358072733483, 'lda_s': 1.085607174519352e-05}.
[I 2025-08-10 00:31:58,185] Trial 164 finished with values: [0.8864858614463823, 0.2701383238405207] and parameters: {'psi': 0.2521762330097447, 'lda_s': 3.6459190928295067e-07}.
[I 2025-08-10 00:32:04,863] Trial 165 finished with values: [0.8864300773709188, 0.28917609046849757] and parameters: {'psi': 0.027366678935822564, 'lda_s': 1.940813515926872e-08}.
[I 2025-08-10 00:32:11,549] Trial 166 finished with values: [0.8873860570412891, 0.2516891891891892] and parameters: {'psi': 0.6542015447876044, 'lda_s': 1.4136119791317179e-05}.
[I 2025-08-10 00:32:18,228] Trial 167 finished with values: [0.8801063148848489, 0.2662173546756529] and parameters: {'psi': 0.8636947066832054, 'lda_s': 0.00016681329516752538}.
[I 2025-08-10 00:32:24,901] Trial 168 finished with values: [0.8856451157376121, 0.2931596091205212] and parameters: {'psi': 0.015232310475658428, 'lda_s': 3.9500489856417235e-08}.
[I 2025-08-10 00:32:31,600] Trial 169 finished with values: [0.885007902212747, 0.2572402044293015] and parameters: {'psi': 0.7570467873189867, 'lda_s': 0.0006991307423681389}.
[I 2025-08-10 00:32:38,288] Trial 170 finished with values: [0.8866002188010823, 0.267318663406683] and parameters: {'psi': 0.3130970861868112, 'lda_s': 1.2078166622952213e-08}.
[I 2025-08-10 00:32:44,982] Trial 171 finished with values: [0.869269381619179, 0.28233305156382077] and parameters: {'psi': 0.9199892432503223, 'lda_s': 0.009480396218066003}.
[I 2025-08-10 00:32:51,781] Trial 172 finished with values: [0.8864552598964137, 0.2701383238405207] and parameters: {'psi': 0.23246115729423122, 'lda_s': 3.9193723793798765e-07}.
[I 2025-08-10 00:32:58,483] Trial 173 finished with values: [0.8794267851541681, 0.2809917355371901] and parameters: {'psi': 0.9562506895435396, 'lda_s': 2.506273818411529e-08}.
[I 2025-08-10 00:33:05,175] Trial 174 finished with values: [0.886510565822659, 0.2687296416938111] and parameters: {'psi': 0.2679559193103045, 'lda_s': 7.97788145298809e-08}.
[I 2025-08-10 00:33:11,852] Trial 175 finished with values: [0.8084725491346136, 0.2803921568627451] and parameters: {'psi': 0.7362388355207174, 'lda_s': 0.08865989195338274}.
[I 2025-08-10 00:33:18,520] Trial 176 finished with values: [0.8773637306604579, 0.2692307692307692] and parameters: {'psi': 0.8973959943567739, 'lda_s': 3.6459190928295067e-07}.
[I 2025-08-10 00:33:25,215] Trial 177 finished with values: [0.8875246406230477, 0.2593516209476309] and parameters: {'psi': 0.5935440389895625, 'lda_s': 4.53663750839292e-08}.
[I 2025-08-10 00:33:31,916] Trial 178 finished with values: [0.8864433858574938, 0.2687296416938111] and parameters: {'psi': 0.2679559193103045, 'lda_s': 9.752405056875691e-06}.
[I 2025-08-10 00:33:38,608] Trial 179 finished with values: [0.8854148868890209, 0.13691026827012026] and parameters: {'psi': 0.21349377103895872, 'lda_s': 0.1224002366214165}.
[I 2025-08-10 00:33:45,299] Trial 180 finished with values: [0.8864569334186777, 0.2877930476960388] and parameters: {'psi': 0.04621242229649658, 'lda_s': 3.7940986945230646e-08}.
[I 2025-08-10 00:33:51,995] Trial 181 finished with values: [0.8903662814271542, 0.1325178389398573] and parameters: {'psi': 0.11862645659008497, 'lda_s': 0.08865989195338274}.
[I 2025-08-10 00:33:58,679] Trial 182 finished with values: [0.88732270226987, 0.2641509433962264] and parameters: {'psi': 0.5179903830725926, 'lda_s': 7.78535297214481e-06}.
[I 2025-08-10 00:34:05,372] Trial 183 finished with values: [0.8871265017073116, 0.26058091286307056] and parameters: {'psi': 0.5859038822055215, 'lda_s': 0.00014687179056175508}.
[I 2025-08-10 00:34:12,081] Trial 184 finished with values: [0.8870155710886757, 0.2649223221586263] and parameters: {'psi': 0.4386162772763349, 'lda_s': 2.506273818411529e-08}.
[I 2025-08-10 00:34:18,767] Trial 185 finished with values: [0.876984478638843, 0.27310574521232306] and parameters: {'psi': 0.9068516291069799, 'lda_s': 1.155289447498435e-08}.
[I 2025-08-10 00:34:25,448] Trial 186 finished with values: [0.8340513009483931, 0.14240506329113925] and parameters: {'psi': 0.5935440389895625, 'lda_s': 0.11922575336747941}.
[I 2025-08-10 00:34:32,122] Trial 187 finished with values: [0.8874272575655957, 0.25252525252525254] and parameters: {'psi': 0.64366254278331, 'lda_s': 9.942588618270732e-06}.
[I 2025-08-10 00:34:38,790] Trial 188 finished with values: [0.8871669053162542, 0.26436781609195403] and parameters: {'psi': 0.5175544921520531, 'lda_s': 5.435402056862119e-05}.
[I 2025-08-10 00:34:45,471] Trial 189 finished with values: [0.8868535581952226, 0.2649223221586263] and parameters: {'psi': 0.41448905819856297, 'lda_s': 1.841786984856263e-05}.
[I 2025-08-10 00:34:52,152] Trial 190 finished with values: [0.8865820491307884, 0.2570212765957447] and parameters: {'psi': 0.7652874047752761, 'lda_s': 4.472825792237904e-07}.
[I 2025-08-10 00:34:58,846] Trial 191 finished with values: [0.8765102343058676, 0.34146341463414637] and parameters: {'psi': 0.46922358072733483, 'lda_s': 0.0322143008678397}.
[I 2025-08-10 00:35:05,530] Trial 192 finished with values: [0.8866740131637667, 0.26612244897959186] and parameters: {'psi': 0.33983240414675486, 'lda_s': 9.120777782252595e-07}.
[I 2025-08-10 00:35:12,196] Trial 193 finished with values: [0.8439940951759206, 0.11129296235679215] and parameters: {'psi': 0.5256355994254701, 'lda_s': 0.36141560790020555}.
[I 2025-08-10 00:35:18,882] Trial 194 finished with values: [0.8822254722201678, 0.27310574521232306] and parameters: {'psi': 0.5297982098357081, 'lda_s': 0.0031627223147739376}.
[I 2025-08-10 00:35:25,548] Trial 195 finished with values: [0.8864459359866578, 0.2859450726978998] and parameters: {'psi': 0.05612927027643866, 'lda_s': 2.506273818411529e-08}.
[I 2025-08-10 00:35:32,250] Trial 196 finished with values: [0.8865805349915972, 0.265905383360522] and parameters: {'psi': 0.3252701995873113, 'lda_s': 9.942588618270732e-06}.
[I 2025-08-10 00:35:38,936] Trial 197 finished with values: [0.8869407407360184, 0.2635024549918167] and parameters: {'psi': 0.41869837602659143, 'lda_s': 3.6459190928295067e-07}.
[I 2025-08-10 00:35:45,624] Trial 198 finished with values: [0.8822434825073889, 0.28548123980424145] and parameters: {'psi': 0.0829128779010363, 'lda_s': 0.00035877434777710195}.
[I 2025-08-10 00:35:52,311] Trial 199 finished with values: [0.8867756995641828, 0.26612244897959186] and parameters: {'psi': 0.3733657323287116, 'lda_s': 1.2541007961263573e-06}.
[I 2025-08-10 00:35:58,995] Trial 200 finished with values: [0.8863256814582658, 0.27154471544715447] and parameters: {'psi': 0.15993029865734365, 'lda_s': 9.942588618270732e-06}.
[I 2025-08-10 00:36:05,673] Trial 201 finished with values: [0.8873455737408099, 0.2641509433962264] and parameters: {'psi': 0.5179903830725926, 'lda_s': 1.1507800798450513e-08}.
[I 2025-08-10 00:36:12,366] Trial 202 finished with values: [0.8169539599680723, 0.16048317515099222] and parameters: {'psi': 0.9152691723229908, 'lda_s': 0.36141560790020555}.
[I 2025-08-10 00:36:19,046] Trial 203 finished with values: [0.886063575995124, 0.2578456318914334] and parameters: {'psi': 0.7905098846510693, 'lda_s': 9.942588618270732e-06}.
[I 2025-08-10 00:36:25,850] Trial 204 finished with values: [0.8856224036497448, 0.2931596091205212] and parameters: {'psi': 0.015232310475658428, 'lda_s': 1.954900606475284e-07}.
[I 2025-08-10 00:36:32,540] Trial 205 finished with values: [0.8865902573590351, 0.267318663406683] and parameters: {'psi': 0.30877262276842043, 'lda_s': 2.506273818411529e-08}.
[I 2025-08-10 00:36:39,236] Trial 206 finished with values: [0.8874937203069336, 0.254606365159129] and parameters: {'psi': 0.6166028108572332, 'lda_s': 4.472825792237904e-07}.
[I 2025-08-10 00:36:45,922] Trial 207 finished with values: [0.8419139070018898, 0.13445378151260504] and parameters: {'psi': 0.5177978276772645, 'lda_s': 0.8996009819547841}.
[I 2025-08-10 00:36:52,614] Trial 208 finished with values: [0.8480014637741401, 0.2126537785588752] and parameters: {'psi': 0.6583611058923052, 'lda_s': 0.09834976431467027}.
[I 2025-08-10 00:36:59,308] Trial 209 finished with values: [0.8881016073464123, 0.2228626320845341] and parameters: {'psi': 0.10644737799667536, 'lda_s': 0.009480396218066003}.
[I 2025-08-10 00:37:06,010] Trial 210 finished with values: [0.8862288562415687, 0.2645850451930978] and parameters: {'psi': 0.5179903830725926, 'lda_s': 0.0004219688705731294}.
[I 2025-08-10 00:37:12,699] Trial 211 finished with values: [0.8866911468440877, 0.26612244897959186] and parameters: {'psi': 0.3457692134251106, 'lda_s': 1.2541007961263573e-06}.
[I 2025-08-10 00:37:19,403] Trial 212 finished with values: [0.8799227852765743, 0.282411230388109] and parameters: {'psi': 0.9600687323111992, 'lda_s': 2.4657377080097552e-06}.
[I 2025-08-10 00:37:26,103] Trial 213 finished with values: [0.886510565822659, 0.2687296416938111] and parameters: {'psi': 0.2679559193103045, 'lda_s': 7.97788145298809e-08}.
[I 2025-08-10 00:37:32,811] Trial 214 finished with values: [0.8864025040993326, 0.27154471544715447] and parameters: {'psi': 0.18295969227694786, 'lda_s': 2.9698551773214173e-06}.
[I 2025-08-10 00:37:39,496] Trial 215 finished with values: [0.8874985814906525, 0.2593516209476309] and parameters: {'psi': 0.5935440389895625, 'lda_s': 9.407557655422435e-06}.
[I 2025-08-10 00:37:46,186] Trial 216 finished with values: [0.8872932960929469, 0.25170068027210885] and parameters: {'psi': 0.688072233171229, 'lda_s': 2.7722060153527856e-06}.
[I 2025-08-10 00:37:52,878] Trial 217 finished with values: [0.885573712121019, 0.28802588996763756] and parameters: {'psi': 0.04509452932074132, 'lda_s': 2.5514759152452442e-05}.
[I 2025-08-10 00:37:59,558] Trial 218 finished with values: [0.8506347909021592, 0.22836752899197146] and parameters: {'psi': 0.6557998115239971, 'lda_s': 0.08865989195338274}.
[I 2025-08-10 00:38:06,245] Trial 219 finished with values: [0.8788960395219018, 0.14420600858369098] and parameters: {'psi': 0.3564061700001895, 'lda_s': 0.11017234188990802}.
[I 2025-08-10 00:38:12,935] Trial 220 finished with values: [0.8839092746922632, 0.2894736842105263] and parameters: {'psi': 0.9836400254993639, 'lda_s': 1.3704078040324287e-05}.
[I 2025-08-10 00:38:19,624] Trial 221 finished with values: [0.8769610493271485, 0.27310574521232306] and parameters: {'psi': 0.9228798855162207, 'lda_s': 7.78535297214481e-06}.
[I 2025-08-10 00:38:26,307] Trial 222 finished with values: [0.8828562307305865, 0.27318718381112983] and parameters: {'psi': 0.49541187419053623, 'lda_s': 0.005856757151365757}.
[I 2025-08-10 00:38:32,983] Trial 223 finished with values: [0.8864074449745879, 0.28917609046849757] and parameters: {'psi': 0.027366678935822564, 'lda_s': 3.3449938370799166e-07}.
[I 2025-08-10 00:38:39,656] Trial 224 finished with values: [0.876906540316267, 0.27310574521232306] and parameters: {'psi': 0.9183475193109514, 'lda_s': 3.783448059467174e-07}.
[I 2025-08-10 00:38:46,345] Trial 225 finished with values: [0.8394790117994476, 0.21785714285714286] and parameters: {'psi': 0.6796059293462571, 'lda_s': 0.11128430485588973}.
[I 2025-08-10 00:38:53,048] Trial 226 finished with values: [0.8864895272570554, 0.26655764513491415] and parameters: {'psi': 0.3840469338819056, 'lda_s': 8.079332276231763e-05}.
[I 2025-08-10 00:38:59,735] Trial 227 finished with values: [0.8864858614463823, 0.2701383238405207] and parameters: {'psi': 0.2521762330097447, 'lda_s': 3.6459190928295067e-07}.
[I 2025-08-10 00:39:06,401] Trial 228 finished with values: [0.8508377652453096, 0.0970873786407767] and parameters: {'psi': 0.49812790865262035, 'lda_s': 0.36141560790020555}.
[I 2025-08-10 00:39:13,075] Trial 229 finished with values: [0.8775289312153659, 0.2750621375310688] and parameters: {'psi': 0.9358861721934683, 'lda_s': 3.091719574683556e-08}.
[I 2025-08-10 00:39:19,757] Trial 230 finished with values: [0.8835214956762559, 0.2897119341563786] and parameters: {'psi': 0.9836400254993639, 'lda_s': 0.00020392124315832754}.
[I 2025-08-10 00:39:26,442] Trial 231 finished with values: [0.8871216405235925, 0.265139116202946] and parameters: {'psi': 0.4742973678804452, 'lda_s': 1.2732310336501901e-05}.
[I 2025-08-10 00:39:33,140] Trial 232 finished with values: [0.8779222089473833, 0.2814569536423841] and parameters: {'psi': 0.961497541277625, 'lda_s': 0.0010312671339462096}.
[I 2025-08-10 00:39:39,918] Trial 233 finished with values: [0.8875035223659078, 0.26194398682042835] and parameters: {'psi': 0.5602683930030257, 'lda_s': 2.9698551773214173e-06}.
[I 2025-08-10 00:39:46,595] Trial 234 finished with values: [0.8867393602235955, 0.26633986928104575] and parameters: {'psi': 0.3840469338819056, 'lda_s': 1.9582474738154607e-05}.
[I 2025-08-10 00:39:53,287] Trial 235 finished with values: [0.8856354730617105, 0.28825910931174087] and parameters: {'psi': 0.03682389429777855, 'lda_s': 1.9582474738154607e-05}.
[I 2025-08-10 00:39:59,991] Trial 236 finished with values: [0.8844668763722883, 0.2925531914893617] and parameters: {'psi': 0.027366678935822564, 'lda_s': 0.009480396218066003}.
[I 2025-08-10 00:40:06,662] Trial 237 finished with values: [0.8855745090363826, 0.2916666666666667] and parameters: {'psi': 0.03682389429777855, 'lda_s': 0.36141560790020555}.
[I 2025-08-10 00:40:13,349] Trial 238 finished with values: [0.8776140417762159, 0.2694560669456067] and parameters: {'psi': 0.8932105999420681, 'lda_s': 1.0672648752339011e-07}.
[I 2025-08-10 00:40:20,041] Trial 239 finished with values: [0.8374881578376946, 0.12347684809098294] and parameters: {'psi': 0.5580729346398324, 'lda_s': 0.15710569611913874}.
[I 2025-08-10 00:40:26,731] Trial 240 finished with values: [0.882542485151873, 0.29533678756476683] and parameters: {'psi': 0.015232310475658428, 'lda_s': 0.9962612824540827}.
[I 2025-08-10 00:40:33,430] Trial 241 finished with values: [0.8856473471006308, 0.2931596091205212] and parameters: {'psi': 0.015232310475658428, 'lda_s': 1.940813515926872e-08}.
[I 2025-08-10 00:40:40,107] Trial 242 finished with values: [0.8616231380869441, 0.2988313856427379] and parameters: {'psi': 0.0021940416246704064, 'lda_s': 1.203733259693832e-08}.
[I 2025-08-10 00:40:46,803] Trial 243 finished with values: [0.766852209814427, 0.16798732171156894] and parameters: {'psi': 0.9940180209617213, 'lda_s': 0.36141560790020555}.
[I 2025-08-10 00:40:53,498] Trial 244 finished with values: [0.8871305659756666, 0.265139116202946] and parameters: {'psi': 0.4664451786153253, 'lda_s': 7.97788145298809e-08}.
[I 2025-08-10 00:41:00,183] Trial 245 finished with values: [0.8711223692230011, 0.15496809480401094] and parameters: {'psi': 0.3733657323287116, 'lda_s': 0.36141560790020555}.
[I 2025-08-10 00:41:06,864] Trial 246 finished with values: [0.8855728355141188, 0.2931596091205212] and parameters: {'psi': 0.015232310475658428, 'lda_s': 6.260868277438727e-07}.
