[I 2025-08-10 00:50:42,956] Trial 372 finished with values: [0.9451245446073032, 0.23510466988727857] and parameters: {'psi': 0.10974828707028617, 'lda_s': 1.003518865884119e-06}.
[I 2025-08-10 00:50:48,909] Trial 373 finished with values: [0.9474125222401085, 0.24373956594323873] and parameters: {'psi': 0.15484123216140722, 'lda_s': 0.0018305813421891194}.
[I 2025-08-10 00:50:54,882] Trial 374 finished with values: [0.9324053206811828, 0.24113475177304963] and parameters: {'psi': 0.8065398675993108, 'lda_s': 0.004935493215878734}.
[I 2025-08-10 00:51:00,872] Trial 375 finished with values: [0.9451220028806236, 0.23510466988727857] and parameters: {'psi': 0.1129424701964804, 'lda_s': 2.9067478159709652e-08}.
[I 2025-08-10 00:51:06,824] Trial 376 finished with values: [0.8340455816317884, 0.11349306431273644] and parameters: {'psi': 0.8076049072454767, 'lda_s': 1.614929567038472}.
[I 2025-08-10 00:51:12,783] Trial 377 finished with values: [0.9418495297805642, 0.23529411764705882] and parameters: {'psi': 0.5831136454836756, 'lda_s': 7.561438669578395e-07}.
[I 2025-08-10 00:51:18,751] Trial 378 finished with values: [0.8431038718969754, 0.21809744779582366] and parameters: {'psi': 0.8307147808209712, 'lda_s': 6.890976848334968}.
[I 2025-08-10 00:51:24,720] Trial 379 finished with values: [0.9432402778954504, 0.23414634146341465] and parameters: {'psi': 0.48712841907696103, 'lda_s': 4.142229134222381e-08}.
[I 2025-08-10 00:51:30,667] Trial 380 finished with values: [0.9307095653647377, 0.24242424242424243] and parameters: {'psi': 0.9106916421676575, 'lda_s': 0.000165554121495276}.
[I 2025-08-10 00:51:36,666] Trial 381 finished with values: [0.951502584088791, 0.35751295336787564] and parameters: {'psi': 0.08309007548152314, 'lda_s': 1.614929567038472}.
[I 2025-08-10 00:51:42,654] Trial 382 finished with values: [0.9450902312971278, 0.23548387096774193] and parameters: {'psi': 0.08309007548152314, 'lda_s': 6.064016231778068e-06}.
[I 2025-08-10 00:51:48,619] Trial 383 finished with values: [0.9507485385071592, 0.39655172413793105] and parameters: {'psi': 0.1129424701964804, 'lda_s': 1.614929567038472}.
[I 2025-08-10 00:51:54,581] Trial 384 finished with values: [0.9504164195543505, 0.29098360655737704] and parameters: {'psi': 0.1129424701964804, 'lda_s': 0.004935493215878734}.
[I 2025-08-10 00:52:00,545] Trial 385 finished with values: [0.9509489112937388, 0.4011627906976744] and parameters: {'psi': 0.10974828707028617, 'lda_s': 1.614929567038472}.
[I 2025-08-10 00:52:06,481] Trial 386 finished with values: [0.9411992713716851, 0.2372322899505766] and parameters: {'psi': 0.6168126717016972, 'lda_s': 8.779316729229698e-05}.
[I 2025-08-10 00:52:12,473] Trial 387 finished with values: [0.951502584088791, 0.35751295336787564] and parameters: {'psi': 0.08309007548152314, 'lda_s': 1.0829800491336563}.
[I 2025-08-10 00:52:18,424] Trial 388 finished with values: [0.8952711175124969, 0.24774774774774774] and parameters: {'psi': 0.5143266808870325, 'lda_s': 9.50356307411016}.
[I 2025-08-10 00:52:24,401] Trial 389 finished with values: [0.9509489112937388, 0.4011627906976744] and parameters: {'psi': 0.10974828707028617, 'lda_s': 1.614929567038472}.
[I 2025-08-10 00:52:30,369] Trial 390 finished with values: [0.9225294416673726, 0.25229357798165136] and parameters: {'psi': 0.3455410600700939, 'lda_s': 1.614929567038472}.
[I 2025-08-10 00:52:36,320] Trial 391 finished with values: [0.895507498093705, 0.27293064876957496] and parameters: {'psi': 0.7150232882810177, 'lda_s': 6.890976848334968}.
[I 2025-08-10 00:52:42,280] Trial 392 finished with values: [0.8728238583410997, 0.2138364779874214] and parameters: {'psi': 0.5885168194000318, 'lda_s': 1.0829800491336563}.
[I 2025-08-10 00:52:48,256] Trial 393 finished with values: [0.9450995509616199, 0.23548387096774193] and parameters: {'psi': 0.09210420021991794, 'lda_s': 1.519293585448829e-06}.
[I 2025-08-10 00:52:54,211] Trial 394 finished with values: [0.9439494196390747, 0.23778501628664495] and parameters: {'psi': 0.376269419827729, 'lda_s': 1.3280831689441765e-07}.
[I 2025-08-10 00:53:00,189] Trial 395 finished with values: [0.951502584088791, 0.35751295336787564] and parameters: {'psi': 0.08309007548152314, 'lda_s': 4.276401971906418}.
[I 2025-08-10 00:53:06,159] Trial 396 finished with values: [0.9120511734304839, 0.28365384615384615] and parameters: {'psi': 0.49693897308903034, 'lda_s': 2.368313402295934}.
[I 2025-08-10 00:53:12,115] Trial 397 finished with values: [0.9432491739388291, 0.24784853700516352] and parameters: {'psi': 0.4096692707281204, 'lda_s': 0.005012830336346658}.
[I 2025-08-10 00:53:18,079] Trial 398 finished with values: [0.9497784461577565, 0.34986945169712796] and parameters: {'psi': 0.12753073158119788, 'lda_s': 0.01610866963343744}.
[I 2025-08-10 00:53:24,031] Trial 399 finished with values: [0.8854977548080997, 0.19745222929936307] and parameters: {'psi': 0.9243247887788186, 'lda_s': 2.368313402295934}.
[I 2025-08-10 00:53:29,991] Trial 400 finished with values: [0.9443277132932306, 0.23817292006525284] and parameters: {'psi': 0.3163822533792743, 'lda_s': 1.2796092706294858e-06}.
[I 2025-08-10 00:53:35,980] Trial 401 finished with values: [0.9475518935863764, 0.24414715719063546] and parameters: {'psi': 0.08309007548152314, 'lda_s': 0.0007721782854979722}.
[I 2025-08-10 00:53:42,055] Trial 402 finished with values: [0.9450449038380073, 0.23548387096774193] and parameters: {'psi': 0.08309007548152314, 'lda_s': 2.3748465124721466e-06}.
[I 2025-08-10 00:53:48,026] Trial 403 finished with values: [0.950814199779717, 0.3954154727793696] and parameters: {'psi': 0.1129424701964804, 'lda_s': 0.04551457539696743}.
[I 2025-08-10 00:53:54,027] Trial 404 finished with values: [0.951502584088791, 0.35751295336787564] and parameters: {'psi': 0.08309007548152314, 'lda_s': 2.864161878162145}.
[I 2025-08-10 00:53:59,989] Trial 405 finished with values: [0.946068796068796, 0.238562091503268] and parameters: {'psi': 0.1129424701964804, 'lda_s': 0.00017852753212798883}.
[I 2025-08-10 00:54:05,944] Trial 406 finished with values: [0.9210615945098704, 0.2629310344827586] and parameters: {'psi': 0.7367368296425322, 'lda_s': 0.037785597952109035}.
[I 2025-08-10 00:54:11,917] Trial 407 finished with values: [0.9475569770397357, 0.34782608695652173] and parameters: {'psi': 0.20089229179715162, 'lda_s': 6.890976848334968}.
[I 2025-08-10 00:54:17,871] Trial 408 finished with values: [0.9436643226298399, 0.23452768729641693] and parameters: {'psi': 0.4630308191516064, 'lda_s': 0.00014121520762283752}.
[I 2025-08-10 00:54:23,829] Trial 409 finished with values: [0.936087011776667, 0.24179620034542315] and parameters: {'psi': 0.7499979600476201, 'lda_s': 0.002355797827708966}.
[I 2025-08-10 00:54:29,799] Trial 410 finished with values: [0.9507485385071592, 0.39655172413793105] and parameters: {'psi': 0.1129424701964804, 'lda_s': 1.0829800491336563}.
[I 2025-08-10 00:54:35,764] Trial 411 finished with values: [0.8498936711005677, 0.08650065530799476] and parameters: {'psi': 0.8443440211111244, 'lda_s': 1.5010247359196607}.
[I 2025-08-10 00:54:41,724] Trial 412 finished with values: [0.9357820045751081, 0.24054982817869416] and parameters: {'psi': 0.7947389123978413, 'lda_s': 0.00041317661283858025}.
[I 2025-08-10 00:54:47,709] Trial 413 finished with values: [0.9504227738710497, 0.33569739952718675] and parameters: {'psi': 0.050610136621651924, 'lda_s': 1.0829800491336563}.
[I 2025-08-10 00:54:53,680] Trial 414 finished with values: [0.9507485385071592, 0.39655172413793105] and parameters: {'psi': 0.1129424701964804, 'lda_s': 1.614929567038472}.
[I 2025-08-10 00:54:59,669] Trial 415 finished with values: [0.951502584088791, 0.35751295336787564] and parameters: {'psi': 0.08309007548152314, 'lda_s': 6.890976848334968}.
[I 2025-08-10 00:55:05,659] Trial 416 finished with values: [0.9451266627128696, 0.23510466988727857] and parameters: {'psi': 0.1129424701964804, 'lda_s': 3.766289306626727e-07}.
[I 2025-08-10 00:55:11,636] Trial 417 finished with values: [0.9451541980852325, 0.23548387096774193] and parameters: {'psi': 0.09210420021991794, 'lda_s': 6.688678702037562e-06}.
[I 2025-08-10 00:55:17,620] Trial 418 finished with values: [0.9451300516817759, 0.23548387096774193] and parameters: {'psi': 0.135727298296346, 'lda_s': 4.5989686775745956e-08}.
[I 2025-08-10 00:55:23,592] Trial 419 finished with values: [0.9507485385071592, 0.39655172413793105] and parameters: {'psi': 0.1129424701964804, 'lda_s': 0.5108932804891078}.
[I 2025-08-10 00:55:29,577] Trial 420 finished with values: [0.9450173684656443, 0.23548387096774193] and parameters: {'psi': 0.08309007548152314, 'lda_s': 1.9441387873909564e-07}.
[I 2025-08-10 00:55:35,532] Trial 421 finished with values: [0.9239947470981953, 0.272108843537415] and parameters: {'psi': 0.38778437629103546, 'lda_s': 0.10249615876594552}.
[I 2025-08-10 00:55:41,521] Trial 422 finished with values: [0.9451321697873423, 0.23510466988727857] and parameters: {'psi': 0.1129424701964804, 'lda_s': 9.59283725167858e-07}.
[I 2025-08-10 00:55:47,509] Trial 423 finished with values: [0.9516733033974413, 0.3556701030927835] and parameters: {'psi': 0.08309007548152314, 'lda_s': 0.017804358151384956}.
[I 2025-08-10 00:55:53,482] Trial 424 finished with values: [0.873011522494281, 0.1458625525946704] and parameters: {'psi': 0.9808128958553162, 'lda_s': 9.928922251031993}.
[I 2025-08-10 00:55:59,440] Trial 425 finished with values: [0.948739727188003, 0.34673366834170855] and parameters: {'psi': 0.21398110729615416, 'lda_s': 0.037785597952109035}.
[I 2025-08-10 00:56:05,416] Trial 426 finished with values: [0.9451143777005846, 0.23510466988727857] and parameters: {'psi': 0.10974828707028617, 'lda_s': 3.784981627990303e-08}.
[I 2025-08-10 00:56:11,389] Trial 427 finished with values: [0.951502584088791, 0.35751295336787564] and parameters: {'psi': 0.08309007548152314, 'lda_s': 1.1289902752411543}.
[I 2025-08-10 00:56:17,374] Trial 428 finished with values: [0.9509489112937388, 0.4011627906976744] and parameters: {'psi': 0.10974828707028617, 'lda_s': 1.614929567038472}.
[I 2025-08-10 00:56:23,336] Trial 429 finished with values: [0.9385728204693721, 0.3279569892473118] and parameters: {'psi': 0.2902937613198313, 'lda_s': 1.614929567038472}.
[I 2025-08-10 00:56:29,304] Trial 430 finished with values: [0.9509489112937388, 0.4011627906976744] and parameters: {'psi': 0.10974828707028617, 'lda_s': 1.614929567038472}.
[I 2025-08-10 00:56:35,377] Trial 431 finished with values: [0.9399118868084386, 0.33062330623306235] and parameters: {'psi': 0.28688903758217554, 'lda_s': 4.557124410412724}.
[I 2025-08-10 00:56:41,335] Trial 432 finished with values: [0.9319245107176142, 0.24067796610169492] and parameters: {'psi': 0.8601784930138722, 'lda_s': 1.1255028763599348e-08}.
[I 2025-08-10 00:56:47,301] Trial 433 finished with values: [0.8472562060493095, 0.12931034482758622] and parameters: {'psi': 0.8621471927578731, 'lda_s': 0.29454797354612094}.
[I 2025-08-10 00:56:53,257] Trial 434 finished with values: [0.9467601457256629, 0.2563176895306859] and parameters: {'psi': 0.22955185615297147, 'lda_s': 0.0058893188000194285}.
[I 2025-08-10 00:56:59,236] Trial 435 finished with values: [0.951502584088791, 0.35751295336787564] and parameters: {'psi': 0.08309007548152314, 'lda_s': 6.890976848334968}.
[I 2025-08-10 00:57:05,220] Trial 436 finished with values: [0.9508836736422943, 0.3424317617866005] and parameters: {'psi': 0.06338812031031238, 'lda_s': 1.614929567038472}.
[I 2025-08-10 00:57:11,177] Trial 437 finished with values: [0.8828653732102009, 0.21544715447154472] and parameters: {'psi': 0.6161534800675594, 'lda_s': 3.2287855717217457}.
[I 2025-08-10 00:57:17,150] Trial 438 finished with values: [0.8700770990426163, 0.20044543429844097] and parameters: {'psi': 0.543829431351403, 'lda_s': 2.7939313319942163}.
[I 2025-08-10 00:57:23,120] Trial 439 finished with values: [0.9454515801067526, 0.237012987012987] and parameters: {'psi': 0.1129424701964804, 'lda_s': 3.651293994224955e-05}.
[I 2025-08-10 00:57:29,112] Trial 440 finished with values: [0.8769829704312464, 0.22972972972972974] and parameters: {'psi': 0.8762747360944635, 'lda_s': 6.890976848334968}.
[I 2025-08-10 00:57:35,090] Trial 441 finished with values: [0.9460031347962382, 0.23817292006525284] and parameters: {'psi': 0.1129424701964804, 'lda_s': 0.0001534675970744822}.
[I 2025-08-10 00:57:41,071] Trial 442 finished with values: [0.9503100906549182, 0.32682926829268294] and parameters: {'psi': 0.11947032921375056, 'lda_s': 0.008713270701854351}.
[I 2025-08-10 00:57:47,033] Trial 443 finished with values: [0.9312115563839701, 0.23960066555740434] and parameters: {'psi': 0.9252860363423037, 'lda_s': 2.0651624802930333e-05}.
[I 2025-08-10 00:57:53,005] Trial 444 finished with values: [0.9508421587731933, 0.3954154727793696] and parameters: {'psi': 0.1129424701964804, 'lda_s': 0.037785597952109035}.
[I 2025-08-10 00:57:58,955] Trial 445 finished with values: [0.9233330509192579, 0.25229357798165136] and parameters: {'psi': 0.3401542608956365, 'lda_s': 1.614929567038472}.
[I 2025-08-10 00:58:04,909] Trial 446 finished with values: [0.9287587901381005, 0.2947845804988662] and parameters: {'psi': 0.4390001997071319, 'lda_s': 0.29454797354612094}.
[I 2025-08-10 00:58:10,882] Trial 447 finished with values: [0.9515576548335168, 0.3780821917808219] and parameters: {'psi': 0.09210420021991794, 'lda_s': 1.0829800491336563}.
[I 2025-08-10 00:58:16,864] Trial 448 finished with values: [0.9509489112937388, 0.4011627906976744] and parameters: {'psi': 0.10974828707028617, 'lda_s': 1.0829800491336563}.
[I 2025-08-10 00:58:22,838] Trial 449 finished with values: [0.9511747013471152, 0.2976939203354298] and parameters: {'psi': 0.08309007548152314, 'lda_s': 0.0041711100052562265}.
[I 2025-08-10 00:58:28,818] Trial 450 finished with values: [0.951502584088791, 0.35751295336787564] and parameters: {'psi': 0.08309007548152314, 'lda_s': 1.614929567038472}.
[I 2025-08-10 00:58:34,778] Trial 451 finished with values: [0.9203355079217148, 0.3142857142857143] and parameters: {'psi': 0.9543782441054107, 'lda_s': 0.037785597952109035}.
[I 2025-08-10 00:58:40,740] Trial 452 finished with values: [0.9458912988223332, 0.24013157894736842] and parameters: {'psi': 0.04562539847517233, 'lda_s': 0.0002333401778516301}.
[I 2025-08-10 00:58:46,706] Trial 453 finished with values: [0.951502584088791, 0.35751295336787564] and parameters: {'psi': 0.08309007548152314, 'lda_s': 9.928922251031993}.
[I 2025-08-10 00:58:52,687] Trial 454 finished with values: [0.9450732864525968, 0.23548387096774193] and parameters: {'psi': 0.09122635630922249, 'lda_s': 2.356712050601288e-08}.
[I 2025-08-10 00:58:58,643] Trial 455 finished with values: [0.9371621621621621, 0.24315068493150685] and parameters: {'psi': 0.7522265798688913, 'lda_s': 4.698853006410023e-07}.
[I 2025-08-10 00:59:04,598] Trial 456 finished with values: [0.9421744471744472, 0.2372322899505766] and parameters: {'psi': 0.5849350609125725, 'lda_s': 0.00041506454918556186}.
[I 2025-08-10 00:59:10,563] Trial 457 finished with values: [0.8478946030670169, 0.12151898734177215] and parameters: {'psi': 0.7726814522825094, 'lda_s': 1.614929567038472}.
[I 2025-08-10 00:59:16,522] Trial 458 finished with values: [0.943681267474371, 0.238562091503268] and parameters: {'psi': 0.44471177203909884, 'lda_s': 5.536063262043037e-05}.
[I 2025-08-10 00:59:22,502] Trial 459 finished with values: [0.9404952130814199, 0.3305785123966942] and parameters: {'psi': 0.28520569462530954, 'lda_s': 0.23635931157700388}.
[I 2025-08-10 00:59:28,455] Trial 460 finished with values: [0.8843488943488944, 0.2606741573033708] and parameters: {'psi': 0.915426293685817, 'lda_s': 9.50356307411016}.
[I 2025-08-10 00:59:34,435] Trial 461 finished with values: [0.9515576548335168, 0.3780821917808219] and parameters: {'psi': 0.09210420021991794, 'lda_s': 8.717825639403172}.
[I 2025-08-10 00:59:40,396] Trial 462 finished with values: [0.9212416334830128, 0.25339366515837103] and parameters: {'psi': 0.36036332672432103, 'lda_s': 1.0829800491336563}.
[I 2025-08-10 00:59:46,391] Trial 463 finished with values: [0.9365152927221894, 0.27586206896551724] and parameters: {'psi': 0.006031692301259883, 'lda_s': 0.000605507350431775}.
[I 2025-08-10 00:59:52,370] Trial 464 finished with values: [0.9497271880030501, 0.35638297872340424] and parameters: {'psi': 0.2528116000448273, 'lda_s': 0.5108932804891078}.
[I 2025-08-10 00:59:58,342] Trial 465 finished with values: [0.9364805557909006, 0.24398625429553264] and parameters: {'psi': 0.7735048848566639, 'lda_s': 6.287971589798709e-08}.
[I 2025-08-10 01:00:04,319] Trial 466 finished with values: [0.9472854359061256, 0.33421750663129973] and parameters: {'psi': 0.1576603440079143, 'lda_s': 6.890976848334968}.
[I 2025-08-10 01:00:10,303] Trial 467 finished with values: [0.9515576548335168, 0.3780821917808219] and parameters: {'psi': 0.09210420021991794, 'lda_s': 1.0829800491336563}.
[I 2025-08-10 01:00:16,291] Trial 468 finished with values: [0.9515576548335168, 0.3780821917808219] and parameters: {'psi': 0.09210420021991794, 'lda_s': 1.0829800491336563}.
[I 2025-08-10 01:00:22,377] Trial 469 finished with values: [0.9509489112937388, 0.4011627906976744] and parameters: {'psi': 0.10974828707028617, 'lda_s': 3.2287855717217457}.
[I 2025-08-10 01:00:28,331] Trial 470 finished with values: [0.932542150300771, 0.3073286052009456] and parameters: {'psi': 0.4482733074666627, 'lda_s': 1.0829800491336563}.
[I 2025-08-10 01:00:34,290] Trial 471 finished with values: [0.9294475980682878, 0.30198019801980197] and parameters: {'psi': 0.7826582673922365, 'lda_s': 0.042003034591490476}.
[I 2025-08-10 01:00:40,273] Trial 472 finished with values: [0.951502584088791, 0.35751295336787564] and parameters: {'psi': 0.08309007548152314, 'lda_s': 1.0829800491336563}.
[I 2025-08-10 01:00:46,271] Trial 473 finished with values: [0.9451143777005846, 0.23510466988727857] and parameters: {'psi': 0.10974828707028617, 'lda_s': 2.1316355159598363e-08}.
[I 2025-08-10 01:00:52,244] Trial 474 finished with values: [0.9510942133355926, 0.39316239316239315] and parameters: {'psi': 0.10974828707028617, 'lda_s': 0.022495022913546943}.
[I 2025-08-10 01:00:58,208] Trial 475 finished with values: [0.9507485385071592, 0.39655172413793105] and parameters: {'psi': 0.1129424701964804, 'lda_s': 5.77532612048482}.
[I 2025-08-10 01:01:04,182] Trial 476 finished with values: [0.9509489112937388, 0.4011627906976744] and parameters: {'psi': 0.10974828707028617, 'lda_s': 1.0829800491336563}.
[I 2025-08-10 01:01:10,157] Trial 477 finished with values: [0.9451143777005846, 0.23510466988727857] and parameters: {'psi': 0.10974828707028617, 'lda_s': 3.267439327082746e-08}.
[I 2025-08-10 01:01:16,116] Trial 478 finished with values: [0.9415207997966618, 0.2360655737704918] and parameters: {'psi': 0.5984119156025781, 'lda_s': 8.206211393385349e-08}.
[I 2025-08-10 01:01:22,120] Trial 479 finished with values: [0.9515576548335168, 0.3780821917808219] and parameters: {'psi': 0.09210420021991794, 'lda_s': 0.13224168404363038}.
[I 2025-08-10 01:01:28,097] Trial 480 finished with values: [0.9508421587731933, 0.3954154727793696] and parameters: {'psi': 0.1129424701964804, 'lda_s': 0.037785597952109035}.
[I 2025-08-10 01:01:34,053] Trial 481 finished with values: [0.9030691349656866, 0.2632794457274827] and parameters: {'psi': 0.5058372968407001, 'lda_s': 1.614929567038472}.
[I 2025-08-10 01:01:40,043] Trial 482 finished with values: [0.9510260103363551, 0.4] and parameters: {'psi': 0.10974828707028617, 'lda_s': 0.037785597952109035}.
[I 2025-08-10 01:01:46,017] Trial 483 finished with values: [0.9451266627128697, 0.23510466988727857] and parameters: {'psi': 0.1129424701964804, 'lda_s': 2.0299525127326089e-07}.
[I 2025-08-10 01:01:51,994] Trial 484 finished with values: [0.9403448275862069, 0.2376237623762376] and parameters: {'psi': 0.6477964093666854, 'lda_s': 8.789716735810598e-08}.
[I 2025-08-10 01:01:57,987] Trial 485 finished with values: [0.9515576548335168, 0.3780821917808219] and parameters: {'psi': 0.09210420021991794, 'lda_s': 1.0829800491336563}.
[I 2025-08-10 01:02:03,966] Trial 486 finished with values: [0.9507485385071592, 0.39655172413793105] and parameters: {'psi': 0.1129424701964804, 'lda_s': 1.614929567038472}.
[I 2025-08-10 01:02:09,936] Trial 487 finished with values: [0.8439460306701686, 0.06611570247933884] and parameters: {'psi': 0.8271005827565656, 'lda_s': 1.0829800491336563}.
[I 2025-08-10 01:02:15,937] Trial 488 finished with values: [0.9507485385071592, 0.39655172413793105] and parameters: {'psi': 0.1129424701964804, 'lda_s': 1.0829800491336563}.
[I 2025-08-10 01:02:21,897] Trial 489 finished with values: [0.9081009065491823, 0.17518248175182483] and parameters: {'psi': 0.9634089267831841, 'lda_s': 1.0829800491336563}.
[I 2025-08-10 01:02:27,897] Trial 490 finished with values: [0.9507485385071592, 0.39655172413793105] and parameters: {'psi': 0.1129424701964804, 'lda_s': 1.614929567038472}.
[I 2025-08-10 01:02:33,870] Trial 491 finished with values: [0.9510310937897145, 0.3780821917808219] and parameters: {'psi': 0.10974828707028617, 'lda_s': 0.015125937162972464}.
[I 2025-08-10 01:02:39,833] Trial 492 finished with values: [0.9451351351351351, 0.23548387096774193] and parameters: {'psi': 0.10974828707028617, 'lda_s': 2.603478472722909e-06}.
[I 2025-08-10 01:02:45,812] Trial 493 finished with values: [0.9490976870287214, 0.3620689655172414] and parameters: {'psi': 0.13528519081194168, 'lda_s': 6.890976848334968}.
[I 2025-08-10 01:02:51,791] Trial 494 finished with values: [0.9509489112937388, 0.4011627906976744] and parameters: {'psi': 0.10974828707028617, 'lda_s': 1.0829800491336563}.
[I 2025-08-10 01:02:57,758] Trial 495 finished with values: [0.9210018639328985, 0.2511013215859031] and parameters: {'psi': 0.37041521282306356, 'lda_s': 1.614929567038472}.
