[I 2025-08-10 01:45:19,480] Trial 373 finished with values: [0.89307598672003, 0.3761118170266836] and parameters: {'psi': 0.779017906929738, 'lda_s': 3.001429763812531}.
[I 2025-08-10 01:45:26,634] Trial 374 finished with values: [0.8341056441205218, 0.33489461358313816] and parameters: {'psi': 0.9801520744881798, 'lda_s': 0.7757155115737782}.
[I 2025-08-10 01:45:33,782] Trial 375 finished with values: [0.887476039488123, 0.38005390835579517] and parameters: {'psi': 0.556545530620929, 'lda_s': 0.6824994269346741}.
[I 2025-08-10 01:45:40,968] Trial 376 finished with values: [0.8818410301237851, 0.33251833740831294] and parameters: {'psi': 0.684465724958793, 'lda_s': 2.143138492192273}.
[I 2025-08-10 01:45:48,139] Trial 377 finished with values: [0.8857854783807392, 0.24100719424460432] and parameters: {'psi': 0.4133637128140706, 'lda_s': 4.4919528742872566e-05}.
[I 2025-08-10 01:45:55,345] Trial 378 finished with values: [0.8843478476681101, 0.38258575197889183] and parameters: {'psi': 0.5909363941148199, 'lda_s': 1.0431897552602967}.
[I 2025-08-10 01:46:02,532] Trial 379 finished with values: [0.8857838960042163, 0.24187725631768953] and parameters: {'psi': 0.35862768417007995, 'lda_s': 2.8862026576819136e-08}.
[I 2025-08-10 01:46:09,653] Trial 380 finished with values: [0.8806440872086012, 0.23] and parameters: {'psi': 0.8538973068741833, 'lda_s': 0.007572351771253674}.
[I 2025-08-10 01:46:16,808] Trial 381 finished with values: [0.8863616300010593, 0.23826714801444043] and parameters: {'psi': 0.6167513936791368, 'lda_s': 5.864808329020718e-06}.
[I 2025-08-10 01:46:23,950] Trial 382 finished with values: [0.8905042084552873, 0.3742255266418835] and parameters: {'psi': 0.7555684554440886, 'lda_s': 3.001429763812531}.
[I 2025-08-10 01:46:31,091] Trial 383 finished with values: [0.8864399159974603, 0.24186046511627907] and parameters: {'psi': 0.779017906929738, 'lda_s': 1.3152082530614826e-07}.
[I 2025-08-10 01:46:38,224] Trial 384 finished with values: [0.8930051129083948, 0.3756345177664975] and parameters: {'psi': 0.779017906929738, 'lda_s': 2.716861303343854}.
[I 2025-08-10 01:46:45,352] Trial 385 finished with values: [0.89307598672003, 0.3761118170266836] and parameters: {'psi': 0.779017906929738, 'lda_s': 3.001429763812531}.
[I 2025-08-10 01:46:52,445] Trial 386 finished with values: [0.8802263398065304, 0.24698235840297122] and parameters: {'psi': 0.9585121041411688, 'lda_s': 0.0007057141151676917}.
[I 2025-08-10 01:46:59,595] Trial 387 finished with values: [0.8843100371975079, 0.2488646684831971] and parameters: {'psi': 0.993385192133171, 'lda_s': 2.8699687516042545e-05}.
[I 2025-08-10 01:47:06,736] Trial 388 finished with values: [0.8861916494492996, 0.23826714801444043] and parameters: {'psi': 0.556545530620929, 'lda_s': 2.8889898716959275e-05}.
[I 2025-08-10 01:47:13,925] Trial 389 finished with values: [0.8862773476304661, 0.23805229936880073] and parameters: {'psi': 0.5705895102428428, 'lda_s': 6.495126372626454e-07}.
[I 2025-08-10 01:47:21,094] Trial 390 finished with values: [0.8891406995903143, 0.35958005249343833] and parameters: {'psi': 0.532112119975349, 'lda_s': 0.6824994269346741}.
[I 2025-08-10 01:47:28,262] Trial 391 finished with values: [0.8927216176618538, 0.37593984962406013] and parameters: {'psi': 0.779017906929738, 'lda_s': 0.7757155115737782}.
[I 2025-08-10 01:47:35,386] Trial 392 finished with values: [0.842265876566636, 0.39372325249643364] and parameters: {'psi': 0.9383823444687093, 'lda_s': 3.001429763812531}.
[I 2025-08-10 01:47:42,568] Trial 393 finished with values: [0.8337338689205928, 0.3443396226415094] and parameters: {'psi': 0.9582550517278021, 'lda_s': 0.7428532452422988}.
[I 2025-08-10 01:47:49,762] Trial 394 finished with values: [0.8863629625286576, 0.23826714801444043] and parameters: {'psi': 0.6124228368495888, 'lda_s': 5.223235969721184e-07}.
[I 2025-08-10 01:47:56,933] Trial 395 finished with values: [0.8932689533728606, 0.37168141592920356] and parameters: {'psi': 0.779017906929738, 'lda_s': 6.495130398941752}.
[I 2025-08-10 01:48:04,093] Trial 396 finished with values: [0.880024628441336, 0.21606118546845124] and parameters: {'psi': 0.3859457560646974, 'lda_s': 0.00493413862747364}.
[I 2025-08-10 01:48:11,277] Trial 397 finished with values: [0.8864235092514059, 0.2423112767940354] and parameters: {'psi': 0.7873150880898891, 'lda_s': 5.260935604695142e-07}.
[I 2025-08-10 01:48:18,464] Trial 398 finished with values: [0.8909665122489269, 0.3296969696969697] and parameters: {'psi': 0.779017906929738, 'lda_s': 0.17599671457448796}.
[I 2025-08-10 01:48:25,618] Trial 399 finished with values: [0.887033806891433, 0.3557692307692308] and parameters: {'psi': 0.7320623913495647, 'lda_s': 2.716861303343854}.
[I 2025-08-10 01:48:32,754] Trial 400 finished with values: [0.8927216176618538, 0.37593984962406013] and parameters: {'psi': 0.779017906929738, 'lda_s': 0.7757155115737782}.
[I 2025-08-10 01:48:39,889] Trial 401 finished with values: [0.8862477821743785, 0.23805229936880073] and parameters: {'psi': 0.556545530620929, 'lda_s': 4.4878592886045337e-07}.
[I 2025-08-10 01:48:47,157] Trial 402 finished with values: [0.8900313277238363, 0.32019704433497537] and parameters: {'psi': 0.7873150880898891, 'lda_s': 0.15174246176036654}.
[I 2025-08-10 01:48:54,323] Trial 403 finished with values: [0.885671797120008, 0.24100719424460432] and parameters: {'psi': 0.3093090533008478, 'lda_s': 3.9286395563973574e-06}.
[I 2025-08-10 01:49:01,508] Trial 404 finished with values: [0.8931692636519118, 0.3453815261044177] and parameters: {'psi': 0.7998503362785161, 'lda_s': 8.782397311836213}.
[I 2025-08-10 01:49:08,671] Trial 405 finished with values: [0.8863640452073313, 0.24208566108007448] and parameters: {'psi': 0.779017906929738, 'lda_s': 4.934431786293946e-05}.
[I 2025-08-10 01:49:15,849] Trial 406 finished with values: [0.8862367055387177, 0.23826714801444043] and parameters: {'psi': 0.5805023391573498, 'lda_s': 3.1677203439094816e-05}.
[I 2025-08-10 01:49:23,029] Trial 407 finished with values: [0.8775914330468176, 0.16722408026755853] and parameters: {'psi': 0.1888281937478815, 'lda_s': 2.143138492192273}.
[I 2025-08-10 01:49:30,176] Trial 408 finished with values: [0.8890166079577216, 0.271689497716895] and parameters: {'psi': 0.779017906929738, 'lda_s': 0.0920487894028534}.
[I 2025-08-10 01:49:37,308] Trial 409 finished with values: [0.8805262417991254, 0.23295454545454544] and parameters: {'psi': 0.5805023391573498, 'lda_s': 0.004100189560378081}.
[I 2025-08-10 01:49:44,487] Trial 410 finished with values: [0.8244354080565952, 0.4094052558782849] and parameters: {'psi': 0.993385192133171, 'lda_s': 3.333327852747824}.
[I 2025-08-10 01:49:51,611] Trial 411 finished with values: [0.8856181628841759, 0.3897849462365591] and parameters: {'psi': 0.5782986666320062, 'lda_s': 3.001429763812531}.
[I 2025-08-10 01:49:58,725] Trial 412 finished with values: [0.8863014164102105, 0.23805229936880073] and parameters: {'psi': 0.5909363941148199, 'lda_s': 7.272095688118633e-06}.
[I 2025-08-10 01:50:05,903] Trial 413 finished with values: [0.8889960370629226, 0.20043103448275862] and parameters: {'psi': 0.831072520726232, 'lda_s': 0.03885850361833264}.
[I 2025-08-10 01:50:13,104] Trial 414 finished with values: [0.8847247864124824, 0.26410835214446954] and parameters: {'psi': 0.4323211214395113, 'lda_s': 0.6824994269346741}.
[I 2025-08-10 01:50:20,274] Trial 415 finished with values: [0.886059396085167, 0.23963963963963963] and parameters: {'psi': 0.47600546269544186, 'lda_s': 4.077254688824817e-08}.
[I 2025-08-10 01:50:27,430] Trial 416 finished with values: [0.8868744865604599, 0.1795142555438226] and parameters: {'psi': 0.7955490057732043, 'lda_s': 0.02779714891135307}.
[I 2025-08-10 01:50:34,597] Trial 417 finished with values: [0.8799170268377721, 0.26914660831509846] and parameters: {'psi': 0.6174338315844408, 'lda_s': 0.05170497606895451}.
[I 2025-08-10 01:50:41,744] Trial 418 finished with values: [0.8861556712041451, 0.24094202898550723] and parameters: {'psi': 0.6214811154975587, 'lda_s': 0.00011709655890742217}.
[I 2025-08-10 01:50:48,935] Trial 419 finished with values: [0.89307598672003, 0.3761118170266836] and parameters: {'psi': 0.779017906929738, 'lda_s': 3.001429763812531}.
[I 2025-08-10 01:50:56,055] Trial 420 finished with values: [0.8846840610377591, 0.24050632911392406] and parameters: {'psi': 0.25854974147578236, 'lda_s': 0.0001631555134722975}.
[I 2025-08-10 01:51:03,192] Trial 421 finished with values: [0.8673268896740436, 0.39766081871345027] and parameters: {'psi': 0.8768854025807566, 'lda_s': 5.587530207824387}.
[I 2025-08-10 01:51:10,372] Trial 422 finished with values: [0.8386766301976071, 0.3877266387726639] and parameters: {'psi': 0.9824282578539275, 'lda_s': 2.716861303343854}.
[I 2025-08-10 01:51:17,509] Trial 423 finished with values: [0.8898657611697459, 0.24121779859484777] and parameters: {'psi': 0.779017906929738, 'lda_s': 0.05145501344875323}.
[I 2025-08-10 01:51:24,637] Trial 424 finished with values: [0.8853968800198814, 0.38926174496644295] and parameters: {'psi': 0.5805023391573498, 'lda_s': 3.001429763812531}.
[I 2025-08-10 01:51:31,741] Trial 425 finished with values: [0.8863229867007083, 0.2423112767940354] and parameters: {'psi': 0.779017906929738, 'lda_s': 7.810147714523268e-05}.
[I 2025-08-10 01:51:38,881] Trial 426 finished with values: [0.8925187403350108, 0.3650190114068441] and parameters: {'psi': 0.7955490057732043, 'lda_s': 1.0792184212820004}.
[I 2025-08-10 01:51:46,043] Trial 427 finished with values: [0.8842021024620447, 0.3798449612403101] and parameters: {'psi': 0.831072520726232, 'lda_s': 0.7757155115737782}.
[I 2025-08-10 01:51:53,181] Trial 428 finished with values: [0.879937681015546, 0.2329162656400385] and parameters: {'psi': 0.993385192133171, 'lda_s': 0.007543036957063635}.
[I 2025-08-10 01:52:00,308] Trial 429 finished with values: [0.8932642895262665, 0.3735705209656925] and parameters: {'psi': 0.779017906929738, 'lda_s': 4.32895970121815}.
[I 2025-08-10 01:52:07,473] Trial 430 finished with values: [0.8733162680965576, 0.18141097424412095] and parameters: {'psi': 0.06234676744501777, 'lda_s': 0.039844745215126584}.
[I 2025-08-10 01:52:14,714] Trial 431 finished with values: [0.8854004611878019, 0.24144144144144145] and parameters: {'psi': 0.2612799077539585, 'lda_s': 4.001562392481866e-05}.
[I 2025-08-10 01:52:21,842] Trial 432 finished with values: [0.8402257768136201, 0.344206974128234] and parameters: {'psi': 0.9303386800327945, 'lda_s': 0.6003801945150945}.
[I 2025-08-10 01:52:28,976] Trial 433 finished with values: [0.8932642895262665, 0.3735705209656925] and parameters: {'psi': 0.779017906929738, 'lda_s': 4.32895970121815}.
[I 2025-08-10 01:52:36,110] Trial 434 finished with values: [0.883864639847772, 0.33775633293124246] and parameters: {'psi': 0.7065091376803802, 'lda_s': 0.5081428082861732}.
[I 2025-08-10 01:52:43,223] Trial 435 finished with values: [0.8854834943137716, 0.23978201634877383] and parameters: {'psi': 0.5228156887029528, 'lda_s': 0.0002881792127397157}.
[I 2025-08-10 01:52:50,373] Trial 436 finished with values: [0.8864289226447742, 0.24208566108007448] and parameters: {'psi': 0.779017906929738, 'lda_s': 9.725964375468509e-06}.
[I 2025-08-10 01:52:57,567] Trial 437 finished with values: [0.8770200285560664, 0.16666666666666666] and parameters: {'psi': 0.1291580727122481, 'lda_s': 3.81497906044754}.
[I 2025-08-10 01:53:04,750] Trial 438 finished with values: [0.8822340424823123, 0.214] and parameters: {'psi': 0.779017906929738, 'lda_s': 0.010338143916990965}.
[I 2025-08-10 01:53:11,892] Trial 439 finished with values: [0.8842639817123912, 0.24909090909090909] and parameters: {'psi': 0.993385192133171, 'lda_s': 9.262077756591529e-05}.
[I 2025-08-10 01:53:19,046] Trial 440 finished with values: [0.8864396661485354, 0.24186046511627907] and parameters: {'psi': 0.779017906929738, 'lda_s': 2.4286724842635904e-07}.
[I 2025-08-10 01:53:26,232] Trial 441 finished with values: [0.8741067900942563, 0.1767337807606264] and parameters: {'psi': 0.0699067827496146, 'lda_s': 0.6003801945150945}.
[I 2025-08-10 01:53:33,405] Trial 442 finished with values: [0.8813957160570243, 0.17647058823529413] and parameters: {'psi': 0.2544053974636895, 'lda_s': 4.32895970121815}.
[I 2025-08-10 01:53:40,586] Trial 443 finished with values: [0.8814232827217143, 0.17481789802289283] and parameters: {'psi': 0.42833166182965365, 'lda_s': 0.02089267473611866}.
[I 2025-08-10 01:53:47,757] Trial 444 finished with values: [0.8887187047565237, 0.37659033078880405] and parameters: {'psi': 0.8168459018426115, 'lda_s': 0.7757155115737782}.
[I 2025-08-10 01:53:54,936] Trial 445 finished with values: [0.8864399992804353, 0.24186046511627907] and parameters: {'psi': 0.779017906929738, 'lda_s': 1.0089325044619219e-07}.
[I 2025-08-10 01:54:02,106] Trial 446 finished with values: [0.8871267506914152, 0.294049008168028] and parameters: {'psi': 0.46062799911049057, 'lda_s': 2.3970726422021085}.
[I 2025-08-10 01:54:09,269] Trial 447 finished with values: [0.8926737299512894, 0.3778337531486146] and parameters: {'psi': 0.779017906929738, 'lda_s': 1.1280803666699886}.
[I 2025-08-10 01:54:16,403] Trial 448 finished with values: [0.8931362003108787, 0.37659033078880405] and parameters: {'psi': 0.779017906929738, 'lda_s': 3.232139361686897}.
[I 2025-08-10 01:54:23,545] Trial 449 finished with values: [0.8875196797669676, 0.3805668016194332] and parameters: {'psi': 0.556545530620929, 'lda_s': 0.7757155115737782}.
[I 2025-08-10 01:54:30,709] Trial 450 finished with values: [0.8863683759220259, 0.23826714801444043] and parameters: {'psi': 0.616098455136171, 'lda_s': 2.329333704042174e-06}.
[I 2025-08-10 01:54:37,847] Trial 451 finished with values: [0.8862943373573446, 0.24089635854341737] and parameters: {'psi': 0.779017906929738, 'lda_s': 9.685532072611886e-05}.
[I 2025-08-10 01:54:45,004] Trial 452 finished with values: [0.8898037986364246, 0.23681125439624853] and parameters: {'psi': 0.779017906929738, 'lda_s': 0.04993969858764709}.
[I 2025-08-10 01:54:52,158] Trial 453 finished with values: [0.8805726304161416, 0.23573433115060805] and parameters: {'psi': 0.5016515798416691, 'lda_s': 0.002492526585999575}.
[I 2025-08-10 01:54:59,327] Trial 454 finished with values: [0.8864399159974603, 0.24186046511627907] and parameters: {'psi': 0.779017906929738, 'lda_s': 1.637814291666811e-07}.
[I 2025-08-10 01:55:06,497] Trial 455 finished with values: [0.8906357122726457, 0.3551912568306011] and parameters: {'psi': 0.8137403899585938, 'lda_s': 2.716861303343854}.
[I 2025-08-10 01:55:13,693] Trial 456 finished with values: [0.8731851806940737, 0.1747787610619469] and parameters: {'psi': 0.06214808862600485, 'lda_s': 0.005217642100181654}.
[I 2025-08-10 01:55:20,853] Trial 457 finished with values: [0.8838147533458101, 0.3743718592964824] and parameters: {'psi': 0.831072520726232, 'lda_s': 0.5986664853736922}.
[I 2025-08-10 01:55:28,022] Trial 458 finished with values: [0.8244354080565952, 0.4094052558782849] and parameters: {'psi': 0.993385192133171, 'lda_s': 3.333327852747824}.
[I 2025-08-10 01:55:35,190] Trial 459 finished with values: [0.8235885034848929, 0.40336134453781514] and parameters: {'psi': 0.993385192133171, 'lda_s': 8.782397311836213}.
[I 2025-08-10 01:55:42,332] Trial 460 finished with values: [0.8810994785153243, 0.2386910490856593] and parameters: {'psi': 0.7583555197962646, 'lda_s': 0.003511932749021934}.
[I 2025-08-10 01:55:49,461] Trial 461 finished with values: [0.8864398327144851, 0.24186046511627907] and parameters: {'psi': 0.779017906929738, 'lda_s': 1.1550437777535904e-08}.
[I 2025-08-10 01:55:56,644] Trial 462 finished with values: [0.8821918180140408, 0.1811764705882353] and parameters: {'psi': 0.2671161716832886, 'lda_s': 3.001429763812531}.
[I 2025-08-10 01:56:03,809] Trial 463 finished with values: [0.885609418171812, 0.27720504009163804] and parameters: {'psi': 0.4436841113752582, 'lda_s': 3.001429763812531}.
[I 2025-08-10 01:56:10,980] Trial 464 finished with values: [0.89307598672003, 0.3761118170266836] and parameters: {'psi': 0.779017906929738, 'lda_s': 3.001429763812531}.
[I 2025-08-10 01:56:18,111] Trial 465 finished with values: [0.885987689443783, 0.2407906558849955] and parameters: {'psi': 0.4470175359694033, 'lda_s': 6.649296077155383e-08}.
[I 2025-08-10 01:56:25,287] Trial 466 finished with values: [0.8854037092238227, 0.38926174496644295] and parameters: {'psi': 0.5805023391573498, 'lda_s': 2.143138492192273}.
[I 2025-08-10 01:56:32,447] Trial 467 finished with values: [0.8862462830808304, 0.2432179607109448] and parameters: {'psi': 0.831072520726232, 'lda_s': 1.193391949487226e-05}.
[I 2025-08-10 01:56:39,615] Trial 468 finished with values: [0.8927223672086279, 0.37453183520599254] and parameters: {'psi': 0.779017906929738, 'lda_s': 0.6824994269346741}.
[I 2025-08-10 01:56:46,917] Trial 469 finished with values: [0.89307598672003, 0.3761118170266836] and parameters: {'psi': 0.779017906929738, 'lda_s': 3.001429763812531}.
[I 2025-08-10 01:56:54,078] Trial 470 finished with values: [0.8327667870161175, 0.3821478382147838] and parameters: {'psi': 0.9663068942764106, 'lda_s': 3.001429763812531}.
[I 2025-08-10 01:57:01,209] Trial 471 finished with values: [0.8861624171251118, 0.386066763425254] and parameters: {'psi': 0.831072520726232, 'lda_s': 3.4966469837895073}.
[I 2025-08-10 01:57:08,370] Trial 472 finished with values: [0.8858979936798216, 0.2395644283121597] and parameters: {'psi': 0.5687652765647276, 'lda_s': 0.00018386734641120557}.
[I 2025-08-10 01:57:15,548] Trial 473 finished with values: [0.8858685947896838, 0.38430311231393777] and parameters: {'psi': 0.5739048728011616, 'lda_s': 0.6824994269346741}.
[I 2025-08-10 01:57:22,709] Trial 474 finished with values: [0.8834152449152411, 0.2488393686165274] and parameters: {'psi': 0.9067966920264864, 'lda_s': 4.331736896629142e-06}.
[I 2025-08-10 01:57:29,902] Trial 475 finished with values: [0.8876703386685519, 0.38639455782312926] and parameters: {'psi': 0.556545530620929, 'lda_s': 3.001429763812531}.
[I 2025-08-10 01:57:37,087] Trial 476 finished with values: [0.8931810065513721, 0.37292464878671777] and parameters: {'psi': 0.7873150880898891, 'lda_s': 2.3970726422021085}.
[I 2025-08-10 01:57:44,277] Trial 477 finished with values: [0.8852789513274306, 0.38235294117647056] and parameters: {'psi': 0.5805023391573498, 'lda_s': 0.7757155115737782}.
[I 2025-08-10 01:57:51,400] Trial 478 finished with values: [0.8842388302539732, 0.2408563782337199] and parameters: {'psi': 0.07105409354412684, 'lda_s': 3.825476115817937e-05}.
[I 2025-08-10 01:57:58,570] Trial 479 finished with values: [0.8932814458190947, 0.3735705209656925] and parameters: {'psi': 0.779017906929738, 'lda_s': 4.997407970721992}.
[I 2025-08-10 01:58:05,734] Trial 480 finished with values: [0.88456496638366, 0.1655328798185941] and parameters: {'psi': 0.34922569840440243, 'lda_s': 0.7757155115737782}.
[I 2025-08-10 01:58:12,883] Trial 481 finished with values: [0.8768388880856709, 0.38412291933418696] and parameters: {'psi': 0.8483261877554191, 'lda_s': 0.6824994269346741}.
[I 2025-08-10 01:58:20,043] Trial 482 finished with values: [0.8859973502688708, 0.24253731343283583] and parameters: {'psi': 0.8538973068741833, 'lda_s': 3.7362707853797794e-06}.
[I 2025-08-10 01:58:27,240] Trial 483 finished with values: [0.8844227190625401, 0.15819209039548024] and parameters: {'psi': 0.36215313725457576, 'lda_s': 3.333327852747824}.
[I 2025-08-10 01:58:34,417] Trial 484 finished with values: [0.8875196797669676, 0.3805668016194332] and parameters: {'psi': 0.556545530620929, 'lda_s': 0.7757155115737782}.
[I 2025-08-10 01:58:41,611] Trial 485 finished with values: [0.882221716602028, 0.3726235741444867] and parameters: {'psi': 0.6142766220005743, 'lda_s': 0.6003801945150945}.
[I 2025-08-10 01:58:48,780] Trial 486 finished with values: [0.8802813898529356, 0.23551401869158878] and parameters: {'psi': 0.43574521727912685, 'lda_s': 0.00210401633600258}.
[I 2025-08-10 01:58:55,996] Trial 487 finished with values: [0.872014888330856, 0.18860510805500982] and parameters: {'psi': 0.01721801105045917, 'lda_s': 3.001429763812531}.
[I 2025-08-10 01:59:03,174] Trial 488 finished with values: [0.8929269101949688, 0.3756345177664975] and parameters: {'psi': 0.779017906929738, 'lda_s': 2.3970726422021085}.
[I 2025-08-10 01:59:10,318] Trial 489 finished with values: [0.8864399159974601, 0.24186046511627907] and parameters: {'psi': 0.779017906929738, 'lda_s': 3.412769479440882e-08}.
[I 2025-08-10 01:59:17,523] Trial 490 finished with values: [0.8238926529092075, 0.4111111111111111] and parameters: {'psi': 0.9935583486512128, 'lda_s': 3.81497906044754}.
[I 2025-08-10 01:59:24,647] Trial 491 finished with values: [0.8861178607335432, 0.23963963963963963] and parameters: {'psi': 0.5010610561108043, 'lda_s': 1.9662824014872816e-07}.
[I 2025-08-10 01:59:31,830] Trial 492 finished with values: [0.8861553380722457, 0.23848238482384823] and parameters: {'psi': 0.556545530620929, 'lda_s': 4.518249818509586e-05}.
[I 2025-08-10 01:59:39,035] Trial 493 finished with values: [0.8875196797669676, 0.3805668016194332] and parameters: {'psi': 0.556545530620929, 'lda_s': 0.7757155115737782}.
[I 2025-08-10 01:59:46,212] Trial 494 finished with values: [0.8886071888531402, 0.19543973941368079] and parameters: {'psi': 0.779017906929738, 'lda_s': 0.03726610483189236}.
[I 2025-08-10 01:59:53,362] Trial 495 finished with values: [0.8854231141569732, 0.23992837958818264] and parameters: {'psi': 0.14597981418165884, 'lda_s': 6.5316736181818e-08}.
[I 2025-08-10 02:00:00,545] Trial 496 finished with values: [0.8244354080565952, 0.4094052558782849] and parameters: {'psi': 0.993385192133171, 'lda_s': 3.333327852747824}.
[I 2025-08-10 02:00:07,701] Trial 497 finished with values: [0.8860846308265602, 0.23942394239423942] and parameters: {'psi': 0.4945799034023771, 'lda_s': 8.271879651768287e-06}.
