[I 2025-08-10 00:13:34,012] A new study created in memory with name: no-name-7bb87ed3-f27c-4157-a27f-4f22561a7711
Mode-0 approx rank: 2/38
Estimated noise variance from mode-0: 0.0
Mode-1 approx rank: 1/17
Estimated noise variance from mode-1: 0.0002975276966598602
Mode-2 approx rank: 2/24
Estimated noise variance from mode-2: 6.892351753806831e-05
Mode-3 approx rank: 1/60
Estimated noise variance from mode-3: 3.976678523802513e-05
  0%|          | 0/500 [00:00<?, ?it/s]/mnt/ffs24/home/mondalra/Anomaly_Detection/src/proximal_ops/prox_overlapping_grouped_l21.py:405: UserWarning: Sparse CSR tensor support is in beta state. If you miss a functionality in the sparse tensor support, please submit a feature request to https://github.com/pytorch/pytorch/issues. (Triggered internally at /pytorch/aten/src/ATen/SparseCsrTensorImpl.cpp:53.)
  G_ind = torch.sparse_csr_tensor(A_r.indptr, A_r.indices, A_r.data, device=device, dtype=dtype)
                                         0%|          | 0/500 [00:08<?, ?it/s]  0%|          | 1/500 [00:08<1:08:17,  8.21s/it]                                                   0%|          | 1/500 [00:14<1:08:17,  8.21s/it]  0%|          | 2/500 [00:14<57:39,  6.95s/it]                                                   0%|          | 2/500 [00:20<57:39,  6.95s/it]  1%|          | 3/500 [00:20<54:11,  6.54s/it]                                                 1%|          | 3/500 [00:26<54:11,  6.54s/it]  1%|          | 4/500 [00:26<52:32,  6.36s/it]                                                 1%|          | 4/500 [00:32<52:32,  6.36s/it]  1%|          | 5/500 [00:32<51:34,  6.25s/it]                                                 1%|          | 5/500 [00:38<51:34,  6.25s/it]  1%|          | 6/500 [00:38<50:53,  6.18s/it]                                                 1%|          | 6/500 [00:44<50:53,  6.18s/it]  1%|▏         | 7/500 [00:44<50:26,  6.14s/it]                                                 1%|▏         | 7/500 [00:50<50:26,  6.14s/it]  2%|▏         | 8/500 [00:50<50:06,  6.11s/it]                                                 2%|▏         | 8/500 [00:56<50:06,  6.11s/it]  2%|▏         | 9/500 [00:56<50:08,  6.13s/it]                                                 2%|▏         | 9/500 [01:02<50:08,  6.13s/it]  2%|▏         | 10/500 [01:02<49:52,  6.11s/it]                                                  2%|▏         | 10/500 [01:08<49:52,  6.11s/it]  2%|▏         | 11/500 [01:08<49:36,  6.09s/it]                                                  2%|▏         | 11/500 [01:14<49:36,  6.09s/it]  2%|▏         | 12/500 [01:14<49:27,  6.08s/it]                                                  2%|▏         | 12/500 [01:21<49:27,  6.08s/it]  3%|▎         | 13/500 [01:21<49:19,  6.08s/it]                                                  3%|▎         | 13/500 [01:27<49:19,  6.08s/it]  3%|▎         | 14/500 [01:27<49:09,  6.07s/it]                                                  3%|▎         | 14/500 [01:33<49:09,  6.07s/it]  3%|▎         | 15/500 [01:33<48:59,  6.06s/it]                                                  3%|▎         | 15/500 [01:39<48:59,  6.06s/it]  3%|▎         | 16/500 [01:39<48:52,  6.06s/it]                                                  3%|▎         | 16/500 [01:45<48:52,  6.06s/it]  3%|▎         | 17/500 [01:45<48:46,  6.06s/it]                                                  3%|▎         | 17/500 [01:51<48:46,  6.06s/it]  4%|▎         | 18/500 [01:51<48:39,  6.06s/it]                                                  4%|▎         | 18/500 [01:57<48:39,  6.06s/it]  4%|▍         | 19/500 [01:57<48:34,  6.06s/it]                                                  4%|▍         | 19/500 [02:03<48:34,  6.06s/it]  4%|▍         | 20/500 [02:03<48:26,  6.05s/it]                                                  4%|▍         | 20/500 [02:09<48:26,  6.05s/it]  4%|▍         | 21/500 [02:09<48:20,  6.05s/it]                                                  4%|▍         | 21/500 [02:15<48:20,  6.05s/it]  4%|▍         | 22/500 [02:15<48:12,  6.05s/it]                                                  4%|▍         | 22/500 [02:21<48:12,  6.05s/it]  5%|▍         | 23/500 [02:21<48:05,  6.05s/it]                                                  5%|▍         | 23/500 [02:27<48:05,  6.05s/it]  5%|▍         | 24/500 [02:27<47:59,  6.05s/it]                                                  5%|▍         | 24/500 [02:33<47:59,  6.05s/it]  5%|▌         | 25/500 [02:33<47:52,  6.05s/it]                                                  5%|▌         | 25/500 [02:39<47:52,  6.05s/it]  5%|▌         | 26/500 [02:39<47:46,  6.05s/it]                                                  5%|▌         | 26/500 [02:45<47:46,  6.05s/it]  5%|▌         | 27/500 [02:45<47:40,  6.05s/it]                                                  5%|▌         | 27/500 [02:51<47:40,  6.05s/it]  6%|▌         | 28/500 [02:51<47:34,  6.05s/it]                                                  6%|▌         | 28/500 [02:57<47:34,  6.05s/it]  6%|▌         | 29/500 [02:57<47:29,  6.05s/it]                                                  6%|▌         | 29/500 [03:03<47:29,  6.05s/it]  6%|▌         | 30/500 [03:03<47:22,  6.05s/it]                                                  6%|▌         | 30/500 [03:09<47:22,  6.05s/it]  6%|▌         | 31/500 [03:09<47:16,  6.05s/it]                                                  6%|▌         | 31/500 [03:15<47:16,  6.05s/it]  6%|▋         | 32/500 [03:15<47:09,  6.05s/it]                                                  6%|▋         | 32/500 [03:21<47:09,  6.05s/it]  7%|▋         | 33/500 [03:21<47:03,  6.04s/it]                                                  7%|▋         | 33/500 [03:28<47:03,  6.04s/it]  7%|▋         | 34/500 [03:28<46:58,  6.05s/it]                                                  7%|▋         | 34/500 [03:34<46:58,  6.05s/it]  7%|▋         | 35/500 [03:34<46:51,  6.05s/it]                                                  7%|▋         | 35/500 [03:40<46:51,  6.05s/it]  7%|▋         | 36/500 [03:40<47:01,  6.08s/it]                                                  7%|▋         | 36/500 [03:46<47:01,  6.08s/it]  7%|▋         | 37/500 [03:46<46:50,  6.07s/it]                                                  7%|▋         | 37/500 [03:52<46:50,  6.07s/it]  8%|▊         | 38/500 [03:52<46:40,  6.06s/it]                                                  8%|▊         | 38/500 [03:58<46:40,  6.06s/it]  8%|▊         | 39/500 [03:58<46:32,  6.06s/it]                                                  8%|▊         | 39/500 [04:04<46:32,  6.06s/it]  8%|▊         | 40/500 [04:04<46:24,  6.05s/it]                                                  8%|▊         | 40/500 [04:10<46:24,  6.05s/it]  8%|▊         | 41/500 [04:10<46:16,  6.05s/it]                                                  8%|▊         | 41/500 [04:16<46:16,  6.05s/it]  8%|▊         | 42/500 [04:16<46:10,  6.05s/it]                                                  8%|▊         | 42/500 [04:22<46:10,  6.05s/it]  9%|▊         | 43/500 [04:22<46:04,  6.05s/it]                                                  9%|▊         | 43/500 [04:28<46:04,  6.05s/it]  9%|▉         | 44/500 [04:28<45:58,  6.05s/it]                                                  9%|▉         | 44/500 [04:34<45:58,  6.05s/it]  9%|▉         | 45/500 [04:34<45:52,  6.05s/it]                                                  9%|▉         | 45/500 [04:40<45:52,  6.05s/it]  9%|▉         | 46/500 [04:40<45:44,  6.05s/it]                                                  9%|▉         | 46/500 [04:46<45:44,  6.05s/it]  9%|▉         | 47/500 [04:46<45:39,  6.05s/it]                                                  9%|▉         | 47/500 [04:52<45:39,  6.05s/it] 10%|▉         | 48/500 [04:52<45:33,  6.05s/it]                                                 10%|▉         | 48/500 [04:58<45:33,  6.05s/it] 10%|▉         | 49/500 [04:58<45:28,  6.05s/it]                                                 10%|▉         | 49/500 [05:04<45:28,  6.05s/it] 10%|█         | 50/500 [05:04<45:23,  6.05s/it]                                                 10%|█         | 50/500 [05:10<45:23,  6.05s/it] 10%|█         | 51/500 [05:10<45:17,  6.05s/it]                                                 10%|█         | 51/500 [05:17<45:17,  6.05s/it] 10%|█         | 52/500 [05:17<45:11,  6.05s/it]                                                 10%|█         | 52/500 [05:23<45:11,  6.05s/it] 11%|█         | 53/500 [05:23<45:02,  6.05s/it]                                                 11%|█         | 53/500 [05:29<45:02,  6.05s/it] 11%|█         | 54/500 [05:29<44:58,  6.05s/it]                                                 11%|█         | 54/500 [05:35<44:58,  6.05s/it] 11%|█         | 55/500 [05:35<44:54,  6.05s/it]                                                 11%|█         | 55/500 [05:41<44:54,  6.05s/it] 11%|█         | 56/500 [05:41<44:47,  6.05s/it]                                                 11%|█         | 56/500 [05:47<44:47,  6.05s/it] 11%|█▏        | 57/500 [05:47<44:41,  6.05s/it]                                                 11%|█▏        | 57/500 [05:53<44:41,  6.05s/it] 12%|█▏        | 58/500 [05:53<44:34,  6.05s/it]                                                 12%|█▏        | 58/500 [05:59<44:34,  6.05s/it] 12%|█▏        | 59/500 [05:59<44:30,  6.05s/it]                                                 12%|█▏        | 59/500 [06:05<44:30,  6.05s/it] 12%|█▏        | 60/500 [06:05<44:22,  6.05s/it]                                                 12%|█▏        | 60/500 [06:11<44:22,  6.05s/it] 12%|█▏        | 61/500 [06:11<44:16,  6.05s/it]                                                 12%|█▏        | 61/500 [06:17<44:16,  6.05s/it] 12%|█▏        | 62/500 [06:17<44:10,  6.05s/it]                                                 12%|█▏        | 62/500 [06:23<44:10,  6.05s/it] 13%|█▎        | 63/500 [06:23<44:03,  6.05s/it]                                                 13%|█▎        | 63/500 [06:29<44:03,  6.05s/it] 13%|█▎        | 64/500 [06:29<43:58,  6.05s/it]                                                 13%|█▎        | 64/500 [06:35<43:58,  6.05s/it] 13%|█▎        | 65/500 [06:35<43:52,  6.05s/it]                                                 13%|█▎        | 65/500 [06:41<43:52,  6.05s/it] 13%|█▎        | 66/500 [06:41<43:45,  6.05s/it]                                                 13%|█▎        | 66/500 [06:47<43:45,  6.05s/it] 13%|█▎        | 67/500 [06:47<43:39,  6.05s/it]                                                 13%|█▎        | 67/500 [06:53<43:39,  6.05s/it] 14%|█▎        | 68/500 [06:53<43:31,  6.05s/it]                                                 14%|█▎        | 68/500 [06:59<43:31,  6.05s/it] 14%|█▍        | 69/500 [06:59<43:28,  6.05s/it]                                                 14%|█▍        | 69/500 [07:05<43:28,  6.05s/it] 14%|█▍        | 70/500 [07:05<43:23,  6.05s/it]                                                 14%|█▍        | 70/500 [07:11<43:23,  6.05s/it] 14%|█▍        | 71/500 [07:11<43:15,  6.05s/it]                                                 14%|█▍        | 71/500 [07:18<43:15,  6.05s/it] 14%|█▍        | 72/500 [07:18<43:08,  6.05s/it]                                                 14%|█▍        | 72/500 [07:24<43:08,  6.05s/it] 15%|█▍        | 73/500 [07:24<43:02,  6.05s/it]                                                 15%|█▍        | 73/500 [07:30<43:02,  6.05s/it] 15%|█▍        | 74/500 [07:30<43:11,  6.08s/it]                                                 15%|█▍        | 74/500 [07:36<43:11,  6.08s/it] 15%|█▌        | 75/500 [07:36<43:02,  6.08s/it]                                                 15%|█▌        | 75/500 [07:42<43:02,  6.08s/it] 15%|█▌        | 76/500 [07:42<42:52,  6.07s/it]                                                 15%|█▌        | 76/500 [07:48<42:52,  6.07s/it] 15%|█▌        | 77/500 [07:48<42:43,  6.06s/it]                                                 15%|█▌        | 77/500 [07:54<42:43,  6.06s/it] 16%|█▌        | 78/500 [07:54<42:36,  6.06s/it]                                                 16%|█▌        | 78/500 [08:00<42:36,  6.06s/it] 16%|█▌        | 79/500 [08:00<42:30,  6.06s/it]                                                 16%|█▌        | 79/500 [08:06<42:30,  6.06s/it] 16%|█▌        | 80/500 [08:06<42:22,  6.05s/it]                                                 16%|█▌        | 80/500 [08:12<42:22,  6.05s/it] 16%|█▌        | 81/500 [08:12<42:15,  6.05s/it]                                                 16%|█▌        | 81/500 [08:18<42:15,  6.05s/it] 16%|█▋        | 82/500 [08:18<42:10,  6.05s/it]                                                 16%|█▋        | 82/500 [08:24<42:10,  6.05s/it] 17%|█▋        | 83/500 [08:24<42:02,  6.05s/it]                                                 17%|█▋        | 83/500 [08:30<42:02,  6.05s/it] 17%|█▋        | 84/500 [08:30<41:56,  6.05s/it]                                                 17%|█▋        | 84/500 [08:36<41:56,  6.05s/it] 17%|█▋        | 85/500 [08:36<41:50,  6.05s/it]                                                 17%|█▋        | 85/500 [08:42<41:50,  6.05s/it] 17%|█▋        | 86/500 [08:42<41:45,  6.05s/it]                                                 17%|█▋        | 86/500 [08:48<41:45,  6.05s/it] 17%|█▋        | 87/500 [08:48<41:40,  6.05s/it]                                                 17%|█▋        | 87/500 [08:54<41:40,  6.05s/it] 18%|█▊        | 88/500 [08:54<41:34,  6.05s/it]                                                 18%|█▊        | 88/500 [09:01<41:34,  6.05s/it] 18%|█▊        | 89/500 [09:01<41:26,  6.05s/it]                                                 18%|█▊        | 89/500 [09:07<41:26,  6.05s/it] 18%|█▊        | 90/500 [09:07<41:20,  6.05s/it]                                                 18%|█▊        | 90/500 [09:13<41:20,  6.05s/it] 18%|█▊        | 91/500 [09:13<41:14,  6.05s/it]                                                 18%|█▊        | 91/500 [09:19<41:14,  6.05s/it] 18%|█▊        | 92/500 [09:19<41:07,  6.05s/it]                                                 18%|█▊        | 92/500 [09:25<41:07,  6.05s/it] 19%|█▊        | 93/500 [09:25<41:01,  6.05s/it]                                                 19%|█▊        | 93/500 [09:31<41:01,  6.05s/it] 19%|█▉        | 94/500 [09:31<40:54,  6.05s/it]                                                 19%|█▉        | 94/500 [09:37<40:54,  6.05s/it] 19%|█▉        | 95/500 [09:37<40:47,  6.04s/it]                                                 19%|█▉        | 95/500 [09:43<40:47,  6.04s/it] 19%|█▉        | 96/500 [09:43<40:40,  6.04s/it]                                                 19%|█▉        | 96/500 [09:49<40:40,  6.04s/it] 19%|█▉        | 97/500 [09:49<40:34,  6.04s/it]                                                 19%|█▉        | 97/500 [09:55<40:34,  6.04s/it] 20%|█▉        | 98/500 [09:55<40:26,  6.04s/it]                                                 20%|█▉        | 98/500 [10:01<40:26,  6.04s/it] 20%|█▉        | 99/500 [10:01<40:21,  6.04s/it]                                                 20%|█▉        | 99/500 [10:07<40:21,  6.04s/it] 20%|██        | 100/500 [10:07<40:13,  6.03s/it]                                                  20%|██        | 100/500 [10:13<40:13,  6.03s/it] 20%|██        | 101/500 [10:13<40:10,  6.04s/it]                                                  20%|██        | 101/500 [10:19<40:10,  6.04s/it] 20%|██        | 102/500 [10:19<40:05,  6.04s/it]                                                  20%|██        | 102/500 [10:25<40:05,  6.04s/it] 21%|██        | 103/500 [10:25<40:03,  6.05s/it]                                                  21%|██        | 103/500 [10:31<40:03,  6.05s/it] 21%|██        | 104/500 [10:31<39:57,  6.05s/it]                                                  21%|██        | 104/500 [10:37<39:57,  6.05s/it] 21%|██        | 105/500 [10:37<39:49,  6.05s/it]                                                  21%|██        | 105/500 [10:43<39:49,  6.05s/it] 21%|██        | 106/500 [10:43<39:56,  6.08s/it]                                                  21%|██        | 106/500 [10:49<39:56,  6.08s/it] 21%|██▏       | 107/500 [10:49<39:48,  6.08s/it]                                                  21%|██▏       | 107/500 [10:56<39:48,  6.08s/it] 22%|██▏       | 108/500 [10:56<39:39,  6.07s/it]                                                  22%|██▏       | 108/500 [11:02<39:39,  6.07s/it] 22%|██▏       | 109/500 [11:02<39:31,  6.07s/it]                                                  22%|██▏       | 109/500 [11:08<39:31,  6.07s/it] 22%|██▏       | 110/500 [11:08<39:22,  6.06s/it]                                                  22%|██▏       | 110/500 [11:14<39:22,  6.06s/it] 22%|██▏       | 111/500 [11:14<39:14,  6.05s/it]                                                  22%|██▏       | 111/500 [11:20<39:14,  6.05s/it] 22%|██▏       | 112/500 [11:20<39:08,  6.05s/it]                                                  22%|██▏       | 112/500 [11:26<39:08,  6.05s/it] 23%|██▎       | 113/500 [11:26<39:04,  6.06s/it]                                                  23%|██▎       | 113/500 [11:32<39:04,  6.06s/it] 23%|██▎       | 114/500 [11:32<38:58,  6.06s/it]                                                  23%|██▎       | 114/500 [11:38<38:58,  6.06s/it] 23%|██▎       | 115/500 [11:38<38:51,  6.06s/it]                                                  23%|██▎       | 115/500 [11:44<38:51,  6.06s/it] 23%|██▎       | 116/500 [11:44<38:44,  6.05s/it]                                                  23%|██▎       | 116/500 [11:50<38:44,  6.05s/it] 23%|██▎       | 117/500 [11:50<38:38,  6.05s/it]                                                  23%|██▎       | 117/500 [11:56<38:38,  6.05s/it] 24%|██▎       | 118/500 [11:56<38:35,  6.06s/it]                                                  24%|██▎       | 118/500 [12:02<38:35,  6.06s/it] 24%|██▍       | 119/500 [12:02<38:28,  6.06s/it]                                                  24%|██▍       | 119/500 [12:08<38:28,  6.06s/it] 24%|██▍       | 120/500 [12:08<38:22,  6.06s/it]                                                  24%|██▍       | 120/500 [12:14<38:22,  6.06s/it] 24%|██▍       | 121/500 [12:14<38:16,  6.06s/it]                                                  24%|██▍       | 121/500 [12:20<38:16,  6.06s/it] 24%|██▍       | 122/500 [12:20<38:09,  6.06s/it]                                                  24%|██▍       | 122/500 [12:26<38:09,  6.06s/it] 25%|██▍       | 123/500 [12:26<38:03,  6.06s/it]                                                  25%|██▍       | 123/500 [12:32<38:03,  6.06s/it] 25%|██▍       | 124/500 [12:32<37:55,  6.05s/it]                                                  25%|██▍       | 124/500 [12:38<37:55,  6.05s/it] 25%|██▌       | 125/500 [12:38<37:49,  6.05s/it]                                                  25%|██▌       | 125/500 [12:44<37:49,  6.05s/it] 25%|██▌       | 126/500 [12:44<37:43,  6.05s/it]                                                  25%|██▌       | 126/500 [12:51<37:43,  6.05s/it] 25%|██▌       | 127/500 [12:51<37:36,  6.05s/it]                                                  25%|██▌       | 127/500 [12:57<37:36,  6.05s/it] 26%|██▌       | 128/500 [12:57<37:30,  6.05s/it]                                                  26%|██▌       | 128/500 [13:03<37:30,  6.05s/it] 26%|██▌       | 129/500 [13:03<37:24,  6.05s/it]                                                  26%|██▌       | 129/500 [13:09<37:24,  6.05s/it] 26%|██▌       | 130/500 [13:09<37:19,  6.05s/it]                                                  26%|██▌       | 130/500 [13:15<37:19,  6.05s/it] 26%|██▌       | 131/500 [13:15<37:13,  6.05s/it]                                                  26%|██▌       | 131/500 [13:21<37:13,  6.05s/it] 26%|██▋       | 132/500 [13:21<37:06,  6.05s/it]                                                  26%|██▋       | 132/500 [13:27<37:06,  6.05s/it] 27%|██▋       | 133/500 [13:27<37:00,  6.05s/it]                                                  27%|██▋       | 133/500 [13:33<37:00,  6.05s/it] 27%|██▋       | 134/500 [13:33<36:53,  6.05s/it]                                                  27%|██▋       | 134/500 [13:39<36:53,  6.05s/it] 27%|██▋       | 135/500 [13:39<36:58,  6.08s/it]                                                  27%|██▋       | 135/500 [13:45<36:58,  6.08s/it] 27%|██▋       | 136/500 [13:45<36:49,  6.07s/it]                                                  27%|██▋       | 136/500 [13:51<36:49,  6.07s/it] 27%|██▋       | 137/500 [13:51<36:40,  6.06s/it]                                                  27%|██▋       | 137/500 [13:57<36:40,  6.06s/it] 28%|██▊       | 138/500 [13:57<36:33,  6.06s/it]                                                  28%|██▊       | 138/500 [14:03<36:33,  6.06s/it] 28%|██▊       | 139/500 [14:03<36:26,  6.06s/it]                                                  28%|██▊       | 139/500 [14:09<36:26,  6.06s/it] 28%|██▊       | 140/500 [14:09<36:19,  6.05s/it]                                                  28%|██▊       | 140/500 [14:15<36:19,  6.05s/it] 28%|██▊       | 141/500 [14:15<36:14,  6.06s/it]                                                  28%|██▊       | 141/500 [14:21<36:14,  6.06s/it] 28