[I 2025-08-10 00:13:39,860] Trial 0 finished with values: [0.951502584088791, 0.35751295336787564] and parameters: {'psi': 0.08309007548152314, 'lda_s': 6.890976848334968}.
[I 2025-08-10 00:13:45,815] Trial 1 finished with values: [0.9286787257476912, 0.23688663282571912] and parameters: {'psi': 0.9106325793808958, 'lda_s': 0.003832991576378969}.
[I 2025-08-10 00:13:51,833] Trial 2 finished with values: [0.9432610353300008, 0.23510466988727857] and parameters: {'psi': 0.03089959996991165, 'lda_s': 3.6940683035319316e-07}.
[I 2025-08-10 00:13:57,833] Trial 3 finished with values: [0.9440396509362026, 0.23778501628664495] and parameters: {'psi': 0.3606354506076299, 'lda_s': 1.2750207636121327e-07}.
[I 2025-08-10 00:14:03,810] Trial 4 finished with values: [0.93589087520122, 0.24054982817869416] and parameters: {'psi': 0.7902373033401654, 'lda_s': 8.739930527115472e-05}.
[I 2025-08-10 00:14:09,798] Trial 5 finished with values: [0.9442802677285436, 0.2366288492706645] and parameters: {'psi': 0.039228276480005264, 'lda_s': 1.6295158158717408e-05}.
[I 2025-08-10 00:14:15,782] Trial 6 finished with values: [0.8731165805303737, 0.28438228438228436] and parameters: {'psi': 0.9738600292461657, 'lda_s': 0.07141352302555937}.
[I 2025-08-10 00:14:21,749] Trial 7 finished with values: [0.9377793781242056, 0.24190800681431004] and parameters: {'psi': 0.7337571326448, 'lda_s': 3.4469886065255683e-07}.
[I 2025-08-10 00:14:27,831] Trial 8 finished with values: [0.9375739218842668, 0.24232081911262798] and parameters: {'psi': 0.73986206850803, 'lda_s': 7.051937070991994e-08}.
[I 2025-08-10 00:14:33,814] Trial 9 finished with values: [0.9454320935355418, 0.238562091503268] and parameters: {'psi': 0.26504309103516166, 'lda_s': 0.0004132399944429793}.
[I 2025-08-10 00:14:39,786] Trial 10 finished with values: [0.9416478861306448, 0.23491027732463296] and parameters: {'psi': 0.5926171900429057, 'lda_s': 1.0309446116297428e-06}.
[I 2025-08-10 00:14:45,761] Trial 11 finished with values: [0.9305100398203846, 0.28846153846153844] and parameters: {'psi': 0.3167925292152062, 'lda_s': 0.06895920014065535}.
[I 2025-08-10 00:14:51,744] Trial 12 finished with values: [0.8792662882318054, 0.10635155096011817] and parameters: {'psi': 0.9441359750247924, 'lda_s': 0.26656072331487163}.
[I 2025-08-10 00:14:57,735] Trial 13 finished with values: [0.9509489112937388, 0.4011627906976744] and parameters: {'psi': 0.10974828707028617, 'lda_s': 2.368313402295934}.
[I 2025-08-10 00:15:03,708] Trial 14 finished with values: [0.8879412013894772, 0.1] and parameters: {'psi': 0.9286412191221728, 'lda_s': 0.871401641209655}.
[I 2025-08-10 00:15:09,672] Trial 15 finished with values: [0.8720986189951706, 0.27232142857142855] and parameters: {'psi': 0.9268481853400579, 'lda_s': 0.05614088999189286}.
[I 2025-08-10 00:15:15,654] Trial 16 finished with values: [0.9472926374650513, 0.24172185430463577] and parameters: {'psi': 0.09355087766511294, 'lda_s': 0.000751418005811416}.
[I 2025-08-10 00:15:21,616] Trial 17 finished with values: [0.9411196306023892, 0.23801652892561984] and parameters: {'psi': 0.6319758768566934, 'lda_s': 0.0007223857000616795}.
[I 2025-08-10 00:15:27,591] Trial 18 finished with values: [0.9462475641785986, 0.29978586723768735] and parameters: {'psi': 0.5283878113900697, 'lda_s': 0.013280049406088082}.
[I 2025-08-10 00:15:33,564] Trial 19 finished with values: [0.9334703041599595, 0.23972602739726026] and parameters: {'psi': 0.8326067463713128, 'lda_s': 1.6756055915260804e-07}.
[I 2025-08-10 00:15:39,550] Trial 20 finished with values: [0.9496178937558248, 0.2610294117647059] and parameters: {'psi': 0.12054591842996432, 'lda_s': 0.003833090801066191}.
[I 2025-08-10 00:15:45,519] Trial 21 finished with values: [0.9446479708548673, 0.23817292006525284] and parameters: {'psi': 0.25728374232428497, 'lda_s': 3.8754763796813463e-07}.
[I 2025-08-10 00:15:51,468] Trial 22 finished with values: [0.9374044734389563, 0.24232081911262798] and parameters: {'psi': 0.745095461444024, 'lda_s': 2.9547892641825626e-08}.
[I 2025-08-10 00:15:57,430] Trial 23 finished with values: [0.8892218080149115, 0.22444889779559118] and parameters: {'psi': 0.6419940987463257, 'lda_s': 2.2100838504036506}.
[I 2025-08-10 00:16:03,388] Trial 24 finished with values: [0.9211874099805135, 0.3125] and parameters: {'psi': 0.5925229828345555, 'lda_s': 0.024378711875153527}.
[I 2025-08-10 00:16:09,337] Trial 25 finished with values: [0.9392603575362196, 0.24] and parameters: {'psi': 0.6859417956909278, 'lda_s': 3.18889481692029e-08}.
[I 2025-08-10 00:16:15,303] Trial 26 finished with values: [0.9438295348640177, 0.23778501628664495] and parameters: {'psi': 0.3965999921249115, 'lda_s': 6.799304338857355e-07}.
[I 2025-08-10 00:16:21,264] Trial 27 finished with values: [0.8493832076590697, 0.09090909090909091] and parameters: {'psi': 0.7781996962315267, 'lda_s': 1.1250701717153457}.
[I 2025-08-10 00:16:27,217] Trial 28 finished with values: [0.9235698551215793, 0.2718052738336714] and parameters: {'psi': 0.7495156042021678, 'lda_s': 0.010500433743843825}.
[I 2025-08-10 00:16:33,168] Trial 29 finished with values: [0.89876260272812, 0.1986062717770035] and parameters: {'psi': 0.60420034979725, 'lda_s': 0.04699476730771335}.
[I 2025-08-10 00:16:39,131] Trial 30 finished with values: [0.9453893078031009, 0.237012987012987] and parameters: {'psi': 0.10332514941148907, 'lda_s': 2.6952444465443148e-05}.
[I 2025-08-10 00:16:45,088] Trial 31 finished with values: [0.9381140388036939, 0.23645320197044334] and parameters: {'psi': 0.9915413191003225, 'lda_s': 7.784928531194548e-05}.
[I 2025-08-10 00:16:51,060] Trial 32 finished with values: [0.8648699483182241, 0.19522776572668113] and parameters: {'psi': 0.5667629714404114, 'lda_s': 2.3929789827839687}.
[I 2025-08-10 00:16:56,999] Trial 33 finished with values: [0.9414517495551978, 0.2360655737704918] and parameters: {'psi': 0.6028041195847417, 'lda_s': 2.6973496391358144e-05}.
[I 2025-08-10 00:17:02,945] Trial 34 finished with values: [0.9373587223587223, 0.24273504273504273] and parameters: {'psi': 0.7466305192501906, 'lda_s': 1.7320067875144379e-06}.
[I 2025-08-10 00:17:09,011] Trial 35 finished with values: [0.9393662628145387, 0.24040066777963273] and parameters: {'psi': 0.6824101264668093, 'lda_s': 7.71565567070574e-07}.
[I 2025-08-10 00:17:14,961] Trial 36 finished with values: [0.9346267897992037, 0.24054982817869416] and parameters: {'psi': 0.8161045420838583, 'lda_s': 9.397649776872424e-05}.
[I 2025-08-10 00:17:20,932] Trial 37 finished with values: [0.9429818690163518, 0.233387358184765] and parameters: {'psi': 0.5121974883331871, 'lda_s': 2.3734280688469438e-06}.
[I 2025-08-10 00:17:26,888] Trial 38 finished with values: [0.9228721511480131, 0.2534562211981567] and parameters: {'psi': 0.3431674120887368, 'lda_s': 8.885330869925562}.
[I 2025-08-10 00:17:32,851] Trial 39 finished with values: [0.9270291451325935, 0.3109048723897912] and parameters: {'psi': 0.6298529288126319, 'lda_s': 0.016829194546337668}.
[I 2025-08-10 00:17:38,817] Trial 40 finished with values: [0.8654130305854445, 0.20675105485232068] and parameters: {'psi': 0.573497403248536, 'lda_s': 8.247184859685389}.
[I 2025-08-10 00:17:44,756] Trial 41 finished with values: [0.9448030161823264, 0.23817292006525284] and parameters: {'psi': 0.27443873312471245, 'lda_s': 7.022129555656874e-05}.
[I 2025-08-10 00:17:50,728] Trial 42 finished with values: [0.9374358214013386, 0.24232081911262798] and parameters: {'psi': 0.7440061767370505, 'lda_s': 4.552252950882559e-08}.
[I 2025-08-10 00:17:56,682] Trial 43 finished with values: [0.9317864102346862, 0.24067796610169492] and parameters: {'psi': 0.8646356211000464, 'lda_s': 0.0003608406646706651}.
[I 2025-08-10 00:18:02,663] Trial 44 finished with values: [0.9501372532407016, 0.3444730077120823] and parameters: {'psi': 0.23149052863034747, 'lda_s': 3.2287855717217457}.
[I 2025-08-10 00:18:08,619] Trial 45 finished with values: [0.9393552486655935, 0.32779097387173395] and parameters: {'psi': 0.4080614856697685, 'lda_s': 0.01876076032901489}.
[I 2025-08-10 00:18:14,569] Trial 46 finished with values: [0.9429390832839109, 0.23376623376623376] and parameters: {'psi': 0.5238334563608021, 'lda_s': 4.783322445093462e-05}.
[I 2025-08-10 00:18:20,542] Trial 47 finished with values: [0.9481233584681861, 0.35294117647058826] and parameters: {'psi': 0.20754594260532833, 'lda_s': 0.29454797354612094}.
[I 2025-08-10 00:18:26,514] Trial 48 finished with values: [0.9491519105312208, 0.33753148614609574] and parameters: {'psi': 0.21964765975716216, 'lda_s': 0.08788082157139872}.
[I 2025-08-10 00:18:32,500] Trial 49 finished with values: [0.9428818944336186, 0.23376623376623376] and parameters: {'psi': 0.5204811381313671, 'lda_s': 1.1176904872567039e-07}.
[I 2025-08-10 00:18:38,464] Trial 50 finished with values: [0.9330674404812336, 0.23920265780730898] and parameters: {'psi': 0.9495839810985545, 'lda_s': 0.0001995626203265467}.
[I 2025-08-10 00:18:44,425] Trial 51 finished with values: [0.9377793781242056, 0.24190800681431004] and parameters: {'psi': 0.7337571326448, 'lda_s': 3.4469886065255683e-07}.
[I 2025-08-10 00:18:50,398] Trial 52 finished with values: [0.9045721426755909, 0.19448476052249636] and parameters: {'psi': 0.9768745014485041, 'lda_s': 1.164614094054309}.
[I 2025-08-10 00:18:56,387] Trial 53 finished with values: [0.9448830805727357, 0.2347266881028939] and parameters: {'psi': 0.07090543605717015, 'lda_s': 2.1544707663427572e-08}.
[I 2025-08-10 00:19:02,342] Trial 54 finished with values: [0.9461996949927984, 0.23973727422003285] and parameters: {'psi': 0.19173405468591165, 'lda_s': 0.000751418005811416}.
[I 2025-08-10 00:19:08,306] Trial 55 finished with values: [0.9418876556807592, 0.24067796610169492] and parameters: {'psi': 0.5444316553682408, 'lda_s': 0.003833090801066191}.
[I 2025-08-10 00:19:14,252] Trial 56 finished with values: [0.9258544437854783, 0.3018867924528302] and parameters: {'psi': 0.4080614856697685, 'lda_s': 0.08788082157139872}.
[I 2025-08-10 00:19:20,212] Trial 57 finished with values: [0.9444522579005338, 0.24489795918367346] and parameters: {'psi': 0.3769476991927836, 'lda_s': 0.003833090801066191}.
[I 2025-08-10 00:19:26,174] Trial 58 finished with values: [0.9332449377276962, 0.3434343434343434] and parameters: {'psi': 0.4558434519877219, 'lda_s': 0.038036665198867184}.
[I 2025-08-10 00:19:32,153] Trial 59 finished with values: [0.9481271710582057, 0.35294117647058826] and parameters: {'psi': 0.20754594260532833, 'lda_s': 1.784436328759295}.
[I 2025-08-10 00:19:38,125] Trial 60 finished with values: [0.9450144031178515, 0.23548387096774193] and parameters: {'psi': 0.08309007548152314, 'lda_s': 1.317599675992512e-08}.
[I 2025-08-10 00:19:44,083] Trial 61 finished with values: [0.8697801406422097, 0.1737704918032787] and parameters: {'psi': 0.5562392390002922, 'lda_s': 0.3459129006004631}.
[I 2025-08-10 00:19:50,039] Trial 62 finished with values: [0.9312907735321528, 0.23960066555740434] and parameters: {'psi': 0.9265175677129998, 'lda_s': 2.5315677731161366e-07}.
[I 2025-08-10 00:19:56,010] Trial 63 finished with values: [0.9438295348640177, 0.23778501628664495] and parameters: {'psi': 0.3965999921249115, 'lda_s': 6.799304338857355e-07}.
[I 2025-08-10 00:20:01,996] Trial 64 finished with values: [0.9508421587731933, 0.3954154727793696] and parameters: {'psi': 0.1129424701964804, 'lda_s': 0.037785597952109035}.
[I 2025-08-10 00:20:07,976] Trial 65 finished with values: [0.9385257985257986, 0.2440677966101695] and parameters: {'psi': 0.7103805244188128, 'lda_s': 3.640491972521174e-07}.
[I 2025-08-10 00:20:13,934] Trial 66 finished with values: [0.9449262899262899, 0.23778501628664495] and parameters: {'psi': 0.23149052863034747, 'lda_s': 3.323770594513054e-05}.
[I 2025-08-10 00:20:19,897] Trial 67 finished with values: [0.9318728289417945, 0.24] and parameters: {'psi': 0.9360603860552832, 'lda_s': 9.397649776872424e-05}.
[I 2025-08-10 00:20:25,854] Trial 68 finished with values: [0.9264564093874439, 0.2888402625820569] and parameters: {'psi': 0.868532596966863, 'lda_s': 0.024378711875153527}.
[I 2025-08-10 00:20:31,831] Trial 69 finished with values: [0.9070257561636873, 0.17304492512479203] and parameters: {'psi': 0.6741443067887308, 'lda_s': 0.10657435189489585}.
[I 2025-08-10 00:20:37,811] Trial 70 finished with values: [0.9434567482843345, 0.23817292006525284] and parameters: {'psi': 0.46008165733760775, 'lda_s': 4.8180385996690896e-08}.
[I 2025-08-10 00:20:43,791] Trial 71 finished with values: [0.8355570617639583, 0.13804173354735153] and parameters: {'psi': 0.8193926268007504, 'lda_s': 2.2100838504036506}.
[I 2025-08-10 00:20:49,756] Trial 72 finished with values: [0.948505041091248, 0.2581818181818182] and parameters: {'psi': 0.13643765118286277, 'lda_s': 0.004076662277586149}.
[I 2025-08-10 00:20:55,840] Trial 73 finished with values: [0.9303126323815979, 0.3394255874673629] and parameters: {'psi': 0.4394989716885136, 'lda_s': 1.7000032968761063}.
[I 2025-08-10 00:21:01,811] Trial 74 finished with values: [0.9167432008811319, 0.29508196721311475] and parameters: {'psi': 0.5617279660001449, 'lda_s': 0.032991691296456044}.
[I 2025-08-10 00:21:07,765] Trial 75 finished with values: [0.895235956960095, 0.13748378728923477] and parameters: {'psi': 0.5213833221193712, 'lda_s': 0.18166583094864683}.
[I 2025-08-10 00:21:13,735] Trial 76 finished with values: [0.9323616877065153, 0.2408026755852843] and parameters: {'psi': 0.9559583589010189, 'lda_s': 0.002891858035885585}.
[I 2025-08-10 00:21:19,689] Trial 77 finished with values: [0.9317864102346862, 0.24067796610169492] and parameters: {'psi': 0.8646356211000464, 'lda_s': 0.0003608406646706651}.
[I 2025-08-10 00:21:25,670] Trial 78 finished with values: [0.9510086418707108, 0.35844155844155845] and parameters: {'psi': 0.10974828707028617, 'lda_s': 0.01014099149153817}.
[I 2025-08-10 00:21:31,637] Trial 79 finished with values: [0.9101889350165212, 0.21490467937608318] and parameters: {'psi': 0.7648044620030854, 'lda_s': 0.10215193334488842}.
[I 2025-08-10 00:21:37,595] Trial 80 finished with values: [0.9446543251715666, 0.23817292006525284] and parameters: {'psi': 0.25728374232428497, 'lda_s': 1.7320067875144379e-06}.
[I 2025-08-10 00:21:43,557] Trial 81 finished with values: [0.9441531813945606, 0.23778501628664495] and parameters: {'psi': 0.3606354506076299, 'lda_s': 3.776022579292487e-05}.
[I 2025-08-10 00:21:49,527] Trial 82 finished with values: [0.9440396509362026, 0.23778501628664495] and parameters: {'psi': 0.3606354506076299, 'lda_s': 1.2750207636121327e-07}.
[I 2025-08-10 00:21:55,496] Trial 83 finished with values: [0.9116733033974413, 0.16772151898734178] and parameters: {'psi': 0.7001258606725088, 'lda_s': 0.07141352302555937}.
[I 2025-08-10 00:22:01,462] Trial 84 finished with values: [0.8888557993730406, 0.22869955156950672] and parameters: {'psi': 0.5204811381313671, 'lda_s': 3.2287855717217457}.
[I 2025-08-10 00:22:07,431] Trial 85 finished with values: [0.9449173938829111, 0.23778501628664495] and parameters: {'psi': 0.2103021561800288, 'lda_s': 8.32211840837339e-06}.
[I 2025-08-10 00:22:13,416] Trial 86 finished with values: [0.9501372532407016, 0.3444730077120823] and parameters: {'psi': 0.23149052863034747, 'lda_s': 1.0829800491336563}.
[I 2025-08-10 00:22:19,378] Trial 87 finished with values: [0.9470922646784715, 0.2813186813186813] and parameters: {'psi': 0.1569234151534682, 'lda_s': 0.013280049406088082}.
[I 2025-08-10 00:22:25,324] Trial 88 finished with values: [0.9380530373633822, 0.24273504273504273] and parameters: {'psi': 0.7296568973895804, 'lda_s': 0.0006548751156086279}.
[I 2025-08-10 00:22:31,289] Trial 89 finished with values: [0.9270871812251124, 0.2626728110599078] and parameters: {'psi': 0.3297603247006705, 'lda_s': 0.08788082157139872}.
[I 2025-08-10 00:22:37,272] Trial 90 finished with values: [0.9492925527408285, 0.3333333333333333] and parameters: {'psi': 0.21964765975716216, 'lda_s': 8.223848241784234}.
[I 2025-08-10 00:22:43,256] Trial 91 finished with values: [0.8703634669151911, 0.1645021645021645] and parameters: {'psi': 0.7787752494829348, 'lda_s': 0.35870678510602594}.
[I 2025-08-10 00:22:49,224] Trial 92 finished with values: [0.9513496568668983, 0.3167420814479638] and parameters: {'psi': 0.08309007548152314, 'lda_s': 0.004935493215878734}.
[I 2025-08-10 00:22:55,200] Trial 93 finished with values: [0.949767008387698, 0.3710144927536232] and parameters: {'psi': 0.1274801027990622, 'lda_s': 0.9449533838047256}.
[I 2025-08-10 00:23:01,163] Trial 94 finished with values: [0.8996581377615861, 0.20774647887323944] and parameters: {'psi': 0.6028041195847417, 'lda_s': 0.043749504607734566}.
[I 2025-08-10 00:23:07,142] Trial 95 finished with values: [0.9442802677285436, 0.2366288492706645] and parameters: {'psi': 0.039228276480005264, 'lda_s': 1.6295158158717408e-05}.
[I 2025-08-10 00:23:13,099] Trial 96 finished with values: [0.9357443022960265, 0.23880597014925373] and parameters: {'psi': 0.9738600292461657, 'lda_s': 0.0007710157391698435}.
[I 2025-08-10 00:23:19,072] Trial 97 finished with values: [0.9334783529611117, 0.24013722126929674] and parameters: {'psi': 0.8326067463713128, 'lda_s': 1.3859427367140724e-05}.
[I 2025-08-10 00:23:25,029] Trial 98 finished with values: [0.940709988985851, 0.311804008908686] and parameters: {'psi': 0.38672474641732635, 'lda_s': 0.013280049406088082}.
[I 2025-08-10 00:23:30,992] Trial 99 finished with values: [0.9442082521392866, 0.23817292006525284] and parameters: {'psi': 0.3376771450370427, 'lda_s': 2.3734280688469438e-06}.
[I 2025-08-10 00:23:36,942] Trial 100 finished with values: [0.9446001016690672, 0.23817292006525284] and parameters: {'psi': 0.3136139688607552, 'lda_s': 8.82939702703864e-05}.
[I 2025-08-10 00:23:42,896] Trial 101 finished with values: [0.8925870541387783, 0.17403708987161198] and parameters: {'psi': 0.7337571326448, 'lda_s': 0.8060407499471549}.
[I 2025-08-10 00:23:48,855] Trial 102 finished with values: [0.9301258154706431, 0.24179620034542315] and parameters: {'psi': 0.9703735765843327, 'lda_s': 0.01308995104561855}.
[I 2025-08-10 00:23:54,831] Trial 103 finished with values: [0.9450910785393545, 0.23624595469255663] and parameters: {'psi': 0.1569234151534682, 'lda_s': 3.4469886065255683e-07}.
[I 2025-08-10 00:24:00,810] Trial 104 finished with values: [0.945088960433788, 0.23624595469255663] and parameters: {'psi': 0.1569234151534682, 'lda_s': 1.0944900957277515e-07}.
[I 2025-08-10 00:24:06,872] Trial 105 finished with values: [0.8705998474963993, 0.2033195020746888] and parameters: {'psi': 0.5821885711351747, 'lda_s': 0.9449533838047256}.
[I 2025-08-10 00:24:12,850] Trial 106 finished with values: [0.9515576548335168, 0.3780821917808219] and parameters: {'psi': 0.09210420021991794, 'lda_s': 1.0829800491336563}.
[I 2025-08-10 00:24:18,801] Trial 107 finished with values: [0.9408154706430567, 0.23645320197044334] and parameters: {'psi': 0.6298529288126319, 'lda_s': 1.8558740751139055e-05}.
[I 2025-08-10 00:24:24,770] Trial 108 finished with values: [0.9464568330085571, 0.2907488986784141] and parameters: {'psi': 0.1691159894437162, 'lda_s': 0.014772289064349166}.
[I 2025-08-10 00:24:30,747] Trial 109 finished with values: [0.9449487418452935, 0.23778501628664495] and parameters: {'psi': 0.22287007732355568, 'lda_s': 2.6952444465443148e-05}.
[I 2025-08-10 00:24:36,719] Trial 110 finished with values: [0.9481271710582057, 0.35294117647058826] and parameters: {'psi': 0.20754594260532833, 'lda_s': 1.784436328759295}.
[I 2025-08-10 00:24:42,719] Trial 111 finished with values: [0.9509489112937388, 0.4011627906976744] and parameters: {'psi': 0.10974828707028617, 'lda_s': 1.0829800491336563}.
[I 2025-08-10 00:24:48,721] Trial 112 finished with values: [0.9492925527408285, 0.3333333333333333] and parameters: {'psi': 0.21964765975716216, 'lda_s': 8.223848241784234}.
[I 2025-08-10 00:24:54,692] Trial 113 finished with values: [0.8974298907057526, 0.24833702882483372] and parameters: {'psi': 0.5112123953462056, 'lda_s': 1.0518455663828383}.
[I 2025-08-10 00:25:00,669] Trial 114 finished with values: [0.9446327204947895, 0.23817292006525284] and parameters: {'psi': 0.26069407018362745, 'lda_s': 6.928256735614781e-07}.
[I 2025-08-10 00:25:06,645] Trial 115 finished with values: [0.9432610353300008, 0.23414634146341465] and parameters: {'psi': 0.48584324751978103, 'lda_s': 1.2549459886376337e-06}.
[I 2025-08-10 00:25:12,623] Trial 116 finished with values: [0.9390743878674913, 0.32558139534883723] and parameters: {'psi': 0.38386035031523724, 'lda_s': 0.016829194546337668}.
[I 2025-08-10 00:25:18,599] Trial 117 finished with values: [0.9426150131322545, 0.23414634146341465] and parameters: {'psi': 0.5411799831011639, 'lda_s': 8.526055938914527e-07}.
[I 2025-08-10 00:25:24,556] Trial 118 finished with values: [0.925395238498687, 0.31100478468899523] and parameters: {'psi': 0.868532596966863, 'lda_s': 0.030507246340616644}.
[I 2025-08-10 00:25:30,525] Trial 119 finished with values: [0.9490989578920612, 0.3582887700534759] and parameters: {'psi': 0.25728374232428497, 'lda_s': 6.890976848334968}.
[I 2025-08-10 00:25:36,475] Trial 120 finished with values: [0.9258544437854783, 0.3018867924528302] and parameters: {'psi': 0.4080614856697685, 'lda_s': 0.08788082157139872}.
[I 2025-08-10 00:25:42,436] Trial 121 finished with values: [0.940709988985851, 0.311804008908686] and parameters: {'psi': 0.38672474641732635, 'lda_s': 0.013280049406088082}.
[I 2025-08-10 00:25:48,413] Trial 122 finished with values: [0.94430695585868, 0.3450134770889488] and parameters: {'psi': 0.27443873312471245, 'lda_s': 0.20125930162695965}.
[I 2025-08-10 00:25:54,361] Trial 123 finished with values: [0.9288435143607556, 0.2768595041322314] and parameters: {'psi': 0.9411562258546311, 'lda_s': 0.024378711875153527}.
