[I 2025-08-10 02:00:14,889] Trial 498 finished with values: [0.8496942182293773, 0.40117994100294985] and parameters: {'psi': 0.9143293754647627, 'lda_s': 4.32895970121815}.
[I 2025-08-10 02:00:22,068] Trial 499 finished with values: [0.8886498297362861, 0.26393629124004553] and parameters: {'psi': 0.7967747865548125, 'lda_s': 0.08943399237170793}.
