[I 2025-08-10 02:02:21,260] Trial 495 finished with values: [0.5185232352197687, 0.06627906976744186] and parameters: {'psi': 0.7427875030808916, 'lda_s': 1.3832504130971682e-06}.
[I 2025-08-10 02:02:27,613] Trial 496 finished with values: [0.5188008849991934, 0.0674026728646136] and parameters: {'psi': 0.7196826263601205, 'lda_s': 1.7259667382760508e-07}.
[I 2025-08-10 02:02:33,994] Trial 497 finished with values: [0.5661003627526096, 0.06427015250544663] and parameters: {'psi': 0.7310024780281794, 'lda_s': 0.6434588189849462}.
[I 2025-08-10 02:02:40,369] Trial 498 finished with values: [0.5157656544868197, 0.04013377926421405] and parameters: {'psi': 0.20621174002250153, 'lda_s': 2.709350600758739}.
[I 2025-08-10 02:02:46,757] Trial 499 finished with values: [0.5655000852864135, 0.07411504424778761] and parameters: {'psi': 0.7661268704666481, 'lda_s': 7.7179639178934}.
