[I 2025-08-10 01:55:30,718] Trial 124 finished with values: [0.7769691858276879, 0.12510566356720204] and parameters: {'psi': 0.882256726501736, 'lda_s': 1.2621298035461848e-08}.
[I 2025-08-10 01:55:36,716] Trial 125 finished with values: [0.7884431409170655, 0.11842105263157894] and parameters: {'psi': 0.4346936952226602, 'lda_s': 2.702016628296256e-06}.
[I 2025-08-10 01:55:42,705] Trial 126 finished with values: [0.7905295146204273, 0.11712707182320442] and parameters: {'psi': 0.643453585001411, 'lda_s': 0.31869351772875915}.
[I 2025-08-10 01:55:48,701] Trial 127 finished with values: [0.7923739899233994, 0.1496881496881497] and parameters: {'psi': 0.8857878418270775, 'lda_s': 6.714580551490801}.
[I 2025-08-10 01:55:54,706] Trial 128 finished with values: [0.7800749885041208, 0.12405699916177704] and parameters: {'psi': 0.8141232904890873, 'lda_s': 8.029297179193395e-08}.
[I 2025-08-10 01:56:00,684] Trial 129 finished with values: [0.789105834951287, 0.1476923076923077] and parameters: {'psi': 0.80890899028261, 'lda_s': 1.1216201390671505}.
[I 2025-08-10 01:56:06,653] Trial 130 finished with values: [0.7793655937342447, 0.12426532325776658] and parameters: {'psi': 0.8288250476540705, 'lda_s': 1.770793802180355e-05}.
[I 2025-08-10 01:56:12,635] Trial 131 finished with values: [0.788022019274608, 0.1186161449752883] and parameters: {'psi': 0.4801392795755518, 'lda_s': 3.097054483102101e-07}.
[I 2025-08-10 01:56:18,620] Trial 132 finished with values: [0.7872215050938033, 0.12016460905349795] and parameters: {'psi': 0.5512719448799811, 'lda_s': 8.029297179193395e-08}.
[I 2025-08-10 01:56:24,602] Trial 133 finished with values: [0.7880802118143244, 0.1186161449752883] and parameters: {'psi': 0.46087278782654006, 'lda_s': 1.1691584836511829e-05}.
[I 2025-08-10 01:56:30,698] Trial 134 finished with values: [0.7885885407642002, 0.11842105263157894] and parameters: {'psi': 0.42070965525933435, 'lda_s': 2.0934223414952633e-07}.
[I 2025-08-10 01:56:36,688] Trial 135 finished with values: [0.7914282388997731, 0.14860681114551083] and parameters: {'psi': 0.8645085451561233, 'lda_s': 3.5953217624665785}.
[I 2025-08-10 01:56:42,680] Trial 136 finished with values: [0.7859514569896006, 0.12056151940545004] and parameters: {'psi': 0.6281967350918983, 'lda_s': 1.241967643698097e-05}.
[I 2025-08-10 01:56:48,665] Trial 137 finished with values: [0.7821485663689174, 0.11138411138411139] and parameters: {'psi': 0.13014701813512686, 'lda_s': 0.0001602408849665105}.
[I 2025-08-10 01:56:54,672] Trial 138 finished with values: [0.7894145651199784, 0.1162981162981163] and parameters: {'psi': 0.22818459753864295, 'lda_s': 2.3305954062082223e-08}.
[I 2025-08-10 01:57:00,632] Trial 139 finished with values: [0.7858049161122754, 0.1186161449752883] and parameters: {'psi': 0.46049443574220184, 'lda_s': 0.0002180123533372691}.
[I 2025-08-10 01:57:06,647] Trial 140 finished with values: [0.7878997660399095, 0.108] and parameters: {'psi': 0.086642773420744, 'lda_s': 5.020781787413052}.
[I 2025-08-10 01:57:12,646] Trial 141 finished with values: [0.7989673513771502, 0.15200868621064062] and parameters: {'psi': 0.5026457860232199, 'lda_s': 3.5953217624665785}.
[I 2025-08-10 01:57:18,630] Trial 142 finished with values: [0.7766153849664708, 0.12573344509639564] and parameters: {'psi': 0.9639900721532346, 'lda_s': 4.950434117809204e-06}.
[I 2025-08-10 01:57:24,637] Trial 143 finished with values: [0.7850295860978186, 0.1222130470685384] and parameters: {'psi': 0.6773780345855961, 'lda_s': 1.0476165938700508e-07}.
[I 2025-08-10 01:57:30,639] Trial 144 finished with values: [0.7658962213481207, 0.11201298701298701] and parameters: {'psi': 0.03032528095553988, 'lda_s': 1.831547676372666e-05}.
[I 2025-08-10 01:57:36,630] Trial 145 finished with values: [0.776216105901946, 0.125] and parameters: {'psi': 0.8972713022212869, 'lda_s': 8.08859144037274e-08}.
[I 2025-08-10 01:57:42,606] Trial 146 finished with values: [0.7839993988400938, 0.11156685808039377] and parameters: {'psi': 0.11089660763772935, 'lda_s': 5.896325654218841e-05}.
[I 2025-08-10 01:57:48,594] Trial 147 finished with values: [0.785785926109819, 0.10516431924882629] and parameters: {'psi': 0.0723754309707334, 'lda_s': 0.6057494218203631}.
[I 2025-08-10 01:57:54,587] Trial 148 finished with values: [0.7767829534001639, 0.125] and parameters: {'psi': 0.8780447264016038, 'lda_s': 0.00012618675167605774}.
[I 2025-08-10 01:58:00,566] Trial 149 finished with values: [0.7876520809864109, 0.11302211302211303] and parameters: {'psi': 0.13838289751367294, 'lda_s': 1.1486291711391692e-05}.
[I 2025-08-10 01:58:06,583] Trial 150 finished with values: [0.7937695513485592, 0.1175115207373272] and parameters: {'psi': 0.31702328010986236, 'lda_s': 3.5953217624665785}.
[I 2025-08-10 01:58:12,588] Trial 151 finished with values: [0.7947345368811114, 0.1458966565349544] and parameters: {'psi': 0.9583225634886606, 'lda_s': 0.31869351772875915}.
[I 2025-08-10 01:58:18,579] Trial 152 finished with values: [0.7953284430952757, 0.1372299872935197] and parameters: {'psi': 0.36326570410434245, 'lda_s': 3.5953217624665785}.
[I 2025-08-10 01:58:24,592] Trial 153 finished with values: [0.7984402769312873, 0.14925373134328357] and parameters: {'psi': 0.46049443574220184, 'lda_s': 1.8149613633718247}.
[I 2025-08-10 01:58:30,596] Trial 154 finished with values: [0.7927964971025169, 0.10869565217391304] and parameters: {'psi': 0.1740493236014472, 'lda_s': 3.5953217624665785}.
[I 2025-08-10 01:58:36,582] Trial 155 finished with values: [0.7913332073853343, 0.10770855332629356] and parameters: {'psi': 0.12317023113887615, 'lda_s': 1.6828716515107158}.
[I 2025-08-10 01:58:42,577] Trial 156 finished with values: [0.7893026626591513, 0.147239263803681] and parameters: {'psi': 0.8216293888586347, 'lda_s': 0.6199128284024843}.
[I 2025-08-10 01:58:48,578] Trial 157 finished with values: [0.7885547988714232, 0.11842105263157894] and parameters: {'psi': 0.41800142968337584, 'lda_s': 4.497424537179471e-06}.
[I 2025-08-10 01:58:54,578] Trial 158 finished with values: [0.7690038985741524, 0.0989282769991756] and parameters: {'psi': 0.026351812460697843, 'lda_s': 0.6199128284024843}.
[I 2025-08-10 01:59:00,548] Trial 159 finished with values: [0.7899136843261737, 0.14814814814814814] and parameters: {'psi': 0.8216293888586347, 'lda_s': 3.5953217624665785}.
[I 2025-08-10 01:59:06,557] Trial 160 finished with values: [0.7887701275688055, 0.11076923076923077] and parameters: {'psi': 0.09391479033205408, 'lda_s': 0.44589799022446164}.
[I 2025-08-10 01:59:12,568] Trial 161 finished with values: [0.7959450069089379, 0.1444866920152091] and parameters: {'psi': 0.3795987511690867, 'lda_s': 1.1216201390671505}.
[I 2025-08-10 01:59:18,572] Trial 162 finished with values: [0.7857629425016956, 0.1222130470685384] and parameters: {'psi': 0.643453585001411, 'lda_s': 1.5892190682866632e-08}.
[I 2025-08-10 01:59:24,541] Trial 163 finished with values: [0.7925969798234892, 0.14472361809045226] and parameters: {'psi': 0.9812259303906526, 'lda_s': 0.6057494218203631}.
[I 2025-08-10 01:59:30,546] Trial 164 finished with values: [0.7618744159351712, 0.10918544194107452] and parameters: {'psi': 0.8092233035388908, 'lda_s': 0.011769931047351846}.
[I 2025-08-10 01:59:36,551] Trial 165 finished with values: [0.7939026443700673, 0.12121212121212122] and parameters: {'psi': 0.3217115825494604, 'lda_s': 0.6057494218203631}.
[I 2025-08-10 01:59:42,523] Trial 166 finished with values: [0.7893715319813648, 0.1162981162981163] and parameters: {'psi': 0.2282957263099894, 'lda_s': 1.5445531446840272e-06}.
[I 2025-08-10 01:59:48,535] Trial 167 finished with values: [0.787868306207514, 0.1186161449752883] and parameters: {'psi': 0.49472758543056305, 'lda_s': 2.7894095210274446e-08}.
[I 2025-08-10 01:59:54,539] Trial 168 finished with values: [0.7872998286661668, 0.13963039014373715] and parameters: {'psi': 0.7253322758378427, 'lda_s': 5.383255048824214}.
[I 2025-08-10 02:00:00,506] Trial 169 finished with values: [0.7753570731727991, 0.12510566356720204] and parameters: {'psi': 0.911750543801263, 'lda_s': 3.192234411038606e-05}.
[I 2025-08-10 02:00:06,511] Trial 170 finished with values: [0.787163149549774, 0.13114754098360656] and parameters: {'psi': 0.6984797132520761, 'lda_s': 3.5953217624665785}.
[I 2025-08-10 02:00:12,524] Trial 171 finished with values: [0.7924447337952115, 0.10710382513661203] and parameters: {'psi': 0.2630096998722513, 'lda_s': 0.8987654456106534}.
[I 2025-08-10 02:00:18,619] Trial 172 finished with values: [0.776659885143901, 0.125] and parameters: {'psi': 0.8878123739806477, 'lda_s': 1.1691584836511829e-05}.
[I 2025-08-10 02:00:24,595] Trial 173 finished with values: [0.7880139505611179, 0.14534288638689866] and parameters: {'psi': 0.7683217153206776, 'lda_s': 0.6199128284024843}.
[I 2025-08-10 02:00:30,606] Trial 174 finished with values: [0.7845022671454864, 0.10081008100810081] and parameters: {'psi': 0.06511233240773318, 'lda_s': 3.5953217624665785}.
[I 2025-08-10 02:00:36,609] Trial 175 finished with values: [0.7766808311981126, 0.125] and parameters: {'psi': 0.8878123739806477, 'lda_s': 2.9903959704435215e-06}.
[I 2025-08-10 02:00:42,587] Trial 176 finished with values: [0.7788983418712276, 0.12426532325776658] and parameters: {'psi': 0.8405653026953227, 'lda_s': 8.029297179193395e-08}.
[I 2025-08-10 02:00:48,598] Trial 177 finished with values: [0.7797550925399935, 0.12426532325776658] and parameters: {'psi': 0.8216293888586347, 'lda_s': 3.716663047405249e-08}.
[I 2025-08-10 02:00:54,601] Trial 178 finished with values: [0.7805195012654841, 0.11570247933884298] and parameters: {'psi': 0.4801392795755518, 'lda_s': 0.001053384285501446}.
[I 2025-08-10 02:01:00,583] Trial 179 finished with values: [0.7741908588159333, 0.11970074812967581] and parameters: {'psi': 0.7616283461100383, 'lda_s': 0.0024377511429785}.
[I 2025-08-10 02:01:06,576] Trial 180 finished with values: [0.7893612627096499, 0.1162981162981163] and parameters: {'psi': 0.22444273685942107, 'lda_s': 1.5307023894056656e-06}.
[I 2025-08-10 02:01:12,576] Trial 181 finished with values: [0.7857521027148857, 0.1222130470685384] and parameters: {'psi': 0.643453585001411, 'lda_s': 1.5445531446840272e-06}.
[I 2025-08-10 02:01:18,556] Trial 182 finished with values: [0.7925924157027272, 0.14457831325301204] and parameters: {'psi': 0.9884684812747138, 'lda_s': 3.5953217624665785}.
[I 2025-08-10 02:01:24,560] Trial 183 finished with values: [0.7879497268618231, 0.1186161449752883] and parameters: {'psi': 0.4868270277875182, 'lda_s': 4.059350112527163e-07}.
[I 2025-08-10 02:01:30,560] Trial 184 finished with values: [0.774784765030098, 0.12351945854483926] and parameters: {'psi': 0.8878123739806477, 'lda_s': 0.000590127319388423}.
[I 2025-08-10 02:01:36,583] Trial 185 finished with values: [0.7925233833762008, 0.10706638115631692] and parameters: {'psi': 0.20955549265950568, 'lda_s': 1.9307866827302762}.
[I 2025-08-10 02:01:42,581] Trial 186 finished with values: [0.7961022245687599, 0.1501632208922742] and parameters: {'psi': 0.5690430152388715, 'lda_s': 3.5953217624665785}.
[I 2025-08-10 02:01:48,582] Trial 187 finished with values: [0.7920518934010476, 0.10764262648008611] and parameters: {'psi': 0.23448925174215485, 'lda_s': 0.06825859934631391}.
[I 2025-08-10 02:01:54,585] Trial 188 finished with values: [0.7878996845377532, 0.14549180327868852] and parameters: {'psi': 0.7613236361786442, 'lda_s': 0.8987654456106534}.
[I 2025-08-10 02:02:00,571] Trial 189 finished with values: [0.7987957078356336, 0.15151515151515152] and parameters: {'psi': 0.5026457860232199, 'lda_s': 0.4400677292075958}.
[I 2025-08-10 02:02:06,579] Trial 190 finished with values: [0.7801006616834074, 0.12405699916177704] and parameters: {'psi': 0.8135605737209595, 'lda_s': 1.2248722028441006e-07}.
[I 2025-08-10 02:02:12,583] Trial 191 finished with values: [0.7967598654692803, 0.14822771213748656] and parameters: {'psi': 0.5608569343731773, 'lda_s': 3.5953217624665785}.
[I 2025-08-10 02:02:18,569] Trial 192 finished with values: [0.7926295806860755, 0.13833528722157093] and parameters: {'psi': 0.6048604419891874, 'lda_s': 3.5953217624665785}.
[I 2025-08-10 02:02:24,574] Trial 193 finished with values: [0.7923740714255558, 0.1092896174863388] and parameters: {'psi': 0.2574001333133694, 'lda_s': 6.840747767777759}.
[I 2025-08-10 02:02:30,582] Trial 194 finished with values: [0.7986620442990302, 0.14938684503901895] and parameters: {'psi': 0.4801392795755518, 'lda_s': 0.8987654456106534}.
[I 2025-08-10 02:02:36,582] Trial 195 finished with values: [0.7757019087968048, 0.10918114143920596] and parameters: {'psi': 0.1740493236014472, 'lda_s': 0.001148396606606052}.
[I 2025-08-10 02:02:42,589] Trial 196 finished with values: [0.7888652405854006, 0.147239263803681] and parameters: {'psi': 0.807072671334408, 'lda_s': 0.5686995255125756}.
[I 2025-08-10 02:02:48,572] Trial 197 finished with values: [0.7996882379510878, 0.1473922902494331] and parameters: {'psi': 0.4801392795755518, 'lda_s': 0.13351028379821622}.
[I 2025-08-10 02:02:54,576] Trial 198 finished with values: [0.7941530189947296, 0.14649033570701933] and parameters: {'psi': 0.9633353519323782, 'lda_s': 6.840747767777759}.
[I 2025-08-10 02:03:00,587] Trial 199 finished with values: [0.7890672029291224, 0.11668036154478226] and parameters: {'psi': 0.3563479296470746, 'lda_s': 4.059350112527163e-07}.
[I 2025-08-10 02:03:06,564] Trial 200 finished with values: [0.7989673513771502, 0.15200868621064062] and parameters: {'psi': 0.5026457860232199, 'lda_s': 3.5953217624665785}.
[I 2025-08-10 02:03:12,579] Trial 201 finished with values: [0.7927964971025169, 0.10869565217391304] and parameters: {'psi': 0.1740493236014472, 'lda_s': 3.5953217624665785}.
[I 2025-08-10 02:03:18,583] Trial 202 finished with values: [0.7972568656194075, 0.14859926918392205] and parameters: {'psi': 0.41800142968337584, 'lda_s': 9.297316446482458}.
[I 2025-08-10 02:03:24,578] Trial 203 finished with values: [0.7939026443700673, 0.12121212121212122] and parameters: {'psi': 0.3217115825494604, 'lda_s': 0.6057494218203631}.
[I 2025-08-10 02:03:30,699] Trial 204 finished with values: [0.789283346648069, 0.11542730299667037] and parameters: {'psi': 0.6418582474019658, 'lda_s': 3.5953217624665785}.
[I 2025-08-10 02:03:36,696] Trial 205 finished with values: [0.7888652405854006, 0.147239263803681] and parameters: {'psi': 0.807072671334408, 'lda_s': 0.5686995255125756}.
[I 2025-08-10 02:03:42,671] Trial 206 finished with values: [0.7711238511659781, 0.12320675105485232] and parameters: {'psi': 0.9583225634886606, 'lda_s': 0.0017753093666958845}.
[I 2025-08-10 02:03:48,678] Trial 207 finished with values: [0.7924376431075989, 0.10706638115631692] and parameters: {'psi': 0.21881567586252038, 'lda_s': 6.840747767777759}.
[I 2025-08-10 02:03:54,682] Trial 208 finished with values: [0.7988213810149203, 0.14541387024608501] and parameters: {'psi': 0.4801392795755518, 'lda_s': 6.840747767777759}.
[I 2025-08-10 02:04:00,678] Trial 209 finished with values: [0.7851286927200806, 0.1222130470685384] and parameters: {'psi': 0.673064902439892, 'lda_s': 1.1256301621237601e-08}.
[I 2025-08-10 02:04:06,655] Trial 210 finished with values: [0.7985797271209999, 0.15127919911012236] and parameters: {'psi': 0.4801392795755518, 'lda_s': 0.7563470924381616}.
[I 2025-08-10 02:04:12,660] Trial 211 finished with values: [0.7987586243544419, 0.15151515151515152] and parameters: {'psi': 0.5026457860232199, 'lda_s': 1.1216201390671505}.
[I 2025-08-10 02:04:18,664] Trial 212 finished with values: [0.7924442447822727, 0.14501510574018128] and parameters: {'psi': 0.9812259303906526, 'lda_s': 3.5953217624665785}.
[I 2025-08-10 02:04:24,645] Trial 213 finished with values: [0.7988531668559419, 0.1511111111111111] and parameters: {'psi': 0.48282015650530674, 'lda_s': 0.42042339426466346}.
[I 2025-08-10 02:04:30,658] Trial 214 finished with values: [0.793930925618361, 0.14663951120162932] and parameters: {'psi': 0.9580314491180612, 'lda_s': 3.5953217624665785}.
[I 2025-08-10 02:04:36,656] Trial 215 finished with values: [0.7905961833844162, 0.14649033570701933] and parameters: {'psi': 0.8647421236753631, 'lda_s': 0.31869351772875915}.
[I 2025-08-10 02:04:42,644] Trial 216 finished with values: [0.7770839408639914, 0.0946843853820598] and parameters: {'psi': 0.041737503645544405, 'lda_s': 0.00474325231503716}.
[I 2025-08-10 02:04:48,652] Trial 217 finished with values: [0.7989501544221358, 0.15200868621064062] and parameters: {'psi': 0.5026457860232199, 'lda_s': 1.8149613633718247}.
[I 2025-08-10 02:04:54,649] Trial 218 finished with values: [0.7591378995296837, 0.09975470155355683] and parameters: {'psi': 0.018890556226913158, 'lda_s': 1.0516647775338481}.
[I 2025-08-10 02:05:00,670] Trial 219 finished with values: [0.7937695513485592, 0.1175115207373272] and parameters: {'psi': 0.31702328010986236, 'lda_s': 0.6199128284024843}.
[I 2025-08-10 02:05:06,674] Trial 220 finished with values: [0.7853392127902312, 0.11283728536385937] and parameters: {'psi': 0.08652901969291915, 'lda_s': 3.4144428234272646e-07}.
[I 2025-08-10 02:05:12,672] Trial 221 finished with values: [0.7928310540168583, 0.10876803551609324] and parameters: {'psi': 0.28339150383361156, 'lda_s': 5.020781787413052}.
[I 2025-08-10 02:05:18,633] Trial 222 finished with values: [0.7702726426438518, 0.1080168776371308] and parameters: {'psi': 0.6176823025175936, 'lda_s': 0.006828180769959013}.
[I 2025-08-10 02:05:24,643] Trial 223 finished with values: [0.7916777170007141, 0.10782241014799154] and parameters: {'psi': 0.12906509941144917, 'lda_s': 0.4400677292075958}.
[I 2025-08-10 02:05:30,633] Trial 224 finished with values: [0.7683894538165585, 0.0989282769991756] and parameters: {'psi': 0.02573198165422641, 'lda_s': 5.020781787413052}.
[I 2025-08-10 02:05:36,632] Trial 225 finished with values: [0.7757491800475548, 0.11305070656691604] and parameters: {'psi': 0.590829973591069, 'lda_s': 0.0029206925643433766}.
[I 2025-08-10 02:05:42,631] Trial 226 finished with values: [0.7771753047813891, 0.1248945147679325] and parameters: {'psi': 0.8645085451561233, 'lda_s': 0.00019129502150101716}.
[I 2025-08-10 02:05:48,610] Trial 227 finished with values: [0.7988213810149203, 0.14541387024608501] and parameters: {'psi': 0.4801392795755518, 'lda_s': 4.744348508236131}.
[I 2025-08-10 02:05:54,610] Trial 228 finished with values: [0.786515777920968, 0.12016460905349795] and parameters: {'psi': 0.5972918688174591, 'lda_s': 5.476398158505295e-06}.
[I 2025-08-10 02:06:00,615] Trial 229 finished with values: [0.7910501503959294, 0.14860681114551083] and parameters: {'psi': 0.8533406827991046, 'lda_s': 3.5953217624665785}.
[I 2025-08-10 02:06:06,609] Trial 230 finished with values: [0.7880190851969753, 0.1186161449752883] and parameters: {'psi': 0.4801392795755518, 'lda_s': 6.472905668458088e-07}.
[I 2025-08-10 02:06:12,607] Trial 231 finished with values: [0.7894330661094962, 0.14799588900308325] and parameters: {'psi': 0.8092233035388908, 'lda_s': 2.760480601348649}.
[I 2025-08-10 02:06:18,601] Trial 232 finished with values: [0.7895393449215272, 0.1476923076923077] and parameters: {'psi': 0.8216293888586347, 'lda_s': 1.31864513658804}.
[I 2025-08-10 02:06:24,678] Trial 233 finished with values: [0.7986587842127715, 0.1497695852534562] and parameters: {'psi': 0.46049443574220184, 'lda_s': 0.35989808440851745}.
[I 2025-08-10 02:06:30,686] Trial 234 finished with values: [0.7939966163564721, 0.1239766081871345] and parameters: {'psi': 0.32429636295512676, 'lda_s': 0.5137283061429472}.
[I 2025-08-10 02:06:36,690] Trial 235 finished with values: [0.77443536528533, 0.11305070656691604] and parameters: {'psi': 0.589826838969766, 'lda_s': 0.0035962673527015474}.
[I 2025-08-10 02:06:42,670] Trial 236 finished with values: [0.7923825476498282, 0.10764262648008611] and parameters: {'psi': 0.24284697224213103, 'lda_s': 0.13351028379821622}.
[I 2025-08-10 02:06:48,658] Trial 237 finished with values: [0.7923456271729492, 0.14501510574018128] and parameters: {'psi': 0.9812259303906526, 'lda_s': 1.6697474035655697}.
[I 2025-08-10 02:06:54,653] Trial 238 finished with values: [0.7996882379510878, 0.1473922902494331] and parameters: {'psi': 0.4801392795755518, 'lda_s': 0.13351028379821622}.
[I 2025-08-10 02:07:00,664] Trial 239 finished with values: [0.7941505739300356, 0.12197928653624857] and parameters: {'psi': 0.3217115825494604, 'lda_s': 0.23749336088168252}.
[I 2025-08-10 02:07:06,666] Trial 240 finished with values: [0.7885331192978035, 0.11648892534864644] and parameters: {'psi': 0.2502668216000592, 'lda_s': 3.4901929408957554e-05}.
[I 2025-08-10 02:07:12,645] Trial 241 finished with values: [0.7778754083054283, 0.11121239744758432] and parameters: {'psi': 0.9639900721532346, 'lda_s': 0.03584952751643959}.
[I 2025-08-10 02:07:18,640] Trial 242 finished with values: [0.7947345368811114, 0.1458966565349544] and parameters: {'psi': 0.9583225634886606, 'lda_s': 0.31869351772875915}.
[I 2025-08-10 02:07:24,649] Trial 243 finished with values: [0.7985235721351951, 0.1504424778761062] and parameters: {'psi': 0.4818763143530578, 'lda_s': 0.6199128284024843}.
[I 2025-08-10 02:07:30,623] Trial 244 finished with values: [0.7947345368811114, 0.1458966565349544] and parameters: {'psi': 0.9583225634886606, 'lda_s': 0.31869351772875915}.
[I 2025-08-10 02:07:36,613] Trial 245 finished with values: [0.7927800336669107, 0.10869565217391304] and parameters: {'psi': 0.17045669356754078, 'lda_s': 9.297316446482458}.
[I 2025-08-10 02:07:42,609] Trial 246 finished with values: [0.7893026626591513, 0.147239263803681] and parameters: {'psi': 0.8216293888586347, 'lda_s': 0.6199128284024843}.
[I 2025-08-10 02:07:48,628] Trial 247 finished with values: [0.7905295146204273, 0.11712707182320442] and parameters: {'psi': 0.643453585001411, 'lda_s': 0.31869351772875915}.
