[I 2025-08-10 02:37:01,233] Trial 495 finished with values: [0.902583319964201, 0.14965986394557823] and parameters: {'psi': 0.47196819086344477, 'lda_s': 0.05273953979988869}.
[I 2025-08-10 02:37:09,149] Trial 496 finished with values: [0.8878172394204757, 0.29471544715447157] and parameters: {'psi': 0.40231412361947494, 'lda_s': 0.04630817736691618}.
[I 2025-08-10 02:37:17,103] Trial 497 finished with values: [0.892858966248238, 0.2945273631840796] and parameters: {'psi': 0.4231870009181804, 'lda_s': 0.03985730546832524}.
[I 2025-08-10 02:37:25,056] Trial 498 finished with values: [0.8730071668639244, 0.1964735516372796] and parameters: {'psi': 0.05046906037805743, 'lda_s': 0.04630817736691618}.
[I 2025-08-10 02:37:32,967] Trial 499 finished with values: [0.8725704755072452, 0.1648] and parameters: {'psi': 0.9360002903089475, 'lda_s': 0.00024162970031627027}.
