[I 2025-08-10 01:52:38,375] Trial 248 finished with values: [0.8637853072161938, 0.28270412642669007] and parameters: {'psi': 0.33303789525608496, 'lda_s': 0.062400013982866306}.
[I 2025-08-10 01:52:43,867] Trial 249 finished with values: [0.8689762861919369, 0.24064563462949376] and parameters: {'psi': 0.6537651151034862, 'lda_s': 9.248324910086316e-05}.
[I 2025-08-10 01:52:49,376] Trial 250 finished with values: [0.8649870871920416, 0.2867256637168142] and parameters: {'psi': 0.35391661185960754, 'lda_s': 3.49491342228434}.
[I 2025-08-10 01:52:54,892] Trial 251 finished with values: [0.8692571335925587, 0.24070021881838075] and parameters: {'psi': 0.4084043450670999, 'lda_s': 0.00041011989670770805}.
[I 2025-08-10 01:53:00,396] Trial 252 finished with values: [0.871967190988303, 0.2445095168374817] and parameters: {'psi': 0.3764165768638448, 'lda_s': 3.0275082266368318e-06}.
[I 2025-08-10 01:53:05,895] Trial 253 finished with values: [0.8719919494526801, 0.2445095168374817] and parameters: {'psi': 0.37430453689791643, 'lda_s': 6.615951426968211e-08}.
[I 2025-08-10 01:53:11,410] Trial 254 finished with values: [0.8747765565735711, 0.28439519852262235] and parameters: {'psi': 0.9125220509688939, 'lda_s': 0.33833818486390704}.
[I 2025-08-10 01:53:16,929] Trial 255 finished with values: [0.8594291891458893, 0.29111531190926276] and parameters: {'psi': 0.19800459362599399, 'lda_s': 0.039330618370780175}.
[I 2025-08-10 01:53:22,445] Trial 256 finished with values: [0.8720591607964185, 0.27631578947368424] and parameters: {'psi': 0.5217355362933778, 'lda_s': 4.457249559454418}.
[I 2025-08-10 01:53:27,954] Trial 257 finished with values: [0.860870186639043, 0.2804878048780488] and parameters: {'psi': 0.39243716161845077, 'lda_s': 4.1291715165143525}.
[I 2025-08-10 01:53:33,470] Trial 258 finished with values: [0.8663206837012217, 0.28418230563002683] and parameters: {'psi': 0.3376154871205601, 'lda_s': 3.49491342228434}.
[I 2025-08-10 01:53:38,987] Trial 259 finished with values: [0.8720566232252778, 0.27547169811320754] and parameters: {'psi': 0.49417904251304245, 'lda_s': 0.3246742230277905}.
[I 2025-08-10 01:53:44,504] Trial 260 finished with values: [0.8720591607964185, 0.27631578947368424] and parameters: {'psi': 0.5217355362933778, 'lda_s': 1.003284383340664}.
[I 2025-08-10 01:53:50,002] Trial 261 finished with values: [0.8704019210922366, 0.24175824175824176] and parameters: {'psi': 0.5446077030800329, 'lda_s': 0.00010770363247439516}.
[I 2025-08-10 01:53:55,521] Trial 262 finished with values: [0.8826669625794671, 0.2843866171003718] and parameters: {'psi': 0.9422181119273441, 'lda_s': 3.49491342228434}.
[I 2025-08-10 01:54:01,025] Trial 263 finished with values: [0.8720138274308972, 0.24070021881838075] and parameters: {'psi': 0.19420210197845977, 'lda_s': 1.3535664337611664e-06}.
[I 2025-08-10 01:54:06,537] Trial 264 finished with values: [0.8631075013894917, 0.24278312361213916] and parameters: {'psi': 0.8851518764814115, 'lda_s': 1.0135646524536644e-05}.
[I 2025-08-10 01:54:12,057] Trial 265 finished with values: [0.8553902674682282, 0.2570212765957447] and parameters: {'psi': 0.5217514888757624, 'lda_s': 0.02289830490728295}.
[I 2025-08-10 01:54:17,563] Trial 266 finished with values: [0.8656105066967188, 0.28596802841918295] and parameters: {'psi': 0.3468282809570784, 'lda_s': 7.136371817381851}.
[I 2025-08-10 01:54:23,072] Trial 267 finished with values: [0.8606439998924619, 0.24041297935103245] and parameters: {'psi': 0.9422181119273441, 'lda_s': 1.4166330959055039e-05}.
[I 2025-08-10 01:54:28,586] Trial 268 finished with values: [0.8618199926588753, 0.2672566371681416] and parameters: {'psi': 0.4473986661906446, 'lda_s': 4.457249559454418}.
[I 2025-08-10 01:54:34,105] Trial 269 finished with values: [0.8640994173736661, 0.2862098872506505] and parameters: {'psi': 0.35391661185960754, 'lda_s': 0.16429567571375178}.
[I 2025-08-10 01:54:39,624] Trial 270 finished with values: [0.8750586384682616, 0.28093023255813954] and parameters: {'psi': 0.9211097129319837, 'lda_s': 0.40759392742560724}.
[I 2025-08-10 01:54:45,233] Trial 271 finished with values: [0.8606285687166034, 0.24059040590405903] and parameters: {'psi': 0.9122653457463582, 'lda_s': 0.0004550760609687445}.
[I 2025-08-10 01:54:50,761] Trial 272 finished with values: [0.8731294671539535, 0.1860019175455417] and parameters: {'psi': 0.9981865573803667, 'lda_s': 0.5553245652226428}.
[I 2025-08-10 01:54:56,270] Trial 273 finished with values: [0.8639540899885823, 0.26306306306306304] and parameters: {'psi': 0.45923830825933076, 'lda_s': 1.2653651419182501}.
[I 2025-08-10 01:55:01,784] Trial 274 finished with values: [0.8714446570822377, 0.23233908948194662] and parameters: {'psi': 0.6537651151034862, 'lda_s': 2.3281696669226557}.
[I 2025-08-10 01:55:07,291] Trial 275 finished with values: [0.8576036467503454, 0.2698961937716263] and parameters: {'psi': 0.4153665523908887, 'lda_s': 0.14704878194385773}.
[I 2025-08-10 01:55:12,800] Trial 276 finished with values: [0.8721186222607261, 0.24269005847953215] and parameters: {'psi': 0.29840096628561286, 'lda_s': 2.3463831573828116e-07}.
[I 2025-08-10 01:55:18,295] Trial 277 finished with values: [0.8714977403271902, 0.24175824175824176] and parameters: {'psi': 0.4804553419855282, 'lda_s': 6.0719863004507066e-06}.
[I 2025-08-10 01:55:23,791] Trial 278 finished with values: [0.869768282719991, 0.24193548387096775] and parameters: {'psi': 0.6293591328528126, 'lda_s': 5.038051069590422e-07}.
[I 2025-08-10 01:55:29,293] Trial 279 finished with values: [0.8539720395323407, 0.24691358024691357] and parameters: {'psi': 0.954527156072543, 'lda_s': 0.030583979948177187}.
[I 2025-08-10 01:55:34,816] Trial 280 finished with values: [0.8521220130044348, 0.24529721595184348] and parameters: {'psi': 0.13972801975943316, 'lda_s': 0.0027739363960152495}.
[I 2025-08-10 01:55:40,327] Trial 281 finished with values: [0.8718526573719323, 0.24070021881838075] and parameters: {'psi': 0.19272708121312165, 'lda_s': 1.2640245248120795e-05}.
[I 2025-08-10 01:55:45,828] Trial 282 finished with values: [0.8714311462304861, 0.24322344322344322] and parameters: {'psi': 0.4936443885282763, 'lda_s': 8.141571808473674e-08}.
[I 2025-08-10 01:55:51,338] Trial 283 finished with values: [0.8523799536817827, 0.27568042142230026] and parameters: {'psi': 0.4557739851963717, 'lda_s': 0.023145055119469113}.
[I 2025-08-10 01:55:56,855] Trial 284 finished with values: [0.8582335130573809, 0.2906641000962464] and parameters: {'psi': 0.1813940652567576, 'lda_s': 0.044306696828652375}.
[I 2025-08-10 01:56:02,374] Trial 285 finished with values: [0.863658154327121, 0.2892018779342723] and parameters: {'psi': 0.21080815563410393, 'lda_s': 9.906674547581554}.
[I 2025-08-10 01:56:07,887] Trial 286 finished with values: [0.8678133241962483, 0.24153166421207659] and parameters: {'psi': 0.7332774165011662, 'lda_s': 1.2543028646349067e-08}.
[I 2025-08-10 01:56:13,405] Trial 287 finished with values: [0.8720559373952393, 0.2445095168374817] and parameters: {'psi': 0.3468282809570784, 'lda_s': 1.364454963622767e-08}.
[I 2025-08-10 01:56:18,917] Trial 288 finished with values: [0.8729614387946071, 0.23366013071895425] and parameters: {'psi': 0.5799285180009895, 'lda_s': 4.457249559454418}.
[I 2025-08-10 01:56:24,425] Trial 289 finished with values: [0.8656105066967188, 0.28596802841918295] and parameters: {'psi': 0.3468282809570784, 'lda_s': 3.4514872227134767}.
[I 2025-08-10 01:56:29,941] Trial 290 finished with values: [0.8565327917287802, 0.2719382835101254] and parameters: {'psi': 0.13856958721007473, 'lda_s': 0.031111333247612255}.
[I 2025-08-10 01:56:35,457] Trial 291 finished with values: [0.8572484553735882, 0.2857142857142857] and parameters: {'psi': 0.38432700599481784, 'lda_s': 0.039330618370780175}.
[I 2025-08-10 01:56:40,972] Trial 292 finished with values: [0.871484915305477, 0.23161189358372458] and parameters: {'psi': 0.6512295721858951, 'lda_s': 1.6930849464866453}.
[I 2025-08-10 01:56:46,480] Trial 293 finished with values: [0.8673882467386038, 0.24] and parameters: {'psi': 0.24308684038100692, 'lda_s': 0.0005006617986184346}.
[I 2025-08-10 01:56:52,007] Trial 294 finished with values: [0.87419243513008, 0.25650557620817843] and parameters: {'psi': 0.6890418320303271, 'lda_s': 0.047291639023692815}.
[I 2025-08-10 01:56:57,512] Trial 295 finished with values: [0.8636228340801566, 0.256993006993007] and parameters: {'psi': 0.817168773639178, 'lda_s': 3.2364443862146732}.
[I 2025-08-10 01:57:03,021] Trial 296 finished with values: [0.8647741369651964, 0.25535561268209084] and parameters: {'psi': 0.8025766166427597, 'lda_s': 1.003284383340664}.
[I 2025-08-10 01:57:08,537] Trial 297 finished with values: [0.8669157784253232, 0.28468468468468466] and parameters: {'psi': 0.32797375583766286, 'lda_s': 1.154517391112559}.
[I 2025-08-10 01:57:14,053] Trial 298 finished with values: [0.8571116322809773, 0.2699914015477214] and parameters: {'psi': 0.44242413625435517, 'lda_s': 0.08755702986864357}.
[I 2025-08-10 01:57:19,559] Trial 299 finished with values: [0.8719459302571205, 0.24486803519061584] and parameters: {'psi': 0.39243716161845077, 'lda_s': 4.703282496561976e-08}.
[I 2025-08-10 01:57:25,074] Trial 300 finished with values: [0.872492879712544, 0.26422018348623855] and parameters: {'psi': 0.5305205416479507, 'lda_s': 3.167657738397299}.
[I 2025-08-10 01:57:30,597] Trial 301 finished with values: [0.8557744008725953, 0.28] and parameters: {'psi': 0.4715401964767759, 'lda_s': 0.039330618370780175}.
[I 2025-08-10 01:57:36,109] Trial 302 finished with values: [0.8719377002966626, 0.24486803519061584] and parameters: {'psi': 0.3950158680641429, 'lda_s': 2.5160736100646997e-08}.
[I 2025-08-10 01:57:41,717] Trial 303 finished with values: [0.8720554573142126, 0.2445095168374817] and parameters: {'psi': 0.3468282809570784, 'lda_s': 1.348206825697369e-07}.
[I 2025-08-10 01:57:47,236] Trial 304 finished with values: [0.8657564513288368, 0.2870544090056285] and parameters: {'psi': 0.2538385044723058, 'lda_s': 0.08755702986864357}.
[I 2025-08-10 01:57:52,756] Trial 305 finished with values: [0.8530803233167399, 0.24224072672218017] and parameters: {'psi': 0.6537651151034862, 'lda_s': 0.013126417099784762}.
[I 2025-08-10 01:57:58,265] Trial 306 finished with values: [0.8727693378009217, 0.23137876386687797] and parameters: {'psi': 0.5937124600047441, 'lda_s': 7.136371817381851}.
[I 2025-08-10 01:58:03,771] Trial 307 finished with values: [0.8697582696014341, 0.24193548387096775] and parameters: {'psi': 0.6301831239266765, 'lda_s': 5.373419473581023e-08}.
[I 2025-08-10 01:58:09,275] Trial 308 finished with values: [0.8720330306719651, 0.2445095168374817] and parameters: {'psi': 0.35391661185960754, 'lda_s': 9.809430245086202e-07}.
[I 2025-08-10 01:58:14,779] Trial 309 finished with values: [0.8718539604490047, 0.24070021881838075] and parameters: {'psi': 0.19800459362599399, 'lda_s': 1.4088068212570977e-05}.
[I 2025-08-10 01:58:20,297] Trial 310 finished with values: [0.85778045373418, 0.2481089258698941] and parameters: {'psi': 0.03322154343128769, 'lda_s': 6.145892751067179}.
[I 2025-08-10 01:58:25,808] Trial 311 finished with values: [0.8676024314595177, 0.24017467248908297] and parameters: {'psi': 0.3376154871205601, 'lda_s': 0.0006234440032721548}.
[I 2025-08-10 01:58:31,334] Trial 312 finished with values: [0.8671857211283387, 0.2870722433460076] and parameters: {'psi': 0.2538385044723058, 'lda_s': 2.0446488162243512}.
[I 2025-08-10 01:58:36,857] Trial 313 finished with values: [0.8716157030937518, 0.27889207258834764] and parameters: {'psi': 0.5147338763182217, 'lda_s': 3.49491342228434}.
[I 2025-08-10 01:58:42,366] Trial 314 finished with values: [0.860673970665129, 0.24041297935103245] and parameters: {'psi': 0.9422181119273441, 'lda_s': 5.407767809723391e-07}.
[I 2025-08-10 01:58:47,878] Trial 315 finished with values: [0.8719611556839673, 0.24052478134110788] and parameters: {'psi': 0.17278525081746676, 'lda_s': 2.1124493844720325e-08}.
[I 2025-08-10 01:58:53,396] Trial 316 finished with values: [0.863658154327121, 0.2892018779342723] and parameters: {'psi': 0.21080815563410393, 'lda_s': 6.145892751067179}.
[I 2025-08-10 01:58:58,913] Trial 317 finished with values: [0.863658154327121, 0.2892018779342723] and parameters: {'psi': 0.21080815563410393, 'lda_s': 4.457249559454418}.
[I 2025-08-10 01:59:04,425] Trial 318 finished with values: [0.8566085073649917, 0.29277566539923955] and parameters: {'psi': 0.1813940652567576, 'lda_s': 0.023471201899138743}.
[I 2025-08-10 01:59:09,948] Trial 319 finished with values: [0.8721349450156342, 0.24140453547915142] and parameters: {'psi': 0.2538385044723058, 'lda_s': 2.1892762926153332e-08}.
[I 2025-08-10 01:59:15,463] Trial 320 finished with values: [0.8605301521061293, 0.25267993874425726] and parameters: {'psi': 0.043230059990486125, 'lda_s': 0.16429567571375178}.
[I 2025-08-10 01:59:20,965] Trial 321 finished with values: [0.8693403247761863, 0.24064563462949376] and parameters: {'psi': 0.6537651151034862, 'lda_s': 4.223368786221388e-06}.
[I 2025-08-10 01:59:26,486] Trial 322 finished with values: [0.8719045061228162, 0.23208722741433022] and parameters: {'psi': 0.6320738173180438, 'lda_s': 4.457249559454418}.
[I 2025-08-10 01:59:32,005] Trial 323 finished with values: [0.8777665697908876, 0.23510971786833856] and parameters: {'psi': 0.6301831239266765, 'lda_s': 0.33833818486390704}.
[I 2025-08-10 01:59:37,516] Trial 324 finished with values: [0.872050519337938, 0.24140453547915142] and parameters: {'psi': 0.25359492276846785, 'lda_s': 7.967936426554493e-06}.
[I 2025-08-10 01:59:43,023] Trial 325 finished with values: [0.871474833603916, 0.24017467248908297] and parameters: {'psi': 0.15236383721173363, 'lda_s': 2.1793968463509552e-05}.
[I 2025-08-10 01:59:48,542] Trial 326 finished with values: [0.8776607462160014, 0.2470978441127695] and parameters: {'psi': 0.5657206569893384, 'lda_s': 0.33833818486390704}.
[I 2025-08-10 01:59:54,059] Trial 327 finished with values: [0.8689648328302999, 0.27841409691629954] and parameters: {'psi': 0.8886266479280857, 'lda_s': 6.145892751067179}.
[I 2025-08-10 01:59:59,583] Trial 328 finished with values: [0.8844856466746297, 0.2948960302457467] and parameters: {'psi': 0.9211097129319837, 'lda_s': 3.49491342228434}.
[I 2025-08-10 02:00:05,094] Trial 329 finished with values: [0.8609253959571143, 0.2374631268436578] and parameters: {'psi': 0.9587190561475546, 'lda_s': 3.392646521284752e-07}.
[I 2025-08-10 02:00:10,615] Trial 330 finished with values: [0.8718336598798754, 0.24286759326993415] and parameters: {'psi': 0.3356923827930456, 'lda_s': 2.954744624684747e-05}.
[I 2025-08-10 02:00:16,128] Trial 331 finished with values: [0.871812742063712, 0.23244929797191888] and parameters: {'psi': 0.6361374903235165, 'lda_s': 3.49491342228434}.
[I 2025-08-10 02:00:21,727] Trial 332 finished with values: [0.8704079563965722, 0.24358033749082905] and parameters: {'psi': 0.5708850992367807, 'lda_s': 4.401685458331188e-05}.
[I 2025-08-10 02:00:27,237] Trial 333 finished with values: [0.8720591607964185, 0.27631578947368424] and parameters: {'psi': 0.5217355362933778, 'lda_s': 4.457249559454418}.
[I 2025-08-10 02:00:32,749] Trial 334 finished with values: [0.8583181444840884, 0.29111531190926276] and parameters: {'psi': 0.19272708121312165, 'lda_s': 0.031111333247612255}.
[I 2025-08-10 02:00:38,263] Trial 335 finished with values: [0.8683971713077242, 0.24052478134110788] and parameters: {'psi': 0.19800459362599399, 'lda_s': 0.0003075287297792934}.
[I 2025-08-10 02:00:43,766] Trial 336 finished with values: [0.8708330338542166, 0.24180626365622723] and parameters: {'psi': 0.1988295936978416, 'lda_s': 9.324924275356936e-05}.
[I 2025-08-10 02:00:49,278] Trial 337 finished with values: [0.8691310780315471, 0.23865300146412885] and parameters: {'psi': 0.526398107584055, 'lda_s': 0.0003901509715889699}.
[I 2025-08-10 02:00:54,795] Trial 338 finished with values: [0.8609260132041485, 0.2374631268436578] and parameters: {'psi': 0.9587190561475546, 'lda_s': 1.180903009325378e-08}.
[I 2025-08-10 02:01:00,307] Trial 339 finished with values: [0.8746240965560907, 0.275797373358349] and parameters: {'psi': 0.5217355362933778, 'lda_s': 0.3907261530012403}.
[I 2025-08-10 02:01:05,828] Trial 340 finished with values: [0.8649870871920416, 0.2867256637168142] and parameters: {'psi': 0.35391661185960754, 'lda_s': 0.9785841324638737}.
[I 2025-08-10 02:01:11,343] Trial 341 finished with values: [0.8663206837012217, 0.28418230563002683] and parameters: {'psi': 0.3376154871205601, 'lda_s': 6.145892751067179}.
[I 2025-08-10 02:01:16,853] Trial 342 finished with values: [0.863658154327121, 0.2892018779342723] and parameters: {'psi': 0.21080815563410393, 'lda_s': 6.145892751067179}.
[I 2025-08-10 02:01:22,360] Trial 343 finished with values: [0.8562358959052655, 0.2733812949640288] and parameters: {'psi': 0.8659117745862982, 'lda_s': 4.457249559454418}.
[I 2025-08-10 02:01:27,862] Trial 344 finished with values: [0.8700491987036167, 0.2302158273381295] and parameters: {'psi': 0.7278873637071471, 'lda_s': 6.145892751067179}.
[I 2025-08-10 02:01:33,385] Trial 345 finished with values: [0.8726525409454248, 0.27314390467461047] and parameters: {'psi': 0.6411121489389484, 'lda_s': 0.039330618370780175}.
[I 2025-08-10 02:01:38,905] Trial 346 finished with values: [0.8668512418187335, 0.2895238095238095] and parameters: {'psi': 0.24779727812884567, 'lda_s': 6.145892751067179}.
[I 2025-08-10 02:01:44,423] Trial 347 finished with values: [0.8721141643654782, 0.24269005847953215] and parameters: {'psi': 0.29279949830965835, 'lda_s': 6.969065038579024e-07}.
[I 2025-08-10 02:01:49,938] Trial 348 finished with values: [0.8730535457687303, 0.2645698427382054] and parameters: {'psi': 0.7135653800761756, 'lda_s': 0.039330618370780175}.
[I 2025-08-10 02:01:55,459] Trial 349 finished with values: [0.857919402899909, 0.2906641000962464] and parameters: {'psi': 0.1813940652567576, 'lda_s': 0.039330618370780175}.
[I 2025-08-10 02:02:00,975] Trial 350 finished with values: [0.8558349596649639, 0.24390243902439024] and parameters: {'psi': 0.3468282809570784, 'lda_s': 0.011007124259560366}.
[I 2025-08-10 02:02:06,486] Trial 351 finished with values: [0.8703982861930343, 0.23259493670886075] and parameters: {'psi': 0.7101315775399817, 'lda_s': 3.4514872227134767}.
[I 2025-08-10 02:02:12,010] Trial 352 finished with values: [0.869285595539142, 0.2826086956521739] and parameters: {'psi': 0.9647496200583049, 'lda_s': 6.145892751067179}.
[I 2025-08-10 02:02:17,513] Trial 353 finished with values: [0.867802693830657, 0.2328966521106259] and parameters: {'psi': 0.06078682252215162, 'lda_s': 4.3083774909942584e-05}.
[I 2025-08-10 02:02:23,035] Trial 354 finished with values: [0.8663206837012217, 0.28418230563002683] and parameters: {'psi': 0.3376154871205601, 'lda_s': 3.49491342228434}.
[I 2025-08-10 02:02:28,552] Trial 355 finished with values: [0.863658154327121, 0.2892018779342723] and parameters: {'psi': 0.21080815563410393, 'lda_s': 4.457249559454418}.
[I 2025-08-10 02:02:34,068] Trial 356 finished with values: [0.863658154327121, 0.2892018779342723] and parameters: {'psi': 0.21080815563410393, 'lda_s': 9.906674547581554}.
[I 2025-08-10 02:02:39,584] Trial 357 finished with values: [0.8703543930705928, 0.24087591240875914] and parameters: {'psi': 0.2538385044723058, 'lda_s': 0.0001739347824073356}.
[I 2025-08-10 02:02:45,091] Trial 358 finished with values: [0.8593380423338193, 0.2694300518134715] and parameters: {'psi': 0.4241386231451211, 'lda_s': 6.145892751067179}.
[I 2025-08-10 02:02:50,604] Trial 359 finished with values: [0.8701335557983088, 0.23144453312051078] and parameters: {'psi': 0.7242423279231841, 'lda_s': 4.457249559454418}.
[I 2025-08-10 02:02:56,120] Trial 360 finished with values: [0.8719108843421711, 0.2781456953642384] and parameters: {'psi': 0.49417904251304245, 'lda_s': 0.33833818486390704}.
[I 2025-08-10 02:03:01,640] Trial 361 finished with values: [0.8824486628783246, 0.28755760368663597] and parameters: {'psi': 0.9125220509688939, 'lda_s': 4.457249559454418}.
[I 2025-08-10 02:03:07,157] Trial 362 finished with values: [0.8696755584988334, 0.23311897106109325] and parameters: {'psi': 0.7424596579044062, 'lda_s': 7.639294752069206}.
[I 2025-08-10 02:03:12,666] Trial 363 finished with values: [0.8620230669331711, 0.24260355029585798] and parameters: {'psi': 0.9064700378987435, 'lda_s': 8.455615387627446e-08}.
[I 2025-08-10 02:03:18,183] Trial 364 finished with values: [0.8668512418187335, 0.2895238095238095] and parameters: {'psi': 0.24779727812884567, 'lda_s': 6.145892751067179}.
[I 2025-08-10 02:03:23,700] Trial 365 finished with values: [0.8720117013577788, 0.24070021881838075] and parameters: {'psi': 0.18614057137004147, 'lda_s': 1.0605252508758603e-08}.
[I 2025-08-10 02:03:29,218] Trial 366 finished with values: [0.867659012437665, 0.26334519572953735] and parameters: {'psi': 0.5944623541238121, 'lda_s': 0.031111333247612255}.
[I 2025-08-10 02:03:34,728] Trial 367 finished with values: [0.8657661215323746, 0.24238026124818576] and parameters: {'psi': 0.2538385044723058, 'lda_s': 0.0007434620683541644}.
[I 2025-08-10 02:03:40,245] Trial 368 finished with values: [0.8663206837012217, 0.28418230563002683] and parameters: {'psi': 0.3376154871205601, 'lda_s': 1.154517391112559}.
[I 2025-08-10 02:03:45,767] Trial 369 finished with values: [0.8628654719690291, 0.2772808586762075] and parameters: {'psi': 0.8823912792513803, 'lda_s': 3.49491342228434}.
[I 2025-08-10 02:03:51,381] Trial 370 finished with values: [0.8600353943166088, 0.2565905096660808] and parameters: {'psi': 0.10034858859369922, 'lda_s': 0.1707270364623572}.
[I 2025-08-10 02:03:56,905] Trial 371 finished with values: [0.8622130418537383, 0.2908745247148289] and parameters: {'psi': 0.19800459362599399, 'lda_s': 4.648963567656421}.
