[I 2025-08-10 01:03:19,925] Trial 491 finished with values: [0.8016219754626736, 0.18241042345276873] and parameters: {'psi': 0.0053917926508060265, 'lda_s': 4.504527884861898e-05}.
[I 2025-08-10 01:03:25,989] Trial 492 finished with values: [0.8184940452865768, 0.2340876944837341] and parameters: {'psi': 0.003400285029469763, 'lda_s': 3.5600299172103444e-08}.
[I 2025-08-10 01:03:32,085] Trial 493 finished with values: [0.7566463531416014, 0.1466618022619482] and parameters: {'psi': 0.14410956364605154, 'lda_s': 5.6962381472721494e-08}.
[I 2025-08-10 01:03:38,149] Trial 494 finished with values: [0.7420521295329563, 0.13980868285504047] and parameters: {'psi': 0.684154691672167, 'lda_s': 0.002653967653311066}.
[I 2025-08-10 01:03:44,225] Trial 495 finished with values: [0.7622038663845768, 0.13721873847288824] and parameters: {'psi': 0.8331643559443395, 'lda_s': 1.792895280756269e-06}.
[I 2025-08-10 01:03:50,300] Trial 496 finished with values: [0.8166655186817222, 0.16685123661867848] and parameters: {'psi': 0.003400285029469763, 'lda_s': 0.2431534544829442}.
[I 2025-08-10 01:03:56,361] Trial 497 finished with values: [0.8166655186817222, 0.16685123661867848] and parameters: {'psi': 0.003400285029469763, 'lda_s': 0.0009022058253311021}.
[I 2025-08-10 01:04:02,410] Trial 498 finished with values: [0.7603305820722239, 0.14557425018288223] and parameters: {'psi': 0.29046850458777507, 'lda_s': 3.5600299172103444e-08}.
[I 2025-08-10 01:04:08,495] Trial 499 finished with values: [0.7680915802998892, 0.1242002258185924] and parameters: {'psi': 0.657213844275672, 'lda_s': 0.06858928066191798}.
