[I 2025-08-10 00:50:28,349] Trial 369 finished with values: [0.8772683698920662, 0.1787214185720952] and parameters: {'psi': 0.007435359809366826, 'lda_s': 0.0002651693456289576}.
[I 2025-08-10 00:50:34,474] Trial 370 finished with values: [0.8178022492457371, 0.18278084714548803] and parameters: {'psi': 0.899920813663246, 'lda_s': 2.5249255081943918e-08}.
[I 2025-08-10 00:50:40,457] Trial 371 finished with values: [0.8762037662856303, 0.1982023507720673] and parameters: {'psi': 0.007435359809366826, 'lda_s': 4.894271298784883e-05}.
[I 2025-08-10 00:50:46,416] Trial 372 finished with values: [0.7975129366425613, 0.17767441860465116] and parameters: {'psi': 0.19017573715400427, 'lda_s': 0.003968964655875818}.
[I 2025-08-10 00:50:52,397] Trial 373 finished with values: [0.8195805432636732, 0.17831767132706852] and parameters: {'psi': 0.37693639810566326, 'lda_s': 1.3027747889241029e-08}.
[I 2025-08-10 00:50:58,397] Trial 374 finished with values: [0.8772197665452083, 0.17991144255418318] and parameters: {'psi': 0.007435359809366826, 'lda_s': 5.5305257111786075}.
[I 2025-08-10 00:51:04,434] Trial 375 finished with values: [0.8448007538121299, 0.15141187925998054] and parameters: {'psi': 0.9515814133948871, 'lda_s': 0.0995754062940802}.
[I 2025-08-10 00:51:10,396] Trial 376 finished with values: [0.8211533427090147, 0.15074662242237497] and parameters: {'psi': 0.06241730162324788, 'lda_s': 1.9996708991100172}.
[I 2025-08-10 00:51:16,375] Trial 377 finished with values: [0.8772683698920662, 0.1787214185720952] and parameters: {'psi': 0.007435359809366826, 'lda_s': 0.0002651693456289576}.
[I 2025-08-10 00:51:22,370] Trial 378 finished with values: [0.876422866016135, 0.17888836992059784] and parameters: {'psi': 0.005926955920479204, 'lda_s': 0.4788049377489154}.
[I 2025-08-10 00:51:28,394] Trial 379 finished with values: [0.8364110414062723, 0.16693868034506879] and parameters: {'psi': 0.040309923453945684, 'lda_s': 7.893300546258729}.
[I 2025-08-10 00:51:34,399] Trial 380 finished with values: [0.8161015775126607, 0.18106807242722897] and parameters: {'psi': 0.6903795833247411, 'lda_s': 0.0007913447092311739}.
[I 2025-08-10 00:51:40,363] Trial 381 finished with values: [0.8001647276887153, 0.14230583695127835] and parameters: {'psi': 0.14310834684577245, 'lda_s': 0.026601945637739564}.
[I 2025-08-10 00:51:46,339] Trial 382 finished with values: [0.8215115578785822, 0.17869415807560138] and parameters: {'psi': 0.19714477969645605, 'lda_s': 3.157999422849591e-05}.
[I 2025-08-10 00:51:52,327] Trial 383 finished with values: [0.8791172541638397, 0.19427780341485926] and parameters: {'psi': 0.007435359809366826, 'lda_s': 1.7922558596652968e-05}.
[I 2025-08-10 00:51:58,288] Trial 384 finished with values: [0.8818032335681141, 0.19308755760368665] and parameters: {'psi': 0.007435359809366826, 'lda_s': 8.59418033014914e-08}.
[I 2025-08-10 00:52:04,252] Trial 385 finished with values: [0.7994010032292275, 0.18257453200831986] and parameters: {'psi': 0.9217336694733685, 'lda_s': 0.006187715576303923}.
[I 2025-08-10 00:52:10,207] Trial 386 finished with values: [0.8679407789071679, 0.18824609733700642] and parameters: {'psi': 0.02309187026946602, 'lda_s': 1.5749910839717787e-07}.
[I 2025-08-10 00:52:16,147] Trial 387 finished with values: [0.8791172541638397, 0.19427780341485926] and parameters: {'psi': 0.007435359809366826, 'lda_s': 1.7922558596652968e-05}.
[I 2025-08-10 00:52:22,100] Trial 388 finished with values: [0.8048263298893388, 0.17985776554255564] and parameters: {'psi': 0.43867863765579107, 'lda_s': 0.0022853774974720934}.
[I 2025-08-10 00:52:28,071] Trial 389 finished with values: [0.8766128118368329, 0.1826632581919591] and parameters: {'psi': 0.009355859807769762, 'lda_s': 8.941786651103019}.
[I 2025-08-10 00:52:34,099] Trial 390 finished with values: [0.7990554349177565, 0.1240234375] and parameters: {'psi': 0.18449477417088944, 'lda_s': 6.868846258946207}.
[I 2025-08-10 00:52:40,092] Trial 391 finished with values: [0.8772197665452083, 0.17991144255418318] and parameters: {'psi': 0.007435359809366826, 'lda_s': 0.6019154646648586}.
[I 2025-08-10 00:52:46,072] Trial 392 finished with values: [0.8196651975795561, 0.17844036697247706] and parameters: {'psi': 0.5220565226636871, 'lda_s': 6.032358895080213e-06}.
[I 2025-08-10 00:52:52,026] Trial 393 finished with values: [0.8196473543069801, 0.17885806007796376] and parameters: {'psi': 0.519600862978339, 'lda_s': 7.037668268966959e-06}.
[I 2025-08-10 00:52:57,973] Trial 394 finished with values: [0.8195013283115185, 0.17794083925705115] and parameters: {'psi': 0.45013349133203473, 'lda_s': 3.755599043819527e-06}.
[I 2025-08-10 00:53:03,922] Trial 395 finished with values: [0.819522869811542, 0.17831767132706852] and parameters: {'psi': 0.41700824847521545, 'lda_s': 1.5483122338971878e-08}.
[I 2025-08-10 00:53:09,881] Trial 396 finished with values: [0.8195658988228678, 0.17794083925705115] and parameters: {'psi': 0.4679970532419917, 'lda_s': 2.833403904798528e-08}.
[I 2025-08-10 00:53:15,861] Trial 397 finished with values: [0.8361810899426732, 0.1837763519706691] and parameters: {'psi': 0.07087203684139187, 'lda_s': 2.1459051718714606e-08}.
[I 2025-08-10 00:53:21,773] Trial 398 finished with values: [0.8818091048416168, 0.19308755760368665] and parameters: {'psi': 0.007435359809366826, 'lda_s': 6.700366462942626e-08}.
[I 2025-08-10 00:53:27,656] Trial 399 finished with values: [0.8157727996936895, 0.1812327506899724] and parameters: {'psi': 0.9287634958882732, 'lda_s': 7.671642422327217e-07}.
[I 2025-08-10 00:53:33,634] Trial 400 finished with values: [0.8754575746635678, 0.1974169741697417] and parameters: {'psi': 0.007435359809366826, 'lda_s': 6.209666992903034e-05}.
[I 2025-08-10 00:53:39,619] Trial 401 finished with values: [0.8204153438754951, 0.15373631603998097] and parameters: {'psi': 0.5750247478229601, 'lda_s': 1.2948800071197555}.
[I 2025-08-10 00:53:45,658] Trial 402 finished with values: [0.8194764934994608, 0.1782768102658112] and parameters: {'psi': 0.2858960525523525, 'lda_s': 4.894271298784883e-05}.
[I 2025-08-10 00:53:51,628] Trial 403 finished with values: [0.8185392897794437, 0.18144329896907216] and parameters: {'psi': 0.649490161661272, 'lda_s': 0.0002651693456289576}.
[I 2025-08-10 00:53:57,623] Trial 404 finished with values: [0.8301679205817263, 0.18310826276035705] and parameters: {'psi': 0.08712974803720686, 'lda_s': 4.894271298784883e-05}.
[I 2025-08-10 00:54:03,595] Trial 405 finished with values: [0.8199332110920694, 0.1793577981651376] and parameters: {'psi': 0.5733805483052217, 'lda_s': 6.700366462942626e-08}.
[I 2025-08-10 00:54:09,553] Trial 406 finished with values: [0.8194570575595899, 0.184537505752416] and parameters: {'psi': 0.8496154358109904, 'lda_s': 2.2426613997834097e-05}.
[I 2025-08-10 00:54:15,498] Trial 407 finished with values: [0.8810055771969347, 0.1918376758127738] and parameters: {'psi': 0.007435359809366826, 'lda_s': 3.755599043819527e-06}.
[I 2025-08-10 00:54:21,469] Trial 408 finished with values: [0.8818228314741509, 0.19308755760368665] and parameters: {'psi': 0.007435359809366826, 'lda_s': 2.1459051718714606e-08}.
[I 2025-08-10 00:54:27,458] Trial 409 finished with values: [0.879993950023828, 0.19326568265682656] and parameters: {'psi': 0.005926955920479204, 'lda_s': 2.1459051718714606e-08}.
[I 2025-08-10 00:54:33,481] Trial 410 finished with values: [0.8755614489644342, 0.197832603181923] and parameters: {'psi': 0.007435359809366826, 'lda_s': 5.98755998128266e-05}.
[I 2025-08-10 00:54:39,549] Trial 411 finished with values: [0.8772197665452083, 0.17991144255418318] and parameters: {'psi': 0.007435359809366826, 'lda_s': 7.31361797878276}.
[I 2025-08-10 00:54:45,516] Trial 412 finished with values: [0.8063354901287829, 0.12168410805548795] and parameters: {'psi': 0.4399733994012185, 'lda_s': 2.3202267705165056}.
[I 2025-08-10 00:54:51,495] Trial 413 finished with values: [0.8364862341986484, 0.1842346471127406] and parameters: {'psi': 0.06921740031420054, 'lda_s': 3.755599043819527e-06}.
[I 2025-08-10 00:54:57,484] Trial 414 finished with values: [0.881546287743583, 0.1926711223784282] and parameters: {'psi': 0.007435359809366826, 'lda_s': 1.0299203455299437e-06}.
[I 2025-08-10 00:55:03,488] Trial 415 finished with values: [0.8818260707974627, 0.19308755760368665] and parameters: {'psi': 0.007435359809366826, 'lda_s': 1.0934460393082115e-08}.
[I 2025-08-10 00:55:09,494] Trial 416 finished with values: [0.8772197665452083, 0.17991144255418318] and parameters: {'psi': 0.007435359809366826, 'lda_s': 0.22510526918804785}.
[I 2025-08-10 00:55:15,447] Trial 417 finished with values: [0.881765805886682, 0.1926711223784282] and parameters: {'psi': 0.007435359809366826, 'lda_s': 2.2822917556715934e-07}.
[I 2025-08-10 00:55:21,455] Trial 418 finished with values: [0.880481279221733, 0.19326568265682656] and parameters: {'psi': 0.007435359809366826, 'lda_s': 7.1702174129387425e-06}.
[I 2025-08-10 00:55:27,446] Trial 419 finished with values: [0.799783607803897, 0.1848001848001848] and parameters: {'psi': 0.5754716085330894, 'lda_s': 0.00784363782152655}.
[I 2025-08-10 00:55:33,380] Trial 420 finished with values: [0.8199255446935645, 0.1797752808988764] and parameters: {'psi': 0.576930899400606, 'lda_s': 3.124721453663114e-06}.
[I 2025-08-10 00:55:39,336] Trial 421 finished with values: [0.8301962916550658, 0.18410808335241585] and parameters: {'psi': 0.07608650145411122, 'lda_s': 0.00010765488593869014}.
[I 2025-08-10 00:55:45,310] Trial 422 finished with values: [0.8507649284079855, 0.1848199954138959] and parameters: {'psi': 0.03785489641254025, 'lda_s': 2.8127260582485772e-05}.
[I 2025-08-10 00:55:51,279] Trial 423 finished with values: [0.8198868887687101, 0.17873510540788268] and parameters: {'psi': 0.31109399974983865, 'lda_s': 3.755599043819527e-06}.
[I 2025-08-10 00:55:57,268] Trial 424 finished with values: [0.8804973948552095, 0.19326568265682656] and parameters: {'psi': 0.007435359809366826, 'lda_s': 7.044880034490176e-06}.
[I 2025-08-10 00:56:03,237] Trial 425 finished with values: [0.8204456585428217, 0.18194317140238314] and parameters: {'psi': 0.6695178410948552, 'lda_s': 2.1459051718714606e-08}.
[I 2025-08-10 00:56:09,203] Trial 426 finished with values: [0.8067446166630683, 0.10979228486646884] and parameters: {'psi': 0.40451151943891395, 'lda_s': 0.11834739897809547}.
[I 2025-08-10 00:56:15,197] Trial 427 finished with values: [0.8772197665452083, 0.17991144255418318] and parameters: {'psi': 0.007435359809366826, 'lda_s': 0.007422689559076289}.
[I 2025-08-10 00:56:21,163] Trial 428 finished with values: [0.8206770946962723, 0.17869415807560138] and parameters: {'psi': 0.25404182012382914, 'lda_s': 2.2822917556715934e-07}.
[I 2025-08-10 00:56:27,146] Trial 429 finished with values: [0.8748928526328708, 0.18587360594795538] and parameters: {'psi': 0.007435359809366826, 'lda_s': 8.838477767553021e-05}.
[I 2025-08-10 00:56:33,144] Trial 430 finished with values: [0.8197978613663565, 0.17889908256880735] and parameters: {'psi': 0.5507621420838067, 'lda_s': 3.896399622059813e-06}.
[I 2025-08-10 00:56:39,206] Trial 431 finished with values: [0.8204956520992679, 0.17869415807560138] and parameters: {'psi': 0.2649834806785326, 'lda_s': 2.2934070209264643e-08}.
[I 2025-08-10 00:56:45,166] Trial 432 finished with values: [0.8811238934808996, 0.19225449515905949] and parameters: {'psi': 0.007435359809366826, 'lda_s': 2.9951494730953036e-06}.
[I 2025-08-10 00:56:51,138] Trial 433 finished with values: [0.8159297449081482, 0.18169273229070837] and parameters: {'psi': 0.925947009066783, 'lda_s': 7.1702174129387425e-06}.
[I 2025-08-10 00:56:57,127] Trial 434 finished with values: [0.8817661838077349, 0.1926711223784282] and parameters: {'psi': 0.007435359809366826, 'lda_s': 2.2644357653747413e-07}.
[I 2025-08-10 00:57:03,188] Trial 435 finished with values: [0.8222353036895298, 0.17911131470453504] and parameters: {'psi': 0.19309391705827783, 'lda_s': 3.755599043819527e-06}.
[I 2025-08-10 00:57:09,163] Trial 436 finished with values: [0.876422866016135, 0.17888836992059784] and parameters: {'psi': 0.005926955920479204, 'lda_s': 0.007222202436666268}.
[I 2025-08-10 00:57:15,155] Trial 437 finished with values: [0.8816751318283113, 0.1926711223784282] and parameters: {'psi': 0.007435359809366826, 'lda_s': 5.818240305266865e-07}.
[I 2025-08-10 00:57:21,152] Trial 438 finished with values: [0.880481279221733, 0.19326568265682656] and parameters: {'psi': 0.007435359809366826, 'lda_s': 7.1702174129387425e-06}.
[I 2025-08-10 00:57:27,177] Trial 439 finished with values: [0.8399036663039166, 0.1837763519706691] and parameters: {'psi': 0.060267671562192815, 'lda_s': 6.700366462942626e-08}.
[I 2025-08-10 00:57:33,183] Trial 440 finished with values: [0.8203904145831744, 0.1829436038514443] and parameters: {'psi': 0.7457737194813151, 'lda_s': 4.894271298784883e-05}.
[I 2025-08-10 00:57:39,168] Trial 441 finished with values: [0.8425913193585686, 0.15704276395264558] and parameters: {'psi': 0.9114733682319651, 'lda_s': 0.11296678182503138}.
[I 2025-08-10 00:57:45,106] Trial 442 finished with values: [0.819293093811289, 0.17831767132706852] and parameters: {'psi': 0.38831414400795794, 'lda_s': 2.2426613997834097e-05}.
[I 2025-08-10 00:57:51,127] Trial 443 finished with values: [0.8205859212422244, 0.17869415807560138] and parameters: {'psi': 0.23891124196460756, 'lda_s': 2.2426613997834097e-05}.
[I 2025-08-10 00:57:57,203] Trial 444 finished with values: [0.8818248425540403, 0.19308755760368665] and parameters: {'psi': 0.007435359809366826, 'lda_s': 1.475374394750039e-08}.
[I 2025-08-10 00:58:03,197] Trial 445 finished with values: [0.8195279582485778, 0.17885806007796376] and parameters: {'psi': 0.5137458271551572, 'lda_s': 1.7922558596652968e-05}.
[I 2025-08-10 00:58:09,167] Trial 446 finished with values: [0.8208854371739452, 0.17911131470453504] and parameters: {'psi': 0.24123937004756568, 'lda_s': 2.6982074451728676e-06}.
[I 2025-08-10 00:58:15,177] Trial 447 finished with values: [0.8680438973659282, 0.18110236220472442] and parameters: {'psi': 0.016055290240402753, 'lda_s': 0.0634204716561273}.
[I 2025-08-10 00:58:21,141] Trial 448 finished with values: [0.8251072472462648, 0.15037950664136623] and parameters: {'psi': 0.5915002014166725, 'lda_s': 0.14525622436280808}.
[I 2025-08-10 00:58:27,071] Trial 449 finished with values: [0.8516171943713302, 0.18394495412844036] and parameters: {'psi': 0.039414622875233785, 'lda_s': 9.507692053492714e-08}.
[I 2025-08-10 00:58:33,065] Trial 450 finished with values: [0.8251908082905297, 0.1544011544011544] and parameters: {'psi': 0.8648253054971025, 'lda_s': 0.03263811966522718}.
[I 2025-08-10 00:58:39,011] Trial 451 finished with values: [0.8196350583755756, 0.18281786941580755] and parameters: {'psi': 0.6967103037336445, 'lda_s': 0.00014350147268522262}.
[I 2025-08-10 00:58:44,987] Trial 452 finished with values: [0.8811238934808996, 0.19225449515905949] and parameters: {'psi': 0.007435359809366826, 'lda_s': 2.9951494730953036e-06}.
[I 2025-08-10 00:58:50,946] Trial 453 finished with values: [0.8276665826062267, 0.18619582664526485] and parameters: {'psi': 0.05732792520983976, 'lda_s': 0.00044400428882578204}.
[I 2025-08-10 00:58:57,026] Trial 454 finished with values: [0.8027292729603371, 0.11671612265084075] and parameters: {'psi': 0.2427352181566671, 'lda_s': 6.425250646402315}.
[I 2025-08-10 00:59:02,965] Trial 455 finished with values: [0.8811238934808996, 0.19225449515905949] and parameters: {'psi': 0.007435359809366826, 'lda_s': 2.9951494730953036e-06}.
[I 2025-08-10 00:59:08,901] Trial 456 finished with values: [0.8184810899372744, 0.18424689083371718] and parameters: {'psi': 0.878384973195502, 'lda_s': 4.894271298784883e-05}.
[I 2025-08-10 00:59:14,865] Trial 457 finished with values: [0.8198908164482257, 0.17889908256880735] and parameters: {'psi': 0.5647548671946557, 'lda_s': 2.2822917556715934e-07}.
[I 2025-08-10 00:59:20,849] Trial 458 finished with values: [0.881403784512223, 0.19225449515905949] and parameters: {'psi': 0.007435359809366826, 'lda_s': 1.5871866402374518e-06}.
[I 2025-08-10 00:59:26,850] Trial 459 finished with values: [0.8202593569608496, 0.1828623937514358] and parameters: {'psi': 0.8124393992472874, 'lda_s': 3.896399622059813e-06}.
[I 2025-08-10 00:59:32,811] Trial 460 finished with values: [0.8206521114152296, 0.18169304886441845] and parameters: {'psi': 0.7658118730067897, 'lda_s': 2.2822917556715934e-07}.
[I 2025-08-10 00:59:38,770] Trial 461 finished with values: [0.8362435144023285, 0.1837763519706691] and parameters: {'psi': 0.07065376070922313, 'lda_s': 9.328873373532539e-08}.
[I 2025-08-10 00:59:44,738] Trial 462 finished with values: [0.8818091048416168, 0.19308755760368665] and parameters: {'psi': 0.007435359809366826, 'lda_s': 6.700366462942626e-08}.
[I 2025-08-10 00:59:50,741] Trial 463 finished with values: [0.8187786757721885, 0.18466497812571955] and parameters: {'psi': 0.8771460369143381, 'lda_s': 2.2822917556715934e-07}.
[I 2025-08-10 00:59:56,713] Trial 464 finished with values: [0.881765805886682, 0.1926711223784282] and parameters: {'psi': 0.007435359809366826, 'lda_s': 2.2822917556715934e-07}.
[I 2025-08-10 01:00:02,707] Trial 465 finished with values: [0.8772197665452083, 0.17991144255418318] and parameters: {'psi': 0.007435359809366826, 'lda_s': 0.006158139641091711}.
[I 2025-08-10 01:00:08,651] Trial 466 finished with values: [0.8791172541638397, 0.19427780341485926] and parameters: {'psi': 0.007435359809366826, 'lda_s': 1.7922558596652968e-05}.
[I 2025-08-10 01:00:14,603] Trial 467 finished with values: [0.8225205531014983, 0.17911131470453504] and parameters: {'psi': 0.18709472578122388, 'lda_s': 1.5871866402374518e-06}.
[I 2025-08-10 01:00:20,599] Trial 468 finished with values: [0.8818260707974627, 0.19308755760368665] and parameters: {'psi': 0.007435359809366826, 'lda_s': 1.0934460393082115e-08}.
[I 2025-08-10 01:00:26,657] Trial 469 finished with values: [0.8817836356620775, 0.19308755760368665] and parameters: {'psi': 0.007435359809366826, 'lda_s': 1.6001315944860666e-07}.
[I 2025-08-10 01:00:32,605] Trial 470 finished with values: [0.8206888642376384, 0.18248509857863365] and parameters: {'psi': 0.7482143857534922, 'lda_s': 3.0194405521020844e-07}.
[I 2025-08-10 01:00:38,578] Trial 471 finished with values: [0.8201041528826711, 0.1806096722438689] and parameters: {'psi': 0.6078929907514096, 'lda_s': 1.004010419105074e-06}.
[I 2025-08-10 01:00:44,551] Trial 472 finished with values: [0.8196388780776473, 0.184537505752416] and parameters: {'psi': 0.846893459899784, 'lda_s': 1.3827310804914279e-08}.
[I 2025-08-10 01:00:50,538] Trial 473 finished with values: [0.8818166902570387, 0.19308755760368665] and parameters: {'psi': 0.007435359809366826, 'lda_s': 4.360218010782311e-08}.
[I 2025-08-10 01:00:56,522] Trial 474 finished with values: [0.8244657937446183, 0.17969287187714875] and parameters: {'psi': 0.15095898623309945, 'lda_s': 2.4612281784000043e-08}.
[I 2025-08-10 01:01:02,498] Trial 475 finished with values: [0.8217641306166426, 0.1795282802839478] and parameters: {'psi': 0.20442154378752897, 'lda_s': 7.1702174129387425e-06}.
[I 2025-08-10 01:01:08,489] Trial 476 finished with values: [0.8810072103557711, 0.1918376758127738] and parameters: {'psi': 0.007435359809366826, 'lda_s': 3.7461602862812793e-06}.
[I 2025-08-10 01:01:14,436] Trial 477 finished with values: [0.8206771351878136, 0.18252694336161432] and parameters: {'psi': 0.7571514238886637, 'lda_s': 2.1459051718714606e-08}.
[I 2025-08-10 01:01:20,427] Trial 478 finished with values: [0.8791172541638397, 0.19427780341485926] and parameters: {'psi': 0.007435359809366826, 'lda_s': 1.7922558596652968e-05}.
[I 2025-08-10 01:01:26,387] Trial 479 finished with values: [0.8206869746323732, 0.18248509857863365] and parameters: {'psi': 0.745094788628489, 'lda_s': 1.0299203455299437e-06}.
[I 2025-08-10 01:01:32,382] Trial 480 finished with values: [0.8204961379977644, 0.18281786941580755] and parameters: {'psi': 0.686003932704758, 'lda_s': 4.542948640576649e-06}.
[I 2025-08-10 01:01:38,344] Trial 481 finished with values: [0.8200124665357656, 0.17869415807560138] and parameters: {'psi': 0.2593487248452867, 'lda_s': 3.544898399523975e-05}.
[I 2025-08-10 01:01:44,314] Trial 482 finished with values: [0.8199772928834712, 0.17869415807560138] and parameters: {'psi': 0.27631606177401535, 'lda_s': 2.2426613997834097e-05}.
[I 2025-08-10 01:01:50,290] Trial 483 finished with values: [0.8165590239530142, 0.17869415807560138] and parameters: {'psi': 0.26623798299058365, 'lda_s': 0.00028513465268595334}.
[I 2025-08-10 01:01:56,286] Trial 484 finished with values: [0.8179727186350226, 0.1832412523020258] and parameters: {'psi': 0.8965770111516719, 'lda_s': 8.190997661127461e-07}.
[I 2025-08-10 01:02:02,255] Trial 485 finished with values: [0.8155530116069813, 0.17965169569202566] and parameters: {'psi': 0.5085146756416425, 'lda_s': 0.0005526838148820801}.
[I 2025-08-10 01:02:08,219] Trial 486 finished with values: [0.8194823647729637, 0.17831767132706852] and parameters: {'psi': 0.422347807058186, 'lda_s': 3.755599043819527e-06}.
[I 2025-08-10 01:02:14,218] Trial 487 finished with values: [0.8772752939456453, 0.17876312718786463] and parameters: {'psi': 0.007435359809366826, 'lda_s': 0.0002551901046508249}.
[I 2025-08-10 01:02:20,214] Trial 488 finished with values: [0.881546287743583, 0.1926711223784282] and parameters: {'psi': 0.007435359809366826, 'lda_s': 1.0299203455299437e-06}.
[I 2025-08-10 01:02:26,183] Trial 489 finished with values: [0.8823757299747597, 0.19091537929444316] and parameters: {'psi': 0.009355859807769762, 'lda_s': 2.1459051718714606e-08}.
[I 2025-08-10 01:02:32,208] Trial 490 finished with values: [0.8772197665452083, 0.17991144255418318] and parameters: {'psi': 0.007435359809366826, 'lda_s': 0.003537030152037368}.
