[I 2025-08-10 01:52:58,358] Trial 494 finished with values: [0.9356485573691368, 0.21586165772212285] and parameters: {'psi': 0.02520621071428486, 'lda_s': 0.07994455913481784}.
[I 2025-08-10 01:53:04,246] Trial 495 finished with values: [0.943379101508446, 0.1922222222222222] and parameters: {'psi': 0.016446422815085127, 'lda_s': 5.584233071765388e-06}.
[I 2025-08-10 01:53:10,143] Trial 496 finished with values: [0.9307798421635233, 0.2826523777628935] and parameters: {'psi': 0.9281500906633967, 'lda_s': 1.4890658659344216}.
[I 2025-08-10 01:53:16,026] Trial 497 finished with values: [0.9374864036238669, 0.2632696390658174] and parameters: {'psi': 0.964404706122515, 'lda_s': 6.8710908218308875}.
[I 2025-08-10 01:53:21,903] Trial 498 finished with values: [0.9397401018170874, 0.38420348058902276] and parameters: {'psi': 0.8850626030118003, 'lda_s': 6.8710908218308875}.
[I 2025-08-10 01:53:27,837] Trial 499 finished with values: [0.9391567703605708, 0.21058755090168702] and parameters: {'psi': 0.016446422815085127, 'lda_s': 9.228464667387}.
