[I 2025-08-10 01:45:56,514] A new study created in memory with name: no-name-ba5d8f5a-c18d-4a6a-9885-95dd5a6f16cf
Mode-0 approx rank: 4/38
Estimated noise variance from mode-0: 0.0
Mode-1 approx rank: 10/20
Estimated noise variance from mode-1: 0.000571711045359949
Mode-2 approx rank: 10/24
Estimated noise variance from mode-2: 0.0006464092915029784
Mode-3 approx rank: 6/60
Estimated noise variance from mode-3: 0.00018006104123149307
  0%|          | 0/500 [00:00<?, ?it/s]/mnt/ffs24/home/mondalra/Anomaly_Detection/src/proximal_ops/prox_overlapping_grouped_l21.py:405: UserWarning: Sparse CSR tensor support is in beta state. If you miss a functionality in the sparse tensor support, please submit a feature request to https://github.com/pytorch/pytorch/issues. (Triggered internally at /pytorch/aten/src/ATen/SparseCsrTensorImpl.cpp:53.)
  G_ind = torch.sparse_csr_tensor(A_r.indptr, A_r.indices, A_r.data, device=device, dtype=dtype)
                                         0%|          | 0/500 [00:09<?, ?it/s]  0%|          | 1/500 [00:09<1:17:42,  9.34s/it]                                                   0%|          | 1/500 [00:16<1:17:42,  9.34s/it]  0%|          | 2/500 [00:16<1:07:04,  8.08s/it]                                                   0%|          | 2/500 [00:23<1:07:04,  8.08s/it]  1%|          | 3/500 [00:23<1:03:41,  7.69s/it]                                                   1%|          | 3/500 [00:30<1:03:41,  7.69s/it]  1%|          | 4/500 [00:30<1:02:00,  7.50s/it]                                                   1%|          | 4/500 [00:38<1:02:00,  7.50s/it]  1%|          | 5/500 [00:38<1:01:01,  7.40s/it]                                                   1%|          | 5/500 [00:45<1:01:01,  7.40s/it]  1%|          | 6/500 [00:45<1:00:17,  7.32s/it]                                                   1%|          | 6/500 [00:52<1:00:17,  7.32s/it]  1%|▏         | 7/500 [00:52<59:50,  7.28s/it]                                                   1%|▏         | 7/500 [00:59<59:50,  7.28s/it]  2%|▏         | 8/500 [00:59<59:25,  7.25s/it]                                                 2%|▏         | 8/500 [01:07<59:25,  7.25s/it]  2%|▏         | 9/500 [01:07<59:25,  7.26s/it]                                                 2%|▏         | 9/500 [01:14<59:25,  7.26s/it]  2%|▏         | 10/500 [01:14<59:06,  7.24s/it]                                                  2%|▏         | 10/500 [01:21<59:06,  7.24s/it]  2%|▏         | 11/500 [01:21<58:49,  7.22s/it]                                                  2%|▏         | 11/500 [01:28<58:49,  7.22s/it]  2%|▏         | 12/500 [01:28<58:35,  7.20s/it]                                                  2%|▏         | 12/500 [01:35<58:35,  7.20s/it]  3%|▎         | 13/500 [01:35<58:25,  7.20s/it]                                                  3%|▎         | 13/500 [01:42<58:25,  7.20s/it]  3%|▎         | 14/500 [01:42<58:15,  7.19s/it]                                                  3%|▎         | 14/500 [01:50<58:15,  7.19s/it]  3%|▎         | 15/500 [01:50<58:04,  7.18s/it]                                                  3%|▎         | 15/500 [01:57<58:04,  7.18s/it]  3%|▎         | 16/500 [01:57<57:52,  7.17s/it]                                                  3%|▎         | 16/500 [02:04<57:52,  7.17s/it]  3%|▎         | 17/500 [02:04<57:44,  7.17s/it]                                                  3%|▎         | 17/500 [02:11<57:44,  7.17s/it]  4%|▎         | 18/500 [02:11<57:38,  7.18s/it]                                                  4%|▎         | 18/500 [02:18<57:38,  7.18s/it]  4%|▍         | 19/500 [02:18<57:34,  7.18s/it]                                                  4%|▍         | 19/500 [02:25<57:34,  7.18s/it]  4%|▍         | 20/500 [02:25<57:27,  7.18s/it]                                                  4%|▍         | 20/500 [02:33<57:27,  7.18s/it]  4%|▍         | 21/500 [02:33<57:19,  7.18s/it]                                                  4%|▍         | 21/500 [02:40<57:19,  7.18s/it]  4%|▍         | 22/500 [02:40<57:13,  7.18s/it]                                                  4%|▍         | 22/500 [02:47<57:13,  7.18s/it]  5%|▍         | 23/500 [02:47<57:09,  7.19s/it]                                                  5%|▍         | 23/500 [02:54<57:09,  7.19s/it]  5%|▍         | 24/500 [02:54<57:01,  7.19s/it]                                                  5%|▍         | 24/500 [03:01<57:01,  7.19s/it]  5%|▌         | 25/500 [03:01<56:55,  7.19s/it]                                                  5%|▌         | 25/500 [03:09<56:55,  7.19s/it]  5%|▌         | 26/500 [03:09<56:51,  7.20s/it]                                                  5%|▌         | 26/500 [03:16<56:51,  7.20s/it]  5%|▌         | 27/500 [03:16<56:41,  7.19s/it]                                                  5%|▌         | 27/500 [03:23<56:41,  7.19s/it]  6%|▌         | 28/500 [03:23<56:35,  7.19s/it]                                                  6%|▌         | 28/500 [03:30<56:35,  7.19s/it]  6%|▌         | 29/500 [03:30<56:26,  7.19s/it]                                                  6%|▌         | 29/500 [03:37<56:26,  7.19s/it]  6%|▌         | 30/500 [03:37<56:11,  7.17s/it]                                                  6%|▌         | 30/500 [03:44<56:11,  7.17s/it]  6%|▌         | 31/500 [03:44<56:02,  7.17s/it]                                                  6%|▌         | 31/500 [03:52<56:02,  7.17s/it]  6%|▋         | 32/500 [03:52<55:58,  7.18s/it]                                                  6%|▋         | 32/500 [03:59<55:58,  7.18s/it]  7%|▋         | 33/500 [03:59<55:47,  7.17s/it]                                                  7%|▋         | 33/500 [04:06<55:47,  7.17s/it]  7%|▋         | 34/500 [04:06<55:41,  7.17s/it]                                                  7%|▋         | 34/500 [04:13<55:41,  7.17s/it]  7%|▋         | 35/500 [04:13<55:31,  7.16s/it]                                                  7%|▋         | 35/500 [04:20<55:31,  7.16s/it]  7%|▋         | 36/500 [04:20<55:43,  7.21s/it]                                                  7%|▋         | 36/500 [04:28<55:43,  7.21s/it]  7%|▋         | 37/500 [04:28<55:35,  7.20s/it]                                                  7%|▋         | 37/500 [04:35<55:35,  7.20s/it]  8%|▊         | 38/500 [04:35<55:28,  7.20s/it]                                                  8%|▊         | 38/500 [04:42<55:28,  7.20s/it]  8%|▊         | 39/500 [04:42<55:20,  7.20s/it]                                                  8%|▊         | 39/500 [04:49<55:20,  7.20s/it]  8%|▊         | 40/500 [04:49<55:15,  7.21s/it]                                                  8%|▊         | 40/500 [04:56<55:15,  7.21s/it]  8%|▊         | 41/500 [04:56<55:07,  7.21s/it]                                                  8%|▊         | 41/500 [05:04<55:07,  7.21s/it]  8%|▊         | 42/500 [05:04<54:54,  7.19s/it]                                                  8%|▊         | 42/500 [05:11<54:54,  7.19s/it]  9%|▊         | 43/500 [05:11<54:47,  7.19s/it]                                                  9%|▊         | 43/500 [05:18<54:47,  7.19s/it]  9%|▉         | 44/500 [05:18<54:36,  7.19s/it]                                                  9%|▉         | 44/500 [05:25<54:36,  7.19s/it]  9%|▉         | 45/500 [05:25<54:31,  7.19s/it]                                                  9%|▉         | 45/500 [05:32<54:31,  7.19s/it]  9%|▉         | 46/500 [05:32<54:25,  7.19s/it]                                                  9%|▉         | 46/500 [05:40<54:25,  7.19s/it]  9%|▉         | 47/500 [05:40<54:09,  7.17s/it]                                                  9%|▉         | 47/500 [05:47<54:09,  7.17s/it] 10%|▉         | 48/500 [05:47<54:05,  7.18s/it]                                                 10%|▉         | 48/500 [05:54<54:05,  7.18s/it] 10%|▉         | 49/500 [05:54<54:01,  7.19s/it]                                                 10%|▉         | 49/500 [06:01<54:01,  7.19s/it] 10%|█         | 50/500 [06:01<53:55,  7.19s/it]                                                 10%|█         | 50/500 [06:08<53:55,  7.19s/it] 10%|█         | 51/500 [06:08<53:44,  7.18s/it]                                                 10%|█         | 51/500 [06:15<53:44,  7.18s/it] 10%|█         | 52/500 [06:15<53:36,  7.18s/it]                                                 10%|█         | 52/500 [06:23<53:36,  7.18s/it] 11%|█         | 53/500 [06:23<53:28,  7.18s/it]                                                 11%|█         | 53/500 [06:30<53:28,  7.18s/it] 11%|█         | 54/500 [06:30<53:23,  7.18s/it]                                                 11%|█         | 54/500 [06:37<53:23,  7.18s/it] 11%|█         | 55/500 [06:37<53:14,  7.18s/it]                                                 11%|█         | 55/500 [06:44<53:14,  7.18s/it] 11%|█         | 56/500 [06:44<53:06,  7.18s/it]                                                 11%|█         | 56/500 [06:51<53:06,  7.18s/it] 11%|█▏        | 57/500 [06:51<53:01,  7.18s/it]                                                 11%|█▏        | 57/500 [06:59<53:01,  7.18s/it] 12%|█▏        | 58/500 [06:59<52:53,  7.18s/it]                                                 12%|█▏        | 58/500 [07:06<52:53,  7.18s/it] 12%|█▏        | 59/500 [07:06<52:46,  7.18s/it]                                                 12%|█▏        | 59/500 [07:13<52:46,  7.18s/it] 12%|█▏        | 60/500 [07:13<52:38,  7.18s/it]                                                 12%|█▏        | 60/500 [07:20<52:38,  7.18s/it] 12%|█▏        | 61/500 [07:20<52:32,  7.18s/it]                                                 12%|█▏        | 61/500 [07:27<52:32,  7.18s/it] 12%|█▏        | 62/500 [07:27<52:26,  7.18s/it]                                                 12%|█▏        | 62/500 [07:34<52:26,  7.18s/it] 13%|█▎        | 63/500 [07:34<52:17,  7.18s/it]                                                 13%|█▎        | 63/500 [07:42<52:17,  7.18s/it] 13%|█▎        | 64/500 [07:42<52:12,  7.18s/it]                                                 13%|█▎        | 64/500 [07:49<52:12,  7.18s/it] 13%|█▎        | 65/500 [07:49<52:07,  7.19s/it]                                                 13%|█▎        | 65/500 [07:56<52:07,  7.19s/it] 13%|█▎        | 66/500 [07:56<52:03,  7.20s/it]                                                 13%|█▎        | 66/500 [08:03<52:03,  7.20s/it] 13%|█▎        | 67/500 [08:03<51:51,  7.19s/it]                                                 13%|█▎        | 67/500 [08:10<51:51,  7.19s/it] 14%|█▎        | 68/500 [08:10<51:44,  7.19s/it]                                                 14%|█▎        | 68/500 [08:18<51:44,  7.19s/it] 14%|█▍        | 69/500 [08:18<51:38,  7.19s/it]                                                 14%|█▍        | 69/500 [08:25<51:38,  7.19s/it] 14%|█▍        | 70/500 [08:25<51:29,  7.19s/it]                                                 14%|█▍        | 70/500 [08:32<51:29,  7.19s/it] 14%|█▍        | 71/500 [08:32<51:27,  7.20s/it]                                                 14%|█▍        | 71/500 [08:39<51:27,  7.20s/it] 14%|█▍        | 72/500 [08:39<51:19,  7.20s/it]                                                 14%|█▍        | 72/500 [08:46<51:19,  7.20s/it] 15%|█▍        | 73/500 [08:46<51:11,  7.19s/it]                                                 15%|█▍        | 73/500 [08:54<51:11,  7.19s/it] 15%|█▍        | 74/500 [08:54<51:14,  7.22s/it]                                                 15%|█▍        | 74/500 [09:01<51:14,  7.22s/it] 15%|█▌        | 75/500 [09:01<51:02,  7.21s/it]                                                 15%|█▌        | 75/500 [09:08<51:02,  7.21s/it] 15%|█▌        | 76/500 [09:08<50:51,  7.20s/it]                                                 15%|█▌        | 76/500 [09:15<50:51,  7.20s/it] 15%|█▌        | 77/500 [09:15<50:42,  7.19s/it]                                                 15%|█▌        | 77/500 [09:22<50:42,  7.19s/it] 16%|█▌        | 78/500 [09:22<50:32,  7.19s/it]                                                 16%|█▌        | 78/500 [09:30<50:32,  7.19s/it] 16%|█▌        | 79/500 [09:30<50:25,  7.19s/it]                                                 16%|█▌        | 79/500 [09:37<50:25,  7.19s/it] 16%|█▌        | 80/500 [09:37<50:18,  7.19s/it]                                                 16%|█▌        | 80/500 [09:44<50:18,  7.19s/it] 16%|█▌        | 81/500 [09:44<50:10,  7.18s/it]                                                 16%|█▌        | 81/500 [09:51<50:10,  7.18s/it] 16%|█▋        | 82/500 [09:51<50:03,  7.18s/it]                                                 16%|█▋        | 82/500 [09:58<50:03,  7.18s/it] 17%|█▋        | 83/500 [09:58<49:57,  7.19s/it]                                                 17%|█▋        | 83/500 [10:05<49:57,  7.19s/it] 17%|█▋        | 84/500 [10:05<49:50,  7.19s/it]                                                 17%|█▋        | 84/500 [10:13<49:50,  7.19s/it] 17%|█▋        | 85/500 [10:13<49:44,  7.19s/it]                                                 17%|█▋        | 85/500 [10:20<49:44,  7.19s/it] 17%|█▋        | 86/500 [10:20<49:39,  7.20s/it]                                                 17%|█▋        | 86/500 [10:27<49:39,  7.20s/it] 17%|█▋        | 87/500 [10:27<49:32,  7.20s/it]                                                 17%|█▋        | 87/500 [10:34<49:32,  7.20s/it] 18%|█▊        | 88/500 [10:34<49:24,  7.20s/it]                                                 18%|█▊        | 88/500 [10:41<49:24,  7.20s/it] 18%|█▊        | 89/500 [10:41<49:16,  7.19s/it]                                                 18%|█▊        | 89/500 [10:49<49:16,  7.19s/it] 18%|█▊        | 90/500 [10:49<49:11,  7.20s/it]                                                 18%|█▊        | 90/500 [10:56<49:11,  7.20s/it] 18%|█▊        | 91/500 [10:56<49:02,  7.19s/it]                                                 18%|█▊        | 91/500 [11:03<49:02,  7.19s/it] 18%|█▊        | 92/500 [11:03<48:54,  7.19s/it]                                                 18%|█▊        | 92/500 [11:10<48:54,  7.19s/it] 19%|█▊        | 93/500 [11:10<48:49,  7.20s/it]                                                 19%|█▊        | 93/500 [11:17<48:49,  7.20s/it] 19%|█▉        | 94/500 [11:17<48:42,  7.20s/it]                                                 19%|█▉        | 94/500 [11:25<48:42,  7.20s/it] 19%|█▉        | 95/500 [11:25<48:34,  7.20s/it]                                                 19%|█▉        | 95/500 [11:32<48:34,  7.20s/it] 19%|█▉        | 96/500 [11:32<48:29,  7.20s/it]                                                 19%|█▉        | 96/500 [11:39<48:29,  7.20s/it] 19%|█▉        | 97/500 [11:39<48:21,  7.20s/it]                                                 19%|█▉        | 97/500 [11:46<48:21,  7.20s/it] 20%|█▉        | 98/500 [11:46<48:09,  7.19s/it]                                                 20%|█▉        | 98/500 [11:53<48:09,  7.19s/it] 20%|█▉        | 99/500 [11:53<48:01,  7.19s/it]                                                 20%|█▉        | 99/500 [12:01<48:01,  7.19s/it] 20%|██        | 100/500 [12:01<47:54,  7.19s/it]                                                  20%|██        | 100/500 [12:08<47:54,  7.19s/it] 20%|██        | 101/500 [12:08<47:48,  7.19s/it]                                                  20%|██        | 101/500 [12:15<47:48,  7.19s/it] 20%|██        | 102/500 [12:15<47:37,  7.18s/it]                                                  20%|██        | 102/500 [12:22<47:37,  7.18s/it] 21%|██        | 103/500 [12:22<47:29,  7.18s/it]                                                  21%|██        | 103/500 [12:29<47:29,  7.18s/it] 21%|██        | 104/500 [12:29<47:23,  7.18s/it]                                                  21%|██        | 104/500 [12:37<47:23,  7.18s/it] 21%|██        | 105/500 [12:37<47:19,  7.19s/it]                                                  21%|██        | 105/500 [12:44<47:19,  7.19s/it] 21%|██        | 106/500 [12:44<47:20,  7.21s/it]                                                  21%|██        | 106/500 [12:51<47:20,  7.21s/it] 21%|██▏       | 107/500 [12:51<47:11,  7.20s/it]                                                  21%|██▏       | 107/500 [12:58<47:11,  7.20s/it] 22%|██▏       | 108/500 [12:58<47:02,  7.20s/it]                                                  22%|██▏       | 108/500 [13:05<47:02,  7.20s/it] 22%|██▏       | 109/500 [13:05<46:52,  7.19s/it]                                                  22%|██▏       | 109/500 [13:13<46:52,  7.19s/it] 22%|██▏       | 110/500 [13:13<46:43,  7.19s/it]                                                  22%|██▏       | 110/500 [13:20<46:43,  7.19s/it] 22%|██▏       | 111/500 [13:20<46:39,  7.20s/it]                                                  22%|██▏       | 111/500 [13:27<46:39,  7.20s/it] 22%|██▏       | 112/500 [13:27<46:29,  7.19s/it]                                                  22%|██▏       | 112/500 [13:34<46:29,  7.19s/it] 23%|██▎       | 113/500 [13:34<46:21,  7.19s/it]                                                  23%|██▎       | 113/500 [13:41<46:21,  7.19s/it] 23%|██▎       | 114/500 [13:41<46:17,  7.19s/it]                                                  23%|██▎       | 114/500 [13:48<46:17,  7.19s/it] 23%|██▎       | 115/500 [13:48<46:08,  7.19s/it]                                                  23%|██▎       | 115/500 [13:56<46:08,  7.19s/it] 23%|██▎       | 116/500 [13:56<46:01,  7.19s/it]                                                  23%|██▎       | 116/500 [14:03<46:01,  7.19s/it] 23%|██▎       | 117/500 [14:03<45:56,  7.20s/it]                                                  23%|██▎       | 117/500 [14:10<45:56,  7.20s/it] 24%|██▎       | 118/500 [14:10<45:48,  7.19s/it]                                                  24%|██▎       | 118/500 [14:17<45:48,  7.19s/it] 24%|██▍       | 119/500 [14:17<45:41,  7.19s/it]                                                  24%|██▍       | 119/500 [14:24<45:41,  7.19s/it] 24%|██▍       | 120/500 [14:24<45:34,  7.20s/it]                                                  24%|██▍       | 120/500 [14:32<45:34,  7.20s/it] 24%|██▍       | 121/500 [14:32<45:25,  7.19s/it]                                                  24%|██▍       | 121/500 [14:39<45:25,  7.19s/it] 24%|██▍       | 122/500 [14:39<45:17,  7.19s/it]                                                  24%|██▍       | 122/500 [14:46<45:17,  7.19s/it] 25%|██▍       | 123/500 [14:46<45:05,  7.18s/it]                                                  25%|██▍       | 123/500 [14:53<45:05,  7.18s/it] 25%|██▍       | 124/500 [14:53<44:57,  7.17s/it]                                                  25%|██▍       | 124/500 [15:00<44:57,  7.17s/it] 25%|██▌       | 125/500 [15:00<44:50,  7.18s/it]                                                  25%|██▌       | 125/500 [15:07<44:50,  7.18s/it] 25%|██▌       | 126/500 [15:07<44:43,  7.17s/it]                                                  25%|██▌       | 126/500 [15:15<44:43,  7.17s/it] 25%|██▌       | 127/500 [15:15<44:41,  7.19s/it]                                                  25%|██▌       | 127/500 [15:22<44:41,  7.19s/it] 26%|██▌       | 128/500 [15:22<44:33,  7.19s/it]                                                  26%|██▌       | 128/500 [15:29<44:33,  7.19s/it] 26%|██▌       | 129/500 [15:29<44:26,  7.19s/it]                                                  26%|██▌       | 129/500 [15:36<44:26,  7.19s/it] 26%|██▌       | 130/500 [15:36<44:21,  7.19s/it]                                                  26%|██▌       | 130/500 [15:43<44:21,  7.19s/it] 26%|██▌       | 131/500 [15:43<44:12,  7.19s/it]                                                  26%|██▌       | 131/500 [15:51<44:12,  7.19s/it] 26%|██▋       | 132/500 [15:51<44:05,  7.19s/it]                                                  26%|██▋       | 132/500 [15:58<44:05,  7.19s/it] 27%|██▋       | 133/500 [15:58<43:58,  7.19s/it]                                                  27%|██▋       | 133/500 [16:05<43:58,  7.19s/it] 27%|██▋       | 134/500 [16:05<43:48,  7.18s/it]                                                  27%|██▋       | 134/500 [16:12<43:48,  7.18s/it] 27%|██▋       | 135/500 [16:12<43:55,  7.22s/it]                                                  27%|██▋       | 135/500 [16:20<43:55,  7.22s/it] 27%|██▋       | 136/500 [16:20<43:46,  7.22s/it]                                                  27%|██▋       | 136/500 [16:27<43:46,  7.22s/it] 27%|██▋       | 137/500 [16:27<43:37,  7.21s/it]                                                  27%|██▋       | 137/500 [16:34<43:37,  7.21s/it] 28%|██▊       | 138/500 [16:34<43:31,  7.21s/it]                                                  28%|██▊       | 138/500 [16:41<43:31,  7.21s/it] 28%|██▊       | 139/500 [16:41<43:21,  7.21s/it]                                                  28%|██▊       | 139/500 [16:48<43:21,  7.21s/it] 28%|██▊       | 140/500 [16:48<43:15,  7.21s/it]                                                  28%|██▊       | 140/500 [16:56<43:15,  7.21s/it] 28%|██▊       | 141/500 [16:56<43:05,  7.20s/it]                                                  28%|██▊       | 141/