[I 2025-08-10 01:35:59,902] Trial 247 finished with values: [0.5110872337533373, 0.06253758268190018] and parameters: {'psi': 0.5612868575211234, 'lda_s': 0.009127655059005571}.
[I 2025-08-10 01:36:06,296] Trial 248 finished with values: [0.49956291211955456, 0.07147183525136282] and parameters: {'psi': 0.020182761485583844, 'lda_s': 0.0030147149309148373}.
[I 2025-08-10 01:36:12,673] Trial 249 finished with values: [0.4945715616864217, 0.04461942257217848] and parameters: {'psi': 0.12913210557639265, 'lda_s': 0.9162208621694534}.
[I 2025-08-10 01:36:19,040] Trial 250 finished with values: [0.5185204415609274, 0.06840579710144927] and parameters: {'psi': 0.7031148664144524, 'lda_s': 6.444001088640641e-05}.
[I 2025-08-10 01:36:25,399] Trial 251 finished with values: [0.5398004593254049, 0.053246753246753244] and parameters: {'psi': 0.4033100783594783, 'lda_s': 2.709350600758739}.
[I 2025-08-10 01:36:31,771] Trial 252 finished with values: [0.543478111643068, 0.06102987921169739] and parameters: {'psi': 0.4163553290006823, 'lda_s': 0.29577138940825526}.
[I 2025-08-10 01:36:38,137] Trial 253 finished with values: [0.5627268201545405, 0.07230255839822025] and parameters: {'psi': 0.8172146314381269, 'lda_s': 7.115474884482731}.
[I 2025-08-10 01:36:44,516] Trial 254 finished with values: [0.5634540893697849, 0.06365740740740741] and parameters: {'psi': 0.7010920392543835, 'lda_s': 9.727487262532962}.
[I 2025-08-10 01:36:50,874] Trial 255 finished with values: [0.5175099352485754, 0.06246317030053035] and parameters: {'psi': 0.8477268815268124, 'lda_s': 4.662075454885419e-06}.
[I 2025-08-10 01:36:57,237] Trial 256 finished with values: [0.5640637455478058, 0.0752628666297731] and parameters: {'psi': 0.7818848964116841, 'lda_s': 4.980985941156604}.
[I 2025-08-10 01:37:03,610] Trial 257 finished with values: [0.5295493277538911, 0.05968331303288672] and parameters: {'psi': 0.6137080001336509, 'lda_s': 2.709350600758739}.
[I 2025-08-10 01:37:09,983] Trial 258 finished with values: [0.49198339640749844, 0.05747126436781609] and parameters: {'psi': 0.06151512226367217, 'lda_s': 2.709350600758739}.
[I 2025-08-10 01:37:16,358] Trial 259 finished with values: [0.5626711864341842, 0.07444444444444444] and parameters: {'psi': 0.8086460958479537, 'lda_s': 4.486068466735235}.
[I 2025-08-10 01:37:22,737] Trial 260 finished with values: [0.5218452946763319, 0.07015526164462335] and parameters: {'psi': 0.3337174572917241, 'lda_s': 8.323369423737657e-06}.
[I 2025-08-10 01:37:29,109] Trial 261 finished with values: [0.5449403525900769, 0.062380649267982174] and parameters: {'psi': 0.42262863745851387, 'lda_s': 0.8384710521327656}.
[I 2025-08-10 01:37:35,484] Trial 262 finished with values: [0.56839451539318, 0.03808487486398259] and parameters: {'psi': 0.8281194824240131, 'lda_s': 0.3249597144573263}.
[I 2025-08-10 01:37:41,854] Trial 263 finished with values: [0.48840260423280824, 0.050518134715025906] and parameters: {'psi': 0.08038793799693367, 'lda_s': 2.709350600758739}.
[I 2025-08-10 01:37:48,212] Trial 264 finished with values: [0.5631885720516144, 0.06496519721577726] and parameters: {'psi': 0.7010920392543835, 'lda_s': 4.980985941156604}.
[I 2025-08-10 01:37:54,575] Trial 265 finished with values: [0.5661295365327964, 0.07198228128460686] and parameters: {'psi': 0.7561842199734601, 'lda_s': 4.980985941156604}.
[I 2025-08-10 01:38:00,957] Trial 266 finished with values: [0.5650852269484633, 0.06877113866967305] and parameters: {'psi': 0.7115363328675811, 'lda_s': 1.149566066259846}.
[I 2025-08-10 01:38:07,317] Trial 267 finished with values: [0.5187515569659364, 0.06956521739130435] and parameters: {'psi': 0.673883226532963, 'lda_s': 7.384058190475429e-05}.
[I 2025-08-10 01:38:13,682] Trial 268 finished with values: [0.5647200957378904, 0.0752628666297731] and parameters: {'psi': 0.7757110012007885, 'lda_s': 7.7179639178934}.
[I 2025-08-10 01:38:20,052] Trial 269 finished with values: [0.5309810380007045, 0.0727489564698867] and parameters: {'psi': 0.6168391027065007, 'lda_s': 0.29577138940825526}.
[I 2025-08-10 01:38:26,419] Trial 270 finished with values: [0.5188010845462536, 0.0674026728646136] and parameters: {'psi': 0.7196826263601205, 'lda_s': 1.0903620453082656e-07}.
[I 2025-08-10 01:38:32,874] Trial 271 finished with values: [0.5206945466901408, 0.07130534790109258] and parameters: {'psi': 0.5174504658201924, 'lda_s': 1.6796901891920021e-06}.
[I 2025-08-10 01:38:39,256] Trial 272 finished with values: [0.5664642168619979, 0.04345273047563124] and parameters: {'psi': 0.7196826263601205, 'lda_s': 0.29577138940825526}.
[I 2025-08-10 01:38:45,635] Trial 273 finished with values: [0.48692188522803403, 0.04708960104643558] and parameters: {'psi': 0.10265925678677912, 'lda_s': 1.149566066259846}.
[I 2025-08-10 01:38:52,010] Trial 274 finished with values: [0.5163152469997501, 0.06852497096399536] and parameters: {'psi': 0.7196826263601205, 'lda_s': 0.00032322149718947606}.
[I 2025-08-10 01:38:58,373] Trial 275 finished with values: [0.5188985433304069, 0.06844547563805105] and parameters: {'psi': 0.7115363328675811, 'lda_s': 1.3454653592075075e-08}.
[I 2025-08-10 01:39:04,755] Trial 276 finished with values: [0.5344318452204448, 0.06126126126126126] and parameters: {'psi': 0.5995705360219917, 'lda_s': 2.709350600758739}.
[I 2025-08-10 01:39:11,121] Trial 277 finished with values: [0.5158097942965141, 0.07407407407407407] and parameters: {'psi': 0.010656580592629528, 'lda_s': 1.0089594007050688e-05}.
[I 2025-08-10 01:39:17,493] Trial 278 finished with values: [0.48705183027357185, 0.04811443433029909] and parameters: {'psi': 0.09034122971698744, 'lda_s': 1.149566066259846}.
[I 2025-08-10 01:39:23,872] Trial 279 finished with values: [0.5465511762780371, 0.07335243553008595] and parameters: {'psi': 0.9611674098622731, 'lda_s': 7.115474884482731}.
[I 2025-08-10 01:39:30,259] Trial 280 finished with values: [0.48950586001869517, 0.04441541476159373] and parameters: {'psi': 0.11606842388002026, 'lda_s': 0.4469862602409431}.
[I 2025-08-10 01:39:36,632] Trial 281 finished with values: [0.5177922943386185, 0.06459189665296536] and parameters: {'psi': 0.8086460958479537, 'lda_s': 1.017418991331668e-05}.
[I 2025-08-10 01:39:42,988] Trial 282 finished with values: [0.5037085821119789, 0.07577497129735936] and parameters: {'psi': 0.03140075982013535, 'lda_s': 0.0001418991467135931}.
[I 2025-08-10 01:39:49,371] Trial 283 finished with values: [0.5201290303218142, 0.04977664326738992] and parameters: {'psi': 0.7010920392543835, 'lda_s': 0.02040569781894477}.
[I 2025-08-10 01:39:55,747] Trial 284 finished with values: [0.5294378208567067, 0.04013377926421405] and parameters: {'psi': 0.37462538892724273, 'lda_s': 2.709350600758739}.
[I 2025-08-10 01:40:02,106] Trial 285 finished with values: [0.5179536480914162, 0.06444053895723492] and parameters: {'psi': 0.7985495038800284, 'lda_s': 2.4159247265902208e-08}.
[I 2025-08-10 01:40:08,479] Trial 286 finished with values: [0.5518126735211348, 0.06934306569343066] and parameters: {'psi': 0.4827938955249338, 'lda_s': 2.709350600758739}.
[I 2025-08-10 01:40:14,859] Trial 287 finished with values: [0.5670786621694612, 0.0718232044198895] and parameters: {'psi': 0.7310024780281794, 'lda_s': 2.709350600758739}.
[I 2025-08-10 01:40:21,228] Trial 288 finished with values: [0.5517296220347206, 0.07281553398058252] and parameters: {'psi': 0.4838894481845447, 'lda_s': 0.5234960390732495}.
[I 2025-08-10 01:40:27,597] Trial 289 finished with values: [0.5045193418171697, 0.043795620437956206] and parameters: {'psi': 0.2796770386337246, 'lda_s': 0.08125345609445862}.
[I 2025-08-10 01:40:33,980] Trial 290 finished with values: [0.5174050932231983, 0.06928406466512702] and parameters: {'psi': 0.6272264785425677, 'lda_s': 0.0002710412204917963}.
[I 2025-08-10 01:40:40,338] Trial 291 finished with values: [0.5178542337460739, 0.06459189665296536] and parameters: {'psi': 0.8086460958479537, 'lda_s': 1.6288414539968357e-07}.
[I 2025-08-10 01:40:46,698] Trial 292 finished with values: [0.5197844125490197, 0.069164265129683] and parameters: {'psi': 0.6284572192442228, 'lda_s': 1.1858976946622892e-07}.
[I 2025-08-10 01:40:53,064] Trial 293 finished with values: [0.5309810380007045, 0.0727489564698867] and parameters: {'psi': 0.6168391027065007, 'lda_s': 0.29577138940825526}.
[I 2025-08-10 01:40:59,443] Trial 294 finished with values: [0.5668174550677889, 0.0703125] and parameters: {'psi': 0.7196826263601205, 'lda_s': 2.709350600758739}.
[I 2025-08-10 01:41:05,806] Trial 295 finished with values: [0.5141450130835026, 0.06492753623188406] and parameters: {'psi': 0.9604652366946465, 'lda_s': 1.3079025008166543e-08}.
[I 2025-08-10 01:41:12,175] Trial 296 finished with values: [0.5164862189208448, 0.06848520023215322] and parameters: {'psi': 0.7154280967948738, 'lda_s': 0.000306360666664657}.
[I 2025-08-10 01:41:18,553] Trial 297 finished with values: [0.528435895067939, 0.05853658536585366] and parameters: {'psi': 0.6168391027065007, 'lda_s': 2.709350600758739}.
[I 2025-08-10 01:41:24,934] Trial 298 finished with values: [0.5096804668890366, 0.06856478791400349] and parameters: {'psi': 0.6856670744260804, 'lda_s': 0.001331612795222548}.
[I 2025-08-10 01:41:31,316] Trial 299 finished with values: [0.5286130130384847, 0.05752753977968176] and parameters: {'psi': 0.6168391027065007, 'lda_s': 7.115474884482731}.
[I 2025-08-10 01:41:37,685] Trial 300 finished with values: [0.5659149436243637, 0.04843918191603875] and parameters: {'psi': 0.7380039091221794, 'lda_s': 0.48026742962926566}.
[I 2025-08-10 01:41:44,072] Trial 301 finished with values: [0.5594695735830981, 0.042368278109722976] and parameters: {'psi': 0.9237901860175143, 'lda_s': 0.41105490176309095}.
[I 2025-08-10 01:41:50,452] Trial 302 finished with values: [0.5650852269484633, 0.06877113866967305] and parameters: {'psi': 0.7115363328675811, 'lda_s': 1.149566066259846}.
[I 2025-08-10 01:41:56,931] Trial 303 finished with values: [0.509941594171885, 0.07072463768115941] and parameters: {'psi': 0.5183966904825469, 'lda_s': 0.0011802335327584866}.
[I 2025-08-10 01:42:03,304] Trial 304 finished with values: [0.567603031933995, 0.07254464285714286] and parameters: {'psi': 0.7196826263601205, 'lda_s': 7.7179639178934}.
[I 2025-08-10 01:42:09,681] Trial 305 finished with values: [0.5163070256608739, 0.06852497096399536] and parameters: {'psi': 0.7010920392543835, 'lda_s': 0.00034432120628635196}.
[I 2025-08-10 01:42:16,060] Trial 306 finished with values: [0.5643981066017112, 0.07540983606557378] and parameters: {'psi': 0.7661268704666481, 'lda_s': 1.149566066259846}.
[I 2025-08-10 01:42:22,428] Trial 307 finished with values: [0.5627465354040784, 0.053263707571801565] and parameters: {'psi': 0.8086460958479537, 'lda_s': 0.5497023157770901}.
[I 2025-08-10 01:42:28,793] Trial 308 finished with values: [0.5650852269484633, 0.06877113866967305] and parameters: {'psi': 0.7115363328675811, 'lda_s': 1.149566066259846}.
[I 2025-08-10 01:42:35,167] Trial 309 finished with values: [0.48836409165020866, 0.05048543689320388] and parameters: {'psi': 0.08061788632571087, 'lda_s': 0.9531462951208244}.
[I 2025-08-10 01:42:41,536] Trial 310 finished with values: [0.5449515272254426, 0.062380649267982174] and parameters: {'psi': 0.4227704669500536, 'lda_s': 0.48026742962926566}.
[I 2025-08-10 01:42:47,909] Trial 311 finished with values: [0.5622752850669437, 0.06395348837209303] and parameters: {'psi': 0.7010920392543835, 'lda_s': 1.149566066259846}.
[I 2025-08-10 01:42:54,276] Trial 312 finished with values: [0.5156316386812557, 0.04315576534052596] and parameters: {'psi': 0.3438521877487838, 'lda_s': 0.3249597144573263}.
[I 2025-08-10 01:43:00,638] Trial 313 finished with values: [0.5187551887224303, 0.0674026728646136] and parameters: {'psi': 0.7196826263601205, 'lda_s': 6.233085466803927e-06}.
[I 2025-08-10 01:43:07,015] Trial 314 finished with values: [0.5231505719058651, 0.07293447293447293] and parameters: {'psi': 0.01883065917042681, 'lda_s': 4.2901086677328504e-07}.
[I 2025-08-10 01:43:13,386] Trial 315 finished with values: [0.5503100841585735, 0.07389749702026222] and parameters: {'psi': 0.5236113166522336, 'lda_s': 0.3065075206382219}.
[I 2025-08-10 01:43:19,763] Trial 316 finished with values: [0.5624359204503251, 0.07792207792207792] and parameters: {'psi': 0.8849170706782825, 'lda_s': 2.709350600758739}.
[I 2025-08-10 01:43:26,133] Trial 317 finished with values: [0.5626711864341842, 0.07444444444444444] and parameters: {'psi': 0.8086460958479537, 'lda_s': 4.486068466735235}.
[I 2025-08-10 01:43:32,492] Trial 318 finished with values: [0.5622260767619227, 0.07374301675977654] and parameters: {'psi': 0.8281194824240131, 'lda_s': 2.709350600758739}.
[I 2025-08-10 01:43:38,858] Trial 319 finished with values: [0.4998357727695367, 0.06440071556350627] and parameters: {'psi': 0.7010920392543835, 'lda_s': 0.00646240179795115}.
[I 2025-08-10 01:43:45,222] Trial 320 finished with values: [0.5631380068265848, 0.06492753623188406] and parameters: {'psi': 0.7010920392543835, 'lda_s': 4.486068466735235}.
[I 2025-08-10 01:43:51,603] Trial 321 finished with values: [0.5667215527507043, 0.07206208425720621] and parameters: {'psi': 0.7431106329603132, 'lda_s': 3.113044322011286}.
[I 2025-08-10 01:43:57,976] Trial 322 finished with values: [0.5099784704685916, 0.06023355869698832] and parameters: {'psi': 0.8223234871618674, 'lda_s': 0.010879612720086368}.
[I 2025-08-10 01:44:04,351] Trial 323 finished with values: [0.5650852269484633, 0.06877113866967305] and parameters: {'psi': 0.7115363328675811, 'lda_s': 1.149566066259846}.
[I 2025-08-10 01:44:10,735] Trial 324 finished with values: [0.5515731771396015, 0.07578448786264061] and parameters: {'psi': 0.5028493019725523, 'lda_s': 0.22895574693266654}.
[I 2025-08-10 01:44:17,097] Trial 325 finished with values: [0.523114653435047, 0.0711825487944891] and parameters: {'psi': 0.0978620839178912, 'lda_s': 1.1242118477544319e-05}.
[I 2025-08-10 01:44:23,469] Trial 326 finished with values: [0.5485091719411611, 0.08226792662590328] and parameters: {'psi': 0.9360370575280245, 'lda_s': 3.295229635977327}.
[I 2025-08-10 01:44:29,849] Trial 327 finished with values: [0.5515463580147238, 0.07077486272117145] and parameters: {'psi': 0.4748745619492567, 'lda_s': 4.486068466735235}.
[I 2025-08-10 01:44:36,215] Trial 328 finished with values: [0.5668174550677889, 0.0703125] and parameters: {'psi': 0.7196826263601205, 'lda_s': 2.709350600758739}.
[I 2025-08-10 01:44:42,580] Trial 329 finished with values: [0.5694288875339201, 0.029686641011544807] and parameters: {'psi': 0.8172146314381269, 'lda_s': 0.27301286794263896}.
[I 2025-08-10 01:44:48,956] Trial 330 finished with values: [0.5006784600043437, 0.07095610342754059] and parameters: {'psi': 0.016269683134644164, 'lda_s': 4.980985941156604}.
[I 2025-08-10 01:44:55,324] Trial 331 finished with values: [0.5628965149744504, 0.07333333333333333] and parameters: {'psi': 0.8086460958479537, 'lda_s': 7.115474884482731}.
[I 2025-08-10 01:45:01,803] Trial 332 finished with values: [0.49707236526243276, 0.06392132759680394] and parameters: {'psi': 0.03140075982013535, 'lda_s': 7.504663988438579}.
[I 2025-08-10 01:45:08,159] Trial 333 finished with values: [0.5173451093769319, 0.06227967097532315] and parameters: {'psi': 0.8803947370393487, 'lda_s': 2.2333417703586739e-07}.
[I 2025-08-10 01:45:14,523] Trial 334 finished with values: [0.5173146584955605, 0.06662770309760374] and parameters: {'psi': 0.7602325659999495, 'lda_s': 0.00014664127881661417}.
[I 2025-08-10 01:45:20,902] Trial 335 finished with values: [0.549495972062773, 0.07447447447447447] and parameters: {'psi': 0.5315863422685333, 'lda_s': 1.149566066259846}.
[I 2025-08-10 01:45:27,283] Trial 336 finished with values: [0.5681246479490992, 0.028232636928289104] and parameters: {'psi': 0.8086460958479537, 'lda_s': 0.22126439178600835}.
[I 2025-08-10 01:45:33,663] Trial 337 finished with values: [0.5559740678218952, 0.04611650485436893] and parameters: {'psi': 0.6912695325924723, 'lda_s': 0.23047387976841816}.
[I 2025-08-10 01:45:40,047] Trial 338 finished with values: [0.48675985301523195, 0.047058823529411764] and parameters: {'psi': 0.0999159619978297, 'lda_s': 1.149566066259846}.
[I 2025-08-10 01:45:46,420] Trial 339 finished with values: [0.5696294323293216, 0.03096330275229358] and parameters: {'psi': 0.7661268704666481, 'lda_s': 0.22126439178600835}.
[I 2025-08-10 01:45:52,795] Trial 340 finished with values: [0.5677959540317007, 0.025331030512377662] and parameters: {'psi': 0.8223234871618674, 'lda_s': 0.21732198686014562}.
[I 2025-08-10 01:45:59,165] Trial 341 finished with values: [0.48946950254434474, 0.04441541476159373] and parameters: {'psi': 0.11596338311660637, 'lda_s': 2.709350600758739}.
[I 2025-08-10 01:46:05,529] Trial 342 finished with values: [0.5037085821119789, 0.07577497129735936] and parameters: {'psi': 0.03140075982013535, 'lda_s': 0.0001418991467135931}.
[I 2025-08-10 01:46:11,903] Trial 343 finished with values: [0.5653330244876968, 0.07206208425720621] and parameters: {'psi': 0.7145406306090935, 'lda_s': 0.8384710521327656}.
[I 2025-08-10 01:46:18,276] Trial 344 finished with values: [0.5217953680018946, 0.07011494252873564] and parameters: {'psi': 0.3506672423931354, 'lda_s': 4.380607078360309e-06}.
[I 2025-08-10 01:46:24,637] Trial 345 finished with values: [0.5637134207290924, 0.07538802660753881] and parameters: {'psi': 0.7906283834237154, 'lda_s': 7.7179639178934}.
[I 2025-08-10 01:46:31,021] Trial 346 finished with values: [0.5138018320495407, 0.039603960396039604] and parameters: {'psi': 0.24474233943270118, 'lda_s': 2.709350600758739}.
[I 2025-08-10 01:46:37,399] Trial 347 finished with values: [0.5032994707293597, 0.042666666666666665] and parameters: {'psi': 0.28395323165008357, 'lda_s': 0.41105490176309095}.
[I 2025-08-10 01:46:43,767] Trial 348 finished with values: [0.5546277637168051, 0.07683741648106904] and parameters: {'psi': 0.9173609206498337, 'lda_s': 2.709350600758739}.
[I 2025-08-10 01:46:50,150] Trial 349 finished with values: [0.5114978616936134, 0.04105960264900662] and parameters: {'psi': 0.17408566966766548, 'lda_s': 1.06039496326224}.
[I 2025-08-10 01:46:56,523] Trial 350 finished with values: [0.5194487743939297, 0.06932409012131716] and parameters: {'psi': 0.662860077804757, 'lda_s': 7.51636515747466e-08}.
[I 2025-08-10 01:47:02,898] Trial 351 finished with values: [0.5097041730797766, 0.06390532544378698] and parameters: {'psi': 0.8281194824240131, 'lda_s': 0.001244369027347736}.
[I 2025-08-10 01:47:09,271] Trial 352 finished with values: [0.5626711864341842, 0.07444444444444444] and parameters: {'psi': 0.8086460958479537, 'lda_s': 4.486068466735235}.
[I 2025-08-10 01:47:15,651] Trial 353 finished with values: [0.5486967062682441, 0.06390977443609022] and parameters: {'psi': 0.4433843733702687, 'lda_s': 2.709350600758739}.
[I 2025-08-10 01:47:22,022] Trial 354 finished with values: [0.5176451084270879, 0.06440281030444965] and parameters: {'psi': 0.7757110012007885, 'lda_s': 7.826556251493072e-05}.
[I 2025-08-10 01:47:28,411] Trial 355 finished with values: [0.5631321800524298, 0.07740466704610131] and parameters: {'psi': 0.8722730418190499, 'lda_s': 2.709350600758739}.
[I 2025-08-10 01:47:34,787] Trial 356 finished with values: [0.5681246479490992, 0.028232636928289104] and parameters: {'psi': 0.8086460958479537, 'lda_s': 0.22126439178600835}.
[I 2025-08-10 01:47:41,176] Trial 357 finished with values: [0.5660839200748573, 0.07308970099667775] and parameters: {'psi': 0.7196826263601205, 'lda_s': 1.137561164411466}.
[I 2025-08-10 01:47:47,572] Trial 358 finished with values: [0.5626711864341842, 0.07444444444444444] and parameters: {'psi': 0.8086460958479537, 'lda_s': 4.486068466735235}.
[I 2025-08-10 01:47:53,970] Trial 359 finished with values: [0.5177671913184577, 0.06466784244562022] and parameters: {'psi': 0.8172146314381269, 'lda_s': 4.02521178374338e-06}.
[I 2025-08-10 01:48:00,372] Trial 360 finished with values: [0.5203146489971204, 0.07027649769585254] and parameters: {'psi': 0.5676899014402178, 'lda_s': 2.1183247426980317e-08}.
[I 2025-08-10 01:48:06,747] Trial 361 finished with values: [0.5188011244556656, 0.0674026728646136] and parameters: {'psi': 0.7196826263601205, 'lda_s': 2.1969930605124005e-08}.
[I 2025-08-10 01:48:13,117] Trial 362 finished with values: [0.5444386513715708, 0.061224489795918366] and parameters: {'psi': 0.4204485187488469, 'lda_s': 7.7179639178934}.
[I 2025-08-10 01:48:19,483] Trial 363 finished with values: [0.5625476668039817, 0.07825600894354388] and parameters: {'psi': 0.8855327594894893, 'lda_s': 1.2233327091157085}.
[I 2025-08-10 01:48:25,853] Trial 364 finished with values: [0.5376473066375019, 0.051248357424441525] and parameters: {'psi': 0.39665985726028363, 'lda_s': 4.486068466735235}.
[I 2025-08-10 01:48:32,232] Trial 365 finished with values: [0.5627308510051545, 0.07353760445682452] and parameters: {'psi': 0.8281194824240131, 'lda_s': 7.7179639178934}.
[I 2025-08-10 01:48:38,602] Trial 366 finished with values: [0.5178549122060782, 0.06459189665296536] and parameters: {'psi': 0.8086460958479537, 'lda_s': 4.0973952750968325e-08}.
[I 2025-08-10 01:48:44,989] Trial 367 finished with values: [0.51123861015313, 0.03978779840848806] and parameters: {'psi': 0.17295442673080796, 'lda_s': 3.183979783918128}.
[I 2025-08-10 01:48:51,382] Trial 368 finished with values: [0.5144019099686767, 0.06356680400235433] and parameters: {'psi': 0.7906283834237154, 'lda_s': 0.0005160377692167394}.
[I 2025-08-10 01:48:57,752] Trial 369 finished with values: [0.5176716082766692, 0.06319485078993564] and parameters: {'psi': 0.9173609206498337, 'lda_s': 1.0943078278261992e-07}.
[I 2025-08-10 01:49:04,236] Trial 370 finished with values: [0.5655000852864135, 0.07411504424778761] and parameters: {'psi': 0.7661268704666481, 'lda_s': 7.7179639178934}.
