[I 2025-08-10 00:54:57,045] Trial 370 finished with values: [0.8682987387061154, 0.30389363722697055] and parameters: {'psi': 0.5427486497241751, 'lda_s': 0.02131857893136931}.
[I 2025-08-10 00:55:03,739] Trial 371 finished with values: [0.8499132637318079, 0.33360064153969526] and parameters: {'psi': 0.7299181214955893, 'lda_s': 0.36141560790020555}.
[I 2025-08-10 00:55:10,435] Trial 372 finished with values: [0.882542485151873, 0.29533678756476683] and parameters: {'psi': 0.015232310475658428, 'lda_s': 4.460716264204359}.
[I 2025-08-10 00:55:17,122] Trial 373 finished with values: [0.8828681844610429, 0.26204564666103125] and parameters: {'psi': 0.8420316036616449, 'lda_s': 2.1962838167895206e-08}.
[I 2025-08-10 00:55:23,817] Trial 374 finished with values: [0.8872454811711213, 0.26557377049180325] and parameters: {'psi': 0.49541187419053623, 'lda_s': 1.8359924330453288e-06}.
[I 2025-08-10 00:55:30,504] Trial 375 finished with values: [0.8864300773709188, 0.28917609046849757] and parameters: {'psi': 0.027366678935822564, 'lda_s': 1.940813515926872e-08}.
[I 2025-08-10 00:55:37,192] Trial 376 finished with values: [0.8864311930524281, 0.27154471544715447] and parameters: {'psi': 0.15936458429252665, 'lda_s': 5.162579782511115e-07}.
[I 2025-08-10 00:55:43,886] Trial 377 finished with values: [0.8696321374927641, 0.2688638334778838] and parameters: {'psi': 0.8742715013039007, 'lda_s': 0.014289176945177484}.
[I 2025-08-10 00:55:50,571] Trial 378 finished with values: [0.8800660706589788, 0.265993265993266] and parameters: {'psi': 0.8664716576112965, 'lda_s': 4.793887860953593e-08}.
[I 2025-08-10 00:55:57,265] Trial 379 finished with values: [0.882971544383723, 0.27287853577371046] and parameters: {'psi': 0.5602683930030257, 'lda_s': 0.00220506127584581}.
[I 2025-08-10 00:56:03,952] Trial 380 finished with values: [0.8826225751459311, 0.2945990180032733] and parameters: {'psi': 0.03682389429777855, 'lda_s': 0.00023913809966983105}.
[I 2025-08-10 00:56:10,634] Trial 381 finished with values: [0.886417645491244, 0.27993527508090615] and parameters: {'psi': 0.08368957418121759, 'lda_s': 3.7940986945230646e-08}.
[I 2025-08-10 00:56:17,334] Trial 382 finished with values: [0.8854285938332777, 0.2896440129449838] and parameters: {'psi': 0.03213524662475531, 'lda_s': 2.2930365927141367e-05}.
[I 2025-08-10 00:56:24,024] Trial 383 finished with values: [0.8867915581799217, 0.26633986928104575] and parameters: {'psi': 0.37977235175364676, 'lda_s': 2.9698551773214173e-06}.
[I 2025-08-10 00:56:30,721] Trial 384 finished with values: [0.8875162730117279, 0.26747195858498707] and parameters: {'psi': 0.42471515273457083, 'lda_s': 0.009480396218066003}.
[I 2025-08-10 00:56:37,398] Trial 385 finished with values: [0.8869137253051868, 0.2635024549918167] and parameters: {'psi': 0.41320178470511104, 'lda_s': 2.06005112166617e-06}.
[I 2025-08-10 00:56:44,093] Trial 386 finished with values: [0.8844678326707248, 0.2925531914893617] and parameters: {'psi': 0.027366678935822564, 'lda_s': 0.9962612824540827}.
[I 2025-08-10 00:56:50,782] Trial 387 finished with values: [0.8834569455317911, 0.27450980392156865] and parameters: {'psi': 0.16559044854410532, 'lda_s': 0.00041761655985082655}.
[I 2025-08-10 00:56:57,468] Trial 388 finished with values: [0.8872909850383922, 0.2641509433962264] and parameters: {'psi': 0.5198031278087171, 'lda_s': 1.9166683688292485e-05}.
[I 2025-08-10 00:57:04,149] Trial 389 finished with values: [0.8856403342454294, 0.2931596091205212] and parameters: {'psi': 0.015232310475658428, 'lda_s': 7.045522814067338e-08}.
[I 2025-08-10 00:57:10,855] Trial 390 finished with values: [0.8781074917694581, 0.24390243902439024] and parameters: {'psi': 0.6437501430788364, 'lda_s': 0.009480396218066003}.
[I 2025-08-10 00:57:17,535] Trial 391 finished with values: [0.8897321758722079, 0.12474437627811862] and parameters: {'psi': 0.11383377650304782, 'lda_s': 0.08865989195338274}.
[I 2025-08-10 00:57:24,231] Trial 392 finished with values: [0.8843553082213613, 0.2894736842105263] and parameters: {'psi': 0.98591344852049, 'lda_s': 1.717201880262247e-08}.
[I 2025-08-10 00:57:30,913] Trial 393 finished with values: [0.8817244515309701, 0.26329113924050634] and parameters: {'psi': 0.8521429071734038, 'lda_s': 3.091719574683556e-08}.
[I 2025-08-10 00:57:37,605] Trial 394 finished with values: [0.8856403342454298, 0.2204246713852376] and parameters: {'psi': 0.3140543060518127, 'lda_s': 0.028845953750007973}.
[I 2025-08-10 00:57:44,289] Trial 395 finished with values: [0.8489932249443435, 0.11567476948868399] and parameters: {'psi': 0.46922358072733483, 'lda_s': 0.8071940238394583}.
[I 2025-08-10 00:57:50,976] Trial 396 finished with values: [0.8869109361014136, 0.2553191489361702] and parameters: {'psi': 0.7404792221729195, 'lda_s': 1.1458990499153674e-08}.
[I 2025-08-10 00:57:57,655] Trial 397 finished with values: [0.8887213684248108, 0.13863404689092762] and parameters: {'psi': 0.10644737799667536, 'lda_s': 6.142960327035614}.
[I 2025-08-10 00:58:04,351] Trial 398 finished with values: [0.8811794411136923, 0.16585365853658537] and parameters: {'psi': 0.3453534653055387, 'lda_s': 0.9962612824540827}.
[I 2025-08-10 00:58:11,039] Trial 399 finished with values: [0.7271451048995631, 0.18754688672168043] and parameters: {'psi': 0.953074242389781, 'lda_s': 0.7768342125029625}.
[I 2025-08-10 00:58:17,732] Trial 400 finished with values: [0.8873046919826488, 0.2689655172413793] and parameters: {'psi': 0.3892175584384785, 'lda_s': 0.009480396218066003}.
[I 2025-08-10 00:58:24,415] Trial 401 finished with values: [0.8875291830406211, 0.26058091286307056] and parameters: {'psi': 0.5865035548049701, 'lda_s': 2.084883995893661e-08}.
[I 2025-08-10 00:58:31,208] Trial 402 finished with values: [0.8853911388111808, 0.29064039408866993] and parameters: {'psi': 0.9917429374963984, 'lda_s': 1.940813515926872e-08}.
[I 2025-08-10 00:58:37,891] Trial 403 finished with values: [0.8875282267421846, 0.260797342192691] and parameters: {'psi': 0.5846933398730623, 'lda_s': 1.189494719197508e-08}.
[I 2025-08-10 00:58:44,578] Trial 404 finished with values: [0.8875267922945298, 0.2607260726072607] and parameters: {'psi': 0.5690033539987935, 'lda_s': 3.7940986945230646e-08}.
[I 2025-08-10 00:58:51,263] Trial 405 finished with values: [0.8938655367894383, 0.18762088974854932] and parameters: {'psi': 0.15143767788998985, 'lda_s': 0.3483844572624852}.
[I 2025-08-10 00:58:57,950] Trial 406 finished with values: [0.8864623524431512, 0.2701383238405207] and parameters: {'psi': 0.2369155126573429, 'lda_s': 1.6650296293397193e-08}.
[I 2025-08-10 00:59:04,657] Trial 407 finished with values: [0.8853752005039054, 0.22562141491395793] and parameters: {'psi': 0.07359740983902952, 'lda_s': 1.3355944349845978}.
[I 2025-08-10 00:59:11,346] Trial 408 finished with values: [0.8865477020786103, 0.2687296416938111] and parameters: {'psi': 0.2857844220777376, 'lda_s': 3.7940986945230646e-08}.
[I 2025-08-10 00:59:18,042] Trial 409 finished with values: [0.8830129042911024, 0.2679900744416873] and parameters: {'psi': 0.48784126605191336, 'lda_s': 0.0019189159148206797}.
[I 2025-08-10 00:59:24,749] Trial 410 finished with values: [0.8190519990462517, 0.13857998289136014] and parameters: {'psi': 0.751296385066128, 'lda_s': 6.142960327035614}.
[I 2025-08-10 00:59:31,431] Trial 411 finished with values: [0.8856255116196634, 0.2544769085768143] and parameters: {'psi': 0.06425557363668954, 'lda_s': 0.0435788214186303}.
[I 2025-08-10 00:59:38,121] Trial 412 finished with values: [0.8864375683753382, 0.27154471544715447] and parameters: {'psi': 0.1605172727548012, 'lda_s': 1.940813515926872e-08}.
[I 2025-08-10 00:59:44,818] Trial 413 finished with values: [0.8849824009211067, 0.272572402044293] and parameters: {'psi': 0.4607815871987454, 'lda_s': 0.007880037395810972}.
[I 2025-08-10 00:59:51,513] Trial 414 finished with values: [0.8874841573225684, 0.2533557046979866] and parameters: {'psi': 0.6252969599588084, 'lda_s': 3.696171629685806e-08}.
[I 2025-08-10 00:59:58,223] Trial 415 finished with values: [0.8860586351198688, 0.2838827838827839] and parameters: {'psi': 0.04621242229649658, 'lda_s': 0.012534987938156349}.
[I 2025-08-10 01:00:04,923] Trial 416 finished with values: [0.882542485151873, 0.29533678756476683] and parameters: {'psi': 0.015232310475658428, 'lda_s': 0.009480396218066003}.
[I 2025-08-10 01:00:11,608] Trial 417 finished with values: [0.8817073975421855, 0.16468253968253968] and parameters: {'psi': 0.34349216631939516, 'lda_s': 6.142960327035614}.
[I 2025-08-10 01:00:18,304] Trial 418 finished with values: [0.8849969844722635, 0.27479674796747966] and parameters: {'psi': 0.10484140915755868, 'lda_s': 9.987373415192042e-05}.
[I 2025-08-10 01:00:24,997] Trial 419 finished with values: [0.8858353394349424, 0.23139013452914797] and parameters: {'psi': 0.22807723761129106, 'lda_s': 0.009480396218066003}.
[I 2025-08-10 01:00:31,689] Trial 420 finished with values: [0.89406452655577, 0.18973862536302033] and parameters: {'psi': 0.15936458429252665, 'lda_s': 0.08115826525277914}.
[I 2025-08-10 01:00:38,393] Trial 421 finished with values: [0.882542485151873, 0.29533678756476683] and parameters: {'psi': 0.015232310475658428, 'lda_s': 0.9962612824540827}.
[I 2025-08-10 01:00:45,071] Trial 422 finished with values: [0.8487910475165567, 0.23774954627949182] and parameters: {'psi': 0.6776885111916079, 'lda_s': 0.08865989195338274}.
[I 2025-08-10 01:00:51,743] Trial 423 finished with values: [0.8651918047774121, 0.34021632251720746] and parameters: {'psi': 0.5602683930030257, 'lda_s': 0.0322143008678397}.
[I 2025-08-10 01:00:58,434] Trial 424 finished with values: [0.8894088673091292, 0.12678936605316973] and parameters: {'psi': 0.11144849521037126, 'lda_s': 1.3170924478465222}.
[I 2025-08-10 01:01:05,134] Trial 425 finished with values: [0.8864356557784651, 0.27412814274128144] and parameters: {'psi': 0.10644737799667536, 'lda_s': 2.41897565202734e-07}.
[I 2025-08-10 01:01:11,819] Trial 426 finished with values: [0.886474784322826, 0.27132412672623885] and parameters: {'psi': 0.1283434515884233, 'lda_s': 1.940813515926872e-08}.
[I 2025-08-10 01:01:18,497] Trial 427 finished with values: [0.887101637947962, 0.25234441602728047] and parameters: {'psi': 0.7196928776619093, 'lda_s': 8.320732094661661e-07}.
[I 2025-08-10 01:01:25,184] Trial 428 finished with values: [0.8867231031501746, 0.26612244897959186] and parameters: {'psi': 0.36188726173908337, 'lda_s': 3.5955215151902245e-06}.
[I 2025-08-10 01:01:31,868] Trial 429 finished with values: [0.8844856835748732, 0.27697536108751064] and parameters: {'psi': 0.10644737799667536, 'lda_s': 0.0027071858118243677}.
[I 2025-08-10 01:01:38,554] Trial 430 finished with values: [0.8865034732759215, 0.2687296416938111] and parameters: {'psi': 0.26366539495972874, 'lda_s': 2.506273818411529e-08}.
[I 2025-08-10 01:01:45,345] Trial 431 finished with values: [0.88592841914943, 0.27154471544715447] and parameters: {'psi': 0.16398372718855503, 'lda_s': 4.880360607281504e-05}.
[I 2025-08-10 01:01:52,048] Trial 432 finished with values: [0.882907153622331, 0.29411764705882354] and parameters: {'psi': 0.01701252671224618, 'lda_s': 0.5292882362397083}.
[I 2025-08-10 01:01:58,741] Trial 433 finished with values: [0.8833476884354192, 0.26608695652173914] and parameters: {'psi': 0.31601604759066515, 'lda_s': 0.009480396218066003}.
[I 2025-08-10 01:02:05,424] Trial 434 finished with values: [0.887463118756965, 0.253781512605042] and parameters: {'psi': 0.6319555525242507, 'lda_s': 1.940813515926872e-08}.
[I 2025-08-10 01:02:12,120] Trial 435 finished with values: [0.8876433810122484, 0.2536873156342183] and parameters: {'psi': 0.4219557401887827, 'lda_s': 0.022221553699052068}.
[I 2025-08-10 01:02:18,805] Trial 436 finished with values: [0.8499132637318079, 0.33360064153969526] and parameters: {'psi': 0.7299181214955893, 'lda_s': 0.36141560790020555}.
[I 2025-08-10 01:02:25,513] Trial 437 finished with values: [0.8869985170998912, 0.2635024549918167] and parameters: {'psi': 0.43410955689217223, 'lda_s': 6.347344986258941e-08}.
[I 2025-08-10 01:02:32,199] Trial 438 finished with values: [0.8869365967761268, 0.26579163248564397] and parameters: {'psi': 0.529926556547824, 'lda_s': 0.0001586006640160768}.
[I 2025-08-10 01:02:38,879] Trial 439 finished with values: [0.8848432594985937, 0.26057529610829105] and parameters: {'psi': 0.8196572028646893, 'lda_s': 8.140240187176222e-08}.
[I 2025-08-10 01:02:45,580] Trial 440 finished with values: [0.888708299012845, 0.1425661914460285] and parameters: {'psi': 0.10644737799667536, 'lda_s': 0.045099606744188274}.
[I 2025-08-10 01:02:52,281] Trial 441 finished with values: [0.8874874246755599, 0.2631578947368421] and parameters: {'psi': 0.5523973136758427, 'lda_s': 4.3109924574783904e-07}.
[I 2025-08-10 01:02:58,976] Trial 442 finished with values: [0.8764279129487907, 0.24861878453038674] and parameters: {'psi': 0.7251869508304655, 'lda_s': 0.017191409361346995}.
[I 2025-08-10 01:03:05,685] Trial 443 finished with values: [0.8824639889885424, 0.15602836879432624] and parameters: {'psi': 0.3237224549981018, 'lda_s': 0.9962612824540827}.
[I 2025-08-10 01:03:12,383] Trial 444 finished with values: [0.8881016073464123, 0.2228626320845341] and parameters: {'psi': 0.10644737799667536, 'lda_s': 0.009480396218066003}.
[I 2025-08-10 01:03:19,080] Trial 445 finished with values: [0.8866582342395642, 0.11818181818181818] and parameters: {'psi': 0.22672706258723418, 'lda_s': 0.36141560790020555}.
[I 2025-08-10 01:03:25,776] Trial 446 finished with values: [0.8856204910528719, 0.2931596091205212] and parameters: {'psi': 0.015232310475658428, 'lda_s': 2.0866189178325184e-07}.
[I 2025-08-10 01:03:32,480] Trial 447 finished with values: [0.8522050329349181, 0.10032362459546926] and parameters: {'psi': 0.49812790865262035, 'lda_s': 0.284334441283542}.
[I 2025-08-10 01:03:39,160] Trial 448 finished with values: [0.8868279772120459, 0.25295109612141653] and parameters: {'psi': 0.6449366375068968, 'lda_s': 0.00023913809966983105}.
[I 2025-08-10 01:03:45,863] Trial 449 finished with values: [0.886411270168334, 0.27154471544715447] and parameters: {'psi': 0.2175907108708448, 'lda_s': 4.668379382224037e-06}.
[I 2025-08-10 01:03:52,552] Trial 450 finished with values: [0.83811062842833, 0.16216216216216217] and parameters: {'psi': 0.5634639594792011, 'lda_s': 0.1216661202813113}.
[I 2025-08-10 01:03:59,249] Trial 451 finished with values: [0.8842253313255317, 0.23357664233576642] and parameters: {'psi': 0.28707994232787004, 'lda_s': 0.013252243418010056}.
[I 2025-08-10 01:04:05,949] Trial 452 finished with values: [0.8828956780410928, 0.2943722943722944] and parameters: {'psi': 0.01701252671224618, 'lda_s': 0.0026317123711667154}.
[I 2025-08-10 01:04:12,645] Trial 453 finished with values: [0.885951928152661, 0.1335676625659051] and parameters: {'psi': 0.2521762330097447, 'lda_s': 0.3483844572624852}.
[I 2025-08-10 01:04:19,329] Trial 454 finished with values: [0.8864295992217006, 0.28455941794664513] and parameters: {'psi': 0.0644955014762264, 'lda_s': 9.30533513164055e-08}.
[I 2025-08-10 01:04:26,014] Trial 455 finished with values: [0.8894629778623288, 0.1269191402251791] and parameters: {'psi': 0.11191896390425071, 'lda_s': 0.9962612824540827}.
[I 2025-08-10 01:04:32,694] Trial 456 finished with values: [0.8869518975511109, 0.2635024549918167] and parameters: {'psi': 0.4219557401887827, 'lda_s': 2.873045494682602e-07}.
[I 2025-08-10 01:04:39,381] Trial 457 finished with values: [0.8864248974210543, 0.27154471544715447] and parameters: {'psi': 0.19486552790462075, 'lda_s': 7.287324711140849e-07}.
[I 2025-08-10 01:04:46,070] Trial 458 finished with values: [0.8881016073464123, 0.2228626320845341] and parameters: {'psi': 0.10644737799667536, 'lda_s': 0.009480396218066003}.
[I 2025-08-10 01:04:52,758] Trial 459 finished with values: [0.8864300773709188, 0.28917609046849757] and parameters: {'psi': 0.027366678935822564, 'lda_s': 1.940813515926872e-08}.
[I 2025-08-10 01:04:59,442] Trial 460 finished with values: [0.8875104555295725, 0.26194398682042835] and parameters: {'psi': 0.5602683930030257, 'lda_s': 1.1810449796109173e-07}.
[I 2025-08-10 01:05:06,132] Trial 461 finished with values: [0.8852128688443068, 0.27176566314076483] and parameters: {'psi': 0.1413998602346882, 'lda_s': 0.00011567569264212682}.
[I 2025-08-10 01:05:12,818] Trial 462 finished with values: [0.8856837661327546, 0.26535626535626533] and parameters: {'psi': 0.4219557401887827, 'lda_s': 0.00039825159427642263}.
[I 2025-08-10 01:05:19,518] Trial 463 finished with values: [0.8829041253439487, 0.2943722943722944] and parameters: {'psi': 0.01701252671224618, 'lda_s': 0.003691274328157739}.
[I 2025-08-10 01:05:26,211] Trial 464 finished with values: [0.8856518895182041, 0.25404944586530265] and parameters: {'psi': 0.7312289685782923, 'lda_s': 0.0005617159592879455}.
[I 2025-08-10 01:05:32,911] Trial 465 finished with values: [0.8880718027118074, 0.2548262548262548] and parameters: {'psi': 0.4219557401887827, 'lda_s': 0.02129168381651825}.
[I 2025-08-10 01:05:39,595] Trial 466 finished with values: [0.8866002188010823, 0.267318663406683] and parameters: {'psi': 0.3130970861868112, 'lda_s': 1.940813515926872e-08}.
[I 2025-08-10 01:05:46,299] Trial 467 finished with values: [0.882542485151873, 0.29533678756476683] and parameters: {'psi': 0.015232310475658428, 'lda_s': 0.009480396218066003}.
[I 2025-08-10 01:05:53,003] Trial 468 finished with values: [0.882542485151873, 0.29533678756476683] and parameters: {'psi': 0.015232310475658428, 'lda_s': 4.460716264204359}.
[I 2025-08-10 01:05:59,793] Trial 469 finished with values: [0.8824675751076793, 0.29900332225913623] and parameters: {'psi': 0.01701252671224618, 'lda_s': 0.00023913809966983105}.
[I 2025-08-10 01:06:06,508] Trial 470 finished with values: [0.8375235408798455, 0.16519647153167602] and parameters: {'psi': 0.6196790561734102, 'lda_s': 0.11889825489459277}.
[I 2025-08-10 01:06:13,215] Trial 471 finished with values: [0.886436452693829, 0.2701383238405207] and parameters: {'psi': 0.24883665029422963, 'lda_s': 5.982669770869218e-06}.
[I 2025-08-10 01:06:19,911] Trial 472 finished with values: [0.7862408418486396, 0.08814102564102565] and parameters: {'psi': 0.9969293654430116, 'lda_s': 6.142960327035614}.
[I 2025-08-10 01:06:26,613] Trial 473 finished with values: [0.8852053778398875, 0.2703583061889251] and parameters: {'psi': 0.2521762330097447, 'lda_s': 0.00023913809966983105}.
[I 2025-08-10 01:06:33,316] Trial 474 finished with values: [0.886472074810589, 0.2701383238405207] and parameters: {'psi': 0.2521762330097447, 'lda_s': 2.1450241428976456e-06}.
[I 2025-08-10 01:06:40,020] Trial 475 finished with values: [0.8867017458184256, 0.265139116202946] and parameters: {'psi': 0.42471515273457083, 'lda_s': 6.985742967629257e-05}.
[I 2025-08-10 01:06:46,712] Trial 476 finished with values: [0.887515396404828, 0.2603648424543947] and parameters: {'psi': 0.5813195576688164, 'lda_s': 6.550859815392039e-06}.
[I 2025-08-10 01:06:53,401] Trial 477 finished with values: [0.8827825160594385, 0.2671232876712329] and parameters: {'psi': 0.5447931092759861, 'lda_s': 0.007880037395810972}.
[I 2025-08-10 01:07:00,101] Trial 478 finished with values: [0.8864295992217006, 0.28917609046849757] and parameters: {'psi': 0.027366678935822564, 'lda_s': 2.506273818411529e-08}.
[I 2025-08-10 01:07:06,800] Trial 479 finished with values: [0.8798866053190594, 0.2972292191435768] and parameters: {'psi': 0.9939041491093686, 'lda_s': 0.012838044774831976}.
[I 2025-08-10 01:07:13,492] Trial 480 finished with values: [0.8789227361865878, 0.2674516400336417] and parameters: {'psi': 0.8776350648245488, 'lda_s': 2.226151148391452e-06}.
[I 2025-08-10 01:07:20,191] Trial 481 finished with values: [0.8836217476290175, 0.293398533007335] and parameters: {'psi': 0.027366678935822564, 'lda_s': 8.371124933414572e-05}.
[I 2025-08-10 01:07:26,890] Trial 482 finished with values: [0.8881016073464123, 0.2228626320845341] and parameters: {'psi': 0.10644737799667536, 'lda_s': 0.009480396218066003}.
[I 2025-08-10 01:07:33,576] Trial 483 finished with values: [0.8864398794298931, 0.27412814274128144] and parameters: {'psi': 0.10644737799667536, 'lda_s': 1.165145672014535e-08}.
[I 2025-08-10 01:07:40,257] Trial 484 finished with values: [0.8829301047848074, 0.2723475355054302] and parameters: {'psi': 0.2521762330097447, 'lda_s': 0.0028067099781115047}.
[I 2025-08-10 01:07:46,941] Trial 485 finished with values: [0.8881016073464123, 0.2228626320845341] and parameters: {'psi': 0.10644737799667536, 'lda_s': 0.009480396218066003}.
[I 2025-08-10 01:07:53,630] Trial 486 finished with values: [0.884416830087444, 0.25196850393700787] and parameters: {'psi': 0.2416093725974342, 'lda_s': 0.007880037395810972}.
[I 2025-08-10 01:08:00,331] Trial 487 finished with values: [0.8834808529927042, 0.2747068676716918] and parameters: {'psi': 0.2888551737564429, 'lda_s': 0.0038232330900671014}.
[I 2025-08-10 01:08:07,032] Trial 488 finished with values: [0.886298586335898, 0.22287968441814596] and parameters: {'psi': 0.28006726932431103, 'lda_s': 0.028726166883898976}.
[I 2025-08-10 01:08:13,724] Trial 489 finished with values: [0.8411999505274942, 0.19439868204283361] and parameters: {'psi': 0.6524022960790028, 'lda_s': 0.15003664331743016}.
[I 2025-08-10 01:08:20,414] Trial 490 finished with values: [0.8824641483716149, 0.29207920792079206] and parameters: {'psi': 0.9937610951183445, 'lda_s': 0.0027147218131754105}.
[I 2025-08-10 01:08:27,101] Trial 491 finished with values: [0.8875310159459577, 0.260149130074565] and parameters: {'psi': 0.5758205182873772, 'lda_s': 4.472825792237904e-07}.
[I 2025-08-10 01:08:33,816] Trial 492 finished with values: [0.8838190638730852, 0.2924281984334204] and parameters: {'psi': 0.022827374710984394, 'lda_s': 0.5292882362397083}.
