[I 2025-08-10 01:40:47,443] Trial 370 finished with values: [0.9342370226148383, 0.23076923076923078] and parameters: {'psi': 0.5871250020804071, 'lda_s': 4.580748838635973e-06}.
[I 2025-08-10 01:40:53,329] Trial 371 finished with values: [0.9399939148967863, 0.3871399866041527] and parameters: {'psi': 0.8850626030118003, 'lda_s': 9.228464667387}.
[I 2025-08-10 01:40:59,249] Trial 372 finished with values: [0.9391567703605708, 0.21058755090168702] and parameters: {'psi': 0.016446422815085127, 'lda_s': 4.964460294981087}.
[I 2025-08-10 01:41:05,168] Trial 373 finished with values: [0.9398734190561916, 0.20436280137772675] and parameters: {'psi': 0.010811857531842883, 'lda_s': 2.4774761077185743}.
[I 2025-08-10 01:41:11,038] Trial 374 finished with values: [0.9334617919372128, 0.24386617100371746] and parameters: {'psi': 0.7052421385349245, 'lda_s': 4.964460294981087}.
[I 2025-08-10 01:41:16,918] Trial 375 finished with values: [0.9150092267676049, 0.19740634005763688] and parameters: {'psi': 0.2224361731892206, 'lda_s': 6.8710908218308875}.
[I 2025-08-10 01:41:22,812] Trial 376 finished with values: [0.9293146599786203, 0.2710413694721826] and parameters: {'psi': 0.7426927053780613, 'lda_s': 0.018897949716361374}.
[I 2025-08-10 01:41:28,703] Trial 377 finished with values: [0.934501379607785, 0.23773802654356607] and parameters: {'psi': 0.6166065529308056, 'lda_s': 6.831135742231059e-07}.
[I 2025-08-10 01:41:34,600] Trial 378 finished with values: [0.9435545100492351, 0.19311875693673697] and parameters: {'psi': 0.016446422815085127, 'lda_s': 5.815209758527381e-07}.
[I 2025-08-10 01:41:40,495] Trial 379 finished with values: [0.9341349153589473, 0.20748299319727892] and parameters: {'psi': 0.1938867147183161, 'lda_s': 4.385027330183415e-08}.
[I 2025-08-10 01:41:46,384] Trial 380 finished with values: [0.9395098227517573, 0.33356117566643884] and parameters: {'psi': 0.9428665757501498, 'lda_s': 4.964460294981087}.
[I 2025-08-10 01:41:52,258] Trial 381 finished with values: [0.9204902059276868, 0.2491490810074881] and parameters: {'psi': 0.4618688521934876, 'lda_s': 0.012771350500249481}.
[I 2025-08-10 01:41:58,156] Trial 382 finished with values: [0.9228891148941546, 0.24393279402613566] and parameters: {'psi': 0.8548697002073116, 'lda_s': 0.6984382548081374}.
[I 2025-08-10 01:42:04,052] Trial 383 finished with values: [0.936470265616358, 0.23529411764705882] and parameters: {'psi': 0.606080399309917, 'lda_s': 9.898725397838035}.
[I 2025-08-10 01:42:09,936] Trial 384 finished with values: [0.8971717934968684, 0.3182481751824818] and parameters: {'psi': 0.8744670793798981, 'lda_s': 0.05119684556359937}.
[I 2025-08-10 01:42:15,829] Trial 385 finished with values: [0.9198985658675307, 0.22010271460014674] and parameters: {'psi': 0.3770196222202783, 'lda_s': 8.818406232748275}.
[I 2025-08-10 01:42:21,724] Trial 386 finished with values: [0.937070551685377, 0.22689706987227648] and parameters: {'psi': 0.6740086944970296, 'lda_s': 9.898725397838035}.
[I 2025-08-10 01:42:27,626] Trial 387 finished with values: [0.935180534147897, 0.2776101388050694] and parameters: {'psi': 0.8727844430942148, 'lda_s': 3.7312232810170083e-07}.
[I 2025-08-10 01:42:33,519] Trial 388 finished with values: [0.9352533715006123, 0.2767749699157641] and parameters: {'psi': 0.8850626030118003, 'lda_s': 3.6719099671717466e-05}.
[I 2025-08-10 01:42:39,414] Trial 389 finished with values: [0.9350513501227858, 0.2576760987357014] and parameters: {'psi': 0.8008651857334368, 'lda_s': 6.828250829926704e-08}.
[I 2025-08-10 01:42:45,298] Trial 390 finished with values: [0.9335183916635267, 0.22667429879793932] and parameters: {'psi': 0.9922263098849926, 'lda_s': 9.480076980055856e-07}.
[I 2025-08-10 01:42:51,180] Trial 391 finished with values: [0.9169341235701083, 0.21181556195965417] and parameters: {'psi': 0.14764670778794808, 'lda_s': 0.05629393227457049}.
[I 2025-08-10 01:42:57,060] Trial 392 finished with values: [0.9150818954177079, 0.1783625730994152] and parameters: {'psi': 0.26686054905322554, 'lda_s': 8.818406232748275}.
[I 2025-08-10 01:43:02,947] Trial 393 finished with values: [0.9397401018170874, 0.38420348058902276] and parameters: {'psi': 0.8850626030118003, 'lda_s': 6.8710908218308875}.
[I 2025-08-10 01:43:08,830] Trial 394 finished with values: [0.9369267748843311, 0.2544420753375977] and parameters: {'psi': 0.9668705632501733, 'lda_s': 6.8710908218308875}.
[I 2025-08-10 01:43:14,702] Trial 395 finished with values: [0.9351467936255045, 0.2441588785046729] and parameters: {'psi': 0.6754920572783656, 'lda_s': 0.00018094619958377502}.
[I 2025-08-10 01:43:20,564] Trial 396 finished with values: [0.9269996805616042, 0.18014184397163122] and parameters: {'psi': 0.6588719818323864, 'lda_s': 0.831080077589047}.
[I 2025-08-10 01:43:26,438] Trial 397 finished with values: [0.9278470737814969, 0.2103825136612022] and parameters: {'psi': 0.532927030491663, 'lda_s': 6.8710908218308875}.
[I 2025-08-10 01:43:32,330] Trial 398 finished with values: [0.9371362191770839, 0.26199261992619927] and parameters: {'psi': 0.9428665757501498, 'lda_s': 0.0037223616283009807}.
[I 2025-08-10 01:43:38,202] Trial 399 finished with values: [0.8979841387491257, 0.3448773448773449] and parameters: {'psi': 0.9737757568273497, 'lda_s': 0.07994455913481784}.
[I 2025-08-10 01:43:44,070] Trial 400 finished with values: [0.9335410821648358, 0.22501427755568246] and parameters: {'psi': 0.9949897869213755, 'lda_s': 1.6615677083555556e-08}.
[I 2025-08-10 01:43:49,955] Trial 401 finished with values: [0.9352168473851222, 0.2767749699157641] and parameters: {'psi': 0.8850626030118003, 'lda_s': 9.480076980055856e-07}.
[I 2025-08-10 01:43:55,948] Trial 402 finished with values: [0.9352606257129268, 0.2439882697947214] and parameters: {'psi': 0.6989328241741092, 'lda_s': 2.635034977691515e-07}.
[I 2025-08-10 01:44:01,847] Trial 403 finished with values: [0.9352566190258925, 0.2727272727272727] and parameters: {'psi': 0.9033566484879185, 'lda_s': 4.328241895026126e-08}.
[I 2025-08-10 01:44:07,745] Trial 404 finished with values: [0.9333997093760104, 0.2125] and parameters: {'psi': 0.38084327096979576, 'lda_s': 2.8887986107362716e-06}.
[I 2025-08-10 01:44:13,634] Trial 405 finished with values: [0.9384583415470418, 0.23695976154992549] and parameters: {'psi': 0.6510306950262886, 'lda_s': 9.898725397838035}.
[I 2025-08-10 01:44:19,530] Trial 406 finished with values: [0.9357484714910721, 0.24341637010676156] and parameters: {'psi': 0.9679654754305553, 'lda_s': 9.228464667387}.
[I 2025-08-10 01:44:25,424] Trial 407 finished with values: [0.9399288378642214, 0.20551090700344432] and parameters: {'psi': 0.011306830576222837, 'lda_s': 4.964460294981087}.
[I 2025-08-10 01:44:31,296] Trial 408 finished with values: [0.9349264258386271, 0.24868035190615836] and parameters: {'psi': 0.95700608060571, 'lda_s': 8.052675589399237e-05}.
[I 2025-08-10 01:44:37,202] Trial 409 finished with values: [0.9391567703605708, 0.21058755090168702] and parameters: {'psi': 0.016446422815085127, 'lda_s': 6.8710908218308875}.
[I 2025-08-10 01:44:43,076] Trial 410 finished with values: [0.9343094382110234, 0.23231742380678552] and parameters: {'psi': 0.5956044264481996, 'lda_s': 3.636049586788308e-07}.
[I 2025-08-10 01:44:48,961] Trial 411 finished with values: [0.8915033857348952, 0.3812233285917496] and parameters: {'psi': 0.8850626030118003, 'lda_s': 0.07994455913481784}.
[I 2025-08-10 01:44:54,868] Trial 412 finished with values: [0.9397401018170874, 0.38420348058902276] and parameters: {'psi': 0.8850626030118003, 'lda_s': 6.8710908218308875}.
[I 2025-08-10 01:45:00,756] Trial 413 finished with values: [0.9397401018170874, 0.38420348058902276] and parameters: {'psi': 0.8850626030118003, 'lda_s': 6.8710908218308875}.
[I 2025-08-10 01:45:06,642] Trial 414 finished with values: [0.918917855408534, 0.1848617176128093] and parameters: {'psi': 0.3422518551608418, 'lda_s': 4.964460294981087}.
[I 2025-08-10 01:45:12,529] Trial 415 finished with values: [0.920961012742024, 0.2011313639220616] and parameters: {'psi': 0.8008651857334368, 'lda_s': 0.2425873353012186}.
[I 2025-08-10 01:45:18,426] Trial 416 finished with values: [0.9333410008670471, 0.21575342465753425] and parameters: {'psi': 0.42637423372014815, 'lda_s': 0.00020801139847560554}.
[I 2025-08-10 01:45:24,309] Trial 417 finished with values: [0.9154516493674791, 0.1746031746031746] and parameters: {'psi': 0.2784011252579339, 'lda_s': 6.8710908218308875}.
[I 2025-08-10 01:45:30,201] Trial 418 finished with values: [0.9403157151291069, 0.3824324324324324] and parameters: {'psi': 0.9281500906633967, 'lda_s': 9.898725397838035}.
[I 2025-08-10 01:45:36,098] Trial 419 finished with values: [0.9351799436887551, 0.2776101388050694] and parameters: {'psi': 0.8727844430942148, 'lda_s': 2.030598088269566e-08}.
[I 2025-08-10 01:45:41,999] Trial 420 finished with values: [0.9351898971428609, 0.27727546714888485] and parameters: {'psi': 0.8744670793798981, 'lda_s': 2.160344436318539e-08}.
[I 2025-08-10 01:45:47,904] Trial 421 finished with values: [0.9399288378642214, 0.20551090700344432] and parameters: {'psi': 0.011306830576222837, 'lda_s': 0.10155232617875096}.
[I 2025-08-10 01:45:53,816] Trial 422 finished with values: [0.9404287458791224, 0.21271806415306696] and parameters: {'psi': 0.031065031744706983, 'lda_s': 8.197867609286569e-05}.
[I 2025-08-10 01:45:59,749] Trial 423 finished with values: [0.9366204531166586, 0.21289178001182732] and parameters: {'psi': 0.022997486504488074, 'lda_s': 6.8710908218308875}.
[I 2025-08-10 01:46:05,655] Trial 424 finished with values: [0.9166730984537478, 0.1824561403508772] and parameters: {'psi': 0.11921006250273392, 'lda_s': 0.5611903549456518}.
[I 2025-08-10 01:46:11,540] Trial 425 finished with values: [0.9279497293208766, 0.21739130434782608] and parameters: {'psi': 0.589802493593842, 'lda_s': 0.07994455913481784}.
[I 2025-08-10 01:46:17,416] Trial 426 finished with values: [0.9284906742461375, 0.2260748959778086] and parameters: {'psi': 0.509742297794201, 'lda_s': 9.898725397838035}.
[I 2025-08-10 01:46:23,295] Trial 427 finished with values: [0.9431718503496488, 0.19810795770728992] and parameters: {'psi': 0.020104204896711164, 'lda_s': 3.7047325487384636e-07}.
[I 2025-08-10 01:46:29,221] Trial 428 finished with values: [0.9391567703605708, 0.21058755090168702] and parameters: {'psi': 0.016446422815085127, 'lda_s': 4.964460294981087}.
[I 2025-08-10 01:46:35,119] Trial 429 finished with values: [0.9435348983705942, 0.19311875693673697] and parameters: {'psi': 0.016446422815085127, 'lda_s': 9.480076980055856e-07}.
[I 2025-08-10 01:46:41,014] Trial 430 finished with values: [0.9422746055079212, 0.2171945701357466] and parameters: {'psi': 0.016446422815085127, 'lda_s': 8.052675589399237e-05}.
[I 2025-08-10 01:46:47,022] Trial 431 finished with values: [0.9352162991016333, 0.2767749699157641] and parameters: {'psi': 0.8850626030118003, 'lda_s': 4.291438843185024e-07}.
[I 2025-08-10 01:46:52,919] Trial 432 finished with values: [0.9399939148967863, 0.3871399866041527] and parameters: {'psi': 0.8850626030118003, 'lda_s': 9.228464667387}.
[I 2025-08-10 01:46:58,826] Trial 433 finished with values: [0.9352903173726324, 0.2680901542111507] and parameters: {'psi': 0.9188845835641976, 'lda_s': 7.209895955588266e-07}.
[I 2025-08-10 01:47:04,709] Trial 434 finished with values: [0.9391496848508684, 0.2339930151338766] and parameters: {'psi': 0.025168820672167636, 'lda_s': 0.00031051467812537136}.
[I 2025-08-10 01:47:10,582] Trial 435 finished with values: [0.9397401018170874, 0.38420348058902276] and parameters: {'psi': 0.8850626030118003, 'lda_s': 6.8710908218308875}.
[I 2025-08-10 01:47:16,478] Trial 436 finished with values: [0.9352918356961399, 0.269276393831554] and parameters: {'psi': 0.9183595826341485, 'lda_s': 4.638946213321584e-07}.
[I 2025-08-10 01:47:22,372] Trial 437 finished with values: [0.9333759223077235, 0.213757816941444] and parameters: {'psi': 0.4010964248985259, 'lda_s': 5.592206958768072e-05}.
[I 2025-08-10 01:47:28,261] Trial 438 finished with values: [0.9149977128143384, 0.19610670511896178] and parameters: {'psi': 0.22439123547365192, 'lda_s': 0.4632734153919676}.
[I 2025-08-10 01:47:34,163] Trial 439 finished with values: [0.943595884364819, 0.19412090959511924] and parameters: {'psi': 0.016446422815085127, 'lda_s': 1.6615677083555556e-08}.
[I 2025-08-10 01:47:40,049] Trial 440 finished with values: [0.9426221750642186, 0.21307779030439683] and parameters: {'psi': 0.016446422815085127, 'lda_s': 5.592206958768072e-05}.
[I 2025-08-10 01:47:45,918] Trial 441 finished with values: [0.9261088885947841, 0.26327599102468213] and parameters: {'psi': 0.7538935763059803, 'lda_s': 0.045862285189924946}.
[I 2025-08-10 01:47:51,821] Trial 442 finished with values: [0.8944158254521798, 0.1714614499424626] and parameters: {'psi': 0.0009598317909641496, 'lda_s': 6.8710908218308875}.
[I 2025-08-10 01:47:57,744] Trial 443 finished with values: [0.9391567703605708, 0.21058755090168702] and parameters: {'psi': 0.016446422815085127, 'lda_s': 4.964460294981087}.
[I 2025-08-10 01:48:03,680] Trial 444 finished with values: [0.9391567703605708, 0.21058755090168702] and parameters: {'psi': 0.016446422815085127, 'lda_s': 9.898725397838035}.
[I 2025-08-10 01:48:09,565] Trial 445 finished with values: [0.9342037038489753, 0.23183391003460208] and parameters: {'psi': 0.5786262416135459, 'lda_s': 0.00031051467812537136}.
[I 2025-08-10 01:48:15,446] Trial 446 finished with values: [0.9197932110863596, 0.21207658321060383] and parameters: {'psi': 0.37286367894159145, 'lda_s': 6.8710908218308875}.
[I 2025-08-10 01:48:21,344] Trial 447 finished with values: [0.9202692476816676, 0.17183098591549295] and parameters: {'psi': 0.07270911469979724, 'lda_s': 6.8710908218308875}.
[I 2025-08-10 01:48:27,243] Trial 448 finished with values: [0.9324335916929484, 0.275118004045853] and parameters: {'psi': 0.9183595826341485, 'lda_s': 0.012581564140895531}.
[I 2025-08-10 01:48:33,117] Trial 449 finished with values: [0.9161498673027428, 0.22528460155781904] and parameters: {'psi': 0.8414885281293752, 'lda_s': 0.22642847875544592}.
[I 2025-08-10 01:48:39,015] Trial 450 finished with values: [0.9390355575338749, 0.37566844919786097] and parameters: {'psi': 0.8850626030118003, 'lda_s': 4.964460294981087}.
[I 2025-08-10 01:48:44,919] Trial 451 finished with values: [0.9257123531053637, 0.2710413694721826] and parameters: {'psi': 0.8850626030118003, 'lda_s': 0.020722661669597582}.
[I 2025-08-10 01:48:50,825] Trial 452 finished with values: [0.929454936200468, 0.2088050314465409] and parameters: {'psi': 0.03999321877205575, 'lda_s': 8.818406232748275}.
[I 2025-08-10 01:48:56,705] Trial 453 finished with values: [0.9150832872142569, 0.19582433405327573] and parameters: {'psi': 0.2145698342044019, 'lda_s': 9.228464667387}.
[I 2025-08-10 01:49:02,602] Trial 454 finished with values: [0.9352163834529393, 0.2767749699157641] and parameters: {'psi': 0.8850626030118003, 'lda_s': 3.7047325487384636e-07}.
[I 2025-08-10 01:49:08,496] Trial 455 finished with values: [0.9244453543138651, 0.27473219911783237] and parameters: {'psi': 0.8850626030118003, 'lda_s': 0.9012585151932142}.
[I 2025-08-10 01:49:14,404] Trial 456 finished with values: [0.9399627470892262, 0.3790322580645161] and parameters: {'psi': 0.8727844430942148, 'lda_s': 9.898725397838035}.
[I 2025-08-10 01:49:20,316] Trial 457 finished with values: [0.9396872557238899, 0.2164048865619546] and parameters: {'psi': 0.016446422815085127, 'lda_s': 0.0008746049540847113}.
[I 2025-08-10 01:49:26,207] Trial 458 finished with values: [0.9397401018170874, 0.38420348058902276] and parameters: {'psi': 0.8850626030118003, 'lda_s': 6.8710908218308875}.
[I 2025-08-10 01:49:32,102] Trial 459 finished with values: [0.938988194275566, 0.2041503084688727] and parameters: {'psi': 0.04862119737195236, 'lda_s': 9.480076980055856e-07}.
[I 2025-08-10 01:49:37,990] Trial 460 finished with values: [0.9390519638628884, 0.37566844919786097] and parameters: {'psi': 0.8850626030118003, 'lda_s': 4.983681350378807}.
[I 2025-08-10 01:49:43,876] Trial 461 finished with values: [0.9345993958253357, 0.2390300230946882] and parameters: {'psi': 0.6276143919569314, 'lda_s': 6.540894887204657e-07}.
[I 2025-08-10 01:49:49,767] Trial 462 finished with values: [0.9395098227517573, 0.33356117566643884] and parameters: {'psi': 0.9428665757501498, 'lda_s': 4.964460294981087}.
[I 2025-08-10 01:49:55,645] Trial 463 finished with values: [0.9335113905051301, 0.21010789324247586] and parameters: {'psi': 0.3237424054971415, 'lda_s': 9.480076980055856e-07}.
[I 2025-08-10 01:50:01,504] Trial 464 finished with values: [0.935102087433334, 0.2563176895306859] and parameters: {'psi': 0.7959293820927589, 'lda_s': 1.5488706530918328e-07}.
[I 2025-08-10 01:50:07,407] Trial 465 finished with values: [0.9170013515609757, 0.1688951442646024] and parameters: {'psi': 0.10934060945236979, 'lda_s': 9.228464667387}.
[I 2025-08-10 01:50:13,295] Trial 466 finished with values: [0.9335595972764988, 0.2190530519110097] and parameters: {'psi': 0.48784264448693304, 'lda_s': 1.6615677083555556e-08}.
[I 2025-08-10 01:50:19,190] Trial 467 finished with values: [0.9220491445891885, 0.24023581429624172] and parameters: {'psi': 0.43554211418466504, 'lda_s': 0.5809342562982713}.
[I 2025-08-10 01:50:25,083] Trial 468 finished with values: [0.935218028303406, 0.2767749699157641] and parameters: {'psi': 0.8850626030118003, 'lda_s': 2.251206698511961e-06}.
[I 2025-08-10 01:50:31,064] Trial 469 finished with values: [0.940970534317443, 0.3298245614035088] and parameters: {'psi': 0.7949967294272103, 'lda_s': 9.228464667387}.
[I 2025-08-10 01:50:36,959] Trial 470 finished with values: [0.9351616816310102, 0.25206124852767964] and parameters: {'psi': 0.9428665757501498, 'lda_s': 4.744264203166039e-07}.
[I 2025-08-10 01:50:42,847] Trial 471 finished with values: [0.934584128238953, 0.2400461627236007] and parameters: {'psi': 0.6260758588326469, 'lda_s': 3.7047325487384636e-07}.
[I 2025-08-10 01:50:48,757] Trial 472 finished with values: [0.9419426831188829, 0.21682665160926032] and parameters: {'psi': 0.020104204896711164, 'lda_s': 8.197867609286569e-05}.
[I 2025-08-10 01:50:54,654] Trial 473 finished with values: [0.9364293974086099, 0.2744853399875234] and parameters: {'psi': 0.8008651857334368, 'lda_s': 0.002496893423384505}.
[I 2025-08-10 01:51:00,548] Trial 474 finished with values: [0.9419215531167345, 0.22336182336182336] and parameters: {'psi': 0.016446422815085127, 'lda_s': 0.00010948451863757284}.
[I 2025-08-10 01:51:06,448] Trial 475 finished with values: [0.9223536949794355, 0.2485207100591716] and parameters: {'psi': 0.41818829284271797, 'lda_s': 6.8710908218308875}.
[I 2025-08-10 01:51:12,332] Trial 476 finished with values: [0.9167473276030117, 0.1670235546038544] and parameters: {'psi': 0.3018595361103653, 'lda_s': 9.898725397838035}.
[I 2025-08-10 01:51:18,222] Trial 477 finished with values: [0.9397401018170874, 0.38420348058902276] and parameters: {'psi': 0.8850626030118003, 'lda_s': 6.8710908218308875}.
[I 2025-08-10 01:51:24,114] Trial 478 finished with values: [0.9430307306147414, 0.18161683277962348] and parameters: {'psi': 0.010811857531842883, 'lda_s': 9.480076980055856e-07}.
[I 2025-08-10 01:51:29,999] Trial 479 finished with values: [0.9395344533331039, 0.37692823608316567] and parameters: {'psi': 0.8727844430942148, 'lda_s': 6.8710908218308875}.
[I 2025-08-10 01:51:35,894] Trial 480 finished with values: [0.9354252794622031, 0.24749558043606365] and parameters: {'psi': 0.7252440522748602, 'lda_s': 3.392004394311128e-07}.
[I 2025-08-10 01:51:41,796] Trial 481 finished with values: [0.9335120231399252, 0.20705346985210465] and parameters: {'psi': 0.2581695847605968, 'lda_s': 0.0001342206087721809}.
[I 2025-08-10 01:51:47,677] Trial 482 finished with values: [0.9150400571699413, 0.19596541786743515] and parameters: {'psi': 0.2189180173195312, 'lda_s': 8.818406232748275}.
[I 2025-08-10 01:51:53,555] Trial 483 finished with values: [0.9344176609365982, 0.2084985835694051] and parameters: {'psi': 0.16571597581427588, 'lda_s': 3.1440870237862348e-06}.
[I 2025-08-10 01:51:59,454] Trial 484 finished with values: [0.9149860301584599, 0.17561683599419448] and parameters: {'psi': 0.27084886808440733, 'lda_s': 0.44825934654202065}.
[I 2025-08-10 01:52:05,359] Trial 485 finished with values: [0.9291444812188021, 0.24761904761904763] and parameters: {'psi': 0.08180013569097977, 'lda_s': 0.0019226608591169073}.
[I 2025-08-10 01:52:11,259] Trial 486 finished with values: [0.9405305579054424, 0.3780487804878049] and parameters: {'psi': 0.9321128142587303, 'lda_s': 6.8710908218308875}.
[I 2025-08-10 01:52:17,123] Trial 487 finished with values: [0.9335463541214596, 0.22589845978322876] and parameters: {'psi': 0.9954493262826675, 'lda_s': 8.056837666194374e-07}.
[I 2025-08-10 01:52:22,994] Trial 488 finished with values: [0.9194619213321162, 0.22095238095238096] and parameters: {'psi': 0.9428665757501498, 'lda_s': 0.3356250406525854}.
[I 2025-08-10 01:52:28,888] Trial 489 finished with values: [0.9399939148967863, 0.3871399866041527] and parameters: {'psi': 0.8850626030118003, 'lda_s': 9.228464667387}.
[I 2025-08-10 01:52:34,774] Trial 490 finished with values: [0.9401084217946568, 0.3895582329317269] and parameters: {'psi': 0.8877065849012051, 'lda_s': 9.898725397838035}.
[I 2025-08-10 01:52:40,666] Trial 491 finished with values: [0.9363592171220331, 0.2183734939759036] and parameters: {'psi': 0.6771551471872653, 'lda_s': 6.8710908218308875}.
[I 2025-08-10 01:52:46,557] Trial 492 finished with values: [0.9329012353333112, 0.24455205811138014] and parameters: {'psi': 0.5634041778142002, 'lda_s': 0.0034267752631987956}.
[I 2025-08-10 01:52:52,440] Trial 493 finished with values: [0.9343000330404067, 0.23130034522439585] and parameters: {'psi': 0.5926244869633577, 'lda_s': 5.592206958768072e-05}.
