[I 2025-08-10 00:13:42,225] Trial 0 finished with values: [0.7753925687560423, 0.12786761940579164] and parameters: {'psi': 0.11056478419026561, 'lda_s': 3.5424754726471814}.
[I 2025-08-10 00:13:48,286] Trial 1 finished with values: [0.7589854622032124, 0.14790528233151184] and parameters: {'psi': 0.061472043529664844, 'lda_s': 4.350211663951266e-07}.
[I 2025-08-10 00:13:54,347] Trial 2 finished with values: [0.7451663927492357, 0.1406480117820324] and parameters: {'psi': 0.7434477049841769, 'lda_s': 0.0018511301481431435}.
[I 2025-08-10 00:14:00,418] Trial 3 finished with values: [0.7667509048751481, 0.1438532110091743] and parameters: {'psi': 0.6765469922003473, 'lda_s': 2.7868518559076306e-08}.
[I 2025-08-10 00:14:06,482] Trial 4 finished with values: [0.7497774938902597, 0.14196395733725634] and parameters: {'psi': 0.6242092779004341, 'lda_s': 0.0015790135925780162}.
[I 2025-08-10 00:14:12,530] Trial 5 finished with values: [0.7734251875310745, 0.11742279832253145] and parameters: {'psi': 0.5615780196839422, 'lda_s': 0.36092499623151414}.
[I 2025-08-10 00:14:18,581] Trial 6 finished with values: [0.7668599014445462, 0.11072928598701795] and parameters: {'psi': 0.3408023988047598, 'lda_s': 6.98108699346366}.
[I 2025-08-10 00:14:24,631] Trial 7 finished with values: [0.731863564097364, 0.13627992633517497] and parameters: {'psi': 0.6757452187903774, 'lda_s': 0.004705859609815292}.
[I 2025-08-10 00:14:30,792] Trial 8 finished with values: [0.7632663039347507, 0.14059624585940375] and parameters: {'psi': 0.7993559995351336, 'lda_s': 1.4234970840953405e-08}.
[I 2025-08-10 00:14:36,854] Trial 9 finished with values: [0.7666724320441535, 0.1438532110091743] and parameters: {'psi': 0.6667944144268981, 'lda_s': 1.732360891413735e-05}.
[I 2025-08-10 00:14:42,900] Trial 10 finished with values: [0.7507989916476165, 0.14196395733725634] and parameters: {'psi': 0.6448454072951195, 'lda_s': 0.0014043234707826495}.
[I 2025-08-10 00:14:48,963] Trial 11 finished with values: [0.7781265676700315, 0.12311178247734139] and parameters: {'psi': 0.14165855820907625, 'lda_s': 0.13961512967321088}.
[I 2025-08-10 00:14:55,030] Trial 12 finished with values: [0.7670180414285643, 0.11072928598701795] and parameters: {'psi': 0.33591548696577, 'lda_s': 0.5326917867094898}.
[I 2025-08-10 00:15:01,079] Trial 13 finished with values: [0.7562243267264093, 0.14728399562522784] and parameters: {'psi': 0.11502390820301978, 'lda_s': 6.812938754064457e-06}.
[I 2025-08-10 00:15:07,125] Trial 14 finished with values: [0.7674739787577493, 0.14510809820447051] and parameters: {'psi': 0.5783737926335373, 'lda_s': 3.946695432578654e-07}.
[I 2025-08-10 00:15:13,177] Trial 15 finished with values: [0.7316286742387206, 0.13897058823529412] and parameters: {'psi': 0.2660140834210746, 'lda_s': 0.001928183315925175}.
[I 2025-08-10 00:15:19,236] Trial 16 finished with values: [0.7613976598571646, 0.13653136531365315] and parameters: {'psi': 0.8658855214978118, 'lda_s': 2.1834033597893057e-06}.
[I 2025-08-10 00:15:25,290] Trial 17 finished with values: [0.7607249432902615, 0.14557425018288223] and parameters: {'psi': 0.30307160787334864, 'lda_s': 1.3694038152186018e-08}.
[I 2025-08-10 00:15:31,357] Trial 18 finished with values: [0.7566548896072485, 0.1466618022619482] and parameters: {'psi': 0.1447562304524148, 'lda_s': 5.873095333168072e-08}.
[I 2025-08-10 00:15:37,399] Trial 19 finished with values: [0.7588482522232696, 0.13848987108655617] and parameters: {'psi': 0.9514992414154781, 'lda_s': 2.228568615314851e-07}.
[I 2025-08-10 00:15:43,453] Trial 20 finished with values: [0.7583736560597687, 0.1454146876141761] and parameters: {'psi': 0.22364340008087014, 'lda_s': 6.247423313893218e-08}.
[I 2025-08-10 00:15:49,497] Trial 21 finished with values: [0.774229651523068, 0.1220159151193634] and parameters: {'psi': 0.6049853100499895, 'lda_s': 0.16088820274619603}.
[I 2025-08-10 00:15:55,541] Trial 22 finished with values: [0.6774412461109645, 0.12717190388170055] and parameters: {'psi': 0.8382417088650105, 'lda_s': 6.328292453985301}.
[I 2025-08-10 00:16:01,590] Trial 23 finished with values: [0.7624052369102207, 0.14625228519195613] and parameters: {'psi': 0.3569445608921398, 'lda_s': 1.0080405734394369e-08}.
[I 2025-08-10 00:16:07,632] Trial 24 finished with values: [0.7109747151845438, 0.12378094523630907] and parameters: {'psi': 0.6994126136109461, 'lda_s': 6.858015038410613}.
[I 2025-08-10 00:16:13,678] Trial 25 finished with values: [0.7583785704012307, 0.1454146876141761] and parameters: {'psi': 0.2245578487187675, 'lda_s': 9.03213347003795e-07}.
[I 2025-08-10 00:16:19,725] Trial 26 finished with values: [0.756523083445009, 0.14728399562522784] and parameters: {'psi': 0.11457963245266056, 'lda_s': 7.532999177559718e-07}.
[I 2025-08-10 00:16:25,778] Trial 27 finished with values: [0.7298077834632293, 0.1361450240473548] and parameters: {'psi': 0.3942470202414542, 'lda_s': 0.0043821677200269644}.
[I 2025-08-10 00:16:31,830] Trial 28 finished with values: [0.7484613314356796, 0.13996316758747698] and parameters: {'psi': 0.7758279146919522, 'lda_s': 0.0012553578352893463}.
[I 2025-08-10 00:16:37,873] Trial 29 finished with values: [0.760263739196721, 0.14557425018288223] and parameters: {'psi': 0.28988974400195655, 'lda_s': 2.174486121050882e-06}.
[I 2025-08-10 00:16:43,921] Trial 30 finished with values: [0.7565662748285354, 0.14728399562522784] and parameters: {'psi': 0.11172280453317462, 'lda_s': 2.254870114307948e-07}.
[I 2025-08-10 00:16:49,966] Trial 31 finished with values: [0.7001037611315218, 0.1309696092619392] and parameters: {'psi': 0.9801814022200281, 'lda_s': 0.38980634754109594}.
[I 2025-08-10 00:16:56,007] Trial 32 finished with values: [0.7715634156999153, 0.11280487804878049] and parameters: {'psi': 0.2798103546890076, 'lda_s': 2.5138458443300475}.
[I 2025-08-10 00:17:02,065] Trial 33 finished with values: [0.7617544684579748, 0.13726937269372694] and parameters: {'psi': 0.8340636405466726, 'lda_s': 3.312563610030604e-05}.
[I 2025-08-10 00:17:08,102] Trial 34 finished with values: [0.7672414188060139, 0.14516129032258066] and parameters: {'psi': 0.6351405463177616, 'lda_s': 6.236556057666405e-06}.
[I 2025-08-10 00:17:14,263] Trial 35 finished with values: [0.7565987564719038, 0.1454146876141761] and parameters: {'psi': 0.2207456892731119, 'lda_s': 5.469306014550592e-05}.
[I 2025-08-10 00:17:20,307] Trial 36 finished with values: [0.8184963360353857, 0.2340876944837341] and parameters: {'psi': 0.003400285029469763, 'lda_s': 2.178838767396802e-08}.
[I 2025-08-10 00:17:26,354] Trial 37 finished with values: [0.7221817632038466, 0.12972572275759822] and parameters: {'psi': 0.9063479145268301, 'lda_s': 0.00652612837710837}.
[I 2025-08-10 00:17:32,399] Trial 38 finished with values: [0.7299202651034649, 0.1367837338262477] and parameters: {'psi': 0.37251738701493076, 'lda_s': 0.004038656038339241}.
[I 2025-08-10 00:17:38,440] Trial 39 finished with values: [0.7529690943526541, 0.14609203798392986] and parameters: {'psi': 0.17657105033571274, 'lda_s': 0.00011041591336082075}.
[I 2025-08-10 00:17:44,482] Trial 40 finished with values: [0.7559962503770435, 0.14552102376599635] and parameters: {'psi': 0.27721264042988636, 'lda_s': 0.00015064699376570001}.
[I 2025-08-10 00:17:50,530] Trial 41 finished with values: [0.7595349286525727, 0.14484272128749084] and parameters: {'psi': 0.3469868377729046, 'lda_s': 0.00012028104887994242}.
[I 2025-08-10 00:17:56,579] Trial 42 finished with values: [0.7369694082439782, 0.11938043067623726] and parameters: {'psi': 0.3919565506736098, 'lda_s': 0.02636746504075123}.
[I 2025-08-10 00:18:02,627] Trial 43 finished with values: [0.7622927944280845, 0.13922651933701657] and parameters: {'psi': 0.8206961537199204, 'lda_s': 2.2265113510220257e-05}.
[I 2025-08-10 00:18:08,681] Trial 44 finished with values: [0.7624380122393337, 0.14625228519195613] and parameters: {'psi': 0.35954956039381814, 'lda_s': 2.6738467903859068e-06}.
[I 2025-08-10 00:18:14,716] Trial 45 finished with values: [0.7466232698336458, 0.11924528301886793] and parameters: {'psi': 0.2636530131675855, 'lda_s': 0.015041217924364522}.
[I 2025-08-10 00:18:20,770] Trial 46 finished with values: [0.7620808903737292, 0.13726937269372694] and parameters: {'psi': 0.8383711277495774, 'lda_s': 3.4810937187028904e-07}.
[I 2025-08-10 00:18:26,820] Trial 47 finished with values: [0.7717772776592353, 0.11280487804878049] and parameters: {'psi': 0.2779187380899567, 'lda_s': 0.9944101143668393}.
[I 2025-08-10 00:18:32,876] Trial 48 finished with values: [0.7581762796602532, 0.14552102376599635] and parameters: {'psi': 0.3282158428968198, 'lda_s': 0.00014804719398915273}.
[I 2025-08-10 00:18:38,932] Trial 49 finished with values: [0.7570419674188167, 0.14728399562522784] and parameters: {'psi': 0.08981588905178839, 'lda_s': 1.8991155498450776e-08}.
[I 2025-08-10 00:18:44,984] Trial 50 finished with values: [0.7668715901371868, 0.1438532110091743] and parameters: {'psi': 0.6695734612694596, 'lda_s': 2.178838767396802e-08}.
[I 2025-08-10 00:18:51,039] Trial 51 finished with values: [0.7566548896072485, 0.1466618022619482] and parameters: {'psi': 0.1447562304524148, 'lda_s': 5.873095333168072e-08}.
[I 2025-08-10 00:18:57,069] Trial 52 finished with values: [0.7652901707179572, 0.14635931211123307] and parameters: {'psi': 0.5117738213720088, 'lda_s': 0.00010010036638800244}.
[I 2025-08-10 00:19:03,133] Trial 53 finished with values: [0.7648802245763985, 0.14243759177679882] and parameters: {'psi': 0.7228265547736252, 'lda_s': 5.469306014550592e-05}.
[I 2025-08-10 00:19:09,195] Trial 54 finished with values: [0.729555115827504, 0.137905604719764] and parameters: {'psi': 0.28988974400195655, 'lda_s': 0.0029920335655883924}.
[I 2025-08-10 00:19:15,247] Trial 55 finished with values: [0.766610973407304, 0.14635931211123307] and parameters: {'psi': 0.5016673356344735, 'lda_s': 2.726368958504057e-06}.
[I 2025-08-10 00:19:21,301] Trial 56 finished with values: [0.7554719625855324, 0.12178517397881997] and parameters: {'psi': 0.6049853100499895, 'lda_s': 0.04402898139858692}.
[I 2025-08-10 00:19:27,347] Trial 57 finished with values: [0.7591165243615654, 0.135843484680694] and parameters: {'psi': 0.8658855214978118, 'lda_s': 0.00016950238945649383}.
[I 2025-08-10 00:19:33,409] Trial 58 finished with values: [0.7570422611045615, 0.14728399562522784] and parameters: {'psi': 0.08981588905178839, 'lda_s': 1.4512875784231051e-08}.
[I 2025-08-10 00:19:39,450] Trial 59 finished with values: [0.758367664870576, 0.1454146876141761] and parameters: {'psi': 0.22364340008087014, 'lda_s': 2.786102097247254e-07}.
[I 2025-08-10 00:19:45,504] Trial 60 finished with values: [0.7724140862490813, 0.11204268292682927] and parameters: {'psi': 0.2723470754027597, 'lda_s': 0.9944101143668393}.
[I 2025-08-10 00:19:51,557] Trial 61 finished with values: [0.7369694082439782, 0.11938043067623726] and parameters: {'psi': 0.3919565506736098, 'lda_s': 0.02636746504075123}.
[I 2025-08-10 00:19:57,602] Trial 62 finished with values: [0.7574815758205943, 0.14723032069970846] and parameters: {'psi': 0.07487287621479033, 'lda_s': 4.4177037140654695e-06}.
[I 2025-08-10 00:20:03,653] Trial 63 finished with values: [0.7597505527263612, 0.14484272128749084] and parameters: {'psi': 0.3569445608921398, 'lda_s': 0.00012775165326996807}.
[I 2025-08-10 00:20:09,707] Trial 64 finished with values: [0.7595349286525727, 0.14484272128749084] and parameters: {'psi': 0.3469868377729046, 'lda_s': 0.00012028104887994242}.
[I 2025-08-10 00:20:15,753] Trial 65 finished with values: [0.7630948110388718, 0.14059624585940375] and parameters: {'psi': 0.8021836015667374, 'lda_s': 5.751091978576358e-06}.
[I 2025-08-10 00:20:21,800] Trial 66 finished with values: [0.7429279004237728, 0.11875945537065052] and parameters: {'psi': 0.5706249940473557, 'lda_s': 0.032071654859663866}.
[I 2025-08-10 00:20:27,839] Trial 67 finished with values: [0.7781265676700315, 0.12311178247734139] and parameters: {'psi': 0.14165855820907625, 'lda_s': 0.5326917867094898}.
[I 2025-08-10 00:20:33,905] Trial 68 finished with values: [0.7639794512391795, 0.14112458654906285] and parameters: {'psi': 0.7769320614577511, 'lda_s': 2.228568615314851e-07}.
[I 2025-08-10 00:20:39,966] Trial 69 finished with values: [0.7754478208341528, 0.12786761940579164] and parameters: {'psi': 0.11116783898712201, 'lda_s': 0.2431534544829442}.
[I 2025-08-10 00:20:46,008] Trial 70 finished with values: [0.770603533211805, 0.11871455576559546] and parameters: {'psi': 0.7075576194563096, 'lda_s': 0.09861476549466748}.
[I 2025-08-10 00:20:52,045] Trial 71 finished with values: [0.7699652170351359, 0.1194370483073412] and parameters: {'psi': 0.5469229040360661, 'lda_s': 0.16088820274619603}.
[I 2025-08-10 00:20:58,094] Trial 72 finished with values: [0.7507989916476165, 0.14196395733725634] and parameters: {'psi': 0.6448454072951195, 'lda_s': 0.0014043234707826495}.
[I 2025-08-10 00:21:04,259] Trial 73 finished with values: [0.7595148405476323, 0.14546783625730994] and parameters: {'psi': 0.2636530131675855, 'lda_s': 1.1124493933146673e-08}.
[I 2025-08-10 00:21:10,321] Trial 74 finished with values: [0.7629266465814334, 0.13991163475699558] and parameters: {'psi': 0.8085978716911039, 'lda_s': 3.19144990501751e-06}.
[I 2025-08-10 00:21:16,363] Trial 75 finished with values: [0.7736809094985448, 0.12908067542213883] and parameters: {'psi': 0.09002863512410708, 'lda_s': 1.8793064860214466}.
[I 2025-08-10 00:21:22,411] Trial 76 finished with values: [0.7595357705517074, 0.14557425018288223] and parameters: {'psi': 0.2779187380899567, 'lda_s': 1.7083140307776745e-05}.
[I 2025-08-10 00:21:28,462] Trial 77 finished with values: [0.7626988443387628, 0.13922651933701657] and parameters: {'psi': 0.8171446424477502, 'lda_s': 6.940468498802276e-07}.
[I 2025-08-10 00:21:34,518] Trial 78 finished with values: [0.7648514237943642, 0.14630577907827358] and parameters: {'psi': 0.43489583410061194, 'lda_s': 3.946695432578654e-07}.
[I 2025-08-10 00:21:40,559] Trial 79 finished with values: [0.7671002342789923, 0.1444811147781445] and parameters: {'psi': 0.6548046347000306, 'lda_s': 1.8991155498450776e-08}.
[I 2025-08-10 00:21:46,611] Trial 80 finished with values: [0.7674758975046149, 0.14516129032258066] and parameters: {'psi': 0.6127393341700114, 'lda_s': 5.002905797978092e-07}.
[I 2025-08-10 00:21:52,667] Trial 81 finished with values: [0.7466284778608526, 0.14437522902161964] and parameters: {'psi': 0.4101436939648373, 'lda_s': 0.0011550815119140106}.
[I 2025-08-10 00:21:58,707] Trial 82 finished with values: [0.7572860398517457, 0.14536157779401024] and parameters: {'psi': 0.18149384294572313, 'lda_s': 5.818258964824491e-07}.
[I 2025-08-10 00:22:04,753] Trial 83 finished with values: [0.7673153884555892, 0.14510809820447051] and parameters: {'psi': 0.551087575801037, 'lda_s': 1.9064936460168276e-08}.
[I 2025-08-10 00:22:10,806] Trial 84 finished with values: [0.7705447569047575, 0.11208539839878003] and parameters: {'psi': 0.2891744000743506, 'lda_s': 2.5138458443300475}.
[I 2025-08-10 00:22:16,867] Trial 85 finished with values: [0.758373871429315, 0.1454146876141761] and parameters: {'psi': 0.22364340008087014, 'lda_s': 5.873095333168072e-08}.
[I 2025-08-10 00:22:22,926] Trial 86 finished with values: [0.7738252070944608, 0.11352380952380953] and parameters: {'psi': 0.25777626508061324, 'lda_s': 0.13961512967321088}.
[I 2025-08-10 00:22:28,978] Trial 87 finished with values: [0.7644452759884376, 0.11293399465852728] and parameters: {'psi': 0.3569445608921398, 'lda_s': 0.16088820274619603}.
[I 2025-08-10 00:22:35,019] Trial 88 finished with values: [0.7451586590246242, 0.13658176448874124] and parameters: {'psi': 0.8390736378666311, 'lda_s': 0.0014043234707826495}.
[I 2025-08-10 00:22:41,066] Trial 89 finished with values: [0.7667430536762386, 0.1438532110091743] and parameters: {'psi': 0.6765469922003473, 'lda_s': 5.446092422674827e-07}.
[I 2025-08-10 00:22:47,122] Trial 90 finished with values: [0.766902015980342, 0.14635931211123307] and parameters: {'psi': 0.5165001832062855, 'lda_s': 4.350211663951266e-07}.
[I 2025-08-10 00:22:53,161] Trial 91 finished with values: [0.7675081246203377, 0.14510809820447051] and parameters: {'psi': 0.5896805552470212, 'lda_s': 2.4084723347018504e-07}.
[I 2025-08-10 00:22:59,213] Trial 92 finished with values: [0.7376546162445574, 0.13100111648678825] and parameters: {'psi': 0.15128796713290893, 'lda_s': 0.0034110610701436807}.
[I 2025-08-10 00:23:05,253] Trial 93 finished with values: [0.7672414188060139, 0.14516129032258066] and parameters: {'psi': 0.6351405463177616, 'lda_s': 6.236556057666405e-06}.
[I 2025-08-10 00:23:11,293] Trial 94 finished with values: [0.7641732838307085, 0.14630577907827358] and parameters: {'psi': 0.41327408232425267, 'lda_s': 6.994216204252345e-08}.
[I 2025-08-10 00:23:17,323] Trial 95 finished with values: [0.7480218405082, 0.14196395733725634] and parameters: {'psi': 0.5949060382111012, 'lda_s': 0.0018511301481431435}.
[I 2025-08-10 00:23:23,363] Trial 96 finished with values: [0.7583325204764554, 0.1454146876141761] and parameters: {'psi': 0.2245578487187675, 'lda_s': 2.6738467903859068e-06}.
[I 2025-08-10 00:23:29,393] Trial 97 finished with values: [0.7744812618901121, 0.12036336109008328] and parameters: {'psi': 0.6448454072951195, 'lda_s': 0.13284228302713955}.
[I 2025-08-10 00:23:35,438] Trial 98 finished with values: [0.7605913162764047, 0.1143728555089592] and parameters: {'psi': 0.3569445608921398, 'lda_s': 0.09588696687373412}.
[I 2025-08-10 00:23:41,462] Trial 99 finished with values: [0.7579457559296816, 0.14795918367346939] and parameters: {'psi': 0.04998707101866395, 'lda_s': 2.2265113510220257e-05}.
[I 2025-08-10 00:23:47,518] Trial 100 finished with values: [0.7585101220358248, 0.1454146876141761] and parameters: {'psi': 0.2289770734583204, 'lda_s': 5.002905797978092e-07}.
[I 2025-08-10 00:23:53,570] Trial 101 finished with values: [0.7648514237943642, 0.14630577907827358] and parameters: {'psi': 0.43489583410061194, 'lda_s': 3.946695432578654e-07}.
[I 2025-08-10 00:23:59,644] Trial 102 finished with values: [0.7581140378614181, 0.13711758201253224] and parameters: {'psi': 0.9374037881852408, 'lda_s': 2.7868518559076306e-08}.
[I 2025-08-10 00:24:05,697] Trial 103 finished with values: [0.7589836413515949, 0.14790528233151184] and parameters: {'psi': 0.061682988569498054, 'lda_s': 3.9730073615761373e-08}.
[I 2025-08-10 00:24:11,741] Trial 104 finished with values: [0.7670197448058838, 0.1457341633101428] and parameters: {'psi': 0.5323418190153577, 'lda_s': 6.812938754064457e-06}.
[I 2025-08-10 00:24:17,898] Trial 105 finished with values: [0.7555281544580262, 0.14516129032258066] and parameters: {'psi': 0.02774288008575221, 'lda_s': 0.00023325592395025425}.
[I 2025-08-10 00:24:23,961] Trial 106 finished with values: [0.7347148806768523, 0.14217662147306706] and parameters: {'psi': 0.1447562304524148, 'lda_s': 0.0006751389975681901}.
[I 2025-08-10 00:24:30,019] Trial 107 finished with values: [0.7735220646687395, 0.12973378327709037] and parameters: {'psi': 0.08782450934662456, 'lda_s': 0.16088820274619603}.
[I 2025-08-10 00:24:36,073] Trial 108 finished with values: [0.7707938807324961, 0.11871455576559546] and parameters: {'psi': 0.5016673356344735, 'lda_s': 3.4865240406725584}.
[I 2025-08-10 00:24:42,112] Trial 109 finished with values: [0.7662240718071828, 0.14635931211123307] and parameters: {'psi': 0.4852000047881655, 'lda_s': 4.4177037140654695e-06}.
[I 2025-08-10 00:24:48,156] Trial 110 finished with values: [0.7707938807324961, 0.11871455576559546] and parameters: {'psi': 0.5016673356344735, 'lda_s': 2.5138458443300475}.
[I 2025-08-10 00:24:54,206] Trial 111 finished with values: [0.7666903664536323, 0.11626139817629179] and parameters: {'psi': 0.7216647262776241, 'lda_s': 0.04973215210248603}.
[I 2025-08-10 00:25:00,276] Trial 112 finished with values: [0.7724756427811789, 0.13492359299291837] and parameters: {'psi': 0.04776050915338259, 'lda_s': 0.294452386773834}.
[I 2025-08-10 00:25:06,335] Trial 113 finished with values: [0.7758092696697301, 0.12580037664783428] and parameters: {'psi': 0.11502390820301978, 'lda_s': 0.5499529317771317}.
[I 2025-08-10 00:25:12,385] Trial 114 finished with values: [0.7753925687560423, 0.12786761940579164] and parameters: {'psi': 0.11056478419026561, 'lda_s': 3.5424754726471814}.
[I 2025-08-10 00:25:18,434] Trial 115 finished with values: [0.7781265676700315, 0.12311178247734139] and parameters: {'psi': 0.14165855820907625, 'lda_s': 3.5424754726471814}.
[I 2025-08-10 00:25:24,491] Trial 116 finished with values: [0.7617136852975552, 0.14625228519195613] and parameters: {'psi': 0.33591548696577, 'lda_s': 1.6567195646107025e-06}.
[I 2025-08-10 00:25:30,570] Trial 117 finished with values: [0.7342874308649073, 0.11805026656511805] and parameters: {'psi': 0.6127393341700114, 'lda_s': 1.2245769288575699}.
[I 2025-08-10 00:25:36,625] Trial 118 finished with values: [0.7588623099809177, 0.14795918367346939] and parameters: {'psi': 0.061472043529664844, 'lda_s': 2.1120187049405195e-06}.
[I 2025-08-10 00:25:42,685] Trial 119 finished with values: [0.7546646008941909, 0.1411764705882353] and parameters: {'psi': 0.6695734612694596, 'lda_s': 0.0009213398396214716}.
[I 2025-08-10 00:25:48,744] Trial 120 finished with values: [0.7670180414285643, 0.11072928598701795] and parameters: {'psi': 0.33591548696577, 'lda_s': 0.5326917867094898}.
[I 2025-08-10 00:25:54,790] Trial 121 finished with values: [0.7673121187542978, 0.14516129032258066] and parameters: {'psi': 0.6351405463177616, 'lda_s': 1.2280695213878962e-06}.
[I 2025-08-10 00:26:00,850] Trial 122 finished with values: [0.7594499751561438, 0.13446619874399704] and parameters: {'psi': 0.9249219940913793, 'lda_s': 5.444043680424501e-06}.
