[I 2025-08-10 02:00:50,154] Trial 123 finished with values: [0.7783983222509813, 0.2837259100642398] and parameters: {'psi': 0.908123412268597, 'lda_s': 0.19451141493225596}.
[I 2025-08-10 02:00:57,333] Trial 124 finished with values: [0.7492117838977755, 0.20056022408963586] and parameters: {'psi': 0.5503765045323521, 'lda_s': 7.189215458197982}.
[I 2025-08-10 02:01:04,505] Trial 125 finished with values: [0.7662648284951332, 0.24330259112867808] and parameters: {'psi': 0.9855727114099637, 'lda_s': 7.379185509229558e-06}.
[I 2025-08-10 02:01:11,726] Trial 126 finished with values: [0.842501388246102, 0.2214828897338403] and parameters: {'psi': 0.001328763799864685, 'lda_s': 0.9937837806690525}.
[I 2025-08-10 02:01:18,909] Trial 127 finished with values: [0.7790665003306467, 0.2222222222222222] and parameters: {'psi': 0.5503765045323521, 'lda_s': 3.259606276011576e-08}.
[I 2025-08-10 02:01:26,094] Trial 128 finished with values: [0.7774134140452105, 0.18310523831996225] and parameters: {'psi': 0.05810462416217377, 'lda_s': 0.0044923157066960534}.
[I 2025-08-10 02:01:33,307] Trial 129 finished with values: [0.7752113804664799, 0.22075055187637968] and parameters: {'psi': 0.7658075434345936, 'lda_s': 3.341017219770434e-07}.
[I 2025-08-10 02:01:40,483] Trial 130 finished with values: [0.7734787180384838, 0.2151394422310757] and parameters: {'psi': 0.8010600768648796, 'lda_s': 1.2436858014489349e-05}.
[I 2025-08-10 02:01:47,669] Trial 131 finished with values: [0.7846437151672582, 0.21524249422632794] and parameters: {'psi': 0.03166148330330654, 'lda_s': 0.005523743672846917}.
[I 2025-08-10 02:01:54,860] Trial 132 finished with values: [0.7413625661176473, 0.19052744886975242] and parameters: {'psi': 0.5751463785305627, 'lda_s': 0.21354951054850416}.
[I 2025-08-10 02:02:02,027] Trial 133 finished with values: [0.7800711291163474, 0.22067160924552987] and parameters: {'psi': 0.3890418792567776, 'lda_s': 7.164382643476229e-07}.
[I 2025-08-10 02:02:09,334] Trial 134 finished with values: [0.781629908866637, 0.22387407083515523] and parameters: {'psi': 0.03561481346590789, 'lda_s': 1.203399644197764e-05}.
[I 2025-08-10 02:02:16,543] Trial 135 finished with values: [0.7790493415581228, 0.2221254355400697] and parameters: {'psi': 0.5514139120010735, 'lda_s': 4.3767562568697606e-07}.
[I 2025-08-10 02:02:23,740] Trial 136 finished with values: [0.7790015745241916, 0.2221254355400697] and parameters: {'psi': 0.5554888387652618, 'lda_s': 5.299763143258376e-07}.
[I 2025-08-10 02:02:30,963] Trial 137 finished with values: [0.842501388246102, 0.2214828897338403] and parameters: {'psi': 0.001328763799864685, 'lda_s': 0.20809033143019484}.
[I 2025-08-10 02:02:38,152] Trial 138 finished with values: [0.7805775664179926, 0.21854592947322596] and parameters: {'psi': 0.17369757419258747, 'lda_s': 1.9767241264026584e-08}.
[I 2025-08-10 02:02:45,364] Trial 139 finished with values: [0.777626978052222, 0.22376409366869038] and parameters: {'psi': 0.6594128255449647, 'lda_s': 3.1501281578252557e-07}.
[I 2025-08-10 02:02:52,547] Trial 140 finished with values: [0.7765662296730256, 0.22376409366869038] and parameters: {'psi': 0.6499647861539014, 'lda_s': 9.490063408015365e-05}.
[I 2025-08-10 02:02:59,732] Trial 141 finished with values: [0.7677743735093316, 0.22320637732506643] and parameters: {'psi': 0.8666366900171654, 'lda_s': 1.1817992095270865e-07}.
[I 2025-08-10 02:03:06,947] Trial 142 finished with values: [0.819186752637721, 0.2838063439065108] and parameters: {'psi': 0.8666366900171654, 'lda_s': 0.10775513888579474}.
[I 2025-08-10 02:03:14,167] Trial 143 finished with values: [0.7464325697732931, 0.1969519343493552] and parameters: {'psi': 0.30941431771095507, 'lda_s': 0.08385387889339062}.
[I 2025-08-10 02:03:21,378] Trial 144 finished with values: [0.7796146737446203, 0.22154382904491932] and parameters: {'psi': 0.49586256640813564, 'lda_s': 7.329639188215861e-08}.
[I 2025-08-10 02:03:28,547] Trial 145 finished with values: [0.7803926359458458, 0.2198952879581152] and parameters: {'psi': 0.10265432469752866, 'lda_s': 7.913110059057817e-06}.
[I 2025-08-10 02:03:35,740] Trial 146 finished with values: [0.7772782253335372, 0.2221254355400697] and parameters: {'psi': 0.567213060326798, 'lda_s': 9.490063408015365e-05}.
[I 2025-08-10 02:03:42,907] Trial 147 finished with values: [0.7716437167417024, 0.218927169646751] and parameters: {'psi': 0.06040129825070273, 'lda_s': 0.00010832954332447136}.
[I 2025-08-10 02:03:50,107] Trial 148 finished with values: [0.7801611126014959, 0.21970357454228423] and parameters: {'psi': 0.34485487226845124, 'lda_s': 3.259606276011576e-08}.
[I 2025-08-10 02:03:57,292] Trial 149 finished with values: [0.7990710139150707, 0.16203259827420902] and parameters: {'psi': 0.9394733143934157, 'lda_s': 0.0375306440678975}.
[I 2025-08-10 02:04:04,503] Trial 150 finished with values: [0.7685179914800156, 0.23924449108079748] and parameters: {'psi': 0.8563868927346894, 'lda_s': 0.621529830212555}.
[I 2025-08-10 02:04:11,678] Trial 151 finished with values: [0.8009052947035192, 0.28429752066115704] and parameters: {'psi': 0.775553117449482, 'lda_s': 0.08385387889339062}.
[I 2025-08-10 02:04:18,885] Trial 152 finished with values: [0.7603142302290444, 0.1874386653581943] and parameters: {'psi': 0.44530243589427854, 'lda_s': 2.454012756822236}.
[I 2025-08-10 02:04:26,062] Trial 153 finished with values: [0.7641988642493719, 0.2413033905768384] and parameters: {'psi': 0.9796818313745539, 'lda_s': 6.09422865050069e-07}.
[I 2025-08-10 02:04:33,270] Trial 154 finished with values: [0.7590297773551864, 0.2292576419213974] and parameters: {'psi': 0.8622929824210442, 'lda_s': 1.0304492488514634}.
[I 2025-08-10 02:04:40,458] Trial 155 finished with values: [0.7865268304093904, 0.26344351258016774] and parameters: {'psi': 0.7804166825852287, 'lda_s': 0.19451141493225596}.
[I 2025-08-10 02:04:47,629] Trial 156 finished with values: [0.7677711979355676, 0.22320637732506643] and parameters: {'psi': 0.8666366900171654, 'lda_s': 6.285826485464867e-07}.
[I 2025-08-10 02:04:54,814] Trial 157 finished with values: [0.8321424531435417, 0.24003750586029068] and parameters: {'psi': 0.001328763799864685, 'lda_s': 1.1739974013946976e-06}.
[I 2025-08-10 02:05:01,984] Trial 158 finished with values: [0.7814377733111598, 0.22105723023154217] and parameters: {'psi': 0.04875555527184261, 'lda_s': 7.913110059057817e-06}.
[I 2025-08-10 02:05:09,154] Trial 159 finished with values: [0.7590855233517684, 0.22251655629139072] and parameters: {'psi': 0.290688880461597, 'lda_s': 0.0009774962797798826}.
[I 2025-08-10 02:05:16,315] Trial 160 finished with values: [0.7763967501017985, 0.2221254355400697] and parameters: {'psi': 0.5782064000795952, 'lda_s': 0.00014053790600642452}.
[I 2025-08-10 02:05:23,502] Trial 161 finished with values: [0.7801014438373228, 0.21970357454228423] and parameters: {'psi': 0.34113927635750185, 'lda_s': 1.9605040340947573e-06}.
[I 2025-08-10 02:05:30,668] Trial 162 finished with values: [0.7773455261489418, 0.1763296597987542] and parameters: {'psi': 0.05778845900815299, 'lda_s': 0.6973228330446788}.
[I 2025-08-10 02:05:37,862] Trial 163 finished with values: [0.7630777532831631, 0.2234931808183018] and parameters: {'psi': 0.4814903104356528, 'lda_s': 0.0008299019922859887}.
[I 2025-08-10 02:05:45,044] Trial 164 finished with values: [0.7789327526356397, 0.2222222222222222] and parameters: {'psi': 0.5503765045323521, 'lda_s': 8.306629598350076e-06}.
[I 2025-08-10 02:05:52,249] Trial 165 finished with values: [0.7575518546511603, 0.2304394426580922] and parameters: {'psi': 0.5503765045323521, 'lda_s': 0.08681218802230434}.
[I 2025-08-10 02:05:59,431] Trial 166 finished with values: [0.7775573289133616, 0.22376409366869038] and parameters: {'psi': 0.6448379498585739, 'lda_s': 2.2854200210108493e-05}.
[I 2025-08-10 02:06:06,611] Trial 167 finished with values: [0.781629908866637, 0.22387407083515523] and parameters: {'psi': 0.03561481346590789, 'lda_s': 1.203399644197764e-05}.
[I 2025-08-10 02:06:13,785] Trial 168 finished with values: [0.7727159398832397, 0.21612046058458814] and parameters: {'psi': 0.8146340027792326, 'lda_s': 3.341017219770434e-07}.
[I 2025-08-10 02:06:20,959] Trial 169 finished with values: [0.7581231643882727, 0.23674911660777384] and parameters: {'psi': 0.9593284167778653, 'lda_s': 1.203399644197764e-05}.
[I 2025-08-10 02:06:28,157] Trial 170 finished with values: [0.7775419046979358, 0.22366710013003901] and parameters: {'psi': 0.6639156558870289, 'lda_s': 1.9490781826234056e-06}.
[I 2025-08-10 02:06:35,349] Trial 171 finished with values: [0.7791753771454168, 0.2222222222222222] and parameters: {'psi': 0.5400946200437747, 'lda_s': 3.997953393333817e-07}.
[I 2025-08-10 02:06:42,629] Trial 172 finished with values: [0.8024757093291126, 0.24464285714285713] and parameters: {'psi': 0.007303120255239048, 'lda_s': 1.4636012166622803e-06}.
[I 2025-08-10 02:06:49,812] Trial 173 finished with values: [0.7717271889663596, 0.21631205673758866] and parameters: {'psi': 0.827264515455386, 'lda_s': 7.379185509229558e-06}.
[I 2025-08-10 02:06:56,992] Trial 174 finished with values: [0.8365223432436051, 0.23767026773132927] and parameters: {'psi': 0.001328763799864685, 'lda_s': 1.3142910939975894e-05}.
[I 2025-08-10 02:07:04,213] Trial 175 finished with values: [0.7804582555751401, 0.23063223508459482] and parameters: {'psi': 0.03166148330330654, 'lda_s': 0.00020186933103444392}.
[I 2025-08-10 02:07:11,399] Trial 176 finished with values: [0.7599121598937149, 0.24074074074074073] and parameters: {'psi': 0.9737236911837689, 'lda_s': 0.0002643036324104554}.
[I 2025-08-10 02:07:18,598] Trial 177 finished with values: [0.7746792984052775, 0.2265315116791538] and parameters: {'psi': 0.7374771749082257, 'lda_s': 0.00014656281897578686}.
[I 2025-08-10 02:07:25,769] Trial 178 finished with values: [0.779712315966494, 0.22067160924552987] and parameters: {'psi': 0.3960705673990159, 'lda_s': 1.2948572811013596e-05}.
[I 2025-08-10 02:07:32,943] Trial 179 finished with values: [0.780074251319124, 0.22067160924552987] and parameters: {'psi': 0.3960705673990159, 'lda_s': 2.1205617617511422e-07}.
[I 2025-08-10 02:07:40,103] Trial 180 finished with values: [0.7613340964317145, 0.22852081488042517] and parameters: {'psi': 0.908123412268597, 'lda_s': 2.3365540816600285e-05}.
[I 2025-08-10 02:07:47,285] Trial 181 finished with values: [0.7831765200317461, 0.22125054656755574] and parameters: {'psi': 0.042200910785921586, 'lda_s': 7.164382643476229e-07}.
[I 2025-08-10 02:07:54,459] Trial 182 finished with values: [0.8025741788012944, 0.24672390420244011] and parameters: {'psi': 0.007303120255239048, 'lda_s': 1.203399644197764e-05}.
[I 2025-08-10 02:08:01,672] Trial 183 finished with values: [0.7886014674406421, 0.21047573282075924] and parameters: {'psi': 0.8032912713878543, 'lda_s': 0.7268861006665415}.
[I 2025-08-10 02:08:08,846] Trial 184 finished with values: [0.7745539566408224, 0.21583370190181336] and parameters: {'psi': 0.7804166825852287, 'lda_s': 7.913110059057817e-06}.
[I 2025-08-10 02:08:16,013] Trial 185 finished with values: [0.7783706493938937, 0.22260869565217392] and parameters: {'psi': 0.6048531028321104, 'lda_s': 3.341017219770434e-07}.
[I 2025-08-10 02:08:23,192] Trial 186 finished with values: [0.7748438945311362, 0.1527846229669788] and parameters: {'psi': 0.06920407895740477, 'lda_s': 2.712396006714745}.
[I 2025-08-10 02:08:30,361] Trial 187 finished with values: [0.7621057341709054, 0.24052863436123348] and parameters: {'psi': 0.9737236911837689, 'lda_s': 1.5716879885992995e-07}.
[I 2025-08-10 02:08:37,595] Trial 188 finished with values: [0.842501388246102, 0.2214828897338403] and parameters: {'psi': 0.001328763799864685, 'lda_s': 3.1553533515665952}.
[I 2025-08-10 02:08:44,765] Trial 189 finished with values: [0.7621072819295469, 0.24052863436123348] and parameters: {'psi': 0.9737236911837689, 'lda_s': 1.9767241264026584e-08}.
[I 2025-08-10 02:08:51,973] Trial 190 finished with values: [0.7904358549710659, 0.26064382139148495] and parameters: {'psi': 0.775553117449482, 'lda_s': 0.14160030203186352}.
[I 2025-08-10 02:08:59,160] Trial 191 finished with values: [0.7846437151672582, 0.21524249422632794] and parameters: {'psi': 0.03166148330330654, 'lda_s': 0.005523743672846917}.
[I 2025-08-10 02:09:06,323] Trial 192 finished with values: [0.7657870514138468, 0.24340949033391915] and parameters: {'psi': 0.9855727114099637, 'lda_s': 6.727962895200817e-05}.
[I 2025-08-10 02:09:13,524] Trial 193 finished with values: [0.7661388462788266, 0.24008461131676362] and parameters: {'psi': 0.8638019914940006, 'lda_s': 0.6300837584419766}.
[I 2025-08-10 02:09:20,716] Trial 194 finished with values: [0.7649013865595787, 0.2222222222222222] and parameters: {'psi': 0.09969140750179584, 'lda_s': 0.00046348020116103884}.
[I 2025-08-10 02:09:27,915] Trial 195 finished with values: [0.7559891254477858, 0.15738758029978586] and parameters: {'psi': 0.16361388907607366, 'lda_s': 0.07381944251794828}.
[I 2025-08-10 02:09:35,100] Trial 196 finished with values: [0.7631165539911718, 0.25118483412322273] and parameters: {'psi': 0.6702665185151265, 'lda_s': 0.10775513888579474}.
[I 2025-08-10 02:09:42,320] Trial 197 finished with values: [0.7598060850557952, 0.25444839857651247] and parameters: {'psi': 0.9884020965224691, 'lda_s': 1.9110794792434043}.
[I 2025-08-10 02:09:49,526] Trial 198 finished with values: [0.7730448919655128, 0.21648963075366717] and parameters: {'psi': 0.5356123793074264, 'lda_s': 0.0518827680670985}.
[I 2025-08-10 02:09:56,697] Trial 199 finished with values: [0.7681196304283265, 0.22320637732506643] and parameters: {'psi': 0.8638019914940006, 'lda_s': 7.410752067562812e-08}.
[I 2025-08-10 02:10:03,894] Trial 200 finished with values: [0.7748290307110806, 0.21583370190181336] and parameters: {'psi': 0.775553117449482, 'lda_s': 6.487152274876574e-08}.
[I 2025-08-10 02:10:11,070] Trial 201 finished with values: [0.7745266573806485, 0.21583370190181336] and parameters: {'psi': 0.7804166825852287, 'lda_s': 1.1046129162629825e-05}.
[I 2025-08-10 02:10:18,246] Trial 202 finished with values: [0.7746101829762934, 0.21583370190181336] and parameters: {'psi': 0.7804166825852287, 'lda_s': 1.1739974013946976e-06}.
[I 2025-08-10 02:10:25,416] Trial 203 finished with values: [0.7846473443944172, 0.22484689413823272] and parameters: {'psi': 0.03166148330330654, 'lda_s': 7.393402116445026e-08}.
[I 2025-08-10 02:10:32,695] Trial 204 finished with values: [0.7657870514138468, 0.24340949033391915] and parameters: {'psi': 0.9855727114099637, 'lda_s': 6.727962895200817e-05}.
[I 2025-08-10 02:10:39,907] Trial 205 finished with values: [0.7854301633555172, 0.1941448382126348] and parameters: {'psi': 0.8248614754582663, 'lda_s': 1.6057223748699052}.
[I 2025-08-10 02:10:47,122] Trial 206 finished with values: [0.8151090490696328, 0.23738317757009345] and parameters: {'psi': 0.007303120255239048, 'lda_s': 0.0007780077978151936}.
[I 2025-08-10 02:10:54,329] Trial 207 finished with values: [0.7636557343937296, 0.2801724137931034] and parameters: {'psi': 0.9392205341403538, 'lda_s': 0.20809033143019484}.
[I 2025-08-10 02:11:01,542] Trial 208 finished with values: [0.7459343249182497, 0.17258883248730963] and parameters: {'psi': 0.3626717715649793, 'lda_s': 0.10775513888579474}.
[I 2025-08-10 02:11:08,725] Trial 209 finished with values: [0.7556023459004131, 0.2113676731793961] and parameters: {'psi': 0.775553117449482, 'lda_s': 0.0019207957138469831}.
[I 2025-08-10 02:11:15,921] Trial 210 finished with values: [0.7846183639481327, 0.2144177449168207] and parameters: {'psi': 0.03166148330330654, 'lda_s': 9.535588855478087}.
[I 2025-08-10 02:11:23,125] Trial 211 finished with values: [0.7986169869232808, 0.23737821080602303] and parameters: {'psi': 0.0090209484422763, 'lda_s': 9.043127433639728e-07}.
[I 2025-08-10 02:11:30,321] Trial 212 finished with values: [0.7663222023068383, 0.24330259112867808] and parameters: {'psi': 0.9855727114099637, 'lda_s': 1.3381575782340815e-08}.
[I 2025-08-10 02:11:37,500] Trial 213 finished with values: [0.7758446806057278, 0.2198952879581152] and parameters: {'psi': 0.39661426637882846, 'lda_s': 0.00014656281897578686}.
[I 2025-08-10 02:11:44,671] Trial 214 finished with values: [0.7800274983339579, 0.21951219512195122] and parameters: {'psi': 0.12813433461043222, 'lda_s': 1.0935552920060414e-05}.
[I 2025-08-10 02:11:51,855] Trial 215 finished with values: [0.7905503090540438, 0.2616822429906542] and parameters: {'psi': 0.7758195928006174, 'lda_s': 0.14160030203186352}.
[I 2025-08-10 02:11:59,044] Trial 216 finished with values: [0.7429796536719252, 0.1472569778633301] and parameters: {'psi': 0.7150490499068082, 'lda_s': 0.01714723360671693}.
[I 2025-08-10 02:12:06,228] Trial 217 finished with values: [0.7808205645246835, 0.21854592947322596] and parameters: {'psi': 0.1337275611650267, 'lda_s': 2.9596104472490862e-08}.
[I 2025-08-10 02:12:13,432] Trial 218 finished with values: [0.7409136360551764, 0.2216414009409305] and parameters: {'psi': 0.6129992896618287, 'lda_s': 0.39518686403001224}.
[I 2025-08-10 02:12:20,596] Trial 219 finished with values: [0.7645343275921361, 0.24197096348438188] and parameters: {'psi': 0.9806297388066232, 'lda_s': 3.997953393333817e-07}.
[I 2025-08-10 02:12:27,827] Trial 220 finished with values: [0.8149934208249272, 0.23738317757009345] and parameters: {'psi': 0.007303120255239048, 'lda_s': 0.002280419293661321}.
[I 2025-08-10 02:12:35,049] Trial 221 finished with values: [0.7766788691424239, 0.21362977283711937] and parameters: {'psi': 0.4903953339484708, 'lda_s': 0.10775513888579474}.
[I 2025-08-10 02:12:42,264] Trial 222 finished with values: [0.8149934208249272, 0.23738317757009345] and parameters: {'psi': 0.007303120255239048, 'lda_s': 0.14160030203186352}.
[I 2025-08-10 02:12:49,451] Trial 223 finished with values: [0.8365223432436051, 0.23767026773132927] and parameters: {'psi': 0.001328763799864685, 'lda_s': 1.3142910939975894e-05}.
[I 2025-08-10 02:12:56,637] Trial 224 finished with values: [0.7588994187178938, 0.16542056074766356] and parameters: {'psi': 0.37338362891889276, 'lda_s': 0.014531548202694422}.
[I 2025-08-10 02:13:03,829] Trial 225 finished with values: [0.7886014674406421, 0.21047573282075924] and parameters: {'psi': 0.8032912713878543, 'lda_s': 0.7268861006665415}.
[I 2025-08-10 02:13:11,019] Trial 226 finished with values: [0.7589174581117135, 0.19946949602122016] and parameters: {'psi': 0.858623666544147, 'lda_s': 1.3324923459802873}.
[I 2025-08-10 02:13:18,193] Trial 227 finished with values: [0.7796146737446203, 0.22154382904491932] and parameters: {'psi': 0.49586256640813564, 'lda_s': 7.329639188215861e-08}.
[I 2025-08-10 02:13:25,387] Trial 228 finished with values: [0.7528413846537009, 0.18740849194729137] and parameters: {'psi': 0.4067631744819026, 'lda_s': 0.14160030203186352}.
[I 2025-08-10 02:13:32,592] Trial 229 finished with values: [0.7481978151892389, 0.22556390977443608] and parameters: {'psi': 0.894475969382995, 'lda_s': 5.0293242611676625}.
[I 2025-08-10 02:13:39,797] Trial 230 finished with values: [0.7833532580572913, 0.22759856630824374] and parameters: {'psi': 0.03166148330330654, 'lda_s': 0.0003166970374259299}.
[I 2025-08-10 02:13:46,995] Trial 231 finished with values: [0.7832386705468443, 0.22125054656755574] and parameters: {'psi': 0.042200910785921586, 'lda_s': 3.997953393333817e-07}.
[I 2025-08-10 02:13:54,175] Trial 232 finished with values: [0.8028788470841948, 0.244097995545657] and parameters: {'psi': 0.007303120255239048, 'lda_s': 1.1807209289864675e-08}.
[I 2025-08-10 02:14:01,466] Trial 233 finished with values: [0.774003301475924, 0.21583370190181336] and parameters: {'psi': 0.7932628062804824, 'lda_s': 6.04854249104526e-08}.
[I 2025-08-10 02:14:08,650] Trial 234 finished with values: [0.8320581002975886, 0.24003750586029068] and parameters: {'psi': 0.001328763799864685, 'lda_s': 1.666159589898425e-08}.
[I 2025-08-10 02:14:15,858] Trial 235 finished with values: [0.7771570465061177, 0.21365853658536585] and parameters: {'psi': 0.4898417154433641, 'lda_s': 0.14160030203186352}.
[I 2025-08-10 02:14:23,037] Trial 236 finished with values: [0.7814377733111598, 0.22105723023154217] and parameters: {'psi': 0.04875555527184261, 'lda_s': 7.913110059057817e-06}.
[I 2025-08-10 02:14:30,231] Trial 237 finished with values: [0.77948719714066, 0.22154382904491932] and parameters: {'psi': 0.5015502214590201, 'lda_s': 4.027536175736659e-06}.
[I 2025-08-10 02:14:37,442] Trial 238 finished with values: [0.842501388246102, 0.2214828897338403] and parameters: {'psi': 0.001328763799864685, 'lda_s': 0.14160030203186352}.
[I 2025-08-10 02:14:44,642] Trial 239 finished with values: [0.8012659758379398, 0.31185031185031187] and parameters: {'psi': 0.8318882070044238, 'lda_s': 0.19451141493225596}.
[I 2025-08-10 02:14:51,830] Trial 240 finished with values: [0.7556090706448547, 0.15342763873775844] and parameters: {'psi': 0.18325326145308618, 'lda_s': 0.2294086805953063}.
[I 2025-08-10 02:14:59,010] Trial 241 finished with values: [0.7762730895234539, 0.22729267222465993] and parameters: {'psi': 0.7285971471793797, 'lda_s': 1.203399644197764e-05}.
[I 2025-08-10 02:15:06,206] Trial 242 finished with values: [0.8081803207132029, 0.26068601583113454] and parameters: {'psi': 0.8246043678749938, 'lda_s': 0.14160030203186352}.
[I 2025-08-10 02:15:13,414] Trial 243 finished with values: [0.8149934208249272, 0.23738317757009345] and parameters: {'psi': 0.007303120255239048, 'lda_s': 0.08385387889339062}.
[I 2025-08-10 02:15:20,591] Trial 244 finished with values: [0.7833279335236597, 0.22387407083515523] and parameters: {'psi': 0.03561481346590789, 'lda_s': 3.3653620757210565e-06}.
[I 2025-08-10 02:15:27,770] Trial 245 finished with values: [0.7579256383630446, 0.15634837355718784] and parameters: {'psi': 0.14018364363923164, 'lda_s': 0.8036173697696283}.
