[I 2025-08-10 01:28:56,738] Trial 493 finished with values: [0.9021850863018613, 0.17420066152149946] and parameters: {'psi': 0.7632053320191937, 'lda_s': 0.10311355229631305}.
[I 2025-08-10 01:29:02,322] Trial 494 finished with values: [0.9440025206429227, 0.2347305389221557] and parameters: {'psi': 0.6898975363654736, 'lda_s': 3.330242819687865e-08}.
[I 2025-08-10 01:29:07,898] Trial 495 finished with values: [0.9383264708776853, 0.2576530612244898] and parameters: {'psi': 0.8279651150511775, 'lda_s': 9.66536729205309e-07}.
[I 2025-08-10 01:29:13,491] Trial 496 finished with values: [0.9337086784402489, 0.18097447795823665] and parameters: {'psi': 0.4020428208050679, 'lda_s': 0.09881313832578796}.
[I 2025-08-10 01:29:19,079] Trial 497 finished with values: [0.9428731519782603, 0.24703087885985747] and parameters: {'psi': 0.04794388914320946, 'lda_s': 0.00017701913550537945}.
[I 2025-08-10 01:29:24,667] Trial 498 finished with values: [0.9236722973723726, 0.3878787878787879] and parameters: {'psi': 0.8813610372893554, 'lda_s': 0.03242224464049664}.
[I 2025-08-10 01:29:30,267] Trial 499 finished with values: [0.9405147317927993, 0.3956989247311828] and parameters: {'psi': 0.6898975363654736, 'lda_s': 0.034447324352059855}.
