[I 2025-08-10 01:41:15,013] Trial 124 finished with values: [0.8692856641221458, 0.2403495994173343] and parameters: {'psi': 0.21080815563410393, 'lda_s': 0.00024184568159691945}.
[I 2025-08-10 01:41:20,535] Trial 125 finished with values: [0.863658154327121, 0.2892018779342723] and parameters: {'psi': 0.21080815563410393, 'lda_s': 6.145892751067179}.
[I 2025-08-10 01:41:26,043] Trial 126 finished with values: [0.8727786650894405, 0.23229912490055687] and parameters: {'psi': 0.5930654759744539, 'lda_s': 3.49491342228434}.
[I 2025-08-10 01:41:31,552] Trial 127 finished with values: [0.8716575387260791, 0.24017467248908297] and parameters: {'psi': 0.1298680575459178, 'lda_s': 1.0595772777267166e-06}.
[I 2025-08-10 01:41:37,063] Trial 128 finished with values: [0.8539633980738599, 0.2817631806395851] and parameters: {'psi': 0.43805070309304917, 'lda_s': 0.047291639023692815}.
[I 2025-08-10 01:41:42,564] Trial 129 finished with values: [0.8731117727389691, 0.20959147424511546] and parameters: {'psi': 0.753722564522122, 'lda_s': 0.07680982038833545}.
[I 2025-08-10 01:41:48,071] Trial 130 finished with values: [0.8720591607964185, 0.27631578947368424] and parameters: {'psi': 0.5217355362933778, 'lda_s': 3.167657738397299}.
[I 2025-08-10 01:41:53,569] Trial 131 finished with values: [0.8603744686874695, 0.25862068965517243] and parameters: {'psi': 0.09346493129335198, 'lda_s': 0.03900319455335057}.
[I 2025-08-10 01:41:59,071] Trial 132 finished with values: [0.862765820864486, 0.23494860499265785] and parameters: {'psi': 0.9818134313838904, 'lda_s': 1.1150343928331574e-06}.
[I 2025-08-10 01:42:04,566] Trial 133 finished with values: [0.8718626019074853, 0.24358033749082905] and parameters: {'psi': 0.41748808556326167, 'lda_s': 3.419599256576293e-08}.
[I 2025-08-10 01:42:10,180] Trial 134 finished with values: [0.8608500232359217, 0.2766726943942134] and parameters: {'psi': 0.5288583742254093, 'lda_s': 0.031111333247612255}.
[I 2025-08-10 01:42:15,683] Trial 135 finished with values: [0.8696392095068115, 0.28] and parameters: {'psi': 0.49417904251304245, 'lda_s': 4.457249559454418}.
[I 2025-08-10 01:42:21,185] Trial 136 finished with values: [0.8584072338060438, 0.27871621621621623] and parameters: {'psi': 0.38695811540350955, 'lda_s': 0.0872374248940855}.
[I 2025-08-10 01:42:26,687] Trial 137 finished with values: [0.8545977908591476, 0.279383429672447] and parameters: {'psi': 0.16283252160801487, 'lda_s': 0.014864368823027755}.
[I 2025-08-10 01:42:32,190] Trial 138 finished with values: [0.8609260132041485, 0.2374631268436578] and parameters: {'psi': 0.9587190561475546, 'lda_s': 2.5546841204354963e-08}.
[I 2025-08-10 01:42:37,691] Trial 139 finished with values: [0.8656749747203049, 0.24783362218370883] and parameters: {'psi': 0.832175611468029, 'lda_s': 0.2795473258935231}.
[I 2025-08-10 01:42:43,208] Trial 140 finished with values: [0.8665858941769737, 0.2634146341463415] and parameters: {'psi': 0.8623883249588217, 'lda_s': 0.047291639023692815}.
[I 2025-08-10 01:42:48,710] Trial 141 finished with values: [0.8637333212993024, 0.2315018315018315] and parameters: {'psi': 0.9892650643230609, 'lda_s': 8.009458557307897e-07}.
[I 2025-08-10 01:42:54,217] Trial 142 finished with values: [0.8669838813481114, 0.25043478260869567] and parameters: {'psi': 0.793853237925405, 'lda_s': 0.03276530717145574}.
[I 2025-08-10 01:42:59,712] Trial 143 finished with values: [0.8638691156468558, 0.23982235381199113] and parameters: {'psi': 0.86969554620306, 'lda_s': 3.7871706299474284e-06}.
[I 2025-08-10 01:43:05,213] Trial 144 finished with values: [0.8663664285647662, 0.2448377581120944] and parameters: {'psi': 0.7871599503749684, 'lda_s': 8.673915138009994e-05}.
[I 2025-08-10 01:43:10,719] Trial 145 finished with values: [0.8719392091227465, 0.24486803519061584] and parameters: {'psi': 0.39243716161845077, 'lda_s': 7.809899912865408e-07}.
[I 2025-08-10 01:43:16,224] Trial 146 finished with values: [0.8826669625794671, 0.2843866171003718] and parameters: {'psi': 0.9422181119273441, 'lda_s': 3.49491342228434}.
[I 2025-08-10 01:43:21,740] Trial 147 finished with values: [0.8536594382009527, 0.24430955993930198] and parameters: {'psi': 0.8274443873077111, 'lda_s': 0.011514644586860339}.
[I 2025-08-10 01:43:27,237] Trial 148 finished with values: [0.8696700032755242, 0.2404692082111437] and parameters: {'psi': 0.6354558696908889, 'lda_s': 4.299920978474029e-08}.
[I 2025-08-10 01:43:32,757] Trial 149 finished with values: [0.8745161469080861, 0.22502250225022502] and parameters: {'psi': 0.7135653800761756, 'lda_s': 0.062400013982866306}.
[I 2025-08-10 01:43:38,272] Trial 150 finished with values: [0.8726267537359905, 0.23113207547169812] and parameters: {'psi': 0.601122228375624, 'lda_s': 1.0958099928459355}.
[I 2025-08-10 01:43:43,782] Trial 151 finished with values: [0.8578647422458684, 0.2662835249042146] and parameters: {'psi': 0.12971517781345998, 'lda_s': 0.047291639023692815}.
[I 2025-08-10 01:43:49,282] Trial 152 finished with values: [0.8625036966239056, 0.23443223443223443] and parameters: {'psi': 0.9810103038107871, 'lda_s': 7.410772182859053e-05}.
[I 2025-08-10 01:43:54,781] Trial 153 finished with values: [0.8645760692501793, 0.26690712353471596] and parameters: {'psi': 0.462656462637407, 'lda_s': 1.003284383340664}.
[I 2025-08-10 01:44:00,296] Trial 154 finished with values: [0.8684115737385254, 0.24075829383886255] and parameters: {'psi': 0.8222758684859183, 'lda_s': 0.0733310901643842}.
[I 2025-08-10 01:44:05,809] Trial 155 finished with values: [0.8726267537359905, 0.23113207547169812] and parameters: {'psi': 0.601122228375624, 'lda_s': 2.596343274939837}.
[I 2025-08-10 01:44:11,321] Trial 156 finished with values: [0.8522195380358595, 0.24449506454062261] and parameters: {'psi': 0.9124565812799479, 'lda_s': 0.015054186478231217}.
[I 2025-08-10 01:44:16,832] Trial 157 finished with values: [0.8596100425269491, 0.2782608695652174] and parameters: {'psi': 0.4047784605609063, 'lda_s': 0.2795473258935231}.
[I 2025-08-10 01:44:22,349] Trial 158 finished with values: [0.8644100297979436, 0.27345309381237526] and parameters: {'psi': 0.889107888174253, 'lda_s': 0.0646039581892692}.
[I 2025-08-10 01:44:27,866] Trial 159 finished with values: [0.8745161469080861, 0.22502250225022502] and parameters: {'psi': 0.7135653800761756, 'lda_s': 0.062400013982866306}.
[I 2025-08-10 01:44:33,368] Trial 160 finished with values: [0.8592628753616381, 0.2579473206176203] and parameters: {'psi': 0.11261690152831749, 'lda_s': 1.003284383340664}.
[I 2025-08-10 01:44:38,871] Trial 161 finished with values: [0.8699762263875577, 0.2421129860601614] and parameters: {'psi': 0.616782407231009, 'lda_s': 5.91111785380417e-07}.
[I 2025-08-10 01:44:44,395] Trial 162 finished with values: [0.85630159842292, 0.282025819265144] and parameters: {'psi': 0.16283252160801487, 'lda_s': 0.031111333247612255}.
[I 2025-08-10 01:44:49,894] Trial 163 finished with values: [0.8623616612230051, 0.23512123438648053] and parameters: {'psi': 0.9784824893052992, 'lda_s': 1.4928503779343527e-05}.
[I 2025-08-10 01:44:55,405] Trial 164 finished with values: [0.8583181444840884, 0.29111531190926276] and parameters: {'psi': 0.19272708121312165, 'lda_s': 0.031111333247612255}.
[I 2025-08-10 01:45:00,903] Trial 165 finished with values: [0.8666404862480105, 0.24649446494464944] and parameters: {'psi': 0.7871599503749684, 'lda_s': 1.9260862313111102e-07}.
[I 2025-08-10 01:45:06,407] Trial 166 finished with values: [0.8777665697908876, 0.23510971786833856] and parameters: {'psi': 0.6301831239266765, 'lda_s': 0.33833818486390704}.
[I 2025-08-10 01:45:11,923] Trial 167 finished with values: [0.8747723044273346, 0.2331288343558282] and parameters: {'psi': 0.6329685306188102, 'lda_s': 0.061543260660037555}.
[I 2025-08-10 01:45:17,432] Trial 168 finished with values: [0.8584072338060438, 0.27871621621621623] and parameters: {'psi': 0.38695811540350955, 'lda_s': 0.0872374248940855}.
[I 2025-08-10 01:45:22,948] Trial 169 finished with values: [0.8665858941769737, 0.2634146341463415] and parameters: {'psi': 0.8623883249588217, 'lda_s': 0.047291639023692815}.
[I 2025-08-10 01:45:28,450] Trial 170 finished with values: [0.860645028637519, 0.23893805309734514] and parameters: {'psi': 0.9448350411862707, 'lda_s': 3.0900108061949324e-07}.
[I 2025-08-10 01:45:33,959] Trial 171 finished with values: [0.860870186639043, 0.2804878048780488] and parameters: {'psi': 0.39243716161845077, 'lda_s': 1.003284383340664}.
[I 2025-08-10 01:45:39,575] Trial 172 finished with values: [0.8603894197823011, 0.28792270531400965] and parameters: {'psi': 0.1813940652567576, 'lda_s': 4.457249559454418}.
[I 2025-08-10 01:45:45,087] Trial 173 finished with values: [0.8729326339330049, 0.27339449541284405] and parameters: {'psi': 0.6537651151034862, 'lda_s': 0.039330618370780175}.
[I 2025-08-10 01:45:50,589] Trial 174 finished with values: [0.8718761127592369, 0.24486803519061584] and parameters: {'psi': 0.39243716161845077, 'lda_s': 9.742855439235796e-06}.
[I 2025-08-10 01:45:56,085] Trial 175 finished with values: [0.8715061074536559, 0.24322344322344322] and parameters: {'psi': 0.4829922879011669, 'lda_s': 1.146194256375784e-06}.
[I 2025-08-10 01:46:01,611] Trial 176 finished with values: [0.853665953586315, 0.24300559552358114] and parameters: {'psi': 0.5654876383863452, 'lda_s': 0.017057786946753802}.
[I 2025-08-10 01:46:07,117] Trial 177 finished with values: [0.8571531249982854, 0.27017543859649124] and parameters: {'psi': 0.9859992379230664, 'lda_s': 0.047291639023692815}.
[I 2025-08-10 01:46:12,627] Trial 178 finished with values: [0.8759810798695715, 0.17377567140600317] and parameters: {'psi': 0.6354558696908889, 'lda_s': 0.08755702986864357}.
[I 2025-08-10 01:46:18,138] Trial 179 finished with values: [0.8725914334890259, 0.23233908948194662] and parameters: {'psi': 0.6028028525749756, 'lda_s': 6.465052308875695}.
[I 2025-08-10 01:46:23,645] Trial 180 finished with values: [0.8563380159979459, 0.2852263023057216] and parameters: {'psi': 0.39243716161845077, 'lda_s': 0.04047338935329683}.
[I 2025-08-10 01:46:29,151] Trial 181 finished with values: [0.8696392095068115, 0.28] and parameters: {'psi': 0.49417904251304245, 'lda_s': 4.457249559454418}.
[I 2025-08-10 01:46:34,651] Trial 182 finished with values: [0.871964927749177, 0.24468864468864468] and parameters: {'psi': 0.38449362950218524, 'lda_s': 3.006735383398481e-08}.
[I 2025-08-10 01:46:40,176] Trial 183 finished with values: [0.8626981294397208, 0.28296943231441046] and parameters: {'psi': 0.33303789525608496, 'lda_s': 0.039330618370780175}.
[I 2025-08-10 01:46:45,690] Trial 184 finished with values: [0.851680407042871, 0.25496688741721857] and parameters: {'psi': 0.42387733706367137, 'lda_s': 0.014864368823027755}.
[I 2025-08-10 01:46:51,200] Trial 185 finished with values: [0.8604573855390817, 0.26573426573426573] and parameters: {'psi': 0.43805070309304917, 'lda_s': 2.1584064156456875}.
[I 2025-08-10 01:46:56,712] Trial 186 finished with values: [0.8593797408001388, 0.2694300518134715] and parameters: {'psi': 0.42521027092683183, 'lda_s': 0.7278210676935313}.
[I 2025-08-10 01:47:02,203] Trial 187 finished with values: [0.8642039378714798, 0.23964497041420119] and parameters: {'psi': 0.8623883249588217, 'lda_s': 7.381510872572027e-06}.
[I 2025-08-10 01:47:07,719] Trial 188 finished with values: [0.8595213647030164, 0.27726432532347506] and parameters: {'psi': 0.4972213493166632, 'lda_s': 0.03994249716899703}.
[I 2025-08-10 01:47:13,214] Trial 189 finished with values: [0.8711046911323274, 0.24358033749082905] and parameters: {'psi': 0.5288583742254093, 'lda_s': 8.01384580410805e-07}.
[I 2025-08-10 01:47:18,700] Trial 190 finished with values: [0.8703243537149219, 0.24175824175824176] and parameters: {'psi': 0.5288583742254093, 'lda_s': 0.00015355295339999206}.
[I 2025-08-10 01:47:24,216] Trial 191 finished with values: [0.8760240128299597, 0.26247689463955637] and parameters: {'psi': 0.5217355362933778, 'lda_s': 0.16429567571375178}.
[I 2025-08-10 01:47:29,721] Trial 192 finished with values: [0.8788780945337151, 0.23625922887612796] and parameters: {'psi': 0.5708850992367807, 'lda_s': 0.26160648106056716}.
[I 2025-08-10 01:47:35,237] Trial 193 finished with values: [0.8665075038036133, 0.2752808988764045] and parameters: {'psi': 0.26734274379659995, 'lda_s': 0.10047378659013717}.
[I 2025-08-10 01:47:40,745] Trial 194 finished with values: [0.859653044070341, 0.2638888888888889] and parameters: {'psi': 0.4300109315895019, 'lda_s': 3.167657738397299}.
[I 2025-08-10 01:47:46,243] Trial 195 finished with values: [0.8610192860893368, 0.2374631268436578] and parameters: {'psi': 0.9607111433541996, 'lda_s': 2.3479100176004162e-08}.
[I 2025-08-10 01:47:51,760] Trial 196 finished with values: [0.8696367405186741, 0.2582322357019064] and parameters: {'psi': 0.6720159306378933, 'lda_s': 0.031111333247612255}.
[I 2025-08-10 01:47:57,271] Trial 197 finished with values: [0.8762931325369292, 0.2627197039777983] and parameters: {'psi': 0.5217355362933778, 'lda_s': 0.1853041261969487}.
[I 2025-08-10 01:48:02,795] Trial 198 finished with values: [0.8657564513288368, 0.2870544090056285] and parameters: {'psi': 0.2538385044723058, 'lda_s': 0.08755702986864357}.
[I 2025-08-10 01:48:08,313] Trial 199 finished with values: [0.8530489808839964, 0.24495892457057505] and parameters: {'psi': 0.13262305429725385, 'lda_s': 0.002294824140641309}.
[I 2025-08-10 01:48:13,815] Trial 200 finished with values: [0.8676117587480363, 0.2417096536477524] and parameters: {'psi': 0.742908885111959, 'lda_s': 1.8226608987097428e-07}.
[I 2025-08-10 01:48:19,320] Trial 201 finished with values: [0.8563380159979459, 0.2852263023057216] and parameters: {'psi': 0.39243716161845077, 'lda_s': 0.04047338935329683}.
[I 2025-08-10 01:48:24,821] Trial 202 finished with values: [0.854338684270735, 0.23904974016332592] and parameters: {'psi': 0.33303789525608496, 'lda_s': 0.004431119998397257}.
[I 2025-08-10 01:48:30,329] Trial 203 finished with values: [0.8594291891458893, 0.29111531190926276] and parameters: {'psi': 0.19800459362599399, 'lda_s': 0.039330618370780175}.
[I 2025-08-10 01:48:35,946] Trial 204 finished with values: [0.8569289271588146, 0.24417670682730924] and parameters: {'psi': 0.2507785359078276, 'lda_s': 0.008416095822391176}.
[I 2025-08-10 01:48:41,469] Trial 205 finished with values: [0.8663206837012217, 0.28418230563002683] and parameters: {'psi': 0.3376154871205601, 'lda_s': 6.145892751067179}.
[I 2025-08-10 01:48:46,974] Trial 206 finished with values: [0.8710503733933059, 0.24358033749082905] and parameters: {'psi': 0.5343484246574698, 'lda_s': 7.417558153783586e-07}.
[I 2025-08-10 01:48:52,486] Trial 207 finished with values: [0.8595451630053401, 0.2653946227233304] and parameters: {'psi': 0.4284748192051755, 'lda_s': 3.4514872227134767}.
[I 2025-08-10 01:48:57,988] Trial 208 finished with values: [0.86821426043655, 0.24135393671817512] and parameters: {'psi': 0.7135653800761756, 'lda_s': 1.3799524043604005e-07}.
[I 2025-08-10 01:49:03,492] Trial 209 finished with values: [0.8720804901106051, 0.24269005847953215] and parameters: {'psi': 0.33303789525608496, 'lda_s': 2.2275824598161963e-07}.
[I 2025-08-10 01:49:09,003] Trial 210 finished with values: [0.8561234197790092, 0.27090909090909093] and parameters: {'psi': 0.8510515761974637, 'lda_s': 1.003284383340664}.
[I 2025-08-10 01:49:14,509] Trial 211 finished with values: [0.866188387086863, 0.23684210526315788] and parameters: {'psi': 0.5194467527340032, 'lda_s': 0.0010539550287805722}.
[I 2025-08-10 01:49:20,022] Trial 212 finished with values: [0.8718627390734931, 0.24358033749082905] and parameters: {'psi': 0.41748808556326167, 'lda_s': 1.5567280704776893e-08}.
[I 2025-08-10 01:49:25,520] Trial 213 finished with values: [0.867119607112661, 0.24354243542435425] and parameters: {'psi': 0.7656031617317014, 'lda_s': 3.3357958170686103e-07}.
[I 2025-08-10 01:49:31,034] Trial 214 finished with values: [0.854189790569453, 0.2846975088967972] and parameters: {'psi': 0.41748808556326167, 'lda_s': 0.030583979948177187}.
[I 2025-08-10 01:49:36,553] Trial 215 finished with values: [0.8720590922134149, 0.27631578947368424] and parameters: {'psi': 0.5217514888757624, 'lda_s': 6.145892751067179}.
[I 2025-08-10 01:49:42,050] Trial 216 finished with values: [0.8629092965084667, 0.2463393626184324] and parameters: {'psi': 0.8507101037050019, 'lda_s': 0.031111333247612255}.
[I 2025-08-10 01:49:47,553] Trial 217 finished with values: [0.8611764097510767, 0.27218934911242604] and parameters: {'psi': 0.936866257441216, 'lda_s': 0.062400013982866306}.
[I 2025-08-10 01:49:53,057] Trial 218 finished with values: [0.8725914334890259, 0.23233908948194662] and parameters: {'psi': 0.6028028525749756, 'lda_s': 6.145892751067179}.
[I 2025-08-10 01:49:58,565] Trial 219 finished with values: [0.8332706027458441, 0.23922734026745915] and parameters: {'psi': 0.014176128005354505, 'lda_s': 0.08755702986864357}.
[I 2025-08-10 01:50:04,083] Trial 220 finished with values: [0.8759810798695715, 0.17377567140600317] and parameters: {'psi': 0.6354558696908889, 'lda_s': 0.08755702986864357}.
[I 2025-08-10 01:50:09,603] Trial 221 finished with values: [0.8777665697908876, 0.23510971786833856] and parameters: {'psi': 0.6301831239266765, 'lda_s': 0.33833818486390704}.
[I 2025-08-10 01:50:15,092] Trial 222 finished with values: [0.8710752690236907, 0.24193548387096775] and parameters: {'psi': 0.49861577066664786, 'lda_s': 5.9168960854606804e-05}.
[I 2025-08-10 01:50:20,601] Trial 223 finished with values: [0.8700793752252951, 0.23229912490055687] and parameters: {'psi': 0.7217074543866735, 'lda_s': 1.7527028346139577}.
[I 2025-08-10 01:50:26,105] Trial 224 finished with values: [0.8587963737696895, 0.26192703461178674] and parameters: {'psi': 0.1210684106157982, 'lda_s': 0.10673694803849297}.
[I 2025-08-10 01:50:31,604] Trial 225 finished with values: [0.8720992818536505, 0.24269005847953215] and parameters: {'psi': 0.31248284531997317, 'lda_s': 3.9768281592820093e-07}.
[I 2025-08-10 01:50:37,110] Trial 226 finished with values: [0.8765564912715783, 0.23248652809853734] and parameters: {'psi': 0.6354558696908889, 'lda_s': 0.40759392742560724}.
[I 2025-08-10 01:50:42,625] Trial 227 finished with values: [0.8656105066967188, 0.28596802841918295] and parameters: {'psi': 0.3468282809570784, 'lda_s': 1.2653651419182501}.
[I 2025-08-10 01:50:48,140] Trial 228 finished with values: [0.8617806260146856, 0.274582560296846] and parameters: {'psi': 0.5107933599570543, 'lda_s': 0.04047338935329683}.
[I 2025-08-10 01:50:53,650] Trial 229 finished with values: [0.857919402899909, 0.2906641000962464] and parameters: {'psi': 0.1813940652567576, 'lda_s': 0.039330618370780175}.
[I 2025-08-10 01:50:59,155] Trial 230 finished with values: [0.8718283104055781, 0.23226812159002339] and parameters: {'psi': 0.6354558696908889, 'lda_s': 4.457249559454418}.
[I 2025-08-10 01:51:04,661] Trial 231 finished with values: [0.8747723044273346, 0.2331288343558282] and parameters: {'psi': 0.6329685306188102, 'lda_s': 0.061543260660037555}.
[I 2025-08-10 01:51:10,166] Trial 232 finished with values: [0.8644249123097711, 0.2664266426642664] and parameters: {'psi': 0.46180106481569005, 'lda_s': 1.003284383340664}.
[I 2025-08-10 01:51:15,782] Trial 233 finished with values: [0.8656709969060834, 0.2680965147453083] and parameters: {'psi': 0.48475283919128154, 'lda_s': 0.08639141238694666}.
[I 2025-08-10 01:51:21,302] Trial 234 finished with values: [0.8677285556035331, 0.27592425608656446] and parameters: {'psi': 0.3088885381470122, 'lda_s': 0.5890734021336608}.
[I 2025-08-10 01:51:26,806] Trial 235 finished with values: [0.863658154327121, 0.2892018779342723] and parameters: {'psi': 0.21080815563410393, 'lda_s': 4.648963567656421}.
[I 2025-08-10 01:51:32,301] Trial 236 finished with values: [0.8707468936014252, 0.24358033749082905] and parameters: {'psi': 0.5574777291209593, 'lda_s': 7.15230829266732e-06}.
[I 2025-08-10 01:51:37,817] Trial 237 finished with values: [0.863658154327121, 0.2892018779342723] and parameters: {'psi': 0.21080815563410393, 'lda_s': 6.145892751067179}.
[I 2025-08-10 01:51:43,330] Trial 238 finished with values: [0.8573212905236395, 0.28376068376068375] and parameters: {'psi': 0.38449362950218524, 'lda_s': 0.047291639023692815}.
[I 2025-08-10 01:51:48,839] Trial 239 finished with values: [0.864452139762286, 0.2691552062868369] and parameters: {'psi': 0.8873638788658672, 'lda_s': 0.04927745543475703}.
[I 2025-08-10 01:51:54,343] Trial 240 finished with values: [0.8726268223189942, 0.259927797833935] and parameters: {'psi': 0.5343484246574698, 'lda_s': 1.6930849464866453}.
[I 2025-08-10 01:51:59,853] Trial 241 finished with values: [0.8826669625794671, 0.2843866171003718] and parameters: {'psi': 0.9422181119273441, 'lda_s': 3.49491342228434}.
[I 2025-08-10 01:52:05,350] Trial 242 finished with values: [0.8697141021469773, 0.2403495994173343] and parameters: {'psi': 0.1813940652567576, 'lda_s': 0.00016890473278232605}.
[I 2025-08-10 01:52:10,843] Trial 243 finished with values: [0.8704622055525898, 0.24193548387096775] and parameters: {'psi': 0.5288583742254093, 'lda_s': 0.00012625155178197931}.
[I 2025-08-10 01:52:16,342] Trial 244 finished with values: [0.8633788843355871, 0.23330887747615553] and parameters: {'psi': 0.9869063689748389, 'lda_s': 7.835600761495838e-06}.
[I 2025-08-10 01:52:21,846] Trial 245 finished with values: [0.8532839462550662, 0.2826282628262826] and parameters: {'psi': 0.44106896652623584, 'lda_s': 0.031111333247612255}.
[I 2025-08-10 01:52:27,350] Trial 246 finished with values: [0.8720591607964185, 0.27631578947368424] and parameters: {'psi': 0.5217355362933778, 'lda_s': 4.457249559454418}.
[I 2025-08-10 01:52:32,864] Trial 247 finished with values: [0.8624270894086443, 0.2908745247148289] and parameters: {'psi': 0.19988508138841432, 'lda_s': 7.136371817381851}.
