[I 2025-08-10 00:26:00,353] Trial 124 finished with values: [0.9507485385071592, 0.39655172413793105] and parameters: {'psi': 0.1129424701964804, 'lda_s': 1.614929567038472}.
[I 2025-08-10 00:26:06,342] Trial 125 finished with values: [0.9508421587731933, 0.3954154727793696] and parameters: {'psi': 0.1129424701964804, 'lda_s': 0.037785597952109035}.
[I 2025-08-10 00:26:12,303] Trial 126 finished with values: [0.9377793781242056, 0.24190800681431004] and parameters: {'psi': 0.7337571326448, 'lda_s': 3.4469886065255683e-07}.
[I 2025-08-10 00:26:18,258] Trial 127 finished with values: [0.9377793781242056, 0.24190800681431004] and parameters: {'psi': 0.7337571326448, 'lda_s': 3.4469886065255683e-07}.
[I 2025-08-10 00:26:24,242] Trial 128 finished with values: [0.9473316106074725, 0.336] and parameters: {'psi': 0.1569234151534682, 'lda_s': 0.1870507787018032}.
[I 2025-08-10 00:26:30,234] Trial 129 finished with values: [0.9507485385071592, 0.39655172413793105] and parameters: {'psi': 0.1129424701964804, 'lda_s': 3.2287855717217457}.
[I 2025-08-10 00:26:36,215] Trial 130 finished with values: [0.9224442938236042, 0.25210084033613445] and parameters: {'psi': 0.39022278613265693, 'lda_s': 0.2544573190492071}.
[I 2025-08-10 00:26:42,208] Trial 131 finished with values: [0.9512115563839701, 0.34673366834170855] and parameters: {'psi': 0.07208843732997383, 'lda_s': 8.223848241784234}.
[I 2025-08-10 00:26:48,211] Trial 132 finished with values: [0.8665635855291027, 0.2581888246628131] and parameters: {'psi': 0.00036156912262197416, 'lda_s': 8.223848241784234}.
[I 2025-08-10 00:26:54,188] Trial 133 finished with values: [0.9421312378208929, 0.30344827586206896] and parameters: {'psi': 0.30290832847450966, 'lda_s': 0.01758660050586194}.
[I 2025-08-10 00:27:00,270] Trial 134 finished with values: [0.9469952554435312, 0.24092409240924093] and parameters: {'psi': 0.09355087766511294, 'lda_s': 0.0006171968441657249}.
[I 2025-08-10 00:27:06,236] Trial 135 finished with values: [0.9377793781242056, 0.24190800681431004] and parameters: {'psi': 0.7337571326448, 'lda_s': 1.292531763627854e-07}.
[I 2025-08-10 00:27:12,182] Trial 136 finished with values: [0.9314822502753538, 0.24161073825503357] and parameters: {'psi': 0.9360211048599998, 'lda_s': 0.001102776297249881}.
[I 2025-08-10 00:27:18,132] Trial 137 finished with values: [0.9377039735660424, 0.24398625429553264] and parameters: {'psi': 0.73986206850803, 'lda_s': 0.0004300254499932666}.
[I 2025-08-10 00:27:24,102] Trial 138 finished with values: [0.940709988985851, 0.311804008908686] and parameters: {'psi': 0.38672474641732635, 'lda_s': 0.013280049406088082}.
[I 2025-08-10 00:27:30,082] Trial 139 finished with values: [0.9451461492840803, 0.2358642972536349] and parameters: {'psi': 0.13559586403114365, 'lda_s': 1.7320067875144379e-06}.
[I 2025-08-10 00:27:36,067] Trial 140 finished with values: [0.9481161569092604, 0.35384615384615387] and parameters: {'psi': 0.20754594260532833, 'lda_s': 0.08788082157139872}.
[I 2025-08-10 00:27:42,011] Trial 141 finished with values: [0.9439536558502075, 0.23739837398373984] and parameters: {'psi': 0.3874089691715804, 'lda_s': 2.6952444465443148e-05}.
[I 2025-08-10 00:27:47,971] Trial 142 finished with values: [0.8938329238329239, 0.23856858846918488] and parameters: {'psi': 0.7212038139374417, 'lda_s': 3.2287855717217457}.
[I 2025-08-10 00:27:53,944] Trial 143 finished with values: [0.9468851139540796, 0.2547993019197208] and parameters: {'psi': 0.19173405468591165, 'lda_s': 0.004076662277586149}.
[I 2025-08-10 00:27:59,926] Trial 144 finished with values: [0.9471685164788612, 0.27626459143968873] and parameters: {'psi': 0.15675591082959128, 'lda_s': 0.005937473583822202}.
[I 2025-08-10 00:28:05,890] Trial 145 finished with values: [0.9370109294247224, 0.28451882845188287] and parameters: {'psi': 0.6022062177292989, 'lda_s': 0.013280049406088082}.
[I 2025-08-10 00:28:11,860] Trial 146 finished with values: [0.9348246208591036, 0.24054982817869416] and parameters: {'psi': 0.8119320030468609, 'lda_s': 4.5098388416255213e-08}.
[I 2025-08-10 00:28:17,829] Trial 147 finished with values: [0.8636435651952892, 0.09009009009009009] and parameters: {'psi': 0.8620462969361559, 'lda_s': 1.0829800491336563}.
[I 2025-08-10 00:28:23,812] Trial 148 finished with values: [0.9477188003050072, 0.34332425068119893] and parameters: {'psi': 0.15075094754474905, 'lda_s': 2.873250972604812}.
[I 2025-08-10 00:28:29,811] Trial 149 finished with values: [0.9481271710582057, 0.35294117647058826] and parameters: {'psi': 0.20754594260532833, 'lda_s': 1.784436328759295}.
[I 2025-08-10 00:28:35,780] Trial 150 finished with values: [0.9468202999237483, 0.2483221476510067] and parameters: {'psi': 0.20754594260532833, 'lda_s': 0.0020693768146151236}.
[I 2025-08-10 00:28:41,768] Trial 151 finished with values: [0.9508421587731933, 0.3954154727793696] and parameters: {'psi': 0.1129424701964804, 'lda_s': 0.037785597952109035}.
[I 2025-08-10 00:28:47,749] Trial 152 finished with values: [0.9451164958061509, 0.23510466988727857] and parameters: {'psi': 0.10974828707028617, 'lda_s': 2.0822219502422362e-07}.
[I 2025-08-10 00:28:53,746] Trial 153 finished with values: [0.9512115563839701, 0.34673366834170855] and parameters: {'psi': 0.07208843732997383, 'lda_s': 0.1640442020497673}.
[I 2025-08-10 00:28:59,718] Trial 154 finished with values: [0.9469647547233755, 0.3408521303258145] and parameters: {'psi': 0.19173405468591165, 'lda_s': 3.6351090845024823}.
[I 2025-08-10 00:29:05,726] Trial 155 finished with values: [0.945351181902906, 0.28076923076923077] and parameters: {'psi': 0.013634188806567415, 'lda_s': 0.013280049406088082}.
[I 2025-08-10 00:29:11,720] Trial 156 finished with values: [0.9450792171481827, 0.2366288492706645] and parameters: {'psi': 0.1691159894437162, 'lda_s': 3.551692844645585e-06}.
[I 2025-08-10 00:29:17,699] Trial 157 finished with values: [0.9468851139540796, 0.2547993019197208] and parameters: {'psi': 0.19173405468591165, 'lda_s': 0.004076662277586149}.
[I 2025-08-10 00:29:23,673] Trial 158 finished with values: [0.9444450563416079, 0.23817292006525284] and parameters: {'psi': 0.29622409190048726, 'lda_s': 1.8940934016754168e-07}.
[I 2025-08-10 00:29:29,667] Trial 159 finished with values: [0.9358756248411422, 0.31088082901554404] and parameters: {'psi': 0.2974971037972147, 'lda_s': 0.1870507787018032}.
[I 2025-08-10 00:29:35,638] Trial 160 finished with values: [0.9162662035075828, 0.2932692307692308] and parameters: {'psi': 0.4921633568581937, 'lda_s': 1.614929567038472}.
[I 2025-08-10 00:29:41,643] Trial 161 finished with values: [0.9513496568668983, 0.3167420814479638] and parameters: {'psi': 0.08309007548152314, 'lda_s': 0.004935493215878734}.
[I 2025-08-10 00:29:47,612] Trial 162 finished with values: [0.9448241972379904, 0.23778501628664495] and parameters: {'psi': 0.22887508270677193, 'lda_s': 8.90244649325629e-06}.
[I 2025-08-10 00:29:53,588] Trial 163 finished with values: [0.895386342455308, 0.24158415841584158] and parameters: {'psi': 0.708388042358797, 'lda_s': 3.868512471547453}.
[I 2025-08-10 00:29:59,580] Trial 164 finished with values: [0.9513403372024062, 0.31390134529147984] and parameters: {'psi': 0.0880010898942345, 'lda_s': 0.004935493215878734}.
[I 2025-08-10 00:30:05,556] Trial 165 finished with values: [0.9453249173938828, 0.2366288492706645] and parameters: {'psi': 0.1129424701964804, 'lda_s': 2.2467043323286944e-05}.
[I 2025-08-10 00:30:11,546] Trial 166 finished with values: [0.9437498940947219, 0.23778501628664495] and parameters: {'psi': 0.4105897308342725, 'lda_s': 2.8303181641632947e-08}.
[I 2025-08-10 00:30:17,523] Trial 167 finished with values: [0.9360429551808863, 0.26103646833013433] and parameters: {'psi': 0.9799189202640775, 'lda_s': 0.024378711875153527}.
[I 2025-08-10 00:30:23,501] Trial 168 finished with values: [0.9445196136575448, 0.34782608695652173] and parameters: {'psi': 0.27443873312471245, 'lda_s': 1.784436328759295}.
[I 2025-08-10 00:30:29,483] Trial 169 finished with values: [0.9314284503939677, 0.23985890652557318] and parameters: {'psi': 0.8235006835787988, 'lda_s': 0.004935493215878734}.
[I 2025-08-10 00:30:35,460] Trial 170 finished with values: [0.900529102770482, 0.14702154626108999] and parameters: {'psi': 0.5283878113900697, 'lda_s': 0.12248182327491972}.
[I 2025-08-10 00:30:41,452] Trial 171 finished with values: [0.8600190629500974, 0.2186046511627907] and parameters: {'psi': 0.8508819566589652, 'lda_s': 8.223848241784234}.
[I 2025-08-10 00:30:47,513] Trial 172 finished with values: [0.9029361179361179, 0.208130081300813] and parameters: {'psi': 0.6782238461793574, 'lda_s': 0.20125930162695965}.
[I 2025-08-10 00:30:53,480] Trial 173 finished with values: [0.9397047360840465, 0.23920265780730898] and parameters: {'psi': 0.6708416313013855, 'lda_s': 2.670224474990908e-07}.
[I 2025-08-10 00:30:59,451] Trial 174 finished with values: [0.9388918071676693, 0.30112359550561796] and parameters: {'psi': 0.5810134839639118, 'lda_s': 0.015584853467429412}.
[I 2025-08-10 00:31:05,435] Trial 175 finished with values: [0.9492925527408285, 0.3333333333333333] and parameters: {'psi': 0.21964765975716216, 'lda_s': 8.223848241784234}.
[I 2025-08-10 00:31:11,425] Trial 176 finished with values: [0.951502584088791, 0.35751295336787564] and parameters: {'psi': 0.08309007548152314, 'lda_s': 6.890976848334968}.
[I 2025-08-10 00:31:17,420] Trial 177 finished with values: [0.9455668050495636, 0.23778501628664495] and parameters: {'psi': 0.07208843732997383, 'lda_s': 7.126681118689668e-05}.
[I 2025-08-10 00:31:23,399] Trial 178 finished with values: [0.9424252308735067, 0.23491027732463296] and parameters: {'psi': 0.5528487149919804, 'lda_s': 6.0266280335460775e-06}.
[I 2025-08-10 00:31:29,380] Trial 179 finished with values: [0.945708294501398, 0.23895253682487724] and parameters: {'psi': 0.21289627563375646, 'lda_s': 0.00029234104560959965}.
[I 2025-08-10 00:31:35,359] Trial 180 finished with values: [0.9451262390917563, 0.23510466988727857] and parameters: {'psi': 0.1129424701964804, 'lda_s': 4.4018165747048375e-07}.
[I 2025-08-10 00:31:41,326] Trial 181 finished with values: [0.9411598746081504, 0.3181818181818182] and parameters: {'psi': 0.3596867807708296, 'lda_s': 0.013280049406088082}.
[I 2025-08-10 00:31:47,300] Trial 182 finished with values: [0.9465733288147081, 0.24292845257903495] and parameters: {'psi': 0.21964765975716216, 'lda_s': 0.0017261416236356343}.
[I 2025-08-10 00:31:53,284] Trial 183 finished with values: [0.940709988985851, 0.311804008908686] and parameters: {'psi': 0.38672474641732635, 'lda_s': 0.013280049406088082}.
[I 2025-08-10 00:31:59,259] Trial 184 finished with values: [0.9315140218588495, 0.3359173126614987] and parameters: {'psi': 0.47414657507700597, 'lda_s': 6.890976848334968}.
[I 2025-08-10 00:32:05,251] Trial 185 finished with values: [0.951502584088791, 0.35751295336787564] and parameters: {'psi': 0.08309007548152314, 'lda_s': 6.890976848334968}.
[I 2025-08-10 00:32:11,227] Trial 186 finished with values: [0.8776747437092265, 0.2153209109730849] and parameters: {'psi': 0.5994710328322413, 'lda_s': 1.0829800491336563}.
[I 2025-08-10 00:32:17,195] Trial 187 finished with values: [0.9317881047191391, 0.24067796610169492] and parameters: {'psi': 0.8637281669768433, 'lda_s': 1.5015334876331488e-06}.
[I 2025-08-10 00:32:23,162] Trial 188 finished with values: [0.9451308989240023, 0.2366288492706645] and parameters: {'psi': 0.1565109257601256, 'lda_s': 6.049622673230407e-06}.
[I 2025-08-10 00:32:29,125] Trial 189 finished with values: [0.9402351097178683, 0.24190800681431004] and parameters: {'psi': 0.6133671133075397, 'lda_s': 0.004076662277586149}.
[I 2025-08-10 00:32:35,111] Trial 190 finished with values: [0.921790646445819, 0.2591792656587473] and parameters: {'psi': 0.38672474641732635, 'lda_s': 0.40492013185042536}.
[I 2025-08-10 00:32:41,098] Trial 191 finished with values: [0.9451236973650767, 0.23510466988727857] and parameters: {'psi': 0.1129424701964804, 'lda_s': 9.14961734407018e-08}.
[I 2025-08-10 00:32:47,066] Trial 192 finished with values: [0.9445454545454546, 0.23817292006525284] and parameters: {'psi': 0.27443873312471245, 'lda_s': 6.471236339671255e-08}.
[I 2025-08-10 00:32:53,058] Trial 193 finished with values: [0.9451308989240023, 0.23548387096774193] and parameters: {'psi': 0.13643765118286277, 'lda_s': 1.6578431801449455e-07}.
[I 2025-08-10 00:32:59,019] Trial 194 finished with values: [0.940709988985851, 0.311804008908686] and parameters: {'psi': 0.38672474641732635, 'lda_s': 0.013280049406088082}.
[I 2025-08-10 00:33:04,994] Trial 195 finished with values: [0.94430695585868, 0.3450134770889488] and parameters: {'psi': 0.27443873312471245, 'lda_s': 0.20125930162695965}.
[I 2025-08-10 00:33:10,997] Trial 196 finished with values: [0.9509489112937388, 0.4011627906976744] and parameters: {'psi': 0.10974828707028617, 'lda_s': 1.0829800491336563}.
[I 2025-08-10 00:33:16,974] Trial 197 finished with values: [0.9042976361941879, 0.1796759941089838] and parameters: {'psi': 0.9576916248942038, 'lda_s': 1.0829800491336563}.
[I 2025-08-10 00:33:22,924] Trial 198 finished with values: [0.9292400237227822, 0.23905723905723905] and parameters: {'psi': 0.9363438178832223, 'lda_s': 0.004126551167805889}.
[I 2025-08-10 00:33:28,904] Trial 199 finished with values: [0.9426819452681522, 0.23414634146341465] and parameters: {'psi': 0.5364916787935169, 'lda_s': 7.571258760688734e-07}.
[I 2025-08-10 00:33:34,887] Trial 200 finished with values: [0.9507485385071592, 0.39655172413793105] and parameters: {'psi': 0.1129424701964804, 'lda_s': 3.2287855717217457}.
[I 2025-08-10 00:33:40,854] Trial 201 finished with values: [0.8638863000931967, 0.22018348623853212] and parameters: {'psi': 0.8553619054516702, 'lda_s': 6.890976848334968}.
[I 2025-08-10 00:33:46,809] Trial 202 finished with values: [0.9276184021011608, 0.256120527306968] and parameters: {'psi': 0.941801590592235, 'lda_s': 0.01876076032901489}.
[I 2025-08-10 00:33:52,786] Trial 203 finished with values: [0.944622977209184, 0.23817292006525284] and parameters: {'psi': 0.2681684046393972, 'lda_s': 1.1134983779848336e-05}.
[I 2025-08-10 00:33:58,853] Trial 204 finished with values: [0.9513403372024062, 0.31390134529147984] and parameters: {'psi': 0.0880010898942345, 'lda_s': 0.004935493215878734}.
[I 2025-08-10 00:34:04,816] Trial 205 finished with values: [0.9210090654918242, 0.2550335570469799] and parameters: {'psi': 0.3667257041783193, 'lda_s': 2.873250972604812}.
[I 2025-08-10 00:34:10,784] Trial 206 finished with values: [0.9460107599762771, 0.24013157894736842] and parameters: {'psi': 0.21964765975716216, 'lda_s': 0.000751418005811416}.
[I 2025-08-10 00:34:16,768] Trial 207 finished with values: [0.9451143777005846, 0.23510466988727857] and parameters: {'psi': 0.10974828707028617, 'lda_s': 3.743546138073603e-08}.
[I 2025-08-10 00:34:22,751] Trial 208 finished with values: [0.9496178937558248, 0.2610294117647059] and parameters: {'psi': 0.12054591842996432, 'lda_s': 0.003833090801066191}.
[I 2025-08-10 00:34:28,732] Trial 209 finished with values: [0.9506786410234687, 0.3954154727793696] and parameters: {'psi': 0.11409799187353675, 'lda_s': 1.614929567038472}.
[I 2025-08-10 00:34:34,704] Trial 210 finished with values: [0.8423345759552656, 0.06486486486486487] and parameters: {'psi': 0.822526217926141, 'lda_s': 1.0829800491336563}.
[I 2025-08-10 00:34:40,690] Trial 211 finished with values: [0.9515576548335168, 0.3780821917808219] and parameters: {'psi': 0.09210420021991794, 'lda_s': 1.0829800491336563}.
[I 2025-08-10 00:34:46,652] Trial 212 finished with values: [0.9378746928746928, 0.30092592592592593] and parameters: {'psi': 0.36746536933893126, 'lda_s': 0.019157367315253516}.
[I 2025-08-10 00:34:52,632] Trial 213 finished with values: [0.9020706600016946, 0.19224283305227655] and parameters: {'psi': 0.6538186399928275, 'lda_s': 0.1640442020497673}.
[I 2025-08-10 00:34:58,607] Trial 214 finished with values: [0.9449309497585359, 0.23817292006525284] and parameters: {'psi': 0.30290832847450966, 'lda_s': 0.00023243347126572684}.
[I 2025-08-10 00:35:04,580] Trial 215 finished with values: [0.9336592391764805, 0.3217821782178218] and parameters: {'psi': 0.5486958064829008, 'lda_s': 0.02388068589513481}.
[I 2025-08-10 00:35:10,583] Trial 216 finished with values: [0.9477213420316869, 0.34332425068119893] and parameters: {'psi': 0.15075094754474905, 'lda_s': 0.14416488367369218}.
[I 2025-08-10 00:35:16,561] Trial 217 finished with values: [0.9299877149877149, 0.2716049382716049] and parameters: {'psi': 0.31378509458315074, 'lda_s': 0.7592574679593777}.
[I 2025-08-10 00:35:22,535] Trial 218 finished with values: [0.9317148182665423, 0.24067796610169492] and parameters: {'psi': 0.8655985305287845, 'lda_s': 2.0212360576770555e-06}.
[I 2025-08-10 00:35:28,530] Trial 219 finished with values: [0.937643395746844, 0.32171581769436997] and parameters: {'psi': 0.29261003250606465, 'lda_s': 6.890976848334968}.
[I 2025-08-10 00:35:34,532] Trial 220 finished with values: [0.835193171227654, 0.11171662125340599] and parameters: {'psi': 0.8163600080136144, 'lda_s': 1.784436328759295}.
[I 2025-08-10 00:35:40,501] Trial 221 finished with values: [0.8958053037363382, 0.23106060606060605] and parameters: {'psi': 0.7137553348327335, 'lda_s': 2.873250972604812}.
[I 2025-08-10 00:35:46,470] Trial 222 finished with values: [0.9492925527408285, 0.3333333333333333] and parameters: {'psi': 0.21964765975716216, 'lda_s': 8.223848241784234}.
[I 2025-08-10 00:35:52,454] Trial 223 finished with values: [0.9483610099127341, 0.24324324324324326] and parameters: {'psi': 0.0880010898942345, 'lda_s': 0.0012667327238711776}.
[I 2025-08-10 00:35:58,408] Trial 224 finished with values: [0.8981580953994746, 0.1293800539083558] and parameters: {'psi': 0.9732137293687153, 'lda_s': 0.20125930162695965}.
[I 2025-08-10 00:36:04,388] Trial 225 finished with values: [0.9444403965093621, 0.23567921440261866] and parameters: {'psi': 0.4034971351660912, 'lda_s': 0.000428387835526386}.
[I 2025-08-10 00:36:10,357] Trial 226 finished with values: [0.940637973396594, 0.23684210526315788] and parameters: {'psi': 0.635979018573446, 'lda_s': 2.729065692192757e-07}.
[I 2025-08-10 00:36:16,304] Trial 227 finished with values: [0.9383203422858595, 0.24615384615384617] and parameters: {'psi': 0.721698607284722, 'lda_s': 0.0003664038755317567}.
[I 2025-08-10 00:36:22,315] Trial 228 finished with values: [0.951502584088791, 0.35751295336787564] and parameters: {'psi': 0.08309007548152314, 'lda_s': 6.890976848334968}.
[I 2025-08-10 00:36:28,289] Trial 229 finished with values: [0.9509489112937388, 0.4011627906976744] and parameters: {'psi': 0.10974828707028617, 'lda_s': 1.0829800491336563}.
[I 2025-08-10 00:36:34,270] Trial 230 finished with values: [0.9450910785393545, 0.23624595469255663] and parameters: {'psi': 0.1569234151534682, 'lda_s': 2.9622052072643284e-07}.
[I 2025-08-10 00:36:40,235] Trial 231 finished with values: [0.9452630687113446, 0.2358642972536349] and parameters: {'psi': 0.09210420021991794, 'lda_s': 1.6188681743773215e-05}.
[I 2025-08-10 00:36:46,217] Trial 232 finished with values: [0.9450160976023044, 0.23548387096774193] and parameters: {'psi': 0.08309007548152314, 'lda_s': 4.403364441859056e-07}.
[I 2025-08-10 00:36:52,261] Trial 233 finished with values: [0.9202719647547234, 0.3013698630136986] and parameters: {'psi': 0.7496624342699049, 'lda_s': 0.016800032305079152}.
[I 2025-08-10 00:36:58,222] Trial 234 finished with values: [0.9444391256460222, 0.2372322899505766] and parameters: {'psi': 0.4394989716885136, 'lda_s': 0.0010265799331048093}.
[I 2025-08-10 00:37:04,212] Trial 235 finished with values: [0.9491862238413963, 0.3333333333333333] and parameters: {'psi': 0.21964765975716216, 'lda_s': 0.1870507787018032}.
[I 2025-08-10 00:37:10,185] Trial 236 finished with values: [0.9451148013216978, 0.23510466988727857] and parameters: {'psi': 0.10974828707028617, 'lda_s': 8.326789669343421e-08}.
[I 2025-08-10 00:37:16,162] Trial 237 finished with values: [0.9462683216131492, 0.28693790149892934] and parameters: {'psi': 0.18577859290300958, 'lda_s': 0.013280049406088082}.
[I 2025-08-10 00:37:22,140] Trial 238 finished with values: [0.9481271710582057, 0.35294117647058826] and parameters: {'psi': 0.20754594260532833, 'lda_s': 1.784436328759295}.
[I 2025-08-10 00:37:28,109] Trial 239 finished with values: [0.9438570702363805, 0.23778501628664495] and parameters: {'psi': 0.39188912097941664, 'lda_s': 1.4809063285813245e-07}.
[I 2025-08-10 00:37:34,096] Trial 240 finished with values: [0.9508421587731933, 0.3954154727793696] and parameters: {'psi': 0.1129424701964804, 'lda_s': 0.037785597952109035}.
[I 2025-08-10 00:37:40,096] Trial 241 finished with values: [0.951502584088791, 0.35751295336787564] and parameters: {'psi': 0.08309007548152314, 'lda_s': 4.557124410412724}.
[I 2025-08-10 00:37:46,076] Trial 242 finished with values: [0.9393552486655935, 0.32779097387173395] and parameters: {'psi': 0.4080614856697685, 'lda_s': 0.01876076032901489}.
[I 2025-08-10 00:37:52,054] Trial 243 finished with values: [0.9490989578920612, 0.3582887700534759] and parameters: {'psi': 0.25728374232428497, 'lda_s': 6.890976848334968}.
[I 2025-08-10 00:37:58,018] Trial 244 finished with values: [0.9398932474794545, 0.23841059602649006] and parameters: {'psi': 0.6642372132440778, 'lda_s': 1.388432028207807e-07}.
[I 2025-08-10 00:38:03,995] Trial 245 finished with values: [0.9210323646530543, 0.25272331154684097] and parameters: {'psi': 0.3745695538801971, 'lda_s': 1.784436328759295}.
[I 2025-08-10 00:38:09,960] Trial 246 finished with values: [0.8919101075997629, 0.2271880819366853] and parameters: {'psi': 0.6924609544984588, 'lda_s': 6.890976848334968}.
[I 2025-08-10 00:38:15,925] Trial 247 finished with values: [0.9306659323900703, 0.24242424242424243] and parameters: {'psi': 0.9016670322030175, 'lda_s': 0.0005183695146583905}.
