[I 2025-08-10 01:30:44,790] Trial 0 finished with values: [0.7181163682351503, 0.18851878100637845] and parameters: {'psi': 0.6263623987185496, 'lda_s': 0.5645725872258147}.
[I 2025-08-10 01:30:51,039] Trial 1 finished with values: [0.6836328916015066, 0.17189460476787954] and parameters: {'psi': 0.5146423258083334, 'lda_s': 1.5561967504941715e-08}.
[I 2025-08-10 01:30:57,292] Trial 2 finished with values: [0.679440608229706, 0.17217716781035558] and parameters: {'psi': 0.15943329995503663, 'lda_s': 1.0523989425497396e-07}.
[I 2025-08-10 01:31:03,513] Trial 3 finished with values: [0.682402703844072, 0.1712846347607053] and parameters: {'psi': 0.6979171120189707, 'lda_s': 2.3531046286481977e-06}.
[I 2025-08-10 01:31:09,730] Trial 4 finished with values: [0.6785762542889813, 0.17182564750473783] and parameters: {'psi': 0.5815113590302792, 'lda_s': 0.0003671041906554881}.
[I 2025-08-10 01:31:15,955] Trial 5 finished with values: [0.638789021109472, 0.15870880968392737] and parameters: {'psi': 0.36231432617954895, 'lda_s': 0.005299158730574108}.
[I 2025-08-10 01:31:22,187] Trial 6 finished with values: [0.678366092518953, 0.1729179910998093] and parameters: {'psi': 0.7813401090885733, 'lda_s': 0.00018798157140735428}.
[I 2025-08-10 01:31:28,416] Trial 7 finished with values: [0.6665612477560736, 0.17142857142857143] and parameters: {'psi': 0.32441374994035344, 'lda_s': 0.0007999575504485663}.
[I 2025-08-10 01:31:34,762] Trial 8 finished with values: [0.6815769749595157, 0.17228464419475656] and parameters: {'psi': 0.24249606332068252, 'lda_s': 2.209523352138375e-08}.
[I 2025-08-10 01:31:41,014] Trial 9 finished with values: [0.6129690048572023, 0.15881939564300773] and parameters: {'psi': 0.09519614594819592, 'lda_s': 0.002751097997611951}.
[I 2025-08-10 01:31:47,255] Trial 10 finished with values: [0.6800088968332412, 0.17193426042983564] and parameters: {'psi': 0.5813615876513036, 'lda_s': 0.00026408049669755394}.
[I 2025-08-10 01:31:53,471] Trial 11 finished with values: [0.6756572005983503, 0.17413249211356466] and parameters: {'psi': 0.36216286405907183, 'lda_s': 0.00032282028921547793}.
[I 2025-08-10 01:31:59,696] Trial 12 finished with values: [0.6344382262761254, 0.20933521923620935] and parameters: {'psi': 0.9074149880463566, 'lda_s': 4.428931593675343}.
[I 2025-08-10 01:32:05,950] Trial 13 finished with values: [0.6789165784419905, 0.16835443037974684] and parameters: {'psi': 0.874242067653569, 'lda_s': 1.156979590130409e-07}.
[I 2025-08-10 01:32:12,181] Trial 14 finished with values: [0.622989164702738, 0.15965787598004277] and parameters: {'psi': 0.25806208178161927, 'lda_s': 0.2697755050050792}.
[I 2025-08-10 01:32:18,416] Trial 15 finished with values: [0.6791531963473407, 0.17142857142857143] and parameters: {'psi': 0.8066798390784934, 'lda_s': 2.566963126877594e-07}.
[I 2025-08-10 01:32:24,654] Trial 16 finished with values: [0.6797143638786767, 0.1491672700941347] and parameters: {'psi': 0.6643504113418958, 'lda_s': 0.0574442232863502}.
[I 2025-08-10 01:32:30,879] Trial 17 finished with values: [0.6782544088676278, 0.16856780735107732] and parameters: {'psi': 0.908966364283708, 'lda_s': 2.4734624277967347e-05}.
[I 2025-08-10 01:32:37,083] Trial 18 finished with values: [0.6799406607363458, 0.1717171717171717] and parameters: {'psi': 0.7007992099347216, 'lda_s': 0.00023790320416613065}.
[I 2025-08-10 01:32:43,331] Trial 19 finished with values: [0.6774586065143389, 0.17110266159695817] and parameters: {'psi': 0.9683404597030022, 'lda_s': 6.998457652103665e-07}.
[I 2025-08-10 01:32:49,533] Trial 20 finished with values: [0.6563820356080652, 0.18851878100637845] and parameters: {'psi': 0.5910211310148015, 'lda_s': 0.3358834667475939}.
[I 2025-08-10 01:32:55,758] Trial 21 finished with values: [0.662242723098009, 0.16443594646271512] and parameters: {'psi': 0.9342539362389822, 'lda_s': 0.002991949002589442}.
[I 2025-08-10 01:33:01,962] Trial 22 finished with values: [0.6920806916634328, 0.19821059876118377] and parameters: {'psi': 0.9746013996752958, 'lda_s': 0.6209923559333582}.
[I 2025-08-10 01:33:08,185] Trial 23 finished with values: [0.6297657212316571, 0.18515901060070672] and parameters: {'psi': 0.5685211550682057, 'lda_s': 0.5633056819106802}.
[I 2025-08-10 01:33:14,411] Trial 24 finished with values: [0.6770116014885745, 0.17217716781035558] and parameters: {'psi': 0.11459526201062187, 'lda_s': 8.016068345906593e-08}.
[I 2025-08-10 01:33:20,628] Trial 25 finished with values: [0.6820443516601788, 0.17228464419475656] and parameters: {'psi': 0.2721962627839286, 'lda_s': 4.929740995775781e-08}.
[I 2025-08-10 01:33:26,864] Trial 26 finished with values: [0.6200147198872167, 0.14942528735632185] and parameters: {'psi': 0.11620669523397942, 'lda_s': 2.5724429293779516}.
[I 2025-08-10 01:33:33,093] Trial 27 finished with values: [0.6656430350730834, 0.17336683417085427] and parameters: {'psi': 0.08935553715899047, 'lda_s': 0.00010018258617234322}.
[I 2025-08-10 01:33:39,323] Trial 28 finished with values: [0.6786396228175379, 0.16983523447401774] and parameters: {'psi': 0.8274654601931499, 'lda_s': 3.366596145293123e-06}.
[I 2025-08-10 01:33:45,552] Trial 29 finished with values: [0.6350551454929697, 0.1596806387225549] and parameters: {'psi': 0.10185310998709252, 'lda_s': 0.0013322553908567288}.
[I 2025-08-10 01:33:51,763] Trial 30 finished with values: [0.6472687307860627, 0.16688227684346701] and parameters: {'psi': 0.8215029962089214, 'lda_s': 0.006595072705408451}.
[I 2025-08-10 01:33:57,972] Trial 31 finished with values: [0.6772441180168987, 0.17302798982188294] and parameters: {'psi': 0.7779034068714342, 'lda_s': 0.00031631518603300547}.
[I 2025-08-10 01:34:04,185] Trial 32 finished with values: [0.6078621594786654, 0.1608876560332871] and parameters: {'psi': 0.7808773646845318, 'lda_s': 0.01931719513773363}.
[I 2025-08-10 01:34:10,416] Trial 33 finished with values: [0.6700519252359531, 0.16656071201525746] and parameters: {'psi': 0.9354365578244309, 'lda_s': 0.0012113744837814312}.
[I 2025-08-10 01:34:16,636] Trial 34 finished with values: [0.6785643107185206, 0.16983523447401774] and parameters: {'psi': 0.8343599963923417, 'lda_s': 6.129422686563043e-08}.
[I 2025-08-10 01:34:22,970] Trial 35 finished with values: [0.5977644791003291, 0.1477900552486188] and parameters: {'psi': 0.03496205512434991, 'lda_s': 0.01841559332099933}.
[I 2025-08-10 01:34:29,211] Trial 36 finished with values: [0.6851234041249036, 0.17221873035826524] and parameters: {'psi': 0.994944098385361, 'lda_s': 7.409208859214426e-06}.
[I 2025-08-10 01:34:35,434] Trial 37 finished with values: [0.6964575820714839, 0.1941747572815534] and parameters: {'psi': 0.9488114048294096, 'lda_s': 1.62617782010938}.
[I 2025-08-10 01:34:41,666] Trial 38 finished with values: [0.6778443162350981, 0.17206982543640897] and parameters: {'psi': 0.12848412559004774, 'lda_s': 1.5632096329220548e-06}.
[I 2025-08-10 01:34:47,891] Trial 39 finished with values: [0.6786202426843377, 0.16856780735107732] and parameters: {'psi': 0.8557701442254703, 'lda_s': 2.8450934728451455e-06}.
[I 2025-08-10 01:34:54,103] Trial 40 finished with values: [0.6801377521839832, 0.17297979797979798] and parameters: {'psi': 0.5503152230285663, 'lda_s': 0.00024257869488943158}.
[I 2025-08-10 01:35:00,326] Trial 41 finished with values: [0.6580360623715784, 0.16395575797007156] and parameters: {'psi': 0.46954490390338, 'lda_s': 0.00285044770600527}.
[I 2025-08-10 01:35:06,566] Trial 42 finished with values: [0.6797531692151542, 0.17164653528289892] and parameters: {'psi': 0.7881397773451292, 'lda_s': 2.963628557872258e-08}.
[I 2025-08-10 01:35:12,794] Trial 43 finished with values: [0.677991605247419, 0.17358490566037735] and parameters: {'psi': 0.37242611213919063, 'lda_s': 0.0002268485136553743}.
[I 2025-08-10 01:35:19,006] Trial 44 finished with values: [0.6612119253621493, 0.16805644644002565] and parameters: {'psi': 0.3280521705427466, 'lda_s': 0.0013398199443289413}.
[I 2025-08-10 01:35:25,276] Trial 45 finished with values: [0.5895994487028156, 0.14976174268209666] and parameters: {'psi': 0.022862172333211195, 'lda_s': 2.0579412383444122}.
[I 2025-08-10 01:35:31,495] Trial 46 finished with values: [0.6826123247731737, 0.1726078799249531] and parameters: {'psi': 0.3208275849350848, 'lda_s': 9.709757342882307e-07}.
[I 2025-08-10 01:35:37,710] Trial 47 finished with values: [0.6960430725713876, 0.15560314061384725] and parameters: {'psi': 0.9714909750205822, 'lda_s': 0.20216924593029378}.
[I 2025-08-10 01:35:43,945] Trial 48 finished with values: [0.6567484102657017, 0.14914772727272727] and parameters: {'psi': 0.4917472506862357, 'lda_s': 0.03211737258743191}.
[I 2025-08-10 01:35:50,170] Trial 49 finished with values: [0.6478594192179711, 0.1525302922309337] and parameters: {'psi': 0.5988880155060587, 'lda_s': 0.020514682345496024}.
[I 2025-08-10 01:35:56,407] Trial 50 finished with values: [0.6915459351973415, 0.16358463726884778] and parameters: {'psi': 0.3761732342462276, 'lda_s': 0.11116662814400068}.
[I 2025-08-10 01:36:02,617] Trial 51 finished with values: [0.6563820356080652, 0.18851878100637845] and parameters: {'psi': 0.5910211310148015, 'lda_s': 0.3358834667475939}.
[I 2025-08-10 01:36:08,848] Trial 52 finished with values: [0.683540497943227, 0.1728240450845335] and parameters: {'psi': 0.4652739035929996, 'lda_s': 5.934051155341443e-07}.
[I 2025-08-10 01:36:15,093] Trial 53 finished with values: [0.6783981373438491, 0.16856780735107732] and parameters: {'psi': 0.908966364283708, 'lda_s': 4.255772355710254e-07}.
[I 2025-08-10 01:36:21,318] Trial 54 finished with values: [0.623723446400636, 0.14942528735632185] and parameters: {'psi': 0.12817394018082495, 'lda_s': 0.07972192485323852}.
[I 2025-08-10 01:36:27,544] Trial 55 finished with values: [0.6789165784419905, 0.16835443037974684] and parameters: {'psi': 0.874242067653569, 'lda_s': 1.156979590130409e-07}.
[I 2025-08-10 01:36:33,785] Trial 56 finished with values: [0.6166888636796923, 0.15129682997118155] and parameters: {'psi': 0.10185310998709252, 'lda_s': 3.881973092563592}.
[I 2025-08-10 01:36:40,000] Trial 57 finished with values: [0.7021993296276715, 0.20637119113573407] and parameters: {'psi': 0.9342539362389822, 'lda_s': 0.5633056819106802}.
[I 2025-08-10 01:36:46,210] Trial 58 finished with values: [0.6835967003295074, 0.17189460476787954] and parameters: {'psi': 0.5503152230285663, 'lda_s': 1.7494640069360143e-07}.
[I 2025-08-10 01:36:52,414] Trial 59 finished with values: [0.6829818092661374, 0.17271589486858574] and parameters: {'psi': 0.36216286405907183, 'lda_s': 2.1459852297955786e-06}.
[I 2025-08-10 01:36:58,638] Trial 60 finished with values: [0.6563820356080652, 0.18851878100637845] and parameters: {'psi': 0.5910211310148015, 'lda_s': 0.3358834667475939}.
[I 2025-08-10 01:37:04,861] Trial 61 finished with values: [0.6149015646978704, 0.15497076023391812] and parameters: {'psi': 0.09116054695116116, 'lda_s': 0.5645725872258147}.
[I 2025-08-10 01:37:11,090] Trial 62 finished with values: [0.6766307593361538, 0.16972767574414185] and parameters: {'psi': 0.9746013996752958, 'lda_s': 0.00024257869488943158}.
[I 2025-08-10 01:37:17,297] Trial 63 finished with values: [0.6829789698512732, 0.17358490566037735] and parameters: {'psi': 0.6643504113418958, 'lda_s': 3.3323681334354446e-08}.
[I 2025-08-10 01:37:23,515] Trial 64 finished with values: [0.6563820356080652, 0.18851878100637845] and parameters: {'psi': 0.5910211310148015, 'lda_s': 0.3358834667475939}.
[I 2025-08-10 01:37:29,748] Trial 65 finished with values: [0.6691799093821027, 0.17135549872122763] and parameters: {'psi': 0.7881397773451292, 'lda_s': 0.0012113744837814312}.
[I 2025-08-10 01:37:35,960] Trial 66 finished with values: [0.6604734070769938, 0.1738562091503268] and parameters: {'psi': 0.5374922802836171, 'lda_s': 4.037599626761681}.
[I 2025-08-10 01:37:42,174] Trial 67 finished with values: [0.6756893806334779, 0.17015873015873015] and parameters: {'psi': 0.9687168983267389, 'lda_s': 0.00031631518603300547}.
[I 2025-08-10 01:37:48,410] Trial 68 finished with values: [0.6565053924093878, 0.16719846841097638] and parameters: {'psi': 0.13549843826652253, 'lda_s': 0.0006044917724859718}.
[I 2025-08-10 01:37:54,627] Trial 69 finished with values: [0.6656430350730834, 0.17336683417085427] and parameters: {'psi': 0.08935553715899047, 'lda_s': 0.00010018258617234322}.
[I 2025-08-10 01:38:00,855] Trial 70 finished with values: [0.6602150653944284, 0.16623711340206185] and parameters: {'psi': 0.3208275849350848, 'lda_s': 0.0014102231064807762}.
[I 2025-08-10 01:38:07,075] Trial 71 finished with values: [0.6832615141652999, 0.17221873035826524] and parameters: {'psi': 0.6302580244169322, 'lda_s': 2.911962863875984e-06}.
[I 2025-08-10 01:38:13,296] Trial 72 finished with values: [0.6778443162350981, 0.17206982543640897] and parameters: {'psi': 0.12848412559004774, 'lda_s': 1.5632096329220548e-06}.
[I 2025-08-10 01:38:19,641] Trial 73 finished with values: [0.6057223223529105, 0.14914772727272727] and parameters: {'psi': 0.055046732739974735, 'lda_s': 0.01931719513773363}.
[I 2025-08-10 01:38:25,864] Trial 74 finished with values: [0.6834408029324395, 0.1721105527638191] and parameters: {'psi': 0.5974461376393743, 'lda_s': 3.366596145293123e-06}.
[I 2025-08-10 01:38:32,081] Trial 75 finished with values: [0.6644811735526984, 0.15240833932422718] and parameters: {'psi': 0.996162457556571, 'lda_s': 0.20216924593029378}.
[I 2025-08-10 01:38:38,297] Trial 76 finished with values: [0.6817666749144908, 0.172544080604534] and parameters: {'psi': 0.5944695895029641, 'lda_s': 0.00013775269841878908}.
[I 2025-08-10 01:38:44,527] Trial 77 finished with values: [0.6751031541392133, 0.11508771929824561] and parameters: {'psi': 0.7865066715350136, 'lda_s': 0.5517141328778203}.
[I 2025-08-10 01:38:50,754] Trial 78 finished with values: [0.6756075333732654, 0.17228464419475656] and parameters: {'psi': 0.10844048190071143, 'lda_s': 1.1336743602894183e-05}.
[I 2025-08-10 01:38:56,987] Trial 79 finished with values: [0.6836121593659903, 0.17189460476787954] and parameters: {'psi': 0.5146423258083334, 'lda_s': 1.6084172412390345e-06}.
[I 2025-08-10 01:39:03,206] Trial 80 finished with values: [0.6834740646494201, 0.1721105527638191] and parameters: {'psi': 0.5981489162886389, 'lda_s': 8.016068345906593e-08}.
[I 2025-08-10 01:39:09,429] Trial 81 finished with values: [0.6823618252840429, 0.1712846347607053] and parameters: {'psi': 0.7007992099347216, 'lda_s': 8.777201037827471e-08}.
[I 2025-08-10 01:39:15,658] Trial 82 finished with values: [0.6363841268596477, 0.16131237183868763] and parameters: {'psi': 0.18365408491253965, 'lda_s': 0.00285044770600527}.
[I 2025-08-10 01:39:21,865] Trial 83 finished with values: [0.6705664452373773, 0.17070063694267515] and parameters: {'psi': 0.6714884367829266, 'lda_s': 0.0012169061683108755}.
[I 2025-08-10 01:39:28,087] Trial 84 finished with values: [0.6786820788302693, 0.17110266159695817] and parameters: {'psi': 0.8234351849095468, 'lda_s': 7.409208859214426e-06}.
[I 2025-08-10 01:39:34,312] Trial 85 finished with values: [0.6572575218578607, 0.1643312101910828] and parameters: {'psi': 0.908966364283708, 'lda_s': 0.004207304736069664}.
[I 2025-08-10 01:39:40,536] Trial 86 finished with values: [0.6786461579787333, 0.16846105129829006] and parameters: {'psi': 0.8567934293647309, 'lda_s': 4.62091689635608e-07}.
[I 2025-08-10 01:39:46,768] Trial 87 finished with values: [0.6169915543182317, 0.15977175463623394] and parameters: {'psi': 0.2721962627839286, 'lda_s': 0.18809003303284894}.
[I 2025-08-10 01:39:53,007] Trial 88 finished with values: [0.6806561482120475, 0.17228464419475656] and parameters: {'psi': 0.20210189406258272, 'lda_s': 2.6585050534642453e-06}.
[I 2025-08-10 01:39:59,242] Trial 89 finished with values: [0.6770934036787098, 0.17226092463584547] and parameters: {'psi': 0.5503152230285663, 'lda_s': 0.0004507220501454359}.
[I 2025-08-10 01:40:05,467] Trial 90 finished with values: [0.6868889342594332, 0.16250890947968638] and parameters: {'psi': 0.36216286405907183, 'lda_s': 0.5633056819106802}.
[I 2025-08-10 01:40:11,688] Trial 91 finished with values: [0.6607448641520268, 0.16688227684346701] and parameters: {'psi': 0.5813615876513036, 'lda_s': 0.00285044770600527}.
[I 2025-08-10 01:40:17,899] Trial 92 finished with values: [0.6920806916634328, 0.19821059876118377] and parameters: {'psi': 0.9746013996752958, 'lda_s': 0.6209923559333582}.
[I 2025-08-10 01:40:24,136] Trial 93 finished with values: [0.678853254983511, 0.13341493268053856] and parameters: {'psi': 0.8343599963923417, 'lda_s': 1.62617782010938}.
[I 2025-08-10 01:40:30,384] Trial 94 finished with values: [0.6333542007790813, 0.1473533619456366] and parameters: {'psi': 0.16719594796417236, 'lda_s': 0.020514682345496024}.
[I 2025-08-10 01:40:36,612] Trial 95 finished with values: [0.6797464988437272, 0.17164653528289892] and parameters: {'psi': 0.7881397773451292, 'lda_s': 9.709757342882307e-07}.
[I 2025-08-10 01:40:42,883] Trial 96 finished with values: [0.5868995707976548, 0.15332428765264586] and parameters: {'psi': 0.021082575114050428, 'lda_s': 0.03208279284237988}.
[I 2025-08-10 01:40:49,139] Trial 97 finished with values: [0.6234688455344792, 0.15091678420310295] and parameters: {'psi': 0.2889965056122772, 'lda_s': 0.013607786065256892}.
[I 2025-08-10 01:40:55,361] Trial 98 finished with values: [0.6803443534179118, 0.17358490566037735] and parameters: {'psi': 0.4712458846683819, 'lda_s': 0.00018798157140735428}.
[I 2025-08-10 01:41:01,584] Trial 99 finished with values: [0.6834236763031, 0.17221873035826524] and parameters: {'psi': 0.608890433202157, 'lda_s': 1.4169570947456157e-07}.
[I 2025-08-10 01:41:07,817] Trial 100 finished with values: [0.6180842332701, 0.14953271028037382] and parameters: {'psi': 0.10856643101072894, 'lda_s': 4.239892594349905}.
[I 2025-08-10 01:41:14,041] Trial 101 finished with values: [0.6995019756468345, 0.19461697722567287] and parameters: {'psi': 0.9342539362389822, 'lda_s': 0.3478160276509234}.
[I 2025-08-10 01:41:20,269] Trial 102 finished with values: [0.6040121833432712, 0.16266666666666665] and parameters: {'psi': 0.8931677837773727, 'lda_s': 0.017978734997875615}.
[I 2025-08-10 01:41:26,482] Trial 103 finished with values: [0.67812257889179, 0.17204301075268819] and parameters: {'psi': 0.5910211310148015, 'lda_s': 0.0004053375654734704}.
[I 2025-08-10 01:41:32,719] Trial 104 finished with values: [0.6490204694769663, 0.16226912928759896] and parameters: {'psi': 0.3208275849350848, 'lda_s': 0.002885295604384686}.
[I 2025-08-10 01:41:39,051] Trial 105 finished with values: [0.6937203410723163, 0.17705382436260622] and parameters: {'psi': 0.608890433202157, 'lda_s': 0.12274798431294123}.
[I 2025-08-10 01:41:45,281] Trial 106 finished with values: [0.6775247693876824, 0.16983523447401774] and parameters: {'psi': 0.9194672235341935, 'lda_s': 9.572487841181495e-05}.
[I 2025-08-10 01:41:51,497] Trial 107 finished with values: [0.6833933441411378, 0.17221873035826524] and parameters: {'psi': 0.6110266003246493, 'lda_s': 1.5632096329220548e-06}.
[I 2025-08-10 01:41:57,735] Trial 108 finished with values: [0.6261793149077842, 0.15427380125086865] and parameters: {'psi': 0.15943329995503663, 'lda_s': 0.005208270640745498}.
[I 2025-08-10 01:42:03,968] Trial 109 finished with values: [0.6808549973926961, 0.17228464419475656] and parameters: {'psi': 0.20615037799684932, 'lda_s': 3.27604822575339e-08}.
[I 2025-08-10 01:42:10,188] Trial 110 finished with values: [0.6779173297601776, 0.11309157959434542] and parameters: {'psi': 0.8057694966360063, 'lda_s': 2.2914447792520902}.
[I 2025-08-10 01:42:16,416] Trial 111 finished with values: [0.6769956016111652, 0.16751269035532995] and parameters: {'psi': 0.84314387891354, 'lda_s': 0.00018798157140735428}.
[I 2025-08-10 01:42:22,636] Trial 112 finished with values: [0.6765562134284492, 0.1686746987951807] and parameters: {'psi': 0.9203531028231594, 'lda_s': 0.00023790320416613065}.
[I 2025-08-10 01:42:28,863] Trial 113 finished with values: [0.7021993296276715, 0.20637119113573407] and parameters: {'psi': 0.9342539362389822, 'lda_s': 0.5633056819106802}.
[I 2025-08-10 01:42:35,094] Trial 114 finished with values: [0.6762498270435787, 0.17103620474406991] and parameters: {'psi': 0.10844048190071143, 'lda_s': 3.418969494075721e-06}.
[I 2025-08-10 01:42:41,318] Trial 115 finished with values: [0.6829716684987652, 0.17271589486858574] and parameters: {'psi': 0.3558108959917641, 'lda_s': 2.209523352138375e-08}.
[I 2025-08-10 01:42:47,548] Trial 116 finished with values: [0.6834980419304957, 0.1721105527638191] and parameters: {'psi': 0.5910211310148015, 'lda_s': 3.733824184495617e-07}.
[I 2025-08-10 01:42:53,773] Trial 117 finished with values: [0.6868900159412863, 0.19053876478318002] and parameters: {'psi': 0.8684407884025278, 'lda_s': 0.5633056819106802}.
[I 2025-08-10 01:42:59,990] Trial 118 finished with values: [0.6835020982374445, 0.1721105527638191] and parameters: {'psi': 0.5910211310148015, 'lda_s': 2.0103721232552465e-08}.
[I 2025-08-10 01:43:06,224] Trial 119 finished with values: [0.6801377521839832, 0.17297979797979798] and parameters: {'psi': 0.5503152230285663, 'lda_s': 0.00024257869488943158}.
[I 2025-08-10 01:43:12,447] Trial 120 finished with values: [0.6933022259660433, 0.20027624309392264] and parameters: {'psi': 0.9746013996752958, 'lda_s': 0.5633056819106802}.
[I 2025-08-10 01:43:18,676] Trial 121 finished with values: [0.649141077003579, 0.17506631299734748] and parameters: {'psi': 0.5503152230285663, 'lda_s': 0.5578537675544556}.
[I 2025-08-10 01:43:24,909] Trial 122 finished with values: [0.686889925801132, 0.16250890947968638] and parameters: {'psi': 0.36216286405907183, 'lda_s': 0.5645725872258147}.
[I 2025-08-10 01:43:31,136] Trial 123 finished with values: [0.633605781950065, 0.15859649122807018] and parameters: {'psi': 0.5685211550682057, 'lda_s': 0.012557502701016467}.
