[I 2025-08-10 01:28:41,632] Trial 247 finished with values: [0.9348545163502776, 0.24956063268892795] and parameters: {'psi': 0.9575345304553116, 'lda_s': 8.875954166864433e-08}.
[I 2025-08-10 01:28:47,522] Trial 248 finished with values: [0.9354597369706966, 0.24911452184179456] and parameters: {'psi': 0.7343491287214129, 'lda_s': 1.8302983628466912e-06}.
[I 2025-08-10 01:28:53,415] Trial 249 finished with values: [0.9337148036795053, 0.2231121281464531] and parameters: {'psi': 0.518888835399294, 'lda_s': 1.4661290203063805e-05}.
[I 2025-08-10 01:28:59,325] Trial 250 finished with values: [0.9351815041879157, 0.2776101388050694] and parameters: {'psi': 0.8727844430942148, 'lda_s': 9.36933663889411e-07}.
[I 2025-08-10 01:29:05,225] Trial 251 finished with values: [0.9334160313537179, 0.2123793299261783] and parameters: {'psi': 0.3678199585293169, 'lda_s': 1.2666570891511799e-05}.
[I 2025-08-10 01:29:11,121] Trial 252 finished with values: [0.9355233378554069, 0.24793388429752067] and parameters: {'psi': 0.7284463670395064, 'lda_s': 0.00012036822054936379}.
[I 2025-08-10 01:29:17,027] Trial 253 finished with values: [0.9354733597066125, 0.2602905569007264] and parameters: {'psi': 0.8008651857334368, 'lda_s': 0.0005261625229567976}.
[I 2025-08-10 01:29:22,937] Trial 254 finished with values: [0.9388701024471915, 0.207909604519774] and parameters: {'psi': 0.04266269471843509, 'lda_s': 9.628207570233426e-05}.
[I 2025-08-10 01:29:28,836] Trial 255 finished with values: [0.9335517947806955, 0.20807276861853324] and parameters: {'psi': 0.271716762824318, 'lda_s': 9.628207570233426e-05}.
[I 2025-08-10 01:29:34,718] Trial 256 finished with values: [0.9348419058300332, 0.24970691676436108] and parameters: {'psi': 0.9582422971241926, 'lda_s': 8.7812187601406e-06}.
[I 2025-08-10 01:29:40,610] Trial 257 finished with values: [0.9397401018170874, 0.38420348058902276] and parameters: {'psi': 0.8850626030118003, 'lda_s': 6.8710908218308875}.
[I 2025-08-10 01:29:46,515] Trial 258 finished with values: [0.9329287338590613, 0.21739130434782608] and parameters: {'psi': 0.22400136642588886, 'lda_s': 0.0005261625229567976}.
[I 2025-08-10 01:29:52,439] Trial 259 finished with values: [0.8932563324001548, 0.1934657270980141] and parameters: {'psi': 0.0002885791869023935, 'lda_s': 8.818406232748275}.
[I 2025-08-10 01:29:58,344] Trial 260 finished with values: [0.9385716253509753, 0.21541950113378686] and parameters: {'psi': 0.04266269471843509, 'lda_s': 0.0001342206087721809}.
[I 2025-08-10 01:30:04,250] Trial 261 finished with values: [0.9353879961849592, 0.279491833030853] and parameters: {'psi': 0.8744670793798981, 'lda_s': 0.00022290876498956116}.
[I 2025-08-10 01:30:10,139] Trial 262 finished with values: [0.9340632589245158, 0.22528735632183908] and parameters: {'psi': 0.9946401273005534, 'lda_s': 0.0009980060422787734}.
[I 2025-08-10 01:30:16,069] Trial 263 finished with values: [0.9339858666012776, 0.1477832512315271] and parameters: {'psi': 0.004284271108222937, 'lda_s': 9.501598177362812e-08}.
[I 2025-08-10 01:30:21,974] Trial 264 finished with values: [0.9361547495563333, 0.2809611829944547] and parameters: {'psi': 0.8681917915286805, 'lda_s': 0.0012033872564891665}.
[I 2025-08-10 01:30:27,863] Trial 265 finished with values: [0.9352140637920248, 0.2495500899820036] and parameters: {'psi': 0.7848686584301318, 'lda_s': 5.268149457739682e-07}.
[I 2025-08-10 01:30:33,761] Trial 266 finished with values: [0.9149823608766496, 0.18235294117647058] and parameters: {'psi': 0.26170726167905756, 'lda_s': 0.6886726505284205}.
[I 2025-08-10 01:30:39,667] Trial 267 finished with values: [0.9430307306147414, 0.18161683277962348] and parameters: {'psi': 0.010811857531842883, 'lda_s': 9.480076980055856e-07}.
[I 2025-08-10 01:30:45,560] Trial 268 finished with values: [0.915110279632171, 0.22567164179104476] and parameters: {'psi': 0.8417405788660215, 'lda_s': 0.21423219138186353}.
[I 2025-08-10 01:30:51,445] Trial 269 finished with values: [0.9122506438324306, 0.2717311906501096] and parameters: {'psi': 0.8727844430942148, 'lda_s': 0.03310526010128815}.
[I 2025-08-10 01:30:57,320] Trial 270 finished with values: [0.935545311370615, 0.20623229461756373] and parameters: {'psi': 0.09833432865607716, 'lda_s': 8.052675589399237e-05}.
[I 2025-08-10 01:31:03,311] Trial 271 finished with values: [0.935537213645241, 0.24881516587677724] and parameters: {'psi': 0.7434542316775873, 'lda_s': 8.942370531837348e-05}.
[I 2025-08-10 01:31:09,208] Trial 272 finished with values: [0.9260831614464595, 0.20078226857887874] and parameters: {'psi': 0.8008651857334368, 'lda_s': 0.7453382478917927}.
[I 2025-08-10 01:31:15,145] Trial 273 finished with values: [0.9399288378642214, 0.20551090700344432] and parameters: {'psi': 0.011306830576222837, 'lda_s': 4.964460294981087}.
[I 2025-08-10 01:31:21,029] Trial 274 finished with values: [0.9343990192979761, 0.23488773747841105] and parameters: {'psi': 0.6058386132165773, 'lda_s': 9.480076980055856e-07}.
[I 2025-08-10 01:31:26,931] Trial 275 finished with values: [0.9160210628585089, 0.20443173695496783] and parameters: {'psi': 0.14460935520332563, 'lda_s': 0.4842108171577372}.
[I 2025-08-10 01:31:32,831] Trial 276 finished with values: [0.9349134779131588, 0.2631261315630658] and parameters: {'psi': 0.8235408077564663, 'lda_s': 2.3564609476901503e-08}.
[I 2025-08-10 01:31:38,735] Trial 277 finished with values: [0.9352281504601236, 0.25678119349005424] and parameters: {'psi': 0.8008651857334368, 'lda_s': 0.00020801139847560554}.
[I 2025-08-10 01:31:44,632] Trial 278 finished with values: [0.9389209662846987, 0.2041503084688727] and parameters: {'psi': 0.0493972227724645, 'lda_s': 1.9447679315739505e-08}.
[I 2025-08-10 01:31:50,526] Trial 279 finished with values: [0.9351904454263498, 0.27727546714888485] and parameters: {'psi': 0.8744670793798981, 'lda_s': 4.851381041120091e-07}.
[I 2025-08-10 01:31:56,436] Trial 280 finished with values: [0.9359423107922182, 0.24865511057979678] and parameters: {'psi': 0.7284463670395064, 'lda_s': 0.0009023758388968262}.
[I 2025-08-10 01:32:02,342] Trial 281 finished with values: [0.9426221750642186, 0.21307779030439683] and parameters: {'psi': 0.016446422815085127, 'lda_s': 5.592206958768072e-05}.
[I 2025-08-10 01:32:08,250] Trial 282 finished with values: [0.9385181887986358, 0.24282560706401765] and parameters: {'psi': 0.6317713773070723, 'lda_s': 8.818406232748275}.
[I 2025-08-10 01:32:14,140] Trial 283 finished with values: [0.9352571673093815, 0.24805272618334331] and parameters: {'psi': 0.7807697676648102, 'lda_s': 9.480076980055856e-07}.
[I 2025-08-10 01:32:20,034] Trial 284 finished with values: [0.9387305010357916, 0.22339181286549709] and parameters: {'psi': 0.020104204896711164, 'lda_s': 0.0009218842025139639}.
[I 2025-08-10 01:32:25,925] Trial 285 finished with values: [0.9397401018170874, 0.38420348058902276] and parameters: {'psi': 0.8850626030118003, 'lda_s': 6.8710908218308875}.
[I 2025-08-10 01:32:31,821] Trial 286 finished with values: [0.9349154179931966, 0.2631261315630658] and parameters: {'psi': 0.8235408077564663, 'lda_s': 2.2036349335328087e-06}.
[I 2025-08-10 01:32:37,734] Trial 287 finished with values: [0.936109705958939, 0.20507042253521127] and parameters: {'psi': 0.09137199076729785, 'lda_s': 8.918738776723543e-06}.
[I 2025-08-10 01:32:43,634] Trial 288 finished with values: [0.9356020797995407, 0.24836601307189543] and parameters: {'psi': 0.7497394250449299, 'lda_s': 0.000192071848675873}.
[I 2025-08-10 01:32:49,558] Trial 289 finished with values: [0.9405735770714931, 0.22325043377674958] and parameters: {'psi': 0.016446422815085127, 'lda_s': 0.00031051467812537136}.
[I 2025-08-10 01:32:55,466] Trial 290 finished with values: [0.9261147510105497, 0.2025974025974026] and parameters: {'psi': 0.0493972227724645, 'lda_s': 1.1650814373702465}.
[I 2025-08-10 01:33:01,361] Trial 291 finished with values: [0.9334651238137992, 0.2122587968217934] and parameters: {'psi': 0.3413323820172408, 'lda_s': 3.792186960986174e-06}.
[I 2025-08-10 01:33:07,270] Trial 292 finished with values: [0.9350178204786582, 0.20951302378255945] and parameters: {'psi': 0.12679652764164562, 'lda_s': 1.5734799847761607e-05}.
[I 2025-08-10 01:33:13,172] Trial 293 finished with values: [0.9311305327181425, 0.23113207547169812] and parameters: {'psi': 0.20013929494648408, 'lda_s': 0.001333441379967916}.
[I 2025-08-10 01:33:19,076] Trial 294 finished with values: [0.929020316096397, 0.2408187838651415] and parameters: {'psi': 0.297065382602026, 'lda_s': 0.0026547116831726557}.
[I 2025-08-10 01:33:24,990] Trial 295 finished with values: [0.935767914467101, 0.26838235294117646] and parameters: {'psi': 0.8235408077564663, 'lda_s': 0.0011049410404020898}.
[I 2025-08-10 01:33:30,894] Trial 296 finished with values: [0.9379401292987428, 0.2034851039910062] and parameters: {'psi': 0.060271918233716026, 'lda_s': 7.174331371770178e-08}.
[I 2025-08-10 01:33:36,790] Trial 297 finished with values: [0.9159987519380766, 0.1752136752136752] and parameters: {'psi': 0.2894131793346262, 'lda_s': 9.898725397838035}.
[I 2025-08-10 01:33:42,688] Trial 298 finished with values: [0.9352165099798985, 0.2767749699157641] and parameters: {'psi': 0.8850626030118003, 'lda_s': 2.8001469267339575e-07}.
[I 2025-08-10 01:33:48,582] Trial 299 finished with values: [0.9342431380845219, 0.2309017805858702] and parameters: {'psi': 0.5880798644606957, 'lda_s': 2.3816219361182178e-08}.
[I 2025-08-10 01:33:54,472] Trial 300 finished with values: [0.935351556420775, 0.33109919571045576] and parameters: {'psi': 0.9281500906633967, 'lda_s': 2.4559580409761548}.
[I 2025-08-10 01:34:00,363] Trial 301 finished with values: [0.943595884364819, 0.19412090959511924] and parameters: {'psi': 0.016446422815085127, 'lda_s': 1.6615677083555556e-08}.
[I 2025-08-10 01:34:06,267] Trial 302 finished with values: [0.9376307287084019, 0.20337078651685395] and parameters: {'psi': 0.0636898974194321, 'lda_s': 6.554341196126136e-06}.
[I 2025-08-10 01:34:12,253] Trial 303 finished with values: [0.9348874555352635, 0.24129930394431554] and parameters: {'psi': 0.6522709602705161, 'lda_s': 0.00010845192871635838}.
[I 2025-08-10 01:34:18,151] Trial 304 finished with values: [0.9390959952446108, 0.2041503084688727] and parameters: {'psi': 0.04757409833173565, 'lda_s': 1.3704117451825417e-06}.
[I 2025-08-10 01:34:24,070] Trial 305 finished with values: [0.937939117083071, 0.2034851039910062] and parameters: {'psi': 0.060271918233716026, 'lda_s': 1.9333280197063493e-07}.
[I 2025-08-10 01:34:29,995] Trial 306 finished with values: [0.9391567703605708, 0.21058755090168702] and parameters: {'psi': 0.016446422815085127, 'lda_s': 0.022984223382200034}.
[I 2025-08-10 01:34:35,885] Trial 307 finished with values: [0.9237548545230985, 0.2136457615437629] and parameters: {'psi': 0.5086457505082917, 'lda_s': 0.07842882743236919}.
[I 2025-08-10 01:34:41,784] Trial 308 finished with values: [0.9335176746774257, 0.21791215059897318] and parameters: {'psi': 0.4774238133641481, 'lda_s': 5.670612246864274e-07}.
[I 2025-08-10 01:34:47,722] Trial 309 finished with values: [0.9391754541748457, 0.21058755090168702] and parameters: {'psi': 0.016446422815085127, 'lda_s': 0.004224661246406948}.
[I 2025-08-10 01:34:53,598] Trial 310 finished with values: [0.9186420688136265, 0.1782608695652174] and parameters: {'psi': 0.33520532380615986, 'lda_s': 8.818406232748275}.
[I 2025-08-10 01:34:59,486] Trial 311 finished with values: [0.9399627470892262, 0.3790322580645161] and parameters: {'psi': 0.8727844430942148, 'lda_s': 9.898725397838035}.
[I 2025-08-10 01:35:05,393] Trial 312 finished with values: [0.9365303659218699, 0.2826362484157161] and parameters: {'psi': 0.8313610055878912, 'lda_s': 0.0034389600965611545}.
[I 2025-08-10 01:35:11,296] Trial 313 finished with values: [0.9150479440170505, 0.19596541786743515] and parameters: {'psi': 0.21811759278309872, 'lda_s': 4.964460294981087}.
[I 2025-08-10 01:35:17,183] Trial 314 finished with values: [0.9283714858507853, 0.27221438645980256] and parameters: {'psi': 0.7199138670052411, 'lda_s': 0.0178253397149989}.
[I 2025-08-10 01:35:23,079] Trial 315 finished with values: [0.9260254229775151, 0.24429727740986018] and parameters: {'psi': 0.4524487163421712, 'lda_s': 6.9605042752172}.
[I 2025-08-10 01:35:28,969] Trial 316 finished with values: [0.9334867599237835, 0.2092097782831154] and parameters: {'psi': 0.269126079352043, 'lda_s': 0.0001342206087721809}.
[I 2025-08-10 01:35:34,866] Trial 317 finished with values: [0.9342203632319067, 0.20771850170261066] and parameters: {'psi': 0.1517038088450633, 'lda_s': 0.0001342206087721809}.
[I 2025-08-10 01:35:40,760] Trial 318 finished with values: [0.9159121653224864, 0.1873669268985096] and parameters: {'psi': 0.3696762636721389, 'lda_s': 0.31529015791983306}.
[I 2025-08-10 01:35:46,665] Trial 319 finished with values: [0.9342162300179137, 0.2084985835694051] and parameters: {'psi': 0.18513268407524552, 'lda_s': 5.020935386948321e-07}.
[I 2025-08-10 01:35:52,543] Trial 320 finished with values: [0.9340335250891572, 0.22732491389207807] and parameters: {'psi': 0.5620444390293255, 'lda_s': 9.368724212039935e-07}.
[I 2025-08-10 01:35:58,439] Trial 321 finished with values: [0.9352138529137597, 0.275737507525587] and parameters: {'psi': 0.8828522849429938, 'lda_s': 1.2133730592669443e-07}.
[I 2025-08-10 01:36:04,339] Trial 322 finished with values: [0.9361547495563333, 0.2809611829944547] and parameters: {'psi': 0.8681917915286805, 'lda_s': 0.0012033872564891665}.
[I 2025-08-10 01:36:10,240] Trial 323 finished with values: [0.9188051198880894, 0.2618051404662283] and parameters: {'psi': 0.8850626030118003, 'lda_s': 0.36224442438833004}.
[I 2025-08-10 01:36:16,146] Trial 324 finished with values: [0.9333693007302041, 0.2218390804597701] and parameters: {'psi': 0.47796025882242943, 'lda_s': 0.0005332457169054777}.
[I 2025-08-10 01:36:22,048] Trial 325 finished with values: [0.9387305010357916, 0.22339181286549709] and parameters: {'psi': 0.020104204896711164, 'lda_s': 0.0009218842025139639}.
[I 2025-08-10 01:36:27,937] Trial 326 finished with values: [0.9320128473787114, 0.2310850439882698] and parameters: {'psi': 0.13228380532902873, 'lda_s': 0.0009218842025139639}.
[I 2025-08-10 01:36:33,805] Trial 327 finished with values: [0.9211267630582781, 0.2716049382716049] and parameters: {'psi': 0.8524806748972614, 'lda_s': 0.027293686448917703}.
[I 2025-08-10 01:36:39,704] Trial 328 finished with values: [0.9293527445932712, 0.217005076142132] and parameters: {'psi': 0.04266269471843509, 'lda_s': 0.007254270307674524}.
[I 2025-08-10 01:36:45,598] Trial 329 finished with values: [0.9395098227517573, 0.33356117566643884] and parameters: {'psi': 0.9428665757501498, 'lda_s': 4.964460294981087}.
[I 2025-08-10 01:36:51,500] Trial 330 finished with values: [0.9430307306147414, 0.18161683277962348] and parameters: {'psi': 0.010811857531842883, 'lda_s': 9.480076980055856e-07}.
[I 2025-08-10 01:36:57,393] Trial 331 finished with values: [0.9320802862478439, 0.21389059618930548] and parameters: {'psi': 0.033436577934057965, 'lda_s': 0.6774898906536285}.
[I 2025-08-10 01:37:03,391] Trial 332 finished with values: [0.896768214673399, 0.3267687819110139] and parameters: {'psi': 0.9513602291624114, 'lda_s': 0.05629393227457049}.
[I 2025-08-10 01:37:09,286] Trial 333 finished with values: [0.9320159262013799, 0.22456140350877193] and parameters: {'psi': 0.15673021210913607, 'lda_s': 0.0009570490716911131}.
[I 2025-08-10 01:37:15,192] Trial 334 finished with values: [0.933992572530103, 0.20646625070901872] and parameters: {'psi': 0.21201390784466068, 'lda_s': 1.3848236287465175e-06}.
[I 2025-08-10 01:37:21,084] Trial 335 finished with values: [0.9353690171411132, 0.2444183313748531] and parameters: {'psi': 0.7141395527220767, 'lda_s': 2.595781718899297e-07}.
[I 2025-08-10 01:37:26,983] Trial 336 finished with values: [0.9065383733913468, 0.27718040621266427] and parameters: {'psi': 0.8850626030118003, 'lda_s': 0.16522853294544862}.
[I 2025-08-10 01:37:32,878] Trial 337 finished with values: [0.9390039257941315, 0.37566844919786097] and parameters: {'psi': 0.8839582672462554, 'lda_s': 4.964460294981087}.
[I 2025-08-10 01:37:38,784] Trial 338 finished with values: [0.9389209662846987, 0.2041503084688727] and parameters: {'psi': 0.0493972227724645, 'lda_s': 1.9447679315739505e-08}.
[I 2025-08-10 01:37:44,704] Trial 339 finished with values: [0.9398734190561916, 0.20436280137772675] and parameters: {'psi': 0.010811857531842883, 'lda_s': 9.898725397838035}.
[I 2025-08-10 01:37:50,592] Trial 340 finished with values: [0.934390921572602, 0.26649248856956237] and parameters: {'psi': 0.9428665757501498, 'lda_s': 0.010086819784009245}.
[I 2025-08-10 01:37:56,483] Trial 341 finished with values: [0.9389209662846987, 0.2041503084688727] and parameters: {'psi': 0.0493972227724645, 'lda_s': 1.9447679315739505e-08}.
[I 2025-08-10 01:38:02,372] Trial 342 finished with values: [0.9396847251847105, 0.20392156862745098] and parameters: {'psi': 0.04266269471843509, 'lda_s': 6.828250829926704e-08}.
[I 2025-08-10 01:38:08,266] Trial 343 finished with values: [0.9332885343547264, 0.27646662171274444] and parameters: {'psi': 0.8850626030118003, 'lda_s': 0.010063730382746314}.
[I 2025-08-10 01:38:14,171] Trial 344 finished with values: [0.9334451747299346, 0.2123793299261783] and parameters: {'psi': 0.3506644117026849, 'lda_s': 5.793561298857371e-06}.
[I 2025-08-10 01:38:20,069] Trial 345 finished with values: [0.9321346506645491, 0.24536205864751645] and parameters: {'psi': 0.0707677939722362, 'lda_s': 0.0009218842025139639}.
[I 2025-08-10 01:38:25,958] Trial 346 finished with values: [0.9171252636294629, 0.1712280701754386] and parameters: {'psi': 0.10626149596267398, 'lda_s': 9.228464667387}.
[I 2025-08-10 01:38:31,846] Trial 347 finished with values: [0.9390698463397564, 0.3759197324414716] and parameters: {'psi': 0.8850626030118003, 'lda_s': 5.005053135049517}.
[I 2025-08-10 01:38:37,738] Trial 348 finished with values: [0.9219135498648228, 0.17869415807560138] and parameters: {'psi': 0.06454117592777464, 'lda_s': 4.964460294981087}.
[I 2025-08-10 01:38:43,665] Trial 349 finished with values: [0.9391567703605708, 0.21058755090168702] and parameters: {'psi': 0.016446422815085127, 'lda_s': 4.964460294981087}.
[I 2025-08-10 01:38:49,562] Trial 350 finished with values: [0.9351790158243893, 0.25240384615384615] and parameters: {'psi': 0.7884470261852511, 'lda_s': 1.8814314760041332e-06}.
[I 2025-08-10 01:38:55,440] Trial 351 finished with values: [0.9397401018170874, 0.38420348058902276] and parameters: {'psi': 0.8850626030118003, 'lda_s': 6.8710908218308875}.
[I 2025-08-10 01:39:01,321] Trial 352 finished with values: [0.9398818963624427, 0.37812288993923027] and parameters: {'psi': 0.9217867716412832, 'lda_s': 4.964460294981087}.
[I 2025-08-10 01:39:07,216] Trial 353 finished with values: [0.9387305010357916, 0.22339181286549709] and parameters: {'psi': 0.020104204896711164, 'lda_s': 0.0009218842025139639}.
[I 2025-08-10 01:39:13,075] Trial 354 finished with values: [0.9337435674748451, 0.2526186075169439] and parameters: {'psi': 0.6390593339939102, 'lda_s': 0.004224661246406948}.
[I 2025-08-10 01:39:18,981] Trial 355 finished with values: [0.9385181887986358, 0.24282560706401765] and parameters: {'psi': 0.6317713773070723, 'lda_s': 8.818406232748275}.
[I 2025-08-10 01:39:24,868] Trial 356 finished with values: [0.9351610068205624, 0.25206124852767964] and parameters: {'psi': 0.9428665757501498, 'lda_s': 1.1988718130200199e-08}.
[I 2025-08-10 01:39:30,745] Trial 357 finished with values: [0.8933428346644391, 0.3969035890218156] and parameters: {'psi': 0.9183595826341485, 'lda_s': 0.07994455913481784}.
[I 2025-08-10 01:39:36,609] Trial 358 finished with values: [0.9341444470565232, 0.22975301550832855] and parameters: {'psi': 0.5718075856740054, 'lda_s': 0.0001523170894218834}.
[I 2025-08-10 01:39:42,538] Trial 359 finished with values: [0.9391567703605708, 0.21058755090168702] and parameters: {'psi': 0.016446422815085127, 'lda_s': 0.07994455913481784}.
[I 2025-08-10 01:39:48,434] Trial 360 finished with values: [0.9151702955863771, 0.1783901377810007] and parameters: {'psi': 0.27051607399582445, 'lda_s': 4.964460294981087}.
[I 2025-08-10 01:39:54,330] Trial 361 finished with values: [0.9331413413257883, 0.21550741163055873] and parameters: {'psi': 0.34515643771116256, 'lda_s': 0.00031051467812537136}.
[I 2025-08-10 01:40:00,216] Trial 362 finished with values: [0.9333445857975513, 0.21262080727686186] and parameters: {'psi': 0.36458241278287473, 'lda_s': 0.0001342206087721809}.
[I 2025-08-10 01:40:06,105] Trial 363 finished with values: [0.9352249872861493, 0.24940047961630696] and parameters: {'psi': 0.7838909194291014, 'lda_s': 6.828250829926704e-08}.
[I 2025-08-10 01:40:12,001] Trial 364 finished with values: [0.9373735837521164, 0.20337078651685395] and parameters: {'psi': 0.0680042529015289, 'lda_s': 9.480076980055856e-07}.
[I 2025-08-10 01:40:17,889] Trial 365 finished with values: [0.9346389565878412, 0.23801270941652225] and parameters: {'psi': 0.6317713773070723, 'lda_s': 1.6616571021257736e-08}.
[I 2025-08-10 01:40:23,775] Trial 366 finished with values: [0.9404194672354645, 0.34332425068119893] and parameters: {'psi': 0.8235408077564663, 'lda_s': 6.8710908218308875}.
[I 2025-08-10 01:40:29,665] Trial 367 finished with values: [0.8933428346644391, 0.3969035890218156] and parameters: {'psi': 0.9183595826341485, 'lda_s': 0.07994455913481784}.
[I 2025-08-10 01:40:35,553] Trial 368 finished with values: [0.9346926883697515, 0.24046242774566473] and parameters: {'psi': 0.6317713773070723, 'lda_s': 0.00012002410603590186}.
[I 2025-08-10 01:40:41,440] Trial 369 finished with values: [0.9397401018170874, 0.38420348058902276] and parameters: {'psi': 0.8850626030118003, 'lda_s': 6.8710908218308875}.
