[I 2025-08-10 02:45:04,627] Trial 492 finished with values: [0.7555303484380966, 0.1587473002159827] and parameters: {'psi': 0.17541056025517665, 'lda_s': 0.706412977685057}.
[I 2025-08-10 02:45:11,815] Trial 493 finished with values: [0.7803393983856823, 0.2186411149825784] and parameters: {'psi': 0.22664646400632027, 'lda_s': 1.1739974013946976e-06}.
[I 2025-08-10 02:45:19,027] Trial 494 finished with values: [0.7343524736905714, 0.1523809523809524] and parameters: {'psi': 0.9997073599557328, 'lda_s': 0.05998207875325336}.
[I 2025-08-10 02:45:26,222] Trial 495 finished with values: [0.8337974340990388, 0.2401500938086304] and parameters: {'psi': 0.001328763799864685, 'lda_s': 4.164499805708467e-06}.
[I 2025-08-10 02:45:33,414] Trial 496 finished with values: [0.7657967649335959, 0.24340949033391915] and parameters: {'psi': 0.9855727114099637, 'lda_s': 6.600322894180183e-05}.
[I 2025-08-10 02:45:40,594] Trial 497 finished with values: [0.8320780610469631, 0.24003750586029068] and parameters: {'psi': 0.001328763799864685, 'lda_s': 1.1786118876034337e-07}.
[I 2025-08-10 02:45:47,827] Trial 498 finished with values: [0.842501388246102, 0.2214828897338403] and parameters: {'psi': 0.001328763799864685, 'lda_s': 0.14160030203186352}.
[I 2025-08-10 02:45:55,044] Trial 499 finished with values: [0.8101995052883042, 0.27756858526089295] and parameters: {'psi': 0.865064194143978, 'lda_s': 0.14160030203186352}.
