[I 2025-08-10 01:17:29,683] Trial 370 finished with values: [0.9359951936355353, 0.2518703241895262] and parameters: {'psi': 0.8666952035063965, 'lda_s': 9.124512634299037e-07}.
[I 2025-08-10 01:17:35,256] Trial 371 finished with values: [0.9471117368626567, 0.21675977653631284] and parameters: {'psi': 0.16998732718752774, 'lda_s': 2.219289001133775e-06}.
[I 2025-08-10 01:17:40,850] Trial 372 finished with values: [0.9470803081914546, 0.21675977653631284] and parameters: {'psi': 0.1830139956713095, 'lda_s': 2.5086447001538753e-06}.
[I 2025-08-10 01:17:46,430] Trial 373 finished with values: [0.9493544423950552, 0.33955223880597013] and parameters: {'psi': 0.6024594059520773, 'lda_s': 0.05673546505912325}.
[I 2025-08-10 01:17:52,019] Trial 374 finished with values: [0.9269596093955854, 0.2937062937062937] and parameters: {'psi': 0.5543090112382014, 'lda_s': 0.008070952835058256}.
[I 2025-08-10 01:17:57,593] Trial 375 finished with values: [0.9436752180165651, 0.23543123543123542] and parameters: {'psi': 0.2898594430372079, 'lda_s': 0.0004921291441823399}.
[I 2025-08-10 01:18:03,158] Trial 376 finished with values: [0.946639354410649, 0.2224744608399546] and parameters: {'psi': 0.496338465027953, 'lda_s': 2.5086447001538753e-06}.
[I 2025-08-10 01:18:08,746] Trial 377 finished with values: [0.938827742310293, 0.19230769230769232] and parameters: {'psi': 0.6024594059520773, 'lda_s': 0.42318259752450643}.
[I 2025-08-10 01:18:14,319] Trial 378 finished with values: [0.940612827342309, 0.1945031712473573] and parameters: {'psi': 0.9927359107786692, 'lda_s': 4.820480722042747e-07}.
[I 2025-08-10 01:18:19,918] Trial 379 finished with values: [0.9303588265359573, 0.40718562874251496] and parameters: {'psi': 0.2009099097618442, 'lda_s': 0.04380149213922215}.
[I 2025-08-10 01:18:25,502] Trial 380 finished with values: [0.9462823691503782, 0.22784810126582278] and parameters: {'psi': 0.5543090112382014, 'lda_s': 2.1379052432867439e-07}.
[I 2025-08-10 01:18:31,087] Trial 381 finished with values: [0.9462666548147772, 0.22784810126582278] and parameters: {'psi': 0.5543090112382014, 'lda_s': 2.5086447001538753e-06}.
[I 2025-08-10 01:18:36,672] Trial 382 finished with values: [0.9344683633916298, 0.24271844660194175] and parameters: {'psi': 0.8994157511180618, 'lda_s': 3.27400362439609e-08}.
[I 2025-08-10 01:18:42,258] Trial 383 finished with values: [0.9423845789986636, 0.2840909090909091] and parameters: {'psi': 0.5543090112382014, 'lda_s': 0.09881313832578796}.
[I 2025-08-10 01:18:47,841] Trial 384 finished with values: [0.9360997971422131, 0.21396396396396397] and parameters: {'psi': 0.9529291423987348, 'lda_s': 2.5086447001538753e-06}.
[I 2025-08-10 01:18:53,411] Trial 385 finished with values: [0.9396821894672682, 0.2560819462227913] and parameters: {'psi': 0.7533133603500201, 'lda_s': 0.0007166787969645287}.
[I 2025-08-10 01:18:58,996] Trial 386 finished with values: [0.9436934720427684, 0.23741007194244604] and parameters: {'psi': 0.6898975363654736, 'lda_s': 6.993612680559245e-05}.
[I 2025-08-10 01:19:04,560] Trial 387 finished with values: [0.946795862844009, 0.21846846846846846] and parameters: {'psi': 0.13137499787164852, 'lda_s': 2.719385520052446e-05}.
[I 2025-08-10 01:19:10,149] Trial 388 finished with values: [0.947201260956384, 0.21850613154960982] and parameters: {'psi': 0.14209948145232565, 'lda_s': 2.684919490290632e-07}.
[I 2025-08-10 01:19:15,720] Trial 389 finished with values: [0.945133635344874, 0.22897196261682243] and parameters: {'psi': 0.6219124984858765, 'lda_s': 5.623867525563149e-05}.
[I 2025-08-10 01:19:21,320] Trial 390 finished with values: [0.9177224372140864, 0.4186704384724187] and parameters: {'psi': 0.8813610372893554, 'lda_s': 2.724943260358198}.
[I 2025-08-10 01:19:26,888] Trial 391 finished with values: [0.941953625249604, 0.24700239808153476] and parameters: {'psi': 0.5690128729813615, 'lda_s': 0.0011299527710608242}.
[I 2025-08-10 01:19:32,482] Trial 392 finished with values: [0.923823408963203, 0.24127906976744187] and parameters: {'psi': 0.060822720131367025, 'lda_s': 0.045838511850754174}.
[I 2025-08-10 01:19:38,078] Trial 393 finished with values: [0.9191687910120349, 0.27804107424960506] and parameters: {'psi': 0.09230759022472834, 'lda_s': 2.4707178500800033}.
[I 2025-08-10 01:19:43,673] Trial 394 finished with values: [0.946561417655294, 0.2239819004524887] and parameters: {'psi': 0.034161955653451814, 'lda_s': 4.411884990946837e-05}.
[I 2025-08-10 01:19:49,275] Trial 395 finished with values: [0.930572795469192, 0.34285714285714286] and parameters: {'psi': 0.6898975363654736, 'lda_s': 0.07803919177276092}.
[I 2025-08-10 01:19:54,851] Trial 396 finished with values: [0.9388413931472799, 0.2576530612244898] and parameters: {'psi': 0.8195762905468555, 'lda_s': 4.506437369091624e-08}.
[I 2025-08-10 01:20:00,426] Trial 397 finished with values: [0.9435122016260369, 0.23941958887545345] and parameters: {'psi': 0.7083350187165589, 'lda_s': 2.5086447001538753e-06}.
[I 2025-08-10 01:20:06,016] Trial 398 finished with values: [0.9400086984403125, 0.19755826859045506] and parameters: {'psi': 0.6024594059520773, 'lda_s': 1.5520225511032997}.
[I 2025-08-10 01:20:11,591] Trial 399 finished with values: [0.9420888637741707, 0.24969097651421507] and parameters: {'psi': 0.7538353596199181, 'lda_s': 2.7636215353948545e-08}.
[I 2025-08-10 01:20:17,153] Trial 400 finished with values: [0.9465052270007206, 0.2222222222222222] and parameters: {'psi': 0.4881179388072717, 'lda_s': 3.0535752604146895e-05}.
[I 2025-08-10 01:20:22,740] Trial 401 finished with values: [0.9468580852637628, 0.35625] and parameters: {'psi': 0.5543090112382014, 'lda_s': 0.2029324783001692}.
[I 2025-08-10 01:20:28,434] Trial 402 finished with values: [0.9323447058562091, 0.21727748691099477] and parameters: {'psi': 0.48393373980581866, 'lda_s': 0.10311355229631305}.
[I 2025-08-10 01:20:34,002] Trial 403 finished with values: [0.9454256997641262, 0.2281722933643772] and parameters: {'psi': 0.6034938488467437, 'lda_s': 5.623867525563149e-05}.
[I 2025-08-10 01:20:39,587] Trial 404 finished with values: [0.9467618944822047, 0.2157303370786517] and parameters: {'psi': 0.43442684350060545, 'lda_s': 7.879307908837824e-06}.
[I 2025-08-10 01:20:45,182] Trial 405 finished with values: [0.9283200899050473, 0.24788732394366197] and parameters: {'psi': 0.04794388914320946, 'lda_s': 0.11510718561876286}.
[I 2025-08-10 01:20:50,766] Trial 406 finished with values: [0.93126851196353, 0.21714285714285714] and parameters: {'psi': 0.47529699054882335, 'lda_s': 0.05673546505912325}.
[I 2025-08-10 01:20:56,345] Trial 407 finished with values: [0.9248824599443174, 0.39166666666666666] and parameters: {'psi': 0.8332078572717051, 'lda_s': 0.034447324352059855}.
[I 2025-08-10 01:21:01,944] Trial 408 finished with values: [0.9213592741564258, 0.29101283880171186] and parameters: {'psi': 0.11278224800452241, 'lda_s': 0.003460868802649059}.
[I 2025-08-10 01:21:07,531] Trial 409 finished with values: [0.929936920434668, 0.16933638443935928] and parameters: {'psi': 0.4134835882054587, 'lda_s': 0.05673546505912325}.
[I 2025-08-10 01:21:13,120] Trial 410 finished with values: [0.9470401493338073, 0.21603563474387527] and parameters: {'psi': 0.25811675837731785, 'lda_s': 5.350993710246997e-08}.
[I 2025-08-10 01:21:18,698] Trial 411 finished with values: [0.9443655376683736, 0.22985781990521326] and parameters: {'psi': 0.6744962513186027, 'lda_s': 3.0142270866099533e-07}.
[I 2025-08-10 01:21:24,279] Trial 412 finished with values: [0.9296619989269808, 0.36952380952380953] and parameters: {'psi': 0.6024594059520773, 'lda_s': 0.02195787513153607}.
[I 2025-08-10 01:21:29,866] Trial 413 finished with values: [0.9265613541630291, 0.3612167300380228] and parameters: {'psi': 0.14479356569983792, 'lda_s': 0.7228739797425486}.
[I 2025-08-10 01:21:35,439] Trial 414 finished with values: [0.9470288794567602, 0.21627647714604237] and parameters: {'psi': 0.27225139263966514, 'lda_s': 3.1753931114289585e-07}.
[I 2025-08-10 01:21:41,070] Trial 415 finished with values: [0.9253881758354788, 0.24355300859598855] and parameters: {'psi': 0.055978681152521026, 'lda_s': 0.0628933257960031}.
[I 2025-08-10 01:21:46,635] Trial 416 finished with values: [0.9450847463007819, 0.22796709753231492] and parameters: {'psi': 0.6394557052207402, 'lda_s': 2.5086447001538753e-06}.
[I 2025-08-10 01:21:52,220] Trial 417 finished with values: [0.945707446690307, 0.22764227642276422] and parameters: {'psi': 0.6024594059520773, 'lda_s': 2.201692341136971e-07}.
[I 2025-08-10 01:21:57,792] Trial 418 finished with values: [0.9422129911523528, 0.24907521578298397] and parameters: {'psi': 0.7506260865030362, 'lda_s': 1.35104534394862e-06}.
[I 2025-08-10 01:22:03,346] Trial 419 finished with values: [0.9463795123159121, 0.22272727272727272] and parameters: {'psi': 0.501141654697577, 'lda_s': 4.411884990946837e-05}.
[I 2025-08-10 01:22:08,933] Trial 420 finished with values: [0.9515823859758284, 0.3730769230769231] and parameters: {'psi': 0.6024594059520773, 'lda_s': 0.06334518408864126}.
[I 2025-08-10 01:22:14,510] Trial 421 finished with values: [0.9469868158311615, 0.2140468227424749] and parameters: {'psi': 0.31430555876390587, 'lda_s': 2.8005149328438348e-08}.
[I 2025-08-10 01:22:20,087] Trial 422 finished with values: [0.9447587135197254, 0.22877358490566038] and parameters: {'psi': 0.6558126579263177, 'lda_s': 1.35104534394862e-06}.
[I 2025-08-10 01:22:25,676] Trial 423 finished with values: [0.9303064454172871, 0.40239043824701193] and parameters: {'psi': 0.20524905551903638, 'lda_s': 0.03242224464049664}.
[I 2025-08-10 01:22:31,265] Trial 424 finished with values: [0.9107214626078178, 0.1815856777493606] and parameters: {'psi': 0.7987729790864833, 'lda_s': 0.21768266544707796}.
[I 2025-08-10 01:22:36,846] Trial 425 finished with values: [0.9446125225794367, 0.2293144208037825] and parameters: {'psi': 0.662239506611328, 'lda_s': 4.361589561584468e-06}.
[I 2025-08-10 01:22:42,434] Trial 426 finished with values: [0.9304696205384779, 0.4088176352705411] and parameters: {'psi': 0.2009099097618442, 'lda_s': 0.10311355229631305}.
[I 2025-08-10 01:22:48,018] Trial 427 finished with values: [0.9350340794732682, 0.24630541871921183] and parameters: {'psi': 0.8848104191304207, 'lda_s': 2.7636215353948545e-08}.
[I 2025-08-10 01:22:53,597] Trial 428 finished with values: [0.9192537119165457, 0.271875] and parameters: {'psi': 0.08613956496270114, 'lda_s': 0.045838511850754174}.
[I 2025-08-10 01:22:59,185] Trial 429 finished with values: [0.9470755462715755, 0.21651785714285715] and parameters: {'psi': 0.20364271768883835, 'lda_s': 3.1753931114289585e-07}.
[I 2025-08-10 01:23:04,764] Trial 430 finished with values: [0.9303250169048156, 0.16515837104072398] and parameters: {'psi': 0.37511764334689246, 'lda_s': 0.045838511850754174}.
[I 2025-08-10 01:23:10,464] Trial 431 finished with values: [0.9229141997276181, 0.3889980353634578] and parameters: {'psi': 0.27225139263966514, 'lda_s': 0.10311355229631305}.
[I 2025-08-10 01:23:16,041] Trial 432 finished with values: [0.9470842764580205, 0.21651785714285715] and parameters: {'psi': 0.2009099097618442, 'lda_s': 1.0222239980233584e-07}.
[I 2025-08-10 01:23:21,612] Trial 433 finished with values: [0.9441380766288147, 0.23178016726403824] and parameters: {'psi': 0.6845715354458888, 'lda_s': 2.243378848787854e-07}.
[I 2025-08-10 01:23:27,180] Trial 434 finished with values: [0.9421829910571144, 0.24761904761904763] and parameters: {'psi': 0.13734679966198216, 'lda_s': 0.0004197565895688161}.
[I 2025-08-10 01:23:32,765] Trial 435 finished with values: [0.9301880323429598, 0.3920792079207921] and parameters: {'psi': 0.2138521708786968, 'lda_s': 2.724943260358198}.
[I 2025-08-10 01:23:38,366] Trial 436 finished with values: [0.9266950053809693, 0.39490445859872614] and parameters: {'psi': 0.8077399537497869, 'lda_s': 0.034447324352059855}.
[I 2025-08-10 01:23:43,962] Trial 437 finished with values: [0.93519550855717, 0.24721878862793573] and parameters: {'psi': 0.8813610372893554, 'lda_s': 2.464925112762866e-07}.
[I 2025-08-10 01:23:49,543] Trial 438 finished with values: [0.9469857047165229, 0.2140468227424749] and parameters: {'psi': 0.31819259009176826, 'lda_s': 2.3158607138850997e-08}.
[I 2025-08-10 01:23:55,116] Trial 439 finished with values: [0.9413715599097139, 0.25090470446320867] and parameters: {'psi': 0.48282043714107514, 'lda_s': 0.0014136622553310514}.
[I 2025-08-10 01:24:00,720] Trial 440 finished with values: [0.9384799634284554, 0.3983050847457627] and parameters: {'psi': 0.6898975363654736, 'lda_s': 0.030692993780541664}.
[I 2025-08-10 01:24:06,322] Trial 441 finished with values: [0.9384799634284554, 0.3983050847457627] and parameters: {'psi': 0.6898975363654736, 'lda_s': 0.030692993780541664}.
[I 2025-08-10 01:24:11,917] Trial 442 finished with values: [0.9473130073428805, 0.2182628062360802] and parameters: {'psi': 0.11278224800452241, 'lda_s': 3.1753931114289585e-07}.
[I 2025-08-10 01:24:17,496] Trial 443 finished with values: [0.9419852126514688, 0.21904761904761905] and parameters: {'psi': 0.01559602758559231, 'lda_s': 0.05673546505912325}.
[I 2025-08-10 01:24:23,090] Trial 444 finished with values: [0.9380821843878869, 0.2573248407643312] and parameters: {'psi': 0.8318645460649772, 'lda_s': 2.5086447001538753e-06}.
[I 2025-08-10 01:24:28,674] Trial 445 finished with values: [0.9470733240422986, 0.21627647714604237] and parameters: {'psi': 0.20811627896446871, 'lda_s': 9.895247305161923e-08}.
[I 2025-08-10 01:24:34,259] Trial 446 finished with values: [0.9419899745713477, 0.22195704057279236] and parameters: {'psi': 0.01559602758559231, 'lda_s': 0.0031705616201889693}.
[I 2025-08-10 01:24:39,843] Trial 447 finished with values: [0.9410398128248025, 0.28362573099415206] and parameters: {'psi': 0.5543090112382014, 'lda_s': 0.08875057906725978}.
[I 2025-08-10 01:24:45,423] Trial 448 finished with values: [0.924302299372379, 0.39337474120082816] and parameters: {'psi': 0.8813610372893554, 'lda_s': 0.04052327791034076}.
[I 2025-08-10 01:24:51,006] Trial 449 finished with values: [0.9465845923320392, 0.2192090395480226] and parameters: {'psi': 0.10370529408270279, 'lda_s': 4.011152085245914e-05}.
[I 2025-08-10 01:24:56,604] Trial 450 finished with values: [0.9300281905656843, 0.39285714285714285] and parameters: {'psi': 0.21692463015551366, 'lda_s': 5.007012251018678}.
[I 2025-08-10 01:25:02,189] Trial 451 finished with values: [0.9347351896355226, 0.2161547212741752] and parameters: {'psi': 0.9774626947174448, 'lda_s': 0.0018770552042503188}.
[I 2025-08-10 01:25:07,786] Trial 452 finished with values: [0.9492458706218115, 0.4175365344467641] and parameters: {'psi': 0.9997141287693384, 'lda_s': 0.09881313832578796}.
[I 2025-08-10 01:25:13,364] Trial 453 finished with values: [0.8942739500760319, 0.12556053811659193] and parameters: {'psi': 0.7300590939469049, 'lda_s': 0.1805744779758133}.
[I 2025-08-10 01:25:18,943] Trial 454 finished with values: [0.9549423966425291, 0.3963302752293578] and parameters: {'psi': 0.6024594059520773, 'lda_s': 0.09881313832578796}.
[I 2025-08-10 01:25:24,546] Trial 455 finished with values: [0.9301485084079631, 0.4104627766599598] and parameters: {'psi': 0.20811627896446871, 'lda_s': 0.06334518408864126}.
[I 2025-08-10 01:25:30,129] Trial 456 finished with values: [0.9515823859758284, 0.3730769230769231] and parameters: {'psi': 0.6024594059520773, 'lda_s': 0.06334518408864126}.
[I 2025-08-10 01:25:35,708] Trial 457 finished with values: [0.9294286648529043, 0.37593984962406013] and parameters: {'psi': 0.9105042323124469, 'lda_s': 0.05673546505912325}.
[I 2025-08-10 01:25:41,290] Trial 458 finished with values: [0.9230735653129059, 0.4139344262295082] and parameters: {'psi': 0.27225139263966514, 'lda_s': 0.04408996899950046}.
[I 2025-08-10 01:25:46,845] Trial 459 finished with values: [0.9454393506011131, 0.2281722933643772] and parameters: {'psi': 0.6024594059520773, 'lda_s': 5.623867525563149e-05}.
[I 2025-08-10 01:25:52,445] Trial 460 finished with values: [0.9353945568081168, 0.1843088418430884] and parameters: {'psi': 0.3387466658456181, 'lda_s': 0.09448914994460124}.
[I 2025-08-10 01:25:58,014] Trial 461 finished with values: [0.9451120479747555, 0.22769953051643194] and parameters: {'psi': 0.6385413558771167, 'lda_s': 8.162864356193011e-08}.
[I 2025-08-10 01:26:03,584] Trial 462 finished with values: [0.9286442179181521, 0.3583180987202925] and parameters: {'psi': 0.17369467661622084, 'lda_s': 0.01141707115912694}.
[I 2025-08-10 01:26:09,188] Trial 463 finished with values: [0.9247575389128219, 0.2446043165467626] and parameters: {'psi': 0.05781619831455187, 'lda_s': 0.1002773857900773}.
[I 2025-08-10 01:26:14,741] Trial 464 finished with values: [0.9457836374083727, 0.2222222222222222] and parameters: {'psi': 0.43794696824064394, 'lda_s': 0.00017701913550537945}.
[I 2025-08-10 01:26:20,332] Trial 465 finished with values: [0.9203524455633193, 0.26100151745068284] and parameters: {'psi': 0.07526393172098889, 'lda_s': 0.05673546505912325}.
[I 2025-08-10 01:26:25,900] Trial 466 finished with values: [0.9358345582049465, 0.2604501607717042] and parameters: {'psi': 0.533789127112382, 'lda_s': 0.048404009070268636}.
[I 2025-08-10 01:26:31,469] Trial 467 finished with values: [0.9466574497061894, 0.2224744608399546] and parameters: {'psi': 0.4946313948895471, 'lda_s': 2.0051648082484676e-07}.
[I 2025-08-10 01:26:37,041] Trial 468 finished with values: [0.9456858593201883, 0.22764227642276422] and parameters: {'psi': 0.6024594059520773, 'lda_s': 4.743756364570175e-06}.
[I 2025-08-10 01:26:42,717] Trial 469 finished with values: [0.9389380601208259, 0.25511432009626955] and parameters: {'psi': 0.034161955653451814, 'lda_s': 0.00029295220640394496}.
[I 2025-08-10 01:26:48,300] Trial 470 finished with values: [0.9470038000120635, 0.21627647714604237] and parameters: {'psi': 0.25257995806182953, 'lda_s': 4.188361818756243e-06}.
[I 2025-08-10 01:26:53,877] Trial 471 finished with values: [0.9429704538744568, 0.24087591240875914] and parameters: {'psi': 0.7250211276535294, 'lda_s': 2.196280131157073e-05}.
[I 2025-08-10 01:26:59,468] Trial 472 finished with values: [0.9466090368540852, 0.2224744608399546] and parameters: {'psi': 0.504633112888987, 'lda_s': 3.722219965032865e-07}.
[I 2025-08-10 01:27:05,055] Trial 473 finished with values: [0.9266950053809693, 0.39490445859872614] and parameters: {'psi': 0.8077399537497869, 'lda_s': 0.034447324352059855}.
[I 2025-08-10 01:27:10,620] Trial 474 finished with values: [0.9458644313156549, 0.22658959537572254] and parameters: {'psi': 0.5858628235937502, 'lda_s': 1.6137264007648267e-05}.
[I 2025-08-10 01:27:16,200] Trial 475 finished with values: [0.9235551541433464, 0.40162271805273836] and parameters: {'psi': 0.27225139263966514, 'lda_s': 0.034447324352059855}.
[I 2025-08-10 01:27:21,779] Trial 476 finished with values: [0.9442323626424209, 0.23040380047505937] and parameters: {'psi': 0.6807975202431098, 'lda_s': 1.374736815207533e-08}.
[I 2025-08-10 01:27:27,352] Trial 477 finished with values: [0.9440876002780961, 0.23167848699763594] and parameters: {'psi': 0.6504112045826266, 'lda_s': 0.00017701913550537945}.
[I 2025-08-10 01:27:32,910] Trial 478 finished with values: [0.9443904583824075, 0.23167848699763594] and parameters: {'psi': 0.6556358790445818, 'lda_s': 8.148986310016662e-05}.
[I 2025-08-10 01:27:38,500] Trial 479 finished with values: [0.9474822142292515, 0.2182628062360802] and parameters: {'psi': 0.07539358232318238, 'lda_s': 3.4753053245564768e-06}.
[I 2025-08-10 01:27:44,103] Trial 480 finished with values: [0.9291992990453939, 0.3974630021141649] and parameters: {'psi': 0.7960063855637196, 'lda_s': 0.030692993780541664}.
[I 2025-08-10 01:27:49,690] Trial 481 finished with values: [0.9459563363693217, 0.32014388489208634] and parameters: {'psi': 0.6225265331325862, 'lda_s': 0.045838511850754174}.
[I 2025-08-10 01:27:55,287] Trial 482 finished with values: [0.9336020114349569, 0.39658848614072495] and parameters: {'psi': 0.7557095189568059, 'lda_s': 0.030692993780541664}.
[I 2025-08-10 01:28:00,874] Trial 483 finished with values: [0.9460609398759996, 0.22606689734717417] and parameters: {'psi': 0.5759847315161502, 'lda_s': 3.4771938744946855e-07}.
[I 2025-08-10 01:28:06,447] Trial 484 finished with values: [0.9457601452703024, 0.22525597269624573] and parameters: {'psi': 0.46347085418344747, 'lda_s': 0.00017701913550537945}.
[I 2025-08-10 01:28:12,009] Trial 485 finished with values: [0.9394483792012038, 0.26187419768934533] and parameters: {'psi': 0.7905705701180235, 'lda_s': 0.00028514005702368474}.
[I 2025-08-10 01:28:17,599] Trial 486 finished with values: [0.9243637281388195, 0.40816326530612246] and parameters: {'psi': 0.2636653544559381, 'lda_s': 0.38810024245515595}.
[I 2025-08-10 01:28:23,199] Trial 487 finished with values: [0.9365369413871155, 0.21205357142857142] and parameters: {'psi': 0.9587832259315289, 'lda_s': 2.4350528300489885e-05}.
[I 2025-08-10 01:28:28,774] Trial 488 finished with values: [0.9246500782542165, 0.4130879345603272] and parameters: {'psi': 0.25889130544388705, 'lda_s': 0.04380149213922215}.
[I 2025-08-10 01:28:34,375] Trial 489 finished with values: [0.9283200899050473, 0.24788732394366197] and parameters: {'psi': 0.04794388914320946, 'lda_s': 0.3517482871272381}.
[I 2025-08-10 01:28:39,956] Trial 490 finished with values: [0.9450207778437393, 0.23148148148148148] and parameters: {'psi': 0.15777981070943536, 'lda_s': 0.00017701913550537945}.
[I 2025-08-10 01:28:45,543] Trial 491 finished with values: [0.9301929529935014, 0.27549668874172184] and parameters: {'psi': 0.4158055947181414, 'lda_s': 0.005659599797374476}.
[I 2025-08-10 01:28:51,145] Trial 492 finished with values: [0.9479725332461372, 0.21878453038674034] and parameters: {'psi': 0.04583773954693393, 'lda_s': 2.945673918626012e-08}.
