[I 2025-08-10 02:20:36,907] Trial 371 finished with values: [0.8728422977149377, 0.16237942122186494] and parameters: {'psi': 0.8122383615253008, 'lda_s': 0.0008540102696454337}.
[I 2025-08-10 02:20:44,826] Trial 372 finished with values: [0.8708212885018398, 0.13594040968342644] and parameters: {'psi': 0.5964949562030616, 'lda_s': 1.7363420679321195}.
[I 2025-08-10 02:20:52,754] Trial 373 finished with values: [0.8917132568316267, 0.14007782101167315] and parameters: {'psi': 0.44502667147765473, 'lda_s': 0.4495871277027915}.
[I 2025-08-10 02:21:00,673] Trial 374 finished with values: [0.8737626994144825, 0.1635926222935044] and parameters: {'psi': 0.7973413127754604, 'lda_s': 8.478944856996233e-07}.
[I 2025-08-10 02:21:08,638] Trial 375 finished with values: [0.8742461070600118, 0.13644524236983843] and parameters: {'psi': 0.14518084867348657, 'lda_s': 0.3745810016159262}.
[I 2025-08-10 02:21:16,619] Trial 376 finished with values: [0.8859863241343614, 0.16458852867830423] and parameters: {'psi': 0.7305399284831099, 'lda_s': 0.017631562787002994}.
[I 2025-08-10 02:21:24,592] Trial 377 finished with values: [0.879671855907996, 0.1393596986817326] and parameters: {'psi': 0.6846394638152435, 'lda_s': 0.03396033453662329}.
[I 2025-08-10 02:21:32,536] Trial 378 finished with values: [0.8894088220129575, 0.12127236580516898] and parameters: {'psi': 0.8520250075700855, 'lda_s': 2.243831401146564}.
[I 2025-08-10 02:21:40,462] Trial 379 finished with values: [0.8740101040370742, 0.15676959619952494] and parameters: {'psi': 0.5240333880945619, 'lda_s': 3.3355925245577523e-05}.
[I 2025-08-10 02:21:48,385] Trial 380 finished with values: [0.8956287477713909, 0.21202185792349726] and parameters: {'psi': 0.8771057646168513, 'lda_s': 0.211445834088763}.
[I 2025-08-10 02:21:56,333] Trial 381 finished with values: [0.874807913315555, 0.12132701421800948] and parameters: {'psi': 0.6111618966010869, 'lda_s': 0.08790538030385861}.
[I 2025-08-10 02:22:04,266] Trial 382 finished with values: [0.8949246737679462, 0.15526046986721145] and parameters: {'psi': 0.47196819086344477, 'lda_s': 2.5828757884222853}.
[I 2025-08-10 02:22:12,207] Trial 383 finished with values: [0.8737767243910485, 0.1635926222935044] and parameters: {'psi': 0.7949214474719252, 'lda_s': 2.5241051987312953e-08}.
[I 2025-08-10 02:22:20,124] Trial 384 finished with values: [0.8859256837680571, 0.1670843776106934] and parameters: {'psi': 0.7929372486136146, 'lda_s': 0.016637962752009936}.
[I 2025-08-10 02:22:28,051] Trial 385 finished with values: [0.8939408065269617, 0.1415752741774676] and parameters: {'psi': 0.4630041380506261, 'lda_s': 0.4662735636620752}.
[I 2025-08-10 02:22:36,028] Trial 386 finished with values: [0.8795189937533359, 0.17] and parameters: {'psi': 0.42839882587683853, 'lda_s': 0.012433311994042132}.
[I 2025-08-10 02:22:43,990] Trial 387 finished with values: [0.8764935338804084, 0.13793103448275862] and parameters: {'psi': 0.5770387376671455, 'lda_s': 4.690486834804712}.
[I 2025-08-10 02:22:51,917] Trial 388 finished with values: [0.8991580978095811, 0.16156462585034015] and parameters: {'psi': 0.5343249003335432, 'lda_s': 0.04630817736691618}.
[I 2025-08-10 02:22:59,839] Trial 389 finished with values: [0.8956287477713909, 0.21202185792349726] and parameters: {'psi': 0.8771057646168513, 'lda_s': 0.211445834088763}.
[I 2025-08-10 02:23:07,750] Trial 390 finished with values: [0.90027676626418, 0.17299205648720212] and parameters: {'psi': 0.5303815675374106, 'lda_s': 0.03983773718239917}.
[I 2025-08-10 02:23:15,660] Trial 391 finished with values: [0.8956287477713909, 0.21202185792349726] and parameters: {'psi': 0.8771057646168513, 'lda_s': 0.211445834088763}.
[I 2025-08-10 02:23:23,581] Trial 392 finished with values: [0.8730638721648611, 0.17142857142857143] and parameters: {'psi': 0.22269527595346283, 'lda_s': 0.07569867174112004}.
[I 2025-08-10 02:23:31,475] Trial 393 finished with values: [0.8740450151298217, 0.15689381933438987] and parameters: {'psi': 0.5028996056609476, 'lda_s': 1.3578225924069057e-05}.
[I 2025-08-10 02:23:39,377] Trial 394 finished with values: [0.8737899421747188, 0.1635926222935044] and parameters: {'psi': 0.7883699565755741, 'lda_s': 1.826857805655624e-05}.
[I 2025-08-10 02:23:47,272] Trial 395 finished with values: [0.8860360673965708, 0.17613168724279835] and parameters: {'psi': 0.9397082483665442, 'lda_s': 0.017631562787002994}.
[I 2025-08-10 02:23:55,186] Trial 396 finished with values: [0.8704235442023875, 0.1367837338262477] and parameters: {'psi': 0.6624436510711528, 'lda_s': 0.061380862133503994}.
[I 2025-08-10 02:24:03,108] Trial 397 finished with values: [0.8712033934389344, 0.16545718432510886] and parameters: {'psi': 0.2774515053238601, 'lda_s': 4.690486834804712}.
[I 2025-08-10 02:24:11,029] Trial 398 finished with values: [0.889828158722375, 0.15986677768526228] and parameters: {'psi': 0.5964949562030616, 'lda_s': 0.017631562787002994}.
[I 2025-08-10 02:24:18,952] Trial 399 finished with values: [0.8917233467428254, 0.11262135922330097] and parameters: {'psi': 0.44502667147765473, 'lda_s': 0.17439911667051924}.
[I 2025-08-10 02:24:26,890] Trial 400 finished with values: [0.8930767065319059, 0.15921483097055616] and parameters: {'psi': 0.5028996056609476, 'lda_s': 4.690486834804712}.
[I 2025-08-10 02:24:34,819] Trial 401 finished with values: [0.8729313916308222, 0.16466826538768986] and parameters: {'psi': 0.9397082483665442, 'lda_s': 3.325307905808675e-07}.
[I 2025-08-10 02:24:42,844] Trial 402 finished with values: [0.8966393532770518, 0.17513134851138354] and parameters: {'psi': 0.5303815675374106, 'lda_s': 0.06455090041096193}.
[I 2025-08-10 02:24:50,820] Trial 403 finished with values: [0.8734292278493657, 0.1968040370058873] and parameters: {'psi': 0.06087911665137313, 'lda_s': 4.106360675602753}.
[I 2025-08-10 02:24:58,759] Trial 404 finished with values: [0.8781815760239494, 0.18830525272547077] and parameters: {'psi': 0.8520250075700855, 'lda_s': 0.05515569415314372}.
[I 2025-08-10 02:25:06,652] Trial 405 finished with values: [0.8729115145057609, 0.2133051742344245] and parameters: {'psi': 0.9739728559263513, 'lda_s': 0.211445834088763}.
[I 2025-08-10 02:25:14,618] Trial 406 finished with values: [0.8766538625693557, 0.378021978021978] and parameters: {'psi': 0.9029970838126619, 'lda_s': 0.04630817736691618}.
[I 2025-08-10 02:25:22,569] Trial 407 finished with values: [0.8777875649916405, 0.30787589498806683] and parameters: {'psi': 0.9746552784525232, 'lda_s': 0.08790538030385861}.
[I 2025-08-10 02:25:30,532] Trial 408 finished with values: [0.8742121040592721, 0.1592356687898089] and parameters: {'psi': 0.7071446861060524, 'lda_s': 9.732969013082206e-07}.
[I 2025-08-10 02:25:38,450] Trial 409 finished with values: [0.8740358333106312, 0.15689381933438987] and parameters: {'psi': 0.47196819086344477, 'lda_s': 4.701390350304938e-06}.
[I 2025-08-10 02:25:46,418] Trial 410 finished with values: [0.879819067712385, 0.3004975124378109] and parameters: {'psi': 0.37784236507096647, 'lda_s': 0.03983773718239917}.
[I 2025-08-10 02:25:54,371] Trial 411 finished with values: [0.873967121015368, 0.14784394250513347] and parameters: {'psi': 0.17036081746395737, 'lda_s': 0.211445834088763}.
[I 2025-08-10 02:26:02,306] Trial 412 finished with values: [0.8707336071735232, 0.19741100323624594] and parameters: {'psi': 0.029531308034514314, 'lda_s': 0.04630817736691618}.
[I 2025-08-10 02:26:10,279] Trial 413 finished with values: [0.8743316695069767, 0.17294520547945205] and parameters: {'psi': 0.10665138561395027, 'lda_s': 0.08790538030385861}.
[I 2025-08-10 02:26:18,249] Trial 414 finished with values: [0.881578041931653, 0.22577209797657083] and parameters: {'psi': 0.9397082483665442, 'lda_s': 0.211445834088763}.
[I 2025-08-10 02:26:26,152] Trial 415 finished with values: [0.8809232066948578, 0.17813765182186234] and parameters: {'psi': 0.995792674582372, 'lda_s': 0.017631562787002994}.
[I 2025-08-10 02:26:34,074] Trial 416 finished with values: [0.8728892158020117, 0.1594896331738437] and parameters: {'psi': 0.5964949562030616, 'lda_s': 0.0009438897644653425}.
[I 2025-08-10 02:26:42,005] Trial 417 finished with values: [0.8823516354232566, 0.3016983016983017] and parameters: {'psi': 0.38640413408853136, 'lda_s': 0.03985730546832524}.
[I 2025-08-10 02:26:49,936] Trial 418 finished with values: [0.874166094064206, 0.15689381933438987] and parameters: {'psi': 0.5964949562030616, 'lda_s': 3.4766128309387714e-08}.
[I 2025-08-10 02:26:57,849] Trial 419 finished with values: [0.8725267861917547, 0.1554959785522788] and parameters: {'psi': 0.7138392144811522, 'lda_s': 0.04630817736691618}.
[I 2025-08-10 02:27:05,825] Trial 420 finished with values: [0.8922617444043877, 0.1620718462823726] and parameters: {'psi': 0.5343249003335432, 'lda_s': 0.017336181107523035}.
[I 2025-08-10 02:27:13,785] Trial 421 finished with values: [0.873890235892034, 0.1583531274742676] and parameters: {'psi': 0.36800366619833413, 'lda_s': 3.986581720507761e-08}.
[I 2025-08-10 02:27:21,720] Trial 422 finished with values: [0.8757924868503234, 0.30425963488843816] and parameters: {'psi': 0.361167350266543, 'lda_s': 0.04630817736691618}.
[I 2025-08-10 02:27:29,689] Trial 423 finished with values: [0.8918159721276293, 0.24812834224598931] and parameters: {'psi': 0.7973413127754604, 'lda_s': 0.39358995296450017}.
[I 2025-08-10 02:27:37,659] Trial 424 finished with values: [0.8886998039530254, 0.13729977116704806] and parameters: {'psi': 0.5303815675374106, 'lda_s': 0.4662735636620752}.
[I 2025-08-10 02:27:45,623] Trial 425 finished with values: [0.8731317772672282, 0.1686746987951807] and parameters: {'psi': 0.8771057646168513, 'lda_s': 1.8321029254318335e-08}.
[I 2025-08-10 02:27:53,561] Trial 426 finished with values: [0.8740566185277004, 0.1349134001823154] and parameters: {'psi': 0.15630804086688488, 'lda_s': 0.03985730546832524}.
[I 2025-08-10 02:28:01,472] Trial 427 finished with values: [0.8856446797411737, 0.16875522138680032] and parameters: {'psi': 0.8661128349439419, 'lda_s': 0.017631562787002994}.
[I 2025-08-10 02:28:09,408] Trial 428 finished with values: [0.8733826124596278, 0.16546184738955824] and parameters: {'psi': 0.9397082483665442, 'lda_s': 0.0028216866120057667}.
[I 2025-08-10 02:28:17,342] Trial 429 finished with values: [0.8739530960388016, 0.15689381933438987] and parameters: {'psi': 0.4522801224182206, 'lda_s': 1.9034021431558752e-05}.
[I 2025-08-10 02:28:25,301] Trial 430 finished with values: [0.8719488360782937, 0.1491628614916286] and parameters: {'psi': 0.26178933154138906, 'lda_s': 5.05068086287628}.
[I 2025-08-10 02:28:33,337] Trial 431 finished with values: [0.8982011706314973, 0.2205071664829107] and parameters: {'psi': 0.8520250075700855, 'lda_s': 0.211445834088763}.
[I 2025-08-10 02:28:41,272] Trial 432 finished with values: [0.8988052536149629, 0.15776081424936386] and parameters: {'psi': 0.5028996056609476, 'lda_s': 0.025651651866875298}.
[I 2025-08-10 02:28:49,253] Trial 433 finished with values: [0.8739449232107307, 0.1583531274742676] and parameters: {'psi': 0.40231412361947494, 'lda_s': 5.7577526663826724e-08}.
[I 2025-08-10 02:28:57,209] Trial 434 finished with values: [0.8599667638325115, 0.16204217536071033] and parameters: {'psi': 0.9934566349401803, 'lda_s': 0.1586775872382569}.
[I 2025-08-10 02:29:05,115] Trial 435 finished with values: [0.8757183260030129, 0.2702702702702703] and parameters: {'psi': 0.9711974052085359, 'lda_s': 0.10685259948670463}.
[I 2025-08-10 02:29:13,099] Trial 436 finished with values: [0.8739771100274547, 0.15689381933438987] and parameters: {'psi': 0.4247142636488236, 'lda_s': 5.043187114113486e-07}.
[I 2025-08-10 02:29:21,070] Trial 437 finished with values: [0.8740853747746167, 0.15689381933438987] and parameters: {'psi': 0.4993723945970101, 'lda_s': 4.960312115617845e-08}.
[I 2025-08-10 02:29:29,065] Trial 438 finished with values: [0.8956287477713909, 0.21202185792349726] and parameters: {'psi': 0.8771057646168513, 'lda_s': 0.211445834088763}.
[I 2025-08-10 02:29:37,011] Trial 439 finished with values: [0.8725187142627957, 0.23059360730593606] and parameters: {'psi': 0.352484827315914, 'lda_s': 0.4662735636620752}.
[I 2025-08-10 02:29:44,959] Trial 440 finished with values: [0.8694744871550386, 0.1446480231436837] and parameters: {'psi': 0.7895175464691313, 'lda_s': 0.07569867174112004}.
[I 2025-08-10 02:29:52,888] Trial 441 finished with values: [0.8828814566602999, 0.15370705244122965] and parameters: {'psi': 0.5964949562030616, 'lda_s': 0.061380862133503994}.
[I 2025-08-10 02:30:00,799] Trial 442 finished with values: [0.8735637263656443, 0.1570182394924663] and parameters: {'psi': 0.5028996056609476, 'lda_s': 0.0001723357754672825}.
[I 2025-08-10 02:30:08,772] Trial 443 finished with values: [0.8728411878247059, 0.163855421686747] and parameters: {'psi': 0.8923146577243202, 'lda_s': 9.904940391675524e-08}.
[I 2025-08-10 02:30:16,754] Trial 444 finished with values: [0.8721027072240736, 0.15076923076923077] and parameters: {'psi': 0.2565535862043422, 'lda_s': 0.07569867174112004}.
[I 2025-08-10 02:30:24,719] Trial 445 finished with values: [0.8731936284228762, 0.1583531274742676] and parameters: {'psi': 0.2463940047739137, 'lda_s': 7.58406548213834e-05}.
[I 2025-08-10 02:30:32,698] Trial 446 finished with values: [0.89008383707215, 0.15279361459521096] and parameters: {'psi': 0.5211618812193549, 'lda_s': 2.2230397436077114}.
[I 2025-08-10 02:30:40,651] Trial 447 finished with values: [0.8733831169551878, 0.16733708769107] and parameters: {'psi': 0.8520250075700855, 'lda_s': 3.390331394684447e-07}.
[I 2025-08-10 02:30:48,567] Trial 448 finished with values: [0.8738460420809837, 0.15822784810126583] and parameters: {'psi': 0.3510137925384469, 'lda_s': 3.3588604243154572e-06}.
[I 2025-08-10 02:30:56,482] Trial 449 finished with values: [0.8976186800579969, 0.20994475138121546] and parameters: {'psi': 0.4522801224182206, 'lda_s': 0.03396033453662329}.
[I 2025-08-10 02:31:04,457] Trial 450 finished with values: [0.8725264834944189, 0.16464891041162227] and parameters: {'psi': 0.8771057646168513, 'lda_s': 0.0015751657344718418}.
[I 2025-08-10 02:31:12,387] Trial 451 finished with values: [0.8851944679034879, 0.1688963210702341] and parameters: {'psi': 0.8838661414119569, 'lda_s': 0.018514019465296794}.
[I 2025-08-10 02:31:20,285] Trial 452 finished with values: [0.8728202008094126, 0.18032786885245902] and parameters: {'psi': 0.9937825367218693, 'lda_s': 0.04630817736691618}.
[I 2025-08-10 02:31:28,244] Trial 453 finished with values: [0.8991580978095811, 0.16156462585034015] and parameters: {'psi': 0.5343249003335432, 'lda_s': 0.04630817736691618}.
[I 2025-08-10 02:31:36,212] Trial 454 finished with values: [0.894409684700365, 0.13581395348837208] and parameters: {'psi': 0.4522801224182206, 'lda_s': 0.08790538030385861}.
[I 2025-08-10 02:31:44,122] Trial 455 finished with values: [0.8759782421154912, 0.25686059275521406] and parameters: {'psi': 0.36821446809015346, 'lda_s': 0.5376048053051287}.
[I 2025-08-10 02:31:52,051] Trial 456 finished with values: [0.8726043776088727, 0.1994459833795014] and parameters: {'psi': 0.2292060449225286, 'lda_s': 0.03983773718239917}.
[I 2025-08-10 02:31:59,979] Trial 457 finished with values: [0.8917281899002006, 0.11055276381909548] and parameters: {'psi': 0.4402063455606199, 'lda_s': 0.10685259948670463}.
[I 2025-08-10 02:32:07,904] Trial 458 finished with values: [0.8739640940420084, 0.15689381933438987] and parameters: {'psi': 0.43019820625332006, 'lda_s': 6.073680677290309e-06}.
[I 2025-08-10 02:32:15,810] Trial 459 finished with values: [0.8787988767910853, 0.29571984435797666] and parameters: {'psi': 0.37784236507096647, 'lda_s': 0.03396033453662329}.
[I 2025-08-10 02:32:23,716] Trial 460 finished with values: [0.873636474625387, 0.15822784810126583] and parameters: {'psi': 0.24509933945414009, 'lda_s': 4.967106526818712e-07}.
[I 2025-08-10 02:32:31,609] Trial 461 finished with values: [0.8727377662349195, 0.1573926868044515] and parameters: {'psi': 0.352484827315914, 'lda_s': 0.00033870571099161933}.
[I 2025-08-10 02:32:39,513] Trial 462 finished with values: [0.8966393532770518, 0.17513134851138354] and parameters: {'psi': 0.5303815675374106, 'lda_s': 0.06455090041096193}.
[I 2025-08-10 02:32:47,415] Trial 463 finished with values: [0.8730941418984572, 0.1594896331738437] and parameters: {'psi': 0.6647363888189634, 'lda_s': 0.0008316307424574916}.
[I 2025-08-10 02:32:55,341] Trial 464 finished with values: [0.8769700803863226, 0.33783783783783783] and parameters: {'psi': 0.8759966656299941, 'lda_s': 0.04630817736691618}.
[I 2025-08-10 02:33:03,260] Trial 465 finished with values: [0.8739318063261726, 0.15689381933438987] and parameters: {'psi': 0.40231412361947494, 'lda_s': 3.4251783505146063e-06}.
[I 2025-08-10 02:33:11,176] Trial 466 finished with values: [0.8741807244354441, 0.1570182394924663] and parameters: {'psi': 0.6252795869749203, 'lda_s': 1.5886692388963818e-07}.
[I 2025-08-10 02:33:19,094] Trial 467 finished with values: [0.9019551220929705, 0.15789473684210525] and parameters: {'psi': 0.5173709130786056, 'lda_s': 0.04630817736691618}.
[I 2025-08-10 02:33:27,056] Trial 468 finished with values: [0.8757932940432192, 0.16203335980937253] and parameters: {'psi': 0.9999770663406587, 'lda_s': 5.4715009236490865e-06}.
[I 2025-08-10 02:33:35,120] Trial 469 finished with values: [0.8739405845489152, 0.1583531274742676] and parameters: {'psi': 0.4028324035052949, 'lda_s': 1.3118235411030878e-06}.
[I 2025-08-10 02:33:43,031] Trial 470 finished with values: [0.8740192858562651, 0.15689381933438987] and parameters: {'psi': 0.4522801224182206, 'lda_s': 2.987442264814732e-07}.
[I 2025-08-10 02:33:50,954] Trial 471 finished with values: [0.8798544833006926, 0.29743589743589743] and parameters: {'psi': 0.37784236507096647, 'lda_s': 0.061380862133503994}.
[I 2025-08-10 02:33:58,855] Trial 472 finished with values: [0.8739182858451663, 0.1583531274742676] and parameters: {'psi': 0.38640413408853136, 'lda_s': 1.135863213060248e-08}.
[I 2025-08-10 02:34:06,761] Trial 473 finished with values: [0.878518175461538, 0.12276785714285714] and parameters: {'psi': 0.5738660049284485, 'lda_s': 0.211445834088763}.
[I 2025-08-10 02:34:14,671] Trial 474 finished with values: [0.8771516987878989, 0.15993121238177127] and parameters: {'psi': 0.9890162358511638, 'lda_s': 0.03985730546832524}.
[I 2025-08-10 02:34:22,583] Trial 475 finished with values: [0.8781668447535994, 0.36421725239616615] and parameters: {'psi': 0.9333496001121238, 'lda_s': 0.04630817736691618}.
[I 2025-08-10 02:34:30,500] Trial 476 finished with values: [0.8780209446376662, 0.15480427046263345] and parameters: {'psi': 0.6457081143437439, 'lda_s': 0.04630817736691618}.
[I 2025-08-10 02:34:38,474] Trial 477 finished with values: [0.8873733842268455, 0.1619156214367161] and parameters: {'psi': 0.5343249003335432, 'lda_s': 4.64847933656583}.
[I 2025-08-10 02:34:46,430] Trial 478 finished with values: [0.8807932486386187, 0.20321931589537223] and parameters: {'psi': 0.38640413408853136, 'lda_s': 2.936472544046843}.
[I 2025-08-10 02:34:54,353] Trial 479 finished with values: [0.8974691475740322, 0.1357210179076343] and parameters: {'psi': 0.5044713684595838, 'lda_s': 0.09039662692650144}.
[I 2025-08-10 02:35:02,269] Trial 480 finished with values: [0.8807254444353636, 0.2998986828774063] and parameters: {'psi': 0.3790769210446391, 'lda_s': 0.04630817736691618}.
[I 2025-08-10 02:35:10,224] Trial 481 finished with values: [0.8764161442615142, 0.234] and parameters: {'psi': 0.8771057646168513, 'lda_s': 0.03985730546832524}.
[I 2025-08-10 02:35:18,183] Trial 482 finished with values: [0.8791737169921168, 0.3847826086956522] and parameters: {'psi': 0.9397082483665442, 'lda_s': 0.04882702585720906}.
[I 2025-08-10 02:35:26,094] Trial 483 finished with values: [0.8741915206404268, 0.16759776536312848] and parameters: {'psi': 0.9874919025083623, 'lda_s': 0.0011835803094272356}.
[I 2025-08-10 02:35:34,044] Trial 484 finished with values: [0.8732362078481347, 0.1583531274742676] and parameters: {'psi': 0.18279339885756773, 'lda_s': 2.0359172257743686e-05}.
[I 2025-08-10 02:35:42,010] Trial 485 finished with values: [0.8948850204169353, 0.16966580976863754] and parameters: {'psi': 0.4522801224182206, 'lda_s': 0.02709015928700034}.
[I 2025-08-10 02:35:49,907] Trial 486 finished with values: [0.8742637644046095, 0.15977961432506887] and parameters: {'psi': 0.7862932431448798, 'lda_s': 0.04630817736691618}.
[I 2025-08-10 02:35:57,802] Trial 487 finished with values: [0.8757183260030129, 0.2702702702702703] and parameters: {'psi': 0.9711974052085359, 'lda_s': 0.10685259948670463}.
[I 2025-08-10 02:36:05,725] Trial 488 finished with values: [0.8739073887410718, 0.1583531274742676] and parameters: {'psi': 0.37814723407363293, 'lda_s': 4.250791938149846e-08}.
[I 2025-08-10 02:36:13,637] Trial 489 finished with values: [0.8741532798769839, 0.1570182394924663] and parameters: {'psi': 0.5699098880343169, 'lda_s': 1.106190849626625e-08}.
[I 2025-08-10 02:36:21,600] Trial 490 finished with values: [0.8913368022448034, 0.25502008032128515] and parameters: {'psi': 0.7973413127754604, 'lda_s': 0.211445834088763}.
[I 2025-08-10 02:36:29,507] Trial 491 finished with values: [0.8744785786140297, 0.16051660516605165] and parameters: {'psi': 0.7965627560683883, 'lda_s': 0.047860709345157876}.
[I 2025-08-10 02:36:37,436] Trial 492 finished with values: [0.9018331350665783, 0.15776081424936386] and parameters: {'psi': 0.5182635347254424, 'lda_s': 0.04630817736691618}.
[I 2025-08-10 02:36:45,383] Trial 493 finished with values: [0.8742339991665734, 0.13644524236983843] and parameters: {'psi': 0.14543670422657684, 'lda_s': 0.05515569415314372}.
[I 2025-08-10 02:36:53,321] Trial 494 finished with values: [0.8988052536149629, 0.15776081424936386] and parameters: {'psi': 0.5028996056609476, 'lda_s': 0.025651651866875298}.
