[I 2025-08-10 02:04:02,427] Trial 372 finished with values: [0.8671857211283387, 0.2870722433460076] and parameters: {'psi': 0.2538385044723058, 'lda_s': 0.7573977948232474}.
[I 2025-08-10 02:04:07,951] Trial 373 finished with values: [0.8566617963589558, 0.2410518626734843] and parameters: {'psi': 0.21080815563410393, 'lda_s': 0.0020015718889380236}.
[I 2025-08-10 02:04:13,476] Trial 374 finished with values: [0.85865166363164, 0.24233576642335766] and parameters: {'psi': 0.17213107706028696, 'lda_s': 0.0013244654257542207}.
[I 2025-08-10 02:04:18,993] Trial 375 finished with values: [0.8720591607964185, 0.27631578947368424] and parameters: {'psi': 0.5217355362933778, 'lda_s': 5.967471454452081}.
[I 2025-08-10 02:04:24,516] Trial 376 finished with values: [0.8576079674795856, 0.29080675422138835] and parameters: {'psi': 0.19272708121312165, 'lda_s': 0.023518146743737908}.
[I 2025-08-10 02:04:30,030] Trial 377 finished with values: [0.8719491536582997, 0.23226812159002339] and parameters: {'psi': 0.6301831239266765, 'lda_s': 4.457249559454418}.
[I 2025-08-10 02:04:35,546] Trial 378 finished with values: [0.8606750679931899, 0.24041297935103245] and parameters: {'psi': 0.9422181119273441, 'lda_s': 4.351435964197879e-08}.
[I 2025-08-10 02:04:41,059] Trial 379 finished with values: [0.8603894197823011, 0.28792270531400965] and parameters: {'psi': 0.1813940652567576, 'lda_s': 3.49491342228434}.
[I 2025-08-10 02:04:46,575] Trial 380 finished with values: [0.8618236275580775, 0.25801282051282054] and parameters: {'psi': 0.06752430497587492, 'lda_s': 7.136371817381851}.
[I 2025-08-10 02:04:52,091] Trial 381 finished with values: [0.8513311823874457, 0.2379182156133829] and parameters: {'psi': 0.5657206569893384, 'lda_s': 0.007134361777343219}.
[I 2025-08-10 02:04:57,615] Trial 382 finished with values: [0.8617708872281439, 0.25391849529780564] and parameters: {'psi': 0.0559043455247209, 'lda_s': 4.457249559454418}.
[I 2025-08-10 02:05:03,135] Trial 383 finished with values: [0.863658154327121, 0.2892018779342723] and parameters: {'psi': 0.21080815563410393, 'lda_s': 4.457249559454418}.
[I 2025-08-10 02:05:08,644] Trial 384 finished with values: [0.8718038262732161, 0.2421129860601614] and parameters: {'psi': 0.434809055462409, 'lda_s': 2.507193844523016e-07}.
[I 2025-08-10 02:05:14,159] Trial 385 finished with values: [0.8624972498215471, 0.26512455516014233] and parameters: {'psi': 0.451287370913672, 'lda_s': 3.49491342228434}.
[I 2025-08-10 02:05:19,664] Trial 386 finished with values: [0.8664224608788829, 0.25316455696202533] and parameters: {'psi': 0.7963757129967359, 'lda_s': 3.49491342228434}.
[I 2025-08-10 02:05:25,182] Trial 387 finished with values: [0.863658154327121, 0.2892018779342723] and parameters: {'psi': 0.21080815563410393, 'lda_s': 2.6175307035621462}.
[I 2025-08-10 02:05:30,690] Trial 388 finished with values: [0.8720584749663806, 0.24011713030746706] and parameters: {'psi': 0.2574953193811206, 'lda_s': 7.502726888174557e-06}.
[I 2025-08-10 02:05:36,205] Trial 389 finished with values: [0.8788780945337151, 0.23625922887612796] and parameters: {'psi': 0.5708850992367807, 'lda_s': 0.26160648106056716}.
[I 2025-08-10 02:05:41,722] Trial 390 finished with values: [0.865418954367064, 0.24260355029585798] and parameters: {'psi': 0.8318221737542152, 'lda_s': 3.80251678557262e-08}.
[I 2025-08-10 02:05:47,236] Trial 391 finished with values: [0.8592447008656272, 0.2725694444444444] and parameters: {'psi': 0.4183498661799595, 'lda_s': 0.9785841324638737}.
[I 2025-08-10 02:05:52,746] Trial 392 finished with values: [0.872025006460519, 0.2410518626734843] and parameters: {'psi': 0.21080815563410393, 'lda_s': 3.678432090715792e-06}.
[I 2025-08-10 02:05:58,263] Trial 393 finished with values: [0.8746845181824516, 0.2880143112701252] and parameters: {'psi': 0.9711388713988806, 'lda_s': 3.49491342228434}.
[I 2025-08-10 02:06:03,778] Trial 394 finished with values: [0.8705521178705911, 0.24017467248908297] and parameters: {'psi': 0.21080815563410393, 'lda_s': 0.00012535211248365912}.
[I 2025-08-10 02:06:09,296] Trial 395 finished with values: [0.8696392095068115, 0.28] and parameters: {'psi': 0.49417904251304245, 'lda_s': 3.49491342228434}.
[I 2025-08-10 02:06:14,819] Trial 396 finished with values: [0.8522200866998899, 0.2490023942537909] and parameters: {'psi': 0.1813940652567576, 'lda_s': 0.006637021355578483}.
[I 2025-08-10 02:06:20,340] Trial 397 finished with values: [0.860083813917302, 0.281195079086116] and parameters: {'psi': 0.35391661185960754, 'lda_s': 0.026435853034949088}.
[I 2025-08-10 02:06:25,857] Trial 398 finished with values: [0.8718718606130005, 0.24358033749082905] and parameters: {'psi': 0.41363409031597154, 'lda_s': 8.42024555451384e-07}.
[I 2025-08-10 02:06:31,371] Trial 399 finished with values: [0.8604355075608647, 0.2545454545454545] and parameters: {'psi': 0.09444464963580146, 'lda_s': 7.6651370471744675}.
[I 2025-08-10 02:06:36,888] Trial 400 finished with values: [0.8663499686438506, 0.2662835249042146] and parameters: {'psi': 0.8594399457362086, 'lda_s': 0.044306696828652375}.
[I 2025-08-10 02:06:42,395] Trial 401 finished with values: [0.8606362500130307, 0.24041297935103245] and parameters: {'psi': 0.9422181119273441, 'lda_s': 1.7785500372541043e-05}.
[I 2025-08-10 02:06:48,018] Trial 402 finished with values: [0.8559256949790109, 0.2839506172839506] and parameters: {'psi': 0.3965546578462087, 'lda_s': 0.031111333247612255}.
[I 2025-08-10 02:06:53,544] Trial 403 finished with values: [0.872917751421177, 0.23289902280130292] and parameters: {'psi': 0.583127257544058, 'lda_s': 0.9785841324638737}.
[I 2025-08-10 02:06:59,063] Trial 404 finished with values: [0.863658154327121, 0.2892018779342723] and parameters: {'psi': 0.21080815563410393, 'lda_s': 2.6175307035621462}.
[I 2025-08-10 02:07:04,577] Trial 405 finished with values: [0.8603894197823011, 0.28792270531400965] and parameters: {'psi': 0.1813940652567576, 'lda_s': 5.2282463252287945}.
[I 2025-08-10 02:07:10,103] Trial 406 finished with values: [0.8652553153199617, 0.23888404533565824] and parameters: {'psi': 0.8540696465485534, 'lda_s': 0.1853041261969487}.
[I 2025-08-10 02:07:15,606] Trial 407 finished with values: [0.8704720129221354, 0.24358033749082905] and parameters: {'psi': 0.5708850992367807, 'lda_s': 2.9890528854545904e-05}.
[I 2025-08-10 02:07:21,105] Trial 408 finished with values: [0.8702655780806527, 0.2421129860601614] and parameters: {'psi': 0.5961965646196583, 'lda_s': 1.2971634903552386e-08}.
[I 2025-08-10 02:07:26,620] Trial 409 finished with values: [0.8627618430502647, 0.2899906454630496] and parameters: {'psi': 0.21165691013682408, 'lda_s': 0.08755702986864357}.
[I 2025-08-10 02:07:32,152] Trial 410 finished with values: [0.8671842123022545, 0.2873453853472883] and parameters: {'psi': 0.25382055500305367, 'lda_s': 4.648963567656421}.
[I 2025-08-10 02:07:37,673] Trial 411 finished with values: [0.856466883462114, 0.24833333333333332] and parameters: {'psi': 0.9285973797784653, 'lda_s': 0.031111333247612255}.
[I 2025-08-10 02:07:43,195] Trial 412 finished with values: [0.8603894197823011, 0.28792270531400965] and parameters: {'psi': 0.1813940652567576, 'lda_s': 4.457249559454418}.
[I 2025-08-10 02:07:48,713] Trial 413 finished with values: [0.8678932233956927, 0.27873303167420815] and parameters: {'psi': 0.3016020098380494, 'lda_s': 0.9785841324638737}.
[I 2025-08-10 02:07:54,228] Trial 414 finished with values: [0.8608374725462237, 0.25510204081632654] and parameters: {'psi': 0.08832519911592152, 'lda_s': 0.9785841324638737}.
[I 2025-08-10 02:07:59,754] Trial 415 finished with values: [0.8581883168578669, 0.2481089258698941] and parameters: {'psi': 0.034266745880324856, 'lda_s': 4.457249559454418}.
[I 2025-08-10 02:08:05,260] Trial 416 finished with values: [0.8711835615867143, 0.2434017595307918] and parameters: {'psi': 0.5217355362933778, 'lda_s': 1.3075750387672822e-08}.
[I 2025-08-10 02:08:10,773] Trial 417 finished with values: [0.8720663620118192, 0.2410518626734843] and parameters: {'psi': 0.21080815563410393, 'lda_s': 6.503876406750087e-07}.
[I 2025-08-10 02:08:16,300] Trial 418 finished with values: [0.870389096070523, 0.2329635499207607] and parameters: {'psi': 0.7107254516288144, 'lda_s': 4.648963567656421}.
[I 2025-08-10 02:08:21,818] Trial 419 finished with values: [0.8595201987919515, 0.2823529411764706] and parameters: {'psi': 0.17180586144543086, 'lda_s': 0.7813003484064198}.
[I 2025-08-10 02:08:27,327] Trial 420 finished with values: [0.87097260026698, 0.24163027656477437] and parameters: {'psi': 0.1618526201449053, 'lda_s': 5.8228964570230735e-05}.
[I 2025-08-10 02:08:32,859] Trial 421 finished with values: [0.8535180200470863, 0.2470059880239521] and parameters: {'psi': 0.025976732541091563, 'lda_s': 2.6175307035621462}.
[I 2025-08-10 02:08:38,369] Trial 422 finished with values: [0.8721300070393594, 0.24140453547915142] and parameters: {'psi': 0.2538385044723058, 'lda_s': 6.408142240685216e-07}.
[I 2025-08-10 02:08:43,871] Trial 423 finished with values: [0.8619911072533935, 0.24130273871206515] and parameters: {'psi': 0.8970705798940107, 'lda_s': 0.00021577571095035395}.
[I 2025-08-10 02:08:49,386] Trial 424 finished with values: [0.8594156097111337, 0.287593984962406] and parameters: {'psi': 0.21080815563410393, 'lda_s': 0.023518146743737908}.
[I 2025-08-10 02:08:54,908] Trial 425 finished with values: [0.8738174918482242, 0.18723404255319148] and parameters: {'psi': 0.7400002689481887, 'lda_s': 0.08755702986864357}.
[I 2025-08-10 02:09:00,413] Trial 426 finished with values: [0.8718385978561503, 0.2421129860601614] and parameters: {'psi': 0.4258199875263876, 'lda_s': 7.967492940302006e-08}.
[I 2025-08-10 02:09:05,934] Trial 427 finished with values: [0.8777665697908876, 0.23510971786833856] and parameters: {'psi': 0.6301831239266765, 'lda_s': 0.33833818486390704}.
[I 2025-08-10 02:09:11,458] Trial 428 finished with values: [0.8679958235693999, 0.2783882783882784] and parameters: {'psi': 0.2888111354148565, 'lda_s': 0.24263913028013998}.
[I 2025-08-10 02:09:16,977] Trial 429 finished with values: [0.8729802305376525, 0.2325962325962326] and parameters: {'psi': 0.578411306956192, 'lda_s': 9.906674547581554}.
[I 2025-08-10 02:09:22,484] Trial 430 finished with values: [0.8603894197823011, 0.28792270531400965] and parameters: {'psi': 0.1813940652567576, 'lda_s': 4.457249559454418}.
[I 2025-08-10 02:09:28,093] Trial 431 finished with values: [0.8720930408003035, 0.24140453547915142] and parameters: {'psi': 0.2538385044723058, 'lda_s': 3.864219652702701e-06}.
[I 2025-08-10 02:09:33,605] Trial 432 finished with values: [0.8659281145873854, 0.2455621301775148] and parameters: {'psi': 0.8148328932800568, 'lda_s': 2.8735020772995933e-08}.
[I 2025-08-10 02:09:39,120] Trial 433 finished with values: [0.8729609587135804, 0.23346938775510204] and parameters: {'psi': 0.5800464905382267, 'lda_s': 6.680022969927193}.
[I 2025-08-10 02:09:44,632] Trial 434 finished with values: [0.8606680725268008, 0.24005891016200295] and parameters: {'psi': 0.9509898841475525, 'lda_s': 2.226953707034101e-06}.
[I 2025-08-10 02:09:50,141] Trial 435 finished with values: [0.8690713422352244, 0.24099926524614254] and parameters: {'psi': 0.6690223158567439, 'lda_s': 3.927119210670075e-07}.
[I 2025-08-10 02:09:55,656] Trial 436 finished with values: [0.8649870871920416, 0.2867256637168142] and parameters: {'psi': 0.35391661185960754, 'lda_s': 4.780706842889844}.
[I 2025-08-10 02:10:01,175] Trial 437 finished with values: [0.8656836847617893, 0.2870544090056285] and parameters: {'psi': 0.2538385044723058, 'lda_s': 0.08467398701795754}.
[I 2025-08-10 02:10:06,692] Trial 438 finished with values: [0.8720447583656177, 0.2338269680436477] and parameters: {'psi': 0.6261156236244333, 'lda_s': 3.8300300786853114}.
[I 2025-08-10 02:10:12,216] Trial 439 finished with values: [0.8660955256996975, 0.2629016553067186] and parameters: {'psi': 0.9211097129319837, 'lda_s': 0.09147078771354991}.
[I 2025-08-10 02:10:17,742] Trial 440 finished with values: [0.8610397238244737, 0.2510460251046025] and parameters: {'psi': 0.5836355612723692, 'lda_s': 0.023518146743737908}.
[I 2025-08-10 02:10:23,250] Trial 441 finished with values: [0.8562576367174749, 0.23900293255131966] and parameters: {'psi': 0.5708850992367807, 'lda_s': 0.004382227338363046}.
[I 2025-08-10 02:10:28,755] Trial 442 finished with values: [0.8597515978468229, 0.23806024981631155] and parameters: {'psi': 0.9570528778921663, 'lda_s': 0.000471830440768945}.
[I 2025-08-10 02:10:34,271] Trial 443 finished with values: [0.8593812496262228, 0.2664359861591695] and parameters: {'psi': 0.42573592649993697, 'lda_s': 0.26160648106056716}.
[I 2025-08-10 02:10:39,793] Trial 444 finished with values: [0.8714446570822377, 0.23233908948194662] and parameters: {'psi': 0.6537651151034862, 'lda_s': 6.145892751067179}.
[I 2025-08-10 02:10:45,307] Trial 445 finished with values: [0.8695596532223862, 0.24017467248908297] and parameters: {'psi': 0.19800459362599399, 'lda_s': 0.00020186703957485118}.
[I 2025-08-10 02:10:50,823] Trial 446 finished with values: [0.8607248592539595, 0.29023255813953486] and parameters: {'psi': 0.21080815563410393, 'lda_s': 0.039330618370780175}.
[I 2025-08-10 02:10:56,343] Trial 447 finished with values: [0.8532218100536099, 0.25602660016625106] and parameters: {'psi': 0.5217355362933778, 'lda_s': 0.019803658088094773}.
[I 2025-08-10 02:11:01,861] Trial 448 finished with values: [0.8719804960910431, 0.2425127830533236] and parameters: {'psi': 0.22036715760427383, 'lda_s': 9.038821964885515e-06}.
[I 2025-08-10 02:11:07,371] Trial 449 finished with values: [0.8720992132706465, 0.24269005847953215] and parameters: {'psi': 0.2860116025399938, 'lda_s': 3.2217654902294034e-06}.
[I 2025-08-10 02:11:12,888] Trial 450 finished with values: [0.8676217718665935, 0.2417096536477524] and parameters: {'psi': 0.7424378606782198, 'lda_s': 1.674963205458066e-08}.
[I 2025-08-10 02:11:18,407] Trial 451 finished with values: [0.8715732502143905, 0.25183823529411764] and parameters: {'psi': 0.51789713256376, 'lda_s': 0.08755702986864357}.
[I 2025-08-10 02:11:23,927] Trial 452 finished with values: [0.8603894197823011, 0.28792270531400965] and parameters: {'psi': 0.1813940652567576, 'lda_s': 0.26160648106056716}.
[I 2025-08-10 02:11:29,438] Trial 453 finished with values: [0.863658154327121, 0.2892018779342723] and parameters: {'psi': 0.21080815563410393, 'lda_s': 0.20461505915732406}.
[I 2025-08-10 02:11:34,940] Trial 454 finished with values: [0.8687304847062645, 0.23882783882783884] and parameters: {'psi': 0.5217355362933778, 'lda_s': 0.0004773239213635196}.
[I 2025-08-10 02:11:40,458] Trial 455 finished with values: [0.8668512418187335, 0.2895238095238095] and parameters: {'psi': 0.24779727812884567, 'lda_s': 6.145892751067179}.
[I 2025-08-10 02:11:45,965] Trial 456 finished with values: [0.8719647220001656, 0.24070021881838075] and parameters: {'psi': 0.1813940652567576, 'lda_s': 1.9401521618873243e-06}.
[I 2025-08-10 02:11:51,467] Trial 457 finished with values: [0.8733583286376836, 0.28194558944765047] and parameters: {'psi': 0.9865963923706472, 'lda_s': 0.33833818486390704}.
[I 2025-08-10 02:11:56,978] Trial 458 finished with values: [0.8680028876187926, 0.2767527675276753] and parameters: {'psi': 0.2820096286406094, 'lda_s': 2.0446488162243512}.
[I 2025-08-10 02:12:02,497] Trial 459 finished with values: [0.8552011155437069, 0.24369747899159663] and parameters: {'psi': 0.19800459362599399, 'lda_s': 0.009461090581837948}.
[I 2025-08-10 02:12:07,997] Trial 460 finished with values: [0.871670157998781, 0.2410518626734843] and parameters: {'psi': 0.21080815563410393, 'lda_s': 3.168735661333835e-05}.
[I 2025-08-10 02:12:13,505] Trial 461 finished with values: [0.8703534329085393, 0.26601941747572816] and parameters: {'psi': 0.9299044083875906, 'lda_s': 0.10505063103858037}.
[I 2025-08-10 02:12:19,016] Trial 462 finished with values: [0.8777665697908876, 0.23510971786833856] and parameters: {'psi': 0.6301831239266765, 'lda_s': 0.33833818486390704}.
[I 2025-08-10 02:12:24,525] Trial 463 finished with values: [0.860680211718476, 0.2378138847858198] and parameters: {'psi': 0.8101318616542849, 'lda_s': 0.0020611281310149074}.
[I 2025-08-10 02:12:30,043] Trial 464 finished with values: [0.8618481802734431, 0.2573007103393844] and parameters: {'psi': 0.05962362696454693, 'lda_s': 0.7573977948232474}.
[I 2025-08-10 02:12:35,562] Trial 465 finished with values: [0.8671857211283387, 0.2870722433460076] and parameters: {'psi': 0.2538385044723058, 'lda_s': 0.33833818486390704}.
[I 2025-08-10 02:12:41,086] Trial 466 finished with values: [0.8696064268309879, 0.258008658008658] and parameters: {'psi': 0.6757861077824971, 'lda_s': 0.031111333247612255}.
[I 2025-08-10 02:12:46,604] Trial 467 finished with values: [0.8594291891458893, 0.29111531190926276] and parameters: {'psi': 0.19800459362599399, 'lda_s': 0.039330618370780175}.
[I 2025-08-10 02:12:52,106] Trial 468 finished with values: [0.8700996072114204, 0.24070021881838075] and parameters: {'psi': 0.2600397402216612, 'lda_s': 0.00020579345780214291}.
[I 2025-08-10 02:12:57,715] Trial 469 finished with values: [0.8671857211283387, 0.2870722433460076] and parameters: {'psi': 0.2538385044723058, 'lda_s': 2.2079816690972165}.
[I 2025-08-10 02:13:03,229] Trial 470 finished with values: [0.8688826703917296, 0.23847841989758595] and parameters: {'psi': 0.5077988110039645, 'lda_s': 0.000461663064380703}.
[I 2025-08-10 02:13:08,754] Trial 471 finished with values: [0.863658154327121, 0.2892018779342723] and parameters: {'psi': 0.21080815563410393, 'lda_s': 2.6175307035621462}.
[I 2025-08-10 02:13:14,283] Trial 472 finished with values: [0.863658154327121, 0.2892018779342723] and parameters: {'psi': 0.21080815563410393, 'lda_s': 6.145892751067179}.
[I 2025-08-10 02:13:19,807] Trial 473 finished with values: [0.8606800059694647, 0.2899628252788104] and parameters: {'psi': 0.21080815563410393, 'lda_s': 0.03864229679628314}.
[I 2025-08-10 02:13:25,319] Trial 474 finished with values: [0.8720756207173345, 0.2410518626734843] and parameters: {'psi': 0.21080815563410393, 'lda_s': 3.162112858827689e-08}.
[I 2025-08-10 02:13:30,830] Trial 475 finished with values: [0.8616134892343886, 0.2919847328244275] and parameters: {'psi': 0.19272708121312165, 'lda_s': 3.49491342228434}.
[I 2025-08-10 02:13:36,322] Trial 476 finished with values: [0.8673577958849101, 0.24188790560471976] and parameters: {'psi': 0.7541915728271033, 'lda_s': 2.7007978946271066e-06}.
[I 2025-08-10 02:13:41,840] Trial 477 finished with values: [0.8740392206995576, 0.27533460803059273] and parameters: {'psi': 0.5148463033074233, 'lda_s': 0.3907261530012403}.
[I 2025-08-10 02:13:47,354] Trial 478 finished with values: [0.8688657303897873, 0.26256983240223464] and parameters: {'psi': 0.8104130654491365, 'lda_s': 0.039330618370780175}.
[I 2025-08-10 02:13:52,875] Trial 479 finished with values: [0.8826669625794671, 0.2843866171003718] and parameters: {'psi': 0.9422181119273441, 'lda_s': 3.49491342228434}.
[I 2025-08-10 02:13:58,394] Trial 480 finished with values: [0.8788780945337151, 0.23625922887612796] and parameters: {'psi': 0.5708850992367807, 'lda_s': 0.26160648106056716}.
[I 2025-08-10 02:14:03,908] Trial 481 finished with values: [0.863658154327121, 0.2892018779342723] and parameters: {'psi': 0.21080815563410393, 'lda_s': 4.648963567656421}.
[I 2025-08-10 02:14:09,435] Trial 482 finished with values: [0.861732617912015, 0.253125] and parameters: {'psi': 0.05503751230686649, 'lda_s': 0.40759392742560724}.
[I 2025-08-10 02:14:14,945] Trial 483 finished with values: [0.8760917728377289, 0.2796296296296296] and parameters: {'psi': 0.9211097129319837, 'lda_s': 0.33833818486390704}.
[I 2025-08-10 02:14:20,468] Trial 484 finished with values: [0.8576223013273829, 0.29053420805998126] and parameters: {'psi': 0.19296252041297968, 'lda_s': 0.023471201899138743}.
[I 2025-08-10 02:14:25,987] Trial 485 finished with values: [0.8593016247587936, 0.2572463768115942] and parameters: {'psi': 0.1120020090112972, 'lda_s': 4.648963567656421}.
[I 2025-08-10 02:14:31,502] Trial 486 finished with values: [0.8638637661725582, 0.28865979381443296] and parameters: {'psi': 0.21271933867241388, 'lda_s': 4.648963567656421}.
[I 2025-08-10 02:14:37,005] Trial 487 finished with values: [0.8698529827297025, 0.24193548387096775] and parameters: {'psi': 0.6213110600783079, 'lda_s': 1.1667196947885497e-05}.
[I 2025-08-10 02:14:42,527] Trial 488 finished with values: [0.8588025462400329, 0.24753227031131358] and parameters: {'psi': 0.03610112006157651, 'lda_s': 1.9060663417490393}.
[I 2025-08-10 02:14:48,042] Trial 489 finished with values: [0.8730581408299859, 0.23655913978494625] and parameters: {'psi': 0.5708850992367807, 'lda_s': 6.145892751067179}.
[I 2025-08-10 02:14:53,556] Trial 490 finished with values: [0.8536763782028949, 0.24492862509391436] and parameters: {'psi': 0.2538385044723058, 'lda_s': 0.004586832060282737}.
[I 2025-08-10 02:14:59,069] Trial 491 finished with values: [0.8592250175435323, 0.26527050610820246] and parameters: {'psi': 0.4547450730739008, 'lda_s': 0.08755702986864357}.
[I 2025-08-10 02:15:04,594] Trial 492 finished with values: [0.8604200763850064, 0.2545454545454545] and parameters: {'psi': 0.09467097805386404, 'lda_s': 3.49491342228434}.
[I 2025-08-10 02:15:10,095] Trial 493 finished with values: [0.8613914174680362, 0.2359882005899705] and parameters: {'psi': 0.9670079425458405, 'lda_s': 3.7808376769039317e-06}.
[I 2025-08-10 02:15:15,618] Trial 494 finished with values: [0.8793583813094306, 0.2875341219290264] and parameters: {'psi': 0.9565903682272698, 'lda_s': 3.49491342228434}.
[I 2025-08-10 02:15:21,133] Trial 495 finished with values: [0.8742387972406589, 0.2841628959276018] and parameters: {'psi': 0.9587190561475546, 'lda_s': 4.648963567656421}.
