[I 2025-08-10 02:15:26,644] Trial 496 finished with values: [0.8617141005009853, 0.24390243902439024] and parameters: {'psi': 0.9125220509688939, 'lda_s': 2.5092126327976556e-07}.
[I 2025-08-10 02:15:32,155] Trial 497 finished with values: [0.8627157552717011, 0.2429090909090909] and parameters: {'psi': 0.21080815563410393, 'lda_s': 0.0009989821869907625}.
[I 2025-08-10 02:15:37,671] Trial 498 finished with values: [0.8637469693170614, 0.2892018779342723] and parameters: {'psi': 0.21165691013682408, 'lda_s': 0.18616863207855422}.
[I 2025-08-10 02:15:43,195] Trial 499 finished with values: [0.863658154327121, 0.2892018779342723] and parameters: {'psi': 0.21080815563410393, 'lda_s': 6.145892751067179}.
