[I 2025-08-10 02:20:18,048] Trial 372 finished with values: [0.7879666793103679, 0.1186161449752883] and parameters: {'psi': 0.4801392795755518, 'lda_s': 5.180561653899036e-06}.
[I 2025-08-10 02:20:24,025] Trial 373 finished with values: [0.7990793353401335, 0.14590347923681257] and parameters: {'psi': 0.48068107487009293, 'lda_s': 0.31334777222356863}.
[I 2025-08-10 02:20:30,017] Trial 374 finished with values: [0.7986587842127715, 0.1497695852534562] and parameters: {'psi': 0.46049443574220184, 'lda_s': 0.35989808440851745}.
[I 2025-08-10 02:20:36,024] Trial 375 finished with values: [0.7989673513771502, 0.15200868621064062] and parameters: {'psi': 0.5026457860232199, 'lda_s': 3.5953217624665785}.
[I 2025-08-10 02:20:42,025] Trial 376 finished with values: [0.7990175567055328, 0.14715025906735751] and parameters: {'psi': 0.5026457860232199, 'lda_s': 0.08822449934146415}.
[I 2025-08-10 02:20:47,993] Trial 377 finished with values: [0.7925224868524796, 0.10706638115631692] and parameters: {'psi': 0.20988149912235954, 'lda_s': 0.7563470924381616}.
[I 2025-08-10 02:20:53,991] Trial 378 finished with values: [0.7745703328564371, 0.10204081632653061] and parameters: {'psi': 0.2877650062016678, 'lda_s': 0.007571511859949555}.
[I 2025-08-10 02:20:59,994] Trial 379 finished with values: [0.7917346870080836, 0.1316348195329087] and parameters: {'psi': 0.6302706987801814, 'lda_s': 0.10378995822079727}.
[I 2025-08-10 02:21:05,987] Trial 380 finished with values: [0.7986620442990302, 0.14938684503901895] and parameters: {'psi': 0.4801392795755518, 'lda_s': 0.8987654456106534}.
[I 2025-08-10 02:21:11,980] Trial 381 finished with values: [0.798936869570632, 0.15151515151515152] and parameters: {'psi': 0.5080582036548884, 'lda_s': 6.225509058528209}.
[I 2025-08-10 02:21:17,962] Trial 382 finished with values: [0.7956416558825731, 0.14213197969543148] and parameters: {'psi': 0.3713525681371975, 'lda_s': 1.8149613633718247}.
[I 2025-08-10 02:21:23,962] Trial 383 finished with values: [0.7877242918970393, 0.1186161449752883] and parameters: {'psi': 0.5080582036548884, 'lda_s': 5.11300490773725e-07}.
[I 2025-08-10 02:21:29,956] Trial 384 finished with values: [0.7985181929928684, 0.1511111111111111] and parameters: {'psi': 0.4801392795755518, 'lda_s': 0.6057494218203631}.
[I 2025-08-10 02:21:35,958] Trial 385 finished with values: [0.79279527457017, 0.10822510822510822] and parameters: {'psi': 0.17977666626775535, 'lda_s': 1.8149613633718247}.
[I 2025-08-10 02:21:41,959] Trial 386 finished with values: [0.7927873688609928, 0.14097968936678615] and parameters: {'psi': 0.603151760228395, 'lda_s': 0.7563470924381616}.
[I 2025-08-10 02:21:47,938] Trial 387 finished with values: [0.7751714112603705, 0.09484193011647254] and parameters: {'psi': 0.03480418575012212, 'lda_s': 3.5953217624665785}.
[I 2025-08-10 02:21:53,912] Trial 388 finished with values: [0.774478235419631, 0.11129568106312292] and parameters: {'psi': 0.5026457860232199, 'lda_s': 0.003341130027158384}.
[I 2025-08-10 02:21:59,883] Trial 389 finished with values: [0.777325839264381, 0.11248966087675766] and parameters: {'psi': 0.46049443574220184, 'lda_s': 0.0018598531943341888}.
[I 2025-08-10 02:22:05,877] Trial 390 finished with values: [0.7902442570727979, 0.14814814814814814] and parameters: {'psi': 0.8337499304969994, 'lda_s': 2.6644456136686308}.
[I 2025-08-10 02:22:11,879] Trial 391 finished with values: [0.7879559210257144, 0.1186161449752883] and parameters: {'psi': 0.4818763143530578, 'lda_s': 4.594988033109337e-06}.
[I 2025-08-10 02:22:17,861] Trial 392 finished with values: [0.7893535200047858, 0.11668036154478226] and parameters: {'psi': 0.3001525881288053, 'lda_s': 1.834488678165694e-08}.
[I 2025-08-10 02:22:23,831] Trial 393 finished with values: [0.7847311252008417, 0.11851851851851852] and parameters: {'psi': 0.5080582036548884, 'lda_s': 0.0003270237138153457}.
[I 2025-08-10 02:22:29,805] Trial 394 finished with values: [0.7722217667157256, 0.10747271200671704] and parameters: {'psi': 0.5316038756576399, 'lda_s': 0.005731375096533623}.
[I 2025-08-10 02:22:35,809] Trial 395 finished with values: [0.7989539850234898, 0.15200868621064062] and parameters: {'psi': 0.5026457860232199, 'lda_s': 1.8424718968716187}.
[I 2025-08-10 02:22:41,799] Trial 396 finished with values: [0.7913943340026833, 0.14814814814814814] and parameters: {'psi': 0.8679100191009925, 'lda_s': 2.305622652198814}.
[I 2025-08-10 02:22:47,767] Trial 397 finished with values: [0.7816198618799254, 0.11900826446280992] and parameters: {'psi': 0.5690430152388715, 'lda_s': 0.0008485757612126179}.
[I 2025-08-10 02:22:53,769] Trial 398 finished with values: [0.7992559505131946, 0.14573991031390135] and parameters: {'psi': 0.4818763143530578, 'lda_s': 0.2707261330931953}.
[I 2025-08-10 02:22:59,781] Trial 399 finished with values: [0.7880687200102627, 0.11320754716981132] and parameters: {'psi': 0.13329790823300758, 'lda_s': 3.4443676576074006e-08}.
[I 2025-08-10 02:23:05,756] Trial 400 finished with values: [0.7880485889776158, 0.1186161449752883] and parameters: {'psi': 0.47743525526169883, 'lda_s': 1.3351704166549502e-08}.
[I 2025-08-10 02:23:11,730] Trial 401 finished with values: [0.7988468096877375, 0.14732142857142858] and parameters: {'psi': 0.4818763143530578, 'lda_s': 6.521474368009985}.
[I 2025-08-10 02:23:17,839] Trial 402 finished with values: [0.787790064137307, 0.1186161449752883] and parameters: {'psi': 0.5026457860232199, 'lda_s': 1.799814145313269e-08}.
[I 2025-08-10 02:23:23,850] Trial 403 finished with values: [0.7992559505131946, 0.14573991031390135] and parameters: {'psi': 0.4818763143530578, 'lda_s': 0.2707261330931953}.
[I 2025-08-10 02:23:29,825] Trial 404 finished with values: [0.7847769294127753, 0.11851851851851852] and parameters: {'psi': 0.5080582036548884, 'lda_s': 0.0003210777423936309}.
[I 2025-08-10 02:23:35,821] Trial 405 finished with values: [0.7988630286168741, 0.15200868621064062] and parameters: {'psi': 0.5026457860232199, 'lda_s': 1.375694842529301}.
[I 2025-08-10 02:23:41,817] Trial 406 finished with values: [0.788018677686193, 0.1186161449752883] and parameters: {'psi': 0.48068107487009293, 'lda_s': 2.577720057262209e-08}.
[I 2025-08-10 02:23:47,797] Trial 407 finished with values: [0.7988531668559419, 0.1511111111111111] and parameters: {'psi': 0.48282015650530674, 'lda_s': 0.42042339426466346}.
[I 2025-08-10 02:23:53,804] Trial 408 finished with values: [0.7984402769312873, 0.14925373134328357] and parameters: {'psi': 0.46049443574220184, 'lda_s': 4.440889126192962}.
[I 2025-08-10 02:23:59,799] Trial 409 finished with values: [0.7988213810149203, 0.14541387024608501] and parameters: {'psi': 0.4801392795755518, 'lda_s': 3.5953217624665785}.
[I 2025-08-10 02:24:05,803] Trial 410 finished with values: [0.7987957078356336, 0.15151515151515152] and parameters: {'psi': 0.5026457860232199, 'lda_s': 0.4400677292075958}.
[I 2025-08-10 02:24:11,802] Trial 411 finished with values: [0.787762027395483, 0.1186161449752883] and parameters: {'psi': 0.5026457860232199, 'lda_s': 2.827353194302059e-06}.
[I 2025-08-10 02:24:17,790] Trial 412 finished with values: [0.7989673513771502, 0.15200868621064062] and parameters: {'psi': 0.5026457860232199, 'lda_s': 3.5953217624665785}.
[I 2025-08-10 02:24:23,786] Trial 413 finished with values: [0.7734433210368313, 0.10535259133389975] and parameters: {'psi': 0.5165233545412597, 'lda_s': 0.008772070912806013}.
[I 2025-08-10 02:24:29,778] Trial 414 finished with values: [0.7986769591936633, 0.1511111111111111] and parameters: {'psi': 0.4824648395106286, 'lda_s': 0.8987654456106534}.
[I 2025-08-10 02:24:35,763] Trial 415 finished with values: [0.7987586243544419, 0.15151515151515152] and parameters: {'psi': 0.5026457860232199, 'lda_s': 1.1216201390671505}.
[I 2025-08-10 02:24:41,753] Trial 416 finished with values: [0.7988213810149203, 0.14541387024608501] and parameters: {'psi': 0.4801392795755518, 'lda_s': 3.5953217624665785}.
[I 2025-08-10 02:24:47,731] Trial 417 finished with values: [0.7990208167917914, 0.1511879049676026] and parameters: {'psi': 0.5080582036548884, 'lda_s': 0.3137951838104881}.
[I 2025-08-10 02:24:53,704] Trial 418 finished with values: [0.7995513958303822, 0.1513859275053305] and parameters: {'psi': 0.5026457860232199, 'lda_s': 0.11510096030649115}.
[I 2025-08-10 02:24:59,700] Trial 419 finished with values: [0.7861832491225885, 0.11283728536385937] and parameters: {'psi': 0.09602082966372516, 'lda_s': 9.077569072516065e-08}.
[I 2025-08-10 02:25:05,703] Trial 420 finished with values: [0.7970861186016122, 0.14504596527068436] and parameters: {'psi': 0.544393088756997, 'lda_s': 0.08822449934146415}.
[I 2025-08-10 02:25:11,684] Trial 421 finished with values: [0.7989673513771502, 0.15200868621064062] and parameters: {'psi': 0.5026457860232199, 'lda_s': 3.5953217624665785}.
[I 2025-08-10 02:25:17,700] Trial 422 finished with values: [0.7962323835126355, 0.1371571072319202] and parameters: {'psi': 0.36788988673260037, 'lda_s': 0.11510096030649115}.
[I 2025-08-10 02:25:23,698] Trial 423 finished with values: [0.7882190914889418, 0.11851851851851852] and parameters: {'psi': 0.46049443574220184, 'lda_s': 1.620994856016754e-08}.
[I 2025-08-10 02:25:29,679] Trial 424 finished with values: [0.7988213810149203, 0.14541387024608501] and parameters: {'psi': 0.4801392795755518, 'lda_s': 3.5953217624665785}.
[I 2025-08-10 02:25:35,680] Trial 425 finished with values: [0.7882105337625127, 0.11851851851851852] and parameters: {'psi': 0.46049443574220184, 'lda_s': 7.729507960146987e-07}.
[I 2025-08-10 02:25:41,685] Trial 426 finished with values: [0.7989677588879324, 0.15250544662309368] and parameters: {'psi': 0.49562550521069604, 'lda_s': 3.5953217624665785}.
[I 2025-08-10 02:25:47,698] Trial 427 finished with values: [0.7987586243544419, 0.15151515151515152] and parameters: {'psi': 0.5026457860232199, 'lda_s': 1.1216201390671505}.
[I 2025-08-10 02:25:53,684] Trial 428 finished with values: [0.7834203260184062, 0.12251655629139073] and parameters: {'psi': 0.7313116555337744, 'lda_s': 1.0262057416882731e-06}.
[I 2025-08-10 02:25:59,683] Trial 429 finished with values: [0.7899148253563641, 0.1469387755102041] and parameters: {'psi': 0.8407919133772447, 'lda_s': 0.2707261330931953}.
[I 2025-08-10 02:26:05,688] Trial 430 finished with values: [0.7874722057270914, 0.12849740932642487] and parameters: {'psi': 0.6780361324780118, 'lda_s': 9.297316446482458}.
[I 2025-08-10 02:26:11,781] Trial 431 finished with values: [0.7927515894143043, 0.10764262648008611] and parameters: {'psi': 0.18637690614749824, 'lda_s': 1.1216201390671505}.
[I 2025-08-10 02:26:17,787] Trial 432 finished with values: [0.7880248718500843, 0.1186161449752883] and parameters: {'psi': 0.4801392795755518, 'lda_s': 1.293059901158185e-08}.
[I 2025-08-10 02:26:23,788] Trial 433 finished with values: [0.7982506214131919, 0.14840182648401826] and parameters: {'psi': 0.46049443574220184, 'lda_s': 0.6057494218203631}.
[I 2025-08-10 02:26:29,762] Trial 434 finished with values: [0.7923248441230507, 0.1496881496881497] and parameters: {'psi': 0.8852238112204187, 'lda_s': 6.225509058528209}.
[I 2025-08-10 02:26:35,744] Trial 435 finished with values: [0.7853110130440941, 0.1032258064516129] and parameters: {'psi': 0.06956581220206948, 'lda_s': 3.5953217624665785}.
[I 2025-08-10 02:26:41,737] Trial 436 finished with values: [0.777997906046596, 0.1248945147679325] and parameters: {'psi': 0.8588844763751382, 'lda_s': 2.1057693172557895e-05}.
[I 2025-08-10 02:26:47,738] Trial 437 finished with values: [0.7989266002989175, 0.1474558670820353] and parameters: {'psi': 0.4801392795755518, 'lda_s': 0.0799531469638664}.
[I 2025-08-10 02:26:53,737] Trial 438 finished with values: [0.7723562452738938, 0.1070518266779949] and parameters: {'psi': 0.5026457860232199, 'lda_s': 0.006538209385457545}.
[I 2025-08-10 02:26:59,707] Trial 439 finished with values: [0.7874141761916879, 0.1186161449752883] and parameters: {'psi': 0.5026457860232199, 'lda_s': 3.746253351996333e-05}.
[I 2025-08-10 02:27:05,692] Trial 440 finished with values: [0.7987586243544419, 0.15151515151515152] and parameters: {'psi': 0.5026457860232199, 'lda_s': 1.1216201390671505}.
[I 2025-08-10 02:27:11,700] Trial 441 finished with values: [0.7984566588647368, 0.14925373134328357] and parameters: {'psi': 0.4611308123099792, 'lda_s': 6.225509058528209}.
[I 2025-08-10 02:27:17,703] Trial 442 finished with values: [0.7918311855613388, 0.1476923076923077] and parameters: {'psi': 0.889648611450587, 'lda_s': 1.3775395841359306}.
[I 2025-08-10 02:27:23,686] Trial 443 finished with values: [0.7987906547019329, 0.15086206896551724] and parameters: {'psi': 0.5080582036548884, 'lda_s': 1.3251947697614241}.
[I 2025-08-10 02:27:29,676] Trial 444 finished with values: [0.7978453926912451, 0.14932680538555693] and parameters: {'psi': 0.42614447671319, 'lda_s': 0.32242054495174133}.
[I 2025-08-10 02:27:35,675] Trial 445 finished with values: [0.7992438066918813, 0.14947368421052631] and parameters: {'psi': 0.4818763143530578, 'lda_s': 0.08822449934146415}.
[I 2025-08-10 02:27:41,679] Trial 446 finished with values: [0.7887248123698104, 0.11851851851851852] and parameters: {'psi': 0.3985750480125755, 'lda_s': 3.6702650205097173e-06}.
[I 2025-08-10 02:27:47,656] Trial 447 finished with values: [0.7754383308227953, 0.12510566356720204] and parameters: {'psi': 0.9115550240236276, 'lda_s': 3.4293613787196043e-07}.
[I 2025-08-10 02:27:53,656] Trial 448 finished with values: [0.7992506528730242, 0.15233949945593037] and parameters: {'psi': 0.5026457860232199, 'lda_s': 0.2707261330931953}.
[I 2025-08-10 02:27:59,665] Trial 449 finished with values: [0.7926211859639595, 0.10560344827586207] and parameters: {'psi': 0.15618696163856616, 'lda_s': 6.225509058528209}.
[I 2025-08-10 02:28:05,643] Trial 450 finished with values: [0.791402158209704, 0.1476923076923077] and parameters: {'psi': 0.8788853016388122, 'lda_s': 1.1554622846829283}.
[I 2025-08-10 02:28:11,638] Trial 451 finished with values: [0.7858835656932647, 0.1186161449752883] and parameters: {'psi': 0.5026457860232199, 'lda_s': 0.00019341677745731111}.
[I 2025-08-10 02:28:17,634] Trial 452 finished with values: [0.7819345417060389, 0.11890999174236168] and parameters: {'psi': 0.6536983176689666, 'lda_s': 0.0006627107358623713}.
[I 2025-08-10 02:28:23,618] Trial 453 finished with values: [0.7877888416049599, 0.1186161449752883] and parameters: {'psi': 0.5026457860232199, 'lda_s': 1.1016915773759743e-07}.
[I 2025-08-10 02:28:29,612] Trial 454 finished with values: [0.7879716509419122, 0.1186161449752883] and parameters: {'psi': 0.4818763143530578, 'lda_s': 3.104606836420056e-06}.
[I 2025-08-10 02:28:35,606] Trial 455 finished with values: [0.7800490708183647, 0.10445205479452055] and parameters: {'psi': 0.5026457860232199, 'lda_s': 0.01312668300852293}.
[I 2025-08-10 02:28:41,591] Trial 456 finished with values: [0.7908431349185068, 0.10619469026548672] and parameters: {'psi': 0.9305510970636997, 'lda_s': 0.11510096030649115}.
[I 2025-08-10 02:28:47,551] Trial 457 finished with values: [0.77339653879902, 0.11471321695760599] and parameters: {'psi': 0.7144351129157177, 'lda_s': 0.0034705899846130626}.
[I 2025-08-10 02:28:53,523] Trial 458 finished with values: [0.7940924628924757, 0.14634146341463414] and parameters: {'psi': 0.9644601269945295, 'lda_s': 3.5953217624665785}.
[I 2025-08-10 02:28:59,515] Trial 459 finished with values: [0.7877598268372583, 0.1186161449752883] and parameters: {'psi': 0.5026457860232199, 'lda_s': 2.985232019754747e-06}.
[I 2025-08-10 02:29:05,524] Trial 460 finished with values: [0.791365563741451, 0.10770855332629356] and parameters: {'psi': 0.12367351625775769, 'lda_s': 1.1216201390671505}.
[I 2025-08-10 02:29:11,498] Trial 461 finished with values: [0.7782654776262725, 0.10676156583629894] and parameters: {'psi': 0.7513783918125413, 'lda_s': 0.027808637012802933}.
[I 2025-08-10 02:29:17,480] Trial 462 finished with values: [0.795232026044177, 0.1311881188118812] and parameters: {'psi': 0.3524910657561334, 'lda_s': 0.2707261330931953}.
[I 2025-08-10 02:29:23,475] Trial 463 finished with values: [0.7968650847532774, 0.14767932489451477] and parameters: {'psi': 0.5522368442799451, 'lda_s': 1.1216201390671505}.
[I 2025-08-10 02:29:29,485] Trial 464 finished with values: [0.7941699714432744, 0.11831626848691695] and parameters: {'psi': 0.3195596011648334, 'lda_s': 0.08653646922406928}.
[I 2025-08-10 02:29:35,484] Trial 465 finished with values: [0.7983859964950814, 0.14893617021276595] and parameters: {'psi': 0.5241618337814632, 'lda_s': 0.42042339426466346}.
[I 2025-08-10 02:29:41,445] Trial 466 finished with values: [0.7808755026849256, 0.10282776349614396] and parameters: {'psi': 0.5026457860232199, 'lda_s': 0.01383012720960401}.
[I 2025-08-10 02:29:47,426] Trial 467 finished with values: [0.7811445413034184, 0.12343619683069225] and parameters: {'psi': 0.7886786093688481, 'lda_s': 1.38341450288617e-06}.
[I 2025-08-10 02:29:53,429] Trial 468 finished with values: [0.7919242610240224, 0.10805084745762712] and parameters: {'psi': 0.13393543459346813, 'lda_s': 3.5953217624665785}.
[I 2025-08-10 02:29:59,518] Trial 469 finished with values: [0.78779022714162, 0.1186161449752883] and parameters: {'psi': 0.5026457860232199, 'lda_s': 1.3282611437432974e-08}.
[I 2025-08-10 02:30:05,518] Trial 470 finished with values: [0.7992400575926839, 0.14978902953586498] and parameters: {'psi': 0.4801392795755518, 'lda_s': 0.08822449934146415}.
[I 2025-08-10 02:30:11,526] Trial 471 finished with values: [0.7994845640620805, 0.1504237288135593] and parameters: {'psi': 0.5026457860232199, 'lda_s': 0.1075153646793248}.
[I 2025-08-10 02:30:17,504] Trial 472 finished with values: [0.7989673513771502, 0.15200868621064062] and parameters: {'psi': 0.5026457860232199, 'lda_s': 3.5953217624665785}.
[I 2025-08-10 02:30:23,476] Trial 473 finished with values: [0.7925003997680774, 0.1469387755102041] and parameters: {'psi': 0.9410280994327097, 'lda_s': 0.42042339426466346}.
[I 2025-08-10 02:30:29,484] Trial 474 finished with values: [0.7926167033453538, 0.10560344827586207] and parameters: {'psi': 0.1559847252591675, 'lda_s': 5.42251564662294}.
[I 2025-08-10 02:30:35,473] Trial 475 finished with values: [0.7989673513771502, 0.15200868621064062] and parameters: {'psi': 0.5026457860232199, 'lda_s': 3.5953217624665785}.
[I 2025-08-10 02:30:41,472] Trial 476 finished with values: [0.7872958350604999, 0.13319672131147542] and parameters: {'psi': 0.703824199576854, 'lda_s': 1.375694842529301}.
[I 2025-08-10 02:30:47,436] Trial 477 finished with values: [0.7809947403398347, 0.09451476793248945] and parameters: {'psi': 0.049772259766148186, 'lda_s': 0.2707261330931953}.
[I 2025-08-10 02:30:53,447] Trial 478 finished with values: [0.7992559505131946, 0.14573991031390135] and parameters: {'psi': 0.4818763143530578, 'lda_s': 0.2707261330931953}.
[I 2025-08-10 02:30:59,463] Trial 479 finished with values: [0.7876124709383686, 0.11851851851851852] and parameters: {'psi': 0.5190560098315417, 'lda_s': 8.779040552367848e-08}.
[I 2025-08-10 02:31:05,446] Trial 480 finished with values: [0.7989539850234898, 0.15200868621064062] and parameters: {'psi': 0.5026457860232199, 'lda_s': 1.8424718968716187}.
[I 2025-08-10 02:31:11,450] Trial 481 finished with values: [0.7965720845007838, 0.1475] and parameters: {'psi': 0.3970611735443036, 'lda_s': 9.210493223895204}.
[I 2025-08-10 02:31:17,463] Trial 482 finished with values: [0.7988291237197845, 0.14748603351955308] and parameters: {'psi': 0.48068107487009293, 'lda_s': 8.58906219852}.
[I 2025-08-10 02:31:23,451] Trial 483 finished with values: [0.7921748801551539, 0.10869565217391304] and parameters: {'psi': 0.18132068187625205, 'lda_s': 0.04145133143837412}.
[I 2025-08-10 02:31:29,467] Trial 484 finished with values: [0.7989673513771502, 0.15200868621064062] and parameters: {'psi': 0.5026457860232199, 'lda_s': 5.881910245443367}.
[I 2025-08-10 02:31:35,474] Trial 485 finished with values: [0.7987397973562982, 0.14748603351955308] and parameters: {'psi': 0.4801392795755518, 'lda_s': 1.1216201390671505}.
[I 2025-08-10 02:31:41,457] Trial 486 finished with values: [0.7989673513771502, 0.15200868621064062] and parameters: {'psi': 0.5026457860232199, 'lda_s': 5.460012225822629}.
[I 2025-08-10 02:31:47,454] Trial 487 finished with values: [0.7893953306110526, 0.11658456486042693] and parameters: {'psi': 0.28881154219649574, 'lda_s': 4.5017772833685984e-08}.
[I 2025-08-10 02:31:53,463] Trial 488 finished with values: [0.7880876285105628, 0.11839323467230443] and parameters: {'psi': 0.6615112842401821, 'lda_s': 9.297316446482458}.
[I 2025-08-10 02:31:59,432] Trial 489 finished with values: [0.7879004995593178, 0.14609053497942387] and parameters: {'psi': 0.7544866123104077, 'lda_s': 3.5953217624665785}.
[I 2025-08-10 02:32:05,407] Trial 490 finished with values: [0.7990175567055328, 0.14715025906735751] and parameters: {'psi': 0.5026457860232199, 'lda_s': 0.08822449934146415}.
[I 2025-08-10 02:32:11,418] Trial 491 finished with values: [0.7987697901498775, 0.14748603351955308] and parameters: {'psi': 0.4801392795755518, 'lda_s': 0.4485441904946163}.
[I 2025-08-10 02:32:17,422] Trial 492 finished with values: [0.7851324418192781, 0.1222130470685384] and parameters: {'psi': 0.6728865337407907, 'lda_s': 1.1581758435318644e-07}.
[I 2025-08-10 02:32:23,413] Trial 493 finished with values: [0.78779022714162, 0.1186161449752883] and parameters: {'psi': 0.5026457860232199, 'lda_s': 1.6594008713558503e-08}.
[I 2025-08-10 02:32:29,391] Trial 494 finished with values: [0.7989266002989175, 0.1474558670820353] and parameters: {'psi': 0.4801392795755518, 'lda_s': 0.0799531469638664}.
[I 2025-08-10 02:32:35,376] Trial 495 finished with values: [0.7725647277901325, 0.1070518266779949] and parameters: {'psi': 0.4818763143530578, 'lda_s': 0.00635861696437249}.
