[I 2025-08-10 00:38:21,892] Trial 248 finished with values: [0.9414983478776583, 0.23645320197044334] and parameters: {'psi': 0.6037424040600179, 'lda_s': 8.052184087273396e-05}.
[I 2025-08-10 00:38:27,853] Trial 249 finished with values: [0.9250449038380072, 0.2552204176334107] and parameters: {'psi': 0.3313033669074532, 'lda_s': 2.368313402295934}.
[I 2025-08-10 00:38:33,811] Trial 250 finished with values: [0.9452973820215199, 0.2366288492706645] and parameters: {'psi': 0.12617378373126542, 'lda_s': 1.920921254857227e-05}.
[I 2025-08-10 00:38:39,788] Trial 251 finished with values: [0.945013979496738, 0.23548387096774193] and parameters: {'psi': 0.08309007548152314, 'lda_s': 9.649606251042457e-08}.
[I 2025-08-10 00:38:45,765] Trial 252 finished with values: [0.9481271710582057, 0.35294117647058826] and parameters: {'psi': 0.20754594260532833, 'lda_s': 0.38128814538800404}.
[I 2025-08-10 00:38:51,719] Trial 253 finished with values: [0.945211386935525, 0.238562091503268] and parameters: {'psi': 0.24977221593829557, 'lda_s': 0.00018130065400175904}.
[I 2025-08-10 00:38:57,668] Trial 254 finished with values: [0.9449343387274423, 0.23817292006525284] and parameters: {'psi': 0.2517935717119276, 'lda_s': 7.110328686800372e-05}.
[I 2025-08-10 00:39:03,639] Trial 255 finished with values: [0.9453842243497417, 0.237012987012987] and parameters: {'psi': 0.1129424701964804, 'lda_s': 2.8791592924245644e-05}.
[I 2025-08-10 00:39:09,617] Trial 256 finished with values: [0.9450038125900195, 0.23548387096774193] and parameters: {'psi': 0.08136915790029875, 'lda_s': 3.394249884234979e-07}.
[I 2025-08-10 00:39:15,599] Trial 257 finished with values: [0.951502584088791, 0.35751295336787564] and parameters: {'psi': 0.08309007548152314, 'lda_s': 1.614929567038472}.
[I 2025-08-10 00:39:21,567] Trial 258 finished with values: [0.9322795052105397, 0.24108658743633277] and parameters: {'psi': 0.8521253907608827, 'lda_s': 3.5864560861928455e-05}.
[I 2025-08-10 00:39:27,557] Trial 259 finished with values: [0.9507485385071592, 0.39655172413793105] and parameters: {'psi': 0.1129424701964804, 'lda_s': 1.614929567038472}.
[I 2025-08-10 00:39:33,510] Trial 260 finished with values: [0.9257392188426671, 0.2997658079625293] and parameters: {'psi': 0.48067737629910934, 'lda_s': 1.0829800491336563}.
[I 2025-08-10 00:39:39,476] Trial 261 finished with values: [0.9280454121833432, 0.32663316582914576] and parameters: {'psi': 0.43077701828556336, 'lda_s': 3.2287855717217457}.
[I 2025-08-10 00:39:45,456] Trial 262 finished with values: [0.8968524951283572, 0.2511415525114155] and parameters: {'psi': 0.512058638777382, 'lda_s': 1.614929567038472}.
[I 2025-08-10 00:39:51,443] Trial 263 finished with values: [0.951502584088791, 0.35751295336787564] and parameters: {'psi': 0.08309007548152314, 'lda_s': 6.890976848334968}.
[I 2025-08-10 00:39:57,418] Trial 264 finished with values: [0.862373549097687, 0.23300970873786409] and parameters: {'psi': 0.7521000103473936, 'lda_s': 7.53202323046872}.
[I 2025-08-10 00:40:03,392] Trial 265 finished with values: [0.9324345505379988, 0.24190800681431004] and parameters: {'psi': 0.8484657933345223, 'lda_s': 2.2991171786314924e-05}.
[I 2025-08-10 00:40:09,395] Trial 266 finished with values: [0.951502584088791, 0.35751295336787564] and parameters: {'psi': 0.08309007548152314, 'lda_s': 6.890976848334968}.
[I 2025-08-10 00:40:15,367] Trial 267 finished with values: [0.8653482165551132, 0.19522776572668113] and parameters: {'psi': 0.5538238755326147, 'lda_s': 8.223848241784234}.
[I 2025-08-10 00:40:21,350] Trial 268 finished with values: [0.9452325679911887, 0.237012987012987] and parameters: {'psi': 0.1672314868363508, 'lda_s': 2.8496366632813044e-05}.
[I 2025-08-10 00:40:27,347] Trial 269 finished with values: [0.945556638142845, 0.238562091503268] and parameters: {'psi': 0.20754594260532833, 'lda_s': 0.00019630288634888557}.
[I 2025-08-10 00:40:33,338] Trial 270 finished with values: [0.9509489112937388, 0.4011627906976744] and parameters: {'psi': 0.10974828707028617, 'lda_s': 1.0829800491336563}.
[I 2025-08-10 00:40:39,402] Trial 271 finished with values: [0.8685012285012285, 0.18652849740932642] and parameters: {'psi': 0.7484729044994038, 'lda_s': 2.800819795901819}.
[I 2025-08-10 00:40:45,380] Trial 272 finished with values: [0.9273172074896213, 0.32663316582914576] and parameters: {'psi': 0.4278144541083, 'lda_s': 6.890976848334968}.
[I 2025-08-10 00:40:51,354] Trial 273 finished with values: [0.946192917054986, 0.23934426229508196] and parameters: {'psi': 0.1129424701964804, 'lda_s': 0.00022556727559502882}.
[I 2025-08-10 00:40:57,312] Trial 274 finished with values: [0.9033940523595696, 0.20723684210526316] and parameters: {'psi': 0.670918909312234, 'lda_s': 0.1870507787018032}.
[I 2025-08-10 00:41:03,308] Trial 275 finished with values: [0.9508421587731933, 0.3954154727793696] and parameters: {'psi': 0.1129424701964804, 'lda_s': 0.037785597952109035}.
[I 2025-08-10 00:41:09,261] Trial 276 finished with values: [0.9437638735914597, 0.24315068493150685] and parameters: {'psi': 0.38193498326095476, 'lda_s': 0.004935493215878734}.
[I 2025-08-10 00:41:15,246] Trial 277 finished with values: [0.9471430992120647, 0.24666666666666667] and parameters: {'psi': 0.20307319878608288, 'lda_s': 0.002830792081308929}.
[I 2025-08-10 00:41:21,220] Trial 278 finished with values: [0.8878454630178768, 0.22085889570552147] and parameters: {'psi': 0.6281192272692242, 'lda_s': 1.0829800491336563}.
[I 2025-08-10 00:41:27,201] Trial 279 finished with values: [0.9513496568668983, 0.3167420814479638] and parameters: {'psi': 0.08309007548152314, 'lda_s': 0.004935493215878734}.
[I 2025-08-10 00:41:33,145] Trial 280 finished with values: [0.9451338642717952, 0.238562091503268] and parameters: {'psi': 0.25645550531440053, 'lda_s': 0.00017068796234945746}.
[I 2025-08-10 00:41:39,109] Trial 281 finished with values: [0.9444531051427604, 0.23817292006525284] and parameters: {'psi': 0.295074963382877, 'lda_s': 8.066614800215459e-07}.
[I 2025-08-10 00:41:45,092] Trial 282 finished with values: [0.9507485385071592, 0.39655172413793105] and parameters: {'psi': 0.1129424701964804, 'lda_s': 3.2287855717217457}.
[I 2025-08-10 00:41:51,055] Trial 283 finished with values: [0.8768770651529272, 0.13679245283018868] and parameters: {'psi': 0.7480681119285093, 'lda_s': 1.0829800491336563}.
[I 2025-08-10 00:41:57,035] Trial 284 finished with values: [0.951390748114886, 0.350253807106599] and parameters: {'psi': 0.07734522547536649, 'lda_s': 0.29454797354612094}.
[I 2025-08-10 00:42:02,994] Trial 285 finished with values: [0.8774120986189953, 0.10235131396957123] and parameters: {'psi': 0.5558002069008534, 'lda_s': 0.1870507787018032}.
[I 2025-08-10 00:42:08,964] Trial 286 finished with values: [0.9445196136575448, 0.34782608695652173] and parameters: {'psi': 0.27443873312471245, 'lda_s': 1.784436328759295}.
[I 2025-08-10 00:42:14,937] Trial 287 finished with values: [0.9459268829958485, 0.23817292006525284] and parameters: {'psi': 0.1129424701964804, 'lda_s': 0.00013700882756049996}.
[I 2025-08-10 00:42:20,907] Trial 288 finished with values: [0.8513899008726595, 0.2047930283224401] and parameters: {'psi': 0.7624220874492902, 'lda_s': 4.850760216230734}.
[I 2025-08-10 00:42:26,886] Trial 289 finished with values: [0.9180399051088706, 0.1693121693121693] and parameters: {'psi': 0.5029460862012725, 'lda_s': 0.1255108092155008}.
[I 2025-08-10 00:42:32,863] Trial 290 finished with values: [0.9467453189866982, 0.2530755711775044] and parameters: {'psi': 0.21964765975716216, 'lda_s': 0.004935493215878734}.
[I 2025-08-10 00:42:38,848] Trial 291 finished with values: [0.9513496568668983, 0.3167420814479638] and parameters: {'psi': 0.08309007548152314, 'lda_s': 0.004935493215878734}.
[I 2025-08-10 00:42:44,820] Trial 292 finished with values: [0.9431195458781666, 0.23376623376623376] and parameters: {'psi': 0.49937438718281035, 'lda_s': 6.152767626665527e-07}.
[I 2025-08-10 00:42:50,790] Trial 293 finished with values: [0.9509489112937388, 0.4011627906976744] and parameters: {'psi': 0.10974828707028617, 'lda_s': 1.0829800491336563}.
[I 2025-08-10 00:42:56,769] Trial 294 finished with values: [0.9451262390917563, 0.23510466988727857] and parameters: {'psi': 0.1129424701964804, 'lda_s': 4.415165776967364e-07}.
[I 2025-08-10 00:43:02,727] Trial 295 finished with values: [0.9040282131661442, 0.21811460258780038] and parameters: {'psi': 0.6647251835421957, 'lda_s': 0.037785597952109035}.
[I 2025-08-10 00:43:08,733] Trial 296 finished with values: [0.9487816656782174, 0.2927835051546392] and parameters: {'psi': 0.02498285039405168, 'lda_s': 5.223301756765859}.
[I 2025-08-10 00:43:14,697] Trial 297 finished with values: [0.9107159196814368, 0.28433734939759037] and parameters: {'psi': 0.49835258701530905, 'lda_s': 2.368313402295934}.
[I 2025-08-10 00:43:20,672] Trial 298 finished with values: [0.951502584088791, 0.35751295336787564] and parameters: {'psi': 0.08309007548152314, 'lda_s': 6.890976848334968}.
[I 2025-08-10 00:43:26,659] Trial 299 finished with values: [0.9495166483097518, 0.27734375] and parameters: {'psi': 0.12582086687350702, 'lda_s': 0.004935493215878734}.
[I 2025-08-10 00:43:32,632] Trial 300 finished with values: [0.8531682623061934, 0.14184397163120568] and parameters: {'psi': 0.7646982834900968, 'lda_s': 1.930290089412926}.
[I 2025-08-10 00:43:38,596] Trial 301 finished with values: [0.9431991866474625, 0.23376623376623376] and parameters: {'psi': 0.49115889515365285, 'lda_s': 8.777316364496056e-08}.
[I 2025-08-10 00:43:44,599] Trial 302 finished with values: [0.951502584088791, 0.35751295336787564] and parameters: {'psi': 0.08309007548152314, 'lda_s': 1.614929567038472}.
[I 2025-08-10 00:43:50,669] Trial 303 finished with values: [0.8887859018893501, 0.22448979591836735] and parameters: {'psi': 0.6322304993771438, 'lda_s': 1.0829800491336563}.
[I 2025-08-10 00:43:56,658] Trial 304 finished with values: [0.9478344488689316, 0.3520408163265306] and parameters: {'psi': 0.20424194677883523, 'lda_s': 4.557124410412724}.
[I 2025-08-10 00:44:02,639] Trial 305 finished with values: [0.951502584088791, 0.35751295336787564] and parameters: {'psi': 0.08309007548152314, 'lda_s': 4.557124410412724}.
[I 2025-08-10 00:44:08,624] Trial 306 finished with values: [0.9490989578920612, 0.3582887700534759] and parameters: {'psi': 0.25728374232428497, 'lda_s': 6.890976848334968}.
[I 2025-08-10 00:44:14,588] Trial 307 finished with values: [0.942936117936118, 0.24440619621342513] and parameters: {'psi': 0.4687154391409466, 'lda_s': 0.004935493215878734}.
[I 2025-08-10 00:44:20,562] Trial 308 finished with values: [0.9486507667542151, 0.35694050991501414] and parameters: {'psi': 0.13970278646121492, 'lda_s': 1.784436328759295}.
[I 2025-08-10 00:44:26,544] Trial 309 finished with values: [0.9489032449377277, 0.3358024691358025] and parameters: {'psi': 0.21577649072175442, 'lda_s': 3.2287855717217457}.
[I 2025-08-10 00:44:32,519] Trial 310 finished with values: [0.9515792595102941, 0.35658914728682173] and parameters: {'psi': 0.08309007548152314, 'lda_s': 0.028450413423114083}.
[I 2025-08-10 00:44:38,491] Trial 311 finished with values: [0.9501372532407016, 0.3444730077120823] and parameters: {'psi': 0.23149052863034747, 'lda_s': 1.0829800491336563}.
[I 2025-08-10 00:44:44,448] Trial 312 finished with values: [0.9229674658985004, 0.3027295285359802] and parameters: {'psi': 0.8638629392967321, 'lda_s': 0.037785597952109035}.
[I 2025-08-10 00:44:50,418] Trial 313 finished with values: [0.9492925527408285, 0.3333333333333333] and parameters: {'psi': 0.21964765975716216, 'lda_s': 6.890976848334968}.
[I 2025-08-10 00:44:56,388] Trial 314 finished with values: [0.9464017622638313, 0.29004329004329005] and parameters: {'psi': 0.19275780972811518, 'lda_s': 0.014196297626078281}.
[I 2025-08-10 00:45:02,366] Trial 315 finished with values: [0.9417271032788275, 0.24283305227655985] and parameters: {'psi': 0.5730126492295743, 'lda_s': 0.002415559373053563}.
[I 2025-08-10 00:45:08,341] Trial 316 finished with values: [0.8677128696094214, 0.1392235609103079] and parameters: {'psi': 0.783209140302361, 'lda_s': 0.43997886171078704}.
[I 2025-08-10 00:45:14,336] Trial 317 finished with values: [0.9490989578920612, 0.3582887700534759] and parameters: {'psi': 0.25728374232428497, 'lda_s': 6.890976848334968}.
[I 2025-08-10 00:45:20,284] Trial 318 finished with values: [0.9313954079471319, 0.2408026755852843] and parameters: {'psi': 0.9614081726972028, 'lda_s': 0.004935493215878734}.
[I 2025-08-10 00:45:26,249] Trial 319 finished with values: [0.8864746250953147, 0.2155688622754491] and parameters: {'psi': 0.6281156703401416, 'lda_s': 2.3281001576801628}.
[I 2025-08-10 00:45:32,212] Trial 320 finished with values: [0.9350364314157418, 0.23834196891191708] and parameters: {'psi': 0.7772630022365202, 'lda_s': 0.002921437299014009}.
[I 2025-08-10 00:45:38,190] Trial 321 finished with values: [0.9507485385071592, 0.39655172413793105] and parameters: {'psi': 0.1129424701964804, 'lda_s': 6.890976848334968}.
[I 2025-08-10 00:45:44,150] Trial 322 finished with values: [0.8664229433194951, 0.10941475826972011] and parameters: {'psi': 0.9958486160046072, 'lda_s': 2.365976223613188}.
[I 2025-08-10 00:45:50,137] Trial 323 finished with values: [0.9481161569092604, 0.35384615384615387] and parameters: {'psi': 0.20754594260532833, 'lda_s': 0.08788082157139872}.
[I 2025-08-10 00:45:56,120] Trial 324 finished with values: [0.9439591629246802, 0.23778501628664495] and parameters: {'psi': 0.39285718611536324, 'lda_s': 4.253057180706615e-05}.
[I 2025-08-10 00:46:02,103] Trial 325 finished with values: [0.9450639667881047, 0.23548387096774193] and parameters: {'psi': 0.08309007548152314, 'lda_s': 3.706646518666789e-06}.
[I 2025-08-10 00:46:08,072] Trial 326 finished with values: [0.944909345081759, 0.23739837398373984] and parameters: {'psi': 0.20321147191385036, 'lda_s': 4.075600338798858e-08}.
[I 2025-08-10 00:46:14,035] Trial 327 finished with values: [0.9486304329407778, 0.353887399463807] and parameters: {'psi': 0.2596518847972531, 'lda_s': 6.40175405365346}.
[I 2025-08-10 00:46:20,022] Trial 328 finished with values: [0.951502584088791, 0.35751295336787564] and parameters: {'psi': 0.08309007548152314, 'lda_s': 0.29454797354612094}.
[I 2025-08-10 00:46:25,988] Trial 329 finished with values: [0.8910772684910616, 0.25051334702258726] and parameters: {'psi': 0.6862737702590099, 'lda_s': 1.0829800491336563}.
[I 2025-08-10 00:46:31,973] Trial 330 finished with values: [0.9470931119206981, 0.3425692695214106] and parameters: {'psi': 0.1941973858235716, 'lda_s': 0.33714770103290626}.
[I 2025-08-10 00:46:37,947] Trial 331 finished with values: [0.9467135474032025, 0.24790619765494137] and parameters: {'psi': 0.23149052863034747, 'lda_s': 0.0021436507591113415}.
[I 2025-08-10 00:46:44,023] Trial 332 finished with values: [0.8834885198678303, 0.23736263736263735] and parameters: {'psi': 0.8934265123279407, 'lda_s': 6.890976848334968}.
[I 2025-08-10 00:46:50,010] Trial 333 finished with values: [0.951502584088791, 0.35751295336787564] and parameters: {'psi': 0.08309007548152314, 'lda_s': 0.11007113963579596}.
[I 2025-08-10 00:46:56,006] Trial 334 finished with values: [0.9515576548335168, 0.3780821917808219] and parameters: {'psi': 0.09210420021991794, 'lda_s': 1.0829800491336563}.
[I 2025-08-10 00:47:01,970] Trial 335 finished with values: [0.9428886723714308, 0.24610051993067592] and parameters: {'psi': 0.4938043874681828, 'lda_s': 0.004935493215878734}.
[I 2025-08-10 00:47:07,950] Trial 336 finished with values: [0.9490989578920612, 0.3582887700534759] and parameters: {'psi': 0.25728374232428497, 'lda_s': 3.2287855717217457}.
[I 2025-08-10 00:47:13,939] Trial 337 finished with values: [0.9512115563839701, 0.34673366834170855] and parameters: {'psi': 0.07208843732997383, 'lda_s': 2.368313402295934}.
[I 2025-08-10 00:47:19,915] Trial 338 finished with values: [0.9501588579174786, 0.26151012891344383] and parameters: {'psi': 0.10974828707028617, 'lda_s': 0.0035156324231678756}.
[I 2025-08-10 00:47:25,912] Trial 339 finished with values: [0.951502584088791, 0.35751295336787564] and parameters: {'psi': 0.08309007548152314, 'lda_s': 1.614929567038472}.
[I 2025-08-10 00:47:31,879] Trial 340 finished with values: [0.9449470473608405, 0.23510466988727857] and parameters: {'psi': 0.07572048335118198, 'lda_s': 6.585310263374606e-07}.
[I 2025-08-10 00:47:37,853] Trial 341 finished with values: [0.951502584088791, 0.35751295336787564] and parameters: {'psi': 0.08309007548152314, 'lda_s': 9.50356307411016}.
[I 2025-08-10 00:47:43,821] Trial 342 finished with values: [0.8920134711514022, 0.25] and parameters: {'psi': 0.6782003750447222, 'lda_s': 6.890976848334968}.
[I 2025-08-10 00:47:49,779] Trial 343 finished with values: [0.9303096670338049, 0.23986486486486486] and parameters: {'psi': 0.8895807921236725, 'lda_s': 0.0019060488050926317}.
[I 2025-08-10 00:47:55,747] Trial 344 finished with values: [0.9497648902821317, 0.3710144927536232] and parameters: {'psi': 0.12753073158119788, 'lda_s': 6.890976848334968}.
[I 2025-08-10 00:48:01,707] Trial 345 finished with values: [0.9448292806913496, 0.23778501628664495] and parameters: {'psi': 0.21964765975716216, 'lda_s': 1.2069945723619639e-08}.
[I 2025-08-10 00:48:07,673] Trial 346 finished with values: [0.9479789036685589, 0.35475578406169667] and parameters: {'psi': 0.20597373448909995, 'lda_s': 0.3004337616518321}.
[I 2025-08-10 00:48:13,639] Trial 347 finished with values: [0.9515576548335168, 0.3780821917808219] and parameters: {'psi': 0.09210420021991794, 'lda_s': 0.13224168404363038}.
[I 2025-08-10 00:48:19,615] Trial 348 finished with values: [0.9450177920867576, 0.23548387096774193] and parameters: {'psi': 0.08309007548152314, 'lda_s': 3.5555271929308583e-07}.
[I 2025-08-10 00:48:25,590] Trial 349 finished with values: [0.9507485385071592, 0.39655172413793105] and parameters: {'psi': 0.1129424701964804, 'lda_s': 6.890976848334968}.
[I 2025-08-10 00:48:31,582] Trial 350 finished with values: [0.951502584088791, 0.35751295336787564] and parameters: {'psi': 0.08309007548152314, 'lda_s': 6.890976848334968}.
[I 2025-08-10 00:48:37,541] Trial 351 finished with values: [0.945849360332119, 0.24662162162162163] and parameters: {'psi': 0.3205282195472894, 'lda_s': 0.0028851289951804674}.
[I 2025-08-10 00:48:43,511] Trial 352 finished with values: [0.951502584088791, 0.35751295336787564] and parameters: {'psi': 0.08309007548152314, 'lda_s': 1.614929567038472}.
[I 2025-08-10 00:48:49,465] Trial 353 finished with values: [0.943480471066678, 0.23817292006525284] and parameters: {'psi': 0.45703095849102915, 'lda_s': 1.0991518432154307e-06}.
[I 2025-08-10 00:48:55,444] Trial 354 finished with values: [0.9481004829280691, 0.35384615384615387] and parameters: {'psi': 0.20731398705212112, 'lda_s': 1.373152632558211}.
[I 2025-08-10 00:49:01,393] Trial 355 finished with values: [0.9065945098703719, 0.21691176470588236] and parameters: {'psi': 0.6793145641063231, 'lda_s': 0.037785597952109035}.
[I 2025-08-10 00:49:07,356] Trial 356 finished with values: [0.9437024485300346, 0.23817292006525284] and parameters: {'psi': 0.4193105746496649, 'lda_s': 8.216203768196317e-07}.
[I 2025-08-10 00:49:13,326] Trial 357 finished with values: [0.9508421587731933, 0.3954154727793696] and parameters: {'psi': 0.1129424701964804, 'lda_s': 0.037785597952109035}.
[I 2025-08-10 00:49:19,292] Trial 358 finished with values: [0.9425671439464542, 0.23529411764705882] and parameters: {'psi': 0.5503632055626795, 'lda_s': 7.150127146367243e-05}.
[I 2025-08-10 00:49:25,267] Trial 359 finished with values: [0.9090036431415743, 0.16292134831460675] and parameters: {'psi': 0.9724887147055089, 'lda_s': 0.8447669305008113}.
[I 2025-08-10 00:49:31,261] Trial 360 finished with values: [0.9515576548335168, 0.3780821917808219] and parameters: {'psi': 0.09210420021991794, 'lda_s': 9.928922251031993}.
[I 2025-08-10 00:49:37,236] Trial 361 finished with values: [0.951502584088791, 0.35751295336787564] and parameters: {'psi': 0.08309007548152314, 'lda_s': 6.890976848334968}.
[I 2025-08-10 00:49:43,192] Trial 362 finished with values: [0.9019855121579259, 0.18020679468242246] and parameters: {'psi': 0.9551560348297672, 'lda_s': 1.0829800491336563}.
[I 2025-08-10 00:49:49,154] Trial 363 finished with values: [0.951502584088791, 0.35751295336787564] and parameters: {'psi': 0.08309007548152314, 'lda_s': 3.2287855717217457}.
[I 2025-08-10 00:49:55,120] Trial 364 finished with values: [0.9508421587731933, 0.3954154727793696] and parameters: {'psi': 0.1129424701964804, 'lda_s': 0.037785597952109035}.
[I 2025-08-10 00:50:01,100] Trial 365 finished with values: [0.9507485385071592, 0.39655172413793105] and parameters: {'psi': 0.1129424701964804, 'lda_s': 3.2287855717217457}.
[I 2025-08-10 00:50:07,055] Trial 366 finished with values: [0.9102910277048208, 0.1798780487804878] and parameters: {'psi': 0.5001785905398083, 'lda_s': 0.24442725665890924}.
[I 2025-08-10 00:50:13,001] Trial 367 finished with values: [0.9288591883419469, 0.33766233766233766] and parameters: {'psi': 0.4781512451918194, 'lda_s': 9.913926956788647}.
[I 2025-08-10 00:50:18,965] Trial 368 finished with values: [0.9450847242226553, 0.23548387096774193] and parameters: {'psi': 0.09210420021991794, 'lda_s': 2.3278992015742865e-07}.
[I 2025-08-10 00:50:24,938] Trial 369 finished with values: [0.845348216555113, 0.12398921832884097] and parameters: {'psi': 0.8492190317389462, 'lda_s': 0.29454797354612094}.
[I 2025-08-10 00:50:31,007] Trial 370 finished with values: [0.9450906549182411, 0.23548387096774193] and parameters: {'psi': 0.08309007548152314, 'lda_s': 6.074802181073487e-06}.
[I 2025-08-10 00:50:36,984] Trial 371 finished with values: [0.951502584088791, 0.35751295336787564] and parameters: {'psi': 0.08309007548152314, 'lda_s': 6.890976848334968}.
