[I 2025-08-10 01:00:37,022] A new study created in memory with name: no-name-7061d489-6188-4e51-a40b-49e66e27009c
Mode-0 approx rank: 2/38
Estimated noise variance from mode-0: 0.0
Mode-1 approx rank: 5/20
Estimated noise variance from mode-1: 0.0004957746497005582
Mode-2 approx rank: 5/24
Estimated noise variance from mode-2: 0.0005733632253025718
Mode-3 approx rank: 1/60
Estimated noise variance from mode-3: 0.00017196689152156714
  0%|          | 0/500 [00:00<?, ?it/s]/mnt/ffs24/home/mondalra/Anomaly_Detection/src/proximal_ops/prox_overlapping_grouped_l21.py:405: UserWarning: Sparse CSR tensor support is in beta state. If you miss a functionality in the sparse tensor support, please submit a feature request to https://github.com/pytorch/pytorch/issues. (Triggered internally at /pytorch/aten/src/ATen/SparseCsrTensorImpl.cpp:53.)
  G_ind = torch.sparse_csr_tensor(A_r.indptr, A_r.indices, A_r.data, device=device, dtype=dtype)
                                         0%|          | 0/500 [00:09<?, ?it/s]  0%|          | 1/500 [00:09<1:17:15,  9.29s/it]                                                   0%|          | 1/500 [00:16<1:17:15,  9.29s/it]  0%|          | 2/500 [00:16<1:06:50,  8.05s/it]                                                   0%|          | 2/500 [00:23<1:06:50,  8.05s/it]  1%|          | 3/500 [00:23<1:03:17,  7.64s/it]                                                   1%|          | 3/500 [00:30<1:03:17,  7.64s/it]  1%|          | 4/500 [00:30<1:01:31,  7.44s/it]                                                   1%|          | 4/500 [00:37<1:01:31,  7.44s/it]  1%|          | 5/500 [00:37<1:00:35,  7.34s/it]                                                   1%|          | 5/500 [00:45<1:00:35,  7.34s/it]  1%|          | 6/500 [00:45<59:54,  7.28s/it]                                                   1%|          | 6/500 [00:52<59:54,  7.28s/it]  1%|▏         | 7/500 [00:52<59:37,  7.26s/it]                                                 1%|▏         | 7/500 [00:59<59:37,  7.26s/it]  2%|▏         | 8/500 [00:59<59:16,  7.23s/it]                                                 2%|▏         | 8/500 [01:06<59:16,  7.23s/it]  2%|▏         | 9/500 [01:06<59:13,  7.24s/it]                                                 2%|▏         | 9/500 [01:13<59:13,  7.24s/it]  2%|▏         | 10/500 [01:13<58:55,  7.22s/it]                                                  2%|▏         | 10/500 [01:21<58:55,  7.22s/it]  2%|▏         | 11/500 [01:21<58:41,  7.20s/it]                                                  2%|▏         | 11/500 [01:28<58:41,  7.20s/it]  2%|▏         | 12/500 [01:28<58:27,  7.19s/it]                                                  2%|▏         | 12/500 [01:35<58:27,  7.19s/it]  3%|▎         | 13/500 [01:35<58:19,  7.19s/it]                                                  3%|▎         | 13/500 [01:42<58:19,  7.19s/it]  3%|▎         | 14/500 [01:42<58:14,  7.19s/it]                                                  3%|▎         | 14/500 [01:49<58:14,  7.19s/it]  3%|▎         | 15/500 [01:49<58:03,  7.18s/it]                                                  3%|▎         | 15/500 [01:56<58:03,  7.18s/it]  3%|▎         | 16/500 [01:56<57:53,  7.18s/it]                                                  3%|▎         | 16/500 [02:04<57:53,  7.18s/it]  3%|▎         | 17/500 [02:04<57:41,  7.17s/it]                                                  3%|▎         | 17/500 [02:11<57:41,  7.17s/it]  4%|▎         | 18/500 [02:11<57:34,  7.17s/it]                                                  4%|▎         | 18/500 [02:18<57:34,  7.17s/it]  4%|▍         | 19/500 [02:18<57:26,  7.17s/it]                                                  4%|▍         | 19/500 [02:25<57:26,  7.17s/it]  4%|▍         | 20/500 [02:25<57:17,  7.16s/it]                                                  4%|▍         | 20/500 [02:32<57:17,  7.16s/it]  4%|▍         | 21/500 [02:32<57:09,  7.16s/it]                                                  4%|▍         | 21/500 [02:39<57:09,  7.16s/it]  4%|▍         | 22/500 [02:39<57:02,  7.16s/it]                                                  4%|▍         | 22/500 [02:47<57:02,  7.16s/it]  5%|▍         | 23/500 [02:47<56:51,  7.15s/it]                                                  5%|▍         | 23/500 [02:54<56:51,  7.15s/it]  5%|▍         | 24/500 [02:54<56:42,  7.15s/it]                                                  5%|▍         | 24/500 [03:01<56:42,  7.15s/it]  5%|▌         | 25/500 [03:01<56:36,  7.15s/it]                                                  5%|▌         | 25/500 [03:08<56:36,  7.15s/it]  5%|▌         | 26/500 [03:08<56:30,  7.15s/it]                                                  5%|▌         | 26/500 [03:15<56:30,  7.15s/it]  5%|▌         | 27/500 [03:15<56:22,  7.15s/it]                                                  5%|▌         | 27/500 [03:22<56:22,  7.15s/it]  6%|▌         | 28/500 [03:22<56:16,  7.15s/it]                                                  6%|▌         | 28/500 [03:29<56:16,  7.15s/it]  6%|▌         | 29/500 [03:29<56:11,  7.16s/it]                                                  6%|▌         | 29/500 [03:37<56:11,  7.16s/it]  6%|▌         | 30/500 [03:37<56:03,  7.16s/it]                                                  6%|▌         | 30/500 [03:44<56:03,  7.16s/it]  6%|▌         | 31/500 [03:44<55:56,  7.16s/it]                                                  6%|▌         | 31/500 [03:51<55:56,  7.16s/it]  6%|▋         | 32/500 [03:51<55:51,  7.16s/it]                                                  6%|▋         | 32/500 [03:58<55:51,  7.16s/it]  7%|▋         | 33/500 [03:58<55:38,  7.15s/it]                                                  7%|▋         | 33/500 [04:05<55:38,  7.15s/it]  7%|▋         | 34/500 [04:05<55:28,  7.14s/it]                                                  7%|▋         | 34/500 [04:12<55:28,  7.14s/it]  7%|▋         | 35/500 [04:12<55:27,  7.16s/it]                                                  7%|▋         | 35/500 [04:20<55:27,  7.16s/it]  7%|▋         | 36/500 [04:20<55:37,  7.19s/it]                                                  7%|▋         | 36/500 [04:27<55:37,  7.19s/it]  7%|▋         | 37/500 [04:27<55:26,  7.18s/it]                                                  7%|▋         | 37/500 [04:34<55:26,  7.18s/it]  8%|▊         | 38/500 [04:34<55:18,  7.18s/it]                                                  8%|▊         | 38/500 [04:41<55:18,  7.18s/it]  8%|▊         | 39/500 [04:41<55:09,  7.18s/it]                                                  8%|▊         | 39/500 [04:48<55:09,  7.18s/it]  8%|▊         | 40/500 [04:48<54:55,  7.16s/it]                                                  8%|▊         | 40/500 [04:55<54:55,  7.16s/it]  8%|▊         | 41/500 [04:55<54:51,  7.17s/it]                                                  8%|▊         | 41/500 [05:03<54:51,  7.17s/it]  8%|▊         | 42/500 [05:03<54:43,  7.17s/it]                                                  8%|▊         | 42/500 [05:10<54:43,  7.17s/it]  9%|▊         | 43/500 [05:10<54:36,  7.17s/it]                                                  9%|▊         | 43/500 [05:17<54:36,  7.17s/it]  9%|▉         | 44/500 [05:17<54:33,  7.18s/it]                                                  9%|▉         | 44/500 [05:24<54:33,  7.18s/it]  9%|▉         | 45/500 [05:24<54:27,  7.18s/it]                                                  9%|▉         | 45/500 [05:31<54:27,  7.18s/it]  9%|▉         | 46/500 [05:31<54:14,  7.17s/it]                                                  9%|▉         | 46/500 [05:38<54:14,  7.17s/it]  9%|▉         | 47/500 [05:38<54:04,  7.16s/it]                                                  9%|▉         | 47/500 [05:46<54:04,  7.16s/it] 10%|▉         | 48/500 [05:46<53:51,  7.15s/it]                                                 10%|▉         | 48/500 [05:53<53:51,  7.15s/it] 10%|▉         | 49/500 [05:53<53:45,  7.15s/it]                                                 10%|▉         | 49/500 [06:00<53:45,  7.15s/it] 10%|█         | 50/500 [06:00<53:34,  7.14s/it]                                                 10%|█         | 50/500 [06:07<53:34,  7.14s/it] 10%|█         | 51/500 [06:07<53:29,  7.15s/it]                                                 10%|█         | 51/500 [06:14<53:29,  7.15s/it] 10%|█         | 52/500 [06:14<53:26,  7.16s/it]                                                 10%|█         | 52/500 [06:21<53:26,  7.16s/it] 11%|█         | 53/500 [06:21<53:21,  7.16s/it]                                                 11%|█         | 53/500 [06:29<53:21,  7.16s/it] 11%|█         | 54/500 [06:29<53:13,  7.16s/it]                                                 11%|█         | 54/500 [06:36<53:13,  7.16s/it] 11%|█         | 55/500 [06:36<53:04,  7.16s/it]                                                 11%|█         | 55/500 [06:43<53:04,  7.16s/it] 11%|█         | 56/500 [06:43<52:56,  7.16s/it]                                                 11%|█         | 56/500 [06:50<52:56,  7.16s/it] 11%|█▏        | 57/500 [06:50<52:48,  7.15s/it]                                                 11%|█▏        | 57/500 [06:57<52:48,  7.15s/it] 12%|█▏        | 58/500 [06:57<52:39,  7.15s/it]                                                 12%|█▏        | 58/500 [07:04<52:39,  7.15s/it] 12%|█▏        | 59/500 [07:04<52:34,  7.15s/it]                                                 12%|█▏        | 59/500 [07:11<52:34,  7.15s/it] 12%|█▏        | 60/500 [07:11<52:31,  7.16s/it]                                                 12%|█▏        | 60/500 [07:19<52:31,  7.16s/it] 12%|█▏        | 61/500 [07:19<52:29,  7.17s/it]                                                 12%|█▏        | 61/500 [07:26<52:29,  7.17s/it] 12%|█▏        | 62/500 [07:26<52:19,  7.17s/it]                                                 12%|█▏        | 62/500 [07:33<52:19,  7.17s/it] 13%|█▎        | 63/500 [07:33<52:11,  7.17s/it]                                                 13%|█▎        | 63/500 [07:40<52:11,  7.17s/it] 13%|█▎        | 64/500 [07:40<52:06,  7.17s/it]                                                 13%|█▎        | 64/500 [07:47<52:06,  7.17s/it] 13%|█▎        | 65/500 [07:47<51:59,  7.17s/it]                                                 13%|█▎        | 65/500 [07:55<51:59,  7.17s/it] 13%|█▎        | 66/500 [07:55<51:53,  7.17s/it]                                                 13%|█▎        | 66/500 [08:02<51:53,  7.17s/it] 13%|█▎        | 67/500 [08:02<51:47,  7.18s/it]                                                 13%|█▎        | 67/500 [08:09<51:47,  7.18s/it] 14%|█▎        | 68/500 [08:09<51:39,  7.18s/it]                                                 14%|█▎        | 68/500 [08:16<51:39,  7.18s/it] 14%|█▍        | 69/500 [08:16<51:30,  7.17s/it]                                                 14%|█▍        | 69/500 [08:23<51:30,  7.17s/it] 14%|█▍        | 70/500 [08:23<51:21,  7.17s/it]                                                 14%|█▍        | 70/500 [08:30<51:21,  7.17s/it] 14%|█▍        | 71/500 [08:30<51:15,  7.17s/it]                                                 14%|█▍        | 71/500 [08:37<51:15,  7.17s/it] 14%|█▍        | 72/500 [08:37<51:03,  7.16s/it]                                                 14%|█▍        | 72/500 [08:45<51:03,  7.16s/it] 15%|█▍        | 73/500 [08:45<50:56,  7.16s/it]                                                 15%|█▍        | 73/500 [08:52<50:56,  7.16s/it] 15%|█▍        | 74/500 [08:52<51:02,  7.19s/it]                                                 15%|█▍        | 74/500 [08:59<51:02,  7.19s/it] 15%|█▌        | 75/500 [08:59<50:46,  7.17s/it]                                                 15%|█▌        | 75/500 [09:06<50:46,  7.17s/it] 15%|█▌        | 76/500 [09:06<50:34,  7.16s/it]                                                 15%|█▌        | 76/500 [09:13<50:34,  7.16s/it] 15%|█▌        | 77/500 [09:13<50:24,  7.15s/it]                                                 15%|█▌        | 77/500 [09:20<50:24,  7.15s/it] 16%|█▌        | 78/500 [09:20<50:20,  7.16s/it]                                                 16%|█▌        | 78/500 [09:28<50:20,  7.16s/it] 16%|█▌        | 79/500 [09:28<50:13,  7.16s/it]                                                 16%|█▌        | 79/500 [09:35<50:13,  7.16s/it] 16%|█▌        | 80/500 [09:35<50:07,  7.16s/it]                                                 16%|█▌        | 80/500 [09:42<50:07,  7.16s/it] 16%|█▌        | 81/500 [09:42<49:59,  7.16s/it]                                                 16%|█▌        | 81/500 [09:49<49:59,  7.16s/it] 16%|█▋        | 82/500 [09:49<49:52,  7.16s/it]                                                 16%|█▋        | 82/500 [09:56<49:52,  7.16s/it] 17%|█▋        | 83/500 [09:56<49:45,  7.16s/it]                                                 17%|█▋        | 83/500 [10:03<49:45,  7.16s/it] 17%|█▋        | 84/500 [10:03<49:37,  7.16s/it]                                                 17%|█▋        | 84/500 [10:11<49:37,  7.16s/it] 17%|█▋        | 85/500 [10:11<49:34,  7.17s/it]                                                 17%|█▋        | 85/500 [10:18<49:34,  7.17s/it] 17%|█▋        | 86/500 [10:18<49:30,  7.17s/it]                                                 17%|█▋        | 86/500 [10:25<49:30,  7.17s/it] 17%|█▋        | 87/500 [10:25<49:25,  7.18s/it]                                                 17%|█▋        | 87/500 [10:32<49:25,  7.18s/it] 18%|█▊        | 88/500 [10:32<49:19,  7.18s/it]                                                 18%|█▊        | 88/500 [10:39<49:19,  7.18s/it] 18%|█▊        | 89/500 [10:39<49:09,  7.18s/it]                                                 18%|█▊        | 89/500 [10:47<49:09,  7.18s/it] 18%|█▊        | 90/500 [10:47<49:02,  7.18s/it]                                                 18%|█▊        | 90/500 [10:54<49:02,  7.18s/it] 18%|█▊        | 91/500 [10:54<48:50,  7.17s/it]                                                 18%|█▊        | 91/500 [11:01<48:50,  7.17s/it] 18%|█▊        | 92/500 [11:01<48:41,  7.16s/it]                                                 18%|█▊        | 92/500 [11:08<48:41,  7.16s/it] 19%|█▊        | 93/500 [11:08<48:36,  7.17s/it]                                                 19%|█▊        | 93/500 [11:15<48:36,  7.17s/it] 19%|█▉        | 94/500 [11:15<48:29,  7.17s/it]                                                 19%|█▉        | 94/500 [11:22<48:29,  7.17s/it] 19%|█▉        | 95/500 [11:22<48:20,  7.16s/it]                                                 19%|█▉        | 95/500 [11:29<48:20,  7.16s/it] 19%|█▉        | 96/500 [11:29<48:12,  7.16s/it]                                                 19%|█▉        | 96/500 [11:37<48:12,  7.16s/it] 19%|█▉        | 97/500 [11:37<48:06,  7.16s/it]                                                 19%|█▉        | 97/500 [11:44<48:06,  7.16s/it] 20%|█▉        | 98/500 [11:44<48:00,  7.16s/it]                                                 20%|█▉        | 98/500 [11:51<48:00,  7.16s/it] 20%|█▉        | 99/500 [11:51<47:55,  7.17s/it]                                                 20%|█▉        | 99/500 [11:58<47:55,  7.17s/it] 20%|██        | 100/500 [11:58<47:49,  7.17s/it]                                                  20%|██        | 100/500 [12:05<47:49,  7.17s/it] 20%|██        | 101/500 [12:05<47:41,  7.17s/it]                                                  20%|██        | 101/500 [12:12<47:41,  7.17s/it] 20%|██        | 102/500 [12:12<47:30,  7.16s/it]                                                  20%|██        | 102/500 [12:20<47:30,  7.16s/it] 21%|██        | 103/500 [12:20<47:19,  7.15s/it]                                                  21%|██        | 103/500 [12:27<47:19,  7.15s/it] 21%|██        | 104/500 [12:27<47:15,  7.16s/it]                                                  21%|██        | 104/500 [12:34<47:15,  7.16s/it] 21%|██        | 105/500 [12:34<47:05,  7.15s/it]                                                  21%|██        | 105/500 [12:41<47:05,  7.15s/it] 21%|██        | 106/500 [12:41<47:08,  7.18s/it]                                                  21%|██        | 106/500 [12:48<47:08,  7.18s/it] 21%|██▏       | 107/500 [12:48<47:00,  7.18s/it]                                                  21%|██▏       | 107/500 [12:56<47:00,  7.18s/it] 22%|██▏       | 108/500 [12:56<46:53,  7.18s/it]                                                  22%|██▏       | 108/500 [13:03<46:53,  7.18s/it] 22%|██▏       | 109/500 [13:03<46:47,  7.18s/it]                                                  22%|██▏       | 109/500 [13:10<46:47,  7.18s/it] 22%|██▏       | 110/500 [13:10<46:37,  7.17s/it]                                                  22%|██▏       | 110/500 [13:17<46:37,  7.17s/it] 22%|██▏       | 111/500 [13:17<46:26,  7.16s/it]                                                  22%|██▏       | 111/500 [13:24<46:26,  7.16s/it] 22%|██▏       | 112/500 [13:24<46:21,  7.17s/it]                                                  22%|██▏       | 112/500 [13:31<46:21,  7.17s/it] 23%|██▎       | 113/500 [13:31<46:10,  7.16s/it]                                                  23%|██▎       | 113/500 [13:38<46:10,  7.16s/it] 23%|██▎       | 114/500 [13:38<45:58,  7.15s/it]                                                  23%|██▎       | 114/500 [13:46<45:58,  7.15s/it] 23%|██▎       | 115/500 [13:46<45:50,  7.15s/it]                                                  23%|██▎       | 115/500 [13:53<45:50,  7.15s/it] 23%|██▎       | 116/500 [13:53<45:41,  7.14s/it]                                                  23%|██▎       | 116/500 [14:00<45:41,  7.14s/it] 23%|██▎       | 117/500 [14:00<45:34,  7.14s/it]                                                  23%|██▎       | 117/500 [14:07<45:34,  7.14s/it] 24%|██▎       | 118/500 [14:07<45:29,  7.15s/it]                                                  24%|██▎       | 118/500 [14:14<45:29,  7.15s/it] 24%|██▍       | 119/500 [14:14<45:23,  7.15s/it]                                                  24%|██▍       | 119/500 [14:21<45:23,  7.15s/it] 24%|██▍       | 120/500 [14:21<45:16,  7.15s/it]                                                  24%|██▍       | 120/500 [14:28<45:16,  7.15s/it] 24%|██▍       | 121/500 [14:28<45:11,  7.15s/it]                                                  24%|██▍       | 121/500 [14:36<45:11,  7.15s/it] 24%|██▍       | 122/500 [14:36<45:00,  7.14s/it]                                                  24%|██▍       | 122/500 [14:43<45:00,  7.14s/it] 25%|██▍       | 123/500 [14:43<44:50,  7.14s/it]                                                  25%|██▍       | 123/500 [14:50<44:50,  7.14s/it] 25%|██▍       | 124/500 [14:50<44:45,  7.14s/it]                                                  25%|██▍       | 124/500 [14:57<44:45,  7.14s/it] 25%|██▌       | 125/500 [14:57<44:40,  7.15s/it]                                                  25%|██▌       | 125/500 [15:04<44:40,  7.15s/it] 25%|██▌       | 126/500 [15:04<44:34,  7.15s/it]                                                  25%|██▌       | 126/500 [15:11<44:34,  7.15s/it] 25%|██▌       | 127/500 [15:11<44:25,  7.15s/it]                                                  25%|██▌       | 127/500 [15:18<44:25,  7.15s/it] 26%|██▌       | 128/500 [15:18<44:17,  7.14s/it]                                                  26%|██▌       | 128/500 [15:26<44:17,  7.14s/it] 26%|██▌       | 129/500 [15:26<44:12,  7.15s/it]                                                  26%|██▌       | 129/500 [15:33<44:12,  7.15s/it] 26%|██▌       | 130/500 [15:33<44:04,  7.15s/it]                                                  26%|██▌       | 130/500 [15:40<44:04,  7.15s/it] 26%|██▌       | 131/500 [15:40<43:56,  7.15s/it]                                                  26%|██▌       | 131/500 [15:47<43:56,  7.15s/it] 26%|██▋       | 132/500 [15:47<43:51,  7.15s/it]                                                  26%|██▋       | 132/500 [15:54<43:51,  7.15s/it] 27%|██▋       | 133/500 [15:54<43:43,  7.15s/it]                                                  27%|██▋       | 133/500 [16:01<43:43,  7.15s/it] 27%|██▋       | 134/500 [16:01<43:36,  7.15s/it]                                                  27%|██▋       | 134/500 [16:09<43:36,  7.15s/it] 27%|██▋       | 135/500 [16:09<43:40,  7.18s/it]                                                  27%|██▋       | 135/500 [16:16<43:40,  7.18s/it] 27%|██▋       | 136/500 [16:16<43:30,  7.17s/it]                                                  27%|██▋       | 136/500 [16:23<43:30,  7.17s/it] 27%|██▋       | 137/500 [16:23<43:23,  7.17s/it]                                                  27%|██▋       | 137/500 [16:30<43:23,  7.17s/it] 28%|██▊       | 138/500 [16:30<43:11,  7.16s/it]                                                  28%|██▊       | 138/500 [16:37<43:11,  7.16s/it] 28%|██▊       | 139/500 [16:37<43:05,  7.16s/it]                                                  28%|██▊       | 139/500 [16:44<43:05,  7.16s/it] 28%|██▊       | 140/500 [16:44<43:00,  7.17s/it]                                                  28%|██▊       | 140/500 [16:52<43:00,  7.17s/it] 28%|██▊       | 141/500 [16:52<42:48,  7.16s/it]                                                  28%|██▊       | 141/500 [16