[I 2025-08-10 01:03:03,732] Trial 496 finished with values: [0.9507485385071592, 0.39655172413793105] and parameters: {'psi': 0.1129424701964804, 'lda_s': 3.2287855717217457}.
[I 2025-08-10 01:03:09,691] Trial 497 finished with values: [0.9469880538846057, 0.3308641975308642] and parameters: {'psi': 0.18826014175057382, 'lda_s': 0.037785597952109035}.
[I 2025-08-10 01:03:15,676] Trial 498 finished with values: [0.9516733033974413, 0.3556701030927835] and parameters: {'psi': 0.08309007548152314, 'lda_s': 0.017804358151384956}.
[I 2025-08-10 01:03:21,657] Trial 499 finished with values: [0.9509489112937388, 0.4011627906976744] and parameters: {'psi': 0.10974828707028617, 'lda_s': 6.890976848334968}.
