[I 2025-08-10 00:38:32,658] Trial 246 finished with values: [0.7668454912640041, 0.14635931211123307] and parameters: {'psi': 0.51906647107367, 'lda_s': 6.812938754064457e-06}.
[I 2025-08-10 00:38:38,737] Trial 247 finished with values: [0.7792801848544225, 0.1234380916319576] and parameters: {'psi': 0.1615838596952811, 'lda_s': 2.3717704679278326}.
[I 2025-08-10 00:38:44,813] Trial 248 finished with values: [0.7674880365153974, 0.14516129032258066] and parameters: {'psi': 0.6049853100499895, 'lda_s': 1.2443687806611509e-06}.
[I 2025-08-10 00:38:50,894] Trial 249 finished with values: [0.7734176691760091, 0.14158636026686433] and parameters: {'psi': 0.03623964773900368, 'lda_s': 0.09267540882804486}.
[I 2025-08-10 00:38:56,978] Trial 250 finished with values: [0.7976850984753754, 0.17312567910177473] and parameters: {'psi': 0.007383665750317792, 'lda_s': 1.5898193294058652e-05}.
[I 2025-08-10 00:39:03,048] Trial 251 finished with values: [0.7633756137689433, 0.14049282824567855] and parameters: {'psi': 0.7958922915488434, 'lda_s': 1.255397873591519e-08}.
[I 2025-08-10 00:39:09,127] Trial 252 finished with values: [0.8020920684447551, 0.1588235294117647] and parameters: {'psi': 0.007383665750317792, 'lda_s': 3.5424754726471814}.
[I 2025-08-10 00:39:15,203] Trial 253 finished with values: [0.8184963360353857, 0.2340876944837341] and parameters: {'psi': 0.003400285029469763, 'lda_s': 2.178838767396802e-08}.
[I 2025-08-10 00:39:21,300] Trial 254 finished with values: [0.7781265676700315, 0.12311178247734139] and parameters: {'psi': 0.14165855820907625, 'lda_s': 8.558706708425131}.
[I 2025-08-10 00:39:27,386] Trial 255 finished with values: [0.8020920684447551, 0.1588235294117647] and parameters: {'psi': 0.007383665750317792, 'lda_s': 3.5424754726471814}.
[I 2025-08-10 00:39:33,448] Trial 256 finished with values: [0.7607886535178208, 0.14557425018288223] and parameters: {'psi': 0.37402766773506335, 'lda_s': 0.00010884787461391825}.
[I 2025-08-10 00:39:39,509] Trial 257 finished with values: [0.7791030923503438, 0.12072892938496584] and parameters: {'psi': 0.20221241441899185, 'lda_s': 0.274992956498167}.
[I 2025-08-10 00:39:45,573] Trial 258 finished with values: [0.767302055122778, 0.14516129032258066] and parameters: {'psi': 0.6375351533264181, 'lda_s': 2.254870114307948e-07}.
[I 2025-08-10 00:39:51,638] Trial 259 finished with values: [0.7456335292948202, 0.14191176470588235] and parameters: {'psi': 0.04998707101866395, 'lda_s': 0.0005420802934964618}.
[I 2025-08-10 00:39:57,716] Trial 260 finished with values: [0.7599922169361834, 0.1345656192236599] and parameters: {'psi': 0.8972244062514888, 'lda_s': 7.14068199831887e-05}.
[I 2025-08-10 00:40:03,779] Trial 261 finished with values: [0.7613085751812599, 0.13515509601181683] and parameters: {'psi': 0.8721456957397988, 'lda_s': 5.002905797978092e-07}.
[I 2025-08-10 00:40:09,850] Trial 262 finished with values: [0.7675605377362491, 0.13561847988077497] and parameters: {'psi': 0.04998707101866395, 'lda_s': 0.005779385099391659}.
[I 2025-08-10 00:40:15,904] Trial 263 finished with values: [0.7677358485468097, 0.1194370483073412] and parameters: {'psi': 0.5966369010093189, 'lda_s': 0.44383130787646285}.
[I 2025-08-10 00:40:21,963] Trial 264 finished with values: [0.756485335037285, 0.14728399562522784] and parameters: {'psi': 0.12247439271547944, 'lda_s': 1.0439765804185669e-06}.
[I 2025-08-10 00:40:28,030] Trial 265 finished with values: [0.7744967097602855, 0.12852311161217586] and parameters: {'psi': 0.10043865571561084, 'lda_s': 8.725209048389152}.
[I 2025-08-10 00:40:34,080] Trial 266 finished with values: [0.7777336553016679, 0.15143793228977065] and parameters: {'psi': 0.018208996199706284, 'lda_s': 2.254870114307948e-07}.
[I 2025-08-10 00:40:40,161] Trial 267 finished with values: [0.7196762126411663, 0.12606599925843529] and parameters: {'psi': 0.7755072223765376, 'lda_s': 0.7941465689259507}.
[I 2025-08-10 00:40:46,224] Trial 268 finished with values: [0.7791140370390979, 0.12072892938496584] and parameters: {'psi': 0.2020086760658628, 'lda_s': 0.13284228302713955}.
[I 2025-08-10 00:40:52,283] Trial 269 finished with values: [0.7777361614200229, 0.15143793228977065] and parameters: {'psi': 0.018208996199706284, 'lda_s': 2.072474968217882e-07}.
[I 2025-08-10 00:40:58,356] Trial 270 finished with values: [0.7736809094985448, 0.12908067542213883] and parameters: {'psi': 0.09002863512410708, 'lda_s': 1.8793064860214466}.
[I 2025-08-10 00:41:04,535] Trial 271 finished with values: [0.7605483011043249, 0.12141527001862197] and parameters: {'psi': 0.7929584966345045, 'lda_s': 0.16088820274619603}.
[I 2025-08-10 00:41:10,616] Trial 272 finished with values: [0.7562411059719587, 0.14728399562522784] and parameters: {'psi': 0.1088889082286334, 'lda_s': 7.235010155239042e-06}.
[I 2025-08-10 00:41:16,673] Trial 273 finished with values: [0.7668543409944457, 0.14635931211123307] and parameters: {'psi': 0.5130908715736778, 'lda_s': 2.178838767396802e-08}.
[I 2025-08-10 00:41:22,727] Trial 274 finished with values: [0.7682160443185102, 0.11487257512362115] and parameters: {'psi': 0.39510492796744745, 'lda_s': 0.7473840585050243}.
[I 2025-08-10 00:41:28,787] Trial 275 finished with values: [0.7673784525745099, 0.14510809820447051] and parameters: {'psi': 0.5612414171716464, 'lda_s': 8.922804034758502e-07}.
[I 2025-08-10 00:41:34,870] Trial 276 finished with values: [0.7879763959676399, 0.15300546448087432] and parameters: {'psi': 0.012344710939726222, 'lda_s': 2.0247598310435166e-07}.
[I 2025-08-10 00:41:40,929] Trial 277 finished with values: [0.76828586320956, 0.11064479206409768] and parameters: {'psi': 0.3131959617448231, 'lda_s': 0.2431534544829442}.
[I 2025-08-10 00:41:47,011] Trial 278 finished with values: [0.8020920684447551, 0.1588235294117647] and parameters: {'psi': 0.007383665750317792, 'lda_s': 0.3281206052287055}.
[I 2025-08-10 00:41:53,076] Trial 279 finished with values: [0.7585515513048829, 0.13579335793357933] and parameters: {'psi': 0.9281900899804024, 'lda_s': 4.9211980465598013e-05}.
[I 2025-08-10 00:41:59,156] Trial 280 finished with values: [0.7674927354873133, 0.14510809820447051] and parameters: {'psi': 0.587058553981002, 'lda_s': 8.942358705000822e-07}.
[I 2025-08-10 00:42:05,221] Trial 281 finished with values: [0.7611238468478181, 0.13446619874399704] and parameters: {'psi': 0.8847461381171073, 'lda_s': 5.1486491404950705e-08}.
[I 2025-08-10 00:42:11,300] Trial 282 finished with values: [0.7674272239871864, 0.14516129032258066] and parameters: {'psi': 0.6054842598914323, 'lda_s': 5.408874411023203e-06}.
[I 2025-08-10 00:42:17,373] Trial 283 finished with values: [0.7777336553016679, 0.15143793228977065] and parameters: {'psi': 0.018208996199706284, 'lda_s': 2.254870114307948e-07}.
[I 2025-08-10 00:42:23,448] Trial 284 finished with values: [0.7571103766182916, 0.14536157779401024] and parameters: {'psi': 0.1743121539055802, 'lda_s': 1.2443687806611509e-06}.
[I 2025-08-10 00:42:29,519] Trial 285 finished with values: [0.7781265676700315, 0.12311178247734139] and parameters: {'psi': 0.14165855820907625, 'lda_s': 0.2145307346003169}.
[I 2025-08-10 00:42:35,582] Trial 286 finished with values: [0.7645060885166485, 0.11791555724610119] and parameters: {'psi': 0.5309873210543679, 'lda_s': 3.5424754726471814}.
[I 2025-08-10 00:42:41,640] Trial 287 finished with values: [0.7597431518455935, 0.13917525773195877] and parameters: {'psi': 0.9557173228900009, 'lda_s': 2.3097942719422246e-06}.
[I 2025-08-10 00:42:47,709] Trial 288 finished with values: [0.7567111402168912, 0.14536157779401024] and parameters: {'psi': 0.16765704185179509, 'lda_s': 8.52854985576913e-06}.
[I 2025-08-10 00:42:53,773] Trial 289 finished with values: [0.7550276747908888, 0.1473377097009482] and parameters: {'psi': 0.11056478419026561, 'lda_s': 2.7131463612263463e-05}.
[I 2025-08-10 00:42:59,836] Trial 290 finished with values: [0.7667720502487693, 0.14635931211123307] and parameters: {'psi': 0.5085030081091354, 'lda_s': 3.946695432578654e-07}.
[I 2025-08-10 00:43:05,940] Trial 291 finished with values: [0.7748445315773066, 0.14333210195788695] and parameters: {'psi': 0.02937490168441559, 'lda_s': 0.7473840585050243}.
[I 2025-08-10 00:43:12,027] Trial 292 finished with values: [0.8034188231651953, 0.17180137731061979] and parameters: {'psi': 0.007383665750317792, 'lda_s': 1.1781659077771968e-08}.
[I 2025-08-10 00:43:18,090] Trial 293 finished with values: [0.7708639933092905, 0.12158054711246201] and parameters: {'psi': 0.5703499132309018, 'lda_s': 0.14817740274517055}.
[I 2025-08-10 00:43:24,154] Trial 294 finished with values: [0.7465861675345603, 0.1473377097009482] and parameters: {'psi': 0.04776050915338259, 'lda_s': 0.00016850613932903552}.
[I 2025-08-10 00:43:30,240] Trial 295 finished with values: [0.7570339595875102, 0.14728399562522784] and parameters: {'psi': 0.09002863512410708, 'lda_s': 3.0351694890752455e-08}.
[I 2025-08-10 00:43:36,344] Trial 296 finished with values: [0.8166655186817222, 0.16685123661867848] and parameters: {'psi': 0.003400285029469763, 'lda_s': 0.010303169500942705}.
[I 2025-08-10 00:43:42,415] Trial 297 finished with values: [0.7795348495532121, 0.14931960279514528] and parameters: {'psi': 0.018208996199706284, 'lda_s': 0.0017238352237856456}.
[I 2025-08-10 00:43:48,485] Trial 298 finished with values: [0.7795946243917915, 0.12077478161792632] and parameters: {'psi': 0.18715202405210185, 'lda_s': 0.31309105628418477}.
[I 2025-08-10 00:43:54,569] Trial 299 finished with values: [0.7641880464341441, 0.14630577907827358] and parameters: {'psi': 0.41373846119480406, 'lda_s': 2.2248548159781196e-08}.
[I 2025-08-10 00:44:00,625] Trial 300 finished with values: [0.7563213213383723, 0.14728399562522784] and parameters: {'psi': 0.11056478419026561, 'lda_s': 5.491406537449979e-06}.
[I 2025-08-10 00:44:06,673] Trial 301 finished with values: [0.7674628970156476, 0.14516129032258066] and parameters: {'psi': 0.6140138765757207, 'lda_s': 1.1736701704105286e-06}.
[I 2025-08-10 00:44:12,748] Trial 302 finished with values: [0.7886612907034248, 0.151414920984932] and parameters: {'psi': 0.012344710939726222, 'lda_s': 0.13284228302713955}.
[I 2025-08-10 00:44:18,901] Trial 303 finished with values: [0.7402124820279009, 0.11805026656511805] and parameters: {'psi': 0.5948731252087819, 'lda_s': 3.5424754726471814}.
[I 2025-08-10 00:44:24,969] Trial 304 finished with values: [0.770542152891154, 0.11208539839878003] and parameters: {'psi': 0.2892026197065881, 'lda_s': 3.5424754726471814}.
[I 2025-08-10 00:44:31,028] Trial 305 finished with values: [0.6896104086300378, 0.12824314306893997] and parameters: {'psi': 0.7999458623016081, 'lda_s': 3.5424754726471814}.
[I 2025-08-10 00:44:37,092] Trial 306 finished with values: [0.7597856383833328, 0.11924528301886793] and parameters: {'psi': 0.8012705965032052, 'lda_s': 0.09267540882804486}.
[I 2025-08-10 00:44:43,171] Trial 307 finished with values: [0.7748445315773066, 0.14333210195788695] and parameters: {'psi': 0.02937490168441559, 'lda_s': 1.3261871118875141}.
[I 2025-08-10 00:44:49,225] Trial 308 finished with values: [0.754382427630644, 0.14122839279146746] and parameters: {'psi': 0.7642067226134738, 'lda_s': 0.0007306330089104539}.
[I 2025-08-10 00:44:55,290] Trial 309 finished with values: [0.8020920684447551, 0.1588235294117647] and parameters: {'psi': 0.007383665750317792, 'lda_s': 3.5424754726471814}.
[I 2025-08-10 00:45:01,378] Trial 310 finished with values: [0.8184940452865768, 0.2340876944837341] and parameters: {'psi': 0.003400285029469763, 'lda_s': 3.5600299172103444e-08}.
[I 2025-08-10 00:45:07,433] Trial 311 finished with values: [0.774012421967208, 0.12010642341315089] and parameters: {'psi': 0.5864217699922776, 'lda_s': 0.274992956498167}.
[I 2025-08-10 00:45:13,518] Trial 312 finished with values: [0.7573797647624173, 0.14536157779401024] and parameters: {'psi': 0.19789087022738516, 'lda_s': 1.0159846892874284e-05}.
[I 2025-08-10 00:45:19,561] Trial 313 finished with values: [0.7671785896356891, 0.14516129032258066] and parameters: {'psi': 0.6325607139700248, 'lda_s': 1.2224907344567146e-05}.
[I 2025-08-10 00:45:25,644] Trial 314 finished with values: [0.7720450407422402, 0.15076474872541878] and parameters: {'psi': 0.018208996199706284, 'lda_s': 1.9346387840393123e-05}.
[I 2025-08-10 00:45:31,731] Trial 315 finished with values: [0.7559622807259019, 0.1473377097009482] and parameters: {'psi': 0.12712330015722195, 'lda_s': 1.2224907344567146e-05}.
[I 2025-08-10 00:45:37,806] Trial 316 finished with values: [0.7691594020887165, 0.11612903225806452] and parameters: {'psi': 0.4204219121493269, 'lda_s': 0.3281206052287055}.
[I 2025-08-10 00:45:43,884] Trial 317 finished with values: [0.7564393242706089, 0.12137203166226913] and parameters: {'psi': 0.14165855820907625, 'lda_s': 0.010303169500942705}.
[I 2025-08-10 00:45:49,956] Trial 318 finished with values: [0.7777361614200229, 0.15143793228977065] and parameters: {'psi': 0.018208996199706284, 'lda_s': 2.072474968217882e-07}.
[I 2025-08-10 00:45:56,016] Trial 319 finished with values: [0.8020920684447551, 0.1588235294117647] and parameters: {'psi': 0.007383665750317792, 'lda_s': 3.5424754726471814}.
[I 2025-08-10 00:46:02,127] Trial 320 finished with values: [0.8166655186817222, 0.16685123661867848] and parameters: {'psi': 0.003400285029469763, 'lda_s': 2.9739879110869967}.
[I 2025-08-10 00:46:08,213] Trial 321 finished with values: [0.7879763959676399, 0.15300546448087432] and parameters: {'psi': 0.012344710939726222, 'lda_s': 2.0247598310435166e-07}.
[I 2025-08-10 00:46:14,318] Trial 322 finished with values: [0.7879327542659715, 0.15300546448087432] and parameters: {'psi': 0.012344710939726222, 'lda_s': 3.946695432578654e-07}.
[I 2025-08-10 00:46:20,387] Trial 323 finished with values: [0.7566043756591533, 0.1466618022619482] and parameters: {'psi': 0.14165855820907625, 'lda_s': 5.002905797978092e-07}.
[I 2025-08-10 00:46:26,463] Trial 324 finished with values: [0.7469242194058064, 0.145985401459854] and parameters: {'psi': 0.07309255812560267, 'lda_s': 0.00014614594083547366}.
[I 2025-08-10 00:46:32,541] Trial 325 finished with values: [0.7312007545295838, 0.1396545387725101] and parameters: {'psi': 0.1615838596952811, 'lda_s': 0.001122095536418335}.
[I 2025-08-10 00:46:38,621] Trial 326 finished with values: [0.7617949970907488, 0.13726937269372694] and parameters: {'psi': 0.8492545630049064, 'lda_s': 2.072474968217882e-07}.
[I 2025-08-10 00:46:44,688] Trial 327 finished with values: [0.7370157714335478, 0.11933534743202417] and parameters: {'psi': 0.5458720301580948, 'lda_s': 0.029397775146534477}.
[I 2025-08-10 00:46:50,751] Trial 328 finished with values: [0.7655386288580077, 0.11136536994660565] and parameters: {'psi': 0.3268697058752712, 'lda_s': 0.13284228302713955}.
[I 2025-08-10 00:46:56,816] Trial 329 finished with values: [0.7565710129585507, 0.14728399562522784] and parameters: {'psi': 0.11056478419026561, 'lda_s': 3.361000162065859e-07}.
[I 2025-08-10 00:47:02,882] Trial 330 finished with values: [0.8006650494110602, 0.1588235294117647] and parameters: {'psi': 0.007383665750317792, 'lda_s': 0.0003361623160349513}.
[I 2025-08-10 00:47:08,957] Trial 331 finished with values: [0.7646319622268444, 0.14630577907827358] and parameters: {'psi': 0.4275710850615213, 'lda_s': 1.07311573756218e-08}.
[I 2025-08-10 00:47:15,124] Trial 332 finished with values: [0.7566145371859212, 0.1466618022619482] and parameters: {'psi': 0.14165855820907625, 'lda_s': 2.254870114307948e-07}.
[I 2025-08-10 00:47:21,191] Trial 333 finished with values: [0.7568603913123685, 0.14728399562522784] and parameters: {'psi': 0.09605695793728086, 'lda_s': 2.178838767396802e-08}.
[I 2025-08-10 00:47:27,267] Trial 334 finished with values: [0.8020920684447551, 0.1588235294117647] and parameters: {'psi': 0.007383665750317792, 'lda_s': 0.13284228302713955}.
[I 2025-08-10 00:47:33,349] Trial 335 finished with values: [0.7455119433964976, 0.12532833020637899] and parameters: {'psi': 0.880243894618691, 'lda_s': 0.12174666044834129}.
[I 2025-08-10 00:47:39,429] Trial 336 finished with values: [0.78083436981559, 0.15] and parameters: {'psi': 0.018208996199706284, 'lda_s': 1.4293645575064087}.
[I 2025-08-10 00:47:45,483] Trial 337 finished with values: [0.7453719923496038, 0.11733333333333333] and parameters: {'psi': 0.5824220982155912, 'lda_s': 3.5424754726471814}.
[I 2025-08-10 00:47:51,539] Trial 338 finished with values: [0.7571558000134784, 0.14536157779401024] and parameters: {'psi': 0.1805943677794265, 'lda_s': 3.991306452793455e-06}.
[I 2025-08-10 00:47:57,599] Trial 339 finished with values: [0.7674981393050166, 0.14510809820447051] and parameters: {'psi': 0.5839638478803058, 'lda_s': 2.178838767396802e-08}.
[I 2025-08-10 00:48:03,658] Trial 340 finished with values: [0.761336436168911, 0.14863387978142076] and parameters: {'psi': 0.047380356032014515, 'lda_s': 1.8991155498450776e-08}.
[I 2025-08-10 00:48:09,730] Trial 341 finished with values: [0.7886612907034248, 0.151414920984932] and parameters: {'psi': 0.012344710939726222, 'lda_s': 0.13284228302713955}.
[I 2025-08-10 00:48:15,784] Trial 342 finished with values: [0.8184963360353857, 0.2340876944837341] and parameters: {'psi': 0.003400285029469763, 'lda_s': 2.178838767396802e-08}.
[I 2025-08-10 00:48:21,865] Trial 343 finished with values: [0.7880049618010783, 0.15300546448087432] and parameters: {'psi': 0.012344710939726222, 'lda_s': 1.6818077400146964e-08}.
[I 2025-08-10 00:48:27,939] Trial 344 finished with values: [0.7779434252396114, 0.15412710007304603] and parameters: {'psi': 0.012344710939726222, 'lda_s': 0.0001348305937506455}.
[I 2025-08-10 00:48:34,043] Trial 345 finished with values: [0.8020920684447551, 0.1588235294117647] and parameters: {'psi': 0.007383665750317792, 'lda_s': 2.0207671548017325}.
[I 2025-08-10 00:48:40,113] Trial 346 finished with values: [0.8020920684447551, 0.1588235294117647] and parameters: {'psi': 0.007383665750317792, 'lda_s': 0.09267540882804486}.
[I 2025-08-10 00:48:46,171] Trial 347 finished with values: [0.7835785498353969, 0.14332965821389196] and parameters: {'psi': 0.9978599440087381, 'lda_s': 2.254870114307948e-07}.
[I 2025-08-10 00:48:52,251] Trial 348 finished with values: [0.7611132741610075, 0.13446619874399704] and parameters: {'psi': 0.8852871732358797, 'lda_s': 2.0247598310435166e-07}.
[I 2025-08-10 00:48:58,318] Trial 349 finished with values: [0.7647249822917286, 0.14630577907827358] and parameters: {'psi': 0.4305813341188879, 'lda_s': 1.1781659077771968e-08}.
[I 2025-08-10 00:49:04,381] Trial 350 finished with values: [0.7221490270328329, 0.1217129977460556] and parameters: {'psi': 0.5100936649683956, 'lda_s': 0.018053632352901312}.
[I 2025-08-10 00:49:10,459] Trial 351 finished with values: [0.8183735362359849, 0.2373719533733663] and parameters: {'psi': 0.003400285029469763, 'lda_s': 2.8469574785535688e-06}.
[I 2025-08-10 00:49:16,538] Trial 352 finished with values: [0.8184961206658395, 0.2340876944837341] and parameters: {'psi': 0.003400285029469763, 'lda_s': 2.4185424113295194e-08}.
[I 2025-08-10 00:49:22,604] Trial 353 finished with values: [0.7623021532138168, 0.13922651933701657] and parameters: {'psi': 0.8249339409593002, 'lda_s': 1.2224907344567146e-05}.
[I 2025-08-10 00:49:28,666] Trial 354 finished with values: [0.7636362109197764, 0.12217194570135746] and parameters: {'psi': 0.1303893366507638, 'lda_s': 0.01432064626143922}.
[I 2025-08-10 00:49:34,746] Trial 355 finished with values: [0.8166655186817222, 0.16685123661867848] and parameters: {'psi': 0.003400285029469763, 'lda_s': 2.9739879110869967}.
[I 2025-08-10 00:49:40,823] Trial 356 finished with values: [0.8020920684447551, 0.1588235294117647] and parameters: {'psi': 0.007383665750317792, 'lda_s': 0.5504922875443007}.
[I 2025-08-10 00:49:46,891] Trial 357 finished with values: [0.7587288004413588, 0.14489571899012074] and parameters: {'psi': 0.3593185935982075, 'lda_s': 0.0001786432651323586}.
[I 2025-08-10 00:49:52,961] Trial 358 finished with values: [0.7663852661229461, 0.1438532110091743] and parameters: {'psi': 0.6704927044738476, 'lda_s': 3.287448806141907e-05}.
[I 2025-08-10 00:49:59,026] Trial 359 finished with values: [0.7455213609193788, 0.14468396054073804] and parameters: {'psi': 0.18081742585759375, 'lda_s': 0.0003361623160349513}.
[I 2025-08-10 00:50:05,070] Trial 360 finished with values: [0.7630676353179584, 0.14625228519195613] and parameters: {'psi': 0.38537520742844056, 'lda_s': 1.2674572804265238e-05}.
[I 2025-08-10 00:50:11,129] Trial 361 finished with values: [0.78083436981559, 0.15] and parameters: {'psi': 0.018208996199706284, 'lda_s': 0.385382595144757}.
[I 2025-08-10 00:50:17,183] Trial 362 finished with values: [0.799412048970649, 0.17240130387540747] and parameters: {'psi': 0.007383665750317792, 'lda_s': 1.2224907344567146e-05}.
[I 2025-08-10 00:50:23,253] Trial 363 finished with values: [0.7354159672866972, 0.12481203007518797] and parameters: {'psi': 0.9205503919921731, 'lda_s': 0.13284228302713955}.
[I 2025-08-10 00:50:29,320] Trial 364 finished with values: [0.8166655186817222, 0.16685123661867848] and parameters: {'psi': 0.003400285029469763, 'lda_s': 0.006166093439520555}.
[I 2025-08-10 00:50:35,397] Trial 365 finished with values: [0.8166655186817222, 0.16685123661867848] and parameters: {'psi': 0.003400285029469763, 'lda_s': 0.006349629859413524}.
[I 2025-08-10 00:50:41,467] Trial 366 finished with values: [0.7680315117755648, 0.11064479206409768] and parameters: {'psi': 0.3171560403213374, 'lda_s': 3.5424754726471814}.
[I 2025-08-10 00:50:47,537] Trial 367 finished with values: [0.8166655186817222, 0.16685123661867848] and parameters: {'psi': 0.003400285029469763, 'lda_s': 3.5424754726471814}.
[I 2025-08-10 00:50:53,614] Trial 368 finished with values: [0.7151790224110026, 0.13102951763858892] and parameters: {'psi': 0.984261018652201, 'lda_s': 0.3281206052287055}.
