[I 2025-08-10 01:08:40,530] Trial 493 finished with values: [0.8847015679469165, 0.2502351834430856] and parameters: {'psi': 0.07232677673332966, 'lda_s': 0.007320165601989847}.
[I 2025-08-10 01:08:47,218] Trial 494 finished with values: [0.882542485151873, 0.29533678756476683] and parameters: {'psi': 0.015232310475658428, 'lda_s': 4.460716264204359}.
[I 2025-08-10 01:08:53,910] Trial 495 finished with values: [0.8778125533933294, 0.2446043165467626] and parameters: {'psi': 0.6737672769148821, 'lda_s': 0.009480396218066003}.
[I 2025-08-10 01:09:00,598] Trial 496 finished with values: [0.8939532771709886, 0.2133850630455868] and parameters: {'psi': 0.16559044854410532, 'lda_s': 2.550714255595579}.
[I 2025-08-10 01:09:07,294] Trial 497 finished with values: [0.8785324070414167, 0.2750621375310688] and parameters: {'psi': 0.9485537941679115, 'lda_s': 1.0283856516354648e-06}.
[I 2025-08-10 01:09:13,976] Trial 498 finished with values: [0.8862874295208054, 0.28940986257073564] and parameters: {'psi': 0.027366678935822564, 'lda_s': 2.1116521593750567e-06}.
[I 2025-08-10 01:09:20,666] Trial 499 finished with values: [0.8864765375366263, 0.2701383238405207] and parameters: {'psi': 0.24539550016158818, 'lda_s': 1.4473587049591926e-08}.
