[I 2025-08-10 00:13:31,060] A new study created in memory with name: no-name-363ee16d-8762-43fb-8561-0f71e5662798
Mode-0 approx rank: 5/38
Estimated noise variance from mode-0: 0.0
Mode-1 approx rank: 5/17
Estimated noise variance from mode-1: 0.00026548213800112587
Mode-2 approx rank: 9/24
Estimated noise variance from mode-2: 0.0003830197442763537
Mode-3 approx rank: 8/60
Estimated noise variance from mode-3: 6.855515918289302e-05
  0%|          | 0/500 [00:00<?, ?it/s]/mnt/ffs24/home/mondalra/Anomaly_Detection/src/proximal_ops/prox_overlapping_grouped_l21.py:405: UserWarning: Sparse CSR tensor support is in beta state. If you miss a functionality in the sparse tensor support, please submit a feature request to https://github.com/pytorch/pytorch/issues. (Triggered internally at /pytorch/aten/src/ATen/SparseCsrTensorImpl.cpp:53.)
  G_ind = torch.sparse_csr_tensor(A_r.indptr, A_r.indices, A_r.data, device=device, dtype=dtype)
                                         0%|          | 0/500 [00:08<?, ?it/s]  0%|          | 1/500 [00:08<1:13:11,  8.80s/it]                                                   0%|          | 1/500 [00:14<1:13:11,  8.80s/it]  0%|          | 2/500 [00:14<59:08,  7.13s/it]                                                   0%|          | 2/500 [00:20<59:08,  7.13s/it]  1%|          | 3/500 [00:20<54:50,  6.62s/it]                                                 1%|          | 3/500 [00:26<54:50,  6.62s/it]  1%|          | 4/500 [00:26<52:42,  6.38s/it]                                                 1%|          | 4/500 [00:32<52:42,  6.38s/it]  1%|          | 5/500 [00:32<51:24,  6.23s/it]                                                 1%|          | 5/500 [00:38<51:24,  6.23s/it]  1%|          | 6/500 [00:38<50:37,  6.15s/it]                                                 1%|          | 6/500 [00:44<50:37,  6.15s/it]  1%|▏         | 7/500 [00:44<50:04,  6.09s/it]                                                 1%|▏         | 7/500 [00:50<50:04,  6.09s/it]  2%|▏         | 8/500 [00:50<49:38,  6.05s/it]                                                 2%|▏         | 8/500 [00:56<49:38,  6.05s/it]  2%|▏         | 9/500 [00:56<49:36,  6.06s/it]                                                 2%|▏         | 9/500 [01:02<49:36,  6.06s/it]  2%|▏         | 10/500 [01:02<49:18,  6.04s/it]                                                  2%|▏         | 10/500 [01:08<49:18,  6.04s/it]  2%|▏         | 11/500 [01:08<49:02,  6.02s/it]                                                  2%|▏         | 11/500 [01:14<49:02,  6.02s/it]  2%|▏         | 12/500 [01:14<48:50,  6.00s/it]                                                  2%|▏         | 12/500 [01:20<48:50,  6.00s/it]  3%|▎         | 13/500 [01:20<48:41,  6.00s/it]                                                  3%|▎         | 13/500 [01:26<48:41,  6.00s/it]  3%|▎         | 14/500 [01:26<48:34,  6.00s/it]                                                  3%|▎         | 14/500 [01:32<48:34,  6.00s/it]  3%|▎         | 15/500 [01:32<48:24,  5.99s/it]                                                  3%|▎         | 15/500 [01:38<48:24,  5.99s/it]  3%|▎         | 16/500 [01:38<48:14,  5.98s/it]                                                  3%|▎         | 16/500 [01:44<48:14,  5.98s/it]  3%|▎         | 17/500 [01:44<48:09,  5.98s/it]                                                  3%|▎         | 17/500 [01:50<48:09,  5.98s/it]  4%|▎         | 18/500 [01:50<48:00,  5.98s/it]                                                  4%|▎         | 18/500 [01:56<48:00,  5.98s/it]  4%|▍         | 19/500 [01:56<47:54,  5.98s/it]                                                  4%|▍         | 19/500 [02:02<47:54,  5.98s/it]  4%|▍         | 20/500 [02:02<47:47,  5.97s/it]                                                  4%|▍         | 20/500 [02:08<47:47,  5.97s/it]  4%|▍         | 21/500 [02:08<47:43,  5.98s/it]                                                  4%|▍         | 21/500 [02:14<47:43,  5.98s/it]  4%|▍         | 22/500 [02:14<47:36,  5.98s/it]                                                  4%|▍         | 22/500 [02:20<47:36,  5.98s/it]  5%|▍         | 23/500 [02:20<47:26,  5.97s/it]                                                  5%|▍         | 23/500 [02:26<47:26,  5.97s/it]  5%|▍         | 24/500 [02:26<47:19,  5.97s/it]                                                  5%|▍         | 24/500 [02:32<47:19,  5.97s/it]  5%|▌         | 25/500 [02:32<47:12,  5.96s/it]                                                  5%|▌         | 25/500 [02:38<47:12,  5.96s/it]  5%|▌         | 26/500 [02:38<47:04,  5.96s/it]                                                  5%|▌         | 26/500 [02:44<47:04,  5.96s/it]  5%|▌         | 27/500 [02:44<46:59,  5.96s/it]                                                  5%|▌         | 27/500 [02:50<46:59,  5.96s/it]  6%|▌         | 28/500 [02:50<46:53,  5.96s/it]                                                  6%|▌         | 28/500 [02:56<46:53,  5.96s/it]  6%|▌         | 29/500 [02:56<46:46,  5.96s/it]                                                  6%|▌         | 29/500 [03:02<46:46,  5.96s/it]  6%|▌         | 30/500 [03:02<46:39,  5.96s/it]                                                  6%|▌         | 30/500 [03:08<46:39,  5.96s/it]  6%|▌         | 31/500 [03:08<46:34,  5.96s/it]                                                  6%|▌         | 31/500 [03:14<46:34,  5.96s/it]  6%|▋         | 32/500 [03:14<46:28,  5.96s/it]                                                  6%|▋         | 32/500 [03:19<46:28,  5.96s/it]  7%|▋         | 33/500 [03:19<46:24,  5.96s/it]                                                  7%|▋         | 33/500 [03:25<46:24,  5.96s/it]  7%|▋         | 34/500 [03:25<46:15,  5.96s/it]                                                  7%|▋         | 34/500 [03:31<46:15,  5.96s/it]  7%|▋         | 35/500 [03:31<46:07,  5.95s/it]                                                  7%|▋         | 35/500 [03:37<46:07,  5.95s/it]  7%|▋         | 36/500 [03:37<46:17,  5.99s/it]                                                  7%|▋         | 36/500 [03:43<46:17,  5.99s/it]  7%|▋         | 37/500 [03:43<46:06,  5.98s/it]                                                  7%|▋         | 37/500 [03:49<46:06,  5.98s/it]  8%|▊         | 38/500 [03:49<46:00,  5.97s/it]                                                  8%|▊         | 38/500 [03:55<46:00,  5.97s/it]  8%|▊         | 39/500 [03:55<45:51,  5.97s/it]                                                  8%|▊         | 39/500 [04:01<45:51,  5.97s/it]  8%|▊         | 40/500 [04:01<45:44,  5.97s/it]                                                  8%|▊         | 40/500 [04:07<45:44,  5.97s/it]  8%|▊         | 41/500 [04:07<45:38,  5.97s/it]                                                  8%|▊         | 41/500 [04:13<45:38,  5.97s/it]  8%|▊         | 42/500 [04:13<45:28,  5.96s/it]                                                  8%|▊         | 42/500 [04:19<45:28,  5.96s/it]  9%|▊         | 43/500 [04:19<45:24,  5.96s/it]                                                  9%|▊         | 43/500 [04:25<45:24,  5.96s/it]  9%|▉         | 44/500 [04:25<45:17,  5.96s/it]                                                  9%|▉         | 44/500 [04:31<45:17,  5.96s/it]  9%|▉         | 45/500 [04:31<45:14,  5.97s/it]                                                  9%|▉         | 45/500 [04:37<45:14,  5.97s/it]  9%|▉         | 46/500 [04:37<45:07,  5.96s/it]                                                  9%|▉         | 46/500 [04:43<45:07,  5.96s/it]  9%|▉         | 47/500 [04:43<44:59,  5.96s/it]                                                  9%|▉         | 47/500 [04:49<44:59,  5.96s/it] 10%|▉         | 48/500 [04:49<44:55,  5.96s/it]                                                 10%|▉         | 48/500 [04:55<44:55,  5.96s/it] 10%|▉         | 49/500 [04:55<44:50,  5.97s/it]                                                 10%|▉         | 49/500 [05:01<44:50,  5.97s/it] 10%|█         | 50/500 [05:01<44:47,  5.97s/it]                                                 10%|█         | 50/500 [05:07<44:47,  5.97s/it] 10%|█         | 51/500 [05:07<44:40,  5.97s/it]                                                 10%|█         | 51/500 [05:13<44:40,  5.97s/it] 10%|█         | 52/500 [05:13<44:33,  5.97s/it]                                                 10%|█         | 52/500 [05:19<44:33,  5.97s/it] 11%|█         | 53/500 [05:19<44:28,  5.97s/it]                                                 11%|█         | 53/500 [05:25<44:28,  5.97s/it] 11%|█         | 54/500 [05:25<44:24,  5.97s/it]                                                 11%|█         | 54/500 [05:31<44:24,  5.97s/it] 11%|█         | 55/500 [05:31<44:16,  5.97s/it]                                                 11%|█         | 55/500 [05:37<44:16,  5.97s/it] 11%|█         | 56/500 [05:37<44:09,  5.97s/it]                                                 11%|█         | 56/500 [05:43<44:09,  5.97s/it] 11%|█▏        | 57/500 [05:43<44:00,  5.96s/it]                                                 11%|█▏        | 57/500 [05:49<44:00,  5.96s/it] 12%|█▏        | 58/500 [05:49<43:54,  5.96s/it]                                                 12%|█▏        | 58/500 [05:55<43:54,  5.96s/it] 12%|█▏        | 59/500 [05:55<43:48,  5.96s/it]                                                 12%|█▏        | 59/500 [06:01<43:48,  5.96s/it] 12%|█▏        | 60/500 [06:01<43:45,  5.97s/it]                                                 12%|█▏        | 60/500 [06:07<43:45,  5.97s/it] 12%|█▏        | 61/500 [06:07<43:39,  5.97s/it]                                                 12%|█▏        | 61/500 [06:13<43:39,  5.97s/it] 12%|█▏        | 62/500 [06:13<43:32,  5.97s/it]                                                 12%|█▏        | 62/500 [06:18<43:32,  5.97s/it] 13%|█▎        | 63/500 [06:18<43:25,  5.96s/it]                                                 13%|█▎        | 63/500 [06:24<43:25,  5.96s/it] 13%|█▎        | 64/500 [06:24<43:20,  5.96s/it]                                                 13%|█▎        | 64/500 [06:30<43:20,  5.96s/it] 13%|█▎        | 65/500 [06:30<43:17,  5.97s/it]                                                 13%|█▎        | 65/500 [06:36<43:17,  5.97s/it] 13%|█▎        | 66/500 [06:36<43:12,  5.97s/it]                                                 13%|█▎        | 66/500 [06:42<43:12,  5.97s/it] 13%|█▎        | 67/500 [06:42<43:04,  5.97s/it]                                                 13%|█▎        | 67/500 [06:48<43:04,  5.97s/it] 14%|█▎        | 68/500 [06:48<42:57,  5.97s/it]                                                 14%|█▎        | 68/500 [06:54<42:57,  5.97s/it] 14%|█▍        | 69/500 [06:54<42:50,  5.96s/it]                                                 14%|█▍        | 69/500 [07:00<42:50,  5.96s/it] 14%|█▍        | 70/500 [07:00<42:46,  5.97s/it]                                                 14%|█▍        | 70/500 [07:06<42:46,  5.97s/it] 14%|█▍        | 71/500 [07:06<42:41,  5.97s/it]                                                 14%|█▍        | 71/500 [07:12<42:41,  5.97s/it] 14%|█▍        | 72/500 [07:12<42:36,  5.97s/it]                                                 14%|█▍        | 72/500 [07:18<42:36,  5.97s/it] 15%|█▍        | 73/500 [07:18<42:29,  5.97s/it]                                                 15%|█▍        | 73/500 [07:24<42:29,  5.97s/it] 15%|█▍        | 74/500 [07:24<42:38,  6.01s/it]                                                 15%|█▍        | 74/500 [07:30<42:38,  6.01s/it] 15%|█▌        | 75/500 [07:30<42:27,  5.99s/it]                                                 15%|█▌        | 75/500 [07:36<42:27,  5.99s/it] 15%|█▌        | 76/500 [07:36<42:16,  5.98s/it]                                                 15%|█▌        | 76/500 [07:42<42:16,  5.98s/it] 15%|█▌        | 77/500 [07:42<42:09,  5.98s/it]                                                 15%|█▌        | 77/500 [07:48<42:09,  5.98s/it] 16%|█▌        | 78/500 [07:48<42:00,  5.97s/it]                                                 16%|█▌        | 78/500 [07:54<42:00,  5.97s/it] 16%|█▌        | 79/500 [07:54<41:55,  5.97s/it]                                                 16%|█▌        | 79/500 [08:00<41:55,  5.97s/it] 16%|█▌        | 80/500 [08:00<41:48,  5.97s/it]                                                 16%|█▌        | 80/500 [08:06<41:48,  5.97s/it] 16%|█▌        | 81/500 [08:06<41:40,  5.97s/it]                                                 16%|█▌        | 81/500 [08:12<41:40,  5.97s/it] 16%|█▋        | 82/500 [08:12<41:33,  5.97s/it]                                                 16%|█▋        | 82/500 [08:18<41:33,  5.97s/it] 17%|█▋        | 83/500 [08:18<41:28,  5.97s/it]                                                 17%|█▋        | 83/500 [08:24<41:28,  5.97s/it] 17%|█▋        | 84/500 [08:24<41:22,  5.97s/it]                                                 17%|█▋        | 84/500 [08:30<41:22,  5.97s/it] 17%|█▋        | 85/500 [08:30<41:16,  5.97s/it]                                                 17%|█▋        | 85/500 [08:36<41:16,  5.97s/it] 17%|█▋        | 86/500 [08:36<41:10,  5.97s/it]                                                 17%|█▋        | 86/500 [08:42<41:10,  5.97s/it] 17%|█▋        | 87/500 [08:42<41:06,  5.97s/it]                                                 17%|█▋        | 87/500 [08:48<41:06,  5.97s/it] 18%|█▊        | 88/500 [08:48<40:59,  5.97s/it]                                                 18%|█▊        | 88/500 [08:54<40:59,  5.97s/it] 18%|█▊        | 89/500 [08:54<40:50,  5.96s/it]                                                 18%|█▊        | 89/500 [09:00<40:50,  5.96s/it] 18%|█▊        | 90/500 [09:00<40:44,  5.96s/it]                                                 18%|█▊        | 90/500 [09:06<40:44,  5.96s/it] 18%|█▊        | 91/500 [09:06<40:41,  5.97s/it]                                                 18%|█▊        | 91/500 [09:12<40:41,  5.97s/it] 18%|█▊        | 92/500 [09:12<40:37,  5.97s/it]                                                 18%|█▊        | 92/500 [09:18<40:37,  5.97s/it] 19%|█▊        | 93/500 [09:18<40:30,  5.97s/it]                                                 19%|█▊        | 93/500 [09:24<40:30,  5.97s/it] 19%|█▉        | 94/500 [09:24<40:25,  5.97s/it]                                                 19%|█▉        | 94/500 [09:30<40:25,  5.97s/it] 19%|█▉        | 95/500 [09:30<40:17,  5.97s/it]                                                 19%|█▉        | 95/500 [09:36<40:17,  5.97s/it] 19%|█▉        | 96/500 [09:36<40:13,  5.97s/it]                                                 19%|█▉        | 96/500 [09:42<40:13,  5.97s/it] 19%|█▉        | 97/500 [09:42<40:05,  5.97s/it]                                                 19%|█▉        | 97/500 [09:48<40:05,  5.97s/it] 20%|█▉        | 98/500 [09:48<39:59,  5.97s/it]                                                 20%|█▉        | 98/500 [09:53<39:59,  5.97s/it] 20%|█▉        | 99/500 [09:53<39:52,  5.97s/it]                                                 20%|█▉        | 99/500 [09:59<39:52,  5.97s/it] 20%|██        | 100/500 [09:59<39:46,  5.97s/it]                                                  20%|██        | 100/500 [10:05<39:46,  5.97s/it] 20%|██        | 101/500 [10:05<39:38,  5.96s/it]                                                  20%|██        | 101/500 [10:11<39:38,  5.96s/it] 20%|██        | 102/500 [10:11<39:31,  5.96s/it]                                                  20%|██        | 102/500 [10:17<39:31,  5.96s/it] 21%|██        | 103/500 [10:17<39:25,  5.96s/it]                                                  21%|██        | 103/500 [10:23<39:25,  5.96s/it] 21%|██        | 104/500 [10:23<39:21,  5.96s/it]                                                  21%|██        | 104/500 [10:29<39:21,  5.96s/it] 21%|██        | 105/500 [10:29<39:17,  5.97s/it]                                                  21%|██        | 105/500 [10:35<39:17,  5.97s/it] 21%|██        | 106/500 [10:35<39:22,  6.00s/it]                                                  21%|██        | 106/500 [10:41<39:22,  6.00s/it] 21%|██▏       | 107/500 [10:41<39:14,  5.99s/it]                                                  21%|██▏       | 107/500 [10:47<39:14,  5.99s/it] 22%|██▏       | 108/500 [10:47<39:03,  5.98s/it]                                                  22%|██▏       | 108/500 [10:53<39:03,  5.98s/it] 22%|██▏       | 109/500 [10:53<38:56,  5.98s/it]                                                  22%|██▏       | 109/500 [10:59<38:56,  5.98s/it] 22%|██▏       | 110/500 [10:59<38:50,  5.98s/it]                                                  22%|██▏       | 110/500 [11:05<38:50,  5.98s/it] 22%|██▏       | 111/500 [11:05<38:44,  5.97s/it]                                                  22%|██▏       | 111/500 [11:11<38:44,  5.97s/it] 22%|██▏       | 112/500 [11:11<38:41,  5.98s/it]                                                  22%|██▏       | 112/500 [11:17<38:41,  5.98s/it] 23%|██▎       | 113/500 [11:17<38:37,  5.99s/it]                                                  23%|██▎       | 113/500 [11:23<38:37,  5.99s/it] 23%|██▎       | 114/500 [11:23<38:29,  5.98s/it]                                                  23%|██▎       | 114/500 [11:29<38:29,  5.98s/it] 23%|██▎       | 115/500 [11:29<38:22,  5.98s/it]                                                  23%|██▎       | 115/500 [11:35<38:22,  5.98s/it] 23%|██▎       | 116/500 [11:35<38:16,  5.98s/it]                                                  23%|██▎       | 116/500 [11:41<38:16,  5.98s/it] 23%|██▎       | 117/500 [11:41<38:10,  5.98s/it]                                                  23%|██▎       | 117/500 [11:47<38:10,  5.98s/it] 24%|██▎       | 118/500 [11:47<38:03,  5.98s/it]                                                  24%|██▎       | 118/500 [11:53<38:03,  5.98s/it] 24%|██▍       | 119/500 [11:53<37:55,  5.97s/it]                                                  24%|██▍       | 119/500 [11:59<37:55,  5.97s/it] 24%|██▍       | 120/500 [11:59<37:48,  5.97s/it]                                                  24%|██▍       | 120/500 [12:05<37:48,  5.97s/it] 24%|██▍       | 121/500 [12:05<37:40,  5.96s/it]                                                  24%|██▍       | 121/500 [12:11<37:40,  5.96s/it] 24%|██▍       | 122/500 [12:11<37:34,  5.96s/it]                                                  24%|██▍       | 122/500 [12:17<37:34,  5.96s/it] 25%|██▍       | 123/500 [12:17<37:29,  5.97s/it]                                                  25%|██▍       | 123/500 [12:23<37:29,  5.97s/it] 25%|██▍       | 124/500 [12:23<37:21,  5.96s/it]                                                  25%|██▍       | 124/500 [12:29<37:21,  5.96s/it] 25%|██▌       | 125/500 [12:29<37:19,  5.97s/it]                                                  25%|██▌       | 125/500 [12:35<37:19,  5.97s/it] 25%|██▌       | 126/500 [12:35<37:15,  5.98s/it]                                                  25%|██▌       | 126/500 [12:41<37:15,  5.98s/it] 25%|██▌       | 127/500 [12:41<37:07,  5.97s/it]                                                  25%|██▌       | 127/500 [12:47<37:07,  5.97s/it] 26%|██▌       | 128/500 [12:47<36:59,  5.97s/it]                                                  26%|██▌       | 128/500 [12:53<36:59,  5.97s/it] 26%|██▌       | 129/500 [12:53<36:55,  5.97s/it]                                                  26%|██▌       | 129/500 [12:59<36:55,  5.97s/it] 26%|██▌       | 130/500 [12:59<36:51,  5.98s/it]                                                  26%|██▌       | 130/500 [13:05<36:51,  5.98s/it] 26%|██▌       | 131/500 [13:05<36:46,  5.98s/it]                                                  26%|██▌       | 131/500 [13:11<36:46,  5.98s/it] 26%|██▋       | 132/500 [13:11<36:41,  5.98s/it]                                                  26%|██▋       | 132/500 [13:17<36:41,  5.98s/it] 27%|██▋       | 133/500 [13:17<36:37,  5.99s/it]                                                  27%|██▋       | 133/500 [13:23<36:37,  5.99s/it] 27%|██▋       | 134/500 [13:23<36:30,  5.99s/it]                                                  27%|██▋       | 134/500 [13:29<36:30,  5.99s/it] 27%|██▋       | 135/500 [13:29<36:35,  6.01s/it]                                                  27%|██▋       | 135/500 [13:35<36:35,  6.01s/it] 27%|██▋       | 136/500 [13:35<36:23,  6.00s/it]                                                  27%|██▋       | 136/500 [13:41<36:23,  6.00s/it] 27%|██▋       | 137/500 [13:41<36:12,  5.98s/it]                                                  27%|██▋       | 137/500 [13:47<36:12,  5.98s/it] 28%|██▊       | 138/500 [13:47<36:02,  5.97s/it]                                                  28%|██▊       | 138/500 [13:53<36:02,  5.97s/it] 28%|██▊       | 139/500 [13:53<35:56,  5.97s/it]                                                  28%|██▊       | 139/500 [13:59<35:56,  5.97s/it] 28%|██▊       | 140/500 [13:59<35:50,  5.97s/it]                                                  28%|██▊       | 140/500 [14:05<35:50,  5.97s/it] 28%|██▊       | 141/500 [14:05<35:46,  5.98s/it]                                                  28%|██▊       | 141/500 [14:10<35:46,  5.98s/it] 2