[I 2025-08-09 21:34:35,864] Trial 496 finished with values: [0.9770540541398544, 0.4149377593360996] and parameters: {'psi': 0.527394260221723, 'lda_t': 0.247830508339986}.
[I 2025-08-09 21:34:41,305] Trial 497 finished with values: [0.9447204594300299, 0.23529411764705882] and parameters: {'psi': 0.6946650360908279, 'lda_t': 0.00031145735971816585}.
[I 2025-08-09 21:34:46,719] Trial 498 finished with values: [0.9464855443985537, 0.22863741339491916] and parameters: {'psi': 0.5797689121034298, 'lda_t': 0.00013767590378359408}.
[I 2025-08-09 21:34:52,151] Trial 499 finished with values: [0.9699251426195002, 0.3346938775510204] and parameters: {'psi': 0.187351963411017, 'lda_t': 0.36151254477097167}.
