[I 2025-08-09 22:44:36,708] Trial 496 finished with values: [0.8990919155273499, 0.2585278276481149] and parameters: {'psi': 0.16566414669530727, 'lda_t': 5.555961942161494e-05}.
[I 2025-08-09 22:44:44,708] Trial 497 finished with values: [0.8989510038649061, 0.25673249551166966] and parameters: {'psi': 0.18686342592406002, 'lda_t': 7.461738688200653e-07}.
[I 2025-08-09 22:44:52,804] Trial 498 finished with values: [0.8979425503268383, 0.26349496797804206] and parameters: {'psi': 0.8227053766237223, 'lda_t': 0.000985824650633264}.
[I 2025-08-09 22:45:00,785] Trial 499 finished with values: [0.8959100767521313, 0.2664233576642336] and parameters: {'psi': 0.9866755918094445, 'lda_t': 2.1606767311868288e-08}.
