[I 2025-08-09 22:11:39,543] Trial 248 finished with values: [0.9418889829848877, 0.45951859956236324] and parameters: {'psi': 0.4489595426242621, 'lda_t': 0.3105328637957405}.
[I 2025-08-09 22:11:47,504] Trial 249 finished with values: [0.895838168822162, 0.27155963302752295] and parameters: {'psi': 0.9164918817535437, 'lda_t': 2.4707037224005754e-08}.
[I 2025-08-09 22:11:55,447] Trial 250 finished with values: [0.8993982502790935, 0.25696316262353996] and parameters: {'psi': 0.26046688777417704, 'lda_t': 1.1534845094304093e-06}.
[I 2025-08-09 22:12:03,415] Trial 251 finished with values: [0.9438460635926316, 0.5023474178403756] and parameters: {'psi': 0.9363544201971435, 'lda_t': 0.7296897177208891}.
[I 2025-08-09 22:12:11,373] Trial 252 finished with values: [0.9329033959362145, 0.4054336468129572] and parameters: {'psi': 0.27401134604468025, 'lda_t': 0.3105328637957405}.
[I 2025-08-09 22:12:19,341] Trial 253 finished with values: [0.8961745910599508, 0.26605504587155965] and parameters: {'psi': 0.8855965221739217, 'lda_t': 0.00028851773381506103}.
[I 2025-08-09 22:12:27,306] Trial 254 finished with values: [0.9436614727998672, 0.49479768786127165] and parameters: {'psi': 0.8681382554937496, 'lda_t': 1.2205552952797107}.
[I 2025-08-09 22:12:35,282] Trial 255 finished with values: [0.8975852178670877, 0.2625341841385597] and parameters: {'psi': 0.7948671642969444, 'lda_t': 0.00015861251771217972}.
[I 2025-08-09 22:12:43,222] Trial 256 finished with values: [0.940848118602779, 0.44253490870032225] and parameters: {'psi': 0.3605933344479476, 'lda_t': 3.407079917119944}.
[I 2025-08-09 22:12:51,212] Trial 257 finished with values: [0.8967811036647488, 0.26118721461187216] and parameters: {'psi': 0.8245844394144708, 'lda_t': 6.532875511687222e-08}.
[I 2025-08-09 22:12:59,185] Trial 258 finished with values: [0.9306973675192229, 0.406282722513089] and parameters: {'psi': 0.9363544201971435, 'lda_t': 0.0832538507735423}.
[I 2025-08-09 22:13:07,147] Trial 259 finished with values: [0.8953223833470991, 0.26387625113739765] and parameters: {'psi': 0.9953088221531188, 'lda_t': 2.9356971770822723e-08}.
[I 2025-08-09 22:13:15,133] Trial 260 finished with values: [0.8879562929893834, 0.27974568574023617] and parameters: {'psi': 0.0307667631033961, 'lda_t': 9.485567227908263}.
[I 2025-08-09 22:13:23,089] Trial 261 finished with values: [0.9443601065491977, 0.5071090047393365] and parameters: {'psi': 0.9556035406933461, 'lda_t': 0.5927826148686524}.
[I 2025-08-09 22:13:31,073] Trial 262 finished with values: [0.8960397201282957, 0.26349496797804206] and parameters: {'psi': 0.8681382554937496, 'lda_t': 1.7068433361584657e-06}.
[I 2025-08-09 22:13:39,072] Trial 263 finished with values: [0.8973109454556862, 0.2662993572084481] and parameters: {'psi': 0.8681382554937496, 'lda_t': 0.0012281221488649172}.
[I 2025-08-09 22:13:47,055] Trial 264 finished with values: [0.9215544891342353, 0.3726082578046324] and parameters: {'psi': 0.21659457811868288, 'lda_t': 5.268148313366471}.
[I 2025-08-09 22:13:54,960] Trial 265 finished with values: [0.8983063881889772, 0.2664233576642336] and parameters: {'psi': 0.756594846681345, 'lda_t': 0.00020673281924002326}.
[I 2025-08-09 22:14:02,916] Trial 266 finished with values: [0.9313534838172308, 0.39014373716632444] and parameters: {'psi': 0.3944601447142295, 'lda_t': 0.03882712775170369}.
[I 2025-08-09 22:14:10,884] Trial 267 finished with values: [0.8960406494714941, 0.26666666666666666] and parameters: {'psi': 0.9853523985530265, 'lda_t': 4.1898876610456625e-05}.
[I 2025-08-09 22:14:18,871] Trial 268 finished with values: [0.8961982893115078, 0.26349496797804206] and parameters: {'psi': 0.8640249031443845, 'lda_t': 7.509082151157116e-05}.
[I 2025-08-09 22:14:26,841] Trial 269 finished with values: [0.9439688530627086, 0.4796380090497738] and parameters: {'psi': 0.8121222461481811, 'lda_t': 2.428813585915971}.
[I 2025-08-09 22:14:34,751] Trial 270 finished with values: [0.8969207374802949, 0.26118721461187216] and parameters: {'psi': 0.8245844394144708, 'lda_t': 0.00010216448661698769}.
[I 2025-08-09 22:14:42,734] Trial 271 finished with values: [0.9013435979289588, 0.26811594202898553] and parameters: {'psi': 0.5243886024131672, 'lda_t': 0.0009775455904477816}.
[I 2025-08-09 22:14:50,644] Trial 272 finished with values: [0.896783659358544, 0.26118721461187216] and parameters: {'psi': 0.8245844394144708, 'lda_t': 1.056497944220747e-06}.
[I 2025-08-09 22:14:58,586] Trial 273 finished with values: [0.8987467806970771, 0.2585278276481149] and parameters: {'psi': 0.15147151833861305, 'lda_t': 2.8234334664415034e-05}.
[I 2025-08-09 22:15:06,567] Trial 274 finished with values: [0.9436614727998672, 0.49479768786127165] and parameters: {'psi': 0.8681382554937496, 'lda_t': 1.2205552952797107}.
[I 2025-08-09 22:15:14,638] Trial 275 finished with values: [0.943952705724638, 0.4688888888888889] and parameters: {'psi': 0.7285527255812296, 'lda_t': 1.566718138012335}.
[I 2025-08-09 22:15:22,643] Trial 276 finished with values: [0.9439316793347763, 0.48291571753986334] and parameters: {'psi': 0.8227053766237223, 'lda_t': 0.786259061490011}.
[I 2025-08-09 22:15:30,625] Trial 277 finished with values: [0.9391072264565421, 0.4605263157894737] and parameters: {'psi': 0.6239626351223453, 'lda_t': 0.12363285783981842}.
[I 2025-08-09 22:15:38,588] Trial 278 finished with values: [0.8964381760245719, 0.26349496797804206] and parameters: {'psi': 0.8461771508221534, 'lda_t': 3.3554381903782854e-05}.
[I 2025-08-09 22:15:46,580] Trial 279 finished with values: [0.9301473125137224, 0.39791666666666664] and parameters: {'psi': 0.8788549506306372, 'lda_t': 0.07210840832980313}.
[I 2025-08-09 22:15:54,473] Trial 280 finished with values: [0.9330468632924538, 0.40585774058577406] and parameters: {'psi': 0.2748316863470891, 'lda_t': 0.7296897177208891}.
[I 2025-08-09 22:16:02,452] Trial 281 finished with values: [0.9226733021771026, 0.37449392712550605] and parameters: {'psi': 0.22257437519888734, 'lda_t': 0.4174667667485031}.
[I 2025-08-09 22:16:10,463] Trial 282 finished with values: [0.8895359440907131, 0.2639138240574506] and parameters: {'psi': 0.034674082770013825, 'lda_t': 3.5340078163238723e-06}.
[I 2025-08-09 22:16:18,424] Trial 283 finished with values: [0.8959902326029858, 0.26666666666666666] and parameters: {'psi': 0.9853523985530265, 'lda_t': 1.5406346494284224e-08}.
[I 2025-08-09 22:16:26,408] Trial 284 finished with values: [0.895838168822162, 0.27155963302752295] and parameters: {'psi': 0.9164918817535437, 'lda_t': 2.069309166907494e-08}.
[I 2025-08-09 22:16:34,378] Trial 285 finished with values: [0.9436413757532036, 0.4656319290465632] and parameters: {'psi': 0.6756786582600031, 'lda_t': 0.523946626409378}.
[I 2025-08-09 22:16:42,331] Trial 286 finished with values: [0.9406135756131052, 0.4817351598173516] and parameters: {'psi': 0.8681382554937496, 'lda_t': 0.1674593317214423}.
[I 2025-08-09 22:16:50,288] Trial 287 finished with values: [0.9439589787912266, 0.48072562358276644] and parameters: {'psi': 0.8153902346346483, 'lda_t': 0.7975405473066295}.
[I 2025-08-09 22:16:58,256] Trial 288 finished with values: [0.9436614727998672, 0.49479768786127165] and parameters: {'psi': 0.8681382554937496, 'lda_t': 4.020930389425157}.
[I 2025-08-09 22:17:06,213] Trial 289 finished with values: [0.9443846179760531, 0.5071090047393365] and parameters: {'psi': 0.9556035406933461, 'lda_t': 3.1630492815650655}.
[I 2025-08-09 22:17:14,178] Trial 290 finished with values: [0.943991738138967, 0.47268673355629875] and parameters: {'psi': 0.7759075881399603, 'lda_t': 3.1630492815650655}.
[I 2025-08-09 22:17:22,128] Trial 291 finished with values: [0.9434941910241709, 0.5] and parameters: {'psi': 0.9164918817535437, 'lda_t': 5.268148313366471}.
[I 2025-08-09 22:17:30,095] Trial 292 finished with values: [0.8979574198180114, 0.2645985401459854] and parameters: {'psi': 0.7598615372930512, 'lda_t': 2.2562602946498814e-07}.
[I 2025-08-09 22:17:38,061] Trial 293 finished with values: [0.8965824565561097, 0.26373626373626374] and parameters: {'psi': 0.8587866167162612, 'lda_t': 0.0003619463794233536}.
[I 2025-08-09 22:17:46,026] Trial 294 finished with values: [0.9460185194865843, 0.5111896348645465] and parameters: {'psi': 0.9953088221531188, 'lda_t': 3.407079917119944}.
[I 2025-08-09 22:17:54,004] Trial 295 finished with values: [0.9335415062097552, 0.412327311370882] and parameters: {'psi': 0.8227053766237223, 'lda_t': 0.0767013779424505}.
[I 2025-08-09 22:18:01,997] Trial 296 finished with values: [0.9439988243808541, 0.47586980920314254] and parameters: {'psi': 0.7948671642969444, 'lda_t': 0.7296897177208891}.
[I 2025-08-09 22:18:09,958] Trial 297 finished with values: [0.8992269026269047, 0.26473254759746145] and parameters: {'psi': 0.6092421813865623, 'lda_t': 7.926901053921473e-08}.
[I 2025-08-09 22:18:17,917] Trial 298 finished with values: [0.943682383021829, 0.49479768786127165] and parameters: {'psi': 0.8640249031443845, 'lda_t': 0.7296897177208891}.
[I 2025-08-09 22:18:25,869] Trial 299 finished with values: [0.9415903153145305, 0.4434876210979548] and parameters: {'psi': 0.38581840212030205, 'lda_t': 0.5927826148686524}.
[I 2025-08-09 22:18:33,845] Trial 300 finished with values: [0.8976984815693818, 0.26277372262773724] and parameters: {'psi': 0.7759075881399603, 'lda_t': 7.943862419117224e-08}.
[I 2025-08-09 22:18:41,841] Trial 301 finished with values: [0.9270562008682389, 0.33235004916420846] and parameters: {'psi': 0.494007747524729, 'lda_t': 0.03157516397431535}.
[I 2025-08-09 22:18:49,814] Trial 302 finished with values: [0.9436614727998672, 0.49479768786127165] and parameters: {'psi': 0.8681382554937496, 'lda_t': 1.2205552952797107}.
[I 2025-08-09 22:18:57,762] Trial 303 finished with values: [0.9437920455192299, 0.49195402298850577] and parameters: {'psi': 0.8681382554937496, 'lda_t': 0.23409183863676175}.
[I 2025-08-09 22:19:05,721] Trial 304 finished with values: [0.9436836608687268, 0.49479768786127165] and parameters: {'psi': 0.8640249031443845, 'lda_t': 3.407079917119944}.
[I 2025-08-09 22:19:13,700] Trial 305 finished with values: [0.9437873988032383, 0.49252013808975836] and parameters: {'psi': 0.8461771508221534, 'lda_t': 1.8441500159360402}.
[I 2025-08-09 22:19:21,669] Trial 306 finished with values: [0.9081455769652995, 0.273224043715847] and parameters: {'psi': 0.3057647566465572, 'lda_t': 0.0032220428860347677}.
[I 2025-08-09 22:19:29,642] Trial 307 finished with values: [0.8993963915926968, 0.26244343891402716] and parameters: {'psi': 0.5764223421470369, 'lda_t': 1.4758851624649253e-05}.
[I 2025-08-09 22:19:37,616] Trial 308 finished with values: [0.895990697274585, 0.2867579908675799] and parameters: {'psi': 0.051901837436942544, 'lda_t': 0.011512338220982065}.
[I 2025-08-09 22:19:45,682] Trial 309 finished with values: [0.8971923380300018, 0.2777777777777778] and parameters: {'psi': 0.9363544201971435, 'lda_t': 0.0011733917437661996}.
[I 2025-08-09 22:19:53,653] Trial 310 finished with values: [0.9335843721647773, 0.43137254901960786] and parameters: {'psi': 0.9190477714649613, 'lda_t': 0.10209981845414015}.
[I 2025-08-09 22:20:01,641] Trial 311 finished with values: [0.8994723653991588, 0.26244343891402716] and parameters: {'psi': 0.5518654671487042, 'lda_t': 3.1936321629865797e-06}.
[I 2025-08-09 22:20:09,624] Trial 312 finished with values: [0.9439274972903836, 0.49479768786127165] and parameters: {'psi': 0.8681382554937496, 'lda_t': 0.26700778023496435}.
[I 2025-08-09 22:20:17,588] Trial 313 finished with values: [0.9434941910241709, 0.5] and parameters: {'psi': 0.9164918817535437, 'lda_t': 5.268148313366471}.
[I 2025-08-09 22:20:25,559] Trial 314 finished with values: [0.9440131130325282, 0.46993318485523383] and parameters: {'psi': 0.756594846681345, 'lda_t': 3.407079917119944}.
[I 2025-08-09 22:20:33,548] Trial 315 finished with values: [0.8998621087029506, 0.26173285198555957] and parameters: {'psi': 0.43678233047726045, 'lda_t': 7.893734008085521e-05}.
[I 2025-08-09 22:20:41,541] Trial 316 finished with values: [0.9434941910241709, 0.5] and parameters: {'psi': 0.9164918817535437, 'lda_t': 5.268148313366471}.
[I 2025-08-09 22:20:49,494] Trial 317 finished with values: [0.9136924780123207, 0.33493743984600577] and parameters: {'psi': 0.1574057484809286, 'lda_t': 0.3105328637957405}.
[I 2025-08-09 22:20:57,451] Trial 318 finished with values: [0.9439413212704587, 0.4711111111111111] and parameters: {'psi': 0.725122118522245, 'lda_t': 3.407079917119944}.
[I 2025-08-09 22:21:05,414] Trial 319 finished with values: [0.9436836608687268, 0.49479768786127165] and parameters: {'psi': 0.8640249031443845, 'lda_t': 5.268148313366471}.
[I 2025-08-09 22:21:13,394] Trial 320 finished with values: [0.8994231102096482, 0.2585278276481149] and parameters: {'psi': 0.19826893015477787, 'lda_t': 6.879416931438858e-05}.
[I 2025-08-09 22:21:21,357] Trial 321 finished with values: [0.9436614727998672, 0.49479768786127165] and parameters: {'psi': 0.8681382554937496, 'lda_t': 1.2205552952797107}.
[I 2025-08-09 22:21:29,307] Trial 322 finished with values: [0.9438460635926316, 0.5023474178403756] and parameters: {'psi': 0.9363544201971435, 'lda_t': 0.7296897177208891}.
[I 2025-08-09 22:21:37,257] Trial 323 finished with values: [0.9165974886823425, 0.34980237154150196] and parameters: {'psi': 0.1851575803953448, 'lda_t': 0.09525043703242454}.
[I 2025-08-09 22:21:45,236] Trial 324 finished with values: [0.9237528504698411, 0.3373253493013972] and parameters: {'psi': 0.8681382554937496, 'lda_t': 0.04429930365536317}.
[I 2025-08-09 22:21:53,222] Trial 325 finished with values: [0.8958544323281326, 0.27155963302752295] and parameters: {'psi': 0.9164918817535437, 'lda_t': 1.8364532440098225e-05}.
[I 2025-08-09 22:22:01,202] Trial 326 finished with values: [0.8958545484960322, 0.27155963302752295] and parameters: {'psi': 0.9164918817535437, 'lda_t': 1.8798791913524968e-05}.
[I 2025-08-09 22:22:09,115] Trial 327 finished with values: [0.9413292860437048, 0.46120218579234973] and parameters: {'psi': 0.506516480353482, 'lda_t': 0.7296897177208891}.
[I 2025-08-09 22:22:17,091] Trial 328 finished with values: [0.9011498298721108, 0.2621184919210054] and parameters: {'psi': 0.23724578899409454, 'lda_t': 0.0004973849655414273}.
[I 2025-08-09 22:22:25,038] Trial 329 finished with values: [0.8967939983016253, 0.27414903403863844] and parameters: {'psi': 0.9556035406933461, 'lda_t': 1.1143658371719004e-06}.
[I 2025-08-09 22:22:32,991] Trial 330 finished with values: [0.9437480178852098, 0.5041031652989449] and parameters: {'psi': 0.9363544201971435, 'lda_t': 0.3105328637957405}.
[I 2025-08-09 22:22:40,945] Trial 331 finished with values: [0.9421835847787525, 0.45865490628445427] and parameters: {'psi': 0.5853078371084276, 'lda_t': 1.566718138012335}.
[I 2025-08-09 22:22:48,905] Trial 332 finished with values: [0.9439588626233267, 0.48072562358276644] and parameters: {'psi': 0.8153902346346483, 'lda_t': 0.7296897177208891}.
[I 2025-08-09 22:22:56,895] Trial 333 finished with values: [0.9457684099983388, 0.514218009478673] and parameters: {'psi': 0.9853523985530265, 'lda_t': 0.8547039672161781}.
[I 2025-08-09 22:23:04,870] Trial 334 finished with values: [0.9440131130325282, 0.46993318485523383] and parameters: {'psi': 0.756594846681345, 'lda_t': 0.8058879294528104}.
[I 2025-08-09 22:23:12,832] Trial 335 finished with values: [0.9150162112304157, 0.3431372549019608] and parameters: {'psi': 0.171542686875225, 'lda_t': 0.2330868359276569}.
[I 2025-08-09 22:23:20,822] Trial 336 finished with values: [0.8991287407515831, 0.25673249551166966] and parameters: {'psi': 0.20959892066241514, 'lda_t': 1.7624327901882547e-08}.
[I 2025-08-09 22:23:28,795] Trial 337 finished with values: [0.9434910544908767, 0.5005847953216375] and parameters: {'psi': 0.9164918817535437, 'lda_t': 0.7296897177208891}.
[I 2025-08-09 22:23:36,791] Trial 338 finished with values: [0.8916030356995572, 0.2639138240574506] and parameters: {'psi': 0.042020512505556495, 'lda_t': 2.6037940156721193e-06}.
[I 2025-08-09 22:23:44,769] Trial 339 finished with values: [0.9440131130325282, 0.46993318485523383] and parameters: {'psi': 0.756594846681345, 'lda_t': 2.184374702025136}.
[I 2025-08-09 22:23:52,742] Trial 340 finished with values: [0.9439194817052984, 0.5029377203290247] and parameters: {'psi': 0.9396340933469106, 'lda_t': 5.268148313366471}.
[I 2025-08-09 22:24:00,725] Trial 341 finished with values: [0.8976888396336994, 0.26494940202391903] and parameters: {'psi': 0.851706925320916, 'lda_t': 0.001339543553702339}.
[I 2025-08-09 22:24:08,697] Trial 342 finished with values: [0.8995842350866554, 0.25719424460431656] and parameters: {'psi': 0.32791348414181376, 'lda_t': 6.037107370213202e-08}.
[I 2025-08-09 22:24:16,690] Trial 343 finished with values: [0.9458324185111225, 0.5136094674556213] and parameters: {'psi': 0.9866755918094445, 'lda_t': 3.407079917119944}.
[I 2025-08-09 22:24:24,673] Trial 344 finished with values: [0.9443846179760531, 0.5071090047393365] and parameters: {'psi': 0.9556035406933461, 'lda_t': 3.407079917119944}.
[I 2025-08-09 22:24:32,631] Trial 345 finished with values: [0.941537691255926, 0.4605263157894737] and parameters: {'psi': 0.5526257204280163, 'lda_t': 3.407079917119944}.
[I 2025-08-09 22:24:40,601] Trial 346 finished with values: [0.9165647293346018, 0.34980237154150196] and parameters: {'psi': 0.18490044293640184, 'lda_t': 3.407079917119944}.
[I 2025-08-09 22:24:48,579] Trial 347 finished with values: [0.8965689810797343, 0.26556776556776557] and parameters: {'psi': 0.8640249031443845, 'lda_t': 0.0004282050489924909}.
[I 2025-08-09 22:24:56,545] Trial 348 finished with values: [0.8953227318507986, 0.26387625113739765] and parameters: {'psi': 0.9953088221531188, 'lda_t': 1.1033485878788362e-07}.
[I 2025-08-09 22:25:04,457] Trial 349 finished with values: [0.9435809684453134, 0.5017584994138335] and parameters: {'psi': 0.9241712277284488, 'lda_t': 3.1630492815650655}.
[I 2025-08-09 22:25:12,422] Trial 350 finished with values: [0.9315286650101123, 0.40124740124740127] and parameters: {'psi': 0.2663466187199587, 'lda_t': 3.407079917119944}.
[I 2025-08-09 22:25:20,492] Trial 351 finished with values: [0.8996753107200899, 0.2581227436823105] and parameters: {'psi': 0.45155640646571693, 'lda_t': 1.383768210462559e-06}.
[I 2025-08-09 22:25:28,449] Trial 352 finished with values: [0.9138201465341887, 0.2867647058823529] and parameters: {'psi': 0.5830574417448541, 'lda_t': 0.010257030522652375}.
[I 2025-08-09 22:25:36,433] Trial 353 finished with values: [0.9434593406542345, 0.4634146341463415] and parameters: {'psi': 0.6558815603788493, 'lda_t': 5.268148313366471}.
[I 2025-08-09 22:25:44,430] Trial 354 finished with values: [0.8969618609168204, 0.26094890510948904] and parameters: {'psi': 0.8153902346346483, 'lda_t': 6.820864376900439e-07}.
[I 2025-08-09 22:25:52,405] Trial 355 finished with values: [0.9438460635926316, 0.5023474178403756] and parameters: {'psi': 0.9363544201971435, 'lda_t': 0.7296897177208891}.
[I 2025-08-09 22:26:00,309] Trial 356 finished with values: [0.8953898768968767, 0.26387625113739765] and parameters: {'psi': 0.9944193214299442, 'lda_t': 4.12328719821284e-08}.
[I 2025-08-09 22:26:08,265] Trial 357 finished with values: [0.8995055894184983, 0.25696316262353996] and parameters: {'psi': 0.291547703740912, 'lda_t': 2.8102617800358857e-06}.
[I 2025-08-09 22:26:16,244] Trial 358 finished with values: [0.8987431794921836, 0.25673249551166966] and parameters: {'psi': 0.16749173960673758, 'lda_t': 2.5242425432334462e-08}.
[I 2025-08-09 22:26:24,218] Trial 359 finished with values: [0.9434783921897999, 0.5005847953216375] and parameters: {'psi': 0.9164918817535437, 'lda_t': 0.5927826148686524}.
[I 2025-08-09 22:26:32,182] Trial 360 finished with values: [0.9347015588570473, 0.416403785488959] and parameters: {'psi': 0.285060992625886, 'lda_t': 0.5927826148686524}.
[I 2025-08-09 22:26:40,150] Trial 361 finished with values: [0.9005635304818761, 0.2621184919210054] and parameters: {'psi': 0.16952785582004326, 'lda_t': 0.0003583452267749773}.
[I 2025-08-09 22:26:48,110] Trial 362 finished with values: [0.917136507737363, 0.354806739345887] and parameters: {'psi': 0.1891270668374343, 'lda_t': 5.268148313366471}.
[I 2025-08-09 22:26:56,089] Trial 363 finished with values: [0.9413304477227027, 0.4617067833698031] and parameters: {'psi': 0.5062146663274112, 'lda_t': 0.786259061490011}.
[I 2025-08-09 22:27:04,069] Trial 364 finished with values: [0.9439688530627086, 0.4796380090497738] and parameters: {'psi': 0.8121222461481811, 'lda_t': 1.2361236608305348}.
[I 2025-08-09 22:27:12,030] Trial 365 finished with values: [0.8989771416423586, 0.2659380692167577] and parameters: {'psi': 0.7234111592223269, 'lda_t': 0.0004224582624578763}.
[I 2025-08-09 22:27:19,994] Trial 366 finished with values: [0.943494191024171, 0.49825378346915017] and parameters: {'psi': 0.9038622199753873, 'lda_t': 5.268148313366471}.
[I 2025-08-09 22:27:27,949] Trial 367 finished with values: [0.8979038664162087, 0.2645985401459854] and parameters: {'psi': 0.7642030777382165, 'lda_t': 8.510904948302519e-06}.
[I 2025-08-09 22:27:35,918] Trial 368 finished with values: [0.944308644169591, 0.506508875739645] and parameters: {'psi': 0.953280968399183, 'lda_t': 3.407079917119944}.
[I 2025-08-09 22:27:43,868] Trial 369 finished with values: [0.943816789281885, 0.46770601336302897] and parameters: {'psi': 0.6990187534034521, 'lda_t': 2.5529326884041756}.
[I 2025-08-09 22:27:51,837] Trial 370 finished with values: [0.9114775046670454, 0.30206378986866794] and parameters: {'psi': 0.9866755918094445, 'lda_t': 0.0222566669713957}.
[I 2025-08-09 22:27:59,822] Trial 371 finished with values: [0.9439588626233267, 0.48072562358276644] and parameters: {'psi': 0.8153902346346483, 'lda_t': 0.7296897177208891}.
