[I 2025-08-09 21:20:57,999] Trial 250 finished with values: [0.9990699851355922, 0.6363636363636364] and parameters: {'psi': 0.8086582041323144, 'lda_t': 1.4737804194883797e-07}.
[I 2025-08-09 21:21:02,854] Trial 251 finished with values: [0.9992509752623961, 0.6388888888888888] and parameters: {'psi': 0.6346195808341706, 'lda_t': 0.00026347276699100977}.
[I 2025-08-09 21:21:07,717] Trial 252 finished with values: [0.999604248993869, 0.6337078651685393] and parameters: {'psi': 0.2056705992678587, 'lda_t': 0.8314984495916307}.
[I 2025-08-09 21:21:12,573] Trial 253 finished with values: [0.9996802331870461, 0.65] and parameters: {'psi': 0.5569268377967627, 'lda_t': 0.3792031386660148}.
[I 2025-08-09 21:21:17,426] Trial 254 finished with values: [0.9996802331870461, 0.65] and parameters: {'psi': 0.5526009939277363, 'lda_t': 1.757075392160293}.
[I 2025-08-09 21:21:22,288] Trial 255 finished with values: [0.9995841976095584, 0.6349206349206349] and parameters: {'psi': 0.5890936968744226, 'lda_t': 0.08415843669886831}.
[I 2025-08-09 21:21:27,163] Trial 256 finished with values: [0.9991459693287693, 0.6210045662100456] and parameters: {'psi': 0.04261489983220179, 'lda_t': 8.102906351000906e-07}.
[I 2025-08-09 21:21:32,021] Trial 257 finished with values: [0.9996089980059426, 0.6522781774580336] and parameters: {'psi': 0.9831861901053842, 'lda_t': 5.393162129437448}.
[I 2025-08-09 21:21:36,874] Trial 258 finished with values: [0.9996826076930829, 0.6605922551252847] and parameters: {'psi': 0.6448341621803768, 'lda_t': 1.3750499176958413}.
[I 2025-08-09 21:21:41,726] Trial 259 finished with values: [0.9992551966064616, 0.6374133949191686] and parameters: {'psi': 0.6139945749306448, 'lda_t': 5.2711823089039995e-06}.
[I 2025-08-09 21:21:46,559] Trial 260 finished with values: [0.9993390958197613, 0.6224256292906178] and parameters: {'psi': 0.9855477711752934, 'lda_t': 0.11255984536430867}.
[I 2025-08-09 21:21:51,394] Trial 261 finished with values: [0.9996836630290993, 0.6605922551252847] and parameters: {'psi': 0.6193342125990026, 'lda_t': 0.8314984495916307}.
[I 2025-08-09 21:21:56,241] Trial 262 finished with values: [0.9996839268631034, 0.6682027649769585] and parameters: {'psi': 0.6193342125990026, 'lda_t': 0.20423330891895217}.
[I 2025-08-09 21:22:01,107] Trial 263 finished with values: [0.9995235157886183, 0.6305882352941177] and parameters: {'psi': 0.8951676880092508, 'lda_t': 0.5648895257931682}.
[I 2025-08-09 21:22:05,963] Trial 264 finished with values: [0.9996802331870461, 0.65] and parameters: {'psi': 0.5526009939277363, 'lda_t': 0.510245601184084}.
[I 2025-08-09 21:22:10,841] Trial 265 finished with values: [0.9992050681456849, 0.6255707762557078] and parameters: {'psi': 0.07227943796754599, 'lda_t': 1.8351528539145306e-05}.
[I 2025-08-09 21:22:15,695] Trial 266 finished with values: [0.9996831353610911, 0.6605922551252847] and parameters: {'psi': 0.6139945749306448, 'lda_t': 4.3638464599406666}.
[I 2025-08-09 21:22:20,556] Trial 267 finished with values: [0.9996327430663104, 0.669833729216152] and parameters: {'psi': 0.9995940564645345, 'lda_t': 0.510245601184084}.
[I 2025-08-09 21:22:25,414] Trial 268 finished with values: [0.9996203428681183, 0.6602870813397129] and parameters: {'psi': 0.9904967073302083, 'lda_t': 0.8314984495916307}.
[I 2025-08-09 21:22:30,274] Trial 269 finished with values: [0.9991823784213334, 0.6293706293706294] and parameters: {'psi': 0.7204836236275353, 'lda_t': 1.617951954237586e-07}.
[I 2025-08-09 21:22:35,136] Trial 270 finished with values: [0.9996670414868418, 0.6425339366515838] and parameters: {'psi': 0.34149682300814277, 'lda_t': 0.25847869819422975}.
[I 2025-08-09 21:22:39,998] Trial 271 finished with values: [0.9996694159928786, 0.6635730858468677] and parameters: {'psi': 0.7204836236275353, 'lda_t': 0.3792031386660148}.
[I 2025-08-09 21:22:44,852] Trial 272 finished with values: [0.9996804970210502, 0.65] and parameters: {'psi': 0.5569268377967627, 'lda_t': 5.888163643446603}.
[I 2025-08-09 21:22:49,716] Trial 273 finished with values: [0.9996662499848296, 0.6425339366515838] and parameters: {'psi': 0.35653738945924707, 'lda_t': 1.3750499176958413}.
[I 2025-08-09 21:22:54,540] Trial 274 finished with values: [0.999682871527087, 0.6605922551252847] and parameters: {'psi': 0.6229044260789238, 'lda_t': 0.7289604708206454}.
[I 2025-08-09 21:22:59,394] Trial 275 finished with values: [0.9995353883188022, 0.6244343891402715] and parameters: {'psi': 0.13480544206996314, 'lda_t': 5.393162129437448}.
[I 2025-08-09 21:23:04,249] Trial 276 finished with values: [0.9996612371387519, 0.6382022471910113] and parameters: {'psi': 0.3127386521561537, 'lda_t': 0.3792031386660148}.
[I 2025-08-09 21:23:09,087] Trial 277 finished with values: [0.9992813161728662, 0.641860465116279] and parameters: {'psi': 0.5526009939277363, 'lda_t': 4.670295486335635e-05}.
[I 2025-08-09 21:23:13,943] Trial 278 finished with values: [0.9996659861508255, 0.6425339366515838] and parameters: {'psi': 0.35703409282510434, 'lda_t': 0.3792031386660148}.
[I 2025-08-09 21:23:18,817] Trial 279 finished with values: [0.9992422687402612, 0.6301369863013698] and parameters: {'psi': 0.1736718937522409, 'lda_t': 1.85820160649361e-06}.
[I 2025-08-09 21:23:23,671] Trial 280 finished with values: [0.9996757480089766, 0.6620689655172414] and parameters: {'psi': 0.6940211494285826, 'lda_t': 5.888163643446603}.
[I 2025-08-09 21:23:28,515] Trial 281 finished with values: [0.9994406719113349, 0.6202247191011236] and parameters: {'psi': 0.5574684673868486, 'lda_t': 0.0264611251334263}.
[I 2025-08-09 21:23:33,377] Trial 282 finished with values: [0.999223800359975, 0.6241457858769932] and parameters: {'psi': 0.1083830931663784, 'lda_t': 1.1906586088430579e-05}.
[I 2025-08-09 21:23:38,233] Trial 283 finished with values: [0.9995208774485774, 0.6288416075650118] and parameters: {'psi': 0.9224347195820185, 'lda_t': 0.8314984495916307}.
[I 2025-08-09 21:23:43,087] Trial 284 finished with values: [0.9996221897061469, 0.6278026905829597] and parameters: {'psi': 0.22491724451574058, 'lda_t': 0.3792031386660148}.
[I 2025-08-09 21:23:47,933] Trial 285 finished with values: [0.9992797331688417, 0.641860465116279] and parameters: {'psi': 0.5526009939277363, 'lda_t': 1.4855757671004114e-05}.
[I 2025-08-09 21:23:52,780] Trial 286 finished with values: [0.9996831353610911, 0.6605922551252847] and parameters: {'psi': 0.6139495376939874, 'lda_t': 0.510245601184084}.
[I 2025-08-09 21:23:57,634] Trial 287 finished with values: [0.9992522944324166, 0.6374133949191686] and parameters: {'psi': 0.6193342125990026, 'lda_t': 8.306465180987605e-08}.
[I 2025-08-09 21:24:02,499] Trial 288 finished with values: [0.9996630839767805, 0.6620370370370371] and parameters: {'psi': 0.7406541336582808, 'lda_t': 0.24484399614342617}.
[I 2025-08-09 21:24:07,356] Trial 289 finished with values: [0.999673901170948, 0.6651270207852193] and parameters: {'psi': 0.7040877876796693, 'lda_t': 0.510245601184084}.
[I 2025-08-09 21:24:12,218] Trial 290 finished with values: [0.9995905296256565, 0.6334841628959276] and parameters: {'psi': 0.5300111176490634, 'lda_t': 0.07743598718847787}.
[I 2025-08-09 21:24:17,178] Trial 291 finished with values: [0.9992858013509356, 0.641860465116279] and parameters: {'psi': 0.5302742244890093, 'lda_t': 2.3543542765012115e-08}.
[I 2025-08-09 21:24:22,028] Trial 292 finished with values: [0.9996802331870461, 0.65] and parameters: {'psi': 0.5526009939277363, 'lda_t': 1.757075392160293}.
[I 2025-08-09 21:24:26,877] Trial 293 finished with values: [0.9992665414686372, 0.6388888888888888] and parameters: {'psi': 0.5890936968744226, 'lda_t': 3.572952204044061e-07}.
[I 2025-08-09 21:24:31,712] Trial 294 finished with values: [0.9992602094525391, 0.6330275229357798] and parameters: {'psi': 0.26441404942780666, 'lda_t': 1.0197508283575696e-06}.
[I 2025-08-09 21:24:36,560] Trial 295 finished with values: [0.9992559881084737, 0.6374133949191686] and parameters: {'psi': 0.6139945749306448, 'lda_t': 3.91151403083522e-05}.
[I 2025-08-09 21:24:41,398] Trial 296 finished with values: [0.9991620632030187, 0.6323185011709602] and parameters: {'psi': 0.7406541336582808, 'lda_t': 3.5546275030921266e-08}.
[I 2025-08-09 21:24:46,249] Trial 297 finished with values: [0.9991243349404342, 0.6167800453514739] and parameters: {'psi': 0.9439387856552522, 'lda_t': 0.028540967985816703}.
[I 2025-08-09 21:24:51,101] Trial 298 finished with values: [0.9992834268448989, 0.6330275229357798] and parameters: {'psi': 0.3965992231128914, 'lda_t': 5.807167178569047e-07}.
[I 2025-08-09 21:24:55,933] Trial 299 finished with values: [0.999664666980805, 0.6651053864168618] and parameters: {'psi': 0.7406541336582808, 'lda_t': 5.737255514304807}.
[I 2025-08-09 21:25:00,790] Trial 300 finished with values: [0.9995535928650843, 0.6351351351351351] and parameters: {'psi': 0.15096387551833823, 'lda_t': 5.737255514304807}.
[I 2025-08-09 21:25:05,614] Trial 301 finished with values: [0.9996356452403554, 0.6266666666666667] and parameters: {'psi': 0.2514797122110869, 'lda_t': 0.8314984495916307}.
[I 2025-08-09 21:25:10,467] Trial 302 finished with values: [0.9996831353610911, 0.6605922551252847] and parameters: {'psi': 0.6139495376939874, 'lda_t': 2.187516815194802}.
[I 2025-08-09 21:25:15,321] Trial 303 finished with values: [0.9993425256618144, 0.6224256292906178] and parameters: {'psi': 0.7204836236275353, 'lda_t': 0.01168576516704138}.
[I 2025-08-09 21:25:20,176] Trial 304 finished with values: [0.9991984722955827, 0.6325581395348837] and parameters: {'psi': 0.699920017099726, 'lda_t': 8.000910170920941e-06}.
[I 2025-08-09 21:25:25,023] Trial 305 finished with values: [0.9996836630290993, 0.6605922551252847] and parameters: {'psi': 0.6193342125990026, 'lda_t': 0.8314984495916307}.
[I 2025-08-09 21:25:29,873] Trial 306 finished with values: [0.9993240572815283, 0.6235565819861432] and parameters: {'psi': 0.6193342125990026, 'lda_t': 0.003081449328889113}.
[I 2025-08-09 21:25:34,719] Trial 307 finished with values: [0.9992744564887599, 0.6388888888888888] and parameters: {'psi': 0.5649003111908039, 'lda_t': 1.8485866896084914e-08}.
[I 2025-08-09 21:25:39,581] Trial 308 finished with values: [0.9949773920641898, 0.628175519630485] and parameters: {'psi': 0.0037978965743541426, 'lda_t': 0.00011971929081094325}.
[I 2025-08-09 21:25:44,443] Trial 309 finished with values: [0.9996316877302941, 0.623608017817372] and parameters: {'psi': 0.2446427609473525, 'lda_t': 0.8066000463172884}.
[I 2025-08-09 21:25:49,290] Trial 310 finished with values: [0.9992662776346332, 0.6388888888888888] and parameters: {'psi': 0.5905734562928384, 'lda_t': 1.4357978815183329e-08}.
[I 2025-08-09 21:25:54,149] Trial 311 finished with values: [0.9991620632030187, 0.6323185011709602] and parameters: {'psi': 0.7406541336582808, 'lda_t': 1.9692474285306295e-06}.
[I 2025-08-09 21:25:59,015] Trial 312 finished with values: [0.9992947717070746, 0.6272727272727273] and parameters: {'psi': 0.25710318651538444, 'lda_t': 0.0010027265627868675}.
[I 2025-08-09 21:26:03,874] Trial 313 finished with values: [0.9996694159928786, 0.6635730858468677] and parameters: {'psi': 0.7204836236275353, 'lda_t': 0.3792031386660148}.
[I 2025-08-09 21:26:08,691] Trial 314 finished with values: [0.9992668053026413, 0.6388888888888888] and parameters: {'psi': 0.5890936968744226, 'lda_t': 3.6881208702545304e-06}.
[I 2025-08-09 21:26:13,541] Trial 315 finished with values: [0.9994092756648485, 0.618510158013544] and parameters: {'psi': 0.07137444944445093, 'lda_t': 1.3750499176958413}.
[I 2025-08-09 21:26:18,390] Trial 316 finished with values: [0.9996831353610911, 0.6590909090909091] and parameters: {'psi': 0.5890936968744226, 'lda_t': 0.8314984495916307}.
[I 2025-08-09 21:26:23,248] Trial 317 finished with values: [0.9993583557020597, 0.6153846153846154] and parameters: {'psi': 0.7040877876796693, 'lda_t': 0.017232662561025673}.
[I 2025-08-09 21:26:28,102] Trial 318 finished with values: [0.9996831353610911, 0.6605922551252847] and parameters: {'psi': 0.6139945749306448, 'lda_t': 1.757075392160293}.
[I 2025-08-09 21:26:32,953] Trial 319 finished with values: [0.9992850098489234, 0.6330275229357798] and parameters: {'psi': 0.40952255620721145, 'lda_t': 3.2145886433834697e-07}.
[I 2025-08-09 21:26:37,792] Trial 320 finished with values: [0.9996744288389563, 0.6620689655172414] and parameters: {'psi': 0.699920017099726, 'lda_t': 0.3792031386660148}.
[I 2025-08-09 21:26:42,641] Trial 321 finished with values: [0.9996675691548499, 0.6394557823129252] and parameters: {'psi': 0.4080712345527392, 'lda_t': 3.711098588798322}.
[I 2025-08-09 21:26:47,502] Trial 322 finished with values: [0.9996641393127969, 0.6666666666666666] and parameters: {'psi': 0.7406541336582808, 'lda_t': 0.510245601184084}.
[I 2025-08-09 21:26:52,352] Trial 323 finished with values: [0.9996831353610911, 0.6590909090909091] and parameters: {'psi': 0.5890936968744226, 'lda_t': 1.757075392160293}.
[I 2025-08-09 21:26:57,206] Trial 324 finished with values: [0.9996754841749727, 0.6605504587155964] and parameters: {'psi': 0.6940211494285826, 'lda_t': 0.3792031386660148}.
[I 2025-08-09 21:27:02,063] Trial 325 finished with values: [0.9996327430663104, 0.669833729216152] and parameters: {'psi': 0.9995940564645345, 'lda_t': 0.510245601184084}.
[I 2025-08-09 21:27:06,915] Trial 326 finished with values: [0.9996831353610911, 0.6590909090909091] and parameters: {'psi': 0.5890936968744226, 'lda_t': 8.833079498745146}.
[I 2025-08-09 21:27:11,767] Trial 327 finished with values: [0.9993280147915896, 0.6221198156682027] and parameters: {'psi': 0.6193342125990026, 'lda_t': 0.003304778127751283}.
[I 2025-08-09 21:27:16,620] Trial 328 finished with values: [0.9996836630290993, 0.6605922551252847] and parameters: {'psi': 0.6193342125990026, 'lda_t': 1.3750499176958413}.
[I 2025-08-09 21:27:21,476] Trial 329 finished with values: [0.9996831353610911, 0.6590909090909091] and parameters: {'psi': 0.5890936968744226, 'lda_t': 1.757075392160293}.
[I 2025-08-09 21:27:26,331] Trial 330 finished with values: [0.9995818231035216, 0.6443914081145584] and parameters: {'psi': 0.9674793262100208, 'lda_t': 0.510245601184084}.
[I 2025-08-09 21:27:31,183] Trial 331 finished with values: [0.9992652222986168, 0.6247086247086248] and parameters: {'psi': 0.7406541336582808, 'lda_t': 0.004000461084011431}.
[I 2025-08-09 21:27:36,060] Trial 332 finished with values: [0.9974073032418339, 0.6238532110091743] and parameters: {'psi': 0.006403626733129553, 'lda_t': 0.015709952880444487}.
[I 2025-08-09 21:27:40,907] Trial 333 finished with values: [0.9992546689384534, 0.6374133949191686] and parameters: {'psi': 0.6139495376939874, 'lda_t': 1.156119706176969e-06}.
[I 2025-08-09 21:27:45,757] Trial 334 finished with values: [0.9990982153740295, 0.6318289786223278] and parameters: {'psi': 0.7992714188165909, 'lda_t': 0.0002891717452827414}.
[I 2025-08-09 21:27:50,651] Trial 335 finished with values: [0.9983030196857104, 0.6195899772209568] and parameters: {'psi': 0.00959022398765097, 'lda_t': 0.8314984495916307}.
[I 2025-08-09 21:27:55,610] Trial 336 finished with values: [0.999679705519038, 0.6485260770975056] and parameters: {'psi': 0.5462353605633858, 'lda_t': 2.551755718586015}.
[I 2025-08-09 21:28:00,489] Trial 337 finished with values: [0.9994240503690774, 0.6233183856502242] and parameters: {'psi': 0.07595415491938462, 'lda_t': 4.3638464599406666}.
[I 2025-08-09 21:28:05,343] Trial 338 finished with values: [0.9993570365320391, 0.6199095022624435] and parameters: {'psi': 0.33547702389676837, 'lda_t': 0.0037216109627358487}.
[I 2025-08-09 21:28:10,195] Trial 339 finished with values: [0.9992670691366454, 0.6388888888888888] and parameters: {'psi': 0.5890936968744226, 'lda_t': 1.8500180077107887e-05}.
[I 2025-08-09 21:28:15,051] Trial 340 finished with values: [0.9996641393127969, 0.6682242990654206] and parameters: {'psi': 0.7406541336582808, 'lda_t': 0.631196044665356}.
[I 2025-08-09 21:28:19,902] Trial 341 finished with values: [0.9993200997714671, 0.6235565819861432] and parameters: {'psi': 0.6193342125990026, 'lda_t': 0.0029424362114041907}.
[I 2025-08-09 21:28:24,755] Trial 342 finished with values: [0.9996804970210502, 0.65] and parameters: {'psi': 0.5569268377967627, 'lda_t': 0.510245601184084}.
[I 2025-08-09 21:28:29,622] Trial 343 finished with values: [0.9996427687584658, 0.6308724832214765] and parameters: {'psi': 0.26778167911051864, 'lda_t': 0.510245601184084}.
[I 2025-08-09 21:28:34,439] Trial 344 finished with values: [0.9992662776346332, 0.6388888888888888] and parameters: {'psi': 0.5920967003454785, 'lda_t': 2.6394873136534853e-05}.
[I 2025-08-09 21:28:39,282] Trial 345 finished with values: [0.9996815523570666, 0.6621004566210046] and parameters: {'psi': 0.6616784613550047, 'lda_t': 5.888163643446603}.
[I 2025-08-09 21:28:44,122] Trial 346 finished with values: [0.9996630839767805, 0.6620370370370371] and parameters: {'psi': 0.7406541336582808, 'lda_t': 0.24484399614342617}.
[I 2025-08-09 21:28:48,971] Trial 347 finished with values: [0.9996860375351361, 0.6529680365296804] and parameters: {'psi': 0.567354569372361, 'lda_t': 0.20423330891895217}.
[I 2025-08-09 21:28:53,821] Trial 348 finished with values: [0.9992330345501181, 0.627906976744186] and parameters: {'psi': 0.7040877876796693, 'lda_t': 0.001229121734104669}.
[I 2025-08-09 21:28:58,677] Trial 349 finished with values: [0.9993414703257981, 0.6252873563218391] and parameters: {'psi': 0.6139495376939874, 'lda_t': 0.004065932201615437}.
[I 2025-08-09 21:29:03,530] Trial 350 finished with values: [0.9992734011527435, 0.6388888888888888] and parameters: {'psi': 0.567354569372361, 'lda_t': 5.891203422159543e-08}.
[I 2025-08-09 21:29:08,386] Trial 351 finished with values: [0.9992884396909766, 0.631578947368421] and parameters: {'psi': 0.4426182872424097, 'lda_t': 5.623880922502932e-06}.
[I 2025-08-09 21:29:13,210] Trial 352 finished with values: [0.9996844545311115, 0.6651376146788991] and parameters: {'psi': 0.6193342125990026, 'lda_t': 0.25847869819422975}.
[I 2025-08-09 21:29:18,056] Trial 353 finished with values: [0.9995192944445529, 0.6273584905660378] and parameters: {'psi': 0.9044082039476693, 'lda_t': 1.3750499176958413}.
[I 2025-08-09 21:29:22,907] Trial 354 finished with values: [0.999634326070335, 0.623608017817372] and parameters: {'psi': 0.24785951801177886, 'lda_t': 0.631196044665356}.
[I 2025-08-09 21:29:27,756] Trial 355 finished with values: [0.9990924110259396, 0.6348448687350835] and parameters: {'psi': 0.798342237311295, 'lda_t': 9.804460941328692e-08}.
[I 2025-08-09 21:29:32,609] Trial 356 finished with values: [0.9996820800250747, 0.6605922551252847] and parameters: {'psi': 0.6453932950382186, 'lda_t': 2.187516815194802}.
[I 2025-08-09 21:29:37,465] Trial 357 finished with values: [0.999434603729241, 0.6126126126126126] and parameters: {'psi': 0.5139467029036482, 'lda_t': 0.020479382986647022}.
[I 2025-08-09 21:29:42,321] Trial 358 finished with values: [0.9996836630290993, 0.6605922551252847] and parameters: {'psi': 0.6193342125990026, 'lda_t': 0.8314984495916307}.
[I 2025-08-09 21:29:47,195] Trial 359 finished with values: [0.9995324861447573, 0.6275395033860045] and parameters: {'psi': 0.1329375553075851, 'lda_t': 0.040985196636086865}.
[I 2025-08-09 21:29:52,056] Trial 360 finished with values: [0.9993615217101086, 0.6216216216216216] and parameters: {'psi': 0.7406541336582808, 'lda_t': 0.026957693646477484}.
[I 2025-08-09 21:29:56,891] Trial 361 finished with values: [0.9996831353610911, 0.6605922551252847] and parameters: {'psi': 0.6139495376939874, 'lda_t': 0.7633584994682958}.
[I 2025-08-09 21:30:01,753] Trial 362 finished with values: [0.9993609940421005, 0.6216216216216216] and parameters: {'psi': 0.7406541336582808, 'lda_t': 0.02636513366011896}.
[I 2025-08-09 21:30:06,612] Trial 363 finished with values: [0.9991647015430596, 0.6323185011709602] and parameters: {'psi': 0.7406541336582808, 'lda_t': 5.6963940255983055e-05}.
[I 2025-08-09 21:30:11,476] Trial 364 finished with values: [0.9995754910874235, 0.6430260047281324] and parameters: {'psi': 0.964251769347915, 'lda_t': 0.8314984495916307}.
[I 2025-08-09 21:30:16,342] Trial 365 finished with values: [0.999664666980805, 0.6651053864168618] and parameters: {'psi': 0.7406541336582808, 'lda_t': 2.187516815194802}.
[I 2025-08-09 21:30:21,197] Trial 366 finished with values: [0.9996826076930829, 0.6590909090909091] and parameters: {'psi': 0.5870395358147438, 'lda_t': 0.7289604708206454}.
[I 2025-08-09 21:30:26,053] Trial 367 finished with values: [0.999682871527087, 0.6605922551252847] and parameters: {'psi': 0.6139495376939874, 'lda_t': 0.3792031386660148}.
[I 2025-08-09 21:30:30,910] Trial 368 finished with values: [0.9993902796165542, 0.6210045662100456] and parameters: {'psi': 0.6139495376939874, 'lda_t': 0.010970140935301567}.
[I 2025-08-09 21:30:35,773] Trial 369 finished with values: [0.9996485731065556, 0.6382022471910113] and parameters: {'psi': 0.2866957145911887, 'lda_t': 0.2031168534182165}.
[I 2025-08-09 21:30:40,645] Trial 370 finished with values: [0.9992612647885555, 0.6330275229357798] and parameters: {'psi': 0.2701906674083512, 'lda_t': 1.9566716495112484e-08}.
[I 2025-08-09 21:30:45,512] Trial 371 finished with values: [0.9992652222986169, 0.6330275229357798] and parameters: {'psi': 0.2968286868351816, 'lda_t': 5.535414039744947e-08}.
[I 2025-08-09 21:30:50,363] Trial 372 finished with values: [0.9992699713106904, 0.6330275229357798] and parameters: {'psi': 0.31953003967130755, 'lda_t': 2.1032767987562608e-07}.
[I 2025-08-09 21:30:55,206] Trial 373 finished with values: [0.999673901170948, 0.6651270207852193] and parameters: {'psi': 0.7040877876796693, 'lda_t': 0.510245601184084}.
[I 2025-08-09 21:31:00,059] Trial 374 finished with values: [0.9991863359313947, 0.6293706293706294] and parameters: {'psi': 0.7204836236275353, 'lda_t': 0.00013216688227878431}.
