[I 2025-08-09 21:38:42,430] Trial 0 finished with values: [0.9035984168638614, 0.2833333333333333] and parameters: {'psi': 0.9856689186553302, 'lda_t': 0.010141781324560539}.
[I 2025-08-09 21:38:50,500] Trial 1 finished with values: [0.8961038448089792, 0.27548209366391185] and parameters: {'psi': 0.9289589598785143, 'lda_t': 8.232463644458502e-05}.
[I 2025-08-09 21:38:58,456] Trial 2 finished with values: [0.8994856085397347, 0.26244343891402716] and parameters: {'psi': 0.5471471910385657, 'lda_t': 2.6512123222064082e-08}.
[I 2025-08-09 21:39:06,411] Trial 3 finished with values: [0.8985146772332987, 0.2585278276481149] and parameters: {'psi': 0.15037377720466094, 'lda_t': 2.642587917159347e-07}.
[I 2025-08-09 21:39:14,365] Trial 4 finished with values: [0.9209830592351737, 0.30467289719626167] and parameters: {'psi': 0.5568526181584306, 'lda_t': 0.017325573450740754}.
[I 2025-08-09 21:39:22,327] Trial 5 finished with values: [0.9015568821929711, 0.26811594202898553] and parameters: {'psi': 0.49173167995291833, 'lda_t': 0.0010087071849013522}.
[I 2025-08-09 21:39:30,280] Trial 6 finished with values: [0.9022964070430274, 0.26690712353471596] and parameters: {'psi': 0.30140811199312156, 'lda_t': 0.0009554687763113302}.
[I 2025-08-09 21:39:38,238] Trial 7 finished with values: [0.9418889829848877, 0.45951859956236324] and parameters: {'psi': 0.4489595426242621, 'lda_t': 0.3105328637957405}.
[I 2025-08-09 21:39:46,208] Trial 8 finished with values: [0.8984600783203981, 0.2656960873521383] and parameters: {'psi': 0.7162180967335041, 'lda_t': 1.7836565344303212e-07}.
[I 2025-08-09 21:39:54,187] Trial 9 finished with values: [0.9000970001963238, 0.2660633484162896] and parameters: {'psi': 0.5540701087588784, 'lda_t': 0.0003376682719481599}.
[I 2025-08-09 21:40:02,160] Trial 10 finished with values: [0.8996438292192472, 0.25742574257425743] and parameters: {'psi': 0.3661697773137934, 'lda_t': 1.2056960842717656e-07}.
[I 2025-08-09 21:40:10,109] Trial 11 finished with values: [0.9089653738341098, 0.27347310847766637] and parameters: {'psi': 0.3365572281604534, 'lda_t': 0.003843331991044567}.
[I 2025-08-09 21:40:18,091] Trial 12 finished with values: [0.8972601800834783, 0.2665441176470588] and parameters: {'psi': 0.8809657668712932, 'lda_t': 0.001368496147131014}.
[I 2025-08-09 21:40:26,067] Trial 13 finished with values: [0.8978038458544904, 0.2645985401459854] and parameters: {'psi': 0.7705682572791952, 'lda_t': 4.300330286584498e-06}.
[I 2025-08-09 21:40:34,035] Trial 14 finished with values: [0.896840465461541, 0.26118721461187216] and parameters: {'psi': 0.8216156769544356, 'lda_t': 5.216718749051446e-08}.
[I 2025-08-09 21:40:42,014] Trial 15 finished with values: [0.9043999753724052, 0.27051397655545534] and parameters: {'psi': 0.20626246744749654, 'lda_t': 0.0013648228763913858}.
[I 2025-08-09 21:40:50,002] Trial 16 finished with values: [0.9318279135199687, 0.4016649323621228] and parameters: {'psi': 0.26798238598406665, 'lda_t': 0.3356760265332662}.
[I 2025-08-09 21:40:57,970] Trial 17 finished with values: [0.919801399358521, 0.3291866028708134] and parameters: {'psi': 0.20907193088649179, 'lda_t': 0.018369498499384077}.
[I 2025-08-09 21:41:05,933] Trial 18 finished with values: [0.8997544210598462, 0.26032315978456017] and parameters: {'psi': 0.1667500676574425, 'lda_t': 0.00018399323315696148}.
[I 2025-08-09 21:41:13,922] Trial 19 finished with values: [0.9015312090871178, 0.26835902085222124] and parameters: {'psi': 0.5698730182355944, 'lda_t': 0.0012809392245500199}.
[I 2025-08-09 21:41:21,891] Trial 20 finished with values: [0.8224093687087822, 0.321011673151751] and parameters: {'psi': 0.0022046032933081827, 'lda_t': 4.1516678110760944e-08}.
[I 2025-08-09 21:41:29,871] Trial 21 finished with values: [0.9439588626233267, 0.48072562358276644] and parameters: {'psi': 0.8153902346346483, 'lda_t': 0.7296897177208891}.
[I 2025-08-09 21:41:37,831] Trial 22 finished with values: [0.8996266363700784, 0.25742574257425743] and parameters: {'psi': 0.3481940693178551, 'lda_t': 8.771456726575868e-07}.
[I 2025-08-09 21:41:45,810] Trial 23 finished with values: [0.9317167408398708, 0.40667361835245047] and parameters: {'psi': 0.2709501473826499, 'lda_t': 0.08063663399462657}.
[I 2025-08-09 21:41:53,781] Trial 24 finished with values: [0.8993401663291989, 0.2644927536231884] and parameters: {'psi': 0.5835988753330416, 'lda_t': 3.259759546014606e-07}.
[I 2025-08-09 21:42:01,748] Trial 25 finished with values: [0.8961589083934791, 0.26349496797804206] and parameters: {'psi': 0.8616169905893427, 'lda_t': 8.713510178498612e-06}.
[I 2025-08-09 21:42:09,706] Trial 26 finished with values: [0.8982040442692634, 0.2656960873521383] and parameters: {'psi': 0.7407002921014776, 'lda_t': 2.4467669739066013e-06}.
[I 2025-08-09 21:42:17,666] Trial 27 finished with values: [0.937148054826602, 0.46674182638105977] and parameters: {'psi': 0.855678357702793, 'lda_t': 0.12363285783981842}.
[I 2025-08-09 21:42:25,624] Trial 28 finished with values: [0.8997399000723726, 0.25742574257425743] and parameters: {'psi': 0.37450512203094977, 'lda_t': 2.720339808642199e-05}.
[I 2025-08-09 21:42:33,583] Trial 29 finished with values: [0.9401399590856656, 0.4418103448275862] and parameters: {'psi': 0.3447876909500339, 'lda_t': 1.0497790999250853}.
[I 2025-08-09 21:42:41,558] Trial 30 finished with values: [0.8996458040735436, 0.2603978300180832] and parameters: {'psi': 0.48286787226484384, 'lda_t': 1.676862256665614e-08}.
[I 2025-08-09 21:42:49,522] Trial 31 finished with values: [0.9362713356868949, 0.4403470715835141] and parameters: {'psi': 0.40703166527964496, 'lda_t': 0.07240480811620183}.
[I 2025-08-09 21:42:57,494] Trial 32 finished with values: [0.9169242689844486, 0.30959164292497626] and parameters: {'psi': 0.8401179861979313, 'lda_t': 0.024358932742643915}.
[I 2025-08-09 21:43:05,460] Trial 33 finished with values: [0.909738006535606, 0.28230980751604035] and parameters: {'psi': 0.6793389091263434, 'lda_t': 0.008905966005204916}.
[I 2025-08-09 21:43:13,430] Trial 34 finished with values: [0.9282971063737842, 0.34291377601585726] and parameters: {'psi': 0.4644366057913645, 'lda_t': 0.03382582625114239}.
[I 2025-08-09 21:43:21,409] Trial 35 finished with values: [0.8977271750406297, 0.2645985401459854] and parameters: {'psi': 0.7743411121826786, 'lda_t': 4.614452545015993e-08}.
[I 2025-08-09 21:43:29,364] Trial 36 finished with values: [0.8996000339210267, 0.2644927536231884] and parameters: {'psi': 0.5999678962022676, 'lda_t': 0.000180346392728254}.
[I 2025-08-09 21:43:37,332] Trial 37 finished with values: [0.8998439865105836, 0.25788999098286747] and parameters: {'psi': 0.4115040118721769, 'lda_t': 6.726751780001698e-05}.
[I 2025-08-09 21:43:45,297] Trial 38 finished with values: [0.941397360432981, 0.46120218579234973] and parameters: {'psi': 0.49433293214026575, 'lda_t': 3.407079917119944}.
[I 2025-08-09 21:43:53,250] Trial 39 finished with values: [0.8996478950957398, 0.2603978300180832] and parameters: {'psi': 0.4779328799835936, 'lda_t': 6.765650567830548e-08}.
[I 2025-08-09 21:44:01,225] Trial 40 finished with values: [0.899243282300775, 0.26473254759746145] and parameters: {'psi': 0.6118995940960129, 'lda_t': 1.5592771329630717e-05}.
[I 2025-08-09 21:44:09,277] Trial 41 finished with values: [0.8971758421882314, 0.26071103008204194] and parameters: {'psi': 0.804264563692463, 'lda_t': 4.0135424733205156e-06}.
[I 2025-08-09 21:44:17,251] Trial 42 finished with values: [0.9007139679121027, 0.26714801444043323] and parameters: {'psi': 0.5115648577470231, 'lda_t': 0.0005708896019687342}.
[I 2025-08-09 21:44:25,212] Trial 43 finished with values: [0.9436614727998672, 0.49479768786127165] and parameters: {'psi': 0.8681382554937496, 'lda_t': 1.2205552952797107}.
[I 2025-08-09 21:44:33,188] Trial 44 finished with values: [0.8642382928894791, 0.2776255707762557] and parameters: {'psi': 0.009986065933046961, 'lda_t': 1.1771643511725955e-08}.
[I 2025-08-09 21:44:41,145] Trial 45 finished with values: [0.8968334953875534, 0.27598896044158233] and parameters: {'psi': 0.9558752994702562, 'lda_t': 3.583730389683095e-05}.
[I 2025-08-09 21:44:49,100] Trial 46 finished with values: [0.8958438610492516, 0.2662993572084481] and parameters: {'psi': 0.8866985072272401, 'lda_t': 2.3615727697097916e-07}.
[I 2025-08-09 21:44:57,055] Trial 47 finished with values: [0.896348959077534, 0.27239488117001825] and parameters: {'psi': 0.9804732725735605, 'lda_t': 7.470664705611674e-08}.
[I 2025-08-09 21:45:05,021] Trial 48 finished with values: [0.8967189538383615, 0.26235399820305483] and parameters: {'psi': 0.08671143903625333, 'lda_t': 5.409965149863706e-06}.
[I 2025-08-09 21:45:12,982] Trial 49 finished with values: [0.8984496232094171, 0.2664233576642336] and parameters: {'psi': 0.756594846681345, 'lda_t': 0.0003183039942163954}.
[I 2025-08-09 21:45:20,932] Trial 50 finished with values: [0.9008227010663052, 0.2643884892086331] and parameters: {'psi': 0.33694558899953564, 'lda_t': 0.0004283511501855824}.
[I 2025-08-09 21:45:28,900] Trial 51 finished with values: [0.9283490334249898, 0.352112676056338] and parameters: {'psi': 0.756594846681345, 'lda_t': 0.048305179732453456}.
[I 2025-08-09 21:45:36,848] Trial 52 finished with values: [0.8978001284816973, 0.27624309392265195] and parameters: {'psi': 0.960617161699102, 'lda_t': 0.0010087071849013522}.
[I 2025-08-09 21:45:44,821] Trial 53 finished with values: [0.941397360432981, 0.46120218579234973] and parameters: {'psi': 0.49433293214026575, 'lda_t': 3.407079917119944}.
[I 2025-08-09 21:45:52,769] Trial 54 finished with values: [0.8990974915865398, 0.26497277676951] and parameters: {'psi': 0.6457681832781107, 'lda_t': 5.550728048528213e-05}.
[I 2025-08-09 21:46:00,737] Trial 55 finished with values: [0.8984600783203981, 0.2656960873521383] and parameters: {'psi': 0.7162180967335041, 'lda_t': 1.7836565344303212e-07}.
[I 2025-08-09 21:46:08,696] Trial 56 finished with values: [0.8990374327823489, 0.25829596412556055] and parameters: {'psi': 0.17656323700290866, 'lda_t': 2.720339808642199e-05}.
[I 2025-08-09 21:46:16,665] Trial 57 finished with values: [0.9001698374694914, 0.29174311926605506] and parameters: {'psi': 0.0660948978605852, 'lda_t': 0.13092553725334996}.
[I 2025-08-09 21:46:24,619] Trial 58 finished with values: [0.8961680856575626, 0.2757352941176471] and parameters: {'psi': 0.9363544201971435, 'lda_t': 2.096381206987062e-08}.
[I 2025-08-09 21:46:32,580] Trial 59 finished with values: [0.9418889829848877, 0.45951859956236324] and parameters: {'psi': 0.4489595426242621, 'lda_t': 0.3105328637957405}.
[I 2025-08-09 21:46:40,537] Trial 60 finished with values: [0.9364740486720268, 0.4575892857142857] and parameters: {'psi': 0.8809657668712932, 'lda_t': 0.12363285783981842}.
[I 2025-08-09 21:46:48,492] Trial 61 finished with values: [0.9218447927158082, 0.30927835051546393] and parameters: {'psi': 0.48286787226484384, 'lda_t': 0.017325573450740754}.
[I 2025-08-09 21:46:56,456] Trial 62 finished with values: [0.899250368542662, 0.26473254759746145] and parameters: {'psi': 0.6041890722451434, 'lda_t': 4.1516678110760944e-08}.
[I 2025-08-09 21:47:04,409] Trial 63 finished with values: [0.8997399000723726, 0.25742574257425743] and parameters: {'psi': 0.37450512203094977, 'lda_t': 2.720339808642199e-05}.
[I 2025-08-09 21:47:12,352] Trial 64 finished with values: [0.9022964070430274, 0.26690712353471596] and parameters: {'psi': 0.30140811199312156, 'lda_t': 0.0009554687763113302}.
[I 2025-08-09 21:47:20,306] Trial 65 finished with values: [0.943969666238007, 0.4796380090497738] and parameters: {'psi': 0.8121222461481811, 'lda_t': 0.5927826148686524}.
[I 2025-08-09 21:47:28,243] Trial 66 finished with values: [0.9318284943594677, 0.4016649323621228] and parameters: {'psi': 0.2679836184998099, 'lda_t': 0.3105328637957405}.
[I 2025-08-09 21:47:36,208] Trial 67 finished with values: [0.8996281465527757, 0.2603978300180832] and parameters: {'psi': 0.49433293214026575, 'lda_t': 1.5142587643786147e-08}.
[I 2025-08-09 21:47:44,181] Trial 68 finished with values: [0.8977155582506509, 0.25829596412556055] and parameters: {'psi': 0.11359406040332132, 'lda_t': 1.676862256665614e-08}.
[I 2025-08-09 21:47:52,138] Trial 69 finished with values: [0.9344037043619884, 0.41702127659574467] and parameters: {'psi': 0.8189503066820989, 'lda_t': 0.08063663399462657}.
[I 2025-08-09 21:48:00,080] Trial 70 finished with values: [0.9402556623138555, 0.4418103448275862] and parameters: {'psi': 0.3471403608201161, 'lda_t': 1.2205552952797107}.
[I 2025-08-09 21:48:08,036] Trial 71 finished with values: [0.8976133304988365, 0.2625341841385597] and parameters: {'psi': 0.7816092220806737, 'lda_t': 1.1943339164827197e-05}.
[I 2025-08-09 21:48:16,101] Trial 72 finished with values: [0.936168991767181, 0.4403470715835141] and parameters: {'psi': 0.39300273700615973, 'lda_t': 0.07240480811620183}.
[I 2025-08-09 21:48:24,052] Trial 73 finished with values: [0.895925178579104, 0.27339449541284405] and parameters: {'psi': 0.9233522766406481, 'lda_t': 3.032712592053662e-06}.
[I 2025-08-09 21:48:32,030] Trial 74 finished with values: [0.8969681339834088, 0.26094890510948904] and parameters: {'psi': 0.8153902346346483, 'lda_t': 2.9682691500474628e-06}.
[I 2025-08-09 21:48:39,976] Trial 75 finished with values: [0.8975957891459684, 0.2764976958525346] and parameters: {'psi': 0.9558752994702562, 'lda_t': 0.0008937020367762125}.
[I 2025-08-09 21:48:47,936] Trial 76 finished with values: [0.8977427415392015, 0.2645985401459854] and parameters: {'psi': 0.773547394943063, 'lda_t': 4.1516678110760944e-08}.
[I 2025-08-09 21:48:55,885] Trial 77 finished with values: [0.8967062915372845, 0.27389705882352944] and parameters: {'psi': 0.9527454287063425, 'lda_t': 1.2056960842717656e-07}.
[I 2025-08-09 21:49:03,846] Trial 78 finished with values: [0.9436614727998672, 0.49479768786127165] and parameters: {'psi': 0.8681382554937496, 'lda_t': 1.2205552952797107}.
[I 2025-08-09 21:49:11,800] Trial 79 finished with values: [0.898776055007824, 0.2652134423251589] and parameters: {'psi': 0.6793389091263434, 'lda_t': 2.3180770074272045e-08}.
[I 2025-08-09 21:49:19,749] Trial 80 finished with values: [0.8997548857314454, 0.25696316262353996] and parameters: {'psi': 0.293775106454103, 'lda_t': 6.726751780001698e-05}.
[I 2025-08-09 21:49:27,709] Trial 81 finished with values: [0.9117955723766675, 0.3197729422894986] and parameters: {'psi': 0.1341296800984788, 'lda_t': 0.11220880806230575}.
[I 2025-08-09 21:49:35,653] Trial 82 finished with values: [0.8968334953875534, 0.27598896044158233] and parameters: {'psi': 0.9558752994702562, 'lda_t': 3.583730389683095e-05}.
[I 2025-08-09 21:49:43,613] Trial 83 finished with values: [0.9083165761137888, 0.3041044776119403] and parameters: {'psi': 0.10581645987756105, 'lda_t': 1.2205552952797107}.
[I 2025-08-09 21:49:51,578] Trial 84 finished with values: [0.9015568821929711, 0.26811594202898553] and parameters: {'psi': 0.49173167995291833, 'lda_t': 0.0010087071849013522}.
[I 2025-08-09 21:49:59,538] Trial 85 finished with values: [0.941146902441036, 0.4851258581235698] and parameters: {'psi': 0.8496280833402509, 'lda_t': 0.1674593317214423}.
[I 2025-08-09 21:50:07,497] Trial 86 finished with values: [0.9028012727355101, 0.26714801444043323] and parameters: {'psi': 0.356233970004988, 'lda_t': 0.0012809392245500199}.
[I 2025-08-09 21:50:15,462] Trial 87 finished with values: [0.8944149958818479, 0.2870201096892139] and parameters: {'psi': 0.04699232053676283, 'lda_t': 1.6866991131733822}.
[I 2025-08-09 21:50:23,422] Trial 88 finished with values: [0.8990159417208881, 0.25673249551166966] and parameters: {'psi': 0.19356781268844048, 'lda_t': 1.877941772704598e-06}.
[I 2025-08-09 21:50:31,369] Trial 89 finished with values: [0.9042814841146206, 0.26846846846846845] and parameters: {'psi': 0.21644758728567504, 'lda_t': 0.0013648228763913858}.
[I 2025-08-09 21:50:39,297] Trial 90 finished with values: [0.896348959077534, 0.27239488117001825] and parameters: {'psi': 0.9804732725735605, 'lda_t': 7.470664705611674e-08}.
[I 2025-08-09 21:50:47,251] Trial 91 finished with values: [0.8957871711141547, 0.26605504587155965] and parameters: {'psi': 0.8947858814197083, 'lda_t': 7.470664705611674e-08}.
[I 2025-08-09 21:50:55,207] Trial 92 finished with values: [0.9353519829279655, 0.4344978165938865] and parameters: {'psi': 0.855678357702793, 'lda_t': 0.09685333950986874}.
[I 2025-08-09 21:51:03,148] Trial 93 finished with values: [0.9323581038146053, 0.40250260688216893] and parameters: {'psi': 0.2709501473826499, 'lda_t': 3.1630492815650655}.
[I 2025-08-09 21:51:11,090] Trial 94 finished with values: [0.9114563621092838, 0.28153564899451555] and parameters: {'psi': 0.2982693368635664, 'lda_t': 0.004736324969383226}.
[I 2025-08-09 21:51:19,043] Trial 95 finished with values: [0.899243282300775, 0.26473254759746145] and parameters: {'psi': 0.6118995940960129, 'lda_t': 1.5592771329630717e-05}.
[I 2025-08-09 21:51:26,991] Trial 96 finished with values: [0.904625224930096, 0.27486437613019893] and parameters: {'psi': 0.13156746651993112, 'lda_t': 0.0012809392245500199}.
[I 2025-08-09 21:51:34,931] Trial 97 finished with values: [0.9220198577407899, 0.3125] and parameters: {'psi': 0.3726032134037448, 'lda_t': 0.017325573450740754}.
[I 2025-08-09 21:51:42,881] Trial 98 finished with values: [0.8642382928894791, 0.2776255707762557] and parameters: {'psi': 0.009986065933046961, 'lda_t': 1.1771643511725955e-08}.
[I 2025-08-09 21:51:50,850] Trial 99 finished with values: [0.9368208098528964, 0.42320085929108486] and parameters: {'psi': 0.6793389091263434, 'lda_t': 0.08063663399462657}.
[I 2025-08-09 21:51:58,791] Trial 100 finished with values: [0.8959667666872284, 0.26666666666666666] and parameters: {'psi': 0.9856689186553302, 'lda_t': 2.0611585331873152e-07}.
[I 2025-08-09 21:52:06,746] Trial 101 finished with values: [0.941397360432981, 0.46120218579234973] and parameters: {'psi': 0.49433293214026575, 'lda_t': 3.407079917119944}.
[I 2025-08-09 21:52:14,684] Trial 102 finished with values: [0.9412547062520402, 0.44253490870032225] and parameters: {'psi': 0.3726032134037448, 'lda_t': 0.3105328637957405}.
[I 2025-08-09 21:52:22,772] Trial 103 finished with values: [0.9043999753724052, 0.27051397655545534] and parameters: {'psi': 0.20626246744749654, 'lda_t': 0.0013648228763913858}.
[I 2025-08-09 21:52:30,768] Trial 104 finished with values: [0.9040375315250637, 0.2782931354359926] and parameters: {'psi': 0.8638388676727885, 'lda_t': 0.00852774792739567}.
[I 2025-08-09 21:52:38,719] Trial 105 finished with values: [0.9132686975138907, 0.30121608980355474] and parameters: {'psi': 0.8121222461481811, 'lda_t': 0.017325573450740754}.
[I 2025-08-09 21:52:46,690] Trial 106 finished with values: [0.940975787124647, 0.44086021505376344] and parameters: {'psi': 0.37255630380128946, 'lda_t': 0.12363285783981842}.
[I 2025-08-09 21:52:54,667] Trial 107 finished with values: [0.899415443128262, 0.25696316262353996] and parameters: {'psi': 0.26798238598406665, 'lda_t': 2.2379846331150766e-08}.
[I 2025-08-09 21:53:02,651] Trial 108 finished with values: [0.8996512639648337, 0.25742574257425743] and parameters: {'psi': 0.3471403608201161, 'lda_t': 9.724866055509453e-06}.
[I 2025-08-09 21:53:10,633] Trial 109 finished with values: [0.9220198577407899, 0.3125] and parameters: {'psi': 0.3726032134037448, 'lda_t': 0.017325573450740754}.
[I 2025-08-09 21:53:18,608] Trial 110 finished with values: [0.9438460635926316, 0.5023474178403756] and parameters: {'psi': 0.9363544201971435, 'lda_t': 0.7296897177208891}.
[I 2025-08-09 21:53:26,564] Trial 111 finished with values: [0.9016424979351156, 0.2648648648648649] and parameters: {'psi': 0.3447876909500339, 'lda_t': 0.0007701115708773946}.
[I 2025-08-09 21:53:34,532] Trial 112 finished with values: [0.9418889829848877, 0.45951859956236324] and parameters: {'psi': 0.4489595426242621, 'lda_t': 0.3105328637957405}.
[I 2025-08-09 21:53:42,489] Trial 113 finished with values: [0.937148054826602, 0.46674182638105977] and parameters: {'psi': 0.855678357702793, 'lda_t': 0.12363285783981842}.
[I 2025-08-09 21:53:50,458] Trial 114 finished with values: [0.896259742130496, 0.26349496797804206] and parameters: {'psi': 0.855678357702793, 'lda_t': 1.3812673843175864e-05}.
[I 2025-08-09 21:53:58,431] Trial 115 finished with values: [0.9344037043619884, 0.41702127659574467] and parameters: {'psi': 0.8189503066820989, 'lda_t': 0.08063663399462657}.
[I 2025-08-09 21:54:06,412] Trial 116 finished with values: [0.9438439725704355, 0.4936562860438293] and parameters: {'psi': 0.8461771508221534, 'lda_t': 0.3105328637957405}.
[I 2025-08-09 21:54:14,435] Trial 117 finished with values: [0.9001698374694914, 0.29174311926605506] and parameters: {'psi': 0.0660948978605852, 'lda_t': 0.7296897177208891}.
[I 2025-08-09 21:54:22,444] Trial 118 finished with values: [0.9200364070197937, 0.3032558139534884] and parameters: {'psi': 0.47738710954025587, 'lda_t': 0.014454909050946537}.
[I 2025-08-09 21:54:30,422] Trial 119 finished with values: [0.9227255777320076, 0.37449392712550605] and parameters: {'psi': 0.22286899324435983, 'lda_t': 2.750631171402017}.
[I 2025-08-09 21:54:38,416] Trial 120 finished with values: [0.9299988499377921, 0.3975026014568158] and parameters: {'psi': 0.8809657668712932, 'lda_t': 0.07192604583717377}.
[I 2025-08-09 21:54:46,409] Trial 121 finished with values: [0.9404387429239229, 0.4578313253012048] and parameters: {'psi': 0.49433293214026575, 'lda_t': 0.12279481773982276}.
[I 2025-08-09 21:54:54,365] Trial 122 finished with values: [0.9054461834779043, 0.27149321266968324] and parameters: {'psi': 0.4413508442936247, 'lda_t': 0.0029010178687371817}.
[I 2025-08-09 21:55:02,322] Trial 123 finished with values: [0.9429644654011335, 0.46187845303867403] and parameters: {'psi': 0.662664085421812, 'lda_t': 0.18129847967160265}.
