[I 2025-08-09 22:02:26,848] Trial 496 finished with values: [0.905496175070351, 0.27052238805970147] and parameters: {'psi': 0.21352345279816198, 'lda_t': 5.4564123980084096e-08}.
[I 2025-08-09 22:02:33,035] Trial 497 finished with values: [0.9349126148576699, 0.40549102428722283] and parameters: {'psi': 0.31274260219793915, 'lda_t': 5.320026795769765}.
[I 2025-08-09 22:02:39,196] Trial 498 finished with values: [0.9519848283584547, 0.5373831775700935] and parameters: {'psi': 0.922702920637051, 'lda_t': 0.4809985349217301}.
[I 2025-08-09 22:02:45,354] Trial 499 finished with values: [0.8861823844653515, 0.2681992337164751] and parameters: {'psi': 0.905550734364958, 'lda_t': 2.3295730774589146e-06}.
