[I 2025-08-09 21:29:15,396] Trial 0 finished with values: [0.788934272911927, 0.11851851851851852] and parameters: {'psi': 0.3441087684795341, 'lda_t': 2.1439980689376725e-07}.
[I 2025-08-09 21:29:21,363] Trial 1 finished with values: [0.78693103140816, 0.13525698827772767] and parameters: {'psi': 0.9297341815854561, 'lda_t': 0.036978260482347626}.
[I 2025-08-09 21:29:27,200] Trial 2 finished with values: [0.7761926332808838, 0.12531752751905165] and parameters: {'psi': 0.9072668638302134, 'lda_t': 4.739337174238431e-05}.
[I 2025-08-09 21:29:33,042] Trial 3 finished with values: [0.7774505375637735, 0.12719665271966527] and parameters: {'psi': 0.9689053277165077, 'lda_t': 5.293333766860552e-06}.
[I 2025-08-09 21:29:38,903] Trial 4 finished with values: [0.8380836593555429, 0.16123778501628663] and parameters: {'psi': 0.7252986550772929, 'lda_t': 1.0589776763029735}.
[I 2025-08-09 21:29:44,743] Trial 5 finished with values: [0.8384769072604891, 0.15993404781533388] and parameters: {'psi': 0.8771914183664054, 'lda_t': 5.762244271074246}.
[I 2025-08-09 21:29:50,588] Trial 6 finished with values: [0.8383971981514661, 0.16033057851239668] and parameters: {'psi': 0.8578860855304938, 'lda_t': 1.7799033228688546}.
[I 2025-08-09 21:29:56,435] Trial 7 finished with values: [0.8381337831817692, 0.16123778501628663] and parameters: {'psi': 0.7365958681129423, 'lda_t': 2.2945237441645348}.
[I 2025-08-09 21:30:02,288] Trial 8 finished with values: [0.7840262945517276, 0.12271973466003316] and parameters: {'psi': 0.718034008969241, 'lda_t': 3.5013705900183404e-05}.
[I 2025-08-09 21:30:08,143] Trial 9 finished with values: [0.7870780612984238, 0.12036273701566365] and parameters: {'psi': 0.5485575755563152, 'lda_t': 2.1277556160431555e-08}.
[I 2025-08-09 21:30:14,009] Trial 10 finished with values: [0.7878254360732131, 0.12046204620462046] and parameters: {'psi': 0.4701598353100852, 'lda_t': 0.00034833524106284803}.
[I 2025-08-09 21:30:19,892] Trial 11 finished with values: [0.7875927474165038, 0.12036273701566365] and parameters: {'psi': 0.5008117097420803, 'lda_t': 5.144217267544112e-08}.
[I 2025-08-09 21:30:25,758] Trial 12 finished with values: [0.7819739887497683, 0.12343619683069225] and parameters: {'psi': 0.7757174292230503, 'lda_t': 4.981132339661126e-07}.
[I 2025-08-09 21:30:31,626] Trial 13 finished with values: [0.7772088021676965, 0.12510566356720204] and parameters: {'psi': 0.8873048699966768, 'lda_t': 1.0101907899771861e-06}.
[I 2025-08-09 21:30:37,476] Trial 14 finished with values: [0.7838905119590559, 0.12282157676348547] and parameters: {'psi': 0.7225657883461007, 'lda_t': 2.1857629974762043e-06}.
[I 2025-08-09 21:30:43,338] Trial 15 finished with values: [0.7799376573704763, 0.12583892617449666] and parameters: {'psi': 0.8260493532799053, 'lda_t': 0.00012362573308366212}.
[I 2025-08-09 21:30:49,181] Trial 16 finished with values: [0.8383476448403349, 0.16006600660066006] and parameters: {'psi': 0.8473314079181127, 'lda_t': 0.9557317043586784}.
[I 2025-08-09 21:30:55,030] Trial 17 finished with values: [0.7863362286702744, 0.12191103789126853] and parameters: {'psi': 0.606441362413333, 'lda_t': 2.3688619280674647e-06}.
[I 2025-08-09 21:31:00,897] Trial 18 finished with values: [0.8024573552191617, 0.13432835820895522] and parameters: {'psi': 0.09886334375195382, 'lda_t': 1.2315554300595415}.
[I 2025-08-09 21:31:06,751] Trial 19 finished with values: [0.7846537796543558, 0.11283728536385937] and parameters: {'psi': 0.0804374942322913, 'lda_t': 1.306711409049768e-07}.
[I 2025-08-09 21:31:12,601] Trial 20 finished with values: [0.8099995647784844, 0.1509090909090909] and parameters: {'psi': 0.6413299740705931, 'lda_t': 0.047815577014478056}.
[I 2025-08-09 21:31:18,480] Trial 21 finished with values: [0.7901965783112654, 0.12096106048053024] and parameters: {'psi': 0.24980237990790377, 'lda_t': 0.0028297763694421873}.
[I 2025-08-09 21:31:24,338] Trial 22 finished with values: [0.7892773154884904, 0.11668036154478226] and parameters: {'psi': 0.24224203902232888, 'lda_t': 0.000135847470529394}.
[I 2025-08-09 21:31:30,195] Trial 23 finished with values: [0.8214522478050247, 0.14995640802092414] and parameters: {'psi': 0.24294747405294592, 'lda_t': 0.14611462650106902}.
[I 2025-08-09 21:31:36,057] Trial 24 finished with values: [0.8379684153063006, 0.16422764227642275] and parameters: {'psi': 0.7039301167799765, 'lda_t': 8.460507459312181}.
[I 2025-08-09 21:31:41,928] Trial 25 finished with values: [0.8371032699154186, 0.16748768472906403] and parameters: {'psi': 0.6444386695110601, 'lda_t': 3.3329512624799302}.
[I 2025-08-09 21:31:47,798] Trial 26 finished with values: [0.7889980075982831, 0.1162981162981163] and parameters: {'psi': 0.18445190997307948, 'lda_t': 7.17106767461458e-07}.
[I 2025-08-09 21:31:53,663] Trial 27 finished with values: [0.8235436746420873, 0.15314494074749316] and parameters: {'psi': 0.4460835907302576, 'lda_t': 0.053328234512369774}.
[I 2025-08-09 21:31:59,538] Trial 28 finished with values: [0.7892680242426534, 0.11639344262295082] and parameters: {'psi': 0.22479134246331167, 'lda_t': 2.1534248207962627e-05}.
[I 2025-08-09 21:32:05,406] Trial 29 finished with values: [0.8036792355488934, 0.13598673300165837] and parameters: {'psi': 0.10431677068712353, 'lda_t': 2.900899423118188}.
[I 2025-08-09 21:32:11,277] Trial 30 finished with values: [0.7783550484962282, 0.11382113821138211] and parameters: {'psi': 0.04856210092312174, 'lda_t': 2.2514155055325813e-06}.
[I 2025-08-09 21:32:17,152] Trial 31 finished with values: [0.8042240774648656, 0.12956810631229235] and parameters: {'psi': 0.10925820872798253, 'lda_t': 0.022974980185435857}.
[I 2025-08-09 21:32:23,022] Trial 32 finished with values: [0.7866943491457842, 0.12201154163231658] and parameters: {'psi': 0.5805922121649938, 'lda_t': 1.5262310036818221e-07}.
[I 2025-08-09 21:32:28,879] Trial 33 finished with values: [0.7780428137348087, 0.1248945147679325] and parameters: {'psi': 0.8694158660889554, 'lda_t': 4.600179271779018e-06}.
[I 2025-08-09 21:32:34,733] Trial 34 finished with values: [0.7775817560356829, 0.12510566356720204] and parameters: {'psi': 0.8796701124583294, 'lda_t': 1.2281137742219136e-08}.
[I 2025-08-09 21:32:40,588] Trial 35 finished with values: [0.7975673073333847, 0.13708260105448156] and parameters: {'psi': 0.6278687079864784, 'lda_t': 0.027058643790450455}.
[I 2025-08-09 21:32:46,441] Trial 36 finished with values: [0.7381569623950679, 0.1162227602905569] and parameters: {'psi': 0.014865950476207423, 'lda_t': 0.0005324450704862317}.
[I 2025-08-09 21:32:52,315] Trial 37 finished with values: [0.7892221385285633, 0.11639344262295082] and parameters: {'psi': 0.21574938419243583, 'lda_t': 1.13949822323964e-06}.
[I 2025-08-09 21:32:58,187] Trial 38 finished with values: [0.7821615252117957, 0.1254180602006689] and parameters: {'psi': 0.7711847464272668, 'lda_t': 0.0017948049026342036}.
[I 2025-08-09 21:33:04,043] Trial 39 finished with values: [0.8288103439928917, 0.16057091882247992] and parameters: {'psi': 0.3308376946323951, 'lda_t': 8.105522114561571}.
[I 2025-08-09 21:33:09,895] Trial 40 finished with values: [0.7873523975570869, 0.12036273701566365] and parameters: {'psi': 0.5202847332137579, 'lda_t': 0.00017734620873574494}.
[I 2025-08-09 21:33:15,768] Trial 41 finished with values: [0.7864487016461968, 0.11292962356792144] and parameters: {'psi': 0.10082003317453914, 'lda_t': 1.6238143056323713e-07}.
[I 2025-08-09 21:33:21,629] Trial 42 finished with values: [0.8109035051958439, 0.13218884120171673] and parameters: {'psi': 0.18442389609764298, 'lda_t': 0.02160482435686159}.
[I 2025-08-09 21:33:27,489] Trial 43 finished with values: [0.7892911708550897, 0.11648892534864644] and parameters: {'psi': 0.23882759943830634, 'lda_t': 1.6847714823159726e-06}.
[I 2025-08-09 21:33:33,335] Trial 44 finished with values: [0.779739607130265, 0.12594458438287154] and parameters: {'psi': 0.8308218762552847, 'lda_t': 3.6470209473592163e-06}.
[I 2025-08-09 21:33:39,186] Trial 45 finished with values: [0.7845373130727666, 0.12241521918941274] and parameters: {'psi': 0.7003996567502241, 'lda_t': 2.9969211812905334e-08}.
[I 2025-08-09 21:33:45,149] Trial 46 finished with values: [0.8356045267601735, 0.16791354945968412] and parameters: {'psi': 0.5848484740328913, 'lda_t': 0.6540274810639265}.
[I 2025-08-09 21:33:51,008] Trial 47 finished with values: [0.827106867420605, 0.16] and parameters: {'psi': 0.3111462059948067, 'lda_t': 0.2215866167305941}.
[I 2025-08-09 21:33:56,880] Trial 48 finished with values: [0.7775668411410498, 0.12510566356720204] and parameters: {'psi': 0.8799516095343022, 'lda_t': 3.2281633982321364e-08}.
[I 2025-08-09 21:34:02,756] Trial 49 finished with values: [0.8040175510003819, 0.13413585554600171] and parameters: {'psi': 0.18200366824794867, 'lda_t': 0.014184803371816535}.
[I 2025-08-09 21:34:08,631] Trial 50 finished with values: [0.7863368806875262, 0.12191103789126853] and parameters: {'psi': 0.606441362413333, 'lda_t': 3.6831815622675756e-06}.
[I 2025-08-09 21:34:14,492] Trial 51 finished with values: [0.7892991580664234, 0.11668036154478226] and parameters: {'psi': 0.23882759943830634, 'lda_t': 2.137259697897137e-05}.
[I 2025-08-09 21:34:20,366] Trial 52 finished with values: [0.7862880608958033, 0.11456628477905073] and parameters: {'psi': 0.09886334375195382, 'lda_t': 1.7500351667108704e-05}.
[I 2025-08-09 21:34:26,234] Trial 53 finished with values: [0.779739607130265, 0.12594458438287154] and parameters: {'psi': 0.8308218762552847, 'lda_t': 3.6470209473592163e-06}.
[I 2025-08-09 21:34:32,108] Trial 54 finished with values: [0.7887585542625872, 0.12106135986733002] and parameters: {'psi': 0.39622289980948266, 'lda_t': 0.00245776855777512}.
[I 2025-08-09 21:34:37,979] Trial 55 finished with values: [0.8273822632073021, 0.16] and parameters: {'psi': 0.3111462059948067, 'lda_t': 0.3843547835907842}.
[I 2025-08-09 21:34:43,845] Trial 56 finished with values: [0.7876255927855595, 0.12036273701566365] and parameters: {'psi': 0.4936335443343075, 'lda_t': 0.0002488191669014057}.
[I 2025-08-09 21:34:49,728] Trial 57 finished with values: [0.7872624191763489, 0.12036273701566365] and parameters: {'psi': 0.5314893159260673, 'lda_t': 5.293333766860552e-06}.
[I 2025-08-09 21:34:55,609] Trial 58 finished with values: [0.7846537796543558, 0.11283728536385937] and parameters: {'psi': 0.0804374942322913, 'lda_t': 1.306711409049768e-07}.
[I 2025-08-09 21:35:01,489] Trial 59 finished with values: [0.7865163484360632, 0.12241521918941274] and parameters: {'psi': 0.5848484740328913, 'lda_t': 0.0007333946916516476}.
[I 2025-08-09 21:35:07,371] Trial 60 finished with values: [0.7805732926887512, 0.13043478260869565] and parameters: {'psi': 0.8796701124583294, 'lda_t': 0.011470812779453075}.
[I 2025-08-09 21:35:13,237] Trial 61 finished with values: [0.8383462593036749, 0.15967078189300413] and parameters: {'psi': 0.8238612647336171, 'lda_t': 8.105522114561571}.
[I 2025-08-09 21:35:19,089] Trial 62 finished with values: [0.7783550484962282, 0.11382113821138211] and parameters: {'psi': 0.04856210092312174, 'lda_t': 2.2514155055325813e-06}.
[I 2025-08-09 21:35:24,952] Trial 63 finished with values: [0.772456248419877, 0.11497975708502024] and parameters: {'psi': 0.03582548680060693, 'lda_t': 2.902243614191715e-08}.
[I 2025-08-09 21:35:30,835] Trial 64 finished with values: [0.8214522478050247, 0.14995640802092414] and parameters: {'psi': 0.24294747405294592, 'lda_t': 0.14611462650106902}.
[I 2025-08-09 21:35:36,709] Trial 65 finished with values: [0.7985248761696986, 0.1343669250645995] and parameters: {'psi': 0.3814095286794258, 'lda_t': 0.01530104454849658}.
[I 2025-08-09 21:35:42,576] Trial 66 finished with values: [0.778347142787051, 0.1248945147679325] and parameters: {'psi': 0.8625816900606433, 'lda_t': 4.4038659804003923e-07}.
[I 2025-08-09 21:35:48,458] Trial 67 finished with values: [0.7898142516952857, 0.12106135986733002] and parameters: {'psi': 0.18442389609764298, 'lda_t': 0.0023135821437136133}.
[I 2025-08-09 21:35:54,313] Trial 68 finished with values: [0.8361020974253958, 0.1672185430463576] and parameters: {'psi': 0.6054269012365726, 'lda_t': 0.9557317043586784}.
[I 2025-08-09 21:36:00,184] Trial 69 finished with values: [0.7837606790238063, 0.12312811980033278] and parameters: {'psi': 0.7252986550772929, 'lda_t': 0.00028018599591855017}.
[I 2025-08-09 21:36:06,043] Trial 70 finished with values: [0.8383563655710766, 0.16019818331957061] and parameters: {'psi': 0.8532199076100537, 'lda_t': 0.9557317043586784}.
[I 2025-08-09 21:36:11,895] Trial 71 finished with values: [0.7307424667149267, 0.11529223378702963] and parameters: {'psi': 0.011654464153794009, 'lda_t': 1.13949822323964e-06}.
[I 2025-08-09 21:36:17,772] Trial 72 finished with values: [0.8193141202323073, 0.14667817083692838] and parameters: {'psi': 0.21574938419243583, 'lda_t': 0.9557317043586784}.
[I 2025-08-09 21:36:23,653] Trial 73 finished with values: [0.7879902334335864, 0.1188118811881188] and parameters: {'psi': 0.45873564683291446, 'lda_t': 1.1900148634410196e-06}.
[I 2025-08-09 21:36:29,535] Trial 74 finished with values: [0.798942656223741, 0.1369622475856014] and parameters: {'psi': 0.5693456202698195, 'lda_t': 0.025555966809062147}.
[I 2025-08-09 21:36:35,403] Trial 75 finished with values: [0.8363078088683149, 0.1687344913151365] and parameters: {'psi': 0.6133564260807276, 'lda_t': 1.7799033228688546}.
[I 2025-08-09 21:36:41,265] Trial 76 finished with values: [0.8287443272461544, 0.16042780748663102] and parameters: {'psi': 0.3299180112787713, 'lda_t': 5.762244271074246}.
[I 2025-08-09 21:36:47,133] Trial 77 finished with values: [0.8356045267601735, 0.16791354945968412] and parameters: {'psi': 0.5848484740328913, 'lda_t': 0.6540274810639265}.
[I 2025-08-09 21:36:52,999] Trial 78 finished with values: [0.7821615252117957, 0.1254180602006689] and parameters: {'psi': 0.7711847464272668, 'lda_t': 0.0017948049026342036}.
[I 2025-08-09 21:36:58,977] Trial 79 finished with values: [0.7866717730484432, 0.11283728536385937] and parameters: {'psi': 0.10431677068712353, 'lda_t': 8.926840061825486e-07}.
[I 2025-08-09 21:37:04,847] Trial 80 finished with values: [0.7892967945038858, 0.11668036154478226] and parameters: {'psi': 0.24980237990790377, 'lda_t': 1.306711409049768e-07}.
[I 2025-08-09 21:37:10,718] Trial 81 finished with values: [0.8196089135322432, 0.1480836236933798] and parameters: {'psi': 0.23995751626247308, 'lda_t': 0.06008117064038608}.
[I 2025-08-09 21:37:16,580] Trial 82 finished with values: [0.7882001014864853, 0.11871393239901072] and parameters: {'psi': 0.43477293081181545, 'lda_t': 8.975464703095569e-05}.
[I 2025-08-09 21:37:22,457] Trial 83 finished with values: [0.7892221385285633, 0.11639344262295082] and parameters: {'psi': 0.21574938419243583, 'lda_t': 1.13949822323964e-06}.
[I 2025-08-09 21:37:28,338] Trial 84 finished with values: [0.7832105394676638, 0.11735941320293398] and parameters: {'psi': 0.0490979027680295, 'lda_t': 1.1218421021809464}.
[I 2025-08-09 21:37:34,212] Trial 85 finished with values: [0.8383971981514661, 0.16033057851239668] and parameters: {'psi': 0.8578860855304938, 'lda_t': 1.7799033228688546}.
[I 2025-08-09 21:37:40,073] Trial 86 finished with values: [0.7869662403397533, 0.13108945969884853] and parameters: {'psi': 0.8473314079181127, 'lda_t': 0.025303287962852243}.
[I 2025-08-09 21:37:45,926] Trial 87 finished with values: [0.8189143521548436, 0.1476976542137272] and parameters: {'psi': 0.23882759943830634, 'lda_t': 0.04931556748552004}.
[I 2025-08-09 21:37:51,797] Trial 88 finished with values: [0.8135370028755591, 0.14563928873835733] and parameters: {'psi': 0.16235818791323686, 'lda_t': 0.3941280537888504}.
[I 2025-08-09 21:37:57,671] Trial 89 finished with values: [0.7838909194698382, 0.12282157676348547] and parameters: {'psi': 0.7225657883461007, 'lda_t': 1.8742557188964877e-08}.
[I 2025-08-09 21:38:03,542] Trial 90 finished with values: [0.7880890140472228, 0.1162981162981163] and parameters: {'psi': 0.13679995758121888, 'lda_t': 2.256503150381446e-07}.
[I 2025-08-09 21:38:09,396] Trial 91 finished with values: [0.7819739887497683, 0.12343619683069225] and parameters: {'psi': 0.7757174292230503, 'lda_t': 4.981132339661126e-07}.
[I 2025-08-09 21:38:15,238] Trial 92 finished with values: [0.760025702520063, 0.1151662611516626] and parameters: {'psi': 0.023224193057786446, 'lda_t': 4.600179271779018e-06}.
[I 2025-08-09 21:38:21,107] Trial 93 finished with values: [0.7866925560983418, 0.12201154163231658] and parameters: {'psi': 0.5805922121649938, 'lda_t': 2.1857629974762043e-06}.
[I 2025-08-09 21:38:26,969] Trial 94 finished with values: [0.7775817560356829, 0.12510566356720204] and parameters: {'psi': 0.8796701124583294, 'lda_t': 3.2281633982321364e-08}.
[I 2025-08-09 21:38:32,836] Trial 95 finished with values: [0.8380836593555429, 0.16123778501628663] and parameters: {'psi': 0.7252986550772929, 'lda_t': 1.0589776763029735}.
[I 2025-08-09 21:38:38,697] Trial 96 finished with values: [0.7841143168807103, 0.12251655629139073] and parameters: {'psi': 0.7153407779276191, 'lda_t': 7.961069784018568e-07}.
[I 2025-08-09 21:38:44,562] Trial 97 finished with values: [0.8215791466626414, 0.14956521739130435] and parameters: {'psi': 0.24163384847659464, 'lda_t': 3.9876776041621116}.
[I 2025-08-09 21:38:50,433] Trial 98 finished with values: [0.779739607130265, 0.12594458438287154] and parameters: {'psi': 0.8308218762552847, 'lda_t': 3.6470209473592163e-06}.
[I 2025-08-09 21:38:56,297] Trial 99 finished with values: [0.7875023615249837, 0.12106135986733002] and parameters: {'psi': 0.49472716992033594, 'lda_t': 0.0017948049026342036}.
[I 2025-08-09 21:39:02,145] Trial 100 finished with values: [0.7852800422246372, 0.12241521918941274] and parameters: {'psi': 0.6692090089924586, 'lda_t': 2.4613932927437966e-08}.
[I 2025-08-09 21:39:07,990] Trial 101 finished with values: [0.6826698867625338, 0.11280487804878049] and parameters: {'psi': 0.0051076290608494945, 'lda_t': 5.762244271074246}.
[I 2025-08-09 21:39:13,870] Trial 102 finished with values: [0.8383998877226292, 0.16033057851239668] and parameters: {'psi': 0.8578860855304938, 'lda_t': 1.2315554300595415}.
[I 2025-08-09 21:39:19,720] Trial 103 finished with values: [0.8383563655710766, 0.16019818331957061] and parameters: {'psi': 0.8532199076100537, 'lda_t': 0.9557317043586784}.
[I 2025-08-09 21:39:25,587] Trial 104 finished with values: [0.8344718097896152, 0.15103734439834024] and parameters: {'psi': 0.511547224378967, 'lda_t': 2.2945237441645348}.
[I 2025-08-09 21:39:31,477] Trial 105 finished with values: [0.8296542173209361, 0.16396242527754057] and parameters: {'psi': 0.7365958681129423, 'lda_t': 0.14611462650106902}.
[I 2025-08-09 21:39:37,324] Trial 106 finished with values: [0.8242533139184329, 0.1586452762923351] and parameters: {'psi': 0.3111462059948067, 'lda_t': 0.10359727278255376}.
[I 2025-08-09 21:39:43,183] Trial 107 finished with values: [0.8214353768586364, 0.14943527367506515] and parameters: {'psi': 0.23995751626247308, 'lda_t': 5.762244271074246}.
[I 2025-08-09 21:39:49,041] Trial 108 finished with values: [0.8103953392502812, 0.1391614629794826] and parameters: {'psi': 0.3828004444843458, 'lda_t': 0.028939098937468023}.
[I 2025-08-09 21:39:54,926] Trial 109 finished with values: [0.8183486456868161, 0.15328467153284672] and parameters: {'psi': 0.5171414782458351, 'lda_t': 0.04931556748552004}.
[I 2025-08-09 21:40:00,820] Trial 110 finished with values: [0.7857769608726077, 0.13155555555555556] and parameters: {'psi': 0.8771914183664054, 'lda_t': 0.02605373537212056}.
[I 2025-08-09 21:40:06,704] Trial 111 finished with values: [0.8361020974253958, 0.1672185430463576] and parameters: {'psi': 0.6054269012365726, 'lda_t': 0.9557317043586784}.
[I 2025-08-09 21:40:12,593] Trial 112 finished with values: [0.7858694658201962, 0.11639344262295082] and parameters: {'psi': 0.09505426241791948, 'lda_t': 0.00018108780585747715}.
[I 2025-08-09 21:40:18,578] Trial 113 finished with values: [0.824600105594194, 0.15977961432506887] and parameters: {'psi': 0.6029460144647641, 'lda_t': 0.06922867620722195}.
[I 2025-08-09 21:40:24,472] Trial 114 finished with values: [0.7929804474696597, 0.11967213114754098] and parameters: {'psi': 0.0666605509801016, 'lda_t': 0.9557317043586784}.
[I 2025-08-09 21:40:30,331] Trial 115 finished with values: [0.7921194586887574, 0.13811659192825113] and parameters: {'psi': 0.846879256121133, 'lda_t': 0.036978260482347626}.
[I 2025-08-09 21:40:36,186] Trial 116 finished with values: [0.827106867420605, 0.16] and parameters: {'psi': 0.3111462059948067, 'lda_t': 0.2215866167305941}.
[I 2025-08-09 21:40:42,059] Trial 117 finished with values: [0.781691909786241, 0.12353923205342238] and parameters: {'psi': 0.7827708187367022, 'lda_t': 1.2423613885708717e-06}.
[I 2025-08-09 21:40:47,959] Trial 118 finished with values: [0.7870990888547921, 0.12056151940545004] and parameters: {'psi': 0.5396968688942683, 'lda_t': 0.0003134013213901884}.
[I 2025-08-09 21:40:53,820] Trial 119 finished with values: [0.8253418567201869, 0.15724381625441697] and parameters: {'psi': 0.2860930484910351, 'lda_t': 3.9876776041621116}.
[I 2025-08-09 21:40:59,700] Trial 120 finished with values: [0.8383399021354707, 0.16229508196721312] and parameters: {'psi': 0.8051637622396789, 'lda_t': 1.0589776763029735}.
[I 2025-08-09 21:41:05,585] Trial 121 finished with values: [0.7876031796925315, 0.12036273701566365] and parameters: {'psi': 0.49932291505435256, 'lda_t': 1.5952628288824753e-08}.
[I 2025-08-09 21:41:11,466] Trial 122 finished with values: [0.8382544063733383, 0.16123778501628663] and parameters: {'psi': 0.7671712506505249, 'lda_t': 0.9557317043586784}.
[I 2025-08-09 21:41:17,355] Trial 123 finished with values: [0.7880112609899547, 0.1188118811881188] and parameters: {'psi': 0.45673958713557905, 'lda_t': 1.137301996053778e-08}.
