[I 2025-08-09 20:52:56,742] Trial 124 finished with values: [0.529291753830434, 0.06008836524300442] and parameters: {'psi': 0.10188370919450351, 'lda_t': 2.9449985417057464e-06}.
[I 2025-08-09 20:53:02,510] Trial 125 finished with values: [0.5168960845613059, 0.05864928909952607] and parameters: {'psi': 0.5582604316707409, 'lda_t': 0.004010343452303691}.
[I 2025-08-09 20:53:08,266] Trial 126 finished with values: [0.5263753964204506, 0.07063084817386055] and parameters: {'psi': 0.3369961949367154, 'lda_t': 0.9378315249856422}.
[I 2025-08-09 20:53:14,021] Trial 127 finished with values: [0.520284816630078, 0.05734767025089606] and parameters: {'psi': 0.8323366527022444, 'lda_t': 1.5840498652002523e-07}.
[I 2025-08-09 20:53:19,775] Trial 128 finished with values: [0.5614910096318589, 0.0604992657856094] and parameters: {'psi': 0.022077291616979466, 'lda_t': 1.5709489837161503}.
[I 2025-08-09 20:53:25,528] Trial 129 finished with values: [0.5223356246563231, 0.07376058041112454] and parameters: {'psi': 0.41662340467887315, 'lda_t': 0.24242362043502083}.
[I 2025-08-09 20:53:31,280] Trial 130 finished with values: [0.5200881193146834, 0.05741626794258373] and parameters: {'psi': 0.8046331622768182, 'lda_t': 0.00022652064334709873}.
[I 2025-08-09 20:53:37,055] Trial 131 finished with values: [0.5517265475623937, 0.061619718309859156] and parameters: {'psi': 0.022077291616979466, 'lda_t': 2.3694568150846695e-06}.
[I 2025-08-09 20:53:42,804] Trial 132 finished with values: [0.5222752351296669, 0.05803170804666467] and parameters: {'psi': 0.7254521133620174, 'lda_t': 4.4695530805551846e-07}.
[I 2025-08-09 20:53:48,570] Trial 133 finished with values: [0.5192841773976347, 0.05641330166270784] and parameters: {'psi': 0.4086308090990418, 'lda_t': 0.01648831450461061}.
[I 2025-08-09 20:53:54,332] Trial 134 finished with values: [0.5774864021647125, 0.06323185011709602] and parameters: {'psi': 0.011938476389073527, 'lda_t': 7.499118612910152e-08}.
[I 2025-08-09 20:54:00,086] Trial 135 finished with values: [0.5514774788255628, 0.058286723579629086] and parameters: {'psi': 0.030765415147398056, 'lda_t': 0.27268354399703215}.
[I 2025-08-09 20:54:05,846] Trial 136 finished with values: [0.528333894741664, 0.06853020739404869] and parameters: {'psi': 0.22229051607553907, 'lda_t': 0.9378315249856422}.
[I 2025-08-09 20:54:11,607] Trial 137 finished with values: [0.5426810760926475, 0.06055261610817166] and parameters: {'psi': 0.030765415147398056, 'lda_t': 1.194243609121284e-07}.
[I 2025-08-09 20:54:17,375] Trial 138 finished with values: [0.5140776190815071, 0.07259304829283297] and parameters: {'psi': 0.7257590481277242, 'lda_t': 0.9378315249856422}.
[I 2025-08-09 20:54:23,140] Trial 139 finished with values: [0.5313691535474085, 0.0625] and parameters: {'psi': 0.1266496823487001, 'lda_t': 2.531380449944901}.
[I 2025-08-09 20:54:28,900] Trial 140 finished with values: [0.5345270521481832, 0.06209343583678297] and parameters: {'psi': 0.09318804784129875, 'lda_t': 0.16138709785556624}.
[I 2025-08-09 20:54:34,658] Trial 141 finished with values: [0.5207459422593914, 0.059329575793533075] and parameters: {'psi': 0.967704449919472, 'lda_t': 2.6057306747226372e-05}.
[I 2025-08-09 20:54:40,418] Trial 142 finished with values: [0.5246457354988465, 0.057885410513880686] and parameters: {'psi': 0.34739513831302316, 'lda_t': 0.0001348834806741473}.
[I 2025-08-09 20:54:46,183] Trial 143 finished with values: [0.5090945696773428, 0.07482367371971788] and parameters: {'psi': 0.9699431249242741, 'lda_t': 2.531380449944901}.
[I 2025-08-09 20:54:51,946] Trial 144 finished with values: [0.5256977988660335, 0.05844155844155844] and parameters: {'psi': 0.3190633281038594, 'lda_t': 1.1136632817468092e-07}.
[I 2025-08-09 20:54:57,716] Trial 145 finished with values: [0.5241890756496556, 0.05803968018951732] and parameters: {'psi': 0.5887825088289435, 'lda_t': 8.218553193187718e-07}.
[I 2025-08-09 20:55:03,473] Trial 146 finished with values: [0.5243235226966763, 0.05737947352854185] and parameters: {'psi': 0.5738508340013379, 'lda_t': 1.644729598434073e-06}.
[I 2025-08-09 20:55:09,250] Trial 147 finished with values: [0.5358142794368198, 0.060588235294117644] and parameters: {'psi': 0.04469070521607821, 'lda_t': 3.8358627326638865e-06}.
[I 2025-08-09 20:55:15,017] Trial 148 finished with values: [0.5141164240042381, 0.07169117647058823] and parameters: {'psi': 0.6797253156636344, 'lda_t': 9.893727635838115}.
[I 2025-08-09 20:55:20,791] Trial 149 finished with values: [0.5283618227832634, 0.0672067206720672] and parameters: {'psi': 0.2009651392527091, 'lda_t': 1.605382366117659}.
[I 2025-08-09 20:55:26,652] Trial 150 finished with values: [0.5026845343657089, 0.051175245462659925] and parameters: {'psi': 0.9857484533803659, 'lda_t': 0.17226300824539761}.
[I 2025-08-09 20:55:32,408] Trial 151 finished with values: [0.5231964883540997, 0.05737947352854185] and parameters: {'psi': 0.5422716556232556, 'lda_t': 0.00035585906800525413}.
[I 2025-08-09 20:55:38,180] Trial 152 finished with values: [0.5214778734719653, 0.05906674542232723] and parameters: {'psi': 0.3111206982660766, 'lda_t': 0.0007289541918220428}.
[I 2025-08-09 20:55:43,947] Trial 153 finished with values: [0.513589022138107, 0.07206106870229008] and parameters: {'psi': 0.6797253156636344, 'lda_t': 0.24242362043502083}.
[I 2025-08-09 20:55:49,704] Trial 154 finished with values: [0.5222701942111954, 0.058049072411729505] and parameters: {'psi': 0.7257590481277242, 'lda_t': 4.487040983888551e-08}.
[I 2025-08-09 20:55:55,453] Trial 155 finished with values: [0.5284548937008158, 0.06598680263947211] and parameters: {'psi': 0.19176428138583101, 'lda_t': 5.341969284366461}.
[I 2025-08-09 20:56:01,219] Trial 156 finished with values: [0.520006635743282, 0.07620199576655579] and parameters: {'psi': 0.4575237970463818, 'lda_t': 1.6707764782111085}.
[I 2025-08-09 20:56:06,975] Trial 157 finished with values: [0.5229421249612902, 0.05726215329555622] and parameters: {'psi': 0.6911123858828438, 'lda_t': 4.6138902678126923e-08}.
[I 2025-08-09 20:56:12,734] Trial 158 finished with values: [0.520006635743282, 0.07620199576655579] and parameters: {'psi': 0.4575237970463818, 'lda_t': 1.1203446504284649}.
[I 2025-08-09 20:56:18,501] Trial 159 finished with values: [0.5436813770084148, 0.05785123966942149] and parameters: {'psi': 0.04469070521607821, 'lda_t': 0.02778842314359673}.
[I 2025-08-09 20:56:24,255] Trial 160 finished with values: [0.5279109650650649, 0.06067746686303387] and parameters: {'psi': 0.15431869808269727, 'lda_t': 2.186007076920704e-07}.
[I 2025-08-09 20:56:30,016] Trial 161 finished with values: [0.521134042234202, 0.05936479667557139] and parameters: {'psi': 0.9509128551711822, 'lda_t': 3.6191125618067256e-08}.
[I 2025-08-09 20:56:35,768] Trial 162 finished with values: [0.5249853546939941, 0.07132064067694167] and parameters: {'psi': 0.3652899229266622, 'lda_t': 1.6707764782111085}.
[I 2025-08-09 20:56:41,537] Trial 163 finished with values: [0.5517856007381798, 0.061619718309859156] and parameters: {'psi': 0.022077291616979466, 'lda_t': 6.601407163033377e-08}.
[I 2025-08-09 20:56:47,312] Trial 164 finished with values: [0.5139908239382933, 0.07327586206896551] and parameters: {'psi': 0.7745184628488265, 'lda_t': 0.9378315249856422}.
[I 2025-08-09 20:56:53,080] Trial 165 finished with values: [0.5614910096318589, 0.0604992657856094] and parameters: {'psi': 0.022077291616979466, 'lda_t': 0.015314600858276971}.
[I 2025-08-09 20:56:58,842] Trial 166 finished with values: [0.528333894741664, 0.06853020739404869] and parameters: {'psi': 0.22229051607553907, 'lda_t': 0.9378315249856422}.
[I 2025-08-09 20:57:04,614] Trial 167 finished with values: [0.5614910096318589, 0.0604992657856094] and parameters: {'psi': 0.022077291616979466, 'lda_t': 0.16574803268013272}.
[I 2025-08-09 20:57:10,373] Trial 168 finished with values: [0.5239851552732295, 0.071234530636885] and parameters: {'psi': 0.38421185337199404, 'lda_t': 6.8753959402383495}.
[I 2025-08-09 20:57:16,141] Trial 169 finished with values: [0.5284548937008158, 0.06598680263947211] and parameters: {'psi': 0.19176428138583101, 'lda_t': 1.6707764782111085}.
[I 2025-08-09 20:57:21,912] Trial 170 finished with values: [0.5200570956754992, 0.07620199576655579] and parameters: {'psi': 0.4564884576124264, 'lda_t': 0.5517721833023439}.
[I 2025-08-09 20:57:27,659] Trial 171 finished with values: [0.5257713658272178, 0.05901445854234287] and parameters: {'psi': 0.30997841264892056, 'lda_t': 1.9405665529522007e-07}.
[I 2025-08-09 20:57:33,432] Trial 172 finished with values: [0.5084095799035564, 0.06634499396863691] and parameters: {'psi': 0.7980116526215888, 'lda_t': 0.17973253017756866}.
[I 2025-08-09 20:57:39,204] Trial 173 finished with values: [0.5283618227832634, 0.0672067206720672] and parameters: {'psi': 0.2009651392527091, 'lda_t': 1.605382366117659}.
[I 2025-08-09 20:57:44,968] Trial 174 finished with values: [0.5204109918343718, 0.057313432835820896] and parameters: {'psi': 0.8524843090322932, 'lda_t': 4.3483894005536757e-08}.
[I 2025-08-09 20:57:50,729] Trial 175 finished with values: [0.5239014726434345, 0.058056872037914695] and parameters: {'psi': 0.6159901836189684, 'lda_t': 5.271384076990071e-06}.
[I 2025-08-09 20:57:56,496] Trial 176 finished with values: [0.5426851866402601, 0.06055261610817166] and parameters: {'psi': 0.030765415147398056, 'lda_t': 3.6191125618067256e-08}.
[I 2025-08-09 20:58:02,278] Trial 177 finished with values: [0.5139364226168014, 0.0728051391862955] and parameters: {'psi': 0.6797253156636344, 'lda_t': 0.27268354399703215}.
[I 2025-08-09 20:58:08,038] Trial 178 finished with values: [0.5252167463845069, 0.05786832004723944] and parameters: {'psi': 0.3285549058157945, 'lda_t': 5.9721787789551054e-05}.
[I 2025-08-09 20:58:13,790] Trial 179 finished with values: [0.5614910096318589, 0.0604992657856094] and parameters: {'psi': 0.022077291616979466, 'lda_t': 3.7613874506846705}.
[I 2025-08-09 20:58:19,561] Trial 180 finished with values: [0.5141018933030062, 0.07425590671985272] and parameters: {'psi': 0.7081792145690237, 'lda_t': 3.7613874506846705}.
[I 2025-08-09 20:58:25,327] Trial 181 finished with values: [0.5517383209827165, 0.061619718309859156] and parameters: {'psi': 0.022077291616979466, 'lda_t': 1.644729598434073e-06}.
[I 2025-08-09 20:58:31,085] Trial 182 finished with values: [0.523532876624992, 0.058841010401188706] and parameters: {'psi': 0.6498695623441688, 'lda_t': 2.053158643812545e-06}.
[I 2025-08-09 20:58:36,954] Trial 183 finished with values: [0.5257616392227844, 0.05901445854234287] and parameters: {'psi': 0.3111206982660766, 'lda_t': 1.5502907624562634e-07}.
[I 2025-08-09 20:58:42,721] Trial 184 finished with values: [0.5265928156322468, 0.07060953530476766] and parameters: {'psi': 0.3325430966000762, 'lda_t': 3.366345046582663}.
[I 2025-08-09 20:58:48,484] Trial 185 finished with values: [0.5202628767936429, 0.05936479667557139] and parameters: {'psi': 0.9699431249242741, 'lda_t': 0.0003156411031235998}.
[I 2025-08-09 20:58:54,243] Trial 186 finished with values: [0.5195573681134604, 0.058823529411764705] and parameters: {'psi': 0.4589896576379082, 'lda_t': 0.011572380527540428}.
[I 2025-08-09 20:59:00,011] Trial 187 finished with values: [0.54303363590065, 0.05785123966942149] and parameters: {'psi': 0.04646411723983823, 'lda_t': 3.9068364788049537}.
[I 2025-08-09 20:59:05,769] Trial 188 finished with values: [0.5220475141750881, 0.0594883997620464] and parameters: {'psi': 0.9158741480475106, 'lda_t': 5.4008879495504555e-08}.
[I 2025-08-09 20:59:11,530] Trial 189 finished with values: [0.5270048345960467, 0.05949926362297496] and parameters: {'psi': 0.10494535125961635, 'lda_t': 0.00014121182135101227}.
[I 2025-08-09 20:59:17,293] Trial 190 finished with values: [0.520006635743282, 0.07620199576655579] and parameters: {'psi': 0.4575237970463818, 'lda_t': 0.7963854765338101}.
[I 2025-08-09 20:59:23,050] Trial 191 finished with values: [0.5230669130672126, 0.05831597738768224] and parameters: {'psi': 0.6729568750882732, 'lda_t': 5.755120802628131e-05}.
[I 2025-08-09 20:59:28,807] Trial 192 finished with values: [0.517791439644195, 0.05918910920390648] and parameters: {'psi': 0.34739513831302316, 'lda_t': 0.0037347617139778144}.
[I 2025-08-09 20:59:34,572] Trial 193 finished with values: [0.5283344698800131, 0.06853020739404869] and parameters: {'psi': 0.2228772032529116, 'lda_t': 1.5709489837161503}.
[I 2025-08-09 20:59:40,334] Trial 194 finished with values: [0.5245898286681465, 0.05737947352854185] and parameters: {'psi': 0.5399665024069331, 'lda_t': 9.521668286930803e-08}.
[I 2025-08-09 20:59:46,104] Trial 195 finished with values: [0.5167748826121485, 0.06819553409776705] and parameters: {'psi': 0.8976157702145087, 'lda_t': 0.24242362043502083}.
[I 2025-08-09 20:59:51,874] Trial 196 finished with values: [0.5274680408729172, 0.06919374247894103] and parameters: {'psi': 0.30997841264892056, 'lda_t': 3.7613874506846705}.
[I 2025-08-09 20:59:57,646] Trial 197 finished with values: [0.514101994798009, 0.07473200612557428] and parameters: {'psi': 0.6911123858828438, 'lda_t': 0.30596663253707446}.
[I 2025-08-09 21:00:03,403] Trial 198 finished with values: [0.5240219472117387, 0.058056872037914695] and parameters: {'psi': 0.6059093507067285, 'lda_t': 7.499118612910152e-08}.
[I 2025-08-09 21:00:09,169] Trial 199 finished with values: [0.5257468547840456, 0.05901445854234287] and parameters: {'psi': 0.3111206982660766, 'lda_t': 1.9400619078237343e-06}.
[I 2025-08-09 21:00:14,931] Trial 200 finished with values: [0.5145459001085169, 0.0726052471018914] and parameters: {'psi': 0.6084713412172877, 'lda_t': 2.531380449944901}.
[I 2025-08-09 21:00:20,690] Trial 201 finished with values: [0.5212796368156951, 0.06109134045077105] and parameters: {'psi': 0.9939939301181896, 'lda_t': 1.644729598434073e-06}.
[I 2025-08-09 21:00:26,448] Trial 202 finished with values: [0.5261780563033717, 0.05621301775147929] and parameters: {'psi': 0.1657474726910455, 'lda_t': 0.005385397524607519}.
[I 2025-08-09 21:00:32,222] Trial 203 finished with values: [0.5139964230792802, 0.07327586206896551] and parameters: {'psi': 0.7750151300262279, 'lda_t': 1.5709489837161503}.
[I 2025-08-09 21:00:37,983] Trial 204 finished with values: [0.5222350261927309, 0.07255139056831923] and parameters: {'psi': 0.41662340467887315, 'lda_t': 1.6707764782111085}.
[I 2025-08-09 21:00:43,746] Trial 205 finished with values: [0.520006635743282, 0.07620199576655579] and parameters: {'psi': 0.4575237970463818, 'lda_t': 1.679218201455792}.
[I 2025-08-09 21:00:49,508] Trial 206 finished with values: [0.5283771485286837, 0.06794948887552615] and parameters: {'psi': 0.2420015797763092, 'lda_t': 9.285476037218547}.
[I 2025-08-09 21:00:55,275] Trial 207 finished with values: [0.5138328638822945, 0.06911447084233262] and parameters: {'psi': 0.8068070320509845, 'lda_t': 1.6707764782111085}.
[I 2025-08-09 21:01:01,038] Trial 208 finished with values: [0.5140964464045235, 0.059417706476530004] and parameters: {'psi': 0.984709734628217, 'lda_t': 0.013409126745117508}.
[I 2025-08-09 21:01:06,808] Trial 209 finished with values: [0.5201506571522319, 0.0706605222734255] and parameters: {'psi': 0.9098144735681687, 'lda_t': 1.6707764782111085}.
[I 2025-08-09 21:01:12,574] Trial 210 finished with values: [0.5284548937008158, 0.06598680263947211] and parameters: {'psi': 0.19176428138583101, 'lda_t': 1.6707764782111085}.
[I 2025-08-09 21:01:18,341] Trial 211 finished with values: [0.526013905052203, 0.05216360403082395] and parameters: {'psi': 0.19176428138583101, 'lda_t': 0.018885264209264993}.
[I 2025-08-09 21:01:24,094] Trial 212 finished with values: [0.5241618242414081, 0.07069486404833837] and parameters: {'psi': 0.3808768807475301, 'lda_t': 3.9068364788049537}.
[I 2025-08-09 21:01:29,874] Trial 213 finished with values: [0.514101994798009, 0.07473200612557428] and parameters: {'psi': 0.6911123858828438, 'lda_t': 0.30596663253707446}.
[I 2025-08-09 21:01:35,630] Trial 214 finished with values: [0.5225044108459522, 0.05736480430236032] and parameters: {'psi': 0.7127917969574689, 'lda_t': 1.5270986130357352e-05}.
[I 2025-08-09 21:01:41,396] Trial 215 finished with values: [0.5359603138299915, 0.060874704491725766] and parameters: {'psi': 0.08084841633845252, 'lda_t': 1.6707764782111085}.
[I 2025-08-09 21:01:47,156] Trial 216 finished with values: [0.5284548937008158, 0.06598680263947211] and parameters: {'psi': 0.19176428138583101, 'lda_t': 1.6122848476994454}.
[I 2025-08-09 21:01:52,909] Trial 217 finished with values: [0.5261813887226298, 0.058997050147492625] and parameters: {'psi': 0.2682480249511945, 'lda_t': 3.5548580480208635e-07}.
[I 2025-08-09 21:01:58,764] Trial 218 finished with values: [0.5250005112810765, 0.05737947352854185] and parameters: {'psi': 0.4575237970463818, 'lda_t': 1.0835805876027233e-05}.
[I 2025-08-09 21:02:04,523] Trial 219 finished with values: [0.5167640395626845, 0.07591861524445793] and parameters: {'psi': 0.532657597765224, 'lda_t': 0.24242362043502083}.
[I 2025-08-09 21:02:10,282] Trial 220 finished with values: [0.5295319586703553, 0.06008836524300442] and parameters: {'psi': 0.09778777573713648, 'lda_t': 9.648989230441997e-08}.
[I 2025-08-09 21:02:16,046] Trial 221 finished with values: [0.5150134199230056, 0.0724064496501369] and parameters: {'psi': 0.5904218798262488, 'lda_t': 0.30596663253707446}.
[I 2025-08-09 21:02:21,818] Trial 222 finished with values: [0.5274680408729172, 0.06919374247894103] and parameters: {'psi': 0.30997841264892056, 'lda_t': 3.7613874506846705}.
[I 2025-08-09 21:02:27,588] Trial 223 finished with values: [0.5141103512199048, 0.0736196319018405] and parameters: {'psi': 0.6911123858828438, 'lda_t': 0.5517721833023439}.
[I 2025-08-09 21:02:33,354] Trial 224 finished with values: [0.5283344698800131, 0.06853020739404869] and parameters: {'psi': 0.2228772032529116, 'lda_t': 1.5709489837161503}.
[I 2025-08-09 21:02:39,119] Trial 225 finished with values: [0.5207370614466479, 0.05931198102016608] and parameters: {'psi': 0.9699431249242741, 'lda_t': 9.015724618552784e-06}.
[I 2025-08-09 21:02:44,879] Trial 226 finished with values: [0.5282988958815374, 0.06855081178592905] and parameters: {'psi': 0.27047943679796516, 'lda_t': 1.679218201455792}.
[I 2025-08-09 21:02:50,648] Trial 227 finished with values: [0.5192309601845084, 0.0579538734476641] and parameters: {'psi': 0.4434312677292839, 'lda_t': 0.0016730896779161408}.
[I 2025-08-09 21:02:56,413] Trial 228 finished with values: [0.5185442449956748, 0.058579881656804736] and parameters: {'psi': 0.5491816759338767, 'lda_t': 0.0022531646877624934}.
[I 2025-08-09 21:03:02,173] Trial 229 finished with values: [0.5200629147223255, 0.052256532066508314] and parameters: {'psi': 0.34739513831302316, 'lda_t': 0.02369054088228504}.
[I 2025-08-09 21:03:07,930] Trial 230 finished with values: [0.5231820929795382, 0.058368076235854674] and parameters: {'psi': 0.6761004201185433, 'lda_t': 1.781921081746525e-08}.
[I 2025-08-09 21:03:13,701] Trial 231 finished with values: [0.5144827025534502, 0.06851851851851852] and parameters: {'psi': 0.8351971625661633, 'lda_t': 3.7613874506846705}.
[I 2025-08-09 21:03:19,477] Trial 232 finished with values: [0.5150607673418041, 0.06843403205918619] and parameters: {'psi': 0.844059222091938, 'lda_t': 1.6707764782111085}.
[I 2025-08-09 21:03:25,243] Trial 233 finished with values: [0.5141203146460114, 0.074594925099358] and parameters: {'psi': 0.6626284933897116, 'lda_t': 0.9378315249856422}.
[I 2025-08-09 21:03:31,006] Trial 234 finished with values: [0.5345270521481832, 0.06209343583678297] and parameters: {'psi': 0.09318804784129875, 'lda_t': 1.679218201455792}.
[I 2025-08-09 21:03:36,767] Trial 235 finished with values: [0.5141059361872837, 0.0736422215403498] and parameters: {'psi': 0.6911123858828438, 'lda_t': 1.1203446504284649}.
[I 2025-08-09 21:03:42,522] Trial 236 finished with values: [0.5267004510826988, 0.058979652020053085] and parameters: {'psi': 0.2228772032529116, 'lda_t': 4.9999462968394355e-06}.
[I 2025-08-09 21:03:48,282] Trial 237 finished with values: [0.5223356246563231, 0.07376058041112454] and parameters: {'psi': 0.41662340467887315, 'lda_t': 0.24242362043502083}.
[I 2025-08-09 21:03:54,039] Trial 238 finished with values: [0.5253859385541472, 0.05790251107828656] and parameters: {'psi': 0.38184747073814085, 'lda_t': 6.601407163033377e-08}.
[I 2025-08-09 21:03:59,796] Trial 239 finished with values: [0.5186601861205211, 0.05798816568047337] and parameters: {'psi': 0.4575237970463818, 'lda_t': 0.0020180469431819417}.
[I 2025-08-09 21:04:05,556] Trial 240 finished with values: [0.5274680408729172, 0.06919374247894103] and parameters: {'psi': 0.30997841264892056, 'lda_t': 3.7613874506846705}.
[I 2025-08-09 21:04:11,327] Trial 241 finished with values: [0.5169722227292273, 0.07309582309582309] and parameters: {'psi': 0.9278176105646687, 'lda_t': 3.7613874506846705}.
[I 2025-08-09 21:04:17,083] Trial 242 finished with values: [0.5225850655414975, 0.05847607796810396] and parameters: {'psi': 0.34739513831302316, 'lda_t': 0.0004948985958148527}.
[I 2025-08-09 21:04:22,851] Trial 243 finished with values: [0.5255802169053088, 0.05845881310894597] and parameters: {'psi': 0.3325430966000762, 'lda_t': 6.545449326806337e-06}.
[I 2025-08-09 21:04:28,615] Trial 244 finished with values: [0.5232389132652632, 0.0589110383814341] and parameters: {'psi': 0.6721539891218036, 'lda_t': 1.8221088908386386e-08}.
[I 2025-08-09 21:04:34,378] Trial 245 finished with values: [0.5284548937008158, 0.06598680263947211] and parameters: {'psi': 0.19176428138583101, 'lda_t': 1.6707764782111085}.
[I 2025-08-09 21:04:40,147] Trial 246 finished with values: [0.5228795871237417, 0.07188160676532769] and parameters: {'psi': 0.40473106975067163, 'lda_t': 1.679218201455792}.
