[I 2025-08-09 21:00:43,838] Trial 0 finished with values: [0.9992968823791073, 0.6216216216216216] and parameters: {'psi': 0.04388463102874063, 'lda_t': 0.048851263168337704}.
[I 2025-08-09 21:00:48,790] Trial 1 finished with values: [0.9996802331870461, 0.65] and parameters: {'psi': 0.5526009939277363, 'lda_t': 0.631196044665356}.
[I 2025-08-09 21:00:53,650] Trial 2 finished with values: [0.9995886827876279, 0.636568848758465] and parameters: {'psi': 0.4462904578916329, 'lda_t': 0.06393329522944664}.
[I 2025-08-09 21:00:58,505] Trial 3 finished with values: [0.9994665276437354, 0.623608017817372] and parameters: {'psi': 0.1957473211865316, 'lda_t': 0.016160735466783867}.
[I 2025-08-09 21:01:03,345] Trial 4 finished with values: [0.9993726027382803, 0.6241457858769932] and parameters: {'psi': 0.6386528682054102, 'lda_t': 0.009578346044999424}.
[I 2025-08-09 21:01:08,174] Trial 5 finished with values: [0.9991728803971862, 0.6308411214953271] and parameters: {'psi': 0.7280355194107101, 'lda_t': 3.514139987879631e-07}.
[I 2025-08-09 21:01:13,014] Trial 6 finished with values: [0.9992968823791073, 0.6330275229357798] and parameters: {'psi': 0.4423265239278854, 'lda_t': 0.00037222222106000506}.
[I 2025-08-09 21:01:17,862] Trial 7 finished with values: [0.9993710197342559, 0.6270022883295194] and parameters: {'psi': 0.5956278634450242, 'lda_t': 0.007248660374120345}.
[I 2025-08-09 21:01:22,701] Trial 8 finished with values: [0.999295827043091, 0.6388888888888888] and parameters: {'psi': 0.5039722194655499, 'lda_t': 0.00032671546015199663}.
[I 2025-08-09 21:01:27,544] Trial 9 finished with values: [0.9989217104252951, 0.6333333333333333] and parameters: {'psi': 0.8537640564688013, 'lda_t': 2.102010753280868e-06}.
[I 2025-08-09 21:01:32,416] Trial 10 finished with values: [0.999199527631599, 0.6270022883295194] and parameters: {'psi': 0.0706343895000967, 'lda_t': 1.5743333005817973e-08}.
[I 2025-08-09 21:01:37,259] Trial 11 finished with values: [0.999250447594388, 0.6388888888888888] and parameters: {'psi': 0.6229044260789238, 'lda_t': 1.2428529846978173e-07}.
[I 2025-08-09 21:01:42,100] Trial 12 finished with values: [0.9996680968228581, 0.6380090497737556] and parameters: {'psi': 0.4154466005606293, 'lda_t': 0.7289604708206454}.
[I 2025-08-09 21:01:46,962] Trial 13 finished with values: [0.9995443586749412, 0.6320541760722348] and parameters: {'psi': 0.14438776777970252, 'lda_t': 1.5246521026138935}.
[I 2025-08-09 21:01:51,808] Trial 14 finished with values: [0.9992610009545515, 0.6261682242990654] and parameters: {'psi': 0.7406541336582808, 'lda_t': 0.003674200316852765}.
[I 2025-08-09 21:01:56,657] Trial 15 finished with values: [0.999274720322764, 0.6330275229357798] and parameters: {'psi': 0.3430310728950241, 'lda_t': 5.141444269511342e-07}.
[I 2025-08-09 21:02:01,499] Trial 16 finished with values: [0.9991372628066345, 0.6288416075650118] and parameters: {'psi': 0.7683521014074702, 'lda_t': 1.4431226161415346e-05}.
[I 2025-08-09 21:02:06,345] Trial 17 finished with values: [0.9996089980059426, 0.6522781774580336] and parameters: {'psi': 0.9831861901053842, 'lda_t': 1.3058523356767704}.
[I 2025-08-09 21:02:11,194] Trial 18 finished with values: [0.9995979169777709, 0.6351351351351351] and parameters: {'psi': 0.19632617037637878, 'lda_t': 1.3913798825226842}.
[I 2025-08-09 21:02:16,045] Trial 19 finished with values: [0.9996649308148091, 0.6410835214446953] and parameters: {'psi': 0.32975141146677356, 'lda_t': 8.476123150514157}.
[I 2025-08-09 21:02:20,887] Trial 20 finished with values: [0.9995955424717342, 0.6382978723404256] and parameters: {'psi': 0.8407156823477959, 'lda_t': 0.46842731886680017}.
[I 2025-08-09 21:02:25,716] Trial 21 finished with values: [0.9992770948288007, 0.625] and parameters: {'psi': 0.6605393325543957, 'lda_t': 0.0020513362839189218}.
[I 2025-08-09 21:02:30,580] Trial 22 finished with values: [0.9992728734847354, 0.6330275229357798] and parameters: {'psi': 0.32833213916342874, 'lda_t': 8.969762350823784e-06}.
[I 2025-08-09 21:02:35,418] Trial 23 finished with values: [0.9987863635811984, 0.6303317535545023] and parameters: {'psi': 0.8940829811645603, 'lda_t': 2.6438510728947764e-05}.
[I 2025-08-09 21:02:40,284] Trial 24 finished with values: [0.9992219535219465, 0.6255707762557078] and parameters: {'psi': 0.09677012467889201, 'lda_t': 5.625965288577378e-05}.
[I 2025-08-09 21:02:45,117] Trial 25 finished with values: [0.9992580987805064, 0.6388888888888888] and parameters: {'psi': 0.6081608224410728, 'lda_t': 1.1240456024201743e-07}.
[I 2025-08-09 21:02:49,950] Trial 26 finished with values: [0.9996855098671279, 0.6651376146788991] and parameters: {'psi': 0.6139495376939874, 'lda_t': 0.25847869819422975}.
[I 2025-08-09 21:02:54,789] Trial 27 finished with values: [0.9992942440390664, 0.6330275229357798] and parameters: {'psi': 0.4186510105758573, 'lda_t': 0.0003597138588910465}.
[I 2025-08-09 21:02:59,628] Trial 28 finished with values: [0.9995404011648799, 0.6367924528301887] and parameters: {'psi': 0.9433295544725231, 'lda_t': 2.843000153829724}.
[I 2025-08-09 21:03:04,481] Trial 29 finished with values: [0.999253877436441, 0.6330275229357798] and parameters: {'psi': 0.242856507404136, 'lda_t': 1.3868285957779052e-07}.
[I 2025-08-09 21:03:09,312] Trial 30 finished with values: [0.9992546689384534, 0.6374133949191686] and parameters: {'psi': 0.62687881625136, 'lda_t': 0.0002171093453283417}.
[I 2025-08-09 21:03:14,152] Trial 31 finished with values: [0.9992873843549602, 0.6301369863013698] and parameters: {'psi': 0.37181016373310993, 'lda_t': 0.0002402971628574668}.
[I 2025-08-09 21:03:18,989] Trial 32 finished with values: [0.9992454347483103, 0.6374133949191686] and parameters: {'psi': 0.6346698370925518, 'lda_t': 3.2218959272170464e-06}.
[I 2025-08-09 21:03:23,835] Trial 33 finished with values: [0.9992741926547558, 0.6287015945330297] and parameters: {'psi': 0.22653420408770508, 'lda_t': 0.00043148048179076}.
[I 2025-08-09 21:03:28,700] Trial 34 finished with values: [0.9988035127914641, 0.6213151927437641] and parameters: {'psi': 0.014870463530859745, 'lda_t': 0.003589044992913244}.
[I 2025-08-09 21:03:33,653] Trial 35 finished with values: [0.9996659861508255, 0.6425339366515838] and parameters: {'psi': 0.35699956446482795, 'lda_t': 1.757075392160293}.
[I 2025-08-09 21:03:38,502] Trial 36 finished with values: [0.9996833991950952, 0.6605922551252847] and parameters: {'psi': 0.6193342125990026, 'lda_t': 0.3792031386660148}.
[I 2025-08-09 21:03:43,344] Trial 37 finished with values: [0.9992483369223553, 0.6388888888888888] and parameters: {'psi': 0.6286189272165335, 'lda_t': 4.236088180060318e-05}.
[I 2025-08-09 21:03:48,195] Trial 38 finished with values: [0.9992541412704451, 0.6330275229357798] and parameters: {'psi': 0.23310141279513485, 'lda_t': 1.2563767358186879e-05}.
[I 2025-08-09 21:03:53,031] Trial 39 finished with values: [0.9991340967985854, 0.6303317535545023] and parameters: {'psi': 0.7711095059896033, 'lda_t': 6.522471594734365e-08}.
[I 2025-08-09 21:03:57,874] Trial 40 finished with values: [0.9995644100592519, 0.6384976525821596] and parameters: {'psi': 0.9868874430265506, 'lda_t': 0.308552919496535}.
[I 2025-08-09 21:04:02,726] Trial 41 finished with values: [0.9993237934475242, 0.6126126126126126] and parameters: {'psi': 0.08142695419772294, 'lda_t': 0.002365511161592755}.
[I 2025-08-09 21:04:07,563] Trial 42 finished with values: [0.9992309238780854, 0.6273584905660378] and parameters: {'psi': 0.7839550356774138, 'lda_t': 0.004663305426558799}.
[I 2025-08-09 21:04:12,399] Trial 43 finished with values: [0.9996654584828173, 0.6410835214446953] and parameters: {'psi': 0.3276629949119353, 'lda_t': 5.888163643446603}.
[I 2025-08-09 21:04:17,237] Trial 44 finished with values: [0.9996804970210502, 0.65] and parameters: {'psi': 0.5569268377967627, 'lda_t': 0.510245601184084}.
[I 2025-08-09 21:04:22,072] Trial 45 finished with values: [0.9992905503630092, 0.631578947368421] and parameters: {'psi': 0.4398215508407922, 'lda_t': 8.669755141212722e-05}.
[I 2025-08-09 21:04:26,903] Trial 46 finished with values: [0.9993224742775038, 0.631578947368421] and parameters: {'psi': 0.463800891919921, 'lda_t': 0.0014237215237975502}.
[I 2025-08-09 21:04:31,751] Trial 47 finished with values: [0.9992720819827231, 0.6330275229357798] and parameters: {'psi': 0.3298126207067795, 'lda_t': 9.088176665800341e-07}.
[I 2025-08-09 21:04:36,619] Trial 48 finished with values: [0.9992140385018239, 0.6255707762557078] and parameters: {'psi': 0.07925496686473676, 'lda_t': 3.732860596788665e-05}.
[I 2025-08-09 21:04:41,478] Trial 49 finished with values: [0.9992879120229684, 0.6388888888888888] and parameters: {'psi': 0.49554548105745655, 'lda_t': 5.971252680802151e-08}.
[I 2025-08-09 21:04:46,346] Trial 50 finished with values: [0.9996831353610911, 0.6590909090909091] and parameters: {'psi': 0.5890936968744226, 'lda_t': 1.5246521026138935}.
[I 2025-08-09 21:04:51,211] Trial 51 finished with values: [0.9992274940360324, 0.6357308584686775] and parameters: {'psi': 0.6605393325543957, 'lda_t': 1.5233297351185879e-06}.
[I 2025-08-09 21:04:56,062] Trial 52 finished with values: [0.9987673675329041, 0.6293706293706294] and parameters: {'psi': 0.9242553072168207, 'lda_t': 5.971252680802151e-08}.
[I 2025-08-09 21:05:00,920] Trial 53 finished with values: [0.9991488715028143, 0.6323185011709602] and parameters: {'psi': 0.7604893965088864, 'lda_t': 8.215399860483779e-05}.
[I 2025-08-09 21:05:05,774] Trial 54 finished with values: [0.9992831630108947, 0.6403712296983759] and parameters: {'psi': 0.5526009939277363, 'lda_t': 0.0001019462732181625}.
[I 2025-08-09 21:05:10,634] Trial 55 finished with values: [0.9996649308148091, 0.6410835214446953] and parameters: {'psi': 0.3298126207067795, 'lda_t': 0.631196044665356}.
[I 2025-08-09 21:05:15,499] Trial 56 finished with values: [0.9992723458167272, 0.6330275229357798] and parameters: {'psi': 0.3276629949119353, 'lda_t': 3.257075374067317e-06}.
[I 2025-08-09 21:05:20,356] Trial 57 finished with values: [0.9996108448439712, 0.6337078651685393] and parameters: {'psi': 0.286849813254185, 'lda_t': 0.06393329522944664}.
[I 2025-08-09 21:05:25,212] Trial 58 finished with values: [0.9990779001557148, 0.6348448687350835] and parameters: {'psi': 0.8054370111819671, 'lda_t': 8.969762350823784e-06}.
[I 2025-08-09 21:05:30,062] Trial 59 finished with values: [0.9992834268448989, 0.641860465116279] and parameters: {'psi': 0.5391435913650132, 'lda_t': 1.1240456024201743e-07}.
[I 2025-08-09 21:05:34,917] Trial 60 finished with values: [0.9996709989969031, 0.6334841628959276] and parameters: {'psi': 0.4462904578916329, 'lda_t': 2.843000153829724}.
[I 2025-08-09 21:05:39,793] Trial 61 finished with values: [0.9992588902825188, 0.6287015945330297] and parameters: {'psi': 0.14438776777970252, 'lda_t': 0.000330270576172794}.
[I 2025-08-09 21:05:44,651] Trial 62 finished with values: [0.9996694159928786, 0.6635730858468677] and parameters: {'psi': 0.7204836236275353, 'lda_t': 0.3792031386660148}.
[I 2025-08-09 21:05:49,493] Trial 63 finished with values: [0.9996804970210502, 0.6621004566210046] and parameters: {'psi': 0.6651243828320919, 'lda_t': 1.757075392160293}.
[I 2025-08-09 21:05:54,344] Trial 64 finished with values: [0.9992794693348376, 0.6330275229357798] and parameters: {'psi': 0.35699956446482795, 'lda_t': 2.0712647055490176e-05}.
[I 2025-08-09 21:05:59,190] Trial 65 finished with values: [0.9992660138006291, 0.6388888888888888] and parameters: {'psi': 0.591588913922795, 'lda_t': 1.569797532419549e-06}.
[I 2025-08-09 21:06:04,054] Trial 66 finished with values: [0.9996836630290993, 0.6605922551252847] and parameters: {'psi': 0.6193342125990026, 'lda_t': 0.8314984495916307}.
[I 2025-08-09 21:06:08,921] Trial 67 finished with values: [0.9995324861447573, 0.6275395033860045] and parameters: {'psi': 0.1332118868963159, 'lda_t': 0.060967681187728474}.
[I 2025-08-09 21:06:13,777] Trial 68 finished with values: [0.9992881758569724, 0.631578947368421] and parameters: {'psi': 0.4432842681807111, 'lda_t': 3.514139987879631e-07}.
[I 2025-08-09 21:06:18,621] Trial 69 finished with values: [0.9992923972010378, 0.6374133949191686] and parameters: {'psi': 0.6139495376939874, 'lda_t': 0.001478822329181256}.
[I 2025-08-09 21:06:23,490] Trial 70 finished with values: [0.9994206205270243, 0.6247191011235955] and parameters: {'psi': 0.07470301530828283, 'lda_t': 0.3792031386660148}.
[I 2025-08-09 21:06:28,468] Trial 71 finished with values: [0.9994406719113349, 0.6233183856502242] and parameters: {'psi': 0.0841443493021774, 'lda_t': 0.8465128455244603}.
[I 2025-08-09 21:06:33,312] Trial 72 finished with values: [0.9996781225150134, 0.6455981941309256] and parameters: {'psi': 0.5039722194655499, 'lda_t': 1.757075392160293}.
[I 2025-08-09 21:06:38,186] Trial 73 finished with values: [0.9992486007563592, 0.6330275229357798] and parameters: {'psi': 0.21747447783074525, 'lda_t': 1.5743333005817973e-08}.
[I 2025-08-09 21:06:43,052] Trial 74 finished with values: [0.9996662499848294, 0.6425339366515838] and parameters: {'psi': 0.3483521734108954, 'lda_t': 5.888163643446603}.
[I 2025-08-09 21:06:47,918] Trial 75 finished with values: [0.9992720819827231, 0.6330275229357798] and parameters: {'psi': 0.3298126207067795, 'lda_t': 2.966930136358886e-07}.
[I 2025-08-09 21:06:52,769] Trial 76 finished with values: [0.9992786778328253, 0.641860465116279] and parameters: {'psi': 0.5526009939277363, 'lda_t': 1.9606255206237867e-07}.
[I 2025-08-09 21:06:57,628] Trial 77 finished with values: [0.9992876481889642, 0.6359447004608295] and parameters: {'psi': 0.46938844318540696, 'lda_t': 5.141444269511342e-07}.
[I 2025-08-09 21:07:02,488] Trial 78 finished with values: [0.999646198600519, 0.6382022471910113] and parameters: {'psi': 0.27878249248941234, 'lda_t': 0.510245601184084}.
[I 2025-08-09 21:07:07,351] Trial 79 finished with values: [0.9992789416668294, 0.641860465116279] and parameters: {'psi': 0.5526009939277363, 'lda_t': 2.8039063878429498e-06}.
[I 2025-08-09 21:07:12,192] Trial 80 finished with values: [0.9996831353610911, 0.6605922551252847] and parameters: {'psi': 0.6139495376939874, 'lda_t': 1.3750499176958413}.
[I 2025-08-09 21:07:17,026] Trial 81 finished with values: [0.9990884535158783, 0.6178489702517163] and parameters: {'psi': 0.9831654841245039, 'lda_t': 3.059543223809028e-07}.
[I 2025-08-09 21:07:21,880] Trial 82 finished with values: [0.9996665138188336, 0.6425339366515838] and parameters: {'psi': 0.3430310728950241, 'lda_t': 0.24484399614342617}.
[I 2025-08-09 21:07:26,732] Trial 83 finished with values: [0.9990467677432325, 0.6363636363636364] and parameters: {'psi': 0.8193187715528335, 'lda_t': 1.0213307036559164e-05}.
[I 2025-08-09 21:07:31,609] Trial 84 finished with values: [0.999271818148719, 0.6330275229357798] and parameters: {'psi': 0.3267114446747498, 'lda_t': 9.088176665800341e-07}.
[I 2025-08-09 21:07:36,472] Trial 85 finished with values: [0.9992881758569724, 0.631578947368421] and parameters: {'psi': 0.44250987207237835, 'lda_t': 6.63128463125363e-07}.
[I 2025-08-09 21:07:41,326] Trial 86 finished with values: [0.9992852736829275, 0.6330275229357798] and parameters: {'psi': 0.40821799446215357, 'lda_t': 1.4431226161415346e-05}.
[I 2025-08-09 21:07:46,186] Trial 87 finished with values: [0.9991377904746427, 0.6288416075650118] and parameters: {'psi': 0.7674025692792806, 'lda_t': 1.388149689322338e-07}.
[I 2025-08-09 21:07:51,036] Trial 88 finished with values: [0.9991372628066345, 0.6288416075650118] and parameters: {'psi': 0.7683521014074702, 'lda_t': 2.1363889799236977e-07}.
[I 2025-08-09 21:07:55,892] Trial 89 finished with values: [0.999347538507892, 0.6224256292906178] and parameters: {'psi': 0.6193342125990026, 'lda_t': 0.004940200581138273}.
[I 2025-08-09 21:08:00,755] Trial 90 finished with values: [0.999664666980805, 0.6651053864168618] and parameters: {'psi': 0.7406541336582808, 'lda_t': 2.187516815194802}.
[I 2025-08-09 21:08:05,610] Trial 91 finished with values: [0.9992586264485146, 0.6388888888888888] and parameters: {'psi': 0.6081608224410728, 'lda_t': 5.887718472418433e-06}.
[I 2025-08-09 21:08:10,464] Trial 92 finished with values: [0.999682871527087, 0.6605922551252847] and parameters: {'psi': 0.6229044260789238, 'lda_t': 0.7289604708206454}.
[I 2025-08-09 21:08:15,320] Trial 93 finished with values: [0.9992884396909765, 0.631578947368421] and parameters: {'psi': 0.4423265239278854, 'lda_t': 1.5159941915294444e-05}.
[I 2025-08-09 21:08:20,174] Trial 94 finished with values: [0.9993567726980351, 0.6224256292906178] and parameters: {'psi': 0.6762643179627699, 'lda_t': 0.009578346044999424}.
[I 2025-08-09 21:08:25,029] Trial 95 finished with values: [0.9989172252472257, 0.6318289786223278] and parameters: {'psi': 0.854936910992675, 'lda_t': 1.105217065614237e-05}.
[I 2025-08-09 21:08:29,871] Trial 96 finished with values: [0.9996833991950952, 0.6590909090909091] and parameters: {'psi': 0.5905734562928384, 'lda_t': 0.631196044665356}.
[I 2025-08-09 21:08:34,721] Trial 97 finished with values: [0.9990182736707911, 0.6221198156682027] and parameters: {'psi': 0.911519025219257, 'lda_t': 0.016160735466783867}.
[I 2025-08-09 21:08:39,586] Trial 98 finished with values: [0.9992712904807108, 0.6330275229357798] and parameters: {'psi': 0.3276629949119353, 'lda_t': 2.387569892206758e-08}.
[I 2025-08-09 21:08:44,454] Trial 99 finished with values: [0.9996670414868418, 0.6425339366515838] and parameters: {'psi': 0.38525447302773164, 'lda_t': 1.3058523356767704}.
[I 2025-08-09 21:08:49,348] Trial 100 finished with values: [0.9992306600440813, 0.6255707762557078] and parameters: {'psi': 0.1274353211885456, 'lda_t': 2.501533174331221e-07}.
[I 2025-08-09 21:08:54,194] Trial 101 finished with values: [0.9992652222986168, 0.6388888888888888] and parameters: {'psi': 0.6229044260789238, 'lda_t': 0.0004168020929069929}.
[I 2025-08-09 21:08:59,034] Trial 102 finished with values: [0.9996833991950952, 0.6590909090909091] and parameters: {'psi': 0.5905734562928384, 'lda_t': 0.631196044665356}.
[I 2025-08-09 21:09:03,898] Trial 103 finished with values: [0.9991728803971863, 0.6308411214953271] and parameters: {'psi': 0.7407364510398299, 'lda_t': 0.00034439662182631826}.
[I 2025-08-09 21:09:08,766] Trial 104 finished with values: [0.9996831353610911, 0.6605922551252847] and parameters: {'psi': 0.6139495376939874, 'lda_t': 1.3750499176958413}.
[I 2025-08-09 21:09:13,610] Trial 105 finished with values: [0.9996802331870461, 0.65] and parameters: {'psi': 0.5526009939277363, 'lda_t': 0.631196044665356}.
[I 2025-08-09 21:09:18,480] Trial 106 finished with values: [0.9995900019576484, 0.6351351351351351] and parameters: {'psi': 0.1924881213887849, 'lda_t': 0.06533912702184003}.
[I 2025-08-09 21:09:23,444] Trial 107 finished with values: [0.9992905503630092, 0.6330275229357798] and parameters: {'psi': 0.4462904578916329, 'lda_t': 7.971880490319992e-05}.
[I 2025-08-09 21:09:28,359] Trial 108 finished with values: [0.9980265216494268, 0.6167800453514739] and parameters: {'psi': 0.00836254698872041, 'lda_t': 6.183901861739326e-05}.
[I 2025-08-09 21:09:33,191] Trial 109 finished with values: [0.999295827043091, 0.6388888888888888] and parameters: {'psi': 0.5039722194655499, 'lda_t': 0.00032671546015199663}.
[I 2025-08-09 21:09:38,044] Trial 110 finished with values: [0.9992398942342244, 0.6301369863013698] and parameters: {'psi': 0.16567768455243947, 'lda_t': 1.9606255206237867e-07}.
[I 2025-08-09 21:09:42,898] Trial 111 finished with values: [0.9992786778328253, 0.641860465116279] and parameters: {'psi': 0.5526009939277363, 'lda_t': 5.724503752883408e-07}.
[I 2025-08-09 21:09:47,785] Trial 112 finished with values: [0.9996744288389563, 0.6620689655172414] and parameters: {'psi': 0.699920017099726, 'lda_t': 0.3792031386660148}.
[I 2025-08-09 21:09:52,636] Trial 113 finished with values: [0.9992438517442858, 0.6374133949191686] and parameters: {'psi': 0.6381447843233722, 'lda_t': 3.9096897321348796e-05}.
[I 2025-08-09 21:09:57,497] Trial 114 finished with values: [0.9995475246829902, 0.6382978723404256] and parameters: {'psi': 0.9475168479877166, 'lda_t': 1.5246521026138935}.
[I 2025-08-09 21:10:02,349] Trial 115 finished with values: [0.9992942440390664, 0.6330275229357798] and parameters: {'psi': 0.4186510105758573, 'lda_t': 0.0003597138588910465}.
[I 2025-08-09 21:10:07,206] Trial 116 finished with values: [0.9994119140048894, 0.6139954853273137] and parameters: {'psi': 0.6139495376939874, 'lda_t': 0.019713311670950355}.
[I 2025-08-09 21:10:12,070] Trial 117 finished with values: [0.9992488645903634, 0.618510158013544] and parameters: {'psi': 0.06299704171319775, 'lda_t': 0.0007056605532483151}.
[I 2025-08-09 21:10:16,912] Trial 118 finished with values: [0.9995644100592519, 0.6384976525821596] and parameters: {'psi': 0.9868874430265506, 'lda_t': 0.308552919496535}.
[I 2025-08-09 21:10:21,750] Trial 119 finished with values: [0.9995873636176075, 0.6320754716981132] and parameters: {'psi': 0.8462702339198521, 'lda_t': 0.631196044665356}.
[I 2025-08-09 21:10:26,617] Trial 120 finished with values: [0.999673901170948, 0.6651270207852193] and parameters: {'psi': 0.7040877876796693, 'lda_t': 0.510245601184084}.
[I 2025-08-09 21:10:31,454] Trial 121 finished with values: [0.9995878912856156, 0.6349206349206349] and parameters: {'psi': 0.6139495376939874, 'lda_t': 0.09381754049911513}.
[I 2025-08-09 21:10:36,289] Trial 122 finished with values: [0.9996762756769849, 0.6410835214446953] and parameters: {'psi': 0.4989599598422054, 'lda_t': 0.631196044665356}.
[I 2025-08-09 21:10:41,152] Trial 123 finished with values: [0.9992968823791073, 0.6330275229357798] and parameters: {'psi': 0.4423265239278854, 'lda_t': 0.00037222222106000506}.
[I 2025-08-09 21:10:46,009] Trial 124 finished with values: [0.9995024090682914, 0.6306306306306306] and parameters: {'psi': 0.6451054352145312, 'lda_t': 0.06393329522944664}.
