[I 2025-08-09 22:17:47,615] Trial 496 finished with values: [0.7893356710325198, 0.12261806130903065] and parameters: {'psi': 0.14580000347675293, 'lda_t': 0.0026835216650669532}.
[I 2025-08-09 22:17:53,472] Trial 497 finished with values: [0.7865914119221681, 0.12211221122112212] and parameters: {'psi': 0.5848484740328913, 'lda_t': 0.00019303767280993706}.
[I 2025-08-09 22:17:59,370] Trial 498 finished with values: [0.8371615439572917, 0.16735028712059064] and parameters: {'psi': 0.6469266366894586, 'lda_t': 3.3568378605235414}.
[I 2025-08-09 22:18:05,232] Trial 499 finished with values: [0.7860338556697872, 0.12282157676348547] and parameters: {'psi': 0.6133564260807276, 'lda_t': 0.0021109625994470806}.
