[I 2025-08-09 21:12:08,216] Trial 248 finished with values: [0.9738370598001898, 0.37362637362637363] and parameters: {'psi': 0.37258189877513015, 'lda_t': 1.0774116456534628}.
[I 2025-08-09 21:12:13,629] Trial 249 finished with values: [0.9688900599684444, 0.3253333333333333] and parameters: {'psi': 0.17002272853542144, 'lda_t': 6.474319156859696}.
[I 2025-08-09 21:12:19,061] Trial 250 finished with values: [0.9752783342169341, 0.40730337078651685] and parameters: {'psi': 0.44966278543404925, 'lda_t': 0.15003887991539935}.
[I 2025-08-09 21:12:24,490] Trial 251 finished with values: [0.9764064330362953, 0.39831697054698456] and parameters: {'psi': 0.6594254567709349, 'lda_t': 5.681229070776049}.
[I 2025-08-09 21:12:29,919] Trial 252 finished with values: [0.9764545284270745, 0.436046511627907] and parameters: {'psi': 0.5944106136430831, 'lda_t': 0.09981249997314043}.
[I 2025-08-09 21:12:35,352] Trial 253 finished with values: [0.9777799294600935, 0.44677661169415295] and parameters: {'psi': 0.781545281627758, 'lda_t': 0.36151254477097167}.
[I 2025-08-09 21:12:40,764] Trial 254 finished with values: [0.9769456410972733, 0.409288824383164] and parameters: {'psi': 0.9261499890891077, 'lda_t': 5.681229070776049}.
[I 2025-08-09 21:12:46,203] Trial 255 finished with values: [0.9777799294600935, 0.44677661169415295] and parameters: {'psi': 0.781545281627758, 'lda_t': 0.36151254477097167}.
[I 2025-08-09 21:12:51,605] Trial 256 finished with values: [0.9753037311229561, 0.431784107946027] and parameters: {'psi': 0.8617449888114415, 'lda_t': 1.7509491375521906}.
[I 2025-08-09 21:12:57,049] Trial 257 finished with values: [0.9683368836091543, 0.43582089552238806] and parameters: {'psi': 0.9743964891830841, 'lda_t': 0.12037866309005271}.
[I 2025-08-09 21:13:02,468] Trial 258 finished with values: [0.9428742630928987, 0.24969097651421507] and parameters: {'psi': 0.7571681155621431, 'lda_t': 0.000371639961918535}.
[I 2025-08-09 21:13:07,881] Trial 259 finished with values: [0.9786578687551388, 0.4494047619047619] and parameters: {'psi': 0.7497444399193901, 'lda_t': 0.36151254477097167}.
[I 2025-08-09 21:13:13,315] Trial 260 finished with values: [0.9465539573141502, 0.22857142857142856] and parameters: {'psi': 0.5443679987871186, 'lda_t': 4.13310882312409e-08}.
[I 2025-08-09 21:13:18,740] Trial 261 finished with values: [0.9727578500249207, 0.42136498516320475] and parameters: {'psi': 0.5141336455812355, 'lda_t': 0.05182690654214365}.
[I 2025-08-09 21:13:24,172] Trial 262 finished with values: [0.9424509284156458, 0.2625482625482625] and parameters: {'psi': 0.781545281627758, 'lda_t': 0.001188848795201378}.
[I 2025-08-09 21:13:29,598] Trial 263 finished with values: [0.9777799294600935, 0.44677661169415295] and parameters: {'psi': 0.781545281627758, 'lda_t': 0.36151254477097167}.
[I 2025-08-09 21:13:35,022] Trial 264 finished with values: [0.9745961098289202, 0.3972222222222222] and parameters: {'psi': 0.6098920265645817, 'lda_t': 9.382746980070959}.
[I 2025-08-09 21:13:40,443] Trial 265 finished with values: [0.9459464950682384, 0.23404255319148937] and parameters: {'psi': 0.6451471108539335, 'lda_t': 0.00047943428927246106}.
[I 2025-08-09 21:13:45,870] Trial 266 finished with values: [0.9746238876948816, 0.38645980253878703] and parameters: {'psi': 0.2543114060592715, 'lda_t': 0.09678028778198307}.
[I 2025-08-09 21:13:51,407] Trial 267 finished with values: [0.9803007311134321, 0.4341736694677871] and parameters: {'psi': 0.6594254567709349, 'lda_t': 0.2757329785749915}.
[I 2025-08-09 21:13:56,827] Trial 268 finished with values: [0.9478652313181948, 0.21797752808988763] and parameters: {'psi': 0.13213901101499537, 'lda_t': 5.2465206299008583e-05}.
[I 2025-08-09 21:14:02,268] Trial 269 finished with values: [0.9683072009752411, 0.42443729903536975] and parameters: {'psi': 0.9050735583782603, 'lda_t': 0.09981249997314043}.
[I 2025-08-09 21:14:07,695] Trial 270 finished with values: [0.9718727678500566, 0.43800322061191627] and parameters: {'psi': 0.781545281627758, 'lda_t': 0.09981249997314043}.
[I 2025-08-09 21:14:13,152] Trial 271 finished with values: [0.9593203470487207, 0.2550177095631641] and parameters: {'psi': 0.06826691741925417, 'lda_t': 2.672457270519145}.
[I 2025-08-09 21:14:18,574] Trial 272 finished with values: [0.9464533220740383, 0.22935779816513763] and parameters: {'psi': 0.5579583658786637, 'lda_t': 2.652700658495046e-08}.
[I 2025-08-09 21:14:23,994] Trial 273 finished with values: [0.9801097781262798, 0.4515195369030391] and parameters: {'psi': 0.6946650360908279, 'lda_t': 0.247830508339986}.
[I 2025-08-09 21:14:29,432] Trial 274 finished with values: [0.9761308766059574, 0.4402332361516035] and parameters: {'psi': 0.6083624283160816, 'lda_t': 0.09678028778198307}.
[I 2025-08-09 21:14:34,853] Trial 275 finished with values: [0.9773162771945307, 0.413391557496361] and parameters: {'psi': 0.7445927685571909, 'lda_t': 9.130664523736565}.
[I 2025-08-09 21:14:40,294] Trial 276 finished with values: [0.9469647522690549, 0.21555555555555556] and parameters: {'psi': 0.31895299780715836, 'lda_t': 1.668927685265008e-07}.
[I 2025-08-09 21:14:45,736] Trial 277 finished with values: [0.9777799294600935, 0.44677661169415295] and parameters: {'psi': 0.781545281627758, 'lda_t': 0.36151254477097167}.
[I 2025-08-09 21:14:51,162] Trial 278 finished with values: [0.9464177664056077, 0.30704225352112674] and parameters: {'psi': 0.7722904991501366, 'lda_t': 0.006990398552840966}.
[I 2025-08-09 21:14:56,605] Trial 279 finished with values: [0.9476593576487544, 0.21724524076147816] and parameters: {'psi': 0.21298547838439252, 'lda_t': 8.987476023266117e-05}.
[I 2025-08-09 21:15:02,031] Trial 280 finished with values: [0.9531796926339449, 0.332378223495702] and parameters: {'psi': 0.6594254567709349, 'lda_t': 0.012437159456297364}.
[I 2025-08-09 21:15:07,456] Trial 281 finished with values: [0.9768669106886053, 0.42199108469539376] and parameters: {'psi': 0.7908705989235436, 'lda_t': 9.382746980070959}.
[I 2025-08-09 21:15:12,883] Trial 282 finished with values: [0.9720445144270298, 0.4255952380952381] and parameters: {'psi': 0.9385592298979346, 'lda_t': 0.16077463187871455}.
[I 2025-08-09 21:15:18,297] Trial 283 finished with values: [0.9734172171975147, 0.3776223776223776] and parameters: {'psi': 0.24455730106645945, 'lda_t': 0.6166959780589064}.
[I 2025-08-09 21:15:23,739] Trial 284 finished with values: [0.9467472912612421, 0.2229806598407281] and parameters: {'psi': 0.5022439915736926, 'lda_t': 5.221597058527595e-06}.
[I 2025-08-09 21:15:29,155] Trial 285 finished with values: [0.9454025250873812, 0.2323943661971831] and parameters: {'psi': 0.6451471108539335, 'lda_t': 4.514484363905179e-08}.
[I 2025-08-09 21:15:34,587] Trial 286 finished with values: [0.9753099216187988, 0.4311377245508982] and parameters: {'psi': 0.859586537928818, 'lda_t': 1.5070509877570324}.
[I 2025-08-09 21:15:40,003] Trial 287 finished with values: [0.9797724754681761, 0.43142857142857144] and parameters: {'psi': 0.690712687942542, 'lda_t': 0.3241457396191668}.
[I 2025-08-09 21:15:45,434] Trial 288 finished with values: [0.9444333156613196, 0.23389021479713604] and parameters: {'psi': 0.6946650360908279, 'lda_t': 1.4331993426540598e-05}.
[I 2025-08-09 21:15:50,855] Trial 289 finished with values: [0.9439663300518414, 0.2388419782870929] and parameters: {'psi': 0.7130579418494625, 'lda_t': 4.8460521543964204e-08}.
[I 2025-08-09 21:15:56,309] Trial 290 finished with values: [0.9552306515258779, 0.3357452966714906] and parameters: {'psi': 0.6526364994283578, 'lda_t': 0.015913554866271017}.
[I 2025-08-09 21:16:01,731] Trial 291 finished with values: [0.9741475369763077, 0.4235294117647059] and parameters: {'psi': 0.5784865885638893, 'lda_t': 0.07197637646168019}.
[I 2025-08-09 21:16:07,171] Trial 292 finished with values: [0.9519306410496542, 0.3131868131868132] and parameters: {'psi': 0.6564528224619917, 'lda_t': 0.009474220984653402}.
[I 2025-08-09 21:16:12,593] Trial 293 finished with values: [0.9433468042755692, 0.2426470588235294] and parameters: {'psi': 0.7358155367903672, 'lda_t': 2.0509200902748877e-05}.
[I 2025-08-09 21:16:18,038] Trial 294 finished with values: [0.9441371242448389, 0.3236994219653179] and parameters: {'psi': 0.8268466772675257, 'lda_t': 0.008143224631347487}.
[I 2025-08-09 21:16:23,464] Trial 295 finished with values: [0.9786219956253829, 0.4549483013293944] and parameters: {'psi': 0.7362325215636469, 'lda_t': 0.1562034250559523}.
[I 2025-08-09 21:16:28,922] Trial 296 finished with values: [0.9539592189181554, 0.23717217787913342] and parameters: {'psi': 0.044286614599999274, 'lda_t': 0.018142018768244894}.
[I 2025-08-09 21:16:34,351] Trial 297 finished with values: [0.9353309058123994, 0.24390243902439024] and parameters: {'psi': 0.8914096803853595, 'lda_t': 5.477329174277191e-08}.
[I 2025-08-09 21:16:39,876] Trial 298 finished with values: [0.976285004079378, 0.4068767908309456] and parameters: {'psi': 0.7192244272459555, 'lda_t': 6.1793119112832136}.
[I 2025-08-09 21:16:45,306] Trial 299 finished with values: [0.9468312597817772, 0.2157303370786517] and parameters: {'psi': 0.4595686672099817, 'lda_t': 4.82548997538727e-08}.
[I 2025-08-09 21:16:50,734] Trial 300 finished with values: [0.9462923691821243, 0.22988505747126436] and parameters: {'psi': 0.5784865885638893, 'lda_t': 5.506919649002352e-06}.
[I 2025-08-09 21:16:56,159] Trial 301 finished with values: [0.9786578687551388, 0.4494047619047619] and parameters: {'psi': 0.7497444399193901, 'lda_t': 0.36151254477097167}.
[I 2025-08-09 21:17:01,580] Trial 302 finished with values: [0.9678051358893203, 0.31266149870801035] and parameters: {'psi': 0.14867389239013562, 'lda_t': 0.09678028778198307}.
[I 2025-08-09 21:17:07,018] Trial 303 finished with values: [0.9758794472363403, 0.43529411764705883] and parameters: {'psi': 0.6356803847176963, 'lda_t': 0.09678028778198307}.
[I 2025-08-09 21:17:12,434] Trial 304 finished with values: [0.9794077124054362, 0.4194008559201141] and parameters: {'psi': 0.6946650360908279, 'lda_t': 0.36151254477097167}.
[I 2025-08-09 21:17:17,870] Trial 305 finished with values: [0.9380713907028276, 0.2547288776796974] and parameters: {'psi': 0.8438980461000476, 'lda_t': 4.521846953181348e-08}.
[I 2025-08-09 21:17:23,297] Trial 306 finished with values: [0.9741322988326946, 0.3872752420470263] and parameters: {'psi': 0.48128354751450153, 'lda_t': 0.36151254477097167}.
[I 2025-08-09 21:17:28,718] Trial 307 finished with values: [0.9687389483776139, 0.324468085106383] and parameters: {'psi': 0.16368086583005248, 'lda_t': 0.09678028778198307}.
[I 2025-08-09 21:17:34,152] Trial 308 finished with values: [0.9481206289543777, 0.29850746268656714] and parameters: {'psi': 0.7150418525647332, 'lda_t': 0.005878514937455691}.
[I 2025-08-09 21:17:39,575] Trial 309 finished with values: [0.9733634075028809, 0.37815126050420167] and parameters: {'psi': 0.24306176843874194, 'lda_t': 4.003567320299039}.
[I 2025-08-09 21:17:45,006] Trial 310 finished with values: [0.9804264457982407, 0.4360056258790436] and parameters: {'psi': 0.6467400357373824, 'lda_t': 0.243925592188709}.
[I 2025-08-09 21:17:50,424] Trial 311 finished with values: [0.9464547506500022, 0.22863741339491916] and parameters: {'psi': 0.5784865885638893, 'lda_t': 0.00011379340610738549}.
[I 2025-08-09 21:17:55,862] Trial 312 finished with values: [0.9373407534627095, 0.25218476903870163] and parameters: {'psi': 0.855755620324076, 'lda_t': 1.5159191207273458e-06}.
[I 2025-08-09 21:18:01,301] Trial 313 finished with values: [0.9592614579728824, 0.25471698113207547] and parameters: {'psi': 0.06786677696494914, 'lda_t': 0.15003887991539935}.
[I 2025-08-09 21:18:06,734] Trial 314 finished with values: [0.9753462709405426, 0.4334828101644245] and parameters: {'psi': 0.8593546989086678, 'lda_t': 0.6923889196021193}.
[I 2025-08-09 21:18:12,154] Trial 315 finished with values: [0.9426537862024958, 0.26356589147286824] and parameters: {'psi': 0.781545281627758, 'lda_t': 0.0015331210960717431}.
[I 2025-08-09 21:18:17,584] Trial 316 finished with values: [0.9759870666256083, 0.417910447761194] and parameters: {'psi': 0.9019791675308264, 'lda_t': 5.333001199406171}.
[I 2025-08-09 21:18:23,003] Trial 317 finished with values: [0.9780080254223029, 0.4508320726172466] and parameters: {'psi': 0.781545281627758, 'lda_t': 0.2757329785749915}.
[I 2025-08-09 21:18:28,428] Trial 318 finished with values: [0.9794670776732625, 0.41456582633053224] and parameters: {'psi': 0.6594254567709349, 'lda_t': 0.36151254477097167}.
[I 2025-08-09 21:18:33,838] Trial 319 finished with values: [0.9773162771945307, 0.413391557496361] and parameters: {'psi': 0.7445927685571909, 'lda_t': 9.130664523736565}.
[I 2025-08-09 21:18:39,270] Trial 320 finished with values: [0.9357077324054995, 0.24600246002460024] and parameters: {'psi': 0.8836338380530268, 'lda_t': 6.109639397426314e-07}.
[I 2025-08-09 21:18:44,694] Trial 321 finished with values: [0.9733300740637272, 0.44200626959247646] and parameters: {'psi': 0.7362325215636469, 'lda_t': 0.09678028778198307}.
[I 2025-08-09 21:18:50,127] Trial 322 finished with values: [0.970710700668891, 0.34710743801652894] and parameters: {'psi': 0.19263436712192827, 'lda_t': 0.09678028778198307}.
[I 2025-08-09 21:18:55,548] Trial 323 finished with values: [0.9777799294600935, 0.44677661169415295] and parameters: {'psi': 0.781545281627758, 'lda_t': 0.36151254477097167}.
[I 2025-08-09 21:19:00,974] Trial 324 finished with values: [0.9773653249692856, 0.4145985401459854] and parameters: {'psi': 0.7497444399193901, 'lda_t': 4.434133073921177}.
[I 2025-08-09 21:19:06,392] Trial 325 finished with values: [0.9773162771945307, 0.413391557496361] and parameters: {'psi': 0.7445927685571909, 'lda_t': 9.130664523736565}.
[I 2025-08-09 21:19:11,821] Trial 326 finished with values: [0.9692356166210052, 0.3401360544217687] and parameters: {'psi': 0.1684695673196812, 'lda_t': 0.0788071295352757}.
[I 2025-08-09 21:19:17,250] Trial 327 finished with values: [0.9643022676262464, 0.38291605301914583] and parameters: {'psi': 0.5784865885638893, 'lda_t': 0.025258532338054904}.
[I 2025-08-09 21:19:22,678] Trial 328 finished with values: [0.9474598332058196, 0.2182628062360802] and parameters: {'psi': 0.09125882659347784, 'lda_t': 3.224546113091561e-08}.
[I 2025-08-09 21:19:28,106] Trial 329 finished with values: [0.9735095984431695, 0.37771739130434784] and parameters: {'psi': 0.40660012684049596, 'lda_t': 8.993075706996603}.
[I 2025-08-09 21:19:33,512] Trial 330 finished with values: [0.947888247264277, 0.21797752808988763] and parameters: {'psi': 0.3666673536906039, 'lda_t': 0.0003301732000214188}.
[I 2025-08-09 21:19:38,944] Trial 331 finished with values: [0.9744097600309842, 0.39166666666666666] and parameters: {'psi': 0.5022439915736926, 'lda_t': 3.79725225360526}.
[I 2025-08-09 21:19:44,370] Trial 332 finished with values: [0.9486528528661995, 0.21902654867256638] and parameters: {'psi': 0.02739089073247325, 'lda_t': 1.7670572737688693e-06}.
[I 2025-08-09 21:19:49,894] Trial 333 finished with values: [0.9570370064666872, 0.3776] and parameters: {'psi': 0.7722904991501366, 'lda_t': 0.02680714499908199}.
[I 2025-08-09 21:19:55,338] Trial 334 finished with values: [0.9777799294600935, 0.44677661169415295] and parameters: {'psi': 0.781545281627758, 'lda_t': 0.36151254477097167}.
[I 2025-08-09 21:20:00,763] Trial 335 finished with values: [0.9775083412963216, 0.4467153284671533] and parameters: {'psi': 0.9182001192560677, 'lda_t': 0.36151254477097167}.
[I 2025-08-09 21:20:06,200] Trial 336 finished with values: [0.9790366001161908, 0.45535714285714285] and parameters: {'psi': 0.7470866447022616, 'lda_t': 0.247830508339986}.
[I 2025-08-09 21:20:11,643] Trial 337 finished with values: [0.975598017771485, 0.4228395061728395] and parameters: {'psi': 0.8082069438350752, 'lda_t': 0.1562034250559523}.
[I 2025-08-09 21:20:17,060] Trial 338 finished with values: [0.9777799294600935, 0.44677661169415295] and parameters: {'psi': 0.781545281627758, 'lda_t': 0.36151254477097167}.
[I 2025-08-09 21:20:22,506] Trial 339 finished with values: [0.9756307162879881, 0.43851851851851853] and parameters: {'psi': 0.6526364994283578, 'lda_t': 0.09678028778198307}.
[I 2025-08-09 21:20:27,932] Trial 340 finished with values: [0.9797070784351697, 0.45673758865248226] and parameters: {'psi': 0.6594254567709349, 'lda_t': 0.15003887991539935}.
[I 2025-08-09 21:20:33,354] Trial 341 finished with values: [0.9753897631421052, 0.4226950354609929] and parameters: {'psi': 0.46754989330500274, 'lda_t': 0.09678028778198307}.
[I 2025-08-09 21:20:38,791] Trial 342 finished with values: [0.9444604586046305, 0.25831202046035806] and parameters: {'psi': 0.7445927685571909, 'lda_t': 0.001847529597537832}.
[I 2025-08-09 21:20:44,242] Trial 343 finished with values: [0.9711592735215033, 0.433931484502447] and parameters: {'psi': 0.7955276418851638, 'lda_t': 0.09981249997314043}.
[I 2025-08-09 21:20:49,668] Trial 344 finished with values: [0.9803007311134321, 0.4341736694677871] and parameters: {'psi': 0.6594254567709349, 'lda_t': 0.2757329785749915}.
[I 2025-08-09 21:20:55,107] Trial 345 finished with values: [0.9466482433277565, 0.2288329519450801] and parameters: {'psi': 0.5405339662974545, 'lda_t': 4.0217280680461246e-05}.
[I 2025-08-09 21:21:00,550] Trial 346 finished with values: [0.9471052289054886, 0.2140468227424749] and parameters: {'psi': 0.38054526374620934, 'lda_t': 6.509803379904015e-05}.
[I 2025-08-09 21:21:05,979] Trial 347 finished with values: [0.950810320032762, 0.3475609756097561] and parameters: {'psi': 0.7722904991501366, 'lda_t': 0.01501775695327208}.
[I 2025-08-09 21:21:11,411] Trial 348 finished with values: [0.9745205540335048, 0.3643835616438356] and parameters: {'psi': 0.3100434345525608, 'lda_t': 0.36151254477097167}.
[I 2025-08-09 21:21:16,855] Trial 349 finished with values: [0.9722353086835195, 0.44019138755980863] and parameters: {'psi': 0.7632656462201463, 'lda_t': 0.09678028778198307}.
[I 2025-08-09 21:21:22,278] Trial 350 finished with values: [0.9775104047949358, 0.4427934621099554] and parameters: {'psi': 0.6946650360908279, 'lda_t': 0.12037866309005271}.
[I 2025-08-09 21:21:27,725] Trial 351 finished with values: [0.9482284070743082, 0.21830209481808158] and parameters: {'psi': 0.03536275761744756, 'lda_t': 2.237711848216318e-08}.
[I 2025-08-09 21:21:33,150] Trial 352 finished with values: [0.9620759113520996, 0.34375] and parameters: {'psi': 0.4746142814909059, 'lda_t': 0.015844800389334657}.
[I 2025-08-09 21:21:38,593] Trial 353 finished with values: [0.9448368090057429, 0.28241335044929394] and parameters: {'psi': 0.9889325978061012, 'lda_t': 0.01625077242343887}.
[I 2025-08-09 21:21:44,017] Trial 354 finished with values: [0.9451637941707752, 0.23113207547169812] and parameters: {'psi': 0.6594254567709349, 'lda_t': 2.3031453635172734e-05}.
[I 2025-08-09 21:21:49,449] Trial 355 finished with values: [0.9775083412963216, 0.4467153284671533] and parameters: {'psi': 0.9182001192560677, 'lda_t': 0.36151254477097167}.
[I 2025-08-09 21:21:54,900] Trial 356 finished with values: [0.9633481376131352, 0.39203675344563554] and parameters: {'psi': 0.6594254567709349, 'lda_t': 0.03294295777377964}.
[I 2025-08-09 21:22:00,324] Trial 357 finished with values: [0.9804204140330605, 0.4403409090909091] and parameters: {'psi': 0.6623527776221207, 'lda_t': 0.247830508339986}.
[I 2025-08-09 21:22:05,755] Trial 358 finished with values: [0.9793086644719506, 0.42712842712842713] and parameters: {'psi': 0.7078930565057734, 'lda_t': 0.36151254477097167}.
[I 2025-08-09 21:22:11,179] Trial 359 finished with values: [0.9423699757777009, 0.24969097651421507] and parameters: {'psi': 0.7632656462201463, 'lda_t': 2.416863884795665e-08}.
[I 2025-08-09 21:22:16,597] Trial 360 finished with values: [0.9786578687551388, 0.4494047619047619] and parameters: {'psi': 0.7497444399193901, 'lda_t': 0.36151254477097167}.
[I 2025-08-09 21:22:22,028] Trial 361 finished with values: [0.9777799294600935, 0.44677661169415295] and parameters: {'psi': 0.781545281627758, 'lda_t': 0.36151254477097167}.
[I 2025-08-09 21:22:27,456] Trial 362 finished with values: [0.9416048939837904, 0.2547288776796974] and parameters: {'psi': 0.781545281627758, 'lda_t': 2.699900476631549e-05}.
[I 2025-08-09 21:22:32,895] Trial 363 finished with values: [0.9764545284270745, 0.436046511627907] and parameters: {'psi': 0.5944106136430831, 'lda_t': 0.09981249997314043}.
[I 2025-08-09 21:22:38,346] Trial 364 finished with values: [0.9787602500325397, 0.45294117647058824] and parameters: {'psi': 0.7314898953994983, 'lda_t': 0.1562034250559523}.
[I 2025-08-09 21:22:43,793] Trial 365 finished with values: [0.9423225153095725, 0.24969097651421507] and parameters: {'psi': 0.7643934685110084, 'lda_t': 8.825880971900378e-07}.
[I 2025-08-09 21:22:49,220] Trial 366 finished with values: [0.9804264457982407, 0.4360056258790436] and parameters: {'psi': 0.6467400357373824, 'lda_t': 0.243925592188709}.
[I 2025-08-09 21:22:54,661] Trial 367 finished with values: [0.9694533950901433, 0.42338072669826227] and parameters: {'psi': 0.7005100614861652, 'lda_t': 0.057370527087641406}.
[I 2025-08-09 21:23:00,095] Trial 368 finished with values: [0.9466660211619718, 0.22525597269624573] and parameters: {'psi': 0.5219886018227438, 'lda_t': 1.2674500572023057e-06}.
[I 2025-08-09 21:23:05,632] Trial 369 finished with values: [0.9470964987190436, 0.21651785714285715] and parameters: {'psi': 0.19440783023098218, 'lda_t': 5.101331801470085e-08}.
[I 2025-08-09 21:23:11,051] Trial 370 finished with values: [0.9735546779513586, 0.40333796940194716] and parameters: {'psi': 0.5784865885638893, 'lda_t': 1.3548099730275995}.
[I 2025-08-09 21:23:16,484] Trial 371 finished with values: [0.9430542636643291, 0.24509803921568626] and parameters: {'psi': 0.7445927685571909, 'lda_t': 2.103917771981825e-07}.
