[I 2025-08-09 20:56:55,936] Trial 375 finished with values: [0.8466861077485759, 0.3567467652495379] and parameters: {'psi': 0.9889723132736093, 'lda_t': 4.303236154365797}.
[I 2025-08-09 20:57:01,346] Trial 376 finished with values: [0.8432133042804573, 0.34450651769087526] and parameters: {'psi': 0.9439091549510262, 'lda_t': 6.2301590800376205}.
[I 2025-08-09 20:57:06,860] Trial 377 finished with values: [0.8329548052071408, 0.34750462107208874] and parameters: {'psi': 0.5943139625577878, 'lda_t': 1.4614955216511811}.
[I 2025-08-09 20:57:12,273] Trial 378 finished with values: [0.8400986701046353, 0.35074626865671643] and parameters: {'psi': 0.8081748226520674, 'lda_t': 6.2301590800376205}.
[I 2025-08-09 20:57:17,689] Trial 379 finished with values: [0.7731616053215069, 0.3460514640638864] and parameters: {'psi': 0.9766795139026127, 'lda_t': 0.0004470634849321589}.
[I 2025-08-09 20:57:23,098] Trial 380 finished with values: [0.774492934004968, 0.3463587921847247] and parameters: {'psi': 0.9766795139026127, 'lda_t': 0.001678045517258828}.
[I 2025-08-09 20:57:28,505] Trial 381 finished with values: [0.7734084249846319, 0.33156028368794327] and parameters: {'psi': 0.10560647510801957, 'lda_t': 6.865994920425313e-05}.
[I 2025-08-09 20:57:33,912] Trial 382 finished with values: [0.8271304494599435, 0.3333333333333333] and parameters: {'psi': 0.3543875340742896, 'lda_t': 1.240367538175443}.
[I 2025-08-09 20:57:39,324] Trial 383 finished with values: [0.7768899460269842, 0.33868092691622104] and parameters: {'psi': 0.6565268315781635, 'lda_t': 1.2198121994828912e-05}.
[I 2025-08-09 20:57:44,733] Trial 384 finished with values: [0.7795143637277887, 0.33719892952720787] and parameters: {'psi': 0.6305498436875624, 'lda_t': 0.0010915305443282924}.
[I 2025-08-09 20:57:50,153] Trial 385 finished with values: [0.8274170597686517, 0.33732718894009217] and parameters: {'psi': 0.37006885237614784, 'lda_t': 0.2930681176590656}.
[I 2025-08-09 20:57:55,557] Trial 386 finished with values: [0.844547895369, 0.34967622571692875] and parameters: {'psi': 0.9691314555970741, 'lda_t': 9.191672928527776}.
[I 2025-08-09 20:58:00,974] Trial 387 finished with values: [0.7719761756718495, 0.3321492007104796] and parameters: {'psi': 0.08899507219724001, 'lda_t': 2.4862169788145617e-05}.
[I 2025-08-09 20:58:06,389] Trial 388 finished with values: [0.8396949341053004, 0.3484708063021316] and parameters: {'psi': 0.7616372210479807, 'lda_t': 6.2301590800376205}.
[I 2025-08-09 20:58:11,802] Trial 389 finished with values: [0.7737762210460212, 0.3434704830053667] and parameters: {'psi': 0.8081748226520674, 'lda_t': 2.317741927855719e-05}.
[I 2025-08-09 20:58:17,223] Trial 390 finished with values: [0.7828667791001988, 0.32972972972972975] and parameters: {'psi': 0.10182388816398713, 'lda_t': 9.191672928527776}.
[I 2025-08-09 20:58:22,632] Trial 391 finished with values: [0.7772651760933951, 0.3375] and parameters: {'psi': 0.5378892184128448, 'lda_t': 5.03964990823461e-06}.
[I 2025-08-09 20:58:28,040] Trial 392 finished with values: [0.774456245318315, 0.3401969561324978] and parameters: {'psi': 0.7828241575426427, 'lda_t': 7.284313390373345e-07}.
[I 2025-08-09 20:58:33,450] Trial 393 finished with values: [0.8374842000652267, 0.34444444444444444] and parameters: {'psi': 0.688681746392728, 'lda_t': 2.3550248562434226}.
[I 2025-08-09 20:58:38,869] Trial 394 finished with values: [0.7773193534105665, 0.3378016085790885] and parameters: {'psi': 0.5590405495233082, 'lda_t': 1.3254294571515785e-08}.
[I 2025-08-09 20:58:44,286] Trial 395 finished with values: [0.7764226733516378, 0.33868092691622104] and parameters: {'psi': 0.7093309057799781, 'lda_t': 0.00020654080430404636}.
[I 2025-08-09 20:58:49,695] Trial 396 finished with values: [0.8366121217495347, 0.3435468895078923] and parameters: {'psi': 0.7828241575426427, 'lda_t': 0.2128606641076134}.
[I 2025-08-09 20:58:55,113] Trial 397 finished with values: [0.7695552571732532, 0.34433541480820695] and parameters: {'psi': 0.8848693163684447, 'lda_t': 6.585738517932184e-08}.
[I 2025-08-09 20:59:00,530] Trial 398 finished with values: [0.8422605750325893, 0.34579439252336447] and parameters: {'psi': 0.9109340030778432, 'lda_t': 2.052131398088224}.
[I 2025-08-09 20:59:05,943] Trial 399 finished with values: [0.8401130032941735, 0.35074626865671643] and parameters: {'psi': 0.8115692412541653, 'lda_t': 9.191672928527776}.
[I 2025-08-09 20:59:11,355] Trial 400 finished with values: [0.8400986701046353, 0.35074626865671643] and parameters: {'psi': 0.8081748226520674, 'lda_t': 4.303236154365797}.
[I 2025-08-09 20:59:16,769] Trial 401 finished with values: [0.8443020383827841, 0.34967622571692875] and parameters: {'psi': 0.9665982152739746, 'lda_t': 9.191672928527776}.
[I 2025-08-09 20:59:22,182] Trial 402 finished with values: [0.7741317697178427, 0.341987466427932] and parameters: {'psi': 0.8009033683408329, 'lda_t': 0.0001332978636253504}.
[I 2025-08-09 20:59:27,591] Trial 403 finished with values: [0.8452700100150488, 0.3515263644773358] and parameters: {'psi': 0.9766795139026127, 'lda_t': 3.092393585604402}.
[I 2025-08-09 20:59:33,006] Trial 404 finished with values: [0.8276701903137376, 0.33579335793357934] and parameters: {'psi': 0.383979134621113, 'lda_t': 4.303236154365797}.
[I 2025-08-09 20:59:38,426] Trial 405 finished with values: [0.7755730040151114, 0.336] and parameters: {'psi': 0.294175902928422, 'lda_t': 1.6774175520770982e-07}.
[I 2025-08-09 20:59:43,840] Trial 406 finished with values: [0.8437208489398413, 0.35304990757855825] and parameters: {'psi': 0.9773863460064537, 'lda_t': 0.3746870695694132}.
[I 2025-08-09 20:59:49,245] Trial 407 finished with values: [0.8400986701046353, 0.35074626865671643] and parameters: {'psi': 0.8081748226520674, 'lda_t': 6.2301590800376205}.
[I 2025-08-09 20:59:54,663] Trial 408 finished with values: [0.7761879941139794, 0.3460514640638864] and parameters: {'psi': 0.9921105302586509, 'lda_t': 4.441847246457156e-08}.
[I 2025-08-09 21:00:00,173] Trial 409 finished with values: [0.8396778733311862, 0.34726090993500464] and parameters: {'psi': 0.7596754923851501, 'lda_t': 0.583125503130615}.
[I 2025-08-09 21:00:05,588] Trial 410 finished with values: [0.8399927756446164, 0.35435992578849723] and parameters: {'psi': 0.7888164366715184, 'lda_t': 4.701523194598291}.
[I 2025-08-09 21:00:11,001] Trial 411 finished with values: [0.773673321580831, 0.3434704830053667] and parameters: {'psi': 0.8115692412541653, 'lda_t': 2.4128356962340827e-05}.
[I 2025-08-09 21:00:16,413] Trial 412 finished with values: [0.8343797809610531, 0.34501845018450183] and parameters: {'psi': 0.6250555385119038, 'lda_t': 0.3746870695694132}.
[I 2025-08-09 21:00:21,833] Trial 413 finished with values: [0.7827466049326923, 0.33363068688670827] and parameters: {'psi': 0.3026960926347009, 'lda_t': 0.0015256440719937686}.
[I 2025-08-09 21:00:27,250] Trial 414 finished with values: [0.7731874906339559, 0.3434704830053667] and parameters: {'psi': 0.8263653079701925, 'lda_t': 6.585497669020436e-06}.
[I 2025-08-09 21:00:32,667] Trial 415 finished with values: [0.7756047723531172, 0.336] and parameters: {'psi': 0.29657913293164906, 'lda_t': 1.023934515846812e-07}.
[I 2025-08-09 21:00:38,082] Trial 416 finished with values: [0.8446272627319638, 0.35185185185185186] and parameters: {'psi': 0.9739640995599191, 'lda_t': 0.5757178349466813}.
[I 2025-08-09 21:00:43,498] Trial 417 finished with values: [0.7597031682017976, 0.3257042253521127] and parameters: {'psi': 0.024167021837791958, 'lda_t': 2.4726351143586352e-05}.
[I 2025-08-09 21:00:48,913] Trial 418 finished with values: [0.771397072028877, 0.3449508489722967] and parameters: {'psi': 0.9109340030778432, 'lda_t': 0.0026558272719909913}.
[I 2025-08-09 21:00:54,328] Trial 419 finished with values: [0.8387237000679544, 0.34967622571692875] and parameters: {'psi': 0.7214103614220865, 'lda_t': 3.092393585604402}.
[I 2025-08-09 21:00:59,742] Trial 420 finished with values: [0.7763238920043372, 0.3401969561324978] and parameters: {'psi': 0.8009033683408329, 'lda_t': 0.0015068931761035179}.
[I 2025-08-09 21:01:05,156] Trial 421 finished with values: [0.7572472189601143, 0.3294746215494212] and parameters: {'psi': 0.02655603883964175, 'lda_t': 0.6793153912117685}.
[I 2025-08-09 21:01:10,571] Trial 422 finished with values: [0.7715167113758782, 0.3460514640638864] and parameters: {'psi': 0.9685258541884897, 'lda_t': 1.4461363200200236e-05}.
[I 2025-08-09 21:01:15,987] Trial 423 finished with values: [0.7772124427915876, 0.33719892952720787] and parameters: {'psi': 0.6177021692005699, 'lda_t': 1.019592181146021e-07}.
[I 2025-08-09 21:01:21,401] Trial 424 finished with values: [0.8272377879353265, 0.3333333333333333] and parameters: {'psi': 0.35997485823912967, 'lda_t': 0.3746870695694132}.
[I 2025-08-09 21:01:26,820] Trial 425 finished with values: [0.7736472758222304, 0.3434704830053667] and parameters: {'psi': 0.8115692412541653, 'lda_t': 2.2411370388540632e-06}.
[I 2025-08-09 21:01:32,236] Trial 426 finished with values: [0.8400549217873146, 0.35228331780055916] and parameters: {'psi': 0.8081748226520674, 'lda_t': 0.583125503130615}.
[I 2025-08-09 21:01:37,651] Trial 427 finished with values: [0.7796833135253647, 0.3345323741007194] and parameters: {'psi': 0.09282378811572523, 'lda_t': 4.303236154365797}.
[I 2025-08-09 21:01:43,064] Trial 428 finished with values: [0.8398125411343821, 0.35032437442076] and parameters: {'psi': 0.7696436202650009, 'lda_t': 6.2301590800376205}.
[I 2025-08-09 21:01:48,485] Trial 429 finished with values: [0.7745326711685006, 0.3342222222222222] and parameters: {'psi': 0.2010577216764423, 'lda_t': 8.335717779609891e-07}.
[I 2025-08-09 21:01:53,899] Trial 430 finished with values: [0.7760870734846583, 0.3460514640638864] and parameters: {'psi': 0.9917523056128771, 'lda_t': 8.197682449207965e-07}.
[I 2025-08-09 21:01:59,313] Trial 431 finished with values: [0.8281147865996658, 0.3336405529953917] and parameters: {'psi': 0.4170667348806272, 'lda_t': 4.245916946119493}.
[I 2025-08-09 21:02:04,720] Trial 432 finished with values: [0.7728069123624935, 0.3460514640638864] and parameters: {'psi': 0.9766795139026127, 'lda_t': 1.2541253158469979e-05}.
[I 2025-08-09 21:02:10,129] Trial 433 finished with values: [0.8377962143479292, 0.34944237918215615] and parameters: {'psi': 0.8115692412541653, 'lda_t': 0.2779356617966023}.
[I 2025-08-09 21:02:15,544] Trial 434 finished with values: [0.84083281821205, 0.3498596819457437] and parameters: {'psi': 0.8729541676016687, 'lda_t': 6.841357722901634}.
[I 2025-08-09 21:02:20,965] Trial 435 finished with values: [0.7754082258174758, 0.34458259325044405] and parameters: {'psi': 0.9889723132736093, 'lda_t': 0.00011995127828871518}.
[I 2025-08-09 21:02:26,385] Trial 436 finished with values: [0.7859462755688323, 0.34470377019748655] and parameters: {'psi': 0.9581997752696425, 'lda_t': 0.012606744787850375}.
[I 2025-08-09 21:02:31,799] Trial 437 finished with values: [0.8432133042804573, 0.34450651769087526] and parameters: {'psi': 0.9439091549510262, 'lda_t': 6.2301590800376205}.
[I 2025-08-09 21:02:37,333] Trial 438 finished with values: [0.7519273059133713, 0.3139635732870772] and parameters: {'psi': 0.016330264157338514, 'lda_t': 2.9894633720189594e-08}.
[I 2025-08-09 21:02:42,745] Trial 439 finished with values: [0.8402360120103571, 0.350187265917603] and parameters: {'psi': 0.8546379060760234, 'lda_t': 1.240367538175443}.
[I 2025-08-09 21:02:48,166] Trial 440 finished with values: [0.775262754640076, 0.336] and parameters: {'psi': 0.26391101932912386, 'lda_t': 1.5967084529481844e-07}.
[I 2025-08-09 21:02:53,574] Trial 441 finished with values: [0.8446610099058385, 0.3515263644773358] and parameters: {'psi': 0.9766795139026127, 'lda_t': 0.5092447454206566}.
[I 2025-08-09 21:02:58,991] Trial 442 finished with values: [0.8416772463076261, 0.3464419475655431] and parameters: {'psi': 0.8957867645176334, 'lda_t': 4.303236154365797}.
[I 2025-08-09 21:03:04,399] Trial 443 finished with values: [0.7739340465770899, 0.3434704830053667] and parameters: {'psi': 0.8081748226520674, 'lda_t': 0.00014548575448486366}.
[I 2025-08-09 21:03:09,818] Trial 444 finished with values: [0.8353943889413666, 0.3471837488457987] and parameters: {'psi': 0.6441592588845327, 'lda_t': 1.5669976733076139}.
[I 2025-08-09 21:03:15,233] Trial 445 finished with values: [0.8443020383827841, 0.34967622571692875] and parameters: {'psi': 0.9665982152739746, 'lda_t': 9.191672928527776}.
[I 2025-08-09 21:03:20,651] Trial 446 finished with values: [0.8308524258014099, 0.3339587242026266] and parameters: {'psi': 0.6745300308222285, 'lda_t': 0.09539505248372265}.
[I 2025-08-09 21:03:26,078] Trial 447 finished with values: [0.7796427206490238, 0.34587813620071683] and parameters: {'psi': 0.9109340030778432, 'lda_t': 0.007735775817010859}.
[I 2025-08-09 21:03:31,491] Trial 448 finished with values: [0.8169795562722626, 0.3385753931544866] and parameters: {'psi': 0.6503571563650151, 'lda_t': 0.06614090919815044}.
[I 2025-08-09 21:03:36,906] Trial 449 finished with values: [0.8401130032941735, 0.35074626865671643] and parameters: {'psi': 0.8115692412541653, 'lda_t': 4.701523194598291}.
[I 2025-08-09 21:03:42,319] Trial 450 finished with values: [0.8266612514307785, 0.3250230840258541] and parameters: {'psi': 0.3333690333697944, 'lda_t': 4.303236154365797}.
[I 2025-08-09 21:03:47,734] Trial 451 finished with values: [0.843490822640578, 0.34726090993500464] and parameters: {'psi': 0.9531274480174381, 'lda_t': 2.3295530168904848}.
[I 2025-08-09 21:03:53,148] Trial 452 finished with values: [0.8399536267836397, 0.35435992578849723] and parameters: {'psi': 0.7839744711180173, 'lda_t': 9.191672928527776}.
[I 2025-08-09 21:03:58,560] Trial 453 finished with values: [0.8446272627319638, 0.35185185185185186] and parameters: {'psi': 0.9739640995599191, 'lda_t': 0.5757178349466813}.
[I 2025-08-09 21:04:03,974] Trial 454 finished with values: [0.7750418202893999, 0.33989266547406083] and parameters: {'psi': 0.7754284713467854, 'lda_t': 0.0002940281306431478}.
[I 2025-08-09 21:04:09,379] Trial 455 finished with values: [0.8327271321180999, 0.3459759481961147] and parameters: {'psi': 0.5897709428610797, 'lda_t': 4.303236154365797}.
[I 2025-08-09 21:04:14,799] Trial 456 finished with values: [0.7551736128975601, 0.3268206039076377] and parameters: {'psi': 0.02323977462118565, 'lda_t': 1.8630265112418882}.
[I 2025-08-09 21:04:20,215] Trial 457 finished with values: [0.7773647596714534, 0.3378016085790885] and parameters: {'psi': 0.5449144317865294, 'lda_t': 3.374433121080574e-05}.
[I 2025-08-09 21:04:25,629] Trial 458 finished with values: [0.7751666473953012, 0.336] and parameters: {'psi': 0.2545892445322784, 'lda_t': 3.179082258596755e-08}.
[I 2025-08-09 21:04:31,039] Trial 459 finished with values: [0.8375550637821586, 0.34444444444444444] and parameters: {'psi': 0.6902410008257305, 'lda_t': 4.303236154365797}.
[I 2025-08-09 21:04:36,449] Trial 460 finished with values: [0.8399927756446164, 0.35435992578849723] and parameters: {'psi': 0.7888164366715184, 'lda_t': 6.2301590800376205}.
[I 2025-08-09 21:04:41,857] Trial 461 finished with values: [0.8450118521572145, 0.3512014787430684] and parameters: {'psi': 0.9739640995599191, 'lda_t': 3.092393585604402}.
[I 2025-08-09 21:04:47,272] Trial 462 finished with values: [0.8399536267836397, 0.35435992578849723] and parameters: {'psi': 0.7839744711180173, 'lda_t': 6.2301590800376205}.
[I 2025-08-09 21:04:52,680] Trial 463 finished with values: [0.8411601283611998, 0.3479887745556595] and parameters: {'psi': 0.8883353693006159, 'lda_t': 0.583125503130615}.
[I 2025-08-09 21:04:58,097] Trial 464 finished with values: [0.772958694421854, 0.3460514640638864] and parameters: {'psi': 0.9766795139026127, 'lda_t': 0.00021010285197384888}.
[I 2025-08-09 21:05:03,509] Trial 465 finished with values: [0.7744241560880062, 0.3401969561324978] and parameters: {'psi': 0.7839744711180173, 'lda_t': 9.332443801194533e-08}.
[I 2025-08-09 21:05:08,930] Trial 466 finished with values: [0.7815247540066346, 0.33123312331233123] and parameters: {'psi': 0.0980015607789455, 'lda_t': 6.2301590800376205}.
[I 2025-08-09 21:05:14,450] Trial 467 finished with values: [0.8399464601888708, 0.35435992578849723] and parameters: {'psi': 0.7839744711180173, 'lda_t': 0.5757178349466813}.
[I 2025-08-09 21:05:19,866] Trial 468 finished with values: [0.7727983552344113, 0.34574468085106386] and parameters: {'psi': 0.9766795139026127, 'lda_t': 1.1142840593153393e-06}.
[I 2025-08-09 21:05:25,285] Trial 469 finished with values: [0.7723385700461368, 0.3333333333333333] and parameters: {'psi': 0.1074377042618222, 'lda_t': 2.3085626206180464e-08}.
[I 2025-08-09 21:05:30,683] Trial 470 finished with values: [0.7319508508512899, 0.2905982905982906] and parameters: {'psi': 0.007079077060382244, 'lda_t': 0.015574275211323443}.
[I 2025-08-09 21:05:36,095] Trial 471 finished with values: [0.8392839780291458, 0.3491179201485608] and parameters: {'psi': 0.7421056971295049, 'lda_t': 1.8630265112418882}.
[I 2025-08-09 21:05:41,503] Trial 472 finished with values: [0.8436550125356579, 0.35304990757855825] and parameters: {'psi': 0.9766795139026127, 'lda_t': 0.3746870695694132}.
[I 2025-08-09 21:05:46,913] Trial 473 finished with values: [0.7770998630752544, 0.33689839572192515] and parameters: {'psi': 0.42283432025469725, 'lda_t': 0.0001297505956923053}.
[I 2025-08-09 21:05:52,324] Trial 474 finished with values: [0.8399927756446164, 0.35435992578849723] and parameters: {'psi': 0.7888164366715184, 'lda_t': 1.908736160465488}.
[I 2025-08-09 21:05:57,741] Trial 475 finished with values: [0.8466861077485759, 0.3567467652495379] and parameters: {'psi': 0.9889723132736093, 'lda_t': 4.303236154365797}.
[I 2025-08-09 21:06:03,157] Trial 476 finished with values: [0.7744266162623299, 0.3401969561324978] and parameters: {'psi': 0.7839744711180173, 'lda_t': 1.8911736413124815e-06}.
[I 2025-08-09 21:06:08,574] Trial 477 finished with values: [0.8432009499267884, 0.34418604651162793] and parameters: {'psi': 0.9432708905514361, 'lda_t': 4.701523194598291}.
[I 2025-08-09 21:06:13,990] Trial 478 finished with values: [0.7707039981362575, 0.3318544809228039] and parameters: {'psi': 0.07644187299845495, 'lda_t': 3.780391981818137e-06}.
[I 2025-08-09 21:06:19,406] Trial 479 finished with values: [0.8275807148432266, 0.3299161230195713] and parameters: {'psi': 0.5281830071484678, 'lda_t': 0.07577195068793735}.
[I 2025-08-09 21:06:24,819] Trial 480 finished with values: [0.7764904885916903, 0.33629893238434166] and parameters: {'psi': 0.40297631559248626, 'lda_t': 4.751222114954383e-06}.
[I 2025-08-09 21:06:30,235] Trial 481 finished with values: [0.8400986701046353, 0.35074626865671643] and parameters: {'psi': 0.8081748226520674, 'lda_t': 4.303236154365797}.
[I 2025-08-09 21:06:35,646] Trial 482 finished with values: [0.8269013858375893, 0.32995391705069127] and parameters: {'psi': 0.342747305215211, 'lda_t': 3.092393585604402}.
[I 2025-08-09 21:06:41,048] Trial 483 finished with values: [0.8463395975432914, 0.35707678075855687] and parameters: {'psi': 0.9889723132736093, 'lda_t': 0.583125503130615}.
[I 2025-08-09 21:06:46,464] Trial 484 finished with values: [0.7729444681964173, 0.3330380868024801] and parameters: {'psi': 0.12410607785358896, 'lda_t': 5.0034869005294345e-08}.
[I 2025-08-09 21:06:51,864] Trial 485 finished with values: [0.8452700100150488, 0.3515263644773358] and parameters: {'psi': 0.9766795139026127, 'lda_t': 4.303236154365797}.
[I 2025-08-09 21:06:57,277] Trial 486 finished with values: [0.8161429365560618, 0.3425925925925926] and parameters: {'psi': 0.5668866942442327, 'lda_t': 0.0584868171104854}.
[I 2025-08-09 21:07:02,673] Trial 487 finished with values: [0.8400986701046353, 0.35074626865671643] and parameters: {'psi': 0.8081748226520674, 'lda_t': 9.191672928527776}.
[I 2025-08-09 21:07:08,084] Trial 488 finished with values: [0.8401130032941735, 0.35074626865671643] and parameters: {'psi': 0.8115692412541653, 'lda_t': 4.701523194598291}.
[I 2025-08-09 21:07:13,486] Trial 489 finished with values: [0.844547895369, 0.34967622571692875] and parameters: {'psi': 0.9691314555970741, 'lda_t': 1.5776012308031384}.
[I 2025-08-09 21:07:18,894] Trial 490 finished with values: [0.844899967707538, 0.3515263644773358] and parameters: {'psi': 0.9766795139026127, 'lda_t': 0.583125503130615}.
[I 2025-08-09 21:07:24,305] Trial 491 finished with values: [0.8437208489398413, 0.35304990757855825] and parameters: {'psi': 0.9773863460064537, 'lda_t': 0.3746870695694132}.
[I 2025-08-09 21:07:29,725] Trial 492 finished with values: [0.8242403329321822, 0.31897341888175984] and parameters: {'psi': 0.27511523612428956, 'lda_t': 3.092393585604402}.
[I 2025-08-09 21:07:35,128] Trial 493 finished with values: [0.7771299734696941, 0.33901345291479823] and parameters: {'psi': 0.7888164366715184, 'lda_t': 0.0017297629495745886}.
[I 2025-08-09 21:07:40,552] Trial 494 finished with values: [0.8401130032941735, 0.35074626865671643] and parameters: {'psi': 0.8115692412541653, 'lda_t': 9.191672928527776}.
[I 2025-08-09 21:07:45,969] Trial 495 finished with values: [0.8398094926575028, 0.3479887745556595] and parameters: {'psi': 0.8265381707930713, 'lda_t': 0.5092447454206566}.
[I 2025-08-09 21:07:51,382] Trial 496 finished with values: [0.8348613868259377, 0.3456561922365989] and parameters: {'psi': 0.6332288202077966, 'lda_t': 8.226755034236685}.
[I 2025-08-09 21:07:56,798] Trial 497 finished with values: [0.8280350448623484, 0.33056325023084027] and parameters: {'psi': 0.4087170014312509, 'lda_t': 0.583125503130615}.
[I 2025-08-09 21:08:02,207] Trial 498 finished with values: [0.7950964661093337, 0.34782608695652173] and parameters: {'psi': 0.9889723132736093, 'lda_t': 0.02554857364064363}.
[I 2025-08-09 21:08:07,630] Trial 499 finished with values: [0.8428393577832589, 0.3463687150837989] and parameters: {'psi': 0.9317431355322936, 'lda_t': 4.303236154365797}.
