[I 2025-08-09 21:36:59,104] Trial 248 finished with values: [0.8900407056313648, 0.2692307692307692] and parameters: {'psi': 0.8325360181625643, 'lda_t': 0.0006823965287193307}.
[I 2025-08-09 21:37:05,253] Trial 249 finished with values: [0.9408129645080194, 0.4638619201725998] and parameters: {'psi': 0.5871759744759442, 'lda_t': 0.13601664132415672}.
[I 2025-08-09 21:37:11,407] Trial 250 finished with values: [0.9511621620138105, 0.5336426914153132] and parameters: {'psi': 0.90554410564616, 'lda_t': 7.543610748783837}.
[I 2025-08-09 21:37:17,562] Trial 251 finished with values: [0.8984448472772649, 0.2714420358152686] and parameters: {'psi': 0.5942192448760191, 'lda_t': 3.13372297744601e-05}.
[I 2025-08-09 21:37:23,738] Trial 252 finished with values: [0.9390513332821026, 0.4402116402116402] and parameters: {'psi': 0.39421636937033266, 'lda_t': 0.3147332388004365}.
[I 2025-08-09 21:37:29,885] Trial 253 finished with values: [0.9384471984059897, 0.44350580781414994] and parameters: {'psi': 0.6046765630520546, 'lda_t': 0.09150050317968497}.
[I 2025-08-09 21:37:36,024] Trial 254 finished with values: [0.8959375102919058, 0.27246925260170296] and parameters: {'psi': 0.6771605948655369, 'lda_t': 0.00013795336780875276}.
[I 2025-08-09 21:37:42,173] Trial 255 finished with values: [0.8867436364002297, 0.27115384615384613] and parameters: {'psi': 0.9294209350136886, 'lda_t': 0.0009567768426009059}.
[I 2025-08-09 21:37:48,314] Trial 256 finished with values: [0.8857904915597223, 0.27167630057803466] and parameters: {'psi': 0.9294209350136886, 'lda_t': 4.042933263013768e-05}.
[I 2025-08-09 21:37:54,468] Trial 257 finished with values: [0.9446091911751253, 0.4749455337690632] and parameters: {'psi': 0.823682730911673, 'lda_t': 0.13601664132415672}.
[I 2025-08-09 21:38:00,606] Trial 258 finished with values: [0.8987993462581375, 0.2711864406779661] and parameters: {'psi': 0.5800887101128266, 'lda_t': 1.5273577096315718e-07}.
[I 2025-08-09 21:38:06,749] Trial 259 finished with values: [0.8998145855975527, 0.2700661000944287] and parameters: {'psi': 0.5757690127572062, 'lda_t': 0.0007944029728735464}.
[I 2025-08-09 21:38:12,901] Trial 260 finished with values: [0.9500308528467869, 0.5124716553287982] and parameters: {'psi': 0.8501319890038643, 'lda_t': 1.7459166230229832}.
[I 2025-08-09 21:38:19,040] Trial 261 finished with values: [0.9429818121439001, 0.46905537459283386] and parameters: {'psi': 0.6268087397594408, 'lda_t': 0.4935131079944695}.
[I 2025-08-09 21:38:25,189] Trial 262 finished with values: [0.9419451885111225, 0.4657236126224157] and parameters: {'psi': 0.5967760447762293, 'lda_t': 1.2209733228569408}.
[I 2025-08-09 21:38:31,336] Trial 263 finished with values: [0.8882696973356313, 0.2692307692307692] and parameters: {'psi': 0.8576340619017008, 'lda_t': 8.746925657612004e-06}.
[I 2025-08-09 21:38:37,485] Trial 264 finished with values: [0.9414520918641798, 0.4603691639522258] and parameters: {'psi': 0.5800887101128266, 'lda_t': 7.543610748783837}.
[I 2025-08-09 21:38:43,645] Trial 265 finished with values: [0.948647391985304, 0.4879120879120879] and parameters: {'psi': 0.77751704429769, 'lda_t': 0.4935131079944695}.
[I 2025-08-09 21:38:49,790] Trial 266 finished with values: [0.9495995076352218, 0.5050279329608939] and parameters: {'psi': 0.823682730911673, 'lda_t': 7.934655514654622}.
[I 2025-08-09 21:38:55,939] Trial 267 finished with values: [0.9046737374347265, 0.2702702702702703] and parameters: {'psi': 0.28187385406617094, 'lda_t': 1.935304335524143e-06}.
[I 2025-08-09 21:39:02,089] Trial 268 finished with values: [0.9001020728355894, 0.27204502814258913] and parameters: {'psi': 0.5300875308855388, 'lda_t': 5.529770940787304e-08}.
[I 2025-08-09 21:39:08,237] Trial 269 finished with values: [0.8928312987378921, 0.2716049382716049] and parameters: {'psi': 0.7556054393417937, 'lda_t': 2.718501746454897e-07}.
[I 2025-08-09 21:39:14,393] Trial 270 finished with values: [0.9511623907228304, 0.5336426914153132] and parameters: {'psi': 0.905550734364958, 'lda_t': 7.543610748783837}.
[I 2025-08-09 21:39:20,543] Trial 271 finished with values: [0.9466134826711751, 0.48737650933040616] and parameters: {'psi': 0.7258004527978222, 'lda_t': 0.4935131079944695}.
[I 2025-08-09 21:39:26,707] Trial 272 finished with values: [0.8945266043480329, 0.27177033492822966] and parameters: {'psi': 0.7534388567627393, 'lda_t': 0.001931274189248883}.
[I 2025-08-09 21:39:32,864] Trial 273 finished with values: [0.9500040938914566, 0.5124716553287982] and parameters: {'psi': 0.8501319890038643, 'lda_t': 0.4935131079944695}.
[I 2025-08-09 21:39:39,007] Trial 274 finished with values: [0.8896410366190586, 0.2692307692307692] and parameters: {'psi': 0.8343348856502816, 'lda_t': 0.00034607567111597225}.
[I 2025-08-09 21:39:45,169] Trial 275 finished with values: [0.8489936116996557, 0.2726406101048618] and parameters: {'psi': 0.0045788044681081, 'lda_t': 2.8030035694014375}.
[I 2025-08-09 21:39:51,317] Trial 276 finished with values: [0.8865021196751965, 0.2684563758389262] and parameters: {'psi': 0.8959590121312229, 'lda_t': 2.045214688604801e-05}.
[I 2025-08-09 21:39:57,459] Trial 277 finished with values: [0.9405727056825959, 0.45610278372591007] and parameters: {'psi': 0.5342928165501648, 'lda_t': 0.9656340018554671}.
[I 2025-08-09 21:40:03,607] Trial 278 finished with values: [0.8981563308486386, 0.27956989247311825] and parameters: {'psi': 0.8959590121312229, 'lda_t': 0.013610292025043201}.
[I 2025-08-09 21:40:09,753] Trial 279 finished with values: [0.8865104675544235, 0.2684563758389262] and parameters: {'psi': 0.8959590121312229, 'lda_t': 2.883739323444626e-05}.
[I 2025-08-09 21:40:15,909] Trial 280 finished with values: [0.9539500106120986, 0.539906103286385] and parameters: {'psi': 0.9482966282198192, 'lda_t': 1.3971093428867183}.
[I 2025-08-09 21:40:22,066] Trial 281 finished with values: [0.8999981245860367, 0.27204502814258913] and parameters: {'psi': 0.5342928165501648, 'lda_t': 1.038148884744763e-07}.
[I 2025-08-09 21:40:28,214] Trial 282 finished with values: [0.9157771029336964, 0.3188976377952756] and parameters: {'psi': 0.15143435006628658, 'lda_t': 2.2916277855980725}.
[I 2025-08-09 21:40:34,371] Trial 283 finished with values: [0.9419451885111225, 0.4657236126224157] and parameters: {'psi': 0.5967760447762293, 'lda_t': 1.2209733228569408}.
[I 2025-08-09 21:40:40,626] Trial 284 finished with values: [0.899256993006993, 0.2700661000944287] and parameters: {'psi': 0.6077783166701676, 'lda_t': 0.0012847885686093088}.
[I 2025-08-09 21:40:46,782] Trial 285 finished with values: [0.9026088380483984, 0.27128157156220767] and parameters: {'psi': 0.4069711700307478, 'lda_t': 1.0170032444454146e-07}.
[I 2025-08-09 21:40:52,927] Trial 286 finished with values: [0.9058109930362678, 0.27001862197392923] and parameters: {'psi': 0.14215842302670145, 'lda_t': 5.861054593122021e-08}.
[I 2025-08-09 21:40:59,068] Trial 287 finished with values: [0.9475821797250368, 0.4857142857142857] and parameters: {'psi': 0.7534388567627393, 'lda_t': 8.364589791880613}.
[I 2025-08-09 21:41:05,212] Trial 288 finished with values: [0.9070663768465965, 0.28924833491912466] and parameters: {'psi': 0.07785989402990934, 'lda_t': 0.4935131079944695}.
[I 2025-08-09 21:41:11,361] Trial 289 finished with values: [0.8985793281809766, 0.2714420358152686] and parameters: {'psi': 0.5882286046477512, 'lda_t': 3.231681586651726e-06}.
[I 2025-08-09 21:41:17,511] Trial 290 finished with values: [0.885905417842231, 0.27167630057803466] and parameters: {'psi': 0.9294209350136886, 'lda_t': 0.00017197521753898882}.
[I 2025-08-09 21:41:23,658] Trial 291 finished with values: [0.909795218517746, 0.29158512720156554] and parameters: {'psi': 0.823682730911673, 'lda_t': 0.02697678974948534}.
[I 2025-08-09 21:41:29,814] Trial 292 finished with values: [0.9419451885111225, 0.4657236126224157] and parameters: {'psi': 0.5967760447762293, 'lda_t': 5.320026795769765}.
[I 2025-08-09 21:41:35,967] Trial 293 finished with values: [0.9189383190070002, 0.2953020134228188] and parameters: {'psi': 0.5967760447762293, 'lda_t': 0.03147351029406839}.
[I 2025-08-09 21:41:42,114] Trial 294 finished with values: [0.9260502546903646, 0.3516260162601626] and parameters: {'psi': 0.24052490611187205, 'lda_t': 2.2916277855980725}.
[I 2025-08-09 21:41:48,280] Trial 295 finished with values: [0.9517162096145613, 0.5367561260210035] and parameters: {'psi': 0.9173349141483825, 'lda_t': 0.4935131079944695}.
[I 2025-08-09 21:41:54,438] Trial 296 finished with values: [0.9184939373813001, 0.32803180914512925] and parameters: {'psi': 0.17972726791924198, 'lda_t': 1.3971093428867183}.
[I 2025-08-09 21:42:00,580] Trial 297 finished with values: [0.8958055451874134, 0.27246925260170296] and parameters: {'psi': 0.6771605948655369, 'lda_t': 1.1407027108571466e-07}.
[I 2025-08-09 21:42:06,734] Trial 298 finished with values: [0.9439943069750761, 0.4759825327510917] and parameters: {'psi': 0.6551223256245526, 'lda_t': 1.0426937773752019}.
[I 2025-08-09 21:42:12,875] Trial 299 finished with values: [0.9405727056825959, 0.45610278372591007] and parameters: {'psi': 0.5342928165501648, 'lda_t': 5.320026795769765}.
[I 2025-08-09 21:42:19,029] Trial 300 finished with values: [0.9391080531190422, 0.4402116402116402] and parameters: {'psi': 0.39638210925244866, 'lda_t': 8.082376624614161}.
[I 2025-08-09 21:42:25,182] Trial 301 finished with values: [0.9485537356416478, 0.5170068027210885] and parameters: {'psi': 0.8576340619017008, 'lda_t': 0.235604208175753}.
[I 2025-08-09 21:42:31,334] Trial 302 finished with values: [0.9500308528467869, 0.5124716553287982] and parameters: {'psi': 0.8501319890038643, 'lda_t': 2.3301984015398043}.
[I 2025-08-09 21:42:37,472] Trial 303 finished with values: [0.9403458263348373, 0.45610278372591007] and parameters: {'psi': 0.5124418516316643, 'lda_t': 0.48181453925929424}.
[I 2025-08-09 21:42:43,622] Trial 304 finished with values: [0.9508038893341091, 0.5282583621683967] and parameters: {'psi': 0.8959590121312229, 'lda_t': 2.3301984015398043}.
[I 2025-08-09 21:42:49,761] Trial 305 finished with values: [0.8926059059987631, 0.2718631178707224] and parameters: {'psi': 0.7608411294864915, 'lda_t': 1.5518621931427434e-06}.
[I 2025-08-09 21:42:55,920] Trial 306 finished with values: [0.933414456422698, 0.39539748953974896] and parameters: {'psi': 0.29702913644223017, 'lda_t': 0.4935131079944695}.
[I 2025-08-09 21:43:02,076] Trial 307 finished with values: [0.9492477531625884, 0.5067264573991032] and parameters: {'psi': 0.823682730911673, 'lda_t': 0.37531017297586977}.
[I 2025-08-09 21:43:08,245] Trial 308 finished with values: [0.9413861093119334, 0.4603691639522258] and parameters: {'psi': 0.577108476723944, 'lda_t': 1.2038613026009384}.
[I 2025-08-09 21:43:14,404] Trial 309 finished with values: [0.9511623907228304, 0.5336426914153132] and parameters: {'psi': 0.905550734364958, 'lda_t': 5.320026795769765}.
[I 2025-08-09 21:43:20,547] Trial 310 finished with values: [0.9396679327998009, 0.4427966101694915] and parameters: {'psi': 0.4288949297947575, 'lda_t': 0.4935131079944695}.
[I 2025-08-09 21:43:26,697] Trial 311 finished with values: [0.9516855626058922, 0.5320886814469078] and parameters: {'psi': 0.9173349141483825, 'lda_t': 0.44325303879841105}.
[I 2025-08-09 21:43:32,856] Trial 312 finished with values: [0.9192521077823275, 0.3273809523809524] and parameters: {'psi': 0.18701015749929462, 'lda_t': 2.1116000185874784}.
[I 2025-08-09 21:43:38,999] Trial 313 finished with values: [0.9389733435063105, 0.4371700105596621] and parameters: {'psi': 0.4047616297463248, 'lda_t': 0.14656121923143275}.
[I 2025-08-09 21:43:45,153] Trial 314 finished with values: [0.9407501838820521, 0.4559139784946237] and parameters: {'psi': 0.545300384668049, 'lda_t': 2.3301984015398043}.
[I 2025-08-09 21:43:51,309] Trial 315 finished with values: [0.9446979302748535, 0.4376321353065539] and parameters: {'psi': 0.9482966282198192, 'lda_t': 0.13601664132415672}.
[I 2025-08-09 21:43:57,460] Trial 316 finished with values: [0.9475020172135558, 0.4868421052631579] and parameters: {'psi': 0.7508024812657386, 'lda_t': 7.543610748783837}.
[I 2025-08-09 21:44:03,610] Trial 317 finished with values: [0.8983586239767558, 0.2714420358152686] and parameters: {'psi': 0.5967760447762293, 'lda_t': 1.8489335475595785e-05}.
[I 2025-08-09 21:44:09,861] Trial 318 finished with values: [0.9195936847035749, 0.3051506316812439] and parameters: {'psi': 0.7534388567627393, 'lda_t': 0.04939433666437392}.
[I 2025-08-09 21:44:16,013] Trial 319 finished with values: [0.939598405257746, 0.44232804232804235] and parameters: {'psi': 0.42379226207686105, 'lda_t': 1.8434402977111095}.
[I 2025-08-09 21:44:22,161] Trial 320 finished with values: [0.8863040576639478, 0.27606177606177607] and parameters: {'psi': 0.9482966282198192, 'lda_t': 5.581589694704833e-08}.
[I 2025-08-09 21:44:28,310] Trial 321 finished with values: [0.9416422634142414, 0.46304347826086956] and parameters: {'psi': 0.5869130264763354, 'lda_t': 1.2038613026009384}.
[I 2025-08-09 21:44:34,481] Trial 322 finished with values: [0.9323405532196741, 0.3891213389121339] and parameters: {'psi': 0.2871037506983245, 'lda_t': 1.2038613026009384}.
[I 2025-08-09 21:44:40,635] Trial 323 finished with values: [0.9101843669151362, 0.3029721955896453] and parameters: {'psi': 0.1015491029247576, 'lda_t': 0.4935131079944695}.
[I 2025-08-09 21:44:46,796] Trial 324 finished with values: [0.9495995076352218, 0.5050279329608939] and parameters: {'psi': 0.823682730911673, 'lda_t': 1.7459166230229832}.
[I 2025-08-09 21:44:52,963] Trial 325 finished with values: [0.9500308528467869, 0.5124716553287982] and parameters: {'psi': 0.8501319890038643, 'lda_t': 2.3211467905433607}.
[I 2025-08-09 21:44:59,120] Trial 326 finished with values: [0.9334884437906417, 0.39957939011566773] and parameters: {'psi': 0.3071979527725939, 'lda_t': 0.10995933565341563}.
[I 2025-08-09 21:45:05,281] Trial 327 finished with values: [0.9470983457934009, 0.49284928492849284] and parameters: {'psi': 0.7352769911541679, 'lda_t': 0.377398371937595}.
[I 2025-08-09 21:45:11,450] Trial 328 finished with values: [0.9511623907228304, 0.5336426914153132] and parameters: {'psi': 0.905550734364958, 'lda_t': 2.3301984015398043}.
[I 2025-08-09 21:45:17,609] Trial 329 finished with values: [0.9084777402085096, 0.28823529411764703] and parameters: {'psi': 0.8959590121312229, 'lda_t': 0.032332171626978094}.
[I 2025-08-09 21:45:23,777] Trial 330 finished with values: [0.9047840895368366, 0.2868369351669941] and parameters: {'psi': 0.8501319890038643, 'lda_t': 0.020151030487159702}.
[I 2025-08-09 21:45:29,930] Trial 331 finished with values: [0.8865687883545027, 0.2684563758389262] and parameters: {'psi': 0.8959590121312229, 'lda_t': 8.779718896382763e-05}.
[I 2025-08-09 21:45:36,091] Trial 332 finished with values: [0.9495995076352218, 0.5050279329608939] and parameters: {'psi': 0.823682730911673, 'lda_t': 4.446023787672254}.
[I 2025-08-09 21:45:42,253] Trial 333 finished with values: [0.945650617697321, 0.48726467331118495] and parameters: {'psi': 0.823682730911673, 'lda_t': 0.14891742464584182}.
[I 2025-08-09 21:45:48,425] Trial 334 finished with values: [0.9500308528467869, 0.5124716553287982] and parameters: {'psi': 0.8501319890038643, 'lda_t': 1.3971093428867183}.
[I 2025-08-09 21:45:54,584] Trial 335 finished with values: [0.9539500106120986, 0.539906103286385] and parameters: {'psi': 0.9482966282198192, 'lda_t': 1.9689947845603701}.
[I 2025-08-09 21:46:00,733] Trial 336 finished with values: [0.8898986773299961, 0.2689721421709894] and parameters: {'psi': 0.823682730911673, 'lda_t': 0.00010362852523996164}.
[I 2025-08-09 21:46:06,892] Trial 337 finished with values: [0.9375121215780557, 0.4288747346072187] and parameters: {'psi': 0.3506035598146614, 'lda_t': 8.082376624614161}.
[I 2025-08-09 21:46:13,052] Trial 338 finished with values: [0.8960827405195536, 0.2719546742209632] and parameters: {'psi': 0.6691760462260032, 'lda_t': 9.347903111649772e-07}.
[I 2025-08-09 21:46:19,203] Trial 339 finished with values: [0.9411026244817455, 0.4696969696969697] and parameters: {'psi': 0.6250196697348618, 'lda_t': 0.12357847467188993}.
[I 2025-08-09 21:46:25,362] Trial 340 finished with values: [0.9523632274319087, 0.539906103286385] and parameters: {'psi': 0.9294209350136886, 'lda_t': 1.2038613026009384}.
[I 2025-08-09 21:46:31,513] Trial 341 finished with values: [0.9266578202017762, 0.35845213849287166] and parameters: {'psi': 0.24461028092012882, 'lda_t': 4.019860491362198}.
[I 2025-08-09 21:46:37,670] Trial 342 finished with values: [0.8863128629612146, 0.27606177606177607] and parameters: {'psi': 0.9482966282198192, 'lda_t': 1.5762930671118675e-05}.
[I 2025-08-09 21:46:43,823] Trial 343 finished with values: [0.9483130193981841, 0.48624862486248627] and parameters: {'psi': 0.77751704429769, 'lda_t': 1.3971093428867183}.
[I 2025-08-09 21:46:49,980] Trial 344 finished with values: [0.8971882055673263, 0.27057710501419113] and parameters: {'psi': 0.6771605948655369, 'lda_t': 0.0015801543026728922}.
[I 2025-08-09 21:46:56,143] Trial 345 finished with values: [0.9417664524120567, 0.4799131378935939] and parameters: {'psi': 0.6404567764925707, 'lda_t': 0.13601664132415672}.
[I 2025-08-09 21:47:02,293] Trial 346 finished with values: [0.9511621620138105, 0.5336426914153132] and parameters: {'psi': 0.90554410564616, 'lda_t': 7.602855110247917}.
[I 2025-08-09 21:47:08,462] Trial 347 finished with values: [0.9493376358074158, 0.5005561735261401] and parameters: {'psi': 0.8133416566494067, 'lda_t': 5.320026795769765}.
[I 2025-08-09 21:47:14,630] Trial 348 finished with values: [0.9441941986584844, 0.4557235421166307] and parameters: {'psi': 0.8959590121312229, 'lda_t': 0.13601664132415672}.
[I 2025-08-09 21:47:20,798] Trial 349 finished with values: [0.9441941986584844, 0.4557235421166307] and parameters: {'psi': 0.8959590121312229, 'lda_t': 0.13601664132415672}.
[I 2025-08-09 21:47:26,964] Trial 350 finished with values: [0.9329799092848543, 0.3928944618599791] and parameters: {'psi': 0.29294739151224625, 'lda_t': 1.7459166230229832}.
[I 2025-08-09 21:47:33,126] Trial 351 finished with values: [0.9474398083601381, 0.4868421052631579] and parameters: {'psi': 0.7487760529829007, 'lda_t': 1.3971093428867183}.
[I 2025-08-09 21:47:39,273] Trial 352 finished with values: [0.8863074882992465, 0.27606177606177607] and parameters: {'psi': 0.9482966282198192, 'lda_t': 4.115498165780426e-06}.
[I 2025-08-09 21:47:45,428] Trial 353 finished with values: [0.8894098117999216, 0.26756496631376325] and parameters: {'psi': 0.8501319890038643, 'lda_t': 0.0008570961404069206}.
[I 2025-08-09 21:47:51,576] Trial 354 finished with values: [0.8970899750432717, 0.27169811320754716] and parameters: {'psi': 0.6385209405581627, 'lda_t': 3.092706293388911e-07}.
[I 2025-08-09 21:47:57,744] Trial 355 finished with values: [0.9462724775224775, 0.48518111964873767] and parameters: {'psi': 0.716239554715518, 'lda_t': 1.9689947845603701}.
[I 2025-08-09 21:48:03,894] Trial 356 finished with values: [0.8886844611432523, 0.2700096432015429] and parameters: {'psi': 0.9173349141483825, 'lda_t': 0.0029491736422507134}.
[I 2025-08-09 21:48:10,072] Trial 357 finished with values: [0.8859023302704622, 0.2687140115163148] and parameters: {'psi': 0.9173349141483825, 'lda_t': 2.0418877067056138e-05}.
[I 2025-08-09 21:48:16,235] Trial 358 finished with values: [0.9500308528467869, 0.5124716553287982] and parameters: {'psi': 0.8501319890038643, 'lda_t': 7.543610748783837}.
[I 2025-08-09 21:48:22,384] Trial 359 finished with values: [0.9116376983822039, 0.3063583815028902] and parameters: {'psi': 0.11302540058288557, 'lda_t': 0.235604208175753}.
[I 2025-08-09 21:48:28,533] Trial 360 finished with values: [0.9058290610488413, 0.27001862197392923] and parameters: {'psi': 0.1513824588109357, 'lda_t': 1.108171471228782e-07}.
[I 2025-08-09 21:48:34,685] Trial 361 finished with values: [0.9511621620138105, 0.5336426914153132] and parameters: {'psi': 0.90554410564616, 'lda_t': 7.602855110247917}.
[I 2025-08-09 21:48:40,941] Trial 362 finished with values: [0.9511621620138105, 0.5336426914153132] and parameters: {'psi': 0.90554410564616, 'lda_t': 3.2746601943790883}.
[I 2025-08-09 21:48:47,104] Trial 363 finished with values: [0.9493376358074158, 0.5005561735261401] and parameters: {'psi': 0.8133416566494067, 'lda_t': 5.320026795769765}.
[I 2025-08-09 21:48:53,256] Trial 364 finished with values: [0.9516855626058922, 0.5320886814469078] and parameters: {'psi': 0.9173349141483825, 'lda_t': 0.44325303879841105}.
[I 2025-08-09 21:48:59,407] Trial 365 finished with values: [0.9505047379360568, 0.5246277205040092] and parameters: {'psi': 0.8836518698454803, 'lda_t': 4.446023787672254}.
[I 2025-08-09 21:49:05,563] Trial 366 finished with values: [0.949006808210105, 0.49002217294900224] and parameters: {'psi': 0.8015275962791151, 'lda_t': 7.543610748783837}.
[I 2025-08-09 21:49:11,705] Trial 367 finished with values: [0.9523632274319087, 0.539906103286385] and parameters: {'psi': 0.9294209350136886, 'lda_t': 1.2038613026009384}.
[I 2025-08-09 21:49:17,850] Trial 368 finished with values: [0.8878211989475726, 0.26854460093896715] and parameters: {'psi': 0.9987501347713312, 'lda_t': 1.26180254646134e-08}.
[I 2025-08-09 21:49:24,004] Trial 369 finished with values: [0.9496200914470145, 0.5055928411633109] and parameters: {'psi': 0.823682730911673, 'lda_t': 0.5890317246129142}.
[I 2025-08-09 21:49:30,149] Trial 370 finished with values: [0.906483511909336, 0.27001862197392923] and parameters: {'psi': 0.09704805599951438, 'lda_t': 0.0004167135429804929}.
[I 2025-08-09 21:49:36,311] Trial 371 finished with values: [0.9394599219461855, 0.44139387539598735] and parameters: {'psi': 0.41453600215431297, 'lda_t': 0.4935131079944695}.
