[I 2025-08-09 21:49:53,035] Trial 124 finished with values: [0.781644399089779, 0.21999127018769096] and parameters: {'psi': 0.07519663515193264, 'lda_t': 2.5427014790633316e-06}.
[I 2025-08-09 21:50:00,091] Trial 125 finished with values: [0.7793800815684815, 0.2230902777777778] and parameters: {'psi': 0.5411832707050113, 'lda_t': 1.6165840058678319e-07}.
[I 2025-08-09 21:50:07,129] Trial 126 finished with values: [0.7802652927693546, 0.22009569377990432] and parameters: {'psi': 0.4235240597574026, 'lda_t': 1.1681466819658114e-06}.
[I 2025-08-09 21:50:14,182] Trial 127 finished with values: [0.7448054751588341, 0.2314487632508834] and parameters: {'psi': 0.918896496201937, 'lda_t': 0.008401210471643359}.
[I 2025-08-09 21:50:21,213] Trial 128 finished with values: [0.7814522902197959, 0.21979938944614041] and parameters: {'psi': 0.08473942104877896, 'lda_t': 2.275067510858486e-07}.
[I 2025-08-09 21:50:28,251] Trial 129 finished with values: [0.7812073707575502, 0.21951219512195122] and parameters: {'psi': 0.09976641632112004, 'lda_t': 3.579533365963782e-08}.
[I 2025-08-09 21:50:35,298] Trial 130 finished with values: [0.7688658902628982, 0.23905429071803852] and parameters: {'psi': 0.2973636375463645, 'lda_t': 0.009579095109433392}.
[I 2025-08-09 21:50:42,354] Trial 131 finished with values: [0.7762454433518602, 0.22481625594466062] and parameters: {'psi': 0.46391761521378216, 'lda_t': 0.0017406784136702175}.
[I 2025-08-09 21:50:49,394] Trial 132 finished with values: [0.7813377027093489, 0.18485833720390155] and parameters: {'psi': 0.2973636375463645, 'lda_t': 0.11811982296820271}.
[I 2025-08-09 21:50:56,450] Trial 133 finished with values: [0.7783986424769069, 0.19364303178484107] and parameters: {'psi': 0.7606101498670801, 'lda_t': 1.0747964389548486}.
[I 2025-08-09 21:51:03,492] Trial 134 finished with values: [0.7688953777335653, 0.23270163067430585] and parameters: {'psi': 0.09087761019285756, 'lda_t': 0.0062230079620327295}.
[I 2025-08-09 21:51:10,537] Trial 135 finished with values: [0.7791653700852359, 0.2229934924078091] and parameters: {'psi': 0.5411832707050113, 'lda_t': 9.375275782368016e-05}.
[I 2025-08-09 21:51:17,570] Trial 136 finished with values: [0.7679579163357999, 0.2349344978165939] and parameters: {'psi': 0.44818721982484366, 'lda_t': 0.015815210706023503}.
[I 2025-08-09 21:51:24,631] Trial 137 finished with values: [0.7732952285830033, 0.23390275952693823] and parameters: {'psi': 0.04364292372329914, 'lda_t': 0.6509255145183227}.
[I 2025-08-09 21:51:31,671] Trial 138 finished with values: [0.7760532010544079, 0.22625215889464595] and parameters: {'psi': 0.1267457079251706, 'lda_t': 0.0009691034332842295}.
[I 2025-08-09 21:51:38,725] Trial 139 finished with values: [0.7857761140973512, 0.23416339012669288] and parameters: {'psi': 0.018543926075839212, 'lda_t': 0.0003220510330162325}.
[I 2025-08-09 21:51:45,752] Trial 140 finished with values: [0.7816332979243515, 0.21999127018769096] and parameters: {'psi': 0.07614456217171872, 'lda_t': 1.3672560038205701e-06}.
[I 2025-08-09 21:51:52,801] Trial 141 finished with values: [0.7857761140973512, 0.23416339012669288] and parameters: {'psi': 0.018543926075839212, 'lda_t': 0.0003220510330162325}.
[I 2025-08-09 21:51:59,859] Trial 142 finished with values: [0.7777301975423033, 0.23190932868352224] and parameters: {'psi': 0.03407683206483536, 'lda_t': 0.0012073908256366262}.
[I 2025-08-09 21:52:06,908] Trial 143 finished with values: [0.7842094888118799, 0.23353819139596138] and parameters: {'psi': 0.018543926075839212, 'lda_t': 0.08820821019738935}.
[I 2025-08-09 21:52:13,950] Trial 144 finished with values: [0.7759832583751156, 0.22406277244986922] and parameters: {'psi': 0.7237937861006223, 'lda_t': 0.0003220510330162325}.
[I 2025-08-09 21:52:20,984] Trial 145 finished with values: [0.7801963107678396, 0.1935483870967742] and parameters: {'psi': 0.6825622112682187, 'lda_t': 0.4873733950752817}.
[I 2025-08-09 21:52:28,027] Trial 146 finished with values: [0.7793336488092413, 0.2229934924078091] and parameters: {'psi': 0.5446005098583859, 'lda_t': 1.6362508376627499e-06}.
[I 2025-08-09 21:52:35,062] Trial 147 finished with values: [0.7811743341162057, 0.21951219512195122] and parameters: {'psi': 0.09658409869693185, 'lda_t': 9.392527763049289e-06}.
[I 2025-08-09 21:52:42,092] Trial 148 finished with values: [0.7803566105291938, 0.22009569377990432] and parameters: {'psi': 0.37199150102617295, 'lda_t': 1.372692234292813e-08}.
[I 2025-08-09 21:52:49,139] Trial 149 finished with values: [0.776319548968188, 0.2247191011235955] and parameters: {'psi': 0.37643443762896256, 'lda_t': 0.0015998744577682866}.
[I 2025-08-09 21:52:56,185] Trial 150 finished with values: [0.7857761140973512, 0.23416339012669288] and parameters: {'psi': 0.018543926075839212, 'lda_t': 0.0003220510330162325}.
[I 2025-08-09 21:53:03,297] Trial 151 finished with values: [0.8117805674259303, 0.25068870523415976] and parameters: {'psi': 0.0043083884548037465, 'lda_t': 2.001364411160993}.
[I 2025-08-09 21:53:10,375] Trial 152 finished with values: [0.7798928166466673, 0.22086956521739132] and parameters: {'psi': 0.44818721982484366, 'lda_t': 0.00010983635453649196}.
[I 2025-08-09 21:53:17,481] Trial 153 finished with values: [0.785363236137026, 0.23416339012669288] and parameters: {'psi': 0.019347547178274915, 'lda_t': 0.0003220510330162325}.
[I 2025-08-09 21:53:24,572] Trial 154 finished with values: [0.8302306509955569, 0.24344569288389514] and parameters: {'psi': 0.001429162323413724, 'lda_t': 0.0003220510330162325}.
[I 2025-08-09 21:53:31,654] Trial 155 finished with values: [0.7839769781042587, 0.2236784622105723] and parameters: {'psi': 0.03611303367812013, 'lda_t': 6.232087256717141e-07}.
[I 2025-08-09 21:53:38,838] Trial 156 finished with values: [0.7773898507541707, 0.22337662337662337] and parameters: {'psi': 0.09087761019285756, 'lda_t': 0.0005884821842765621}.
[I 2025-08-09 21:53:45,920] Trial 157 finished with values: [0.7808642219925669, 0.21951219512195122] and parameters: {'psi': 0.12482132292644454, 'lda_t': 1.4256905859704609e-05}.
[I 2025-08-09 21:53:53,014] Trial 158 finished with values: [0.7544279173175592, 0.22811671087533156] and parameters: {'psi': 0.8846417109887981, 'lda_t': 0.006161825894610762}.
[I 2025-08-09 21:54:00,113] Trial 159 finished with values: [0.7857761140973512, 0.23416339012669288] and parameters: {'psi': 0.018543926075839212, 'lda_t': 0.0003220510330162325}.
[I 2025-08-09 21:54:07,202] Trial 160 finished with values: [0.769051407815909, 0.22934973637961337] and parameters: {'psi': 0.07519663515193264, 'lda_t': 0.18913559235542057}.
[I 2025-08-09 21:54:14,305] Trial 161 finished with values: [0.777974236383253, 0.2231833910034602] and parameters: {'psi': 0.6464262148479967, 'lda_t': 1.493829130811336e-08}.
[I 2025-08-09 21:54:21,397] Trial 162 finished with values: [0.7804311964844103, 0.2193211488250653] and parameters: {'psi': 0.2821614492643554, 'lda_t': 4.752031676357047e-06}.
[I 2025-08-09 21:54:28,474] Trial 163 finished with values: [0.8251833300096553, 0.24649859943977592] and parameters: {'psi': 0.0022481271773676648, 'lda_t': 3.63982611220737e-07}.
[I 2025-08-09 21:54:35,556] Trial 164 finished with values: [0.7803655234841286, 0.22009569377990432] and parameters: {'psi': 0.3602457621045937, 'lda_t': 2.264454135547852e-08}.
[I 2025-08-09 21:54:42,657] Trial 165 finished with values: [0.7864518975427542, 0.18600281822451856] and parameters: {'psi': 0.47560419985129043, 'lda_t': 1.45775871751086}.
[I 2025-08-09 21:54:49,750] Trial 166 finished with values: [0.7762334081941492, 0.22481625594466062] and parameters: {'psi': 0.4700527729656818, 'lda_t': 0.0017406784136702175}.
[I 2025-08-09 21:54:56,837] Trial 167 finished with values: [0.7804268734344121, 0.20726915520628683] and parameters: {'psi': 0.8136319974136, 'lda_t': 1.7493429988606275}.
[I 2025-08-09 21:55:03,927] Trial 168 finished with values: [0.7724219457978659, 0.21810154525386313] and parameters: {'psi': 0.7793226999896213, 'lda_t': 0.0012073908256366262}.
[I 2025-08-09 21:55:10,969] Trial 169 finished with values: [0.7779015184126039, 0.22251082251082252] and parameters: {'psi': 0.6054057877279287, 'lda_t': 0.00030474703372918737}.
[I 2025-08-09 21:55:18,051] Trial 170 finished with values: [0.7675302546119003, 0.22310756972111553] and parameters: {'psi': 0.8686014482987106, 'lda_t': 2.5098792648095806e-06}.
[I 2025-08-09 21:55:25,104] Trial 171 finished with values: [0.7677889437889555, 0.20432813286361348] and parameters: {'psi': 0.8186412086132219, 'lda_t': 0.1370061388472179}.
[I 2025-08-09 21:55:32,151] Trial 172 finished with values: [0.7794986452175072, 0.22231871471993053] and parameters: {'psi': 0.5217407659660432, 'lda_t': 4.325506439225018e-05}.
[I 2025-08-09 21:55:39,194] Trial 173 finished with values: [0.7785355924311721, 0.22260718925941966] and parameters: {'psi': 0.60543469196325, 'lda_t': 1.3672560038205701e-06}.
[I 2025-08-09 21:55:46,224] Trial 174 finished with values: [0.7659254690702717, 0.22556390977443608] and parameters: {'psi': 0.8803845490036408, 'lda_t': 1.353566450498557e-07}.
[I 2025-08-09 21:55:53,315] Trial 175 finished with values: [0.777896554910754, 0.2231833910034602] and parameters: {'psi': 0.6517766923998816, 'lda_t': 2.5098792648095806e-06}.
[I 2025-08-09 21:56:00,364] Trial 176 finished with values: [0.7805702545926869, 0.21845082680591818] and parameters: {'psi': 0.20603985776275668, 'lda_t': 2.5427014790633316e-06}.
[I 2025-08-09 21:56:07,423] Trial 177 finished with values: [0.7741669636094991, 0.22395157803718116] and parameters: {'psi': 0.5617234454609811, 'lda_t': 0.002688133027058469}.
[I 2025-08-09 21:56:14,460] Trial 178 finished with values: [0.782510023138191, 0.23400525854513585] and parameters: {'psi': 0.020947864151644957, 'lda_t': 1.7493429988606275}.
[I 2025-08-09 21:56:21,555] Trial 179 finished with values: [0.7694264991169903, 0.22182942996022978] and parameters: {'psi': 0.09087761019285756, 'lda_t': 0.5255233641397079}.
[I 2025-08-09 21:56:28,632] Trial 180 finished with values: [0.7847209429863624, 0.19944082013047532] and parameters: {'psi': 0.2540759440991103, 'lda_t': 0.26172638212143173}.
[I 2025-08-09 21:56:35,736] Trial 181 finished with values: [0.7805865327439149, 0.17484805984104723] and parameters: {'psi': 0.3602457621045937, 'lda_t': 0.26172638212143173}.
[I 2025-08-09 21:56:42,830] Trial 182 finished with values: [0.7831401477036747, 0.19151977131967604] and parameters: {'psi': 0.6369185791093632, 'lda_t': 0.26172638212143173}.
[I 2025-08-09 21:56:49,857] Trial 183 finished with values: [0.7795906301146918, 0.2215464813205908] and parameters: {'psi': 0.10307925758142178, 'lda_t': 0.00018883760394931696}.
[I 2025-08-09 21:56:56,951] Trial 184 finished with values: [0.7857761140973512, 0.23416339012669288] and parameters: {'psi': 0.018543926075839212, 'lda_t': 0.0003220510330162325}.
[I 2025-08-09 21:57:04,031] Trial 185 finished with values: [0.7779102178835879, 0.22520571676050238] and parameters: {'psi': 0.2280393846252723, 'lda_t': 0.0006552904419073358}.
[I 2025-08-09 21:57:11,071] Trial 186 finished with values: [0.7682870018455421, 0.23087013554875382] and parameters: {'psi': 0.3663897904540895, 'lda_t': 0.015815210706023503}.
[I 2025-08-09 21:57:18,164] Trial 187 finished with values: [0.7816147781916432, 0.18477251624883936] and parameters: {'psi': 0.2973636375463645, 'lda_t': 0.4429616930706397}.
[I 2025-08-09 21:57:25,373] Trial 188 finished with values: [0.7831637643657019, 0.22115384615384615] and parameters: {'psi': 0.04364292372329914, 'lda_t': 1.7044730052045823e-06}.
[I 2025-08-09 21:57:32,461] Trial 189 finished with values: [0.7792229306953975, 0.22212581344902385] and parameters: {'psi': 0.09469285523030924, 'lda_t': 0.00024476011638665905}.
[I 2025-08-09 21:57:39,544] Trial 190 finished with values: [0.7652773851674501, 0.24263736263736263] and parameters: {'psi': 0.9824528178583287, 'lda_t': 3.32403790623361e-08}.
[I 2025-08-09 21:57:46,633] Trial 191 finished with values: [0.8135469870036042, 0.2545955882352941] and parameters: {'psi': 0.0043083884548037465, 'lda_t': 2.5427014790633316e-06}.
[I 2025-08-09 21:57:53,733] Trial 192 finished with values: [0.7784465963092948, 0.1928294573643411] and parameters: {'psi': 0.7173276504399048, 'lda_t': 0.7324541991298286}.
[I 2025-08-09 21:58:00,800] Trial 193 finished with values: [0.7842094888118799, 0.23353819139596138] and parameters: {'psi': 0.018543926075839212, 'lda_t': 0.08820821019738935}.
[I 2025-08-09 21:58:07,893] Trial 194 finished with values: [0.7887708135844002, 0.23127463863337713] and parameters: {'psi': 0.018543926075839212, 'lda_t': 1.1089197292161398e-08}.
[I 2025-08-09 21:58:14,976] Trial 195 finished with values: [0.7752655787044208, 0.19572953736654805] and parameters: {'psi': 0.13360702024503757, 'lda_t': 0.2524163200213837}.
[I 2025-08-09 21:58:22,065] Trial 196 finished with values: [0.780431089742435, 0.2193211488250653] and parameters: {'psi': 0.2973636375463645, 'lda_t': 1.4423489124403257e-07}.
[I 2025-08-09 21:58:29,165] Trial 197 finished with values: [0.8120124643671935, 0.2508038585209003] and parameters: {'psi': 0.0043083884548037465, 'lda_t': 0.00011178250887329383}.
[I 2025-08-09 21:58:36,258] Trial 198 finished with values: [0.7732952285830033, 0.23390275952693823] and parameters: {'psi': 0.04364292372329914, 'lda_t': 0.6509255145183227}.
[I 2025-08-09 21:58:43,352] Trial 199 finished with values: [0.7793801616249629, 0.2230902777777778] and parameters: {'psi': 0.5411832707050113, 'lda_t': 2.794182724979764e-08}.
[I 2025-08-09 21:58:50,422] Trial 200 finished with values: [0.813499219969673, 0.2535599448782728] and parameters: {'psi': 0.0043083884548037465, 'lda_t': 1.0675954058571852e-06}.
[I 2025-08-09 21:58:57,536] Trial 201 finished with values: [0.8135469870036042, 0.2545955882352941] and parameters: {'psi': 0.0043083884548037465, 'lda_t': 2.5427014790633316e-06}.
[I 2025-08-09 21:59:04,627] Trial 202 finished with values: [0.7799625992129967, 0.21057834898665348] and parameters: {'psi': 0.8777943685558736, 'lda_t': 0.4749488756728608}.
[I 2025-08-09 21:59:11,727] Trial 203 finished with values: [0.7854467083616833, 0.2022367194780988] and parameters: {'psi': 0.23997870204599236, 'lda_t': 0.6076139946856046}.
[I 2025-08-09 21:59:18,790] Trial 204 finished with values: [0.7811127173109839, 0.21951219512195122] and parameters: {'psi': 0.107758469437367, 'lda_t': 3.594535770593675e-07}.
[I 2025-08-09 21:59:25,908] Trial 205 finished with values: [0.8120124643671935, 0.2508038585209003] and parameters: {'psi': 0.0043083884548037465, 'lda_t': 0.00011178250887329383}.
[I 2025-08-09 21:59:33,004] Trial 206 finished with values: [0.7750151620304491, 0.22310405643738976] and parameters: {'psi': 0.756842585784326, 'lda_t': 0.0003220510330162325}.
[I 2025-08-09 21:59:40,054] Trial 207 finished with values: [0.7845457527194586, 0.1846739647786768] and parameters: {'psi': 0.6258762512495103, 'lda_t': 0.6509255145183227}.
[I 2025-08-09 21:59:47,117] Trial 208 finished with values: [0.8117894536953711, 0.25068870523415976] and parameters: {'psi': 0.0043083884548037465, 'lda_t': 0.00024476011638665905}.
[I 2025-08-09 21:59:54,219] Trial 209 finished with values: [0.7842094888118799, 0.23353819139596138] and parameters: {'psi': 0.018543926075839212, 'lda_t': 0.26172638212143173}.
[I 2025-08-09 22:00:01,318] Trial 210 finished with values: [0.7678375914441822, 0.23513986013986013] and parameters: {'psi': 0.46391761521378216, 'lda_t': 0.015815210706023503}.
[I 2025-08-09 22:00:08,410] Trial 211 finished with values: [0.8135918186332154, 0.25471264367816093] and parameters: {'psi': 0.0043083884548037465, 'lda_t': 3.98790357086244e-06}.
[I 2025-08-09 22:00:15,507] Trial 212 finished with values: [0.7842480226649505, 0.23343571741992103] and parameters: {'psi': 0.018543926075839212, 'lda_t': 0.0012073908256366262}.
[I 2025-08-09 22:00:22,605] Trial 213 finished with values: [0.8251576852500976, 0.24649859943977592] and parameters: {'psi': 0.0022481271773676648, 'lda_t': 9.938510523289826e-08}.
[I 2025-08-09 22:00:29,658] Trial 214 finished with values: [0.7842094888118799, 0.23353819139596138] and parameters: {'psi': 0.018543926075839212, 'lda_t': 0.007505339608357551}.
[I 2025-08-09 22:00:36,750] Trial 215 finished with values: [0.8095472050774596, 0.25238311393554247] and parameters: {'psi': 0.005245130399262776, 'lda_t': 3.6088068199715344e-06}.
[I 2025-08-09 22:00:43,836] Trial 216 finished with values: [0.7842094888118799, 0.23353819139596138] and parameters: {'psi': 0.018543926075839212, 'lda_t': 0.42161504102249525}.
[I 2025-08-09 22:00:50,927] Trial 217 finished with values: [0.8312441927361925, 0.24003750586029068] and parameters: {'psi': 0.001429162323413724, 'lda_t': 1.4638240728108875e-08}.
[I 2025-08-09 22:00:58,013] Trial 218 finished with values: [0.7782302836964202, 0.22366710013003901] and parameters: {'psi': 0.3602457621045937, 'lda_t': 0.0007381180807066027}.
[I 2025-08-09 22:01:05,110] Trial 219 finished with values: [0.8134536945172224, 0.2534435261707989] and parameters: {'psi': 0.0043083884548037465, 'lda_t': 1.6699385276696828e-08}.
[I 2025-08-09 22:01:12,217] Trial 220 finished with values: [0.7842094888118799, 0.23353819139596138] and parameters: {'psi': 0.018543926075839212, 'lda_t': 0.20981349646989925}.
[I 2025-08-09 22:01:19,311] Trial 221 finished with values: [0.7803690192838184, 0.22009569377990432] and parameters: {'psi': 0.3548539985269231, 'lda_t': 4.958641287688964e-07}.
[I 2025-08-09 22:01:26,411] Trial 222 finished with values: [0.7887615804035397, 0.23127463863337713] and parameters: {'psi': 0.018543926075839212, 'lda_t': 4.155333813975395e-07}.
[I 2025-08-09 22:01:33,472] Trial 223 finished with values: [0.7958930918274795, 0.24056813138038172] and parameters: {'psi': 0.009258142576399453, 'lda_t': 0.0005884821842765621}.
[I 2025-08-09 22:01:40,574] Trial 224 finished with values: [0.7795591946029763, 0.22231871471993053] and parameters: {'psi': 0.5183427927859438, 'lda_t': 3.102454407996967e-05}.
[I 2025-08-09 22:01:47,634] Trial 225 finished with values: [0.8117805674259303, 0.25068870523415976] and parameters: {'psi': 0.0043083884548037465, 'lda_t': 0.26172638212143173}.
[I 2025-08-09 22:01:54,731] Trial 226 finished with values: [0.7803225064680968, 0.17496510004653326] and parameters: {'psi': 0.3315126609839518, 'lda_t': 1.7493429988606275}.
[I 2025-08-09 22:02:01,781] Trial 227 finished with values: [0.785843975308126, 0.18421052631578946] and parameters: {'psi': 0.46391761521378216, 'lda_t': 0.6076139946856046}.
[I 2025-08-09 22:02:08,887] Trial 228 finished with values: [0.7857761140973512, 0.23416339012669288] and parameters: {'psi': 0.018543926075839212, 'lda_t': 0.0003220510330162325}.
[I 2025-08-09 22:02:15,981] Trial 229 finished with values: [0.7824662589283324, 0.19225251076040173] and parameters: {'psi': 0.6521356513288326, 'lda_t': 1.7493429988606275}.
[I 2025-08-09 22:02:23,134] Trial 230 finished with values: [0.8117805674259303, 0.25068870523415976] and parameters: {'psi': 0.0043083884548037465, 'lda_t': 2.001364411160993}.
[I 2025-08-09 22:02:30,228] Trial 231 finished with values: [0.7863387777344673, 0.23426573426573427] and parameters: {'psi': 0.018543926075839212, 'lda_t': 0.00024476011638665905}.
[I 2025-08-09 22:02:37,322] Trial 232 finished with values: [0.7730847867787681, 0.23390275952693823] and parameters: {'psi': 0.04444292118724791, 'lda_t': 0.009579095109433392}.
[I 2025-08-09 22:02:44,415] Trial 233 finished with values: [0.785963526320423, 0.18328584995251662] and parameters: {'psi': 0.6054057877279287, 'lda_t': 0.4749488756728608}.
[I 2025-08-09 22:02:51,461] Trial 234 finished with values: [0.8302306509955569, 0.24344569288389514] and parameters: {'psi': 0.001429162323413724, 'lda_t': 0.26172638212143173}.
[I 2025-08-09 22:02:58,565] Trial 235 finished with values: [0.7857365661955156, 0.20837209302325582] and parameters: {'psi': 0.22232444407340268, 'lda_t': 1.45775871751086}.
[I 2025-08-09 22:03:05,651] Trial 236 finished with values: [0.7857761140973512, 0.23416339012669288] and parameters: {'psi': 0.018543926075839212, 'lda_t': 0.0003220510330162325}.
[I 2025-08-09 22:03:12,748] Trial 237 finished with values: [0.7786583457027269, 0.23215067893123084] and parameters: {'psi': 0.02810125895534854, 'lda_t': 7.957690343220736}.
[I 2025-08-09 22:03:19,832] Trial 238 finished with values: [0.7807984689358035, 0.21104536489151873] and parameters: {'psi': 0.8462577811760915, 'lda_t': 1.7493429988606275}.
[I 2025-08-09 22:03:26,919] Trial 239 finished with values: [0.7704497276918811, 0.20501539815222172] and parameters: {'psi': 0.23835705129426943, 'lda_t': 0.015815210706023503}.
[I 2025-08-09 22:03:34,000] Trial 240 finished with values: [0.778313675864596, 0.2232799653829511] and parameters: {'psi': 0.6221655049119124, 'lda_t': 9.00529438512379e-08}.
[I 2025-08-09 22:03:41,046] Trial 241 finished with values: [0.7800638706620295, 0.22] and parameters: {'psi': 0.46391761521378216, 'lda_t': 7.900326067644074e-06}.
[I 2025-08-09 22:03:48,090] Trial 242 finished with values: [0.7840844939588445, 0.22377622377622378] and parameters: {'psi': 0.03407683206483536, 'lda_t': 8.832150511230088e-06}.
[I 2025-08-09 22:03:55,201] Trial 243 finished with values: [0.7873690512797255, 0.2331877729257642] and parameters: {'psi': 0.018543926075839212, 'lda_t': 0.00011178250887329383}.
[I 2025-08-09 22:04:02,277] Trial 244 finished with values: [0.779614300147707, 0.22386117136659436] and parameters: {'psi': 0.05091765436288309, 'lda_t': 0.0003220510330162325}.
[I 2025-08-09 22:04:09,373] Trial 245 finished with values: [0.76913287862853, 0.22310756972111553] and parameters: {'psi': 0.8550888559595594, 'lda_t': 3.358470757988481e-07}.
[I 2025-08-09 22:04:16,467] Trial 246 finished with values: [0.7808511994715845, 0.2193211488250653] and parameters: {'psi': 0.13955482682033493, 'lda_t': 2.552230376130946e-07}.
