[I 2025-08-09 20:23:06,571] Trial 0 finished with values: [0.881350249529294, 0.17621688231669747] and parameters: {'psi': 0.6603443112097033, 'lda_t': 0.0025401302831883424}.
[I 2025-08-09 20:23:12,844] Trial 1 finished with values: [0.8754781811044128, 0.17112632233976355] and parameters: {'psi': 0.7663696423709304, 'lda_t': 0.00021430023405069878}.
[I 2025-08-09 20:23:19,010] Trial 2 finished with values: [0.8803791676329835, 0.17383235385091247] and parameters: {'psi': 0.708253799466256, 'lda_t': 0.0022822176114641757}.
[I 2025-08-09 20:23:25,188] Trial 3 finished with values: [0.9054500272728098, 0.20947630922693267] and parameters: {'psi': 0.5143699062851467, 'lda_t': 1.060508348530848}.
[I 2025-08-09 20:23:31,364] Trial 4 finished with values: [0.876001741313837, 0.18797680805614891] and parameters: {'psi': 0.1450835243863865, 'lda_t': 1.8661046556692194e-06}.
[I 2025-08-09 20:23:37,542] Trial 5 finished with values: [0.8756420770868234, 0.18864468864468864] and parameters: {'psi': 0.1615695849554626, 'lda_t': 5.703641541880304e-08}.
[I 2025-08-09 20:23:43,717] Trial 6 finished with values: [0.9036449977031529, 0.20590979782270608] and parameters: {'psi': 0.3878999215016383, 'lda_t': 5.1252767051351125}.
[I 2025-08-09 20:23:49,871] Trial 7 finished with values: [0.8758473609435802, 0.18159509202453988] and parameters: {'psi': 0.49736331945237133, 'lda_t': 3.391040462998788e-07}.
[I 2025-08-09 20:23:56,036] Trial 8 finished with values: [0.8864282034106776, 0.16537146409698478] and parameters: {'psi': 0.9714671768804322, 'lda_t': 0.03657198683608363}.
[I 2025-08-09 20:24:02,189] Trial 9 finished with values: [0.8909216165484701, 0.1918568784700802] and parameters: {'psi': 0.07798344954446323, 'lda_t': 2.075100366807766}.
[I 2025-08-09 20:24:08,354] Trial 10 finished with values: [0.8939218271587663, 0.19062697910069665] and parameters: {'psi': 0.9244036758748718, 'lda_t': 0.6549155931721221}.
[I 2025-08-09 20:24:14,505] Trial 11 finished with values: [0.8783648809706327, 0.18343014368694588] and parameters: {'psi': 0.32871746348198905, 'lda_t': 0.0005575206583137778}.
[I 2025-08-09 20:24:20,657] Trial 12 finished with values: [0.8829686089888129, 0.18593272171253822] and parameters: {'psi': 0.1228603825679937, 'lda_t': 0.0006813257420965203}.
[I 2025-08-09 20:24:26,811] Trial 13 finished with values: [0.8756576821149246, 0.18204106650321789] and parameters: {'psi': 0.4594914464010359, 'lda_t': 9.2027717498817e-08}.
[I 2025-08-09 20:24:32,973] Trial 14 finished with values: [0.8758681340575565, 0.17997542997542998] and parameters: {'psi': 0.6266134366885758, 'lda_t': 1.4348432612839954e-08}.
[I 2025-08-09 20:24:39,152] Trial 15 finished with values: [0.8835313833094435, 0.1786479045579688] and parameters: {'psi': 0.3345089846480146, 'lda_t': 0.0023546145310909894}.
[I 2025-08-09 20:24:45,321] Trial 16 finished with values: [0.9083587814776377, 0.2030264817150063] and parameters: {'psi': 0.7309645283661877, 'lda_t': 0.8424397016475228}.
[I 2025-08-09 20:24:51,485] Trial 17 finished with values: [0.8791609533405341, 0.1693121693121693] and parameters: {'psi': 0.7536782137057664, 'lda_t': 0.0018979642786189996}.
[I 2025-08-09 20:24:57,648] Trial 18 finished with values: [0.902788031173779, 0.1806371790906279] and parameters: {'psi': 0.6473273657951197, 'lda_t': 0.06762682348073168}.
[I 2025-08-09 20:25:03,794] Trial 19 finished with values: [0.8915524829197641, 0.19191607528540575] and parameters: {'psi': 0.08915906853976818, 'lda_t': 4.378876799086736}.
[I 2025-08-09 20:25:09,951] Trial 20 finished with values: [0.8765438720825327, 0.1814281336193687] and parameters: {'psi': 0.4317655810470501, 'lda_t': 0.0001867568773560137}.
[I 2025-08-09 20:25:16,124] Trial 21 finished with values: [0.8733866754653687, 0.166510757717493] and parameters: {'psi': 0.8360991339956159, 'lda_t': 6.229766227311682e-06}.
[I 2025-08-09 20:25:22,277] Trial 22 finished with values: [0.8775050208890001, 0.18814905314599878] and parameters: {'psi': 0.12318460564321332, 'lda_t': 4.285865487472073e-05}.
[I 2025-08-09 20:25:28,443] Trial 23 finished with values: [0.8755960105832036, 0.18198529411764705] and parameters: {'psi': 0.43722124078149205, 'lda_t': 1.1131133746384877e-05}.
[I 2025-08-09 20:25:34,602] Trial 24 finished with values: [0.8764507169747434, 0.17835178351783518] and parameters: {'psi': 0.6633280644238428, 'lda_t': 0.00022753032020188393}.
[I 2025-08-09 20:25:40,763] Trial 25 finished with values: [0.8752496912464572, 0.18376722817764166] and parameters: {'psi': 0.3531691498152908, 'lda_t': 1.654295646282997e-05}.
[I 2025-08-09 20:25:46,912] Trial 26 finished with values: [0.8673285271574276, 0.17270194986072424] and parameters: {'psi': 0.9241226254535454, 'lda_t': 0.001332714232805685}.
[I 2025-08-09 20:25:53,091] Trial 27 finished with values: [0.9083602642432229, 0.20296249606051056] and parameters: {'psi': 0.7297696189544287, 'lda_t': 1.647458144737275}.
[I 2025-08-09 20:25:59,249] Trial 28 finished with values: [0.8704278383336366, 0.16806722689075632] and parameters: {'psi': 0.8755915803850839, 'lda_t': 6.360232405460004e-05}.
[I 2025-08-09 20:26:05,414] Trial 29 finished with values: [0.8750781367078199, 0.18376722817764166] and parameters: {'psi': 0.32686203172531214, 'lda_t': 5.493157750564778e-06}.
[I 2025-08-09 20:26:11,568] Trial 30 finished with values: [0.9077341628758971, 0.1995634549423137] and parameters: {'psi': 0.9912742588855827, 'lda_t': 1.9866647954353365}.
[I 2025-08-09 20:26:17,742] Trial 31 finished with values: [0.8784292877010065, 0.16625] and parameters: {'psi': 0.7947022535117968, 'lda_t': 0.0018841918709689548}.
[I 2025-08-09 20:26:23,911] Trial 32 finished with values: [0.8997455689421935, 0.18047428395441947] and parameters: {'psi': 0.4170317973460168, 'lda_t': 0.03700945532233545}.
[I 2025-08-09 20:26:30,078] Trial 33 finished with values: [0.8953442744158587, 0.18990155604953954] and parameters: {'psi': 0.9135603311543324, 'lda_t': 1.241123274418015}.
[I 2025-08-09 20:26:36,234] Trial 34 finished with values: [0.8766390713914202, 0.16786271450858034] and parameters: {'psi': 0.7963871915239085, 'lda_t': 0.0009082921234089052}.
[I 2025-08-09 20:26:42,390] Trial 35 finished with values: [0.8939314723329619, 0.1757836508912108] and parameters: {'psi': 0.23306244600443216, 'lda_t': 0.014228191197591517}.
[I 2025-08-09 20:26:48,551] Trial 36 finished with values: [0.9034544263359898, 0.20342146189735613] and parameters: {'psi': 0.3663787465329671, 'lda_t': 5.2914882764319895}.
[I 2025-08-09 20:26:54,718] Trial 37 finished with values: [0.875048423812985, 0.18669920683343502] and parameters: {'psi': 0.22390846601744718, 'lda_t': 1.5753504846038782e-07}.
[I 2025-08-09 20:27:00,888] Trial 38 finished with values: [0.8789606648202636, 0.16625] and parameters: {'psi': 0.7872167966836839, 'lda_t': 0.0021307086996515275}.
[I 2025-08-09 20:27:07,038] Trial 39 finished with values: [0.8807364421601218, 0.17768213956347986] and parameters: {'psi': 0.624095342024138, 'lda_t': 0.0019294659799068577}.
[I 2025-08-09 20:27:13,317] Trial 40 finished with values: [0.8757087295592487, 0.18803418803418803] and parameters: {'psi': 0.15905160541357344, 'lda_t': 1.1784617010339585e-06}.
[I 2025-08-09 20:27:19,498] Trial 41 finished with values: [0.9065859696689503, 0.21072319201995013] and parameters: {'psi': 0.572450528225171, 'lda_t': 6.389497152486528}.
[I 2025-08-09 20:27:25,648] Trial 42 finished with values: [0.8752180205252188, 0.18315467075038286] and parameters: {'psi': 0.37675637498294046, 'lda_t': 3.2801040051704665e-07}.
[I 2025-08-09 20:27:31,810] Trial 43 finished with values: [0.9064478277412198, 0.21023081721771678] and parameters: {'psi': 0.5652888974202718, 'lda_t': 8.916285814908319}.
[I 2025-08-09 20:27:37,965] Trial 44 finished with values: [0.8752799079936756, 0.1862026862026862] and parameters: {'psi': 0.24443222233589335, 'lda_t': 2.58506890964333e-05}.
[I 2025-08-09 20:27:44,138] Trial 45 finished with values: [0.8914027811787815, 0.17567567567567569] and parameters: {'psi': 0.4016889038393624, 'lda_t': 0.0120380486450933}.
[I 2025-08-09 20:27:50,285] Trial 46 finished with values: [0.8751258875179784, 0.17272444858651756] and parameters: {'psi': 0.7492844116068664, 'lda_t': 2.5902236170766073e-05}.
[I 2025-08-09 20:27:56,438] Trial 47 finished with values: [0.8983988578962089, 0.1886209029066172] and parameters: {'psi': 0.21409498685828354, 'lda_t': 0.02947171813989883}.
[I 2025-08-09 20:28:02,591] Trial 48 finished with values: [0.8759399546158566, 0.18053423395762971] and parameters: {'psi': 0.6105193072397782, 'lda_t': 4.6723658068193275e-06}.
[I 2025-08-09 20:28:08,756] Trial 49 finished with values: [0.8917515621943146, 0.19245049504950495] and parameters: {'psi': 0.04222396950412266, 'lda_t': 0.0010386830845602617}.
[I 2025-08-09 20:28:14,920] Trial 50 finished with values: [0.902894214464623, 0.19637273295809882] and parameters: {'psi': 0.9808514390848133, 'lda_t': 0.8424397016475228}.
[I 2025-08-09 20:28:21,089] Trial 51 finished with values: [0.8786165336424395, 0.17835178351783518] and parameters: {'psi': 0.6266134366885758, 'lda_t': 0.0009082921234089052}.
[I 2025-08-09 20:28:27,264] Trial 52 finished with values: [0.875375827091682, 0.18803418803418803] and parameters: {'psi': 0.1808451313271041, 'lda_t': 2.0359754696897263e-08}.
[I 2025-08-09 20:28:33,432] Trial 53 finished with values: [0.8764507169747434, 0.17835178351783518] and parameters: {'psi': 0.6633280644238428, 'lda_t': 0.00022753032020188393}.
[I 2025-08-09 20:28:39,599] Trial 54 finished with values: [0.8953442744158587, 0.18990155604953954] and parameters: {'psi': 0.9135603311543324, 'lda_t': 1.241123274418015}.
[I 2025-08-09 20:28:45,765] Trial 55 finished with values: [0.8969179349710841, 0.1927486829872947] and parameters: {'psi': 0.1548178151867372, 'lda_t': 0.6549155931721221}.
[I 2025-08-09 20:28:51,912] Trial 56 finished with values: [0.8743459672159088, 0.17029210689869484] and parameters: {'psi': 0.8958823897084782, 'lda_t': 0.004433067350647201}.
[I 2025-08-09 20:28:58,066] Trial 57 finished with values: [0.8957868151620412, 0.19498607242339833] and parameters: {'psi': 0.14122535250162482, 'lda_t': 0.8424397016475228}.
[I 2025-08-09 20:29:04,221] Trial 58 finished with values: [0.8752180205252188, 0.18315467075038286] and parameters: {'psi': 0.37675637498294046, 'lda_t': 3.2801040051704665e-07}.
[I 2025-08-09 20:29:10,381] Trial 59 finished with values: [0.8758899292720815, 0.18103712795335994] and parameters: {'psi': 0.5082470891282627, 'lda_t': 3.5994064492446186e-07}.
[I 2025-08-09 20:29:16,553] Trial 60 finished with values: [0.8752330497220246, 0.18315467075038286] and parameters: {'psi': 0.3663787465329671, 'lda_t': 8.058276214003621e-06}.
[I 2025-08-09 20:29:22,739] Trial 61 finished with values: [0.907996497218231, 0.19936507936507936] and parameters: {'psi': 0.7729604040896174, 'lda_t': 6.389497152486528}.
[I 2025-08-09 20:29:28,910] Trial 62 finished with values: [0.8961209556668924, 0.17098765432098764] and parameters: {'psi': 0.5054422885167015, 'lda_t': 0.025709293371478006}.
[I 2025-08-09 20:29:35,095] Trial 63 finished with values: [0.9061087926703586, 0.21085464753587024] and parameters: {'psi': 0.5480423269368032, 'lda_t': 1.060508348530848}.
[I 2025-08-09 20:29:41,260] Trial 64 finished with values: [0.890564226855073, 0.19215322829780662] and parameters: {'psi': 0.06333416937051706, 'lda_t': 3.077579247638539}.
[I 2025-08-09 20:29:47,439] Trial 65 finished with values: [0.9025740090771167, 0.19655712050078247] and parameters: {'psi': 0.01749043001999584, 'lda_t': 4.3372359073854104e-07}.
[I 2025-08-09 20:29:53,603] Trial 66 finished with values: [0.877937427004386, 0.18087063151440833] and parameters: {'psi': 0.4437692140983527, 'lda_t': 0.0005011140083541439}.
[I 2025-08-09 20:29:59,777] Trial 67 finished with values: [0.9042283004094592, 0.20610211706102116] and parameters: {'psi': 0.43979873398037517, 'lda_t': 1.647458144737275}.
[I 2025-08-09 20:30:05,965] Trial 68 finished with values: [0.9034095546823073, 0.20279937791601865] and parameters: {'psi': 0.3630621183959777, 'lda_t': 0.18545840037253583}.
[I 2025-08-09 20:30:12,138] Trial 69 finished with values: [0.8750015223539869, 0.1855921855921856] and parameters: {'psi': 0.2511794221861805, 'lda_t': 2.9591470342869514e-06}.
[I 2025-08-09 20:30:18,306] Trial 70 finished with values: [0.8891805618357156, 0.1845585973546601] and parameters: {'psi': 0.09882967201238069, 'lda_t': 0.004454763671298891}.
[I 2025-08-09 20:30:24,477] Trial 71 finished with values: [0.8922711059804542, 0.1921289123024481] and parameters: {'psi': 0.04222396950412266, 'lda_t': 0.1822036110060875}.
[I 2025-08-09 20:30:30,652] Trial 72 finished with values: [0.8775050208890001, 0.18814905314599878] and parameters: {'psi': 0.12318460564321332, 'lda_t': 4.285865487472073e-05}.
[I 2025-08-09 20:30:36,828] Trial 73 finished with values: [0.8756148258707758, 0.17801047120418848] and parameters: {'psi': 0.677019818697334, 'lda_t': 1.537494813147529e-06}.
[I 2025-08-09 20:30:43,008] Trial 74 finished with values: [0.9054500272728098, 0.20947630922693267] and parameters: {'psi': 0.5143699062851467, 'lda_t': 0.5557666097241883}.
[I 2025-08-09 20:30:49,177] Trial 75 finished with values: [0.8829686089888129, 0.18593272171253822] and parameters: {'psi': 0.1228603825679937, 'lda_t': 0.0006813257420965203}.
[I 2025-08-09 20:30:55,355] Trial 76 finished with values: [0.8754323017459635, 0.16770573566084787] and parameters: {'psi': 0.8615793512691488, 'lda_t': 0.0019294659799068577}.
[I 2025-08-09 20:31:01,536] Trial 77 finished with values: [0.9029170893628268, 0.19395073277206112] and parameters: {'psi': 0.30475451400016895, 'lda_t': 1.6870071342566557}.
[I 2025-08-09 20:31:07,713] Trial 78 finished with values: [0.875927214348449, 0.18053423395762971] and parameters: {'psi': 0.6105193072397782, 'lda_t': 1.5572124521049884e-06}.
[I 2025-08-09 20:31:13,887] Trial 79 finished with values: [0.8939218271587663, 0.19062697910069665] and parameters: {'psi': 0.9244036758748718, 'lda_t': 0.6549155931721221}.
[I 2025-08-09 20:31:20,049] Trial 80 finished with values: [0.8982673236325914, 0.1903584672435105] and parameters: {'psi': 0.2086220095889706, 'lda_t': 0.02947171813989883}.
[I 2025-08-09 20:31:26,238] Trial 81 finished with values: [0.9213673574770757, 0.19274746814766416] and parameters: {'psi': 0.005899956988731803, 'lda_t': 0.017819610244519876}.
[I 2025-08-09 20:31:32,419] Trial 82 finished with values: [0.8922497858267476, 0.17444717444717445] and parameters: {'psi': 0.4016889038393624, 'lda_t': 0.014228191197591517}.
[I 2025-08-09 20:31:38,578] Trial 83 finished with values: [0.8781494912746443, 0.18137254901960784] and parameters: {'psi': 0.4317655810470501, 'lda_t': 0.0005575206583137778}.
[I 2025-08-09 20:31:44,855] Trial 84 finished with values: [0.875751182721491, 0.18148375229920294] and parameters: {'psi': 0.4763755508148545, 'lda_t': 8.555203657499816e-08}.
[I 2025-08-09 20:31:51,011] Trial 85 finished with values: [0.9023162094062329, 0.19551681195516812] and parameters: {'psi': 0.28005264846537203, 'lda_t': 0.10682290056392421}.
[I 2025-08-09 20:31:57,168] Trial 86 finished with values: [0.875969278824567, 0.18058968058968058] and parameters: {'psi': 0.5956539373840808, 'lda_t': 2.3478778387148775e-06}.
[I 2025-08-09 20:32:03,342] Trial 87 finished with values: [0.9054500272728098, 0.20947630922693267] and parameters: {'psi': 0.5143699062851467, 'lda_t': 1.060508348530848}.
[I 2025-08-09 20:32:09,510] Trial 88 finished with values: [0.8847275144717203, 0.16433239962651727] and parameters: {'psi': 0.964998512990047, 'lda_t': 0.03700945532233545}.
[I 2025-08-09 20:32:15,684] Trial 89 finished with values: [0.8751790079549654, 0.18315467075038286] and parameters: {'psi': 0.3663787465329671, 'lda_t': 1.2290950716820564e-06}.
[I 2025-08-09 20:32:21,849] Trial 90 finished with values: [0.8932795881193912, 0.1727636028281586] and parameters: {'psi': 0.2810032111165398, 'lda_t': 0.014228191197591517}.
[I 2025-08-09 20:32:28,012] Trial 91 finished with values: [0.8927425390618757, 0.16939721792890264] and parameters: {'psi': 0.6830856177269853, 'lda_t': 0.021812222970994236}.
[I 2025-08-09 20:32:34,178] Trial 92 finished with values: [0.8759626711604542, 0.17936117936117937] and parameters: {'psi': 0.5360433801885395, 'lda_t': 6.932819813235197e-08}.
[I 2025-08-09 20:32:40,334] Trial 93 finished with values: [0.9072980714402219, 0.21246105919003117] and parameters: {'psi': 0.6105193072397782, 'lda_t': 8.916285814908319}.
[I 2025-08-09 20:32:46,510] Trial 94 finished with values: [0.9004013832043545, 0.17608897126969417] and parameters: {'psi': 0.5397301408234192, 'lda_t': 0.04120549141198244}.
[I 2025-08-09 20:32:52,670] Trial 95 finished with values: [0.8905137552420441, 0.17434312210200928] and parameters: {'psi': 0.6872112098065506, 'lda_t': 0.014228191197591517}.
[I 2025-08-09 20:32:58,830] Trial 96 finished with values: [0.9042991996376868, 0.1923318667504714] and parameters: {'psi': 0.01873028400718013, 'lda_t': 0.0018841918709689548}.
[I 2025-08-09 20:33:05,001] Trial 97 finished with values: [0.9087419396214974, 0.19836272040302266] and parameters: {'psi': 0.015108281207082297, 'lda_t': 0.0003302332581000725}.
[I 2025-08-09 20:33:11,160] Trial 98 finished with values: [0.8756576821149246, 0.18204106650321789] and parameters: {'psi': 0.4594914464010359, 'lda_t': 9.2027717498817e-08}.
[I 2025-08-09 20:33:17,317] Trial 99 finished with values: [0.8751762151731836, 0.1867561794324077] and parameters: {'psi': 0.22081315186621708, 'lda_t': 8.395840690028336e-06}.
[I 2025-08-09 20:33:23,472] Trial 100 finished with values: [0.8757735969546586, 0.1782421634910879] and parameters: {'psi': 0.6473273657951197, 'lda_t': 2.624870277609566e-08}.
[I 2025-08-09 20:33:29,625] Trial 101 finished with values: [0.8779308625276201, 0.18243036424854606] and parameters: {'psi': 0.3817977032653974, 'lda_t': 0.0004936238040916705}.
[I 2025-08-09 20:33:35,784] Trial 102 finished with values: [0.9006571962572695, 0.19503105590062111] and parameters: {'psi': 0.21409498685828354, 'lda_t': 5.147157305063381}.
[I 2025-08-09 20:33:41,937] Trial 103 finished with values: [0.8795334442096491, 0.19240196078431374] and parameters: {'psi': 0.0754281462207732, 'lda_t': 2.6856053361534005e-07}.
[I 2025-08-09 20:33:48,097] Trial 104 finished with values: [0.9043533421752229, 0.19510684422421803] and parameters: {'psi': 0.6204899831534126, 'lda_t': 0.0913861097294959}.
[I 2025-08-09 20:33:54,255] Trial 105 finished with values: [0.8966022210676805, 0.19286821705426357] and parameters: {'psi': 0.15095982925346818, 'lda_t': 3.2022601423082113}.
[I 2025-08-09 20:34:00,409] Trial 106 finished with values: [0.8835676750768267, 0.1881703953417101] and parameters: {'psi': 0.08915906853976818, 'lda_t': 0.00041042461654761987}.
[I 2025-08-09 20:34:06,570] Trial 107 finished with values: [0.9078812445844866, 0.20825515947467166] and parameters: {'psi': 0.6469739537209148, 'lda_t': 2.3822839558504514}.
[I 2025-08-09 20:34:12,727] Trial 108 finished with values: [0.8957868151620412, 0.19498607242339833] and parameters: {'psi': 0.14122535250162482, 'lda_t': 3.0781817831721208}.
[I 2025-08-09 20:34:18,898] Trial 109 finished with values: [0.8912487463073019, 0.17562173779551735] and parameters: {'psi': 0.3630621183959777, 'lda_t': 0.011228319590792114}.
[I 2025-08-09 20:34:25,072] Trial 110 finished with values: [0.8858967687082909, 0.1789764020839718] and parameters: {'psi': 0.46070084449994697, 'lda_t': 0.004454763671298891}.
[I 2025-08-09 20:34:31,242] Trial 111 finished with values: [0.8855106306374783, 0.18928024502297092] and parameters: {'psi': 0.08397094433298258, 'lda_t': 0.0006813257420965203}.
[I 2025-08-09 20:34:37,388] Trial 112 finished with values: [0.9064478277412198, 0.21023081721771678] and parameters: {'psi': 0.5652888974202718, 'lda_t': 0.9315167825629238}.
[I 2025-08-09 20:34:43,684] Trial 113 finished with values: [0.9054500272728098, 0.20947630922693267] and parameters: {'psi': 0.5143699062851467, 'lda_t': 0.6549155931721221}.
[I 2025-08-09 20:34:49,845] Trial 114 finished with values: [0.8770484442549958, 0.18925518925518925] and parameters: {'psi': 0.11606674705530429, 'lda_t': 7.53658854495665e-06}.
[I 2025-08-09 20:34:56,022] Trial 115 finished with values: [0.9056981241863683, 0.19245283018867926] and parameters: {'psi': 0.01749043001999584, 'lda_t': 1.241123274418015}.
[I 2025-08-09 20:35:02,185] Trial 116 finished with values: [0.8755478710869204, 0.18198529411764705] and parameters: {'psi': 0.43979873398037517, 'lda_t': 2.889789890984772e-07}.
[I 2025-08-09 20:35:08,357] Trial 117 finished with values: [0.8740237464188692, 0.16536661466458658] and parameters: {'psi': 0.8173789291001251, 'lda_t': 7.616666364679967e-07}.
[I 2025-08-09 20:35:14,520] Trial 118 finished with values: [0.906985697358331, 0.2109204368174727] and parameters: {'psi': 0.5933098687704802, 'lda_t': 1.9866647954353365}.
[I 2025-08-09 20:35:20,697] Trial 119 finished with values: [0.9071065787429861, 0.20954162768942938] and parameters: {'psi': 0.6473273657951197, 'lda_t': 0.18545840037253583}.
[I 2025-08-09 20:35:26,857] Trial 120 finished with values: [0.9087520454607291, 0.19672131147540983] and parameters: {'psi': 0.015108281207082297, 'lda_t': 0.0011135330958082664}.
[I 2025-08-09 20:35:33,006] Trial 121 finished with values: [0.885057365033422, 0.1900674432863274] and parameters: {'psi': 0.07798344954446323, 'lda_t': 0.0004768546951231104}.
[I 2025-08-09 20:35:39,166] Trial 122 finished with values: [0.9029170893628268, 0.19395073277206112] and parameters: {'psi': 0.30475451400016895, 'lda_t': 1.6870071342566557}.
[I 2025-08-09 20:35:45,316] Trial 123 finished with values: [0.875881104657482, 0.18864468864468864] and parameters: {'psi': 0.1615695849554626, 'lda_t': 1.2969292707675678e-05}.
