[I 2025-08-09 21:55:10,281] Trial 124 finished with values: [0.9080081503398492, 0.2796688132474701] and parameters: {'psi': 0.7439733521945651, 'lda_t': 0.008905966005204916}.
[I 2025-08-09 21:55:18,237] Trial 125 finished with values: [0.929314272504336, 0.3938144329896907] and parameters: {'psi': 0.2552315732704361, 'lda_t': 0.2771418595265559}.
[I 2025-08-09 21:55:26,225] Trial 126 finished with values: [0.9025653357310388, 0.2651036970243463] and parameters: {'psi': 0.21827744485000278, 'lda_t': 0.0008937020367762125}.
[I 2025-08-09 21:55:34,182] Trial 127 finished with values: [0.9183921665661815, 0.3605577689243028] and parameters: {'psi': 0.19774622935963182, 'lda_t': 1.2205552952797107}.
[I 2025-08-09 21:55:42,154] Trial 128 finished with values: [0.896656571676175, 0.27056672760511885] and parameters: {'psi': 0.9831127522587575, 'lda_t': 0.0005279562139643813}.
[I 2025-08-09 21:55:50,138] Trial 129 finished with values: [0.9437833329267458, 0.49479768786127165] and parameters: {'psi': 0.8681382554937496, 'lda_t': 0.3105328637957405}.
[I 2025-08-09 21:55:58,084] Trial 130 finished with values: [0.9401399590856656, 0.4418103448275862] and parameters: {'psi': 0.3447876909500339, 'lda_t': 1.417373167490909}.
[I 2025-08-09 21:56:06,059] Trial 131 finished with values: [0.9004518931301789, 0.29174311926605506] and parameters: {'psi': 0.06716050790069361, 'lda_t': 0.3105328637957405}.
[I 2025-08-09 21:56:14,044] Trial 132 finished with values: [0.9439316793347763, 0.48291571753986334] and parameters: {'psi': 0.8227053766237223, 'lda_t': 0.786259061490011}.
[I 2025-08-09 21:56:21,998] Trial 133 finished with values: [0.906910363686844, 0.2753623188405797] and parameters: {'psi': 0.2982693368635664, 'lda_t': 0.002658395367755419}.
[I 2025-08-09 21:56:29,990] Trial 134 finished with values: [0.8972666854858665, 0.27803521779425394] and parameters: {'psi': 0.9310831114946855, 'lda_t': 0.0013648228763913858}.
[I 2025-08-09 21:56:38,078] Trial 135 finished with values: [0.8996740328731923, 0.25788999098286747] and parameters: {'psi': 0.42113254733886385, 'lda_t': 1.6211845595950229e-06}.
[I 2025-08-09 21:56:46,050] Trial 136 finished with values: [0.9414473126298903, 0.4617067833698031] and parameters: {'psi': 0.48817292470310936, 'lda_t': 3.407079917119944}.
[I 2025-08-09 21:56:54,053] Trial 137 finished with values: [0.9117955723766675, 0.3197729422894986] and parameters: {'psi': 0.1341296800984788, 'lda_t': 0.12363285783981842}.
[I 2025-08-09 21:57:02,016] Trial 138 finished with values: [0.92299404174842, 0.37613751263902934] and parameters: {'psi': 0.22449192782973382, 'lda_t': 0.08063663399462657}.
[I 2025-08-09 21:57:09,981] Trial 139 finished with values: [0.8963481459022354, 0.26373626373626374] and parameters: {'psi': 0.8496280833402509, 'lda_t': 3.742060122264123e-06}.
[I 2025-08-09 21:57:17,940] Trial 140 finished with values: [0.9340730905191893, 0.4042328042328042] and parameters: {'psi': 0.4327295438375305, 'lda_t': 0.049649422055631186}.
[I 2025-08-09 21:57:25,852] Trial 141 finished with values: [0.9172846218095938, 0.2960222016651249] and parameters: {'psi': 0.4489595426242621, 'lda_t': 0.010960417554670412}.
[I 2025-08-09 21:57:33,812] Trial 142 finished with values: [0.9323581038146053, 0.40250260688216893] and parameters: {'psi': 0.2709501473826499, 'lda_t': 3.1630492815650655}.
[I 2025-08-09 21:57:41,788] Trial 143 finished with values: [0.9185499225740948, 0.3213939980638916] and parameters: {'psi': 0.8984283320546691, 'lda_t': 0.032567850042347454}.
[I 2025-08-09 21:57:49,764] Trial 144 finished with values: [0.9434910544908767, 0.5005847953216375] and parameters: {'psi': 0.9164918817535437, 'lda_t': 0.7296897177208891}.
[I 2025-08-09 21:57:57,737] Trial 145 finished with values: [0.9290866995886494, 0.39300411522633744] and parameters: {'psi': 0.254141809488986, 'lda_t': 0.12363285783981842}.
[I 2025-08-09 21:58:05,697] Trial 146 finished with values: [0.9359153972419416, 0.4105820105820106] and parameters: {'psi': 0.6793389091263434, 'lda_t': 0.07240480811620183}.
[I 2025-08-09 21:58:13,667] Trial 147 finished with values: [0.8995446218328275, 0.25696316262353996] and parameters: {'psi': 0.2709501473826499, 'lda_t': 2.6447463612327357e-05}.
[I 2025-08-09 21:58:21,663] Trial 148 finished with values: [0.8976060119211497, 0.2587601078167116] and parameters: {'psi': 0.10512832664300265, 'lda_t': 1.4578832172551866e-05}.
[I 2025-08-09 21:58:29,644] Trial 149 finished with values: [0.8996768209027872, 0.25788999098286747] and parameters: {'psi': 0.41472519982645584, 'lda_t': 2.8772699933665737e-06}.
[I 2025-08-09 21:58:37,611] Trial 150 finished with values: [0.9436836608687268, 0.49479768786127165] and parameters: {'psi': 0.8640249031443845, 'lda_t': 3.407079917119944}.
[I 2025-08-09 21:58:45,575] Trial 151 finished with values: [0.8996207118071893, 0.25742574257425743] and parameters: {'psi': 0.3447876909500339, 'lda_t': 1.2084624632108577e-06}.
[I 2025-08-09 21:58:53,541] Trial 152 finished with values: [0.9419356824806028, 0.4600219058050383] and parameters: {'psi': 0.4447075902338091, 'lda_t': 0.3105328637957405}.
[I 2025-08-09 21:59:01,516] Trial 153 finished with values: [0.8993716478300416, 0.26244343891402716] and parameters: {'psi': 0.575997336489775, 'lda_t': 1.7379724253648225e-07}.
[I 2025-08-09 21:59:09,473] Trial 154 finished with values: [0.9290866995886494, 0.39300411522633744] and parameters: {'psi': 0.254141809488986, 'lda_t': 0.12363285783981842}.
[I 2025-08-09 21:59:17,469] Trial 155 finished with values: [0.9434910544908767, 0.5005847953216375] and parameters: {'psi': 0.9164918817535437, 'lda_t': 0.7296897177208891}.
[I 2025-08-09 21:59:25,456] Trial 156 finished with values: [0.8970719880858202, 0.26071103008204194] and parameters: {'psi': 0.8121222461481811, 'lda_t': 3.3453962170188914e-05}.
[I 2025-08-09 21:59:33,447] Trial 157 finished with values: [0.9419937664304973, 0.4585152838427948] and parameters: {'psi': 0.43054730106618466, 'lda_t': 0.18129847967160265}.
[I 2025-08-09 21:59:41,385] Trial 158 finished with values: [0.8995950387013357, 0.26063348416289595] and parameters: {'psi': 0.5176735615428089, 'lda_t': 1.115880203597079e-05}.
[I 2025-08-09 21:59:49,367] Trial 159 finished with values: [0.9413238261524146, 0.46120218579234973] and parameters: {'psi': 0.5075012374299255, 'lda_t': 1.2205552952797107}.
[I 2025-08-09 21:59:57,340] Trial 160 finished with values: [0.941397360432981, 0.46120218579234973] and parameters: {'psi': 0.49433293214026575, 'lda_t': 3.407079917119944}.
[I 2025-08-09 22:00:05,325] Trial 161 finished with values: [0.9104767182103636, 0.31203007518796994] and parameters: {'psi': 0.12162415473803345, 'lda_t': 0.5093008820436989}.
[I 2025-08-09 22:00:13,296] Trial 162 finished with values: [0.8962085120866891, 0.27548209366391185] and parameters: {'psi': 0.9376339145654077, 'lda_t': 2.9436730670684603e-08}.
[I 2025-08-09 22:00:21,298] Trial 163 finished with values: [0.9418889829848877, 0.45951859956236324] and parameters: {'psi': 0.4489595426242621, 'lda_t': 0.3105328637957405}.
[I 2025-08-09 22:00:29,271] Trial 164 finished with values: [0.8994255497355438, 0.25696316262353996] and parameters: {'psi': 0.2709501473826499, 'lda_t': 1.4430631755790148e-08}.
[I 2025-08-09 22:00:37,356] Trial 165 finished with values: [0.9433674518455014, 0.4634146341463415] and parameters: {'psi': 0.6480675263176342, 'lda_t': 1.0497790999250853}.
[I 2025-08-09 22:00:45,343] Trial 166 finished with values: [0.941146902441036, 0.4851258581235698] and parameters: {'psi': 0.8496280833402509, 'lda_t': 0.1674593317214423}.
[I 2025-08-09 22:00:53,330] Trial 167 finished with values: [0.943949917695043, 0.48127128263337116] and parameters: {'psi': 0.8189503066820989, 'lda_t': 2.5529326884041756}.
[I 2025-08-09 22:01:01,295] Trial 168 finished with values: [0.9440131130325282, 0.46993318485523383] and parameters: {'psi': 0.756594846681345, 'lda_t': 3.407079917119944}.
[I 2025-08-09 22:01:09,260] Trial 169 finished with values: [0.9332341259469137, 0.43010752688172044] and parameters: {'psi': 0.3447876909500339, 'lda_t': 0.05975314937425956}.
[I 2025-08-09 22:01:17,238] Trial 170 finished with values: [0.940870655175338, 0.4449244060475162] and parameters: {'psi': 0.3969835725463372, 'lda_t': 0.11188377541975954}.
[I 2025-08-09 22:01:25,221] Trial 171 finished with values: [0.9436614727998672, 0.49479768786127165] and parameters: {'psi': 0.8681382554937496, 'lda_t': 1.2205552952797107}.
[I 2025-08-09 22:01:33,192] Trial 172 finished with values: [0.8985380269811565, 0.2659380692167577] and parameters: {'psi': 0.7306531667528435, 'lda_t': 0.00014082362242861607}.
[I 2025-08-09 22:01:41,186] Trial 173 finished with values: [0.8958629125848171, 0.27182718271827183] and parameters: {'psi': 0.051398619408762, 'lda_t': 0.00022317193034114346}.
[I 2025-08-09 22:01:49,158] Trial 174 finished with values: [0.8959308708061937, 0.26581118240146656] and parameters: {'psi': 0.8809657668712932, 'lda_t': 3.30445011004345e-05}.
[I 2025-08-09 22:01:57,134] Trial 175 finished with values: [0.9439316793347763, 0.48291571753986334] and parameters: {'psi': 0.8227053766237223, 'lda_t': 1.2205552952797107}.
[I 2025-08-09 22:02:05,129] Trial 176 finished with values: [0.945770501020535, 0.514218009478673] and parameters: {'psi': 0.9853523985530265, 'lda_t': 2.428813585915971}.
[I 2025-08-09 22:02:13,114] Trial 177 finished with values: [0.8998859231224072, 0.2670299727520436] and parameters: {'psi': 0.6793389091263434, 'lda_t': 0.0007557079146347053}.
[I 2025-08-09 22:02:21,035] Trial 178 finished with values: [0.9107398385033857, 0.27945205479452057] and parameters: {'psi': 0.2709501473826499, 'lda_t': 0.004124600982197272}.
[I 2025-08-09 22:02:29,016] Trial 179 finished with values: [0.9439583979517276, 0.4868571428571429] and parameters: {'psi': 0.8245844394144708, 'lda_t': 0.3105328637957405}.
[I 2025-08-09 22:02:37,007] Trial 180 finished with values: [0.9443846179760531, 0.5071090047393365] and parameters: {'psi': 0.9556035406933461, 'lda_t': 3.1630492815650655}.
[I 2025-08-09 22:02:45,014] Trial 181 finished with values: [0.941900948278566, 0.4557235421166307] and parameters: {'psi': 0.40703166527964496, 'lda_t': 3.407079917119944}.
[I 2025-08-09 22:02:52,986] Trial 182 finished with values: [0.9140634021163468, 0.3029162746942615] and parameters: {'psi': 0.8153902346346483, 'lda_t': 0.018563215465976547}.
[I 2025-08-09 22:03:00,976] Trial 183 finished with values: [0.9413104668439389, 0.46120218579234973] and parameters: {'psi': 0.5132528685353394, 'lda_t': 3.407079917119944}.
[I 2025-08-09 22:03:08,952] Trial 184 finished with values: [0.905807814149947, 0.27579908675799086] and parameters: {'psi': 0.6803214171429893, 'lda_t': 0.005551487547233599}.
[I 2025-08-09 22:03:16,936] Trial 185 finished with values: [0.8962449888072229, 0.263254113345521] and parameters: {'psi': 0.855678357702793, 'lda_t': 1.3116142957151202e-06}.
[I 2025-08-09 22:03:24,920] Trial 186 finished with values: [0.9420058478920754, 0.4591947769314472] and parameters: {'psi': 0.4231360739840202, 'lda_t': 0.7296897177208891}.
[I 2025-08-09 22:03:32,913] Trial 187 finished with values: [0.9420023628550818, 0.45901639344262296] and parameters: {'psi': 0.4352224716130215, 'lda_t': 0.7296897177208891}.
[I 2025-08-09 22:03:40,882] Trial 188 finished with values: [0.8993185590998382, 0.26545454545454544] and parameters: {'psi': 0.6796184885848959, 'lda_t': 0.000355310750020839}.
[I 2025-08-09 22:03:48,852] Trial 189 finished with values: [0.9353446643502789, 0.4126984126984127] and parameters: {'psi': 0.7823573971505422, 'lda_t': 0.08063663399462657}.
[I 2025-08-09 22:03:56,805] Trial 190 finished with values: [0.9385424181277684, 0.43254817987152033] and parameters: {'psi': 0.3201032434191775, 'lda_t': 0.1674593317214423}.
[I 2025-08-09 22:04:04,784] Trial 191 finished with values: [0.8964941689522702, 0.2616651418115279] and parameters: {'psi': 0.841262707686624, 'lda_t': 5.919662831734884e-06}.
[I 2025-08-09 22:04:12,753] Trial 192 finished with values: [0.8969418800380566, 0.27389705882352944] and parameters: {'psi': 0.9584215854214161, 'lda_t': 8.429098527152796e-05}.
[I 2025-08-09 22:04:20,719] Trial 193 finished with values: [0.9412545900841404, 0.4556407447973713] and parameters: {'psi': 0.44169256314891026, 'lda_t': 0.12363285783981842}.
[I 2025-08-09 22:04:28,713] Trial 194 finished with values: [0.9439590949591262, 0.48072562358276644] and parameters: {'psi': 0.8153635693669835, 'lda_t': 2.2169582721436396}.
[I 2025-08-09 22:04:36,689] Trial 195 finished with values: [0.9401399590856656, 0.4418103448275862] and parameters: {'psi': 0.3447876909500339, 'lda_t': 1.417373167490909}.
[I 2025-08-09 22:04:44,659] Trial 196 finished with values: [0.9186283359064523, 0.36254980079681276] and parameters: {'psi': 0.19926566361029274, 'lda_t': 7.216600288307587}.
[I 2025-08-09 22:04:52,631] Trial 197 finished with values: [0.9439566554332306, 0.4688888888888889] and parameters: {'psi': 0.7285527255812296, 'lda_t': 0.523946626409378}.
[I 2025-08-09 22:05:00,591] Trial 198 finished with values: [0.9000178898565675, 0.25765765765765763] and parameters: {'psi': 0.3726032134037448, 'lda_t': 0.00012797782008463433}.
[I 2025-08-09 22:05:08,552] Trial 199 finished with values: [0.9304048567475544, 0.3629032258064516] and parameters: {'psi': 0.6816776186717924, 'lda_t': 0.049649422055631186}.
[I 2025-08-09 22:05:16,548] Trial 200 finished with values: [0.8972479824540004, 0.2587601078167116] and parameters: {'psi': 0.09969762088655121, 'lda_t': 3.139494829214659e-08}.
[I 2025-08-09 22:05:24,531] Trial 201 finished with values: [0.9314796421564016, 0.38445807770961143] and parameters: {'psi': 0.48817292470310936, 'lda_t': 0.042689617792472635}.
[I 2025-08-09 22:05:32,500] Trial 202 finished with values: [0.9420023628550818, 0.45901639344262296] and parameters: {'psi': 0.4352224716130215, 'lda_t': 0.7296897177208891}.
[I 2025-08-09 22:05:40,482] Trial 203 finished with values: [0.9190259786274299, 0.3185328185328185] and parameters: {'psi': 0.9556035406933461, 'lda_t': 0.033881479116798154}.
[I 2025-08-09 22:05:48,449] Trial 204 finished with values: [0.9402441616917764, 0.4418103448275862] and parameters: {'psi': 0.3468704071929407, 'lda_t': 3.407079917119944}.
[I 2025-08-09 22:05:56,457] Trial 205 finished with values: [0.8962243109210604, 0.26556776556776557] and parameters: {'psi': 0.8715692935198285, 'lda_t': 0.00019065332843092598}.
[I 2025-08-09 22:06:04,421] Trial 206 finished with values: [0.8534480375175848, 0.3013953488372093] and parameters: {'psi': 0.007133462850747563, 'lda_t': 0.3105328637957405}.
[I 2025-08-09 22:06:12,528] Trial 207 finished with values: [0.8996287273922746, 0.2603978300180832] and parameters: {'psi': 0.49433293214026575, 'lda_t': 3.1639267282123025e-07}.
[I 2025-08-09 22:06:20,492] Trial 208 finished with values: [0.9437833329267458, 0.49479768786127165] and parameters: {'psi': 0.8681382554937496, 'lda_t': 0.3105328637957405}.
[I 2025-08-09 22:06:28,475] Trial 209 finished with values: [0.9434005596969413, 0.49596309111880044] and parameters: {'psi': 0.9164918817535437, 'lda_t': 0.2642304145770784}.
[I 2025-08-09 22:06:36,464] Trial 210 finished with values: [0.9410698831234761, 0.45633187772925765] and parameters: {'psi': 0.5237170792857488, 'lda_t': 0.1674593317214423}.
[I 2025-08-09 22:06:44,444] Trial 211 finished with values: [0.9443601065491977, 0.5071090047393365] and parameters: {'psi': 0.9556035406933461, 'lda_t': 0.5927826148686524}.
[I 2025-08-09 22:06:52,418] Trial 212 finished with values: [0.9243200983245105, 0.3316782522343595] and parameters: {'psi': 0.8153902346346483, 'lda_t': 0.0389020750199268}.
[I 2025-08-09 22:07:00,385] Trial 213 finished with values: [0.8997268892675961, 0.25765765765765763] and parameters: {'psi': 0.3864658452404439, 'lda_t': 2.1219201222228348e-05}.
[I 2025-08-09 22:07:08,341] Trial 214 finished with values: [0.9439221535669935, 0.48346636259977194] and parameters: {'psi': 0.8245844394144708, 'lda_t': 1.1187072006192438}.
[I 2025-08-09 22:07:16,336] Trial 215 finished with values: [0.941397360432981, 0.46120218579234973] and parameters: {'psi': 0.49433293214026575, 'lda_t': 3.407079917119944}.
[I 2025-08-09 22:07:24,329] Trial 216 finished with values: [0.8988315832639231, 0.25673249551166966] and parameters: {'psi': 0.17279181980063063, 'lda_t': 3.4562671621965357e-06}.
[I 2025-08-09 22:07:32,307] Trial 217 finished with values: [0.9420023628550818, 0.45901639344262296] and parameters: {'psi': 0.4352224716130215, 'lda_t': 0.7296897177208891}.
[I 2025-08-09 22:07:40,302] Trial 218 finished with values: [0.896040184799895, 0.26349496797804206] and parameters: {'psi': 0.8681382554937496, 'lda_t': 1.8461126874701e-06}.
[I 2025-08-09 22:07:48,294] Trial 219 finished with values: [0.9439588626233267, 0.48072562358276644] and parameters: {'psi': 0.8153902346346483, 'lda_t': 0.7296897177208891}.
[I 2025-08-09 22:07:56,294] Trial 220 finished with values: [0.9436614727998672, 0.49479768786127165] and parameters: {'psi': 0.8681382554937496, 'lda_t': 2.5529326884041756}.
[I 2025-08-09 22:08:04,261] Trial 221 finished with values: [0.8996442938908463, 0.2603978300180832] and parameters: {'psi': 0.49433293214026575, 'lda_t': 6.770945594784004e-06}.
[I 2025-08-09 22:08:12,242] Trial 222 finished with values: [0.9439988243808541, 0.47586980920314254] and parameters: {'psi': 0.7948671642969444, 'lda_t': 3.407079917119944}.
[I 2025-08-09 22:08:20,222] Trial 223 finished with values: [0.9097901659226112, 0.29906542056074764] and parameters: {'psi': 0.8880967890634515, 'lda_t': 0.016610037829540267}.
[I 2025-08-09 22:08:28,188] Trial 224 finished with values: [0.9433674518455014, 0.4634146341463415] and parameters: {'psi': 0.6480675263176342, 'lda_t': 1.0497790999250853}.
[I 2025-08-09 22:08:36,160] Trial 225 finished with values: [0.8816711449392035, 0.2747952684258417] and parameters: {'psi': 0.0214727980624263, 'lda_t': 0.3105328637957405}.
[I 2025-08-09 22:08:44,135] Trial 226 finished with values: [0.9460185194865843, 0.5111896348645465] and parameters: {'psi': 0.9953088221531188, 'lda_t': 3.407079917119944}.
[I 2025-08-09 22:08:52,113] Trial 227 finished with values: [0.945770501020535, 0.514218009478673] and parameters: {'psi': 0.9853523985530265, 'lda_t': 5.268148313366471}.
[I 2025-08-09 22:09:00,058] Trial 228 finished with values: [0.9440131130325282, 0.46993318485523383] and parameters: {'psi': 0.756594846681345, 'lda_t': 2.184374702025136}.
[I 2025-08-09 22:09:08,018] Trial 229 finished with values: [0.9119662230214574, 0.32098765432098764] and parameters: {'psi': 0.13604536073273776, 'lda_t': 0.523946626409378}.
[I 2025-08-09 22:09:15,971] Trial 230 finished with values: [0.9004560751745713, 0.26235399820305483] and parameters: {'psi': 0.3682695490397826, 'lda_t': 0.0002978258140022311}.
[I 2025-08-09 22:09:23,945] Trial 231 finished with values: [0.9436614727998672, 0.49479768786127165] and parameters: {'psi': 0.8681382554937496, 'lda_t': 1.2205552952797107}.
[I 2025-08-09 22:09:31,922] Trial 232 finished with values: [0.9436614727998672, 0.49479768786127165] and parameters: {'psi': 0.8681382554937496, 'lda_t': 5.170240695509284}.
[I 2025-08-09 22:09:39,875] Trial 233 finished with values: [0.8963078356410087, 0.27389705882352944] and parameters: {'psi': 0.9363544201971435, 'lda_t': 0.00014707635256938327}.
[I 2025-08-09 22:09:47,848] Trial 234 finished with values: [0.8970143688075248, 0.26094890510948904] and parameters: {'psi': 0.8153635693669835, 'lda_t': 3.732635114949561e-05}.
[I 2025-08-09 22:09:55,827] Trial 235 finished with values: [0.9439583979517276, 0.4868571428571429] and parameters: {'psi': 0.8245844394144708, 'lda_t': 0.3105328637957405}.
[I 2025-08-09 22:10:03,785] Trial 236 finished with values: [0.9434941910241711, 0.5] and parameters: {'psi': 0.9164918817535437, 'lda_t': 0.8547039672161781}.
[I 2025-08-09 22:10:11,765] Trial 237 finished with values: [0.8912419858670132, 0.2862351868732908] and parameters: {'psi': 0.038131225272307834, 'lda_t': 0.10389526700556842}.
[I 2025-08-09 22:10:19,726] Trial 238 finished with values: [0.943949917695043, 0.48127128263337116] and parameters: {'psi': 0.8189503066820989, 'lda_t': 2.5529326884041756}.
[I 2025-08-09 22:10:27,682] Trial 239 finished with values: [0.940975787124647, 0.44086021505376344] and parameters: {'psi': 0.37255630380128946, 'lda_t': 0.12363285783981842}.
[I 2025-08-09 22:10:35,640] Trial 240 finished with values: [0.9001356841069534, 0.26173285198555957] and parameters: {'psi': 0.45202714038000913, 'lda_t': 0.00020070917070808328}.
[I 2025-08-09 22:10:43,697] Trial 241 finished with values: [0.9261619403756638, 0.32233009708737864] and parameters: {'psi': 0.5419821326861471, 'lda_t': 0.029185787033807416}.
[I 2025-08-09 22:10:51,646] Trial 242 finished with values: [0.9383968597493328, 0.464804469273743] and parameters: {'psi': 0.7522939422707972, 'lda_t': 0.12363285783981842}.
[I 2025-08-09 22:10:59,618] Trial 243 finished with values: [0.9280558256459226, 0.3455809334657398] and parameters: {'psi': 0.40703166527964496, 'lda_t': 0.03145801562716622}.
[I 2025-08-09 22:11:07,581] Trial 244 finished with values: [0.9437067782807848, 0.46614872364039955] and parameters: {'psi': 0.6826493530404589, 'lda_t': 9.485567227908263}.
[I 2025-08-09 22:11:15,572] Trial 245 finished with values: [0.8996156004195984, 0.26032315978456017] and parameters: {'psi': 0.16327797283005385, 'lda_t': 0.0001619162266797757}.
[I 2025-08-09 22:11:23,549] Trial 246 finished with values: [0.8961682018254622, 0.2699724517906336] and parameters: {'psi': 0.9164918817535437, 'lda_t': 0.0003252520066254456}.
[I 2025-08-09 22:11:31,547] Trial 247 finished with values: [0.9434910544908767, 0.5005847953216375] and parameters: {'psi': 0.9164918817535437, 'lda_t': 0.7296897177208891}.
