[I 2025-08-09 21:49:42,467] Trial 372 finished with values: [0.9523632274319087, 0.539906103286385] and parameters: {'psi': 0.9294209350136886, 'lda_t': 1.2038613026009384}.
[I 2025-08-09 21:49:48,621] Trial 373 finished with values: [0.8898005611604513, 0.2692307692307692] and parameters: {'psi': 0.823682730911673, 'lda_t': 6.100971677948677e-07}.
[I 2025-08-09 21:49:54,773] Trial 374 finished with values: [0.9016292773160905, 0.27204502814258913] and parameters: {'psi': 0.4610010493678054, 'lda_t': 4.1024928762882934e-07}.
[I 2025-08-09 21:50:00,945] Trial 375 finished with values: [0.9052251548817483, 0.27001862197392923] and parameters: {'psi': 0.23833373834995242, 'lda_t': 4.236468294035182e-07}.
[I 2025-08-09 21:50:07,099] Trial 376 finished with values: [0.9469428236598566, 0.48957189901207465] and parameters: {'psi': 0.7352769911541679, 'lda_t': 0.4935131079944695}.
[I 2025-08-09 21:50:13,258] Trial 377 finished with values: [0.9511623907228304, 0.5336426914153132] and parameters: {'psi': 0.905550734364958, 'lda_t': 2.3301984015398043}.
[I 2025-08-09 21:50:19,412] Trial 378 finished with values: [0.902334730288027, 0.27012025901942643] and parameters: {'psi': 0.05477920301043193, 'lda_t': 4.326482153717618e-07}.
[I 2025-08-09 21:50:25,602] Trial 379 finished with values: [0.9510770822584009, 0.5314685314685315] and parameters: {'psi': 0.9294209350136886, 'lda_t': 0.235604208175753}.
[I 2025-08-09 21:50:31,757] Trial 380 finished with values: [0.9464948970443477, 0.48737650933040616] and parameters: {'psi': 0.7220929031323107, 'lda_t': 7.934655514654622}.
[I 2025-08-09 21:50:37,914] Trial 381 finished with values: [0.955876884104906, 0.5516431924882629] and parameters: {'psi': 0.9807817315641492, 'lda_t': 1.3971093428867183}.
[I 2025-08-09 21:50:44,102] Trial 382 finished with values: [0.9342905263234932, 0.39832285115303984] and parameters: {'psi': 0.30568151792993237, 'lda_t': 1.7459166230229832}.
[I 2025-08-09 21:50:50,245] Trial 383 finished with values: [0.9121909455013851, 0.30754352030947774] and parameters: {'psi': 0.1175953235407815, 'lda_t': 1.3971093428867183}.
[I 2025-08-09 21:50:56,397] Trial 384 finished with values: [0.9523632274319087, 0.539906103286385] and parameters: {'psi': 0.9294209350136886, 'lda_t': 5.320026795769765}.
[I 2025-08-09 21:51:02,553] Trial 385 finished with values: [0.8857606450326231, 0.27167630057803466] and parameters: {'psi': 0.9294209350136886, 'lda_t': 3.172287919499793e-08}.
[I 2025-08-09 21:51:08,721] Trial 386 finished with values: [0.9397938371152657, 0.4397463002114165] and parameters: {'psi': 0.44155009981456106, 'lda_t': 1.3971093428867183}.
[I 2025-08-09 21:51:14,893] Trial 387 finished with values: [0.9495995076352218, 0.5050279329608939] and parameters: {'psi': 0.823682730911673, 'lda_t': 4.446023787672254}.
[I 2025-08-09 21:51:21,044] Trial 388 finished with values: [0.94309330779111, 0.470076169749728] and parameters: {'psi': 0.6298636929088988, 'lda_t': 4.828843528478864}.
[I 2025-08-09 21:51:27,192] Trial 389 finished with values: [0.941353632631105, 0.4603691639522258] and parameters: {'psi': 0.5757185504052802, 'lda_t': 2.3211467905433607}.
[I 2025-08-09 21:51:33,351] Trial 390 finished with values: [0.9539500106120986, 0.539906103286385] and parameters: {'psi': 0.9482966282198192, 'lda_t': 1.2038613026009384}.
[I 2025-08-09 21:51:39,523] Trial 391 finished with values: [0.8974497343316025, 0.27350427350427353] and parameters: {'psi': 0.7008914282765993, 'lda_t': 0.0030090267439648283}.
[I 2025-08-09 21:51:45,670] Trial 392 finished with values: [0.9060700060013247, 0.27052238805970147] and parameters: {'psi': 0.16373181799196468, 'lda_t': 4.979730065781077e-05}.
[I 2025-08-09 21:51:51,833] Trial 393 finished with values: [0.9517239857212384, 0.5380116959064327] and parameters: {'psi': 0.9180947606829198, 'lda_t': 5.320026795769765}.
[I 2025-08-09 21:51:57,994] Trial 394 finished with values: [0.9511621620138105, 0.5336426914153132] and parameters: {'psi': 0.90554410564616, 'lda_t': 7.602855110247917}.
[I 2025-08-09 21:52:04,166] Trial 395 finished with values: [0.9523632274319087, 0.539906103286385] and parameters: {'psi': 0.9294209350136886, 'lda_t': 1.3971093428867183}.
[I 2025-08-09 21:52:10,323] Trial 396 finished with values: [0.9469652371438086, 0.4901098901098901] and parameters: {'psi': 0.7352769911541679, 'lda_t': 7.543610748783837}.
[I 2025-08-09 21:52:16,477] Trial 397 finished with values: [0.8861851289735905, 0.2681992337164751] and parameters: {'psi': 0.905550734364958, 'lda_t': 5.123898262177395e-06}.
[I 2025-08-09 21:52:22,640] Trial 398 finished with values: [0.9044211283222272, 0.2702702702702703] and parameters: {'psi': 0.3055032211448009, 'lda_t': 3.59592764530994e-05}.
[I 2025-08-09 21:52:28,801] Trial 399 finished with values: [0.954018394609054, 0.5405405405405406] and parameters: {'psi': 0.9482966282198192, 'lda_t': 0.4935131079944695}.
[I 2025-08-09 21:52:34,948] Trial 400 finished with values: [0.9507956558093921, 0.5247410817031071] and parameters: {'psi': 0.8959590121312229, 'lda_t': 0.4935131079944695}.
[I 2025-08-09 21:52:41,104] Trial 401 finished with values: [0.9043888803504188, 0.27052238805970147] and parameters: {'psi': 0.3004048641003867, 'lda_t': 1.4134115239304135e-08}.
[I 2025-08-09 21:52:47,355] Trial 402 finished with values: [0.885885748866518, 0.2687140115163148] and parameters: {'psi': 0.9173349141483825, 'lda_t': 1.825165412969429e-08}.
[I 2025-08-09 21:52:53,510] Trial 403 finished with values: [0.9500308528467869, 0.5124716553287982] and parameters: {'psi': 0.8501319890038643, 'lda_t': 1.3971093428867183}.
[I 2025-08-09 21:52:59,665] Trial 404 finished with values: [0.9112185891032045, 0.30547550432276654] and parameters: {'psi': 0.1095720880831178, 'lda_t': 7.111473145580885}.
[I 2025-08-09 21:53:05,817] Trial 405 finished with values: [0.8992159397379176, 0.2725563909774436] and parameters: {'psi': 0.564476178674162, 'lda_t': 5.998644082610145e-08}.
[I 2025-08-09 21:53:11,974] Trial 406 finished with values: [0.9180034708880861, 0.3273809523809524] and parameters: {'psi': 0.17489167051488208, 'lda_t': 0.1066720835135475}.
[I 2025-08-09 21:53:18,131] Trial 407 finished with values: [0.9042685794059422, 0.2702702702702703] and parameters: {'psi': 0.30880824420795805, 'lda_t': 9.007900934092688e-07}.
[I 2025-08-09 21:53:24,286] Trial 408 finished with values: [0.9500308528467869, 0.5124716553287982] and parameters: {'psi': 0.8501319890038643, 'lda_t': 9.297328092396068}.
[I 2025-08-09 21:53:30,440] Trial 409 finished with values: [0.9500308528467869, 0.5124716553287982] and parameters: {'psi': 0.8501319890038643, 'lda_t': 1.091870450167962}.
[I 2025-08-09 21:53:36,592] Trial 410 finished with values: [0.954024112334552, 0.5405405405405406] and parameters: {'psi': 0.9482966282198192, 'lda_t': 0.4809985349217301}.
[I 2025-08-09 21:53:42,748] Trial 411 finished with values: [0.921173606613167, 0.33532934131736525] and parameters: {'psi': 0.20381978983110705, 'lda_t': 2.3301984015398043}.
[I 2025-08-09 21:53:48,904] Trial 412 finished with values: [0.8898029626051603, 0.2692307692307692] and parameters: {'psi': 0.8236398179348117, 'lda_t': 1.0068331943785453e-07}.
[I 2025-08-09 21:53:55,058] Trial 413 finished with values: [0.9099240960504696, 0.27977315689981097] and parameters: {'psi': 0.4399473567826744, 'lda_t': 0.0075452716640642785}.
[I 2025-08-09 21:54:01,211] Trial 414 finished with values: [0.8882586049481656, 0.2692307692307692] and parameters: {'psi': 0.8576340619017008, 'lda_t': 8.431627828164704e-07}.
[I 2025-08-09 21:54:07,354] Trial 415 finished with values: [0.9058168251162757, 0.27001862197392923] and parameters: {'psi': 0.1653392617150431, 'lda_t': 1.4490078884747706e-08}.
[I 2025-08-09 21:54:13,538] Trial 416 finished with values: [0.9466901001928476, 0.4879120879120879] and parameters: {'psi': 0.7276604825672491, 'lda_t': 1.3971093428867183}.
[I 2025-08-09 21:54:19,703] Trial 417 finished with values: [0.8867774853351776, 0.2681992337164751] and parameters: {'psi': 0.8980031904223972, 'lda_t': 0.00039423701052035946}.
[I 2025-08-09 21:54:25,856] Trial 418 finished with values: [0.8866671332330673, 0.2763285024154589] and parameters: {'psi': 0.9482966282198192, 'lda_t': 0.0003899678028332862}.
[I 2025-08-09 21:54:32,015] Trial 419 finished with values: [0.887318839585323, 0.276657060518732] and parameters: {'psi': 0.9845962156256334, 'lda_t': 2.8101456666523574e-07}.
[I 2025-08-09 21:54:38,180] Trial 420 finished with values: [0.9188232783699818, 0.32770605759682225] and parameters: {'psi': 0.18305463872335037, 'lda_t': 2.3301984015398043}.
[I 2025-08-09 21:54:44,355] Trial 421 finished with values: [0.9485982195460216, 0.4878587196467991] and parameters: {'psi': 0.7878387192306167, 'lda_t': 1.3971093428867183}.
[I 2025-08-09 21:54:50,540] Trial 422 finished with values: [0.955876884104906, 0.5516431924882629] and parameters: {'psi': 0.9807817315641492, 'lda_t': 7.602855110247917}.
[I 2025-08-09 21:54:56,712] Trial 423 finished with values: [0.8908893304497701, 0.27037392138063276] and parameters: {'psi': 0.8002538865808151, 'lda_t': 9.22283633086841e-06}.
[I 2025-08-09 21:55:02,875] Trial 424 finished with values: [0.9038661658853967, 0.27052238805970147] and parameters: {'psi': 0.3341302004349589, 'lda_t': 9.94298473997884e-07}.
[I 2025-08-09 21:55:09,036] Trial 425 finished with values: [0.8876011808704117, 0.27718960538979787] and parameters: {'psi': 0.9839352384607204, 'lda_t': 0.00042714705114633674}.
[I 2025-08-09 21:55:15,193] Trial 426 finished with values: [0.9426410357042226, 0.44776119402985076] and parameters: {'psi': 0.8576340619017008, 'lda_t': 0.12402113330048528}.
[I 2025-08-09 21:55:21,357] Trial 427 finished with values: [0.9228588490264316, 0.3433734939759036] and parameters: {'psi': 0.21747710728153202, 'lda_t': 1.3971093428867183}.
[I 2025-08-09 21:55:27,523] Trial 428 finished with values: [0.9420959077552484, 0.4380952380952381] and parameters: {'psi': 0.8836518698454803, 'lda_t': 0.12446978252968262}.
[I 2025-08-09 21:55:33,691] Trial 429 finished with values: [0.8974849555206698, 0.2704225352112676] and parameters: {'psi': 0.03254067410633532, 'lda_t': 0.546418111512917}.
[I 2025-08-09 21:55:39,841] Trial 430 finished with values: [0.945608878301186, 0.48630887185104055] and parameters: {'psi': 0.6990496363307356, 'lda_t': 7.543610748783837}.
[I 2025-08-09 21:55:46,004] Trial 431 finished with values: [0.9129769040483328, 0.288698955365622] and parameters: {'psi': 0.252205553351297, 'lda_t': 0.00866652449098494}.
[I 2025-08-09 21:55:52,178] Trial 432 finished with values: [0.9511621620138105, 0.5336426914153132] and parameters: {'psi': 0.90554410564616, 'lda_t': 2.1891852920583825}.
[I 2025-08-09 21:55:58,431] Trial 433 finished with values: [0.9409651703607748, 0.45738942826321466] and parameters: {'psi': 0.5576989492928379, 'lda_t': 1.2038613026009384}.
[I 2025-08-09 21:56:04,598] Trial 434 finished with values: [0.9511621620138105, 0.5336426914153132] and parameters: {'psi': 0.90554410564616, 'lda_t': 7.602855110247917}.
[I 2025-08-09 21:56:10,749] Trial 435 finished with values: [0.9425613306107812, 0.4652173913043478] and parameters: {'psi': 0.6152005375020475, 'lda_t': 0.5336833567661768}.
[I 2025-08-09 21:56:16,894] Trial 436 finished with values: [0.8861804404386823, 0.2681992337164751] and parameters: {'psi': 0.90554410564616, 'lda_t': 3.84834061746355e-08}.
[I 2025-08-09 21:56:23,064] Trial 437 finished with values: [0.9517239857212384, 0.5380116959064327] and parameters: {'psi': 0.9180947606829198, 'lda_t': 1.2038613026009384}.
[I 2025-08-09 21:56:29,236] Trial 438 finished with values: [0.8859122791128287, 0.2687140115163148] and parameters: {'psi': 0.9173349141483825, 'lda_t': 3.422486274673058e-05}.
[I 2025-08-09 21:56:35,395] Trial 439 finished with values: [0.9027754525694087, 0.27703984819734345] and parameters: {'psi': 0.052685520789827356, 'lda_t': 0.010432140446080502}.
[I 2025-08-09 21:56:41,556] Trial 440 finished with values: [0.9502506422149279, 0.5199543899657925] and parameters: {'psi': 0.8677157068286204, 'lda_t': 7.543610748783837}.
[I 2025-08-09 21:56:47,709] Trial 441 finished with values: [0.9315111399589422, 0.37920489296636084] and parameters: {'psi': 0.379582368154993, 'lda_t': 0.05191213960019988}.
[I 2025-08-09 21:56:53,871] Trial 442 finished with values: [0.9511621620138105, 0.5336426914153132] and parameters: {'psi': 0.90554410564616, 'lda_t': 2.3301984015398043}.
[I 2025-08-09 21:57:00,028] Trial 443 finished with values: [0.9539500106120986, 0.539906103286385] and parameters: {'psi': 0.9482966282198192, 'lda_t': 1.7459166230229832}.
[I 2025-08-09 21:57:06,196] Trial 444 finished with values: [0.9539500106120986, 0.539906103286385] and parameters: {'psi': 0.9482966282198192, 'lda_t': 1.3971093428867183}.
[I 2025-08-09 21:57:12,363] Trial 445 finished with values: [0.9523632274319087, 0.539906103286385] and parameters: {'psi': 0.9294209350136886, 'lda_t': 5.320026795769765}.
[I 2025-08-09 21:57:18,541] Trial 446 finished with values: [0.944709937498399, 0.48253275109170307] and parameters: {'psi': 0.67546519354573, 'lda_t': 7.543610748783837}.
[I 2025-08-09 21:57:24,699] Trial 447 finished with values: [0.8863038289549279, 0.27606177606177607] and parameters: {'psi': 0.9482966282198192, 'lda_t': 2.6702138956236237e-08}.
[I 2025-08-09 21:57:30,866] Trial 448 finished with values: [0.9511621620138105, 0.5336426914153132] and parameters: {'psi': 0.90554410564616, 'lda_t': 1.3971093428867183}.
[I 2025-08-09 21:57:37,018] Trial 449 finished with values: [0.8870106541809838, 0.2689721421709894] and parameters: {'psi': 0.8836518698454803, 'lda_t': 1.062159291985233e-08}.
[I 2025-08-09 21:57:43,169] Trial 450 finished with values: [0.8861893600904589, 0.2681992337164751] and parameters: {'psi': 0.905550734364958, 'lda_t': 1.2992496512680939e-05}.
[I 2025-08-09 21:57:49,323] Trial 451 finished with values: [0.9078657148712095, 0.29361296472831266] and parameters: {'psi': 0.08390089750350305, 'lda_t': 1.3971093428867183}.
[I 2025-08-09 21:57:55,488] Trial 452 finished with values: [0.8981207665960413, 0.2714420358152686] and parameters: {'psi': 0.6044103607135761, 'lda_t': 5.5653663578140695e-08}.
[I 2025-08-09 21:58:01,651] Trial 453 finished with values: [0.9511623907228304, 0.5336426914153132] and parameters: {'psi': 0.905550734364958, 'lda_t': 1.8582185101145734}.
[I 2025-08-09 21:58:07,808] Trial 454 finished with values: [0.9501322852971206, 0.5193621867881549] and parameters: {'psi': 0.8576340619017008, 'lda_t': 1.7459166230229832}.
[I 2025-08-09 21:58:13,966] Trial 455 finished with values: [0.9511621620138105, 0.5336426914153132] and parameters: {'psi': 0.90554410564616, 'lda_t': 1.3971093428867183}.
[I 2025-08-09 21:58:20,139] Trial 456 finished with values: [0.8864850808532129, 0.2684563758389262] and parameters: {'psi': 0.8959590121312229, 'lda_t': 3.0678326840243107e-07}.
[I 2025-08-09 21:58:26,292] Trial 457 finished with values: [0.8861816983382917, 0.2681992337164751] and parameters: {'psi': 0.905550734364958, 'lda_t': 9.793800005354531e-07}.
[I 2025-08-09 21:58:32,455] Trial 458 finished with values: [0.939553692644352, 0.44232804232804235] and parameters: {'psi': 0.420451272843951, 'lda_t': 0.4935131079944695}.
[I 2025-08-09 21:58:38,602] Trial 459 finished with values: [0.897359622977755, 0.27246925260170296] and parameters: {'psi': 0.6515049822705932, 'lda_t': 0.0006972861297211762}.
[I 2025-08-09 21:58:44,773] Trial 460 finished with values: [0.9442647553911291, 0.4759825327510917] and parameters: {'psi': 0.6631995205236123, 'lda_t': 0.4809985349217301}.
[I 2025-08-09 21:58:50,942] Trial 461 finished with values: [0.9511621620138105, 0.5336426914153132] and parameters: {'psi': 0.90554410564616, 'lda_t': 1.3971093428867183}.
[I 2025-08-09 21:58:57,106] Trial 462 finished with values: [0.9523632274319087, 0.539906103286385] and parameters: {'psi': 0.9294209350136886, 'lda_t': 1.3971093428867183}.
[I 2025-08-09 21:59:03,268] Trial 463 finished with values: [0.9354269814434649, 0.41350210970464135] and parameters: {'psi': 0.31885773140786156, 'lda_t': 1.2038613026009384}.
[I 2025-08-09 21:59:09,437] Trial 464 finished with values: [0.8863046294364976, 0.27606177606177607] and parameters: {'psi': 0.9482966282198192, 'lda_t': 8.891140898170602e-07}.
[I 2025-08-09 21:59:15,597] Trial 465 finished with values: [0.9177270760375156, 0.3260437375745527] and parameters: {'psi': 0.1721402280207276, 'lda_t': 1.3971093428867183}.
[I 2025-08-09 21:59:21,757] Trial 466 finished with values: [0.8976210373875209, 0.27169811320754716] and parameters: {'psi': 0.6213358666757172, 'lda_t': 3.309629516928665e-08}.
[I 2025-08-09 21:59:27,916] Trial 467 finished with values: [0.9044737313968084, 0.2702702702702703] and parameters: {'psi': 0.30448978939288085, 'lda_t': 4.7614700109603194e-05}.
[I 2025-08-09 21:59:34,072] Trial 468 finished with values: [0.9041790398246441, 0.27037037037037037] and parameters: {'psi': 0.07265828764458182, 'lda_t': 1.2403999410128844e-05}.
[I 2025-08-09 21:59:40,236] Trial 469 finished with values: [0.8863039433094378, 0.27606177606177607] and parameters: {'psi': 0.9482966282198192, 'lda_t': 2.052425672687884e-07}.
[I 2025-08-09 21:59:46,416] Trial 470 finished with values: [0.9511623907228304, 0.5336426914153132] and parameters: {'psi': 0.905550734364958, 'lda_t': 5.320026795769765}.
[I 2025-08-09 21:59:52,577] Trial 471 finished with values: [0.9150455771334892, 0.3137254901960784] and parameters: {'psi': 0.14387648048581936, 'lda_t': 2.3301984015398043}.
[I 2025-08-09 21:59:58,731] Trial 472 finished with values: [0.9414988628587531, 0.46354733405875953] and parameters: {'psi': 0.5862567680112949, 'lda_t': 0.235604208175753}.
[I 2025-08-09 22:00:04,898] Trial 473 finished with values: [0.9271668121256033, 0.36289500509684] and parameters: {'psi': 0.24812183299437784, 'lda_t': 2.3301984015398043}.
[I 2025-08-09 22:00:11,060] Trial 474 finished with values: [0.9011685429954661, 0.2717900656044986] and parameters: {'psi': 0.4834845737713238, 'lda_t': 4.913967903154545e-07}.
[I 2025-08-09 22:00:17,220] Trial 475 finished with values: [0.9053384802011177, 0.27001862197392923] and parameters: {'psi': 0.22859874282426207, 'lda_t': 9.494026124189769e-07}.
[I 2025-08-09 22:00:23,384] Trial 476 finished with values: [0.9539500106120986, 0.539906103286385] and parameters: {'psi': 0.9482966282198192, 'lda_t': 1.2038613026009384}.
[I 2025-08-09 22:00:29,647] Trial 477 finished with values: [0.9035052630519664, 0.287109375] and parameters: {'psi': 0.7960768235732272, 'lda_t': 0.014255219108838825}.
[I 2025-08-09 22:00:35,830] Trial 478 finished with values: [0.9524118280986413, 0.5392731535756154] and parameters: {'psi': 0.9294209350136886, 'lda_t': 0.4935131079944695}.
[I 2025-08-09 22:00:41,983] Trial 479 finished with values: [0.9539500106120986, 0.539906103286385] and parameters: {'psi': 0.9482966282198192, 'lda_t': 1.3971093428867183}.
[I 2025-08-09 22:00:48,137] Trial 480 finished with values: [0.9403925973294105, 0.4551282051282051] and parameters: {'psi': 0.5180886138727937, 'lda_t': 1.3971093428867183}.
[I 2025-08-09 22:00:54,302] Trial 481 finished with values: [0.9048529309518321, 0.2702702702702703] and parameters: {'psi': 0.2681902941159038, 'lda_t': 1.676827837492837e-07}.
[I 2025-08-09 22:01:00,480] Trial 482 finished with values: [0.9108925643953116, 0.30488974113135187] and parameters: {'psi': 0.10697110993559045, 'lda_t': 0.4935131079944695}.
[I 2025-08-09 22:01:06,645] Trial 483 finished with values: [0.9353643151720075, 0.4139387539598733] and parameters: {'psi': 0.3181173272604114, 'lda_t': 1.2038613026009384}.
[I 2025-08-09 22:01:12,825] Trial 484 finished with values: [0.9530719966846342, 0.5411764705882353] and parameters: {'psi': 0.9386412929331363, 'lda_t': 5.320026795769765}.
[I 2025-08-09 22:01:18,988] Trial 485 finished with values: [0.9196665285264186, 0.3283582089552239] and parameters: {'psi': 0.1906783273395215, 'lda_t': 1.4779098935856028}.
[I 2025-08-09 22:01:25,173] Trial 486 finished with values: [0.9492304856315846, 0.49500554938956715] and parameters: {'psi': 0.8096368951537033, 'lda_t': 1.2038613026009384}.
[I 2025-08-09 22:01:31,329] Trial 487 finished with values: [0.9046451488072367, 0.27087198515769945] and parameters: {'psi': 0.08319253296486895, 'lda_t': 5.00272711156685e-07}.
[I 2025-08-09 22:01:37,526] Trial 488 finished with values: [0.8868414095062446, 0.2689721421709894] and parameters: {'psi': 0.8874612475468415, 'lda_t': 1.618472316296333e-07}.
[I 2025-08-09 22:01:43,687] Trial 489 finished with values: [0.9476272354019606, 0.4857142857142857] and parameters: {'psi': 0.7547107624507228, 'lda_t': 2.3301984015398043}.
[I 2025-08-09 22:01:49,842] Trial 490 finished with values: [0.9259256082745094, 0.3516260162601626] and parameters: {'psi': 0.23963325643022193, 'lda_t': 1.2038613026009384}.
[I 2025-08-09 22:01:56,000] Trial 491 finished with values: [0.9511623907228304, 0.5336426914153132] and parameters: {'psi': 0.905550734364958, 'lda_t': 1.2038613026009384}.
[I 2025-08-09 22:02:02,177] Trial 492 finished with values: [0.9394917124999542, 0.44139387539598735] and parameters: {'psi': 0.41581669891946127, 'lda_t': 0.235604208175753}.
[I 2025-08-09 22:02:08,337] Trial 493 finished with values: [0.9036390578286183, 0.269811320754717] and parameters: {'psi': 0.49034392922406644, 'lda_t': 0.0026406255383648017}.
[I 2025-08-09 22:02:14,503] Trial 494 finished with values: [0.9011835234362707, 0.2717900656044986] and parameters: {'psi': 0.48298856195931683, 'lda_t': 2.416521477151154e-06}.
[I 2025-08-09 22:02:20,665] Trial 495 finished with values: [0.955876884104906, 0.5516431924882629] and parameters: {'psi': 0.9807817315641492, 'lda_t': 1.2038613026009384}.
