[I 2025-08-09 20:46:12,425] Trial 248 finished with values: [0.8258160409506823, 0.34273772204806685] and parameters: {'psi': 0.9113172644834773, 'lda_t': 0.7245168937634163}.
[I 2025-08-09 20:46:18,011] Trial 249 finished with values: [0.8172504507378567, 0.3579373104145602] and parameters: {'psi': 0.4007262705286403, 'lda_t': 0.18905772209464897}.
[I 2025-08-09 20:46:23,592] Trial 250 finished with values: [0.7863500746798916, 0.34791252485089463] and parameters: {'psi': 0.6540556234449189, 'lda_t': 5.348050427313924e-06}.
[I 2025-08-09 20:46:29,166] Trial 251 finished with values: [0.8232762600116975, 0.3573667711598746] and parameters: {'psi': 0.7445785852687048, 'lda_t': 3.342234510412347}.
[I 2025-08-09 20:46:34,758] Trial 252 finished with values: [0.7961576712441332, 0.3473053892215569] and parameters: {'psi': 0.10162612535680093, 'lda_t': 3.101073797440107}.
[I 2025-08-09 20:46:40,346] Trial 253 finished with values: [0.8169790412938714, 0.358087487283825] and parameters: {'psi': 0.44924404542527663, 'lda_t': 0.7245168937634163}.
[I 2025-08-09 20:46:45,938] Trial 254 finished with values: [0.819497131228762, 0.35707121364092276] and parameters: {'psi': 0.21593481921734548, 'lda_t': 2.1283894691174434}.
[I 2025-08-09 20:46:51,512] Trial 255 finished with values: [0.8299700192862632, 0.3575883575883576] and parameters: {'psi': 0.9745973446717963, 'lda_t': 3.101073797440107}.
[I 2025-08-09 20:46:57,094] Trial 256 finished with values: [0.8175908001140741, 0.35555555555555557] and parameters: {'psi': 0.3845109201467162, 'lda_t': 1.231347884231109}.
[I 2025-08-09 20:47:02,670] Trial 257 finished with values: [0.8223479575412189, 0.3506224066390041] and parameters: {'psi': 0.7270395881190466, 'lda_t': 0.18905772209464897}.
[I 2025-08-09 20:47:08,245] Trial 258 finished with values: [0.7845756417878704, 0.3489531405782652] and parameters: {'psi': 0.744424692649334, 'lda_t': 1.2348944157758514e-07}.
[I 2025-08-09 20:47:13,819] Trial 259 finished with values: [0.8236495990487376, 0.34691745036572624] and parameters: {'psi': 0.8803422815089713, 'lda_t': 3.353309022799942}.
[I 2025-08-09 20:47:19,406] Trial 260 finished with values: [0.8166186926910379, 0.35070140280561124] and parameters: {'psi': 0.1836098184932261, 'lda_t': 0.22750706244700353}.
[I 2025-08-09 20:47:24,992] Trial 261 finished with values: [0.7877554583991917, 0.3468780971258672] and parameters: {'psi': 0.5721428268713186, 'lda_t': 0.00011367716129240845}.
[I 2025-08-09 20:47:30,578] Trial 262 finished with values: [0.8173460965859931, 0.3662258392675483] and parameters: {'psi': 0.4972635939588429, 'lda_t': 3.101073797440107}.
[I 2025-08-09 20:47:36,153] Trial 263 finished with values: [0.8229571786952046, 0.35796045785639957] and parameters: {'psi': 0.7492632192434756, 'lda_t': 0.3306006758487976}.
[I 2025-08-09 20:47:41,730] Trial 264 finished with values: [0.7857687678542944, 0.34791252485089463] and parameters: {'psi': 0.6878830643760835, 'lda_t': 2.3993144087231263e-07}.
[I 2025-08-09 20:47:47,311] Trial 265 finished with values: [0.7967205497793439, 0.3516483516483517] and parameters: {'psi': 0.7499340181365508, 'lda_t': 0.005572391584757343}.
[I 2025-08-09 20:47:52,884] Trial 266 finished with values: [0.7857713055205117, 0.34791252485089463] and parameters: {'psi': 0.6878830643760835, 'lda_t': 9.173909376183839e-07}.
[I 2025-08-09 20:47:58,458] Trial 267 finished with values: [0.8258160409506823, 0.34273772204806685] and parameters: {'psi': 0.9113172644834773, 'lda_t': 0.7245168937634163}.
[I 2025-08-09 20:48:04,036] Trial 268 finished with values: [0.8225185249633851, 0.35015447991761073] and parameters: {'psi': 0.9984262300525384, 'lda_t': 0.18905772209464897}.
[I 2025-08-09 20:48:09,614] Trial 269 finished with values: [0.7844468854376627, 0.3489531405782652] and parameters: {'psi': 0.7499340181365508, 'lda_t': 2.227474361409217e-06}.
[I 2025-08-09 20:48:15,184] Trial 270 finished with values: [0.8249909973269917, 0.3444676409185804] and parameters: {'psi': 0.902258748748918, 'lda_t': 5.303844940326806}.
[I 2025-08-09 20:48:20,768] Trial 271 finished with values: [0.7917265435052663, 0.34577603143418467] and parameters: {'psi': 0.23712885131513306, 'lda_t': 0.0002505251667287697}.
[I 2025-08-09 20:48:26,351] Trial 272 finished with values: [0.8231949942721248, 0.35908141962421714] and parameters: {'psi': 0.754640411858961, 'lda_t': 0.7245168937634163}.
[I 2025-08-09 20:48:31,920] Trial 273 finished with values: [0.8231600711513272, 0.35908141962421714] and parameters: {'psi': 0.7583464507442165, 'lda_t': 5.0116614997260385}.
[I 2025-08-09 20:48:37,514] Trial 274 finished with values: [0.7815185998849592, 0.34791252485089463] and parameters: {'psi': 0.05367338792817877, 'lda_t': 3.101073797440107}.
[I 2025-08-09 20:48:43,102] Trial 275 finished with values: [0.7875980022524809, 0.34448818897637795] and parameters: {'psi': 0.03438000857856549, 'lda_t': 0.0001141994067687579}.
[I 2025-08-09 20:48:48,676] Trial 276 finished with values: [0.827105175388988, 0.34410844629822734] and parameters: {'psi': 0.9210527182502124, 'lda_t': 0.7245168937634163}.
[I 2025-08-09 20:48:54,271] Trial 277 finished with values: [0.8201095546758312, 0.3563563563563564] and parameters: {'psi': 0.23026622576970124, 'lda_t': 0.23063587987088394}.
[I 2025-08-09 20:48:59,872] Trial 278 finished with values: [0.7659334623917866, 0.3435948361469712] and parameters: {'psi': 0.0129441431992241, 'lda_t': 0.016839400852677208}.
[I 2025-08-09 20:49:05,451] Trial 279 finished with values: [0.8186563782427749, 0.36863543788187375] and parameters: {'psi': 0.5463261744415817, 'lda_t': 6.164632996573145}.
[I 2025-08-09 20:49:11,019] Trial 280 finished with values: [0.8258501786033652, 0.34273772204806685] and parameters: {'psi': 0.9113172644834773, 'lda_t': 3.342234510412347}.
[I 2025-08-09 20:49:16,614] Trial 281 finished with values: [0.7884958527283538, 0.3428011753183154] and parameters: {'psi': 0.07644702084764454, 'lda_t': 2.369071306533744e-06}.
[I 2025-08-09 20:49:22,314] Trial 282 finished with values: [0.783978142234983, 0.3504950495049505] and parameters: {'psi': 0.9709133024146929, 'lda_t': 0.0014991920726651706}.
[I 2025-08-09 20:49:27,896] Trial 283 finished with values: [0.8170167437633832, 0.3643724696356275] and parameters: {'psi': 0.42137147400915387, 'lda_t': 0.22750706244700353}.
[I 2025-08-09 20:49:33,468] Trial 284 finished with values: [0.827105175388988, 0.34410844629822734] and parameters: {'psi': 0.9210527182502124, 'lda_t': 0.7245168937634163}.
[I 2025-08-09 20:49:39,055] Trial 285 finished with values: [0.7887637577761343, 0.3474827245804541] and parameters: {'psi': 0.3362498478606426, 'lda_t': 1.4598427003763878e-08}.
[I 2025-08-09 20:49:44,619] Trial 286 finished with values: [0.8258160409506823, 0.34273772204806685] and parameters: {'psi': 0.9113172644834773, 'lda_t': 0.7245168937634163}.
[I 2025-08-09 20:49:50,198] Trial 287 finished with values: [0.823143395059043, 0.35514018691588783] and parameters: {'psi': 0.6878830643760835, 'lda_t': 3.342234510412347}.
[I 2025-08-09 20:49:55,785] Trial 288 finished with values: [0.8225935069580391, 0.3570691434468524] and parameters: {'psi': 0.6540556234449189, 'lda_t': 5.0116614997260385}.
[I 2025-08-09 20:50:01,369] Trial 289 finished with values: [0.8215127632526598, 0.34963579604578565] and parameters: {'psi': 0.8107283021492783, 'lda_t': 0.22750706244700353}.
[I 2025-08-09 20:50:06,952] Trial 290 finished with values: [0.8220358245965111, 0.360082304526749] and parameters: {'psi': 0.6540556234449189, 'lda_t': 0.2021216059966543}.
[I 2025-08-09 20:50:12,537] Trial 291 finished with values: [0.784667420716057, 0.3489531405782652] and parameters: {'psi': 0.7405166467238457, 'lda_t': 3.386773338806898e-08}.
[I 2025-08-09 20:50:18,126] Trial 292 finished with values: [0.8227089103502946, 0.3557394002068252] and parameters: {'psi': 0.6646999001252022, 'lda_t': 0.3306006758487976}.
[I 2025-08-09 20:50:23,702] Trial 293 finished with values: [0.827539297573991, 0.34273772204806685] and parameters: {'psi': 0.9238824998646925, 'lda_t': 5.0116614997260385}.
[I 2025-08-09 20:50:29,302] Trial 294 finished with values: [0.8164544694344147, 0.35070140280561124] and parameters: {'psi': 0.1823964964175261, 'lda_t': 0.22191319735474777}.
[I 2025-08-09 20:50:34,883] Trial 295 finished with values: [0.7874005476525379, 0.34860557768924305] and parameters: {'psi': 0.7471327564003047, 'lda_t': 0.0010545328223497932}.
[I 2025-08-09 20:50:40,469] Trial 296 finished with values: [0.7740057786285002, 0.34619188921859545] and parameters: {'psi': 0.02100749648217448, 'lda_t': 0.07221145361536833}.
[I 2025-08-09 20:50:46,050] Trial 297 finished with values: [0.7886562090650271, 0.3492063492063492] and parameters: {'psi': 0.6540556234449189, 'lda_t': 0.000700291449871352}.
[I 2025-08-09 20:50:51,647] Trial 298 finished with values: [0.8203365549610167, 0.36016096579476864] and parameters: {'psi': 0.2666621498203725, 'lda_t': 3.371938949708726}.
[I 2025-08-09 20:50:57,240] Trial 299 finished with values: [0.7964177216107655, 0.34577603143418467] and parameters: {'psi': 0.19050679915850244, 'lda_t': 0.0007594520794062409}.
[I 2025-08-09 20:51:02,826] Trial 300 finished with values: [0.8210819037813643, 0.3416149068322981] and parameters: {'psi': 0.6475261461728803, 'lda_t': 0.12808022159048962}.
[I 2025-08-09 20:51:08,404] Trial 301 finished with values: [0.8231949942721248, 0.35908141962421714] and parameters: {'psi': 0.754640411858961, 'lda_t': 0.7245168937634163}.
[I 2025-08-09 20:51:14,003] Trial 302 finished with values: [0.7873146899455248, 0.34476003917727716] and parameters: {'psi': 0.050910544586919904, 'lda_t': 2.6155677503922617e-07}.
[I 2025-08-09 20:51:19,593] Trial 303 finished with values: [0.8023196686049602, 0.34782608695652173] and parameters: {'psi': 0.43591244842274357, 'lda_t': 0.005010365027132765}.
[I 2025-08-09 20:51:25,198] Trial 304 finished with values: [0.7889171053203985, 0.34442270058708413] and parameters: {'psi': 0.1080336666006868, 'lda_t': 1.8790437387143058e-08}.
[I 2025-08-09 20:51:30,767] Trial 305 finished with values: [0.7930792404402489, 0.348] and parameters: {'psi': 0.8788721542951459, 'lda_t': 0.013797335831538459}.
[I 2025-08-09 20:51:36,351] Trial 306 finished with values: [0.8222833678939302, 0.3570691434468524] and parameters: {'psi': 0.64234419015362, 'lda_t': 3.342234510412347}.
[I 2025-08-09 20:51:41,943] Trial 307 finished with values: [0.8171507567078977, 0.363265306122449] and parameters: {'psi': 0.4802557283321168, 'lda_t': 3.101073797440107}.
[I 2025-08-09 20:51:47,531] Trial 308 finished with values: [0.7848192577447156, 0.3489531405782652] and parameters: {'psi': 0.7450137362865858, 'lda_t': 9.454305261643545e-05}.
[I 2025-08-09 20:51:53,110] Trial 309 finished with values: [0.8232333009478787, 0.35908141962421714] and parameters: {'psi': 0.7499340181365508, 'lda_t': 3.342234510412347}.
[I 2025-08-09 20:51:58,680] Trial 310 finished with values: [0.8249909973269917, 0.3444676409185804] and parameters: {'psi': 0.902258748748918, 'lda_t': 3.101073797440107}.
[I 2025-08-09 20:52:04,266] Trial 311 finished with values: [0.8178457147276479, 0.3481781376518219] and parameters: {'psi': 0.36706233896512674, 'lda_t': 0.11962690018420377}.
[I 2025-08-09 20:52:09,841] Trial 312 finished with values: [0.79348339399564, 0.3509471585244267] and parameters: {'psi': 0.7538760003807004, 'lda_t': 0.0037023984821869683}.
[I 2025-08-09 20:52:15,413] Trial 313 finished with values: [0.7885324072060053, 0.34441087613293053] and parameters: {'psi': 0.9819269869943155, 'lda_t': 0.03253993176754861}.
[I 2025-08-09 20:52:20,998] Trial 314 finished with values: [0.8210155015153493, 0.3660531697341513] and parameters: {'psi': 0.604638934325732, 'lda_t': 2.1283894691174434}.
[I 2025-08-09 20:52:26,567] Trial 315 finished with values: [0.8270608870714365, 0.3444676409185804] and parameters: {'psi': 0.9210527182502124, 'lda_t': 0.6439549658867867}.
[I 2025-08-09 20:52:32,159] Trial 316 finished with values: [0.8233256840823073, 0.35908141962421714] and parameters: {'psi': 0.7265034987466635, 'lda_t': 0.7245168937634163}.
[I 2025-08-09 20:52:37,748] Trial 317 finished with values: [0.8203365549610167, 0.36016096579476864] and parameters: {'psi': 0.2666621498203725, 'lda_t': 3.101073797440107}.
[I 2025-08-09 20:52:43,345] Trial 318 finished with values: [0.7876700236365481, 0.34476003917727716] and parameters: {'psi': 0.055410866401496395, 'lda_t': 1.4846236876797933e-06}.
[I 2025-08-09 20:52:48,928] Trial 319 finished with values: [0.8232866523590628, 0.3573667711598746] and parameters: {'psi': 0.7405166467238457, 'lda_t': 3.342234510412347}.
[I 2025-08-09 20:52:54,522] Trial 320 finished with values: [0.8186532967909398, 0.3550651955867603] and parameters: {'psi': 0.20357838979722376, 'lda_t': 0.7245168937634163}.
[I 2025-08-09 20:53:00,104] Trial 321 finished with values: [0.7947330737663316, 0.34714003944773175] and parameters: {'psi': 0.33132161963531837, 'lda_t': 0.00089951931626896}.
[I 2025-08-09 20:53:05,687] Trial 322 finished with values: [0.7911986485114775, 0.3468780971258672] and parameters: {'psi': 0.5697622526417162, 'lda_t': 0.0009929599340256722}.
[I 2025-08-09 20:53:11,278] Trial 323 finished with values: [0.8203365549610167, 0.36016096579476864] and parameters: {'psi': 0.2666621498203725, 'lda_t': 0.7245168937634163}.
[I 2025-08-09 20:53:16,874] Trial 324 finished with values: [0.7983957720063999, 0.3473053892215569] and parameters: {'psi': 0.10797000854092531, 'lda_t': 1.6517662771924744}.
[I 2025-08-09 20:53:22,445] Trial 325 finished with values: [0.8246414035952688, 0.34791666666666665] and parameters: {'psi': 0.8977401085349277, 'lda_t': 3.353309022799942}.
[I 2025-08-09 20:53:28,046] Trial 326 finished with values: [0.7979808031592737, 0.34577603143418467] and parameters: {'psi': 0.2666621498203725, 'lda_t': 0.0013104746310525761}.
[I 2025-08-09 20:53:33,639] Trial 327 finished with values: [0.8196089698041888, 0.35137895812053116] and parameters: {'psi': 0.30391513235379464, 'lda_t': 5.0116614997260385}.
[I 2025-08-09 20:53:39,227] Trial 328 finished with values: [0.7892201147508494, 0.3460410557184751] and parameters: {'psi': 0.16760221423209598, 'lda_t': 4.573498311898549e-06}.
[I 2025-08-09 20:53:44,917] Trial 329 finished with values: [0.7841798866992454, 0.34860557768924305] and parameters: {'psi': 0.7600990805356233, 'lda_t': 1.6138235025699636e-06}.
[I 2025-08-09 20:53:50,519] Trial 330 finished with values: [0.7947047969141979, 0.3483483483483483] and parameters: {'psi': 0.13425223425293453, 'lda_t': 0.010757906424913984}.
[I 2025-08-09 20:53:56,105] Trial 331 finished with values: [0.7944086754349077, 0.35129740518962077] and parameters: {'psi': 0.7499340181365508, 'lda_t': 0.0041021627171175246}.
[I 2025-08-09 20:54:01,685] Trial 332 finished with values: [0.8170727536820329, 0.36105476673427994] and parameters: {'psi': 0.41489256691155085, 'lda_t': 3.101073797440107}.
[I 2025-08-09 20:54:07,268] Trial 333 finished with values: [0.8102480629147877, 0.3422131147540984] and parameters: {'psi': 0.5725317358081893, 'lda_t': 0.0726422872115413}.
[I 2025-08-09 20:54:12,845] Trial 334 finished with values: [0.7891328069488552, 0.34817012858555885] and parameters: {'psi': 0.45591673544350064, 'lda_t': 0.00018543327981707444}.
[I 2025-08-09 20:54:18,434] Trial 335 finished with values: [0.766063547995727, 0.34291377601585726] and parameters: {'psi': 0.01254593581500607, 'lda_t': 0.00024015770270129427}.
[I 2025-08-09 20:54:24,015] Trial 336 finished with values: [0.7849219728058854, 0.34886025768087214] and parameters: {'psi': 0.9188267070374485, 'lda_t': 0.003080859443998943}.
[I 2025-08-09 20:54:29,589] Trial 337 finished with values: [0.7851772499432047, 0.350597609561753] and parameters: {'psi': 0.7265034987466635, 'lda_t': 6.581549023295467e-05}.
[I 2025-08-09 20:54:35,172] Trial 338 finished with values: [0.8218908150983889, 0.36438075742067555] and parameters: {'psi': 0.6540556234449189, 'lda_t': 0.16930851532385136}.
[I 2025-08-09 20:54:40,745] Trial 339 finished with values: [0.8274994199620075, 0.34273772204806685] and parameters: {'psi': 0.9238824998646925, 'lda_t': 0.7245168937634163}.
[I 2025-08-09 20:54:46,326] Trial 340 finished with values: [0.8232762600116975, 0.3573667711598746] and parameters: {'psi': 0.7445785852687048, 'lda_t': 3.342234510412347}.
[I 2025-08-09 20:54:51,909] Trial 341 finished with values: [0.7869920438122031, 0.3464249748237664] and parameters: {'psi': 0.9113172644834773, 'lda_t': 0.02278514525276765}.
[I 2025-08-09 20:54:57,483] Trial 342 finished with values: [0.8271407631366522, 0.34237995824634654] and parameters: {'psi': 0.9210527182502124, 'lda_t': 3.342234510412347}.
[I 2025-08-09 20:55:03,071] Trial 343 finished with values: [0.82514942020369, 0.34332988624612204] and parameters: {'psi': 0.9188267070374485, 'lda_t': 0.22750706244700353}.
[I 2025-08-09 20:55:08,651] Trial 344 finished with values: [0.8184165687852555, 0.36863543788187375] and parameters: {'psi': 0.5396454521037306, 'lda_t': 5.0116614997260385}.
[I 2025-08-09 20:55:14,243] Trial 345 finished with values: [0.7786675318900054, 0.34955312810327704] and parameters: {'psi': 0.9222138385816608, 'lda_t': 1.5764876586315684e-05}.
[I 2025-08-09 20:55:19,839] Trial 346 finished with values: [0.8138158403542098, 0.3527054108216433] and parameters: {'psi': 0.16513598208557523, 'lda_t': 1.9023567045147949}.
[I 2025-08-09 20:55:25,428] Trial 347 finished with values: [0.7809236379982888, 0.3508424182358771] and parameters: {'psi': 0.962749854052374, 'lda_t': 7.239058769231609e-08}.
[I 2025-08-09 20:55:31,008] Trial 348 finished with values: [0.7808009841311274, 0.3508424182358771] and parameters: {'psi': 0.9593975833871321, 'lda_t': 6.103057411491858e-08}.
[I 2025-08-09 20:55:36,589] Trial 349 finished with values: [0.8172483964366333, 0.3662258392675483] and parameters: {'psi': 0.4908590642925197, 'lda_t': 0.32499910414931094}.
[I 2025-08-09 20:55:42,162] Trial 350 finished with values: [0.7929428106707656, 0.3473053892215569] and parameters: {'psi': 0.9034092166034474, 'lda_t': 0.01037122620944029}.
[I 2025-08-09 20:55:47,736] Trial 351 finished with values: [0.7819229347022231, 0.34756703078450846] and parameters: {'psi': 0.8287878237755684, 'lda_t': 1.137076470904096e-06}.
[I 2025-08-09 20:55:53,319] Trial 352 finished with values: [0.8203370987466346, 0.36016096579476864] and parameters: {'psi': 0.2666621498203725, 'lda_t': 0.19741618566308342}.
[I 2025-08-09 20:55:58,922] Trial 353 finished with values: [0.7895585910877163, 0.343811394891945] and parameters: {'psi': 0.043824876434772175, 'lda_t': 0.00013416351364077157}.
[I 2025-08-09 20:56:04,502] Trial 354 finished with values: [0.8204081534007145, 0.3587174348697395] and parameters: {'psi': 0.25188660352439485, 'lda_t': 4.256240239076287}.
[I 2025-08-09 20:56:10,085] Trial 355 finished with values: [0.8171470710498205, 0.363265306122449] and parameters: {'psi': 0.4789767010328393, 'lda_t': 2.1283894691174434}.
[I 2025-08-09 20:56:15,661] Trial 356 finished with values: [0.8199949367516906, 0.3516260162601626] and parameters: {'psi': 0.28700810813344135, 'lda_t': 0.7245168937634163}.
[I 2025-08-09 20:56:21,234] Trial 357 finished with values: [0.8225935069580391, 0.3570691434468524] and parameters: {'psi': 0.6540556234449189, 'lda_t': 2.1283894691174434}.
[I 2025-08-09 20:56:26,799] Trial 358 finished with values: [0.8226771291019561, 0.3541666666666667] and parameters: {'psi': 0.8052555234362744, 'lda_t': 3.342234510412347}.
[I 2025-08-09 20:56:32,376] Trial 359 finished with values: [0.8198780832644538, 0.34055727554179566] and parameters: {'psi': 0.9210527182502124, 'lda_t': 0.15763691110196357}.
[I 2025-08-09 20:56:37,959] Trial 360 finished with values: [0.8172492423253722, 0.3662258392675483] and parameters: {'psi': 0.49113884244402606, 'lda_t': 0.2993497452597591}.
[I 2025-08-09 20:56:43,539] Trial 361 finished with values: [0.82514942020369, 0.34332988624612204] and parameters: {'psi': 0.9188267070374485, 'lda_t': 0.22750706244700353}.
[I 2025-08-09 20:56:49,116] Trial 362 finished with values: [0.8227350724805809, 0.35281837160751567] and parameters: {'psi': 0.8003756615340268, 'lda_t': 1.0846097939104136}.
[I 2025-08-09 20:56:54,801] Trial 363 finished with values: [0.8183688364921236, 0.3700707785642063] and parameters: {'psi': 0.5463261744415817, 'lda_t': 0.16930851532385136}.
[I 2025-08-09 20:57:00,380] Trial 364 finished with values: [0.8220358245965111, 0.360082304526749] and parameters: {'psi': 0.6540556234449189, 'lda_t': 0.2021216059966543}.
[I 2025-08-09 20:57:05,960] Trial 365 finished with values: [0.8186903346335852, 0.36863543788187375] and parameters: {'psi': 0.5472446244208725, 'lda_t': 8.313139335518226}.
[I 2025-08-09 20:57:11,550] Trial 366 finished with values: [0.8169470787836602, 0.3597560975609756] and parameters: {'psi': 0.4415457935937328, 'lda_t': 0.7245168937634163}.
[I 2025-08-09 20:57:17,131] Trial 367 finished with values: [0.7979216513681646, 0.3485148514851485] and parameters: {'psi': 0.6540556234449189, 'lda_t': 0.004321210280454779}.
[I 2025-08-09 20:57:22,723] Trial 368 finished with values: [0.8130415500548619, 0.3527054108216433] and parameters: {'psi': 0.16098713072684745, 'lda_t': 0.2021216059966543}.
[I 2025-08-09 20:57:28,296] Trial 369 finished with values: [0.827539297573991, 0.34273772204806685] and parameters: {'psi': 0.9238824998646925, 'lda_t': 5.0116614997260385}.
[I 2025-08-09 20:57:33,878] Trial 370 finished with values: [0.7907622907633783, 0.34756703078450846] and parameters: {'psi': 0.6540556234449189, 'lda_t': 0.0013627642247896025}.
[I 2025-08-09 20:57:39,457] Trial 371 finished with values: [0.8266703281564942, 0.3444676409185804] and parameters: {'psi': 0.9188267070374485, 'lda_t': 0.5473456122869808}.
