[I 2025-08-09 22:28:07,800] Trial 372 finished with values: [0.9441426402407929, 0.48519362186788156] and parameters: {'psi': 0.8168024342882984, 'lda_t': 0.276403609103916}.
[I 2025-08-09 22:28:15,764] Trial 373 finished with values: [0.8968255959703679, 0.26118721461187216] and parameters: {'psi': 0.8227053766237223, 'lda_t': 2.901553411782284e-06}.
[I 2025-08-09 22:28:23,758] Trial 374 finished with values: [0.8996584663746205, 0.2603978300180832] and parameters: {'psi': 0.47215531737548666, 'lda_t': 5.998136391623266e-08}.
[I 2025-08-09 22:28:31,732] Trial 375 finished with values: [0.9436783171453366, 0.49709639953542395] and parameters: {'psi': 0.8908796086650244, 'lda_t': 0.3105328637957405}.
[I 2025-08-09 22:28:39,701] Trial 376 finished with values: [0.9263329395241531, 0.3828045035823951] and parameters: {'psi': 0.24070982613745762, 'lda_t': 0.523946626409378}.
[I 2025-08-09 22:28:47,661] Trial 377 finished with values: [0.8979820474127665, 0.2777777777777778] and parameters: {'psi': 0.9556035406933461, 'lda_t': 0.0013887380896671503}.
[I 2025-08-09 22:28:55,627] Trial 378 finished with values: [0.9435266018682121, 0.5011709601873536] and parameters: {'psi': 0.9206553792569093, 'lda_t': 3.407079917119944}.
[I 2025-08-09 22:29:03,584] Trial 379 finished with values: [0.8689715539663787, 0.27787934186471663] and parameters: {'psi': 0.011421754389941419, 'lda_t': 2.4445051363717096e-05}.
[I 2025-08-09 22:29:11,553] Trial 380 finished with values: [0.9440131130325282, 0.46993318485523383] and parameters: {'psi': 0.756594846681345, 'lda_t': 3.407079917119944}.
[I 2025-08-09 22:29:19,536] Trial 381 finished with values: [0.9418501829063582, 0.4514038876889849] and parameters: {'psi': 0.40237871887373644, 'lda_t': 3.407079917119944}.
[I 2025-08-09 22:29:27,503] Trial 382 finished with values: [0.9438439725704355, 0.4936562860438293] and parameters: {'psi': 0.8461771508221534, 'lda_t': 0.3105328637957405}.
[I 2025-08-09 22:29:35,477] Trial 383 finished with values: [0.9015708223409459, 0.2696214219759926] and parameters: {'psi': 0.8153902346346483, 'lda_t': 0.004277337766614506}.
[I 2025-08-09 22:29:43,436] Trial 384 finished with values: [0.9117608381746305, 0.3197729422894986] and parameters: {'psi': 0.13384800409649877, 'lda_t': 2.428813585915971}.
[I 2025-08-09 22:29:51,391] Trial 385 finished with values: [0.8960400686319951, 0.26349496797804206] and parameters: {'psi': 0.8681382554937496, 'lda_t': 1.4071515509333577e-06}.
[I 2025-08-09 22:29:59,383] Trial 386 finished with values: [0.9426243257905516, 0.46017699115044247] and parameters: {'psi': 0.604136892955546, 'lda_t': 2.428813585915971}.
[I 2025-08-09 22:30:07,368] Trial 387 finished with values: [0.9075721722119414, 0.30353817504655495] and parameters: {'psi': 0.10118600542170542, 'lda_t': 2.428813585915971}.
[I 2025-08-09 22:30:15,342] Trial 388 finished with values: [0.8992106391209344, 0.26473254759746145] and parameters: {'psi': 0.612071527534173, 'lda_t': 1.2767439318115004e-07}.
[I 2025-08-09 22:30:23,311] Trial 389 finished with values: [0.9076854359142357, 0.28890959925442683] and parameters: {'psi': 0.9953088221531188, 'lda_t': 0.016812533941782403}.
[I 2025-08-09 22:30:31,288] Trial 390 finished with values: [0.8960492458960786, 0.26349496797804206] and parameters: {'psi': 0.8681382554937496, 'lda_t': 7.679079835091695e-06}.
[I 2025-08-09 22:30:39,297] Trial 391 finished with values: [0.9438472252716296, 0.5023474178403756] and parameters: {'psi': 0.9363544201971435, 'lda_t': 3.1630492815650655}.
[I 2025-08-09 22:30:47,301] Trial 392 finished with values: [0.9439996375561526, 0.46993318485523383] and parameters: {'psi': 0.756594846681345, 'lda_t': 0.4282208685743299}.
[I 2025-08-09 22:30:55,261] Trial 393 finished with values: [0.9416654759456939, 0.4605263157894737] and parameters: {'psi': 0.46389204290574737, 'lda_t': 0.17618259370140849}.
[I 2025-08-09 22:31:03,216] Trial 394 finished with values: [0.8954512135479651, 0.26545454545454544] and parameters: {'psi': 0.9953088221531188, 'lda_t': 0.00012888553322741908}.
[I 2025-08-09 22:31:11,193] Trial 395 finished with values: [0.94191523693024, 0.460352422907489] and parameters: {'psi': 0.573307497560629, 'lda_t': 1.1187072006192438}.
[I 2025-08-09 22:31:19,181] Trial 396 finished with values: [0.9443846179760531, 0.5071090047393365] and parameters: {'psi': 0.9556035406933461, 'lda_t': 3.407079917119944}.
[I 2025-08-09 22:31:27,144] Trial 397 finished with values: [0.898418257876474, 0.2659380692167577] and parameters: {'psi': 0.7213264751718772, 'lda_t': 8.772530830180458e-06}.
[I 2025-08-09 22:31:35,111] Trial 398 finished with values: [0.8965866386005021, 0.27007299270072993] and parameters: {'psi': 0.9853523985530265, 'lda_t': 0.0006358517942769588}.
[I 2025-08-09 22:31:43,102] Trial 399 finished with values: [0.9460185194865843, 0.5111896348645465] and parameters: {'psi': 0.9953088221531188, 'lda_t': 3.225845287976107}.
[I 2025-08-09 22:31:51,069] Trial 400 finished with values: [0.9439988243808541, 0.47586980920314254] and parameters: {'psi': 0.7948671642969444, 'lda_t': 3.407079917119944}.
[I 2025-08-09 22:31:59,034] Trial 401 finished with values: [0.9403130492563511, 0.4434876210979548] and parameters: {'psi': 0.3484371981602471, 'lda_t': 0.17422974868252195}.
[I 2025-08-09 22:32:07,019] Trial 402 finished with values: [0.9245752030324468, 0.31976744186046513] and parameters: {'psi': 0.756594846681345, 'lda_t': 0.03387138389882903}.
[I 2025-08-09 22:32:14,995] Trial 403 finished with values: [0.9198865504290662, 0.3235867446393762] and parameters: {'psi': 0.9363544201971435, 'lda_t': 0.03647981187376523}.
[I 2025-08-09 22:32:22,973] Trial 404 finished with values: [0.8967910941041306, 0.27414903403863844] and parameters: {'psi': 0.9556035406933461, 'lda_t': 3.169297930723864e-08}.
[I 2025-08-09 22:32:30,935] Trial 405 finished with values: [0.9440131130325282, 0.46993318485523383] and parameters: {'psi': 0.756594846681345, 'lda_t': 2.184374702025136}.
[I 2025-08-09 22:32:38,882] Trial 406 finished with values: [0.8996422028686502, 0.25742574257425743] and parameters: {'psi': 0.36453361933497397, 'lda_t': 1.1372613933864656e-08}.
[I 2025-08-09 22:32:46,846] Trial 407 finished with values: [0.9417617791346188, 0.44660194174757284] and parameters: {'psi': 0.3956955766035345, 'lda_t': 0.3249516288522155}.
[I 2025-08-09 22:32:54,820] Trial 408 finished with values: [0.8995692494275829, 0.25719424460431656] and parameters: {'psi': 0.3200320262095462, 'lda_t': 1.1217042364026864e-07}.
[I 2025-08-09 22:33:02,792] Trial 409 finished with values: [0.9403391870338036, 0.4434876210979548] and parameters: {'psi': 0.34873460154760894, 'lda_t': 2.2169582721436396}.
[I 2025-08-09 22:33:10,741] Trial 410 finished with values: [0.8971702661290416, 0.27598896044158233] and parameters: {'psi': 0.9556035406933461, 'lda_t': 0.00038884343439299444}.
[I 2025-08-09 22:33:18,724] Trial 411 finished with values: [0.8958093591830143, 0.27155963302752295] and parameters: {'psi': 0.9138702411527146, 'lda_t': 5.113519552687522e-07}.
[I 2025-08-09 22:33:26,708] Trial 412 finished with values: [0.9439583979517276, 0.4868571428571429] and parameters: {'psi': 0.8245844394144708, 'lda_t': 0.3105328637957405}.
[I 2025-08-09 22:33:34,714] Trial 413 finished with values: [0.9436877267452194, 0.49479768786127165] and parameters: {'psi': 0.8626153554204057, 'lda_t': 2.5529326884041756}.
[I 2025-08-09 22:33:42,685] Trial 414 finished with values: [0.9440006830672508, 0.4732142857142857] and parameters: {'psi': 0.768798572718389, 'lda_t': 3.407079917119944}.
[I 2025-08-09 22:33:50,663] Trial 415 finished with values: [0.8973505587095141, 0.2625341841385597] and parameters: {'psi': 0.7948671642969444, 'lda_t': 3.0635029129432445e-07}.
[I 2025-08-09 22:33:58,656] Trial 416 finished with values: [0.9419331267868075, 0.45670995670995673] and parameters: {'psi': 0.41035990560078706, 'lda_t': 0.7296897177208891}.
[I 2025-08-09 22:34:06,621] Trial 417 finished with values: [0.9418929326934806, 0.4514038876889849] and parameters: {'psi': 0.4056645687101481, 'lda_t': 0.5158183705858165}.
[I 2025-08-09 22:34:14,568] Trial 418 finished with values: [0.9373299737576715, 0.423728813559322] and parameters: {'psi': 0.3063382939285013, 'lda_t': 2.2169582721436396}.
[I 2025-08-09 22:34:22,547] Trial 419 finished with values: [0.941936727991701, 0.4600219058050383] and parameters: {'psi': 0.44455389256316935, 'lda_t': 1.2205552952797107}.
[I 2025-08-09 22:34:30,523] Trial 420 finished with values: [0.9454604488959985, 0.5119047619047619] and parameters: {'psi': 0.978752344047533, 'lda_t': 0.8547039672161781}.
[I 2025-08-09 22:34:38,519] Trial 421 finished with values: [0.9439589787912266, 0.48072562358276644] and parameters: {'psi': 0.8153902346346483, 'lda_t': 0.7975405473066295}.
[I 2025-08-09 22:34:46,467] Trial 422 finished with values: [0.8959100767521313, 0.2664233576642336] and parameters: {'psi': 0.9866755918094445, 'lda_t': 1.7822739720419424e-07}.
[I 2025-08-09 22:34:54,447] Trial 423 finished with values: [0.899659395717819, 0.2603978300180832] and parameters: {'psi': 0.4687426858251762, 'lda_t': 2.0279642040424335e-07}.
[I 2025-08-09 22:35:02,418] Trial 424 finished with values: [0.9443023711030027, 0.5053128689492326] and parameters: {'psi': 0.9556035406933461, 'lda_t': 0.4282208685743299}.
[I 2025-08-09 22:35:10,417] Trial 425 finished with values: [0.9061284375533646, 0.30111524163568776] and parameters: {'psi': 0.09279694253024373, 'lda_t': 2.428813585915971}.
[I 2025-08-09 22:35:18,484] Trial 426 finished with values: [0.8953381821814704, 0.26387625113739765] and parameters: {'psi': 0.9953088221531188, 'lda_t': 1.4076343095295315e-05}.
[I 2025-08-09 22:35:26,432] Trial 427 finished with values: [0.8967233682185536, 0.27414903403863844] and parameters: {'psi': 0.953280968399183, 'lda_t': 3.961116574942404e-07}.
[I 2025-08-09 22:35:34,390] Trial 428 finished with values: [0.9293335563757008, 0.3444782168186423] and parameters: {'psi': 0.9953088221531188, 'lda_t': 0.07508968695755124}.
[I 2025-08-09 22:35:42,347] Trial 429 finished with values: [0.9436553159011783, 0.49479768786127165] and parameters: {'psi': 0.8681382554937496, 'lda_t': 0.6165147900793646}.
[I 2025-08-09 22:35:50,320] Trial 430 finished with values: [0.8979998211014343, 0.2645985401459854] and parameters: {'psi': 0.756594846681345, 'lda_t': 6.921010064852268e-07}.
[I 2025-08-09 22:35:58,318] Trial 431 finished with values: [0.8953222671791995, 0.26387625113739765] and parameters: {'psi': 0.9953088221531188, 'lda_t': 1.186730569092841e-08}.
[I 2025-08-09 22:36:06,303] Trial 432 finished with values: [0.916957609171688, 0.29417206290471787] and parameters: {'psi': 0.5293072483800864, 'lda_t': 0.012033769370964077}.
[I 2025-08-09 22:36:14,284] Trial 433 finished with values: [0.9439583979517276, 0.4868571428571429] and parameters: {'psi': 0.8245844394144708, 'lda_t': 0.3105328637957405}.
[I 2025-08-09 22:36:22,242] Trial 434 finished with values: [0.8993891891829099, 0.25696316262353996] and parameters: {'psi': 0.259470658116971, 'lda_t': 5.0275635710886303e-08}.
[I 2025-08-09 22:36:30,228] Trial 435 finished with values: [0.941429306605423, 0.4617067833698031] and parameters: {'psi': 0.4904313029828906, 'lda_t': 3.1630492815650655}.
[I 2025-08-09 22:36:38,215] Trial 436 finished with values: [0.8996304699107713, 0.25742574257425743] and parameters: {'psi': 0.35195687907316975, 'lda_t': 3.1410027749360754e-07}.
[I 2025-08-09 22:36:46,173] Trial 437 finished with values: [0.8968911146658489, 0.26118721461187216] and parameters: {'psi': 0.8189503066820989, 'lda_t': 5.0350632620718774e-08}.
[I 2025-08-09 22:36:54,152] Trial 438 finished with values: [0.945770501020535, 0.514218009478673] and parameters: {'psi': 0.9853523985530265, 'lda_t': 5.268148313366471}.
[I 2025-08-09 22:37:02,128] Trial 439 finished with values: [0.9420106107759667, 0.4596949891067538] and parameters: {'psi': 0.4288613598638359, 'lda_t': 0.26700778023496435}.
[I 2025-08-09 22:37:10,098] Trial 440 finished with values: [0.9373123162369036, 0.47045454545454546] and parameters: {'psi': 0.9556035406933461, 'lda_t': 0.1468756739201188}.
[I 2025-08-09 22:37:18,063] Trial 441 finished with values: [0.9439316793347763, 0.48291571753986334] and parameters: {'psi': 0.8227053766237223, 'lda_t': 3.225845287976107}.
[I 2025-08-09 22:37:26,039] Trial 442 finished with values: [0.9431602083122778, 0.4629014396456257] and parameters: {'psi': 0.6370973095403608, 'lda_t': 0.24788862876320744}.
[I 2025-08-09 22:37:33,948] Trial 443 finished with values: [0.9438674384861929, 0.4694104560622914] and parameters: {'psi': 0.7072413651366011, 'lda_t': 3.225845287976107}.
[I 2025-08-09 22:37:41,906] Trial 444 finished with values: [0.9443601065491977, 0.5071090047393365] and parameters: {'psi': 0.9556035406933461, 'lda_t': 0.5927826148686524}.
[I 2025-08-09 22:37:49,864] Trial 445 finished with values: [0.9437130513473734, 0.4942263279445728] and parameters: {'psi': 0.859515692927383, 'lda_t': 2.499467227350508}.
[I 2025-08-09 22:37:57,829] Trial 446 finished with values: [0.9439556099221326, 0.4688888888888889] and parameters: {'psi': 0.7290987275439432, 'lda_t': 0.8058879294528104}.
[I 2025-08-09 22:38:05,790] Trial 447 finished with values: [0.9430663446492484, 0.4629014396456257] and parameters: {'psi': 0.627497225700678, 'lda_t': 0.7296897177208891}.
[I 2025-08-09 22:38:13,771] Trial 448 finished with values: [0.9413382309719884, 0.4617067833698031] and parameters: {'psi': 0.5296831259163959, 'lda_t': 0.786259061490011}.
[I 2025-08-09 22:38:21,746] Trial 449 finished with values: [0.9437480178852098, 0.5041031652989449] and parameters: {'psi': 0.9363544201971435, 'lda_t': 0.3105328637957405}.
[I 2025-08-09 22:38:29,723] Trial 450 finished with values: [0.9443846179760531, 0.5071090047393365] and parameters: {'psi': 0.9556035406933461, 'lda_t': 5.755436378475795}.
[I 2025-08-09 22:38:37,701] Trial 451 finished with values: [0.9443601065491977, 0.5071090047393365] and parameters: {'psi': 0.9556035406933461, 'lda_t': 0.5927826148686524}.
[I 2025-08-09 22:38:45,661] Trial 452 finished with values: [0.8953568852133365, 0.26387625113739765] and parameters: {'psi': 0.9953088221531188, 'lda_t': 3.088159060406526e-05}.
[I 2025-08-09 22:38:53,639] Trial 453 finished with values: [0.9439221535669935, 0.48346636259977194] and parameters: {'psi': 0.8245844394144708, 'lda_t': 3.225845287976107}.
[I 2025-08-09 22:39:01,618] Trial 454 finished with values: [0.8975335231516816, 0.2764976958525346] and parameters: {'psi': 0.9556035406933461, 'lda_t': 0.0008299458297630589}.
[I 2025-08-09 22:39:09,579] Trial 455 finished with values: [0.9125215055824484, 0.2841429880843263] and parameters: {'psi': 0.5077165315831705, 'lda_t': 0.007934470612426246}.
[I 2025-08-09 22:39:17,525] Trial 456 finished with values: [0.8996295405675729, 0.25742574257425743] and parameters: {'psi': 0.3510772433339149, 'lda_t': 1.0650776367551857e-08}.
[I 2025-08-09 22:39:25,485] Trial 457 finished with values: [0.9415639452012783, 0.4858115777525539] and parameters: {'psi': 0.8189503066820989, 'lda_t': 0.16426580277436065}.
[I 2025-08-09 22:39:33,447] Trial 458 finished with values: [0.8991736977288014, 0.26473254759746145] and parameters: {'psi': 0.6185103678191626, 'lda_t': 7.413358725445055e-08}.
[I 2025-08-09 22:39:41,446] Trial 459 finished with values: [0.9348719771660375, 0.4424778761061947] and parameters: {'psi': 0.9363544201971435, 'lda_t': 0.11536262513621295}.
[I 2025-08-09 22:39:49,417] Trial 460 finished with values: [0.896819439071679, 0.26118721461187216] and parameters: {'psi': 0.8227053766237223, 'lda_t': 5.775220845369411e-08}.
[I 2025-08-09 22:39:57,418] Trial 461 finished with values: [0.9001436996920389, 0.2660633484162896] and parameters: {'psi': 0.5490000013757627, 'lda_t': 0.00034763936563623045}.
[I 2025-08-09 22:40:05,315] Trial 462 finished with values: [0.8954966351967827, 0.26545454545454544] and parameters: {'psi': 0.9953088221531188, 'lda_t': 0.00017718182084594183}.
[I 2025-08-09 22:40:13,281] Trial 463 finished with values: [0.8977255486900326, 0.2770083102493075] and parameters: {'psi': 0.9556035406933461, 'lda_t': 0.0010810773655985824}.
[I 2025-08-09 22:40:21,236] Trial 464 finished with values: [0.9439985920450545, 0.4732142857142857] and parameters: {'psi': 0.7682869056391329, 'lda_t': 3.1630492815650655}.
[I 2025-08-09 22:40:29,204] Trial 465 finished with values: [0.945770501020535, 0.514218009478673] and parameters: {'psi': 0.9853523985530265, 'lda_t': 3.407079917119944}.
[I 2025-08-09 22:40:37,202] Trial 466 finished with values: [0.8987015913840591, 0.25673249551166966] and parameters: {'psi': 0.1640494521437943, 'lda_t': 7.18357031519256e-08}.
[I 2025-08-09 22:40:45,174] Trial 467 finished with values: [0.9366606143190878, 0.41983122362869196] and parameters: {'psi': 0.3001303463847257, 'lda_t': 0.9112965348701374}.
[I 2025-08-09 22:40:53,255] Trial 468 finished with values: [0.8978275441060474, 0.2643573381950775] and parameters: {'psi': 0.8019275457407672, 'lda_t': 0.00047954637860585215}.
[I 2025-08-09 22:41:01,238] Trial 469 finished with values: [0.945740762038189, 0.5130023640661938] and parameters: {'psi': 0.9853523985530265, 'lda_t': 0.5927826148686524}.
[I 2025-08-09 22:41:09,218] Trial 470 finished with values: [0.9443846179760531, 0.5071090047393365] and parameters: {'psi': 0.9556035406933461, 'lda_t': 2.514687011783311}.
[I 2025-08-09 22:41:17,182] Trial 471 finished with values: [0.8967916749436297, 0.27414903403863844] and parameters: {'psi': 0.9556035406933461, 'lda_t': 2.0716784128132344e-07}.
[I 2025-08-09 22:41:25,158] Trial 472 finished with values: [0.9439583979517276, 0.4868571428571429] and parameters: {'psi': 0.8245844394144708, 'lda_t': 0.3105328637957405}.
[I 2025-08-09 22:41:33,153] Trial 473 finished with values: [0.9433215655250847, 0.4634146341463415] and parameters: {'psi': 0.6439559413155247, 'lda_t': 1.2119580466783015}.
[I 2025-08-09 22:41:41,139] Trial 474 finished with values: [0.9435879385193006, 0.46511627906976744] and parameters: {'psi': 0.6691605615025275, 'lda_t': 3.407079917119944}.
[I 2025-08-09 22:41:49,102] Trial 475 finished with values: [0.9425578777518724, 0.45966850828729283] and parameters: {'psi': 0.6011703497606886, 'lda_t': 5.2200260978202575}.
[I 2025-08-09 22:41:57,073] Trial 476 finished with values: [0.9460136404347933, 0.5111896348645465] and parameters: {'psi': 0.9953088221531188, 'lda_t': 0.8547039672161781}.
[I 2025-08-09 22:42:05,059] Trial 477 finished with values: [0.9413972442650812, 0.4600219058050383] and parameters: {'psi': 0.5396281078366076, 'lda_t': 3.407079917119944}.
[I 2025-08-09 22:42:13,045] Trial 478 finished with values: [0.9438472252716296, 0.5023474178403756] and parameters: {'psi': 0.9363544201971435, 'lda_t': 3.1630492815650655}.
[I 2025-08-09 22:42:21,009] Trial 479 finished with values: [0.944002774089447, 0.4688888888888889] and parameters: {'psi': 0.7436534311349756, 'lda_t': 2.184374702025136}.
[I 2025-08-09 22:42:28,996] Trial 480 finished with values: [0.9443846179760531, 0.5071090047393365] and parameters: {'psi': 0.9556035406933461, 'lda_t': 3.407079917119944}.
[I 2025-08-09 22:42:36,967] Trial 481 finished with values: [0.9439221535669935, 0.48346636259977194] and parameters: {'psi': 0.8245844394144708, 'lda_t': 2.428813585915971}.
[I 2025-08-09 22:42:44,952] Trial 482 finished with values: [0.9438834696563637, 0.4683684794672586] and parameters: {'psi': 0.7120267575546717, 'lda_t': 3.407079917119944}.
[I 2025-08-09 22:42:52,944] Trial 483 finished with values: [0.9300407865496159, 0.39710444674250256] and parameters: {'psi': 0.2587571182030668, 'lda_t': 0.5927826148686524}.
[I 2025-08-09 22:43:00,943] Trial 484 finished with values: [0.9439583979517276, 0.4868571428571429] and parameters: {'psi': 0.8245844394144708, 'lda_t': 0.3105328637957405}.
[I 2025-08-09 22:43:08,931] Trial 485 finished with values: [0.9417981396872528, 0.46153846153846156] and parameters: {'psi': 0.568278525385224, 'lda_t': 0.3105328637957405}.
[I 2025-08-09 22:43:16,908] Trial 486 finished with values: [0.8996294243996734, 0.25742574257425743] and parameters: {'psi': 0.3445117722098372, 'lda_t': 4.320865156668434e-06}.
[I 2025-08-09 22:43:24,924] Trial 487 finished with values: [0.936235091302161, 0.43982494529540483] and parameters: {'psi': 0.9853523985530265, 'lda_t': 0.1265032675668888}.
[I 2025-08-09 22:43:32,888] Trial 488 finished with values: [0.945770501020535, 0.514218009478673] and parameters: {'psi': 0.9853523985530265, 'lda_t': 2.5529326884041756}.
[I 2025-08-09 22:43:40,880] Trial 489 finished with values: [0.9460121302520959, 0.5117924528301887] and parameters: {'psi': 0.9934902924566518, 'lda_t': 0.8058879294528104}.
[I 2025-08-09 22:43:48,856] Trial 490 finished with values: [0.8977760817264409, 0.2645985401459854] and parameters: {'psi': 0.7718090460647922, 'lda_t': 7.06350198861228e-07}.
[I 2025-08-09 22:43:56,878] Trial 491 finished with values: [0.9350485523737166, 0.43891891891891893] and parameters: {'psi': 0.32993039552110603, 'lda_t': 0.07248463025344758}.
[I 2025-08-09 22:44:04,845] Trial 492 finished with values: [0.9012769175544798, 0.2798507462686567] and parameters: {'psi': 0.9363544201971435, 'lda_t': 0.00599694531606483}.
[I 2025-08-09 22:44:12,822] Trial 493 finished with values: [0.9084609728132264, 0.30121608980355474] and parameters: {'psi': 0.9556035406933461, 'lda_t': 0.01553906496013932}.
[I 2025-08-09 22:44:20,781] Trial 494 finished with values: [0.9367037126099094, 0.42027455121436114] and parameters: {'psi': 0.3005658011320036, 'lda_t': 3.407079917119944}.
[I 2025-08-09 22:44:28,741] Trial 495 finished with values: [0.9439966171907581, 0.4694104560622914] and parameters: {'psi': 0.7410723441260636, 'lda_t': 3.225845287976107}.
