[I 2025-08-09 20:49:42,693] Trial 0 finished with values: [0.9416358464630046, 0.25440806045340053] and parameters: {'psi': 0.7805510094508351, 'lda_t': 1.8013462677758748e-05}.
[I 2025-08-09 20:49:48,219] Trial 1 finished with values: [0.9412387023450869, 0.2553729456384324] and parameters: {'psi': 0.7892766166596172, 'lda_t': 2.891578532308107e-08}.
[I 2025-08-09 20:49:53,640] Trial 2 finished with values: [0.9373007533357248, 0.2518703241895262] and parameters: {'psi': 0.8564906982604793, 'lda_t': 9.95483657570029e-06}.
[I 2025-08-09 20:49:59,053] Trial 3 finished with values: [0.9744800777145325, 0.37344398340248963] and parameters: {'psi': 0.30020661698946927, 'lda_t': 0.8087320759351907}.
[I 2025-08-09 20:50:04,472] Trial 4 finished with values: [0.9469530062000198, 0.21333333333333335] and parameters: {'psi': 0.33501342542590906, 'lda_t': 1.0262094813951462e-06}.
[I 2025-08-09 20:50:09,883] Trial 5 finished with values: [0.9735154714776872, 0.3765347885402456] and parameters: {'psi': 0.4032065486525408, 'lda_t': 3.65888001353374}.
[I 2025-08-09 20:50:15,299] Trial 6 finished with values: [0.9470531652481436, 0.23446658851113716] and parameters: {'psi': 0.5971440360531401, 'lda_t': 0.0007342223997985424}.
[I 2025-08-09 20:50:20,711] Trial 7 finished with values: [0.9525261984958683, 0.2971576227390181] and parameters: {'psi': 0.5418986471150198, 'lda_t': 0.00605457023216706}.
[I 2025-08-09 20:50:26,130] Trial 8 finished with values: [0.9409379077393895, 0.25602027883396705] and parameters: {'psi': 0.7951848197453583, 'lda_t': 9.680809052456938e-08}.
[I 2025-08-09 20:50:31,543] Trial 9 finished with values: [0.9477672944993476, 0.21997755331088664] and parameters: {'psi': 0.17190309999214115, 'lda_t': 7.239477932108419e-05}.
[I 2025-08-09 20:50:36,955] Trial 10 finished with values: [0.947149197299039, 0.21651785714285715] and parameters: {'psi': 0.2013691793676199, 'lda_t': 7.918789236353994e-06}.
[I 2025-08-09 20:50:42,372] Trial 11 finished with values: [0.9777799294600935, 0.44677661169415295] and parameters: {'psi': 0.781545281627758, 'lda_t': 0.36151254477097167}.
[I 2025-08-09 20:50:47,790] Trial 12 finished with values: [0.9377023419121965, 0.2534504391468005] and parameters: {'psi': 0.8499829884103821, 'lda_t': 1.8337406547206013e-08}.
[I 2025-08-09 20:50:53,218] Trial 13 finished with values: [0.9663571947847454, 0.41652892561983473] and parameters: {'psi': 0.7632656462201463, 'lda_t': 0.05418787487378364}.
[I 2025-08-09 20:50:58,626] Trial 14 finished with values: [0.9470290381874228, 0.21333333333333335] and parameters: {'psi': 0.34546950744093496, 'lda_t': 2.5319693531602453e-05}.
[I 2025-08-09 20:51:04,047] Trial 15 finished with values: [0.9347783643757599, 0.2321219226260258] and parameters: {'psi': 0.9237709922236834, 'lda_t': 3.101986494961791e-07}.
[I 2025-08-09 20:51:09,464] Trial 16 finished with values: [0.9460307810500986, 0.22996515679442509] and parameters: {'psi': 0.6024128522358034, 'lda_t': 1.209075780912025e-06}.
[I 2025-08-09 20:51:14,883] Trial 17 finished with values: [0.9471449115711479, 0.21675977653631284] and parameters: {'psi': 0.16821924242228048, 'lda_t': 1.606378722621741e-07}.
[I 2025-08-09 20:51:20,303] Trial 18 finished with values: [0.9481796767608786, 0.22811059907834103] and parameters: {'psi': 0.4712640454367112, 'lda_t': 0.0007052576893383228}.
[I 2025-08-09 20:51:25,725] Trial 19 finished with values: [0.9535827097863803, 0.37142857142857144] and parameters: {'psi': 0.8741391365707005, 'lda_t': 0.02796819916395995}.
[I 2025-08-09 20:51:31,141] Trial 20 finished with values: [0.966891640925844, 0.3494318181818182] and parameters: {'psi': 0.29084821262831617, 'lda_t': 0.012244771255459648}.
[I 2025-08-09 20:51:36,565] Trial 21 finished with values: [0.9393017120689273, 0.2622107969151671] and parameters: {'psi': 0.8334052406005726, 'lda_t': 0.0009417610344526163}.
[I 2025-08-09 20:51:41,985] Trial 22 finished with values: [0.9347685230746764, 0.237125748502994] and parameters: {'psi': 0.9094032261169523, 'lda_t': 5.9978607752214766e-06}.
[I 2025-08-09 20:51:47,410] Trial 23 finished with values: [0.9775104047949358, 0.4427934621099554] and parameters: {'psi': 0.6946650360908279, 'lda_t': 0.12037866309005271}.
[I 2025-08-09 20:51:52,831] Trial 24 finished with values: [0.9469530062000195, 0.21333333333333335] and parameters: {'psi': 0.3445721651310948, 'lda_t': 4.252067203388449e-06}.
[I 2025-08-09 20:51:58,257] Trial 25 finished with values: [0.9357443991885688, 0.25692695214105793] and parameters: {'psi': 0.9214069074328554, 'lda_t': 0.0041237117714733994}.
[I 2025-08-09 20:52:03,670] Trial 26 finished with values: [0.9761016701640322, 0.39831697054698456] and parameters: {'psi': 0.6594254567709349, 'lda_t': 0.6166959780589064}.
[I 2025-08-09 20:52:09,087] Trial 27 finished with values: [0.9470061809720031, 0.22758620689655173] and parameters: {'psi': 0.5431180480867389, 'lda_t': 0.0002718230364652802}.
[I 2025-08-09 20:52:14,505] Trial 28 finished with values: [0.9464231632481372, 0.22935779816513763] and parameters: {'psi': 0.5625163635468379, 'lda_t': 1.2052952490775518e-07}.
[I 2025-08-09 20:52:19,919] Trial 29 finished with values: [0.9711389559966858, 0.37554585152838427] and parameters: {'psi': 0.29566371343834963, 'lda_t': 0.025055095442372742}.
[I 2025-08-09 20:52:25,340] Trial 30 finished with values: [0.9474009441299814, 0.22811059907834103] and parameters: {'psi': 0.5239864326807607, 'lda_t': 0.00042712553961146986}.
[I 2025-08-09 20:52:30,753] Trial 31 finished with values: [0.9470980860256699, 0.22732491389207807] and parameters: {'psi': 0.5268058410452997, 'lda_t': 0.00025743495945760556}.
[I 2025-08-09 20:52:36,157] Trial 32 finished with values: [0.9435706145098873, 0.2426470588235294] and parameters: {'psi': 0.7328532043850498, 'lda_t': 0.0001745947507413328}.
[I 2025-08-09 20:52:41,582] Trial 33 finished with values: [0.9727397547293801, 0.4248062015503876] and parameters: {'psi': 0.8914096803853595, 'lda_t': 0.1562034250559523}.
[I 2025-08-09 20:52:47,009] Trial 34 finished with values: [0.956253035723923, 0.24277456647398843] and parameters: {'psi': 0.0524139165621772, 'lda_t': 3.9459447074876928}.
[I 2025-08-09 20:52:52,528] Trial 35 finished with values: [0.9469747523008009, 0.21333333333333335] and parameters: {'psi': 0.34526459104956486, 'lda_t': 1.1341793051287462e-05}.
[I 2025-08-09 20:52:57,934] Trial 36 finished with values: [0.9756042082673279, 0.4341317365269461] and parameters: {'psi': 0.8420716638903263, 'lda_t': 5.681229070776049}.
[I 2025-08-09 20:53:03,351] Trial 37 finished with values: [0.9352874136108369, 0.24330900243309003] and parameters: {'psi': 0.8925146249796312, 'lda_t': 3.435298608160742e-06}.
[I 2025-08-09 20:53:08,769] Trial 38 finished with values: [0.9482282483436455, 0.2185430463576159] and parameters: {'psi': 0.03678500295294074, 'lda_t': 9.069446441362875e-07}.
[I 2025-08-09 20:53:14,183] Trial 39 finished with values: [0.9408153676678339, 0.2563451776649746] and parameters: {'psi': 0.7975603482090545, 'lda_t': 9.085109159861494e-06}.
[I 2025-08-09 20:53:19,590] Trial 40 finished with values: [0.9745267445293476, 0.40110650069156295] and parameters: {'psi': 0.5141336455812355, 'lda_t': 1.1586554388919208}.
[I 2025-08-09 20:53:25,005] Trial 41 finished with values: [0.9695857764627824, 0.3360655737704918] and parameters: {'psi': 0.17971057502547616, 'lda_t': 0.12178020783882341}.
[I 2025-08-09 20:53:30,425] Trial 42 finished with values: [0.9493136486147574, 0.3179916317991632] and parameters: {'psi': 0.7192244272459555, 'lda_t': 0.007931821387508675}.
[I 2025-08-09 20:53:35,844] Trial 43 finished with values: [0.9467815770843716, 0.21945701357466063] and parameters: {'psi': 0.485569118238795, 'lda_t': 2.802107366007895e-08}.
[I 2025-08-09 20:53:41,256] Trial 44 finished with values: [0.9730719780062793, 0.3748251748251748] and parameters: {'psi': 0.23576673813937288, 'lda_t': 1.8084142286618425}.
[I 2025-08-09 20:53:46,669] Trial 45 finished with values: [0.9395558398598092, 0.19893048128342247] and parameters: {'psi': 0.9858640298322782, 'lda_t': 0.00010313601946170938}.
[I 2025-08-09 20:53:52,087] Trial 46 finished with values: [0.9463812583532011, 0.2296211251435132] and parameters: {'psi': 0.5698152721646842, 'lda_t': 1.3242513487345483e-05}.
[I 2025-08-09 20:53:57,492] Trial 47 finished with values: [0.9765045285858049, 0.41839762611275966] and parameters: {'psi': 0.9050735583782603, 'lda_t': 0.6499067469783799}.
[I 2025-08-09 20:54:02,914] Trial 48 finished with values: [0.9661298924758491, 0.35816618911174786] and parameters: {'psi': 0.47465959823472925, 'lda_t': 0.01997632383745319}.
[I 2025-08-09 20:54:08,333] Trial 49 finished with values: [0.9661705275254842, 0.30788804071246817] and parameters: {'psi': 0.12677727554644524, 'lda_t': 0.06645657911059923}.
[I 2025-08-09 20:54:13,745] Trial 50 finished with values: [0.9423709281616767, 0.24969097651421507] and parameters: {'psi': 0.7632656462201463, 'lda_t': 3.8873812507349737e-07}.
[I 2025-08-09 20:54:19,150] Trial 51 finished with values: [0.9768465931637879, 0.41210374639769454] and parameters: {'psi': 0.7311303955738546, 'lda_t': 1.1586554388919208}.
[I 2025-08-09 20:54:24,570] Trial 52 finished with values: [0.9443263311947022, 0.32989690721649484] and parameters: {'psi': 0.8741391365707005, 'lda_t': 0.012244771255459648}.
[I 2025-08-09 20:54:29,985] Trial 53 finished with values: [0.9447869675776748, 0.24449877750611246] and parameters: {'psi': 0.7071057576736536, 'lda_t': 0.0007342223997985424}.
[I 2025-08-09 20:54:35,390] Trial 54 finished with values: [0.976285004079378, 0.4068767908309456] and parameters: {'psi': 0.7192244272459555, 'lda_t': 6.1793119112832136}.
[I 2025-08-09 20:54:40,801] Trial 55 finished with values: [0.9435026777862786, 0.24175824175824176] and parameters: {'psi': 0.7328532043850498, 'lda_t': 8.436204402476864e-05}.
[I 2025-08-09 20:54:46,213] Trial 56 finished with values: [0.9465642748072216, 0.22857142857142856] and parameters: {'psi': 0.5418986471150198, 'lda_t': 3.2414301306953876e-08}.
[I 2025-08-09 20:54:51,628] Trial 57 finished with values: [0.9661705275254842, 0.30788804071246817] and parameters: {'psi': 0.12677727554644524, 'lda_t': 0.06645657911059923}.
[I 2025-08-09 20:54:57,034] Trial 58 finished with values: [0.9469795142206799, 0.2153163152053274] and parameters: {'psi': 0.29566371343834963, 'lda_t': 1.1150294793568585e-08}.
[I 2025-08-09 20:55:02,450] Trial 59 finished with values: [0.9469007838120119, 0.21524663677130046] and parameters: {'psi': 0.43443081662157546, 'lda_t': 1.8013462677758748e-05}.
[I 2025-08-09 20:55:07,863] Trial 60 finished with values: [0.9612670198953012, 0.33191489361702126] and parameters: {'psi': 0.4032065486525408, 'lda_t': 0.012244771255459648}.
[I 2025-08-09 20:55:13,290] Trial 61 finished with values: [0.97334769316728, 0.42765273311897106] and parameters: {'psi': 0.8103983051292325, 'lda_t': 0.12178020783882341}.
[I 2025-08-09 20:55:18,706] Trial 62 finished with values: [0.9735154714776872, 0.3765347885402456] and parameters: {'psi': 0.4032065486525408, 'lda_t': 7.934765710301671}.
[I 2025-08-09 20:55:24,130] Trial 63 finished with values: [0.9722353086835195, 0.44019138755980863] and parameters: {'psi': 0.7632656462201463, 'lda_t': 0.09678028778198307}.
[I 2025-08-09 20:55:29,556] Trial 64 finished with values: [0.9662624325791511, 0.34844192634560905] and parameters: {'psi': 0.28215236928883514, 'lda_t': 0.011394484696736996}.
[I 2025-08-09 20:55:34,981] Trial 65 finished with values: [0.9711389559966858, 0.37554585152838427] and parameters: {'psi': 0.29566371343834963, 'lda_t': 0.025055095442372742}.
[I 2025-08-09 20:55:40,508] Trial 66 finished with values: [0.9723481661846546, 0.38316400580551524] and parameters: {'psi': 0.23487810129207087, 'lda_t': 0.02796819916395995}.
[I 2025-08-09 20:55:45,933] Trial 67 finished with values: [0.9408331455020492, 0.2563451776649746] and parameters: {'psi': 0.7971452135136319, 'lda_t': 9.069446441362875e-07}.
[I 2025-08-09 20:55:51,335] Trial 68 finished with values: [0.9744097600309842, 0.39166666666666666] and parameters: {'psi': 0.5022439915736926, 'lda_t': 0.8087320759351907}.
[I 2025-08-09 20:55:56,753] Trial 69 finished with values: [0.9348612217816565, 0.2403846153846154] and parameters: {'psi': 0.9050735583782603, 'lda_t': 2.891578532308107e-08}.
[I 2025-08-09 20:56:02,168] Trial 70 finished with values: [0.9406818751805561, 0.19553666312433582] and parameters: {'psi': 0.9937476646215052, 'lda_t': 0.0007342223997985424}.
[I 2025-08-09 20:56:07,578] Trial 71 finished with values: [0.9470290381874228, 0.21333333333333335] and parameters: {'psi': 0.34546950744093496, 'lda_t': 2.5319693531602453e-05}.
[I 2025-08-09 20:56:12,987] Trial 72 finished with values: [0.9469795142206799, 0.2153163152053274] and parameters: {'psi': 0.29566371343834963, 'lda_t': 1.2348405009742557e-08}.
[I 2025-08-09 20:56:18,411] Trial 73 finished with values: [0.9650092539976318, 0.4132231404958678] and parameters: {'psi': 0.8499829884103821, 'lda_t': 0.06645657911059923}.
[I 2025-08-09 20:56:23,833] Trial 74 finished with values: [0.9409379077393895, 0.25602027883396705] and parameters: {'psi': 0.7951848197453583, 'lda_t': 9.680809052456938e-08}.
[I 2025-08-09 20:56:29,253] Trial 75 finished with values: [0.9510360350350319, 0.33382137628111275] and parameters: {'psi': 0.7274305799006351, 'lda_t': 0.012244771255459648}.
[I 2025-08-09 20:56:34,680] Trial 76 finished with values: [0.9414788618376567, 0.27140974967061926] and parameters: {'psi': 0.8061121723737148, 'lda_t': 0.0017983287056080202}.
[I 2025-08-09 20:56:40,102] Trial 77 finished with values: [0.9734142013149248, 0.437125748502994] and parameters: {'psi': 0.6451471108539335, 'lda_t': 0.0788071295352757}.
[I 2025-08-09 20:56:45,520] Trial 78 finished with values: [0.9761016701640322, 0.39831697054698456] and parameters: {'psi': 0.6594254567709349, 'lda_t': 0.6166959780589064}.
[I 2025-08-09 20:56:50,935] Trial 79 finished with values: [0.9734767411960037, 0.40668523676880225] and parameters: {'psi': 0.5632917598510718, 'lda_t': 6.474319156859696}.
[I 2025-08-09 20:56:56,360] Trial 80 finished with values: [0.9463617344816968, 0.22916666666666666] and parameters: {'psi': 0.5892866546667079, 'lda_t': 0.00011867239709581729}.
[I 2025-08-09 20:57:01,776] Trial 81 finished with values: [0.9738107105101922, 0.3814866760168303] and parameters: {'psi': 0.24463614423314628, 'lda_t': 0.1453269156529426}.
[I 2025-08-09 20:57:07,202] Trial 82 finished with values: [0.9366139257584944, 0.2506203473945409] and parameters: {'psi': 0.8680866526630966, 'lda_t': 9.95483657570029e-06}.
[I 2025-08-09 20:57:12,616] Trial 83 finished with values: [0.9468934822015307, 0.2140468227424749] and parameters: {'psi': 0.3934312013541392, 'lda_t': 7.918789236353994e-06}.
[I 2025-08-09 20:57:18,052] Trial 84 finished with values: [0.9557989072981183, 0.3741935483870968] and parameters: {'psi': 0.8564906982604793, 'lda_t': 0.03130621795169966}.
[I 2025-08-09 20:57:23,472] Trial 85 finished with values: [0.9744513474645952, 0.3724137931034483] and parameters: {'psi': 0.29566371343834963, 'lda_t': 2.287812215914983}.
[I 2025-08-09 20:57:28,887] Trial 86 finished with values: [0.9736410274318331, 0.3814713896457766] and parameters: {'psi': 0.42764791072564845, 'lda_t': 1.1586554388919208}.
[I 2025-08-09 20:57:34,302] Trial 87 finished with values: [0.9381950418890219, 0.255050505050505] and parameters: {'psi': 0.8420716638903263, 'lda_t': 9.085109159861494e-06}.
[I 2025-08-09 20:57:39,721] Trial 88 finished with values: [0.9607247959517331, 0.3246217331499312] and parameters: {'psi': 0.28744381417098586, 'lda_t': 0.007931821387508675}.
[I 2025-08-09 20:57:45,131] Trial 89 finished with values: [0.9740956320496256, 0.36065573770491804] and parameters: {'psi': 0.3577426509240572, 'lda_t': 1.1586554388919208}.
[I 2025-08-09 20:57:50,539] Trial 90 finished with values: [0.9473185629160727, 0.21651785714285715] and parameters: {'psi': 0.32218918723569323, 'lda_t': 9.244549842193687e-05}.
[I 2025-08-09 20:57:55,958] Trial 91 finished with values: [0.9467109419394982, 0.2310385064177363] and parameters: {'psi': 0.5933483866414904, 'lda_t': 0.00042712553961146986}.
[I 2025-08-09 20:58:01,372] Trial 92 finished with values: [0.9788892980612637, 0.43820224719101125] and parameters: {'psi': 0.5784865885638893, 'lda_t': 0.16077463187871455}.
[I 2025-08-09 20:58:06,786] Trial 93 finished with values: [0.946686497417452, 0.225] and parameters: {'psi': 0.51538266649798, 'lda_t': 3.9585254090642276e-07}.
[I 2025-08-09 20:58:12,218] Trial 94 finished with values: [0.9561071622449595, 0.25146886016451236] and parameters: {'psi': 0.0524139165621772, 'lda_t': 0.01086865334959675}.
[I 2025-08-09 20:58:17,639] Trial 95 finished with values: [0.9413464804650173, 0.276510067114094] and parameters: {'psi': 0.8119709474592657, 'lda_t': 0.0022549688167680004}.
[I 2025-08-09 20:58:23,050] Trial 96 finished with values: [0.9474811031146131, 0.21700223713646533] and parameters: {'psi': 0.30020661698946927, 'lda_t': 0.00012171999730762122}.
[I 2025-08-09 20:58:28,469] Trial 97 finished with values: [0.9364710681621211, 0.2506203473945409] and parameters: {'psi': 0.871515920367648, 'lda_t': 0.00012169897965988624}.
[I 2025-08-09 20:58:33,871] Trial 98 finished with values: [0.9702916517195291, 0.33879781420765026] and parameters: {'psi': 0.19268458047897075, 'lda_t': 1.1586554388919208}.
[I 2025-08-09 20:58:39,284] Trial 99 finished with values: [0.9739680125968654, 0.39944521497919555] and parameters: {'psi': 0.5443679987871186, 'lda_t': 0.7974829237606231}.
[I 2025-08-09 20:58:44,801] Trial 100 finished with values: [0.9526698497455548, 0.2992125984251969] and parameters: {'psi': 0.5784865885638893, 'lda_t': 0.007319416963709435}.
[I 2025-08-09 20:58:50,241] Trial 101 finished with values: [0.9470825304207315, 0.21627647714604237] and parameters: {'psi': 0.20307308612839214, 'lda_t': 1.7734514722175755e-08}.
[I 2025-08-09 20:58:55,660] Trial 102 finished with values: [0.9744513474645952, 0.3724137931034483] and parameters: {'psi': 0.29566371343834963, 'lda_t': 2.287812215914983}.
[I 2025-08-09 20:59:01,102] Trial 103 finished with values: [0.9486995196810148, 0.32088520055325037] and parameters: {'psi': 0.9888528104609341, 'lda_t': 0.025055095442372742}.
[I 2025-08-09 20:59:06,522] Trial 104 finished with values: [0.954016203226042, 0.26354679802955666] and parameters: {'psi': 0.13822066420094814, 'lda_t': 0.00142586740433292}.
[I 2025-08-09 20:59:11,958] Trial 105 finished with values: [0.9508976218972124, 0.2388758782201405] and parameters: {'psi': 0.16017843245025676, 'lda_t': 0.0006406713997639102}.
[I 2025-08-09 20:59:17,390] Trial 106 finished with values: [0.9594178076755799, 0.3078947368421053] and parameters: {'psi': 0.12677727554644524, 'lda_t': 0.0035801187758260668}.
[I 2025-08-09 20:59:22,821] Trial 107 finished with values: [0.9353313820043875, 0.24390243902439024] and parameters: {'psi': 0.8914096803853595, 'lda_t': 4.553613309025389e-07}.
[I 2025-08-09 20:59:28,238] Trial 108 finished with values: [0.946941101400322, 0.21333333333333335] and parameters: {'psi': 0.3577426509240572, 'lda_t': 4.634184974187533e-06}.
[I 2025-08-09 20:59:33,666] Trial 109 finished with values: [0.9438234724554682, 0.23815309842041313] and parameters: {'psi': 0.7192244272459555, 'lda_t': 2.380262597372666e-05}.
[I 2025-08-09 20:59:39,070] Trial 110 finished with values: [0.9753080168508471, 0.4273255813953488] and parameters: {'psi': 0.5162209319351283, 'lda_t': 0.0788071295352757}.
[I 2025-08-09 20:59:44,507] Trial 111 finished with values: [0.9577220880066286, 0.3853503184713376] and parameters: {'psi': 0.9155787335024929, 'lda_t': 0.04314588951313847}.
[I 2025-08-09 20:59:49,901] Trial 112 finished with values: [0.976285004079378, 0.4068767908309456] and parameters: {'psi': 0.7192244272459555, 'lda_t': 1.1586554388919208}.
[I 2025-08-09 20:59:55,336] Trial 113 finished with values: [0.9432566452591914, 0.2426470588235294] and parameters: {'psi': 0.7387543455776342, 'lda_t': 1.3057843510210116e-05}.
[I 2025-08-09 21:00:00,751] Trial 114 finished with values: [0.9740956320496256, 0.36065573770491804] and parameters: {'psi': 0.3577426509240572, 'lda_t': 2.0785152966800147}.
[I 2025-08-09 21:00:06,178] Trial 115 finished with values: [0.9771475465001475, 0.43909348441926344] and parameters: {'psi': 0.5443679987871186, 'lda_t': 0.12037866309005271}.
[I 2025-08-09 21:00:11,587] Trial 116 finished with values: [0.9745197603801916, 0.3633879781420765] and parameters: {'psi': 0.3149301107468081, 'lda_t': 0.6166959780589064}.
[I 2025-08-09 21:00:16,988] Trial 117 finished with values: [0.9736062654167156, 0.403899721448468] and parameters: {'psi': 0.5820784866304436, 'lda_t': 3.6088312401506664}.
[I 2025-08-09 21:00:22,416] Trial 118 finished with values: [0.9762669087838374, 0.39831697054698456] and parameters: {'psi': 0.6594254567709349, 'lda_t': 0.6971564231076165}.
[I 2025-08-09 21:00:27,847] Trial 119 finished with values: [0.9737189641871878, 0.4205607476635514] and parameters: {'psi': 0.8564906982604793, 'lda_t': 0.16077463187871455}.
[I 2025-08-09 21:00:33,264] Trial 120 finished with values: [0.9575266905609223, 0.3314447592067989] and parameters: {'psi': 0.5022439915736926, 'lda_t': 0.012244771255459648}.
[I 2025-08-09 21:00:38,700] Trial 121 finished with values: [0.9765905606049542, 0.45098039215686275] and parameters: {'psi': 0.9672749132662614, 'lda_t': 0.247830508339986}.
[I 2025-08-09 21:00:44,130] Trial 122 finished with values: [0.9730468985615828, 0.41297935103244837] and parameters: {'psi': 0.380350158415131, 'lda_t': 0.043636017990349794}.
[I 2025-08-09 21:00:49,563] Trial 123 finished with values: [0.9467753865885289, 0.21945701357466063] and parameters: {'psi': 0.487020583583623, 'lda_t': 1.0572547778219641e-07}.
