[I 2025-08-09 20:35:51,474] Trial 124 finished with values: [0.9022250409164124, 0.19613947696139478] and parameters: {'psi': 0.2638759871843701, 'lda_t': 8.532514717844721}.
[I 2025-08-09 20:35:57,650] Trial 125 finished with values: [0.8769969649372006, 0.18243036424854606] and parameters: {'psi': 0.364058700538612, 'lda_t': 0.00029217881016229655}.
[I 2025-08-09 20:36:03,829] Trial 126 finished with values: [0.8753851987460122, 0.18803418803418803] and parameters: {'psi': 0.18035071428570382, 'lda_t': 2.190818620792426e-07}.
[I 2025-08-09 20:36:10,005] Trial 127 finished with values: [0.9027905648314779, 0.19832141746969226] and parameters: {'psi': 0.35029112127000384, 'lda_t': 0.10682290056392421}.
[I 2025-08-09 20:36:16,170] Trial 128 finished with values: [0.8808947093916213, 0.18181818181818182] and parameters: {'psi': 0.9912742588855827, 'lda_t': 0.003200341538549676}.
[I 2025-08-09 20:36:22,355] Trial 129 finished with values: [0.893765301816935, 0.16728624535315986] and parameters: {'psi': 0.6812593598194845, 'lda_t': 0.025240450218456542}.
[I 2025-08-09 20:36:28,534] Trial 130 finished with values: [0.8895586382683947, 0.19400679641643498] and parameters: {'psi': 0.03305278276663226, 'lda_t': 1.589569972754859e-08}.
[I 2025-08-09 20:36:34,692] Trial 131 finished with values: [0.9024702442777126, 0.19607843137254902] and parameters: {'psi': 0.2754644639454289, 'lda_t': 1.9866647954353365}.
[I 2025-08-09 20:36:40,860] Trial 132 finished with values: [0.9064478277412198, 0.21023081721771678] and parameters: {'psi': 0.5652888974202718, 'lda_t': 8.916285814908319}.
[I 2025-08-09 20:36:47,029] Trial 133 finished with values: [0.8775985070997838, 0.1770512029611351] and parameters: {'psi': 0.6871938286221451, 'lda_t': 0.000709818654421661}.
[I 2025-08-09 20:36:53,205] Trial 134 finished with values: [0.9081235112061808, 0.20713391739674594] and parameters: {'psi': 0.6683834191656857, 'lda_t': 0.5557666097241883}.
[I 2025-08-09 20:36:59,378] Trial 135 finished with values: [0.9005274038833199, 0.19260639950295122] and parameters: {'psi': 0.21135869919937822, 'lda_t': 0.8424397016475228}.
[I 2025-08-09 20:37:05,559] Trial 136 finished with values: [0.9213673574770757, 0.19274746814766416] and parameters: {'psi': 0.005899956988731803, 'lda_t': 0.017819610244519876}.
[I 2025-08-09 20:37:11,728] Trial 137 finished with values: [0.8851005379847836, 0.16211121583411875] and parameters: {'psi': 0.8910698399265773, 'lda_t': 0.02947171813989883}.
[I 2025-08-09 20:37:17,895] Trial 138 finished with values: [0.9054500272728098, 0.20947630922693267] and parameters: {'psi': 0.5143699062851467, 'lda_t': 8.916285814908319}.
[I 2025-08-09 20:37:24,084] Trial 139 finished with values: [0.9087530819570606, 0.19672131147540983] and parameters: {'psi': 0.015108281207082297, 'lda_t': 0.0017846903456747458}.
[I 2025-08-09 20:37:30,279] Trial 140 finished with values: [0.9206727897687449, 0.19329645297754638] and parameters: {'psi': 0.005899956988731803, 'lda_t': 3.3015750732151446e-08}.
[I 2025-08-09 20:37:36,450] Trial 141 finished with values: [0.9025568349087358, 0.19613947696139478] and parameters: {'psi': 0.28005264846537203, 'lda_t': 2.0627186752910975}.
[I 2025-08-09 20:37:42,625] Trial 142 finished with values: [0.8950105513886963, 0.18984126984126984] and parameters: {'psi': 0.9156324357183406, 'lda_t': 9.224842349188412}.
[I 2025-08-09 20:37:48,799] Trial 143 finished with values: [0.8778487201933527, 0.18814905314599878] and parameters: {'psi': 0.14122535250162482, 'lda_t': 0.00010993766086447046}.
[I 2025-08-09 20:37:54,969] Trial 144 finished with values: [0.901032882990073, 0.19577377252952144] and parameters: {'psi': 0.22322630761790552, 'lda_t': 0.8424397016475228}.
[I 2025-08-09 20:38:01,143] Trial 145 finished with values: [0.9000436768037448, 0.18495684340320592] and parameters: {'psi': 0.3630621183959777, 'lda_t': 0.04120549141198244}.
[I 2025-08-09 20:38:07,310] Trial 146 finished with values: [0.8939422979613125, 0.19005384859043395] and parameters: {'psi': 0.9244036758748718, 'lda_t': 8.180906570778252}.
[I 2025-08-09 20:38:13,590] Trial 147 finished with values: [0.8756578980516604, 0.17846153846153845] and parameters: {'psi': 0.668057140681274, 'lda_t': 1.1038520238486993e-07}.
[I 2025-08-09 20:38:19,757] Trial 148 finished with values: [0.9042991996376868, 0.1923318667504714] and parameters: {'psi': 0.01873028400718013, 'lda_t': 0.0018841918709689548}.
[I 2025-08-09 20:38:25,922] Trial 149 finished with values: [0.8656037972618935, 0.1735357917570499] and parameters: {'psi': 0.9135603311543324, 'lda_t': 2.4317034677736452e-08}.
[I 2025-08-09 20:38:32,096] Trial 150 finished with values: [0.8749523463613723, 0.1850381679389313] and parameters: {'psi': 0.2704280882040804, 'lda_t': 4.3372359073854104e-07}.
[I 2025-08-09 20:38:38,262] Trial 151 finished with values: [0.9034241520056421, 0.20279937791601865] and parameters: {'psi': 0.3621153401941144, 'lda_t': 0.3401728171257108}.
[I 2025-08-09 20:38:44,443] Trial 152 finished with values: [0.9054500272728098, 0.20947630922693267] and parameters: {'psi': 0.5143699062851467, 'lda_t': 0.5557666097241883}.
[I 2025-08-09 20:38:50,605] Trial 153 finished with values: [0.8779798801666283, 0.1790218394340203] and parameters: {'psi': 0.6469739537209148, 'lda_t': 0.0007200057921199448}.
[I 2025-08-09 20:38:56,761] Trial 154 finished with values: [0.8931104232806291, 0.19153537225826384] and parameters: {'psi': 0.10971150224325188, 'lda_t': 0.8807905977031898}.
[I 2025-08-09 20:39:02,934] Trial 155 finished with values: [0.9022250409164124, 0.19613947696139478] and parameters: {'psi': 0.2638759871843701, 'lda_t': 8.532514717844721}.
[I 2025-08-09 20:39:09,101] Trial 156 finished with values: [0.9062244771775745, 0.1967948717948718] and parameters: {'psi': 0.8284857674414386, 'lda_t': 1.9866647954353365}.
[I 2025-08-09 20:39:15,268] Trial 157 finished with values: [0.9050385382292239, 0.2082943560960399] and parameters: {'psi': 0.49178910833592704, 'lda_t': 0.5634642987478923}.
[I 2025-08-09 20:39:21,425] Trial 158 finished with values: [0.8759928447203251, 0.18053423395762971] and parameters: {'psi': 0.572450528225171, 'lda_t': 2.2956128043282564e-07}.
[I 2025-08-09 20:39:27,590] Trial 159 finished with values: [0.8760003305271635, 0.18053423395762971] and parameters: {'psi': 0.5776816844860395, 'lda_t': 3.4187005550925845e-06}.
[I 2025-08-09 20:39:33,745] Trial 160 finished with values: [0.8815030175719238, 0.17964438994481913] and parameters: {'psi': 0.4962302955543296, 'lda_t': 0.0018841918709689548}.
[I 2025-08-09 20:39:39,911] Trial 161 finished with values: [0.9071065787429861, 0.20954162768942938] and parameters: {'psi': 0.6473273657951197, 'lda_t': 0.18545840037253583}.
[I 2025-08-09 20:39:46,079] Trial 162 finished with values: [0.9077341628758971, 0.1995634549423137] and parameters: {'psi': 0.9912742588855827, 'lda_t': 1.9866647954353365}.
[I 2025-08-09 20:39:52,255] Trial 163 finished with values: [0.904232331228526, 0.19516786946972073] and parameters: {'psi': 0.016272537998762715, 'lda_t': 4.728561032591113e-07}.
[I 2025-08-09 20:39:58,416] Trial 164 finished with values: [0.9082069779524274, 0.20189873417721518] and parameters: {'psi': 0.7565591434607482, 'lda_t': 1.060508348530848}.
[I 2025-08-09 20:40:04,583] Trial 165 finished with values: [0.9072980714402219, 0.21246105919003117] and parameters: {'psi': 0.6105193072397782, 'lda_t': 1.647458144737275}.
[I 2025-08-09 20:40:10,754] Trial 166 finished with values: [0.8809459727726809, 0.17813267813267813] and parameters: {'psi': 0.5933098687704802, 'lda_t': 0.0018930456008436308}.
[I 2025-08-09 20:40:16,923] Trial 167 finished with values: [0.8756936427793132, 0.17829695665539502] and parameters: {'psi': 0.6624823787882607, 'lda_t': 1.074953814417419e-06}.
[I 2025-08-09 20:40:23,098] Trial 168 finished with values: [0.9081235112061808, 0.20713391739674594] and parameters: {'psi': 0.6683834191656857, 'lda_t': 6.389497152486528}.
[I 2025-08-09 20:40:29,272] Trial 169 finished with values: [0.9083602642432229, 0.20296249606051056] and parameters: {'psi': 0.7297696189544287, 'lda_t': 8.916285814908319}.
[I 2025-08-09 20:40:35,446] Trial 170 finished with values: [0.902788031173779, 0.1806371790906279] and parameters: {'psi': 0.6473273657951197, 'lda_t': 0.06762682348073168}.
[I 2025-08-09 20:40:41,611] Trial 171 finished with values: [0.8927351684212966, 0.17415384615384616] and parameters: {'psi': 0.5933098687704802, 'lda_t': 0.01862426481529463}.
[I 2025-08-09 20:40:47,774] Trial 172 finished with values: [0.8761864104102236, 0.18053423395762971] and parameters: {'psi': 0.5652888974202718, 'lda_t': 4.536490892350708e-05}.
[I 2025-08-09 20:40:53,943] Trial 173 finished with values: [0.8759131352732802, 0.18103712795335994] and parameters: {'psi': 0.5143699062851467, 'lda_t': 1.2082183487514093e-06}.
[I 2025-08-09 20:41:00,093] Trial 174 finished with values: [0.8674441396857313, 0.17105670901766346] and parameters: {'psi': 0.9171085340675662, 'lda_t': 0.0011135330958082664}.
[I 2025-08-09 20:41:06,253] Trial 175 finished with values: [0.8936183784619517, 0.19056663501107945] and parameters: {'psi': 0.9305379088158391, 'lda_t': 0.8424397016475228}.
[I 2025-08-09 20:41:12,400] Trial 176 finished with values: [0.9020217868649716, 0.19776119402985073] and parameters: {'psi': 0.25558903556774004, 'lda_t': 1.060508348530848}.
[I 2025-08-09 20:41:18,572] Trial 177 finished with values: [0.9036591199656689, 0.19938080495356036] and parameters: {'psi': 0.5143699062851467, 'lda_t': 0.09011222290658912}.
[I 2025-08-09 20:41:24,727] Trial 178 finished with values: [0.8760690703880342, 0.18797680805614891] and parameters: {'psi': 0.15095982925346818, 'lda_t': 1.1841223042805829e-05}.
[I 2025-08-09 20:41:30,875] Trial 179 finished with values: [0.9022250409164124, 0.19613947696139478] and parameters: {'psi': 0.2638759871843701, 'lda_t': 2.9083411377419166}.
[I 2025-08-09 20:41:37,033] Trial 180 finished with values: [0.8759651040476766, 0.18058968058968058] and parameters: {'psi': 0.5933098687704802, 'lda_t': 1.030193812749694e-08}.
[I 2025-08-09 20:41:43,191] Trial 181 finished with values: [0.9050863610182942, 0.20878778435649736] and parameters: {'psi': 0.4945316674098049, 'lda_t': 1.6870071342566557}.
[I 2025-08-09 20:41:49,375] Trial 182 finished with values: [0.9213673574770757, 0.19274746814766416] and parameters: {'psi': 0.005899956988731803, 'lda_t': 0.005931115248797987}.
[I 2025-08-09 20:41:55,551] Trial 183 finished with values: [0.9065859696689503, 0.21072319201995013] and parameters: {'psi': 0.572450528225171, 'lda_t': 1.647458144737275}.
[I 2025-08-09 20:42:01,814] Trial 184 finished with values: [0.8710449279411915, 0.1669261912176892] and parameters: {'psi': 0.8711900706109437, 'lda_t': 0.00011390831096471411}.
[I 2025-08-09 20:42:07,963] Trial 185 finished with values: [0.8756689108251822, 0.17846153846153845] and parameters: {'psi': 0.6683834191656857, 'lda_t': 3.6853516668265294e-06}.
[I 2025-08-09 20:42:14,132] Trial 186 finished with values: [0.901565728479133, 0.19757688723205966] and parameters: {'psi': 0.23923187899463882, 'lda_t': 1.647458144737275}.
[I 2025-08-09 20:42:20,293] Trial 187 finished with values: [0.8759295608609773, 0.18053423395762971] and parameters: {'psi': 0.6084862449205634, 'lda_t': 3.3721178403319866e-07}.
[I 2025-08-09 20:42:26,459] Trial 188 finished with values: [0.9054500272728098, 0.20947630922693267] and parameters: {'psi': 0.5143699062851467, 'lda_t': 1.060508348530848}.
[I 2025-08-09 20:42:32,617] Trial 189 finished with values: [0.9054500272728098, 0.20947630922693267] and parameters: {'psi': 0.5143699062851467, 'lda_t': 0.5557666097241883}.
[I 2025-08-09 20:42:38,779] Trial 190 finished with values: [0.893655274852195, 0.19316770186335402] and parameters: {'psi': 0.035814583928789, 'lda_t': 0.002608301293506095}.
[I 2025-08-09 20:42:44,955] Trial 191 finished with values: [0.9010066538745745, 0.19387755102040816] and parameters: {'psi': 0.881231369685491, 'lda_t': 1.647458144737275}.
[I 2025-08-09 20:42:51,137] Trial 192 finished with values: [0.9064478277412198, 0.21023081721771678] and parameters: {'psi': 0.5652888974202718, 'lda_t': 0.9315167825629238}.
[I 2025-08-09 20:42:57,304] Trial 193 finished with values: [0.8908879448134803, 0.1782421634910879] and parameters: {'psi': 0.5143699062851467, 'lda_t': 0.01159840304326262}.
[I 2025-08-09 20:43:03,467] Trial 194 finished with values: [0.9041803912456944, 0.2041576171269004] and parameters: {'psi': 0.5093244836894414, 'lda_t': 0.10682290056392421}.
[I 2025-08-09 20:43:09,625] Trial 195 finished with values: [0.879718674741549, 0.18187385180649113] and parameters: {'psi': 0.4221984498575654, 'lda_t': 0.00103537963293144}.
[I 2025-08-09 20:43:15,818] Trial 196 finished with values: [0.9213673574770757, 0.19274746814766416] and parameters: {'psi': 0.005899956988731803, 'lda_t': 1.060508348530848}.
[I 2025-08-09 20:43:21,973] Trial 197 finished with values: [0.9080615085714647, 0.20706912730685018] and parameters: {'psi': 0.6621098210620203, 'lda_t': 1.060508348530848}.
[I 2025-08-09 20:43:28,136] Trial 198 finished with values: [0.9125679498923124, 0.20522388059701493] and parameters: {'psi': 0.9985076325004444, 'lda_t': 6.389497152486528}.
[I 2025-08-09 20:43:34,303] Trial 199 finished with values: [0.907996497218231, 0.19936507936507936] and parameters: {'psi': 0.7729604040896174, 'lda_t': 6.389497152486528}.
[I 2025-08-09 20:43:40,466] Trial 200 finished with values: [0.9036449977031529, 0.20590979782270608] and parameters: {'psi': 0.3878999215016383, 'lda_t': 6.389497152486528}.
[I 2025-08-09 20:43:46,635] Trial 201 finished with values: [0.902479169662789, 0.19631134729603] and parameters: {'psi': 0.9797733934173989, 'lda_t': 0.6549155931721221}.
[I 2025-08-09 20:43:52,797] Trial 202 finished with values: [0.9064478277412198, 0.21023081721771678] and parameters: {'psi': 0.5652888974202718, 'lda_t': 8.916285814908319}.
[I 2025-08-09 20:43:58,983] Trial 203 finished with values: [0.9069791472773472, 0.2109204368174727] and parameters: {'psi': 0.5929920525574829, 'lda_t': 0.5557666097241883}.
[I 2025-08-09 20:44:05,133] Trial 204 finished with values: [0.8789653578453199, 0.17829695665539502] and parameters: {'psi': 0.6105193072397782, 'lda_t': 0.0010016063625772453}.
[I 2025-08-09 20:44:11,297] Trial 205 finished with values: [0.9035224608035236, 0.20516008703761268] and parameters: {'psi': 0.37392190308691986, 'lda_t': 1.0081349395016148}.
[I 2025-08-09 20:44:17,462] Trial 206 finished with values: [0.9079761415819438, 0.20762976860537835] and parameters: {'psi': 0.6538245055237665, 'lda_t': 0.4938170450486901}.
[I 2025-08-09 20:44:23,621] Trial 207 finished with values: [0.8757447478067664, 0.17846153846153845] and parameters: {'psi': 0.6683834191656857, 'lda_t': 2.5312605478644426e-05}.
[I 2025-08-09 20:44:29,803] Trial 208 finished with values: [0.8826931888802947, 0.17695852534562212] and parameters: {'psi': 0.5652888974202718, 'lda_t': 0.0027964664456097644}.
[I 2025-08-09 20:44:35,967] Trial 209 finished with values: [0.9081235112061808, 0.20713391739674594] and parameters: {'psi': 0.6683834191656857, 'lda_t': 5.874411628047999}.
[I 2025-08-09 20:44:42,114] Trial 210 finished with values: [0.8909128207254351, 0.19127205199628597] and parameters: {'psi': 0.0531244538312442, 'lda_t': 1.060508348530848}.
[I 2025-08-09 20:44:48,272] Trial 211 finished with values: [0.8752040422205263, 0.18315467075038286] and parameters: {'psi': 0.37420409045840686, 'lda_t': 3.3015750732151446e-08}.
[I 2025-08-09 20:44:54,428] Trial 212 finished with values: [0.90308553441247, 0.19919078742608154] and parameters: {'psi': 0.3424575244189304, 'lda_t': 0.13477332113596802}.
[I 2025-08-09 20:45:00,601] Trial 213 finished with values: [0.9054984978720874, 0.20954162768942938] and parameters: {'psi': 0.5169910111475325, 'lda_t': 0.5557666097241883}.
[I 2025-08-09 20:45:06,746] Trial 214 finished with values: [0.8907937820009244, 0.19247378161628625] and parameters: {'psi': 0.07498961226044609, 'lda_t': 1.647458144737275}.
[I 2025-08-09 20:45:12,902] Trial 215 finished with values: [0.8759633477622262, 0.17936117936117937] and parameters: {'psi': 0.5356006968804267, 'lda_t': 3.3722590598414644e-07}.
[I 2025-08-09 20:45:19,061] Trial 216 finished with values: [0.8775989389732555, 0.1852078239608802] and parameters: {'psi': 0.2650676789161188, 'lda_t': 0.0003302332581000725}.
[I 2025-08-09 20:45:25,218] Trial 217 finished with values: [0.9076505233802621, 0.20973782771535582] and parameters: {'psi': 0.6309643157695813, 'lda_t': 0.9315167825629238}.
[I 2025-08-09 20:45:31,393] Trial 218 finished with values: [0.9213673574770757, 0.19274746814766416] and parameters: {'psi': 0.005899956988731803, 'lda_t': 0.001088388427173013}.
[I 2025-08-09 20:45:37,577] Trial 219 finished with values: [0.9213673574770757, 0.19274746814766416] and parameters: {'psi': 0.005899956988731803, 'lda_t': 0.017819610244519876}.
[I 2025-08-09 20:45:43,729] Trial 220 finished with values: [0.9074245239926587, 0.20105820105820105] and parameters: {'psi': 0.9912742588855827, 'lda_t': 0.43714423453533985}.
[I 2025-08-09 20:45:49,886] Trial 221 finished with values: [0.8801118667457283, 0.19307385841250382] and parameters: {'psi': 0.07036253394762204, 'lda_t': 4.508837028693732e-07}.
[I 2025-08-09 20:45:56,044] Trial 222 finished with values: [0.875935592693795, 0.18103712795335994] and parameters: {'psi': 0.5143699062851467, 'lda_t': 5.642564389645713e-06}.
[I 2025-08-09 20:46:02,209] Trial 223 finished with values: [0.8970613745467307, 0.171040444581661] and parameters: {'psi': 0.5652888974202718, 'lda_t': 0.030005203120437567}.
[I 2025-08-09 20:46:08,369] Trial 224 finished with values: [0.8918230084622728, 0.18030256251929608] and parameters: {'psi': 0.13409249697967074, 'lda_t': 0.009787202101340374}.
[I 2025-08-09 20:46:14,527] Trial 225 finished with values: [0.8661590569841209, 0.17234965902045876] and parameters: {'psi': 0.9082169649696853, 'lda_t': 5.725858453358081e-08}.
[I 2025-08-09 20:46:20,690] Trial 226 finished with values: [0.9064341085606104, 0.19615384615384615] and parameters: {'psi': 0.824144282141111, 'lda_t': 0.5557666097241883}.
[I 2025-08-09 20:46:26,853] Trial 227 finished with values: [0.875801625542955, 0.1782421634910879] and parameters: {'psi': 0.6473273657951197, 'lda_t': 7.71753442269771e-06}.
[I 2025-08-09 20:46:33,015] Trial 228 finished with values: [0.9054500272728098, 0.20947630922693267] and parameters: {'psi': 0.5143699062851467, 'lda_t': 1.060508348530848}.
[I 2025-08-09 20:46:39,176] Trial 229 finished with values: [0.9040361311104517, 0.19510684422421803] and parameters: {'psi': 0.6105193072397782, 'lda_t': 0.08555704175635792}.
[I 2025-08-09 20:46:45,346] Trial 230 finished with values: [0.8905610021998195, 0.17723076923076922] and parameters: {'psi': 0.5652888974202718, 'lda_t': 0.011503151114789435}.
[I 2025-08-09 20:46:51,622] Trial 231 finished with values: [0.9081573556905592, 0.20095087163232964] and parameters: {'psi': 0.7610558969988301, 'lda_t': 1.060508348530848}.
[I 2025-08-09 20:46:57,782] Trial 232 finished with values: [0.8768561309981646, 0.18103712795335994] and parameters: {'psi': 0.5143699062851467, 'lda_t': 0.00020926562767837134}.
[I 2025-08-09 20:47:03,948] Trial 233 finished with values: [0.9054500272728098, 0.20947630922693267] and parameters: {'psi': 0.5143699062851467, 'lda_t': 1.5373195896364489}.
[I 2025-08-09 20:47:10,095] Trial 234 finished with values: [0.8667076370633238, 0.1769254562326013] and parameters: {'psi': 0.9532673655609257, 'lda_t': 2.3951076689318985e-06}.
[I 2025-08-09 20:47:16,260] Trial 235 finished with values: [0.8955566266017647, 0.19492574257425743] and parameters: {'psi': 0.138563622216199, 'lda_t': 7.250340003297978}.
[I 2025-08-09 20:47:22,427] Trial 236 finished with values: [0.9080041701702403, 0.19936507936507936] and parameters: {'psi': 0.7729604040896174, 'lda_t': 0.5557666097241883}.
[I 2025-08-09 20:47:28,584] Trial 237 finished with values: [0.8984183209939887, 0.19096117122851686] and parameters: {'psi': 0.8968014301765644, 'lda_t': 1.060508348530848}.
[I 2025-08-09 20:47:34,743] Trial 238 finished with values: [0.8802814490621795, 0.17813267813267813] and parameters: {'psi': 0.5933098687704802, 'lda_t': 0.0015480534251544019}.
[I 2025-08-09 20:47:40,903] Trial 239 finished with values: [0.9087530819570606, 0.19672131147540983] and parameters: {'psi': 0.015108281207082297, 'lda_t': 0.006303374026865597}.
[I 2025-08-09 20:47:47,071] Trial 240 finished with values: [0.9065859696689503, 0.21072319201995013] and parameters: {'psi': 0.572450528225171, 'lda_t': 1.060508348530848}.
[I 2025-08-09 20:47:53,230] Trial 241 finished with values: [0.8755431060829522, 0.1756338899196042] and parameters: {'psi': 0.7113180292262494, 'lda_t': 5.446028186139735e-05}.
[I 2025-08-09 20:47:59,390] Trial 242 finished with values: [0.8799155370656127, 0.17846153846153845] and parameters: {'psi': 0.6473452129825972, 'lda_t': 0.0016003444874485803}.
[I 2025-08-09 20:48:05,551] Trial 243 finished with values: [0.8824248658924901, 0.17498459642637093] and parameters: {'psi': 0.6621098210620203, 'lda_t': 0.0032968144858813433}.
[I 2025-08-09 20:48:11,724] Trial 244 finished with values: [0.8751450627001103, 0.18321078431372548] and parameters: {'psi': 0.3594020617941347, 'lda_t': 3.006936274448913e-07}.
[I 2025-08-09 20:48:17,877] Trial 245 finished with values: [0.8801520885617016, 0.1671343935141877] and parameters: {'psi': 0.8608617110266062, 'lda_t': 0.005931115248797987}.
[I 2025-08-09 20:48:24,030] Trial 246 finished with values: [0.870437454716267, 0.1769254562326013] and parameters: {'psi': 0.9643219668299274, 'lda_t': 0.0010784916944099649}.
[I 2025-08-09 20:48:30,195] Trial 247 finished with values: [0.9068223340198684, 0.212792511700468] and parameters: {'psi': 0.6065440365217412, 'lda_t': 0.18953675791169095}.
