[I 2025-08-09 21:35:13,046] Trial 0 finished with values: [0.7693261883457351, 0.23936869793950022] and parameters: {'psi': 0.3602457621045937, 'lda_t': 0.009579095109433392}.
[I 2025-08-09 21:35:20,271] Trial 1 finished with values: [0.7771371124422369, 0.2222222222222222] and parameters: {'psi': 0.6992552554296134, 'lda_t': 2.264454135547852e-08}.
[I 2025-08-09 21:35:27,380] Trial 2 finished with values: [0.781343493461507, 0.21970357454228423] and parameters: {'psi': 0.09087761019285756, 'lda_t': 1.372692234292813e-08}.
[I 2025-08-09 21:35:34,492] Trial 3 finished with values: [0.7817065229193834, 0.17744218971212836] and parameters: {'psi': 0.40817892591794, 'lda_t': 0.07318376958512744}.
[I 2025-08-09 21:35:41,591] Trial 4 finished with values: [0.7810056284242993, 0.21951219512195122] and parameters: {'psi': 0.11811884902492598, 'lda_t': 4.1076988716462e-08}.
[I 2025-08-09 21:35:48,708] Trial 5 finished with values: [0.7754030356830683, 0.22134038800705466] and parameters: {'psi': 0.7637577954015566, 'lda_t': 8.943282886116563e-08}.
[I 2025-08-09 21:35:55,822] Trial 6 finished with values: [0.778793694527363, 0.22270363951473138] and parameters: {'psi': 0.586351779677167, 'lda_t': 3.6551323544176294e-06}.
[I 2025-08-09 21:36:02,946] Trial 7 finished with values: [0.7732881302416481, 0.21662245800176835] and parameters: {'psi': 0.8070596240749982, 'lda_t': 3.0934756387123395e-07}.
[I 2025-08-09 21:36:10,053] Trial 8 finished with values: [0.7740888284836052, 0.23314484558503698] and parameters: {'psi': 0.1410347763429689, 'lda_t': 0.0017406784136702175}.
[I 2025-08-09 21:36:17,163] Trial 9 finished with values: [0.7797818850488728, 0.1936416184971098] and parameters: {'psi': 0.6883746696147464, 'lda_t': 0.6890962756598931}.
[I 2025-08-09 21:36:24,282] Trial 10 finished with values: [0.7798261029121267, 0.2030407062285434] and parameters: {'psi': 0.7959554514438646, 'lda_t': 0.5532268967282545}.
[I 2025-08-09 21:36:31,391] Trial 11 finished with values: [0.7682870018455421, 0.23087013554875382] and parameters: {'psi': 0.3663897904540895, 'lda_t': 0.015815210706023503}.
[I 2025-08-09 21:36:38,512] Trial 12 finished with values: [0.7560965345603964, 0.23175586023883238] and parameters: {'psi': 0.918896496201937, 'lda_t': 0.0017152979733405808}.
[I 2025-08-09 21:36:45,632] Trial 13 finished with values: [0.7796741823958306, 0.2215464813205908] and parameters: {'psi': 0.5135756043295238, 'lda_t': 6.350092975886228e-07}.
[I 2025-08-09 21:36:52,744] Trial 14 finished with values: [0.7706046636689785, 0.24221149627029398] and parameters: {'psi': 0.26709760148445616, 'lda_t': 0.005745810784436027}.
[I 2025-08-09 21:36:59,862] Trial 15 finished with values: [0.7781417945989255, 0.22241453916053655] and parameters: {'psi': 0.6250040390075203, 'lda_t': 6.244634441757823e-05}.
[I 2025-08-09 21:37:06,911] Trial 16 finished with values: [0.7799017829725895, 0.19373493975903613] and parameters: {'psi': 0.6864698968893173, 'lda_t': 0.8046409852573898}.
[I 2025-08-09 21:37:14,035] Trial 17 finished with values: [0.7793800815684815, 0.2230902777777778] and parameters: {'psi': 0.5411832707050113, 'lda_t': 1.6165840058678319e-07}.
[I 2025-08-09 21:37:21,152] Trial 18 finished with values: [0.7801009634984342, 0.22] and parameters: {'psi': 0.4536851566290153, 'lda_t': 1.661761680507906e-05}.
[I 2025-08-09 21:37:28,256] Trial 19 finished with values: [0.7958930918274795, 0.24056813138038172] and parameters: {'psi': 0.009258142576399453, 'lda_t': 0.0005884821842765621}.
[I 2025-08-09 21:37:35,373] Trial 20 finished with values: [0.7791219527867969, 0.19245647969052224] and parameters: {'psi': 0.7003733778277331, 'lda_t': 0.6076139946856046}.
[I 2025-08-09 21:37:42,495] Trial 21 finished with values: [0.7830797317456745, 0.18199142448785136] and parameters: {'psi': 0.488562211888928, 'lda_t': 0.06796838447934124}.
[I 2025-08-09 21:37:49,596] Trial 22 finished with values: [0.7345726557000496, 0.2063705697622252] and parameters: {'psi': 0.8976540088631612, 'lda_t': 0.038734899758359274}.
[I 2025-08-09 21:37:56,713] Trial 23 finished with values: [0.7662202103494725, 0.22556390977443608] and parameters: {'psi': 0.8783007979502666, 'lda_t': 2.5536556534531556e-06}.
[I 2025-08-09 21:38:03,809] Trial 24 finished with values: [0.7770686107796105, 0.22251082251082252] and parameters: {'psi': 0.7024885260309148, 'lda_t': 1.9646687985436394e-06}.
[I 2025-08-09 21:38:10,852] Trial 25 finished with values: [0.780575324836512, 0.21845082680591818] and parameters: {'psi': 0.16648370935196188, 'lda_t': 2.5641076047477964e-05}.
[I 2025-08-09 21:38:17,912] Trial 26 finished with values: [0.778313675864596, 0.2232799653829511] and parameters: {'psi': 0.6221655049119124, 'lda_t': 9.00529438512379e-08}.
[I 2025-08-09 21:38:24,973] Trial 27 finished with values: [0.777497153124806, 0.2099009900990099] and parameters: {'psi': 0.8071202142260436, 'lda_t': 0.2484097782054719}.
[I 2025-08-09 21:38:32,025] Trial 28 finished with values: [0.7774049547436707, 0.2230869001297017] and parameters: {'psi': 0.6833187134438833, 'lda_t': 5.584289410567012e-06}.
[I 2025-08-09 21:38:39,131] Trial 29 finished with values: [0.7652773851674501, 0.24263736263736263] and parameters: {'psi': 0.9824528178583287, 'lda_t': 3.32403790623361e-08}.
[I 2025-08-09 21:38:46,241] Trial 30 finished with values: [0.7795335765289126, 0.20995564317397733] and parameters: {'psi': 0.8906694690587127, 'lda_t': 1.266982227231361}.
[I 2025-08-09 21:38:53,348] Trial 31 finished with values: [0.7688465165943875, 0.22839506172839505] and parameters: {'psi': 0.08473942104877896, 'lda_t': 0.008229430441996033}.
[I 2025-08-09 21:39:00,461] Trial 32 finished with values: [0.8135347917329302, 0.2545955882352941] and parameters: {'psi': 0.0043083884548037465, 'lda_t': 2.0436820305190553e-06}.
[I 2025-08-09 21:39:07,570] Trial 33 finished with values: [0.7859820460531315, 0.18319886093972473] and parameters: {'psi': 0.6047588250543965, 'lda_t': 1.7493429988606275}.
[I 2025-08-09 21:39:14,688] Trial 34 finished with values: [0.7692486669861988, 0.22084805653710246] and parameters: {'psi': 0.08866407235206641, 'lda_t': 0.030939508230544283}.
[I 2025-08-09 21:39:21,802] Trial 35 finished with values: [0.7804099548313326, 0.1755868544600939] and parameters: {'psi': 0.3485554714458162, 'lda_t': 0.07130400857449311}.
[I 2025-08-09 21:39:28,908] Trial 36 finished with values: [0.7804615112053856, 0.2193211488250653] and parameters: {'psi': 0.26694707301321874, 'lda_t': 1.3078944888456707e-07}.
[I 2025-08-09 21:39:36,000] Trial 37 finished with values: [0.7807785081864291, 0.21845082680591818] and parameters: {'psi': 0.15225032162596475, 'lda_t': 1.7984896691675712e-07}.
[I 2025-08-09 21:39:43,112] Trial 38 finished with values: [0.776893100286781, 0.22366710013003901] and parameters: {'psi': 0.7112423420129963, 'lda_t': 2.275067510858486e-07}.
[I 2025-08-09 21:39:50,216] Trial 39 finished with values: [0.7747835319441239, 0.22375809935205185] and parameters: {'psi': 0.6517766923998816, 'lda_t': 0.0015998744577682866}.
[I 2025-08-09 21:39:57,337] Trial 40 finished with values: [0.7647875195574648, 0.22546419098143236] and parameters: {'psi': 0.8880993337930685, 'lda_t': 1.7719436125849566e-08}.
[I 2025-08-09 21:40:04,540] Trial 41 finished with values: [0.7812064367652666, 0.21951219512195122] and parameters: {'psi': 0.09976641632112004, 'lda_t': 1.545284821461445e-07}.
[I 2025-08-09 21:40:11,655] Trial 42 finished with values: [0.7818117705069949, 0.17865538316878232] and parameters: {'psi': 0.39207020846433915, 'lda_t': 0.2790502321213689}.
[I 2025-08-09 21:40:18,764] Trial 43 finished with values: [0.7607965171587858, 0.22763507528786536] and parameters: {'psi': 0.7415180194163091, 'lda_t': 0.0175250326334896}.
[I 2025-08-09 21:40:25,826] Trial 44 finished with values: [0.7755685658012108, 0.23380035026269702] and parameters: {'psi': 0.03611303367812013, 'lda_t': 0.2524163200213837}.
[I 2025-08-09 21:40:32,882] Trial 45 finished with values: [0.7857365661955156, 0.20837209302325582] and parameters: {'psi': 0.22232444407340268, 'lda_t': 0.4931896538662047}.
[I 2025-08-09 21:40:39,994] Trial 46 finished with values: [0.7813377027093489, 0.18485833720390155] and parameters: {'psi': 0.2973636375463645, 'lda_t': 0.11811982296820271}.
[I 2025-08-09 21:40:47,106] Trial 47 finished with values: [0.7739028039062119, 0.22867194371152155] and parameters: {'psi': 0.7383483227245198, 'lda_t': 0.0012073908256366262}.
[I 2025-08-09 21:40:54,203] Trial 48 finished with values: [0.7835120634309918, 0.17951127819548873] and parameters: {'psi': 0.4235240597574026, 'lda_t': 0.4368073839931197}.
[I 2025-08-09 21:41:01,327] Trial 49 finished with values: [0.7766108211331926, 0.22511951325510648] and parameters: {'psi': 0.7188989284627606, 'lda_t': 6.021121628133709e-05}.
[I 2025-08-09 21:41:08,424] Trial 50 finished with values: [0.7688465165943875, 0.22839506172839505] and parameters: {'psi': 0.08473942104877896, 'lda_t': 0.008229430441996033}.
[I 2025-08-09 21:41:15,466] Trial 51 finished with values: [0.7630833305513707, 0.1923444976076555] and parameters: {'psi': 0.7959554514438646, 'lda_t': 0.07477608812064047}.
[I 2025-08-09 21:41:22,563] Trial 52 finished with values: [0.7803005709921798, 0.22009569377990432] and parameters: {'psi': 0.40817892591794, 'lda_t': 2.9647450777958155e-06}.
[I 2025-08-09 21:41:29,672] Trial 53 finished with values: [0.7837970911904434, 0.1929170549860205] and parameters: {'psi': 0.26709760148445616, 'lda_t': 0.8253515892779069}.
[I 2025-08-09 21:41:36,769] Trial 54 finished with values: [0.7804099548313326, 0.1755868544600939] and parameters: {'psi': 0.3485554714458162, 'lda_t': 0.07130400857449311}.
[I 2025-08-09 21:41:43,886] Trial 55 finished with values: [0.7781669056486067, 0.22212581344902385] and parameters: {'psi': 0.49472713881043207, 'lda_t': 0.0007318866298565637}.
[I 2025-08-09 21:41:50,997] Trial 56 finished with values: [0.7757733769662506, 0.22625215889464595] and parameters: {'psi': 0.4096061710218193, 'lda_t': 0.001975057826775365}.
[I 2025-08-09 21:41:58,151] Trial 57 finished with values: [0.7785324435429017, 0.19383259911894274] and parameters: {'psi': 0.7637577954015566, 'lda_t': 0.6076139946856046}.
[I 2025-08-09 21:42:05,249] Trial 58 finished with values: [0.7794581633233879, 0.2230902777777778] and parameters: {'psi': 0.5304179552329534, 'lda_t': 1.8473352152102642e-05}.
[I 2025-08-09 21:42:12,371] Trial 59 finished with values: [0.7805601674760243, 0.2183558068725533] and parameters: {'psi': 0.170711065517402, 'lda_t': 2.5641076047477964e-05}.
[I 2025-08-09 21:42:19,476] Trial 60 finished with values: [0.7724414795793395, 0.21741051701281486] and parameters: {'psi': 0.8070596240749982, 'lda_t': 0.00043452223388506313}.
[I 2025-08-09 21:42:26,593] Trial 61 finished with values: [0.785843975308126, 0.18421052631578946] and parameters: {'psi': 0.46391761521378216, 'lda_t': 0.6076139946856046}.
[I 2025-08-09 21:42:33,715] Trial 62 finished with values: [0.8117805674259303, 0.25068870523415976] and parameters: {'psi': 0.0043083884548037465, 'lda_t': 0.26172638212143173}.
[I 2025-08-09 21:42:40,836] Trial 63 finished with values: [0.7808035391796286, 0.2106299212598425] and parameters: {'psi': 0.8336694663797739, 'lda_t': 0.4368073839931197}.
[I 2025-08-09 21:42:47,946] Trial 64 finished with values: [0.7732854616922664, 0.21662245800176835] and parameters: {'psi': 0.8071202142260436, 'lda_t': 8.943282886116563e-08}.
[I 2025-08-09 21:42:55,062] Trial 65 finished with values: [0.7838099002274752, 0.1929170549860205] and parameters: {'psi': 0.26694707301321874, 'lda_t': 0.7324541991298286}.
[I 2025-08-09 21:43:02,173] Trial 66 finished with values: [0.7790988698346458, 0.2229934924078091] and parameters: {'psi': 0.5528639634535687, 'lda_t': 6.244634441757823e-05}.
[I 2025-08-09 21:43:09,286] Trial 67 finished with values: [0.7673042818502643, 0.22399291722000886] and parameters: {'psi': 0.8645846472630818, 'lda_t': 0.00037225596994768813}.
[I 2025-08-09 21:43:16,392] Trial 68 finished with values: [0.7701773488564985, 0.21956617972554227] and parameters: {'psi': 0.09976641632112004, 'lda_t': 0.2484097782054719}.
[I 2025-08-09 21:43:23,506] Trial 69 finished with values: [0.7768575285235239, 0.22366710013003901] and parameters: {'psi': 0.7112423420129963, 'lda_t': 1.871418951986364e-05}.
[I 2025-08-09 21:43:30,612] Trial 70 finished with values: [0.7803345683113017, 0.22009569377990432] and parameters: {'psi': 0.388613742499915, 'lda_t': 2.0436820305190553e-06}.
[I 2025-08-09 21:43:37,727] Trial 71 finished with values: [0.7835120634309918, 0.17951127819548873] and parameters: {'psi': 0.4235240597574026, 'lda_t': 0.4368073839931197}.
[I 2025-08-09 21:43:44,835] Trial 72 finished with values: [0.7770686107796105, 0.22251082251082252] and parameters: {'psi': 0.7024885260309148, 'lda_t': 1.9646687985436394e-06}.
[I 2025-08-09 21:43:51,945] Trial 73 finished with values: [0.764719978572616, 0.22546419098143236] and parameters: {'psi': 0.8880993337930685, 'lda_t': 3.6979729828548026e-05}.
[I 2025-08-09 21:43:59,043] Trial 74 finished with values: [0.7803638422980181, 0.22009569377990432] and parameters: {'psi': 0.36290974076647553, 'lda_t': 2.275067510858486e-07}.
[I 2025-08-09 21:44:06,144] Trial 75 finished with values: [0.7803561301903051, 0.2192257503262288] and parameters: {'psi': 0.16648370935196188, 'lda_t': 6.244634441757823e-05}.
[I 2025-08-09 21:44:13,237] Trial 76 finished with values: [0.7799944883781071, 0.2207735767057801] and parameters: {'psi': 0.4766254640634138, 'lda_t': 2.0436820305190553e-06}.
[I 2025-08-09 21:44:20,341] Trial 77 finished with values: [0.780416279293367, 0.2193211488250653] and parameters: {'psi': 0.30948601578688617, 'lda_t': 2.5413673894613585e-07}.
[I 2025-08-09 21:44:27,442] Trial 78 finished with values: [0.7747835319441239, 0.22375809935205185] and parameters: {'psi': 0.6517766923998816, 'lda_t': 0.0015998744577682866}.
[I 2025-08-09 21:44:34,561] Trial 79 finished with values: [0.7808145602885748, 0.2193211488250653] and parameters: {'psi': 0.14572277120401456, 'lda_t': 4.1076988716462e-08}.
[I 2025-08-09 21:44:41,780] Trial 80 finished with values: [0.7816147781916432, 0.18477251624883936] and parameters: {'psi': 0.2973636375463645, 'lda_t': 1.4727133180256917}.
[I 2025-08-09 21:44:48,893] Trial 81 finished with values: [0.7774270236470567, 0.2231833910034602] and parameters: {'psi': 0.6825622112682187, 'lda_t': 2.275067510858486e-07}.
[I 2025-08-09 21:44:55,998] Trial 82 finished with values: [0.7806952494457223, 0.21845082680591818] and parameters: {'psi': 0.17031954273806393, 'lda_t': 1.545284821461445e-07}.
[I 2025-08-09 21:45:03,110] Trial 83 finished with values: [0.7855020007048708, 0.2022367194780988] and parameters: {'psi': 0.23835705129426943, 'lda_t': 1.7493429988606275}.
[I 2025-08-09 21:45:10,206] Trial 84 finished with values: [0.7785370868188257, 0.22260718925941966] and parameters: {'psi': 0.6047588250543965, 'lda_t': 5.584289410567012e-06}.
[I 2025-08-09 21:45:17,323] Trial 85 finished with values: [0.7857761140973512, 0.23416339012669288] and parameters: {'psi': 0.018543926075839212, 'lda_t': 0.0003220510330162325}.
[I 2025-08-09 21:45:24,433] Trial 86 finished with values: [0.780197271445617, 0.20402157920549288] and parameters: {'psi': 0.8070596240749982, 'lda_t': 2.528380203222157}.
[I 2025-08-09 21:45:31,564] Trial 87 finished with values: [0.7838677276925751, 0.2250327082424771] and parameters: {'psi': 0.030784877707641267, 'lda_t': 5.245365486727081e-05}.
[I 2025-08-09 21:45:38,659] Trial 88 finished with values: [0.7769442563784269, 0.22414539160536565] and parameters: {'psi': 0.2973636375463645, 'lda_t': 0.0011301975506872698}.
[I 2025-08-09 21:45:45,767] Trial 89 finished with values: [0.7766369195461449, 0.23898822503270825] and parameters: {'psi': 0.04364292372329914, 'lda_t': 0.0012073908256366262}.
[I 2025-08-09 21:45:52,866] Trial 90 finished with values: [0.7815210053663727, 0.2198952879581152] and parameters: {'psi': 0.0814581530777746, 'lda_t': 1.6165840058678319e-07}.
[I 2025-08-09 21:45:59,997] Trial 91 finished with values: [0.780575324836512, 0.21845082680591818] and parameters: {'psi': 0.16648370935196188, 'lda_t': 2.5641076047477964e-05}.
[I 2025-08-09 21:46:07,106] Trial 92 finished with values: [0.7795335765289126, 0.20995564317397733] and parameters: {'psi': 0.8906694690587127, 'lda_t': 5.312597871952502}.
[I 2025-08-09 21:46:14,213] Trial 93 finished with values: [0.7550565208098952, 0.22054915854738708] and parameters: {'psi': 0.858525006049636, 'lda_t': 0.009579095109433392}.
[I 2025-08-09 21:46:21,311] Trial 94 finished with values: [0.7600004088217652, 0.19259962049335863] and parameters: {'psi': 0.8071202142260436, 'lda_t': 0.06796838447934124}.
[I 2025-08-09 21:46:28,418] Trial 95 finished with values: [0.7803655234841286, 0.22009569377990432] and parameters: {'psi': 0.3602457621045937, 'lda_t': 2.264454135547852e-08}.
[I 2025-08-09 21:46:35,526] Trial 96 finished with values: [0.7529038553947248, 0.22821760283060594] and parameters: {'psi': 0.895826573370686, 'lda_t': 0.005745810784436027}.
[I 2025-08-09 21:46:42,621] Trial 97 finished with values: [0.7814535711234991, 0.21979938944614041] and parameters: {'psi': 0.08473942104877896, 'lda_t': 9.00529438512379e-08}.
[I 2025-08-09 21:46:49,719] Trial 98 finished with values: [0.780909106993166, 0.17619493908153702] and parameters: {'psi': 0.3722234674522066, 'lda_t': 1.7493429988606275}.
[I 2025-08-09 21:46:56,844] Trial 99 finished with values: [0.779713783668654, 0.2109413504189256] and parameters: {'psi': 0.8880993337930685, 'lda_t': 0.6732143779358806}.
[I 2025-08-09 21:47:03,881] Trial 100 finished with values: [0.7529038553947248, 0.22821760283060594] and parameters: {'psi': 0.895826573370686, 'lda_t': 0.005745810784436027}.
[I 2025-08-09 21:47:10,917] Trial 101 finished with values: [0.7725189475678882, 0.21819787985865724] and parameters: {'psi': 0.777140625299604, 'lda_t': 0.0012073908256366262}.
[I 2025-08-09 21:47:17,958] Trial 102 finished with values: [0.7806809460210368, 0.21845082680591818] and parameters: {'psi': 0.17374212361485752, 'lda_t': 2.275067510858486e-07}.
[I 2025-08-09 21:47:25,011] Trial 103 finished with values: [0.7806787044395561, 0.2193211488250653] and parameters: {'psi': 0.13510367501945253, 'lda_t': 3.138873008231347e-05}.
[I 2025-08-09 21:47:32,046] Trial 104 finished with values: [0.7714259897976554, 0.2178919397697077] and parameters: {'psi': 0.8320429336577124, 'lda_t': 2.0436820305190553e-06}.
[I 2025-08-09 21:47:39,085] Trial 105 finished with values: [0.785963526320423, 0.18328584995251662] and parameters: {'psi': 0.6054057877279287, 'lda_t': 0.4749488756728608}.
[I 2025-08-09 21:47:46,118] Trial 106 finished with values: [0.7715221376318755, 0.204696499778467] and parameters: {'psi': 0.12163065763595804, 'lda_t': 0.015815210706023503}.
[I 2025-08-09 21:47:53,172] Trial 107 finished with values: [0.777896554910754, 0.2231833910034602] and parameters: {'psi': 0.6517766923998816, 'lda_t': 2.5098792648095806e-06}.
[I 2025-08-09 21:48:00,225] Trial 108 finished with values: [0.7782108833424157, 0.22241453916053655] and parameters: {'psi': 0.6140695778661005, 'lda_t': 9.98662030556177e-05}.
[I 2025-08-09 21:48:07,257] Trial 109 finished with values: [0.7766194939186829, 0.23137598597721298] and parameters: {'psi': 0.03311328273389513, 'lda_t': 0.012836863698255086}.
[I 2025-08-09 21:48:14,294] Trial 110 finished with values: [0.7803644026933882, 0.22009569377990432] and parameters: {'psi': 0.3602457621045937, 'lda_t': 2.330509163955981e-07}.
[I 2025-08-09 21:48:21,344] Trial 111 finished with values: [0.7802674542943537, 0.22009569377990432] and parameters: {'psi': 0.4235240597574026, 'lda_t': 2.4603036152391537e-07}.
[I 2025-08-09 21:48:28,376] Trial 112 finished with values: [0.781049232521195, 0.21951219512195122] and parameters: {'psi': 0.09976641632112004, 'lda_t': 1.9037751053217757e-05}.
[I 2025-08-09 21:48:35,421] Trial 113 finished with values: [0.785843975308126, 0.18421052631578946] and parameters: {'psi': 0.46391761521378216, 'lda_t': 0.6076139946856046}.
[I 2025-08-09 21:48:42,455] Trial 114 finished with values: [0.7758703787362726, 0.22437307523097227] and parameters: {'psi': 0.7501429302848829, 'lda_t': 6.350092975886228e-07}.
[I 2025-08-09 21:48:49,513] Trial 115 finished with values: [0.7804329043560146, 0.2192257503262288] and parameters: {'psi': 0.2400538899529765, 'lda_t': 1.9478966439929253e-05}.
[I 2025-08-09 21:48:56,567] Trial 116 finished with values: [0.7714705278868348, 0.2178919397697077] and parameters: {'psi': 0.8307938227599148, 'lda_t': 3.599062155041282e-05}.
[I 2025-08-09 21:49:03,614] Trial 117 finished with values: [0.780414117768368, 0.2193211488250653] and parameters: {'psi': 0.2973636375463645, 'lda_t': 4.540068065948419e-06}.
[I 2025-08-09 21:49:10,650] Trial 118 finished with values: [0.8117805674259303, 0.25068870523415976] and parameters: {'psi': 0.0043083884548037465, 'lda_t': 0.26172638212143173}.
[I 2025-08-09 21:49:17,807] Trial 119 finished with values: [0.7688468368203135, 0.2222222222222222] and parameters: {'psi': 0.8576507491104125, 'lda_t': 1.545284821461445e-07}.
[I 2025-08-09 21:49:24,850] Trial 120 finished with values: [0.7814626175059027, 0.22762814943527368] and parameters: {'psi': 0.03611303367812013, 'lda_t': 0.00024476011638665905}.
[I 2025-08-09 21:49:31,892] Trial 121 finished with values: [0.7814096734861712, 0.21979938944614041] and parameters: {'psi': 0.07776755451194306, 'lda_t': 1.871418951986364e-05}.
[I 2025-08-09 21:49:38,938] Trial 122 finished with values: [0.7855020007048708, 0.2022367194780988] and parameters: {'psi': 0.23835705129426943, 'lda_t': 1.7493429988606275}.
[I 2025-08-09 21:49:46,014] Trial 123 finished with values: [0.7836893618519072, 0.1812206572769953] and parameters: {'psi': 0.4265447331127974, 'lda_t': 0.4368073839931197}.
