[I 2025-08-09 22:33:13,523] Trial 491 finished with values: [0.8238837731462969, 0.2482501166588894] and parameters: {'psi': 0.0022481271773676648, 'lda_t': 0.00024476011638665905}.
[I 2025-08-09 22:33:20,611] Trial 492 finished with values: [0.7573248144697714, 0.23430592396109637] and parameters: {'psi': 0.943028646978729, 'lda_t': 1.4638240728108875e-08}.
[I 2025-08-09 22:33:27,714] Trial 493 finished with values: [0.779543530218106, 0.17833800186741364] and parameters: {'psi': 0.3320977375762433, 'lda_t': 0.09459169109858874}.
[I 2025-08-09 22:33:34,791] Trial 494 finished with values: [0.8239106187530759, 0.2482501166588894] and parameters: {'psi': 0.0022481271773676648, 'lda_t': 0.0001356103087369341}.
[I 2025-08-09 22:33:41,865] Trial 495 finished with values: [0.75802797723183, 0.20742065265981224] and parameters: {'psi': 0.7572116066689527, 'lda_t': 0.030641661601970488}.
[I 2025-08-09 22:33:48,919] Trial 496 finished with values: [0.7813374625399044, 0.19418386491557224] and parameters: {'psi': 0.31563854679594117, 'lda_t': 0.0401843693570693}.
[I 2025-08-09 22:33:56,011] Trial 497 finished with values: [0.8302306509955569, 0.24344569288389514] and parameters: {'psi': 0.001429162323413724, 'lda_t': 0.9125193409776898}.
[I 2025-08-09 22:34:03,116] Trial 498 finished with values: [0.8251576852500976, 0.24649859943977592] and parameters: {'psi': 0.0022481271773676648, 'lda_t': 9.938510523289826e-08}.
[I 2025-08-09 22:34:10,193] Trial 499 finished with values: [0.7630115732584988, 0.2404227212681638] and parameters: {'psi': 0.9759144982097107, 'lda_t': 2.5878926751812664e-06}.
