[I 2025-08-09 21:24:15,650] Trial 124 finished with values: [0.9379562744947361, 0.4309978768577495] and parameters: {'psi': 0.3598965427622922, 'lda_t': 0.9174913589301499}.
[I 2025-08-09 21:24:21,789] Trial 125 finished with values: [0.9068875263930207, 0.27001862197392923] and parameters: {'psi': 0.1079854803499598, 'lda_t': 0.0005443111414534969}.
[I 2025-08-09 21:24:27,955] Trial 126 finished with values: [0.919417807467258, 0.32770605759682225] and parameters: {'psi': 0.18847842496588363, 'lda_t': 2.8298641450987074}.
[I 2025-08-09 21:24:34,101] Trial 127 finished with values: [0.9136387879519747, 0.3125] and parameters: {'psi': 0.13049891081852572, 'lda_t': 1.2021664492733373}.
[I 2025-08-09 21:24:40,250] Trial 128 finished with values: [0.9334138846501483, 0.3942505133470226] and parameters: {'psi': 0.4115685222822214, 'lda_t': 0.058306918458216825}.
[I 2025-08-09 21:24:46,404] Trial 129 finished with values: [0.9469652371438086, 0.4901098901098901] and parameters: {'psi': 0.7352769911541679, 'lda_t': 8.082376624614161}.
[I 2025-08-09 21:24:52,547] Trial 130 finished with values: [0.9147012557040028, 0.28844317096466093] and parameters: {'psi': 0.6250196697348618, 'lda_t': 0.019957611060271566}.
[I 2025-08-09 21:24:58,698] Trial 131 finished with values: [0.9393134338189282, 0.4418604651162791] and parameters: {'psi': 0.40652677960261585, 'lda_t': 0.5448562577413412}.
[I 2025-08-09 21:25:04,842] Trial 132 finished with values: [0.9170946955974429, 0.3260437375745527] and parameters: {'psi': 0.16557326121469695, 'lda_t': 0.14826453708967843}.
[I 2025-08-09 21:25:10,985] Trial 133 finished with values: [0.9058240294504031, 0.27001862197392923] and parameters: {'psi': 0.16557326121469695, 'lda_t': 9.353305382061764e-07}.
[I 2025-08-09 21:25:17,137] Trial 134 finished with values: [0.9385748180391039, 0.44089456869009586] and parameters: {'psi': 0.37611686860531157, 'lda_t': 1.1571214045708218}.
[I 2025-08-09 21:25:23,298] Trial 135 finished with values: [0.9382994523791227, 0.43312101910828027] and parameters: {'psi': 0.36813045713288317, 'lda_t': 1.2209733228569408}.
[I 2025-08-09 21:25:29,448] Trial 136 finished with values: [0.9041220912786847, 0.2827324478178368] and parameters: {'psi': 0.05918518300916642, 'lda_t': 0.03414771726047479}.
[I 2025-08-09 21:25:35,593] Trial 137 finished with values: [0.9046203338785758, 0.27087198515769945] and parameters: {'psi': 0.082827510058052, 'lda_t': 3.626382085541497e-08}.
[I 2025-08-09 21:25:41,746] Trial 138 finished with values: [0.919417807467258, 0.32770605759682225] and parameters: {'psi': 0.18847842496588363, 'lda_t': 0.12357847467188993}.
[I 2025-08-09 21:25:47,898] Trial 139 finished with values: [0.9060416460828549, 0.28163653663177923] and parameters: {'psi': 0.5967760447762293, 'lda_t': 0.007995930202064532}.
[I 2025-08-09 21:25:54,050] Trial 140 finished with values: [0.9393134338189282, 0.4418604651162791] and parameters: {'psi': 0.40652677960261585, 'lda_t': 0.4935131079944695}.
[I 2025-08-09 21:26:00,193] Trial 141 finished with values: [0.9231182050550182, 0.3136094674556213] and parameters: {'psi': 0.41953407236048734, 'lda_t': 0.03424615211968179}.
[I 2025-08-09 21:26:06,338] Trial 142 finished with values: [0.9405727056825959, 0.45610278372591007] and parameters: {'psi': 0.5342928165501648, 'lda_t': 5.320026795769765}.
[I 2025-08-09 21:26:12,514] Trial 143 finished with values: [0.9447670003988684, 0.4820065430752454] and parameters: {'psi': 0.6771605948655369, 'lda_t': 7.543610748783837}.
[I 2025-08-09 21:26:18,658] Trial 144 finished with values: [0.9158741899126513, 0.31952662721893493] and parameters: {'psi': 0.15251785438929655, 'lda_t': 5.251584538101071}.
[I 2025-08-09 21:26:24,804] Trial 145 finished with values: [0.8862650627760518, 0.2681992337164751] and parameters: {'psi': 0.9028609210731449, 'lda_t': 1.663032677055449e-05}.
[I 2025-08-09 21:26:30,952] Trial 146 finished with values: [0.9221578558803835, 0.3069403714565005] and parameters: {'psi': 0.46521759097208126, 'lda_t': 0.03414771726047479}.
[I 2025-08-09 21:26:37,194] Trial 147 finished with values: [0.9274106159408357, 0.34] and parameters: {'psi': 0.6166293268997859, 'lda_t': 0.05747932490847467}.
[I 2025-08-09 21:26:43,339] Trial 148 finished with values: [0.8863762153597319, 0.2684563758389262] and parameters: {'psi': 0.8991297484398036, 'lda_t': 5.2912693467834584e-08}.
[I 2025-08-09 21:26:49,484] Trial 149 finished with values: [0.9143429830243018, 0.31341821743388837] and parameters: {'psi': 0.13705739010668727, 'lda_t': 0.13601664132415672}.
[I 2025-08-09 21:26:55,631] Trial 150 finished with values: [0.9019443239910275, 0.27012025901942643] and parameters: {'psi': 0.05198063595063496, 'lda_t': 8.144599685317972e-08}.
[I 2025-08-09 21:27:01,788] Trial 151 finished with values: [0.939205597516037, 0.44208289054197664] and parameters: {'psi': 0.45205043781839993, 'lda_t': 0.11717308175188766}.
[I 2025-08-09 21:27:07,943] Trial 152 finished with values: [0.9508038893341091, 0.5282583621683967] and parameters: {'psi': 0.8959590121312229, 'lda_t': 2.3301984015398043}.
[I 2025-08-09 21:27:14,085] Trial 153 finished with values: [0.8958475132925682, 0.27246925260170296] and parameters: {'psi': 0.6771605948655369, 'lda_t': 3.420137256625719e-05}.
[I 2025-08-09 21:27:20,239] Trial 154 finished with values: [0.9417117909562964, 0.46254071661237783] and parameters: {'psi': 0.5891404045059835, 'lda_t': 1.7704794545561275}.
[I 2025-08-09 21:27:26,379] Trial 155 finished with values: [0.9397023535072986, 0.4494142705005325] and parameters: {'psi': 0.5069696172129379, 'lda_t': 0.1197194874952397}.
[I 2025-08-09 21:27:32,538] Trial 156 finished with values: [0.9350175922978121, 0.41226215644820297] and parameters: {'psi': 0.31401410518538164, 'lda_t': 0.2352517500174092}.
[I 2025-08-09 21:27:38,701] Trial 157 finished with values: [0.9523632274319087, 0.539906103286385] and parameters: {'psi': 0.9294209350136886, 'lda_t': 1.2038613026009384}.
[I 2025-08-09 21:27:44,844] Trial 158 finished with values: [0.9007118110826902, 0.27599243856332706] and parameters: {'psi': 0.04352796331848352, 'lda_t': 0.13601664132415672}.
[I 2025-08-09 21:27:51,007] Trial 159 finished with values: [0.860726727484969, 0.2675521821631879] and parameters: {'psi': 0.006338812478498657, 'lda_t': 0.4935131079944695}.
[I 2025-08-09 21:27:57,153] Trial 160 finished with values: [0.9046534966864637, 0.27730294396961064] and parameters: {'psi': 0.5967760447762293, 'lda_t': 0.006614759861833866}.
[I 2025-08-09 21:28:03,303] Trial 161 finished with values: [0.9065306259674392, 0.2702702702702703] and parameters: {'psi': 0.1706947094764546, 'lda_t': 0.00018651766196887292}.
[I 2025-08-09 21:28:09,455] Trial 162 finished with values: [0.9026176433456653, 0.27128157156220767] and parameters: {'psi': 0.40652677960261585, 'lda_t': 4.4032541889552496e-08}.
[I 2025-08-09 21:28:15,616] Trial 163 finished with values: [0.9259195474854814, 0.3516260162601626] and parameters: {'psi': 0.23959277414730662, 'lda_t': 1.3971093428867183}.
[I 2025-08-09 21:28:21,765] Trial 164 finished with values: [0.885761102450663, 0.27167630057803466] and parameters: {'psi': 0.9294209350136886, 'lda_t': 5.453891851074661e-07}.
[I 2025-08-09 21:28:27,910] Trial 165 finished with values: [0.9405727056825959, 0.45610278372591007] and parameters: {'psi': 0.5342928165501648, 'lda_t': 5.320026795769765}.
[I 2025-08-09 21:28:34,069] Trial 166 finished with values: [0.9393134338189282, 0.4418604651162791] and parameters: {'psi': 0.40652677960261585, 'lda_t': 0.4935131079944695}.
[I 2025-08-09 21:28:40,229] Trial 167 finished with values: [0.9414520918641798, 0.4603691639522258] and parameters: {'psi': 0.5800887101128266, 'lda_t': 7.543610748783837}.
[I 2025-08-09 21:28:46,377] Trial 168 finished with values: [0.924073179567685, 0.3243781094527363] and parameters: {'psi': 0.36813045713288317, 'lda_t': 0.03414771726047479}.
[I 2025-08-09 21:28:52,537] Trial 169 finished with values: [0.9047346883885345, 0.2702702702702703] and parameters: {'psi': 0.2833186500147191, 'lda_t': 2.7596508105714805e-05}.
[I 2025-08-09 21:28:58,714] Trial 170 finished with values: [0.9327111761864508, 0.3928944618599791] and parameters: {'psi': 0.29284553126265656, 'lda_t': 0.13601664132415672}.
[I 2025-08-09 21:29:04,887] Trial 171 finished with values: [0.9331918081918082, 0.4004106776180698] and parameters: {'psi': 0.3890534153001627, 'lda_t': 0.05747932490847467}.
[I 2025-08-09 21:29:11,077] Trial 172 finished with values: [0.9158741899126513, 0.31952662721893493] and parameters: {'psi': 0.15251785438929655, 'lda_t': 5.251584538101071}.
[I 2025-08-09 21:29:17,218] Trial 173 finished with values: [0.9214016295060251, 0.3188976377952756] and parameters: {'psi': 0.7811740565739935, 'lda_t': 0.05747932490847467}.
[I 2025-08-09 21:29:23,378] Trial 174 finished with values: [0.9200158815543431, 0.33001988071570576] and parameters: {'psi': 0.19394097108910435, 'lda_t': 0.12357847467188993}.
[I 2025-08-09 21:29:29,532] Trial 175 finished with values: [0.9142046140672515, 0.29457364341085274] and parameters: {'psi': 0.7845709794315527, 'lda_t': 0.03414771726047479}.
[I 2025-08-09 21:29:35,686] Trial 176 finished with values: [0.9056893198376714, 0.2702702702702703] and parameters: {'psi': 0.19003498893498183, 'lda_t': 1.715454185062683e-08}.
[I 2025-08-09 21:29:41,837] Trial 177 finished with values: [0.9008037521086971, 0.2717900656044986] and parameters: {'psi': 0.4999524897837484, 'lda_t': 6.06300430914684e-07}.
[I 2025-08-09 21:29:47,984] Trial 178 finished with values: [0.938822052489635, 0.4345991561181435] and parameters: {'psi': 0.41665254296268406, 'lda_t': 0.12234439479390126}.
[I 2025-08-09 21:29:54,132] Trial 179 finished with values: [0.8952315999019297, 0.2727272727272727] and parameters: {'psi': 0.6931589172217208, 'lda_t': 9.040766422245536e-08}.
[I 2025-08-09 21:30:00,287] Trial 180 finished with values: [0.9131809124940993, 0.29343629343629346] and parameters: {'psi': 0.18847842496588363, 'lda_t': 0.01169810390414978}.
[I 2025-08-09 21:30:06,457] Trial 181 finished with values: [0.9419451885111225, 0.4657236126224157] and parameters: {'psi': 0.5967760447762293, 'lda_t': 1.2209733228569408}.
[I 2025-08-09 21:30:12,623] Trial 182 finished with values: [0.9446091911751253, 0.4749455337690632] and parameters: {'psi': 0.823682730911673, 'lda_t': 0.13601664132415672}.
[I 2025-08-09 21:30:18,789] Trial 183 finished with values: [0.9064942612332723, 0.288698955365622] and parameters: {'psi': 0.07376289570060313, 'lda_t': 0.12234439479390126}.
[I 2025-08-09 21:30:25,043] Trial 184 finished with values: [0.905512870828805, 0.2695167286245353] and parameters: {'psi': 0.11181585920404269, 'lda_t': 1.5692681369830382e-08}.
[I 2025-08-09 21:30:31,184] Trial 185 finished with values: [0.9000537008778768, 0.2725563909774436] and parameters: {'psi': 0.5342928165501648, 'lda_t': 3.830866881080604e-05}.
[I 2025-08-09 21:30:37,322] Trial 186 finished with values: [0.8937858158325191, 0.2718631178707224] and parameters: {'psi': 0.7352769911541679, 'lda_t': 0.00014669109174804626}.
[I 2025-08-09 21:30:43,471] Trial 187 finished with values: [0.897860152667845, 0.27680311890838205] and parameters: {'psi': 0.823682730911673, 'lda_t': 0.009005340464058428}.
[I 2025-08-09 21:30:49,621] Trial 188 finished with values: [0.9500308528467869, 0.5124716553287982] and parameters: {'psi': 0.8501319890038643, 'lda_t': 1.7459166230229832}.
[I 2025-08-09 21:30:55,761] Trial 189 finished with values: [0.8999977815225066, 0.27204502814258913] and parameters: {'psi': 0.5342928165501648, 'lda_t': 1.1320717095332516e-08}.
[I 2025-08-09 21:31:01,911] Trial 190 finished with values: [0.9511623907228304, 0.5336426914153132] and parameters: {'psi': 0.905550734364958, 'lda_t': 7.543610748783837}.
[I 2025-08-09 21:31:08,051] Trial 191 finished with values: [0.9405727056825959, 0.45610278372591007] and parameters: {'psi': 0.5342928165501648, 'lda_t': 5.320026795769765}.
[I 2025-08-09 21:31:14,204] Trial 192 finished with values: [0.9458451347187612, 0.4856512141280353] and parameters: {'psi': 0.8325360181625643, 'lda_t': 0.15081950660458954}.
[I 2025-08-09 21:31:20,353] Trial 193 finished with values: [0.9418140238881997, 0.46551724137931033] and parameters: {'psi': 0.6931589172217208, 'lda_t': 0.1197194874952397}.
[I 2025-08-09 21:31:26,499] Trial 194 finished with values: [0.944768830071028, 0.4820065430752454] and parameters: {'psi': 0.6771605948655369, 'lda_t': 0.4935131079944695}.
[I 2025-08-09 21:31:32,644] Trial 195 finished with values: [0.9234095803463934, 0.3227722772277228] and parameters: {'psi': 0.5871759744759442, 'lda_t': 0.04558725238931248}.
[I 2025-08-09 21:31:38,787] Trial 196 finished with values: [0.8863257850208399, 0.27606177606177607] and parameters: {'psi': 0.9487016648854091, 'lda_t': 4.902870846533151e-06}.
[I 2025-08-09 21:31:44,932] Trial 197 finished with values: [0.9388474391908458, 0.43670886075949367] and parameters: {'psi': 0.41665254296268406, 'lda_t': 0.12357847467188993}.
[I 2025-08-09 21:31:51,081] Trial 198 finished with values: [0.9139227302002029, 0.296875] and parameters: {'psi': 0.823682730911673, 'lda_t': 0.038891845071637836}.
[I 2025-08-09 21:31:57,233] Trial 199 finished with values: [0.9027959220266913, 0.2694106641721235] and parameters: {'psi': 0.40652677960261585, 'lda_t': 7.874584706095964e-05}.
[I 2025-08-09 21:32:03,392] Trial 200 finished with values: [0.939896070047169, 0.44515441959531415] and parameters: {'psi': 0.45205043781839993, 'lda_t': 5.320026795769765}.
[I 2025-08-09 21:32:09,557] Trial 201 finished with values: [0.944768830071028, 0.4820065430752454] and parameters: {'psi': 0.6771605948655369, 'lda_t': 0.4935131079944695}.
[I 2025-08-09 21:32:15,712] Trial 202 finished with values: [0.9447670003988684, 0.4820065430752454] and parameters: {'psi': 0.6771605948655369, 'lda_t': 2.2916277855980725}.
[I 2025-08-09 21:32:21,864] Trial 203 finished with values: [0.9421953961789126, 0.4652173913043478] and parameters: {'psi': 0.6046765630520546, 'lda_t': 0.4935131079944695}.
[I 2025-08-09 21:32:28,023] Trial 204 finished with values: [0.9523632274319087, 0.539906103286385] and parameters: {'psi': 0.9294209350136886, 'lda_t': 1.3971093428867183}.
[I 2025-08-09 21:32:34,173] Trial 205 finished with values: [0.9061952241897298, 0.2702702702702703] and parameters: {'psi': 0.18265875088685168, 'lda_t': 0.00010354565742737968}.
[I 2025-08-09 21:32:40,321] Trial 206 finished with values: [0.942917773618323, 0.46905537459283386] and parameters: {'psi': 0.6250196697348618, 'lda_t': 7.543610748783837}.
[I 2025-08-09 21:32:46,466] Trial 207 finished with values: [0.9405727056825959, 0.45610278372591007] and parameters: {'psi': 0.5342928165501648, 'lda_t': 5.320026795769765}.
[I 2025-08-09 21:32:52,620] Trial 208 finished with values: [0.8975013082155939, 0.27169811320754716] and parameters: {'psi': 0.6250196697348618, 'lda_t': 4.9967533915621646e-08}.
[I 2025-08-09 21:32:58,774] Trial 209 finished with values: [0.944768830071028, 0.4820065430752454] and parameters: {'psi': 0.6771605948655369, 'lda_t': 0.4935131079944695}.
[I 2025-08-09 21:33:04,920] Trial 210 finished with values: [0.9405162145546763, 0.4556149732620321] and parameters: {'psi': 0.5300875308855388, 'lda_t': 2.3301984015398043}.
[I 2025-08-09 21:33:11,074] Trial 211 finished with values: [0.9042980828695113, 0.2702702702702703] and parameters: {'psi': 0.3066109471177566, 'lda_t': 4.5929442741671276e-08}.
[I 2025-08-09 21:33:17,222] Trial 212 finished with values: [0.8952648770643276, 0.2727272727272727] and parameters: {'psi': 0.6931589172217208, 'lda_t': 3.4379954436370504e-05}.
[I 2025-08-09 21:33:23,366] Trial 213 finished with values: [0.9417117909562964, 0.46254071661237783] and parameters: {'psi': 0.5891404045059835, 'lda_t': 1.7704794545561275}.
[I 2025-08-09 21:33:29,515] Trial 214 finished with values: [0.8890266098370494, 0.2746615087040619] and parameters: {'psi': 0.9294209350136886, 'lda_t': 0.003427217549570826}.
[I 2025-08-09 21:33:35,769] Trial 215 finished with values: [0.9392343004980367, 0.4397463002114165] and parameters: {'psi': 0.41665254296268406, 'lda_t': 0.15081950660458954}.
[I 2025-08-09 21:33:41,930] Trial 216 finished with values: [0.9416510687115082, 0.46304347826086956] and parameters: {'psi': 0.5871759744759442, 'lda_t': 8.364589791880613}.
[I 2025-08-09 21:33:48,104] Trial 217 finished with values: [0.9492477531625884, 0.5067264573991032] and parameters: {'psi': 0.823682730911673, 'lda_t': 0.37531017297586977}.
[I 2025-08-09 21:33:54,258] Trial 218 finished with values: [0.9058319199115902, 0.27001862197392923] and parameters: {'psi': 0.1589971950616721, 'lda_t': 8.16887734077322e-07}.
[I 2025-08-09 21:34:00,421] Trial 219 finished with values: [0.9429818121439001, 0.46905537459283386] and parameters: {'psi': 0.6268087397594408, 'lda_t': 5.320026795769765}.
[I 2025-08-09 21:34:06,570] Trial 220 finished with values: [0.9093829705093442, 0.2838095238095238] and parameters: {'psi': 0.6350030391629837, 'lda_t': 0.012929086861370556}.
[I 2025-08-09 21:34:12,722] Trial 221 finished with values: [0.9500308528467869, 0.5124716553287982] and parameters: {'psi': 0.8501319890038643, 'lda_t': 7.543610748783837}.
[I 2025-08-09 21:34:18,871] Trial 222 finished with values: [0.8857605306781131, 0.27167630057803466] and parameters: {'psi': 0.9294209350136886, 'lda_t': 2.4392971168834657e-06}.
[I 2025-08-09 21:34:25,030] Trial 223 finished with values: [0.8961345431125651, 0.2696629213483146] and parameters: {'psi': 0.029051712413659225, 'lda_t': 0.0032363551101274946}.
[I 2025-08-09 21:34:31,188] Trial 224 finished with values: [0.8952313711929097, 0.2727272727272727] and parameters: {'psi': 0.6931589172217208, 'lda_t': 3.905903515777631e-07}.
[I 2025-08-09 21:34:37,364] Trial 225 finished with values: [0.9501322852971206, 0.5193621867881549] and parameters: {'psi': 0.8576340619017008, 'lda_t': 1.7459166230229832}.
[I 2025-08-09 21:34:43,521] Trial 226 finished with values: [0.938822052489635, 0.4345991561181435] and parameters: {'psi': 0.41665254296268406, 'lda_t': 0.12234439479390126}.
[I 2025-08-09 21:34:49,677] Trial 227 finished with values: [0.9060047095761383, 0.2702702702702703] and parameters: {'psi': 0.18568742018536, 'lda_t': 6.40310981027552e-05}.
[I 2025-08-09 21:34:55,840] Trial 228 finished with values: [0.9425100997903196, 0.45154419595314166] and parameters: {'psi': 0.823682730911673, 'lda_t': 0.1197194874952397}.
[I 2025-08-09 21:35:01,995] Trial 229 finished with values: [0.9040332378244467, 0.28793774319066145] and parameters: {'psi': 0.7811866567861848, 'lda_t': 0.013980532573192163}.
[I 2025-08-09 21:35:08,149] Trial 230 finished with values: [0.8861805547931924, 0.2681992337164751] and parameters: {'psi': 0.905550734364958, 'lda_t': 7.710491694629e-08}.
[I 2025-08-09 21:35:14,310] Trial 231 finished with values: [0.9413217277228266, 0.4196242171189979] and parameters: {'psi': 0.9251163295456336, 'lda_t': 0.12357847467188993}.
[I 2025-08-09 21:35:20,471] Trial 232 finished with values: [0.906105341544902, 0.27001862197392923] and parameters: {'psi': 0.1451355005170838, 'lda_t': 4.945920231266667e-05}.
[I 2025-08-09 21:35:26,629] Trial 233 finished with values: [0.9394990311885916, 0.4418604651162791] and parameters: {'psi': 0.41665254296268406, 'lda_t': 2.2916277855980725}.
[I 2025-08-09 21:35:32,783] Trial 234 finished with values: [0.9005569750762058, 0.27281279397930386] and parameters: {'psi': 0.5342928165501648, 'lda_t': 0.00043370170916773147}.
[I 2025-08-09 21:35:38,948] Trial 235 finished with values: [0.9385748180391039, 0.44089456869009586] and parameters: {'psi': 0.37611686860531157, 'lda_t': 1.1571214045708218}.
[I 2025-08-09 21:35:45,101] Trial 236 finished with values: [0.8872590321766145, 0.2782608695652174] and parameters: {'psi': 0.9721729110616917, 'lda_t': 2.7662810274476184e-05}.
[I 2025-08-09 21:35:51,260] Trial 237 finished with values: [0.9262932580240273, 0.3540183112919634] and parameters: {'psi': 0.24285827381033986, 'lda_t': 0.12357847467188993}.
[I 2025-08-09 21:35:57,403] Trial 238 finished with values: [0.8986056297182672, 0.2714420358152686] and parameters: {'psi': 0.5871759744759442, 'lda_t': 1.9634723276656314e-08}.
[I 2025-08-09 21:36:03,570] Trial 239 finished with values: [0.9495995076352218, 0.5050279329608939] and parameters: {'psi': 0.823682730911673, 'lda_t': 5.320026795769765}.
[I 2025-08-09 21:36:09,743] Trial 240 finished with values: [0.9511623907228304, 0.5336426914153132] and parameters: {'psi': 0.905550734364958, 'lda_t': 7.543610748783837}.
[I 2025-08-09 21:36:15,905] Trial 241 finished with values: [0.9423034611908239, 0.4652173913043478] and parameters: {'psi': 0.6077783166701676, 'lda_t': 1.1571214045708218}.
[I 2025-08-09 21:36:22,062] Trial 242 finished with values: [0.9011943871147168, 0.2706766917293233] and parameters: {'psi': 0.5069696172129379, 'lda_t': 0.0004036127443972676}.
[I 2025-08-09 21:36:28,237] Trial 243 finished with values: [0.9393134338189282, 0.4418604651162791] and parameters: {'psi': 0.40652677960261585, 'lda_t': 0.4935131079944695}.
[I 2025-08-09 21:36:34,386] Trial 244 finished with values: [0.8898004468059413, 0.2692307692307692] and parameters: {'psi': 0.823682730911673, 'lda_t': 2.1926804730022647e-08}.
[I 2025-08-09 21:36:40,536] Trial 245 finished with values: [0.8857653335675315, 0.27167630057803466] and parameters: {'psi': 0.9294209350136886, 'lda_t': 9.152020836350735e-06}.
[I 2025-08-09 21:36:46,692] Trial 246 finished with values: [0.9414416856037735, 0.4603691639522258] and parameters: {'psi': 0.5795366194284081, 'lda_t': 7.543610748783837}.
[I 2025-08-09 21:36:52,854] Trial 247 finished with values: [0.9508038893341091, 0.5282583621683967] and parameters: {'psi': 0.8959590121312229, 'lda_t': 2.3301984015398043}.
