[I 2025-08-09 21:53:31,468] Trial 248 finished with values: [0.8356045267601735, 0.16791354945968412] and parameters: {'psi': 0.5848484740328913, 'lda_t': 0.6540274810639265}.
[I 2025-08-09 21:53:37,343] Trial 249 finished with values: [0.8051872699499757, 0.13775933609958507] and parameters: {'psi': 0.1114901640295648, 'lda_t': 3.3329512624799302}.
[I 2025-08-09 21:53:43,217] Trial 250 finished with values: [0.8405395638363194, 0.16387959866220736] and parameters: {'psi': 0.9556221628721572, 'lda_t': 8.105522114561571}.
[I 2025-08-09 21:53:49,081] Trial 251 finished with values: [0.8162090510752823, 0.16171003717472118] and parameters: {'psi': 0.8454527775999109, 'lda_t': 0.0837038960811093}.
[I 2025-08-09 21:53:54,943] Trial 252 finished with values: [0.8376789196465351, 0.1617161716171617] and parameters: {'psi': 0.8443996238982518, 'lda_t': 0.6540274810639265}.
[I 2025-08-09 21:54:00,802] Trial 253 finished with values: [0.8379403785644766, 0.16366612111292964] and parameters: {'psi': 0.7974832391811464, 'lda_t': 0.6540274810639265}.
[I 2025-08-09 21:54:06,663] Trial 254 finished with values: [0.7756179615756453, 0.12521150592216582] and parameters: {'psi': 0.9176826927156746, 'lda_t': 6.846392950114576e-08}.
[I 2025-08-09 21:54:12,523] Trial 255 finished with values: [0.835273057489828, 0.16638935108153077] and parameters: {'psi': 0.5693747285088953, 'lda_t': 8.460507459312181}.
[I 2025-08-09 21:54:18,391] Trial 256 finished with values: [0.8356180561181469, 0.16791354945968412] and parameters: {'psi': 0.5848484740328913, 'lda_t': 1.7799033228688546}.
[I 2025-08-09 21:54:24,256] Trial 257 finished with values: [0.7827610550747561, 0.11735941320293398] and parameters: {'psi': 0.04848942825285607, 'lda_t': 0.31752615358780395}.
[I 2025-08-09 21:54:30,117] Trial 258 finished with values: [0.8356045267601735, 0.16791354945968412] and parameters: {'psi': 0.5848484740328913, 'lda_t': 0.6540274810639265}.
[I 2025-08-09 21:54:35,976] Trial 259 finished with values: [0.7791405662802432, 0.12636899747262004] and parameters: {'psi': 0.8443996238982518, 'lda_t': 3.201222932191738e-08}.
[I 2025-08-09 21:54:41,847] Trial 260 finished with values: [0.7785569293377933, 0.1248945147679325] and parameters: {'psi': 0.8578860855304938, 'lda_t': 4.6688900152118436e-05}.
[I 2025-08-09 21:54:47,707] Trial 261 finished with values: [0.7866389276793874, 0.12201154163231658] and parameters: {'psi': 0.5848484740328913, 'lda_t': 4.1169550100599106e-07}.
[I 2025-08-09 21:54:53,700] Trial 262 finished with values: [0.8356180561181469, 0.16791354945968412] and parameters: {'psi': 0.5848484740328913, 'lda_t': 1.5393435287387058}.
[I 2025-08-09 21:54:59,576] Trial 263 finished with values: [0.8261690221061557, 0.15780141843971632] and parameters: {'psi': 0.29610299104879945, 'lda_t': 1.7799033228688546}.
[I 2025-08-09 21:55:05,447] Trial 264 finished with values: [0.8356180561181469, 0.16791354945968412] and parameters: {'psi': 0.5848484740328913, 'lda_t': 1.2315554300595415}.
[I 2025-08-09 21:55:11,318] Trial 265 finished with values: [0.78844811254861, 0.11851851851851852] and parameters: {'psi': 0.4089643334160872, 'lda_t': 2.740794091541057e-07}.
[I 2025-08-09 21:55:17,203] Trial 266 finished with values: [0.8338267202211904, 0.15217391304347827] and parameters: {'psi': 0.46395451630415674, 'lda_t': 1.2315554300595415}.
[I 2025-08-09 21:55:23,079] Trial 267 finished with values: [0.8356045267601735, 0.16791354945968412] and parameters: {'psi': 0.5848484740328913, 'lda_t': 0.6540274810639265}.
[I 2025-08-09 21:55:28,944] Trial 268 finished with values: [0.7778934202820071, 0.125] and parameters: {'psi': 0.8728538322724579, 'lda_t': 6.153831434129629e-08}.
[I 2025-08-09 21:55:34,821] Trial 269 finished with values: [0.780862788348517, 0.12384937238493723] and parameters: {'psi': 0.8034941689928933, 'lda_t': 1.500521131689917e-05}.
[I 2025-08-09 21:55:40,686] Trial 270 finished with values: [0.7940196814667521, 0.12315270935960591] and parameters: {'psi': 0.06932369539403538, 'lda_t': 0.6540274810639265}.
[I 2025-08-09 21:55:46,545] Trial 271 finished with values: [0.8356180561181469, 0.16791354945968412] and parameters: {'psi': 0.5848484740328913, 'lda_t': 3.0815723666000547}.
[I 2025-08-09 21:55:52,411] Trial 272 finished with values: [0.8293599945360955, 0.16140350877192983] and parameters: {'psi': 0.8034941689928933, 'lda_t': 0.1497259616310461}.
[I 2025-08-09 21:55:58,279] Trial 273 finished with values: [0.8383971981514661, 0.16033057851239668] and parameters: {'psi': 0.8578860855304938, 'lda_t': 3.0815723666000547}.
[I 2025-08-09 21:56:04,147] Trial 274 finished with values: [0.8296542173209361, 0.16396242527754057] and parameters: {'psi': 0.7365958681129423, 'lda_t': 0.14611462650106902}.
[I 2025-08-09 21:56:10,016] Trial 275 finished with values: [0.7890369656290736, 0.1186161449752883] and parameters: {'psi': 0.3182412654889867, 'lda_t': 0.0002385715754067772}.
[I 2025-08-09 21:56:15,886] Trial 276 finished with values: [0.8352189400579351, 0.16638935108153077] and parameters: {'psi': 0.5848484740328913, 'lda_t': 0.3611319790097753}.
[I 2025-08-09 21:56:21,759] Trial 277 finished with values: [0.8351828346026208, 0.16458852867830423] and parameters: {'psi': 0.5639816583676425, 'lda_t': 1.7799033228688546}.
[I 2025-08-09 21:56:27,626] Trial 278 finished with values: [0.8298944856781965, 0.16264521894548703] and parameters: {'psi': 0.3486513638876446, 'lda_t': 1.7799033228688546}.
[I 2025-08-09 21:56:33,497] Trial 279 finished with values: [0.7881163172696386, 0.11648892534864644] and parameters: {'psi': 0.14169831299211033, 'lda_t': 0.000140643089878877}.
[I 2025-08-09 21:56:39,361] Trial 280 finished with values: [0.7756179615756453, 0.12521150592216582] and parameters: {'psi': 0.9176826927156746, 'lda_t': 1.8832213257195557e-07}.
[I 2025-08-09 21:56:45,228] Trial 281 finished with values: [0.7829623654012261, 0.12520868113522537] and parameters: {'psi': 0.7505548059564555, 'lda_t': 0.0024316664136308096}.
[I 2025-08-09 21:56:51,095] Trial 282 finished with values: [0.832025278056832, 0.16476774758983348] and parameters: {'psi': 0.3940003617362756, 'lda_t': 1.7799033228688546}.
[I 2025-08-09 21:56:56,966] Trial 283 finished with values: [0.7875102672341606, 0.11475409836065574] and parameters: {'psi': 0.12087570746857845, 'lda_t': 4.390509186152142e-06}.
[I 2025-08-09 21:57:02,838] Trial 284 finished with values: [0.8383923895242343, 0.16019818331957061] and parameters: {'psi': 0.8532199076100537, 'lda_t': 5.762244271074246}.
[I 2025-08-09 21:57:08,731] Trial 285 finished with values: [0.7862105523450045, 0.12191103789126853] and parameters: {'psi': 0.6133564260807276, 'lda_t': 9.405483163924098e-05}.
[I 2025-08-09 21:57:14,610] Trial 286 finished with values: [0.8342172785549734, 0.15091210613598674] and parameters: {'psi': 0.4901605106786001, 'lda_t': 0.6540274810639265}.
[I 2025-08-09 21:57:20,484] Trial 287 finished with values: [0.7863528551101934, 0.12191103789126853] and parameters: {'psi': 0.6054269012365726, 'lda_t': 3.94396950583835e-07}.
[I 2025-08-09 21:57:26,342] Trial 288 finished with values: [0.7787751921128082, 0.12647554806070826] and parameters: {'psi': 0.8532199076100537, 'lda_t': 0.00024319478298921333}.
[I 2025-08-09 21:57:32,208] Trial 289 finished with values: [0.8388512466651354, 0.1623860811930406] and parameters: {'psi': 0.9176826927156746, 'lda_t': 3.3329512624799302}.
[I 2025-08-09 21:57:38,071] Trial 290 finished with values: [0.8353094889537681, 0.16638935108153077] and parameters: {'psi': 0.5711326579689163, 'lda_t': 0.9557317043586784}.
[I 2025-08-09 21:57:43,938] Trial 291 finished with values: [0.7787534310370319, 0.12478920741989882] and parameters: {'psi': 0.8532199076100537, 'lda_t': 3.039510739980705e-08}.
[I 2025-08-09 21:57:49,800] Trial 292 finished with values: [0.808568875923888, 0.13854351687388988] and parameters: {'psi': 0.37554875315070557, 'lda_t': 0.026509261238002284}.
[I 2025-08-09 21:57:55,668] Trial 293 finished with values: [0.8320202249231312, 0.16476774758983348] and parameters: {'psi': 0.39383687464123507, 'lda_t': 0.6540274810639265}.
[I 2025-08-09 21:58:01,552] Trial 294 finished with values: [0.7863901015956982, 0.12191103789126853] and parameters: {'psi': 0.6029460144647641, 'lda_t': 1.4173966329353163e-06}.
[I 2025-08-09 21:58:07,419] Trial 295 finished with values: [0.7785466600660788, 0.1248945147679325] and parameters: {'psi': 0.8578860855304938, 'lda_t': 5.487290040361096e-08}.
[I 2025-08-09 21:58:13,281] Trial 296 finished with values: [0.8441634757214042, 0.181509754028838] and parameters: {'psi': 0.9984526482111663, 'lda_t': 2.2945237441645348}.
[I 2025-08-09 21:58:19,145] Trial 297 finished with values: [0.8383788601662612, 0.15993404781533388] and parameters: {'psi': 0.8443996238982518, 'lda_t': 7.257003281009879}.
[I 2025-08-09 21:58:25,022] Trial 298 finished with values: [0.8300333653528139, 0.14563928873835733] and parameters: {'psi': 0.8992841791639261, 'lda_t': 0.20135222309292636}.
[I 2025-08-09 21:58:30,897] Trial 299 finished with values: [0.780017936994595, 0.11745513866231648] and parameters: {'psi': 0.050990062130095715, 'lda_t': 0.005357426370595324}.
[I 2025-08-09 21:58:36,760] Trial 300 finished with values: [0.8382342753406913, 0.16136919315403422] and parameters: {'psi': 0.761816460790374, 'lda_t': 1.2315554300595415}.
[I 2025-08-09 21:58:42,624] Trial 301 finished with values: [0.8356358235882563, 0.16791354945968412] and parameters: {'psi': 0.5855808757279964, 'lda_t': 5.762244271074246}.
[I 2025-08-09 21:58:48,486] Trial 302 finished with values: [0.8356180561181469, 0.16791354945968412] and parameters: {'psi': 0.5848484740328913, 'lda_t': 1.2315554300595415}.
[I 2025-08-09 21:58:54,363] Trial 303 finished with values: [0.7888364703241681, 0.1162981162981163] and parameters: {'psi': 0.17129654026812458, 'lda_t': 2.079792577138006e-06}.
[I 2025-08-09 21:59:00,223] Trial 304 finished with values: [0.8416753778888234, 0.17060810810810811] and parameters: {'psi': 0.9698943405945171, 'lda_t': 0.6540274810639265}.
[I 2025-08-09 21:59:06,090] Trial 305 finished with values: [0.8379684153063006, 0.16422764227642275] and parameters: {'psi': 0.7039301167799765, 'lda_t': 3.3329512624799302}.
[I 2025-08-09 21:59:12,065] Trial 306 finished with values: [0.7766370645400906, 0.12864493996569468] and parameters: {'psi': 0.9176826927156746, 'lda_t': 0.0045579519957102}.
[I 2025-08-09 21:59:17,936] Trial 307 finished with values: [0.7844457861510558, 0.12241521918941274] and parameters: {'psi': 0.7039301167799765, 'lda_t': 1.075729493379212e-06}.
[I 2025-08-09 21:59:23,817] Trial 308 finished with values: [0.7866388461772309, 0.12201154163231658] and parameters: {'psi': 0.5848484740328913, 'lda_t': 2.661303109107497e-08}.
[I 2025-08-09 21:59:29,688] Trial 309 finished with values: [0.8309737372341135, 0.16370106761565836] and parameters: {'psi': 0.3691937912605583, 'lda_t': 0.9986163749070489}.
[I 2025-08-09 21:59:35,564] Trial 310 finished with values: [0.8356045267601735, 0.16791354945968412] and parameters: {'psi': 0.5848484740328913, 'lda_t': 0.6540274810639265}.
[I 2025-08-09 21:59:41,452] Trial 311 finished with values: [0.7875985340696129, 0.12036273701566365] and parameters: {'psi': 0.4998700004903427, 'lda_t': 2.4741038043919883e-07}.
[I 2025-08-09 21:59:47,321] Trial 312 finished with values: [0.7865055086492533, 0.12241521918941274] and parameters: {'psi': 0.5848484740328913, 'lda_t': 0.0008309451090831753}.
[I 2025-08-09 21:59:53,202] Trial 313 finished with values: [0.8383971981514661, 0.16033057851239668] and parameters: {'psi': 0.8578860855304938, 'lda_t': 1.7799033228688546}.
[I 2025-08-09 21:59:59,085] Trial 314 finished with values: [0.8361020974253958, 0.1672185430463576] and parameters: {'psi': 0.6054269012365726, 'lda_t': 9.541411591600017}.
[I 2025-08-09 22:00:04,976] Trial 315 finished with values: [0.7891321601478253, 0.11677631578947369] and parameters: {'psi': 0.3081132063038662, 'lda_t': 2.735933015340209e-07}.
[I 2025-08-09 22:00:10,842] Trial 316 finished with values: [0.8383301218766948, 0.16216216216216217] and parameters: {'psi': 0.8034941689928933, 'lda_t': 0.9557317043586784}.
[I 2025-08-09 22:00:16,727] Trial 317 finished with values: [0.8368832140929617, 0.16748768472906403] and parameters: {'psi': 0.6444386695110601, 'lda_t': 0.4759592229075648}.
[I 2025-08-09 22:00:22,608] Trial 318 finished with values: [0.8383266172839668, 0.16006600660066006] and parameters: {'psi': 0.8728538322724579, 'lda_t': 0.8647206972148676}.
[I 2025-08-09 22:00:28,505] Trial 319 finished with values: [0.8358033920219496, 0.16749585406301823] and parameters: {'psi': 0.5932130690967149, 'lda_t': 9.541411591600017}.
[I 2025-08-09 22:00:34,403] Trial 320 finished with values: [0.7866392536880134, 0.12201154163231658] and parameters: {'psi': 0.5848484740328913, 'lda_t': 9.489424572926467e-07}.
[I 2025-08-09 22:00:40,295] Trial 321 finished with values: [0.7792603744502475, 0.1261564339781329] and parameters: {'psi': 0.8418026498619662, 'lda_t': 1.5935705868736312e-06}.
[I 2025-08-09 22:00:46,183] Trial 322 finished with values: [0.7789505032513655, 0.12755102040816327] and parameters: {'psi': 0.8578860855304938, 'lda_t': 0.0028991618161741616}.
[I 2025-08-09 22:00:52,071] Trial 323 finished with values: [0.788311922445156, 0.1186161449752883] and parameters: {'psi': 0.4250339308394695, 'lda_t': 7.3563782421767555e-06}.
[I 2025-08-09 22:00:57,943] Trial 324 finished with values: [0.8197200824736621, 0.14943527367506515] and parameters: {'psi': 0.23454687839659405, 'lda_t': 0.07073217531433282}.
[I 2025-08-09 22:01:03,817] Trial 325 finished with values: [0.8356045267601735, 0.16791354945968412] and parameters: {'psi': 0.5848484740328913, 'lda_t': 0.6540274810639265}.
[I 2025-08-09 22:01:09,680] Trial 326 finished with values: [0.8383971981514661, 0.16033057851239668] and parameters: {'psi': 0.8578860855304938, 'lda_t': 3.0815723666000547}.
[I 2025-08-09 22:01:15,559] Trial 327 finished with values: [0.7879871363516409, 0.1188118811881188] and parameters: {'psi': 0.4588785683590467, 'lda_t': 1.9433948345401992e-05}.
[I 2025-08-09 22:01:21,450] Trial 328 finished with values: [0.7867592248623306, 0.12201154163231658] and parameters: {'psi': 0.5753638639853622, 'lda_t': 2.492155336559624e-06}.
[I 2025-08-09 22:01:27,329] Trial 329 finished with values: [0.8383971981514661, 0.16033057851239668] and parameters: {'psi': 0.8578860855304938, 'lda_t': 1.7799033228688546}.
[I 2025-08-09 22:01:33,175] Trial 330 finished with values: [0.7785553807968204, 0.1248945147679325] and parameters: {'psi': 0.8578860855304938, 'lda_t': 9.050049535007753e-05}.
[I 2025-08-09 22:01:39,055] Trial 331 finished with values: [0.8208593196167377, 0.1491760624457936] and parameters: {'psi': 0.2329435504095645, 'lda_t': 0.5601089747312826}.
[I 2025-08-09 22:01:44,933] Trial 332 finished with values: [0.8363078088683149, 0.1687344913151365] and parameters: {'psi': 0.6133564260807276, 'lda_t': 1.7799033228688546}.
[I 2025-08-09 22:01:50,817] Trial 333 finished with values: [0.7879023741089166, 0.11890999174236168] and parameters: {'psi': 0.463457462410642, 'lda_t': 0.0002853199957363548}.
[I 2025-08-09 22:01:56,690] Trial 334 finished with values: [0.7770607127493987, 0.125] and parameters: {'psi': 0.890317164228153, 'lda_t': 1.4852811472417562e-07}.
[I 2025-08-09 22:02:02,568] Trial 335 finished with values: [0.8383097463375783, 0.16299918500407498] and parameters: {'psi': 0.780864106486775, 'lda_t': 3.3329512624799302}.
[I 2025-08-09 22:02:08,448] Trial 336 finished with values: [0.7939442919720213, 0.12151067323481117] and parameters: {'psi': 0.06912578910793077, 'lda_t': 1.5393435287387058}.
[I 2025-08-09 22:02:14,332] Trial 337 finished with values: [0.8356045267601735, 0.16791354945968412] and parameters: {'psi': 0.5848484740328913, 'lda_t': 0.6540274810639265}.
[I 2025-08-09 22:02:20,209] Trial 338 finished with values: [0.8383971981514661, 0.16033057851239668] and parameters: {'psi': 0.8578860855304938, 'lda_t': 3.0815723666000547}.
[I 2025-08-09 22:02:26,083] Trial 339 finished with values: [0.8383971981514661, 0.16033057851239668] and parameters: {'psi': 0.8578860855304938, 'lda_t': 3.0815723666000547}.
[I 2025-08-09 22:02:31,954] Trial 340 finished with values: [0.8212502039591466, 0.14943527367506515] and parameters: {'psi': 0.23767255030810353, 'lda_t': 3.3329512624799302}.
[I 2025-08-09 22:02:37,830] Trial 341 finished with values: [0.8410932079851902, 0.16456759026028547] and parameters: {'psi': 0.960587810607807, 'lda_t': 8.105522114561571}.
[I 2025-08-09 22:02:43,701] Trial 342 finished with values: [0.7857503911696, 0.12241521918941274] and parameters: {'psi': 0.6444386695110601, 'lda_t': 1.7499048800694917e-08}.
[I 2025-08-09 22:02:49,581] Trial 343 finished with values: [0.7787534310370319, 0.12478920741989882] and parameters: {'psi': 0.8532199076100537, 'lda_t': 2.945961959232593e-08}.
[I 2025-08-09 22:02:55,452] Trial 344 finished with values: [0.7817696628435092, 0.12343619683069225] and parameters: {'psi': 0.780864106486775, 'lda_t': 4.851511263044853e-06}.
[I 2025-08-09 22:03:01,335] Trial 345 finished with values: [0.7785556253032899, 0.1248945147679325] and parameters: {'psi': 0.8578860855304938, 'lda_t': 3.822534710137145e-05}.
[I 2025-08-09 22:03:07,208] Trial 346 finished with values: [0.8356180561181469, 0.16791354945968412] and parameters: {'psi': 0.5848484740328913, 'lda_t': 8.105522114561571}.
[I 2025-08-09 22:03:13,089] Trial 347 finished with values: [0.8363078088683149, 0.1687344913151365] and parameters: {'psi': 0.6133564260807276, 'lda_t': 1.7799033228688546}.
[I 2025-08-09 22:03:18,961] Trial 348 finished with values: [0.7781490925468397, 0.12798634812286688] and parameters: {'psi': 0.8771914183664054, 'lda_t': 0.002996875836275841}.
[I 2025-08-09 22:03:24,842] Trial 349 finished with values: [0.785497245471618, 0.12241521918941274] and parameters: {'psi': 0.6571249389018208, 'lda_t': 0.00016109880136943807}.
[I 2025-08-09 22:03:30,716] Trial 350 finished with values: [0.8383097463375783, 0.16299918500407498] and parameters: {'psi': 0.780864106486775, 'lda_t': 1.5393435287387058}.
[I 2025-08-09 22:03:36,599] Trial 351 finished with values: [0.7887804783426764, 0.11851851851851852] and parameters: {'psi': 0.3664534563304187, 'lda_t': 4.903634773014271e-07}.
[I 2025-08-09 22:03:42,464] Trial 352 finished with values: [0.8383143919604968, 0.16299918500407498] and parameters: {'psi': 0.780864106486775, 'lda_t': 1.0589776763029735}.
[I 2025-08-09 22:03:48,446] Trial 353 finished with values: [0.7862385890868286, 0.12191103789126853] and parameters: {'psi': 0.6133564260807276, 'lda_t': 2.7104040808599726e-07}.
[I 2025-08-09 22:03:54,325] Trial 354 finished with values: [0.8356180561181469, 0.16791354945968412] and parameters: {'psi': 0.5848484740328913, 'lda_t': 8.403874970995885}.
[I 2025-08-09 22:04:00,168] Trial 355 finished with values: [0.7824046461445323, 0.12333333333333334] and parameters: {'psi': 0.7645020150166899, 'lda_t': 7.863137569634929e-08}.
[I 2025-08-09 22:04:06,053] Trial 356 finished with values: [0.81997493971693, 0.14680483592400692] and parameters: {'psi': 0.22316156980958157, 'lda_t': 2.2945237441645348}.
[I 2025-08-09 22:04:11,938] Trial 357 finished with values: [0.7798092914740433, 0.11755102040816326] and parameters: {'psi': 0.04482763635550313, 'lda_t': 9.541411591600017}.
[I 2025-08-09 22:04:17,817] Trial 358 finished with values: [0.7871417144826234, 0.12036273701566365] and parameters: {'psi': 0.5432113557331479, 'lda_t': 3.1841187228725425e-07}.
[I 2025-08-09 22:04:23,695] Trial 359 finished with values: [0.7863521215907853, 0.12191103789126853] and parameters: {'psi': 0.6054269012365726, 'lda_t': 1.1850669574288438e-08}.
[I 2025-08-09 22:04:29,569] Trial 360 finished with values: [0.8356180561181469, 0.16791354945968412] and parameters: {'psi': 0.5848484740328913, 'lda_t': 1.2315554300595415}.
[I 2025-08-09 22:04:35,450] Trial 361 finished with values: [0.7873259908583922, 0.12036273701566365] and parameters: {'psi': 0.521231666268979, 'lda_t': 0.00029419211128830163}.
[I 2025-08-09 22:04:41,321] Trial 362 finished with values: [0.8377721581135316, 0.16225165562913907] and parameters: {'psi': 0.8964542676095048, 'lda_t': 0.6540274810639265}.
[I 2025-08-09 22:04:47,200] Trial 363 finished with values: [0.8190062050851804, 0.14642549526270457] and parameters: {'psi': 0.21246225182231493, 'lda_t': 2.2945237441645348}.
[I 2025-08-09 22:04:53,075] Trial 364 finished with values: [0.8344377418882126, 0.15091210613598674] and parameters: {'psi': 0.5093412127818844, 'lda_t': 8.105522114561571}.
[I 2025-08-09 22:04:58,952] Trial 365 finished with values: [0.8315609602714478, 0.16460176991150444] and parameters: {'psi': 0.38203020875658644, 'lda_t': 5.271597475568981}.
[I 2025-08-09 22:05:04,824] Trial 366 finished with values: [0.8369727849629174, 0.16748768472906403] and parameters: {'psi': 0.6396474973933348, 'lda_t': 1.7799033228688546}.
[I 2025-08-09 22:05:10,722] Trial 367 finished with values: [0.7866380311556664, 0.12211221122112212] and parameters: {'psi': 0.5848484740328913, 'lda_t': 9.2664836412423e-06}.
[I 2025-08-09 22:05:16,583] Trial 368 finished with values: [0.8318462993212337, 0.16330114135206322] and parameters: {'psi': 0.3894008339988443, 'lda_t': 1.7799033228688546}.
[I 2025-08-09 22:05:22,449] Trial 369 finished with values: [0.8020262088114589, 0.1356521739130435] and parameters: {'psi': 0.3161166363224328, 'lda_t': 0.016497203696519865}.
[I 2025-08-09 22:05:28,318] Trial 370 finished with values: [0.7857494131437224, 0.12241521918941274] and parameters: {'psi': 0.6444386695110601, 'lda_t': 1.753857614473537e-07}.
[I 2025-08-09 22:05:34,192] Trial 371 finished with values: [0.8356045267601735, 0.16791354945968412] and parameters: {'psi': 0.5848484740328913, 'lda_t': 0.6540274810639265}.
