[I 2025-08-09 21:16:25,904] Trial 498 finished with values: [0.882268044512487, 0.4472243940578577] and parameters: {'psi': 0.531821521899627, 'lda_t': 3.489378124245372}.
[I 2025-08-09 21:16:32,075] Trial 499 finished with values: [0.8481263722725404, 0.3504273504273504] and parameters: {'psi': 0.18603232725216168, 'lda_t': 1.7613452716445653e-05}.
