[I 2025-08-09 21:16:34,953] Trial 370 finished with values: [0.5212975337678526, 0.05744743855493041] and parameters: {'psi': 0.21272653633949934, 'lda_t': 0.003263297047782076}.
[I 2025-08-09 21:16:40,716] Trial 371 finished with values: [0.5138862671695924, 0.07151664611590629] and parameters: {'psi': 0.7879803749280789, 'lda_t': 1.605382366117659}.
[I 2025-08-09 21:16:46,489] Trial 372 finished with values: [0.5284571604225446, 0.06598680263947211] and parameters: {'psi': 0.18554742297985027, 'lda_t': 0.07479713008243548}.
[I 2025-08-09 21:16:52,275] Trial 373 finished with values: [0.5285545956252169, 0.066006600660066] and parameters: {'psi': 0.18446406606328525, 'lda_t': 1.679218201455792}.
[I 2025-08-09 21:16:58,043] Trial 374 finished with values: [0.5283248447705825, 0.0672067206720672] and parameters: {'psi': 0.2009651392527091, 'lda_t': 0.09028789993472693}.
[I 2025-08-09 21:17:03,811] Trial 375 finished with values: [0.5204119898685658, 0.05685218432076601] and parameters: {'psi': 0.7952732315397495, 'lda_t': 0.00014958590939632413}.
[I 2025-08-09 21:17:09,577] Trial 376 finished with values: [0.5285299154237068, 0.066006600660066] and parameters: {'psi': 0.18554742297985027, 'lda_t': 0.24242362043502083}.
[I 2025-08-09 21:17:15,444] Trial 377 finished with values: [0.520714106660185, 0.05992287155146841] and parameters: {'psi': 0.9779303954129316, 'lda_t': 3.9708561004489764e-07}.
[I 2025-08-09 21:17:21,219] Trial 378 finished with values: [0.5141049889005911, 0.07261538461538461] and parameters: {'psi': 0.7454957813589382, 'lda_t': 1.7258585268790365}.
[I 2025-08-09 21:17:26,969] Trial 379 finished with values: [0.5264787859966196, 0.058979652020053085] and parameters: {'psi': 0.2420015797763092, 'lda_t': 1.2700749980753875e-06}.
[I 2025-08-09 21:17:32,728] Trial 380 finished with values: [0.5222350261927309, 0.07255139056831923] and parameters: {'psi': 0.41662340467887315, 'lda_t': 1.6707764782111085}.
[I 2025-08-09 21:17:38,486] Trial 381 finished with values: [0.5241486468068801, 0.05739644970414201] and parameters: {'psi': 0.45173132141405725, 'lda_t': 0.0001874906762532207}.
[I 2025-08-09 21:17:44,249] Trial 382 finished with values: [0.5883617608713116, 0.06381733021077284] and parameters: {'psi': 0.011938476389073527, 'lda_t': 0.15781217738337552}.
[I 2025-08-09 21:17:50,008] Trial 383 finished with values: [0.5670781403767573, 0.06046375110067508] and parameters: {'psi': 0.019003289927011946, 'lda_t': 0.6605394298216357}.
[I 2025-08-09 21:17:55,763] Trial 384 finished with values: [0.5882576269984556, 0.06383601756954611] and parameters: {'psi': 0.011938476389073527, 'lda_t': 0.0003160371366053273}.
[I 2025-08-09 21:18:01,531] Trial 385 finished with values: [0.5259751508769734, 0.05216360403082395] and parameters: {'psi': 0.19190271414135562, 'lda_t': 0.018521511419724274}.
[I 2025-08-09 21:18:07,294] Trial 386 finished with values: [0.5323205338718342, 0.062370062370062374] and parameters: {'psi': 0.11564099438769293, 'lda_t': 0.24242362043502083}.
[I 2025-08-09 21:18:13,069] Trial 387 finished with values: [0.5141064774939652, 0.07204433497536945] and parameters: {'psi': 0.7485990795465144, 'lda_t': 1.7258585268790365}.
[I 2025-08-09 21:18:18,826] Trial 388 finished with values: [0.5249853546939941, 0.07132064067694167] and parameters: {'psi': 0.3652899229266622, 'lda_t': 1.6707764782111085}.
[I 2025-08-09 21:18:24,594] Trial 389 finished with values: [0.5325259259258006, 0.06177606177606178] and parameters: {'psi': 0.11344521132589647, 'lda_t': 3.366345046582663}.
[I 2025-08-09 21:18:30,358] Trial 390 finished with values: [0.5148756235408931, 0.0703971119133574] and parameters: {'psi': 0.9157454102558021, 'lda_t': 0.24242362043502083}.
[I 2025-08-09 21:18:36,115] Trial 391 finished with values: [0.5249882642174073, 0.05786832004723944] and parameters: {'psi': 0.3369961949367154, 'lda_t': 8.876411974367658e-05}.
[I 2025-08-09 21:18:41,883] Trial 392 finished with values: [0.527474401226425, 0.059481743227326266] and parameters: {'psi': 0.09180692623574271, 'lda_t': 0.00015016154511705905}.
[I 2025-08-09 21:18:47,643] Trial 393 finished with values: [0.518420235018107, 0.05798816568047337] and parameters: {'psi': 0.4651862136505718, 'lda_t': 0.002201544415316099}.
[I 2025-08-09 21:18:53,402] Trial 394 finished with values: [0.5274349873336774, 0.06921456515197111] and parameters: {'psi': 0.3111206982660766, 'lda_t': 0.9378315249856422}.
[I 2025-08-09 21:18:59,158] Trial 395 finished with values: [0.5323982790439664, 0.062370062370062374] and parameters: {'psi': 0.11487005474839884, 'lda_t': 6.8753959402383495}.
[I 2025-08-09 21:19:04,932] Trial 396 finished with values: [0.5139272034873819, 0.07268247613181399] and parameters: {'psi': 0.7839952139363443, 'lda_t': 3.9068364788049537}.
[I 2025-08-09 21:19:10,699] Trial 397 finished with values: [0.5419988943472713, 0.060570420464569244] and parameters: {'psi': 0.03164427882113685, 'lda_t': 1.2247262821765781e-06}.
[I 2025-08-09 21:19:16,452] Trial 398 finished with values: [0.5211597712174076, 0.05688622754491018] and parameters: {'psi': 0.7745052415665747, 'lda_t': 3.3838333939154435e-07}.
[I 2025-08-09 21:19:22,211] Trial 399 finished with values: [0.5172471726917681, 0.05920663114268798] and parameters: {'psi': 0.43606737625934555, 'lda_t': 0.004977764378192477}.
[I 2025-08-09 21:19:27,965] Trial 400 finished with values: [0.5235134910794604, 0.07127755964965267] and parameters: {'psi': 0.39315591319140175, 'lda_t': 6.8753959402383495}.
[I 2025-08-09 21:19:33,728] Trial 401 finished with values: [0.5261163473416792, 0.07067351253397765] and parameters: {'psi': 0.3417453938490209, 'lda_t': 0.13469874089745276}.
[I 2025-08-09 21:19:39,497] Trial 402 finished with values: [0.5158542552735662, 0.05635491606714628] and parameters: {'psi': 0.7811417709879188, 'lda_t': 0.0029115185616578696}.
[I 2025-08-09 21:19:45,257] Trial 403 finished with values: [0.5264614980144786, 0.0589622641509434] and parameters: {'psi': 0.21549605990508658, 'lda_t': 3.634051845842708e-05}.
[I 2025-08-09 21:19:51,021] Trial 404 finished with values: [0.5252230390746795, 0.07129909365558912] and parameters: {'psi': 0.3609051887379704, 'lda_t': 1.5709489837161503}.
[I 2025-08-09 21:19:56,782] Trial 405 finished with values: [0.5270820892089989, 0.05955188679245283] and parameters: {'psi': 0.20153140003990733, 'lda_t': 7.499118612910152e-08}.
[I 2025-08-09 21:20:02,536] Trial 406 finished with values: [0.5249853546939941, 0.07132064067694167] and parameters: {'psi': 0.3652899229266622, 'lda_t': 1.6707764782111085}.
[I 2025-08-09 21:20:08,290] Trial 407 finished with values: [0.5255864419321461, 0.05845881310894597] and parameters: {'psi': 0.3369961949367154, 'lda_t': 2.492141150643997e-06}.
[I 2025-08-09 21:20:14,051] Trial 408 finished with values: [0.5883617608713116, 0.06381733021077284] and parameters: {'psi': 0.011938476389073527, 'lda_t': 0.15781217738337552}.
[I 2025-08-09 21:20:19,826] Trial 409 finished with values: [0.5775283872641973, 0.06323185011709602] and parameters: {'psi': 0.011938476389073527, 'lda_t': 1.3844303653817986e-06}.
[I 2025-08-09 21:20:25,588] Trial 410 finished with values: [0.5283440442419424, 0.06853020739404869] and parameters: {'psi': 0.21549605990508658, 'lda_t': 0.172957281173633}.
[I 2025-08-09 21:20:31,344] Trial 411 finished with values: [0.5223356246563231, 0.07376058041112454] and parameters: {'psi': 0.41662340467887315, 'lda_t': 0.24242362043502083}.
[I 2025-08-09 21:20:37,110] Trial 412 finished with values: [0.5134140955008094, 0.05441354292623942] and parameters: {'psi': 0.9068494235588112, 'lda_t': 0.172957281173633}.
[I 2025-08-09 21:20:42,880] Trial 413 finished with values: [0.5252835300963385, 0.057936742536210464] and parameters: {'psi': 0.40473106975067163, 'lda_t': 8.648882238442335e-08}.
[I 2025-08-09 21:20:48,633] Trial 414 finished with values: [0.5246509963231575, 0.06517189835575486] and parameters: {'psi': 0.3417453938490209, 'lda_t': 0.06604255227972794}.
[I 2025-08-09 21:20:54,391] Trial 415 finished with values: [0.5247662438988182, 0.05736250739207569] and parameters: {'psi': 0.5129935619170283, 'lda_t': 4.33710764715649e-07}.
[I 2025-08-09 21:21:00,136] Trial 416 finished with values: [0.5233046820270669, 0.06015924506045414] and parameters: {'psi': 0.27047943679796516, 'lda_t': 0.0003767724099949083}.
[I 2025-08-09 21:21:05,903] Trial 417 finished with values: [0.5776548331218319, 0.06325036603221083] and parameters: {'psi': 0.011938476389073527, 'lda_t': 3.0729255942941188e-06}.
[I 2025-08-09 21:21:11,655] Trial 418 finished with values: [0.5255877444513486, 0.05844155844155844] and parameters: {'psi': 0.31950320521473474, 'lda_t': 1.4621221871377652e-05}.
[I 2025-08-09 21:21:17,414] Trial 419 finished with values: [0.525373860648816, 0.05790251107828656] and parameters: {'psi': 0.38421185337199404, 'lda_t': 3.016567757008958e-08}.
[I 2025-08-09 21:21:23,180] Trial 420 finished with values: [0.5283415237827066, 0.06853020739404869] and parameters: {'psi': 0.21549605990508658, 'lda_t': 3.366345046582663}.
[I 2025-08-09 21:21:28,945] Trial 421 finished with values: [0.5161769417190827, 0.07654921020656136] and parameters: {'psi': 0.5444706760475764, 'lda_t': 1.679218201455792}.
[I 2025-08-09 21:21:34,811] Trial 422 finished with values: [0.5283469537653555, 0.06850961538461539] and parameters: {'psi': 0.21621073817588532, 'lda_t': 1.7258585268790365}.
[I 2025-08-09 21:21:40,579] Trial 423 finished with values: [0.5263753964204506, 0.07063084817386055] and parameters: {'psi': 0.3369961949367154, 'lda_t': 0.9378315249856422}.
[I 2025-08-09 21:21:46,353] Trial 424 finished with values: [0.5239851552732295, 0.071234530636885] and parameters: {'psi': 0.38421185337199404, 'lda_t': 6.8753959402383495}.
[I 2025-08-09 21:21:52,124] Trial 425 finished with values: [0.527026080883296, 0.0692979813196746] and parameters: {'psi': 0.32271650048595146, 'lda_t': 1.5709489837161503}.
[I 2025-08-09 21:21:57,885] Trial 426 finished with values: [0.5283711434076857, 0.06799037304452467] and parameters: {'psi': 0.2534223466012998, 'lda_t': 6.8753959402383495}.
[I 2025-08-09 21:22:03,644] Trial 427 finished with values: [0.5254651384879859, 0.057885410513880686] and parameters: {'psi': 0.3652899229266622, 'lda_t': 2.1289983459377127e-07}.
[I 2025-08-09 21:22:09,414] Trial 428 finished with values: [0.5249853546939941, 0.07132064067694167] and parameters: {'psi': 0.3652899229266622, 'lda_t': 6.0339219113829685}.
[I 2025-08-09 21:22:15,179] Trial 429 finished with values: [0.5246829165015329, 0.057971014492753624] and parameters: {'psi': 0.48962128730025656, 'lda_t': 4.8548241186912784e-05}.
[I 2025-08-09 21:22:20,935] Trial 430 finished with values: [0.5211559651548032, 0.0743651753325272] and parameters: {'psi': 0.43606737625934555, 'lda_t': 6.749511944805281}.
[I 2025-08-09 21:22:26,699] Trial 431 finished with values: [0.5253388956203571, 0.057919621749408984] and parameters: {'psi': 0.3916292512703903, 'lda_t': 2.1921608342835428e-07}.
[I 2025-08-09 21:22:32,451] Trial 432 finished with values: [0.5231272349305336, 0.058402860548271755] and parameters: {'psi': 0.6796282242370548, 'lda_t': 7.499118612910152e-08}.
[I 2025-08-09 21:22:38,213] Trial 433 finished with values: [0.5141150369058667, 0.074594925099358] and parameters: {'psi': 0.6609097246518469, 'lda_t': 1.5618811475563719}.
[I 2025-08-09 21:22:43,973] Trial 434 finished with values: [0.5249876044998892, 0.05737947352854185] and parameters: {'psi': 0.46525648853256873, 'lda_t': 5.821212514540437e-06}.
[I 2025-08-09 21:22:49,733] Trial 435 finished with values: [0.5187541704930987, 0.05798816568047337] and parameters: {'psi': 0.3808768807475301, 'lda_t': 0.001819972018593491}.
[I 2025-08-09 21:22:55,497] Trial 436 finished with values: [0.5156955847525477, 0.07537993920972644] and parameters: {'psi': 0.5591117731158273, 'lda_t': 9.285476037218547}.
[I 2025-08-09 21:23:01,265] Trial 437 finished with values: [0.5178752068531591, 0.0757346258709482] and parameters: {'psi': 0.5012437803779732, 'lda_t': 0.576748928817776}.
[I 2025-08-09 21:23:07,031] Trial 438 finished with values: [0.5263817229422907, 0.07063084817386055] and parameters: {'psi': 0.3369961949367154, 'lda_t': 0.24242362043502083}.
[I 2025-08-09 21:23:12,800] Trial 439 finished with values: [0.5260795554031702, 0.05901445854234287] and parameters: {'psi': 0.2779575128929185, 'lda_t': 2.923487435172061e-08}.
[I 2025-08-09 21:23:18,573] Trial 440 finished with values: [0.5138370420932423, 0.06907184705519581] and parameters: {'psi': 0.8091616499479686, 'lda_t': 3.707920685062097}.
[I 2025-08-09 21:23:24,343] Trial 441 finished with values: [0.5189461821225315, 0.058666666666666666] and parameters: {'psi': 0.41662340467887315, 'lda_t': 0.007114288729719088}.
[I 2025-08-09 21:23:30,117] Trial 442 finished with values: [0.5140937060394484, 0.07206652294425624] and parameters: {'psi': 0.7576255469885974, 'lda_t': 3.02724202885288}.
[I 2025-08-09 21:23:35,887] Trial 443 finished with values: [0.5272029359256465, 0.06925624811803674] and parameters: {'psi': 0.3194084783954758, 'lda_t': 0.172957281173633}.
[I 2025-08-09 21:23:41,661] Trial 444 finished with values: [0.5520400825418259, 0.05826957033549147] and parameters: {'psi': 0.03009391477231982, 'lda_t': 0.012117595196552231}.
[I 2025-08-09 21:23:47,421] Trial 445 finished with values: [0.5198450556988505, 0.06441992245750075] and parameters: {'psi': 0.41662340467887315, 'lda_t': 0.07034223860351198}.
[I 2025-08-09 21:23:53,175] Trial 446 finished with values: [0.5198498767114828, 0.0761789600967352] and parameters: {'psi': 0.4605776688984864, 'lda_t': 1.679218201455792}.
[I 2025-08-09 21:23:58,946] Trial 447 finished with values: [0.5258507010877269, 0.05953433539640436] and parameters: {'psi': 0.1844175321007261, 'lda_t': 0.00012601999875645186}.
[I 2025-08-09 21:24:04,711] Trial 448 finished with values: [0.5142930083932478, 0.06909315237507711] and parameters: {'psi': 0.8310596462762743, 'lda_t': 3.7613874506846705}.
[I 2025-08-09 21:24:10,483] Trial 449 finished with values: [0.512342460513919, 0.07190737355271176] and parameters: {'psi': 0.7503043999546729, 'lda_t': 0.24242362043502083}.
[I 2025-08-09 21:24:16,249] Trial 450 finished with values: [0.5283645800641723, 0.06794948887552615] and parameters: {'psi': 0.23397572097643582, 'lda_t': 0.24242362043502083}.
[I 2025-08-09 21:24:22,015] Trial 451 finished with values: [0.524584618591337, 0.05737947352854185] and parameters: {'psi': 0.537552611806514, 'lda_t': 5.669231006152749e-06}.
[I 2025-08-09 21:24:27,783] Trial 452 finished with values: [0.5222980207577919, 0.05852793378657996] and parameters: {'psi': 0.4564884576124264, 'lda_t': 0.0006118698332172764}.
[I 2025-08-09 21:24:33,549] Trial 453 finished with values: [0.5222350261927309, 0.07255139056831923] and parameters: {'psi': 0.41662340467887315, 'lda_t': 0.9378315249856422}.
[I 2025-08-09 21:24:39,415] Trial 454 finished with values: [0.5159796861811728, 0.07755225689185095] and parameters: {'psi': 0.5444706760475764, 'lda_t': 0.172957281173633}.
[I 2025-08-09 21:24:45,179] Trial 455 finished with values: [0.5229613920959854, 0.07250755287009064] and parameters: {'psi': 0.40473106975067163, 'lda_t': 0.24242362043502083}.
[I 2025-08-09 21:24:50,947] Trial 456 finished with values: [0.5283618227832634, 0.0672067206720672] and parameters: {'psi': 0.2009651392527091, 'lda_t': 2.053615667257571}.
[I 2025-08-09 21:24:56,716] Trial 457 finished with values: [0.5239033333851522, 0.057971014492753624] and parameters: {'psi': 0.4564884576124264, 'lda_t': 0.00023585111997246908}.
[I 2025-08-09 21:25:02,479] Trial 458 finished with values: [0.5251486770693068, 0.057936742536210464] and parameters: {'psi': 0.4355374275062672, 'lda_t': 3.7620013985433333e-07}.
[I 2025-08-09 21:25:08,245] Trial 459 finished with values: [0.5283469537653555, 0.06850961538461539] and parameters: {'psi': 0.21621073817588532, 'lda_t': 1.5709489837161503}.
[I 2025-08-09 21:25:14,013] Trial 460 finished with values: [0.5283711434076857, 0.06799037304452467] and parameters: {'psi': 0.2534223466012998, 'lda_t': 1.7258585268790365}.
[I 2025-08-09 21:25:19,774] Trial 461 finished with values: [0.5211559651548032, 0.0743651753325272] and parameters: {'psi': 0.43606737625934555, 'lda_t': 6.749511944805281}.
[I 2025-08-09 21:25:25,538] Trial 462 finished with values: [0.5283552932714175, 0.06794948887552615] and parameters: {'psi': 0.23140198410933066, 'lda_t': 1.726758991289312}.
[I 2025-08-09 21:25:31,297] Trial 463 finished with values: [0.5263753964204506, 0.07063084817386055] and parameters: {'psi': 0.3369961949367154, 'lda_t': 1.5709489837161503}.
[I 2025-08-09 21:25:37,061] Trial 464 finished with values: [0.5210696267391021, 0.05812574139976275] and parameters: {'psi': 0.3637879478297035, 'lda_t': 0.011065803730177896}.
[I 2025-08-09 21:25:42,824] Trial 465 finished with values: [0.5193521621336659, 0.057313432835820896] and parameters: {'psi': 0.8412326322435474, 'lda_t': 0.0004474592219134644}.
[I 2025-08-09 21:25:48,589] Trial 466 finished with values: [0.5252332562382931, 0.057936742536210464] and parameters: {'psi': 0.41662340467887315, 'lda_t': 1.2318719899302496e-07}.
[I 2025-08-09 21:25:54,347] Trial 467 finished with values: [0.5283725981693921, 0.06799037304452467] and parameters: {'psi': 0.2534223466012998, 'lda_t': 0.24242362043502083}.
[I 2025-08-09 21:26:00,104] Trial 468 finished with values: [0.5285299154237068, 0.066006600660066] and parameters: {'psi': 0.18554742297985027, 'lda_t': 1.5709489837161503}.
[I 2025-08-09 21:26:05,868] Trial 469 finished with values: [0.5368500359402263, 0.06028368794326241] and parameters: {'psi': 0.07433921990638259, 'lda_t': 1.1203446504284649}.
[I 2025-08-09 21:26:11,627] Trial 470 finished with values: [0.5252230390746795, 0.07129909365558912] and parameters: {'psi': 0.3609051887379704, 'lda_t': 1.5038144686708033}.
[I 2025-08-09 21:26:17,389] Trial 471 finished with values: [0.5283858432672554, 0.0666266506602641] and parameters: {'psi': 0.19828703853037466, 'lda_t': 2.698483431209003}.
[I 2025-08-09 21:26:23,161] Trial 472 finished with values: [0.5085485603940347, 0.0666266506602641] and parameters: {'psi': 0.9453716709637858, 'lda_t': 0.24242362043502083}.
[I 2025-08-09 21:26:28,917] Trial 473 finished with values: [0.5161769417190827, 0.07654921020656136] and parameters: {'psi': 0.5444706760475764, 'lda_t': 1.679218201455792}.
[I 2025-08-09 21:26:34,676] Trial 474 finished with values: [0.519098915185887, 0.07566585956416465] and parameters: {'psi': 0.4754714054106882, 'lda_t': 9.092547133323265}.
[I 2025-08-09 21:26:40,438] Trial 475 finished with values: [0.5283082334217934, 0.06855081178592905] and parameters: {'psi': 0.26928988361802275, 'lda_t': 0.19824861945874483}.
[I 2025-08-09 21:26:46,208] Trial 476 finished with values: [0.5210031813439464, 0.05851063829787234] and parameters: {'psi': 0.3609051887379704, 'lda_t': 0.0008842808194753231}.
[I 2025-08-09 21:26:51,967] Trial 477 finished with values: [0.5213579232945089, 0.058229352346999406] and parameters: {'psi': 0.9426825761404273, 'lda_t': 5.994104777231467e-07}.
[I 2025-08-09 21:26:57,734] Trial 478 finished with values: [0.5240019696120239, 0.057971014492753624] and parameters: {'psi': 0.49507201673385837, 'lda_t': 0.00019703395208295772}.
[I 2025-08-09 21:27:03,503] Trial 479 finished with values: [0.5252454018069594, 0.07190332326283988] and parameters: {'psi': 0.3609051887379704, 'lda_t': 0.24242362043502083}.
[I 2025-08-09 21:27:09,266] Trial 480 finished with values: [0.528377875909537, 0.06796992481203007] and parameters: {'psi': 0.24268287309765046, 'lda_t': 0.24242362043502083}.
[I 2025-08-09 21:27:15,024] Trial 481 finished with values: [0.521184519082253, 0.05938242280285035] and parameters: {'psi': 0.9468943893189498, 'lda_t': 3.429782702076666e-05}.
[I 2025-08-09 21:27:20,781] Trial 482 finished with values: [0.525704023892871, 0.05949926362297496] and parameters: {'psi': 0.13017197636715472, 'lda_t': 0.00020855290820974448}.
[I 2025-08-09 21:27:26,549] Trial 483 finished with values: [0.528050706768064, 0.06700568351779838] and parameters: {'psi': 0.18698381230807348, 'lda_t': 0.04845257994926425}.
[I 2025-08-09 21:27:32,326] Trial 484 finished with values: [0.528363598945812, 0.06799037304452467] and parameters: {'psi': 0.25924068967336766, 'lda_t': 1.7258585268790365}.
[I 2025-08-09 21:27:38,199] Trial 485 finished with values: [0.5212675927420315, 0.07496977025392987] and parameters: {'psi': 0.43606737625934555, 'lda_t': 0.2577734950480227}.
[I 2025-08-09 21:27:43,961] Trial 486 finished with values: [0.577490360469821, 0.06323185011709602] and parameters: {'psi': 0.011938476389073527, 'lda_t': 3.4127067769606246e-07}.
[I 2025-08-09 21:27:49,718] Trial 487 finished with values: [0.5236871490292231, 0.07138535995160314] and parameters: {'psi': 0.3911916854334102, 'lda_t': 0.172957281173633}.
[I 2025-08-09 21:27:55,477] Trial 488 finished with values: [0.5283062711850731, 0.06855081178592905] and parameters: {'psi': 0.2696301672768818, 'lda_t': 0.24242362043502083}.
[I 2025-08-09 21:28:01,248] Trial 489 finished with values: [0.539400165548499, 0.059049306170652495] and parameters: {'psi': 0.059799352848140974, 'lda_t': 0.7347560253373413}.
[I 2025-08-09 21:28:07,013] Trial 490 finished with values: [0.5245276122314402, 0.05737947352854185] and parameters: {'psi': 0.5483386407004663, 'lda_t': 5.140381857788805e-08}.
[I 2025-08-09 21:28:12,777] Trial 491 finished with values: [0.5283440442419424, 0.06853020739404869] and parameters: {'psi': 0.21549605990508658, 'lda_t': 0.172957281173633}.
[I 2025-08-09 21:28:18,535] Trial 492 finished with values: [0.5189052119730745, 0.06814106395696354] and parameters: {'psi': 0.43606737625934555, 'lda_t': 0.07874660191834312}.
