[I 2025-08-09 21:31:04,909] Trial 375 finished with values: [0.9992588902825187, 0.6374133949191686] and parameters: {'psi': 0.6139495376939874, 'lda_t': 0.00017825894357270805}.
[I 2025-08-09 21:31:09,764] Trial 376 finished with values: [0.9992546689384534, 0.6374133949191686] and parameters: {'psi': 0.6139945749306448, 'lda_t': 9.254665093165171e-07}.
[I 2025-08-09 21:31:14,628] Trial 377 finished with values: [0.9996702074948908, 0.6651162790697674] and parameters: {'psi': 0.7210602370538151, 'lda_t': 0.631196044665356}.
[I 2025-08-09 21:31:19,483] Trial 378 finished with values: [0.9992631116265841, 0.6342592592592593] and parameters: {'psi': 0.6553781473491108, 'lda_t': 0.0012303651759445308}.
[I 2025-08-09 21:31:24,342] Trial 379 finished with values: [0.9992013744696276, 0.6325581395348837] and parameters: {'psi': 0.699920017099726, 'lda_t': 0.00010084541772774045}.
[I 2025-08-09 21:31:29,205] Trial 380 finished with values: [0.9996694159928786, 0.6635730858468677] and parameters: {'psi': 0.7204836236275353, 'lda_t': 0.3792031386660148}.
[I 2025-08-09 21:31:34,065] Trial 381 finished with values: [0.9996670414868417, 0.6425339366515838] and parameters: {'psi': 0.37560186727761, 'lda_t': 0.510245601184084}.
[I 2025-08-09 21:31:38,918] Trial 382 finished with values: [0.9996670414868418, 0.6425339366515838] and parameters: {'psi': 0.37817913060821806, 'lda_t': 0.510245601184084}.
[I 2025-08-09 21:31:43,877] Trial 383 finished with values: [0.9996826076930829, 0.6514806378132119] and parameters: {'psi': 0.5655822541848996, 'lda_t': 0.25847869819422975}.
[I 2025-08-09 21:31:48,735] Trial 384 finished with values: [0.9996760118429807, 0.6605504587155964] and parameters: {'psi': 0.6922160502288499, 'lda_t': 2.187516815194802}.
[I 2025-08-09 21:31:53,592] Trial 385 finished with values: [0.999664666980805, 0.6651053864168618] and parameters: {'psi': 0.7406541336582808, 'lda_t': 1.8774869750285137}.
[I 2025-08-09 21:31:58,450] Trial 386 finished with values: [0.9996026659898445, 0.6337078651685393] and parameters: {'psi': 0.204437440184271, 'lda_t': 9.697820515809928}.
[I 2025-08-09 21:32:03,351] Trial 387 finished with values: [0.9977399979209881, 0.6210045662100456] and parameters: {'psi': 0.007235754973101471, 'lda_t': 0.510245601184084}.
[I 2025-08-09 21:32:08,220] Trial 388 finished with values: [0.9992525582664206, 0.631578947368421] and parameters: {'psi': 0.21511636051461913, 'lda_t': 1.9661476434313964e-05}.
[I 2025-08-09 21:32:13,079] Trial 389 finished with values: [0.9992016383036318, 0.6325581395348837] and parameters: {'psi': 0.699920017099726, 'lda_t': 0.0001059788237477327}.
[I 2025-08-09 21:32:17,943] Trial 390 finished with values: [0.9994327568912124, 0.6241457858769932] and parameters: {'psi': 0.7406541336582808, 'lda_t': 0.06845629039754987}.
[I 2025-08-09 21:32:22,775] Trial 391 finished with values: [0.9996256195482001, 0.6509433962264151] and parameters: {'psi': 0.8156112571557347, 'lda_t': 2.187516815194802}.
[I 2025-08-09 21:32:27,609] Trial 392 finished with values: [0.9996849821991197, 0.6682027649769585] and parameters: {'psi': 0.6139495376939874, 'lda_t': 0.20423330891895217}.
[I 2025-08-09 21:32:32,458] Trial 393 finished with values: [0.9988375473779914, 0.6258823529411764] and parameters: {'psi': 0.9036661939267101, 'lda_t': 0.0030489764780311027}.
[I 2025-08-09 21:32:37,325] Trial 394 finished with values: [0.9996651946488132, 0.6410835214446953] and parameters: {'psi': 0.33132034675711053, 'lda_t': 7.037117756565447}.
[I 2025-08-09 21:32:42,195] Trial 395 finished with values: [0.9994174545189752, 0.6247191011235955] and parameters: {'psi': 0.07418861583442338, 'lda_t': 0.5003822255046932}.
[I 2025-08-09 21:32:47,048] Trial 396 finished with values: [0.9996831353610911, 0.6605922551252847] and parameters: {'psi': 0.6139495376939874, 'lda_t': 5.737255514304807}.
[I 2025-08-09 21:32:51,901] Trial 397 finished with values: [0.9992868566869519, 0.6388888888888888] and parameters: {'psi': 0.512505520816085, 'lda_t': 1.3629325045130359e-08}.
[I 2025-08-09 21:32:56,780] Trial 398 finished with values: [0.9992274940360324, 0.6255707762557078] and parameters: {'psi': 0.11991557385748453, 'lda_t': 1.3086492359568192e-07}.
[I 2025-08-09 21:33:01,637] Trial 399 finished with values: [0.9996446155964944, 0.6382022471910113] and parameters: {'psi': 0.273617161952473, 'lda_t': 0.8314984495916307}.
[I 2025-08-09 21:33:06,463] Trial 400 finished with values: [0.9991815869193211, 0.6293706293706294] and parameters: {'psi': 0.7210602370538151, 'lda_t': 1.8432517016113043e-07}.
[I 2025-08-09 21:33:11,291] Trial 401 finished with values: [0.9992546689384534, 0.6374133949191686] and parameters: {'psi': 0.6139495376939874, 'lda_t': 8.39252765865076e-08}.
[I 2025-08-09 21:33:16,151] Trial 402 finished with values: [0.9996575434626946, 0.6382022471910113] and parameters: {'psi': 0.3048270248489161, 'lda_t': 2.187516815194802}.
[I 2025-08-09 21:33:21,012] Trial 403 finished with values: [0.9994831491859929, 0.625] and parameters: {'psi': 0.4037520049691654, 'lda_t': 0.02961278487801061}.
[I 2025-08-09 21:33:25,865] Trial 404 finished with values: [0.9991623270370228, 0.6323185011709602] and parameters: {'psi': 0.7406541336582808, 'lda_t': 3.744271897819415e-06}.
[I 2025-08-09 21:33:30,725] Trial 405 finished with values: [0.9996612371387519, 0.6619718309859155] and parameters: {'psi': 0.7545640022025216, 'lda_t': 0.631196044665356}.
[I 2025-08-09 21:33:35,579] Trial 406 finished with values: [0.9996691521588745, 0.6666666666666666] and parameters: {'psi': 0.7204836236275353, 'lda_t': 0.2500036771804381}.
[I 2025-08-09 21:33:40,430] Trial 407 finished with values: [0.9996783863490176, 0.6455981941309256] and parameters: {'psi': 0.514175773261813, 'lda_t': 0.631196044665356}.
[I 2025-08-09 21:33:45,281] Trial 408 finished with values: [0.9993106017473198, 0.628175519630485] and parameters: {'psi': 0.6139945749306448, 'lda_t': 0.002351528822123651}.
[I 2025-08-09 21:33:50,136] Trial 409 finished with values: [0.9996804970210502, 0.6621004566210046] and parameters: {'psi': 0.6642643417899524, 'lda_t': 5.737255514304807}.
[I 2025-08-09 21:33:54,991] Trial 410 finished with values: [0.9996264110502123, 0.6481481481481481] and parameters: {'psi': 0.7716104044781326, 'lda_t': 0.20423330891895217}.
[I 2025-08-09 21:33:59,831] Trial 411 finished with values: [0.9992884396909766, 0.6359447004608295] and parameters: {'psi': 0.4744133650001884, 'lda_t': 2.906651432417719e-05}.
[I 2025-08-09 21:34:04,686] Trial 412 finished with values: [0.9995834061075461, 0.6320754716981132] and parameters: {'psi': 0.8474126101441692, 'lda_t': 0.510245601184084}.
[I 2025-08-09 21:34:09,538] Trial 413 finished with values: [0.9996754841749727, 0.6396396396396397] and parameters: {'psi': 0.48933503606737105, 'lda_t': 2.187516815194802}.
[I 2025-08-09 21:34:14,465] Trial 414 finished with values: [0.9996836630290993, 0.6605922551252847] and parameters: {'psi': 0.6193342125990026, 'lda_t': 2.9322770409425405}.
[I 2025-08-09 21:34:19,317] Trial 415 finished with values: [0.9996564881266784, 0.6619385342789598] and parameters: {'psi': 0.7722474510899635, 'lda_t': 1.757075392160293}.
[I 2025-08-09 21:34:24,165] Trial 416 finished with values: [0.9993757687463295, 0.6181818181818182] and parameters: {'psi': 0.4106091985855306, 'lda_t': 0.005232042425759974}.
[I 2025-08-09 21:34:29,019] Trial 417 finished with values: [0.9992879120229683, 0.6388888888888888] and parameters: {'psi': 0.5118130787557225, 'lda_t': 1.14992738550751e-05}.
[I 2025-08-09 21:34:33,876] Trial 418 finished with values: [0.9996815523570666, 0.6621004566210046] and parameters: {'psi': 0.6616784613550047, 'lda_t': 5.888163643446603}.
[I 2025-08-09 21:34:38,738] Trial 419 finished with values: [0.9995815592695175, 0.6413301662707839] and parameters: {'psi': 0.9672973810502236, 'lda_t': 0.631196044665356}.
[I 2025-08-09 21:34:43,581] Trial 420 finished with values: [0.999664666980805, 0.6651053864168618] and parameters: {'psi': 0.7406541336582808, 'lda_t': 0.8314984495916307}.
[I 2025-08-09 21:34:48,435] Trial 421 finished with values: [0.9996731096689357, 0.6620689655172414] and parameters: {'psi': 0.7040877876796693, 'lda_t': 0.3792031386660148}.
[I 2025-08-09 21:34:53,300] Trial 422 finished with values: [0.9992612647885555, 0.6330275229357798] and parameters: {'psi': 0.26857730281705794, 'lda_t': 1.4618061336140485e-07}.
[I 2025-08-09 21:34:58,157] Trial 423 finished with values: [0.9996702074948908, 0.6651162790697674] and parameters: {'psi': 0.7210602370538151, 'lda_t': 0.631196044665356}.
[I 2025-08-09 21:35:02,996] Trial 424 finished with values: [0.9992522944324166, 0.6374133949191686] and parameters: {'psi': 0.6193342125990026, 'lda_t': 1.4359243025648687e-07}.
[I 2025-08-09 21:35:07,847] Trial 425 finished with values: [0.9996760118429808, 0.636568848758465] and parameters: {'psi': 0.48143537743917386, 'lda_t': 4.826990786113287}.
[I 2025-08-09 21:35:12,704] Trial 426 finished with values: [0.999673901170948, 0.6651270207852193] and parameters: {'psi': 0.7040877876796693, 'lda_t': 0.510245601184084}.
[I 2025-08-09 21:35:17,565] Trial 427 finished with values: [0.9996860375351361, 0.6529680365296804] and parameters: {'psi': 0.567354569372361, 'lda_t': 0.20423330891895217}.
[I 2025-08-09 21:35:22,434] Trial 428 finished with values: [0.9995868359495993, 0.6351351351351351] and parameters: {'psi': 0.18540064494751474, 'lda_t': 5.737255514304807}.
[I 2025-08-09 21:35:27,269] Trial 429 finished with values: [0.9992794693348375, 0.6287015945330297] and parameters: {'psi': 0.27170666053270054, 'lda_t': 0.0004020473585092203}.
[I 2025-08-09 21:35:32,122] Trial 430 finished with values: [0.9996063596659017, 0.6337078651685393] and parameters: {'psi': 0.2074632780274187, 'lda_t': 0.8314984495916307}.
[I 2025-08-09 21:35:36,975] Trial 431 finished with values: [0.9992604732865432, 0.6301369863013698] and parameters: {'psi': 0.23045559039483876, 'lda_t': 0.00010077062411589049}.
[I 2025-08-09 21:35:41,841] Trial 432 finished with values: [0.9994422549153594, 0.6177777777777778] and parameters: {'psi': 0.15481143984628498, 'lda_t': 0.01114148648283067}.
[I 2025-08-09 21:35:46,699] Trial 433 finished with values: [0.9996839268631034, 0.6682027649769585] and parameters: {'psi': 0.6193342125990026, 'lda_t': 0.20423330891895217}.
[I 2025-08-09 21:35:51,553] Trial 434 finished with values: [0.9996833991950952, 0.6590909090909091] and parameters: {'psi': 0.5905734562928384, 'lda_t': 0.631196044665356}.
[I 2025-08-09 21:35:56,412] Trial 435 finished with values: [0.9996675691548499, 0.6425339366515838] and parameters: {'psi': 0.393174178368212, 'lda_t': 0.3792031386660148}.
[I 2025-08-09 21:36:01,275] Trial 436 finished with values: [0.999549899189027, 0.6382978723404256] and parameters: {'psi': 0.9486972304144424, 'lda_t': 0.9193856269346047}.
[I 2025-08-09 21:36:06,135] Trial 437 finished with values: [0.9996522667826129, 0.6651162790697674] and parameters: {'psi': 0.765754710238426, 'lda_t': 0.24484399614342617}.
[I 2025-08-09 21:36:10,994] Trial 438 finished with values: [0.999183697591354, 0.618510158013544] and parameters: {'psi': 0.029492516748316544, 'lda_t': 0.07961937461423342}.
[I 2025-08-09 21:36:15,817] Trial 439 finished with values: [0.9996789140170258, 0.6439909297052154] and parameters: {'psi': 0.5260734742259894, 'lda_t': 5.737255514304807}.
[I 2025-08-09 21:36:20,658] Trial 440 finished with values: [0.9996775948470052, 0.6455981941309256] and parameters: {'psi': 0.5025437683939268, 'lda_t': 1.757075392160293}.
[I 2025-08-09 21:36:25,507] Trial 441 finished with values: [0.9996694159928786, 0.6635730858468677] and parameters: {'psi': 0.7204836236275353, 'lda_t': 0.3792031386660148}.
[I 2025-08-09 21:36:30,368] Trial 442 finished with values: [0.9996414495884453, 0.6587677725118484] and parameters: {'psi': 0.7960142216081595, 'lda_t': 5.888163643446603}.
[I 2025-08-09 21:36:35,334] Trial 443 finished with values: [0.9992517667644084, 0.6330275229357798] and parameters: {'psi': 0.23320908011687025, 'lda_t': 2.319422875414056e-08}.
[I 2025-08-09 21:36:40,188] Trial 444 finished with values: [0.9992665414686372, 0.6359447004608295] and parameters: {'psi': 0.6139495376939874, 'lda_t': 0.0003483210904874326}.
[I 2025-08-09 21:36:45,050] Trial 445 finished with values: [0.9995694229053295, 0.6334841628959276] and parameters: {'psi': 0.3425936661878308, 'lda_t': 0.04637534832805186}.
[I 2025-08-09 21:36:49,911] Trial 446 finished with values: [0.9996045128278731, 0.6337078651685393] and parameters: {'psi': 0.20518467025321896, 'lda_t': 2.187516815194802}.
[I 2025-08-09 21:36:54,762] Trial 447 finished with values: [0.9996836630290993, 0.6605922551252847] and parameters: {'psi': 0.6193342125990026, 'lda_t': 0.8314984495916307}.
[I 2025-08-09 21:36:59,617] Trial 448 finished with values: [0.9996852460331238, 0.6621004566210046] and parameters: {'psi': 0.5905734562928384, 'lda_t': 0.25847869819422975}.
[I 2025-08-09 21:37:04,494] Trial 449 finished with values: [0.9958018733269627, 0.6310904872389791] and parameters: {'psi': 0.004482384390358862, 'lda_t': 7.493338136021558e-08}.
[I 2025-08-09 21:37:09,357] Trial 450 finished with values: [0.9996704713288949, 0.6651162790697674] and parameters: {'psi': 0.7204836236275353, 'lda_t': 0.631196044665356}.
[I 2025-08-09 21:37:14,216] Trial 451 finished with values: [0.9991625908710269, 0.6323185011709602] and parameters: {'psi': 0.7406541336582808, 'lda_t': 1.3409144409759167e-05}.
[I 2025-08-09 21:37:19,085] Trial 452 finished with values: [0.9996250918801919, 0.6263982102908278] and parameters: {'psi': 0.23027919167346755, 'lda_t': 0.20423330891895217}.
[I 2025-08-09 21:37:23,950] Trial 453 finished with values: [0.9992923972010379, 0.6129032258064516] and parameters: {'psi': 0.8006105032868955, 'lda_t': 0.02049249071159475}.
[I 2025-08-09 21:37:28,809] Trial 454 finished with values: [0.9995185029425406, 0.624113475177305] and parameters: {'psi': 0.9009530077655943, 'lda_t': 0.510245601184084}.
[I 2025-08-09 21:37:33,603] Trial 455 finished with values: [0.9991544120169001, 0.6178489702517163] and parameters: {'psi': 0.9995940564645345, 'lda_t': 1.5018483420392998e-06}.
[I 2025-08-09 21:37:38,439] Trial 456 finished with values: [0.9992610009545514, 0.6359447004608295] and parameters: {'psi': 0.6193342125990026, 'lda_t': 0.00027825016399092036}.
[I 2025-08-09 21:37:43,286] Trial 457 finished with values: [0.9995440948409371, 0.6405529953917051] and parameters: {'psi': 0.9995940564645345, 'lda_t': 0.25847869819422975}.
[I 2025-08-09 21:37:48,134] Trial 458 finished with values: [0.9996084703379344, 0.6337078651685393] and parameters: {'psi': 0.21028958147692822, 'lda_t': 0.8314984495916307}.
[I 2025-08-09 21:37:52,970] Trial 459 finished with values: [0.9996833991950952, 0.6590909090909091] and parameters: {'psi': 0.5905734562928384, 'lda_t': 0.631196044665356}.
[I 2025-08-09 21:37:57,816] Trial 460 finished with values: [0.999223272691967, 0.6388888888888888] and parameters: {'psi': 0.6651243828320919, 'lda_t': 3.061445664451925e-07}.
[I 2025-08-09 21:38:02,675] Trial 461 finished with values: [0.9991942509515174, 0.6310904872389791] and parameters: {'psi': 0.7040877876796693, 'lda_t': 2.740095785020082e-06}.
[I 2025-08-09 21:38:07,547] Trial 462 finished with values: [0.9995388181608553, 0.6258503401360545] and parameters: {'psi': 0.13793570164975355, 'lda_t': 2.187516815194802}.
[I 2025-08-09 21:38:12,403] Trial 463 finished with values: [0.999673901170948, 0.6651270207852193] and parameters: {'psi': 0.7040877876796693, 'lda_t': 0.510245601184084}.
[I 2025-08-09 21:38:17,277] Trial 464 finished with values: [0.9995425118369126, 0.6320541760722348] and parameters: {'psi': 0.14312641311680474, 'lda_t': 0.24484399614342617}.
[I 2025-08-09 21:38:22,136] Trial 465 finished with values: [0.9992768309947967, 0.6330275229357798] and parameters: {'psi': 0.35028431618399647, 'lda_t': 3.598269491842669e-07}.
[I 2025-08-09 21:38:26,997] Trial 466 finished with values: [0.9993847391024684, 0.6241457858769932] and parameters: {'psi': 0.5307690110865159, 'lda_t': 0.007258999215480892}.
[I 2025-08-09 21:38:31,851] Trial 467 finished with values: [0.9992032213076563, 0.6357308584686775] and parameters: {'psi': 0.6940211494285826, 'lda_t': 3.5084490844773414e-05}.
[I 2025-08-09 21:38:36,717] Trial 468 finished with values: [0.9992984653831318, 0.6157303370786517] and parameters: {'psi': 0.05672395589962265, 'lda_t': 0.0018853740839412378}.
[I 2025-08-09 21:38:41,570] Trial 469 finished with values: [0.9992842183469111, 0.6388888888888888] and parameters: {'psi': 0.5831861382816079, 'lda_t': 0.0005104843423202926}.
[I 2025-08-09 21:38:46,421] Trial 470 finished with values: [0.9996717904989154, 0.6334841628959276] and parameters: {'psi': 0.44935873603396337, 'lda_t': 0.631196044665356}.
[I 2025-08-09 21:38:51,280] Trial 471 finished with values: [0.9995211412825815, 0.624113475177305] and parameters: {'psi': 0.8988734437820491, 'lda_t': 0.8049444265988394}.
[I 2025-08-09 21:38:56,130] Trial 472 finished with values: [0.9992805246708538, 0.6388888888888888] and parameters: {'psi': 0.6193342125990026, 'lda_t': 0.0010875592090259856}.
[I 2025-08-09 21:39:00,989] Trial 473 finished with values: [0.9992298685420691, 0.6388888888888888] and parameters: {'psi': 0.6574783116322808, 'lda_t': 6.151753030645604e-07}.
[I 2025-08-09 21:39:05,849] Trial 474 finished with values: [0.9996638754787928, 0.6635730858468677] and parameters: {'psi': 0.7406541336582808, 'lda_t': 0.25847869819422975}.
[I 2025-08-09 21:39:10,701] Trial 475 finished with values: [0.9996839268631034, 0.6682027649769585] and parameters: {'psi': 0.6193342125990026, 'lda_t': 0.20423330891895217}.
[I 2025-08-09 21:39:15,555] Trial 476 finished with values: [0.9991823784213334, 0.6293706293706294] and parameters: {'psi': 0.7204836236275353, 'lda_t': 1.9611525311226733e-08}.
[I 2025-08-09 21:39:20,529] Trial 477 finished with values: [0.999434867563245, 0.6202247191011236] and parameters: {'psi': 0.6139495376939874, 'lda_t': 0.03242343987151511}.
[I 2025-08-09 21:39:25,387] Trial 478 finished with values: [0.9996546412886498, 0.6619385342789598] and parameters: {'psi': 0.780460317977354, 'lda_t': 0.7604457306281995}.
[I 2025-08-09 21:39:30,248] Trial 479 finished with values: [0.9995950148037259, 0.649164677804296] and parameters: {'psi': 0.9744243682710926, 'lda_t': 1.8774869750285137}.
[I 2025-08-09 21:39:35,100] Trial 480 finished with values: [0.9996836630290993, 0.6605922551252847] and parameters: {'psi': 0.6193342125990026, 'lda_t': 0.8314984495916307}.
[I 2025-08-09 21:39:39,959] Trial 481 finished with values: [0.999202429805644, 0.6357308584686775] and parameters: {'psi': 0.6940211494285826, 'lda_t': 4.433997219112522e-06}.
[I 2025-08-09 21:39:44,816] Trial 482 finished with values: [0.9996741650049521, 0.6651270207852193] and parameters: {'psi': 0.7083299749631123, 'lda_t': 0.25847869819422975}.
[I 2025-08-09 21:39:49,676] Trial 483 finished with values: [0.999682871527087, 0.6590909090909091] and parameters: {'psi': 0.587946736752917, 'lda_t': 1.8275295652032468}.
[I 2025-08-09 21:39:54,501] Trial 484 finished with values: [0.9996836630290993, 0.6605922551252847] and parameters: {'psi': 0.6193342125990026, 'lda_t': 5.888163643446603}.
[I 2025-08-09 21:39:59,369] Trial 485 finished with values: [0.9995841976095584, 0.6351351351351351] and parameters: {'psi': 0.18302353834034246, 'lda_t': 0.13526147286664494}.
[I 2025-08-09 21:40:04,221] Trial 486 finished with values: [0.9996794416850339, 0.6485260770975056] and parameters: {'psi': 0.5421591482480638, 'lda_t': 5.888163643446603}.
[I 2025-08-09 21:40:09,084] Trial 487 finished with values: [0.9996741650049521, 0.6651270207852193] and parameters: {'psi': 0.7040877876796693, 'lda_t': 0.8314984495916307}.
[I 2025-08-09 21:40:13,934] Trial 488 finished with values: [0.9996860375351361, 0.6529680365296804] and parameters: {'psi': 0.567354569372361, 'lda_t': 0.20423330891895217}.
[I 2025-08-09 21:40:18,790] Trial 489 finished with values: [0.9996836630290993, 0.6605922551252847] and parameters: {'psi': 0.6193342125990026, 'lda_t': 7.858100177377742}.
[I 2025-08-09 21:40:23,653] Trial 490 finished with values: [0.9995277371326837, 0.6273584905660378] and parameters: {'psi': 0.8896882774261223, 'lda_t': 5.888163643446603}.
[I 2025-08-09 21:40:28,515] Trial 491 finished with values: [0.9995179752745325, 0.624113475177305] and parameters: {'psi': 0.9055356456137159, 'lda_t': 0.631196044665356}.
[I 2025-08-09 21:40:33,355] Trial 492 finished with values: [0.9990644446215063, 0.6164383561643836] and parameters: {'psi': 0.979001313173283, 'lda_t': 1.3240179542950314e-07}.
[I 2025-08-09 21:40:38,189] Trial 493 finished with values: [0.9996717904989154, 0.6334841628959276] and parameters: {'psi': 0.4587535386862115, 'lda_t': 0.510245601184084}.
[I 2025-08-09 21:40:43,046] Trial 494 finished with values: [0.9996836630290993, 0.6605922551252847] and parameters: {'psi': 0.6193342125990026, 'lda_t': 1.5246521026138935}.
[I 2025-08-09 21:40:47,892] Trial 495 finished with values: [0.9992559881084737, 0.6374133949191686] and parameters: {'psi': 0.6139495376939874, 'lda_t': 3.486195472894632e-05}.
[I 2025-08-09 21:40:52,746] Trial 496 finished with values: [0.9992522944324166, 0.6374133949191686] and parameters: {'psi': 0.6193342125990026, 'lda_t': 1.0269698995093492e-08}.
[I 2025-08-09 21:40:57,600] Trial 497 finished with values: [0.9992522944324166, 0.6374133949191686] and parameters: {'psi': 0.6193342125990026, 'lda_t': 6.205720424810526e-08}.
[I 2025-08-09 21:41:02,456] Trial 498 finished with values: [0.9989662983719859, 0.6178489702517163] and parameters: {'psi': 0.961004414845267, 'lda_t': 0.0010723093648440979}.
[I 2025-08-09 21:41:07,317] Trial 499 finished with values: [0.9991665483810881, 0.6323185011709602] and parameters: {'psi': 0.7406541336582808, 'lda_t': 0.00010886528203549242}.
