[I 2025-08-09 20:23:06,287] Trial 0 finished with values: [0.7884490871652093, 0.34782608695652173] and parameters: {'psi': 0.4007262705286403, 'lda_t': 1.912951353991223e-08}.
[I 2025-08-09 20:23:11,997] Trial 1 finished with values: [0.7891497247236361, 0.34637964774951074] and parameters: {'psi': 0.19587612226555262, 'lda_t': 1.2808972019247836e-08}.
[I 2025-08-09 20:23:17,590] Trial 2 finished with values: [0.7881568930264933, 0.3448979591836735] and parameters: {'psi': 0.8198887961076157, 'lda_t': 0.049841660492016444}.
[I 2025-08-09 20:23:23,191] Trial 3 finished with values: [0.7822685406727474, 0.3435340572556762] and parameters: {'psi': 0.02324903576184134, 'lda_t': 4.213302190096319e-07}.
[I 2025-08-09 20:23:28,776] Trial 4 finished with values: [0.7982315487497765, 0.34496510468594216] and parameters: {'psi': 0.6507920118707347, 'lda_t': 0.011893558661918073}.
[I 2025-08-09 20:23:34,366] Trial 5 finished with values: [0.7977887259948858, 0.346718903036239] and parameters: {'psi': 0.16191647887284377, 'lda_t': 0.0010247552201635764}.
[I 2025-08-09 20:23:39,975] Trial 6 finished with values: [0.7889695504222192, 0.34442270058708413] and parameters: {'psi': 0.08098467558875966, 'lda_t': 1.2725719333339824e-05}.
[I 2025-08-09 20:23:45,557] Trial 7 finished with values: [0.7889136613448181, 0.34876847290640395] and parameters: {'psi': 0.32206790371002103, 'lda_t': 1.0479618902102364e-05}.
[I 2025-08-09 20:23:51,158] Trial 8 finished with values: [0.7918552394348497, 0.3448275862068966] and parameters: {'psi': 0.06948004221641069, 'lda_t': 0.000710711380035533}.
[I 2025-08-09 20:23:56,753] Trial 9 finished with values: [0.778172505715791, 0.34955312810327704] and parameters: {'psi': 0.9090305135645612, 'lda_t': 1.8576716405835047e-07}.
[I 2025-08-09 20:24:02,344] Trial 10 finished with values: [0.7810715476863735, 0.3504950495049505] and parameters: {'psi': 0.9659027531524362, 'lda_t': 1.0947438543119721e-05}.
[I 2025-08-09 20:24:07,929] Trial 11 finished with values: [0.7891044092554729, 0.34637964774951074] and parameters: {'psi': 0.22669378451987598, 'lda_t': 8.150030959600726e-08}.
[I 2025-08-09 20:24:13,519] Trial 12 finished with values: [0.7844385473915209, 0.3489531405782652] and parameters: {'psi': 0.7499340181365508, 'lda_t': 1.782290297222507e-07}.
[I 2025-08-09 20:24:19,098] Trial 13 finished with values: [0.8230502264564995, 0.3544041450777202] and parameters: {'psi': 0.6801740959376606, 'lda_t': 2.1283894691174434}.
[I 2025-08-09 20:24:24,696] Trial 14 finished with values: [0.7876112947898087, 0.3468780971258672] and parameters: {'psi': 0.5391753592167174, 'lda_t': 1.4186479406265684e-06}.
[I 2025-08-09 20:24:30,277] Trial 15 finished with values: [0.7887040017787832, 0.3458498023715415] and parameters: {'psi': 0.37042479928175587, 'lda_t': 1.4035328042949686e-05}.
[I 2025-08-09 20:24:35,864] Trial 16 finished with values: [0.7888372292551828, 0.3428011753183154] and parameters: {'psi': 0.10060775882163153, 'lda_t': 1.3062217576117487e-08}.
[I 2025-08-09 20:24:41,462] Trial 17 finished with values: [0.7784970853090879, 0.34955312810327704] and parameters: {'psi': 0.9160001169489169, 'lda_t': 6.149519025129544e-05}.
[I 2025-08-09 20:24:47,053] Trial 18 finished with values: [0.7806728924077861, 0.3504950495049505] and parameters: {'psi': 0.9530507643884116, 'lda_t': 6.169448291671707e-05}.
[I 2025-08-09 20:24:52,642] Trial 19 finished with values: [0.7825152380814276, 0.3472222222222222] and parameters: {'psi': 0.8152259521780546, 'lda_t': 4.205299752882654e-07}.
[I 2025-08-09 20:24:58,241] Trial 20 finished with values: [0.8124581285074173, 0.3530591775325978] and parameters: {'psi': 0.15856860069280787, 'lda_t': 0.04573675855628471}.
[I 2025-08-09 20:25:03,843] Trial 21 finished with values: [0.8191495917982627, 0.3678861788617886] and parameters: {'psi': 0.5621053360319123, 'lda_t': 0.22750706244700353}.
[I 2025-08-09 20:25:09,445] Trial 22 finished with values: [0.7883423843428412, 0.34782608695652173] and parameters: {'psi': 0.42023266197385545, 'lda_t': 8.064465605398451e-08}.
[I 2025-08-09 20:25:15,028] Trial 23 finished with values: [0.7821832871719765, 0.3492063492063492] and parameters: {'psi': 0.9183244206152807, 'lda_t': 0.0017513468511892837}.
[I 2025-08-09 20:25:20,628] Trial 24 finished with values: [0.7892769101376139, 0.3460410557184751] and parameters: {'psi': 0.1928131246196848, 'lda_t': 9.037828878629743e-06}.
[I 2025-08-09 20:25:26,225] Trial 25 finished with values: [0.7972198658178776, 0.3483483483483483] and parameters: {'psi': 0.801067630151401, 'lda_t': 0.008687495680040142}.
[I 2025-08-09 20:25:31,815] Trial 26 finished with values: [0.8260759704760662, 0.34196891191709844] and parameters: {'psi': 0.9188267070374485, 'lda_t': 0.3306006758487976}.
[I 2025-08-09 20:25:37,424] Trial 27 finished with values: [0.7884756722398651, 0.34442270058708413] and parameters: {'psi': 0.0694023423390635, 'lda_t': 6.239063391702313e-06}.
[I 2025-08-09 20:25:43,023] Trial 28 finished with values: [0.7883617189425907, 0.34782608695652173] and parameters: {'psi': 0.42070388546441917, 'lda_t': 3.985525827988658e-06}.
[I 2025-08-09 20:25:48,628] Trial 29 finished with values: [0.7886409830677243, 0.3458498023715415] and parameters: {'psi': 0.36219945309742263, 'lda_t': 3.719068349424998e-08}.
[I 2025-08-09 20:25:54,228] Trial 30 finished with values: [0.7891354050356965, 0.3482587064676617] and parameters: {'psi': 0.7014881934355895, 'lda_t': 0.0012063436424704867}.
[I 2025-08-09 20:25:59,821] Trial 31 finished with values: [0.784766631381022, 0.3509471585244267] and parameters: {'psi': 0.7363075942805922, 'lda_t': 1.0323217600117424e-07}.
[I 2025-08-09 20:26:05,419] Trial 32 finished with values: [0.7882790635286611, 0.34817012858555885] and parameters: {'psi': 0.43167613477247657, 'lda_t': 1.0150067481003285e-07}.
[I 2025-08-09 20:26:11,117] Trial 33 finished with values: [0.820336675802265, 0.35943775100401604] and parameters: {'psi': 0.26319792919195684, 'lda_t': 0.11962690018420377}.
[I 2025-08-09 20:26:16,725] Trial 34 finished with values: [0.7871749974623338, 0.34325396825396826] and parameters: {'psi': 0.09501091614880919, 'lda_t': 0.0033537784867648797}.
[I 2025-08-09 20:26:22,326] Trial 35 finished with values: [0.8170630259615338, 0.3641912512716175] and parameters: {'psi': 0.48254971790319, 'lda_t': 0.18905772209464897}.
[I 2025-08-09 20:26:27,917] Trial 36 finished with values: [0.7884265502723763, 0.34782608695652173] and parameters: {'psi': 0.4060434369576258, 'lda_t': 6.954773408387271e-07}.
[I 2025-08-09 20:26:33,505] Trial 37 finished with values: [0.7896580434351784, 0.3440643863179074] and parameters: {'psi': 0.5450289748719506, 'lda_t': 0.021749113552559842}.
[I 2025-08-09 20:26:39,086] Trial 38 finished with values: [0.8195774302383472, 0.3665987780040733] and parameters: {'psi': 0.5697622526417162, 'lda_t': 3.101073797440107}.
[I 2025-08-09 20:26:44,677] Trial 39 finished with values: [0.794778993440737, 0.34904714142427284] and parameters: {'psi': 0.16524215052227154, 'lda_t': 0.01195389765897216}.
[I 2025-08-09 20:26:50,289] Trial 40 finished with values: [0.7808704678489774, 0.34756703078450846] and parameters: {'psi': 0.050340150498591196, 'lda_t': 0.03837749837708369}.
[I 2025-08-09 20:26:55,864] Trial 41 finished with values: [0.8170240546589135, 0.36105476673427994] and parameters: {'psi': 0.42137147400915387, 'lda_t': 0.7245168937634163}.
[I 2025-08-09 20:27:01,440] Trial 42 finished with values: [0.8221976914487898, 0.3558792924037461] and parameters: {'psi': 0.7649609462810812, 'lda_t': 0.23063587987088394}.
[I 2025-08-09 20:27:07,029] Trial 43 finished with values: [0.7998673767298423, 0.34705882352941175] and parameters: {'psi': 0.21146294203738125, 'lda_t': 0.0018018013704121294}.
[I 2025-08-09 20:27:12,625] Trial 44 finished with values: [0.7936025434665971, 0.3431372549019608] and parameters: {'psi': 0.07791039039094139, 'lda_t': 0.00043615333228891757}.
[I 2025-08-09 20:27:18,226] Trial 45 finished with values: [0.7891173392690555, 0.3460410557184751] and parameters: {'psi': 0.14656902130404037, 'lda_t': 5.251990995597545e-07}.
[I 2025-08-09 20:27:23,817] Trial 46 finished with values: [0.7871055741651078, 0.34756703078450846] and parameters: {'psi': 0.593554654289366, 'lda_t': 7.439625211805162e-08}.
[I 2025-08-09 20:27:29,403] Trial 47 finished with values: [0.8145153903414006, 0.33264033264033266] and parameters: {'psi': 0.6798617911139363, 'lda_t': 0.09587396076565773}.
[I 2025-08-09 20:27:34,991] Trial 48 finished with values: [0.7822737972670543, 0.35014836795252224] and parameters: {'psi': 0.9878176790561095, 'lda_t': 3.16150555945346e-05}.
[I 2025-08-09 20:27:40,614] Trial 49 finished with values: [0.7374998187381273, 0.34773869346733666] and parameters: {'psi': 0.0031871067530993002, 'lda_t': 7.674721380961982e-07}.
[I 2025-08-09 20:27:46,203] Trial 50 finished with values: [0.7884248584948981, 0.34782608695652173] and parameters: {'psi': 0.4060434369576258, 'lda_t': 3.4398717986469923e-07}.
[I 2025-08-09 20:27:51,777] Trial 51 finished with values: [0.8172216301001048, 0.3562753036437247] and parameters: {'psi': 0.4007262705286403, 'lda_t': 0.1643873715997302}.
[I 2025-08-09 20:27:57,363] Trial 52 finished with values: [0.7964137942701915, 0.34543670264965654] and parameters: {'psi': 0.16524215052227154, 'lda_t': 0.000710711380035533}.
[I 2025-08-09 20:28:02,944] Trial 53 finished with values: [0.8173460965859931, 0.3662258392675483] and parameters: {'psi': 0.4972635939588429, 'lda_t': 3.101073797440107}.
[I 2025-08-09 20:28:08,529] Trial 54 finished with values: [0.8170167437633832, 0.3643724696356275] and parameters: {'psi': 0.42137147400915387, 'lda_t': 0.22750706244700353}.
[I 2025-08-09 20:28:14,097] Trial 55 finished with values: [0.7804795464102898, 0.3504950495049505] and parameters: {'psi': 0.9506955989631232, 'lda_t': 1.2105763484761773e-05}.
[I 2025-08-09 20:28:19,682] Trial 56 finished with values: [0.7887983183731868, 0.34442270058708413] and parameters: {'psi': 0.07166482749584313, 'lda_t': 1.2725719333339824e-05}.
[I 2025-08-09 20:28:25,258] Trial 57 finished with values: [0.8225935069580391, 0.3570691434468524] and parameters: {'psi': 0.6540556234449189, 'lda_t': 5.303844940326806}.
[I 2025-08-09 20:28:30,843] Trial 58 finished with values: [0.7901936722688669, 0.34462151394422313] and parameters: {'psi': 0.08452288894236515, 'lda_t': 0.0873318577821757}.
[I 2025-08-09 20:28:36,401] Trial 59 finished with values: [0.7865983430248015, 0.34791252485089463] and parameters: {'psi': 0.6353092032027987, 'lda_t': 6.973262994472044e-07}.
[I 2025-08-09 20:28:41,994] Trial 60 finished with values: [0.7889136613448181, 0.34876847290640395] and parameters: {'psi': 0.32206790371002103, 'lda_t': 1.0479618902102364e-05}.
[I 2025-08-09 20:28:47,584] Trial 61 finished with values: [0.8170120913753185, 0.3617886178861789] and parameters: {'psi': 0.4606735268463923, 'lda_t': 0.23063587987088394}.
[I 2025-08-09 20:28:53,162] Trial 62 finished with values: [0.8203368570641377, 0.36016096579476864] and parameters: {'psi': 0.2666621498203725, 'lda_t': 0.23063587987088394}.
[I 2025-08-09 20:28:58,742] Trial 63 finished with values: [0.7825154797639245, 0.3472222222222222] and parameters: {'psi': 0.8152259521780546, 'lda_t': 4.801637879078418e-07}.
[I 2025-08-09 20:29:04,327] Trial 64 finished with values: [0.7896126071257668, 0.3460410557184751] and parameters: {'psi': 0.1928131246196848, 'lda_t': 3.078630746425595e-05}.
[I 2025-08-09 20:29:09,898] Trial 65 finished with values: [0.784766631381022, 0.3509471585244267] and parameters: {'psi': 0.7363075942805922, 'lda_t': 1.1279379865615483e-07}.
[I 2025-08-09 20:29:15,484] Trial 66 finished with values: [0.8189013234533529, 0.34826883910386963] and parameters: {'psi': 0.3262279167574581, 'lda_t': 0.11962690018420377}.
[I 2025-08-09 20:29:21,046] Trial 67 finished with values: [0.7883473992546512, 0.34782608695652173] and parameters: {'psi': 0.42023266197385545, 'lda_t': 8.63709941425058e-07}.
[I 2025-08-09 20:29:26,619] Trial 68 finished with values: [0.8016233209108531, 0.34156378600823045] and parameters: {'psi': 0.8497579687746442, 'lda_t': 0.09587396076565773}.
[I 2025-08-09 20:29:32,310] Trial 69 finished with values: [0.8014184949947555, 0.3465346534653465] and parameters: {'psi': 0.48254971790319, 'lda_t': 0.00760092322482168}.
[I 2025-08-09 20:29:37,883] Trial 70 finished with values: [0.7825152380814276, 0.3472222222222222] and parameters: {'psi': 0.8152259521780546, 'lda_t': 4.205299752882654e-07}.
[I 2025-08-09 20:29:43,452] Trial 71 finished with values: [0.7891352237738238, 0.34545454545454546] and parameters: {'psi': 0.9659027531524362, 'lda_t': 0.049841660492016444}.
[I 2025-08-09 20:29:49,026] Trial 72 finished with values: [0.788054903012814, 0.34817012858555885] and parameters: {'psi': 0.48254971790319, 'lda_t': 1.4035328042949686e-05}.
[I 2025-08-09 20:29:54,597] Trial 73 finished with values: [0.7886238236104465, 0.34782608695652173] and parameters: {'psi': 0.38067244563824987, 'lda_t': 1.0947438543119721e-05}.
[I 2025-08-09 20:30:00,182] Trial 74 finished with values: [0.7901972975063201, 0.3460410557184751] and parameters: {'psi': 0.16191647887284377, 'lda_t': 6.169448291671707e-05}.
[I 2025-08-09 20:30:05,784] Trial 75 finished with values: [0.7808530062885786, 0.34756703078450846] and parameters: {'psi': 0.050340150498591196, 'lda_t': 0.008687495680040142}.
[I 2025-08-09 20:30:11,360] Trial 76 finished with values: [0.7944340520970791, 0.34756703078450846] and parameters: {'psi': 0.6801740959376606, 'lda_t': 0.002986610220443392}.
[I 2025-08-09 20:30:16,932] Trial 77 finished with values: [0.8232333009478787, 0.35908141962421714] and parameters: {'psi': 0.7499340181365508, 'lda_t': 3.342234510412347}.
[I 2025-08-09 20:30:22,530] Trial 78 finished with values: [0.7889519680205719, 0.34442270058708413] and parameters: {'psi': 0.11117611538296401, 'lda_t': 1.0323217600117424e-07}.
[I 2025-08-09 20:30:28,104] Trial 79 finished with values: [0.788575366269824, 0.34782608695652173] and parameters: {'psi': 0.39484184848594095, 'lda_t': 1.4790339419490014e-05}.
[I 2025-08-09 20:30:33,684] Trial 80 finished with values: [0.7814167307125284, 0.3472222222222222] and parameters: {'psi': 0.8394509085605683, 'lda_t': 3.65765548547524e-05}.
[I 2025-08-09 20:30:39,269] Trial 81 finished with values: [0.7952368005104333, 0.34503510531594783] and parameters: {'psi': 0.785645445949481, 'lda_t': 0.014275143286217148}.
[I 2025-08-09 20:30:44,843] Trial 82 finished with values: [0.7924340690148538, 0.3502487562189055] and parameters: {'psi': 0.8596517952019735, 'lda_t': 0.006253333106025132}.
[I 2025-08-09 20:30:50,430] Trial 83 finished with values: [0.7797970954597526, 0.3468780971258672] and parameters: {'psi': 0.0443130603622075, 'lda_t': 0.3306006758487976}.
[I 2025-08-09 20:30:56,011] Trial 84 finished with values: [0.7882358023617215, 0.34817012858555885] and parameters: {'psi': 0.4574272433058767, 'lda_t': 1.868348428252063e-05}.
[I 2025-08-09 20:31:01,584] Trial 85 finished with values: [0.7847668126428948, 0.3509471585244267] and parameters: {'psi': 0.7363075942805922, 'lda_t': 1.782290297222507e-07}.
[I 2025-08-09 20:31:07,165] Trial 86 finished with values: [0.7887040017787832, 0.3458498023715415] and parameters: {'psi': 0.37042479928175587, 'lda_t': 1.4035328042949686e-05}.
[I 2025-08-09 20:31:12,748] Trial 87 finished with values: [0.8179855884727115, 0.3493975903614458] and parameters: {'psi': 0.19587612226555262, 'lda_t': 3.101073797440107}.
[I 2025-08-09 20:31:18,336] Trial 88 finished with values: [0.7892880879530942, 0.3460410557184751] and parameters: {'psi': 0.17496381597921284, 'lda_t': 9.037828878629743e-06}.
[I 2025-08-09 20:31:23,931] Trial 89 finished with values: [0.787067025806857, 0.34509803921568627] and parameters: {'psi': 0.0420363882455419, 'lda_t': 9.037828878629743e-06}.
[I 2025-08-09 20:31:29,524] Trial 90 finished with values: [0.7892769101376139, 0.3460410557184751] and parameters: {'psi': 0.1928131246196848, 'lda_t': 9.037828878629743e-06}.
[I 2025-08-09 20:31:35,099] Trial 91 finished with values: [0.7876242248033913, 0.3440643863179074] and parameters: {'psi': 0.9530507643884116, 'lda_t': 0.03270095118794718}.
[I 2025-08-09 20:31:40,687] Trial 92 finished with values: [0.8099544186810903, 0.3527054108216433] and parameters: {'psi': 0.14656902130404037, 'lda_t': 0.06284201875388695}.
[I 2025-08-09 20:31:46,282] Trial 93 finished with values: [0.8176712803855319, 0.3510531594784353] and parameters: {'psi': 0.1928131246196848, 'lda_t': 0.22750706244700353}.
[I 2025-08-09 20:31:51,855] Trial 94 finished with values: [0.7810526360309933, 0.3504950495049505] and parameters: {'psi': 0.9659027531524362, 'lda_t': 4.1196111547502324e-08}.
[I 2025-08-09 20:31:57,432] Trial 95 finished with values: [0.8204007820845599, 0.3388773388773389] and parameters: {'psi': 0.6741402462285343, 'lda_t': 0.11962690018420377}.
[I 2025-08-09 20:32:03,011] Trial 96 finished with values: [0.7903257517534065, 0.34739941118743867] and parameters: {'psi': 0.22279236062717112, 'lda_t': 9.978981046138364e-05}.
[I 2025-08-09 20:32:08,595] Trial 97 finished with values: [0.794778993440737, 0.34904714142427284] and parameters: {'psi': 0.16524215052227154, 'lda_t': 0.01195389765897216}.
[I 2025-08-09 20:32:14,185] Trial 98 finished with values: [0.7863380509756723, 0.34791252485089463] and parameters: {'psi': 0.7014881934355895, 'lda_t': 0.0002700746577818005}.
[I 2025-08-09 20:32:19,757] Trial 99 finished with values: [0.827539297573991, 0.34273772204806685] and parameters: {'psi': 0.9238824998646925, 'lda_t': 8.313139335518226}.
[I 2025-08-09 20:32:25,452] Trial 100 finished with values: [0.7944780987321336, 0.3464566929133858] and parameters: {'psi': 0.2666621498203725, 'lda_t': 0.000660248684418003}.
[I 2025-08-09 20:32:31,036] Trial 101 finished with values: [0.8223470512318557, 0.35662148070907196] and parameters: {'psi': 0.754640411858961, 'lda_t': 0.23063587987088394}.
[I 2025-08-09 20:32:36,621] Trial 102 finished with values: [0.7892639197034073, 0.346718903036239] and parameters: {'psi': 0.24283731869275182, 'lda_t': 1.601628160191723e-05}.
[I 2025-08-09 20:32:42,204] Trial 103 finished with values: [0.794844247714892, 0.35129740518962077] and parameters: {'psi': 0.801067630151401, 'lda_t': 0.005616150189691513}.
[I 2025-08-09 20:32:47,805] Trial 104 finished with values: [0.7894336412368343, 0.3460410557184751] and parameters: {'psi': 0.114096731590286, 'lda_t': 1.868348428252063e-05}.
[I 2025-08-09 20:32:53,358] Trial 105 finished with values: [0.7171596989602819, 0.3401639344262295] and parameters: {'psi': 8.789534950914835e-05, 'lda_t': 0.017779177348887752}.
[I 2025-08-09 20:32:58,939] Trial 106 finished with values: [0.794054368894496, 0.3458498023715415] and parameters: {'psi': 0.48680602238475057, 'lda_t': 0.0013692950901456969}.
[I 2025-08-09 20:33:04,521] Trial 107 finished with values: [0.7847134612317108, 0.34980237154150196] and parameters: {'psi': 0.9833156749146673, 'lda_t': 0.0016425115339871886}.
[I 2025-08-09 20:33:10,109] Trial 108 finished with values: [0.7819152008623232, 0.34791252485089463] and parameters: {'psi': 0.05548861005002714, 'lda_t': 0.23063587987088394}.
[I 2025-08-09 20:33:15,707] Trial 109 finished with values: [0.8167863599232417, 0.35070140280561124] and parameters: {'psi': 0.18491062877627096, 'lda_t': 1.3590152907862463}.
[I 2025-08-09 20:33:21,289] Trial 110 finished with values: [0.8203345006597932, 0.36016096579476864] and parameters: {'psi': 0.2666621498203725, 'lda_t': 0.16930851532385136}.
[I 2025-08-09 20:33:26,879] Trial 111 finished with values: [0.801804945307251, 0.34782608695652173] and parameters: {'psi': 0.4932686094794637, 'lda_t': 0.0048411412837505025}.
[I 2025-08-09 20:33:32,468] Trial 112 finished with values: [0.8183238835477058, 0.3434959349593496] and parameters: {'psi': 0.3525110555847296, 'lda_t': 7.053440030610836}.
[I 2025-08-09 20:33:38,049] Trial 113 finished with values: [0.7847662688572767, 0.3509471585244267] and parameters: {'psi': 0.7363075942805922, 'lda_t': 4.1196111547502324e-08}.
[I 2025-08-09 20:33:43,620] Trial 114 finished with values: [0.8214073896840244, 0.34710743801652894] and parameters: {'psi': 0.83384434833815, 'lda_t': 0.22750706244700353}.
[I 2025-08-09 20:33:49,207] Trial 115 finished with values: [0.8191494709570143, 0.35173824130879344] and parameters: {'psi': 0.3202815331694542, 'lda_t': 0.3570476065815525}.
[I 2025-08-09 20:33:54,804] Trial 116 finished with values: [0.784326950498591, 0.34448818897637795] and parameters: {'psi': 0.02815882990034424, 'lda_t': 3.6148281131255022e-06}.
[I 2025-08-09 20:34:00,389] Trial 117 finished with values: [0.7886238236104465, 0.34782608695652173] and parameters: {'psi': 0.38067244563824987, 'lda_t': 1.0947438543119721e-05}.
[I 2025-08-09 20:34:05,986] Trial 118 finished with values: [0.7837594799959398, 0.3472222222222222] and parameters: {'psi': 0.05597024345864654, 'lda_t': 0.0018018013704121294}.
[I 2025-08-09 20:34:11,569] Trial 119 finished with values: [0.7977912032404788, 0.3436563436563437] and parameters: {'psi': 0.6801740959376606, 'lda_t': 0.012333208341513649}.
[I 2025-08-09 20:34:17,156] Trial 120 finished with values: [0.8189805348917021, 0.3500511770726714] and parameters: {'psi': 0.3262279167574581, 'lda_t': 1.3467544898641892}.
[I 2025-08-09 20:34:22,736] Trial 121 finished with values: [0.7863561167423133, 0.34930139720558884] and parameters: {'psi': 0.7363075942805922, 'lda_t': 0.0005633907052438826}.
[I 2025-08-09 20:34:28,329] Trial 122 finished with values: [0.7779520912786454, 0.3455083909180652] and parameters: {'psi': 0.018310439540921486, 'lda_t': 0.00011313551945287619}.
[I 2025-08-09 20:34:33,914] Trial 123 finished with values: [0.8162606400719248, 0.35070140280561124] and parameters: {'psi': 0.18099609944233186, 'lda_t': 5.303844940326806}.
