[I 2025-08-09 20:50:39,933] Trial 248 finished with values: [0.8822428447544046, 0.4472243940578577] and parameters: {'psi': 0.531387934901218, 'lda_t': 3.489378124245372}.
[I 2025-08-09 20:50:46,101] Trial 249 finished with values: [0.8472490664089625, 0.35428571428571426] and parameters: {'psi': 0.3262709351620454, 'lda_t': 0.00026573486735779773}.
[I 2025-08-09 20:50:52,288] Trial 250 finished with values: [0.8355350074353571, 0.3544857768052516] and parameters: {'psi': 0.8359941622575474, 'lda_t': 6.225414858510829e-08}.
[I 2025-08-09 20:50:58,466] Trial 251 finished with values: [0.8420144880894856, 0.36534296028880864] and parameters: {'psi': 0.5164095403731895, 'lda_t': 0.004607162693643663}.
[I 2025-08-09 20:51:04,638] Trial 252 finished with values: [0.8669280203481474, 0.43585780525502316] and parameters: {'psi': 0.19862919432979875, 'lda_t': 4.405766134552757}.
[I 2025-08-09 20:51:10,819] Trial 253 finished with values: [0.8878309625370452, 0.41530054644808745] and parameters: {'psi': 0.7210558702149058, 'lda_t': 1.1266933491376772}.
[I 2025-08-09 20:51:17,018] Trial 254 finished with values: [0.8839035145262605, 0.4262023217247098] and parameters: {'psi': 0.847606689405264, 'lda_t': 3.784788040791747}.
[I 2025-08-09 20:51:23,195] Trial 255 finished with values: [0.8443834367761498, 0.3628571428571429] and parameters: {'psi': 0.555173039700867, 'lda_t': 0.0001494868423550963}.
[I 2025-08-09 20:51:29,382] Trial 256 finished with values: [0.8857375540623381, 0.4444444444444444] and parameters: {'psi': 0.5975100695293811, 'lda_t': 4.852489189824418}.
[I 2025-08-09 20:51:35,563] Trial 257 finished with values: [0.8345345598967966, 0.3006442376521117] and parameters: {'psi': 0.009818549814276323, 'lda_t': 4.952771073486446e-06}.
[I 2025-08-09 20:51:41,743] Trial 258 finished with values: [0.841553349659272, 0.37375178316690444] and parameters: {'psi': 0.6806184343438921, 'lda_t': 9.35658624354593e-05}.
[I 2025-08-09 20:51:48,018] Trial 259 finished with values: [0.8868810287992666, 0.4440993788819876] and parameters: {'psi': 0.6113296795151072, 'lda_t': 0.300892565385504}.
[I 2025-08-09 20:51:54,212] Trial 260 finished with values: [0.8822428447544046, 0.4472243940578577] and parameters: {'psi': 0.531387934901218, 'lda_t': 2.4257141049011013}.
[I 2025-08-09 20:52:00,382] Trial 261 finished with values: [0.8446659483497531, 0.362339514978602] and parameters: {'psi': 0.531387934901218, 'lda_t': 1.7715391574071116e-07}.
[I 2025-08-09 20:52:06,564] Trial 262 finished with values: [0.8453405133025009, 0.36506800286327845] and parameters: {'psi': 0.5164095403731895, 'lda_t': 0.0009225978899065126}.
[I 2025-08-09 20:52:12,751] Trial 263 finished with values: [0.8808706293562439, 0.4317617866004963] and parameters: {'psi': 0.9003068756028548, 'lda_t': 3.489378124245372}.
[I 2025-08-09 20:52:18,928] Trial 264 finished with values: [0.881985247227341, 0.4177918983320095] and parameters: {'psi': 0.7471022296088194, 'lda_t': 0.1538757081555235}.
[I 2025-08-09 20:52:25,099] Trial 265 finished with values: [0.8345368455891395, 0.35552304316020483] and parameters: {'psi': 0.847606689405264, 'lda_t': 9.556413642243402e-08}.
[I 2025-08-09 20:52:31,282] Trial 266 finished with values: [0.8879098189228812, 0.41802641802641805] and parameters: {'psi': 0.6916053137389326, 'lda_t': 0.6080476021234246}.
[I 2025-08-09 20:52:37,458] Trial 267 finished with values: [0.8455118830859223, 0.3645461043602573] and parameters: {'psi': 0.4905621509024374, 'lda_t': 0.0003559329358061098}.
[I 2025-08-09 20:52:43,643] Trial 268 finished with values: [0.8801923501534386, 0.44043887147335425] and parameters: {'psi': 0.4905621509024374, 'lda_t': 1.1973547234988944}.
[I 2025-08-09 20:52:49,834] Trial 269 finished with values: [0.8822428447544046, 0.4472243940578577] and parameters: {'psi': 0.531387934901218, 'lda_t': 3.489378124245372}.
[I 2025-08-09 20:52:56,008] Trial 270 finished with values: [0.8280241081114192, 0.35552304316020483] and parameters: {'psi': 0.9364007547506902, 'lda_t': 2.329847962503553e-06}.
[I 2025-08-09 20:53:02,190] Trial 271 finished with values: [0.8764580431456429, 0.4121110176619008] and parameters: {'psi': 0.8429575954037863, 'lda_t': 0.1538757081555235}.
[I 2025-08-09 20:53:08,371] Trial 272 finished with values: [0.8805498895782029, 0.4444444444444444] and parameters: {'psi': 0.5363361756884025, 'lda_t': 0.10299385596245843}.
[I 2025-08-09 20:53:14,555] Trial 273 finished with values: [0.8793179014052892, 0.4379905808477237] and parameters: {'psi': 0.4666921155186544, 'lda_t': 4.852489189824418}.
[I 2025-08-09 20:53:20,737] Trial 274 finished with values: [0.8815540513668212, 0.4460093896713615] and parameters: {'psi': 0.5187912181476739, 'lda_t': 1.1973547234988944}.
[I 2025-08-09 20:53:26,924] Trial 275 finished with values: [0.8300691741930706, 0.35803374908290536] and parameters: {'psi': 0.9586867875524574, 'lda_t': 0.0022679354245336092}.
[I 2025-08-09 20:53:33,104] Trial 276 finished with values: [0.8872341682662704, 0.4463452566096423] and parameters: {'psi': 0.62925452981511, 'lda_t': 0.2121205300107386}.
[I 2025-08-09 20:53:39,286] Trial 277 finished with values: [0.8810351420626361, 0.4447924823805795] and parameters: {'psi': 0.5084407070257954, 'lda_t': 3.489378124245372}.
[I 2025-08-09 20:53:45,456] Trial 278 finished with values: [0.8487706518017427, 0.36055923473142015] and parameters: {'psi': 0.06070867605024277, 'lda_t': 0.6080476021234246}.
[I 2025-08-09 20:53:51,642] Trial 279 finished with values: [0.838094868574976, 0.3891336270190896] and parameters: {'psi': 0.531387934901218, 'lda_t': 0.014042653101639851}.
[I 2025-08-09 20:53:57,829] Trial 280 finished with values: [0.8769156958950336, 0.4291307752545027] and parameters: {'psi': 0.3866806293806453, 'lda_t': 4.405766134552757}.
[I 2025-08-09 20:54:04,013] Trial 281 finished with values: [0.8839035145262605, 0.4262023217247098] and parameters: {'psi': 0.847606689405264, 'lda_t': 4.852489189824418}.
[I 2025-08-09 20:54:10,192] Trial 282 finished with values: [0.8819114193646598, 0.4475743348982786] and parameters: {'psi': 0.5146991010955506, 'lda_t': 0.26467742650133674}.
[I 2025-08-09 20:54:16,373] Trial 283 finished with values: [0.8814289097110382, 0.4460093896713615] and parameters: {'psi': 0.5164095403731895, 'lda_t': 4.610542250209377}.
[I 2025-08-09 20:54:22,552] Trial 284 finished with values: [0.8822428447544046, 0.4472243940578577] and parameters: {'psi': 0.531387934901218, 'lda_t': 0.6080476021234246}.
[I 2025-08-09 20:54:28,736] Trial 285 finished with values: [0.8849679614504271, 0.4220939818631492] and parameters: {'psi': 0.8274751965326593, 'lda_t': 4.852489189824418}.
[I 2025-08-09 20:54:34,904] Trial 286 finished with values: [0.8484829974203675, 0.3600293901542983] and parameters: {'psi': 0.05942781990585855, 'lda_t': 0.6080476021234246}.
[I 2025-08-09 20:54:41,079] Trial 287 finished with values: [0.8310801359164095, 0.34713144517066086] and parameters: {'psi': 0.9854309954506331, 'lda_t': 1.316727902107153e-06}.
[I 2025-08-09 20:54:47,258] Trial 288 finished with values: [0.8782622543966435, 0.43661971830985913] and parameters: {'psi': 0.43302159343594493, 'lda_t': 4.852489189824418}.
[I 2025-08-09 20:54:53,434] Trial 289 finished with values: [0.8432445334239078, 0.3640256959314775] and parameters: {'psi': 0.6083309088528107, 'lda_t': 5.177647272540007e-08}.
[I 2025-08-09 20:54:59,711] Trial 290 finished with values: [0.8792549877235464, 0.433931484502447] and parameters: {'psi': 0.9490505370053012, 'lda_t': 1.1973547234988944}.
[I 2025-08-09 20:55:05,898] Trial 291 finished with values: [0.8881010742296874, 0.4217898832684825] and parameters: {'psi': 0.7093638633838998, 'lda_t': 0.3488721326735582}.
[I 2025-08-09 20:55:12,082] Trial 292 finished with values: [0.8753050256431824, 0.43525741029641185] and parameters: {'psi': 0.33875711759106164, 'lda_t': 2.4257141049011013}.
[I 2025-08-09 20:55:18,270] Trial 293 finished with values: [0.8839035145262605, 0.4262023217247098] and parameters: {'psi': 0.847606689405264, 'lda_t': 2.4257141049011013}.
[I 2025-08-09 20:55:24,448] Trial 294 finished with values: [0.8731290465325818, 0.4414976599063963] and parameters: {'psi': 0.2935252635193194, 'lda_t': 0.6080476021234246}.
[I 2025-08-09 20:55:30,630] Trial 295 finished with values: [0.8597000325939729, 0.4054669703872437] and parameters: {'psi': 0.12348828903689091, 'lda_t': 4.405766134552757}.
[I 2025-08-09 20:55:36,829] Trial 296 finished with values: [0.8872047399773535, 0.44133644133644134] and parameters: {'psi': 0.6387824425071481, 'lda_t': 1.1065869385359857}.
[I 2025-08-09 20:55:43,000] Trial 297 finished with values: [0.8470632396214711, 0.3528550512445095] and parameters: {'psi': 0.0529464674738096, 'lda_t': 1.1973547234988944}.
[I 2025-08-09 20:55:49,181] Trial 298 finished with values: [0.8452232572853015, 0.365975696926376] and parameters: {'psi': 0.5164095403731895, 'lda_t': 0.0005355108889627491}.
[I 2025-08-09 20:55:55,381] Trial 299 finished with values: [0.8841227695642693, 0.424192212096106] and parameters: {'psi': 0.8429575954037863, 'lda_t': 0.7459479658653725}.
[I 2025-08-09 20:56:01,562] Trial 300 finished with values: [0.8483847697919241, 0.34733096085409254] and parameters: {'psi': 0.11324514102387961, 'lda_t': 1.0969540467937792e-07}.
[I 2025-08-09 20:56:07,735] Trial 301 finished with values: [0.845957935946672, 0.35780470420527444] and parameters: {'psi': 0.432068088993664, 'lda_t': 1.968385771924715e-07}.
[I 2025-08-09 20:56:13,923] Trial 302 finished with values: [0.8860348654938628, 0.4440993788819876] and parameters: {'psi': 0.6044705750142518, 'lda_t': 3.489378124245372}.
[I 2025-08-09 20:56:20,106] Trial 303 finished with values: [0.8852874440976795, 0.42028985507246375] and parameters: {'psi': 0.9661732465013013, 'lda_t': 0.672361189149621}.
[I 2025-08-09 20:56:26,292] Trial 304 finished with values: [0.8869349139962543, 0.4397824397824398] and parameters: {'psi': 0.6292876616308497, 'lda_t': 0.6080476021234246}.
[I 2025-08-09 20:56:32,474] Trial 305 finished with values: [0.8416912340498675, 0.37259100642398285] and parameters: {'psi': 0.6761997469517114, 'lda_t': 0.00014409004684163301}.
[I 2025-08-09 20:56:38,657] Trial 306 finished with values: [0.8815128517623373, 0.4460093896713615] and parameters: {'psi': 0.5164095403731895, 'lda_t': 0.3488721326735582}.
[I 2025-08-09 20:56:44,849] Trial 307 finished with values: [0.8822428447544046, 0.4472243940578577] and parameters: {'psi': 0.531387934901218, 'lda_t': 3.784788040791747}.
[I 2025-08-09 20:56:51,028] Trial 308 finished with values: [0.8434741312197689, 0.3628571428571429] and parameters: {'psi': 0.5974932230012281, 'lda_t': 1.3284402132050064e-07}.
[I 2025-08-09 20:56:57,193] Trial 309 finished with values: [0.8873966238495539, 0.43390357698289267] and parameters: {'psi': 0.6761997469517114, 'lda_t': 0.2121205300107386}.
[I 2025-08-09 20:57:03,372] Trial 310 finished with values: [0.8851926450077507, 0.4302788844621514] and parameters: {'psi': 0.7676756220117223, 'lda_t': 0.2121205300107386}.
[I 2025-08-09 20:57:09,559] Trial 311 finished with values: [0.8877023923427478, 0.41411764705882353] and parameters: {'psi': 0.7367276042969952, 'lda_t': 1.542713030631388}.
[I 2025-08-09 20:57:15,743] Trial 312 finished with values: [0.8780720847937002, 0.43661971830985913] and parameters: {'psi': 0.42626170685324016, 'lda_t': 0.3299581705062346}.
[I 2025-08-09 20:57:21,925] Trial 313 finished with values: [0.8878585622720879, 0.4190031152647975] and parameters: {'psi': 0.716584261837209, 'lda_t': 3.489378124245372}.
[I 2025-08-09 20:57:28,095] Trial 314 finished with values: [0.8449605740927745, 0.36117059243397576] and parameters: {'psi': 0.5164095403731895, 'lda_t': 7.788091468599144e-05}.
[I 2025-08-09 20:57:34,281] Trial 315 finished with values: [0.8791243604061401, 0.4360033030553262] and parameters: {'psi': 0.9144760568963767, 'lda_t': 1.1973547234988944}.
[I 2025-08-09 20:57:40,462] Trial 316 finished with values: [0.8743657203747985, 0.43661971830985913] and parameters: {'psi': 0.3176874651992341, 'lda_t': 2.4257141049011013}.
[I 2025-08-09 20:57:46,645] Trial 317 finished with values: [0.8878309625370452, 0.41530054644808745] and parameters: {'psi': 0.7210558702149058, 'lda_t': 0.6080476021234246}.
[I 2025-08-09 20:57:52,812] Trial 318 finished with values: [0.8434803025890952, 0.3628571428571429] and parameters: {'psi': 0.5975100695293811, 'lda_t': 1.4225618165702215e-05}.
[I 2025-08-09 20:57:59,000] Trial 319 finished with values: [0.8879098189228812, 0.41802641802641805] and parameters: {'psi': 0.6916053137389326, 'lda_t': 0.6080476021234246}.
[I 2025-08-09 20:58:05,176] Trial 320 finished with values: [0.8449252030037655, 0.3609129814550642] and parameters: {'psi': 0.5146991010955506, 'lda_t': 4.402719643100516e-07}.
[I 2025-08-09 20:58:11,345] Trial 321 finished with values: [0.8690586856080467, 0.44015444015444016] and parameters: {'psi': 0.22551224970349326, 'lda_t': 0.6080476021234246}.
[I 2025-08-09 20:58:17,532] Trial 322 finished with values: [0.8877646203167878, 0.41471048513302033] and parameters: {'psi': 0.730437116331542, 'lda_t': 1.542713030631388}.
[I 2025-08-09 20:58:23,717] Trial 323 finished with values: [0.8877803344516465, 0.4143862392494136] and parameters: {'psi': 0.7278389892405239, 'lda_t': 3.489378124245372}.
[I 2025-08-09 20:58:29,888] Trial 324 finished with values: [0.8490160780170796, 0.3620309050772627] and parameters: {'psi': 0.061811599060669464, 'lda_t': 0.26467742650133674}.
[I 2025-08-09 20:58:36,081] Trial 325 finished with values: [0.8830658654248348, 0.4421875] and parameters: {'psi': 0.5460100295445399, 'lda_t': 4.852489189824418}.
[I 2025-08-09 20:58:42,256] Trial 326 finished with values: [0.8483521415337271, 0.3475783475783476] and parameters: {'psi': 0.1325004353997602, 'lda_t': 1.0651189875405224e-06}.
[I 2025-08-09 20:58:48,428] Trial 327 finished with values: [0.8447512618164581, 0.362339514978602] and parameters: {'psi': 0.531387934901218, 'lda_t': 0.00010445052917985754}.
[I 2025-08-09 20:58:54,625] Trial 328 finished with values: [0.8407745571356801, 0.3693629205440229] and parameters: {'psi': 0.7093638633838998, 'lda_t': 1.9719146553769517e-06}.
[I 2025-08-09 20:59:00,808] Trial 329 finished with values: [0.8437487571547884, 0.3648068669527897] and parameters: {'psi': 0.5947422070607663, 'lda_t': 0.0004195447144361959}.
[I 2025-08-09 20:59:06,989] Trial 330 finished with values: [0.8367256245768612, 0.3568827385287691] and parameters: {'psi': 0.8197631324798387, 'lda_t': 1.1328017703730208e-05}.
[I 2025-08-09 20:59:13,165] Trial 331 finished with values: [0.8396085683291727, 0.3621933621933622] and parameters: {'psi': 0.7521945885241865, 'lda_t': 5.504433295388887e-07}.
[I 2025-08-09 20:59:19,448] Trial 332 finished with values: [0.8698490780202796, 0.4411764705882353] and parameters: {'psi': 0.2361497496543843, 'lda_t': 4.852489189824418}.
[I 2025-08-09 20:59:25,636] Trial 333 finished with values: [0.8878941047880227, 0.41835147744945567] and parameters: {'psi': 0.7093638633838998, 'lda_t': 1.542713030631388}.
[I 2025-08-09 20:59:31,802] Trial 334 finished with values: [0.8449258315691598, 0.352] and parameters: {'psi': 0.04305877169115435, 'lda_t': 3.489378124245372}.
[I 2025-08-09 20:59:37,990] Trial 335 finished with values: [0.8822428447544046, 0.4472243940578577] and parameters: {'psi': 0.531387934901218, 'lda_t': 0.6080476021234246}.
[I 2025-08-09 20:59:44,175] Trial 336 finished with values: [0.8879098189228812, 0.41802641802641805] and parameters: {'psi': 0.6916053137389326, 'lda_t': 4.610542250209377}.
[I 2025-08-09 20:59:50,353] Trial 337 finished with values: [0.847584320333382, 0.35235378031383735] and parameters: {'psi': 0.2551153659972113, 'lda_t': 1.7144103612124166e-08}.
[I 2025-08-09 20:59:56,524] Trial 338 finished with values: [0.8446658340651358, 0.362339514978602] and parameters: {'psi': 0.531387934901218, 'lda_t': 1.8257191225690457e-08}.
[I 2025-08-09 21:00:02,702] Trial 339 finished with values: [0.8803617199560598, 0.44166014095536416] and parameters: {'psi': 0.494468724384755, 'lda_t': 0.6080476021234246}.
[I 2025-08-09 21:00:08,882] Trial 340 finished with values: [0.8613843021392709, 0.4170471841704718] and parameters: {'psi': 0.13794479193596687, 'lda_t': 0.26467742650133674}.
[I 2025-08-09 21:00:15,056] Trial 341 finished with values: [0.8449250315768397, 0.3609129814550642] and parameters: {'psi': 0.5146991010955506, 'lda_t': 1.840799188692111e-07}.
[I 2025-08-09 21:00:21,247] Trial 342 finished with values: [0.8822428447544046, 0.4472243940578577] and parameters: {'psi': 0.531387934901218, 'lda_t': 0.6080476021234246}.
[I 2025-08-09 21:00:27,434] Trial 343 finished with values: [0.8449142888228274, 0.3609129814550642] and parameters: {'psi': 0.5164095403731895, 'lda_t': 2.0357465557230813e-05}.
[I 2025-08-09 21:00:33,618] Trial 344 finished with values: [0.8757080503455739, 0.42834890965732086] and parameters: {'psi': 0.5089527204337864, 'lda_t': 0.07883798257720286}.
[I 2025-08-09 21:00:39,807] Trial 345 finished with values: [0.8869333711539227, 0.4397824397824398] and parameters: {'psi': 0.62925452981511, 'lda_t': 1.1266933491376772}.
[I 2025-08-09 21:00:46,002] Trial 346 finished with values: [0.8822428447544046, 0.4472243940578577] and parameters: {'psi': 0.531387934901218, 'lda_t': 0.6080476021234246}.
[I 2025-08-09 21:00:52,191] Trial 347 finished with values: [0.8796096700328819, 0.4266666666666667] and parameters: {'psi': 0.8902311621266202, 'lda_t': 0.2544420659801319}.
[I 2025-08-09 21:00:58,375] Trial 348 finished with values: [0.887782277290138, 0.42668735453840184] and parameters: {'psi': 0.6761997469517114, 'lda_t': 1.542713030631388}.
[I 2025-08-09 21:01:04,547] Trial 349 finished with values: [0.8423995129646757, 0.3453757225433526] and parameters: {'psi': 0.03125102213118125, 'lda_t': 1.1266933491376772}.
[I 2025-08-09 21:01:10,731] Trial 350 finished with values: [0.8878941047880227, 0.41835147744945567] and parameters: {'psi': 0.7093638633838998, 'lda_t': 1.542713030631388}.
[I 2025-08-09 21:01:16,920] Trial 351 finished with values: [0.840469760061732, 0.36951833213515456] and parameters: {'psi': 0.7210558702149058, 'lda_t': 1.1091746296930053e-08}.
[I 2025-08-09 21:01:23,099] Trial 352 finished with values: [0.8431704198496839, 0.3640256959314775] and parameters: {'psi': 0.6113296795151072, 'lda_t': 1.9604301305791474e-07}.
[I 2025-08-09 21:01:29,283] Trial 353 finished with values: [0.8583646739848441, 0.41379310344827586] and parameters: {'psi': 0.8409537242185691, 'lda_t': 0.08882569116649978}.
[I 2025-08-09 21:01:35,456] Trial 354 finished with values: [0.845327256286911, 0.3620812544547398] and parameters: {'psi': 0.4905621509024374, 'lda_t': 9.068564608101202e-05}.
[I 2025-08-09 21:01:41,648] Trial 355 finished with values: [0.8881010742296874, 0.4217898832684825] and parameters: {'psi': 0.7093638633838998, 'lda_t': 0.3488721326735582}.
[I 2025-08-09 21:01:47,855] Trial 356 finished with values: [0.8854729280313196, 0.42800318217979316] and parameters: {'psi': 0.761605131168266, 'lda_t': 0.2121205300107386}.
[I 2025-08-09 21:01:54,035] Trial 357 finished with values: [0.8505797772912808, 0.36807095343680707] and parameters: {'psi': 0.06918234971519877, 'lda_t': 8.747847992678173}.
[I 2025-08-09 21:02:00,238] Trial 358 finished with values: [0.8268353195237896, 0.36932241250930753] and parameters: {'psi': 0.983273902050142, 'lda_t': 0.016358244502255544}.
[I 2025-08-09 21:02:06,426] Trial 359 finished with values: [0.8878309625370452, 0.41530054644808745] and parameters: {'psi': 0.7210558702149058, 'lda_t': 1.1266933491376772}.
[I 2025-08-09 21:02:12,618] Trial 360 finished with values: [0.8184927138985181, 0.38724373576309795] and parameters: {'psi': 0.9507608361964734, 'lda_t': 0.02092534180534233}.
[I 2025-08-09 21:02:18,815] Trial 361 finished with values: [0.8822428447544046, 0.4472243940578577] and parameters: {'psi': 0.531387934901218, 'lda_t': 0.6080476021234246}.
[I 2025-08-09 21:02:25,007] Trial 362 finished with values: [0.8795327564855377, 0.4376470588235294] and parameters: {'psi': 0.47271703944880106, 'lda_t': 3.489378124245372}.
[I 2025-08-09 21:02:31,185] Trial 363 finished with values: [0.8552609894945008, 0.38016528925619836] and parameters: {'psi': 0.09353410642945281, 'lda_t': 1.542713030631388}.
[I 2025-08-09 21:02:37,363] Trial 364 finished with values: [0.8431704198496837, 0.3640256959314775] and parameters: {'psi': 0.6113296795151072, 'lda_t': 2.265816561290629e-07}.
[I 2025-08-09 21:02:43,556] Trial 365 finished with values: [0.8825255848972422, 0.43023255813953487] and parameters: {'psi': 0.8813207022916436, 'lda_t': 8.747847992678173}.
[I 2025-08-09 21:02:49,734] Trial 366 finished with values: [0.8692355410530915, 0.4416988416988417] and parameters: {'psi': 0.2278579742348511, 'lda_t': 9.241820969963433}.
[I 2025-08-09 21:02:55,918] Trial 367 finished with values: [0.8878941047880227, 0.41835147744945567] and parameters: {'psi': 0.7093638633838998, 'lda_t': 1.542713030631388}.
[I 2025-08-09 21:03:02,101] Trial 368 finished with values: [0.8445153212243448, 0.362339514978602] and parameters: {'psi': 0.540645873532322, 'lda_t': 4.238234563694568e-08}.
[I 2025-08-09 21:03:08,276] Trial 369 finished with values: [0.8471000392681945, 0.33712660028449504] and parameters: {'psi': 0.03767077210922065, 'lda_t': 6.305472941263353e-07}.
[I 2025-08-09 21:03:14,472] Trial 370 finished with values: [0.8656512897476184, 0.39619651347068147] and parameters: {'psi': 0.7210558702149058, 'lda_t': 0.08033122911913657}.
[I 2025-08-09 21:03:20,646] Trial 371 finished with values: [0.8332761719773205, 0.3550036523009496] and parameters: {'psi': 0.8608374985180266, 'lda_t': 3.717538886093923e-05}.
[I 2025-08-09 21:03:26,826] Trial 372 finished with values: [0.8355732927821036, 0.3550036523009496] and parameters: {'psi': 0.8364820270859895, 'lda_t': 0.00013427754272831758}.
