[I 2025-08-09 21:03:33,000] Trial 373 finished with values: [0.8481052296183671, 0.35067712045616534] and parameters: {'psi': 0.18293366302071, 'lda_t': 1.6912267288835365e-08}.
[I 2025-08-09 21:03:39,281] Trial 374 finished with values: [0.8415150643125253, 0.37339055793991416] and parameters: {'psi': 0.6916053137389326, 'lda_t': 0.0009160208261283521}.
[I 2025-08-09 21:03:45,465] Trial 375 finished with values: [0.8822428447544046, 0.4472243940578577] and parameters: {'psi': 0.531387934901218, 'lda_t': 3.489378124245372}.
[I 2025-08-09 21:03:51,648] Trial 376 finished with values: [0.8827193544656257, 0.4460093896713615] and parameters: {'psi': 0.531387934901218, 'lda_t': 0.28054502480665666}.
[I 2025-08-09 21:03:57,838] Trial 377 finished with values: [0.8447709759129169, 0.3653295128939828] and parameters: {'psi': 0.531387934901218, 'lda_t': 0.0021674991027064105}.
[I 2025-08-09 21:04:04,032] Trial 378 finished with values: [0.8764029008178664, 0.4338292873923258] and parameters: {'psi': 0.3691850517095402, 'lda_t': 0.6080476021234246}.
[I 2025-08-09 21:04:10,212] Trial 379 finished with values: [0.844712919327403, 0.362339514978602] and parameters: {'psi': 0.531387934901218, 'lda_t': 5.856781742924466e-05}.
[I 2025-08-09 21:04:16,388] Trial 380 finished with values: [0.8485881392681487, 0.3511777301927195] and parameters: {'psi': 0.11638421750492434, 'lda_t': 0.000224441702157476}.
[I 2025-08-09 21:04:22,577] Trial 381 finished with values: [0.8868954286610277, 0.41793434747798236] and parameters: {'psi': 0.7766573636080538, 'lda_t': 0.6080476021234246}.
[I 2025-08-09 21:04:28,773] Trial 382 finished with values: [0.8822428447544046, 0.4472243940578577] and parameters: {'psi': 0.531387934901218, 'lda_t': 0.6080476021234246}.
[I 2025-08-09 21:04:34,963] Trial 383 finished with values: [0.8860348654938628, 0.4440993788819876] and parameters: {'psi': 0.6044705750142518, 'lda_t': 4.610542250209377}.
[I 2025-08-09 21:04:41,159] Trial 384 finished with values: [0.8815540513668212, 0.4460093896713615] and parameters: {'psi': 0.5187912181476739, 'lda_t': 1.1973547234988944}.
[I 2025-08-09 21:04:47,352] Trial 385 finished with values: [0.8878941047880227, 0.41835147744945567] and parameters: {'psi': 0.7093638633838998, 'lda_t': 1.542713030631388}.
[I 2025-08-09 21:04:53,545] Trial 386 finished with values: [0.8854340141191788, 0.44357976653696496] and parameters: {'psi': 0.5909066607697625, 'lda_t': 0.6080476021234246}.
[I 2025-08-09 21:04:59,720] Trial 387 finished with values: [0.8619771535907541, 0.4222560975609756] and parameters: {'psi': 0.1435306192114525, 'lda_t': 0.2121205300107386}.
[I 2025-08-09 21:05:05,925] Trial 388 finished with values: [0.8813421676866188, 0.4460093896713615] and parameters: {'psi': 0.5146991010955506, 'lda_t': 0.6080476021234246}.
[I 2025-08-09 21:05:12,107] Trial 389 finished with values: [0.8436256154798057, 0.36168691922802] and parameters: {'psi': 0.5973559440530899, 'lda_t': 0.0002527845504745943}.
[I 2025-08-09 21:05:18,302] Trial 390 finished with values: [0.882268044512487, 0.4472243940578577] and parameters: {'psi': 0.531821521899627, 'lda_t': 3.489378124245372}.
[I 2025-08-09 21:05:24,485] Trial 391 finished with values: [0.8451462294533401, 0.36649964209019326] and parameters: {'psi': 0.531387934901218, 'lda_t': 0.0011877987814583038}.
[I 2025-08-09 21:05:30,680] Trial 392 finished with values: [0.8822428447544046, 0.4472243940578577] and parameters: {'psi': 0.531387934901218, 'lda_t': 0.6080476021234246}.
[I 2025-08-09 21:05:36,878] Trial 393 finished with values: [0.8793415011787316, 0.4275755228505035] and parameters: {'psi': 0.5981670625851924, 'lda_t': 0.0975833571384804}.
[I 2025-08-09 21:05:43,074] Trial 394 finished with values: [0.8449156602382331, 0.4] and parameters: {'psi': 0.716584261837209, 'lda_t': 0.041872688976371905}.
[I 2025-08-09 21:05:49,262] Trial 395 finished with values: [0.8881871876887124, 0.42490272373540855] and parameters: {'psi': 0.6946154665087321, 'lda_t': 0.300892565385504}.
[I 2025-08-09 21:05:55,446] Trial 396 finished with values: [0.8449262887076283, 0.3609129814550642] and parameters: {'psi': 0.5146991010955506, 'lda_t': 1.5087497898017323e-06}.
[I 2025-08-09 21:06:01,629] Trial 397 finished with values: [0.8397587383161121, 0.36481614996395095] and parameters: {'psi': 0.7466530602716501, 'lda_t': 2.3328073425855885e-08}.
[I 2025-08-09 21:06:07,801] Trial 398 finished with values: [0.8544884254825439, 0.3778110944527736] and parameters: {'psi': 0.08912111543840429, 'lda_t': 0.1538757081555235}.
[I 2025-08-09 21:06:13,970] Trial 399 finished with values: [0.8431914482192399, 0.36909871244635195] and parameters: {'psi': 0.62925452981511, 'lda_t': 0.001109088872135548}.
[I 2025-08-09 21:06:20,172] Trial 400 finished with values: [0.8845950507446555, 0.44357976653696496] and parameters: {'psi': 0.5735060248978131, 'lda_t': 1.542713030631388}.
[I 2025-08-09 21:06:26,370] Trial 401 finished with values: [0.8878028485212255, 0.4251357641582622] and parameters: {'psi': 0.678137553319758, 'lda_t': 1.6794714381779217}.
[I 2025-08-09 21:06:32,548] Trial 402 finished with values: [0.8480506587136762, 0.3509272467902996] and parameters: {'psi': 0.19158305468287262, 'lda_t': 8.442077107185566e-08}.
[I 2025-08-09 21:06:38,738] Trial 403 finished with values: [0.8881010742296874, 0.4217898832684825] and parameters: {'psi': 0.7093638633838998, 'lda_t': 0.3488721326735582}.
[I 2025-08-09 21:06:44,925] Trial 404 finished with values: [0.8758479347169696, 0.436278342455043] and parameters: {'psi': 0.35243368047082313, 'lda_t': 0.1538757081555235}.
[I 2025-08-09 21:06:51,211] Trial 405 finished with values: [0.8822428447544046, 0.4472243940578577] and parameters: {'psi': 0.531387934901218, 'lda_t': 3.784788040791747}.
[I 2025-08-09 21:06:57,387] Trial 406 finished with values: [0.887782277290138, 0.42668735453840184] and parameters: {'psi': 0.6761997469517114, 'lda_t': 9.181202664024532}.
[I 2025-08-09 21:07:03,567] Trial 407 finished with values: [0.8822428447544046, 0.4472243940578577] and parameters: {'psi': 0.531387934901218, 'lda_t': 0.6080476021234246}.
[I 2025-08-09 21:07:09,746] Trial 408 finished with values: [0.8446664054882217, 0.362339514978602] and parameters: {'psi': 0.531387934901218, 'lda_t': 7.229731710815566e-07}.
[I 2025-08-09 21:07:15,938] Trial 409 finished with values: [0.8868634289682248, 0.4409937888198758] and parameters: {'psi': 0.6272628843328233, 'lda_t': 4.610542250209377}.
[I 2025-08-09 21:07:22,120] Trial 410 finished with values: [0.8822428447544046, 0.4472243940578577] and parameters: {'psi': 0.531387934901218, 'lda_t': 3.489378124245372}.
[I 2025-08-09 21:07:28,304] Trial 411 finished with values: [0.8310104222999459, 0.35174418604651164] and parameters: {'psi': 0.9771819788158312, 'lda_t': 2.1946527052869042e-07}.
[I 2025-08-09 21:07:34,462] Trial 412 finished with values: [0.8431176203565589, 0.3561643835616438] and parameters: {'psi': 0.10525584489080608, 'lda_t': 0.0013833873626172219}.
[I 2025-08-09 21:07:40,654] Trial 413 finished with values: [0.8844427664922989, 0.4289044289044289] and parameters: {'psi': 0.6946154665087321, 'lda_t': 0.1538757081555235}.
[I 2025-08-09 21:07:46,833] Trial 414 finished with values: [0.8379226987992343, 0.38074398249452956] and parameters: {'psi': 0.5164095403731895, 'lda_t': 0.008053001626441071}.
[I 2025-08-09 21:07:53,006] Trial 415 finished with values: [0.8429484219808633, 0.3654532476802284] and parameters: {'psi': 0.6292876616308497, 'lda_t': 0.00035854767056624616}.
[I 2025-08-09 21:07:59,193] Trial 416 finished with values: [0.8881330739224903, 0.4264591439688716] and parameters: {'psi': 0.6916053137389326, 'lda_t': 0.28054502480665666}.
[I 2025-08-09 21:08:05,385] Trial 417 finished with values: [0.8771514650602212, 0.4291307752545027] and parameters: {'psi': 0.3919337700856774, 'lda_t': 0.21504078400744242}.
[I 2025-08-09 21:08:11,570] Trial 418 finished with values: [0.8357595767080636, 0.35714285714285715] and parameters: {'psi': 0.8331827351965587, 'lda_t': 5.621317503146136e-07}.
[I 2025-08-09 21:08:17,749] Trial 419 finished with values: [0.8416118633832543, 0.37089871611982883] and parameters: {'psi': 0.6761997469517114, 'lda_t': 2.4845590830387057e-08}.
[I 2025-08-09 21:08:23,927] Trial 420 finished with values: [0.8446723482883135, 0.3620812544547398] and parameters: {'psi': 0.531387934901218, 'lda_t': 6.52190302546064e-06}.
[I 2025-08-09 21:08:30,110] Trial 421 finished with values: [0.8726212228362608, 0.4427123928293063] and parameters: {'psi': 0.2838991984267284, 'lda_t': 0.6080476021234246}.
[I 2025-08-09 21:08:36,282] Trial 422 finished with values: [0.8421476868107781, 0.3902439024390244] and parameters: {'psi': 0.4038194142433982, 'lda_t': 0.013200078822994595}.
[I 2025-08-09 21:08:42,463] Trial 423 finished with values: [0.8378848705909567, 0.380466472303207] and parameters: {'psi': 0.531387934901218, 'lda_t': 0.008020310746118734}.
[I 2025-08-09 21:08:48,652] Trial 424 finished with values: [0.8388700611331272, 0.387905604719764] and parameters: {'psi': 0.531387934901218, 'lda_t': 0.015092386336492984}.
[I 2025-08-09 21:08:54,839] Trial 425 finished with values: [0.883278720524283, 0.44340359094457454] and parameters: {'psi': 0.5495778137690157, 'lda_t': 3.489378124245372}.
[I 2025-08-09 21:09:01,003] Trial 426 finished with values: [0.845444169450259, 0.3628571428571429] and parameters: {'psi': 0.4905621509024374, 'lda_t': 0.00025522800061831034}.
[I 2025-08-09 21:09:07,183] Trial 427 finished with values: [0.8396809676341392, 0.3781021897810219] and parameters: {'psi': 0.2628634952826274, 'lda_t': 0.006539984430698531}.
[I 2025-08-09 21:09:13,355] Trial 428 finished with values: [0.8436183012643079, 0.3635057471264368] and parameters: {'psi': 0.531387934901218, 'lda_t': 0.0033012394371584788}.
[I 2025-08-09 21:09:19,534] Trial 429 finished with values: [0.8822428447544046, 0.4472243940578577] and parameters: {'psi': 0.531387934901218, 'lda_t': 3.784788040791747}.
[I 2025-08-09 21:09:25,719] Trial 430 finished with values: [0.8822428447544046, 0.4472243940578577] and parameters: {'psi': 0.531387934901218, 'lda_t': 3.489378124245372}.
[I 2025-08-09 21:09:31,887] Trial 431 finished with values: [0.8848392769715125, 0.41867954911433175] and parameters: {'psi': 0.9649947129995509, 'lda_t': 0.6080476021234246}.
[I 2025-08-09 21:09:38,054] Trial 432 finished with values: [0.8435682446019948, 0.3635057471264368] and parameters: {'psi': 0.531387934901218, 'lda_t': 0.0033453748448731007}.
[I 2025-08-09 21:09:44,221] Trial 433 finished with values: [0.8434284745152161, 0.36168691922802] and parameters: {'psi': 0.6044705750142518, 'lda_t': 0.00015550087041082034}.
[I 2025-08-09 21:09:50,406] Trial 434 finished with values: [0.8870706269791238, 0.43788819875776397] and parameters: {'psi': 0.6340968058830452, 'lda_t': 0.6080476021234246}.
[I 2025-08-09 21:09:56,587] Trial 435 finished with values: [0.8451325724415903, 0.36623748211731044] and parameters: {'psi': 0.531387934901218, 'lda_t': 0.0010280920320637542}.
[I 2025-08-09 21:10:02,750] Trial 436 finished with values: [0.8409800980196305, 0.37026447462473194] and parameters: {'psi': 0.7012627465075134, 'lda_t': 2.5118548541965175e-06}.
[I 2025-08-09 21:10:08,929] Trial 437 finished with values: [0.8881010742296874, 0.4217898832684825] and parameters: {'psi': 0.7093638633838998, 'lda_t': 0.3488721326735582}.
[I 2025-08-09 21:10:15,114] Trial 438 finished with values: [0.8881318167917017, 0.42679127725856697] and parameters: {'psi': 0.6946154665087321, 'lda_t': 0.28054502480665666}.
[I 2025-08-09 21:10:21,405] Trial 439 finished with values: [0.8392865714203429, 0.3887657058388766] and parameters: {'psi': 0.5284521297372508, 'lda_t': 0.015428970810833276}.
[I 2025-08-09 21:10:27,594] Trial 440 finished with values: [0.8672481315607942, 0.4068627450980392] and parameters: {'psi': 0.9727847825926609, 'lda_t': 0.12695709344065367}.
[I 2025-08-09 21:10:33,787] Trial 441 finished with values: [0.8822428447544046, 0.4472243940578577] and parameters: {'psi': 0.531387934901218, 'lda_t': 0.6080476021234246}.
[I 2025-08-09 21:10:39,973] Trial 442 finished with values: [0.8481550005691374, 0.35067712045616534] and parameters: {'psi': 0.17469204256451376, 'lda_t': 3.2762131310801274e-08}.
[I 2025-08-09 21:10:46,157] Trial 443 finished with values: [0.8447437761740345, 0.3609129814550642] and parameters: {'psi': 0.5263370453702331, 'lda_t': 2.7446536166775303e-08}.
[I 2025-08-09 21:10:52,350] Trial 444 finished with values: [0.8822428447544046, 0.4472243940578577] and parameters: {'psi': 0.531387934901218, 'lda_t': 0.6080476021234246}.
[I 2025-08-09 21:10:58,522] Trial 445 finished with values: [0.8419992882354043, 0.3665223665223665] and parameters: {'psi': 0.531387934901218, 'lda_t': 0.004581739837715925}.
[I 2025-08-09 21:11:04,710] Trial 446 finished with values: [0.8457027383965685, 0.39816933638443935] and parameters: {'psi': 0.6387824425071481, 'lda_t': 0.03261588055683679}.
[I 2025-08-09 21:11:10,894] Trial 447 finished with values: [0.8476664338308066, 0.3990719257540603] and parameters: {'psi': 0.6806184343438921, 'lda_t': 0.040413080044600216}.
[I 2025-08-09 21:11:17,063] Trial 448 finished with values: [0.8579010784353613, 0.4077519379844961] and parameters: {'psi': 0.19437139981918594, 'lda_t': 0.020715751452575575}.
[I 2025-08-09 21:11:23,243] Trial 449 finished with values: [0.8396389108950268, 0.37209302325581395] and parameters: {'psi': 0.7575362657374751, 'lda_t': 0.0023827517391890505}.
[I 2025-08-09 21:11:29,426] Trial 450 finished with values: [0.8808294297517602, 0.4489795918367347] and parameters: {'psi': 0.4905621509024374, 'lda_t': 0.1538757081555235}.
[I 2025-08-09 21:11:35,608] Trial 451 finished with values: [0.8819437619113142, 0.45019607843137255] and parameters: {'psi': 0.5164095403731895, 'lda_t': 0.1538757081555235}.
[I 2025-08-09 21:11:41,789] Trial 452 finished with values: [0.8879220473769166, 0.41835147744945567] and parameters: {'psi': 0.6946154665087321, 'lda_t': 3.489378124245372}.
[I 2025-08-09 21:11:47,953] Trial 453 finished with values: [0.8447413190547657, 0.362339514978602] and parameters: {'psi': 0.531387934901218, 'lda_t': 9.390292944745202e-05}.
[I 2025-08-09 21:11:54,122] Trial 454 finished with values: [0.8568341172496172, 0.3891402714932127] and parameters: {'psi': 0.10297820984592942, 'lda_t': 0.26467742650133674}.
[I 2025-08-09 21:12:00,283] Trial 455 finished with values: [0.8682584647187387, 0.4361948955916473] and parameters: {'psi': 0.21519130505434225, 'lda_t': 1.7126282750913826}.
[I 2025-08-09 21:12:06,462] Trial 456 finished with values: [0.8822428447544046, 0.4472243940578577] and parameters: {'psi': 0.531387934901218, 'lda_t': 0.6080476021234246}.
[I 2025-08-09 21:12:12,646] Trial 457 finished with values: [0.8880707316638332, 0.4276827371695179] and parameters: {'psi': 0.6806184343438921, 'lda_t': 0.26467742650133674}.
[I 2025-08-09 21:12:18,822] Trial 458 finished with values: [0.838610920763732, 0.3605839416058394] and parameters: {'psi': 0.789183926881998, 'lda_t': 0.0008854043779481605}.
[I 2025-08-09 21:12:25,006] Trial 459 finished with values: [0.8785611658128082, 0.4376470588235294] and parameters: {'psi': 0.44328119621831175, 'lda_t': 1.542713030631388}.
[I 2025-08-09 21:12:31,173] Trial 460 finished with values: [0.8446666911997643, 0.362339514978602] and parameters: {'psi': 0.531387934901218, 'lda_t': 8.666779075151509e-07}.
[I 2025-08-09 21:12:37,366] Trial 461 finished with values: [0.872694079279696, 0.40282131661442006] and parameters: {'psi': 0.62925452981511, 'lda_t': 0.07975697979486548}.
[I 2025-08-09 21:12:43,554] Trial 462 finished with values: [0.8855404130977486, 0.42096642096642095] and parameters: {'psi': 0.8158028979944628, 'lda_t': 0.6080476021234246}.
[I 2025-08-09 21:12:49,718] Trial 463 finished with values: [0.8445605779327375, 0.362339514978602] and parameters: {'psi': 0.5378097269360911, 'lda_t': 1.1115625568251509e-07}.
[I 2025-08-09 21:12:55,873] Trial 464 finished with values: [0.8455790824408086, 0.3510560815731974] and parameters: {'psi': 0.04618362332109838, 'lda_t': 0.6080476021234246}.
[I 2025-08-09 21:13:02,038] Trial 465 finished with values: [0.8530928388801752, 0.37676842889054357] and parameters: {'psi': 0.08172727314787176, 'lda_t': 0.6080476021234246}.
[I 2025-08-09 21:13:08,217] Trial 466 finished with values: [0.8449532027349682, 0.3645461043602573] and parameters: {'psi': 0.531387934901218, 'lda_t': 0.000460164297163136}.
[I 2025-08-09 21:13:14,375] Trial 467 finished with values: [0.8438518990217694, 0.3273510409188801] and parameters: {'psi': 0.02366156334880065, 'lda_t': 0.00011970536454412318}.
[I 2025-08-09 21:13:20,540] Trial 468 finished with values: [0.8460165068129631, 0.35780470420527444] and parameters: {'psi': 0.43474817884222416, 'lda_t': 8.30155589807889e-05}.
[I 2025-08-09 21:13:26,729] Trial 469 finished with values: [0.8822428447544046, 0.4472243940578577] and parameters: {'psi': 0.531387934901218, 'lda_t': 0.6080476021234246}.
[I 2025-08-09 21:13:32,897] Trial 470 finished with values: [0.879530013654726, 0.41379310344827586] and parameters: {'psi': 0.6761997469517114, 'lda_t': 0.11292774080799683}.
[I 2025-08-09 21:13:39,083] Trial 471 finished with values: [0.8852731585205353, 0.42036124794745483] and parameters: {'psi': 0.8210793658824801, 'lda_t': 3.489378124245372}.
[I 2025-08-09 21:13:45,249] Trial 472 finished with values: [0.8446678340459362, 0.362339514978602] and parameters: {'psi': 0.531387934901218, 'lda_t': 1.066528139013054e-06}.
[I 2025-08-09 21:13:51,438] Trial 473 finished with values: [0.8872047399773535, 0.44133644133644134] and parameters: {'psi': 0.6387824425071481, 'lda_t': 1.1065869385359857}.
[I 2025-08-09 21:13:57,619] Trial 474 finished with values: [0.8328124050009119, 0.38179148311306904] and parameters: {'psi': 0.7093638633838998, 'lda_t': 0.01040742835520077}.
[I 2025-08-09 21:14:03,779] Trial 475 finished with values: [0.8463750176569733, 0.3563791874554526] and parameters: {'psi': 0.3901781738130131, 'lda_t': 6.192631701031409e-08}.
[I 2025-08-09 21:14:09,953] Trial 476 finished with values: [0.8452646283167109, 0.3620812544547398] and parameters: {'psi': 0.4905621509024374, 'lda_t': 1.8650979414597034e-05}.
[I 2025-08-09 21:14:16,132] Trial 477 finished with values: [0.841615691917929, 0.38748137108792846] and parameters: {'psi': 0.531387934901218, 'lda_t': 0.018338494507469296}.
[I 2025-08-09 21:14:22,304] Trial 478 finished with values: [0.845551482705766, 0.3645461043602573] and parameters: {'psi': 0.4905621509024374, 'lda_t': 0.0004292086811393649}.
[I 2025-08-09 21:14:28,482] Trial 479 finished with values: [0.8782337975269723, 0.436278342455043] and parameters: {'psi': 0.4322392915132367, 'lda_t': 0.6080476021234246}.
[I 2025-08-09 21:14:34,670] Trial 480 finished with values: [0.8829263810495991, 0.445141065830721] and parameters: {'psi': 0.531387934901218, 'lda_t': 0.26467742650133674}.
[I 2025-08-09 21:14:40,851] Trial 481 finished with values: [0.8446698340267362, 0.362339514978602] and parameters: {'psi': 0.531387934901218, 'lda_t': 3.873717535420289e-06}.
[I 2025-08-09 21:14:47,032] Trial 482 finished with values: [0.867163789513335, 0.4351851851851852] and parameters: {'psi': 0.20158622943399707, 'lda_t': 1.542713030631388}.
[I 2025-08-09 21:14:53,208] Trial 483 finished with values: [0.8857060686503124, 0.44461778471138846] and parameters: {'psi': 0.5811689967683868, 'lda_t': 0.26467742650133674}.
[I 2025-08-09 21:14:59,372] Trial 484 finished with values: [0.845260056932025, 0.3620812544547398] and parameters: {'psi': 0.4905621509024374, 'lda_t': 1.3446838650970956e-05}.
[I 2025-08-09 21:15:05,547] Trial 485 finished with values: [0.8446658912074443, 0.362339514978602] and parameters: {'psi': 0.531387934901218, 'lda_t': 7.808237954824325e-08}.
[I 2025-08-09 21:15:11,807] Trial 486 finished with values: [0.8444973213971431, 0.3490909090909091] and parameters: {'psi': 0.041019503670282065, 'lda_t': 0.6080476021234246}.
[I 2025-08-09 21:15:17,981] Trial 487 finished with values: [0.8452584569473847, 0.3620812544547398] and parameters: {'psi': 0.4905621509024374, 'lda_t': 7.045854272679531e-06}.
[I 2025-08-09 21:15:24,155] Trial 488 finished with values: [0.8822428447544046, 0.4472243940578577] and parameters: {'psi': 0.531387934901218, 'lda_t': 0.6080476021234246}.
[I 2025-08-09 21:15:30,323] Trial 489 finished with values: [0.8453346276447176, 0.36065573770491804] and parameters: {'psi': 0.4843307799153981, 'lda_t': 1.9599490099101408e-07}.
[I 2025-08-09 21:15:36,514] Trial 490 finished with values: [0.8832703777472308, 0.42821576763485475] and parameters: {'psi': 0.8669000834308787, 'lda_t': 4.405766134552757}.
[I 2025-08-09 21:15:42,681] Trial 491 finished with values: [0.8425813397905667, 0.3680456490727532] and parameters: {'psi': 0.6387824425071481, 'lda_t': 7.132206096512117e-05}.
[I 2025-08-09 21:15:48,855] Trial 492 finished with values: [0.8669312203174279, 0.43585780525502316] and parameters: {'psi': 0.1986739204381316, 'lda_t': 0.6080476021234246}.
[I 2025-08-09 21:15:55,036] Trial 493 finished with values: [0.8680890949161173, 0.4390625] and parameters: {'psi': 0.2975560396455854, 'lda_t': 0.055676432684247885}.
[I 2025-08-09 21:16:01,204] Trial 494 finished with values: [0.8822428447544046, 0.4472243940578577] and parameters: {'psi': 0.531387934901218, 'lda_t': 0.6080476021234246}.
[I 2025-08-09 21:16:07,363] Trial 495 finished with values: [0.8446658912074443, 0.362339514978602] and parameters: {'psi': 0.531387934901218, 'lda_t': 3.677247879619475e-08}.
[I 2025-08-09 21:16:13,541] Trial 496 finished with values: [0.8822428447544046, 0.4472243940578577] and parameters: {'psi': 0.531387934901218, 'lda_t': 3.489378124245372}.
[I 2025-08-09 21:16:19,726] Trial 497 finished with values: [0.8822428447544046, 0.4472243940578577] and parameters: {'psi': 0.531387934901218, 'lda_t': 3.489378124245372}.
