[I 2025-08-09 21:10:50,866] Trial 125 finished with values: [0.9996781225150134, 0.6455981941309256] and parameters: {'psi': 0.5039722194655499, 'lda_t': 1.757075392160293}.
[I 2025-08-09 21:10:55,717] Trial 126 finished with values: [0.9992646946306086, 0.6388888888888888] and parameters: {'psi': 0.5956278634450242, 'lda_t': 1.1960015908318392e-05}.
[I 2025-08-09 21:11:00,564] Trial 127 finished with values: [0.9992488645903634, 0.6330275229357798] and parameters: {'psi': 0.22090119848737544, 'lda_t': 1.1819292247847075e-07}.
[I 2025-08-09 21:11:05,411] Trial 128 finished with values: [0.9996654584828173, 0.6410835214446953] and parameters: {'psi': 0.3276629949119353, 'lda_t': 0.8314984495916307}.
[I 2025-08-09 21:11:10,266] Trial 129 finished with values: [0.9995287924687001, 0.6273584905660378] and parameters: {'psi': 0.8868246331510263, 'lda_t': 0.7384561429612445}.
[I 2025-08-09 21:11:15,123] Trial 130 finished with values: [0.9996802331870461, 0.65] and parameters: {'psi': 0.5526009939277363, 'lda_t': 1.757075392160293}.
[I 2025-08-09 21:11:19,984] Trial 131 finished with values: [0.9996665138188336, 0.6425339366515838] and parameters: {'psi': 0.3430310728950241, 'lda_t': 5.888163643446603}.
[I 2025-08-09 21:11:24,833] Trial 132 finished with values: [0.9996802331870461, 0.65] and parameters: {'psi': 0.5526009939277363, 'lda_t': 1.757075392160293}.
[I 2025-08-09 21:11:29,686] Trial 133 finished with values: [0.9993702282322435, 0.6210045662100456] and parameters: {'psi': 0.5470568233580764, 'lda_t': 0.005506201154361789}.
[I 2025-08-09 21:11:34,567] Trial 134 finished with values: [0.998558938669675, 0.6224256292906178] and parameters: {'psi': 0.012632373981910638, 'lda_t': 2.3670395034285263e-07}.
[I 2025-08-09 21:11:39,433] Trial 135 finished with values: [0.9995979169777709, 0.6351351351351351] and parameters: {'psi': 0.19645733619361305, 'lda_t': 1.8135877851189348}.
[I 2025-08-09 21:11:44,278] Trial 136 finished with values: [0.999281052338862, 0.6388888888888888] and parameters: {'psi': 0.5569268377967627, 'lda_t': 8.669755141212722e-05}.
[I 2025-08-09 21:11:49,144] Trial 137 finished with values: [0.9996673053208458, 0.6425339366515838] and parameters: {'psi': 0.39236949961679857, 'lda_t': 0.631196044665356}.
[I 2025-08-09 21:11:53,997] Trial 138 finished with values: [0.9996725820009277, 0.636568848758465] and parameters: {'psi': 0.4680366193346873, 'lda_t': 7.037117756565447}.
[I 2025-08-09 21:11:58,861] Trial 139 finished with values: [0.9992499199263797, 0.6167800453514739] and parameters: {'psi': 0.9811705412440251, 'lda_t': 0.05878052899204341}.
[I 2025-08-09 21:12:03,737] Trial 140 finished with values: [0.9992351452221508, 0.6255707762557078] and parameters: {'psi': 0.14438776777970252, 'lda_t': 8.964981608481312e-08}.
[I 2025-08-09 21:12:08,601] Trial 141 finished with values: [0.9996108448439712, 0.6476190476190476] and parameters: {'psi': 0.8285810231357881, 'lda_t': 0.3792031386660148}.
[I 2025-08-09 21:12:13,446] Trial 142 finished with values: [0.9992797331688417, 0.641860465116279] and parameters: {'psi': 0.5526009939277363, 'lda_t': 1.5221434136101983e-05}.
[I 2025-08-09 21:12:18,302] Trial 143 finished with values: [0.9992522944324166, 0.6374133949191686] and parameters: {'psi': 0.6193342125990026, 'lda_t': 5.971252680802151e-08}.
[I 2025-08-09 21:12:23,152] Trial 144 finished with values: [0.9992926610350419, 0.6344827586206897] and parameters: {'psi': 0.46688921611636947, 'lda_t': 0.00013553259191013574}.
[I 2025-08-09 21:12:28,005] Trial 145 finished with values: [0.9995430395049207, 0.6273584905660378] and parameters: {'psi': 0.8754027188744467, 'lda_t': 0.7289604708206454}.
[I 2025-08-09 21:12:32,859] Trial 146 finished with values: [0.9992604732865433, 0.6388888888888888] and parameters: {'psi': 0.6052986546194706, 'lda_t': 9.495093397329564e-05}.
[I 2025-08-09 21:12:37,715] Trial 147 finished with values: [0.9996699436608868, 0.6334841628959276] and parameters: {'psi': 0.4417803664478054, 'lda_t': 2.587469471262804}.
[I 2025-08-09 21:12:42,582] Trial 148 finished with values: [0.9995203497805693, 0.6275395033860045] and parameters: {'psi': 0.12340430460679386, 'lda_t': 0.510245601184084}.
[I 2025-08-09 21:12:47,435] Trial 149 finished with values: [0.9988380750459994, 0.6235565819861432] and parameters: {'psi': 0.9435284459509113, 'lda_t': 5.865963096998965e-08}.
[I 2025-08-09 21:12:52,288] Trial 150 finished with values: [0.9996089980059426, 0.6522781774580336] and parameters: {'psi': 0.9831861901053842, 'lda_t': 5.393162129437448}.
[I 2025-08-09 21:12:57,150] Trial 151 finished with values: [0.9996607094707437, 0.6382022471910113] and parameters: {'psi': 0.3111973230045353, 'lda_t': 0.631196044665356}.
[I 2025-08-09 21:13:02,108] Trial 152 finished with values: [0.9994087479968403, 0.6167800453514739] and parameters: {'psi': 0.5129950374209457, 'lda_t': 0.01235104103052973}.
[I 2025-08-09 21:13:06,960] Trial 153 finished with values: [0.9991942509515173, 0.6293706293706294] and parameters: {'psi': 0.7204836236275353, 'lda_t': 0.0003605974488868285}.
[I 2025-08-09 21:13:11,822] Trial 154 finished with values: [0.9995433033389248, 0.6405529953917051] and parameters: {'psi': 0.9971404526097585, 'lda_t': 0.25847869819422975}.
[I 2025-08-09 21:13:16,665] Trial 155 finished with values: [0.9988845098307189, 0.6318289786223278] and parameters: {'psi': 0.8643134717744694, 'lda_t': 0.00011492490178463511}.
[I 2025-08-09 21:13:21,537] Trial 156 finished with values: [0.9995538566990884, 0.6351351351351351] and parameters: {'psi': 0.150935752505304, 'lda_t': 0.13955752891455922}.
[I 2025-08-09 21:13:26,408] Trial 157 finished with values: [0.9992586264485147, 0.631578947368421] and parameters: {'psi': 0.23918745851889434, 'lda_t': 3.866315520542535e-05}.
[I 2025-08-09 21:13:31,261] Trial 158 finished with values: [0.9992633754605882, 0.6359447004608295] and parameters: {'psi': 0.6193342125990026, 'lda_t': 0.0003502470750886434}.
[I 2025-08-09 21:13:36,127] Trial 159 finished with values: [0.9995979169777709, 0.636568848758465] and parameters: {'psi': 0.1967008665295913, 'lda_t': 1.3058523356767704}.
[I 2025-08-09 21:13:40,974] Trial 160 finished with values: [0.9989008675389723, 0.6303317535545023] and parameters: {'psi': 0.8601193805352494, 'lda_t': 0.00012927965750269077}.
[I 2025-08-09 21:13:45,825] Trial 161 finished with values: [0.9993960839646442, 0.6153846153846154] and parameters: {'psi': 0.6193342125990026, 'lda_t': 0.014763413662490232}.
[I 2025-08-09 21:13:50,680] Trial 162 finished with values: [0.9993135039213648, 0.6160919540229886] and parameters: {'psi': 0.9615468624143568, 'lda_t': 0.11498047412802996}.
[I 2025-08-09 21:13:55,544] Trial 163 finished with values: [0.9995401373308759, 0.6289592760180995] and parameters: {'psi': 0.14119757430621627, 'lda_t': 0.510245601184084}.
[I 2025-08-09 21:14:00,383] Trial 164 finished with values: [0.999123807272426, 0.6178489702517163] and parameters: {'psi': 0.9329168688629726, 'lda_t': 0.03458917224351296}.
[I 2025-08-09 21:14:05,224] Trial 165 finished with values: [0.999277622496809, 0.6330275229357798] and parameters: {'psi': 0.35699956446482795, 'lda_t': 1.980276095003493e-06}.
[I 2025-08-09 21:14:10,061] Trial 166 finished with values: [0.999664666980805, 0.6651053864168618] and parameters: {'psi': 0.7406541336582808, 'lda_t': 5.737255514304807}.
[I 2025-08-09 21:14:14,899] Trial 167 finished with values: [0.9996781225150134, 0.6455981941309256] and parameters: {'psi': 0.5039722194655499, 'lda_t': 0.3792031386660148}.
[I 2025-08-09 21:14:19,714] Trial 168 finished with values: [0.99913567980261, 0.6178489702517163] and parameters: {'psi': 0.9926392395014085, 'lda_t': 0.00012402924038940925}.
[I 2025-08-09 21:14:24,564] Trial 169 finished with values: [0.9992594179505269, 0.6216216216216216] and parameters: {'psi': 0.037933389263609785, 'lda_t': 0.04150701273557069}.
[I 2025-08-09 21:14:29,446] Trial 170 finished with values: [0.9983185858919515, 0.6195899772209568] and parameters: {'psi': 0.01034750475388413, 'lda_t': 2.9497991772907776e-07}.
[I 2025-08-09 21:14:34,308] Trial 171 finished with values: [0.9993005760551645, 0.631578947368421] and parameters: {'psi': 0.35172685567906325, 'lda_t': 0.0007682275635086109}.
[I 2025-08-09 21:14:39,164] Trial 172 finished with values: [0.9992815800068703, 0.6301369863013698] and parameters: {'psi': 0.33388501330296816, 'lda_t': 0.00019548590146644738}.
[I 2025-08-09 21:14:44,014] Trial 173 finished with values: [0.9996665138188336, 0.6425339366515838] and parameters: {'psi': 0.3430310728950241, 'lda_t': 0.24484399614342617}.
[I 2025-08-09 21:14:48,877] Trial 174 finished with values: [0.9996720543329194, 0.6620370370370371] and parameters: {'psi': 0.7137974182942759, 'lda_t': 0.5648895257931682}.
[I 2025-08-09 21:14:53,730] Trial 175 finished with values: [0.9992884396909765, 0.6388888888888888] and parameters: {'psi': 0.5039722194655499, 'lda_t': 3.494866574556559e-05}.
[I 2025-08-09 21:14:58,585] Trial 176 finished with values: [0.9996836630290993, 0.6605922551252847] and parameters: {'psi': 0.6193342125990026, 'lda_t': 0.8314984495916307}.
[I 2025-08-09 21:15:03,457] Trial 177 finished with values: [0.9992744564887599, 0.6330275229357798] and parameters: {'psi': 0.3430310728950241, 'lda_t': 1.551773794598875e-08}.
[I 2025-08-09 21:15:08,304] Trial 178 finished with values: [0.9992881758569725, 0.6388888888888888] and parameters: {'psi': 0.5005959294088526, 'lda_t': 2.8789147041388843e-08}.
[I 2025-08-09 21:15:13,157] Trial 179 finished with values: [0.9996791778510298, 0.6485260770975056] and parameters: {'psi': 0.5419829827909555, 'lda_t': 0.510245601184084}.
[I 2025-08-09 21:15:18,009] Trial 180 finished with values: [0.999673901170948, 0.6651270207852193] and parameters: {'psi': 0.7040877876796693, 'lda_t': 0.510245601184084}.
[I 2025-08-09 21:15:22,853] Trial 181 finished with values: [0.999253877436441, 0.6374133949191686] and parameters: {'psi': 0.6193342125990026, 'lda_t': 0.00010274165874859274}.
[I 2025-08-09 21:15:27,705] Trial 182 finished with values: [0.9992892311929887, 0.6301369863013698] and parameters: {'psi': 0.3430310728950241, 'lda_t': 0.00037013202958746747}.
[I 2025-08-09 21:15:32,590] Trial 183 finished with values: [0.9994607232956456, 0.6233183856502242] and parameters: {'psi': 0.09246942113505352, 'lda_t': 0.3792031386660148}.
[I 2025-08-09 21:15:37,458] Trial 184 finished with values: [0.9996596541347275, 0.6469248291571754] and parameters: {'psi': 0.5039722194655499, 'lda_t': 0.12780511753141274}.
[I 2025-08-09 21:15:42,346] Trial 185 finished with values: [0.9992351452221508, 0.6255707762557078] and parameters: {'psi': 0.1456292603685977, 'lda_t': 1.3847440362106184e-08}.
[I 2025-08-09 21:15:47,195] Trial 186 finished with values: [0.9996665138188336, 0.6425339366515838] and parameters: {'psi': 0.3430310728950241, 'lda_t': 1.3750499176958413}.
[I 2025-08-09 21:15:52,046] Trial 187 finished with values: [0.9996831353610911, 0.6605922551252847] and parameters: {'psi': 0.6139495376939874, 'lda_t': 2.187516815194802}.
[I 2025-08-09 21:15:56,910] Trial 188 finished with values: [0.9995725889133785, 0.6351351351351351] and parameters: {'psi': 0.16771517452694806, 'lda_t': 0.27295475865427127}.
[I 2025-08-09 21:16:01,763] Trial 189 finished with values: [0.9993435809978308, 0.6241457858769932] and parameters: {'psi': 0.357916480799624, 'lda_t': 0.002515170755066996}.
[I 2025-08-09 21:16:06,632] Trial 190 finished with values: [0.9996699436608868, 0.6334841628959276] and parameters: {'psi': 0.441621546342431, 'lda_t': 0.510245601184084}.
[I 2025-08-09 21:16:11,481] Trial 191 finished with values: [0.9993575642000474, 0.6210045662100456] and parameters: {'psi': 0.6777462500831872, 'lda_t': 0.010054391163853784}.
[I 2025-08-09 21:16:16,317] Trial 192 finished with values: [0.9996781225150134, 0.6455981941309256] and parameters: {'psi': 0.5039722194655499, 'lda_t': 0.510245601184084}.
[I 2025-08-09 21:16:21,144] Trial 193 finished with values: [0.9996831353610911, 0.6590909090909091] and parameters: {'psi': 0.5890936968744226, 'lda_t': 5.888163643446603}.
[I 2025-08-09 21:16:25,997] Trial 194 finished with values: [0.9995886827876279, 0.636568848758465] and parameters: {'psi': 0.3430310728950241, 'lda_t': 0.05240246293742174}.
[I 2025-08-09 21:16:30,859] Trial 195 finished with values: [0.9992520305984125, 0.6374133949191686] and parameters: {'psi': 0.6203324912634219, 'lda_t': 6.789806497249007e-06}.
[I 2025-08-09 21:16:35,703] Trial 196 finished with values: [0.9992530859344289, 0.6374133949191686] and parameters: {'psi': 0.6193342125990026, 'lda_t': 2.9602790209098143e-05}.
[I 2025-08-09 21:16:40,567] Trial 197 finished with values: [0.9996649308148091, 0.6410835214446953] and parameters: {'psi': 0.32975141146677356, 'lda_t': 1.9354288184901995}.
[I 2025-08-09 21:16:45,425] Trial 198 finished with values: [0.999664666980805, 0.6651053864168618] and parameters: {'psi': 0.7406541336582808, 'lda_t': 2.187516815194802}.
[I 2025-08-09 21:16:50,377] Trial 199 finished with values: [0.9996831353610911, 0.6605922551252847] and parameters: {'psi': 0.6139945749306448, 'lda_t': 1.757075392160293}.
[I 2025-08-09 21:16:55,232] Trial 200 finished with values: [0.9992522944324166, 0.6374133949191686] and parameters: {'psi': 0.6193342125990026, 'lda_t': 1.0052603996256708e-07}.
[I 2025-08-09 21:17:00,085] Trial 201 finished with values: [0.9996760118429808, 0.6396396396396397] and parameters: {'psi': 0.49064617320861204, 'lda_t': 1.3750499176958413}.
[I 2025-08-09 21:17:04,954] Trial 202 finished with values: [0.999664666980805, 0.6651053864168618] and parameters: {'psi': 0.7406541336582808, 'lda_t': 0.8314984495916307}.
[I 2025-08-09 21:17:09,785] Trial 203 finished with values: [0.999250447594388, 0.6388888888888888] and parameters: {'psi': 0.6229044260789238, 'lda_t': 6.567482163886991e-08}.
[I 2025-08-09 21:17:14,617] Trial 204 finished with values: [0.9992792055008335, 0.641860465116279] and parameters: {'psi': 0.5526009939277363, 'lda_t': 5.0662642925178494e-06}.
[I 2025-08-09 21:17:19,480] Trial 205 finished with values: [0.9995396096628676, 0.6289592760180995] and parameters: {'psi': 0.14050388089983668, 'lda_t': 0.08497527309083235}.
[I 2025-08-09 21:17:24,340] Trial 206 finished with values: [0.9996636116447887, 0.6351351351351351] and parameters: {'psi': 0.3430310728950241, 'lda_t': 0.12283770302305484}.
[I 2025-08-09 21:17:29,194] Trial 207 finished with values: [0.9996675691548499, 0.6425339366515838] and parameters: {'psi': 0.3926357096841804, 'lda_t': 7.037117756565447}.
[I 2025-08-09 21:17:34,041] Trial 208 finished with values: [0.9994367144012736, 0.6191536748329621] and parameters: {'psi': 0.4417803664478054, 'lda_t': 0.02042880411304777}.
[I 2025-08-09 21:17:38,901] Trial 209 finished with values: [0.9993937094586073, 0.6195899772209568] and parameters: {'psi': 0.6139495376939874, 'lda_t': 0.011944211216740707}.
[I 2025-08-09 21:17:43,770] Trial 210 finished with values: [0.9992340898861345, 0.6241457858769932] and parameters: {'psi': 0.13951024344394358, 'lda_t': 1.0412098237445524e-06}.
[I 2025-08-09 21:17:48,626] Trial 211 finished with values: [0.999265749966625, 0.6330275229357798] and parameters: {'psi': 0.3017753130480231, 'lda_t': 7.819860501230493e-07}.
[I 2025-08-09 21:17:53,461] Trial 212 finished with values: [0.9996744288389563, 0.6620689655172414] and parameters: {'psi': 0.699920017099726, 'lda_t': 0.3792031386660148}.
[I 2025-08-09 21:17:58,293] Trial 213 finished with values: [0.9996440879284862, 0.660377358490566] and parameters: {'psi': 0.7919516862478926, 'lda_t': 0.3792031386660148}.
[I 2025-08-09 21:18:03,124] Trial 214 finished with values: [0.9996768033449931, 0.6454545454545455] and parameters: {'psi': 0.5032849447227878, 'lda_t': 0.15801394832073964}.
[I 2025-08-09 21:18:08,015] Trial 215 finished with values: [0.9995047835743281, 0.6275395033860045] and parameters: {'psi': 0.11453133631191503, 'lda_t': 0.5287404794141671}.
[I 2025-08-09 21:18:12,892] Trial 216 finished with values: [0.9996538497866374, 0.6396396396396397] and parameters: {'psi': 0.2962392388082856, 'lda_t': 0.8314984495916307}.
[I 2025-08-09 21:18:17,759] Trial 217 finished with values: [0.9992391027322122, 0.6301369863013698] and parameters: {'psi': 0.15494557042858914, 'lda_t': 2.2084930598436038e-07}.
[I 2025-08-09 21:18:22,610] Trial 218 finished with values: [0.9992668053026413, 0.6388888888888888] and parameters: {'psi': 0.5905734562928384, 'lda_t': 2.164325446984464e-05}.
[I 2025-08-09 21:18:27,468] Trial 219 finished with values: [0.9996836630290993, 0.6605922551252847] and parameters: {'psi': 0.6193342125990026, 'lda_t': 5.888163643446603}.
[I 2025-08-09 21:18:32,325] Trial 220 finished with values: [0.9991493991708225, 0.6323185011709602] and parameters: {'psi': 0.7585099966611161, 'lda_t': 2.89601956466992e-07}.
[I 2025-08-09 21:18:37,163] Trial 221 finished with values: [0.9996831353610911, 0.6605922551252847] and parameters: {'psi': 0.6139945749306448, 'lda_t': 7.037117756565447}.
[I 2025-08-09 21:18:42,024] Trial 222 finished with values: [0.9996327430663104, 0.669833729216152] and parameters: {'psi': 0.9995940564645345, 'lda_t': 0.510245601184084}.
[I 2025-08-09 21:18:46,875] Trial 223 finished with values: [0.9993393596537654, 0.6210045662100456] and parameters: {'psi': 0.3430310728950241, 'lda_t': 0.002320839386242562}.
[I 2025-08-09 21:18:51,717] Trial 224 finished with values: [0.9996789140170258, 0.6485260770975056] and parameters: {'psi': 0.5300111176490634, 'lda_t': 0.631196044665356}.
[I 2025-08-09 21:18:56,580] Trial 225 finished with values: [0.9996802331870461, 0.65] and parameters: {'psi': 0.5526009939277363, 'lda_t': 1.757075392160293}.
[I 2025-08-09 21:19:01,436] Trial 226 finished with values: [0.9996641393127969, 0.6682242990654206] and parameters: {'psi': 0.7406541336582808, 'lda_t': 0.631196044665356}.
[I 2025-08-09 21:19:06,287] Trial 227 finished with values: [0.9992873843549602, 0.6388888888888888] and parameters: {'psi': 0.5039722194655499, 'lda_t': 1.0188324276811546e-06}.
[I 2025-08-09 21:19:11,150] Trial 228 finished with values: [0.9992451709143062, 0.631578947368421] and parameters: {'psi': 0.1943603877287572, 'lda_t': 1.8371521647401033e-08}.
[I 2025-08-09 21:19:16,015] Trial 229 finished with values: [0.9995546482011006, 0.6351351351351351] and parameters: {'psi': 0.15302674378318848, 'lda_t': 1.757075392160293}.
[I 2025-08-09 21:19:20,876] Trial 230 finished with values: [0.9992499199263797, 0.6330275229357798] and parameters: {'psi': 0.22540858179581436, 'lda_t': 1.5597218068927442e-08}.
[I 2025-08-09 21:19:25,719] Trial 231 finished with values: [0.9996804970210502, 0.65] and parameters: {'psi': 0.5569268377967627, 'lda_t': 0.510245601184084}.
[I 2025-08-09 21:19:30,563] Trial 232 finished with values: [0.9991734080651944, 0.6308411214953271] and parameters: {'psi': 0.7406541336582808, 'lda_t': 0.0003735250368268162}.
[I 2025-08-09 21:19:35,425] Trial 233 finished with values: [0.999685773701132, 0.6682027649769585] and parameters: {'psi': 0.6139495376939874, 'lda_t': 0.24484399614342617}.
[I 2025-08-09 21:19:40,271] Trial 234 finished with values: [0.9992245918619873, 0.6388888888888888] and parameters: {'psi': 0.6637260807066757, 'lda_t': 1.929825130355292e-08}.
[I 2025-08-09 21:19:45,121] Trial 235 finished with values: [0.9996831353610911, 0.6590909090909091] and parameters: {'psi': 0.5890936968744226, 'lda_t': 5.888163643446603}.
[I 2025-08-09 21:19:49,979] Trial 236 finished with values: [0.999664666980805, 0.6651053864168618] and parameters: {'psi': 0.7406541336582808, 'lda_t': 2.187516815194802}.
[I 2025-08-09 21:19:54,829] Trial 237 finished with values: [0.9992789416668294, 0.641860465116279] and parameters: {'psi': 0.5526009939277363, 'lda_t': 1.4511826180099023e-06}.
[I 2025-08-09 21:19:59,657] Trial 238 finished with values: [0.9992873843549601, 0.631578947368421] and parameters: {'psi': 0.43233848234576344, 'lda_t': 4.033634344887638e-07}.
[I 2025-08-09 21:20:04,518] Trial 239 finished with values: [0.9996620286407641, 0.6367713004484304] and parameters: {'psi': 0.3148144365283868, 'lda_t': 0.3792031386660148}.
[I 2025-08-09 21:20:09,392] Trial 240 finished with values: [0.9988177598276847, 0.6213151927437641] and parameters: {'psi': 0.015183027556274209, 'lda_t': 0.631196044665356}.
[I 2025-08-09 21:20:14,240] Trial 241 finished with values: [0.9996831353610911, 0.6590909090909091] and parameters: {'psi': 0.5890936968744226, 'lda_t': 1.757075392160293}.
[I 2025-08-09 21:20:19,094] Trial 242 finished with values: [0.9996440879284862, 0.6367713004484304] and parameters: {'psi': 0.2710023531929817, 'lda_t': 0.631196044665356}.
[I 2025-08-09 21:20:23,942] Trial 243 finished with values: [0.999682871527087, 0.6605922551252847] and parameters: {'psi': 0.6229044260789238, 'lda_t': 0.7289604708206454}.
[I 2025-08-09 21:20:28,900] Trial 244 finished with values: [0.9996757480089767, 0.6396396396396397] and parameters: {'psi': 0.4920786724140621, 'lda_t': 0.510245601184084}.
[I 2025-08-09 21:20:33,761] Trial 245 finished with values: [0.9996272025522246, 0.6540284360189573] and parameters: {'psi': 0.8145678352050757, 'lda_t': 1.3750499176958413}.
[I 2025-08-09 21:20:38,601] Trial 246 finished with values: [0.9996665138188336, 0.6425339366515838] and parameters: {'psi': 0.3430310728950241, 'lda_t': 0.510245601184084}.
[I 2025-08-09 21:20:43,434] Trial 247 finished with values: [0.9993926541225909, 0.6210045662100456] and parameters: {'psi': 0.6139495376939874, 'lda_t': 0.011547119376010509}.
[I 2025-08-09 21:20:48,304] Trial 248 finished with values: [0.9996665138188336, 0.6425339366515838] and parameters: {'psi': 0.3410790674828622, 'lda_t': 0.24484399614342617}.
[I 2025-08-09 21:20:53,147] Trial 249 finished with values: [0.9996836630290993, 0.6590909090909091] and parameters: {'psi': 0.5920967003454785, 'lda_t': 1.5246521026138935}.
