[I 2025-08-09 20:34:39,499] Trial 124 finished with values: [0.8172367956767834, 0.3582995951417004] and parameters: {'psi': 0.40300950839394756, 'lda_t': 0.7245168937634163}.
[I 2025-08-09 20:34:45,076] Trial 125 finished with values: [0.8230951794009175, 0.3552769070010449] and parameters: {'psi': 0.7649609462810812, 'lda_t': 3.101073797440107}.
[I 2025-08-09 20:34:50,646] Trial 126 finished with values: [0.7888867741670412, 0.34886025768087214] and parameters: {'psi': 0.9578627223174502, 'lda_t': 0.004514485355242535}.
[I 2025-08-09 20:34:56,227] Trial 127 finished with values: [0.7889317875320834, 0.3480825958702065] and parameters: {'psi': 0.29467082818683943, 'lda_t': 9.592867334160987e-07}.
[I 2025-08-09 20:35:01,816] Trial 128 finished with values: [0.7898821435304013, 0.34756703078450846] and parameters: {'psi': 0.14656902130404037, 'lda_t': 0.005728848305976253}.
[I 2025-08-09 20:35:07,401] Trial 129 finished with values: [0.7798828927461416, 0.34756703078450846] and parameters: {'psi': 0.8596517952019735, 'lda_t': 1.0479618902102364e-05}.
[I 2025-08-09 20:35:12,979] Trial 130 finished with values: [0.784766631381022, 0.3509471585244267] and parameters: {'psi': 0.7363075942805922, 'lda_t': 1.0323217600117424e-07}.
[I 2025-08-09 20:35:18,657] Trial 131 finished with values: [0.827105175388988, 0.34410844629822734] and parameters: {'psi': 0.9210527182502124, 'lda_t': 0.7245168937634163}.
[I 2025-08-09 20:35:24,283] Trial 132 finished with values: [0.7137190465142134, 0.34279918864097364] and parameters: {'psi': 0.0005778579614158508, 'lda_t': 7.731264443634868e-07}.
[I 2025-08-09 20:35:29,869] Trial 133 finished with values: [0.7935477419604318, 0.3464566929133858] and parameters: {'psi': 0.2568438543336844, 'lda_t': 0.000502537698247323}.
[I 2025-08-09 20:35:35,449] Trial 134 finished with values: [0.7895798591474408, 0.3460410557184751] and parameters: {'psi': 0.15856860069280787, 'lda_t': 2.4566591396541156e-05}.
[I 2025-08-09 20:35:41,024] Trial 135 finished with values: [0.7792744570602708, 0.3492063492063492] and parameters: {'psi': 0.8677515298573141, 'lda_t': 1.0947438543119721e-05}.
[I 2025-08-09 20:35:46,628] Trial 136 finished with values: [0.794778993440737, 0.34904714142427284] and parameters: {'psi': 0.16524215052227154, 'lda_t': 0.01195389765897216}.
[I 2025-08-09 20:35:52,200] Trial 137 finished with values: [0.8092538415432876, 0.35030549898167007] and parameters: {'psi': 0.9593975833871321, 'lda_t': 0.11962690018420377}.
[I 2025-08-09 20:35:57,770] Trial 138 finished with values: [0.7873328765534142, 0.3434959349593496] and parameters: {'psi': 0.7775539557960345, 'lda_t': 0.03676029453364508}.
[I 2025-08-09 20:36:03,340] Trial 139 finished with values: [0.8014116070435948, 0.3492063492063492] and parameters: {'psi': 0.58916067887894, 'lda_t': 0.006253333106025132}.
[I 2025-08-09 20:36:08,921] Trial 140 finished with values: [0.788959218495478, 0.3480825958702065] and parameters: {'psi': 0.2904309374606342, 'lda_t': 2.857997648308015e-06}.
[I 2025-08-09 20:36:14,504] Trial 141 finished with values: [0.7889239328509351, 0.34876847290640395] and parameters: {'psi': 0.32008633674446174, 'lda_t': 1.0947438543119721e-05}.
[I 2025-08-09 20:36:20,089] Trial 142 finished with values: [0.7884303567717019, 0.34782608695652173] and parameters: {'psi': 0.40497448923942136, 'lda_t': 2.524063807242116e-07}.
[I 2025-08-09 20:36:25,683] Trial 143 finished with values: [0.8172691207107399, 0.3562753036437247] and parameters: {'psi': 0.4009050734090823, 'lda_t': 5.303844940326806}.
[I 2025-08-09 20:36:31,270] Trial 144 finished with values: [0.7859166171217549, 0.3482587064676617] and parameters: {'psi': 0.6801740959376606, 'lda_t': 4.700401478044738e-06}.
[I 2025-08-09 20:36:36,861] Trial 145 finished with values: [0.7806417153656898, 0.34756703078450846] and parameters: {'psi': 0.8497579687746442, 'lda_t': 1.0947438543119721e-05}.
[I 2025-08-09 20:36:42,449] Trial 146 finished with values: [0.7888268369078175, 0.34714003944773175] and parameters: {'psi': 0.32206790371002103, 'lda_t': 1.0150067481003285e-07}.
[I 2025-08-09 20:36:48,043] Trial 147 finished with values: [0.7891517186042354, 0.34637964774951074] and parameters: {'psi': 0.19587612226555262, 'lda_t': 1.818262254069632e-07}.
[I 2025-08-09 20:36:53,634] Trial 148 finished with values: [0.7882358023617215, 0.34817012858555885] and parameters: {'psi': 0.4574272433058767, 'lda_t': 1.868348428252063e-05}.
[I 2025-08-09 20:36:59,233] Trial 149 finished with values: [0.8171596989602818, 0.363265306122449] and parameters: {'psi': 0.48254971790319, 'lda_t': 0.9431119607356631}.
[I 2025-08-09 20:37:04,815] Trial 150 finished with values: [0.8001792075714292, 0.34705882352941175] and parameters: {'psi': 0.24646453755848752, 'lda_t': 0.0019493391264662895}.
[I 2025-08-09 20:37:10,397] Trial 151 finished with values: [0.7920580110497237, 0.3465346534653465] and parameters: {'psi': 0.5286543049685163, 'lda_t': 0.0010351125861136588}.
[I 2025-08-09 20:37:15,999] Trial 152 finished with values: [0.7891401178443854, 0.3460410557184751] and parameters: {'psi': 0.15856860069280787, 'lda_t': 1.4196427911201366e-08}.
[I 2025-08-09 20:37:21,587] Trial 153 finished with values: [0.7891087595404167, 0.34637964774951074] and parameters: {'psi': 0.22283904629129525, 'lda_t': 4.1196111547502324e-08}.
[I 2025-08-09 20:37:27,181] Trial 154 finished with values: [0.809534132819033, 0.3527054108216433] and parameters: {'psi': 0.14656902130404037, 'lda_t': 0.029908728340846603}.
[I 2025-08-09 20:37:32,760] Trial 155 finished with values: [0.8232333009478787, 0.35908141962421714] and parameters: {'psi': 0.7499340181365508, 'lda_t': 3.342234510412347}.
[I 2025-08-09 20:37:38,345] Trial 156 finished with values: [0.7888710648047447, 0.34886025768087214] and parameters: {'psi': 0.6156252262377497, 'lda_t': 0.0005633907052438826}.
[I 2025-08-09 20:37:43,922] Trial 157 finished with values: [0.8186535384734367, 0.36863543788187375] and parameters: {'psi': 0.5463261744415817, 'lda_t': 0.3306006758487976}.
[I 2025-08-09 20:37:49,514] Trial 158 finished with values: [0.7766937713586907, 0.3458498023715415] and parameters: {'psi': 0.027649934988758007, 'lda_t': 0.23063587987088394}.
[I 2025-08-09 20:37:55,099] Trial 159 finished with values: [0.8195774302383472, 0.3665987780040733] and parameters: {'psi': 0.5697622526417162, 'lda_t': 0.7245168937634163}.
[I 2025-08-09 20:38:00,712] Trial 160 finished with values: [0.8024450414002117, 0.3453815261044177] and parameters: {'psi': 0.18491062877627096, 'lda_t': 0.017589034072309558}.
[I 2025-08-09 20:38:06,298] Trial 161 finished with values: [0.8181308396533308, 0.35020242914979755] and parameters: {'psi': 0.3589218947638292, 'lda_t': 0.16930851532385136}.
[I 2025-08-09 20:38:11,893] Trial 162 finished with values: [0.8176712803855319, 0.3510531594784353] and parameters: {'psi': 0.1928131246196848, 'lda_t': 0.22750706244700353}.
[I 2025-08-09 20:38:17,482] Trial 163 finished with values: [0.8204216876205391, 0.3690112130479103] and parameters: {'psi': 0.5996536373227795, 'lda_t': 0.18905772209464897}.
[I 2025-08-09 20:38:23,075] Trial 164 finished with values: [0.8104120444889141, 0.3367768595041322] and parameters: {'psi': 0.8619157939421015, 'lda_t': 0.11962690018420377}.
[I 2025-08-09 20:38:28,763] Trial 165 finished with values: [0.8170630259615338, 0.3641912512716175] and parameters: {'psi': 0.48254971790319, 'lda_t': 0.18905772209464897}.
[I 2025-08-09 20:38:34,335] Trial 166 finished with values: [0.8294414596656081, 0.35208333333333336] and parameters: {'psi': 0.9593975833871321, 'lda_t': 5.0116614997260385}.
[I 2025-08-09 20:38:39,929] Trial 167 finished with values: [0.8156077348066298, 0.3302564102564103] and parameters: {'psi': 0.42137147400915387, 'lda_t': 0.07327723663815414}.
[I 2025-08-09 20:38:45,515] Trial 168 finished with values: [0.7813316584736301, 0.3504950495049505] and parameters: {'psi': 0.9718628672135297, 'lda_t': 9.202904214697834e-08}.
[I 2025-08-09 20:38:51,102] Trial 169 finished with values: [0.7808009841311273, 0.3508424182358771] and parameters: {'psi': 0.9593975833871321, 'lda_t': 7.473762304849403e-08}.
[I 2025-08-09 20:38:56,681] Trial 170 finished with values: [0.8092538415432876, 0.35030549898167007] and parameters: {'psi': 0.9593975833871321, 'lda_t': 0.11962690018420377}.
[I 2025-08-09 20:39:02,259] Trial 171 finished with values: [0.8260759704760662, 0.34196891191709844] and parameters: {'psi': 0.9188267070374485, 'lda_t': 0.3306006758487976}.
[I 2025-08-09 20:39:07,841] Trial 172 finished with values: [0.8210155015153493, 0.3660531697341513] and parameters: {'psi': 0.604638934325732, 'lda_t': 2.1283894691174434}.
[I 2025-08-09 20:39:13,435] Trial 173 finished with values: [0.8173460965859931, 0.3662258392675483] and parameters: {'psi': 0.4972635939588429, 'lda_t': 6.164632996573145}.
[I 2025-08-09 20:39:19,017] Trial 174 finished with values: [0.8228401439460952, 0.35833333333333334] and parameters: {'psi': 0.7583464507442165, 'lda_t': 0.32735058663411826}.
[I 2025-08-09 20:39:24,600] Trial 175 finished with values: [0.821626474867437, 0.33884297520661155] and parameters: {'psi': 0.9199456448595408, 'lda_t': 0.16930851532385136}.
[I 2025-08-09 20:39:30,192] Trial 176 finished with values: [0.8099544186810903, 0.3527054108216433] and parameters: {'psi': 0.14656902130404037, 'lda_t': 0.06284201875388695}.
[I 2025-08-09 20:39:35,778] Trial 177 finished with values: [0.7865577403653273, 0.34791252485089463] and parameters: {'psi': 0.6384603150937032, 'lda_t': 8.45200974096076e-07}.
[I 2025-08-09 20:39:41,384] Trial 178 finished with values: [0.7899225045073786, 0.3460410557184751] and parameters: {'psi': 0.1928131246196848, 'lda_t': 5.2636734845416195e-05}.
[I 2025-08-09 20:39:46,960] Trial 179 finished with values: [0.8221859094270675, 0.36251287332646753] and parameters: {'psi': 0.6540556234449189, 'lda_t': 0.22750706244700353}.
[I 2025-08-09 20:39:52,548] Trial 180 finished with values: [0.7787442056621375, 0.34955312810327704] and parameters: {'psi': 0.8757422389960969, 'lda_t': 1.4698211038391438e-06}.
[I 2025-08-09 20:39:58,136] Trial 181 finished with values: [0.8193874677958072, 0.3534218590398366] and parameters: {'psi': 0.31173788435905614, 'lda_t': 0.22750706244700353}.
[I 2025-08-09 20:40:03,719] Trial 182 finished with values: [0.817267187250765, 0.3562753036437247] and parameters: {'psi': 0.4007262705286403, 'lda_t': 0.23063587987088394}.
[I 2025-08-09 20:40:09,315] Trial 183 finished with values: [0.8037040863676571, 0.346] and parameters: {'psi': 0.12386448993792354, 'lda_t': 0.19271482824616284}.
[I 2025-08-09 20:40:14,900] Trial 184 finished with values: [0.8172056790553114, 0.3579373104145602] and parameters: {'psi': 0.40300950839394756, 'lda_t': 0.18905772209464897}.
[I 2025-08-09 20:40:20,477] Trial 185 finished with values: [0.8232866523590628, 0.3573667711598746] and parameters: {'psi': 0.7405166467238457, 'lda_t': 3.342234510412347}.
[I 2025-08-09 20:40:26,066] Trial 186 finished with values: [0.7785135197188748, 0.34955312810327704] and parameters: {'psi': 0.9195508677059702, 'lda_t': 5.97338083960534e-08}.
[I 2025-08-09 20:40:31,651] Trial 187 finished with values: [0.7840463571197247, 0.34860557768924305] and parameters: {'psi': 0.7649609462810812, 'lda_t': 1.8633933952153692e-08}.
[I 2025-08-09 20:40:37,235] Trial 188 finished with values: [0.8220358245965111, 0.360082304526749] and parameters: {'psi': 0.6540556234449189, 'lda_t': 0.2021216059966543}.
[I 2025-08-09 20:40:42,809] Trial 189 finished with values: [0.8214073896840244, 0.34710743801652894] and parameters: {'psi': 0.83384434833815, 'lda_t': 0.22750706244700353}.
[I 2025-08-09 20:40:48,399] Trial 190 finished with values: [0.800928423311727, 0.3511604439959637] and parameters: {'psi': 0.48254971790319, 'lda_t': 0.04493117129100793}.
[I 2025-08-09 20:40:53,983] Trial 191 finished with values: [0.7872239985885742, 0.34886025768087214] and parameters: {'psi': 0.8587461610622392, 'lda_t': 0.003205706366090037}.
[I 2025-08-09 20:40:59,566] Trial 192 finished with values: [0.8214073896840244, 0.34710743801652894] and parameters: {'psi': 0.83384434833815, 'lda_t': 0.22750706244700353}.
[I 2025-08-09 20:41:05,148] Trial 193 finished with values: [0.784766631381022, 0.3509471585244267] and parameters: {'psi': 0.7363075942805922, 'lda_t': 1.0323217600117424e-07}.
[I 2025-08-09 20:41:10,743] Trial 194 finished with values: [0.7898446827433864, 0.345703125] and parameters: {'psi': 0.13448521522660806, 'lda_t': 3.5486430619495396e-05}.
[I 2025-08-09 20:41:16,328] Trial 195 finished with values: [0.7815939444033584, 0.3492063492063492] and parameters: {'psi': 0.9167621598133003, 'lda_t': 0.001506362136782078}.
[I 2025-08-09 20:41:21,917] Trial 196 finished with values: [0.7890242915077604, 0.34739941118743867] and parameters: {'psi': 0.26319792919195684, 'lda_t': 6.336410957103198e-07}.
[I 2025-08-09 20:41:27,494] Trial 197 finished with values: [0.8205695368879995, 0.34332988624612204] and parameters: {'psi': 0.6222093032477402, 'lda_t': 0.11962690018420377}.
[I 2025-08-09 20:41:33,090] Trial 198 finished with values: [0.7766539541673314, 0.3458498023715415] and parameters: {'psi': 0.027510421058745016, 'lda_t': 0.006253333106025132}.
[I 2025-08-09 20:41:38,674] Trial 199 finished with values: [0.7889846555782736, 0.34782608695652173] and parameters: {'psi': 0.3778721086492275, 'lda_t': 5.9156765275519204e-05}.
[I 2025-08-09 20:41:44,251] Trial 200 finished with values: [0.8232772267416849, 0.3573667711598746] and parameters: {'psi': 0.744424692649334, 'lda_t': 3.101073797440107}.
[I 2025-08-09 20:41:49,835] Trial 201 finished with values: [0.7904329379407685, 0.3465346534653465] and parameters: {'psi': 0.5370355783620829, 'lda_t': 0.0006700591591311535}.
[I 2025-08-09 20:41:55,417] Trial 202 finished with values: [0.787982156581256, 0.34817012858555885] and parameters: {'psi': 0.48254971790319, 'lda_t': 4.3884355308790683e-07}.
[I 2025-08-09 20:42:00,998] Trial 203 finished with values: [0.7953715385024386, 0.3455083909180652] and parameters: {'psi': 0.40300950839394756, 'lda_t': 0.0013126550463984107}.
[I 2025-08-09 20:42:06,581] Trial 204 finished with values: [0.788539838942784, 0.34782608695652173] and parameters: {'psi': 0.38346653194945846, 'lda_t': 7.702320929716482e-08}.
[I 2025-08-09 20:42:12,180] Trial 205 finished with values: [0.7815609547425357, 0.34791252485089463] and parameters: {'psi': 0.053887080888175176, 'lda_t': 0.23063587987088394}.
[I 2025-08-09 20:42:17,762] Trial 206 finished with values: [0.8177396161115219, 0.3538928210313448] and parameters: {'psi': 0.37775478580671007, 'lda_t': 0.3306006758487976}.
[I 2025-08-09 20:42:23,343] Trial 207 finished with values: [0.822174127405345, 0.3492723492723493] and parameters: {'psi': 0.8540934408028364, 'lda_t': 0.3306006758487976}.
[I 2025-08-09 20:42:28,924] Trial 208 finished with values: [0.7859206048829531, 0.34955312810327704] and parameters: {'psi': 0.7962494800554207, 'lda_t': 0.00108866596547379}.
[I 2025-08-09 20:42:34,609] Trial 209 finished with values: [0.8196972443361707, 0.3665987780040733] and parameters: {'psi': 0.5725317358081893, 'lda_t': 5.303844940326806}.
[I 2025-08-09 20:42:40,193] Trial 210 finished with values: [0.7862226475834168, 0.34791252485089463] and parameters: {'psi': 0.6616286098156472, 'lda_t': 1.7282055014629958e-06}.
[I 2025-08-09 20:42:45,774] Trial 211 finished with values: [0.8194445048650686, 0.36826042726347913] and parameters: {'psi': 0.5697622526417162, 'lda_t': 0.23063587987088394}.
[I 2025-08-09 20:42:51,351] Trial 212 finished with values: [0.8225935069580391, 0.3570691434468524] and parameters: {'psi': 0.6540556234449189, 'lda_t': 5.303844940326806}.
[I 2025-08-09 20:42:56,940] Trial 213 finished with values: [0.7874076168655715, 0.3472222222222222] and parameters: {'psi': 0.5621053360319123, 'lda_t': 3.157938313168336e-08}.
[I 2025-08-09 20:43:02,511] Trial 214 finished with values: [0.8225344155875544, 0.350104821802935] and parameters: {'psi': 0.83384434833815, 'lda_t': 0.7245168937634163}.
[I 2025-08-09 20:43:08,088] Trial 215 finished with values: [0.7889025439499621, 0.34876847290640395] and parameters: {'psi': 0.31173788435905614, 'lda_t': 4.082989607777446e-06}.
[I 2025-08-09 20:43:13,665] Trial 216 finished with values: [0.823143395059043, 0.35514018691588783] and parameters: {'psi': 0.6878830643760835, 'lda_t': 3.342234510412347}.
[I 2025-08-09 20:43:19,245] Trial 217 finished with values: [0.8230842432679341, 0.3552769070010449] and parameters: {'psi': 0.7661874249770703, 'lda_t': 8.100857212187167}.
[I 2025-08-09 20:43:24,830] Trial 218 finished with values: [0.8203365549610167, 0.36016096579476864] and parameters: {'psi': 0.2666621498203725, 'lda_t': 3.101073797440107}.
[I 2025-08-09 20:43:30,410] Trial 219 finished with values: [0.8193869240101894, 0.3534218590398366] and parameters: {'psi': 0.31173788435905614, 'lda_t': 1.7381691422350898}.
[I 2025-08-09 20:43:35,997] Trial 220 finished with values: [0.7890103343435663, 0.34739941118743867] and parameters: {'psi': 0.2666621498203725, 'lda_t': 2.2062492357318606e-08}.
[I 2025-08-09 20:43:41,588] Trial 221 finished with values: [0.7785747862318315, 0.34955312810327704] and parameters: {'psi': 0.9188267070374485, 'lda_t': 4.585985419153761e-05}.
[I 2025-08-09 20:43:47,171] Trial 222 finished with values: [0.7894948473291666, 0.3488843813387424] and parameters: {'psi': 0.6540556234449189, 'lda_t': 0.03131349994574417}.
[I 2025-08-09 20:43:52,763] Trial 223 finished with values: [0.8203365549610167, 0.36016096579476864] and parameters: {'psi': 0.2666621498203725, 'lda_t': 3.101073797440107}.
[I 2025-08-09 20:43:58,344] Trial 224 finished with values: [0.8192348452990337, 0.3695431472081218] and parameters: {'psi': 0.5697622526417162, 'lda_t': 0.16930851532385136}.
[I 2025-08-09 20:44:03,924] Trial 225 finished with values: [0.8172276117419024, 0.3562753036437247] and parameters: {'psi': 0.40300950839394756, 'lda_t': 0.23063587987088394}.
[I 2025-08-09 20:44:09,503] Trial 226 finished with values: [0.7972098964148819, 0.3502487562189055] and parameters: {'psi': 0.6878303983537171, 'lda_t': 0.0044845249419442285}.
[I 2025-08-09 20:44:15,076] Trial 227 finished with values: [0.7885397181015356, 0.34782608695652173] and parameters: {'psi': 0.42305545435478986, 'lda_t': 3.66513841101534e-05}.
[I 2025-08-09 20:44:20,658] Trial 228 finished with values: [0.8170167437633832, 0.3643724696356275] and parameters: {'psi': 0.42137147400915387, 'lda_t': 0.22750706244700353}.
[I 2025-08-09 20:44:26,233] Trial 229 finished with values: [0.827105175388988, 0.34410844629822734] and parameters: {'psi': 0.9210527182502124, 'lda_t': 0.7245168937634163}.
[I 2025-08-09 20:44:31,817] Trial 230 finished with values: [0.8173460965859931, 0.3662258392675483] and parameters: {'psi': 0.4972635939588429, 'lda_t': 3.101073797440107}.
[I 2025-08-09 20:44:37,395] Trial 231 finished with values: [0.7979737943668643, 0.3430290872617854] and parameters: {'psi': 0.7415706448129626, 'lda_t': 0.011529863960762173}.
[I 2025-08-09 20:44:42,985] Trial 232 finished with values: [0.8044943277117984, 0.3487903225806452] and parameters: {'psi': 0.45290692508981334, 'lda_t': 0.047506327671535134}.
[I 2025-08-09 20:44:48,575] Trial 233 finished with values: [0.7816675367236554, 0.34756703078450846] and parameters: {'psi': 0.83384434833815, 'lda_t': 2.994978562619007e-06}.
[I 2025-08-09 20:44:54,158] Trial 234 finished with values: [0.8186563782427749, 0.36863543788187375] and parameters: {'psi': 0.5463261744415817, 'lda_t': 6.164632996573145}.
[I 2025-08-09 20:44:59,739] Trial 235 finished with values: [0.82514942020369, 0.34332988624612204] and parameters: {'psi': 0.9188267070374485, 'lda_t': 0.22750706244700353}.
[I 2025-08-09 20:45:05,315] Trial 236 finished with values: [0.8226591237559393, 0.3474663908996898] and parameters: {'psi': 0.8893800780289955, 'lda_t': 0.22750706244700353}.
[I 2025-08-09 20:45:10,900] Trial 237 finished with values: [0.8173460965859931, 0.3662258392675483] and parameters: {'psi': 0.4972635939588429, 'lda_t': 5.0116614997260385}.
[I 2025-08-09 20:45:16,489] Trial 238 finished with values: [0.8220358245965111, 0.360082304526749] and parameters: {'psi': 0.6540556234449189, 'lda_t': 0.2021216059966543}.
[I 2025-08-09 20:45:22,073] Trial 239 finished with values: [0.8222859055601476, 0.35662148070907196] and parameters: {'psi': 0.7583464507442165, 'lda_t': 0.23063587987088394}.
[I 2025-08-09 20:45:27,650] Trial 240 finished with values: [0.827539297573991, 0.34273772204806685] and parameters: {'psi': 0.9238824998646925, 'lda_t': 5.0116614997260385}.
[I 2025-08-09 20:45:33,235] Trial 241 finished with values: [0.7890589729460613, 0.34705882352941175] and parameters: {'psi': 0.2486948440215948, 'lda_t': 1.3722178098361013e-07}.
[I 2025-08-09 20:45:38,825] Trial 242 finished with values: [0.8008567040307807, 0.34714003944773175] and parameters: {'psi': 0.2666621498203725, 'lda_t': 0.004312537876964484}.
[I 2025-08-09 20:45:44,507] Trial 243 finished with values: [0.8226281279757158, 0.3493723849372385] and parameters: {'psi': 0.8447098346657055, 'lda_t': 5.303844940326806}.
[I 2025-08-09 20:45:50,101] Trial 244 finished with values: [0.7857668343943195, 0.34791252485089463] and parameters: {'psi': 0.6888524860351619, 'lda_t': 5.5963226287817034e-06}.
[I 2025-08-09 20:45:55,689] Trial 245 finished with values: [0.8233247777729442, 0.35908141962421714] and parameters: {'psi': 0.7265034987466635, 'lda_t': 3.342234510412347}.
[I 2025-08-09 20:46:01,270] Trial 246 finished with values: [0.7884693884949463, 0.34782608695652173] and parameters: {'psi': 0.4009050734090823, 'lda_t': 3.0682605729985354e-06}.
[I 2025-08-09 20:46:06,856] Trial 247 finished with values: [0.7886574174775115, 0.3458498023715415] and parameters: {'psi': 0.3589218947638292, 'lda_t': 1.1052269364784023e-08}.
