[I 2025-08-09 20:23:05,597] Trial 0 finished with values: [0.7753172528495504, 0.34050179211469533] and parameters: {'psi': 0.7805582011109818, 'lda_t': 0.0005622809377100629}.
[I 2025-08-09 20:23:11,180] Trial 1 finished with values: [0.7755791009688701, 0.3342222222222222] and parameters: {'psi': 0.2532890543895262, 'lda_t': 6.165459352841891e-05}.
[I 2025-08-09 20:23:16,662] Trial 2 finished with values: [0.7757104528849342, 0.33570159857904086] and parameters: {'psi': 0.26715416350898324, 'lda_t': 6.286229440001094e-05}.
[I 2025-08-09 20:23:22,138] Trial 3 finished with values: [0.7735084364190944, 0.3333333333333333] and parameters: {'psi': 0.14496445302491767, 'lda_t': 2.0597418712156152e-07}.
[I 2025-08-09 20:23:27,612] Trial 4 finished with values: [0.7863440215785099, 0.3342269883824844] and parameters: {'psi': 0.359070336227192, 'lda_t': 0.002879498523408124}.
[I 2025-08-09 20:23:33,080] Trial 5 finished with values: [0.8270303310613801, 0.32995391705069127] and parameters: {'psi': 0.34947056690750133, 'lda_t': 0.4576163406689293}.
[I 2025-08-09 20:23:38,545] Trial 6 finished with values: [0.7760332705418406, 0.3389830508474576] and parameters: {'psi': 0.7194382928241689, 'lda_t': 9.074515356159782e-05}.
[I 2025-08-09 20:23:44,019] Trial 7 finished with values: [0.7749420227831394, 0.33451957295373663] and parameters: {'psi': 0.23370799435449585, 'lda_t': 6.788527885668083e-08}.
[I 2025-08-09 20:23:49,485] Trial 8 finished with values: [0.7704961668879575, 0.33066666666666666] and parameters: {'psi': 0.05656406908055356, 'lda_t': 9.009831692849181e-05}.
[I 2025-08-09 20:23:54,958] Trial 9 finished with values: [0.7752824360346653, 0.34458259325044405] and parameters: {'psi': 0.9886900669606945, 'lda_t': 9.202643834017563e-06}.
[I 2025-08-09 20:24:00,424] Trial 10 finished with values: [0.8323245727238762, 0.34870848708487084] and parameters: {'psi': 0.5818860799116429, 'lda_t': 1.1675227033039415}.
[I 2025-08-09 20:24:05,895] Trial 11 finished with values: [0.8001245276064183, 0.3474264705882353] and parameters: {'psi': 0.8943415395270637, 'lda_t': 0.05679150493754012}.
[I 2025-08-09 20:24:11,368] Trial 12 finished with values: [0.775583646943164, 0.336] and parameters: {'psi': 0.29491762816156164, 'lda_t': 1.91076331375579e-07}.
[I 2025-08-09 20:24:16,840] Trial 13 finished with values: [0.7748335077026453, 0.3342222222222222] and parameters: {'psi': 0.22451300267371044, 'lda_t': 2.3446546838153225e-08}.
[I 2025-08-09 20:24:22,258] Trial 14 finished with values: [0.783245592463994, 0.3342269883824844] and parameters: {'psi': 0.19670007392550348, 'lda_t': 0.0018184831784466998}.
[I 2025-08-09 20:24:27,727] Trial 15 finished with values: [0.7763841127932167, 0.33451957295373663] and parameters: {'psi': 0.30502458954208334, 'lda_t': 0.00012630237378437656}.
[I 2025-08-09 20:24:33,149] Trial 16 finished with values: [0.7773158235952324, 0.3375] and parameters: {'psi': 0.622261486738356, 'lda_t': 6.517038450925484e-05}.
[I 2025-08-09 20:24:38,606] Trial 17 finished with values: [0.8127217967487406, 0.3257918552036199] and parameters: {'psi': 0.19225570683239923, 'lda_t': 3.3994065825185897}.
[I 2025-08-09 20:24:44,073] Trial 18 finished with values: [0.7768979148525109, 0.33868092691622104] and parameters: {'psi': 0.6536261031630867, 'lda_t': 4.501404865538942e-07}.
[I 2025-08-09 20:24:49,539] Trial 19 finished with values: [0.7740590876111934, 0.341987466427932] and parameters: {'psi': 0.8081748226520674, 'lda_t': 0.0002576884323910036}.
[I 2025-08-09 20:24:54,952] Trial 20 finished with values: [0.7766235519333707, 0.33094812164579607] and parameters: {'psi': 0.09127495171773914, 'lda_t': 0.0008851156945637307}.
[I 2025-08-09 20:25:00,416] Trial 21 finished with values: [0.7761689545039961, 0.33451957295373663] and parameters: {'psi': 0.35005938060006336, 'lda_t': 2.1388538360411405e-05}.
[I 2025-08-09 20:25:05,884] Trial 22 finished with values: [0.8388241928408713, 0.3500931098696462] and parameters: {'psi': 0.8201567021065056, 'lda_t': 0.3508831271914722}.
[I 2025-08-09 20:25:11,299] Trial 23 finished with values: [0.7745602679065661, 0.34050179211469533] and parameters: {'psi': 0.7788384365852956, 'lda_t': 1.827646350815853e-07}.
[I 2025-08-09 20:25:16,707] Trial 24 finished with values: [0.7780541967846378, 0.3384064458370636] and parameters: {'psi': 0.771279456046441, 'lda_t': 0.0019256505833362182}.
[I 2025-08-09 20:25:22,122] Trial 25 finished with values: [0.825062405530643, 0.3192660550458716] and parameters: {'psi': 0.28940693622716795, 'lda_t': 3.201867737417762}.
[I 2025-08-09 20:25:27,534] Trial 26 finished with values: [0.7914593122999838, 0.3441441441441441] and parameters: {'psi': 0.24277907562084156, 'lda_t': 0.01296853391100819}.
[I 2025-08-09 20:25:32,951] Trial 27 finished with values: [0.7749642178341033, 0.33451957295373663] and parameters: {'psi': 0.23578173682330195, 'lda_t': 1.487848155142426e-08}.
[I 2025-08-09 20:25:38,360] Trial 28 finished with values: [0.8264874882486565, 0.3305785123966942] and parameters: {'psi': 0.3489404149664209, 'lda_t': 0.12799691800515628}.
[I 2025-08-09 20:25:43,772] Trial 29 finished with values: [0.7732712435250619, 0.33183856502242154] and parameters: {'psi': 0.07382235757132449, 'lda_t': 0.08322871457423503}.
[I 2025-08-09 20:25:49,186] Trial 30 finished with values: [0.7677011414460113, 0.3455031166518255] and parameters: {'psi': 0.9109340030778432, 'lda_t': 9.374992432360797e-07}.
[I 2025-08-09 20:25:54,602] Trial 31 finished with values: [0.7898585945280802, 0.33541480820695807] and parameters: {'psi': 0.28986701916840707, 'lda_t': 0.005136733276490887}.
[I 2025-08-09 20:26:00,025] Trial 32 finished with values: [0.780842269560017, 0.34618834080717487] and parameters: {'psi': 0.8875534675775614, 'lda_t': 0.007074421207985999}.
[I 2025-08-09 20:26:05,422] Trial 33 finished with values: [0.8397359548380452, 0.35435992578849723] and parameters: {'psi': 0.7828241575426427, 'lda_t': 0.47890522809030117}.
[I 2025-08-09 20:26:10,941] Trial 34 finished with values: [0.7773224018874457, 0.3375] and parameters: {'psi': 0.591943615144699, 'lda_t': 2.13552317818028e-06}.
[I 2025-08-09 20:26:16,352] Trial 35 finished with values: [0.8390179048278354, 0.34967622571692875] and parameters: {'psi': 0.731142860586133, 'lda_t': 9.191672928527776}.
[I 2025-08-09 20:26:21,763] Trial 36 finished with values: [0.7772956608621884, 0.3378016085790885] and parameters: {'psi': 0.5479015922900217, 'lda_t': 2.4759342252368578e-06}.
[I 2025-08-09 20:26:27,165] Trial 37 finished with values: [0.8293889429711269, 0.3379501385041551] and parameters: {'psi': 0.5471025260649681, 'lda_t': 0.11793350655713576}.
[I 2025-08-09 20:26:32,582] Trial 38 finished with values: [0.8398322760110221, 0.34953271028037386] and parameters: {'psi': 0.8234122816387234, 'lda_t': 0.5092447454206566}.
[I 2025-08-09 20:26:37,997] Trial 39 finished with values: [0.7924861141878144, 0.33989266547406083] and parameters: {'psi': 0.3713949085114505, 'lda_t': 0.008277558211567976}.
[I 2025-08-09 20:26:43,420] Trial 40 finished with values: [0.7737453084208238, 0.3333333333333333] and parameters: {'psi': 0.15518582449152607, 'lda_t': 4.839235243812593e-08}.
[I 2025-08-09 20:26:48,846] Trial 41 finished with values: [0.8314917502332619, 0.35174953959484345] and parameters: {'psi': 0.5645696148811896, 'lda_t': 4.701523194598291}.
[I 2025-08-09 20:26:54,264] Trial 42 finished with values: [0.7774836502697474, 0.33719892952720787] and parameters: {'psi': 0.5127355076156273, 'lda_t': 0.00011661119952633478}.
[I 2025-08-09 20:26:59,671] Trial 43 finished with values: [0.7732616702380197, 0.3460514640638864] and parameters: {'psi': 0.9766795139026127, 'lda_t': 0.000564015373403574}.
[I 2025-08-09 20:27:05,095] Trial 44 finished with values: [0.7739945882582725, 0.3333333333333333] and parameters: {'psi': 0.16757750461266618, 'lda_t': 2.0092898759389582e-08}.
[I 2025-08-09 20:27:10,515] Trial 45 finished with values: [0.7744228725187938, 0.3339253996447602] and parameters: {'psi': 0.1934310408821721, 'lda_t': 9.16806058939914e-07}.
[I 2025-08-09 20:27:15,919] Trial 46 finished with values: [0.8115648730320076, 0.34406623735050595] and parameters: {'psi': 0.6609945897396209, 'lda_t': 0.05909205586254122}.
[I 2025-08-09 20:27:21,328] Trial 47 finished with values: [0.7779063189149646, 0.33901345291479823] and parameters: {'psi': 0.09705148670141062, 'lda_t': 0.0058532408662039384}.
[I 2025-08-09 20:27:26,730] Trial 48 finished with values: [0.7789847309815423, 0.33719892952720787] and parameters: {'psi': 0.6855167830226987, 'lda_t': 0.0012814925420381528}.
[I 2025-08-09 20:27:32,139] Trial 49 finished with values: [0.8306112752356393, 0.3443830570902394] and parameters: {'psi': 0.5427827291947616, 'lda_t': 0.4943166091199327}.
[I 2025-08-09 20:27:37,551] Trial 50 finished with values: [0.7773158235952324, 0.3375] and parameters: {'psi': 0.622261486738356, 'lda_t': 6.517038450925484e-05}.
[I 2025-08-09 20:27:42,957] Trial 51 finished with values: [0.7659253234407228, 0.334525939177102] and parameters: {'psi': 0.04964478887618884, 'lda_t': 0.3508831271914722}.
[I 2025-08-09 20:27:48,363] Trial 52 finished with values: [0.7740894119338351, 0.3434704830053667] and parameters: {'psi': 0.7965729320443037, 'lda_t': 1.0525472574928862e-06}.
[I 2025-08-09 20:27:53,777] Trial 53 finished with values: [0.7745743871679018, 0.3342222222222222] and parameters: {'psi': 0.20478736983602164, 'lda_t': 2.0597418712156152e-07}.
[I 2025-08-09 20:27:59,189] Trial 54 finished with values: [0.7780541967846378, 0.3384064458370636] and parameters: {'psi': 0.771279456046441, 'lda_t': 0.0019256505833362182}.
[I 2025-08-09 20:28:04,606] Trial 55 finished with values: [0.7740083866273052, 0.3333333333333333] and parameters: {'psi': 0.16657012713723973, 'lda_t': 2.4759342252368578e-06}.
[I 2025-08-09 20:28:10,006] Trial 56 finished with values: [0.8147768980218167, 0.33923578751164957] and parameters: {'psi': 0.8573201278583121, 'lda_t': 0.08322871457423503}.
[I 2025-08-09 20:28:15,413] Trial 57 finished with values: [0.7773303707129724, 0.3375] and parameters: {'psi': 0.5645696148811896, 'lda_t': 1.6235224641935178e-06}.
[I 2025-08-09 20:28:20,818] Trial 58 finished with values: [0.8401027882225252, 0.3479887745556595] and parameters: {'psi': 0.8234122816387234, 'lda_t': 9.191672928527776}.
[I 2025-08-09 20:28:26,226] Trial 59 finished with values: [0.7760509196185104, 0.34050179211469533] and parameters: {'psi': 0.7788384365852956, 'lda_t': 0.0009524754791535717}.
[I 2025-08-09 20:28:31,638] Trial 60 finished with values: [0.827584619032914, 0.33579335793357934] and parameters: {'psi': 0.3795869430155978, 'lda_t': 0.47890522809030117}.
[I 2025-08-09 20:28:37,047] Trial 61 finished with values: [0.7798347212103716, 0.33689839572192515] and parameters: {'psi': 0.2897590212980182, 'lda_t': 0.0007940668007336795}.
[I 2025-08-09 20:28:42,464] Trial 62 finished with values: [0.7795614279322416, 0.33154121863799285] and parameters: {'psi': 0.11715275781272261, 'lda_t': 0.0018831175509700403}.
[I 2025-08-09 20:28:47,871] Trial 63 finished with values: [0.7768108995563237, 0.33868092691622104] and parameters: {'psi': 0.6609945897396209, 'lda_t': 6.236388522376654e-08}.
[I 2025-08-09 20:28:53,268] Trial 64 finished with values: [0.7748601952458523, 0.33958891867739055] and parameters: {'psi': 0.7667575891599004, 'lda_t': 7.872380407575188e-07}.
[I 2025-08-09 20:28:58,670] Trial 65 finished with values: [0.7756751547315943, 0.3392857142857143] and parameters: {'psi': 0.731142860586133, 'lda_t': 1.9485769722995922e-07}.
[I 2025-08-09 20:29:04,075] Trial 66 finished with values: [0.777347271040935, 0.3378016085790885] and parameters: {'psi': 0.5612610345264217, 'lda_t': 9.202643834017563e-06}.
[I 2025-08-09 20:29:09,485] Trial 67 finished with values: [0.8223735419589684, 0.31868131868131866] and parameters: {'psi': 0.2516310991951132, 'lda_t': 3.201867737417762}.
[I 2025-08-09 20:29:14,990] Trial 68 finished with values: [0.8270303310613801, 0.32995391705069127] and parameters: {'psi': 0.34947056690750133, 'lda_t': 0.4576163406689293}.
[I 2025-08-09 20:29:20,399] Trial 69 finished with values: [0.8400423000233931, 0.34953271028037386] and parameters: {'psi': 0.8201567021065056, 'lda_t': 0.583125503130615}.
[I 2025-08-09 20:29:25,801] Trial 70 finished with values: [0.8214731181565036, 0.33177132146204313] and parameters: {'psi': 0.8943415395270637, 'lda_t': 0.10095003524147737}.
[I 2025-08-09 20:29:31,203] Trial 71 finished with values: [0.8202067166823672, 0.3178082191780822] and parameters: {'psi': 0.23370799435449585, 'lda_t': 0.1276912369974999}.
[I 2025-08-09 20:29:36,611] Trial 72 finished with values: [0.8270303310613801, 0.32995391705069127] and parameters: {'psi': 0.34947056690750133, 'lda_t': 4.701523194598291}.
[I 2025-08-09 20:29:42,024] Trial 73 finished with values: [0.7772842691854289, 0.3378016085790885] and parameters: {'psi': 0.5471025260649681, 'lda_t': 1.0165283504445046e-07}.
[I 2025-08-09 20:29:47,441] Trial 74 finished with values: [0.7750358837817929, 0.33451957295373663] and parameters: {'psi': 0.23578173682330195, 'lda_t': 9.202643834017563e-06}.
[I 2025-08-09 20:29:52,849] Trial 75 finished with values: [0.7724298639063654, 0.341987466427932] and parameters: {'psi': 0.8448328929108272, 'lda_t': 4.839235243812593e-08}.
[I 2025-08-09 20:29:58,265] Trial 76 finished with values: [0.7742016707578653, 0.3336291038154392] and parameters: {'psi': 0.1731391022893376, 'lda_t': 9.202643834017563e-06}.
[I 2025-08-09 20:30:03,671] Trial 77 finished with values: [0.819857532374557, 0.32299270072992703] and parameters: {'psi': 0.24277907562084156, 'lda_t': 0.05679150493754012}.
[I 2025-08-09 20:30:09,081] Trial 78 finished with values: [0.7773265734873858, 0.3378016085790885] and parameters: {'psi': 0.5654249779058592, 'lda_t': 1.558101380579717e-08}.
[I 2025-08-09 20:30:14,486] Trial 79 finished with values: [0.7643353555609728, 0.3333333333333333] and parameters: {'psi': 0.044321030344156465, 'lda_t': 9.191672928527776}.
[I 2025-08-09 20:30:19,891] Trial 80 finished with values: [0.7769100552779779, 0.33868092691622104] and parameters: {'psi': 0.6855167830226987, 'lda_t': 0.00024725950403241596}.
[I 2025-08-09 20:30:25,298] Trial 81 finished with values: [0.825497000673125, 0.3201471941122355] and parameters: {'psi': 0.3040305853777079, 'lda_t': 0.14974123086023738}.
[I 2025-08-09 20:30:30,704] Trial 82 finished with values: [0.7927181728049977, 0.33969118982742963] and parameters: {'psi': 0.8234122816387234, 'lda_t': 0.01760927542351405}.
[I 2025-08-09 20:30:36,116] Trial 83 finished with values: [0.7763825083317012, 0.3348174532502226] and parameters: {'psi': 0.359070336227192, 'lda_t': 5.276376585139127e-05}.
[I 2025-08-09 20:30:41,522] Trial 84 finished with values: [0.7764881353814678, 0.33868092691622104] and parameters: {'psi': 0.6855167830226987, 'lda_t': 8.760860268422634e-07}.
[I 2025-08-09 20:30:46,923] Trial 85 finished with values: [0.8390179048278354, 0.34967622571692875] and parameters: {'psi': 0.731142860586133, 'lda_t': 9.191672928527776}.
[I 2025-08-09 20:30:52,342] Trial 86 finished with values: [0.7776727093183168, 0.336] and parameters: {'psi': 0.19059423089069327, 'lda_t': 0.00040252680904465874}.
[I 2025-08-09 20:30:57,753] Trial 87 finished with values: [0.7806320851014946, 0.33689839572192515] and parameters: {'psi': 0.295370874186186, 'lda_t': 0.0009748442736867779}.
[I 2025-08-09 20:31:03,155] Trial 88 finished with values: [0.8277024934722483, 0.33548387096774196] and parameters: {'psi': 0.38582480041986245, 'lda_t': 0.386127064588236}.
[I 2025-08-09 20:31:08,560] Trial 89 finished with values: [0.8328298711371385, 0.34750462107208874] and parameters: {'psi': 0.591943615144699, 'lda_t': 0.6497278385183791}.
[I 2025-08-09 20:31:13,970] Trial 90 finished with values: [0.7725281104331607, 0.341987466427932] and parameters: {'psi': 0.8430073391574302, 'lda_t': 8.789343661167366e-06}.
[I 2025-08-09 20:31:19,374] Trial 91 finished with values: [0.8400986701046353, 0.35074626865671643] and parameters: {'psi': 0.8081748226520674, 'lda_t': 4.303236154365797}.
[I 2025-08-09 20:31:24,782] Trial 92 finished with values: [0.8397359548380452, 0.35435992578849723] and parameters: {'psi': 0.7828241575426427, 'lda_t': 0.47890522809030117}.
[I 2025-08-09 20:31:30,192] Trial 93 finished with values: [0.7780541967846378, 0.3384064458370636] and parameters: {'psi': 0.771279456046441, 'lda_t': 0.0019256505833362182}.
[I 2025-08-09 20:31:35,599] Trial 94 finished with values: [0.8384962943891661, 0.34967622571692875] and parameters: {'psi': 0.7144538886269047, 'lda_t': 1.519624334297479}.
[I 2025-08-09 20:31:41,019] Trial 95 finished with values: [0.7684773264451304, 0.33363228699551567] and parameters: {'psi': 0.05893792981689561, 'lda_t': 0.0044867431202701685}.
[I 2025-08-09 20:31:46,422] Trial 96 finished with values: [0.8322599129248038, 0.34838709677419355] and parameters: {'psi': 0.5818860799116429, 'lda_t': 0.357085362670935}.
[I 2025-08-09 20:31:51,830] Trial 97 finished with values: [0.788271086822654, 0.3423913043478261] and parameters: {'psi': 0.9364313102809576, 'lda_t': 0.01739571868637867}.
[I 2025-08-09 20:31:57,229] Trial 98 finished with values: [0.7768641676786362, 0.34050179211469533] and parameters: {'psi': 0.7828241575426427, 'lda_t': 0.0014837214810676297}.
[I 2025-08-09 20:32:02,645] Trial 99 finished with values: [0.8335625752291892, 0.3471837488457987] and parameters: {'psi': 0.6068234082692183, 'lda_t': 1.6336289360652079}.
[I 2025-08-09 20:32:08,060] Trial 100 finished with values: [0.8298207570469822, 0.34527089072543615] and parameters: {'psi': 0.5185350295856109, 'lda_t': 0.47890522809030117}.
[I 2025-08-09 20:32:13,471] Trial 101 finished with values: [0.7809349539535589, 0.3375224416517056] and parameters: {'psi': 0.11108802242993332, 'lda_t': 0.007074421207985999}.
[I 2025-08-09 20:32:18,878] Trial 102 finished with values: [0.7734880597578482, 0.34316353887399464] and parameters: {'psi': 0.8518540687363874, 'lda_t': 0.0010103875652793903}.
[I 2025-08-09 20:32:24,280] Trial 103 finished with values: [0.7773342214206095, 0.3378016085790885] and parameters: {'psi': 0.5818860799116429, 'lda_t': 5.326151273440193e-08}.
[I 2025-08-09 20:32:29,691] Trial 104 finished with values: [0.7744554430875573, 0.3401969561324978] and parameters: {'psi': 0.7828241575426427, 'lda_t': 5.780811992360205e-08}.
[I 2025-08-09 20:32:35,099] Trial 105 finished with values: [0.8322599129248038, 0.34838709677419355] and parameters: {'psi': 0.5818860799116429, 'lda_t': 0.357085362670935}.
[I 2025-08-09 20:32:40,511] Trial 106 finished with values: [0.7772876385546112, 0.3375] and parameters: {'psi': 0.6068234082692183, 'lda_t': 8.069654580602578e-06}.
[I 2025-08-09 20:32:45,925] Trial 107 finished with values: [0.7835015575577571, 0.33541480820695807] and parameters: {'psi': 0.522143815933244, 'lda_t': 0.002196466115754619}.
[I 2025-08-09 20:32:51,329] Trial 108 finished with values: [0.7740894119338351, 0.3434704830053667] and parameters: {'psi': 0.7965729320443037, 'lda_t': 1.0525472574928862e-06}.
[I 2025-08-09 20:32:56,740] Trial 109 finished with values: [0.7752796549680386, 0.34458259325044405] and parameters: {'psi': 0.9886900669606945, 'lda_t': 1.4002865528597544e-08}.
[I 2025-08-09 20:33:02,145] Trial 110 finished with values: [0.8436550125356579, 0.35304990757855825] and parameters: {'psi': 0.9766795139026127, 'lda_t': 0.3746870695694132}.
[I 2025-08-09 20:33:07,654] Trial 111 finished with values: [0.8390051226177624, 0.35097493036211697] and parameters: {'psi': 0.7839744711180173, 'lda_t': 0.357085362670935}.
[I 2025-08-09 20:33:13,065] Trial 112 finished with values: [0.8259510632819944, 0.32132963988919666] and parameters: {'psi': 0.3102678365543491, 'lda_t': 0.3638422394804066}.
[I 2025-08-09 20:33:18,478] Trial 113 finished with values: [0.7766776757684916, 0.33451957295373663] and parameters: {'psi': 0.32777249221549953, 'lda_t': 0.000156314967640953}.
[I 2025-08-09 20:33:23,886] Trial 114 finished with values: [0.8400456159105248, 0.35348837209302325] and parameters: {'psi': 0.7965729320443037, 'lda_t': 4.701523194598291}.
[I 2025-08-09 20:33:29,291] Trial 115 finished with values: [0.8314917502332619, 0.35174953959484345] and parameters: {'psi': 0.5645696148811896, 'lda_t': 9.191672928527776}.
[I 2025-08-09 20:33:34,696] Trial 116 finished with values: [0.771747700352051, 0.3437779767233662] and parameters: {'psi': 0.8573201278583121, 'lda_t': 6.195458608873606e-06}.
[I 2025-08-09 20:33:40,107] Trial 117 finished with values: [0.7737527424258452, 0.3434704830053667] and parameters: {'psi': 0.8081748226520674, 'lda_t': 9.202643834017563e-06}.
[I 2025-08-09 20:33:45,520] Trial 118 finished with values: [0.7741433218407539, 0.3434704830053667] and parameters: {'psi': 0.7946727565229023, 'lda_t': 5.270005396826774e-06}.
[I 2025-08-09 20:33:50,929] Trial 119 finished with values: [0.8397359548380452, 0.35435992578849723] and parameters: {'psi': 0.7828241575426427, 'lda_t': 0.47890522809030117}.
[I 2025-08-09 20:33:56,334] Trial 120 finished with values: [0.8422605750325893, 0.34579439252336447] and parameters: {'psi': 0.9109340030778432, 'lda_t': 2.052131398088224}.
[I 2025-08-09 20:34:01,743] Trial 121 finished with values: [0.8275847794790655, 0.33548387096774196] and parameters: {'psi': 0.38582480041986245, 'lda_t': 0.2271414434222788}.
[I 2025-08-09 20:34:07,148] Trial 122 finished with values: [0.788271086822654, 0.3423913043478261] and parameters: {'psi': 0.9364313102809576, 'lda_t': 0.01739571868637867}.
[I 2025-08-09 20:34:12,558] Trial 123 finished with values: [0.8399476367939821, 0.35435992578849723] and parameters: {'psi': 0.7828241575426427, 'lda_t': 6.2301590800376205}.
[I 2025-08-09 20:34:17,971] Trial 124 finished with values: [0.7924861141878144, 0.33989266547406083] and parameters: {'psi': 0.3713949085114505, 'lda_t': 0.008277558211567976}.
