[I 2025-08-09 20:22:58,670] A new study created in memory with name: no-name-629672ec-9543-471f-bf82-aab720d70248
Mode-0 approx rank: 2/38
Estimated noise variance from mode-0: 0.0
Mode-1 approx rank: 3/17
Estimated noise variance from mode-1: 0.00028579446219619356
Mode-2 approx rank: 3/24
Estimated noise variance from mode-2: 0.00011674447921742879
Mode-3 approx rank: 1/60
Estimated noise variance from mode-3: 0.00014315942673589162
  0%|          | 0/500 [00:00<?, ?it/s]/mnt/ffs24/home/mondalra/Anomaly_Detection/src/proximal_ops/prox_overlapping_grouped_l21.py:405: UserWarning: Sparse CSR tensor support is in beta state. If you miss a functionality in the sparse tensor support, please submit a feature request to https://github.com/pytorch/pytorch/issues. (Triggered internally at /home/conda/feedstock_root/build_artifacts/libtorch_1742922447420/work/aten/src/ATen/SparseCsrTensorImpl.cpp:53.)
  G_ind = torch.sparse_csr_tensor(A_r.indptr, A_r.indices, A_r.data, device=device, dtype=dtype)
                                         0%|          | 0/500 [00:07<?, ?it/s]  0%|          | 1/500 [00:07<1:03:18,  7.61s/it]                                                   0%|          | 1/500 [00:13<1:03:18,  7.61s/it]  0%|          | 2/500 [00:13<53:53,  6.49s/it]                                                   0%|          | 2/500 [00:18<53:53,  6.49s/it]  1%|          | 3/500 [00:18<50:22,  6.08s/it]                                                 1%|          | 3/500 [00:24<50:22,  6.08s/it]  1%|          | 4/500 [00:24<48:42,  5.89s/it]                                                 1%|          | 4/500 [00:30<48:42,  5.89s/it]  1%|          | 5/500 [00:30<47:41,  5.78s/it]                                                 1%|          | 5/500 [00:35<47:41,  5.78s/it]  1%|          | 6/500 [00:35<47:03,  5.72s/it]                                                 1%|          | 6/500 [00:41<47:03,  5.72s/it]  1%|▏         | 7/500 [00:41<46:40,  5.68s/it]                                                 1%|▏         | 7/500 [00:46<46:40,  5.68s/it]  2%|▏         | 8/500 [00:46<46:19,  5.65s/it]                                                 2%|▏         | 8/500 [00:52<46:19,  5.65s/it]  2%|▏         | 9/500 [00:52<46:06,  5.63s/it]                                                 2%|▏         | 9/500 [00:58<46:06,  5.63s/it]  2%|▏         | 10/500 [00:58<45:54,  5.62s/it]                                                  2%|▏         | 10/500 [01:03<45:54,  5.62s/it]  2%|▏         | 11/500 [01:03<45:44,  5.61s/it]                                                  2%|▏         | 11/500 [01:09<45:44,  5.61s/it]  2%|▏         | 12/500 [01:09<45:34,  5.60s/it]                                                  2%|▏         | 12/500 [01:14<45:34,  5.60s/it]  3%|▎         | 13/500 [01:14<45:27,  5.60s/it]                                                  3%|▎         | 13/500 [01:20<45:27,  5.60s/it]  3%|▎         | 14/500 [01:20<45:18,  5.59s/it]                                                  3%|▎         | 14/500 [01:26<45:18,  5.59s/it]  3%|▎         | 15/500 [01:26<45:13,  5.59s/it]                                                  3%|▎         | 15/500 [01:31<45:13,  5.59s/it]  3%|▎         | 16/500 [01:31<45:05,  5.59s/it]                                                  3%|▎         | 16/500 [01:37<45:05,  5.59s/it]  3%|▎         | 17/500 [01:37<44:59,  5.59s/it]                                                  3%|▎         | 17/500 [01:42<44:59,  5.59s/it]  4%|▎         | 18/500 [01:42<44:55,  5.59s/it]                                                  4%|▎         | 18/500 [01:48<44:55,  5.59s/it]  4%|▍         | 19/500 [01:48<44:49,  5.59s/it]                                                  4%|▍         | 19/500 [01:53<44:49,  5.59s/it]  4%|▍         | 20/500 [01:53<44:43,  5.59s/it]                                                  4%|▍         | 20/500 [01:59<44:43,  5.59s/it]  4%|▍         | 21/500 [01:59<44:39,  5.59s/it]                                                  4%|▍         | 21/500 [02:05<44:39,  5.59s/it]  4%|▍         | 22/500 [02:05<44:34,  5.60s/it]                                                  4%|▍         | 22/500 [02:10<44:34,  5.60s/it]  5%|▍         | 23/500 [02:10<44:30,  5.60s/it]                                                  5%|▍         | 23/500 [02:16<44:30,  5.60s/it]  5%|▍         | 24/500 [02:16<44:22,  5.59s/it]                                                  5%|▍         | 24/500 [02:21<44:22,  5.59s/it]  5%|▌         | 25/500 [02:21<44:17,  5.60s/it]                                                  5%|▌         | 25/500 [02:27<44:17,  5.60s/it]  5%|▌         | 26/500 [02:27<44:12,  5.60s/it]                                                  5%|▌         | 26/500 [02:33<44:12,  5.60s/it]  5%|▌         | 27/500 [02:33<44:06,  5.59s/it]                                                  5%|▌         | 27/500 [02:38<44:06,  5.59s/it]  6%|▌         | 28/500 [02:38<44:02,  5.60s/it]                                                  6%|▌         | 28/500 [02:44<44:02,  5.60s/it]  6%|▌         | 29/500 [02:44<43:57,  5.60s/it]                                                  6%|▌         | 29/500 [02:49<43:57,  5.60s/it]  6%|▌         | 30/500 [02:49<43:52,  5.60s/it]                                                  6%|▌         | 30/500 [02:55<43:52,  5.60s/it]  6%|▌         | 31/500 [02:55<43:46,  5.60s/it]                                                  6%|▌         | 31/500 [03:01<43:46,  5.60s/it]  6%|▋         | 32/500 [03:01<43:39,  5.60s/it]                                                  6%|▋         | 32/500 [03:06<43:39,  5.60s/it]  7%|▋         | 33/500 [03:06<43:34,  5.60s/it]                                                  7%|▋         | 33/500 [03:12<43:34,  5.60s/it]  7%|▋         | 34/500 [03:12<43:42,  5.63s/it]                                                  7%|▋         | 34/500 [03:18<43:42,  5.63s/it]  7%|▋         | 35/500 [03:18<43:34,  5.62s/it]                                                  7%|▋         | 35/500 [03:23<43:34,  5.62s/it]  7%|▋         | 36/500 [03:23<43:25,  5.62s/it]                                                  7%|▋         | 36/500 [03:29<43:25,  5.62s/it]  7%|▋         | 37/500 [03:29<43:16,  5.61s/it]                                                  7%|▋         | 37/500 [03:34<43:16,  5.61s/it]  8%|▊         | 38/500 [03:34<43:08,  5.60s/it]                                                  8%|▊         | 38/500 [03:40<43:08,  5.60s/it]  8%|▊         | 39/500 [03:40<42:59,  5.60s/it]                                                  8%|▊         | 39/500 [03:46<42:59,  5.60s/it]  8%|▊         | 40/500 [03:46<42:53,  5.59s/it]                                                  8%|▊         | 40/500 [03:51<42:53,  5.59s/it]  8%|▊         | 41/500 [03:51<42:50,  5.60s/it]                                                  8%|▊         | 41/500 [03:57<42:50,  5.60s/it]  8%|▊         | 42/500 [03:57<42:41,  5.59s/it]                                                  8%|▊         | 42/500 [04:02<42:41,  5.59s/it]  9%|▊         | 43/500 [04:02<42:33,  5.59s/it]                                                  9%|▊         | 43/500 [04:08<42:33,  5.59s/it]  9%|▉         | 44/500 [04:08<42:28,  5.59s/it]                                                  9%|▉         | 44/500 [04:13<42:28,  5.59s/it]  9%|▉         | 45/500 [04:13<42:23,  5.59s/it]                                                  9%|▉         | 45/500 [04:19<42:23,  5.59s/it]  9%|▉         | 46/500 [04:19<42:19,  5.59s/it]                                                  9%|▉         | 46/500 [04:25<42:19,  5.59s/it]  9%|▉         | 47/500 [04:25<42:13,  5.59s/it]                                                  9%|▉         | 47/500 [04:30<42:13,  5.59s/it] 10%|▉         | 48/500 [04:30<42:07,  5.59s/it]                                                 10%|▉         | 48/500 [04:36<42:07,  5.59s/it] 10%|▉         | 49/500 [04:36<42:01,  5.59s/it]                                                 10%|▉         | 49/500 [04:41<42:01,  5.59s/it] 10%|█         | 50/500 [04:41<41:59,  5.60s/it]                                                 10%|█         | 50/500 [04:47<41:59,  5.60s/it] 10%|█         | 51/500 [04:47<41:52,  5.60s/it]                                                 10%|█         | 51/500 [04:53<41:52,  5.60s/it] 10%|█         | 52/500 [04:53<41:44,  5.59s/it]                                                 10%|█         | 52/500 [04:58<41:44,  5.59s/it] 11%|█         | 53/500 [04:58<41:38,  5.59s/it]                                                 11%|█         | 53/500 [05:04<41:38,  5.59s/it] 11%|█         | 54/500 [05:04<41:31,  5.59s/it]                                                 11%|█         | 54/500 [05:09<41:31,  5.59s/it] 11%|█         | 55/500 [05:09<41:25,  5.59s/it]                                                 11%|█         | 55/500 [05:15<41:25,  5.59s/it] 11%|█         | 56/500 [05:15<41:17,  5.58s/it]                                                 11%|█         | 56/500 [05:21<41:17,  5.58s/it] 11%|█▏        | 57/500 [05:21<41:12,  5.58s/it]                                                 11%|█▏        | 57/500 [05:26<41:12,  5.58s/it] 12%|█▏        | 58/500 [05:26<41:06,  5.58s/it]                                                 12%|█▏        | 58/500 [05:32<41:06,  5.58s/it] 12%|█▏        | 59/500 [05:32<41:01,  5.58s/it]                                                 12%|█▏        | 59/500 [05:37<41:01,  5.58s/it] 12%|█▏        | 60/500 [05:37<40:52,  5.57s/it]                                                 12%|█▏        | 60/500 [05:43<40:52,  5.57s/it] 12%|█▏        | 61/500 [05:43<40:49,  5.58s/it]                                                 12%|█▏        | 61/500 [05:48<40:49,  5.58s/it] 12%|█▏        | 62/500 [05:48<40:45,  5.58s/it]                                                 12%|█▏        | 62/500 [05:54<40:45,  5.58s/it] 13%|█▎        | 63/500 [05:54<40:39,  5.58s/it]                                                 13%|█▎        | 63/500 [06:00<40:39,  5.58s/it] 13%|█▎        | 64/500 [06:00<40:33,  5.58s/it]                                                 13%|█▎        | 64/500 [06:05<40:33,  5.58s/it] 13%|█▎        | 65/500 [06:05<40:28,  5.58s/it]                                                 13%|█▎        | 65/500 [06:11<40:28,  5.58s/it] 13%|█▎        | 66/500 [06:11<40:21,  5.58s/it]                                                 13%|█▎        | 66/500 [06:16<40:21,  5.58s/it] 13%|█▎        | 67/500 [06:16<40:16,  5.58s/it]                                                 13%|█▎        | 67/500 [06:22<40:16,  5.58s/it] 14%|█▎        | 68/500 [06:22<40:08,  5.58s/it]                                                 14%|█▎        | 68/500 [06:27<40:08,  5.58s/it] 14%|█▍        | 69/500 [06:27<40:02,  5.57s/it]                                                 14%|█▍        | 69/500 [06:33<40:02,  5.57s/it] 14%|█▍        | 70/500 [06:33<40:12,  5.61s/it]                                                 14%|█▍        | 70/500 [06:39<40:12,  5.61s/it] 14%|█▍        | 71/500 [06:39<40:01,  5.60s/it]                                                 14%|█▍        | 71/500 [06:44<40:01,  5.60s/it] 14%|█▍        | 72/500 [06:44<39:52,  5.59s/it]                                                 14%|█▍        | 72/500 [06:50<39:52,  5.59s/it] 15%|█▍        | 73/500 [06:50<39:44,  5.58s/it]                                                 15%|█▍        | 73/500 [06:55<39:44,  5.58s/it] 15%|█▍        | 74/500 [06:55<39:37,  5.58s/it]                                                 15%|█▍        | 74/500 [07:01<39:37,  5.58s/it] 15%|█▌        | 75/500 [07:01<39:32,  5.58s/it]                                                 15%|█▌        | 75/500 [07:07<39:32,  5.58s/it] 15%|█▌        | 76/500 [07:07<39:29,  5.59s/it]                                                 15%|█▌        | 76/500 [07:12<39:29,  5.59s/it] 15%|█▌        | 77/500 [07:12<39:22,  5.58s/it]                                                 15%|█▌        | 77/500 [07:18<39:22,  5.58s/it] 16%|█▌        | 78/500 [07:18<39:15,  5.58s/it]                                                 16%|█▌        | 78/500 [07:23<39:15,  5.58s/it] 16%|█▌        | 79/500 [07:23<39:11,  5.59s/it]                                                 16%|█▌        | 79/500 [07:29<39:11,  5.59s/it] 16%|█▌        | 80/500 [07:29<39:04,  5.58s/it]                                                 16%|█▌        | 80/500 [07:35<39:04,  5.58s/it] 16%|█▌        | 81/500 [07:35<38:58,  5.58s/it]                                                 16%|█▌        | 81/500 [07:40<38:58,  5.58s/it] 16%|█▋        | 82/500 [07:40<38:53,  5.58s/it]                                                 16%|█▋        | 82/500 [07:46<38:53,  5.58s/it] 17%|█▋        | 83/500 [07:46<38:46,  5.58s/it]                                                 17%|█▋        | 83/500 [07:51<38:46,  5.58s/it] 17%|█▋        | 84/500 [07:51<38:42,  5.58s/it]                                                 17%|█▋        | 84/500 [07:57<38:42,  5.58s/it] 17%|█▋        | 85/500 [07:57<38:36,  5.58s/it]                                                 17%|█▋        | 85/500 [08:02<38:36,  5.58s/it] 17%|█▋        | 86/500 [08:02<38:29,  5.58s/it]                                                 17%|█▋        | 86/500 [08:08<38:29,  5.58s/it] 17%|█▋        | 87/500 [08:08<38:24,  5.58s/it]                                                 17%|█▋        | 87/500 [08:14<38:24,  5.58s/it] 18%|█▊        | 88/500 [08:14<38:19,  5.58s/it]                                                 18%|█▊        | 88/500 [08:19<38:19,  5.58s/it] 18%|█▊        | 89/500 [08:19<38:14,  5.58s/it]                                                 18%|█▊        | 89/500 [08:25<38:14,  5.58s/it] 18%|█▊        | 90/500 [08:25<38:10,  5.59s/it]                                                 18%|█▊        | 90/500 [08:30<38:10,  5.59s/it] 18%|█▊        | 91/500 [08:30<38:05,  5.59s/it]                                                 18%|█▊        | 91/500 [08:36<38:05,  5.59s/it] 18%|█▊        | 92/500 [08:36<37:58,  5.58s/it]                                                 18%|█▊        | 92/500 [08:42<37:58,  5.58s/it] 19%|█▊        | 93/500 [08:42<37:53,  5.59s/it]                                                 19%|█▊        | 93/500 [08:47<37:53,  5.59s/it] 19%|█▉        | 94/500 [08:47<37:48,  5.59s/it]                                                 19%|█▉        | 94/500 [08:53<37:48,  5.59s/it] 19%|█▉        | 95/500 [08:53<37:41,  5.58s/it]                                                 19%|█▉        | 95/500 [08:58<37:41,  5.58s/it] 19%|█▉        | 96/500 [08:58<37:34,  5.58s/it]                                                 19%|█▉        | 96/500 [09:04<37:34,  5.58s/it] 19%|█▉        | 97/500 [09:04<37:29,  5.58s/it]                                                 19%|█▉        | 97/500 [09:09<37:29,  5.58s/it] 20%|█▉        | 98/500 [09:09<37:23,  5.58s/it]                                                 20%|█▉        | 98/500 [09:15<37:23,  5.58s/it] 20%|█▉        | 99/500 [09:15<37:19,  5.58s/it]                                                 20%|█▉        | 99/500 [09:21<37:19,  5.58s/it] 20%|██        | 100/500 [09:21<37:12,  5.58s/it]                                                  20%|██        | 100/500 [09:26<37:12,  5.58s/it] 20%|██        | 101/500 [09:26<37:20,  5.61s/it]                                                  20%|██        | 101/500 [09:32<37:20,  5.61s/it] 20%|██        | 102/500 [09:32<37:11,  5.61s/it]                                                  20%|██        | 102/500 [09:37<37:11,  5.61s/it] 21%|██        | 103/500 [09:37<37:03,  5.60s/it]                                                  21%|██        | 103/500 [09:43<37:03,  5.60s/it] 21%|██        | 104/500 [09:43<36:55,  5.59s/it]                                                  21%|██        | 104/500 [09:49<36:55,  5.59s/it] 21%|██        | 105/500 [09:49<36:50,  5.60s/it]                                                  21%|██        | 105/500 [09:54<36:50,  5.60s/it] 21%|██        | 106/500 [09:54<36:39,  5.58s/it]                                                  21%|██        | 106/500 [10:00<36:39,  5.58s/it] 21%|██▏       | 107/500 [10:00<36:34,  5.58s/it]                                                  21%|██▏       | 107/500 [10:05<36:34,  5.58s/it] 22%|██▏       | 108/500 [10:05<36:28,  5.58s/it]                                                  22%|██▏       | 108/500 [10:11<36:28,  5.58s/it] 22%|██▏       | 109/500 [10:11<36:23,  5.58s/it]                                                  22%|██▏       | 109/500 [10:17<36:23,  5.58s/it] 22%|██▏       | 110/500 [10:17<36:19,  5.59s/it]                                                  22%|██▏       | 110/500 [10:22<36:19,  5.59s/it] 22%|██▏       | 111/500 [10:22<36:13,  5.59s/it]                                                  22%|██▏       | 111/500 [10:28<36:13,  5.59s/it] 22%|██▏       | 112/500 [10:28<36:07,  5.59s/it]                                                  22%|██▏       | 112/500 [10:33<36:07,  5.59s/it] 23%|██▎       | 113/500 [10:33<36:02,  5.59s/it]                                                  23%|██▎       | 113/500 [10:39<36:02,  5.59s/it] 23%|██▎       | 114/500 [10:39<35:56,  5.59s/it]                                                  23%|██▎       | 114/500 [10:44<35:56,  5.59s/it] 23%|██▎       | 115/500 [10:44<35:48,  5.58s/it]                                                  23%|██▎       | 115/500 [10:50<35:48,  5.58s/it] 23%|██▎       | 116/500 [10:50<35:43,  5.58s/it]                                                  23%|██▎       | 116/500 [10:56<35:43,  5.58s/it] 23%|██▎       | 117/500 [10:56<35:39,  5.59s/it]                                                  23%|██▎       | 117/500 [11:01<35:39,  5.59s/it] 24%|██▎       | 118/500 [11:01<35:33,  5.59s/it]                                                  24%|██▎       | 118/500 [11:07<35:33,  5.59s/it] 24%|██▍       | 119/500 [11:07<35:29,  5.59s/it]                                                  24%|██▍       | 119/500 [11:12<35:29,  5.59s/it] 24%|██▍       | 120/500 [11:12<35:23,  5.59s/it]                                                  24%|██▍       | 120/500 [11:18<35:23,  5.59s/it] 24%|██▍       | 121/500 [11:18<35:17,  5.59s/it]                                                  24%|██▍       | 121/500 [11:24<35:17,  5.59s/it] 24%|██▍       | 122/500 [11:24<35:11,  5.59s/it]                                                  24%|██▍       | 122/500 [11:29<35:11,  5.59s/it] 25%|██▍       | 123/500 [11:29<35:06,  5.59s/it]                                                  25%|██▍       | 123/500 [11:35<35:06,  5.59s/it] 25%|██▍       | 124/500 [11:35<35:00,  5.59s/it]                                                  25%|██▍       | 124/500 [11:40<35:00,  5.59s/it] 25%|██▌       | 125/500 [11:40<34:54,  5.59s/it]                                                  25%|██▌       | 125/500 [11:46<34:54,  5.59s/it] 25%|██▌       | 126/500 [11:46<34:48,  5.58s/it]                                                  25%|██▌       | 126/500 [11:51<34:48,  5.58s/it] 25%|██▌       | 127/500 [11:51<34:41,  5.58s/it]                                                  25%|██▌       | 127/500 [11:57<34:41,  5.58s/it] 26%|██▌       | 128/500 [11:57<34:35,  5.58s/it]                                                  26%|██▌       | 128/500 [12:03<34:35,  5.58s/it] 26%|██▌       | 129/500 [12:03<34:31,  5.58s/it]                                                  26%|██▌       | 129/500 [12:08<34:31,  5.58s/it] 26%|██▌       | 130/500 [12:08<34:25,  5.58s/it]                                                  26%|██▌       | 130/500 [12:14<34:25,  5.58s/it] 26%|██▌       | 131/500 [12:14<34:19,  5.58s/it]                                                  26%|██▌       | 131/500 [12:19<34:19,  5.58s/it] 26%|██▋       | 132/500 [12:19<34:24,  5.61s/it]                                                  26%|██▋       | 132/500 [12:25<34:24,  5.61s/it] 27%|██▋       | 133/500 [12:25<34:20,  5.62s/it]                                                  27%|██▋       | 133/500 [12:31<34:20,  5.62s/it] 27%|██▋       | 134/500 [12:31<34:11,  5.61s/it]                                                  27%|██▋       | 134/500 [12:36<34:11,  5.61s/it] 27%|██▋       | 135/500 [12:36<34:03,  5.60s/it]                                                  27%|██▋       | 135/500 [12:42<34:03,  5.60s/it] 27%|██▋       | 136/500 [12:42<33:55,  5.59s/it]                                                  27%|██▋       | 136/500 [12:47<33:55,  5.59s/it] 27%|██▋       | 137/500 [12:47<33:51,  5.60s/it]                                                  27%|██▋       | 137/500 [12:53<33:51,  5.60s/it] 28%|██▊       | 138/500 [12:53<33:42,  5.59s/it]                                                  28%|██▊       | 138/500 [12:59<33:42,  5.59s/it] 28%|██▊       | 139/500 [12:59<33:35,  5.58s/it]                                                  28%|██▊       | 139/500 [13:04<33:35,  5.58s/it] 28%|██▊       | 140/500 [13:04<33:28,  5.58s/it]                                                  28%|██▊       | 140/500 [13:10<33:28,  5.58s/it] 28%|██▊       | 141/500 [13:10<33:23,  5.58s/it]                                       