[I 2025-08-09 20:57:45,034] Trial 372 finished with values: [0.8299700192862632, 0.3575883575883576] and parameters: {'psi': 0.9745973446717963, 'lda_t': 4.376639545388918}.
[I 2025-08-09 20:57:50,617] Trial 373 finished with values: [0.8184165687852555, 0.36863543788187375] and parameters: {'psi': 0.5396454521037306, 'lda_t': 5.0116614997260385}.
[I 2025-08-09 20:57:56,196] Trial 374 finished with values: [0.7870873875572183, 0.34756703078450846] and parameters: {'psi': 0.5956430948468128, 'lda_t': 7.872260163614576e-07}.
[I 2025-08-09 20:58:01,765] Trial 375 finished with values: [0.8249909973269917, 0.3444676409185804] and parameters: {'psi': 0.902258748748918, 'lda_t': 3.101073797440107}.
[I 2025-08-09 20:58:07,347] Trial 376 finished with values: [0.8192848131552617, 0.3537832310838446] and parameters: {'psi': 0.3153213597699872, 'lda_t': 0.7245168937634163}.
[I 2025-08-09 20:58:12,934] Trial 377 finished with values: [0.7881504884403261, 0.34817012858555885] and parameters: {'psi': 0.4545496510205672, 'lda_t': 4.897033884038717e-08}.
[I 2025-08-09 20:58:18,515] Trial 378 finished with values: [0.7884514435695538, 0.34782608695652173] and parameters: {'psi': 0.4022746883986156, 'lda_t': 1.452751686112399e-06}.
[I 2025-08-09 20:58:24,096] Trial 379 finished with values: [0.7788316947260046, 0.34955312810327704] and parameters: {'psi': 0.9238824998646925, 'lda_t': 3.9834893746930676e-05}.
[I 2025-08-09 20:58:29,684] Trial 380 finished with values: [0.7814734656786686, 0.3504950495049505] and parameters: {'psi': 0.9745973446717963, 'lda_t': 1.160685216409195e-06}.
[I 2025-08-09 20:58:35,266] Trial 381 finished with values: [0.8210155015153493, 0.3660531697341513] and parameters: {'psi': 0.604638934325732, 'lda_t': 1.5502920914598668}.
[I 2025-08-09 20:58:40,838] Trial 382 finished with values: [0.827105175388988, 0.34410844629822734] and parameters: {'psi': 0.9210527182502124, 'lda_t': 0.7245168937634163}.
[I 2025-08-09 20:58:46,418] Trial 383 finished with values: [0.8224371988031882, 0.35854922279792745] and parameters: {'psi': 0.7265034987466635, 'lda_t': 0.2021216059966543}.
[I 2025-08-09 20:58:52,003] Trial 384 finished with values: [0.8195774302383472, 0.3665987780040733] and parameters: {'psi': 0.5697622526417162, 'lda_t': 7.761431428344085}.
[I 2025-08-09 20:58:57,581] Trial 385 finished with values: [0.7873198861192074, 0.34756703078450846] and parameters: {'psi': 0.604638934325732, 'lda_t': 9.148967009344162e-05}.
[I 2025-08-09 20:59:03,161] Trial 386 finished with values: [0.8233247777729442, 0.35908141962421714] and parameters: {'psi': 0.7265034987466635, 'lda_t': 3.342234510412347}.
[I 2025-08-09 20:59:08,756] Trial 387 finished with values: [0.7886890174639772, 0.3428011753183154] and parameters: {'psi': 0.08904163362094109, 'lda_t': 7.363956808226609e-07}.
[I 2025-08-09 20:59:14,339] Trial 388 finished with values: [0.7915625015105157, 0.3430290872617854] and parameters: {'psi': 0.2666621498203725, 'lda_t': 0.012968579980728031}.
[I 2025-08-09 20:59:19,933] Trial 389 finished with values: [0.7890136574778981, 0.34739941118743867] and parameters: {'psi': 0.2666621498203725, 'lda_t': 1.9918146962574905e-07}.
[I 2025-08-09 20:59:25,506] Trial 390 finished with values: [0.8238390177056598, 0.34518828451882844] and parameters: {'psi': 0.8841793898410354, 'lda_t': 7.034853889406616}.
[I 2025-08-09 20:59:31,087] Trial 391 finished with values: [0.8203813266435618, 0.3561368209255533] and parameters: {'psi': 0.26218708285678427, 'lda_t': 0.2021216059966543}.
[I 2025-08-09 20:59:36,681] Trial 392 finished with values: [0.7907146188908707, 0.3428011753183154] and parameters: {'psi': 0.08455984284228568, 'lda_t': 7.845784288349053e-05}.
[I 2025-08-09 20:59:42,267] Trial 393 finished with values: [0.8105861767279091, 0.3431472081218274] and parameters: {'psi': 0.4267138983638106, 'lda_t': 0.05546052747657098}.
[I 2025-08-09 20:59:47,852] Trial 394 finished with values: [0.7785856015235666, 0.34955312810327704] and parameters: {'psi': 0.9210527182502124, 'lda_t': 1.6613060831690886e-06}.
[I 2025-08-09 20:59:53,425] Trial 395 finished with values: [0.7826697336175519, 0.34980237154150196] and parameters: {'psi': 0.9745973446717963, 'lda_t': 0.0007000571573318342}.
[I 2025-08-09 20:59:58,994] Trial 396 finished with values: [0.8233195211786373, 0.3594566353187043] and parameters: {'psi': 0.7310051487057508, 'lda_t': 5.823921426270535}.
[I 2025-08-09 21:00:04,585] Trial 397 finished with values: [0.7884024424433134, 0.3428011753183154] and parameters: {'psi': 0.07311672415553205, 'lda_t': 1.9579540935325118e-06}.
[I 2025-08-09 21:00:10,164] Trial 398 finished with values: [0.7891586669760202, 0.34637964774951074] and parameters: {'psi': 0.2237591277046449, 'lda_t': 3.881674192914433e-06}.
[I 2025-08-09 21:00:15,837] Trial 399 finished with values: [0.8271407631366522, 0.34237995824634654] and parameters: {'psi': 0.9210527182502124, 'lda_t': 3.459277784544934}.
[I 2025-08-09 21:00:21,412] Trial 400 finished with values: [0.8220358245965111, 0.360082304526749] and parameters: {'psi': 0.6540556234449189, 'lda_t': 0.2021216059966543}.
[I 2025-08-09 21:00:26,995] Trial 401 finished with values: [0.819270191364201, 0.3662258392675483] and parameters: {'psi': 0.5621053360319123, 'lda_t': 3.342234510412347}.
[I 2025-08-09 21:00:32,585] Trial 402 finished with values: [0.8206569051106181, 0.36772216547497444] and parameters: {'psi': 0.604638934325732, 'lda_t': 0.2021216059966543}.
[I 2025-08-09 21:00:38,193] Trial 403 finished with values: [0.7873572864855981, 0.3489531405782652] and parameters: {'psi': 0.7310051487057508, 'lda_t': 0.0008768851719996332}.
[I 2025-08-09 21:00:43,761] Trial 404 finished with values: [0.827105175388988, 0.34410844629822734] and parameters: {'psi': 0.9210527182502124, 'lda_t': 0.7245168937634163}.
[I 2025-08-09 21:00:49,349] Trial 405 finished with values: [0.7808385053387664, 0.3508424182358771] and parameters: {'psi': 0.9593975833871321, 'lda_t': 2.185110372522612e-05}.
[I 2025-08-09 21:00:54,927] Trial 406 finished with values: [0.7895076565015008, 0.3504950495049505] and parameters: {'psi': 0.9210527182502124, 'lda_t': 0.005676711477257571}.
[I 2025-08-09 21:01:00,506] Trial 407 finished with values: [0.7894370247917905, 0.34782608695652173] and parameters: {'psi': 0.36647445257243283, 'lda_t': 0.00011760405883170865}.
[I 2025-08-09 21:01:06,101] Trial 408 finished with values: [0.8218908150983889, 0.36438075742067555] and parameters: {'psi': 0.6540556234449189, 'lda_t': 0.16930851532385136}.
[I 2025-08-09 21:01:11,694] Trial 409 finished with values: [0.7891421721456089, 0.3460410557184751] and parameters: {'psi': 0.15217704290122158, 'lda_t': 8.676506612594317e-07}.
[I 2025-08-09 21:01:17,280] Trial 410 finished with values: [0.8220358245965111, 0.360082304526749] and parameters: {'psi': 0.6540556234449189, 'lda_t': 0.2021216059966543}.
[I 2025-08-09 21:01:22,859] Trial 411 finished with values: [0.8237288709077111, 0.34691745036572624] and parameters: {'psi': 0.8819574701332117, 'lda_t': 5.0116614997260385}.
[I 2025-08-09 21:01:28,450] Trial 412 finished with values: [0.7796055016603587, 0.3468780971258672] and parameters: {'psi': 0.04308885442864607, 'lda_t': 6.164632996573145}.
[I 2025-08-09 21:01:34,032] Trial 413 finished with values: [0.8232333009478787, 0.35908141962421714] and parameters: {'psi': 0.7499340181365508, 'lda_t': 3.342234510412347}.
[I 2025-08-09 21:01:39,621] Trial 414 finished with values: [0.8022242644393208, 0.3465346534653465] and parameters: {'psi': 0.4988347486435948, 'lda_t': 0.005970256660342803}.
[I 2025-08-09 21:01:45,201] Trial 415 finished with values: [0.8203379446353736, 0.3673469387755102] and parameters: {'psi': 0.5876112401929088, 'lda_t': 9.078656700723824}.
[I 2025-08-09 21:01:50,784] Trial 416 finished with values: [0.827539297573991, 0.34273772204806685] and parameters: {'psi': 0.9238824998646925, 'lda_t': 5.0116614997260385}.
[I 2025-08-09 21:01:56,372] Trial 417 finished with values: [0.8176927297071291, 0.35555555555555557] and parameters: {'psi': 0.380063811152644, 'lda_t': 3.342234510412347}.
[I 2025-08-09 21:02:01,972] Trial 418 finished with values: [0.8058791684188648, 0.35] and parameters: {'psi': 0.1310481715296331, 'lda_t': 0.23063587987088394}.
[I 2025-08-09 21:02:07,552] Trial 419 finished with values: [0.7881816050617981, 0.34817012858555885] and parameters: {'psi': 0.4487029647194434, 'lda_t': 2.324333730799531e-07}.
[I 2025-08-09 21:02:13,137] Trial 420 finished with values: [0.8248606700405543, 0.33954451345755693] and parameters: {'psi': 0.9238824998646925, 'lda_t': 0.2021216059966543}.
[I 2025-08-09 21:02:18,713] Trial 421 finished with values: [0.8236495990487376, 0.34691745036572624] and parameters: {'psi': 0.8803422815089713, 'lda_t': 3.353309022799942}.
[I 2025-08-09 21:02:24,302] Trial 422 finished with values: [0.8186903346335852, 0.36863543788187375] and parameters: {'psi': 0.5472446244208725, 'lda_t': 3.342234510412347}.
[I 2025-08-09 21:02:29,888] Trial 423 finished with values: [0.8232879211921713, 0.3573667711598746] and parameters: {'psi': 0.7381098267017392, 'lda_t': 2.1283894691174434}.
[I 2025-08-09 21:02:35,466] Trial 424 finished with values: [0.827105175388988, 0.34410844629822734] and parameters: {'psi': 0.9210527182502124, 'lda_t': 0.7245168937634163}.
[I 2025-08-09 21:02:41,055] Trial 425 finished with values: [0.8177643885674512, 0.36826042726347913] and parameters: {'psi': 0.5178923931536298, 'lda_t': 0.7245168937634163}.
[I 2025-08-09 21:02:46,643] Trial 426 finished with values: [0.7883535621583213, 0.34782608695652173] and parameters: {'psi': 0.41966273629391815, 'lda_t': 1.3117805394111213e-06}.
[I 2025-08-09 21:02:52,232] Trial 427 finished with values: [0.8225935069580391, 0.3570691434468524] and parameters: {'psi': 0.6540556234449189, 'lda_t': 5.303844940326806}.
[I 2025-08-09 21:02:57,835] Trial 428 finished with values: [0.7880826360793299, 0.34442270058708413] and parameters: {'psi': 0.06258262133975667, 'lda_t': 2.8749286926912467e-06}.
[I 2025-08-09 21:03:03,419] Trial 429 finished with values: [0.827539297573991, 0.34273772204806685] and parameters: {'psi': 0.9238824998646925, 'lda_t': 5.0116614997260385}.
[I 2025-08-09 21:03:09,017] Trial 430 finished with values: [0.7993360981810975, 0.3474827245804541] and parameters: {'psi': 0.5463261744415817, 'lda_t': 0.0036769914221237055}.
[I 2025-08-09 21:03:14,600] Trial 431 finished with values: [0.8205723162367136, 0.33884297520661155] and parameters: {'psi': 0.9048937306653706, 'lda_t': 0.16930851532385136}.
[I 2025-08-09 21:03:20,194] Trial 432 finished with values: [0.7807567562341999, 0.34756703078450846] and parameters: {'psi': 0.04974179719472538, 'lda_t': 1.1362718952543025}.
[I 2025-08-09 21:03:25,795] Trial 433 finished with values: [0.816415679393667, 0.35070140280561124] and parameters: {'psi': 0.18212857154115902, 'lda_t': 5.0116614997260385}.
[I 2025-08-09 21:03:31,391] Trial 434 finished with values: [0.8173209616063185, 0.3662258392675483] and parameters: {'psi': 0.4960704783762636, 'lda_t': 2.1283894691174434}.
[I 2025-08-09 21:03:36,978] Trial 435 finished with values: [0.8198717995195351, 0.34297520661157027] and parameters: {'psi': 0.8852070058878206, 'lda_t': 0.16930851532385136}.
[I 2025-08-09 21:03:42,554] Trial 436 finished with values: [0.8235792694421485, 0.34691745036572624] and parameters: {'psi': 0.8789524752688155, 'lda_t': 5.0116614997260385}.
[I 2025-08-09 21:03:48,149] Trial 437 finished with values: [0.7942698892610799, 0.3458498023715415] and parameters: {'psi': 0.5066164259917576, 'lda_t': 0.0015250024879500503}.
[I 2025-08-09 21:03:53,727] Trial 438 finished with values: [0.827105175388988, 0.34410844629822734] and parameters: {'psi': 0.9210527182502124, 'lda_t': 0.7245168937634163}.
[I 2025-08-09 21:03:59,310] Trial 439 finished with values: [0.8299700192862632, 0.3575883575883576] and parameters: {'psi': 0.9745973446717963, 'lda_t': 3.342234510412347}.
[I 2025-08-09 21:04:04,894] Trial 440 finished with values: [0.8183688364921236, 0.3700707785642063] and parameters: {'psi': 0.5463261744415817, 'lda_t': 0.16930851532385136}.
[I 2025-08-09 21:04:10,480] Trial 441 finished with values: [0.8195774302383472, 0.3665987780040733] and parameters: {'psi': 0.5697622526417162, 'lda_t': 2.6617699506876713}.
[I 2025-08-09 21:04:16,061] Trial 442 finished with values: [0.8217694300643359, 0.3482794577685089] and parameters: {'psi': 0.7779500296836229, 'lda_t': 0.19741618566308342}.
[I 2025-08-09 21:04:21,749] Trial 443 finished with values: [0.7853778464156069, 0.3489531405782652] and parameters: {'psi': 0.7435789258639114, 'lda_t': 0.0002898692551301447}.
[I 2025-08-09 21:04:27,325] Trial 444 finished with values: [0.8232772267416849, 0.3573667711598746] and parameters: {'psi': 0.744424692649334, 'lda_t': 3.101073797440107}.
[I 2025-08-09 21:04:32,912] Trial 445 finished with values: [0.8210155015153493, 0.3660531697341513] and parameters: {'psi': 0.604638934325732, 'lda_t': 8.74563298456385}.
[I 2025-08-09 21:04:38,497] Trial 446 finished with values: [0.8202903331834901, 0.36036036036036034] and parameters: {'psi': 0.2666621498203725, 'lda_t': 0.1073623965074032}.
[I 2025-08-09 21:04:44,081] Trial 447 finished with values: [0.7863341840557223, 0.34791252485089463] and parameters: {'psi': 0.6540556234449189, 'lda_t': 7.554021167300328e-07}.
[I 2025-08-09 21:04:49,649] Trial 448 finished with values: [0.827105175388988, 0.34410844629822734] and parameters: {'psi': 0.9210527182502124, 'lda_t': 0.7245168937634163}.
[I 2025-08-09 21:04:55,244] Trial 449 finished with values: [0.7875478531343802, 0.3468780971258672] and parameters: {'psi': 0.5463261744415817, 'lda_t': 2.2661116522537377e-07}.
[I 2025-08-09 21:05:00,832] Trial 450 finished with values: [0.8170180730171159, 0.35881753312945974] and parameters: {'psi': 0.4597517907833685, 'lda_t': 2.1283894691174434}.
[I 2025-08-09 21:05:06,414] Trial 451 finished with values: [0.7808038843210896, 0.3508424182358771] and parameters: {'psi': 0.9593975833871321, 'lda_t': 2.0656603750188155e-06}.
[I 2025-08-09 21:05:12,003] Trial 452 finished with values: [0.7863318276513779, 0.34791252485089463] and parameters: {'psi': 0.6540556234449189, 'lda_t': 1.0684457946531457e-07}.
[I 2025-08-09 21:05:17,589] Trial 453 finished with values: [0.8170229066670534, 0.36105476673427994] and parameters: {'psi': 0.4215516911106316, 'lda_t': 3.342234510412347}.
[I 2025-08-09 21:05:23,176] Trial 454 finished with values: [0.8004160564183621, 0.34393638170974156] and parameters: {'psi': 0.5472446244208725, 'lda_t': 0.00927017077355749}.
[I 2025-08-09 21:05:28,768] Trial 455 finished with values: [0.8176986509283025, 0.36751269035532996] and parameters: {'psi': 0.5195796052995261, 'lda_t': 0.2021216059966543}.
[I 2025-08-09 21:05:34,354] Trial 456 finished with values: [0.8210155015153493, 0.3660531697341513] and parameters: {'psi': 0.604638934325732, 'lda_t': 2.1283894691174434}.
[I 2025-08-09 21:05:39,939] Trial 457 finished with values: [0.8225935069580391, 0.3570691434468524] and parameters: {'psi': 0.6540556234449189, 'lda_t': 6.164632996573145}.
[I 2025-08-09 21:05:45,545] Trial 458 finished with values: [0.7889157760666656, 0.34442270058708413] and parameters: {'psi': 0.10772469780724292, 'lda_t': 1.2258175103746546e-07}.
[I 2025-08-09 21:05:51,124] Trial 459 finished with values: [0.8208206450022477, 0.3660531697341513] and parameters: {'psi': 0.5996536373227795, 'lda_t': 8.313139335518226}.
[I 2025-08-09 21:05:56,703] Trial 460 finished with values: [0.8221859094270675, 0.36251287332646753] and parameters: {'psi': 0.6540556234449189, 'lda_t': 0.22750706244700353}.
[I 2025-08-09 21:06:02,283] Trial 461 finished with values: [0.8220671224798559, 0.3458333333333333] and parameters: {'psi': 0.7541236119981523, 'lda_t': 0.18905772209464897}.
[I 2025-08-09 21:06:07,869] Trial 462 finished with values: [0.7888769256052938, 0.34714003944773175] and parameters: {'psi': 0.3311389649865053, 'lda_t': 1.0712742234468601e-05}.
[I 2025-08-09 21:06:13,454] Trial 463 finished with values: [0.8170119705340702, 0.35939086294416245] and parameters: {'psi': 0.42338678158453125, 'lda_t': 5.303844940326806}.
[I 2025-08-09 21:06:19,029] Trial 464 finished with values: [0.7889932353069126, 0.34817012858555885] and parameters: {'psi': 0.43174345465793107, 'lda_t': 0.0001245200124112263}.
[I 2025-08-09 21:06:24,606] Trial 465 finished with values: [0.8225225127245835, 0.3570691434468524] and parameters: {'psi': 0.6540556234449189, 'lda_t': 0.3408876060666499}.
[I 2025-08-09 21:06:30,196] Trial 466 finished with values: [0.7714067250571579, 0.34619188921859545] and parameters: {'psi': 0.017363972983446052, 'lda_t': 3.342234510412347}.
[I 2025-08-09 21:06:35,778] Trial 467 finished with values: [0.7972607705804731, 0.34949494949494947] and parameters: {'psi': 0.5697622526417162, 'lda_t': 0.046936239473938574}.
[I 2025-08-09 21:06:41,363] Trial 468 finished with values: [0.8183688364921236, 0.3700707785642063] and parameters: {'psi': 0.5463261744415817, 'lda_t': 0.16930851532385136}.
[I 2025-08-09 21:06:46,940] Trial 469 finished with values: [0.819159923725004, 0.35137895812053116] and parameters: {'psi': 0.31983180179632054, 'lda_t': 0.23065909327387807}.
[I 2025-08-09 21:06:52,524] Trial 470 finished with values: [0.8172734105750593, 0.3662258392675483] and parameters: {'psi': 0.4973984190010574, 'lda_t': 0.2021216059966543}.
[I 2025-08-09 21:06:58,088] Trial 471 finished with values: [0.8297817486212015, 0.35550935550935553] and parameters: {'psi': 0.9703512798325201, 'lda_t': 5.823921426270535}.
[I 2025-08-09 21:07:03,667] Trial 472 finished with values: [0.8215377773910858, 0.3544041450777202] and parameters: {'psi': 0.8244434876522336, 'lda_t': 0.2514289724351461}.
[I 2025-08-09 21:07:09,255] Trial 473 finished with values: [0.8220521985856741, 0.36213991769547327] and parameters: {'psi': 0.6540556234449189, 'lda_t': 0.20610806025361073}.
[I 2025-08-09 21:07:14,830] Trial 474 finished with values: [0.821708646916373, 0.3482794577685089] and parameters: {'psi': 0.7850359162540455, 'lda_t': 0.2021216059966543}.
[I 2025-08-09 21:07:20,519] Trial 475 finished with values: [0.8201645374438692, 0.3530591775325978] and parameters: {'psi': 0.23201766888505437, 'lda_t': 0.7245168937634163}.
[I 2025-08-09 21:07:26,094] Trial 476 finished with values: [0.8233195211786373, 0.3594566353187043] and parameters: {'psi': 0.7310051487057508, 'lda_t': 5.823921426270535}.
[I 2025-08-09 21:07:31,686] Trial 477 finished with values: [0.8198291425588377, 0.35671342685370744] and parameters: {'psi': 0.22271954254248372, 'lda_t': 2.1635412481260388}.
[I 2025-08-09 21:07:37,267] Trial 478 finished with values: [0.8203687591537248, 0.3673469387755102] and parameters: {'psi': 0.5884397429125716, 'lda_t': 5.0116614997260385}.
[I 2025-08-09 21:07:42,848] Trial 479 finished with values: [0.8233247777729442, 0.35908141962421714] and parameters: {'psi': 0.7265034987466635, 'lda_t': 3.342234510412347}.
[I 2025-08-09 21:07:48,433] Trial 480 finished with values: [0.7802112184181398, 0.3472222222222222] and parameters: {'psi': 0.04659152848704351, 'lda_t': 0.7245168937634163}.
[I 2025-08-09 21:07:54,017] Trial 481 finished with values: [0.7894648786995548, 0.34580384226491406] and parameters: {'psi': 0.604638934325732, 'lda_t': 0.026137489805220102}.
[I 2025-08-09 21:07:59,600] Trial 482 finished with values: [0.8233248986141926, 0.35908141962421714] and parameters: {'psi': 0.7265034987466635, 'lda_t': 0.6439549658867867}.
[I 2025-08-09 21:08:05,178] Trial 483 finished with values: [0.8225280714220115, 0.35355648535564854] and parameters: {'psi': 0.8224425449953069, 'lda_t': 5.0116614997260385}.
[I 2025-08-09 21:08:10,772] Trial 484 finished with values: [0.7895901306535578, 0.345703125] and parameters: {'psi': 0.12085962170479869, 'lda_t': 2.4625493902022144e-05}.
[I 2025-08-09 21:08:16,364] Trial 485 finished with values: [0.8199051517041033, 0.3563563563563564] and parameters: {'psi': 0.22448181587606575, 'lda_t': 2.1283894691174434}.
[I 2025-08-09 21:08:21,958] Trial 486 finished with values: [0.7891395740587677, 0.3460410557184751] and parameters: {'psi': 0.1752670845406773, 'lda_t': 1.9768823407713413e-08}.
[I 2025-08-09 21:08:27,541] Trial 487 finished with values: [0.7785841514285852, 0.34955312810327704] and parameters: {'psi': 0.9210527182502124, 'lda_t': 1.402898032214e-06}.
[I 2025-08-09 21:08:33,120] Trial 488 finished with values: [0.8232333009478787, 0.35908141962421714] and parameters: {'psi': 0.7499340181365508, 'lda_t': 3.342234510412347}.
[I 2025-08-09 21:08:38,695] Trial 489 finished with values: [0.8128756350207605, 0.3510204081632653] and parameters: {'psi': 0.9973686887239741, 'lda_t': 0.14282727167053982}.
[I 2025-08-09 21:08:44,278] Trial 490 finished with values: [0.8195414799669377, 0.3665987780040733] and parameters: {'psi': 0.5690254022545315, 'lda_t': 5.823921426270535}.
[I 2025-08-09 21:08:49,857] Trial 491 finished with values: [0.7863775056432862, 0.34791252485089463] and parameters: {'psi': 0.6540556234449189, 'lda_t': 1.365371008714628e-05}.
[I 2025-08-09 21:08:55,430] Trial 492 finished with values: [0.824567871695596, 0.35185185185185186] and parameters: {'psi': 0.99046329371034, 'lda_t': 0.19741618566308342}.
[I 2025-08-09 21:09:01,001] Trial 493 finished with values: [0.8271407631366522, 0.34237995824634654] and parameters: {'psi': 0.9210527182502124, 'lda_t': 2.348638495134695}.
[I 2025-08-09 21:09:06,592] Trial 494 finished with values: [0.7984729895641498, 0.3474827245804541] and parameters: {'psi': 0.5621053360319123, 'lda_t': 0.003416283583066132}.
[I 2025-08-09 21:09:12,189] Trial 495 finished with values: [0.7889531160124321, 0.34442270058708413] and parameters: {'psi': 0.1115797626663021, 'lda_t': 2.644920100104409e-08}.
