[I 2025-08-09 20:48:36,371] Trial 248 finished with values: [0.919290535536061, 0.1953727506426735] and parameters: {'psi': 0.008445002783425304, 'lda_t': 8.916285814908319}.
[I 2025-08-09 20:48:42,540] Trial 249 finished with values: [0.9039582211362044, 0.2054794520547945] and parameters: {'psi': 0.4185670124790625, 'lda_t': 1.9866647954353365}.
[I 2025-08-09 20:48:48,725] Trial 250 finished with values: [0.920684738268121, 0.19329645297754638] and parameters: {'psi': 0.005899956988731803, 'lda_t': 1.6268273022401184e-07}.
[I 2025-08-09 20:48:54,894] Trial 251 finished with values: [0.8978559209636998, 0.19090041361756283] and parameters: {'psi': 0.8998442432310426, 'lda_t': 6.389497152486528}.
[I 2025-08-09 20:49:01,054] Trial 252 finished with values: [0.8651362366459325, 0.1739938080495356] and parameters: {'psi': 0.9197291057854552, 'lda_t': 7.92294916503483e-06}.
[I 2025-08-09 20:49:07,210] Trial 253 finished with values: [0.9078812445844866, 0.20825515947467166] and parameters: {'psi': 0.6469739537209148, 'lda_t': 2.3822839558504514}.
[I 2025-08-09 20:49:13,368] Trial 254 finished with values: [0.9069791472773472, 0.2109204368174727] and parameters: {'psi': 0.5929920525574829, 'lda_t': 0.5557666097241883}.
[I 2025-08-09 20:49:19,522] Trial 255 finished with values: [0.8886396115211748, 0.18031278748850046] and parameters: {'psi': 0.17557843033987397, 'lda_t': 0.004329310981511948}.
[I 2025-08-09 20:49:25,688] Trial 256 finished with values: [0.9013774028540216, 0.1968944099378882] and parameters: {'psi': 0.23310271055749554, 'lda_t': 0.41822280913740206}.
[I 2025-08-09 20:49:31,857] Trial 257 finished with values: [0.9028014336471758, 0.19513715710723192] and parameters: {'psi': 0.2956526657685419, 'lda_t': 0.5557666097241883}.
[I 2025-08-09 20:49:38,021] Trial 258 finished with values: [0.8749520008625952, 0.18553555080866646] and parameters: {'psi': 0.26151474142966935, 'lda_t': 4.4001519341926794e-08}.
[I 2025-08-09 20:49:44,175] Trial 259 finished with values: [0.8752134426664214, 0.17267080745341615] and parameters: {'psi': 0.7420256980328838, 'lda_t': 3.239344567358953e-05}.
[I 2025-08-09 20:49:50,332] Trial 260 finished with values: [0.8959174568871511, 0.18417000307976594] and parameters: {'psi': 0.21200106375479733, 'lda_t': 0.017819610244519876}.
[I 2025-08-09 20:49:56,496] Trial 261 finished with values: [0.8733296249797918, 0.16708229426433915] and parameters: {'psi': 0.8457400740804178, 'lda_t': 0.00018649956652160187}.
[I 2025-08-09 20:50:02,654] Trial 262 finished with values: [0.9125679498923124, 0.20522388059701493] and parameters: {'psi': 0.9985076325004444, 'lda_t': 6.389497152486528}.
[I 2025-08-09 20:50:08,816] Trial 263 finished with values: [0.8749537859396105, 0.1851512373968836] and parameters: {'psi': 0.2917168525618964, 'lda_t': 3.3015750732151446e-08}.
[I 2025-08-09 20:50:14,974] Trial 264 finished with values: [0.8892620707555584, 0.1798097575943541] and parameters: {'psi': 0.27509021673361644, 'lda_t': 0.006303374026865597}.
[I 2025-08-09 20:50:21,145] Trial 265 finished with values: [0.8911240788318802, 0.17880184331797236] and parameters: {'psi': 0.5205517273251061, 'lda_t': 0.012282066830642958}.
[I 2025-08-09 20:50:27,309] Trial 266 finished with values: [0.9064478277412198, 0.21023081721771678] and parameters: {'psi': 0.5652888974202718, 'lda_t': 8.916285814908319}.
[I 2025-08-09 20:50:33,471] Trial 267 finished with values: [0.8758543141064704, 0.17936117936117937] and parameters: {'psi': 0.6321453576662434, 'lda_t': 2.3442919719028668e-06}.
[I 2025-08-09 20:50:39,630] Trial 268 finished with values: [0.8772670873978023, 0.18053423395762971] and parameters: {'psi': 0.572450528225171, 'lda_t': 0.0003302332581000725}.
[I 2025-08-09 20:50:45,806] Trial 269 finished with values: [0.9087530819570606, 0.19672131147540983] and parameters: {'psi': 0.015108281207082297, 'lda_t': 0.006303374026865597}.
[I 2025-08-09 20:50:51,967] Trial 270 finished with values: [0.8757951762324481, 0.1782421634910879] and parameters: {'psi': 0.6473273657951197, 'lda_t': 5.721781219106881e-06}.
[I 2025-08-09 20:50:58,131] Trial 271 finished with values: [0.9033626244317445, 0.2016179215930305] and parameters: {'psi': 0.3538732416219169, 'lda_t': 1.344960208988609}.
[I 2025-08-09 20:51:04,383] Trial 272 finished with values: [0.8772449898718474, 0.1818742293464858] and parameters: {'psi': 0.9912742588855827, 'lda_t': 6.682612056311478e-06}.
[I 2025-08-09 20:51:10,546] Trial 273 finished with values: [0.8808024900096869, 0.1771762534604737] and parameters: {'psi': 0.6443669920082722, 'lda_t': 0.0020849904172503854}.
[I 2025-08-09 20:51:16,705] Trial 274 finished with values: [0.87665636072606, 0.18064118372379778] and parameters: {'psi': 0.98308963205729, 'lda_t': 0.002166174035316738}.
[I 2025-08-09 20:51:22,880] Trial 275 finished with values: [0.8818392742567853, 0.17903126916002451] and parameters: {'psi': 0.5169910111475325, 'lda_t': 0.0021099521278946168}.
[I 2025-08-09 20:51:29,058] Trial 276 finished with values: [0.8759073625645453, 0.18103712795335994] and parameters: {'psi': 0.5143699062851467, 'lda_t': 2.3503027243446875e-08}.
[I 2025-08-09 20:51:35,244] Trial 277 finished with values: [0.9064478277412198, 0.21023081721771678] and parameters: {'psi': 0.5652888974202718, 'lda_t': 8.916285814908319}.
[I 2025-08-09 20:51:41,414] Trial 278 finished with values: [0.9080041701702403, 0.19936507936507936] and parameters: {'psi': 0.7729604040896174, 'lda_t': 0.5557666097241883}.
[I 2025-08-09 20:51:47,601] Trial 279 finished with values: [0.9213673574770757, 0.19274746814766416] and parameters: {'psi': 0.005899956988731803, 'lda_t': 0.0018162504333552889}.
[I 2025-08-09 20:51:53,778] Trial 280 finished with values: [0.907996497218231, 0.19936507936507936] and parameters: {'psi': 0.7729604040896174, 'lda_t': 0.7720536413257814}.
[I 2025-08-09 20:51:59,947] Trial 281 finished with values: [0.878926921106362, 0.1693121693121693] and parameters: {'psi': 0.7565591434607482, 'lda_t': 0.0017846903456747458}.
[I 2025-08-09 20:52:06,101] Trial 282 finished with values: [0.8764991587824565, 0.18092609628948175] and parameters: {'psi': 0.4459611517882628, 'lda_t': 0.00016946657260613396}.
[I 2025-08-09 20:52:12,269] Trial 283 finished with values: [0.9060730767342706, 0.19427852876453947] and parameters: {'psi': 0.015108281207082297, 'lda_t': 1.415954918240105e-06}.
[I 2025-08-09 20:52:18,433] Trial 284 finished with values: [0.8718285911466802, 0.1791229153798641] and parameters: {'psi': 0.9767968745974726, 'lda_t': 1.491277064943218e-08}.
[I 2025-08-09 20:52:24,598] Trial 285 finished with values: [0.9125679498923124, 0.20522388059701493] and parameters: {'psi': 0.9985076325004444, 'lda_t': 1.647458144737275}.
[I 2025-08-09 20:52:30,769] Trial 286 finished with values: [0.9213673574770757, 0.19274746814766416] and parameters: {'psi': 0.005899956988731803, 'lda_t': 1.9866647954353365}.
[I 2025-08-09 20:52:36,939] Trial 287 finished with values: [0.9080615085714647, 0.20706912730685018] and parameters: {'psi': 0.6621098210620203, 'lda_t': 1.060508348530848}.
[I 2025-08-09 20:52:43,096] Trial 288 finished with values: [0.8774902076289298, 0.17997542997542998] and parameters: {'psi': 0.5712853273974469, 'lda_t': 0.00039643487574641254}.
[I 2025-08-09 20:52:49,279] Trial 289 finished with values: [0.9065859696689503, 0.21072319201995013] and parameters: {'psi': 0.572450528225171, 'lda_t': 1.060508348530848}.
[I 2025-08-09 20:52:55,462] Trial 290 finished with values: [0.9213673574770757, 0.19274746814766416] and parameters: {'psi': 0.005899956988731803, 'lda_t': 6.389497152486528}.
[I 2025-08-09 20:53:01,656] Trial 291 finished with values: [0.9110392329696815, 0.19601644008852356] and parameters: {'psi': 0.0135520799070723, 'lda_t': 0.020786525634815183}.
[I 2025-08-09 20:53:07,822] Trial 292 finished with values: [0.9087530819570606, 0.19672131147540983] and parameters: {'psi': 0.015108281207082297, 'lda_t': 1.060508348530848}.
[I 2025-08-09 20:53:13,999] Trial 293 finished with values: [0.9087530819570606, 0.19672131147540983] and parameters: {'psi': 0.015108281207082297, 'lda_t': 6.389497152486528}.
[I 2025-08-09 20:53:20,162] Trial 294 finished with values: [0.8752333520334546, 0.1743717033819423] and parameters: {'psi': 0.7297696189544287, 'lda_t': 3.2264990781793742e-06}.
[I 2025-08-09 20:53:26,329] Trial 295 finished with values: [0.894242349253485, 0.1662015503875969] and parameters: {'psi': 0.9912742588855827, 'lda_t': 0.03985601291847291}.
[I 2025-08-09 20:53:32,506] Trial 296 finished with values: [0.907996497218231, 0.19936507936507936] and parameters: {'psi': 0.7729604040896174, 'lda_t': 1.647458144737275}.
[I 2025-08-09 20:53:38,671] Trial 297 finished with values: [0.8893779855952924, 0.18821351434742364] and parameters: {'psi': 0.061482109333225066, 'lda_t': 0.0020816077720974047}.
[I 2025-08-09 20:53:44,838] Trial 298 finished with values: [0.9081235112061808, 0.20713391739674594] and parameters: {'psi': 0.6683834191656857, 'lda_t': 8.916285814908319}.
[I 2025-08-09 20:53:50,994] Trial 299 finished with values: [0.8994039426305039, 0.19035769828926905] and parameters: {'psi': 0.1898516708641882, 'lda_t': 0.18545840037253583}.
[I 2025-08-09 20:53:57,176] Trial 300 finished with values: [0.9213673574770757, 0.19274746814766416] and parameters: {'psi': 0.005899956988731803, 'lda_t': 0.001017828159341323}.
[I 2025-08-09 20:54:03,337] Trial 301 finished with values: [0.8741904351830619, 0.16661466458658347] and parameters: {'psi': 0.8178937374773656, 'lda_t': 6.911516181567808e-05}.
[I 2025-08-09 20:54:09,506] Trial 302 finished with values: [0.9083763299363605, 0.2030264817150063] and parameters: {'psi': 0.731181323984492, 'lda_t': 0.5121793991858222}.
[I 2025-08-09 20:54:15,657] Trial 303 finished with values: [0.8926975378461519, 0.1903584672435105] and parameters: {'psi': 0.10456986278032865, 'lda_t': 4.106823119224964}.
[I 2025-08-09 20:54:21,811] Trial 304 finished with values: [0.8759954503569363, 0.18053423395762971] and parameters: {'psi': 0.572450528225171, 'lda_t': 7.408936844472263e-07}.
[I 2025-08-09 20:54:27,986] Trial 305 finished with values: [0.8749482867507408, 0.18553555080866646] and parameters: {'psi': 0.2664605225826493, 'lda_t': 3.679518155739038e-08}.
[I 2025-08-09 20:54:34,146] Trial 306 finished with values: [0.875785127976346, 0.1782421634910879] and parameters: {'psi': 0.6456880151620709, 'lda_t': 6.201827306574536e-07}.
[I 2025-08-09 20:54:40,311] Trial 307 finished with values: [0.8782650030324715, 0.19187289948059885] and parameters: {'psi': 0.09680952672459453, 'lda_t': 1.5258589783797452e-05}.
[I 2025-08-09 20:54:46,474] Trial 308 finished with values: [0.8656740198883491, 0.1735357917570499] and parameters: {'psi': 0.9128037886309133, 'lda_t': 3.0392232392034433e-07}.
[I 2025-08-09 20:54:52,651] Trial 309 finished with values: [0.8945076491269895, 0.19029495718363462] and parameters: {'psi': 0.9191497721839031, 'lda_t': 6.389497152486528}.
[I 2025-08-09 20:54:58,809] Trial 310 finished with values: [0.8760544010857874, 0.18058968058968058] and parameters: {'psi': 0.6065440365217412, 'lda_t': 3.047600491250644e-05}.
[I 2025-08-09 20:55:04,993] Trial 311 finished with values: [0.9213673574770757, 0.19274746814766416] and parameters: {'psi': 0.005899956988731803, 'lda_t': 4.587604149848177}.
[I 2025-08-09 20:55:11,158] Trial 312 finished with values: [0.8872649870531532, 0.1791960724148512] and parameters: {'psi': 0.5929920525574829, 'lda_t': 0.006771026643859235}.
[I 2025-08-09 20:55:17,322] Trial 313 finished with values: [0.8949065562567742, 0.19418676561533704] and parameters: {'psi': 0.13102457980468296, 'lda_t': 0.5557666097241883}.
[I 2025-08-09 20:55:23,499] Trial 314 finished with values: [0.919290535536061, 0.1953727506426735] and parameters: {'psi': 0.008445002783425304, 'lda_t': 0.2839658007226131}.
[I 2025-08-09 20:55:29,687] Trial 315 finished with values: [0.9208174241943292, 0.19270833333333334] and parameters: {'psi': 0.005899956988731803, 'lda_t': 1.9558424261083105e-06}.
[I 2025-08-09 20:55:35,851] Trial 316 finished with values: [0.8750113402775709, 0.17158843643145788] and parameters: {'psi': 0.7542826781423446, 'lda_t': 4.072117253920348e-06}.
[I 2025-08-09 20:55:42,116] Trial 317 finished with values: [0.9039724441691971, 0.2054794520547945] and parameters: {'psi': 0.4197013839224697, 'lda_t': 0.5557666097241883}.
[I 2025-08-09 20:55:48,277] Trial 318 finished with values: [0.870741781555807, 0.16635514018691588] and parameters: {'psi': 0.8713882065330941, 'lda_t': 1.5327254303964236e-06}.
[I 2025-08-09 20:55:54,439] Trial 319 finished with values: [0.8788930046430717, 0.16879476798505139] and parameters: {'psi': 0.7623536929529158, 'lda_t': 0.0018162504333552889}.
[I 2025-08-09 20:56:00,613] Trial 320 finished with values: [0.9087419396214974, 0.19836272040302266] and parameters: {'psi': 0.015108281207082297, 'lda_t': 0.0003302332581000725}.
[I 2025-08-09 20:56:06,779] Trial 321 finished with values: [0.8905269849660525, 0.1620603015075377] and parameters: {'psi': 0.7713779985047267, 'lda_t': 0.017819610244519876}.
[I 2025-08-09 20:56:12,947] Trial 322 finished with values: [0.906985697358331, 0.2109204368174727] and parameters: {'psi': 0.5933098687704802, 'lda_t': 1.9866647954353365}.
[I 2025-08-09 20:56:19,116] Trial 323 finished with values: [0.9090189864534247, 0.19615263323872595] and parameters: {'psi': 0.0135520799070723, 'lda_t': 7.202556594028747e-06}.
[I 2025-08-09 20:56:25,288] Trial 324 finished with values: [0.8759319361650699, 0.18053423395762971] and parameters: {'psi': 0.6070968013413531, 'lda_t': 5.6888370270860965e-08}.
[I 2025-08-09 20:56:31,493] Trial 325 finished with values: [0.9207043021363774, 0.19329645297754638] and parameters: {'psi': 0.005899956988731803, 'lda_t': 3.746192377151745e-07}.
[I 2025-08-09 20:56:37,673] Trial 326 finished with values: [0.9081235112061808, 0.20713391739674594] and parameters: {'psi': 0.6683834191656857, 'lda_t': 5.874411628047999}.
[I 2025-08-09 20:56:43,844] Trial 327 finished with values: [0.9043390183717536, 0.2066604419545596] and parameters: {'psi': 0.4472960032666251, 'lda_t': 1.060508348530848}.
[I 2025-08-09 20:56:50,019] Trial 328 finished with values: [0.8753767484217544, 0.1867561794324077] and parameters: {'psi': 0.22959953116921583, 'lda_t': 2.8380282670303244e-05}.
[I 2025-08-09 20:56:56,185] Trial 329 finished with values: [0.8752183084408663, 0.1743717033819423] and parameters: {'psi': 0.7309645283661877, 'lda_t': 1.839868823831121e-06}.
[I 2025-08-09 20:57:02,350] Trial 330 finished with values: [0.8752159187409909, 0.18075262183837137] and parameters: {'psi': 0.9866838246571625, 'lda_t': 1.6268273022401184e-07}.
[I 2025-08-09 20:57:08,512] Trial 331 finished with values: [0.8759338076167796, 0.18053423395762971] and parameters: {'psi': 0.6065440365217412, 'lda_t': 1.3881691312169427e-08}.
[I 2025-08-09 20:57:14,676] Trial 332 finished with values: [0.8742208966585805, 0.17957420549213207] and parameters: {'psi': 0.9841034694681692, 'lda_t': 2.6058621363570926e-08}.
[I 2025-08-09 20:57:20,851] Trial 333 finished with values: [0.9083602642432229, 0.20296249606051056] and parameters: {'psi': 0.7297696189544287, 'lda_t': 0.7965952494388268}.
[I 2025-08-09 20:57:27,019] Trial 334 finished with values: [0.9068018776131046, 0.20119084926355374] and parameters: {'psi': 0.7297696189544287, 'lda_t': 0.18545840037253583}.
[I 2025-08-09 20:57:33,203] Trial 335 finished with values: [0.8840217612404788, 0.15914786967418545] and parameters: {'psi': 0.9414375166390037, 'lda_t': 0.053027406165350656}.
[I 2025-08-09 20:57:39,360] Trial 336 finished with values: [0.8759433088331514, 0.18053423395762971] and parameters: {'psi': 0.6105193072397782, 'lda_t': 5.510345081988017e-06}.
[I 2025-08-09 20:57:45,530] Trial 337 finished with values: [0.8850165241988063, 0.18243451463790447] and parameters: {'psi': 0.9985076325004444, 'lda_t': 0.003337557124840764}.
[I 2025-08-09 20:57:51,692] Trial 338 finished with values: [0.8980274035234252, 0.19472361809045227] and parameters: {'psi': 0.9645771562656191, 'lda_t': 6.389497152486528}.
[I 2025-08-09 20:57:57,865] Trial 339 finished with values: [0.9081235112061808, 0.20713391739674594] and parameters: {'psi': 0.6683834191656857, 'lda_t': 0.5557666097241883}.
[I 2025-08-09 20:58:04,033] Trial 340 finished with values: [0.9040883878004958, 0.20492058548738712] and parameters: {'psi': 0.42938572671913744, 'lda_t': 1.4086100945804807}.
[I 2025-08-09 20:58:10,194] Trial 341 finished with values: [0.8808974445902737, 0.19088406240440503] and parameters: {'psi': 0.09191568766912128, 'lda_t': 0.0001432678541607833}.
[I 2025-08-09 20:58:16,368] Trial 342 finished with values: [0.8756611227069137, 0.17846153846153845] and parameters: {'psi': 0.6683834191656857, 'lda_t': 1.538495695553694e-06}.
[I 2025-08-09 20:58:22,540] Trial 343 finished with values: [0.9059050347665344, 0.19314249764076755] and parameters: {'psi': 0.017319605917785585, 'lda_t': 8.916285814908319}.
[I 2025-08-09 20:58:28,709] Trial 344 finished with values: [0.9029916451197794, 0.19906687402799378] and parameters: {'psi': 0.32104161772432427, 'lda_t': 0.1418919667016083}.
[I 2025-08-09 20:58:34,868] Trial 345 finished with values: [0.878711171515814, 0.17936117936117937] and parameters: {'psi': 0.5933098687704802, 'lda_t': 0.0008528997130909702}.
[I 2025-08-09 20:58:41,050] Trial 346 finished with values: [0.906985697358331, 0.2109204368174727] and parameters: {'psi': 0.5933098687704802, 'lda_t': 1.9866647954353365}.
[I 2025-08-09 20:58:47,225] Trial 347 finished with values: [0.8759222334077452, 0.18053423395762971] and parameters: {'psi': 0.6105193072397782, 'lda_t': 3.084634955306495e-07}.
[I 2025-08-09 20:58:53,392] Trial 348 finished with values: [0.9125679498923124, 0.20522388059701493] and parameters: {'psi': 0.9985076325004444, 'lda_t': 1.647458144737275}.
[I 2025-08-09 20:58:59,562] Trial 349 finished with values: [0.9077677914235398, 0.2088152547671147] and parameters: {'psi': 0.6391368264972094, 'lda_t': 2.396700370346316}.
[I 2025-08-09 20:59:05,730] Trial 350 finished with values: [0.9213673574770757, 0.19274746814766416] and parameters: {'psi': 0.005899956988731803, 'lda_t': 3.9741226124237503}.
[I 2025-08-09 20:59:11,901] Trial 351 finished with values: [0.9087419396214974, 0.19836272040302266] and parameters: {'psi': 0.015108281207082297, 'lda_t': 0.0003302332581000725}.
[I 2025-08-09 20:59:18,068] Trial 352 finished with values: [0.9113480656891065, 0.20354808590102708] and parameters: {'psi': 0.9967250982313952, 'lda_t': 6.389497152486528}.
[I 2025-08-09 20:59:24,253] Trial 353 finished with values: [0.919290535536061, 0.1953727506426735] and parameters: {'psi': 0.008445002783425304, 'lda_t': 8.916285814908319}.
[I 2025-08-09 20:59:30,432] Trial 354 finished with values: [0.9209203252467905, 0.1927710843373494] and parameters: {'psi': 0.005899956988731803, 'lda_t': 4.722668120710794e-06}.
[I 2025-08-09 20:59:36,608] Trial 355 finished with values: [0.9081235112061808, 0.20713391739674594] and parameters: {'psi': 0.6683834191656857, 'lda_t': 1.7434733432127927}.
[I 2025-08-09 20:59:42,771] Trial 356 finished with values: [0.9072549992593372, 0.21190401994390776] and parameters: {'psi': 0.6079818853353749, 'lda_t': 0.4938170450486901}.
[I 2025-08-09 20:59:48,955] Trial 357 finished with values: [0.8953231989904525, 0.19098644815631893] and parameters: {'psi': 0.952026495553096, 'lda_t': 6.7566744524084354}.
[I 2025-08-09 20:59:55,124] Trial 358 finished with values: [0.8817782505352713, 0.15949764521193094] and parameters: {'psi': 0.9211762893619077, 'lda_t': 0.039349018354801146}.
[I 2025-08-09 21:00:01,297] Trial 359 finished with values: [0.8950093133514114, 0.17281672816728166] and parameters: {'psi': 0.40770346846885497, 'lda_t': 0.020786525634815183}.
[I 2025-08-09 21:00:07,469] Trial 360 finished with values: [0.9067316117993015, 0.20448877805486285] and parameters: {'psi': 0.6683834191656857, 'lda_t': 0.16389581319096064}.
[I 2025-08-09 21:00:13,747] Trial 361 finished with values: [0.8821104332137188, 0.1632398753894081] and parameters: {'psi': 0.9485740356668261, 'lda_t': 0.0403472694380053}.
[I 2025-08-09 21:00:19,937] Trial 362 finished with values: [0.9087530819570606, 0.19672131147540983] and parameters: {'psi': 0.015108281207082297, 'lda_t': 1.647458144737275}.
[I 2025-08-09 21:00:26,119] Trial 363 finished with values: [0.9087530819570606, 0.19672131147540983] and parameters: {'psi': 0.015108281207082297, 'lda_t': 0.09407269444557513}.
[I 2025-08-09 21:00:32,309] Trial 364 finished with values: [0.9001773704347196, 0.1914486279514997] and parameters: {'psi': 0.8865445325648011, 'lda_t': 1.2098083595919793}.
[I 2025-08-09 21:00:38,498] Trial 365 finished with values: [0.9004959778903816, 0.1782300339192106] and parameters: {'psi': 0.5038056914059724, 'lda_t': 0.04132879923534716}.
[I 2025-08-09 21:00:44,677] Trial 366 finished with values: [0.9213673574770757, 0.19274746814766416] and parameters: {'psi': 0.005899956988731803, 'lda_t': 0.18545840037253583}.
[I 2025-08-09 21:00:50,875] Trial 367 finished with values: [0.92067548178005, 0.19329645297754638] and parameters: {'psi': 0.005899956988731803, 'lda_t': 6.018160009545751e-08}.
[I 2025-08-09 21:00:57,041] Trial 368 finished with values: [0.901362963884293, 0.1959924859110833] and parameters: {'psi': 0.9762302992321473, 'lda_t': 0.9588106532497433}.
[I 2025-08-09 21:01:03,215] Trial 369 finished with values: [0.9080615085714647, 0.20706912730685018] and parameters: {'psi': 0.6621098210620203, 'lda_t': 1.060508348530848}.
[I 2025-08-09 21:01:09,413] Trial 370 finished with values: [0.9206853140994165, 0.19329645297754638] and parameters: {'psi': 0.005899956988731803, 'lda_t': 1.7828963935724078e-07}.
