[I 2025-08-09 22:18:47,950] Trial 369 finished with values: [0.7795171382647218, 0.22086956521739132] and parameters: {'psi': 0.38595424246589916, 'lda_t': 0.00028631683001783143}.
[I 2025-08-09 22:18:55,035] Trial 370 finished with values: [0.7835809386905317, 0.22202797202797203] and parameters: {'psi': 0.03949544787100767, 'lda_t': 3.8743094347273465e-08}.
[I 2025-08-09 22:19:02,140] Trial 371 finished with values: [0.8117805674259303, 0.25068870523415976] and parameters: {'psi': 0.0043083884548037465, 'lda_t': 2.448544961093103}.
[I 2025-08-09 22:19:09,256] Trial 372 finished with values: [0.8117805674259303, 0.25068870523415976] and parameters: {'psi': 0.0043083884548037465, 'lda_t': 0.001179670624320367}.
[I 2025-08-09 22:19:16,358] Trial 373 finished with values: [0.8094850011913737, 0.25215419501133784] and parameters: {'psi': 0.005245130399262776, 'lda_t': 2.3517406732250032e-07}.
[I 2025-08-09 22:19:23,470] Trial 374 finished with values: [0.8117805674259303, 0.25068870523415976] and parameters: {'psi': 0.0043083884548037465, 'lda_t': 0.006342087151138552}.
[I 2025-08-09 22:19:30,582] Trial 375 finished with values: [0.7801237262246594, 0.20402157920549288] and parameters: {'psi': 0.8054042507322765, 'lda_t': 2.7261591559942}.
[I 2025-08-09 22:19:37,666] Trial 376 finished with values: [0.8135347917329302, 0.2545955882352941] and parameters: {'psi': 0.0043083884548037465, 'lda_t': 2.0436820305190553e-06}.
[I 2025-08-09 22:19:44,767] Trial 377 finished with values: [0.7803104979958795, 0.1946987951807229] and parameters: {'psi': 0.6794098102748437, 'lda_t': 0.359352996653537}.
[I 2025-08-09 22:19:51,847] Trial 378 finished with values: [0.7614303776934037, 0.24052863436123348] and parameters: {'psi': 0.9710103308302458, 'lda_t': 7.78503872217204e-06}.
[I 2025-08-09 22:19:58,950] Trial 379 finished with values: [0.8117805674259303, 0.25068870523415976] and parameters: {'psi': 0.0043083884548037465, 'lda_t': 0.015547045834551264}.
[I 2025-08-09 22:20:06,048] Trial 380 finished with values: [0.8135918186332154, 0.25471264367816093] and parameters: {'psi': 0.0043083884548037465, 'lda_t': 3.98790357086244e-06}.
[I 2025-08-09 22:20:13,179] Trial 381 finished with values: [0.8302306509955569, 0.24344569288389514] and parameters: {'psi': 0.001429162323413724, 'lda_t': 0.18882246136142855}.
[I 2025-08-09 22:20:20,284] Trial 382 finished with values: [0.8135200613403434, 0.2536764705882353] and parameters: {'psi': 0.0043083884548037465, 'lda_t': 1.6780037280111324e-06}.
[I 2025-08-09 22:20:27,381] Trial 383 finished with values: [0.7789179688720652, 0.22289679098005205] and parameters: {'psi': 0.5584940240423691, 'lda_t': 0.00011178250887329383}.
[I 2025-08-09 22:20:34,439] Trial 384 finished with values: [0.8117805674259303, 0.25068870523415976] and parameters: {'psi': 0.0043083884548037465, 'lda_t': 0.4259085308455559}.
[I 2025-08-09 22:20:41,549] Trial 385 finished with values: [0.7722029913211036, 0.1839961667465261] and parameters: {'psi': 0.6985880367620456, 'lda_t': 0.07822664786114304}.
[I 2025-08-09 22:20:48,609] Trial 386 finished with values: [0.8302306509955569, 0.24344569288389514] and parameters: {'psi': 0.001429162323413724, 'lda_t': 0.0013215422974391835}.
[I 2025-08-09 22:20:55,725] Trial 387 finished with values: [0.8117805674259303, 0.25068870523415976] and parameters: {'psi': 0.0043083884548037465, 'lda_t': 0.008529091619410368}.
[I 2025-08-09 22:21:02,833] Trial 388 finished with values: [0.8302306509955569, 0.24344569288389514] and parameters: {'psi': 0.001429162323413724, 'lda_t': 0.0002509566680717683}.
[I 2025-08-09 22:21:09,934] Trial 389 finished with values: [0.8120290627443474, 0.2508038585209003] and parameters: {'psi': 0.0043083884548037465, 'lda_t': 0.000108812506033291}.
[I 2025-08-09 22:21:17,111] Trial 390 finished with values: [0.8117805674259303, 0.25068870523415976] and parameters: {'psi': 0.0043083884548037465, 'lda_t': 0.26172638212143173}.
[I 2025-08-09 22:21:24,189] Trial 391 finished with values: [0.7793349030274506, 0.2230902777777778] and parameters: {'psi': 0.5439401618173493, 'lda_t': 3.98790357086244e-06}.
[I 2025-08-09 22:21:31,285] Trial 392 finished with values: [0.8134623673027128, 0.2534435261707989] and parameters: {'psi': 0.0043083884548037465, 'lda_t': 1.8809088821724537e-07}.
[I 2025-08-09 22:21:38,367] Trial 393 finished with values: [0.7804619915442743, 0.2193211488250653] and parameters: {'psi': 0.2674279480750493, 'lda_t': 3.0337672957974945e-08}.
[I 2025-08-09 22:21:45,483] Trial 394 finished with values: [0.8117805674259303, 0.25068870523415976] and parameters: {'psi': 0.0043083884548037465, 'lda_t': 0.873916743829612}.
[I 2025-08-09 22:21:52,588] Trial 395 finished with values: [0.8134572170024061, 0.2534435261707989] and parameters: {'psi': 0.0043083884548037465, 'lda_t': 7.171214278879177e-08}.
[I 2025-08-09 22:21:59,695] Trial 396 finished with values: [0.8312441927361925, 0.24003750586029068] and parameters: {'psi': 0.001429162323413724, 'lda_t': 1.4638240728108875e-08}.
[I 2025-08-09 22:22:06,815] Trial 397 finished with values: [0.8119971468937432, 0.2508038585209003] and parameters: {'psi': 0.0043083884548037465, 'lda_t': 0.00011470967749431682}.
[I 2025-08-09 22:22:13,940] Trial 398 finished with values: [0.8117805674259303, 0.25068870523415976] and parameters: {'psi': 0.0043083884548037465, 'lda_t': 0.26172638212143173}.
[I 2025-08-09 22:22:21,041] Trial 399 finished with values: [0.813453481033272, 0.2534435261707989] and parameters: {'psi': 0.0043083884548037465, 'lda_t': 1.4638240728108875e-08}.
[I 2025-08-09 22:22:28,126] Trial 400 finished with values: [0.7733250896505837, 0.21662245800176835] and parameters: {'psi': 0.8064940104101657, 'lda_t': 1.2160190954444876e-07}.
[I 2025-08-09 22:22:35,191] Trial 401 finished with values: [0.8302306509955569, 0.24344569288389514] and parameters: {'psi': 0.001429162323413724, 'lda_t': 0.0003396831397285179}.
[I 2025-08-09 22:22:42,293] Trial 402 finished with values: [0.7803387045628432, 0.22009569377990432] and parameters: {'psi': 0.3878565416336367, 'lda_t': 1.3379462767400464e-06}.
[I 2025-08-09 22:22:49,384] Trial 403 finished with values: [0.8135347917329302, 0.2545955882352941] and parameters: {'psi': 0.0043083884548037465, 'lda_t': 2.0436820305190553e-06}.
[I 2025-08-09 22:22:56,491] Trial 404 finished with values: [0.8312440593087235, 0.24003750586029068] and parameters: {'psi': 0.001429162323413724, 'lda_t': 1.2804514075357105e-08}.
[I 2025-08-09 22:23:03,595] Trial 405 finished with values: [0.7760347880636748, 0.22378236068451074] and parameters: {'psi': 0.7448143935997763, 'lda_t': 3.98790357086244e-06}.
[I 2025-08-09 22:23:10,645] Trial 406 finished with values: [0.7762842707453629, 0.203240058910162] and parameters: {'psi': 0.9184576210449241, 'lda_t': 2.59036247414441}.
[I 2025-08-09 22:23:17,755] Trial 407 finished with values: [0.7601687676022522, 0.1936108422071636] and parameters: {'psi': 0.8342503338815855, 'lda_t': 0.08464821529555792}.
[I 2025-08-09 22:23:24,808] Trial 408 finished with values: [0.7629284212597671, 0.23550087873462214] and parameters: {'psi': 0.6719839881284617, 'lda_t': 0.019122366120309153}.
[I 2025-08-09 22:23:31,911] Trial 409 finished with values: [0.7582300397910067, 0.24327897752313796] and parameters: {'psi': 0.9864107521675636, 'lda_t': 0.004938571187513211}.
[I 2025-08-09 22:23:39,022] Trial 410 finished with values: [0.8255132694551995, 0.24649859943977592] and parameters: {'psi': 0.0022481271773676648, 'lda_t': 3.98790357086244e-06}.
[I 2025-08-09 22:23:46,134] Trial 411 finished with values: [0.8317410766310513, 0.24003750586029068] and parameters: {'psi': 0.001429162323413724, 'lda_t': 1.6486254502491036e-05}.
[I 2025-08-09 22:23:53,257] Trial 412 finished with values: [0.8302306509955569, 0.24344569288389514] and parameters: {'psi': 0.001429162323413724, 'lda_t': 0.18882246136142855}.
[I 2025-08-09 22:24:00,365] Trial 413 finished with values: [0.7802262785773953, 0.22009569377990432] and parameters: {'psi': 0.436486812886558, 'lda_t': 1.245024820780877e-07}.
[I 2025-08-09 22:24:07,470] Trial 414 finished with values: [0.7795501215350787, 0.22231871471993053] and parameters: {'psi': 0.5205016951138887, 'lda_t': 2.5896059831226705e-05}.
[I 2025-08-09 22:24:14,552] Trial 415 finished with values: [0.8312460340352659, 0.24003750586029068] and parameters: {'psi': 0.001429162323413724, 'lda_t': 2.3657516003633805e-08}.
[I 2025-08-09 22:24:21,666] Trial 416 finished with values: [0.7710861233484115, 0.21779548472775564] and parameters: {'psi': 0.8359250835871289, 'lda_t': 1.4638240728108875e-08}.
[I 2025-08-09 22:24:28,740] Trial 417 finished with values: [0.7930181301511845, 0.23706324635117204] and parameters: {'psi': 0.010939441653146864, 'lda_t': 0.0003128720514009837}.
[I 2025-08-09 22:24:35,862] Trial 418 finished with values: [0.8135918186332154, 0.25471264367816093] and parameters: {'psi': 0.0043083884548037465, 'lda_t': 3.98790357086244e-06}.
[I 2025-08-09 22:24:42,968] Trial 419 finished with values: [0.7802615568002205, 0.22009569377990432] and parameters: {'psi': 0.42366160827400745, 'lda_t': 3.876785320989326e-06}.
[I 2025-08-09 22:24:50,083] Trial 420 finished with values: [0.8117805674259303, 0.25068870523415976] and parameters: {'psi': 0.0043083884548037465, 'lda_t': 6.85156232642784}.
[I 2025-08-09 22:24:57,196] Trial 421 finished with values: [0.7779513402295587, 0.2231833910034602] and parameters: {'psi': 0.6479108514642158, 'lda_t': 1.5010853664320298e-06}.
[I 2025-08-09 22:25:04,327] Trial 422 finished with values: [0.8117805674259303, 0.25068870523415976] and parameters: {'psi': 0.0043083884548037465, 'lda_t': 5.848696417888566}.
[I 2025-08-09 22:25:11,452] Trial 423 finished with values: [0.7795253040258296, 0.2230902777777778] and parameters: {'psi': 0.5278419057501549, 'lda_t': 6.979536939626323e-07}.
[I 2025-08-09 22:25:18,564] Trial 424 finished with values: [0.7803079095029792, 0.22009569377990432] and parameters: {'psi': 0.40847190303191083, 'lda_t': 1.1839001586431268e-07}.
[I 2025-08-09 22:25:25,782] Trial 425 finished with values: [0.8117805674259303, 0.25068870523415976] and parameters: {'psi': 0.0043083884548037465, 'lda_t': 0.009791331521956987}.
[I 2025-08-09 22:25:32,908] Trial 426 finished with values: [0.8302306509955569, 0.24344569288389514] and parameters: {'psi': 0.001429162323413724, 'lda_t': 0.0012390183979343519}.
[I 2025-08-09 22:25:40,012] Trial 427 finished with values: [0.8312901985275318, 0.24003750586029068] and parameters: {'psi': 0.001429162323413724, 'lda_t': 3.517962126914444e-07}.
[I 2025-08-09 22:25:47,111] Trial 428 finished with values: [0.7634073991882753, 0.22753430721558213] and parameters: {'psi': 0.896782021606903, 'lda_t': 3.98790357086244e-06}.
[I 2025-08-09 22:25:54,157] Trial 429 finished with values: [0.773054899025694, 0.21731448763250882] and parameters: {'psi': 0.7952954024028951, 'lda_t': 0.0004778852764031291}.
[I 2025-08-09 22:26:01,232] Trial 430 finished with values: [0.8302306509955569, 0.24344569288389514] and parameters: {'psi': 0.001429162323413724, 'lda_t': 0.6858769577676834}.
[I 2025-08-09 22:26:08,328] Trial 431 finished with values: [0.7829079305364854, 0.22105723023154217] and parameters: {'psi': 0.04713323148282611, 'lda_t': 2.0443724391590295e-08}.
[I 2025-08-09 22:26:15,435] Trial 432 finished with values: [0.831778623120851, 0.24003750586029068] and parameters: {'psi': 0.001429162323413724, 'lda_t': 1.1990125810198641e-05}.
[I 2025-08-09 22:26:22,532] Trial 433 finished with values: [0.7807765601453803, 0.21845082680591818] and parameters: {'psi': 0.15277539333416223, 'lda_t': 1.8748417251217532e-08}.
[I 2025-08-09 22:26:29,647] Trial 434 finished with values: [0.8117805674259303, 0.25068870523415976] and parameters: {'psi': 0.0043083884548037465, 'lda_t': 0.053066667628351355}.
[I 2025-08-09 22:26:36,699] Trial 435 finished with values: [0.7746505581284374, 0.21712268314210062] and parameters: {'psi': 0.7818699162969549, 'lda_t': 1.4326599340133232e-06}.
[I 2025-08-09 22:26:43,765] Trial 436 finished with values: [0.8117805674259303, 0.25068870523415976] and parameters: {'psi': 0.0043083884548037465, 'lda_t': 0.0006742844580660176}.
[I 2025-08-09 22:26:50,860] Trial 437 finished with values: [0.7681355349826411, 0.24319578577699735] and parameters: {'psi': 0.9906809491777695, 'lda_t': 2.8623841156729096e-06}.
[I 2025-08-09 22:26:57,905] Trial 438 finished with values: [0.7744964760871422, 0.2163355408388521] and parameters: {'psi': 0.7850558455414685, 'lda_t': 3.98790357086244e-06}.
[I 2025-08-09 22:27:04,962] Trial 439 finished with values: [0.7765763167896882, 0.222318339100346] and parameters: {'psi': 0.6945574121940413, 'lda_t': 0.0003220510330162325}.
[I 2025-08-09 22:27:12,049] Trial 440 finished with values: [0.8238837731462969, 0.2482501166588894] and parameters: {'psi': 0.0022481271773676648, 'lda_t': 0.0014345856785802737}.
[I 2025-08-09 22:27:19,143] Trial 441 finished with values: [0.825486610646877, 0.24813432835820895] and parameters: {'psi': 0.0022481271773676648, 'lda_t': 1.8098356907277324e-05}.
[I 2025-08-09 22:27:26,261] Trial 442 finished with values: [0.8134576973412948, 0.2534435261707989] and parameters: {'psi': 0.0043083884548037465, 'lda_t': 9.941526291464044e-08}.
[I 2025-08-09 22:27:33,371] Trial 443 finished with values: [0.8118173667219031, 0.25068870523415976] and parameters: {'psi': 0.0043083884548037465, 'lda_t': 0.0001800215362167885}.
[I 2025-08-09 22:27:40,461] Trial 444 finished with values: [0.7780337717199572, 0.22212581344902385] and parameters: {'psi': 0.49707679231882407, 'lda_t': 0.0007834608734251488}.
[I 2025-08-09 22:27:47,537] Trial 445 finished with values: [0.8117805674259303, 0.25068870523415976] and parameters: {'psi': 0.0043083884548037465, 'lda_t': 0.023170748987102727}.
[I 2025-08-09 22:27:54,624] Trial 446 finished with values: [0.7581144916027823, 0.2327433628318584] and parameters: {'psi': 0.9289678040850397, 'lda_t': 0.00013759356206958403}.
[I 2025-08-09 22:28:01,709] Trial 447 finished with values: [0.7803739827856683, 0.22009569377990432] and parameters: {'psi': 0.3524240247806605, 'lda_t': 2.3608683398200583e-08}.
[I 2025-08-09 22:28:08,798] Trial 448 finished with values: [0.7799790641626814, 0.22086956521739132] and parameters: {'psi': 0.44392034827549876, 'lda_t': 8.412552195868359e-05}.
[I 2025-08-09 22:28:15,888] Trial 449 finished with values: [0.7790023217180185, 0.22289679098005205] and parameters: {'psi': 0.571312117749225, 'lda_t': 6.113963464059692e-08}.
[I 2025-08-09 22:28:22,995] Trial 450 finished with values: [0.7795677606464911, 0.22231871471993053] and parameters: {'psi': 0.5109536379091262, 'lda_t': 6.030986175214276e-05}.
[I 2025-08-09 22:28:30,043] Trial 451 finished with values: [0.7808648891299121, 0.21182266009852216] and parameters: {'psi': 0.8417644714538427, 'lda_t': 5.384210318877689}.
[I 2025-08-09 22:28:37,125] Trial 452 finished with values: [0.8117805674259303, 0.25068870523415976] and parameters: {'psi': 0.0043083884548037465, 'lda_t': 0.0401843693570693}.
[I 2025-08-09 22:28:44,211] Trial 453 finished with values: [0.7806690709762885, 0.21845082680591818] and parameters: {'psi': 0.17667711767037264, 'lda_t': 4.926007446924495e-08}.
[I 2025-08-09 22:28:51,263] Trial 454 finished with values: [0.7758514854066507, 0.2329246935201401] and parameters: {'psi': 0.0352847693778765, 'lda_t': 4.353298050350439}.
[I 2025-08-09 22:28:58,371] Trial 455 finished with values: [0.8302306509955569, 0.24344569288389514] and parameters: {'psi': 0.001429162323413724, 'lda_t': 0.11562275501220695}.
[I 2025-08-09 22:29:05,467] Trial 456 finished with values: [0.7769813492148314, 0.222318339100346] and parameters: {'psi': 0.699399032309728, 'lda_t': 7.821489608765833e-05}.
[I 2025-08-09 22:29:12,494] Trial 457 finished with values: [0.8238837731462969, 0.2482501166588894] and parameters: {'psi': 0.0022481271773676648, 'lda_t': 0.0401843693570693}.
[I 2025-08-09 22:29:19,598] Trial 458 finished with values: [0.7745183315065778, 0.22933794893985288] and parameters: {'psi': 0.31948583899508465, 'lda_t': 0.0024470740679451135}.
[I 2025-08-09 22:29:26,679] Trial 459 finished with values: [0.7821164121044013, 0.22096069868995633] and parameters: {'psi': 0.0610421462292845, 'lda_t': 1.0365652152286626e-06}.
[I 2025-08-09 22:29:33,892] Trial 460 finished with values: [0.8251496262309652, 0.24649859943977592] and parameters: {'psi': 0.0022481271773676648, 'lda_t': 4.519750764023105e-08}.
[I 2025-08-09 22:29:40,956] Trial 461 finished with values: [0.8238837731462969, 0.2482501166588894] and parameters: {'psi': 0.0022481271773676648, 'lda_t': 0.00486351805798799}.
[I 2025-08-09 22:29:48,062] Trial 462 finished with values: [0.7804464072158858, 0.2193211488250653] and parameters: {'psi': 0.2823244014058568, 'lda_t': 1.0876343208381522e-06}.
[I 2025-08-09 22:29:55,155] Trial 463 finished with values: [0.7839285973039698, 0.19487179487179487] and parameters: {'psi': 0.2654557046121764, 'lda_t': 8.617985185072678}.
[I 2025-08-09 22:30:02,244] Trial 464 finished with values: [0.7636014294138134, 0.22743362831858407] and parameters: {'psi': 0.8956441799598793, 'lda_t': 2.188641780693064e-07}.
[I 2025-08-09 22:30:09,335] Trial 465 finished with values: [0.7780118095585464, 0.22395157803718116] and parameters: {'psi': 0.6436943573463747, 'lda_t': 9.938510523289826e-08}.
[I 2025-08-09 22:30:16,373] Trial 466 finished with values: [0.8238837731462969, 0.2482501166588894] and parameters: {'psi': 0.0022481271773676648, 'lda_t': 0.005404364290868693}.
[I 2025-08-09 22:30:23,476] Trial 467 finished with values: [0.8302306509955569, 0.24344569288389514] and parameters: {'psi': 0.001429162323413724, 'lda_t': 0.00365481876267292}.
[I 2025-08-09 22:30:30,572] Trial 468 finished with values: [0.7776272449071603, 0.22251082251082252] and parameters: {'psi': 0.5836192582597011, 'lda_t': 0.0005792703539208424}.
[I 2025-08-09 22:30:37,620] Trial 469 finished with values: [0.8135200613403434, 0.2536764705882353] and parameters: {'psi': 0.0043083884548037465, 'lda_t': 1.6780037280111324e-06}.
[I 2025-08-09 22:30:44,704] Trial 470 finished with values: [0.7586087069482594, 0.2319610447100487] and parameters: {'psi': 0.9274666193285032, 'lda_t': 6.682796704236134e-08}.
[I 2025-08-09 22:30:51,771] Trial 471 finished with values: [0.8238837731462969, 0.2482501166588894] and parameters: {'psi': 0.0022481271773676648, 'lda_t': 0.05916786682134677}.
[I 2025-08-09 22:30:58,859] Trial 472 finished with values: [0.8238837731462969, 0.2482501166588894] and parameters: {'psi': 0.0022481271773676648, 'lda_t': 0.0034672170424351347}.
[I 2025-08-09 22:31:05,938] Trial 473 finished with values: [0.825509266631127, 0.24813432835820895] and parameters: {'psi': 0.0022481271773676648, 'lda_t': 1.6486254502491036e-05}.
[I 2025-08-09 22:31:13,033] Trial 474 finished with values: [0.7811294491156068, 0.21951219512195122] and parameters: {'psi': 0.10489815611008935, 'lda_t': 2.5427014790633316e-06}.
[I 2025-08-09 22:31:20,131] Trial 475 finished with values: [0.7753400045466744, 0.21977052074139453] and parameters: {'psi': 0.7654343202875874, 'lda_t': 1.6780037280111324e-06}.
[I 2025-08-09 22:31:27,165] Trial 476 finished with values: [0.7585108245569414, 0.23664459161147902] and parameters: {'psi': 0.9595526703658147, 'lda_t': 4.0256803984071086e-05}.
[I 2025-08-09 22:31:34,251] Trial 477 finished with values: [0.8312500902303259, 0.24003750586029068] and parameters: {'psi': 0.001429162323413724, 'lda_t': 5.112624624699406e-08}.
[I 2025-08-09 22:31:41,358] Trial 478 finished with values: [0.7802943532721205, 0.17496510004653326] and parameters: {'psi': 0.33437256824174544, 'lda_t': 0.8668812568399902}.
[I 2025-08-09 22:31:48,403] Trial 479 finished with values: [0.7858630287507108, 0.22804718217562253] and parameters: {'psi': 0.025707388803576703, 'lda_t': 3.98790357086244e-06}.
[I 2025-08-09 22:31:55,481] Trial 480 finished with values: [0.7773951611674402, 0.2230869001297017] and parameters: {'psi': 0.6842508045651947, 'lda_t': 1.7779857885464987e-06}.
[I 2025-08-09 22:32:02,535] Trial 481 finished with values: [0.780488757094572, 0.2192257503262288] and parameters: {'psi': 0.24250792911648789, 'lda_t': 3.98790357086244e-06}.
[I 2025-08-09 22:32:09,617] Trial 482 finished with values: [0.7540488231924054, 0.18839907192575406] and parameters: {'psi': 0.8194328799263965, 'lda_t': 0.050711805273942465}.
[I 2025-08-09 22:32:16,673] Trial 483 finished with values: [0.7804768820498239, 0.2192257503262288] and parameters: {'psi': 0.24963533730067677, 'lda_t': 3.6088068199715344e-06}.
[I 2025-08-09 22:32:23,762] Trial 484 finished with values: [0.8238837731462969, 0.2482501166588894] and parameters: {'psi': 0.0022481271773676648, 'lda_t': 0.01778263398521683}.
[I 2025-08-09 22:32:30,839] Trial 485 finished with values: [0.8135918186332154, 0.25471264367816093] and parameters: {'psi': 0.0043083884548037465, 'lda_t': 3.98790357086244e-06}.
[I 2025-08-09 22:32:37,955] Trial 486 finished with values: [0.8134857437952958, 0.2534435261707989] and parameters: {'psi': 0.0043083884548037465, 'lda_t': 6.730532484434255e-07}.
[I 2025-08-09 22:32:45,043] Trial 487 finished with values: [0.8134792592202984, 0.2534435261707989] and parameters: {'psi': 0.0043083884548037465, 'lda_t': 5.40991462411985e-07}.
[I 2025-08-09 22:32:52,129] Trial 488 finished with values: [0.8302306509955569, 0.24344569288389514] and parameters: {'psi': 0.001429162323413724, 'lda_t': 0.00023854313956152133}.
[I 2025-08-09 22:32:59,341] Trial 489 finished with values: [0.7794680369560999, 0.22289679098005205] and parameters: {'psi': 0.06614206438194226, 'lda_t': 0.0002509566680717683}.
[I 2025-08-09 22:33:06,453] Trial 490 finished with values: [0.7894777923720743, 0.23137598597721298] and parameters: {'psi': 0.017341310717392755, 'lda_t': 3.517962126914444e-07}.
