[I 2025-08-09 20:40:54,882] A new study created in memory with name: no-name-6eec72fe-7708-438b-b9ef-e041d8eab668
Mode-0 approx rank: 5/38
Estimated noise variance from mode-0: 0.0
Mode-1 approx rank: 6/17
Estimated noise variance from mode-1: 0.0003939191826646487
Mode-2 approx rank: 9/24
Estimated noise variance from mode-2: 0.00044666450035359573
Mode-3 approx rank: 9/60
Estimated noise variance from mode-3: 9.188035655942812e-05
  0%|          | 0/500 [00:00<?, ?it/s]/mnt/ffs24/home/mondalra/Anomaly_Detection/src/proximal_ops/prox_overlapping_grouped_l21.py:405: UserWarning: Sparse CSR tensor support is in beta state. If you miss a functionality in the sparse tensor support, please submit a feature request to https://github.com/pytorch/pytorch/issues. (Triggered internally at /home/conda/feedstock_root/build_artifacts/libtorch_1742922447420/work/aten/src/ATen/SparseCsrTensorImpl.cpp:53.)
  G_ind = torch.sparse_csr_tensor(A_r.indptr, A_r.indices, A_r.data, device=device, dtype=dtype)
                                         0%|          | 0/500 [00:07<?, ?it/s]  0%|          | 1/500 [00:07<59:21,  7.14s/it]                                                 0%|          | 1/500 [00:13<59:21,  7.14s/it]  0%|          | 2/500 [00:13<53:04,  6.39s/it]                                                 0%|          | 2/500 [00:18<53:04,  6.39s/it]  1%|          | 3/500 [00:18<50:37,  6.11s/it]                                                 1%|          | 3/500 [00:24<50:37,  6.11s/it]  1%|          | 4/500 [00:24<49:23,  5.98s/it]                                                 1%|          | 4/500 [00:30<49:23,  5.98s/it]  1%|          | 5/500 [00:30<48:38,  5.90s/it]                                                 1%|          | 5/500 [00:36<48:38,  5.90s/it]  1%|          | 6/500 [00:36<48:10,  5.85s/it]                                                 1%|          | 6/500 [00:41<48:10,  5.85s/it]  1%|▏         | 7/500 [00:41<47:50,  5.82s/it]                                                 1%|▏         | 7/500 [00:47<47:50,  5.82s/it]  2%|▏         | 8/500 [00:47<47:33,  5.80s/it]                                                 2%|▏         | 8/500 [00:53<47:33,  5.80s/it]  2%|▏         | 9/500 [00:53<47:21,  5.79s/it]                                                 2%|▏         | 9/500 [00:59<47:21,  5.79s/it]  2%|▏         | 10/500 [00:59<47:11,  5.78s/it]                                                  2%|▏         | 10/500 [01:04<47:11,  5.78s/it]  2%|▏         | 11/500 [01:04<47:02,  5.77s/it]                                                  2%|▏         | 11/500 [01:10<47:02,  5.77s/it]  2%|▏         | 12/500 [01:10<46:55,  5.77s/it]                                                  2%|▏         | 12/500 [01:16<46:55,  5.77s/it]  3%|▎         | 13/500 [01:16<46:48,  5.77s/it]                                                  3%|▎         | 13/500 [01:22<46:48,  5.77s/it]  3%|▎         | 14/500 [01:22<46:41,  5.77s/it]                                                  3%|▎         | 14/500 [01:27<46:41,  5.77s/it]  3%|▎         | 15/500 [01:27<46:36,  5.77s/it]                                                  3%|▎         | 15/500 [01:33<46:36,  5.77s/it]  3%|▎         | 16/500 [01:33<46:29,  5.76s/it]                                                  3%|▎         | 16/500 [01:39<46:29,  5.76s/it]  3%|▎         | 17/500 [01:39<46:24,  5.77s/it]                                                  3%|▎         | 17/500 [01:45<46:24,  5.77s/it]  4%|▎         | 18/500 [01:45<46:18,  5.76s/it]                                                  4%|▎         | 18/500 [01:50<46:18,  5.76s/it]  4%|▍         | 19/500 [01:50<46:13,  5.77s/it]                                                  4%|▍         | 19/500 [01:56<46:13,  5.77s/it]  4%|▍         | 20/500 [01:56<46:07,  5.76s/it]                                                  4%|▍         | 20/500 [02:02<46:07,  5.76s/it]  4%|▍         | 21/500 [02:02<46:00,  5.76s/it]                                                  4%|▍         | 21/500 [02:08<46:00,  5.76s/it]  4%|▍         | 22/500 [02:08<45:55,  5.77s/it]                                                  4%|▍         | 22/500 [02:14<45:55,  5.77s/it]  5%|▍         | 23/500 [02:14<45:50,  5.77s/it]                                                  5%|▍         | 23/500 [02:19<45:50,  5.77s/it]  5%|▍         | 24/500 [02:19<45:44,  5.76s/it]                                                  5%|▍         | 24/500 [02:25<45:44,  5.76s/it]  5%|▌         | 25/500 [02:25<45:36,  5.76s/it]                                                  5%|▌         | 25/500 [02:31<45:36,  5.76s/it]  5%|▌         | 26/500 [02:31<45:29,  5.76s/it]                                                  5%|▌         | 26/500 [02:37<45:29,  5.76s/it]  5%|▌         | 27/500 [02:37<45:25,  5.76s/it]                                                  5%|▌         | 27/500 [02:42<45:25,  5.76s/it]  6%|▌         | 28/500 [02:42<45:17,  5.76s/it]                                                  6%|▌         | 28/500 [02:48<45:17,  5.76s/it]  6%|▌         | 29/500 [02:48<45:13,  5.76s/it]                                                  6%|▌         | 29/500 [02:54<45:13,  5.76s/it]  6%|▌         | 30/500 [02:54<45:08,  5.76s/it]                                                  6%|▌         | 30/500 [03:00<45:08,  5.76s/it]  6%|▌         | 31/500 [03:00<45:03,  5.76s/it]                                                  6%|▌         | 31/500 [03:05<45:03,  5.76s/it]  6%|▋         | 32/500 [03:05<44:56,  5.76s/it]                                                  6%|▋         | 32/500 [03:11<44:56,  5.76s/it]  7%|▋         | 33/500 [03:11<44:52,  5.77s/it]                                                  7%|▋         | 33/500 [03:17<44:52,  5.77s/it]  7%|▋         | 34/500 [03:17<44:47,  5.77s/it]                                                  7%|▋         | 34/500 [03:23<44:47,  5.77s/it]  7%|▋         | 35/500 [03:23<44:42,  5.77s/it]                                                  7%|▋         | 35/500 [03:28<44:42,  5.77s/it]  7%|▋         | 36/500 [03:28<44:35,  5.77s/it]                                                  7%|▋         | 36/500 [03:34<44:35,  5.77s/it]  7%|▋         | 37/500 [03:34<44:27,  5.76s/it]                                                  7%|▋         | 37/500 [03:40<44:27,  5.76s/it]  8%|▊         | 38/500 [03:40<44:20,  5.76s/it]                                                  8%|▊         | 38/500 [03:46<44:20,  5.76s/it]  8%|▊         | 39/500 [03:46<44:15,  5.76s/it]                                                  8%|▊         | 39/500 [03:51<44:15,  5.76s/it]  8%|▊         | 40/500 [03:51<44:11,  5.76s/it]                                                  8%|▊         | 40/500 [03:57<44:11,  5.76s/it]  8%|▊         | 41/500 [03:57<44:04,  5.76s/it]                                                  8%|▊         | 41/500 [04:03<44:04,  5.76s/it]  8%|▊         | 42/500 [04:03<44:14,  5.79s/it]                                                  8%|▊         | 42/500 [04:09<44:14,  5.79s/it]  9%|▊         | 43/500 [04:09<44:03,  5.78s/it]                                                  9%|▊         | 43/500 [04:15<44:03,  5.78s/it]  9%|▉         | 44/500 [04:15<43:54,  5.78s/it]                                                  9%|▉         | 44/500 [04:20<43:54,  5.78s/it]  9%|▉         | 45/500 [04:20<43:46,  5.77s/it]                                                  9%|▉         | 45/500 [04:26<43:46,  5.77s/it]  9%|▉         | 46/500 [04:26<43:38,  5.77s/it]                                                  9%|▉         | 46/500 [04:32<43:38,  5.77s/it]  9%|▉         | 47/500 [04:32<43:32,  5.77s/it]                                                  9%|▉         | 47/500 [04:38<43:32,  5.77s/it] 10%|▉         | 48/500 [04:38<43:24,  5.76s/it]                                                 10%|▉         | 48/500 [04:43<43:24,  5.76s/it] 10%|▉         | 49/500 [04:43<43:17,  5.76s/it]                                                 10%|▉         | 49/500 [04:49<43:17,  5.76s/it] 10%|█         | 50/500 [04:49<43:11,  5.76s/it]                                                 10%|█         | 50/500 [04:55<43:11,  5.76s/it] 10%|█         | 51/500 [04:55<43:05,  5.76s/it]                                                 10%|█         | 51/500 [05:01<43:05,  5.76s/it] 10%|█         | 52/500 [05:01<43:00,  5.76s/it]                                                 10%|█         | 52/500 [05:06<43:00,  5.76s/it] 11%|█         | 53/500 [05:06<42:53,  5.76s/it]                                                 11%|█         | 53/500 [05:12<42:53,  5.76s/it] 11%|█         | 54/500 [05:12<42:47,  5.76s/it]                                                 11%|█         | 54/500 [05:18<42:47,  5.76s/it] 11%|█         | 55/500 [05:18<42:41,  5.76s/it]                                                 11%|█         | 55/500 [05:24<42:41,  5.76s/it] 11%|█         | 56/500 [05:24<42:37,  5.76s/it]                                                 11%|█         | 56/500 [05:29<42:37,  5.76s/it] 11%|█▏        | 57/500 [05:29<42:31,  5.76s/it]                                                 11%|█▏        | 57/500 [05:35<42:31,  5.76s/it] 12%|█▏        | 58/500 [05:35<42:25,  5.76s/it]                                                 12%|█▏        | 58/500 [05:41<42:25,  5.76s/it] 12%|█▏        | 59/500 [05:41<42:20,  5.76s/it]                                                 12%|█▏        | 59/500 [05:47<42:20,  5.76s/it] 12%|█▏        | 60/500 [05:47<42:15,  5.76s/it]                                                 12%|█▏        | 60/500 [05:53<42:15,  5.76s/it] 12%|█▏        | 61/500 [05:53<42:09,  5.76s/it]                                                 12%|█▏        | 61/500 [05:58<42:09,  5.76s/it] 12%|█▏        | 62/500 [05:58<42:02,  5.76s/it]                                                 12%|█▏        | 62/500 [06:04<42:02,  5.76s/it] 13%|█▎        | 63/500 [06:04<41:56,  5.76s/it]                                                 13%|█▎        | 63/500 [06:10<41:56,  5.76s/it] 13%|█▎        | 64/500 [06:10<41:49,  5.76s/it]                                                 13%|█▎        | 64/500 [06:16<41:49,  5.76s/it] 13%|█▎        | 65/500 [06:16<41:44,  5.76s/it]                                                 13%|█▎        | 65/500 [06:21<41:44,  5.76s/it] 13%|█▎        | 66/500 [06:21<41:39,  5.76s/it]                                                 13%|█▎        | 66/500 [06:27<41:39,  5.76s/it] 13%|█▎        | 67/500 [06:27<41:33,  5.76s/it]                                                 13%|█▎        | 67/500 [06:33<41:33,  5.76s/it] 14%|█▎        | 68/500 [06:33<41:27,  5.76s/it]                                                 14%|█▎        | 68/500 [06:39<41:27,  5.76s/it] 14%|█▍        | 69/500 [06:39<41:21,  5.76s/it]                                                 14%|█▍        | 69/500 [06:44<41:21,  5.76s/it] 14%|█▍        | 70/500 [06:44<41:16,  5.76s/it]                                                 14%|█▍        | 70/500 [06:50<41:16,  5.76s/it] 14%|█▍        | 71/500 [06:50<41:11,  5.76s/it]                                                 14%|█▍        | 71/500 [06:56<41:11,  5.76s/it] 14%|█▍        | 72/500 [06:56<41:04,  5.76s/it]                                                 14%|█▍        | 72/500 [07:02<41:04,  5.76s/it] 15%|█▍        | 73/500 [07:02<41:00,  5.76s/it]                                                 15%|█▍        | 73/500 [07:07<41:00,  5.76s/it] 15%|█▍        | 74/500 [07:07<40:55,  5.76s/it]                                                 15%|█▍        | 74/500 [07:13<40:55,  5.76s/it] 15%|█▌        | 75/500 [07:13<40:49,  5.76s/it]                                                 15%|█▌        | 75/500 [07:19<40:49,  5.76s/it] 15%|█▌        | 76/500 [07:19<40:55,  5.79s/it]                                                 15%|█▌        | 76/500 [07:25<40:55,  5.79s/it] 15%|█▌        | 77/500 [07:25<40:46,  5.78s/it]                                                 15%|█▌        | 77/500 [07:31<40:46,  5.78s/it] 16%|█▌        | 78/500 [07:31<40:38,  5.78s/it]                                                 16%|█▌        | 78/500 [07:36<40:38,  5.78s/it] 16%|█▌        | 79/500 [07:36<40:30,  5.77s/it]                                                 16%|█▌        | 79/500 [07:42<40:30,  5.77s/it] 16%|█▌        | 80/500 [07:42<40:22,  5.77s/it]                                                 16%|█▌        | 80/500 [07:48<40:22,  5.77s/it] 16%|█▌        | 81/500 [07:48<40:15,  5.77s/it]                                                 16%|█▌        | 81/500 [07:54<40:15,  5.77s/it] 16%|█▋        | 82/500 [07:54<40:10,  5.77s/it]                                                 16%|█▋        | 82/500 [07:59<40:10,  5.77s/it] 17%|█▋        | 83/500 [07:59<40:02,  5.76s/it]                                                 17%|█▋        | 83/500 [08:05<40:02,  5.76s/it] 17%|█▋        | 84/500 [08:05<39:56,  5.76s/it]                                                 17%|█▋        | 84/500 [08:11<39:56,  5.76s/it] 17%|█▋        | 85/500 [08:11<39:49,  5.76s/it]                                                 17%|█▋        | 85/500 [08:17<39:49,  5.76s/it] 17%|█▋        | 86/500 [08:17<39:43,  5.76s/it]                                                 17%|█▋        | 86/500 [08:22<39:43,  5.76s/it] 17%|█▋        | 87/500 [08:22<39:38,  5.76s/it]                                                 17%|█▋        | 87/500 [08:28<39:38,  5.76s/it] 18%|█▊        | 88/500 [08:28<39:33,  5.76s/it]                                                 18%|█▊        | 88/500 [08:34<39:33,  5.76s/it] 18%|█▊        | 89/500 [08:34<39:27,  5.76s/it]                                                 18%|█▊        | 89/500 [08:40<39:27,  5.76s/it] 18%|█▊        | 90/500 [08:40<39:20,  5.76s/it]                                                 18%|█▊        | 90/500 [08:45<39:20,  5.76s/it] 18%|█▊        | 91/500 [08:45<39:14,  5.76s/it]                                                 18%|█▊        | 91/500 [08:51<39:14,  5.76s/it] 18%|█▊        | 92/500 [08:51<39:10,  5.76s/it]                                                 18%|█▊        | 92/500 [08:57<39:10,  5.76s/it] 19%|█▊        | 93/500 [08:57<39:03,  5.76s/it]                                                 19%|█▊        | 93/500 [09:03<39:03,  5.76s/it] 19%|█▉        | 94/500 [09:03<38:57,  5.76s/it]                                                 19%|█▉        | 94/500 [09:08<38:57,  5.76s/it] 19%|█▉        | 95/500 [09:08<38:51,  5.76s/it]                                                 19%|█▉        | 95/500 [09:14<38:51,  5.76s/it] 19%|█▉        | 96/500 [09:14<38:45,  5.76s/it]                                                 19%|█▉        | 96/500 [09:20<38:45,  5.76s/it] 19%|█▉        | 97/500 [09:20<38:39,  5.76s/it]                                                 19%|█▉        | 97/500 [09:26<38:39,  5.76s/it] 20%|█▉        | 98/500 [09:26<38:33,  5.75s/it]                                                 20%|█▉        | 98/500 [09:31<38:33,  5.75s/it] 20%|█▉        | 99/500 [09:31<38:27,  5.75s/it]                                                 20%|█▉        | 99/500 [09:37<38:27,  5.75s/it] 20%|██        | 100/500 [09:37<38:23,  5.76s/it]                                                  20%|██        | 100/500 [09:43<38:23,  5.76s/it] 20%|██        | 101/500 [09:43<38:17,  5.76s/it]                                                  20%|██        | 101/500 [09:49<38:17,  5.76s/it] 20%|██        | 102/500 [09:49<38:11,  5.76s/it]                                                  20%|██        | 102/500 [09:55<38:11,  5.76s/it] 21%|██        | 103/500 [09:55<38:06,  5.76s/it]                                                  21%|██        | 103/500 [10:00<38:06,  5.76s/it] 21%|██        | 104/500 [10:00<38:00,  5.76s/it]                                                  21%|██        | 104/500 [10:06<38:00,  5.76s/it] 21%|██        | 105/500 [10:06<37:55,  5.76s/it]                                                  21%|██        | 105/500 [10:12<37:55,  5.76s/it] 21%|██        | 106/500 [10:12<37:49,  5.76s/it]                                                  21%|██        | 106/500 [10:18<37:49,  5.76s/it] 21%|██▏       | 107/500 [10:18<37:43,  5.76s/it]                                                  21%|██▏       | 107/500 [10:23<37:43,  5.76s/it] 22%|██▏       | 108/500 [10:23<37:38,  5.76s/it]                                                  22%|██▏       | 108/500 [10:29<37:38,  5.76s/it] 22%|██▏       | 109/500 [10:29<37:31,  5.76s/it]                                                  22%|██▏       | 109/500 [10:35<37:31,  5.76s/it] 22%|██▏       | 110/500 [10:35<37:26,  5.76s/it]                                                  22%|██▏       | 110/500 [10:41<37:26,  5.76s/it] 22%|██▏       | 111/500 [10:41<37:21,  5.76s/it]                                                  22%|██▏       | 111/500 [10:46<37:21,  5.76s/it] 22%|██▏       | 112/500 [10:46<37:14,  5.76s/it]                                                  22%|██▏       | 112/500 [10:52<37:14,  5.76s/it] 23%|██▎       | 113/500 [10:52<37:08,  5.76s/it]                                                  23%|██▎       | 113/500 [10:58<37:08,  5.76s/it] 23%|██▎       | 114/500 [10:58<37:04,  5.76s/it]                                                  23%|██▎       | 114/500 [11:04<37:04,  5.76s/it] 23%|██▎       | 115/500 [11:04<36:58,  5.76s/it]                                                  23%|██▎       | 115/500 [11:09<36:58,  5.76s/it] 23%|██▎       | 116/500 [11:09<36:51,  5.76s/it]                                                  23%|██▎       | 116/500 [11:15<36:51,  5.76s/it] 23%|██▎       | 117/500 [11:15<36:45,  5.76s/it]                                                  23%|██▎       | 117/500 [11:21<36:45,  5.76s/it] 24%|██▎       | 118/500 [11:21<36:40,  5.76s/it]                                                  24%|██▎       | 118/500 [11:27<36:40,  5.76s/it] 24%|██▍       | 119/500 [11:27<36:35,  5.76s/it]                                                  24%|██▍       | 119/500 [11:33<36:35,  5.76s/it] 24%|██▍       | 120/500 [11:33<36:41,  5.79s/it]                                                  24%|██▍       | 120/500 [11:38<36:41,  5.79s/it] 24%|██▍       | 121/500 [11:38<36:30,  5.78s/it]                                                  24%|██▍       | 121/500 [11:44<36:30,  5.78s/it] 24%|██▍       | 122/500 [11:44<36:23,  5.78s/it]                                                  24%|██▍       | 122/500 [11:50<36:23,  5.78s/it] 25%|██▍       | 123/500 [11:50<36:15,  5.77s/it]                                                  25%|██▍       | 123/500 [11:56<36:15,  5.77s/it] 25%|██▍       | 124/500 [11:56<36:09,  5.77s/it]                                                  25%|██▍       | 124/500 [12:01<36:09,  5.77s/it] 25%|██▌       | 125/500 [12:01<36:02,  5.77s/it]                                                  25%|██▌       | 125/500 [12:07<36:02,  5.77s/it] 25%|██▌       | 126/500 [12:07<35:56,  5.77s/it]                                                  25%|██▌       | 126/500 [12:13<35:56,  5.77s/it] 25%|██▌       | 127/500 [12:13<35:49,  5.76s/it]                                                  25%|██▌       | 127/500 [12:19<35:49,  5.76s/it] 26%|██▌       | 128/500 [12:19<35:43,  5.76s/it]                                                  26%|██▌       | 128/500 [12:24<35:43,  5.76s/it] 26%|██▌       | 129/500 [12:24<35:36,  5.76s/it]                                                  26%|██▌       | 129/500 [12:30<35:36,  5.76s/it] 26%|██▌       | 130/500 [12:30<35:30,  5.76s/it]                                                  26%|██▌       | 130/500 [12:36<35:30,  5.76s/it] 26%|██▌       | 131/500 [12:36<35:23,  5.76s/it]                                                  26%|██▌       | 131/500 [12:42<35:23,  5.76s/it] 26%|██▋       | 132/500 [12:42<35:20,  5.76s/it]                                                  26%|██▋       | 132/500 [12:47<35:20,  5.76s/it] 27%|██▋       | 133/500 [12:47<35:13,  5.76s/it]                                                  27%|██▋       | 133/500 [12:53<35:13,  5.76s/it] 27%|██▋       | 134/500 [12:53<35:08,  5.76s/it]                                                  27%|██▋       | 134/500 [12:59<35:08,  5.76s/it] 27%|██▋       | 135/500 [12:59<35:02,  5.76s/it]                                                  27%|██▋       | 135/500 [13:05<35:02,  5.76s/it] 27%|██▋       | 136/500 [13:05<34:56,  5.76s/it]                                                  27%|██▋       | 136/500 [13:10<34:56,  5.76s/it] 27%|██▋       | 137/500 [13:10<34:50,  5.76s/it]                                                  27%|██▋       | 137/500 [13:16<34:50,  5.76s/it] 28%|██▊       | 138/500 [13:16<34:44,  5.76s/it]                                                  28%|██▊       | 138/500 [13:22<34:44,  5.76s/it] 28%|██▊       | 139/500 [13:22<34:40,  5.76s/it]                                                  28%|██▊       | 139/500 [13:28<34:40,  5.76s/it] 28%|██▊       | 140/500 [13:28<34:34,  5.76s/it]                                                  28%|██▊       | 140/500 [13:34<34:34,  5.76s/it] 28%|██▊       | 141/500 [13:34<34:28,  5.76s/it]                                                 