[I 2025-08-09 20:41:02,019] Trial 0 finished with values: [0.5207781500069415, 0.05685218432076601] and parameters: {'psi': 0.7932913039003391, 'lda_t': 4.120478561765073e-08}.
[I 2025-08-09 20:41:07,894] Trial 1 finished with values: [0.5212454837472584, 0.058420268256333834] and parameters: {'psi': 0.8779888574875769, 'lda_t': 2.6028459888818554e-05}.
[I 2025-08-09 20:41:13,669] Trial 2 finished with values: [0.5221614084840451, 0.0539899139721151] and parameters: {'psi': 0.2837213490674009, 'lda_t': 0.01742848648374457}.
[I 2025-08-09 20:41:19,435] Trial 3 finished with values: [0.5207310224939822, 0.05931198102016608] and parameters: {'psi': 0.9713320469302187, 'lda_t': 1.479819187762662e-07}.
[I 2025-08-09 20:41:25,194] Trial 4 finished with values: [0.521987192311767, 0.059470710674992565] and parameters: {'psi': 0.9181311254720453, 'lda_t': 1.4272869299756048e-05}.
[I 2025-08-09 20:41:30,954] Trial 5 finished with values: [0.5144461305207805, 0.051770306456411785] and parameters: {'psi': 0.4679382723747437, 'lda_t': 0.042772209861126}.
[I 2025-08-09 20:41:36,717] Trial 6 finished with values: [0.5290438015386338, 0.060052987930526935] and parameters: {'psi': 0.09322562172677673, 'lda_t': 3.1572839200936304e-05}.
[I 2025-08-09 20:41:42,470] Trial 7 finished with values: [0.5269603967006613, 0.0589622641509434] and parameters: {'psi': 0.20953615445179208, 'lda_t': 1.1136632817468092e-07}.
[I 2025-08-09 20:41:48,231] Trial 8 finished with values: [0.5274680408729172, 0.06919374247894103] and parameters: {'psi': 0.30997841264892056, 'lda_t': 3.7613874506846705}.
[I 2025-08-09 20:41:53,989] Trial 9 finished with values: [0.5141290601320846, 0.07221542227662178] and parameters: {'psi': 0.6498695623441688, 'lda_t': 4.143676148616027}.
[I 2025-08-09 20:41:59,750] Trial 10 finished with values: [0.5226458948798326, 0.057919621749408984] and parameters: {'psi': 0.3873401018895679, 'lda_t': 0.0004995080983107768}.
[I 2025-08-09 20:42:05,513] Trial 11 finished with values: [0.5253147228938606, 0.056246299585553584] and parameters: {'psi': 0.20025877021380367, 'lda_t': 0.009394912298488805}.
[I 2025-08-09 20:42:11,271] Trial 12 finished with values: [0.5220947939305515, 0.05957700327673518] and parameters: {'psi': 0.9044049773691603, 'lda_t': 8.218553193187718e-07}.
[I 2025-08-09 20:42:17,033] Trial 13 finished with values: [0.521166672877597, 0.057245080500894455] and parameters: {'psi': 0.8750277976060216, 'lda_t': 2.2148420885928587e-07}.
[I 2025-08-09 20:42:22,801] Trial 14 finished with values: [0.5270262838733017, 0.0589622641509434] and parameters: {'psi': 0.1977493421274884, 'lda_t': 8.927588610066435e-06}.
[I 2025-08-09 20:42:28,560] Trial 15 finished with values: [0.525289755123176, 0.057936742536210464] and parameters: {'psi': 0.4031436194565752, 'lda_t': 3.035090106235464e-08}.
[I 2025-08-09 20:42:34,331] Trial 16 finished with values: [0.5377770405481501, 0.059049306170652495] and parameters: {'psi': 0.06829653808855607, 'lda_t': 0.051971331335311365}.
[I 2025-08-09 20:42:40,093] Trial 17 finished with values: [0.5250190002874169, 0.05737947352854185] and parameters: {'psi': 0.4604324165007855, 'lda_t': 3.8358627326638865e-06}.
[I 2025-08-09 20:42:45,864] Trial 18 finished with values: [0.5092322476486187, 0.07418761496014716] and parameters: {'psi': 0.967704449919472, 'lda_t': 9.893727635838115}.
[I 2025-08-09 20:42:51,625] Trial 19 finished with values: [0.520006635743282, 0.07620199576655579] and parameters: {'psi': 0.4575237970463818, 'lda_t': 1.679218201455792}.
[I 2025-08-09 20:42:57,380] Trial 20 finished with values: [0.5211514147955119, 0.057430432208407343] and parameters: {'psi': 0.27599424277992346, 'lda_t': 0.005242199503742409}.
[I 2025-08-09 20:43:03,153] Trial 21 finished with values: [0.5141000833087899, 0.07202216066481995] and parameters: {'psi': 0.7368113888722032, 'lda_t': 3.366345046582663}.
[I 2025-08-09 20:43:08,918] Trial 22 finished with values: [0.5228141397627801, 0.05844155844155844] and parameters: {'psi': 0.1373559169926417, 'lda_t': 0.0012781496257899905}.
[I 2025-08-09 20:43:14,683] Trial 23 finished with values: [0.5215131429854325, 0.05459940652818991] and parameters: {'psi': 0.3025504890574586, 'lda_t': 0.01647533843648298}.
[I 2025-08-09 20:43:20,438] Trial 24 finished with values: [0.5206991868947758, 0.05685218432076601] and parameters: {'psi': 0.7951601177868572, 'lda_t': 2.0474862015266206e-05}.
[I 2025-08-09 20:43:26,190] Trial 25 finished with values: [0.5284548937008158, 0.06598680263947211] and parameters: {'psi': 0.19176428138583101, 'lda_t': 1.6707764782111085}.
[I 2025-08-09 20:43:31,957] Trial 26 finished with values: [0.4965810477941491, 0.04844081138359067] and parameters: {'psi': 0.835028979587704, 'lda_t': 0.04551758806182625}.
[I 2025-08-09 20:43:37,707] Trial 27 finished with values: [0.5212176741164958, 0.05936479667557139] and parameters: {'psi': 0.9475565817087439, 'lda_t': 4.923108472035028e-06}.
[I 2025-08-09 20:43:43,475] Trial 28 finished with values: [0.5141026375996933, 0.07359705611775529] and parameters: {'psi': 0.697892799076336, 'lda_t': 1.5709489837161503}.
[I 2025-08-09 20:43:49,242] Trial 29 finished with values: [0.525870898593281, 0.07063084817386055] and parameters: {'psi': 0.34739513831302316, 'lda_t': 2.531380449944901}.
[I 2025-08-09 20:43:55,008] Trial 30 finished with values: [0.5297319376575065, 0.060052987930526935] and parameters: {'psi': 0.09369524085509029, 'lda_t': 7.063990933003422e-08}.
[I 2025-08-09 20:44:00,763] Trial 31 finished with values: [0.5256359038301693, 0.05845881310894597] and parameters: {'psi': 0.33057735319339776, 'lda_t': 2.5898339467398382e-08}.
[I 2025-08-09 20:44:06,541] Trial 32 finished with values: [0.5140977827553934, 0.072] and parameters: {'psi': 0.737884491965392, 'lda_t': 1.6972202341434137}.
[I 2025-08-09 20:44:12,308] Trial 33 finished with values: [0.5043422353303395, 0.05405405405405406] and parameters: {'psi': 0.9948122788631001, 'lda_t': 0.19281605527147042}.
[I 2025-08-09 20:44:18,080] Trial 34 finished with values: [0.5172819178143877, 0.056835177983846845] and parameters: {'psi': 0.8129226414003698, 'lda_t': 0.0015726449075941784}.
[I 2025-08-09 20:44:23,839] Trial 35 finished with values: [0.5274669075120528, 0.060106069534472596] and parameters: {'psi': 0.16385780621088974, 'lda_t': 1.749827300273597e-05}.
[I 2025-08-09 20:44:29,591] Trial 36 finished with values: [0.5095504006506777, 0.056835177983846845] and parameters: {'psi': 0.9590806164611846, 'lda_t': 0.027268021370461477}.
[I 2025-08-09 20:44:35,342] Trial 37 finished with values: [0.5208463039013106, 0.060570071258907364] and parameters: {'psi': 0.9857484533803659, 'lda_t': 1.5138083336292415e-08}.
[I 2025-08-09 20:44:41,109] Trial 38 finished with values: [0.5173750733111092, 0.058350699612980055] and parameters: {'psi': 0.651012380876421, 'lda_t': 0.0031662156564524493}.
[I 2025-08-09 20:44:46,883] Trial 39 finished with values: [0.5175808036817515, 0.05892857142857143] and parameters: {'psi': 0.9198553512479346, 'lda_t': 0.0028199650177154843}.
[I 2025-08-09 20:44:52,639] Trial 40 finished with values: [0.5225964498976431, 0.05734767025089606] and parameters: {'psi': 0.709997739668357, 'lda_t': 4.74202691886694e-07}.
[I 2025-08-09 20:44:58,510] Trial 41 finished with values: [0.514101994798009, 0.07473200612557428] and parameters: {'psi': 0.6911123858828438, 'lda_t': 0.30596663253707446}.
[I 2025-08-09 20:45:04,268] Trial 42 finished with values: [0.518889818564319, 0.0539899139721151] and parameters: {'psi': 0.3709265934056176, 'lda_t': 0.020867981129788857}.
[I 2025-08-09 20:45:10,028] Trial 43 finished with values: [0.5265887896638031, 0.0589622641509434] and parameters: {'psi': 0.2085934277429824, 'lda_t': 3.297858471267797e-05}.
[I 2025-08-09 20:45:15,788] Trial 44 finished with values: [0.520032246315651, 0.058841010401188706] and parameters: {'psi': 0.64467714035777, 'lda_t': 0.0013693250497752055}.
[I 2025-08-09 20:45:21,545] Trial 45 finished with values: [0.5283418959310501, 0.06790865384615384] and parameters: {'psi': 0.21272653633949934, 'lda_t': 3.9068364788049537}.
[I 2025-08-09 20:45:27,312] Trial 46 finished with values: [0.527112368551496, 0.0589622641509434] and parameters: {'psi': 0.1988255710244664, 'lda_t': 8.619653108646551e-07}.
[I 2025-08-09 20:45:33,062] Trial 47 finished with values: [0.5265987869215772, 0.07060953530476766] and parameters: {'psi': 0.3325430966000762, 'lda_t': 0.24242362043502083}.
[I 2025-08-09 20:45:38,817] Trial 48 finished with values: [0.5514774788255628, 0.058286723579629086] and parameters: {'psi': 0.030765415147398056, 'lda_t': 0.16138709785556624}.
[I 2025-08-09 20:45:44,574] Trial 49 finished with values: [0.5203265141603882, 0.05736480430236032] and parameters: {'psi': 0.825373270148073, 'lda_t': 1.8067798787033724e-08}.
[I 2025-08-09 20:45:50,327] Trial 50 finished with values: [0.5247344928787808, 0.05737947352854185] and parameters: {'psi': 0.4604324165007855, 'lda_t': 6.337721362246958e-05}.
[I 2025-08-09 20:45:56,093] Trial 51 finished with values: [0.528333894741664, 0.06853020739404869] and parameters: {'psi': 0.22229051607553907, 'lda_t': 0.9378315249856422}.
[I 2025-08-09 20:46:01,847] Trial 52 finished with values: [0.520006635743282, 0.07620199576655579] and parameters: {'psi': 0.4575237970463818, 'lda_t': 1.679218201455792}.
[I 2025-08-09 20:46:07,598] Trial 53 finished with values: [0.5221310107307114, 0.05807407407407408] and parameters: {'psi': 0.3025504890574586, 'lda_t': 0.009113092974278068}.
[I 2025-08-09 20:46:13,352] Trial 54 finished with values: [0.5219940263086211, 0.059470710674992565] and parameters: {'psi': 0.9181311254720453, 'lda_t': 9.729406164609866e-06}.
[I 2025-08-09 20:46:19,124] Trial 55 finished with values: [0.5292626755121366, 0.06007067137809187] and parameters: {'psi': 0.09318804784129875, 'lda_t': 2.1063544837630468e-05}.
[I 2025-08-09 20:46:24,883] Trial 56 finished with values: [0.5293735249710101, 0.06007067137809187] and parameters: {'psi': 0.09369524085509029, 'lda_t': 1.4876782052427862e-05}.
[I 2025-08-09 20:46:30,644] Trial 57 finished with values: [0.510886802268163, 0.051729323308270674] and parameters: {'psi': 0.9168200524741782, 'lda_t': 0.033939593700611385}.
[I 2025-08-09 20:46:36,404] Trial 58 finished with values: [0.5176920083731347, 0.0599406528189911] and parameters: {'psi': 0.5212123763892227, 'lda_t': 0.007923184793833601}.
[I 2025-08-09 20:46:42,173] Trial 59 finished with values: [0.5517383209827165, 0.061619718309859156] and parameters: {'psi': 0.022077291616979466, 'lda_t': 1.644729598434073e-06}.
[I 2025-08-09 20:46:47,929] Trial 60 finished with values: [0.5274722021680314, 0.06919374247894103] and parameters: {'psi': 0.3111206982660766, 'lda_t': 0.172957281173633}.
[I 2025-08-09 20:46:53,684] Trial 61 finished with values: [0.5255994332925025, 0.05845881310894597] and parameters: {'psi': 0.33057735319339776, 'lda_t': 5.363540981200957e-06}.
[I 2025-08-09 20:46:59,440] Trial 62 finished with values: [0.5202790144990855, 0.05736480430236032] and parameters: {'psi': 0.8257912736080555, 'lda_t': 2.110766610381581e-05}.
[I 2025-08-09 20:47:05,190] Trial 63 finished with values: [0.5244154940850319, 0.05736250739207569] and parameters: {'psi': 0.5636231488157433, 'lda_t': 1.354402574352942e-08}.
[I 2025-08-09 20:47:10,951] Trial 64 finished with values: [0.5204918495199228, 0.056818181818181816] and parameters: {'psi': 0.8103159592697288, 'lda_t': 1.1136632817468092e-07}.
[I 2025-08-09 20:47:16,711] Trial 65 finished with values: [0.5226458948798326, 0.057919621749408984] and parameters: {'psi': 0.3873401018895679, 'lda_t': 0.0004995080983107768}.
[I 2025-08-09 20:47:22,470] Trial 66 finished with values: [0.5426810760926475, 0.06055261610817166] and parameters: {'psi': 0.030765415147398056, 'lda_t': 1.194243609121284e-07}.
[I 2025-08-09 20:47:28,228] Trial 67 finished with values: [0.5142144512610932, 0.056220095693779906] and parameters: {'psi': 0.8779888574875769, 'lda_t': 0.009394912298488805}.
[I 2025-08-09 20:47:33,985] Trial 68 finished with values: [0.520577511302272, 0.05741626794258373] and parameters: {'psi': 0.8044093905753374, 'lda_t': 4.120478561765073e-08}.
[I 2025-08-09 20:47:39,751] Trial 69 finished with values: [0.5149950831591693, 0.05680119581464873] and parameters: {'psi': 0.825373270148073, 'lda_t': 0.003100350616253648}.
[I 2025-08-09 20:47:45,512] Trial 70 finished with values: [0.5377688025370909, 0.059049306170652495] and parameters: {'psi': 0.06829653808855607, 'lda_t': 0.020867981129788857}.
[I 2025-08-09 20:47:51,269] Trial 71 finished with values: [0.521987192311767, 0.059470710674992565] and parameters: {'psi': 0.9181311254720453, 'lda_t': 1.4272869299756048e-05}.
[I 2025-08-09 20:47:57,036] Trial 72 finished with values: [0.5141095730915501, 0.07169117647058823] and parameters: {'psi': 0.6797253156636344, 'lda_t': 0.8627064591377396}.
[I 2025-08-09 20:48:02,808] Trial 73 finished with values: [0.517614889086853, 0.05901639344262295] and parameters: {'psi': 0.9044049773691603, 'lda_t': 0.0028199650177154843}.
[I 2025-08-09 20:48:08,567] Trial 74 finished with values: [0.5291794326940202, 0.06405267883867105] and parameters: {'psi': 0.1633424570266926, 'lda_t': 3.862740236458337}.
[I 2025-08-09 20:48:14,426] Trial 75 finished with values: [0.5267474940164889, 0.058979652020053085] and parameters: {'psi': 0.22053032993099075, 'lda_t': 3.8358627326638865e-06}.
[I 2025-08-09 20:48:20,190] Trial 76 finished with values: [0.5269722885318209, 0.0589622641509434] and parameters: {'psi': 0.2085934277429824, 'lda_t': 1.1136632817468092e-07}.
[I 2025-08-09 20:48:25,958] Trial 77 finished with values: [0.5141290601320846, 0.07221542227662178] and parameters: {'psi': 0.6498695623441688, 'lda_t': 4.143676148616027}.
[I 2025-08-09 20:48:31,720] Trial 78 finished with values: [0.5039660441025221, 0.04879518072289157] and parameters: {'psi': 0.9198553512479346, 'lda_t': 0.051971331335311365}.
[I 2025-08-09 20:48:37,473] Trial 79 finished with values: [0.5248195287752796, 0.05736250739207569] and parameters: {'psi': 0.504268907195589, 'lda_t': 7.063990933003422e-08}.
[I 2025-08-09 20:48:43,236] Trial 80 finished with values: [0.5297319376575065, 0.060052987930526935] and parameters: {'psi': 0.09369524085509029, 'lda_t': 7.063990933003422e-08}.
[I 2025-08-09 20:48:49,001] Trial 81 finished with values: [0.5223356246563231, 0.07376058041112454] and parameters: {'psi': 0.41662340467887315, 'lda_t': 0.24242362043502083}.
[I 2025-08-09 20:48:54,751] Trial 82 finished with values: [0.525870898593281, 0.07063084817386055] and parameters: {'psi': 0.34739513831302316, 'lda_t': 2.531380449944901}.
[I 2025-08-09 20:49:00,510] Trial 83 finished with values: [0.5220573253586905, 0.05736480430236032] and parameters: {'psi': 0.7098203261249618, 'lda_t': 0.00021600101038946775}.
[I 2025-08-09 20:49:06,263] Trial 84 finished with values: [0.5250609346394003, 0.05736250739207569] and parameters: {'psi': 0.4400887436671186, 'lda_t': 1.4272869299756048e-05}.
[I 2025-08-09 20:49:12,016] Trial 85 finished with values: [0.520158658341618, 0.05733054643177068] and parameters: {'psi': 0.844866599814494, 'lda_t': 7.516675074405178e-05}.
[I 2025-08-09 20:49:17,778] Trial 86 finished with values: [0.5107739059934, 0.0488240547782078] and parameters: {'psi': 0.5164025228521291, 'lda_t': 0.042772209861126}.
[I 2025-08-09 20:49:23,545] Trial 87 finished with values: [0.5217633619989617, 0.05748502994011976] and parameters: {'psi': 0.7482845017864037, 'lda_t': 3.8952204614260454e-08}.
[I 2025-08-09 20:49:29,302] Trial 88 finished with values: [0.5228729899485608, 0.05726215329555622] and parameters: {'psi': 0.6911123858828438, 'lda_t': 2.6028459888818554e-05}.
[I 2025-08-09 20:49:35,054] Trial 89 finished with values: [0.5258319921755472, 0.05216360403082395] and parameters: {'psi': 0.1988255710244664, 'lda_t': 0.020254576405986078}.
[I 2025-08-09 20:49:40,811] Trial 90 finished with values: [0.526479073565794, 0.058979652020053085] and parameters: {'psi': 0.2428574658479773, 'lda_t': 1.479819187762662e-07}.
[I 2025-08-09 20:49:46,578] Trial 91 finished with values: [0.5135335382032519, 0.05892857142857143] and parameters: {'psi': 0.9590806164611846, 'lda_t': 0.013201969578357774}.
[I 2025-08-09 20:49:52,331] Trial 92 finished with values: [0.529291753830434, 0.06008836524300442] and parameters: {'psi': 0.10188370919450351, 'lda_t': 2.9449985417057464e-06}.
[I 2025-08-09 20:49:58,091] Trial 93 finished with values: [0.5088419655312483, 0.0511585916340656] and parameters: {'psi': 0.7068754003381515, 'lda_t': 0.025430839656919592}.
[I 2025-08-09 20:50:03,843] Trial 94 finished with values: [0.5296699411266396, 0.060052987930526935] and parameters: {'psi': 0.09369524085509029, 'lda_t': 2.4008679793835964e-06}.
[I 2025-08-09 20:50:09,600] Trial 95 finished with values: [0.5211764163978643, 0.057841383422778773] and parameters: {'psi': 0.8766388770161972, 'lda_t': 3.1572839200936304e-05}.
[I 2025-08-09 20:50:15,353] Trial 96 finished with values: [0.5220070684164788, 0.059470710674992565] and parameters: {'psi': 0.9181311254720453, 'lda_t': 1.5138083336292415e-08}.
[I 2025-08-09 20:50:21,105] Trial 97 finished with values: [0.5221457444219488, 0.057464454976303314] and parameters: {'psi': 0.2668559081660823, 'lda_t': 0.006047048324804811}.
[I 2025-08-09 20:50:26,855] Trial 98 finished with values: [0.5207459591752251, 0.059329575793533075] and parameters: {'psi': 0.967704449919472, 'lda_t': 2.6028459888818554e-05}.
[I 2025-08-09 20:50:32,624] Trial 99 finished with values: [0.5141026375996933, 0.07359705611775529] and parameters: {'psi': 0.697892799076336, 'lda_t': 2.531380449944901}.
[I 2025-08-09 20:50:38,383] Trial 100 finished with values: [0.5115104890602681, 0.05140610825521621] and parameters: {'psi': 0.8210817842524204, 'lda_t': 0.020867981129788857}.
[I 2025-08-09 20:50:44,142] Trial 101 finished with values: [0.5426851866402601, 0.06055261610817166] and parameters: {'psi': 0.030765415147398056, 'lda_t': 3.6191125618067256e-08}.
[I 2025-08-09 20:50:49,902] Trial 102 finished with values: [0.5228740894777577, 0.058402860548271755] and parameters: {'psi': 0.6797253156636344, 'lda_t': 9.13904523826091e-05}.
[I 2025-08-09 20:50:55,662] Trial 103 finished with values: [0.5284548937008158, 0.06598680263947211] and parameters: {'psi': 0.19176428138583101, 'lda_t': 1.6707764782111085}.
[I 2025-08-09 20:51:01,423] Trial 104 finished with values: [0.5272308639672458, 0.0589622641509434] and parameters: {'psi': 0.19176428138583101, 'lda_t': 1.1136632817468092e-07}.
[I 2025-08-09 20:51:07,185] Trial 105 finished with values: [0.5252223624413277, 0.057936742536210464] and parameters: {'psi': 0.41542906588634887, 'lda_t': 2.9449985417057464e-06}.
[I 2025-08-09 20:51:12,946] Trial 106 finished with values: [0.522877151243675, 0.05726215329555622] and parameters: {'psi': 0.6911123858828438, 'lda_t': 2.439306789642586e-05}.
[I 2025-08-09 20:51:18,710] Trial 107 finished with values: [0.5121049960390729, 0.05080133051103719] and parameters: {'psi': 0.7368113888722032, 'lda_t': 0.02134321932797244}.
[I 2025-08-09 20:51:24,463] Trial 108 finished with values: [0.5344726000791898, 0.06207508128879693] and parameters: {'psi': 0.09369524085509029, 'lda_t': 0.5517721833023439}.
[I 2025-08-09 20:51:30,223] Trial 109 finished with values: [0.5200788663535962, 0.05851063829787234] and parameters: {'psi': 0.21272653633949934, 'lda_t': 0.002117748141677269}.
[I 2025-08-09 20:51:35,991] Trial 110 finished with values: [0.5141060545981202, 0.07221542227662178] and parameters: {'psi': 0.6729568750882732, 'lda_t': 1.5709489837161503}.
[I 2025-08-09 20:51:41,747] Trial 111 finished with values: [0.520006635743282, 0.07620199576655579] and parameters: {'psi': 0.4575237970463818, 'lda_t': 1.6707764782111085}.
[I 2025-08-09 20:51:47,505] Trial 112 finished with values: [0.5239359471127133, 0.05807407407407408] and parameters: {'psi': 0.6079859499362092, 'lda_t': 2.1063544837630468e-05}.
[I 2025-08-09 20:51:53,272] Trial 113 finished with values: [0.525870898593281, 0.07063084817386055] and parameters: {'psi': 0.34739513831302316, 'lda_t': 2.531380449944901}.
[I 2025-08-09 20:51:59,037] Trial 114 finished with values: [0.511465526774035, 0.051390568319226115] and parameters: {'psi': 0.83481843562735, 'lda_t': 0.021626243095254325}.
[I 2025-08-09 20:52:04,791] Trial 115 finished with values: [0.5250363897645605, 0.05737947352854185] and parameters: {'psi': 0.4583744872006108, 'lda_t': 2.4008679793835964e-06}.
[I 2025-08-09 20:52:10,543] Trial 116 finished with values: [0.5256336371084406, 0.05901445854234287] and parameters: {'psi': 0.3111206982660766, 'lda_t': 1.749827300273597e-05}.
[I 2025-08-09 20:52:16,313] Trial 117 finished with values: [0.5336117025497455, 0.05499704316972206] and parameters: {'psi': 0.09369524085509029, 'lda_t': 0.006049384009043553}.
[I 2025-08-09 20:52:22,074] Trial 118 finished with values: [0.4962261366852487, 0.04648354965288258] and parameters: {'psi': 0.8132828238596056, 'lda_t': 0.051971331335311365}.
[I 2025-08-09 20:52:27,939] Trial 119 finished with values: [0.5254911381245324, 0.05786832004723944] and parameters: {'psi': 0.3598371926039139, 'lda_t': 7.063990933003422e-08}.
[I 2025-08-09 20:52:33,692] Trial 120 finished with values: [0.5265928156322468, 0.07060953530476766] and parameters: {'psi': 0.3325430966000762, 'lda_t': 0.9378315249856422}.
[I 2025-08-09 20:52:39,458] Trial 121 finished with values: [0.5206740330499192, 0.059329575793533075] and parameters: {'psi': 0.967704449919472, 'lda_t': 6.982200098875545e-05}.
[I 2025-08-09 20:52:45,215] Trial 122 finished with values: [0.5205665498419714, 0.05726215329555622] and parameters: {'psi': 0.8677177407900962, 'lda_t': 0.00014905042610125413}.
[I 2025-08-09 20:52:50,985] Trial 123 finished with values: [0.5284548937008158, 0.06598680263947211] and parameters: {'psi': 0.19176428138583101, 'lda_t': 1.6707764782111085}.
