[I 2025-08-09 21:04:45,917] Trial 247 finished with values: [0.5337206912669014, 0.05502958579881657] and parameters: {'psi': 0.09318804784129875, 'lda_t': 0.006634397323872191}.
[I 2025-08-09 21:04:51,690] Trial 248 finished with values: [0.5345270521481832, 0.06209343583678297] and parameters: {'psi': 0.09318804784129875, 'lda_t': 0.16138709785556624}.
[I 2025-08-09 21:04:57,445] Trial 249 finished with values: [0.5274680408729172, 0.06919374247894103] and parameters: {'psi': 0.30997841264892056, 'lda_t': 3.7613874506846705}.
[I 2025-08-09 21:05:03,199] Trial 250 finished with values: [0.5239732296104025, 0.05737947352854185] and parameters: {'psi': 0.5662785985060151, 'lda_t': 0.00011126009743711511}.
[I 2025-08-09 21:05:08,954] Trial 251 finished with values: [0.5203094799157544, 0.07559721802237677] and parameters: {'psi': 0.45173132141405725, 'lda_t': 6.8753959402383495}.
[I 2025-08-09 21:05:14,712] Trial 252 finished with values: [0.5285299154237068, 0.066006600660066] and parameters: {'psi': 0.18554742297985027, 'lda_t': 0.24242362043502083}.
[I 2025-08-09 21:05:20,586] Trial 253 finished with values: [0.5034586705836069, 0.04360812425328554] and parameters: {'psi': 0.7104322962010458, 'lda_t': 0.07095411675044036}.
[I 2025-08-09 21:05:26,341] Trial 254 finished with values: [0.5284548937008158, 0.06598680263947211] and parameters: {'psi': 0.19176428138583101, 'lda_t': 1.7258585268790365}.
[I 2025-08-09 21:05:32,112] Trial 255 finished with values: [0.5239489215572357, 0.05680473372781065] and parameters: {'psi': 0.14739290531243054, 'lda_t': 0.0024652914158643075}.
[I 2025-08-09 21:05:37,882] Trial 256 finished with values: [0.5603479390788425, 0.06103286384976526] and parameters: {'psi': 0.022077291616979466, 'lda_t': 0.00035556304982791776}.
[I 2025-08-09 21:05:43,642] Trial 257 finished with values: [0.5177062684210259, 0.059710316287318946] and parameters: {'psi': 0.34739513831302316, 'lda_t': 0.0033172162587518195}.
[I 2025-08-09 21:05:49,410] Trial 258 finished with values: [0.5171262413959514, 0.05685218432076601] and parameters: {'psi': 0.91865415815737, 'lda_t': 0.01564325358217349}.
[I 2025-08-09 21:05:55,169] Trial 259 finished with values: [0.5223534708609793, 0.05803170804666467] and parameters: {'psi': 0.7216590157483245, 'lda_t': 1.395193451821252e-06}.
[I 2025-08-09 21:06:00,924] Trial 260 finished with values: [0.5183016888548557, 0.05859721811186742] and parameters: {'psi': 0.30997841264892056, 'lda_t': 0.003383720333559054}.
[I 2025-08-09 21:06:06,692] Trial 261 finished with values: [0.521108769978509, 0.0579538734476641] and parameters: {'psi': 0.45940817508946463, 'lda_t': 0.000960335500945797}.
[I 2025-08-09 21:06:12,456] Trial 262 finished with values: [0.5142671609992054, 0.07269395235186317] and parameters: {'psi': 0.631566998087691, 'lda_t': 1.6707764782111085}.
[I 2025-08-09 21:06:18,229] Trial 263 finished with values: [0.5354752692116888, 0.05941176470588235] and parameters: {'psi': 0.04416063590364394, 'lda_t': 0.0001206259304731938}.
[I 2025-08-09 21:06:23,992] Trial 264 finished with values: [0.5284548937008158, 0.06598680263947211] and parameters: {'psi': 0.19176428138583101, 'lda_t': 1.6707764782111085}.
[I 2025-08-09 21:06:29,763] Trial 265 finished with values: [0.5140808500057624, 0.07259304829283297] and parameters: {'psi': 0.7314962449667526, 'lda_t': 0.9378315249856422}.
[I 2025-08-09 21:06:35,521] Trial 266 finished with values: [0.5274680408729172, 0.06919374247894103] and parameters: {'psi': 0.30997841264892056, 'lda_t': 1.6707764782111085}.
[I 2025-08-09 21:06:41,286] Trial 267 finished with values: [0.5263753964204506, 0.07063084817386055] and parameters: {'psi': 0.3369961949367154, 'lda_t': 0.9378315249856422}.
[I 2025-08-09 21:06:47,046] Trial 268 finished with values: [0.5219301521202027, 0.058876003568242644] and parameters: {'psi': 0.9221085715536895, 'lda_t': 1.1274166338129011e-07}.
[I 2025-08-09 21:06:52,810] Trial 269 finished with values: [0.5239283180716707, 0.07065217391304347] and parameters: {'psi': 0.3854260135269384, 'lda_t': 3.366345046582663}.
[I 2025-08-09 21:06:58,566] Trial 270 finished with values: [0.5209201415158357, 0.06684571769621009] and parameters: {'psi': 0.40473106975067163, 'lda_t': 0.07467647296335188}.
[I 2025-08-09 21:07:04,334] Trial 271 finished with values: [0.5284548937008158, 0.06598680263947211] and parameters: {'psi': 0.19176428138583101, 'lda_t': 5.341969284366461}.
[I 2025-08-09 21:07:10,104] Trial 272 finished with values: [0.5227784135218003, 0.057919621749408984] and parameters: {'psi': 0.3652899229266622, 'lda_t': 0.0004631186711665796}.
[I 2025-08-09 21:07:15,855] Trial 273 finished with values: [0.5274680408729172, 0.06919374247894103] and parameters: {'psi': 0.30997841264892056, 'lda_t': 3.7613874506846705}.
[I 2025-08-09 21:07:21,623] Trial 274 finished with values: [0.527145405174902, 0.0589622641509434] and parameters: {'psi': 0.1973723526648946, 'lda_t': 1.0140797812874421e-07}.
[I 2025-08-09 21:07:27,395] Trial 275 finished with values: [0.525233679134138, 0.057936742536210464] and parameters: {'psi': 0.41662340467887315, 'lda_t': 1.2337098138861496e-08}.
[I 2025-08-09 21:07:33,164] Trial 276 finished with values: [0.5134131820457843, 0.07425590671985272] and parameters: {'psi': 0.9431908841476325, 'lda_t': 0.7963854765338101}.
[I 2025-08-09 21:07:38,933] Trial 277 finished with values: [0.5239348814151841, 0.05798816568047337] and parameters: {'psi': 0.5774242096487352, 'lda_t': 9.930134067758349e-05}.
[I 2025-08-09 21:07:44,693] Trial 278 finished with values: [0.5250504129907785, 0.05737947352854185] and parameters: {'psi': 0.4575237970463818, 'lda_t': 2.1616891505567253e-07}.
[I 2025-08-09 21:07:50,466] Trial 279 finished with values: [0.5370788564240019, 0.05969267139479906] and parameters: {'psi': 0.07281495913169511, 'lda_t': 3.9068364788049537}.
[I 2025-08-09 21:07:56,247] Trial 280 finished with values: [0.5138090463883079, 0.07034865782165999] and parameters: {'psi': 0.7972507286631368, 'lda_t': 9.285476037218547}.
[I 2025-08-09 21:08:02,014] Trial 281 finished with values: [0.5253730825204613, 0.05790251107828656] and parameters: {'psi': 0.38421185337199404, 'lda_t': 1.169868264065274e-07}.
[I 2025-08-09 21:08:07,779] Trial 282 finished with values: [0.5222350261927309, 0.07255139056831923] and parameters: {'psi': 0.41662340467887315, 'lda_t': 6.749511944805281}.
[I 2025-08-09 21:08:13,538] Trial 283 finished with values: [0.5883617608713116, 0.06381733021077284] and parameters: {'psi': 0.011938476389073527, 'lda_t': 0.001963237251384797}.
[I 2025-08-09 21:08:19,294] Trial 284 finished with values: [0.5451062653524936, 0.061122538936232734] and parameters: {'psi': 0.027791316793646437, 'lda_t': 5.021256502357842e-07}.
[I 2025-08-09 21:08:25,057] Trial 285 finished with values: [0.525870898593281, 0.07063084817386055] and parameters: {'psi': 0.34739513831302316, 'lda_t': 1.679218201455792}.
[I 2025-08-09 21:08:30,817] Trial 286 finished with values: [0.5283388849126343, 0.06850961538461539] and parameters: {'psi': 0.22413121190380758, 'lda_t': 1.1203446504284649}.
[I 2025-08-09 21:08:36,583] Trial 287 finished with values: [0.5204693514609724, 0.056818181818181816] and parameters: {'psi': 0.8119459010370076, 'lda_t': 8.120736788776092e-07}.
[I 2025-08-09 21:08:42,350] Trial 288 finished with values: [0.5281830055041924, 0.06913134956417193] and parameters: {'psi': 0.27863846169090645, 'lda_t': 1.6707764782111085}.
[I 2025-08-09 21:08:48,111] Trial 289 finished with values: [0.5614910096318589, 0.0604992657856094] and parameters: {'psi': 0.022077291616979466, 'lda_t': 0.5517721833023439}.
[I 2025-08-09 21:08:53,974] Trial 290 finished with values: [0.5221335988532824, 0.05787589498806683] and parameters: {'psi': 0.6945812611032477, 'lda_t': 0.00028430492256136127}.
[I 2025-08-09 21:08:59,747] Trial 291 finished with values: [0.5158872749811384, 0.06839186691312385] and parameters: {'psi': 0.8531453147999704, 'lda_t': 5.341969284366461}.
[I 2025-08-09 21:09:05,505] Trial 292 finished with values: [0.5250949016336652, 0.05956944854025361] and parameters: {'psi': 0.22731057976055558, 'lda_t': 0.00016432541202474798}.
[I 2025-08-09 21:09:11,275] Trial 293 finished with values: [0.5141152229800384, 0.074594925099358] and parameters: {'psi': 0.6613498619620791, 'lda_t': 1.679218201455792}.
[I 2025-08-09 21:09:17,026] Trial 294 finished with values: [0.5106894790669179, 0.0771586037966932] and parameters: {'psi': 0.9915000964241033, 'lda_t': 6.8753959402383495}.
[I 2025-08-09 21:09:22,796] Trial 295 finished with values: [0.5014606061271417, 0.04847396768402154] and parameters: {'psi': 0.6780212961538221, 'lda_t': 0.046023342451885454}.
[I 2025-08-09 21:09:28,553] Trial 296 finished with values: [0.5283415237827066, 0.06853020739404869] and parameters: {'psi': 0.21549605990508658, 'lda_t': 3.366345046582663}.
[I 2025-08-09 21:09:34,310] Trial 297 finished with values: [0.5774864021647125, 0.06323185011709602] and parameters: {'psi': 0.011938476389073527, 'lda_t': 7.499118612910152e-08}.
[I 2025-08-09 21:09:40,070] Trial 298 finished with values: [0.525870898593281, 0.07063084817386055] and parameters: {'psi': 0.34739513831302316, 'lda_t': 0.6854844923689363}.
[I 2025-08-09 21:09:45,828] Trial 299 finished with values: [0.5614910096318589, 0.0604992657856094] and parameters: {'psi': 0.022077291616979466, 'lda_t': 9.285476037218547}.
[I 2025-08-09 21:09:51,592] Trial 300 finished with values: [0.5284548937008158, 0.06598680263947211] and parameters: {'psi': 0.19176428138583101, 'lda_t': 1.6707764782111085}.
[I 2025-08-09 21:09:57,353] Trial 301 finished with values: [0.5240551529934826, 0.05803968018951732] and parameters: {'psi': 0.6018180392378012, 'lda_t': 4.328805675650342e-06}.
[I 2025-08-09 21:10:03,114] Trial 302 finished with values: [0.5324434104885376, 0.062351543942992874] and parameters: {'psi': 0.11434367733502604, 'lda_t': 6.8753959402383495}.
[I 2025-08-09 21:10:08,871] Trial 303 finished with values: [0.5252230390746795, 0.07129909365558912] and parameters: {'psi': 0.3609051887379704, 'lda_t': 1.5709489837161503}.
[I 2025-08-09 21:10:14,626] Trial 304 finished with values: [0.5248487593360812, 0.057885410513880686] and parameters: {'psi': 0.34739513831302316, 'lda_t': 0.000105021067906027}.
[I 2025-08-09 21:10:20,384] Trial 305 finished with values: [0.520006635743282, 0.07620199576655579] and parameters: {'psi': 0.4575237970463818, 'lda_t': 1.3782480656375837}.
[I 2025-08-09 21:10:26,154] Trial 306 finished with values: [0.5188401875079578, 0.058281296461492715] and parameters: {'psi': 0.6588805507040992, 'lda_t': 0.001963237251384797}.
[I 2025-08-09 21:10:31,906] Trial 307 finished with values: [0.5222350261927309, 0.07255139056831923] and parameters: {'psi': 0.41662340467887315, 'lda_t': 6.749511944805281}.
[I 2025-08-09 21:10:37,677] Trial 308 finished with values: [0.5138272478254738, 0.07153869873573851] and parameters: {'psi': 0.7926476156173903, 'lda_t': 3.9068364788049537}.
[I 2025-08-09 21:10:43,436] Trial 309 finished with values: [0.5271621856820289, 0.06925624811803674] and parameters: {'psi': 0.3194084783954758, 'lda_t': 0.576748928817776}.
[I 2025-08-09 21:10:49,204] Trial 310 finished with values: [0.5141022147038483, 0.07377805102981863] and parameters: {'psi': 0.7226848143658219, 'lda_t': 0.5517721833023439}.
[I 2025-08-09 21:10:54,952] Trial 311 finished with values: [0.5220581034870452, 0.05749851807943094] and parameters: {'psi': 0.30997841264892056, 'lda_t': 0.00999445574648872}.
[I 2025-08-09 21:11:00,711] Trial 312 finished with values: [0.5283415237827066, 0.06853020739404869] and parameters: {'psi': 0.21549605990508658, 'lda_t': 3.366345046582663}.
[I 2025-08-09 21:11:06,459] Trial 313 finished with values: [0.5243361926561902, 0.05737947352854185] and parameters: {'psi': 0.5732110044171873, 'lda_t': 2.684651360286376e-08}.
[I 2025-08-09 21:11:12,223] Trial 314 finished with values: [0.531407332584289, 0.06251860672819291] and parameters: {'psi': 0.12613386993699016, 'lda_t': 1.6707764782111085}.
[I 2025-08-09 21:11:17,991] Trial 315 finished with values: [0.523371431907231, 0.05955188679245283] and parameters: {'psi': 0.19176428138583101, 'lda_t': 0.00043226058092400975}.
[I 2025-08-09 21:11:23,767] Trial 316 finished with values: [0.5241618242414081, 0.07069486404833837] and parameters: {'psi': 0.3808768807475301, 'lda_t': 3.9068364788049537}.
[I 2025-08-09 21:11:29,521] Trial 317 finished with values: [0.5257734803064424, 0.05901445854234287] and parameters: {'psi': 0.30997841264892056, 'lda_t': 5.6307572312005704e-08}.
[I 2025-08-09 21:11:35,273] Trial 318 finished with values: [0.5274680408729172, 0.06919374247894103] and parameters: {'psi': 0.30997841264892056, 'lda_t': 5.980995472478118}.
[I 2025-08-09 21:11:41,043] Trial 319 finished with values: [0.5202053460428985, 0.07796917497733455] and parameters: {'psi': 0.4564884576124264, 'lda_t': 0.24242362043502083}.
[I 2025-08-09 21:11:46,809] Trial 320 finished with values: [0.527026080883296, 0.0692979813196746] and parameters: {'psi': 0.32271650048595146, 'lda_t': 1.5709489837161503}.
[I 2025-08-09 21:11:52,567] Trial 321 finished with values: [0.5283711434076857, 0.06799037304452467] and parameters: {'psi': 0.2534223466012998, 'lda_t': 1.7258585268790365}.
[I 2025-08-09 21:11:58,324] Trial 322 finished with values: [0.5251818828510508, 0.057328605200945626] and parameters: {'psi': 0.3808768807475301, 'lda_t': 3.527973058451862e-05}.
[I 2025-08-09 21:12:04,070] Trial 323 finished with values: [0.5267101607712984, 0.058979652020053085] and parameters: {'psi': 0.22413121190380758, 'lda_t': 2.423765752986978e-06}.
[I 2025-08-09 21:12:09,824] Trial 324 finished with values: [0.5223356246563231, 0.07376058041112454] and parameters: {'psi': 0.41662340467887315, 'lda_t': 0.24242362043502083}.
[I 2025-08-09 21:12:15,581] Trial 325 finished with values: [0.5211559651548032, 0.0743651753325272] and parameters: {'psi': 0.43606737625934555, 'lda_t': 6.749511944805281}.
[I 2025-08-09 21:12:21,349] Trial 326 finished with values: [0.5194553318039954, 0.05863192182410423] and parameters: {'psi': 0.30997841264892056, 'lda_t': 0.004781112949097818}.
[I 2025-08-09 21:12:27,097] Trial 327 finished with values: [0.5173050248433547, 0.05798816568047337] and parameters: {'psi': 0.4419740482761939, 'lda_t': 0.003347409002674059}.
[I 2025-08-09 21:12:32,858] Trial 328 finished with values: [0.5236988717020447, 0.05790251107828656] and parameters: {'psi': 0.38015961387043584, 'lda_t': 0.0002881569660317485}.
[I 2025-08-09 21:12:38,615] Trial 329 finished with values: [0.5285299154237068, 0.066006600660066] and parameters: {'psi': 0.18554742297985027, 'lda_t': 0.24242362043502083}.
[I 2025-08-09 21:12:44,377] Trial 330 finished with values: [0.5274722021680314, 0.06919374247894103] and parameters: {'psi': 0.3111206982660766, 'lda_t': 0.172957281173633}.
[I 2025-08-09 21:12:50,140] Trial 331 finished with values: [0.5208595151675063, 0.05686920083807243] and parameters: {'psi': 0.7889320119393012, 'lda_t': 1.297399201382411e-07}.
[I 2025-08-09 21:12:56,009] Trial 332 finished with values: [0.5283618227832634, 0.0672067206720672] and parameters: {'psi': 0.2009651392527091, 'lda_t': 1.605382366117659}.
[I 2025-08-09 21:13:01,774] Trial 333 finished with values: [0.5283771485286837, 0.06794948887552615] and parameters: {'psi': 0.2420015797763092, 'lda_t': 1.5709489837161503}.
[I 2025-08-09 21:13:07,530] Trial 334 finished with values: [0.5252333577332959, 0.057936742536210464] and parameters: {'psi': 0.41662340467887315, 'lda_t': 3.2918775767393926e-08}.
[I 2025-08-09 21:13:13,285] Trial 335 finished with values: [0.5267511309207554, 0.058979652020053085] and parameters: {'psi': 0.2228772032529116, 'lda_t': 6.685569622894066e-07}.
[I 2025-08-09 21:13:19,041] Trial 336 finished with values: [0.5283054253933832, 0.06855081178592905] and parameters: {'psi': 0.26928988361802275, 'lda_t': 1.1203446504284649}.
[I 2025-08-09 21:13:24,798] Trial 337 finished with values: [0.5261163473416792, 0.07067351253397765] and parameters: {'psi': 0.3417453938490209, 'lda_t': 0.13469874089745276}.
[I 2025-08-09 21:13:30,566] Trial 338 finished with values: [0.5145189193536102, 0.07256097560975609] and parameters: {'psi': 0.6110156221884648, 'lda_t': 0.9441637616345245}.
[I 2025-08-09 21:13:36,325] Trial 339 finished with values: [0.52546613652218, 0.057885410513880686] and parameters: {'psi': 0.3652899229266622, 'lda_t': 2.7191122308547253e-08}.
[I 2025-08-09 21:13:42,084] Trial 340 finished with values: [0.5230852667468827, 0.057936742536210464] and parameters: {'psi': 0.41662340467887315, 'lda_t': 0.00041469401700881776}.
[I 2025-08-09 21:13:47,844] Trial 341 finished with values: [0.5244752746416714, 0.05737947352854185] and parameters: {'psi': 0.4575237970463818, 'lda_t': 0.00011865211070166649}.
[I 2025-08-09 21:13:53,599] Trial 342 finished with values: [0.5222350261927309, 0.07255139056831923] and parameters: {'psi': 0.41662340467887315, 'lda_t': 0.6854844923689363}.
[I 2025-08-09 21:13:59,359] Trial 343 finished with values: [0.5176455744093613, 0.05986959098992294] and parameters: {'psi': 0.4575237970463818, 'lda_t': 0.006279062841694966}.
[I 2025-08-09 21:14:05,125] Trial 344 finished with values: [0.5153789034280292, 0.07745839636913766] and parameters: {'psi': 0.5591117731158273, 'lda_t': 0.172957281173633}.
[I 2025-08-09 21:14:10,883] Trial 345 finished with values: [0.520006635743282, 0.07620199576655579] and parameters: {'psi': 0.4575237970463818, 'lda_t': 5.8379419464387095}.
[I 2025-08-09 21:14:16,643] Trial 346 finished with values: [0.5199341513954607, 0.05961251862891207] and parameters: {'psi': 0.8993809135418389, 'lda_t': 0.0011660189450327348}.
[I 2025-08-09 21:14:22,404] Trial 347 finished with values: [0.5211794105004464, 0.0743651753325272] and parameters: {'psi': 0.4355374275062672, 'lda_t': 3.7613874506846705}.
[I 2025-08-09 21:14:28,159] Trial 348 finished with values: [0.520006635743282, 0.07620199576655579] and parameters: {'psi': 0.4575237970463818, 'lda_t': 1.1203446504284649}.
[I 2025-08-09 21:14:33,924] Trial 349 finished with values: [0.5259079950167984, 0.05951679434295816] and parameters: {'psi': 0.1633424570266926, 'lda_t': 0.0001429577510234458}.
[I 2025-08-09 21:14:39,683] Trial 350 finished with values: [0.5248975784324201, 0.057971014492753624] and parameters: {'psi': 0.48973213971612783, 'lda_t': 7.499118612910152e-08}.
[I 2025-08-09 21:14:45,447] Trial 351 finished with values: [0.521827083944876, 0.05112960760998811] and parameters: {'psi': 0.3325430966000762, 'lda_t': 0.02987423623058811}.
[I 2025-08-09 21:14:51,223] Trial 352 finished with values: [0.5161545282393014, 0.05801435406698564] and parameters: {'psi': 0.7241819824839052, 'lda_t': 0.0037565016064918127}.
[I 2025-08-09 21:14:56,976] Trial 353 finished with values: [0.5219515506499561, 0.057971014492753624] and parameters: {'psi': 0.16427342071526663, 'lda_t': 0.001963237251384797}.
[I 2025-08-09 21:15:02,759] Trial 354 finished with values: [0.5142260724389119, 0.06907184705519581] and parameters: {'psi': 0.8300655850938605, 'lda_t': 0.7407483542707127}.
[I 2025-08-09 21:15:08,521] Trial 355 finished with values: [0.5222350261927309, 0.07255139056831923] and parameters: {'psi': 0.41662340467887315, 'lda_t': 6.749511944805281}.
[I 2025-08-09 21:15:14,285] Trial 356 finished with values: [0.5200579414671891, 0.07620199576655579] and parameters: {'psi': 0.4564884576124264, 'lda_t': 6.8753959402383495}.
[I 2025-08-09 21:15:20,052] Trial 357 finished with values: [0.520407135024266, 0.057313432835820896] and parameters: {'psi': 0.8522652419601573, 'lda_t': 1.2265862223676243e-07}.
[I 2025-08-09 21:15:25,812] Trial 358 finished with values: [0.5214641039832543, 0.06166617254669434] and parameters: {'psi': 0.9963950383444977, 'lda_t': 5.213551835738069e-06}.
[I 2025-08-09 21:15:31,569] Trial 359 finished with values: [0.525619495471386, 0.05845881310894597] and parameters: {'psi': 0.3325430966000762, 'lda_t': 1.0766220023211184e-06}.
[I 2025-08-09 21:15:37,330] Trial 360 finished with values: [0.5284548937008158, 0.06598680263947211] and parameters: {'psi': 0.19176428138583101, 'lda_t': 1.6707764782111085}.
[I 2025-08-09 21:15:43,097] Trial 361 finished with values: [0.5157011162301995, 0.054038004750593824] and parameters: {'psi': 0.438057968486815, 'lda_t': 0.024014805197945677}.
[I 2025-08-09 21:15:48,843] Trial 362 finished with values: [0.5261713576331879, 0.058997050147492625] and parameters: {'psi': 0.26928988361802275, 'lda_t': 1.4502524853168572e-07}.
[I 2025-08-09 21:15:54,603] Trial 363 finished with values: [0.524717780034989, 0.05736250739207569] and parameters: {'psi': 0.5176008535661138, 'lda_t': 5.974035918340161e-06}.
[I 2025-08-09 21:16:00,368] Trial 364 finished with values: [0.5283618227832634, 0.0672067206720672] and parameters: {'psi': 0.2009651392527091, 'lda_t': 2.053615667257571}.
[I 2025-08-09 21:16:06,137] Trial 365 finished with values: [0.5152726381601148, 0.06841294298921417] and parameters: {'psi': 0.8466700750422403, 'lda_t': 1.6707764782111085}.
[I 2025-08-09 21:16:11,897] Trial 366 finished with values: [0.5155095274966117, 0.07654921020656136] and parameters: {'psi': 0.5713893096040935, 'lda_t': 0.2499265002436172}.
[I 2025-08-09 21:16:17,656] Trial 367 finished with values: [0.5252332562382931, 0.057936742536210464] and parameters: {'psi': 0.41662340467887315, 'lda_t': 6.543851889130424e-08}.
[I 2025-08-09 21:16:23,423] Trial 368 finished with values: [0.5194546720864772, 0.05856255545696539] and parameters: {'psi': 0.3489984617979691, 'lda_t': 0.0013998417115703714}.
[I 2025-08-09 21:16:29,198] Trial 369 finished with values: [0.5411429024096284, 0.05790251107828656] and parameters: {'psi': 0.052493038975883644, 'lda_t': 0.24347094706619538}.
