[I 2025-08-09 21:00:54,994] Trial 124 finished with values: [0.9758310343842361, 0.42776203966005666] and parameters: {'psi': 0.5022439915736926, 'lda_t': 0.09981249997314043}.
[I 2025-08-09 21:01:00,420] Trial 125 finished with values: [0.9777799294600935, 0.44677661169415295] and parameters: {'psi': 0.781545281627758, 'lda_t': 0.36151254477097167}.
[I 2025-08-09 21:01:05,822] Trial 126 finished with values: [0.9474923729916602, 0.23050058207217694] and parameters: {'psi': 0.5632917598510718, 'lda_t': 0.0007342223997985424}.
[I 2025-08-09 21:01:11,235] Trial 127 finished with values: [0.9761016701640322, 0.39831697054698456] and parameters: {'psi': 0.6594254567709349, 'lda_t': 0.6166959780589064}.
[I 2025-08-09 21:01:16,665] Trial 128 finished with values: [0.9383531376290084, 0.29740791268758526] and parameters: {'psi': 0.8914096803853595, 'lda_t': 0.00605457023216706}.
[I 2025-08-09 21:01:22,082] Trial 129 finished with values: [0.9347915390207587, 0.23655913978494625] and parameters: {'psi': 0.9186438316104415, 'lda_t': 0.0004918622375701715}.
[I 2025-08-09 21:01:27,508] Trial 130 finished with values: [0.9674016425448969, 0.34992887624466573] and parameters: {'psi': 0.24965373181698147, 'lda_t': 0.011394484696736996}.
[I 2025-08-09 21:01:32,907] Trial 131 finished with values: [0.9745164270362764, 0.36363636363636365] and parameters: {'psi': 0.3083078149737879, 'lda_t': 0.7974829237606231}.
[I 2025-08-09 21:01:38,328] Trial 132 finished with values: [0.9415902907628279, 0.25440806045340053] and parameters: {'psi': 0.781545281627758, 'lda_t': 1.762124698813805e-07}.
[I 2025-08-09 21:01:43,755] Trial 133 finished with values: [0.9753037311229561, 0.431784107946027] and parameters: {'psi': 0.8617449888114415, 'lda_t': 1.8084142286618425}.
[I 2025-08-09 21:01:49,178] Trial 134 finished with values: [0.9475780875494841, 0.21797752808988763] and parameters: {'psi': 0.4032065486525408, 'lda_t': 0.0002593521851212551}.
[I 2025-08-09 21:01:54,595] Trial 135 finished with values: [0.9470371334512173, 0.21603563474387527] and parameters: {'psi': 0.2538043972136602, 'lda_t': 2.1408260795389986e-06}.
[I 2025-08-09 21:02:00,020] Trial 136 finished with values: [0.975333889948857, 0.38429172510518933] and parameters: {'psi': 0.3042776764604994, 'lda_t': 0.12037866309005271}.
[I 2025-08-09 21:02:05,439] Trial 137 finished with values: [0.9464299886666305, 0.21202185792349726] and parameters: {'psi': 0.007729730297294957, 'lda_t': 0.16077463187871455}.
[I 2025-08-09 21:02:10,863] Trial 138 finished with values: [0.9493136486147574, 0.3179916317991632] and parameters: {'psi': 0.7192244272459555, 'lda_t': 0.007931821387508675}.
[I 2025-08-09 21:02:16,288] Trial 139 finished with values: [0.9711389559966858, 0.37554585152838427] and parameters: {'psi': 0.29566371343834963, 'lda_t': 0.025055095442372742}.
[I 2025-08-09 21:02:21,710] Trial 140 finished with values: [0.9645748081739942, 0.3380281690140845] and parameters: {'psi': 0.23006199181186926, 'lda_t': 0.00851274308502463}.
[I 2025-08-09 21:02:27,149] Trial 141 finished with values: [0.9587266943704583, 0.25176470588235295] and parameters: {'psi': 0.0644817250282631, 'lda_t': 0.48202008150615994}.
[I 2025-08-09 21:02:32,675] Trial 142 finished with values: [0.9470411017177833, 0.3328380386329866] and parameters: {'psi': 0.8020378915381111, 'lda_t': 0.010382284820524423}.
[I 2025-08-09 21:02:38,106] Trial 143 finished with values: [0.9625108333677248, 0.29896907216494845] and parameters: {'psi': 0.09774027524404771, 'lda_t': 0.012244771255459648}.
[I 2025-08-09 21:02:43,518] Trial 144 finished with values: [0.977313102581278, 0.41237113402061853] and parameters: {'psi': 0.7722904991501366, 'lda_t': 0.6166959780589064}.
[I 2025-08-09 21:02:48,948] Trial 145 finished with values: [0.9470438001390481, 0.21500559910414332] and parameters: {'psi': 0.4032065486525408, 'lda_t': 5.508112960383241e-05}.
[I 2025-08-09 21:02:54,351] Trial 146 finished with values: [0.9434722014990523, 0.24087591240875914] and parameters: {'psi': 0.7311303955738546, 'lda_t': 1.438828943614343e-06}.
[I 2025-08-09 21:02:59,775] Trial 147 finished with values: [0.9362480515811161, 0.24691358024691357] and parameters: {'psi': 0.8741391365707005, 'lda_t': 1.1839464411543508e-06}.
[I 2025-08-09 21:03:05,211] Trial 148 finished with values: [0.9756307162879881, 0.43851851851851853] and parameters: {'psi': 0.6526364994283578, 'lda_t': 0.09678028778198307}.
[I 2025-08-09 21:03:10,620] Trial 149 finished with values: [0.9770686573608169, 0.41389290882778584] and parameters: {'psi': 0.7362325215636469, 'lda_t': 6.474319156859696}.
[I 2025-08-09 21:03:16,038] Trial 150 finished with values: [0.9738284883444076, 0.37362637362637363] and parameters: {'psi': 0.3700166558862972, 'lda_t': 0.36151254477097167}.
[I 2025-08-09 21:03:21,475] Trial 151 finished with values: [0.9618052755723034, 0.3504273504273504] and parameters: {'psi': 0.5162209319351283, 'lda_t': 0.017610389442130024}.
[I 2025-08-09 21:03:26,897] Trial 152 finished with values: [0.9469452283975504, 0.2591194968553459] and parameters: {'psi': 0.6840359759311673, 'lda_t': 0.002708570643656409}.
[I 2025-08-09 21:03:32,315] Trial 153 finished with values: [0.9735546779513586, 0.40333796940194716] and parameters: {'psi': 0.5784865885638893, 'lda_t': 1.3123189819568812}.
[I 2025-08-09 21:03:37,746] Trial 154 finished with values: [0.9680981526925483, 0.311284046692607] and parameters: {'psi': 0.15537063523245875, 'lda_t': 0.6166959780589064}.
[I 2025-08-09 21:03:43,157] Trial 155 finished with values: [0.9735276937387104, 0.3770491803278688] and parameters: {'psi': 0.3976307044618118, 'lda_t': 6.474319156859696}.
[I 2025-08-09 21:03:48,590] Trial 156 finished with values: [0.9449777618341645, 0.23167848699763594] and parameters: {'psi': 0.6682622978117811, 'lda_t': 1.3598271830958616e-06}.
[I 2025-08-09 21:03:54,021] Trial 157 finished with values: [0.9733261057971612, 0.37815126050420167] and parameters: {'psi': 0.24203269834558783, 'lda_t': 1.8084142286618425}.
[I 2025-08-09 21:03:59,458] Trial 158 finished with values: [0.9761308766059574, 0.4402332361516035] and parameters: {'psi': 0.6083624283160816, 'lda_t': 0.09678028778198307}.
[I 2025-08-09 21:04:04,871] Trial 159 finished with values: [0.9446966498306344, 0.2319526627218935] and parameters: {'psi': 0.6822856067047911, 'lda_t': 1.2482284040015903e-08}.
[I 2025-08-09 21:04:10,315] Trial 160 finished with values: [0.9489576157384627, 0.3165266106442577] and parameters: {'psi': 0.7289426662345029, 'lda_t': 0.00789017740555708}.
[I 2025-08-09 21:04:15,744] Trial 161 finished with values: [0.9422120387683771, 0.2540880503144654] and parameters: {'psi': 0.7722904991501366, 'lda_t': 0.00028562306658333074}.
[I 2025-08-09 21:04:21,162] Trial 162 finished with values: [0.9759864317029578, 0.417910447761194] and parameters: {'psi': 0.9019574570319271, 'lda_t': 5.681229070776049}.
[I 2025-08-09 21:04:26,596] Trial 163 finished with values: [0.9438074406585417, 0.23786407766990292] and parameters: {'psi': 0.7192244272459555, 'lda_t': 3.016309656489746e-06}.
[I 2025-08-09 21:04:32,020] Trial 164 finished with values: [0.9469836412179085, 0.2153163152053274] and parameters: {'psi': 0.29566371343834963, 'lda_t': 4.3317534509582655e-07}.
[I 2025-08-09 21:04:37,463] Trial 165 finished with values: [0.9482830104222553, 0.22722159730033745] and parameters: {'psi': 0.029568201259005833, 'lda_t': 0.16077463187871455}.
[I 2025-08-09 21:04:42,907] Trial 166 finished with values: [0.9727397547293801, 0.4248062015503876] and parameters: {'psi': 0.8914096803853595, 'lda_t': 0.1562034250559523}.
[I 2025-08-09 21:04:48,318] Trial 167 finished with values: [0.9469230061047812, 0.21333333333333335] and parameters: {'psi': 0.3577426509240572, 'lda_t': 4.4182905775391105e-08}.
[I 2025-08-09 21:04:53,749] Trial 168 finished with values: [0.9348620154349696, 0.2403846153846154] and parameters: {'psi': 0.9050735583782603, 'lda_t': 7.661933478523738e-07}.
[I 2025-08-09 21:04:59,168] Trial 169 finished with values: [0.9434720427683897, 0.24087591240875914] and parameters: {'psi': 0.7311303955738546, 'lda_t': 9.76330670786901e-07}.
[I 2025-08-09 21:05:04,605] Trial 170 finished with values: [0.9469268156406846, 0.21333333333333335] and parameters: {'psi': 0.3595006137220249, 'lda_t': 1.7519889505417456e-07}.
[I 2025-08-09 21:05:10,036] Trial 171 finished with values: [0.9415926717227674, 0.2547288776796974] and parameters: {'psi': 0.781545281627758, 'lda_t': 1.013557325649775e-05}.
[I 2025-08-09 21:05:15,484] Trial 172 finished with values: [0.9376351988419012, 0.2127659574468085] and parameters: {'psi': 0.9672749132662614, 'lda_t': 0.0017701445093303379}.
[I 2025-08-09 21:05:20,933] Trial 173 finished with values: [0.9627487706310179, 0.2687651331719128] and parameters: {'psi': 0.09464865568653924, 'lda_t': 0.1562034250559523}.
[I 2025-08-09 21:05:26,349] Trial 174 finished with values: [0.9772981818989901, 0.4117647058823529] and parameters: {'psi': 0.7722904991501366, 'lda_t': 0.6923889196021193}.
[I 2025-08-09 21:05:31,775] Trial 175 finished with values: [0.9454585570112922, 0.23222748815165878] and parameters: {'psi': 0.6594254567709349, 'lda_t': 0.0002695519922841113}.
[I 2025-08-09 21:05:37,202] Trial 176 finished with values: [0.9447931580735176, 0.33136094674556216] and parameters: {'psi': 0.8564906982604793, 'lda_t': 0.011566358245361964}.
[I 2025-08-09 21:05:42,614] Trial 177 finished with values: [0.9496217448309359, 0.22916666666666666] and parameters: {'psi': 0.2862503935641607, 'lda_t': 0.0007968694137944708}.
[I 2025-08-09 21:05:48,054] Trial 178 finished with values: [0.9420104508268281, 0.2525] and parameters: {'psi': 0.7722904991501366, 'lda_t': 2.5077238699363136e-05}.
[I 2025-08-09 21:05:53,482] Trial 179 finished with values: [0.9713762583373281, 0.44084278768233387] and parameters: {'psi': 0.781545281627758, 'lda_t': 0.09678028778198307}.
[I 2025-08-09 21:05:58,926] Trial 180 finished with values: [0.9753488106311449, 0.4228395061728395] and parameters: {'psi': 0.8180976920863416, 'lda_t': 0.16077463187871455}.
[I 2025-08-09 21:06:04,342] Trial 181 finished with values: [0.9741459496696815, 0.40331491712707185] and parameters: {'psi': 0.5994804842978457, 'lda_t': 0.6166959780589064}.
[I 2025-08-09 21:06:09,761] Trial 182 finished with values: [0.9401034606459069, 0.25667090216010163] and parameters: {'psi': 0.8103983051292325, 'lda_t': 2.8519716881144043e-06}.
[I 2025-08-09 21:06:15,196] Trial 183 finished with values: [0.9744513474645952, 0.3724137931034483] and parameters: {'psi': 0.29566371343834963, 'lda_t': 2.287812215914983}.
[I 2025-08-09 21:06:20,609] Trial 184 finished with values: [0.9741015050841432, 0.40331491712707185] and parameters: {'psi': 0.6006858838072187, 'lda_t': 0.8087320759351907}.
[I 2025-08-09 21:06:26,042] Trial 185 finished with values: [0.9730468985615828, 0.41297935103244837] and parameters: {'psi': 0.380350158415131, 'lda_t': 0.043636017990349794}.
[I 2025-08-09 21:06:31,465] Trial 186 finished with values: [0.9467737992819024, 0.21970554926387317] and parameters: {'psi': 0.4878570486866436, 'lda_t': 1.962828833220764e-06}.
[I 2025-08-09 21:06:36,874] Trial 187 finished with values: [0.9742045212841947, 0.39330543933054396] and parameters: {'psi': 0.48251836897440614, 'lda_t': 6.422926291537888}.
[I 2025-08-09 21:06:42,308] Trial 188 finished with values: [0.977661992577754, 0.43258426966292135] and parameters: {'psi': 0.5388069500809345, 'lda_t': 0.1562034250559523}.
[I 2025-08-09 21:06:47,831] Trial 189 finished with values: [0.9768669106886053, 0.42199108469539376] and parameters: {'psi': 0.7908705989235436, 'lda_t': 9.382746980070959}.
[I 2025-08-09 21:06:53,258] Trial 190 finished with values: [0.9761129400410794, 0.413075780089153] and parameters: {'psi': 0.9050735583782603, 'lda_t': 5.192604595181996}.
[I 2025-08-09 21:06:58,673] Trial 191 finished with values: [0.9762830993114264, 0.40730337078651685] and parameters: {'psi': 0.673967393757089, 'lda_t': 0.7974829237606231}.
[I 2025-08-09 21:07:04,106] Trial 192 finished with values: [0.9377021831815339, 0.2534504391468005] and parameters: {'psi': 0.8499829884103821, 'lda_t': 3.276059490219205e-08}.
[I 2025-08-09 21:07:09,536] Trial 193 finished with values: [0.965027508023835, 0.2902829028290283] and parameters: {'psi': 0.11623204657110031, 'lda_t': 0.36151254477097167}.
[I 2025-08-09 21:07:14,972] Trial 194 finished with values: [0.9744935698208566, 0.386013986013986] and parameters: {'psi': 0.41358731841298635, 'lda_t': 0.16077463187871455}.
[I 2025-08-09 21:07:20,390] Trial 195 finished with values: [0.9753037311229561, 0.431784107946027] and parameters: {'psi': 0.8617449888114415, 'lda_t': 2.635426328611687}.
[I 2025-08-09 21:07:25,819] Trial 196 finished with values: [0.9456274464363378, 0.2332155477031802] and parameters: {'psi': 0.6451471108539335, 'lda_t': 0.00018519259467571642}.
[I 2025-08-09 21:07:31,260] Trial 197 finished with values: [0.9756307162879881, 0.43851851851851853] and parameters: {'psi': 0.6526364994283578, 'lda_t': 0.09678028778198307}.
[I 2025-08-09 21:07:36,682] Trial 198 finished with values: [0.9734222965787193, 0.3776223776223776] and parameters: {'psi': 0.24463614423314628, 'lda_t': 0.8087320759351907}.
[I 2025-08-09 21:07:42,120] Trial 199 finished with values: [0.9469034822332769, 0.21380846325167038] and parameters: {'psi': 0.3760535719093362, 'lda_t': 1.825137390008376e-06}.
[I 2025-08-09 21:07:47,558] Trial 200 finished with values: [0.9762265911955276, 0.438953488372093] and parameters: {'psi': 0.5784865885638893, 'lda_t': 0.09678028778198307}.
[I 2025-08-09 21:07:52,975] Trial 201 finished with values: [0.9758310343842361, 0.42776203966005666] and parameters: {'psi': 0.5022439915736926, 'lda_t': 0.09981249997314043}.
[I 2025-08-09 21:07:58,407] Trial 202 finished with values: [0.9753037311229561, 0.431784107946027] and parameters: {'psi': 0.8617449888114415, 'lda_t': 1.8084142286618425}.
[I 2025-08-09 21:08:03,831] Trial 203 finished with values: [0.9777799294600935, 0.44677661169415295] and parameters: {'psi': 0.781545281627758, 'lda_t': 0.36151254477097167}.
[I 2025-08-09 21:08:09,271] Trial 204 finished with values: [0.9666254496046018, 0.3037974683544304] and parameters: {'psi': 0.1330938334045677, 'lda_t': 0.09678028778198307}.
[I 2025-08-09 21:08:14,682] Trial 205 finished with values: [0.9764064330362953, 0.39831697054698456] and parameters: {'psi': 0.6594254567709349, 'lda_t': 1.0083262238647044}.
[I 2025-08-09 21:08:20,123] Trial 206 finished with values: [0.9455668113232106, 0.23294117647058823] and parameters: {'psi': 0.6451471108539335, 'lda_t': 0.0001312642761005588}.
[I 2025-08-09 21:08:25,543] Trial 207 finished with values: [0.9765729415014015, 0.4497751124437781] and parameters: {'psi': 0.8268466772675257, 'lda_t': 0.36151254477097167}.
[I 2025-08-09 21:08:30,971] Trial 208 finished with values: [0.9743264264330997, 0.4192546583850932] and parameters: {'psi': 0.8405958584171692, 'lda_t': 0.16077463187871455}.
[I 2025-08-09 21:08:36,405] Trial 209 finished with values: [0.9415902907628279, 0.25440806045340053] and parameters: {'psi': 0.781545281627758, 'lda_t': 6.291972637505712e-08}.
[I 2025-08-09 21:08:41,821] Trial 210 finished with values: [0.9534317569262125, 0.30851063829787234] and parameters: {'psi': 0.5784865885638893, 'lda_t': 0.00878977800596028}.
[I 2025-08-09 21:08:47,244] Trial 211 finished with values: [0.9375736113447979, 0.25699745547073793] and parameters: {'psi': 0.8617449888114415, 'lda_t': 0.0010177964548900686}.
[I 2025-08-09 21:08:52,676] Trial 212 finished with values: [0.9730521366734498, 0.3748251748251748] and parameters: {'psi': 0.23533356625536272, 'lda_t': 5.192604595181996}.
[I 2025-08-09 21:08:58,092] Trial 213 finished with values: [0.9797070784351697, 0.45673758865248226] and parameters: {'psi': 0.6594254567709349, 'lda_t': 0.15003887991539935}.
[I 2025-08-09 21:09:03,525] Trial 214 finished with values: [0.9770686573608169, 0.41389290882778584] and parameters: {'psi': 0.7362325215636469, 'lda_t': 5.681229070776049}.
[I 2025-08-09 21:09:08,949] Trial 215 finished with values: [0.977661992577754, 0.43258426966292135] and parameters: {'psi': 0.5388069500809345, 'lda_t': 0.1562034250559523}.
[I 2025-08-09 21:09:14,373] Trial 216 finished with values: [0.9770926256908752, 0.4124629080118694] and parameters: {'psi': 0.781545281627758, 'lda_t': 0.6166959780589064}.
[I 2025-08-09 21:09:19,800] Trial 217 finished with values: [0.9628311518449265, 0.36127167630057805] and parameters: {'psi': 0.5632917598510718, 'lda_t': 0.02147306929378883}.
[I 2025-08-09 21:09:25,235] Trial 218 finished with values: [0.9372956739545204, 0.25155666251556663] and parameters: {'psi': 0.8564906982604793, 'lda_t': 2.339354741271797e-08}.
[I 2025-08-09 21:09:30,672] Trial 219 finished with values: [0.9727388023454043, 0.42153846153846153] and parameters: {'psi': 0.9061801546279823, 'lda_t': 0.16077463187871455}.
[I 2025-08-09 21:09:36,114] Trial 220 finished with values: [0.9453307788278691, 0.27308192457737324] and parameters: {'psi': 0.7403418850373429, 'lda_t': 0.0029962631108748153}.
[I 2025-08-09 21:09:41,556] Trial 221 finished with values: [0.9587454245886495, 0.25176470588235295] and parameters: {'psi': 0.06461760876048406, 'lda_t': 2.635426328611687}.
[I 2025-08-09 21:09:46,993] Trial 222 finished with values: [0.9742216641957594, 0.43312101910828027] and parameters: {'psi': 0.7909402904883999, 'lda_t': 0.12037866309005271}.
[I 2025-08-09 21:09:52,524] Trial 223 finished with values: [0.9745207127641675, 0.3633879781420765] and parameters: {'psi': 0.3153024547259058, 'lda_t': 2.1949283388067746}.
[I 2025-08-09 21:09:57,960] Trial 224 finished with values: [0.9399874285315192, 0.2907608695652174] and parameters: {'psi': 0.8420716638903263, 'lda_t': 0.0034016120014636136}.
[I 2025-08-09 21:10:03,391] Trial 225 finished with values: [0.9745073793885061, 0.3641379310344828] and parameters: {'psi': 0.3079355411698401, 'lda_t': 0.247830508339986}.
[I 2025-08-09 21:10:08,811] Trial 226 finished with values: [0.9375058333518519, 0.2068206820682068] and parameters: {'psi': 0.9672749132662614, 'lda_t': 2.084360621477143e-05}.
[I 2025-08-09 21:10:14,234] Trial 227 finished with values: [0.9723772138959174, 0.41063515509601184] and parameters: {'psi': 0.437504197154869, 'lda_t': 0.0444509888741389}.
[I 2025-08-09 21:10:19,674] Trial 228 finished with values: [0.9407475896748879, 0.2563451776649746] and parameters: {'psi': 0.7987477123094087, 'lda_t': 4.053365016100707e-06}.
[I 2025-08-09 21:10:25,089] Trial 229 finished with values: [0.9467177673579916, 0.22525597269624573] and parameters: {'psi': 0.5079107981534867, 'lda_t': 3.5413000465850625e-07}.
[I 2025-08-09 21:10:30,539] Trial 230 finished with values: [0.944161568766885, 0.328928046989721] and parameters: {'psi': 0.9050735583782603, 'lda_t': 0.014348028666323486}.
[I 2025-08-09 21:10:35,960] Trial 231 finished with values: [0.9659044949349046, 0.2967581047381546] and parameters: {'psi': 0.12546881929815534, 'lda_t': 1.8084142286618425}.
[I 2025-08-09 21:10:41,384] Trial 232 finished with values: [0.9761129400410794, 0.413075780089153] and parameters: {'psi': 0.9050735583782603, 'lda_t': 5.681229070776049}.
[I 2025-08-09 21:10:46,805] Trial 233 finished with values: [0.9471525306429545, 0.22811059907834103] and parameters: {'psi': 0.5388069500809345, 'lda_t': 0.00034087791116829756}.
[I 2025-08-09 21:10:52,250] Trial 234 finished with values: [0.9416221956260177, 0.255050505050505] and parameters: {'psi': 0.781545281627758, 'lda_t': 5.703385889686851e-05}.
[I 2025-08-09 21:10:57,669] Trial 235 finished with values: [0.97598897139356, 0.4262295081967213] and parameters: {'psi': 0.8914096803853595, 'lda_t': 0.6499067469783799}.
[I 2025-08-09 21:11:03,093] Trial 236 finished with values: [0.9470077682786294, 0.21555555555555556] and parameters: {'psi': 0.27676162396060455, 'lda_t': 4.4857287561412946e-08}.
[I 2025-08-09 21:11:08,518] Trial 237 finished with values: [0.9415899733015026, 0.25440806045340053] and parameters: {'psi': 0.781545281627758, 'lda_t': 1.338481570472903e-08}.
[I 2025-08-09 21:11:13,949] Trial 238 finished with values: [0.9761132575024046, 0.4316546762589928] and parameters: {'psi': 0.5443679987871186, 'lda_t': 0.09678028778198307}.
[I 2025-08-09 21:11:19,369] Trial 239 finished with values: [0.934715348302693, 0.237125748502994] and parameters: {'psi': 0.9122572419040604, 'lda_t': 2.148731262645387e-07}.
[I 2025-08-09 21:11:24,804] Trial 240 finished with values: [0.9463096708243517, 0.24396135265700483] and parameters: {'psi': 0.6675343079343632, 'lda_t': 0.0012763852736289126}.
[I 2025-08-09 21:11:30,232] Trial 241 finished with values: [0.9683368836091543, 0.43582089552238806] and parameters: {'psi': 0.9743964891830841, 'lda_t': 0.12037866309005271}.
[I 2025-08-09 21:11:35,661] Trial 242 finished with values: [0.9745267445293476, 0.40110650069156295] and parameters: {'psi': 0.5141336455812355, 'lda_t': 5.192604595181996}.
[I 2025-08-09 21:11:41,107] Trial 243 finished with values: [0.9389742507119069, 0.2903663500678426] and parameters: {'psi': 0.8617449888114415, 'lda_t': 0.003808915326125318}.
[I 2025-08-09 21:11:46,527] Trial 244 finished with values: [0.9533979472950708, 0.30223390275952694] and parameters: {'psi': 0.5388069500809345, 'lda_t': 0.007298502963440907}.
[I 2025-08-09 21:11:51,967] Trial 245 finished with values: [0.9497103165406875, 0.3439878234398782] and parameters: {'psi': 0.7908705989235436, 'lda_t': 0.014397002554258536}.
[I 2025-08-09 21:11:57,380] Trial 246 finished with values: [0.938307423198169, 0.2563451776649746] and parameters: {'psi': 0.8420716638903263, 'lda_t': 0.0002001534264065318}.
[I 2025-08-09 21:12:02,793] Trial 247 finished with values: [0.947053482709469, 0.21603563474387527] and parameters: {'psi': 0.23934989176249966, 'lda_t': 2.5349731107306264e-06}.
