[I 2025-08-09 21:01:15,608] Trial 371 finished with values: [0.9206779290630548, 0.19329645297754638] and parameters: {'psi': 0.005899956988731803, 'lda_t': 8.321492599893032e-08}.
[I 2025-08-09 21:01:21,804] Trial 372 finished with values: [0.920684738268121, 0.19329645297754638] and parameters: {'psi': 0.005899956988731803, 'lda_t': 1.6268273022401184e-07}.
[I 2025-08-09 21:01:27,998] Trial 373 finished with values: [0.920672573832009, 0.19329645297754638] and parameters: {'psi': 0.005899956988731803, 'lda_t': 3.14652858413729e-08}.
[I 2025-08-09 21:01:34,192] Trial 374 finished with values: [0.9206755537589618, 0.19329645297754638] and parameters: {'psi': 0.005899956988731803, 'lda_t': 6.144279700067302e-08}.
[I 2025-08-09 21:01:40,362] Trial 375 finished with values: [0.8883356733677593, 0.1780905752753978] and parameters: {'psi': 0.4019720113955473, 'lda_t': 0.006303374026865597}.
[I 2025-08-09 21:01:46,537] Trial 376 finished with values: [0.8757232692994538, 0.18148375229920294] and parameters: {'psi': 0.4708594798601742, 'lda_t': 2.0807373660876722e-07}.
[I 2025-08-09 21:01:52,717] Trial 377 finished with values: [0.9049381852302439, 0.206487835308796] and parameters: {'psi': 0.48608040184341117, 'lda_t': 1.060508348530848}.
[I 2025-08-09 21:01:58,891] Trial 378 finished with values: [0.8905824807071324, 0.17666974453678055] and parameters: {'psi': 0.6391368264972094, 'lda_t': 0.013057124018589028}.
[I 2025-08-09 21:02:05,050] Trial 379 finished with values: [0.8983223011255054, 0.18985776128633272] and parameters: {'psi': 0.201910775017205, 'lda_t': 0.03181957260503477}.
[I 2025-08-09 21:02:11,226] Trial 380 finished with values: [0.8760388968281628, 0.17726991970352068] and parameters: {'psi': 0.700558296781305, 'lda_t': 0.00018794449410708687}.
[I 2025-08-09 21:02:17,397] Trial 381 finished with values: [0.9039193525237751, 0.2047930283224401] and parameters: {'psi': 0.4149594909673534, 'lda_t': 1.9866647954353365}.
[I 2025-08-09 21:02:23,574] Trial 382 finished with values: [0.9125679498923124, 0.20522388059701493] and parameters: {'psi': 0.9985076325004444, 'lda_t': 6.389497152486528}.
[I 2025-08-09 21:02:29,745] Trial 383 finished with values: [0.8759020217292818, 0.17880184331797236] and parameters: {'psi': 0.6391368264972094, 'lda_t': 2.477114324547133e-05}.
[I 2025-08-09 21:02:35,916] Trial 384 finished with values: [0.8800863142320016, 0.17755856966707767] and parameters: {'psi': 0.6683834191656857, 'lda_t': 0.0018162504333552889}.
[I 2025-08-09 21:02:42,070] Trial 385 finished with values: [0.8930145761615345, 0.17985166872682323] and parameters: {'psi': 0.9985076325004444, 'lda_t': 0.017448710552541994}.
[I 2025-08-09 21:02:48,243] Trial 386 finished with values: [0.9071051535605305, 0.19281663516068054] and parameters: {'psi': 0.015108281207082297, 'lda_t': 2.0515665121084307e-05}.
[I 2025-08-09 21:02:54,407] Trial 387 finished with values: [0.875830892168536, 0.18153940509046304] and parameters: {'psi': 0.49354784436736676, 'lda_t': 4.045447027629302e-07}.
[I 2025-08-09 21:03:00,565] Trial 388 finished with values: [0.9022333040954992, 0.19643415702220832] and parameters: {'psi': 0.9789343987648812, 'lda_t': 1.555776937734199}.
[I 2025-08-09 21:03:06,719] Trial 389 finished with values: [0.8830765197735428, 0.1941031941031941] and parameters: {'psi': 0.052476433929270705, 'lda_t': 1.027879871745928e-06}.
[I 2025-08-09 21:03:12,990] Trial 390 finished with values: [0.8759773836500476, 0.18058968058968058] and parameters: {'psi': 0.5428640441194388, 'lda_t': 1.7729773123146404e-07}.
[I 2025-08-09 21:03:19,176] Trial 391 finished with values: [0.906985697358331, 0.2109204368174727] and parameters: {'psi': 0.5933098687704802, 'lda_t': 1.9866647954353365}.
[I 2025-08-09 21:03:25,350] Trial 392 finished with values: [0.9125679498923124, 0.20522388059701493] and parameters: {'psi': 0.9985076325004444, 'lda_t': 6.389497152486528}.
[I 2025-08-09 21:03:31,537] Trial 393 finished with values: [0.920684738268121, 0.19329645297754638] and parameters: {'psi': 0.005899956988731803, 'lda_t': 1.6268273022401184e-07}.
[I 2025-08-09 21:03:37,701] Trial 394 finished with values: [0.9138895115064768, 0.18382352941176472] and parameters: {'psi': 0.0022503269269144033, 'lda_t': 0.017819610244519876}.
[I 2025-08-09 21:03:43,857] Trial 395 finished with values: [0.8911433115971414, 0.1918568784700802] and parameters: {'psi': 0.08243431582932637, 'lda_t': 0.07502590010734013}.
[I 2025-08-09 21:03:50,026] Trial 396 finished with values: [0.9032947771093816, 0.1999377141077546] and parameters: {'psi': 0.3454808410501936, 'lda_t': 6.389497152486528}.
[I 2025-08-09 21:03:56,187] Trial 397 finished with values: [0.9125679498923124, 0.20522388059701493] and parameters: {'psi': 0.9985076325004444, 'lda_t': 1.647458144737275}.
[I 2025-08-09 21:04:02,356] Trial 398 finished with values: [0.8815607734508375, 0.1801470588235294] and parameters: {'psi': 0.44570019667906235, 'lda_t': 0.0018162504333552889}.
[I 2025-08-09 21:04:08,516] Trial 399 finished with values: [0.8759173820290825, 0.18047882136279927] and parameters: {'psi': 0.611901494362082, 'lda_t': 5.7783789131324695e-08}.
[I 2025-08-09 21:04:14,690] Trial 400 finished with values: [0.8756749426579998, 0.17846153846153845] and parameters: {'psi': 0.6683834191656857, 'lda_t': 5.3447570088563376e-06}.
[I 2025-08-09 21:04:20,860] Trial 401 finished with values: [0.8756567032017228, 0.17846153846153845] and parameters: {'psi': 0.6683834191656857, 'lda_t': 1.2706241971777714e-07}.
[I 2025-08-09 21:04:27,027] Trial 402 finished with values: [0.8652003842522233, 0.17383235385091247] and parameters: {'psi': 0.9395539970868747, 'lda_t': 1.1934861592428772e-05}.
[I 2025-08-09 21:04:33,195] Trial 403 finished with values: [0.8801328557964403, 0.18249075215782984] and parameters: {'psi': 0.9967250982313952, 'lda_t': 1.4949725259267578e-07}.
[I 2025-08-09 21:04:39,355] Trial 404 finished with values: [0.8758758358011303, 0.18159509202453988] and parameters: {'psi': 0.5039651334042315, 'lda_t': 6.232538227944429e-07}.
[I 2025-08-09 21:04:45,516] Trial 405 finished with values: [0.8921126228122189, 0.17098765432098764] and parameters: {'psi': 0.6391368264972094, 'lda_t': 0.017819610244519876}.
[I 2025-08-09 21:04:51,682] Trial 406 finished with values: [0.9005716997057072, 0.19316770186335402] and parameters: {'psi': 0.21229786794584204, 'lda_t': 1.0135798919570227}.
[I 2025-08-09 21:04:57,872] Trial 407 finished with values: [0.9125679498923124, 0.20522388059701493] and parameters: {'psi': 0.9985076325004444, 'lda_t': 1.5293743379596714}.
[I 2025-08-09 21:05:04,044] Trial 408 finished with values: [0.8884096532934167, 0.1599247412982126] and parameters: {'psi': 0.9314412086224337, 'lda_t': 0.09828405429069187}.
[I 2025-08-09 21:05:10,190] Trial 409 finished with values: [0.8934747229495693, 0.1915945611866502] and parameters: {'psi': 0.11414470219099937, 'lda_t': 0.1133212956455497}.
[I 2025-08-09 21:05:16,355] Trial 410 finished with values: [0.8913093381553446, 0.1683752718235477] and parameters: {'psi': 0.7158627300795278, 'lda_t': 0.017819610244519876}.
[I 2025-08-09 21:05:22,529] Trial 411 finished with values: [0.9125679498923124, 0.20522388059701493] and parameters: {'psi': 0.9985076325004444, 'lda_t': 1.647458144737275}.
[I 2025-08-09 21:05:28,691] Trial 412 finished with values: [0.8810524295833904, 0.17616261164151525] and parameters: {'psi': 0.6621098210620203, 'lda_t': 0.002357577208809038}.
[I 2025-08-09 21:05:34,872] Trial 413 finished with values: [0.9213673574770757, 0.19274746814766416] and parameters: {'psi': 0.005899956988731803, 'lda_t': 0.0010284647585465582}.
[I 2025-08-09 21:05:41,041] Trial 414 finished with values: [0.8872450201029903, 0.17964438994481913] and parameters: {'psi': 0.5080879817437483, 'lda_t': 0.005931115248797987}.
[I 2025-08-09 21:05:47,209] Trial 415 finished with values: [0.9073854106519289, 0.21141253507951357] and parameters: {'psi': 0.6154554040537296, 'lda_t': 0.5557666097241883}.
[I 2025-08-09 21:05:53,383] Trial 416 finished with values: [0.919290535536061, 0.1953727506426735] and parameters: {'psi': 0.008445002783425304, 'lda_t': 8.916285814908319}.
[I 2025-08-09 21:05:59,548] Trial 417 finished with values: [0.9040456035352588, 0.20485678704856788] and parameters: {'psi': 0.4258045418890978, 'lda_t': 1.9866647954353365}.
[I 2025-08-09 21:06:05,712] Trial 418 finished with values: [0.8756562857240336, 0.17846153846153845] and parameters: {'psi': 0.6683834191656857, 'lda_t': 3.754288602458038e-08}.
[I 2025-08-09 21:06:11,875] Trial 419 finished with values: [0.8758783118756999, 0.17997542997542998] and parameters: {'psi': 0.6257394270390918, 'lda_t': 1.7788223029899065e-06}.
[I 2025-08-09 21:06:18,044] Trial 420 finished with values: [0.919290535536061, 0.1953727506426735] and parameters: {'psi': 0.008445002783425304, 'lda_t': 8.916285814908319}.
[I 2025-08-09 21:06:24,209] Trial 421 finished with values: [0.9072980714402219, 0.21246105919003117] and parameters: {'psi': 0.6105193072397782, 'lda_t': 8.916285814908319}.
[I 2025-08-09 21:06:30,366] Trial 422 finished with values: [0.878175835556402, 0.1829305598042215] and parameters: {'psi': 0.30642869457634914, 'lda_t': 0.0004898351212677104}.
[I 2025-08-09 21:06:36,538] Trial 423 finished with values: [0.9071492622377467, 0.21085464753587024] and parameters: {'psi': 0.6435797923822756, 'lda_t': 0.18953675791169095}.
[I 2025-08-09 21:06:42,704] Trial 424 finished with values: [0.9082228708961764, 0.1995634549423137] and parameters: {'psi': 0.9920654759748684, 'lda_t': 8.916285814908319}.
[I 2025-08-09 21:06:48,861] Trial 425 finished with values: [0.8994460215024043, 0.19035769828926905] and parameters: {'psi': 0.19054464761287926, 'lda_t': 0.5108724496949661}.
[I 2025-08-09 21:06:55,036] Trial 426 finished with values: [0.919290535536061, 0.1953727506426735] and parameters: {'psi': 0.008445002783425304, 'lda_t': 1.9394582299960414}.
[I 2025-08-09 21:07:01,204] Trial 427 finished with values: [0.9178645325207204, 0.1952] and parameters: {'psi': 0.008445002783425304, 'lda_t': 1.0673006023770696e-06}.
[I 2025-08-09 21:07:07,367] Trial 428 finished with values: [0.9000295833327935, 0.19018023617153512] and parameters: {'psi': 0.20092566615142327, 'lda_t': 6.389497152486528}.
[I 2025-08-09 21:07:13,532] Trial 429 finished with values: [0.8742679996585321, 0.16661466458658347] and parameters: {'psi': 0.8152842020919536, 'lda_t': 7.209907227503794e-05}.
[I 2025-08-09 21:07:19,698] Trial 430 finished with values: [0.8922462300684996, 0.1921289123024481] and parameters: {'psi': 0.042359635011456453, 'lda_t': 1.647458144737275}.
[I 2025-08-09 21:07:25,889] Trial 431 finished with values: [0.9213673574770757, 0.19274746814766416] and parameters: {'psi': 0.005899956988731803, 'lda_t': 6.389497152486528}.
[I 2025-08-09 21:07:32,047] Trial 432 finished with values: [0.8754547015833489, 0.17608897126969417] and parameters: {'psi': 0.7026938188480474, 'lda_t': 6.399670789583294e-06}.
[I 2025-08-09 21:07:38,324] Trial 433 finished with values: [0.9213673574770757, 0.19274746814766416] and parameters: {'psi': 0.005899956988731803, 'lda_t': 0.007739150160316704}.
[I 2025-08-09 21:07:44,498] Trial 434 finished with values: [0.919290535536061, 0.1953727506426735] and parameters: {'psi': 0.008445002783425304, 'lda_t': 0.017819610244519876}.
[I 2025-08-09 21:07:50,656] Trial 435 finished with values: [0.8754288899455395, 0.1814281336193687] and parameters: {'psi': 0.41793258669933575, 'lda_t': 1.1371301604563606e-06}.
[I 2025-08-09 21:07:56,818] Trial 436 finished with values: [0.8981859298790077, 0.19096117122851686] and parameters: {'psi': 0.898065071059498, 'lda_t': 1.060508348530848}.
[I 2025-08-09 21:08:02,972] Trial 437 finished with values: [0.9193399994443228, 0.18830525272547077] and parameters: {'psi': 0.003970087031781366, 'lda_t': 8.608173257484935}.
[I 2025-08-09 21:08:09,131] Trial 438 finished with values: [0.9080615085714647, 0.20706912730685018] and parameters: {'psi': 0.6621098210620203, 'lda_t': 1.060508348530848}.
[I 2025-08-09 21:08:15,333] Trial 439 finished with values: [0.9213673574770757, 0.19274746814766416] and parameters: {'psi': 0.005899956988731803, 'lda_t': 6.389497152486528}.
[I 2025-08-09 21:08:21,491] Trial 440 finished with values: [0.8759217871384912, 0.18053423395762971] and parameters: {'psi': 0.6105193072397782, 'lda_t': 1.6268273022401184e-07}.
[I 2025-08-09 21:08:27,654] Trial 441 finished with values: [0.8939203299973987, 0.1933889403768922] and parameters: {'psi': 0.11952144837968914, 'lda_t': 0.5557666097241883}.
[I 2025-08-09 21:08:33,816] Trial 442 finished with values: [0.8793969865884571, 0.1834862385321101] and parameters: {'psi': 0.34071864932580453, 'lda_t': 0.0008341716501040877}.
[I 2025-08-09 21:08:40,000] Trial 443 finished with values: [0.9058475524074858, 0.20954162768942938] and parameters: {'psi': 0.535126596963937, 'lda_t': 1.7434733432127927}.
[I 2025-08-09 21:08:46,161] Trial 444 finished with values: [0.8751862922208503, 0.1868702290076336] and parameters: {'psi': 0.20101465793012718, 'lda_t': 1.7828963935724078e-07}.
[I 2025-08-09 21:08:52,338] Trial 445 finished with values: [0.9033080788123019, 0.19987546699875466] and parameters: {'psi': 0.3484983890416279, 'lda_t': 0.18953675791169095}.
[I 2025-08-09 21:08:58,509] Trial 446 finished with values: [0.9045824798433854, 0.20672478206724781] and parameters: {'psi': 0.4641527360161646, 'lda_t': 6.389497152486528}.
[I 2025-08-09 21:09:04,685] Trial 447 finished with values: [0.919290535536061, 0.1953727506426735] and parameters: {'psi': 0.008445002783425304, 'lda_t': 6.389497152486528}.
[I 2025-08-09 21:09:10,849] Trial 448 finished with values: [0.9036971392269378, 0.2059738643434972] and parameters: {'psi': 0.3938451479393902, 'lda_t': 1.647458144737275}.
[I 2025-08-09 21:09:17,009] Trial 449 finished with values: [0.9076505233802621, 0.20973782771535582] and parameters: {'psi': 0.6309643157695813, 'lda_t': 0.9315167825629238}.
[I 2025-08-09 21:09:23,175] Trial 450 finished with values: [0.8951915207690111, 0.19104665825977302] and parameters: {'psi': 0.9512396753902391, 'lda_t': 8.916285814908319}.
[I 2025-08-09 21:09:29,323] Trial 451 finished with values: [0.881231729052949, 0.1836105976586568] and parameters: {'psi': 0.9985076325004444, 'lda_t': 4.512414623038481e-06}.
[I 2025-08-09 21:09:35,477] Trial 452 finished with values: [0.8759015898558105, 0.1782421634910879] and parameters: {'psi': 0.6469739537209148, 'lda_t': 3.5721163916438087e-05}.
[I 2025-08-09 21:09:41,658] Trial 453 finished with values: [0.9213673574770757, 0.19274746814766416] and parameters: {'psi': 0.005899956988731803, 'lda_t': 0.001088388427173013}.
[I 2025-08-09 21:09:47,837] Trial 454 finished with values: [0.9213673574770757, 0.19274746814766416] and parameters: {'psi': 0.005899956988731803, 'lda_t': 0.4559769110772494}.
[I 2025-08-09 21:09:54,007] Trial 455 finished with values: [0.8951472537381888, 0.18990155604953954] and parameters: {'psi': 0.9147554830371422, 'lda_t': 8.916285814908319}.
[I 2025-08-09 21:10:00,176] Trial 456 finished with values: [0.9044745690586553, 0.20672478206724781] and parameters: {'psi': 0.4607181461894839, 'lda_t': 0.18545840037253583}.
[I 2025-08-09 21:10:06,349] Trial 457 finished with values: [0.9076912778401834, 0.2098033093974399] and parameters: {'psi': 0.6337799326682935, 'lda_t': 1.8118608129458817}.
[I 2025-08-09 21:10:12,512] Trial 458 finished with values: [0.8777147818340775, 0.18243036424854606] and parameters: {'psi': 0.3599186676264654, 'lda_t': 0.0004365489878620228}.
[I 2025-08-09 21:10:18,692] Trial 459 finished with values: [0.9055345305153878, 0.20954162768942938] and parameters: {'psi': 0.5189136548975359, 'lda_t': 1.7434733432127927}.
[I 2025-08-09 21:10:24,867] Trial 460 finished with values: [0.9075012247211862, 0.2109204368174727] and parameters: {'psi': 0.6221854862200632, 'lda_t': 8.916285814908319}.
[I 2025-08-09 21:10:31,030] Trial 461 finished with values: [0.8758503552663154, 0.17829695665539502] and parameters: {'psi': 0.6505327011706953, 'lda_t': 2.6514048482885398e-05}.
[I 2025-08-09 21:10:37,215] Trial 462 finished with values: [0.919290535536061, 0.1953727506426735] and parameters: {'psi': 0.008445002783425304, 'lda_t': 8.916285814908319}.
[I 2025-08-09 21:10:43,386] Trial 463 finished with values: [0.9198963676417937, 0.1950434502735758] and parameters: {'psi': 0.007992790242440817, 'lda_t': 0.5494326391676828}.
[I 2025-08-09 21:10:49,548] Trial 464 finished with values: [0.8956115321157669, 0.19498607242339833] and parameters: {'psi': 0.1392081031746375, 'lda_t': 0.6281201557506567}.
[I 2025-08-09 21:10:55,701] Trial 465 finished with values: [0.8812654727668506, 0.1836105976586568] and parameters: {'psi': 0.9985076325004444, 'lda_t': 2.37381877173697e-05}.
[I 2025-08-09 21:11:01,875] Trial 466 finished with values: [0.8894403769161328, 0.18047882136279927] and parameters: {'psi': 0.2520517507970328, 'lda_t': 0.006330214584344365}.
[I 2025-08-09 21:11:08,047] Trial 467 finished with values: [0.9213673574770757, 0.19274746814766416] and parameters: {'psi': 0.005899956988731803, 'lda_t': 0.008346193354256595}.
[I 2025-08-09 21:11:14,222] Trial 468 finished with values: [0.9125679498923124, 0.20522388059701493] and parameters: {'psi': 0.9985076325004444, 'lda_t': 6.389497152486528}.
[I 2025-08-09 21:11:20,389] Trial 469 finished with values: [0.9125679498923124, 0.20522388059701493] and parameters: {'psi': 0.9985076325004444, 'lda_t': 1.9394582299960414}.
[I 2025-08-09 21:11:26,574] Trial 470 finished with values: [0.9081235112061808, 0.20713391739674594] and parameters: {'psi': 0.6683834191656857, 'lda_t': 2.81319392349054}.
[I 2025-08-09 21:11:32,750] Trial 471 finished with values: [0.9081235112061808, 0.20713391739674594] and parameters: {'psi': 0.6683834191656857, 'lda_t': 1.9394582299960414}.
[I 2025-08-09 21:11:38,940] Trial 472 finished with values: [0.9213673574770757, 0.19274746814766416] and parameters: {'psi': 0.005899956988731803, 'lda_t': 0.0018162504333552889}.
[I 2025-08-09 21:11:45,119] Trial 473 finished with values: [0.9213673574770757, 0.19274746814766416] and parameters: {'psi': 0.005899956988731803, 'lda_t': 0.0034397846046113232}.
[I 2025-08-09 21:11:51,304] Trial 474 finished with values: [0.9125679498923124, 0.20522388059701493] and parameters: {'psi': 0.9985076325004444, 'lda_t': 4.674925861785876}.
[I 2025-08-09 21:11:57,470] Trial 475 finished with values: [0.8759692932203496, 0.18058968058968058] and parameters: {'psi': 0.5978930390795723, 'lda_t': 3.335367228626883e-06}.
[I 2025-08-09 21:12:03,739] Trial 476 finished with values: [0.8755892589612665, 0.17750385208012326] and parameters: {'psi': 0.6804688288129939, 'lda_t': 5.810238099609573e-07}.
[I 2025-08-09 21:12:09,941] Trial 477 finished with values: [0.9213673574770757, 0.19274746814766416] and parameters: {'psi': 0.005899956988731803, 'lda_t': 6.389497152486528}.
[I 2025-08-09 21:12:16,108] Trial 478 finished with values: [0.919290535536061, 0.1953727506426735] and parameters: {'psi': 0.008445002783425304, 'lda_t': 0.017819610244519876}.
[I 2025-08-09 21:12:22,270] Trial 479 finished with values: [0.8813119135608127, 0.1836105976586568] and parameters: {'psi': 0.9985076325004444, 'lda_t': 5.4787853286505834e-05}.
[I 2025-08-09 21:12:28,415] Trial 480 finished with values: [0.9002263304905981, 0.19080174021131138] and parameters: {'psi': 0.20485137519314323, 'lda_t': 2.3822839558504514}.
[I 2025-08-09 21:12:34,580] Trial 481 finished with values: [0.8911101581103175, 0.16075949367088607] and parameters: {'psi': 0.8144506964124321, 'lda_t': 0.02471570459752733}.
[I 2025-08-09 21:12:40,735] Trial 482 finished with values: [0.8906661489943324, 0.19364785692260253] and parameters: {'psi': 0.07137958217301532, 'lda_t': 6.389497152486528}.
[I 2025-08-09 21:12:46,907] Trial 483 finished with values: [0.9076505233802621, 0.20973782771535582] and parameters: {'psi': 0.6309643157695813, 'lda_t': 0.5557666097241883}.
[I 2025-08-09 21:12:53,105] Trial 484 finished with values: [0.9207043021363774, 0.19329645297754638] and parameters: {'psi': 0.005899956988731803, 'lda_t': 3.746192377151745e-07}.
[I 2025-08-09 21:12:59,301] Trial 485 finished with values: [0.9213673574770757, 0.19274746814766416] and parameters: {'psi': 0.005899956988731803, 'lda_t': 0.003925364672626081}.
[I 2025-08-09 21:13:05,471] Trial 486 finished with values: [0.8759205203096416, 0.1852078239608802] and parameters: {'psi': 0.2895988941212453, 'lda_t': 0.00010780898430132101}.
[I 2025-08-09 21:13:11,649] Trial 487 finished with values: [0.8749471350881504, 0.1850381679389313] and parameters: {'psi': 0.27348336732610845, 'lda_t': 3.046661352548927e-08}.
[I 2025-08-09 21:13:17,820] Trial 488 finished with values: [0.9036507128287583, 0.20590979782270608] and parameters: {'psi': 0.3886108619300166, 'lda_t': 8.916285814908319}.
[I 2025-08-09 21:13:23,979] Trial 489 finished with values: [0.8905783347218065, 0.18305504019789734] and parameters: {'psi': 0.10318554357973864, 'lda_t': 0.00875295199255357}.
[I 2025-08-09 21:13:30,147] Trial 490 finished with values: [0.8947968891865937, 0.16795307193578266] and parameters: {'psi': 0.5880286693274845, 'lda_t': 0.024730878001860263}.
[I 2025-08-09 21:13:36,311] Trial 491 finished with values: [0.9038538229223754, 0.19552715654952077] and parameters: {'psi': 0.8587962505067568, 'lda_t': 6.389497152486528}.
[I 2025-08-09 21:13:42,491] Trial 492 finished with values: [0.919290535536061, 0.1953727506426735] and parameters: {'psi': 0.008445002783425304, 'lda_t': 0.017819610244519876}.
[I 2025-08-09 21:13:48,657] Trial 493 finished with values: [0.8806952990140761, 0.18137254901960784] and parameters: {'psi': 0.4332753455177003, 'lda_t': 0.0014159061737796161}.
