[I 2025-08-09 22:05:40,062] Trial 372 finished with values: [0.832927343924593, 0.15575807787903895] and parameters: {'psi': 0.6133564260807276, 'lda_t': 0.1671504987254152}.
[I 2025-08-09 22:05:45,934] Trial 373 finished with values: [0.7858464007099164, 0.12241521918941274] and parameters: {'psi': 0.6379540625828468, 'lda_t': 1.9165712249341514e-05}.
[I 2025-08-09 22:05:51,799] Trial 374 finished with values: [0.8321307418472985, 0.16476774758983348] and parameters: {'psi': 0.39688509188957066, 'lda_t': 1.3670117468278795}.
[I 2025-08-09 22:05:57,662] Trial 375 finished with values: [0.8356180561181469, 0.16791354945968412] and parameters: {'psi': 0.5848484740328913, 'lda_t': 3.0815723666000547}.
[I 2025-08-09 22:06:03,551] Trial 376 finished with values: [0.8383345229931439, 0.16202945990180032] and parameters: {'psi': 0.7974832391811464, 'lda_t': 1.2315554300595415}.
[I 2025-08-09 22:06:09,414] Trial 377 finished with values: [0.7866388461772309, 0.12201154163231658] and parameters: {'psi': 0.5848484740328913, 'lda_t': 2.242066365923838e-08}.
[I 2025-08-09 22:06:15,290] Trial 378 finished with values: [0.8333289865516553, 0.15789473684210525] and parameters: {'psi': 0.4376529065517326, 'lda_t': 9.541411591600017}.
[I 2025-08-09 22:06:21,197] Trial 379 finished with values: [0.7865291442746285, 0.12191103789126853] and parameters: {'psi': 0.5932130690967149, 'lda_t': 6.326221550046043e-07}.
[I 2025-08-09 22:06:27,058] Trial 380 finished with values: [0.7844206019847079, 0.12251655629139073] and parameters: {'psi': 0.7039301167799765, 'lda_t': 0.00020038340723860332}.
[I 2025-08-09 22:06:32,934] Trial 381 finished with values: [0.8091307517905617, 0.1440536013400335] and parameters: {'psi': 0.1326961932502324, 'lda_t': 0.13421781933920124}.
[I 2025-08-09 22:06:38,805] Trial 382 finished with values: [0.8322599227652964, 0.1646234676007005] and parameters: {'psi': 0.40050752881120677, 'lda_t': 0.9973176457974935}.
[I 2025-08-09 22:06:44,683] Trial 383 finished with values: [0.7866240127847542, 0.12211221122112212] and parameters: {'psi': 0.5848484740328913, 'lda_t': 7.932495653858554e-05}.
[I 2025-08-09 22:06:50,678] Trial 384 finished with values: [0.7861809670622075, 0.1222130470685384] and parameters: {'psi': 0.6133564260807276, 'lda_t': 0.0003508436549822881}.
[I 2025-08-09 22:06:56,553] Trial 385 finished with values: [0.8353551301613888, 0.16638935108153077] and parameters: {'psi': 0.5733812147480257, 'lda_t': 4.36652247956921}.
[I 2025-08-09 22:07:02,447] Trial 386 finished with values: [0.7851168749073932, 0.12251655629139073] and parameters: {'psi': 0.677161231120607, 'lda_t': 1.20606108945934e-07}.
[I 2025-08-09 22:07:08,315] Trial 387 finished with values: [0.7857497391523482, 0.12241521918941274] and parameters: {'psi': 0.6444386695110601, 'lda_t': 1.2105904462899078e-07}.
[I 2025-08-09 22:07:14,179] Trial 388 finished with values: [0.8356358235882563, 0.16791354945968412] and parameters: {'psi': 0.5855808757279964, 'lda_t': 2.2945237441645348}.
[I 2025-08-09 22:07:20,063] Trial 389 finished with values: [0.7866386016707616, 0.12201154163231658] and parameters: {'psi': 0.5848484740328913, 'lda_t': 1.219701191424152e-08}.
[I 2025-08-09 22:07:25,959] Trial 390 finished with values: [0.7862381000738897, 0.12191103789126853] and parameters: {'psi': 0.6133564260807276, 'lda_t': 1.8811905966400626e-06}.
[I 2025-08-09 22:07:31,856] Trial 391 finished with values: [0.8327280711520345, 0.16089965397923875] and parameters: {'psi': 0.4147499718497629, 'lda_t': 4.36652247956921}.
[I 2025-08-09 22:07:37,735] Trial 392 finished with values: [0.7866366456190065, 0.12211221122112212] and parameters: {'psi': 0.5848484740328913, 'lda_t': 6.35120082816652e-06}.
[I 2025-08-09 22:07:43,639] Trial 393 finished with values: [0.8377583842490889, 0.1631321370309951] and parameters: {'psi': 0.6832439904152489, 'lda_t': 1.2315554300595415}.
[I 2025-08-09 22:07:49,509] Trial 394 finished with values: [0.8068889534748199, 0.13367609254498714] and parameters: {'psi': 0.17532784003493185, 'lda_t': 0.01663037361452336}.
[I 2025-08-09 22:07:55,383] Trial 395 finished with values: [0.8084603965536323, 0.14202172096908938] and parameters: {'psi': 0.12878584631819934, 'lda_t': 4.7355603909575805}.
[I 2025-08-09 22:08:01,259] Trial 396 finished with values: [0.8376420806718126, 0.1605960264900662] and parameters: {'psi': 0.8578860855304938, 'lda_t': 0.6540274810639265}.
[I 2025-08-09 22:08:07,153] Trial 397 finished with values: [0.8372292722493144, 0.16707616707616707] and parameters: {'psi': 0.6499000592515263, 'lda_t': 1.7799033228688546}.
[I 2025-08-09 22:08:13,042] Trial 398 finished with values: [0.7866389276793874, 0.12201154163231658] and parameters: {'psi': 0.5848484740328913, 'lda_t': 1.620023782616337e-07}.
[I 2025-08-09 22:08:18,908] Trial 399 finished with values: [0.8384769072604891, 0.15993404781533388] and parameters: {'psi': 0.8771914183664054, 'lda_t': 8.460507459312181}.
[I 2025-08-09 22:08:24,764] Trial 400 finished with values: [0.833961443285828, 0.15359207266721717] and parameters: {'psi': 0.8771914183664054, 'lda_t': 0.28385763365885464}.
[I 2025-08-09 22:08:30,625] Trial 401 finished with values: [0.8022224660042281, 0.13432835820895522] and parameters: {'psi': 0.09789289953875535, 'lda_t': 1.2315554300595415}.
[I 2025-08-09 22:08:36,480] Trial 402 finished with values: [0.8360796843323677, 0.1672185430463576] and parameters: {'psi': 0.6054269012365726, 'lda_t': 0.6540274810639265}.
[I 2025-08-09 22:08:42,339] Trial 403 finished with values: [0.7754913887266544, 0.1151662611516626] and parameters: {'psi': 0.04136963670228522, 'lda_t': 4.209566200213384e-08}.
[I 2025-08-09 22:08:48,203] Trial 404 finished with values: [0.7923119667823291, 0.1323024054982818] and parameters: {'psi': 0.6133564260807276, 'lda_t': 0.017188333322103056}.
[I 2025-08-09 22:08:54,065] Trial 405 finished with values: [0.8356180561181469, 0.16791354945968412] and parameters: {'psi': 0.5848484740328913, 'lda_t': 1.8958138575913979}.
[I 2025-08-09 22:08:59,931] Trial 406 finished with values: [0.7880388902209963, 0.11890999174236168] and parameters: {'psi': 0.4413564519301769, 'lda_t': 0.0005671253545586266}.
[I 2025-08-09 22:09:05,797] Trial 407 finished with values: [0.8184482413220172, 0.15693430656934307] and parameters: {'psi': 0.6054269012365726, 'lda_t': 0.057314132897612814}.
[I 2025-08-09 22:09:11,671] Trial 408 finished with values: [0.8360377922239444, 0.16735708367854185] and parameters: {'psi': 0.6029460144647641, 'lda_t': 0.9557317043586784}.
[I 2025-08-09 22:09:17,527] Trial 409 finished with values: [0.8361225544666687, 0.1672185430463576] and parameters: {'psi': 0.607173623128512, 'lda_t': 0.6540274810639265}.
[I 2025-08-09 22:09:23,378] Trial 410 finished with values: [0.8285065039535882, 0.16042780748663102] and parameters: {'psi': 0.32638621712762494, 'lda_t': 3.860419468014101}.
[I 2025-08-09 22:09:29,253] Trial 411 finished with values: [0.8356358235882563, 0.16791354945968412] and parameters: {'psi': 0.5855808757279964, 'lda_t': 2.2945237441645348}.
[I 2025-08-09 22:09:35,118] Trial 412 finished with values: [0.8383383535944978, 0.16229508196721312] and parameters: {'psi': 0.8051637622396789, 'lda_t': 8.105522114561571}.
[I 2025-08-09 22:09:40,987] Trial 413 finished with values: [0.7892366459124142, 0.11677631578947369] and parameters: {'psi': 0.28233583117053485, 'lda_t': 6.938392528043753e-06}.
[I 2025-08-09 22:09:46,846] Trial 414 finished with values: [0.8343426288716171, 0.152317880794702] and parameters: {'psi': 0.5016563469179902, 'lda_t': 1.2315554300595415}.
[I 2025-08-09 22:09:52,744] Trial 415 finished with values: [0.7886151104672079, 0.11851851851851852] and parameters: {'psi': 0.3897077604974273, 'lda_t': 3.0745445758691265e-06}.
[I 2025-08-09 22:09:58,609] Trial 416 finished with values: [0.7874761178306017, 0.12036273701566365] and parameters: {'psi': 0.5077871114136895, 'lda_t': 0.0003073598394456529}.
[I 2025-08-09 22:10:04,480] Trial 417 finished with values: [0.7891611749155272, 0.11677631578947369] and parameters: {'psi': 0.30146137119506144, 'lda_t': 5.4195722099019014e-08}.
[I 2025-08-09 22:10:10,337] Trial 418 finished with values: [0.8356180561181469, 0.16791354945968412] and parameters: {'psi': 0.5848484740328913, 'lda_t': 1.2315554300595415}.
[I 2025-08-09 22:10:16,201] Trial 419 finished with values: [0.838828752069951, 0.1623860811930406] and parameters: {'psi': 0.9176826927156746, 'lda_t': 1.0589776763029735}.
[I 2025-08-09 22:10:22,072] Trial 420 finished with values: [0.8303340268080154, 0.16264521894548703] and parameters: {'psi': 0.35665401948024045, 'lda_t': 1.0589776763029735}.
[I 2025-08-09 22:10:27,923] Trial 421 finished with values: [0.8418463694130883, 0.16863406408094436] and parameters: {'psi': 0.9668640857121314, 'lda_t': 3.0815723666000547}.
[I 2025-08-09 22:10:33,784] Trial 422 finished with values: [0.8332829378332521, 0.15829787234042553] and parameters: {'psi': 0.4353767145289008, 'lda_t': 2.2945237441645348}.
[I 2025-08-09 22:10:39,736] Trial 423 finished with values: [0.7797171940372369, 0.12635078969243557] and parameters: {'psi': 0.9884564574876725, 'lda_t': 1.1132682094743858e-07}.
[I 2025-08-09 22:10:45,597] Trial 424 finished with values: [0.8318331774740427, 0.16330114135206322] and parameters: {'psi': 0.38905515869174445, 'lda_t': 3.3329512624799302}.
[I 2025-08-09 22:10:51,457] Trial 425 finished with values: [0.8206429313913216, 0.14904679376083188] and parameters: {'psi': 0.23052084851712784, 'lda_t': 1.7263993223322067}.
[I 2025-08-09 22:10:57,305] Trial 426 finished with values: [0.7833374383252806, 0.1254180602006689] and parameters: {'psi': 0.742286885543319, 'lda_t': 0.003180431063781229}.
[I 2025-08-09 22:11:03,166] Trial 427 finished with values: [0.8255219764859759, 0.15738284703801944] and parameters: {'psi': 0.28822948184125563, 'lda_t': 1.2315554300595415}.
[I 2025-08-09 22:11:09,021] Trial 428 finished with values: [0.7787383531380856, 0.12647554806070826] and parameters: {'psi': 0.8541536867709347, 'lda_t': 0.0002730377508663519}.
[I 2025-08-09 22:11:14,884] Trial 429 finished with values: [0.837199768468674, 0.16707616707616707] and parameters: {'psi': 0.6499000592515263, 'lda_t': 0.6540274810639265}.
[I 2025-08-09 22:11:20,748] Trial 430 finished with values: [0.8106633183407398, 0.14441645675902604] and parameters: {'psi': 0.1423140326233585, 'lda_t': 6.406056583468143}.
[I 2025-08-09 22:11:26,610] Trial 431 finished with values: [0.817594587735197, 0.14554794520547945] and parameters: {'psi': 0.1979325694549119, 'lda_t': 1.7799033228688546}.
[I 2025-08-09 22:11:32,456] Trial 432 finished with values: [0.7756183690864276, 0.12521150592216582] and parameters: {'psi': 0.9176826927156746, 'lda_t': 2.778511249157864e-07}.
[I 2025-08-09 22:11:38,309] Trial 433 finished with values: [0.8356045267601735, 0.16791354945968412] and parameters: {'psi': 0.5848484740328913, 'lda_t': 0.6540274810639265}.
[I 2025-08-09 22:11:44,159] Trial 434 finished with values: [0.8410932079851902, 0.16456759026028547] and parameters: {'psi': 0.960587810607807, 'lda_t': 1.5393435287387058}.
[I 2025-08-09 22:11:50,020] Trial 435 finished with values: [0.8345659447803331, 0.1546134663341646] and parameters: {'psi': 0.5216105785047151, 'lda_t': 8.105522114561571}.
[I 2025-08-09 22:11:55,883] Trial 436 finished with values: [0.7794308769615736, 0.11554109031733116] and parameters: {'psi': 0.052631203840019736, 'lda_t': 7.975765510141974e-05}.
[I 2025-08-09 22:12:01,740] Trial 437 finished with values: [0.7863521215907853, 0.12191103789126853] and parameters: {'psi': 0.6054269012365726, 'lda_t': 6.908142578048596e-08}.
[I 2025-08-09 22:12:07,591] Trial 438 finished with values: [0.8371032699154186, 0.16748768472906403] and parameters: {'psi': 0.6444386695110601, 'lda_t': 8.105522114561571}.
[I 2025-08-09 22:12:13,458] Trial 439 finished with values: [0.8217948828708059, 0.15008726003490402] and parameters: {'psi': 0.24434345566971594, 'lda_t': 9.421166218924489}.
[I 2025-08-09 22:12:19,304] Trial 440 finished with values: [0.8327280711520345, 0.16089965397923875] and parameters: {'psi': 0.4147499718497629, 'lda_t': 0.6540274810639265}.
[I 2025-08-09 22:12:25,159] Trial 441 finished with values: [0.8246720719983531, 0.17055655296229802] and parameters: {'psi': 0.4147499718497629, 'lda_t': 0.07293109184733389}.
[I 2025-08-09 22:12:31,052] Trial 442 finished with values: [0.7855067812239245, 0.12468827930174564] and parameters: {'psi': 0.6499000592515263, 'lda_t': 0.0024022447379848815}.
[I 2025-08-09 22:12:36,909] Trial 443 finished with values: [0.8380599422280113, 0.161106590724166] and parameters: {'psi': 0.7291044583430492, 'lda_t': 0.7124253738116194}.
[I 2025-08-09 22:12:42,761] Trial 444 finished with values: [0.8177928824818775, 0.16353383458646617] and parameters: {'psi': 0.8771914183664054, 'lda_t': 0.09418121625909344}.
[I 2025-08-09 22:12:48,612] Trial 445 finished with values: [0.8410932079851902, 0.16456759026028547] and parameters: {'psi': 0.960587810607807, 'lda_t': 8.105522114561571}.
[I 2025-08-09 22:12:54,469] Trial 446 finished with values: [0.7865130883498046, 0.12241521918941274] and parameters: {'psi': 0.5848484740328913, 'lda_t': 0.0007656145892253517}.
[I 2025-08-09 22:13:00,318] Trial 447 finished with values: [0.8382901043178701, 0.16136919315403422] and parameters: {'psi': 0.7736238568686249, 'lda_t': 7.1713752752441415}.
[I 2025-08-09 22:13:06,216] Trial 448 finished with values: [0.8012851912048741, 0.13256006628003314] and parameters: {'psi': 0.09403315591257522, 'lda_t': 1.7799033228688546}.
[I 2025-08-09 22:13:12,068] Trial 449 finished with values: [0.8383383535944978, 0.16229508196721312] and parameters: {'psi': 0.8051637622396789, 'lda_t': 1.4196793378986032}.
[I 2025-08-09 22:13:17,916] Trial 450 finished with values: [0.8356180561181469, 0.16791354945968412] and parameters: {'psi': 0.5848484740328913, 'lda_t': 8.105522114561571}.
[I 2025-08-09 22:13:23,767] Trial 451 finished with values: [0.8383143919604968, 0.16299918500407498] and parameters: {'psi': 0.780864106486775, 'lda_t': 1.0589776763029735}.
[I 2025-08-09 22:13:29,621] Trial 452 finished with values: [0.7763914170405034, 0.12583892617449666] and parameters: {'psi': 0.960587810607807, 'lda_t': 3.935097291400987e-06}.
[I 2025-08-09 22:13:35,480] Trial 453 finished with values: [0.7866373791384146, 0.12211221122112212] and parameters: {'psi': 0.5848484740328913, 'lda_t': 8.848563970595826e-06}.
[I 2025-08-09 22:13:41,341] Trial 454 finished with values: [0.7860650709957133, 0.12510425354462051] and parameters: {'psi': 0.6404409175415303, 'lda_t': 0.0044505377281079585}.
[I 2025-08-09 22:13:47,196] Trial 455 finished with values: [0.8266670002821603, 0.15780141843971632] and parameters: {'psi': 0.3022296625627571, 'lda_t': 8.105522114561571}.
[I 2025-08-09 22:13:53,066] Trial 456 finished with values: [0.8373687224390269, 0.1668029435813573] and parameters: {'psi': 0.6565327052075274, 'lda_t': 1.2315554300595415}.
[I 2025-08-09 22:13:59,028] Trial 457 finished with values: [0.8270604926935761, 0.15985790408525755] and parameters: {'psi': 0.3071214032092314, 'lda_t': 1.2315554300595415}.
[I 2025-08-09 22:14:04,884] Trial 458 finished with values: [0.8355923829388602, 0.16791354945968412] and parameters: {'psi': 0.5848484740328913, 'lda_t': 0.5995583289045979}.
[I 2025-08-09 22:14:10,741] Trial 459 finished with values: [0.8356180561181469, 0.16791354945968412] and parameters: {'psi': 0.5848484740328913, 'lda_t': 8.403874970995885}.
[I 2025-08-09 22:14:16,603] Trial 460 finished with values: [0.7890872524596128, 0.11677631578947369] and parameters: {'psi': 0.31801409497704913, 'lda_t': 1.0977187784930314e-07}.
[I 2025-08-09 22:14:22,455] Trial 461 finished with values: [0.838380245702921, 0.16006600660066006] and parameters: {'psi': 0.8477414794545565, 'lda_t': 9.541411591600017}.
[I 2025-08-09 22:14:28,305] Trial 462 finished with values: [0.8339769286955563, 0.15333333333333332] and parameters: {'psi': 0.4757093810173041, 'lda_t': 0.4759592229075648}.
[I 2025-08-09 22:14:34,173] Trial 463 finished with values: [0.7871376393748002, 0.12036273701566365] and parameters: {'psi': 0.543541083568776, 'lda_t': 3.903548655511875e-07}.
[I 2025-08-09 22:14:40,025] Trial 464 finished with values: [0.8079531271317908, 0.14202172096908938] and parameters: {'psi': 0.12600518635872815, 'lda_t': 0.6540274810639265}.
[I 2025-08-09 22:14:45,893] Trial 465 finished with values: [0.785763187008165, 0.12468827930174564] and parameters: {'psi': 0.6367124671329608, 'lda_t': 0.0027939599598569725}.
[I 2025-08-09 22:14:51,746] Trial 466 finished with values: [0.8381326421515787, 0.16123778501628663] and parameters: {'psi': 0.736414488705036, 'lda_t': 3.3329512624799302}.
[I 2025-08-09 22:14:57,589] Trial 467 finished with values: [0.8080058590270242, 0.14202172096908938] and parameters: {'psi': 0.12630794169434734, 'lda_t': 2.2945237441645348}.
[I 2025-08-09 22:15:03,467] Trial 468 finished with values: [0.8330425064716787, 0.1528127623845508] and parameters: {'psi': 0.45664489379989637, 'lda_t': 0.2593796726513344}.
[I 2025-08-09 22:15:09,329] Trial 469 finished with values: [0.8358033920219496, 0.16749585406301823] and parameters: {'psi': 0.5932130690967149, 'lda_t': 9.541411591600017}.
[I 2025-08-09 22:15:15,178] Trial 470 finished with values: [0.8379684153063006, 0.16422764227642275] and parameters: {'psi': 0.7039301167799765, 'lda_t': 8.105522114561571}.
[I 2025-08-09 22:15:21,036] Trial 471 finished with values: [0.8388512466651354, 0.1623860811930406] and parameters: {'psi': 0.9176826927156746, 'lda_t': 4.36652247956921}.
[I 2025-08-09 22:15:26,896] Trial 472 finished with values: [0.786639009181544, 0.12201154163231658] and parameters: {'psi': 0.5848484740328913, 'lda_t': 1.579173485428439e-07}.
[I 2025-08-09 22:15:32,757] Trial 473 finished with values: [0.7810382624913874, 0.13192612137203166] and parameters: {'psi': 0.9176826927156746, 'lda_t': 0.019126820741494254}.
[I 2025-08-09 22:15:38,614] Trial 474 finished with values: [0.786638520168605, 0.12201154163231658] and parameters: {'psi': 0.5848484740328913, 'lda_t': 1.3093966123228448e-06}.
[I 2025-08-09 22:15:44,480] Trial 475 finished with values: [0.7862385890868286, 0.12191103789126853] and parameters: {'psi': 0.6133564260807276, 'lda_t': 1.8964403338842696e-08}.
[I 2025-08-09 22:15:50,334] Trial 476 finished with values: [0.8376699544093236, 0.1617161716171617] and parameters: {'psi': 0.8453687858205082, 'lda_t': 0.6540274810639265}.
[I 2025-08-09 22:15:56,204] Trial 477 finished with values: [0.7866289029141422, 0.12211221122112212] and parameters: {'psi': 0.5855808757279964, 'lda_t': 6.421112412314133e-07}.
[I 2025-08-09 22:16:02,076] Trial 478 finished with values: [0.7765559698944073, 0.12864493996569468] and parameters: {'psi': 0.9176826927156746, 'lda_t': 0.004268268478115184}.
[I 2025-08-09 22:16:07,917] Trial 479 finished with values: [0.8232098418092045, 0.15061295971978983] and parameters: {'psi': 0.26083203779755315, 'lda_t': 4.36652247956921}.
[I 2025-08-09 22:16:13,767] Trial 480 finished with values: [0.8379684153063006, 0.16422764227642275] and parameters: {'psi': 0.7039301167799765, 'lda_t': 6.137433771210645}.
[I 2025-08-09 22:16:19,614] Trial 481 finished with values: [0.8369281217811742, 0.1676253081347576] and parameters: {'psi': 0.6379540625828468, 'lda_t': 5.762244271074246}.
[I 2025-08-09 22:16:25,473] Trial 482 finished with values: [0.8383286548378783, 0.1592775041050903] and parameters: {'psi': 0.8157083872835972, 'lda_t': 1.7799033228688546}.
[I 2025-08-09 22:16:31,316] Trial 483 finished with values: [0.8428486829333017, 0.17258883248730963] and parameters: {'psi': 0.9755412286017301, 'lda_t': 1.7799033228688546}.
[I 2025-08-09 22:16:37,177] Trial 484 finished with values: [0.7608822086823595, 0.11697806661251016] and parameters: {'psi': 0.026998310262607017, 'lda_t': 0.4759592229075648}.
[I 2025-08-09 22:16:43,051] Trial 485 finished with values: [0.8405395638363194, 0.16387959866220736] and parameters: {'psi': 0.9556221628721572, 'lda_t': 8.105522114561571}.
[I 2025-08-09 22:16:48,905] Trial 486 finished with values: [0.8383143919604968, 0.16299918500407498] and parameters: {'psi': 0.780864106486775, 'lda_t': 1.0589776763029735}.
[I 2025-08-09 22:16:54,761] Trial 487 finished with values: [0.7762652517022948, 0.12798634812286688] and parameters: {'psi': 0.9176826927156746, 'lda_t': 0.003017541728253563}.
[I 2025-08-09 22:17:00,617] Trial 488 finished with values: [0.8240502105445209, 0.1547933157431838] and parameters: {'psi': 0.2706869600691978, 'lda_t': 3.3329512624799302}.
[I 2025-08-09 22:17:06,471] Trial 489 finished with values: [0.8036049870843532, 0.13598673300165837] and parameters: {'psi': 0.1039651231743739, 'lda_t': 8.105522114561571}.
[I 2025-08-09 22:17:12,342] Trial 490 finished with values: [0.8369727849629174, 0.16748768472906403] and parameters: {'psi': 0.6396474973933348, 'lda_t': 1.2315554300595415}.
[I 2025-08-09 22:17:18,202] Trial 491 finished with values: [0.8189599933624644, 0.14629948364888123] and parameters: {'psi': 0.2119708872513778, 'lda_t': 0.4759592229075648}.
[I 2025-08-09 22:17:24,056] Trial 492 finished with values: [0.7781663710040104, 0.12719665271966527] and parameters: {'psi': 0.9743081141013763, 'lda_t': 0.00028879400442135763}.
[I 2025-08-09 22:17:29,945] Trial 493 finished with values: [0.786235655009196, 0.12191103789126853] and parameters: {'psi': 0.6133564260807276, 'lda_t': 1.7521058181300747e-05}.
[I 2025-08-09 22:17:35,800] Trial 494 finished with values: [0.8363078088683149, 0.1687344913151365] and parameters: {'psi': 0.6133564260807276, 'lda_t': 8.460507459312181}.
[I 2025-08-09 22:17:41,652] Trial 495 finished with values: [0.8079082194435782, 0.14202172096908938] and parameters: {'psi': 0.1257331754975224, 'lda_t': 1.7799033228688546}.
