[I 2025-08-09 20:34:23,381] Trial 125 finished with values: [0.8335625752291892, 0.3471837488457987] and parameters: {'psi': 0.6068234082692183, 'lda_t': 1.6336289360652079}.
[I 2025-08-09 20:34:28,796] Trial 126 finished with values: [0.7734012583898631, 0.3333333333333333] and parameters: {'psi': 0.14037756616441321, 'lda_t': 5.820827133559524e-08}.
[I 2025-08-09 20:34:34,206] Trial 127 finished with values: [0.7774597437931674, 0.33719892952720787] and parameters: {'psi': 0.6659092670510379, 'lda_t': 0.00038806106118565386}.
[I 2025-08-09 20:34:39,619] Trial 128 finished with values: [0.777651851318616, 0.3365983971504898] and parameters: {'psi': 0.3040305853777079, 'lda_t': 0.00036432428875272715}.
[I 2025-08-09 20:34:45,031] Trial 129 finished with values: [0.7765061588324911, 0.33868092691622104] and parameters: {'psi': 0.6850654637017659, 'lda_t': 1.0179643626272857e-05}.
[I 2025-08-09 20:34:50,439] Trial 130 finished with values: [0.8323245727238762, 0.34870848708487084] and parameters: {'psi': 0.5818860799116429, 'lda_t': 1.1675227033039415}.
[I 2025-08-09 20:34:55,835] Trial 131 finished with values: [0.8176626825034863, 0.3392029657089898] and parameters: {'psi': 0.6609945897396209, 'lda_t': 0.06806765206329045}.
[I 2025-08-09 20:35:01,245] Trial 132 finished with values: [0.8287005220169023, 0.3431192660550459] and parameters: {'psi': 0.46511975432200947, 'lda_t': 1.7016279030989732}.
[I 2025-08-09 20:35:06,653] Trial 133 finished with values: [0.7716006781951862, 0.3330365093499555] and parameters: {'psi': 0.060730979118764794, 'lda_t': 0.00014651140199703393}.
[I 2025-08-09 20:35:12,064] Trial 134 finished with values: [0.8268475828947716, 0.3268698060941828] and parameters: {'psi': 0.34063097462068004, 'lda_t': 0.3508831271914722}.
[I 2025-08-09 20:35:17,466] Trial 135 finished with values: [0.8323245727238762, 0.34870848708487084] and parameters: {'psi': 0.5818860799116429, 'lda_t': 1.1675227033039415}.
[I 2025-08-09 20:35:22,867] Trial 136 finished with values: [0.8384962943891661, 0.34967622571692875] and parameters: {'psi': 0.7144538886269047, 'lda_t': 1.519624334297479}.
[I 2025-08-09 20:35:28,273] Trial 137 finished with values: [0.8398322760110221, 0.34953271028037386] and parameters: {'psi': 0.8234122816387234, 'lda_t': 0.5092447454206566}.
[I 2025-08-09 20:35:33,679] Trial 138 finished with values: [0.8274521974758399, 0.33732718894009217] and parameters: {'psi': 0.3712600991917221, 'lda_t': 1.519624334297479}.
[I 2025-08-09 20:35:39,090] Trial 139 finished with values: [0.8419685630367794, 0.34392523364485983] and parameters: {'psi': 0.9109340030778432, 'lda_t': 0.583125503130615}.
[I 2025-08-09 20:35:44,499] Trial 140 finished with values: [0.7758139406526801, 0.33451957295373663] and parameters: {'psi': 0.31957115514549905, 'lda_t': 1.1009214546834387e-08}.
[I 2025-08-09 20:35:49,908] Trial 141 finished with values: [0.8291991886559008, 0.3361034164358264] and parameters: {'psi': 0.5427827291947616, 'lda_t': 0.11793350655713576}.
[I 2025-08-09 20:35:55,310] Trial 142 finished with values: [0.7689472732230027, 0.34458259325044405] and parameters: {'psi': 0.9473362582547762, 'lda_t': 5.0502085983836294e-05}.
[I 2025-08-09 20:36:00,724] Trial 143 finished with values: [0.827454497204012, 0.33732718894009217] and parameters: {'psi': 0.3713949085114505, 'lda_t': 4.303236154365797}.
[I 2025-08-09 20:36:06,131] Trial 144 finished with values: [0.8279049230334462, 0.33210332103321033] and parameters: {'psi': 0.39899784053556875, 'lda_t': 1.1675227033039415}.
[I 2025-08-09 20:36:11,538] Trial 145 finished with values: [0.8309990735839209, 0.34958601655933763] and parameters: {'psi': 0.5530803240784714, 'lda_t': 0.5092447454206566}.
[I 2025-08-09 20:36:16,945] Trial 146 finished with values: [0.7677295938968851, 0.3455031166518255] and parameters: {'psi': 0.9109340030778432, 'lda_t': 3.5486569661789466e-05}.
[I 2025-08-09 20:36:22,360] Trial 147 finished with values: [0.7803578826285059, 0.33541480820695807] and parameters: {'psi': 0.32041580007970405, 'lda_t': 0.0009316947331430193}.
[I 2025-08-09 20:36:27,770] Trial 148 finished with values: [0.8253466091470779, 0.31985294117647056] and parameters: {'psi': 0.295370874186186, 'lda_t': 0.47890522809030117}.
[I 2025-08-09 20:36:33,176] Trial 149 finished with values: [0.7778375409980028, 0.3375] and parameters: {'psi': 0.5818860799116429, 'lda_t': 0.0002230242612140253}.
[I 2025-08-09 20:36:38,580] Trial 150 finished with values: [0.8248109864111737, 0.3192660550458716] and parameters: {'psi': 0.28483007406230376, 'lda_t': 0.3508831271914722}.
[I 2025-08-09 20:36:43,984] Trial 151 finished with values: [0.8399536267836397, 0.35435992578849723] and parameters: {'psi': 0.7839744711180173, 'lda_t': 9.191672928527776}.
[I 2025-08-09 20:36:49,398] Trial 152 finished with values: [0.8390179048278354, 0.34967622571692875] and parameters: {'psi': 0.731142860586133, 'lda_t': 0.8775226479209445}.
[I 2025-08-09 20:36:54,805] Trial 153 finished with values: [0.7683347432984584, 0.34433541480820695] and parameters: {'psi': 0.9109340030778432, 'lda_t': 0.000564015373403574}.
[I 2025-08-09 20:37:00,210] Trial 154 finished with values: [0.7775229060948252, 0.33901345291479823] and parameters: {'psi': 0.7965729320443037, 'lda_t': 0.002095075752573222}.
[I 2025-08-09 20:37:05,618] Trial 155 finished with values: [0.775476736324185, 0.3345323741007194] and parameters: {'psi': 0.08050473123207558, 'lda_t': 1.519624334297479}.
[I 2025-08-09 20:37:11,122] Trial 156 finished with values: [0.7768113808947783, 0.33868092691622104] and parameters: {'psi': 0.6609945897396209, 'lda_t': 3.0341245208247114e-07}.
[I 2025-08-09 20:37:16,523] Trial 157 finished with values: [0.7744666743181654, 0.3401969561324978] and parameters: {'psi': 0.7830521233752064, 'lda_t': 1.3016050775623852e-05}.
[I 2025-08-09 20:37:21,927] Trial 158 finished with values: [0.8390179048278354, 0.34967622571692875] and parameters: {'psi': 0.731142860586133, 'lda_t': 9.191672928527776}.
[I 2025-08-09 20:37:27,330] Trial 159 finished with values: [0.8401130032941735, 0.35074626865671643] and parameters: {'psi': 0.8115692412541653, 'lda_t': 9.191672928527776}.
[I 2025-08-09 20:37:32,738] Trial 160 finished with values: [0.8293386163615926, 0.34527089072543615] and parameters: {'psi': 0.5000096652228749, 'lda_t': 1.1675227033039415}.
[I 2025-08-09 20:37:38,142] Trial 161 finished with values: [0.8400986701046353, 0.35074626865671643] and parameters: {'psi': 0.8081748226520674, 'lda_t': 4.303236154365797}.
[I 2025-08-09 20:37:43,545] Trial 162 finished with values: [0.7944004507039362, 0.3410714285714286] and parameters: {'psi': 0.5818860799116429, 'lda_t': 0.010026459112599993}.
[I 2025-08-09 20:37:48,945] Trial 163 finished with values: [0.7893046274488494, 0.34576888080072793] and parameters: {'psi': 0.9364313102809576, 'lda_t': 0.026986603473029724}.
[I 2025-08-09 20:37:54,353] Trial 164 finished with values: [0.7773347027590641, 0.3378016085790885] and parameters: {'psi': 0.5818860799116429, 'lda_t': 4.0277792706443015e-07}.
[I 2025-08-09 20:37:59,763] Trial 165 finished with values: [0.7779910344829799, 0.336] and parameters: {'psi': 0.23149962542650915, 'lda_t': 0.00044180156881738655}.
[I 2025-08-09 20:38:05,167] Trial 166 finished with values: [0.828197523331812, 0.3370165745856354] and parameters: {'psi': 0.423734465344504, 'lda_t': 0.47890522809030117}.
[I 2025-08-09 20:38:10,573] Trial 167 finished with values: [0.8399476367939821, 0.35435992578849723] and parameters: {'psi': 0.7828241575426427, 'lda_t': 1.8630265112418882}.
[I 2025-08-09 20:38:15,978] Trial 168 finished with values: [0.7760567491620165, 0.33868092691622104] and parameters: {'psi': 0.712154005690526, 'lda_t': 1.7983319072745883e-05}.
[I 2025-08-09 20:38:21,387] Trial 169 finished with values: [0.8397359548380452, 0.35435992578849723] and parameters: {'psi': 0.7828241575426427, 'lda_t': 0.47890522809030117}.
[I 2025-08-09 20:38:26,791] Trial 170 finished with values: [0.8400549217873146, 0.35228331780055916] and parameters: {'psi': 0.8081748226520674, 'lda_t': 0.583125503130615}.
[I 2025-08-09 20:38:32,191] Trial 171 finished with values: [0.7939429117617834, 0.3447653429602888] and parameters: {'psi': 0.5645696148811896, 'lda_t': 0.01846516578961869}.
[I 2025-08-09 20:38:37,591] Trial 172 finished with values: [0.7910119349474288, 0.34341637010676157] and parameters: {'psi': 0.6130548424475818, 'lda_t': 0.006903571749793437}.
[I 2025-08-09 20:38:42,996] Trial 173 finished with values: [0.7735072063319325, 0.3434704830053667] and parameters: {'psi': 0.8201567021065056, 'lda_t': 9.791962713312255e-05}.
[I 2025-08-09 20:38:48,403] Trial 174 finished with values: [0.7774496891676707, 0.3375] and parameters: {'psi': 0.5645696148811896, 'lda_t': 5.3757055200881586e-05}.
[I 2025-08-09 20:38:53,811] Trial 175 finished with values: [0.7703949788483837, 0.3318544809228039] and parameters: {'psi': 0.07395050158497773, 'lda_t': 2.0335325594890477e-08}.
[I 2025-08-09 20:38:59,214] Trial 176 finished with values: [0.7920565998401315, 0.3435804701627486] and parameters: {'psi': 0.8234122816387234, 'lda_t': 0.013833842045284579}.
[I 2025-08-09 20:39:04,616] Trial 177 finished with values: [0.8323245727238762, 0.34870848708487084] and parameters: {'psi': 0.5818860799116429, 'lda_t': 1.1675227033039415}.
[I 2025-08-09 20:39:10,026] Trial 178 finished with values: [0.7901543502674264, 0.34255129348795715] and parameters: {'psi': 0.7144538886269047, 'lda_t': 0.008277558211567976}.
[I 2025-08-09 20:39:15,435] Trial 179 finished with values: [0.8298207570469822, 0.34527089072543615] and parameters: {'psi': 0.5185350295856109, 'lda_t': 0.47890522809030117}.
[I 2025-08-09 20:39:20,840] Trial 180 finished with values: [0.8349985682855077, 0.3456561922365989] and parameters: {'psi': 0.6360316143896312, 'lda_t': 1.519624334297479}.
[I 2025-08-09 20:39:26,245] Trial 181 finished with values: [0.7773257177745777, 0.3378016085790885] and parameters: {'psi': 0.5645696148811896, 'lda_t': 1.940939851738488e-07}.
[I 2025-08-09 20:39:31,652] Trial 182 finished with values: [0.8419685630367794, 0.34392523364485983] and parameters: {'psi': 0.9109340030778432, 'lda_t': 0.583125503130615}.
[I 2025-08-09 20:39:37,063] Trial 183 finished with values: [0.7571185946286265, 0.3291814946619217] and parameters: {'psi': 0.024315354220024288, 'lda_t': 0.00048653808211961835}.
[I 2025-08-09 20:39:42,466] Trial 184 finished with values: [0.7773587696817956, 0.3375] and parameters: {'psi': 0.5818860799116429, 'lda_t': 9.202643834017563e-06}.
[I 2025-08-09 20:39:47,873] Trial 185 finished with values: [0.7734136662255824, 0.3333333333333333] and parameters: {'psi': 0.1406353665778921, 'lda_t': 2.753179820522655e-07}.
[I 2025-08-09 20:39:53,266] Trial 186 finished with values: [0.8436550125356579, 0.35304990757855825] and parameters: {'psi': 0.9766795139026127, 'lda_t': 0.3746870695694132}.
[I 2025-08-09 20:39:58,773] Trial 187 finished with values: [0.7930023764214327, 0.3404634581105169] and parameters: {'psi': 0.5818860799116429, 'lda_t': 0.008087451022640172}.
[I 2025-08-09 20:40:04,192] Trial 188 finished with values: [0.7750235294281239, 0.33451957295373663] and parameters: {'psi': 0.24105088516876017, 'lda_t': 9.92740468727073e-08}.
[I 2025-08-09 20:40:09,595] Trial 189 finished with values: [0.8399536267836397, 0.35435992578849723] and parameters: {'psi': 0.7839744711180173, 'lda_t': 6.2301590800376205}.
[I 2025-08-09 20:40:15,005] Trial 190 finished with values: [0.8398322760110221, 0.34953271028037386] and parameters: {'psi': 0.8234122816387234, 'lda_t': 0.5092447454206566}.
[I 2025-08-09 20:40:20,406] Trial 191 finished with values: [0.8201803500314635, 0.3314814814814815] and parameters: {'psi': 0.43295980691124925, 'lda_t': 0.0539778833082307}.
[I 2025-08-09 20:40:25,810] Trial 192 finished with values: [0.8388814186349219, 0.35] and parameters: {'psi': 0.7270237289809364, 'lda_t': 0.5092447454206566}.
[I 2025-08-09 20:40:31,209] Trial 193 finished with values: [0.8322599129248038, 0.34838709677419355] and parameters: {'psi': 0.5818860799116429, 'lda_t': 0.357085362670935}.
[I 2025-08-09 20:40:36,619] Trial 194 finished with values: [0.7773371629333876, 0.3375] and parameters: {'psi': 0.5645696148811896, 'lda_t': 3.7166246877338084e-06}.
[I 2025-08-09 20:40:42,024] Trial 195 finished with values: [0.7744568871029212, 0.3401969561324978] and parameters: {'psi': 0.7828241575426427, 'lda_t': 1.026412672235722e-06}.
[I 2025-08-09 20:40:47,420] Trial 196 finished with values: [0.8118574198483227, 0.34349030470914127] and parameters: {'psi': 0.7144538886269047, 'lda_t': 0.06380771159125131}.
[I 2025-08-09 20:40:52,826] Trial 197 finished with values: [0.7744598286156995, 0.3401969561324978] and parameters: {'psi': 0.7828241575426427, 'lda_t': 3.4827085260244813e-06}.
[I 2025-08-09 20:40:58,224] Trial 198 finished with values: [0.8379481568534414, 0.3497674418604651] and parameters: {'psi': 0.8120602170096034, 'lda_t': 0.2855270187933161}.
[I 2025-08-09 20:41:03,641] Trial 199 finished with values: [0.8407855935614457, 0.33676333021515437] and parameters: {'psi': 0.912151563754946, 'lda_t': 0.3746870695694132}.
[I 2025-08-09 20:41:09,045] Trial 200 finished with values: [0.7793604423864076, 0.34050179211469533] and parameters: {'psi': 0.7828241575426427, 'lda_t': 0.0028157093760085962}.
[I 2025-08-09 20:41:14,448] Trial 201 finished with values: [0.8390179048278354, 0.34967622571692875] and parameters: {'psi': 0.731142860586133, 'lda_t': 1.4708779654940933}.
[I 2025-08-09 20:41:19,857] Trial 202 finished with values: [0.8264979707305573, 0.3268698060941828] and parameters: {'psi': 0.3273329370749115, 'lda_t': 5.036600112312533}.
[I 2025-08-09 20:41:25,262] Trial 203 finished with values: [0.8398322760110221, 0.34953271028037386] and parameters: {'psi': 0.8234122816387234, 'lda_t': 0.5092447454206566}.
[I 2025-08-09 20:41:30,672] Trial 204 finished with values: [0.777330852051427, 0.3375] and parameters: {'psi': 0.5645696148811896, 'lda_t': 1.7493825138801688e-06}.
[I 2025-08-09 20:41:36,077] Trial 205 finished with values: [0.8323245727238762, 0.34870848708487084] and parameters: {'psi': 0.5818860799116429, 'lda_t': 9.671972716544468}.
[I 2025-08-09 20:41:41,484] Trial 206 finished with values: [0.805897594067172, 0.32700993676603435] and parameters: {'psi': 0.1676486087257335, 'lda_t': 0.357085362670935}.
[I 2025-08-09 20:41:46,898] Trial 207 finished with values: [0.8401027882225252, 0.3479887745556595] and parameters: {'psi': 0.8234122816387234, 'lda_t': 9.191672928527776}.
[I 2025-08-09 20:41:52,315] Trial 208 finished with values: [0.7772557632525045, 0.33719892952720787] and parameters: {'psi': 0.6099950732006589, 'lda_t': 1.018453536750607e-06}.
[I 2025-08-09 20:41:57,720] Trial 209 finished with values: [0.7756880973878191, 0.3392857142857143] and parameters: {'psi': 0.731142860586133, 'lda_t': 7.923286336817236e-06}.
[I 2025-08-09 20:42:03,131] Trial 210 finished with values: [0.7827213079227988, 0.3464991023339318] and parameters: {'psi': 0.8798833712811945, 'lda_t': 0.007803332973673208}.
[I 2025-08-09 20:42:08,538] Trial 211 finished with values: [0.8398322760110221, 0.34953271028037386] and parameters: {'psi': 0.8234122816387234, 'lda_t': 0.5092447454206566}.
[I 2025-08-09 20:42:13,939] Trial 212 finished with values: [0.8436550125356579, 0.35304990757855825] and parameters: {'psi': 0.9766795139026127, 'lda_t': 0.3746870695694132}.
[I 2025-08-09 20:42:19,349] Trial 213 finished with values: [0.8399476367939821, 0.35435992578849723] and parameters: {'psi': 0.7828241575426427, 'lda_t': 6.2301590800376205}.
[I 2025-08-09 20:42:24,755] Trial 214 finished with values: [0.7838932066136759, 0.34618834080717487] and parameters: {'psi': 0.9078501340695221, 'lda_t': 0.0104092828561968}.
[I 2025-08-09 20:42:30,156] Trial 215 finished with values: [0.8269858339953519, 0.32995391705069127] and parameters: {'psi': 0.347090693374943, 'lda_t': 0.357085362670935}.
[I 2025-08-09 20:42:35,566] Trial 216 finished with values: [0.7773446504204599, 0.3375] and parameters: {'psi': 0.5645696148811896, 'lda_t': 5.743350400534909e-06}.
[I 2025-08-09 20:42:40,965] Trial 217 finished with values: [0.7747481503500239, 0.34050179211469533] and parameters: {'psi': 0.7828241575426427, 'lda_t': 0.00021795940412800267}.
[I 2025-08-09 20:42:46,374] Trial 218 finished with values: [0.8387532221598384, 0.34967622571692875] and parameters: {'psi': 0.7223978558390419, 'lda_t': 2.052131398088224}.
[I 2025-08-09 20:42:51,777] Trial 219 finished with values: [0.827334376518556, 0.3351749539594843] and parameters: {'psi': 0.3644030959831803, 'lda_t': 0.357085362670935}.
[I 2025-08-09 20:42:57,183] Trial 220 finished with values: [0.7744558174619108, 0.3401969561324978] and parameters: {'psi': 0.7828241575426427, 'lda_t': 2.0299058489577431e-07}.
[I 2025-08-09 20:43:02,591] Trial 221 finished with values: [0.8397359548380452, 0.35435992578849723] and parameters: {'psi': 0.7828241575426427, 'lda_t': 0.47890522809030117}.
[I 2025-08-09 20:43:08,105] Trial 222 finished with values: [0.8390564653862566, 0.35] and parameters: {'psi': 0.731142860586133, 'lda_t': 0.583125503130615}.
[I 2025-08-09 20:43:13,505] Trial 223 finished with values: [0.8400986701046353, 0.35074626865671643] and parameters: {'psi': 0.8081748226520674, 'lda_t': 2.052131398088224}.
[I 2025-08-09 20:43:18,907] Trial 224 finished with values: [0.7742171270704641, 0.3434704830053667] and parameters: {'psi': 0.7926467631971984, 'lda_t': 1.7361809820147422e-05}.
[I 2025-08-09 20:43:24,320] Trial 225 finished with values: [0.7908848081133554, 0.34594594594594597] and parameters: {'psi': 0.8234122816387234, 'lda_t': 0.011953707054382945}.
[I 2025-08-09 20:43:29,725] Trial 226 finished with values: [0.7771707802742367, 0.3375] and parameters: {'psi': 0.505472410420336, 'lda_t': 1.7417569584593276e-05}.
[I 2025-08-09 20:43:35,134] Trial 227 finished with values: [0.8328298711371385, 0.34750462107208874] and parameters: {'psi': 0.591943615144699, 'lda_t': 0.6497278385183791}.
[I 2025-08-09 20:43:40,539] Trial 228 finished with values: [0.7733784215542931, 0.3434704830053667] and parameters: {'psi': 0.8201567021065056, 'lda_t': 1.7360715219763102e-07}.
[I 2025-08-09 20:43:45,944] Trial 229 finished with values: [0.8337087416732458, 0.3471837488457987] and parameters: {'psi': 0.6089995523123688, 'lda_t': 0.5122300618476068}.
[I 2025-08-09 20:43:51,351] Trial 230 finished with values: [0.8399476367939821, 0.35435992578849723] and parameters: {'psi': 0.7828241575426427, 'lda_t': 1.519624334297479}.
[I 2025-08-09 20:43:56,755] Trial 231 finished with values: [0.8329994627193206, 0.34750462107208874] and parameters: {'psi': 0.5951833874471137, 'lda_t': 7.783002786362711}.
[I 2025-08-09 20:44:02,173] Trial 232 finished with values: [0.7975231606693857, 0.33062330623306235] and parameters: {'psi': 0.1424536279201032, 'lda_t': 9.191672928527776}.
[I 2025-08-09 20:44:07,574] Trial 233 finished with values: [0.8394241544835446, 0.34726090993500464] and parameters: {'psi': 0.7531343614653718, 'lda_t': 0.47890522809030117}.
[I 2025-08-09 20:44:12,983] Trial 234 finished with values: [0.7817617329724649, 0.34470377019748655] and parameters: {'psi': 0.8120602170096034, 'lda_t': 0.004808550331220861}.
[I 2025-08-09 20:44:18,396] Trial 235 finished with values: [0.8324699904192254, 0.3471837488457987] and parameters: {'psi': 0.5847793798934207, 'lda_t': 1.7660826170712913}.
[I 2025-08-09 20:44:23,812] Trial 236 finished with values: [0.7627744819167026, 0.33184656556645853] and parameters: {'psi': 0.03951257961453747, 'lda_t': 6.2301590800376205}.
[I 2025-08-09 20:44:29,224] Trial 237 finished with values: [0.7882855804583433, 0.3384064458370636] and parameters: {'psi': 0.22403853792039552, 'lda_t': 0.006192389851308685}.
[I 2025-08-09 20:44:34,631] Trial 238 finished with values: [0.8328648483981751, 0.34750462107208874] and parameters: {'psi': 0.591943615144699, 'lda_t': 0.5005377830291451}.
[I 2025-08-09 20:44:40,037] Trial 239 finished with values: [0.7912601451438672, 0.33122171945701356] and parameters: {'psi': 0.12493345507506215, 'lda_t': 0.583125503130615}.
[I 2025-08-09 20:44:45,447] Trial 240 finished with values: [0.7758372053446538, 0.3389830508474576] and parameters: {'psi': 0.7406576086520126, 'lda_t': 0.00024014384285384215}.
[I 2025-08-09 20:44:50,853] Trial 241 finished with values: [0.8293971257248556, 0.33146067415730335] and parameters: {'psi': 0.5818860799116429, 'lda_t': 0.08389367382583746}.
[I 2025-08-09 20:44:56,254] Trial 242 finished with values: [0.8390051226177624, 0.35097493036211697] and parameters: {'psi': 0.7839744711180173, 'lda_t': 0.357085362670935}.
[I 2025-08-09 20:45:01,659] Trial 243 finished with values: [0.8400686131922462, 0.35348837209302325] and parameters: {'psi': 0.8009033683408329, 'lda_t': 3.092393585604402}.
[I 2025-08-09 20:45:07,068] Trial 244 finished with values: [0.8399927756446164, 0.35435992578849723] and parameters: {'psi': 0.7888164366715184, 'lda_t': 6.2301590800376205}.
[I 2025-08-09 20:45:12,473] Trial 245 finished with values: [0.7744554430875573, 0.3401969561324978] and parameters: {'psi': 0.7828241575426427, 'lda_t': 5.826328157567418e-08}.
[I 2025-08-09 20:45:17,880] Trial 246 finished with values: [0.8400986701046353, 0.35074626865671643] and parameters: {'psi': 0.8081748226520674, 'lda_t': 4.245916946119493}.
[I 2025-08-09 20:45:23,284] Trial 247 finished with values: [0.8391191998315102, 0.3500931098696462] and parameters: {'psi': 0.8121687952958723, 'lda_t': 0.3746870695694132}.
[I 2025-08-09 20:45:28,692] Trial 248 finished with values: [0.7676113450831972, 0.34581105169340465] and parameters: {'psi': 0.9160551645789597, 'lda_t': 9.896266730059451e-05}.
[I 2025-08-09 20:45:34,100] Trial 249 finished with values: [0.8443020383827841, 0.34967622571692875] and parameters: {'psi': 0.9665982152739746, 'lda_t': 9.191672928527776}.
