[I 2025-08-09 21:09:17,756] Trial 496 finished with values: [0.8271407631366522, 0.34237995824634654] and parameters: {'psi': 0.9210527182502124, 'lda_t': 3.353309022799942}.
[I 2025-08-09 21:09:23,346] Trial 497 finished with values: [0.778581553341744, 0.34955312810327704] and parameters: {'psi': 0.9210527182502124, 'lda_t': 1.4253786838963306e-07}.
[I 2025-08-09 21:09:28,925] Trial 498 finished with values: [0.8195774302383472, 0.3665987780040733] and parameters: {'psi': 0.5697622526417162, 'lda_t': 8.74563298456385}.
[I 2025-08-09 21:09:34,519] Trial 499 finished with values: [0.7827801220979974, 0.3455083909180652] and parameters: {'psi': 0.023526407457355014, 'lda_t': 0.00010728392077698872}.
