[I 2025-08-09 21:41:23,236] Trial 124 finished with values: [0.8287440827396851, 0.16042780748663102] and parameters: {'psi': 0.3299180112787713, 'lda_t': 0.3860973953511974}.
[I 2025-08-09 21:41:29,126] Trial 125 finished with values: [0.7862385075846722, 0.12191103789126853] and parameters: {'psi': 0.6133564260807276, 'lda_t': 3.8754038883374045e-08}.
[I 2025-08-09 21:41:34,973] Trial 126 finished with values: [0.8388512466651354, 0.1623860811930406] and parameters: {'psi': 0.9176826927156746, 'lda_t': 4.36652247956921}.
[I 2025-08-09 21:41:40,848] Trial 127 finished with values: [0.8165317181127294, 0.147008547008547] and parameters: {'psi': 0.1877372293246915, 'lda_t': 0.6540274810639265}.
[I 2025-08-09 21:41:46,727] Trial 128 finished with values: [0.7785572553464193, 0.1248945147679325] and parameters: {'psi': 0.8578860855304938, 'lda_t': 4.716906696894015e-05}.
[I 2025-08-09 21:41:52,571] Trial 129 finished with values: [0.8021867680596961, 0.14848762603116408] and parameters: {'psi': 0.8238612647336171, 'lda_t': 0.053328234512369774}.
[I 2025-08-09 21:41:58,441] Trial 130 finished with values: [0.7791482274829511, 0.1267723102585488] and parameters: {'psi': 0.9825656612241817, 'lda_t': 0.00012002839976488001}.
[I 2025-08-09 21:42:04,334] Trial 131 finished with values: [0.8080538637971822, 0.14516129032258066] and parameters: {'psi': 0.5275165232282134, 'lda_t': 0.03640883357103345}.
[I 2025-08-09 21:42:10,220] Trial 132 finished with values: [0.7888077000629361, 0.11890999174236168] and parameters: {'psi': 0.34418456295017474, 'lda_t': 0.0007333946916516476}.
[I 2025-08-09 21:42:16,110] Trial 133 finished with values: [0.8356045267601735, 0.16791354945968412] and parameters: {'psi': 0.5848484740328913, 'lda_t': 0.6540274810639265}.
[I 2025-08-09 21:42:21,960] Trial 134 finished with values: [0.7837438895795745, 0.1230257689110557] and parameters: {'psi': 0.7252986550772929, 'lda_t': 0.0006221904620335279}.
[I 2025-08-09 21:42:27,818] Trial 135 finished with values: [0.8200734758240968, 0.15707762557077626] and parameters: {'psi': 0.6054269012365726, 'lda_t': 0.06008117064038608}.
[I 2025-08-09 21:42:33,668] Trial 136 finished with values: [0.8380815402994748, 0.16123778501628663] and parameters: {'psi': 0.7252986550772929, 'lda_t': 8.105522114561571}.
[I 2025-08-09 21:42:39,551] Trial 137 finished with values: [0.8048698190505423, 0.1343669250645995] and parameters: {'psi': 0.18442389609764298, 'lda_t': 0.014903363171128836}.
[I 2025-08-09 21:42:45,443] Trial 138 finished with values: [0.787619724630294, 0.12086092715231789] and parameters: {'psi': 0.4800378032599051, 'lda_t': 0.0010042049329775727}.
[I 2025-08-09 21:42:51,316] Trial 139 finished with values: [0.7256048152778074, 0.11510791366906475] and parameters: {'psi': 0.01140533331273308, 'lda_t': 5.762244271074246}.
[I 2025-08-09 21:42:57,207] Trial 140 finished with values: [0.8383788601662612, 0.15993404781533388] and parameters: {'psi': 0.8443996238982518, 'lda_t': 7.257003281009879}.
[I 2025-08-09 21:43:03,061] Trial 141 finished with values: [0.7761733987719581, 0.12531752751905165] and parameters: {'psi': 0.9073043125349556, 'lda_t': 5.808948195740602e-06}.
[I 2025-08-09 21:43:08,920] Trial 142 finished with values: [0.779984358106131, 0.12809564474807855] and parameters: {'psi': 0.8502908033102472, 'lda_t': 0.005729633258668951}.
[I 2025-08-09 21:43:14,766] Trial 143 finished with values: [0.7995606870762194, 0.14903403863845446] and parameters: {'psi': 0.8578860855304938, 'lda_t': 0.05300738006275084}.
[I 2025-08-09 21:43:20,640] Trial 144 finished with values: [0.782254926683105, 0.12343619683069225] and parameters: {'psi': 0.7685998475432521, 'lda_t': 3.31673941053414e-06}.
[I 2025-08-09 21:43:26,515] Trial 145 finished with values: [0.6745574881165781, 0.11169811320754718] and parameters: {'psi': 0.004216402779642192, 'lda_t': 3.8720079860993716e-07}.
[I 2025-08-09 21:43:32,392] Trial 146 finished with values: [0.8288103439928917, 0.16057091882247992] and parameters: {'psi': 0.3308376946323951, 'lda_t': 8.105522114561571}.
[I 2025-08-09 21:43:38,277] Trial 147 finished with values: [0.8222228506944065, 0.15314494074749316] and parameters: {'psi': 0.4365071421611779, 'lda_t': 0.04931556748552004}.
[I 2025-08-09 21:43:44,142] Trial 148 finished with values: [0.8336949312341855, 0.1541038525963149] and parameters: {'psi': 0.45740417431321156, 'lda_t': 0.9557317043586784}.
[I 2025-08-09 21:43:50,106] Trial 149 finished with values: [0.7843294825737794, 0.12271973466003316] and parameters: {'psi': 0.7062847206063944, 'lda_t': 0.0004487394192938532}.
[I 2025-08-09 21:43:55,993] Trial 150 finished with values: [0.7892976910276069, 0.11668036154478226] and parameters: {'psi': 0.24811647918305657, 'lda_t': 3.0855586530886226e-05}.
[I 2025-08-09 21:44:01,881] Trial 151 finished with values: [0.808226240858107, 0.14202172096908938] and parameters: {'psi': 0.1278346805984809, 'lda_t': 0.053328234512369774}.
[I 2025-08-09 21:44:07,747] Trial 152 finished with values: [0.8361020974253958, 0.1672185430463576] and parameters: {'psi': 0.6054269012365726, 'lda_t': 9.541411591600017}.
[I 2025-08-09 21:44:13,619] Trial 153 finished with values: [0.8384389272555763, 0.15993404781533388] and parameters: {'psi': 0.8728538322724579, 'lda_t': 2.2945237441645348}.
[I 2025-08-09 21:44:19,465] Trial 154 finished with values: [0.8228337093571159, 0.15061295971978983] and parameters: {'psi': 0.2583308507857698, 'lda_t': 0.1797049692265478}.
[I 2025-08-09 21:44:25,337] Trial 155 finished with values: [0.8382292222069901, 0.16136919315403422] and parameters: {'psi': 0.761162678868859, 'lda_t': 1.7799033228688546}.
[I 2025-08-09 21:44:31,220] Trial 156 finished with values: [0.8214522478050247, 0.14995640802092414] and parameters: {'psi': 0.24294747405294592, 'lda_t': 0.14611462650106902}.
[I 2025-08-09 21:44:37,093] Trial 157 finished with values: [0.8321518509058232, 0.16476774758983348] and parameters: {'psi': 0.3974262268128226, 'lda_t': 0.9557317043586784}.
[I 2025-08-09 21:44:42,980] Trial 158 finished with values: [0.8331261276842123, 0.15924657534246575] and parameters: {'psi': 0.4291695224807667, 'lda_t': 1.7799033228688546}.
[I 2025-08-09 21:44:48,854] Trial 159 finished with values: [0.788912919346933, 0.11658456486042693] and parameters: {'psi': 0.18267950907420438, 'lda_t': 0.00018009884690242821}.
[I 2025-08-09 21:44:54,726] Trial 160 finished with values: [0.8382544063733383, 0.16123778501628663] and parameters: {'psi': 0.7671712506505249, 'lda_t': 0.9557317043586784}.
[I 2025-08-09 21:45:00,604] Trial 161 finished with values: [0.7873911925835645, 0.12056151940545004] and parameters: {'psi': 0.5126144053379972, 'lda_t': 0.00044758772356260875}.
[I 2025-08-09 21:45:06,489] Trial 162 finished with values: [0.7879101168137806, 0.11871393239901072] and parameters: {'psi': 0.46732249730953057, 'lda_t': 4.412296365156038e-07}.
[I 2025-08-09 21:45:12,361] Trial 163 finished with values: [0.8264263244141177, 0.15780141843971632] and parameters: {'psi': 0.2993490148615139, 'lda_t': 8.105522114561571}.
[I 2025-08-09 21:45:18,237] Trial 164 finished with values: [0.7888553788244683, 0.11851851851851852] and parameters: {'psi': 0.3563397423572475, 'lda_t': 9.020050525007604e-07}.
[I 2025-08-09 21:45:24,102] Trial 165 finished with values: [0.8291944636563138, 0.16071428571428573] and parameters: {'psi': 0.3368708542282539, 'lda_t': 1.0589776763029735}.
[I 2025-08-09 21:45:29,984] Trial 166 finished with values: [0.8360377922239444, 0.16735708367854185] and parameters: {'psi': 0.6029460144647641, 'lda_t': 0.9557317043586784}.
[I 2025-08-09 21:45:35,868] Trial 167 finished with values: [0.7911766417427638, 0.11947626841243862] and parameters: {'psi': 0.0625528515668129, 'lda_t': 6.8621220471727025}.
[I 2025-08-09 21:45:41,736] Trial 168 finished with values: [0.8009561669992227, 0.14479638009049775] and parameters: {'psi': 0.7738580517676853, 'lda_t': 0.04563862138600123}.
[I 2025-08-09 21:45:47,611] Trial 169 finished with values: [0.7862702119235374, 0.12261806130903065] and parameters: {'psi': 0.598244014466121, 'lda_t': 0.0011213138984671948}.
[I 2025-08-09 21:45:53,494] Trial 170 finished with values: [0.8136153264479226, 0.15314494074749316] and parameters: {'psi': 0.5976066187402835, 'lda_t': 0.04931556748552004}.
[I 2025-08-09 21:45:59,343] Trial 171 finished with values: [0.7890696479938162, 0.11900826446280992] and parameters: {'psi': 0.3111462059948067, 'lda_t': 0.0011019137108159484}.
[I 2025-08-09 21:46:05,211] Trial 172 finished with values: [0.8242533139184329, 0.1586452762923351] and parameters: {'psi': 0.3111462059948067, 'lda_t': 0.10359727278255376}.
[I 2025-08-09 21:46:11,084] Trial 173 finished with values: [0.8383971981514661, 0.16033057851239668] and parameters: {'psi': 0.8578860855304938, 'lda_t': 3.0815723666000547}.
[I 2025-08-09 21:46:16,967] Trial 174 finished with values: [0.8287443272461544, 0.16042780748663102] and parameters: {'psi': 0.3299180112787713, 'lda_t': 1.7799033228688546}.
[I 2025-08-09 21:46:22,845] Trial 175 finished with values: [0.819048667708699, 0.14642549526270457] and parameters: {'psi': 0.212948794314875, 'lda_t': 0.6540274810639265}.
[I 2025-08-09 21:46:28,715] Trial 176 finished with values: [0.8353292939777894, 0.16638935108153077] and parameters: {'psi': 0.5720223340095053, 'lda_t': 1.7799033228688546}.
[I 2025-08-09 21:46:34,590] Trial 177 finished with values: [0.7814814712182471, 0.12701100762066045] and parameters: {'psi': 0.8051637622396789, 'lda_t': 0.005040967959091867}.
[I 2025-08-09 21:46:40,462] Trial 178 finished with values: [0.8235436746420873, 0.15314494074749316] and parameters: {'psi': 0.4460835907302576, 'lda_t': 0.053328234512369774}.
[I 2025-08-09 21:46:46,330] Trial 179 finished with values: [0.8081756280189418, 0.15341440598690365] and parameters: {'psi': 0.9376153473208407, 'lda_t': 0.08399341748377992}.
[I 2025-08-09 21:46:52,223] Trial 180 finished with values: [0.7820633966154111, 0.12343619683069225] and parameters: {'psi': 0.7734128550342123, 'lda_t': 1.0053360289794671e-07}.
[I 2025-08-09 21:46:58,101] Trial 181 finished with values: [0.8279456061127921, 0.16435826408125578] and parameters: {'psi': 0.6054269012365726, 'lda_t': 0.0837038960811093}.
[I 2025-08-09 21:47:03,975] Trial 182 finished with values: [0.8294718154947661, 0.14915254237288136] and parameters: {'psi': 0.5241255607533626, 'lda_t': 0.1254373935692908}.
[I 2025-08-09 21:47:09,850] Trial 183 finished with values: [0.7838060757249576, 0.12282157676348547] and parameters: {'psi': 0.7252986550772929, 'lda_t': 1.961070533957324e-06}.
[I 2025-08-09 21:47:15,713] Trial 184 finished with values: [0.782616796257812, 0.12333333333333334] and parameters: {'psi': 0.7588755396106619, 'lda_t': 5.327062362477307e-07}.
[I 2025-08-09 21:47:21,584] Trial 185 finished with values: [0.7891004558089603, 0.1186161449752883] and parameters: {'psi': 0.3111462059948067, 'lda_t': 0.0001490471758947123}.
[I 2025-08-09 21:47:27,456] Trial 186 finished with values: [0.8344718097896152, 0.15103734439834024] and parameters: {'psi': 0.511547224378967, 'lda_t': 1.0589776763029735}.
[I 2025-08-09 21:47:33,327] Trial 187 finished with values: [0.8356045267601735, 0.16791354945968412] and parameters: {'psi': 0.5848484740328913, 'lda_t': 0.6540274810639265}.
[I 2025-08-09 21:47:39,203] Trial 188 finished with values: [0.7993579912130895, 0.13234077750206782] and parameters: {'psi': 0.08643901260485176, 'lda_t': 0.14611462650106902}.
[I 2025-08-09 21:47:45,082] Trial 189 finished with values: [0.7990833289458006, 0.1342512908777969] and parameters: {'psi': 0.3308376946323951, 'lda_t': 0.013947346468443667}.
[I 2025-08-09 21:47:50,952] Trial 190 finished with values: [0.7891782903683849, 0.11639344262295082] and parameters: {'psi': 0.2059141891481877, 'lda_t': 1.1164025461662995e-07}.
[I 2025-08-09 21:47:56,821] Trial 191 finished with values: [0.8376889444117802, 0.16326530612244897] and parameters: {'psi': 0.677161231120607, 'lda_t': 1.2315554300595415}.
[I 2025-08-09 21:48:02,695] Trial 192 finished with values: [0.8287443272461544, 0.16042780748663102] and parameters: {'psi': 0.3299180112787713, 'lda_t': 0.6540274810639265}.
[I 2025-08-09 21:48:08,567] Trial 193 finished with values: [0.7759565215336033, 0.12574341546304163] and parameters: {'psi': 0.9176826927156746, 'lda_t': 0.0018115755226457433}.
[I 2025-08-09 21:48:14,426] Trial 194 finished with values: [0.8344718097896152, 0.15103734439834024] and parameters: {'psi': 0.511547224378967, 'lda_t': 2.2945237441645348}.
[I 2025-08-09 21:48:20,313] Trial 195 finished with values: [0.7874856535829081, 0.12036273701566365] and parameters: {'psi': 0.511547224378967, 'lda_t': 1.7333796175039414e-07}.
[I 2025-08-09 21:48:26,288] Trial 196 finished with values: [0.8369281217811742, 0.1676253081347576] and parameters: {'psi': 0.6379540625828468, 'lda_t': 2.2945237441645348}.
[I 2025-08-09 21:48:32,155] Trial 197 finished with values: [0.8363078088683149, 0.1687344913151365] and parameters: {'psi': 0.6133564260807276, 'lda_t': 1.7799033228688546}.
[I 2025-08-09 21:48:38,022] Trial 198 finished with values: [0.8383971981514661, 0.16033057851239668] and parameters: {'psi': 0.8578860855304938, 'lda_t': 8.105522114561571}.
[I 2025-08-09 21:48:43,912] Trial 199 finished with values: [0.7874831270160577, 0.12036273701566365] and parameters: {'psi': 0.511547224378967, 'lda_t': 6.430120078631269e-07}.
[I 2025-08-09 21:48:49,788] Trial 200 finished with values: [0.7883033647187271, 0.1186161449752883] and parameters: {'psi': 0.42645774761674304, 'lda_t': 4.800940339650411e-08}.
[I 2025-08-09 21:48:55,655] Trial 201 finished with values: [0.8284663233904506, 0.16042780748663102] and parameters: {'psi': 0.325727948906976, 'lda_t': 1.7799033228688546}.
[I 2025-08-09 21:49:01,515] Trial 202 finished with values: [0.8361020974253958, 0.1672185430463576] and parameters: {'psi': 0.6054269012365726, 'lda_t': 1.0589776763029735}.
[I 2025-08-09 21:49:07,385] Trial 203 finished with values: [0.7834281502254269, 0.1230257689110557] and parameters: {'psi': 0.7365958681129423, 'lda_t': 2.339002560290087e-08}.
[I 2025-08-09 21:49:13,250] Trial 204 finished with values: [0.8383301218766948, 0.16216216216216217] and parameters: {'psi': 0.8034941689928933, 'lda_t': 0.9557317043586784}.
[I 2025-08-09 21:49:19,116] Trial 205 finished with values: [0.7934943185661748, 0.1214109926168991] and parameters: {'psi': 0.06795999311552503, 'lda_t': 0.9557317043586784}.
[I 2025-08-09 21:49:24,970] Trial 206 finished with values: [0.8410932079851902, 0.16456759026028547] and parameters: {'psi': 0.960587810607807, 'lda_t': 8.105522114561571}.
[I 2025-08-09 21:49:30,835] Trial 207 finished with values: [0.7940267721543646, 0.13028764805414553] and parameters: {'psi': 0.3974262268128226, 'lda_t': 0.010668960326645006}.
[I 2025-08-09 21:49:36,707] Trial 208 finished with values: [0.7877988663702054, 0.11871393239901072] and parameters: {'psi': 0.4790843545063218, 'lda_t': 1.6857165005363264e-06}.
[I 2025-08-09 21:49:42,578] Trial 209 finished with values: [0.7861387489451583, 0.12201154163231658] and parameters: {'psi': 0.6195737633965991, 'lda_t': 2.2473935979766354e-08}.
[I 2025-08-09 21:49:48,444] Trial 210 finished with values: [0.8383788601662612, 0.15993404781533388] and parameters: {'psi': 0.8443996238982518, 'lda_t': 1.7799033228688546}.
[I 2025-08-09 21:49:54,317] Trial 211 finished with values: [0.8379870793001312, 0.16123778501628663] and parameters: {'psi': 0.7252986550772929, 'lda_t': 0.6540274810639265}.
[I 2025-08-09 21:50:00,185] Trial 212 finished with values: [0.7870034868252578, 0.12036273701566365] and parameters: {'psi': 0.5552757192523561, 'lda_t': 4.493078482976719e-07}.
[I 2025-08-09 21:50:06,022] Trial 213 finished with values: [0.8383210751373271, 0.15914684167350288] and parameters: {'psi': 0.8099630238321543, 'lda_t': 9.541411591600017}.
[I 2025-08-09 21:50:11,889] Trial 214 finished with values: [0.8356180561181469, 0.16791354945968412] and parameters: {'psi': 0.5848484740328913, 'lda_t': 1.2315554300595415}.
[I 2025-08-09 21:50:17,747] Trial 215 finished with values: [0.8246720719983531, 0.17055655296229802] and parameters: {'psi': 0.4147499718497629, 'lda_t': 0.07293109184733389}.
[I 2025-08-09 21:50:23,621] Trial 216 finished with values: [0.8344405129615324, 0.15091210613598674] and parameters: {'psi': 0.5094520905708404, 'lda_t': 8.105522114561571}.
[I 2025-08-09 21:50:29,512] Trial 217 finished with values: [0.7868020134944751, 0.12036273701566365] and parameters: {'psi': 0.5720223340095053, 'lda_t': 2.012794210488357e-06}.
[I 2025-08-09 21:50:35,384] Trial 218 finished with values: [0.7873418837789029, 0.12116182572614108] and parameters: {'psi': 0.511547224378967, 'lda_t': 0.0019898419447187026}.
[I 2025-08-09 21:50:41,247] Trial 219 finished with values: [0.837199768468674, 0.16707616707616707] and parameters: {'psi': 0.6499000592515263, 'lda_t': 0.6540274810639265}.
[I 2025-08-09 21:50:47,125] Trial 220 finished with values: [0.7964103027201997, 0.13640389725420726] and parameters: {'psi': 0.7252986550772929, 'lda_t': 0.032495567530605125}.
[I 2025-08-09 21:50:52,988] Trial 221 finished with values: [0.8291944636563138, 0.16071428571428573] and parameters: {'psi': 0.3368708542282539, 'lda_t': 0.6540274810639265}.
[I 2025-08-09 21:50:58,847] Trial 222 finished with values: [0.7785469860747046, 0.1248945147679325] and parameters: {'psi': 0.8578860855304938, 'lda_t': 1.381237892528434e-07}.
[I 2025-08-09 21:51:04,705] Trial 223 finished with values: [0.8383923895242343, 0.16019818331957061] and parameters: {'psi': 0.8532199076100537, 'lda_t': 3.3657341332126607}.
[I 2025-08-09 21:51:10,593] Trial 224 finished with values: [0.8044789347081335, 0.1493624772313297] and parameters: {'psi': 0.7596399746198192, 'lda_t': 0.04991677882565251}.
[I 2025-08-09 21:51:16,460] Trial 225 finished with values: [0.7854629330637459, 0.12231404958677686] and parameters: {'psi': 0.6598615328424787, 'lda_t': 1.1259538595696954e-06}.
[I 2025-08-09 21:51:22,331] Trial 226 finished with values: [0.7860823494528841, 0.11447260834014718] and parameters: {'psi': 0.09653065154538654, 'lda_t': 3.6003763729866574e-05}.
[I 2025-08-09 21:51:28,295] Trial 227 finished with values: [0.8313990969887073, 0.15692821368948248] and parameters: {'psi': 0.5990447880522445, 'lda_t': 0.14611462650106902}.
[I 2025-08-09 21:51:34,152] Trial 228 finished with values: [0.8325530045199465, 0.1633362293657689] and parameters: {'psi': 0.4089643334160872, 'lda_t': 7.257003281009879}.
[I 2025-08-09 21:51:40,037] Trial 229 finished with values: [0.8025273655715657, 0.13866666666666666] and parameters: {'psi': 0.6054269012365726, 'lda_t': 0.033905010075694346}.
[I 2025-08-09 21:51:45,908] Trial 230 finished with values: [0.7870489650285657, 0.11755102040816326] and parameters: {'psi': 0.054781104503771494, 'lda_t': 2.2945237441645348}.
[I 2025-08-09 21:51:51,761] Trial 231 finished with values: [0.782301301410134, 0.12343619683069225] and parameters: {'psi': 0.7671712506505249, 'lda_t': 0.00013612453886748796}.
[I 2025-08-09 21:51:57,621] Trial 232 finished with values: [0.8383143919604968, 0.16299918500407498] and parameters: {'psi': 0.780864106486775, 'lda_t': 1.0589776763029735}.
[I 2025-08-09 21:52:03,479] Trial 233 finished with values: [0.8298520230546781, 0.16264521894548703] and parameters: {'psi': 0.34785560580000463, 'lda_t': 2.2945237441645348}.
[I 2025-08-09 21:52:09,346] Trial 234 finished with values: [0.7850146712031855, 0.12251655629139073] and parameters: {'psi': 0.6815941534483283, 'lda_t': 1.633516474811033e-06}.
[I 2025-08-09 21:52:15,212] Trial 235 finished with values: [0.8333895426539091, 0.1576271186440678] and parameters: {'psi': 0.44013341612193413, 'lda_t': 1.2315554300595415}.
[I 2025-08-09 21:52:21,080] Trial 236 finished with values: [0.8356045267601735, 0.16791354945968412] and parameters: {'psi': 0.5848484740328913, 'lda_t': 0.6540274810639265}.
[I 2025-08-09 21:52:26,941] Trial 237 finished with values: [0.8380815402994748, 0.16123778501628663] and parameters: {'psi': 0.7252986550772929, 'lda_t': 8.105522114561571}.
[I 2025-08-09 21:52:32,814] Trial 238 finished with values: [0.8297737809844711, 0.1636828644501279] and parameters: {'psi': 0.7252986550772929, 'lda_t': 0.14611462650106902}.
[I 2025-08-09 21:52:38,675] Trial 239 finished with values: [0.8388512466651354, 0.1623860811930406] and parameters: {'psi': 0.9176826927156746, 'lda_t': 4.36652247956921}.
[I 2025-08-09 21:52:44,535] Trial 240 finished with values: [0.8343237203713174, 0.15066225165562913] and parameters: {'psi': 0.4993224791311982, 'lda_t': 1.0589776763029735}.
[I 2025-08-09 21:52:50,395] Trial 241 finished with values: [0.8383998877226292, 0.16033057851239668] and parameters: {'psi': 0.8578860855304938, 'lda_t': 1.2315554300595415}.
[I 2025-08-09 21:52:56,255] Trial 242 finished with values: [0.8361823770495144, 0.16189697465249386] and parameters: {'psi': 0.7536768162283599, 'lda_t': 0.31752615358780395}.
[I 2025-08-09 21:53:02,126] Trial 243 finished with values: [0.791669811291537, 0.1286549707602339] and parameters: {'psi': 0.3913405085053149, 'lda_t': 0.007663695447864942}.
[I 2025-08-09 21:53:07,980] Trial 244 finished with values: [0.8383663088341655, 0.16019818331957061] and parameters: {'psi': 0.837076340839412, 'lda_t': 8.105522114561571}.
[I 2025-08-09 21:53:13,835] Trial 245 finished with values: [0.7790094293104901, 0.12636899747262004] and parameters: {'psi': 0.8473314079181127, 'lda_t': 4.695157693595927e-06}.
[I 2025-08-09 21:53:19,701] Trial 246 finished with values: [0.8383923895242343, 0.16019818331957061] and parameters: {'psi': 0.8532199076100537, 'lda_t': 5.762244271074246}.
[I 2025-08-09 21:53:25,592] Trial 247 finished with values: [0.7865711993873645, 0.1222130470685384] and parameters: {'psi': 0.5848484740328913, 'lda_t': 0.000337840111539838}.
