[I 2025-08-09 20:22:57,947] A new study created in memory with name: no-name-d587b971-bf15-4fc2-8c05-72aff30e6771
Mode-0 approx rank: 3/38
Estimated noise variance from mode-0: 0.0
Mode-1 approx rank: 6/20
Estimated noise variance from mode-1: 0.0002148212453310628
Mode-2 approx rank: 5/24
Estimated noise variance from mode-2: 0.0003107699625255003
Mode-3 approx rank: 1/60
Estimated noise variance from mode-3: 9.002912592417965e-05
  0%|          | 0/500 [00:00<?, ?it/s]/mnt/ffs24/home/mondalra/Anomaly_Detection/src/proximal_ops/prox_overlapping_grouped_l21.py:405: UserWarning: Sparse CSR tensor support is in beta state. If you miss a functionality in the sparse tensor support, please submit a feature request to https://github.com/pytorch/pytorch/issues. (Triggered internally at /home/conda/feedstock_root/build_artifacts/libtorch_1742922447420/work/aten/src/ATen/SparseCsrTensorImpl.cpp:53.)
  G_ind = torch.sparse_csr_tensor(A_r.indptr, A_r.indices, A_r.data, device=device, dtype=dtype)
                                         0%|          | 0/500 [00:08<?, ?it/s]  0%|          | 1/500 [00:08<1:11:42,  8.62s/it]                                                   0%|          | 1/500 [00:14<1:11:42,  8.62s/it]  0%|          | 2/500 [00:14<1:00:05,  7.24s/it]                                                   0%|          | 2/500 [00:21<1:00:05,  7.24s/it]  1%|          | 3/500 [00:21<55:54,  6.75s/it]                                                   1%|          | 3/500 [00:27<55:54,  6.75s/it]  1%|          | 4/500 [00:27<53:55,  6.52s/it]                                                 1%|          | 4/500 [00:33<53:55,  6.52s/it]  1%|          | 5/500 [00:33<52:47,  6.40s/it]                                                 1%|          | 5/500 [00:39<52:47,  6.40s/it]  1%|          | 6/500 [00:39<52:03,  6.32s/it]                                                 1%|          | 6/500 [00:45<52:03,  6.32s/it]  1%|▏         | 7/500 [00:45<51:33,  6.27s/it]                                                 1%|▏         | 7/500 [00:51<51:33,  6.27s/it]  2%|▏         | 8/500 [00:51<51:08,  6.24s/it]                                                 2%|▏         | 8/500 [00:58<51:08,  6.24s/it]  2%|▏         | 9/500 [00:58<50:51,  6.21s/it]                                                 2%|▏         | 9/500 [01:04<50:51,  6.21s/it]  2%|▏         | 10/500 [01:04<50:35,  6.20s/it]                                                  2%|▏         | 10/500 [01:10<50:35,  6.20s/it]  2%|▏         | 11/500 [01:10<50:24,  6.19s/it]                                                  2%|▏         | 11/500 [01:16<50:24,  6.19s/it]  2%|▏         | 12/500 [01:16<50:13,  6.18s/it]                                                  2%|▏         | 12/500 [01:22<50:13,  6.18s/it]  3%|▎         | 13/500 [01:22<50:03,  6.17s/it]                                                  3%|▎         | 13/500 [01:28<50:03,  6.17s/it]  3%|▎         | 14/500 [01:28<49:55,  6.16s/it]                                                  3%|▎         | 14/500 [01:35<49:55,  6.16s/it]  3%|▎         | 15/500 [01:35<49:49,  6.16s/it]                                                  3%|▎         | 15/500 [01:41<49:49,  6.16s/it]  3%|▎         | 16/500 [01:41<49:45,  6.17s/it]                                                  3%|▎         | 16/500 [01:47<49:45,  6.17s/it]  3%|▎         | 17/500 [01:47<49:39,  6.17s/it]                                                  3%|▎         | 17/500 [01:53<49:39,  6.17s/it]  4%|▎         | 18/500 [01:53<49:32,  6.17s/it]                                                  4%|▎         | 18/500 [01:59<49:32,  6.17s/it]  4%|▍         | 19/500 [01:59<49:25,  6.17s/it]                                                  4%|▍         | 19/500 [02:05<49:25,  6.17s/it]  4%|▍         | 20/500 [02:05<49:16,  6.16s/it]                                                  4%|▍         | 20/500 [02:12<49:16,  6.16s/it]  4%|▍         | 21/500 [02:12<49:10,  6.16s/it]                                                  4%|▍         | 21/500 [02:18<49:10,  6.16s/it]  4%|▍         | 22/500 [02:18<49:05,  6.16s/it]                                                  4%|▍         | 22/500 [02:24<49:05,  6.16s/it]  5%|▍         | 23/500 [02:24<48:58,  6.16s/it]                                                  5%|▍         | 23/500 [02:30<48:58,  6.16s/it]  5%|▍         | 24/500 [02:30<48:53,  6.16s/it]                                                  5%|▍         | 24/500 [02:36<48:53,  6.16s/it]  5%|▌         | 25/500 [02:36<48:46,  6.16s/it]                                                  5%|▌         | 25/500 [02:42<48:46,  6.16s/it]  5%|▌         | 26/500 [02:42<48:40,  6.16s/it]                                                  5%|▌         | 26/500 [02:48<48:40,  6.16s/it]  5%|▌         | 27/500 [02:48<48:32,  6.16s/it]                                                  5%|▌         | 27/500 [02:55<48:32,  6.16s/it]  6%|▌         | 28/500 [02:55<48:29,  6.16s/it]                                                  6%|▌         | 28/500 [03:01<48:29,  6.16s/it]  6%|▌         | 29/500 [03:01<48:22,  6.16s/it]                                                  6%|▌         | 29/500 [03:07<48:22,  6.16s/it]  6%|▌         | 30/500 [03:07<48:16,  6.16s/it]                                                  6%|▌         | 30/500 [03:13<48:16,  6.16s/it]  6%|▌         | 31/500 [03:13<48:09,  6.16s/it]                                                  6%|▌         | 31/500 [03:19<48:09,  6.16s/it]  6%|▋         | 32/500 [03:19<48:04,  6.16s/it]                                                  6%|▋         | 32/500 [03:25<48:04,  6.16s/it]  7%|▋         | 33/500 [03:25<47:59,  6.17s/it]                                                  7%|▋         | 33/500 [03:32<47:59,  6.17s/it]  7%|▋         | 34/500 [03:32<47:53,  6.17s/it]                                                  7%|▋         | 34/500 [03:38<47:53,  6.17s/it]  7%|▋         | 35/500 [03:38<47:45,  6.16s/it]                                                  7%|▋         | 35/500 [03:44<47:45,  6.16s/it]  7%|▋         | 36/500 [03:44<47:38,  6.16s/it]                                                  7%|▋         | 36/500 [03:50<47:38,  6.16s/it]  7%|▋         | 37/500 [03:50<47:32,  6.16s/it]                                                  7%|▋         | 37/500 [03:56<47:32,  6.16s/it]  8%|▊         | 38/500 [03:56<47:27,  6.16s/it]                                                  8%|▊         | 38/500 [04:02<47:27,  6.16s/it]  8%|▊         | 39/500 [04:02<47:22,  6.16s/it]                                                  8%|▊         | 39/500 [04:09<47:22,  6.16s/it]  8%|▊         | 40/500 [04:09<47:13,  6.16s/it]                                                  8%|▊         | 40/500 [04:15<47:13,  6.16s/it]  8%|▊         | 41/500 [04:15<47:23,  6.20s/it]                                                  8%|▊         | 41/500 [04:21<47:23,  6.20s/it]  8%|▊         | 42/500 [04:21<47:15,  6.19s/it]                                                  8%|▊         | 42/500 [04:27<47:15,  6.19s/it]  9%|▊         | 43/500 [04:27<47:03,  6.18s/it]                                                  9%|▊         | 43/500 [04:33<47:03,  6.18s/it]  9%|▉         | 44/500 [04:33<46:55,  6.17s/it]                                                  9%|▉         | 44/500 [04:40<46:55,  6.17s/it]  9%|▉         | 45/500 [04:40<46:46,  6.17s/it]                                                  9%|▉         | 45/500 [04:46<46:46,  6.17s/it]  9%|▉         | 46/500 [04:46<46:41,  6.17s/it]                                                  9%|▉         | 46/500 [04:52<46:41,  6.17s/it]  9%|▉         | 47/500 [04:52<46:31,  6.16s/it]                                                  9%|▉         | 47/500 [04:58<46:31,  6.16s/it] 10%|▉         | 48/500 [04:58<46:24,  6.16s/it]                                                 10%|▉         | 48/500 [05:04<46:24,  6.16s/it] 10%|▉         | 49/500 [05:04<46:17,  6.16s/it]                                                 10%|▉         | 49/500 [05:10<46:17,  6.16s/it] 10%|█         | 50/500 [05:10<46:11,  6.16s/it]                                                 10%|█         | 50/500 [05:16<46:11,  6.16s/it] 10%|█         | 51/500 [05:16<46:06,  6.16s/it]                                                 10%|█         | 51/500 [05:23<46:06,  6.16s/it] 10%|█         | 52/500 [05:23<46:01,  6.16s/it]                                                 10%|█         | 52/500 [05:29<46:01,  6.16s/it] 11%|█         | 53/500 [05:29<45:56,  6.17s/it]                                                 11%|█         | 53/500 [05:35<45:56,  6.17s/it] 11%|█         | 54/500 [05:35<45:50,  6.17s/it]                                                 11%|█         | 54/500 [05:41<45:50,  6.17s/it] 11%|█         | 55/500 [05:41<45:44,  6.17s/it]                                                 11%|█         | 55/500 [05:47<45:44,  6.17s/it] 11%|█         | 56/500 [05:47<45:38,  6.17s/it]                                                 11%|█         | 56/500 [05:53<45:38,  6.17s/it] 11%|█▏        | 57/500 [05:53<45:29,  6.16s/it]                                                 11%|█▏        | 57/500 [06:00<45:29,  6.16s/it] 12%|█▏        | 58/500 [06:00<45:22,  6.16s/it]                                                 12%|█▏        | 58/500 [06:06<45:22,  6.16s/it] 12%|█▏        | 59/500 [06:06<45:15,  6.16s/it]                                                 12%|█▏        | 59/500 [06:12<45:15,  6.16s/it] 12%|█▏        | 60/500 [06:12<45:09,  6.16s/it]                                                 12%|█▏        | 60/500 [06:18<45:09,  6.16s/it] 12%|█▏        | 61/500 [06:18<45:05,  6.16s/it]                                                 12%|█▏        | 61/500 [06:24<45:05,  6.16s/it] 12%|█▏        | 62/500 [06:24<45:02,  6.17s/it]                                                 12%|█▏        | 62/500 [06:30<45:02,  6.17s/it] 13%|█▎        | 63/500 [06:30<44:56,  6.17s/it]                                                 13%|█▎        | 63/500 [06:37<44:56,  6.17s/it] 13%|█▎        | 64/500 [06:37<44:52,  6.17s/it]                                                 13%|█▎        | 64/500 [06:43<44:52,  6.17s/it] 13%|█▎        | 65/500 [06:43<44:44,  6.17s/it]                                                 13%|█▎        | 65/500 [06:49<44:44,  6.17s/it] 13%|█▎        | 66/500 [06:49<44:39,  6.17s/it]                                                 13%|█▎        | 66/500 [06:55<44:39,  6.17s/it] 13%|█▎        | 67/500 [06:55<44:31,  6.17s/it]                                                 13%|█▎        | 67/500 [07:01<44:31,  6.17s/it] 14%|█▎        | 68/500 [07:01<44:26,  6.17s/it]                                                 14%|█▎        | 68/500 [07:08<44:26,  6.17s/it] 14%|█▍        | 69/500 [07:08<44:22,  6.18s/it]                                                 14%|█▍        | 69/500 [07:14<44:22,  6.18s/it] 14%|█▍        | 70/500 [07:14<44:15,  6.18s/it]                                                 14%|█▍        | 70/500 [07:20<44:15,  6.18s/it] 14%|█▍        | 71/500 [07:20<44:08,  6.17s/it]                                                 14%|█▍        | 71/500 [07:26<44:08,  6.17s/it] 14%|█▍        | 72/500 [07:26<44:01,  6.17s/it]                                                 14%|█▍        | 72/500 [07:32<44:01,  6.17s/it] 15%|█▍        | 73/500 [07:32<43:56,  6.17s/it]                                                 15%|█▍        | 73/500 [07:38<43:56,  6.17s/it] 15%|█▍        | 74/500 [07:38<43:50,  6.17s/it]                                                 15%|█▍        | 74/500 [07:45<43:50,  6.17s/it] 15%|█▌        | 75/500 [07:45<43:44,  6.18s/it]                                                 15%|█▌        | 75/500 [07:51<43:44,  6.18s/it] 15%|█▌        | 76/500 [07:51<43:37,  6.17s/it]                                                 15%|█▌        | 76/500 [07:57<43:37,  6.17s/it] 15%|█▌        | 77/500 [07:57<43:32,  6.18s/it]                                                 15%|█▌        | 77/500 [08:03<43:32,  6.18s/it] 16%|█▌        | 78/500 [08:03<43:26,  6.18s/it]                                                 16%|█▌        | 78/500 [08:09<43:26,  6.18s/it] 16%|█▌        | 79/500 [08:09<43:20,  6.18s/it]                                                 16%|█▌        | 79/500 [08:15<43:20,  6.18s/it] 16%|█▌        | 80/500 [08:15<43:13,  6.18s/it]                                                 16%|█▌        | 80/500 [08:22<43:13,  6.18s/it] 16%|█▌        | 81/500 [08:22<43:05,  6.17s/it]                                                 16%|█▌        | 81/500 [08:28<43:05,  6.17s/it] 16%|█▋        | 82/500 [08:28<43:02,  6.18s/it]                                                 16%|█▋        | 82/500 [08:34<43:02,  6.18s/it] 17%|█▋        | 83/500 [08:34<42:56,  6.18s/it]                                                 17%|█▋        | 83/500 [08:40<42:56,  6.18s/it] 17%|█▋        | 84/500 [08:40<42:47,  6.17s/it]                                                 17%|█▋        | 84/500 [08:46<42:47,  6.17s/it] 17%|█▋        | 85/500 [08:46<42:54,  6.20s/it]                                                 17%|█▋        | 85/500 [08:53<42:54,  6.20s/it] 17%|█▋        | 86/500 [08:53<42:42,  6.19s/it]                                                 17%|█▋        | 86/500 [08:59<42:42,  6.19s/it] 17%|█▋        | 87/500 [08:59<42:32,  6.18s/it]                                                 17%|█▋        | 87/500 [09:05<42:32,  6.18s/it] 18%|█▊        | 88/500 [09:05<42:25,  6.18s/it]                                                 18%|█▊        | 88/500 [09:11<42:25,  6.18s/it] 18%|█▊        | 89/500 [09:11<42:17,  6.17s/it]                                                 18%|█▊        | 89/500 [09:17<42:17,  6.17s/it] 18%|█▊        | 90/500 [09:17<42:11,  6.17s/it]                                                 18%|█▊        | 90/500 [09:23<42:11,  6.17s/it] 18%|█▊        | 91/500 [09:23<42:04,  6.17s/it]                                                 18%|█▊        | 91/500 [09:30<42:04,  6.17s/it] 18%|█▊        | 92/500 [09:30<41:56,  6.17s/it]                                                 18%|█▊        | 92/500 [09:36<41:56,  6.17s/it] 19%|█▊        | 93/500 [09:36<41:50,  6.17s/it]                                                 19%|█▊        | 93/500 [09:42<41:50,  6.17s/it] 19%|█▉        | 94/500 [09:42<41:42,  6.16s/it]                                                 19%|█▉        | 94/500 [09:48<41:42,  6.16s/it] 19%|█▉        | 95/500 [09:48<41:38,  6.17s/it]                                                 19%|█▉        | 95/500 [09:54<41:38,  6.17s/it] 19%|█▉        | 96/500 [09:54<41:30,  6.17s/it]                                                 19%|█▉        | 96/500 [10:00<41:30,  6.17s/it] 19%|█▉        | 97/500 [10:00<41:23,  6.16s/it]                                                 19%|█▉        | 97/500 [10:07<41:23,  6.16s/it] 20%|█▉        | 98/500 [10:07<41:18,  6.17s/it]                                                 20%|█▉        | 98/500 [10:13<41:18,  6.17s/it] 20%|█▉        | 99/500 [10:13<41:11,  6.16s/it]                                                 20%|█▉        | 99/500 [10:19<41:11,  6.16s/it] 20%|██        | 100/500 [10:19<41:04,  6.16s/it]                                                  20%|██        | 100/500 [10:25<41:04,  6.16s/it] 20%|██        | 101/500 [10:25<40:57,  6.16s/it]                                                  20%|██        | 101/500 [10:31<40:57,  6.16s/it] 20%|██        | 102/500 [10:31<40:50,  6.16s/it]                                                  20%|██        | 102/500 [10:37<40:50,  6.16s/it] 21%|██        | 103/500 [10:37<40:44,  6.16s/it]                                                  21%|██        | 103/500 [10:43<40:44,  6.16s/it] 21%|██        | 104/500 [10:43<40:38,  6.16s/it]                                                  21%|██        | 104/500 [10:50<40:38,  6.16s/it] 21%|██        | 105/500 [10:50<40:32,  6.16s/it]                                                  21%|██        | 105/500 [10:56<40:32,  6.16s/it] 21%|██        | 106/500 [10:56<40:26,  6.16s/it]                                                  21%|██        | 106/500 [11:02<40:26,  6.16s/it] 21%|██▏       | 107/500 [11:02<40:19,  6.16s/it]                                                  21%|██▏       | 107/500 [11:08<40:19,  6.16s/it] 22%|██▏       | 108/500 [11:08<40:13,  6.16s/it]                                                  22%|██▏       | 108/500 [11:14<40:13,  6.16s/it] 22%|██▏       | 109/500 [11:14<40:07,  6.16s/it]                                                  22%|██▏       | 109/500 [11:20<40:07,  6.16s/it] 22%|██▏       | 110/500 [11:20<40:02,  6.16s/it]                                                  22%|██▏       | 110/500 [11:27<40:02,  6.16s/it] 22%|██▏       | 111/500 [11:27<39:58,  6.17s/it]                                                  22%|██▏       | 111/500 [11:33<39:58,  6.17s/it] 22%|██▏       | 112/500 [11:33<39:52,  6.17s/it]                                                  22%|██▏       | 112/500 [11:39<39:52,  6.17s/it] 23%|██▎       | 113/500 [11:39<39:44,  6.16s/it]                                                  23%|██▎       | 113/500 [11:45<39:44,  6.16s/it] 23%|██▎       | 114/500 [11:45<39:53,  6.20s/it]                                                  23%|██▎       | 114/500 [11:51<39:53,  6.20s/it] 23%|██▎       | 115/500 [11:51<39:42,  6.19s/it]                                                  23%|██▎       | 115/500 [11:58<39:42,  6.19s/it] 23%|██▎       | 116/500 [11:58<39:35,  6.19s/it]                                                  23%|██▎       | 116/500 [12:04<39:35,  6.19s/it] 23%|██▎       | 117/500 [12:04<39:26,  6.18s/it]                                                  23%|██▎       | 117/500 [12:10<39:26,  6.18s/it] 24%|██▎       | 118/500 [12:10<39:19,  6.18s/it]                                                  24%|██▎       | 118/500 [12:16<39:19,  6.18s/it] 24%|██▍       | 119/500 [12:16<39:11,  6.17s/it]                                                  24%|██▍       | 119/500 [12:22<39:11,  6.17s/it] 24%|██▍       | 120/500 [12:22<39:06,  6.17s/it]                                                  24%|██▍       | 120/500 [12:28<39:06,  6.17s/it] 24%|██▍       | 121/500 [12:28<38:58,  6.17s/it]                                                  24%|██▍       | 121/500 [12:35<38:58,  6.17s/it] 24%|██▍       | 122/500 [12:35<38:49,  6.16s/it]                                                  24%|██▍       | 122/500 [12:41<38:49,  6.16s/it] 25%|██▍       | 123/500 [12:41<38:43,  6.16s/it]                                                  25%|██▍       | 123/500 [12:47<38:43,  6.16s/it] 25%|██▍       | 124/500 [12:47<38:35,  6.16s/it]                                                  25%|██▍       | 124/500 [12:53<38:35,  6.16s/it] 25%|██▌       | 125/500 [12:53<38:29,  6.16s/it]                                                  25%|██▌       | 125/500 [12:59<38:29,  6.16s/it] 25%|██▌       | 126/500 [12:59<38:25,  6.16s/it]                                                  25%|██▌       | 126/500 [13:05<38:25,  6.16s/it] 25%|██▌       | 127/500 [13:05<38:20,  6.17s/it]                                                  25%|██▌       | 127/500 [13:12<38:20,  6.17s/it] 26%|██▌       | 128/500 [13:12<38:15,  6.17s/it]                                                  26%|██▌       | 128/500 [13:18<38:15,  6.17s/it] 26%|██▌       | 129/500 [13:18<38:08,  6.17s/it]                                                  26%|██▌       | 129/500 [13:24<38:08,  6.17s/it] 26%|██▌       | 130/500 [13:24<38:04,  6.17s/it]                                                  26%|██▌       | 130/500 [13:30<38:04,  6.17s/it] 26%|██▌       | 131/500 [13:30<37:58,  6.18s/it]                                                  26%|██▌       | 131/500 [13:36<37:58,  6.18s/it] 26%|██▋       | 132/500 [13:36<37:50,  6.17s/it]                                                  26%|██▋       | 132/500 [13:42<37:50,  6.17s/it] 27%|██▋       | 133/500 [13:42<37:44,  6.17s/it]                                                  27%|██▋       | 133/500 [13:49<37:44,  6.17s/it] 27%|██▋       | 134/500 [13:49<37:38,  6.17s/it]                                                  27%|██▋       | 134/500 [13:55<37:38,  6.17s/it] 27%|██▋       | 135/500 [13:55<37:32,  6.17s/it]                                                  27%|██▋       | 135/500 [14:01<37:32,  6.17s/it] 27%|██▋       | 136/500 [14:01<37:26,  6.17s/it]                                                  27%|██▋       | 136/500 [14:07<37:26,  6.17s/it] 27%|██▋       | 137/500 [14:07<37:21,  6.17s/it]                                                  27%|██▋       | 137/500 [14:13<37:21,  6.17s/it] 28%|██▊       | 138/500 [14:13<37:14,  6.17s/it]                                                  28%|██▊       | 138/500 [14:19<37:14,  6.17s/it] 28%|██▊       | 139/500 [14:19<37:07,  6.17s/it]                                                  28%|██▊       | 139/500 [14:26<37:07,  6.17s/it] 28%|██▊       | 140/500 [14:26<37:03,  6.18s/it]                                                  28%|██▊       | 140/500 [14:32<37:03,  6.18s/it] 28%|██▊       | 141/500 [14:32<36:59,  6.18s/it]                                    