[I 2025-08-09 20:45:39,506] Trial 250 finished with values: [0.7914870694842009, 0.34885844748858447] and parameters: {'psi': 0.889646524885003, 'lda_t': 0.03229298646368357}.
[I 2025-08-09 20:45:44,916] Trial 251 finished with values: [0.7738217877530598, 0.3434704830053667] and parameters: {'psi': 0.8053990435090226, 'lda_t': 1.2288951402798967e-07}.
[I 2025-08-09 20:45:50,327] Trial 252 finished with values: [0.7728309258031748, 0.3330380868024801] and parameters: {'psi': 0.11963557787631729, 'lda_t': 2.218680696515342e-06}.
[I 2025-08-09 20:45:55,733] Trial 253 finished with values: [0.8398872555589512, 0.35074626865671643] and parameters: {'psi': 0.8121687952958723, 'lda_t': 0.5092447454206566}.
[I 2025-08-09 20:46:01,141] Trial 254 finished with values: [0.8399905293984948, 0.35435992578849723] and parameters: {'psi': 0.7888164366715184, 'lda_t': 0.583125503130615}.
[I 2025-08-09 20:46:06,547] Trial 255 finished with values: [0.8400986701046353, 0.35074626865671643] and parameters: {'psi': 0.8081748226520674, 'lda_t': 4.303236154365797}.
[I 2025-08-09 20:46:11,956] Trial 256 finished with values: [0.7832388537256292, 0.33719892952720787] and parameters: {'psi': 0.673043868396089, 'lda_t': 0.003144431414303708}.
[I 2025-08-09 20:46:17,365] Trial 257 finished with values: [0.839156690748921, 0.3525046382189239] and parameters: {'psi': 0.7828241575426427, 'lda_t': 0.3746870695694132}.
[I 2025-08-09 20:46:22,767] Trial 258 finished with values: [0.7712272130364424, 0.3460514640638864] and parameters: {'psi': 0.9665982152739746, 'lda_t': 2.1991016275316245e-07}.
[I 2025-08-09 20:46:28,171] Trial 259 finished with values: [0.7730955015070707, 0.3460514640638864] and parameters: {'psi': 0.9766795139026127, 'lda_t': 0.0003687345951089464}.
[I 2025-08-09 20:46:33,586] Trial 260 finished with values: [0.7744792960820868, 0.3339253996447602] and parameters: {'psi': 0.1980396202594389, 'lda_t': 1.6237662303928497e-07}.
[I 2025-08-09 20:46:38,996] Trial 261 finished with values: [0.8032499116743936, 0.32700993676603435] and parameters: {'psi': 0.15939591766241656, 'lda_t': 9.191672928527776}.
[I 2025-08-09 20:46:44,408] Trial 262 finished with values: [0.7927703178042496, 0.3460837887067395] and parameters: {'psi': 0.7839744711180173, 'lda_t': 0.02414200078667002}.
[I 2025-08-09 20:46:49,818] Trial 263 finished with values: [0.8409634748614574, 0.33955223880597013] and parameters: {'psi': 0.9198759641533832, 'lda_t': 0.3746870695694132}.
[I 2025-08-09 20:46:55,224] Trial 264 finished with values: [0.8349910273163851, 0.3456561922365989] and parameters: {'psi': 0.6357929638019028, 'lda_t': 6.2301590800376205}.
[I 2025-08-09 20:47:00,627] Trial 265 finished with values: [0.8401015046533129, 0.35074626865671643] and parameters: {'psi': 0.8116127746953741, 'lda_t': 0.6176439786750538}.
[I 2025-08-09 20:47:06,137] Trial 266 finished with values: [0.8396110742500934, 0.34879406307977734] and parameters: {'psi': 0.7566226261472022, 'lda_t': 2.052131398088224}.
[I 2025-08-09 20:47:11,538] Trial 267 finished with values: [0.7737378209337518, 0.3434704830053667] and parameters: {'psi': 0.8081748226520674, 'lda_t': 2.0207201327366955e-07}.
[I 2025-08-09 20:47:16,945] Trial 268 finished with values: [0.7750812900426798, 0.34050179211469533] and parameters: {'psi': 0.7828241575426427, 'lda_t': 0.00045351023341623953}.
[I 2025-08-09 20:47:22,353] Trial 269 finished with values: [0.8419685630367794, 0.34392523364485983] and parameters: {'psi': 0.9109340030778432, 'lda_t': 0.583125503130615}.
[I 2025-08-09 20:47:27,759] Trial 270 finished with values: [0.8255276993701206, 0.3336439888164026] and parameters: {'psi': 0.5645696148811896, 'lda_t': 0.07273082144803836}.
[I 2025-08-09 20:47:33,163] Trial 271 finished with values: [0.8398723875489081, 0.35064935064935066] and parameters: {'psi': 0.773185909308724, 'lda_t': 0.583125503130615}.
[I 2025-08-09 20:47:38,572] Trial 272 finished with values: [0.8373875045178962, 0.34444444444444444] and parameters: {'psi': 0.6857836301186505, 'lda_t': 0.6492989959786185}.
[I 2025-08-09 20:47:43,989] Trial 273 finished with values: [0.7732706017404558, 0.3330380868024801] and parameters: {'psi': 0.1354157372696273, 'lda_t': 1.8423752501886259e-07}.
[I 2025-08-09 20:47:49,394] Trial 274 finished with values: [0.7717415499162417, 0.3437779767233662] and parameters: {'psi': 0.8573790063962722, 'lda_t': 4.005137933024477e-06}.
[I 2025-08-09 20:47:54,802] Trial 275 finished with values: [0.7732888926017316, 0.3434704830053667] and parameters: {'psi': 0.8240746026409026, 'lda_t': 2.5453579848441094e-05}.
[I 2025-08-09 20:48:00,209] Trial 276 finished with values: [0.8401027882225252, 0.3479887745556595] and parameters: {'psi': 0.8234122816387234, 'lda_t': 9.191672928527776}.
[I 2025-08-09 20:48:05,628] Trial 277 finished with values: [0.8263734645169593, 0.32656826568265684] and parameters: {'psi': 0.323470400137998, 'lda_t': 9.191672928527776}.
[I 2025-08-09 20:48:11,038] Trial 278 finished with values: [0.839056197976004, 0.34967622571692875] and parameters: {'psi': 0.7326531997271771, 'lda_t': 4.701523194598291}.
[I 2025-08-09 20:48:16,452] Trial 279 finished with values: [0.7744720760052672, 0.3401969561324978] and parameters: {'psi': 0.7828241575426427, 'lda_t': 1.2041220582618405e-05}.
[I 2025-08-09 20:48:21,863] Trial 280 finished with values: [0.7759668458351014, 0.34050179211469533] and parameters: {'psi': 0.7839744711180173, 'lda_t': 0.0009943911321280937}.
[I 2025-08-09 20:48:27,280] Trial 281 finished with values: [0.8422605750325893, 0.34579439252336447] and parameters: {'psi': 0.9109340030778432, 'lda_t': 1.5669976733076139}.
[I 2025-08-09 20:48:32,693] Trial 282 finished with values: [0.8466861077485759, 0.3567467652495379] and parameters: {'psi': 0.9889723132736093, 'lda_t': 4.303236154365797}.
[I 2025-08-09 20:48:38,106] Trial 283 finished with values: [0.8357023385882301, 0.34782608695652173] and parameters: {'psi': 0.6497707724096381, 'lda_t': 0.583125503130615}.
[I 2025-08-09 20:48:43,511] Trial 284 finished with values: [0.8323855957435133, 0.34870848708487084] and parameters: {'psi': 0.583179767221958, 'lda_t': 3.092393585604402}.
[I 2025-08-09 20:48:48,913] Trial 285 finished with values: [0.8011615980479478, 0.34470046082949307] and parameters: {'psi': 0.8616089974365703, 'lda_t': 0.05704569197267531}.
[I 2025-08-09 20:48:54,325] Trial 286 finished with values: [0.7744555500516583, 0.3401969561324978] and parameters: {'psi': 0.7828241575426427, 'lda_t': 2.5436140252538498e-08}.
[I 2025-08-09 20:48:59,735] Trial 287 finished with values: [0.8399536267836397, 0.35435992578849723] and parameters: {'psi': 0.7839744711180173, 'lda_t': 1.240367538175443}.
[I 2025-08-09 20:49:05,147] Trial 288 finished with values: [0.8351577843498899, 0.34870848708487084] and parameters: {'psi': 0.641901134800007, 'lda_t': 0.3746870695694132}.
[I 2025-08-09 20:49:10,549] Trial 289 finished with values: [0.7744554430875573, 0.3401969561324978] and parameters: {'psi': 0.7828241575426427, 'lda_t': 3.118536289057775e-08}.
[I 2025-08-09 20:49:15,957] Trial 290 finished with values: [0.8401027882225252, 0.3479887745556595] and parameters: {'psi': 0.8234122816387234, 'lda_t': 9.191672928527776}.
[I 2025-08-09 20:49:21,363] Trial 291 finished with values: [0.8263293953073352, 0.3284132841328413] and parameters: {'psi': 0.32199762006228494, 'lda_t': 2.052131398088224}.
[I 2025-08-09 20:49:26,781] Trial 292 finished with values: [0.8022711366679247, 0.3288166214995483] and parameters: {'psi': 0.1564105681669774, 'lda_t': 0.47890522809030117}.
[I 2025-08-09 20:49:32,188] Trial 293 finished with values: [0.8432013243011421, 0.34418604651162793] and parameters: {'psi': 0.9439091549510262, 'lda_t': 0.8775226479209445}.
[I 2025-08-09 20:49:37,594] Trial 294 finished with values: [0.793708232524125, 0.35018050541516244] and parameters: {'psi': 0.5351748112551661, 'lda_t': 0.02005218482545842}.
[I 2025-08-09 20:49:42,997] Trial 295 finished with values: [0.8436550125356579, 0.35304990757855825] and parameters: {'psi': 0.9766795139026127, 'lda_t': 0.3746870695694132}.
[I 2025-08-09 20:49:48,406] Trial 296 finished with values: [0.7734386958252232, 0.3434704830053667] and parameters: {'psi': 0.8234122816387234, 'lda_t': 0.0001263190085278473}.
[I 2025-08-09 20:49:53,821] Trial 297 finished with values: [0.8398322760110221, 0.34953271028037386] and parameters: {'psi': 0.8234122816387234, 'lda_t': 0.5092447454206566}.
[I 2025-08-09 20:49:59,335] Trial 298 finished with values: [0.7862348647134095, 0.3318304779080252] and parameters: {'psi': 0.11112588584188177, 'lda_t': 0.3746870695694132}.
[I 2025-08-09 20:50:04,744] Trial 299 finished with values: [0.8399552847272057, 0.35435992578849723] and parameters: {'psi': 0.7828241575426427, 'lda_t': 0.583125503130615}.
[I 2025-08-09 20:50:10,149] Trial 300 finished with values: [0.8452700100150488, 0.3515263644773358] and parameters: {'psi': 0.9766795139026127, 'lda_t': 1.8630265112418882}.
[I 2025-08-09 20:50:15,563] Trial 301 finished with values: [0.7776439894571904, 0.33719892952720787] and parameters: {'psi': 0.48758616857767345, 'lda_t': 0.00020093387555835955}.
[I 2025-08-09 20:50:20,970] Trial 302 finished with values: [0.8436984934427264, 0.35] and parameters: {'psi': 0.9581997752696425, 'lda_t': 3.092393585604402}.
[I 2025-08-09 20:50:26,371] Trial 303 finished with values: [0.8399927756446164, 0.35435992578849723] and parameters: {'psi': 0.7888164366715184, 'lda_t': 1.3141675124699002}.
[I 2025-08-09 20:50:31,777] Trial 304 finished with values: [0.8357178483828792, 0.34750462107208874] and parameters: {'psi': 0.6508952287094064, 'lda_t': 0.8775226479209445}.
[I 2025-08-09 20:50:37,189] Trial 305 finished with values: [0.8146988142280651, 0.32727272727272727] and parameters: {'psi': 0.20096336918398683, 'lda_t': 9.191672928527776}.
[I 2025-08-09 20:50:42,596] Trial 306 finished with values: [0.8400549217873146, 0.35228331780055916] and parameters: {'psi': 0.8081748226520674, 'lda_t': 0.583125503130615}.
[I 2025-08-09 20:50:48,000] Trial 307 finished with values: [0.8400815558484708, 0.3479887745556595] and parameters: {'psi': 0.829865559153721, 'lda_t': 2.052131398088224}.
[I 2025-08-09 20:50:53,412] Trial 308 finished with values: [0.778369206062169, 0.33901345291479823] and parameters: {'psi': 0.7828241575426427, 'lda_t': 0.0022933736339697942}.
[I 2025-08-09 20:50:58,826] Trial 309 finished with values: [0.8314917502332619, 0.35174953959484345] and parameters: {'psi': 0.5645696148811896, 'lda_t': 9.191672928527776}.
[I 2025-08-09 20:51:04,236] Trial 310 finished with values: [0.7756503390601557, 0.3392857142857143] and parameters: {'psi': 0.7324446801672628, 'lda_t': 1.187813854404061e-08}.
[I 2025-08-09 20:51:09,642] Trial 311 finished with values: [0.8464113169730315, 0.3564173591874423] and parameters: {'psi': 0.9870594217243656, 'lda_t': 4.303236154365797}.
[I 2025-08-09 20:51:15,051] Trial 312 finished with values: [0.7738504006500851, 0.3434704830053667] and parameters: {'psi': 0.8081748226520674, 'lda_t': 8.562733544181431e-05}.
[I 2025-08-09 20:51:20,457] Trial 313 finished with values: [0.8399476367939821, 0.35435992578849723] and parameters: {'psi': 0.7828241575426427, 'lda_t': 9.191672928527776}.
[I 2025-08-09 20:51:25,863] Trial 314 finished with values: [0.7770921081779296, 0.33719892952720787] and parameters: {'psi': 0.5000438778628806, 'lda_t': 2.175577747421171e-07}.
[I 2025-08-09 20:51:31,268] Trial 315 finished with values: [0.8399476367939821, 0.35435992578849723] and parameters: {'psi': 0.7828241575426427, 'lda_t': 6.2301590800376205}.
[I 2025-08-09 20:51:36,674] Trial 316 finished with values: [0.8401130032941735, 0.35074626865671643] and parameters: {'psi': 0.8115692412541653, 'lda_t': 6.2301590800376205}.
[I 2025-08-09 20:51:42,084] Trial 317 finished with values: [0.7772342634681977, 0.33719892952720787] and parameters: {'psi': 0.6135634898795985, 'lda_t': 6.963337808347181e-07}.
[I 2025-08-09 20:51:47,493] Trial 318 finished with values: [0.8425001746188949, 0.34547152194211017] and parameters: {'psi': 0.9198759641533832, 'lda_t': 1.519624334297479}.
[I 2025-08-09 20:51:52,902] Trial 319 finished with values: [0.8329828298016103, 0.34750462107208874] and parameters: {'psi': 0.5948530165269973, 'lda_t': 9.191672928527776}.
[I 2025-08-09 20:51:58,321] Trial 320 finished with values: [0.7905131613443291, 0.33868092691622104] and parameters: {'psi': 0.2965302344568338, 'lda_t': 0.005809612777058858}.
[I 2025-08-09 20:52:03,726] Trial 321 finished with values: [0.8444478839345375, 0.35] and parameters: {'psi': 0.9744268179750458, 'lda_t': 0.5092447454206566}.
[I 2025-08-09 20:52:09,152] Trial 322 finished with values: [0.7037739395017463, 0.27749576988155666] and parameters: {'psi': 0.0020012994711146037, 'lda_t': 6.2301590800376205}.
[I 2025-08-09 20:52:14,568] Trial 323 finished with values: [0.7764176995209399, 0.33629893238434166] and parameters: {'psi': 0.3955254903025063, 'lda_t': 1.7854724189332054e-07}.
[I 2025-08-09 20:52:19,974] Trial 324 finished with values: [0.844899967707538, 0.3515263644773358] and parameters: {'psi': 0.9766795139026127, 'lda_t': 0.583125503130615}.
[I 2025-08-09 20:52:25,385] Trial 325 finished with values: [0.7773257177745776, 0.3378016085790885] and parameters: {'psi': 0.5645696148811896, 'lda_t': 3.0103077464421e-07}.
[I 2025-08-09 20:52:30,796] Trial 326 finished with values: [0.7753516952900817, 0.34458259325044405] and parameters: {'psi': 0.9889723132736093, 'lda_t': 3.7279256719368315e-06}.
[I 2025-08-09 20:52:36,212] Trial 327 finished with values: [0.8399905293984948, 0.35435992578849723] and parameters: {'psi': 0.7888164366715184, 'lda_t': 0.583125503130615}.
[I 2025-08-09 20:52:41,620] Trial 328 finished with values: [0.8399476367939821, 0.35435992578849723] and parameters: {'psi': 0.7828241575426427, 'lda_t': 1.240367538175443}.
[I 2025-08-09 20:52:47,034] Trial 329 finished with values: [0.8401027882225252, 0.3479887745556595] and parameters: {'psi': 0.8234122816387234, 'lda_t': 9.191672928527776}.
[I 2025-08-09 20:52:52,442] Trial 330 finished with values: [0.8399536267836397, 0.35435992578849723] and parameters: {'psi': 0.7839744711180173, 'lda_t': 4.701523194598291}.
[I 2025-08-09 20:52:57,956] Trial 331 finished with values: [0.7758556031700309, 0.3392857142857143] and parameters: {'psi': 0.7220525348910503, 'lda_t': 8.607128860092992e-07}.
[I 2025-08-09 20:53:03,356] Trial 332 finished with values: [0.8400602165103155, 0.34831460674157305] and parameters: {'psi': 0.8395315414117224, 'lda_t': 6.2301590800376205}.
[I 2025-08-09 20:53:08,766] Trial 333 finished with values: [0.8102828547991209, 0.3388888888888889] and parameters: {'psi': 0.9356071992128491, 'lda_t': 0.07948068783338312}.
[I 2025-08-09 20:53:14,169] Trial 334 finished with values: [0.8366294499339014, 0.34418604651162793] and parameters: {'psi': 0.7888164366715184, 'lda_t': 0.21503602897039228}.
[I 2025-08-09 20:53:19,580] Trial 335 finished with values: [0.7683596124519477, 0.33037300177619894] and parameters: {'psi': 0.05518985747134042, 'lda_t': 1.1848828309692645e-08}.
[I 2025-08-09 20:53:24,991] Trial 336 finished with values: [0.8400686131922462, 0.35348837209302325] and parameters: {'psi': 0.8009033683408329, 'lda_t': 6.841357722901634}.
[I 2025-08-09 20:53:30,402] Trial 337 finished with values: [0.8419685630367794, 0.34392523364485983] and parameters: {'psi': 0.9109340030778432, 'lda_t': 0.583125503130615}.
[I 2025-08-09 20:53:35,815] Trial 338 finished with values: [0.8419685630367794, 0.34392523364485983] and parameters: {'psi': 0.9109340030778432, 'lda_t': 0.583125503130615}.
[I 2025-08-09 20:53:41,222] Trial 339 finished with values: [0.8432013243011421, 0.34418604651162793] and parameters: {'psi': 0.9439091549510262, 'lda_t': 0.8775226479209445}.
[I 2025-08-09 20:53:46,628] Trial 340 finished with values: [0.8401130032941735, 0.35074626865671643] and parameters: {'psi': 0.8115692412541653, 'lda_t': 9.191672928527776}.
[I 2025-08-09 20:53:52,044] Trial 341 finished with values: [0.7712269991082403, 0.3460514640638864] and parameters: {'psi': 0.9665982152739746, 'lda_t': 1.3659043783595777e-08}.
[I 2025-08-09 20:53:57,454] Trial 342 finished with values: [0.797124345018698, 0.34798534798534797] and parameters: {'psi': 0.9766795139026127, 'lda_t': 0.05409367172037948}.
[I 2025-08-09 20:54:02,863] Trial 343 finished with values: [0.8367327237734454, 0.34629629629629627] and parameters: {'psi': 0.6718029824887942, 'lda_t': 4.303236154365797}.
[I 2025-08-09 20:54:08,272] Trial 344 finished with values: [0.7680095189492788, 0.334525939177102] and parameters: {'psi': 0.05659325878636401, 'lda_t': 9.916569838594095}.
[I 2025-08-09 20:54:13,676] Trial 345 finished with values: [0.7744556035337089, 0.3401969561324978] and parameters: {'psi': 0.7828241575426427, 'lda_t': 1.3059840545095858e-08}.
[I 2025-08-09 20:54:19,088] Trial 346 finished with values: [0.7635302367725252, 0.33184656556645853] and parameters: {'psi': 0.041794512886425994, 'lda_t': 8.378464616783209}.
[I 2025-08-09 20:54:24,499] Trial 347 finished with values: [0.83896329965426, 0.35] and parameters: {'psi': 0.7281020706731518, 'lda_t': 0.583125503130615}.
[I 2025-08-09 20:54:29,904] Trial 348 finished with values: [0.8401027882225252, 0.3479887745556595] and parameters: {'psi': 0.8234122816387234, 'lda_t': 9.191672928527776}.
[I 2025-08-09 20:54:35,311] Trial 349 finished with values: [0.8214475002543071, 0.3330197554092192] and parameters: {'psi': 0.8115692412541653, 'lda_t': 0.09145636867952617}.
[I 2025-08-09 20:54:40,722] Trial 350 finished with values: [0.8395186572668041, 0.3491179201485608] and parameters: {'psi': 0.7506051843370486, 'lda_t': 0.583125503130615}.
[I 2025-08-09 20:54:46,127] Trial 351 finished with values: [0.8399476367939821, 0.35435992578849723] and parameters: {'psi': 0.7828241575426427, 'lda_t': 1.7465792161346896}.
[I 2025-08-09 20:54:51,539] Trial 352 finished with values: [0.802258996242458, 0.3288166214995483] and parameters: {'psi': 0.15637166348634957, 'lda_t': 0.583125503130615}.
[I 2025-08-09 20:54:56,947] Trial 353 finished with values: [0.8426151075454509, 0.3451492537313433] and parameters: {'psi': 0.9237181197084389, 'lda_t': 6.2301590800376205}.
[I 2025-08-09 20:55:02,348] Trial 354 finished with values: [0.7679429337963879, 0.3448888888888889] and parameters: {'psi': 0.9356931547078163, 'lda_t': 2.9097078426771166e-06}.
[I 2025-08-09 20:55:07,755] Trial 355 finished with values: [0.8401130032941735, 0.35074626865671643] and parameters: {'psi': 0.8115692412541653, 'lda_t': 6.2301590800376205}.
[I 2025-08-09 20:55:13,157] Trial 356 finished with values: [0.8385156548914524, 0.34814814814814815] and parameters: {'psi': 0.7137738206993152, 'lda_t': 0.583125503130615}.
[I 2025-08-09 20:55:18,567] Trial 357 finished with values: [0.840104232237889, 0.3479887745556595] and parameters: {'psi': 0.822625924115456, 'lda_t': 9.191672928527776}.
[I 2025-08-09 20:55:23,975] Trial 358 finished with values: [0.8113521749171109, 0.3373493975903614] and parameters: {'psi': 0.9109340030778432, 'lda_t': 0.07932657086725055}.
[I 2025-08-09 20:55:29,374] Trial 359 finished with values: [0.7251890082406213, 0.28522920203735147] and parameters: {'psi': 0.004547650850823648, 'lda_t': 4.1817564751101785e-08}.
[I 2025-08-09 20:55:34,776] Trial 360 finished with values: [0.8436550125356579, 0.35304990757855825] and parameters: {'psi': 0.9766795139026127, 'lda_t': 0.3746870695694132}.
[I 2025-08-09 20:55:40,175] Trial 361 finished with values: [0.8400986701046353, 0.35074626865671643] and parameters: {'psi': 0.8081748226520674, 'lda_t': 4.303236154365797}.
[I 2025-08-09 20:55:45,586] Trial 362 finished with values: [0.7649890131823628, 0.3339285714285714] and parameters: {'psi': 0.04649834682603782, 'lda_t': 0.6176439786750538}.
[I 2025-08-09 20:55:50,999] Trial 363 finished with values: [0.8318276175104939, 0.34838709677419355] and parameters: {'psi': 0.5714395100060775, 'lda_t': 0.583125503130615}.
[I 2025-08-09 20:55:56,416] Trial 364 finished with values: [0.7735851296795324, 0.33183856502242154] and parameters: {'psi': 0.0747731277384226, 'lda_t': 0.583125503130615}.
[I 2025-08-09 20:56:01,829] Trial 365 finished with values: [0.8387295830935109, 0.34967622571692875] and parameters: {'psi': 0.7216403670932376, 'lda_t': 4.701523194598291}.
[I 2025-08-09 20:56:07,237] Trial 366 finished with values: [0.839990850290798, 0.35435992578849723] and parameters: {'psi': 0.7885043331095108, 'lda_t': 6.2301590800376205}.
[I 2025-08-09 20:56:12,649] Trial 367 finished with values: [0.7732830630582256, 0.3434704830053667] and parameters: {'psi': 0.8234122816387234, 'lda_t': 8.092128782623618e-06}.
[I 2025-08-09 20:56:18,058] Trial 368 finished with values: [0.8395643844199941, 0.3492063492063492] and parameters: {'psi': 0.8353141294414208, 'lda_t': 0.46534793569765076}.
[I 2025-08-09 20:56:23,475] Trial 369 finished with values: [0.7764089284646555, 0.3342222222222222] and parameters: {'psi': 0.120926543361362, 'lda_t': 0.00032421651645777905}.
[I 2025-08-09 20:56:28,888] Trial 370 finished with values: [0.8401125754377694, 0.34766355140186916] and parameters: {'psi': 0.8183244845569169, 'lda_t': 1.8630265112418882}.
[I 2025-08-09 20:56:34,297] Trial 371 finished with values: [0.8391547653951024, 0.35315985130111527] and parameters: {'psi': 0.8009033683408329, 'lda_t': 0.3746870695694132}.
[I 2025-08-09 20:56:39,709] Trial 372 finished with values: [0.7763635222037684, 0.3463587921847247] and parameters: {'psi': 0.9889723132736093, 'lda_t': 0.0013396586073788311}.
[I 2025-08-09 20:56:45,121] Trial 373 finished with values: [0.8401027882225252, 0.3479887745556595] and parameters: {'psi': 0.8234122816387234, 'lda_t': 9.191672928527776}.
[I 2025-08-09 20:56:50,537] Trial 374 finished with values: [0.8284162114363665, 0.3415977961432507] and parameters: {'psi': 0.4411661640172988, 'lda_t': 1.519624334297479}.
