[I 2025-08-09 21:13:54,854] Trial 494 finished with values: [0.921370121467293, 0.19274746814766416] and parameters: {'psi': 0.005899956988731803, 'lda_t': 0.00021943524966819855}.
[I 2025-08-09 21:14:01,039] Trial 495 finished with values: [0.9213673574770757, 0.19274746814766416] and parameters: {'psi': 0.005899956988731803, 'lda_t': 0.001017828159341323}.
[I 2025-08-09 21:14:07,201] Trial 496 finished with values: [0.9074324560687509, 0.19975186104218362] and parameters: {'psi': 0.9926826948978675, 'lda_t': 0.2839658007226131}.
[I 2025-08-09 21:14:13,353] Trial 497 finished with values: [0.8752233901520468, 0.18315467075038286] and parameters: {'psi': 0.376809840836111, 'lda_t': 9.221492483987921e-07}.
[I 2025-08-09 21:14:19,529] Trial 498 finished with values: [0.908318689223706, 0.20157977883096367] and parameters: {'psi': 0.7426706370911533, 'lda_t': 1.7434733432127927}.
[I 2025-08-09 21:14:25,715] Trial 499 finished with values: [0.9213673574770757, 0.19274746814766416] and parameters: {'psi': 0.005899956988731803, 'lda_t': 0.017819610244519876}.
