[I 2025-08-09 20:37:53,337] Trial 124 finished with values: [0.8532031235357284, 0.37676842889054357] and parameters: {'psi': 0.08231715447947396, 'lda_t': 0.03909348991590996}.
[I 2025-08-09 20:37:59,499] Trial 125 finished with values: [0.8483411130681718, 0.35285714285714287] and parameters: {'psi': 0.14767218927293513, 'lda_t': 0.0004312016642022132}.
[I 2025-08-09 20:38:05,680] Trial 126 finished with values: [0.8869333711539227, 0.4397824397824398] and parameters: {'psi': 0.62925452981511, 'lda_t': 0.672361189149621}.
[I 2025-08-09 20:38:11,850] Trial 127 finished with values: [0.8465054164051453, 0.3549536707056308] and parameters: {'psi': 0.3774968528389355, 'lda_t': 2.7182200354307535e-06}.
[I 2025-08-09 20:38:18,025] Trial 128 finished with values: [0.8689223440597827, 0.44015444015444016] and parameters: {'psi': 0.22369724139535208, 'lda_t': 1.1973547234988944}.
[I 2025-08-09 20:38:24,186] Trial 129 finished with values: [0.8686853749061152, 0.44049459041731065] and parameters: {'psi': 0.22369724139535208, 'lda_t': 0.0994140283595573}.
[I 2025-08-09 20:38:30,367] Trial 130 finished with values: [0.8226951306981738, 0.30196936542669583] and parameters: {'psi': 0.006389808716450895, 'lda_t': 0.6080476021234246}.
[I 2025-08-09 20:38:36,536] Trial 131 finished with values: [0.8644037017244633, 0.43538461538461537] and parameters: {'psi': 0.1690059898163866, 'lda_t': 0.5201722073752523}.
[I 2025-08-09 20:38:42,703] Trial 132 finished with values: [0.8487672804055367, 0.3702064896755162] and parameters: {'psi': 0.06907840041589663, 'lda_t': 0.009184408740337727}.
[I 2025-08-09 20:38:48,879] Trial 133 finished with values: [0.8781029987826402, 0.4367816091954023] and parameters: {'psi': 0.9272600524679349, 'lda_t': 0.6080476021234246}.
[I 2025-08-09 20:38:55,065] Trial 134 finished with values: [0.8624616060828674, 0.41158059467918623] and parameters: {'psi': 0.4581931682712379, 'lda_t': 0.04411430402684708}.
[I 2025-08-09 20:39:01,228] Trial 135 finished with values: [0.841089239829012, 0.37169406719085063] and parameters: {'psi': 0.6978024895659307, 'lda_t': 4.325647361684862e-05}.
[I 2025-08-09 20:39:07,411] Trial 136 finished with values: [0.8822428447544046, 0.4472243940578577] and parameters: {'psi': 0.531387934901218, 'lda_t': 4.405766134552757}.
[I 2025-08-09 20:39:13,586] Trial 137 finished with values: [0.873616356140124, 0.4397496087636933] and parameters: {'psi': 0.30270729927832507, 'lda_t': 1.8820242369536035}.
[I 2025-08-09 20:39:19,776] Trial 138 finished with values: [0.8416698628264597, 0.3936651583710407] and parameters: {'psi': 0.62925452981511, 'lda_t': 0.026447988256835767}.
[I 2025-08-09 20:39:25,946] Trial 139 finished with values: [0.872904534402184, 0.4414976599063963] and parameters: {'psi': 0.2892669036552453, 'lda_t': 0.6765105009164845}.
[I 2025-08-09 20:39:32,242] Trial 140 finished with values: [0.8822428447544046, 0.4472243940578577] and parameters: {'psi': 0.531387934901218, 'lda_t': 0.6080476021234246}.
[I 2025-08-09 20:39:38,430] Trial 141 finished with values: [0.8709325533332023, 0.4272300469483568] and parameters: {'psi': 0.42403528253506406, 'lda_t': 0.062137430801137664}.
[I 2025-08-09 20:39:44,598] Trial 142 finished with values: [0.8523207891489957, 0.37388724035608306] and parameters: {'psi': 0.07781744071157048, 'lda_t': 8.747847992678173}.
[I 2025-08-09 20:39:50,784] Trial 143 finished with values: [0.8839035145262605, 0.4262023217247098] and parameters: {'psi': 0.847606689405264, 'lda_t': 4.852489189824418}.
[I 2025-08-09 20:39:56,964] Trial 144 finished with values: [0.8650460955574828, 0.4122257053291536] and parameters: {'psi': 0.4476493643630757, 'lda_t': 0.04846465237257389}.
[I 2025-08-09 20:40:03,138] Trial 145 finished with values: [0.876072503989676, 0.4350547730829421] and parameters: {'psi': 0.35949892896533764, 'lda_t': 1.7669602073018607}.
[I 2025-08-09 20:40:09,299] Trial 146 finished with values: [0.8525123873096533, 0.39939024390243905] and parameters: {'psi': 0.18182093208290617, 'lda_t': 0.013434829845841573}.
[I 2025-08-09 20:40:15,461] Trial 147 finished with values: [0.8454814833777595, 0.36065573770491804] and parameters: {'psi': 0.4734681155794105, 'lda_t': 9.352399305417954e-06}.
[I 2025-08-09 20:40:21,639] Trial 148 finished with values: [0.8841227695642693, 0.424192212096106] and parameters: {'psi': 0.8429575954037863, 'lda_t': 2.4257141049011013}.
[I 2025-08-09 20:40:27,823] Trial 149 finished with values: [0.8436446438685617, 0.39201183431952663] and parameters: {'psi': 0.2971569349786686, 'lda_t': 0.010890407346628507}.
[I 2025-08-09 20:40:34,002] Trial 150 finished with values: [0.8841235695565894, 0.424192212096106] and parameters: {'psi': 0.8429575954037863, 'lda_t': 0.7124124006212179}.
[I 2025-08-09 20:40:40,199] Trial 151 finished with values: [0.8822428447544046, 0.4472243940578577] and parameters: {'psi': 0.531387934901218, 'lda_t': 3.784788040791747}.
[I 2025-08-09 20:40:46,391] Trial 152 finished with values: [0.8689564008756945, 0.4216300940438871] and parameters: {'psi': 0.42811372757142485, 'lda_t': 0.05661093307932012}.
[I 2025-08-09 20:40:52,582] Trial 153 finished with values: [0.8834789471735357, 0.44340359094457454] and parameters: {'psi': 0.5505217357775992, 'lda_t': 0.3299581705062346}.
[I 2025-08-09 20:40:58,774] Trial 154 finished with values: [0.8880255892400576, 0.42277691107644305] and parameters: {'psi': 0.7210558702149058, 'lda_t': 0.300892565385504}.
[I 2025-08-09 20:41:04,945] Trial 155 finished with values: [0.8475678633485119, 0.3547925608011445] and parameters: {'psi': 0.30270729927832507, 'lda_t': 0.0006430099272826022}.
[I 2025-08-09 20:41:11,123] Trial 156 finished with values: [0.8644037017244633, 0.43538461538461537] and parameters: {'psi': 0.1690059898163866, 'lda_t': 0.19362285681894073}.
[I 2025-08-09 20:41:17,311] Trial 157 finished with values: [0.8809724569501276, 0.4279766860949209] and parameters: {'psi': 0.8429575954037863, 'lda_t': 0.1924892739915744}.
[I 2025-08-09 20:41:23,507] Trial 158 finished with values: [0.8808294297517602, 0.4489795918367347] and parameters: {'psi': 0.4905621509024374, 'lda_t': 0.1538757081555235}.
[I 2025-08-09 20:41:29,680] Trial 159 finished with values: [0.8880707316638332, 0.4276827371695179] and parameters: {'psi': 0.6806184343438921, 'lda_t': 0.26467742650133674}.
[I 2025-08-09 20:41:35,882] Trial 160 finished with values: [0.8317396152996932, 0.3556851311953353] and parameters: {'psi': 0.9773416891469113, 'lda_t': 0.0016523822743030666}.
[I 2025-08-09 20:41:42,059] Trial 161 finished with values: [0.8411712390418195, 0.37383177570093457] and parameters: {'psi': 0.7062172353170384, 'lda_t': 0.0017783531607835324}.
[I 2025-08-09 20:41:48,240] Trial 162 finished with values: [0.8781029987826402, 0.4367816091954023] and parameters: {'psi': 0.9272600524679349, 'lda_t': 0.6080476021234246}.
[I 2025-08-09 20:41:54,418] Trial 163 finished with values: [0.8876993066580846, 0.42735042735042733] and parameters: {'psi': 0.6686994580134615, 'lda_t': 1.542713030631388}.
[I 2025-08-09 20:42:00,601] Trial 164 finished with values: [0.860033400822209, 0.4040561622464899] and parameters: {'psi': 0.5646219354663743, 'lda_t': 0.0453395479152098}.
[I 2025-08-09 20:42:06,771] Trial 165 finished with values: [0.8615291578915127, 0.4176829268292683] and parameters: {'psi': 0.13932983103555963, 'lda_t': 4.405766134552757}.
[I 2025-08-09 20:42:12,977] Trial 166 finished with values: [0.8806243460062784, 0.4447924823805795] and parameters: {'psi': 0.5001347648719294, 'lda_t': 4.852489189824418}.
[I 2025-08-09 20:42:19,177] Trial 167 finished with values: [0.8422306574428313, 0.3692088382038489] and parameters: {'psi': 0.6525029960737, 'lda_t': 5.570767966378894e-05}.
[I 2025-08-09 20:42:25,361] Trial 168 finished with values: [0.8790765322938615, 0.4364207221350079] and parameters: {'psi': 0.45952613442850054, 'lda_t': 0.3299581705062346}.
[I 2025-08-09 20:42:31,532] Trial 169 finished with values: [0.841175353288037, 0.37142857142857144] and parameters: {'psi': 0.6932669166171325, 'lda_t': 1.8204350637050269e-07}.
[I 2025-08-09 20:42:37,706] Trial 170 finished with values: [0.8329212610987506, 0.36470588235294116] and parameters: {'psi': 0.8701370140720323, 'lda_t': 0.0036972676948901317}.
[I 2025-08-09 20:42:43,877] Trial 171 finished with values: [0.84356481606348, 0.3625981441827266] and parameters: {'psi': 0.5930593910901324, 'lda_t': 1.0048637643121415e-08}.
[I 2025-08-09 20:42:50,061] Trial 172 finished with values: [0.8650460955574828, 0.4122257053291536] and parameters: {'psi': 0.4476493643630757, 'lda_t': 0.04846465237257389}.
[I 2025-08-09 20:42:56,236] Trial 173 finished with values: [0.8452531998549956, 0.3620812544547398] and parameters: {'psi': 0.4905621509024374, 'lda_t': 4.1884840234294934e-08}.
[I 2025-08-09 20:43:02,422] Trial 174 finished with values: [0.8779715714729137, 0.43661971830985913] and parameters: {'psi': 0.42280426435366447, 'lda_t': 0.672361189149621}.
[I 2025-08-09 20:43:08,611] Trial 175 finished with values: [0.8815128517623373, 0.4460093896713615] and parameters: {'psi': 0.5164095403731895, 'lda_t': 0.3488721326735582}.
[I 2025-08-09 20:43:14,782] Trial 176 finished with values: [0.8437116146542136, 0.362339514978602] and parameters: {'psi': 0.5861367735170624, 'lda_t': 1.4932700626648486e-08}.
[I 2025-08-09 20:43:20,959] Trial 177 finished with values: [0.8307375106341837, 0.3561046511627907] and parameters: {'psi': 0.9711516417114039, 'lda_t': 3.0189467736339923e-05}.
[I 2025-08-09 20:43:27,126] Trial 178 finished with values: [0.8413070663093063, 0.34104046242774566] and parameters: {'psi': 0.02649932155884005, 'lda_t': 0.6080476021234246}.
[I 2025-08-09 20:43:33,298] Trial 179 finished with values: [0.8446659483497531, 0.362339514978602] and parameters: {'psi': 0.531387934901218, 'lda_t': 1.8316958328075403e-07}.
[I 2025-08-09 20:43:39,469] Trial 180 finished with values: [0.8452576569550647, 0.3620812544547398] and parameters: {'psi': 0.4905621509024374, 'lda_t': 4.088011589013547e-06}.
[I 2025-08-09 20:43:45,757] Trial 181 finished with values: [0.8446658912074445, 0.362339514978602] and parameters: {'psi': 0.531387934901218, 'lda_t': 6.676711711202496e-08}.
[I 2025-08-09 20:43:51,935] Trial 182 finished with values: [0.8782293404269034, 0.436278342455043] and parameters: {'psi': 0.4320696986998719, 'lda_t': 0.6080476021234246}.
[I 2025-08-09 20:43:58,112] Trial 183 finished with values: [0.8801923501534386, 0.44043887147335425] and parameters: {'psi': 0.4905621509024374, 'lda_t': 0.6080476021234246}.
[I 2025-08-09 20:44:04,281] Trial 184 finished with values: [0.8418309469943375, 0.37142857142857144] and parameters: {'psi': 0.6760576002811629, 'lda_t': 0.0006011880932901931}.
[I 2025-08-09 20:44:10,465] Trial 185 finished with values: [0.8680225812689341, 0.40219092331768386] and parameters: {'psi': 0.5813066817380463, 'lda_t': 0.062137430801137664}.
[I 2025-08-09 20:44:16,639] Trial 186 finished with values: [0.8448397181101347, 0.3628571428571429] and parameters: {'psi': 0.531387934901218, 'lda_t': 0.0002443521062496898}.
[I 2025-08-09 20:44:22,814] Trial 187 finished with values: [0.8355692356781947, 0.35474452554744523] and parameters: {'psi': 0.8359941622575474, 'lda_t': 5.6884053120746015e-05}.
[I 2025-08-09 20:44:28,987] Trial 188 finished with values: [0.8783577391942752, 0.43696162881754114] and parameters: {'psi': 0.43644981226147306, 'lda_t': 1.8820242369536035}.
[I 2025-08-09 20:44:35,153] Trial 189 finished with values: [0.8660228290379841, 0.4355212355212355] and parameters: {'psi': 0.18782849598533846, 'lda_t': 0.4520989417501217}.
[I 2025-08-09 20:44:41,329] Trial 190 finished with values: [0.8761320462752129, 0.4350547730829421] and parameters: {'psi': 0.3617850340123715, 'lda_t': 5.359668980609698}.
[I 2025-08-09 20:44:47,499] Trial 191 finished with values: [0.8350514692201813, 0.35526315789473684] and parameters: {'psi': 0.8429575954037863, 'lda_t': 0.00017037621378922907}.
[I 2025-08-09 20:44:53,681] Trial 192 finished with values: [0.8822428447544046, 0.4472243940578577] and parameters: {'psi': 0.531387934901218, 'lda_t': 3.489378124245372}.
[I 2025-08-09 20:44:59,857] Trial 193 finished with values: [0.8437985281055587, 0.362339514978602] and parameters: {'psi': 0.5813066817380463, 'lda_t': 5.2498377886425295e-08}.
[I 2025-08-09 20:45:06,019] Trial 194 finished with values: [0.8667300793912379, 0.4372093023255814] and parameters: {'psi': 0.22369724139535208, 'lda_t': 0.05613879254289667}.
[I 2025-08-09 20:45:12,196] Trial 195 finished with values: [0.8485621395177463, 0.3526052819414704] and parameters: {'psi': 0.14999336129676555, 'lda_t': 0.0002546419094271064}.
[I 2025-08-09 20:45:18,363] Trial 196 finished with values: [0.8623720640853276, 0.43197540353574176] and parameters: {'psi': 0.1690059898163866, 'lda_t': 0.03491292333069845}.
[I 2025-08-09 20:45:24,563] Trial 197 finished with values: [0.8839035145262605, 0.4262023217247098] and parameters: {'psi': 0.847606689405264, 'lda_t': 4.852489189824418}.
[I 2025-08-09 20:45:30,733] Trial 198 finished with values: [0.8689223440597827, 0.44015444015444016] and parameters: {'psi': 0.22369724139535208, 'lda_t': 0.6080476021234246}.
[I 2025-08-09 20:45:36,913] Trial 199 finished with values: [0.8856216123182361, 0.4428904428904429] and parameters: {'psi': 0.5947422070607663, 'lda_t': 4.852489189824418}.
[I 2025-08-09 20:45:43,096] Trial 200 finished with values: [0.8819437619113142, 0.45019607843137255] and parameters: {'psi': 0.5164095403731895, 'lda_t': 0.1538757081555235}.
[I 2025-08-09 20:45:49,274] Trial 201 finished with values: [0.8689223440597827, 0.44015444015444016] and parameters: {'psi': 0.22369724139535208, 'lda_t': 3.784788040791747}.
[I 2025-08-09 20:45:55,455] Trial 202 finished with values: [0.8398514231406236, 0.36743515850144093] and parameters: {'psi': 0.7434027037602198, 'lda_t': 7.022660291374245e-07}.
[I 2025-08-09 20:46:01,626] Trial 203 finished with values: [0.8652771219110582, 0.43759630200308164] and parameters: {'psi': 0.17908657243221981, 'lda_t': 0.5581534189585151}.
[I 2025-08-09 20:46:07,804] Trial 204 finished with values: [0.8808294297517602, 0.4489795918367347] and parameters: {'psi': 0.4905621509024374, 'lda_t': 0.1538757081555235}.
[I 2025-08-09 20:46:13,991] Trial 205 finished with values: [0.8352962097278153, 0.4100486223662885] and parameters: {'psi': 0.8370974658045698, 'lda_t': 0.044107534733269047}.
[I 2025-08-09 20:46:20,174] Trial 206 finished with values: [0.8761936456838586, 0.436278342455043] and parameters: {'psi': 0.3633651725631468, 'lda_t': 4.852489189824418}.
[I 2025-08-09 20:46:26,356] Trial 207 finished with values: [0.8822428447544046, 0.4472243940578577] and parameters: {'psi': 0.531387934901218, 'lda_t': 4.405766134552757}.
[I 2025-08-09 20:46:32,545] Trial 208 finished with values: [0.8857373826354124, 0.4444444444444444] and parameters: {'psi': 0.5974932230012281, 'lda_t': 0.6080476021234246}.
[I 2025-08-09 20:46:38,726] Trial 209 finished with values: [0.8376307016024076, 0.3572984749455338] and parameters: {'psi': 0.8043828774748405, 'lda_t': 1.2390251590752756e-06}.
[I 2025-08-09 20:46:44,909] Trial 210 finished with values: [0.8454636549774837, 0.3667621776504298] and parameters: {'psi': 0.5001347648719294, 'lda_t': 0.0016739179993624778}.
[I 2025-08-09 20:46:51,090] Trial 211 finished with values: [0.877857343998069, 0.43842364532019706] and parameters: {'psi': 0.928328500907984, 'lda_t': 4.852489189824418}.
[I 2025-08-09 20:46:57,273] Trial 212 finished with values: [0.8814289097110382, 0.4460093896713615] and parameters: {'psi': 0.5164095403731895, 'lda_t': 4.852489189824418}.
[I 2025-08-09 20:47:03,458] Trial 213 finished with values: [0.8562912653181387, 0.3941368078175896] and parameters: {'psi': 0.9711516417114039, 'lda_t': 0.09703374058905707}.
[I 2025-08-09 20:47:09,628] Trial 214 finished with values: [0.8307168251184789, 0.3561046511627907] and parameters: {'psi': 0.9711516417114039, 'lda_t': 1.0840798406083958e-08}.
[I 2025-08-09 20:47:15,812] Trial 215 finished with values: [0.8806243460062784, 0.4447924823805795] and parameters: {'psi': 0.5001347648719294, 'lda_t': 4.852489189824418}.
[I 2025-08-09 20:47:21,966] Trial 216 finished with values: [0.8447174335697806, 0.362339514978602] and parameters: {'psi': 0.531387934901218, 'lda_t': 6.420840362014544e-05}.
[I 2025-08-09 20:47:28,149] Trial 217 finished with values: [0.8434657313004081, 0.3945371775417299] and parameters: {'psi': 0.62925452981511, 'lda_t': 0.02873611630222218}.
[I 2025-08-09 20:47:34,433] Trial 218 finished with values: [0.8442551522933952, 0.3925925925925926] and parameters: {'psi': 0.2928502813780307, 'lda_t': 0.011234480945001709}.
[I 2025-08-09 20:47:40,615] Trial 219 finished with values: [0.8777895732200971, 0.4320785597381342] and parameters: {'psi': 0.9450693244107707, 'lda_t': 0.3429099542346227}.
[I 2025-08-09 20:47:46,794] Trial 220 finished with values: [0.8732222456378704, 0.4418423106947697] and parameters: {'psi': 0.29529468742490406, 'lda_t': 2.4257141049011013}.
[I 2025-08-09 20:47:52,978] Trial 221 finished with values: [0.8404717600425321, 0.36951833213515456] and parameters: {'psi': 0.7210558702149058, 'lda_t': 3.654400012741992e-06}.
[I 2025-08-09 20:47:59,166] Trial 222 finished with values: [0.8477354045972587, 0.35235378031383735] and parameters: {'psi': 0.23868402502118313, 'lda_t': 1.2059342372855468e-05}.
[I 2025-08-09 20:48:05,349] Trial 223 finished with values: [0.8814289097110382, 0.4460093896713615] and parameters: {'psi': 0.5164095403731895, 'lda_t': 3.489378124245372}.
[I 2025-08-09 20:48:11,530] Trial 224 finished with values: [0.8780575135050132, 0.43661971830985913] and parameters: {'psi': 0.4257511434187077, 'lda_t': 0.672361189149621}.
[I 2025-08-09 20:48:17,697] Trial 225 finished with values: [0.8689223440597827, 0.44015444015444016] and parameters: {'psi': 0.22369724139535208, 'lda_t': 1.7669602073018607}.
[I 2025-08-09 20:48:23,887] Trial 226 finished with values: [0.8385091503121571, 0.3727338651196519] and parameters: {'psi': 0.7332031713719119, 'lda_t': 0.00473178502780617}.
[I 2025-08-09 20:48:30,075] Trial 227 finished with values: [0.8794888711925508, 0.4263565891472868] and parameters: {'psi': 0.6080791227246246, 'lda_t': 0.09941556929383821}.
[I 2025-08-09 20:48:36,258] Trial 228 finished with values: [0.8419483744384626, 0.37249283667621774] and parameters: {'psi': 0.6761997469517114, 'lda_t': 0.0018441764185853436}.
[I 2025-08-09 20:48:42,421] Trial 229 finished with values: [0.8641541041206005, 0.43010752688172044] and parameters: {'psi': 0.16603890193251103, 'lda_t': 0.3201755628547036}.
[I 2025-08-09 20:48:48,615] Trial 230 finished with values: [0.8256035599201106, 0.30174927113702626] and parameters: {'psi': 0.007251374966122048, 'lda_t': 1.5725464691890059}.
[I 2025-08-09 20:48:54,797] Trial 231 finished with values: [0.8799307526647745, 0.4397496087636933] and parameters: {'psi': 0.48353016457408415, 'lda_t': 3.489378124245372}.
[I 2025-08-09 20:49:00,980] Trial 232 finished with values: [0.8822428447544046, 0.4472243940578577] and parameters: {'psi': 0.531387934901218, 'lda_t': 0.6080476021234246}.
[I 2025-08-09 20:49:07,157] Trial 233 finished with values: [0.8453557131565822, 0.36649964209019326] and parameters: {'psi': 0.5164095403731895, 'lda_t': 0.0013083244556016573}.
[I 2025-08-09 20:49:13,341] Trial 234 finished with values: [0.8391346300218376, 0.35942028985507246] and parameters: {'psi': 0.7673299578668119, 'lda_t': 3.509241346863418e-08}.
[I 2025-08-09 20:49:19,535] Trial 235 finished with values: [0.8822428447544046, 0.4472243940578577] and parameters: {'psi': 0.531387934901218, 'lda_t': 1.542713030631388}.
[I 2025-08-09 20:49:25,732] Trial 236 finished with values: [0.8822428447544046, 0.4472243940578577] and parameters: {'psi': 0.531387934901218, 'lda_t': 3.489378124245372}.
[I 2025-08-09 20:49:31,903] Trial 237 finished with values: [0.8482208285086178, 0.349002849002849] and parameters: {'psi': 0.17575669814851924, 'lda_t': 2.802188614335646e-05}.
[I 2025-08-09 20:49:38,098] Trial 238 finished with values: [0.8361737441606274, 0.36376917457998537] and parameters: {'psi': 0.8359941622575474, 'lda_t': 0.002412996539878674}.
[I 2025-08-09 20:49:44,297] Trial 239 finished with values: [0.8853247580251801, 0.4275062137531069] and parameters: {'psi': 0.8429575954037863, 'lda_t': 0.3299581705062346}.
[I 2025-08-09 20:49:50,479] Trial 240 finished with values: [0.8827193544656257, 0.4460093896713615] and parameters: {'psi': 0.531387934901218, 'lda_t': 0.28054502480665666}.
[I 2025-08-09 20:49:56,639] Trial 241 finished with values: [0.8464298171308985, 0.3549536707056308] and parameters: {'psi': 0.38476558556710727, 'lda_t': 3.284279720668654e-08}.
[I 2025-08-09 20:50:02,814] Trial 242 finished with values: [0.8458066802558695, 0.3592302209550962] and parameters: {'psi': 0.45107662277442984, 'lda_t': 5.7542989715866796e-05}.
[I 2025-08-09 20:50:08,999] Trial 243 finished with values: [0.8764378147684068, 0.4338292873923258] and parameters: {'psi': 0.37039126967587144, 'lda_t': 2.4257141049011013}.
[I 2025-08-09 20:50:15,189] Trial 244 finished with values: [0.8603380264692314, 0.4028103044496487] and parameters: {'psi': 0.5164095403731895, 'lda_t': 0.042658364296364645}.
[I 2025-08-09 20:50:21,367] Trial 245 finished with values: [0.8686853749061152, 0.44049459041731065] and parameters: {'psi': 0.22369724139535208, 'lda_t': 0.0994140283595573}.
[I 2025-08-09 20:50:27,554] Trial 246 finished with values: [0.8532902655563077, 0.4049268668206313] and parameters: {'psi': 0.22369724139535208, 'lda_t': 0.01678934971941236}.
[I 2025-08-09 20:50:33,748] Trial 247 finished with values: [0.8801485791450689, 0.41134751773049644] and parameters: {'psi': 0.7229216475283702, 'lda_t': 0.13029217372719018}.
