[I 2025-08-09 21:11:32,336] Trial 0 finished with values: [0.9031888441229101, 0.27102803738317754] and parameters: {'psi': 0.37389092074303054, 'lda_t': 1.0020242759251446e-07}.
[I 2025-08-09 21:11:38,608] Trial 1 finished with values: [0.9038670807214765, 0.2704225352112676] and parameters: {'psi': 0.4089892376539275, 'lda_t': 0.0009209046658921233}.
[I 2025-08-09 21:11:44,757] Trial 2 finished with values: [0.9098193473193473, 0.2914669223394056] and parameters: {'psi': 0.1554197992341747, 'lda_t': 0.007515296345019518}.
[I 2025-08-09 21:11:50,913] Trial 3 finished with values: [0.8895454362487328, 0.2687140115163148] and parameters: {'psi': 0.8294414859404675, 'lda_t': 5.158880341832587e-06}.
[I 2025-08-09 21:11:57,079] Trial 4 finished with values: [0.9377344267454158, 0.4293304994686504] and parameters: {'psi': 0.36218686005051237, 'lda_t': 0.14826453708967843}.
[I 2025-08-09 21:12:03,219] Trial 5 finished with values: [0.8974270921386308, 0.27169811320754716] and parameters: {'psi': 0.6275159410380013, 'lda_t': 1.7668149542319874e-07}.
[I 2025-08-09 21:12:09,362] Trial 6 finished with values: [0.9063341649193298, 0.2692664809656453] and parameters: {'psi': 0.11082590721310448, 'lda_t': 0.0001867694250060793}.
[I 2025-08-09 21:12:15,525] Trial 7 finished with values: [0.9058603941845701, 0.27001862197392923] and parameters: {'psi': 0.15251785438929655, 'lda_t': 5.435988371875552e-06}.
[I 2025-08-09 21:12:21,670] Trial 8 finished with values: [0.8967139774145269, 0.27169811320754716] and parameters: {'psi': 0.6502394458756581, 'lda_t': 1.4785843033930231e-06}.
[I 2025-08-09 21:12:27,823] Trial 9 finished with values: [0.8906846358769436, 0.2714148219441771] and parameters: {'psi': 0.8156200510232963, 'lda_t': 0.0005524439223015073}.
[I 2025-08-09 21:12:33,981] Trial 10 finished with values: [0.9393807886252941, 0.44139387539598735] and parameters: {'psi': 0.4247800663626399, 'lda_t': 0.15401808026438094}.
[I 2025-08-09 21:12:40,136] Trial 11 finished with values: [0.9052362472692144, 0.26865671641791045] and parameters: {'psi': 0.06930294717995455, 'lda_t': 0.0006141840267333758}.
[I 2025-08-09 21:12:46,284] Trial 12 finished with values: [0.9111809664694279, 0.30547550432276654] and parameters: {'psi': 0.10924701177708507, 'lda_t': 1.1571214045708218}.
[I 2025-08-09 21:12:52,426] Trial 13 finished with values: [0.9039481580690372, 0.26879699248120303] and parameters: {'psi': 0.43104635357867915, 'lda_t': 0.0015361400309286226}.
[I 2025-08-09 21:12:58,572] Trial 14 finished with values: [0.9170946955974429, 0.3260437375745527] and parameters: {'psi': 0.16557326121469695, 'lda_t': 0.12234439479390126}.
[I 2025-08-09 21:13:04,728] Trial 15 finished with values: [0.9076175655845985, 0.2859848484848485] and parameters: {'psi': 0.12118143689391792, 'lda_t': 0.004110324638109078}.
[I 2025-08-09 21:13:10,884] Trial 16 finished with values: [0.9393134338189282, 0.4418604651162791] and parameters: {'psi': 0.40652677960261585, 'lda_t': 0.4935131079944695}.
[I 2025-08-09 21:13:17,033] Trial 17 finished with values: [0.8871125440493571, 0.2689721421709894] and parameters: {'psi': 0.8814720483806645, 'lda_t': 1.878900708892976e-08}.
[I 2025-08-09 21:13:23,195] Trial 18 finished with values: [0.8975019943426538, 0.27169811320754716] and parameters: {'psi': 0.6250196697348618, 'lda_t': 2.6857014052844533e-07}.
[I 2025-08-09 21:13:29,339] Trial 19 finished with values: [0.8871023664979709, 0.2782608695652174] and parameters: {'psi': 0.9667935484576027, 'lda_t': 6.221167007959313e-07}.
[I 2025-08-09 21:13:35,488] Trial 20 finished with values: [0.908356295718933, 0.286527514231499] and parameters: {'psi': 0.13728194581130615, 'lda_t': 0.005041369565548922}.
[I 2025-08-09 21:13:41,649] Trial 21 finished with values: [0.9236619607498728, 0.3254437869822485] and parameters: {'psi': 0.7209675587553595, 'lda_t': 0.05747932490847467}.
[I 2025-08-09 21:13:47,802] Trial 22 finished with values: [0.907037445155577, 0.28382213812677387] and parameters: {'psi': 0.1079854803499598, 'lda_t': 0.0034976554349279484}.
[I 2025-08-09 21:13:53,943] Trial 23 finished with values: [0.8874098657752505, 0.2755980861244019] and parameters: {'psi': 0.989084534002186, 'lda_t': 1.0405350443893168e-06}.
[I 2025-08-09 21:14:00,096] Trial 24 finished with values: [0.9162943283822405, 0.2972972972972973] and parameters: {'psi': 0.2460712667587801, 'lda_t': 0.015506262703756752}.
[I 2025-08-09 21:14:06,243] Trial 25 finished with values: [0.8933783707135354, 0.2721217887725975] and parameters: {'psi': 0.7422051449089537, 'lda_t': 2.6464342202304165e-06}.
[I 2025-08-09 21:14:12,394] Trial 26 finished with values: [0.9027586424564445, 0.26879699248120303] and parameters: {'psi': 0.48618099531048464, 'lda_t': 0.0015905712995376766}.
[I 2025-08-09 21:14:18,543] Trial 27 finished with values: [0.924073179567685, 0.3243781094527363] and parameters: {'psi': 0.36813045713288317, 'lda_t': 0.03414771726047479}.
[I 2025-08-09 21:14:24,690] Trial 28 finished with values: [0.9004412483121275, 0.27230046948356806] and parameters: {'psi': 0.5213138242052282, 'lda_t': 9.16370263720538e-05}.
[I 2025-08-09 21:14:30,846] Trial 29 finished with values: [0.9446091911751253, 0.4749455337690632] and parameters: {'psi': 0.823682730911673, 'lda_t': 0.13601664132415672}.
[I 2025-08-09 21:14:37,000] Trial 30 finished with values: [0.9101509753982281, 0.3029721955896453] and parameters: {'psi': 0.10132004783948567, 'lda_t': 0.07815878373801256}.
[I 2025-08-09 21:14:43,146] Trial 31 finished with values: [0.9061484531951565, 0.2702702702702703] and parameters: {'psi': 0.20360611426801134, 'lda_t': 0.00014688252887342805}.
[I 2025-08-09 21:14:49,302] Trial 32 finished with values: [0.9035838246003081, 0.27052238805970147] and parameters: {'psi': 0.35051643933708587, 'lda_t': 3.4602517488350616e-08}.
[I 2025-08-09 21:14:55,444] Trial 33 finished with values: [0.9004818441631627, 0.27204502814258913] and parameters: {'psi': 0.5138194541395806, 'lda_t': 2.8710472257644396e-08}.
[I 2025-08-09 21:15:01,594] Trial 34 finished with values: [0.9523632274319087, 0.539906103286385] and parameters: {'psi': 0.9294209350136886, 'lda_t': 1.3971093428867183}.
[I 2025-08-09 21:15:07,761] Trial 35 finished with values: [0.8985259246248257, 0.2714420358152686] and parameters: {'psi': 0.5900161608991531, 'lda_t': 1.2137786875676755e-08}.
[I 2025-08-09 21:15:13,914] Trial 36 finished with values: [0.9419451885111225, 0.4657236126224157] and parameters: {'psi': 0.5967760447762293, 'lda_t': 1.2209733228569408}.
[I 2025-08-09 21:15:20,079] Trial 37 finished with values: [0.900055187486506, 0.27204502814258913] and parameters: {'psi': 0.5321030123484486, 'lda_t': 4.193996944820954e-07}.
[I 2025-08-09 21:15:26,232] Trial 38 finished with values: [0.8901377926103201, 0.27089337175792505] and parameters: {'psi': 0.8167891577569407, 'lda_t': 2.44425097345722e-05}.
[I 2025-08-09 21:15:32,387] Trial 39 finished with values: [0.8897565346741172, 0.2694898941289702] and parameters: {'psi': 0.8384695162644455, 'lda_t': 0.0006566365444670151}.
[I 2025-08-09 21:15:38,544] Trial 40 finished with values: [0.9125760914909266, 0.2835538752362949] and parameters: {'psi': 0.3076074566294952, 'lda_t': 0.007995930202064532}.
[I 2025-08-09 21:15:44,788] Trial 41 finished with values: [0.9015500296406889, 0.27230046948356806] and parameters: {'psi': 0.46521759097208126, 'lda_t': 9.545184811269354e-08}.
[I 2025-08-09 21:15:50,932] Trial 42 finished with values: [0.9020024160820865, 0.2698706099815157] and parameters: {'psi': 0.051537920264127624, 'lda_t': 1.0704137546095623e-05}.
[I 2025-08-09 21:15:57,072] Trial 43 finished with values: [0.9405727056825959, 0.45610278372591007] and parameters: {'psi': 0.5342928165501648, 'lda_t': 5.320026795769765}.
[I 2025-08-09 21:16:03,222] Trial 44 finished with values: [0.9045863705891177, 0.27052238805970147] and parameters: {'psi': 0.2877030064339795, 'lda_t': 2.963050585889265e-07}.
[I 2025-08-09 21:16:09,364] Trial 45 finished with values: [0.9059145982222906, 0.2702702702702703] and parameters: {'psi': 0.13705739010668727, 'lda_t': 1.6886615455470747e-05}.
[I 2025-08-09 21:16:15,525] Trial 46 finished with values: [0.8995885067313638, 0.2725563909774436] and parameters: {'psi': 0.5503696428557409, 'lda_t': 2.577379732669735e-06}.
[I 2025-08-09 21:16:21,682] Trial 47 finished with values: [0.8881806151723735, 0.2692307692307692] and parameters: {'psi': 0.8648822154297028, 'lda_t': 0.00029652812027258524}.
[I 2025-08-09 21:16:27,848] Trial 48 finished with values: [0.9042676645698623, 0.2707749766573296] and parameters: {'psi': 0.3435309212932728, 'lda_t': 0.00024518751853663524}.
[I 2025-08-09 21:16:33,994] Trial 49 finished with values: [0.9394990311885916, 0.4418604651162791] and parameters: {'psi': 0.41665254296268406, 'lda_t': 4.484485971314512}.
[I 2025-08-09 21:16:40,145] Trial 50 finished with values: [0.9045863705891177, 0.27052238805970147] and parameters: {'psi': 0.2877030064339795, 'lda_t': 2.963050585889265e-07}.
[I 2025-08-09 21:16:46,291] Trial 51 finished with values: [0.8871236364368233, 0.2782608695652174] and parameters: {'psi': 0.9667935484576027, 'lda_t': 3.029718735342372e-05}.
[I 2025-08-09 21:16:52,452] Trial 52 finished with values: [0.8905364324320368, 0.2688588007736944] and parameters: {'psi': 0.8488391757580117, 'lda_t': 0.0021508053041487856}.
[I 2025-08-09 21:16:58,611] Trial 53 finished with values: [0.9164750085079756, 0.30029440628066734] and parameters: {'psi': 0.9594397795655372, 'lda_t': 0.05747932490847467}.
[I 2025-08-09 21:17:04,757] Trial 54 finished with values: [0.9404150108133624, 0.453475935828877] and parameters: {'psi': 0.5204995678952173, 'lda_t': 5.320026795769765}.
[I 2025-08-09 21:17:10,898] Trial 55 finished with values: [0.91523849319179, 0.3188976377952756] and parameters: {'psi': 0.15251785438929655, 'lda_t': 0.03414771726047479}.
[I 2025-08-09 21:17:17,058] Trial 56 finished with values: [0.9322893223992125, 0.3887147335423197] and parameters: {'psi': 0.28665162625471996, 'lda_t': 1.1571214045708218}.
[I 2025-08-09 21:17:23,210] Trial 57 finished with values: [0.90563763159917, 0.27052238805970147] and parameters: {'psi': 0.1974347577935125, 'lda_t': 7.487954784287447e-07}.
[I 2025-08-09 21:17:29,365] Trial 58 finished with values: [0.9026177577001753, 0.27128157156220767] and parameters: {'psi': 0.40652677960261585, 'lda_t': 1.442477135317489e-07}.
[I 2025-08-09 21:17:35,514] Trial 59 finished with values: [0.8899392731810315, 0.2693798449612403] and parameters: {'psi': 0.8874245754859122, 'lda_t': 0.0034976554349279484}.
[I 2025-08-09 21:17:41,662] Trial 60 finished with values: [0.8898004468059413, 0.2692307692307692] and parameters: {'psi': 0.823682730911673, 'lda_t': 3.4602517488350616e-08}.
[I 2025-08-09 21:17:47,821] Trial 61 finished with values: [0.9136387879519747, 0.3125] and parameters: {'psi': 0.13049891081852572, 'lda_t': 1.2021664492733373}.
[I 2025-08-09 21:17:53,980] Trial 62 finished with values: [0.9393134338189282, 0.4418604651162791] and parameters: {'psi': 0.40652677960261585, 'lda_t': 0.4935131079944695}.
[I 2025-08-09 21:18:00,122] Trial 63 finished with values: [0.90021162445613, 0.2730696798493409] and parameters: {'psi': 0.5342928165501648, 'lda_t': 0.00016317559350125595}.
[I 2025-08-09 21:18:06,270] Trial 64 finished with values: [0.9060416460828549, 0.28163653663177923] and parameters: {'psi': 0.5967760447762293, 'lda_t': 0.007995930202064532}.
[I 2025-08-09 21:18:12,428] Trial 65 finished with values: [0.9030480737211507, 0.26876737720111216] and parameters: {'psi': 0.057524674576360346, 'lda_t': 3.927478883688439e-05}.
[I 2025-08-09 21:18:18,595] Trial 66 finished with values: [0.9051345861098608, 0.27001862197392923] and parameters: {'psi': 0.2460712667587801, 'lda_t': 2.8352668967973396e-08}.
[I 2025-08-09 21:18:24,743] Trial 67 finished with values: [0.8936394420597717, 0.2759961127308066] and parameters: {'psi': 0.8978254606215861, 'lda_t': 0.007995930202064532}.
[I 2025-08-09 21:18:30,916] Trial 68 finished with values: [0.9045863705891178, 0.27052238805970147] and parameters: {'psi': 0.2877030064339795, 'lda_t': 4.193996944820954e-07}.
[I 2025-08-09 21:18:37,085] Trial 69 finished with values: [0.887380019248151, 0.2692307692307692] and parameters: {'psi': 0.8875435321012737, 'lda_t': 0.0005524439223015073}.
[I 2025-08-09 21:18:43,237] Trial 70 finished with values: [0.9000569028041555, 0.27204502814258913] and parameters: {'psi': 0.5321030123484486, 'lda_t': 1.7014431586374355e-06}.
[I 2025-08-09 21:18:49,385] Trial 71 finished with values: [0.9147012557040028, 0.28844317096466093] and parameters: {'psi': 0.6250196697348618, 'lda_t': 0.019957611060271566}.
[I 2025-08-09 21:18:55,543] Trial 72 finished with values: [0.9097016765285996, 0.3035542747358309] and parameters: {'psi': 0.09792071084536291, 'lda_t': 0.4935131079944695}.
[I 2025-08-09 21:19:01,701] Trial 73 finished with values: [0.9150444335883896, 0.3185840707964602] and parameters: {'psi': 0.14998183229058115, 'lda_t': 0.03414771726047479}.
[I 2025-08-09 21:19:07,856] Trial 74 finished with values: [0.9137152911191372, 0.3006789524733269] and parameters: {'psi': 0.16557326121469695, 'lda_t': 0.015506262703756752}.
[I 2025-08-09 21:19:14,009] Trial 75 finished with values: [0.9133817190135872, 0.31189083820662766] and parameters: {'psi': 0.12821844791989856, 'lda_t': 1.2209733228569408}.
[I 2025-08-09 21:19:20,188] Trial 76 finished with values: [0.9416510687115082, 0.46304347826086956] and parameters: {'psi': 0.5871759744759442, 'lda_t': 0.4935131079944695}.
[I 2025-08-09 21:19:26,338] Trial 77 finished with values: [0.9394990311885916, 0.4418604651162791] and parameters: {'psi': 0.41665254296268406, 'lda_t': 2.2916277855980725}.
[I 2025-08-09 21:19:32,616] Trial 78 finished with values: [0.9052362472692144, 0.26865671641791045] and parameters: {'psi': 0.06930294717995455, 'lda_t': 0.0006141840267333758}.
[I 2025-08-09 21:19:38,773] Trial 79 finished with values: [0.9058003580668413, 0.27001862197392923] and parameters: {'psi': 0.172715219430989, 'lda_t': 3.220719743966171e-06}.
[I 2025-08-09 21:19:44,922] Trial 80 finished with values: [0.9058183117249052, 0.2702702702702703] and parameters: {'psi': 0.13728194581130615, 'lda_t': 2.577379732669735e-06}.
[I 2025-08-09 21:19:51,073] Trial 81 finished with values: [0.9411026244817455, 0.4696969696969697] and parameters: {'psi': 0.6250196697348618, 'lda_t': 0.12357847467188993}.
[I 2025-08-09 21:19:57,220] Trial 82 finished with values: [0.9333262890955198, 0.39344262295081966] and parameters: {'psi': 0.4247800663626399, 'lda_t': 0.058306918458216825}.
[I 2025-08-09 21:20:03,381] Trial 83 finished with values: [0.9003174023778419, 0.2730696798493409] and parameters: {'psi': 0.5291671815444156, 'lda_t': 0.00014688252887342805}.
[I 2025-08-09 21:20:09,530] Trial 84 finished with values: [0.8862333865767931, 0.2684563758389262] and parameters: {'psi': 0.9044187580960761, 'lda_t': 2.8548647128202826e-05}.
[I 2025-08-09 21:20:15,684] Trial 85 finished with values: [0.9446091911751253, 0.4749455337690632] and parameters: {'psi': 0.823682730911673, 'lda_t': 0.13601664132415672}.
[I 2025-08-09 21:20:21,842] Trial 86 finished with values: [0.9325896173423646, 0.38046795523906407] and parameters: {'psi': 0.7436009734775381, 'lda_t': 0.08030456695192471}.
[I 2025-08-09 21:20:28,001] Trial 87 finished with values: [0.919417807467258, 0.32770605759682225] and parameters: {'psi': 0.18847842496588363, 'lda_t': 0.11717308175188766}.
[I 2025-08-09 21:20:34,154] Trial 88 finished with values: [0.9058051609562598, 0.27001862197392923] and parameters: {'psi': 0.17006325471280404, 'lda_t': 1.7668149542319874e-07}.
[I 2025-08-09 21:20:40,314] Trial 89 finished with values: [0.9143429830243018, 0.31341821743388837] and parameters: {'psi': 0.13705739010668727, 'lda_t': 0.13601664132415672}.
[I 2025-08-09 21:20:46,476] Trial 90 finished with values: [0.9181449274169053, 0.32969215491559084] and parameters: {'psi': 0.19003498893498183, 'lda_t': 0.03414771726047479}.
[I 2025-08-09 21:20:52,629] Trial 91 finished with values: [0.8898006755149612, 0.2692307692307692] and parameters: {'psi': 0.823682730911673, 'lda_t': 4.193996944820954e-07}.
[I 2025-08-09 21:20:58,785] Trial 92 finished with values: [0.9170946955974429, 0.3260437375745527] and parameters: {'psi': 0.16557326121469695, 'lda_t': 0.1197194874952397}.
[I 2025-08-09 21:21:04,938] Trial 93 finished with values: [0.8898250330255826, 0.2692307692307692] and parameters: {'psi': 0.823682730911673, 'lda_t': 2.44425097345722e-05}.
[I 2025-08-09 21:21:11,095] Trial 94 finished with values: [0.9002582810961932, 0.2730696798493409] and parameters: {'psi': 0.5321030123484486, 'lda_t': 0.0001599240576147055}.
[I 2025-08-09 21:21:17,244] Trial 95 finished with values: [0.8929315876431262, 0.2716049382716049] and parameters: {'psi': 0.758598095697693, 'lda_t': 0.00024518751853663524}.
[I 2025-08-09 21:21:23,403] Trial 96 finished with values: [0.9010259429215474, 0.2717900656044986] and parameters: {'psi': 0.49014947298082645, 'lda_t': 3.7604363028996006e-08}.
[I 2025-08-09 21:21:29,551] Trial 97 finished with values: [0.9110177825837168, 0.30518234165067176] and parameters: {'psi': 0.1079854803499598, 'lda_t': 5.320026795769765}.
[I 2025-08-09 21:21:35,698] Trial 98 finished with values: [0.889575625839362, 0.2687140115163148] and parameters: {'psi': 0.8287533779162265, 'lda_t': 2.0261882860779073e-08}.
[I 2025-08-09 21:21:41,849] Trial 99 finished with values: [0.9013141162866438, 0.2717900656044986] and parameters: {'psi': 0.4775330047349132, 'lda_t': 1.0704137546095623e-05}.
[I 2025-08-09 21:21:47,997] Trial 100 finished with values: [0.9370806620119808, 0.42902208201892744] and parameters: {'psi': 0.40652677960261585, 'lda_t': 0.08332788541876424}.
[I 2025-08-09 21:21:54,142] Trial 101 finished with values: [0.9122475509838147, 0.285442435775452] and parameters: {'psi': 0.6119414315590953, 'lda_t': 0.015506262703756752}.
[I 2025-08-09 21:22:00,305] Trial 102 finished with values: [0.9035546642002685, 0.27102803738317754] and parameters: {'psi': 0.36813045713288317, 'lda_t': 0.00011289893447015634}.
[I 2025-08-09 21:22:06,458] Trial 103 finished with values: [0.9034662681640704, 0.2707749766573296] and parameters: {'psi': 0.36218686005051237, 'lda_t': 2.8410025486017845e-05}.
[I 2025-08-09 21:22:12,603] Trial 104 finished with values: [0.9418140238881997, 0.46551724137931033] and parameters: {'psi': 0.6931589172217208, 'lda_t': 0.1197194874952397}.
[I 2025-08-09 21:22:18,742] Trial 105 finished with values: [0.9417312312229895, 0.477124183006536] and parameters: {'psi': 0.6250196697348618, 'lda_t': 0.15081950660458954}.
[I 2025-08-09 21:22:24,885] Trial 106 finished with values: [0.9475821797250368, 0.4857142857142857] and parameters: {'psi': 0.7534388567627393, 'lda_t': 5.320026795769765}.
[I 2025-08-09 21:22:31,028] Trial 107 finished with values: [0.906620279903247, 0.2702702702702703] and parameters: {'psi': 0.16761731102287913, 'lda_t': 0.00021832937293037326}.
[I 2025-08-09 21:22:37,184] Trial 108 finished with values: [0.9067296028147676, 0.2889733840304182] and parameters: {'psi': 0.07541292849808334, 'lda_t': 0.12234439479390126}.
[I 2025-08-09 21:22:43,327] Trial 109 finished with values: [0.900166797488226, 0.27204502814258913] and parameters: {'psi': 0.5274877597368309, 'lda_t': 6.399810633324635e-08}.
[I 2025-08-09 21:22:49,480] Trial 110 finished with values: [0.90285561508089, 0.2696629213483146] and parameters: {'psi': 0.41665254296268406, 'lda_t': 0.0002214635019389073}.
[I 2025-08-09 21:22:55,635] Trial 111 finished with values: [0.9181449274169053, 0.32969215491559084] and parameters: {'psi': 0.19003498893498183, 'lda_t': 0.03414771726047479}.
[I 2025-08-09 21:23:01,786] Trial 112 finished with values: [0.8999984676495665, 0.27204502814258913] and parameters: {'psi': 0.5342928165501648, 'lda_t': 1.8253536046262017e-07}.
[I 2025-08-09 21:23:08,030] Trial 113 finished with values: [0.9052314443797961, 0.27087198515769945] and parameters: {'psi': 0.09792071084536291, 'lda_t': 3.686491590323237e-06}.
[I 2025-08-09 21:23:14,189] Trial 114 finished with values: [0.9350173635887921, 0.41014799154334036] and parameters: {'psi': 0.31400656917296976, 'lda_t': 1.2209733228569408}.
[I 2025-08-09 21:23:20,326] Trial 115 finished with values: [0.9399985316880921, 0.4587352625937835] and parameters: {'psi': 0.5342928165501648, 'lda_t': 0.12357847467188993}.
[I 2025-08-09 21:23:26,470] Trial 116 finished with values: [0.9267496468732733, 0.35175879396984927] and parameters: {'psi': 0.8702284548520497, 'lda_t': 0.08030456695192471}.
[I 2025-08-09 21:23:32,613] Trial 117 finished with values: [0.9026177577001753, 0.27128157156220767] and parameters: {'psi': 0.40652677960261585, 'lda_t': 1.442477135317489e-07}.
[I 2025-08-09 21:23:38,770] Trial 118 finished with values: [0.8858650507002155, 0.27413127413127414] and parameters: {'psi': 0.934617572976677, 'lda_t': 7.558631229837762e-07}.
[I 2025-08-09 21:23:44,911] Trial 119 finished with values: [0.938822052489635, 0.4345991561181435] and parameters: {'psi': 0.41665254296268406, 'lda_t': 0.12234439479390126}.
[I 2025-08-09 21:23:51,057] Trial 120 finished with values: [0.9024317029124722, 0.27128157156220767] and parameters: {'psi': 0.4168558496976189, 'lda_t': 1.2514988127561181e-08}.
[I 2025-08-09 21:23:57,204] Trial 121 finished with values: [0.919417807467258, 0.32770605759682225] and parameters: {'psi': 0.18847842496588363, 'lda_t': 0.11717308175188766}.
[I 2025-08-09 21:24:03,345] Trial 122 finished with values: [0.900091780929693, 0.27204502814258913] and parameters: {'psi': 0.5304168881103183, 'lda_t': 2.469904190399728e-07}.
[I 2025-08-09 21:24:09,495] Trial 123 finished with values: [0.9160749964321393, 0.3241106719367589] and parameters: {'psi': 0.16557326121469695, 'lda_t': 0.030454443501255875}.
