[I 2025-08-09 20:25:07,266] Trial 0 finished with values: [0.8372724193276316, 0.3549090909090909] and parameters: {'psi': 0.8112096052079668, 'lda_t': 5.0038404090298594e-05}.
[I 2025-08-09 20:25:13,538] Trial 1 finished with values: [0.8292892388233072, 0.3530269876002918] and parameters: {'psi': 0.9547633761869326, 'lda_t': 1.6681683365748058e-06}.
[I 2025-08-09 20:25:19,716] Trial 2 finished with values: [0.8394729696309201, 0.36496350364963503] and parameters: {'psi': 0.24458248880856004, 'lda_t': 0.004938622491545249}.
[I 2025-08-09 20:25:25,893] Trial 3 finished with values: [0.8611780755476175, 0.4204112718964204] and parameters: {'psi': 0.14398953994474395, 'lda_t': 0.03745126791560814}.
[I 2025-08-09 20:25:32,072] Trial 4 finished with values: [0.8460703348676424, 0.36441893830703015] and parameters: {'psi': 0.3916903804921683, 'lda_t': 0.0018504486226420323}.
[I 2025-08-09 20:25:38,237] Trial 5 finished with values: [0.8689223440597827, 0.44015444015444016] and parameters: {'psi': 0.22369724139535208, 'lda_t': 0.3299581705062346}.
[I 2025-08-09 20:25:44,415] Trial 6 finished with values: [0.8466319866186428, 0.35210263720598717] and parameters: {'psi': 0.3636920509816989, 'lda_t': 1.0925378169884504e-07}.
[I 2025-08-09 20:25:50,604] Trial 7 finished with values: [0.8794888711925508, 0.4263565891472868] and parameters: {'psi': 0.6080791227246246, 'lda_t': 0.09941556929383821}.
[I 2025-08-09 20:25:56,791] Trial 8 finished with values: [0.8480782584487189, 0.3418803418803419] and parameters: {'psi': 0.05716814747312071, 'lda_t': 7.4163665417904295e-06}.
[I 2025-08-09 20:26:02,963] Trial 9 finished with values: [0.8483411130681718, 0.35285714285714287] and parameters: {'psi': 0.14767218927293513, 'lda_t': 0.0004312016642022132}.
[I 2025-08-09 20:26:09,133] Trial 10 finished with values: [0.8441561246726317, 0.3609129814550642] and parameters: {'psi': 0.5647332160174321, 'lda_t': 5.7821206614884565e-05}.
[I 2025-08-09 20:26:15,309] Trial 11 finished with values: [0.8415711780595478, 0.37205987170349253] and parameters: {'psi': 0.6777771444773876, 'lda_t': 1.146876921006574e-07}.
[I 2025-08-09 20:26:21,493] Trial 12 finished with values: [0.8869333711539227, 0.4397824397824398] and parameters: {'psi': 0.62925452981511, 'lda_t': 0.672361189149621}.
[I 2025-08-09 20:26:27,686] Trial 13 finished with values: [0.8839035145262605, 0.4262023217247098] and parameters: {'psi': 0.847606689405264, 'lda_t': 1.6454967610702331}.
[I 2025-08-09 20:26:33,861] Trial 14 finished with values: [0.8475615776945684, 0.3509272467902996] and parameters: {'psi': 0.2579440443353659, 'lda_t': 2.29061568840643e-07}.
[I 2025-08-09 20:26:40,037] Trial 15 finished with values: [0.8481111152761506, 0.35067712045616534] and parameters: {'psi': 0.18182093208290617, 'lda_t': 3.019789801046359e-08}.
[I 2025-08-09 20:26:46,222] Trial 16 finished with values: [0.8383121236321845, 0.35807860262008734] and parameters: {'psi': 0.7899666936946469, 'lda_t': 1.0217223215335087e-07}.
[I 2025-08-09 20:26:52,405] Trial 17 finished with values: [0.828709072964328, 0.3535427319211103] and parameters: {'psi': 0.9485101510615664, 'lda_t': 1.299402592470972e-06}.
[I 2025-08-09 20:26:58,576] Trial 18 finished with values: [0.8425147690010746, 0.36507936507936506] and parameters: {'psi': 0.4747198876533115, 'lda_t': 0.004270213074322124}.
[I 2025-08-09 20:27:04,764] Trial 19 finished with values: [0.8844939088584749, 0.4227910817506193] and parameters: {'psi': 0.8359941622575474, 'lda_t': 2.153368997888339}.
[I 2025-08-09 20:27:10,948] Trial 20 finished with values: [0.8421508296377497, 0.3147353361945637] and parameters: {'psi': 0.016519194559021955, 'lda_t': 5.637137790077794e-06}.
[I 2025-08-09 20:27:17,095] Trial 21 finished with values: [0.8435230450359105, 0.3543022415039769] and parameters: {'psi': 0.05588589259512955, 'lda_t': 0.0010807707401113546}.
[I 2025-08-09 20:27:23,280] Trial 22 finished with values: [0.8419855169390373, 0.3706343549536707] and parameters: {'psi': 0.6618427743106596, 'lda_t': 1.4687214565189684e-05}.
[I 2025-08-09 20:27:29,442] Trial 23 finished with values: [0.8469539263851639, 0.3526052819414704] and parameters: {'psi': 0.33436880940253244, 'lda_t': 4.2211991675093516e-05}.
[I 2025-08-09 20:27:35,614] Trial 24 finished with values: [0.8435113308626522, 0.3625981441827266] and parameters: {'psi': 0.5961115355744977, 'lda_t': 1.139496794534743e-05}.
[I 2025-08-09 20:27:41,781] Trial 25 finished with values: [0.8406710724148476, 0.36872309899569583] and parameters: {'psi': 0.7132335629876199, 'lda_t': 1.7947237430578108e-07}.
[I 2025-08-09 20:27:47,941] Trial 26 finished with values: [0.8485948820605608, 0.3526052819414704] and parameters: {'psi': 0.13827621678996316, 'lda_t': 0.0002215385991281161}.
[I 2025-08-09 20:27:54,130] Trial 27 finished with values: [0.8457433665779664, 0.3969924812030075] and parameters: {'psi': 0.536717327504375, 'lda_t': 0.023547770314855148}.
[I 2025-08-09 20:28:00,305] Trial 28 finished with values: [0.8776722600605892, 0.4371405094494659] and parameters: {'psi': 0.931790793411498, 'lda_t': 8.747847992678173}.
[I 2025-08-09 20:28:06,481] Trial 29 finished with values: [0.8417090624501433, 0.369472182596291] and parameters: {'psi': 0.6722635282267353, 'lda_t': 1.138446969856667e-06}.
[I 2025-08-09 20:28:12,659] Trial 30 finished with values: [0.8821835881804108, 0.4256701868399675] and parameters: {'psi': 0.9586867875524574, 'lda_t': 1.7669602073018607}.
[I 2025-08-09 20:28:18,823] Trial 31 finished with values: [0.8283966188210308, 0.3564645726807889] and parameters: {'psi': 0.9154863518998538, 'lda_t': 7.266843972434914e-07}.
[I 2025-08-09 20:28:24,995] Trial 32 finished with values: [0.873616356140124, 0.4397496087636933] and parameters: {'psi': 0.30270729927832507, 'lda_t': 1.8820242369536035}.
[I 2025-08-09 20:28:31,173] Trial 33 finished with values: [0.8442934376401415, 0.362339514978602] and parameters: {'psi': 0.5540063202983975, 'lda_t': 2.649348944027914e-06}.
[I 2025-08-09 20:28:37,343] Trial 34 finished with values: [0.845444283734876, 0.3625981441827266] and parameters: {'psi': 0.48585462371000376, 'lda_t': 0.0001657479187853111}.
[I 2025-08-09 20:28:43,622] Trial 35 finished with values: [0.8801923501534386, 0.44043887147335425] and parameters: {'psi': 0.4905621509024374, 'lda_t': 1.1973547234988944}.
[I 2025-08-09 20:28:49,782] Trial 36 finished with values: [0.8482120857354055, 0.3516797712651894] and parameters: {'psi': 0.14439377569717848, 'lda_t': 0.000475114567778371}.
[I 2025-08-09 20:28:55,964] Trial 37 finished with values: [0.8479687166431774, 0.35235378031383735] and parameters: {'psi': 0.2044201195588362, 'lda_t': 3.662412025752557e-06}.
[I 2025-08-09 20:29:02,127] Trial 38 finished with values: [0.8434306459229421, 0.3628571428571429] and parameters: {'psi': 0.5998803652067187, 'lda_t': 1.0387074524970273e-05}.
[I 2025-08-09 20:29:08,306] Trial 39 finished with values: [0.8407545001853697, 0.36962750716332377] and parameters: {'psi': 0.7103349851556683, 'lda_t': 1.3207050849640609e-05}.
[I 2025-08-09 20:29:14,477] Trial 40 finished with values: [0.8345758166435889, 0.3557833089311859] and parameters: {'psi': 0.8489958989197289, 'lda_t': 0.00029463651346321317}.
[I 2025-08-09 20:29:20,643] Trial 41 finished with values: [0.8448971461302544, 0.3609129814550642] and parameters: {'psi': 0.5164095403731895, 'lda_t': 1.1076310920294555e-06}.
[I 2025-08-09 20:29:26,808] Trial 42 finished with values: [0.8485538538830028, 0.3923444976076555] and parameters: {'psi': 0.9819967286706898, 'lda_t': 0.07211385430648494}.
[I 2025-08-09 20:29:32,985] Trial 43 finished with values: [0.8806243460062784, 0.4447924823805795] and parameters: {'psi': 0.5001347648719294, 'lda_t': 4.852489189824418}.
[I 2025-08-09 20:29:39,156] Trial 44 finished with values: [0.8444657788428089, 0.362339514978602] and parameters: {'psi': 0.54399944110725, 'lda_t': 3.4816687306015813e-06}.
[I 2025-08-09 20:29:45,335] Trial 45 finished with values: [0.8436617294188262, 0.3653295128939828] and parameters: {'psi': 0.5813066817380463, 'lda_t': 0.0026691789196688484}.
[I 2025-08-09 20:29:51,513] Trial 46 finished with values: [0.8822428447544046, 0.4472243940578577] and parameters: {'psi': 0.531387934901218, 'lda_t': 0.6080476021234246}.
[I 2025-08-09 20:29:57,676] Trial 47 finished with values: [0.8281406212786071, 0.35698610095098754] and parameters: {'psi': 0.9207978961648683, 'lda_t': 1.388539374760327e-05}.
[I 2025-08-09 20:30:03,832] Trial 48 finished with values: [0.847018840047707, 0.3511777301927195] and parameters: {'psi': 0.3226541530241074, 'lda_t': 1.0544308750451893e-05}.
[I 2025-08-09 20:30:09,997] Trial 49 finished with values: [0.8668823636435947, 0.4397824397824398] and parameters: {'psi': 0.22724724130101193, 'lda_t': 0.05613879254289667}.
[I 2025-08-09 20:30:16,170] Trial 50 finished with values: [0.8801923501534386, 0.44043887147335425] and parameters: {'psi': 0.4905621509024374, 'lda_t': 4.405766134552757}.
[I 2025-08-09 20:30:22,352] Trial 51 finished with values: [0.8620642956113335, 0.42378048780487804] and parameters: {'psi': 0.14439377569717848, 'lda_t': 2.153368997888339}.
[I 2025-08-09 20:30:28,529] Trial 52 finished with values: [0.8618386977770727, 0.42073170731707316] and parameters: {'psi': 0.14222519300131642, 'lda_t': 5.725446659519547}.
[I 2025-08-09 20:30:34,704] Trial 53 finished with values: [0.8479358026734372, 0.35235378031383735] and parameters: {'psi': 0.2213298795813634, 'lda_t': 4.7581590094957656e-05}.
[I 2025-08-09 20:30:40,869] Trial 54 finished with values: [0.8481561434153089, 0.34714285714285714] and parameters: {'psi': 0.07080714483189265, 'lda_t': 0.00017090472675876565}.
[I 2025-08-09 20:30:47,047] Trial 55 finished with values: [0.8433165898750228, 0.36428571428571427] and parameters: {'psi': 0.6080791227246246, 'lda_t': 0.00010237241208399518}.
[I 2025-08-09 20:30:53,223] Trial 56 finished with values: [0.8279758800029805, 0.35526315789473684] and parameters: {'psi': 0.931790793411498, 'lda_t': 5.7821206614884565e-05}.
[I 2025-08-09 20:30:59,397] Trial 57 finished with values: [0.8418302612866345, 0.37302725968436157] and parameters: {'psi': 0.6669410526773424, 'lda_t': 0.0026691789196688484}.
[I 2025-08-09 20:31:05,571] Trial 58 finished with values: [0.8479142600231038, 0.3516797712651894] and parameters: {'psi': 0.24458248880856004, 'lda_t': 0.00018176927204957555}.
[I 2025-08-09 20:31:11,738] Trial 59 finished with values: [0.847018840047707, 0.3511777301927195] and parameters: {'psi': 0.3226541530241074, 'lda_t': 1.0544308750451893e-05}.
[I 2025-08-09 20:31:17,920] Trial 60 finished with values: [0.8659426583790509, 0.4361948955916473] and parameters: {'psi': 0.22369724139535208, 'lda_t': 0.049558378248684004}.
[I 2025-08-09 20:31:24,099] Trial 61 finished with values: [0.8849715614158675, 0.44202334630350193] and parameters: {'psi': 0.5813066817380463, 'lda_t': 2.4257141049011013}.
[I 2025-08-09 20:31:30,273] Trial 62 finished with values: [0.8437091003926361, 0.36909871244635195] and parameters: {'psi': 0.6075762515866381, 'lda_t': 0.0013771524166656033}.
[I 2025-08-09 20:31:36,540] Trial 63 finished with values: [0.8483411130681718, 0.35285714285714287] and parameters: {'psi': 0.14767218927293513, 'lda_t': 0.0004312016642022132}.
[I 2025-08-09 20:31:42,716] Trial 64 finished with values: [0.7666368117151791, 0.28482003129890454] and parameters: {'psi': 0.00013288932276522836, 'lda_t': 0.3958404304900114}.
[I 2025-08-09 20:31:48,892] Trial 65 finished with values: [0.8450749729945449, 0.35724533715925394] and parameters: {'psi': 0.22369724139535208, 'lda_t': 0.0018504486226420323}.
[I 2025-08-09 20:31:55,065] Trial 66 finished with values: [0.8611780755476175, 0.4204112718964204] and parameters: {'psi': 0.14398953994474395, 'lda_t': 0.03745126791560814}.
[I 2025-08-09 20:32:01,241] Trial 67 finished with values: [0.8417089481655261, 0.369472182596291] and parameters: {'psi': 0.6722635282267353, 'lda_t': 4.646051388282299e-08}.
[I 2025-08-09 20:32:07,427] Trial 68 finished with values: [0.8405100453892785, 0.3709561466570812] and parameters: {'psi': 0.7251880798295968, 'lda_t': 0.0005158705344672642}.
[I 2025-08-09 20:32:13,588] Trial 69 finished with values: [0.8284372470024289, 0.3564645726807889] and parameters: {'psi': 0.9154863518998538, 'lda_t': 7.461362828692644e-05}.
[I 2025-08-09 20:32:19,756] Trial 70 finished with values: [0.8435178450858299, 0.3693629205440229] and parameters: {'psi': 0.6157435219632892, 'lda_t': 0.00132590960075851}.
[I 2025-08-09 20:32:25,927] Trial 71 finished with values: [0.8470380398633888, 0.3511777301927195] and parameters: {'psi': 0.32560722665474773, 'lda_t': 4.2211991675093516e-05}.
[I 2025-08-09 20:32:32,105] Trial 72 finished with values: [0.8455069117050761, 0.3688348820586133] and parameters: {'psi': 0.5001347648719294, 'lda_t': 0.0006520634489901781}.
[I 2025-08-09 20:32:38,278] Trial 73 finished with values: [0.8444236649613879, 0.36585365853658536] and parameters: {'psi': 0.5098452368465726, 'lda_t': 0.0027556422035725668}.
[I 2025-08-09 20:32:44,459] Trial 74 finished with values: [0.8761320462752129, 0.4350547730829421] and parameters: {'psi': 0.3617850340123715, 'lda_t': 0.6765105009164845}.
[I 2025-08-09 20:32:50,641] Trial 75 finished with values: [0.8874059951881603, 0.4186413902053712] and parameters: {'psi': 0.7571608324985075, 'lda_t': 8.747847992678173}.
[I 2025-08-09 20:32:56,829] Trial 76 finished with values: [0.8636393662049416, 0.41130298273155413] and parameters: {'psi': 0.3916903804921683, 'lda_t': 0.04411430402684708}.
[I 2025-08-09 20:33:03,010] Trial 77 finished with values: [0.8667300793912379, 0.4372093023255814] and parameters: {'psi': 0.22369724139535208, 'lda_t': 0.05613879254289667}.
[I 2025-08-09 20:33:09,185] Trial 78 finished with values: [0.8781769409299385, 0.4373040752351097] and parameters: {'psi': 0.42280426435366447, 'lda_t': 0.18925749736631714}.
[I 2025-08-09 20:33:15,360] Trial 79 finished with values: [0.8387766906009132, 0.359796067006555] and parameters: {'psi': 0.7798480681154556, 'lda_t': 0.0002215385991281161}.
[I 2025-08-09 20:33:21,531] Trial 80 finished with values: [0.8483887697535246, 0.34733096085409254] and parameters: {'psi': 0.11237692546752498, 'lda_t': 1.138446969856667e-06}.
[I 2025-08-09 20:33:27,701] Trial 81 finished with values: [0.8433684750912106, 0.36428571428571427] and parameters: {'psi': 0.6054195268205437, 'lda_t': 8.805671130710917e-05}.
[I 2025-08-09 20:33:33,881] Trial 82 finished with values: [0.8407062149346223, 0.36989247311827955] and parameters: {'psi': 0.7119039797158709, 'lda_t': 2.7915960072672552e-08}.
[I 2025-08-09 20:33:40,047] Trial 83 finished with values: [0.8440672112404863, 0.37785977859778597] and parameters: {'psi': 0.08822810771011591, 'lda_t': 0.004270213074322124}.
[I 2025-08-09 20:33:46,221] Trial 84 finished with values: [0.8655163196147604, 0.43759630200308164] and parameters: {'psi': 0.18182093208290617, 'lda_t': 1.6454967610702331}.
[I 2025-08-09 20:33:52,408] Trial 85 finished with values: [0.8415727209018793, 0.37205987170349253] and parameters: {'psi': 0.6777771444773876, 'lda_t': 7.4163665417904295e-06}.
[I 2025-08-09 20:33:58,576] Trial 86 finished with values: [0.8450770872599623, 0.3676680972818312] and parameters: {'psi': 0.531387934901218, 'lda_t': 0.0007376673678201539}.
[I 2025-08-09 20:34:04,761] Trial 87 finished with values: [0.8822428447544046, 0.4472243940578577] and parameters: {'psi': 0.531387934901218, 'lda_t': 0.6080476021234246}.
[I 2025-08-09 20:34:10,945] Trial 88 finished with values: [0.8873450243449091, 0.4138486312399356] and parameters: {'psi': 0.9711516417114039, 'lda_t': 0.6080476021234246}.
[I 2025-08-09 20:34:17,112] Trial 89 finished with values: [0.8421669437687684, 0.31496062992125984] and parameters: {'psi': 0.01653433977530827, 'lda_t': 9.410964260779593e-06}.
[I 2025-08-09 20:34:23,282] Trial 90 finished with values: [0.8297242060761931, 0.35542607428987616] and parameters: {'psi': 0.9586867875524574, 'lda_t': 0.00011039146963891479}.
[I 2025-08-09 20:34:29,459] Trial 91 finished with values: [0.84832231324865, 0.41068447412353926] and parameters: {'psi': 0.931790793411498, 'lda_t': 0.0994140283595573}.
[I 2025-08-09 20:34:35,636] Trial 92 finished with values: [0.8433869891991894, 0.36168691922802] and parameters: {'psi': 0.6080791227246246, 'lda_t': 0.00023704024405241477}.
[I 2025-08-09 20:34:41,816] Trial 93 finished with values: [0.8455998250988219, 0.3648068669527897] and parameters: {'psi': 0.4905621509024374, 'lda_t': 0.0005474682631488918}.
[I 2025-08-09 20:34:47,992] Trial 94 finished with values: [0.8345969021554536, 0.35526315789473684] and parameters: {'psi': 0.8469832392598897, 'lda_t': 1.6681683365748058e-06}.
[I 2025-08-09 20:34:54,187] Trial 95 finished with values: [0.8831432932529562, 0.42857142857142855] and parameters: {'psi': 0.8701370140720323, 'lda_t': 4.610542250209377}.
[I 2025-08-09 20:35:00,360] Trial 96 finished with values: [0.8815128517623373, 0.4460093896713615] and parameters: {'psi': 0.5164095403731895, 'lda_t': 0.3488721326735582}.
[I 2025-08-09 20:35:06,533] Trial 97 finished with values: [0.8660175719455949, 0.4355212355212355] and parameters: {'psi': 0.18782849598533846, 'lda_t': 0.12181962483826862}.
[I 2025-08-09 20:35:12,707] Trial 98 finished with values: [0.8776722600605892, 0.4371405094494659] and parameters: {'psi': 0.931790793411498, 'lda_t': 8.747847992678173}.
[I 2025-08-09 20:35:18,878] Trial 99 finished with values: [0.8482120857354055, 0.3516797712651894] and parameters: {'psi': 0.14439377569717848, 'lda_t': 0.000475114567778371}.
[I 2025-08-09 20:35:25,057] Trial 100 finished with values: [0.8427688237050067, 0.3680456490727532] and parameters: {'psi': 0.62925452981511, 'lda_t': 1.216311533280663e-06}.
[I 2025-08-09 20:35:31,238] Trial 101 finished with values: [0.8852069305848951, 0.4432348367029549] and parameters: {'psi': 0.5861367735170624, 'lda_t': 1.1973547234988944}.
[I 2025-08-09 20:35:37,523] Trial 102 finished with values: [0.8693116546081158, 0.4180602006688963] and parameters: {'psi': 0.8378625304343095, 'lda_t': 0.12181962483826862}.
[I 2025-08-09 20:35:43,686] Trial 103 finished with values: [0.8620184103375466, 0.4222560975609756] and parameters: {'psi': 0.14398953994474395, 'lda_t': 8.747847992678173}.
[I 2025-08-09 20:35:49,881] Trial 104 finished with values: [0.83671242470358, 0.3568827385287691] and parameters: {'psi': 0.8200778001215446, 'lda_t': 3.232315769028789e-05}.
[I 2025-08-09 20:35:56,045] Trial 105 finished with values: [0.8546995091704264, 0.3778110944527736] and parameters: {'psi': 0.09032609056455809, 'lda_t': 0.6306987909390819}.
[I 2025-08-09 20:36:02,221] Trial 106 finished with values: [0.8388400614211247, 0.41306122448979593] and parameters: {'psi': 0.8359941622575474, 'lda_t': 0.049558378248684004}.
[I 2025-08-09 20:36:08,394] Trial 107 finished with values: [0.8593187791111491, 0.4156064461407973] and parameters: {'psi': 0.8699502170059747, 'lda_t': 0.0994140283595573}.
[I 2025-08-09 20:36:14,569] Trial 108 finished with values: [0.8438000709478903, 0.362339514978602] and parameters: {'psi': 0.5813066817380463, 'lda_t': 1.0300558244893207e-06}.
[I 2025-08-09 20:36:20,719] Trial 109 finished with values: [0.8465031307128024, 0.3549536707056308] and parameters: {'psi': 0.3800278545201494, 'lda_t': 2.5238883595659437e-05}.
[I 2025-08-09 20:36:26,896] Trial 110 finished with values: [0.8446658912074443, 0.362339514978602] and parameters: {'psi': 0.531387934901218, 'lda_t': 2.9634033591989444e-08}.
[I 2025-08-09 20:36:33,070] Trial 111 finished with values: [0.8751454843176363, 0.4349181605611847] and parameters: {'psi': 0.33436880940253244, 'lda_t': 0.19362285681894073}.
[I 2025-08-09 20:36:39,234] Trial 112 finished with values: [0.8441564103841745, 0.3502906976744186] and parameters: {'psi': 0.039400758427747595, 'lda_t': 0.049558378248684004}.
[I 2025-08-09 20:36:45,408] Trial 113 finished with values: [0.8771705505912858, 0.4287949921752739] and parameters: {'psi': 0.39365014257424547, 'lda_t': 0.24195760721549614}.
[I 2025-08-09 20:36:51,587] Trial 114 finished with values: [0.8310855072934157, 0.34713144517066086] and parameters: {'psi': 0.9819967286706898, 'lda_t': 6.096826079648911e-08}.
[I 2025-08-09 20:36:57,768] Trial 115 finished with values: [0.8814289097110382, 0.4460093896713615] and parameters: {'psi': 0.5164095403731895, 'lda_t': 1.7669602073018607}.
[I 2025-08-09 20:37:03,944] Trial 116 finished with values: [0.8330038888769525, 0.3550036523009496] and parameters: {'psi': 0.8634694460488795, 'lda_t': 3.366424635475773e-07}.
[I 2025-08-09 20:37:10,111] Trial 117 finished with values: [0.8483138561869806, 0.35235378031383735] and parameters: {'psi': 0.1968859590809542, 'lda_t': 0.0004312016642022132}.
[I 2025-08-09 20:37:16,289] Trial 118 finished with values: [0.8779715714729137, 0.43661971830985913] and parameters: {'psi': 0.42280426435366447, 'lda_t': 5.725446659519547}.
[I 2025-08-09 20:37:22,463] Trial 119 finished with values: [0.887782277290138, 0.42668735453840184] and parameters: {'psi': 0.6761997469517114, 'lda_t': 4.610542250209377}.
[I 2025-08-09 20:37:28,648] Trial 120 finished with values: [0.8779715714729137, 0.43661971830985913] and parameters: {'psi': 0.42280426435366447, 'lda_t': 0.3299581705062346}.
[I 2025-08-09 20:37:34,824] Trial 121 finished with values: [0.83127161979245, 0.30267921795800146] and parameters: {'psi': 0.009626224330440247, 'lda_t': 0.0006657121188847685}.
[I 2025-08-09 20:37:40,994] Trial 122 finished with values: [0.8468974697842899, 0.3511777301927195] and parameters: {'psi': 0.33436880940253244, 'lda_t': 6.004036442255065e-08}.
[I 2025-08-09 20:37:47,163] Trial 123 finished with values: [0.8296957492065219, 0.35396941005098326] and parameters: {'psi': 0.9586867875524574, 'lda_t': 5.903469524351325e-06}.
