[I 2025-08-09 21:28:24,302] Trial 493 finished with values: [0.5274722021680314, 0.06919374247894103] and parameters: {'psi': 0.3111206982660766, 'lda_t': 0.172957281173633}.
[I 2025-08-09 21:28:30,062] Trial 494 finished with values: [0.5209672690287949, 0.058841010401188706] and parameters: {'psi': 0.6440864630371376, 'lda_t': 0.0009480027130453668}.
[I 2025-08-09 21:28:35,843] Trial 495 finished with values: [0.5141102328090682, 0.07343941248470012] and parameters: {'psi': 0.6678658917510382, 'lda_t': 6.749511944805281}.
[I 2025-08-09 21:28:41,604] Trial 496 finished with values: [0.5200579414671891, 0.07620199576655579] and parameters: {'psi': 0.4564884576124264, 'lda_t': 9.493073981560606}.
[I 2025-08-09 21:28:47,369] Trial 497 finished with values: [0.5315619771368636, 0.0625] and parameters: {'psi': 0.12431723889305402, 'lda_t': 0.9378315249856422}.
[I 2025-08-09 21:28:53,134] Trial 498 finished with values: [0.5250491273874098, 0.05737947352854185] and parameters: {'psi': 0.4522616886729509, 'lda_t': 5.077135907236337e-06}.
[I 2025-08-09 21:28:58,894] Trial 499 finished with values: [0.5254875350519336, 0.057885410513880686] and parameters: {'psi': 0.3609051887379704, 'lda_t': 2.967586360639296e-08}.
