[I 2025-08-09 21:23:21,910] Trial 372 finished with values: [0.9724667379896444, 0.3598326359832636] and parameters: {'psi': 0.22405561395286666, 'lda_t': 0.36151254477097167}.
[I 2025-08-09 21:23:27,341] Trial 373 finished with values: [0.9745213476868181, 0.3633879781420765] and parameters: {'psi': 0.312425242086689, 'lda_t': 0.36151254477097167}.
[I 2025-08-09 21:23:32,784] Trial 374 finished with values: [0.9676337067736722, 0.31065468549422337] and parameters: {'psi': 0.14749381770352643, 'lda_t': 0.36151254477097167}.
[I 2025-08-09 21:23:38,209] Trial 375 finished with values: [0.9708184787888214, 0.4398826979472141] and parameters: {'psi': 0.9680253994484553, 'lda_t': 0.15003887991539935}.
[I 2025-08-09 21:23:43,652] Trial 376 finished with values: [0.9771475465001475, 0.43909348441926344] and parameters: {'psi': 0.5443679987871186, 'lda_t': 0.12037866309005271}.
[I 2025-08-09 21:23:49,088] Trial 377 finished with values: [0.9416944180775177, 0.31608391608391606] and parameters: {'psi': 0.9206219239968659, 'lda_t': 0.012183036146103075}.
[I 2025-08-09 21:23:54,529] Trial 378 finished with values: [0.9765729415014015, 0.4497751124437781] and parameters: {'psi': 0.8268466772675257, 'lda_t': 0.36151254477097167}.
[I 2025-08-09 21:23:59,941] Trial 379 finished with values: [0.9770686573608169, 0.41389290882778584] and parameters: {'psi': 0.7362325215636469, 'lda_t': 1.3780052556438718}.
[I 2025-08-09 21:24:05,382] Trial 380 finished with values: [0.9444231568989107, 0.23389021479713604] and parameters: {'psi': 0.6946650360908279, 'lda_t': 3.636443304381605e-08}.
[I 2025-08-09 21:24:10,804] Trial 381 finished with values: [0.9790721557846215, 0.436950146627566] and parameters: {'psi': 0.7258631952554675, 'lda_t': 0.36151254477097167}.
[I 2025-08-09 21:24:16,237] Trial 382 finished with values: [0.9761308766059574, 0.4402332361516035] and parameters: {'psi': 0.6083624283160816, 'lda_t': 0.09678028778198307}.
[I 2025-08-09 21:24:21,667] Trial 383 finished with values: [0.9366239257902406, 0.2506203473945409] and parameters: {'psi': 0.8677602757983615, 'lda_t': 5.974030940470422e-08}.
[I 2025-08-09 21:24:27,107] Trial 384 finished with values: [0.9458512566706562, 0.2375296912114014] and parameters: {'psi': 0.6594254567709349, 'lda_t': 0.0006507684749417719}.
[I 2025-08-09 21:24:32,537] Trial 385 finished with values: [0.9737111863847187, 0.3748290013679891] and parameters: {'psi': 0.3767897238903284, 'lda_t': 0.36151254477097167}.
[I 2025-08-09 21:24:37,987] Trial 386 finished with values: [0.971953085565351, 0.43007518796992483] and parameters: {'psi': 0.9331763640925909, 'lda_t': 0.1562034250559523}.
[I 2025-08-09 21:24:43,414] Trial 387 finished with values: [0.9745059508125422, 0.36689655172413793] and parameters: {'psi': 0.30631878379032607, 'lda_t': 4.109936990567429}.
[I 2025-08-09 21:24:48,849] Trial 388 finished with values: [0.9454198267296087, 0.2319526627218935] and parameters: {'psi': 0.6594254567709349, 'lda_t': 0.00024148125174491413}.
[I 2025-08-09 21:24:54,256] Trial 389 finished with values: [0.9772740548382693, 0.4072524407252441] and parameters: {'psi': 0.5784865885638893, 'lda_t': 0.36151254477097167}.
[I 2025-08-09 21:24:59,700] Trial 390 finished with values: [0.9347021736576941, 0.232502965599051] and parameters: {'psi': 0.9182001192560677, 'lda_t': 1.0155485843889867e-05}.
[I 2025-08-09 21:25:05,139] Trial 391 finished with values: [0.9529287394563158, 0.2591687041564792] and parameters: {'psi': 0.26268472642450336, 'lda_t': 0.002257863170467771}.
[I 2025-08-09 21:25:10,555] Trial 392 finished with values: [0.9794077124054362, 0.4194008559201141] and parameters: {'psi': 0.6946650360908279, 'lda_t': 0.36151254477097167}.
[I 2025-08-09 21:25:15,987] Trial 393 finished with values: [0.9801097781262798, 0.4515195369030391] and parameters: {'psi': 0.6946650360908279, 'lda_t': 0.247830508339986}.
[I 2025-08-09 21:25:21,416] Trial 394 finished with values: [0.9776767545293795, 0.45179856115107914] and parameters: {'psi': 0.9280654697337938, 'lda_t': 0.36151254477097167}.
[I 2025-08-09 21:25:26,860] Trial 395 finished with values: [0.9714438775996114, 0.34758620689655173] and parameters: {'psi': 0.20847830102950704, 'lda_t': 0.36151254477097167}.
[I 2025-08-09 21:25:32,287] Trial 396 finished with values: [0.978370566255766, 0.45209580838323354] and parameters: {'psi': 0.76121265944129, 'lda_t': 0.36151254477097167}.
[I 2025-08-09 21:25:37,732] Trial 397 finished with values: [0.9783291375528177, 0.44642857142857145] and parameters: {'psi': 0.7362325215636469, 'lda_t': 0.1495726326229039}.
[I 2025-08-09 21:25:43,158] Trial 398 finished with values: [0.9484353918583868, 0.23076923076923078] and parameters: {'psi': 0.505071016827986, 'lda_t': 0.0010480481117729958}.
[I 2025-08-09 21:25:48,597] Trial 399 finished with values: [0.9468698313327979, 0.2157303370786517] and parameters: {'psi': 0.45777816232400814, 'lda_t': 1.594646526208383e-05}.
[I 2025-08-09 21:25:54,028] Trial 400 finished with values: [0.9760119873396423, 0.4450784593437946] and parameters: {'psi': 0.9399675568010405, 'lda_t': 0.243925592188709}.
[I 2025-08-09 21:25:59,489] Trial 401 finished with values: [0.9648878250407145, 0.28957055214723926] and parameters: {'psi': 0.11488822277398703, 'lda_t': 0.2757329785749915}.
[I 2025-08-09 21:26:04,939] Trial 402 finished with values: [0.9524915952114135, 0.3323943661971831] and parameters: {'psi': 0.6594254567709349, 'lda_t': 0.010919668224388055}.
[I 2025-08-09 21:26:10,363] Trial 403 finished with values: [0.9432655341762991, 0.2426470588235294] and parameters: {'psi': 0.7381364464106482, 'lda_t': 2.164076754130003e-07}.
[I 2025-08-09 21:26:15,811] Trial 404 finished with values: [0.9747151578258978, 0.44780635400907715] and parameters: {'psi': 0.6946650360908279, 'lda_t': 0.09678028778198307}.
[I 2025-08-09 21:26:21,245] Trial 405 finished with values: [0.946865386874244, 0.21500559910414332] and parameters: {'psi': 0.4084755159922975, 'lda_t': 2.5127691980440655e-08}.
[I 2025-08-09 21:26:26,678] Trial 406 finished with values: [0.9790366001161908, 0.45535714285714285] and parameters: {'psi': 0.7470866447022616, 'lda_t': 0.247830508339986}.
[I 2025-08-09 21:26:32,096] Trial 407 finished with values: [0.9803007311134321, 0.4341736694677871] and parameters: {'psi': 0.6594254567709349, 'lda_t': 0.2757329785749915}.
[I 2025-08-09 21:26:37,539] Trial 408 finished with values: [0.9474706268908791, 0.3002754820936639] and parameters: {'psi': 0.7362325215636469, 'lda_t': 0.006085291270958389}.
[I 2025-08-09 21:26:42,964] Trial 409 finished with values: [0.9756121448004595, 0.40221914008321774] and parameters: {'psi': 0.5388069500809345, 'lda_t': 0.36151254477097167}.
[I 2025-08-09 21:26:48,388] Trial 410 finished with values: [0.9770686573608169, 0.41389290882778584] and parameters: {'psi': 0.7362325215636469, 'lda_t': 1.9370157251288347}.
[I 2025-08-09 21:26:53,807] Trial 411 finished with values: [0.9780799304124775, 0.436046511627907] and parameters: {'psi': 0.6467400357373824, 'lda_t': 0.12037866309005271}.
[I 2025-08-09 21:26:59,252] Trial 412 finished with values: [0.9765905606049542, 0.45098039215686275] and parameters: {'psi': 0.9672749132662614, 'lda_t': 0.247830508339986}.
[I 2025-08-09 21:27:04,670] Trial 413 finished with values: [0.9790721557846215, 0.436950146627566] and parameters: {'psi': 0.7258631952554675, 'lda_t': 0.36151254477097167}.
[I 2025-08-09 21:27:10,111] Trial 414 finished with values: [0.9804264457982407, 0.4360056258790436] and parameters: {'psi': 0.6467400357373824, 'lda_t': 0.243925592188709}.
[I 2025-08-09 21:27:15,558] Trial 415 finished with values: [0.9763613535281065, 0.431784107946027] and parameters: {'psi': 0.8407775514395581, 'lda_t': 0.243925592188709}.
[I 2025-08-09 21:27:21,085] Trial 416 finished with values: [0.9678579931999786, 0.37375178316690444] and parameters: {'psi': 0.17379766091555582, 'lda_t': 0.01608160293934376}.
[I 2025-08-09 21:27:26,529] Trial 417 finished with values: [0.9665343382042483, 0.30303030303030304] and parameters: {'psi': 0.1324779036160093, 'lda_t': 0.15003887991539935}.
[I 2025-08-09 21:27:31,953] Trial 418 finished with values: [0.9470125301985085, 0.21555555555555556] and parameters: {'psi': 0.3295356727840607, 'lda_t': 1.449294974341297e-05}.
[I 2025-08-09 21:27:37,383] Trial 419 finished with values: [0.9803007311134321, 0.4341736694677871] and parameters: {'psi': 0.6594254567709349, 'lda_t': 0.2757329785749915}.
[I 2025-08-09 21:27:42,820] Trial 420 finished with values: [0.9777799294600935, 0.44677661169415295] and parameters: {'psi': 0.781545281627758, 'lda_t': 0.36151254477097167}.
[I 2025-08-09 21:27:48,241] Trial 421 finished with values: [0.9443218867361485, 0.24969097651421507] and parameters: {'psi': 0.7314898953994983, 'lda_t': 0.001010140624122195}.
[I 2025-08-09 21:27:53,672] Trial 422 finished with values: [0.9622849596347924, 0.40266222961730447] and parameters: {'psi': 0.8268466772675257, 'lda_t': 0.049366335560958395}.
[I 2025-08-09 21:27:59,116] Trial 423 finished with values: [0.9777799294600935, 0.44677661169415295] and parameters: {'psi': 0.781545281627758, 'lda_t': 0.36151254477097167}.
[I 2025-08-09 21:28:04,539] Trial 424 finished with values: [0.9801097781262798, 0.4515195369030391] and parameters: {'psi': 0.6946650360908279, 'lda_t': 0.247830508339986}.
[I 2025-08-09 21:28:09,986] Trial 425 finished with values: [0.9728262629405172, 0.423861852433281] and parameters: {'psi': 0.8700407484348686, 'lda_t': 0.15003887991539935}.
[I 2025-08-09 21:28:15,396] Trial 426 finished with values: [0.9785840589970126, 0.441340782122905] and parameters: {'psi': 0.5741319503757069, 'lda_t': 0.15003887991539935}.
[I 2025-08-09 21:28:20,838] Trial 427 finished with values: [0.9417015609573364, 0.25569620253164554] and parameters: {'psi': 0.781545281627758, 'lda_t': 0.0001671949671518861}.
[I 2025-08-09 21:28:26,274] Trial 428 finished with values: [0.9508714313378773, 0.3507692307692308] and parameters: {'psi': 0.781545281627758, 'lda_t': 0.01591810529362692}.
[I 2025-08-09 21:28:31,691] Trial 429 finished with values: [0.9760562731945179, 0.40625] and parameters: {'psi': 0.6978849488630728, 'lda_t': 0.8722382923854389}.
[I 2025-08-09 21:28:37,126] Trial 430 finished with values: [0.9476461830037556, 0.3323529411764706] and parameters: {'psi': 0.781545281627758, 'lda_t': 0.009581865776170347}.
[I 2025-08-09 21:28:42,565] Trial 431 finished with values: [0.9464825285159636, 0.22935779816513763] and parameters: {'psi': 0.5609273303617881, 'lda_t': 2.723912233945004e-05}.
[I 2025-08-09 21:28:47,978] Trial 432 finished with values: [0.9451330004222236, 0.23113207547169812] and parameters: {'psi': 0.6594254567709349, 'lda_t': 7.86680885417794e-07}.
[I 2025-08-09 21:28:53,415] Trial 433 finished with values: [0.9786578687551388, 0.4494047619047619] and parameters: {'psi': 0.7497444399193901, 'lda_t': 0.36151254477097167}.
[I 2025-08-09 21:28:58,841] Trial 434 finished with values: [0.9788364407506055, 0.463768115942029] and parameters: {'psi': 0.7470866447022616, 'lda_t': 0.17967110304072065}.
[I 2025-08-09 21:29:04,283] Trial 435 finished with values: [0.9765364334489951, 0.4338461538461538] and parameters: {'psi': 0.781545281627758, 'lda_t': 0.1495726326229039}.
[I 2025-08-09 21:29:09,704] Trial 436 finished with values: [0.9804264457982407, 0.4360056258790436] and parameters: {'psi': 0.6467400357373824, 'lda_t': 0.243925592188709}.
[I 2025-08-09 21:29:15,136] Trial 437 finished with values: [0.9633900425080715, 0.27217496962332927] and parameters: {'psi': 0.10033763199051937, 'lda_t': 0.36151254477097167}.
[I 2025-08-09 21:29:20,570] Trial 438 finished with values: [0.9777799294600935, 0.44677661169415295] and parameters: {'psi': 0.781545281627758, 'lda_t': 0.36151254477097167}.
[I 2025-08-09 21:29:25,992] Trial 439 finished with values: [0.9781058035104874, 0.44126074498567336] and parameters: {'psi': 0.6184331971529876, 'lda_t': 0.12037866309005271}.
[I 2025-08-09 21:29:31,431] Trial 440 finished with values: [0.9709460982415817, 0.34112792297111416] and parameters: {'psi': 0.20091120780146032, 'lda_t': 0.16077463187871455}.
[I 2025-08-09 21:29:36,864] Trial 441 finished with values: [0.9623827377229768, 0.2687651331719128] and parameters: {'psi': 0.09155398758413502, 'lda_t': 0.6404777213701395}.
[I 2025-08-09 21:29:42,296] Trial 442 finished with values: [0.9476422147371896, 0.2436670687575392] and parameters: {'psi': 0.6334964663525043, 'lda_t': 0.001996631534131762}.
[I 2025-08-09 21:29:47,733] Trial 443 finished with values: [0.9759384950428414, 0.4413793103448276] and parameters: {'psi': 0.9828836395971912, 'lda_t': 0.243925592188709}.
[I 2025-08-09 21:29:53,157] Trial 444 finished with values: [0.9642663944964905, 0.2857142857142857] and parameters: {'psi': 0.10874235810975563, 'lda_t': 0.36151254477097167}.
[I 2025-08-09 21:29:58,698] Trial 445 finished with values: [0.9761580195492685, 0.398884239888424] and parameters: {'psi': 0.6408958123218191, 'lda_t': 1.1782167600440934}.
[I 2025-08-09 21:30:04,148] Trial 446 finished with values: [0.9402680643430614, 0.3064295485636115] and parameters: {'psi': 0.935614067099958, 'lda_t': 0.011186560691569952}.
[I 2025-08-09 21:30:09,572] Trial 447 finished with values: [0.9775104047949358, 0.4427934621099554] and parameters: {'psi': 0.6946650360908279, 'lda_t': 0.12037866309005271}.
[I 2025-08-09 21:30:15,001] Trial 448 finished with values: [0.9795162841786799, 0.4157303370786517] and parameters: {'psi': 0.6706368022350909, 'lda_t': 0.36151254477097167}.
[I 2025-08-09 21:30:20,434] Trial 449 finished with values: [0.9626379766284971, 0.2687651331719128] and parameters: {'psi': 0.09367107813750253, 'lda_t': 0.09678028778198307}.
[I 2025-08-09 21:30:25,864] Trial 450 finished with values: [0.9749313489884095, 0.39944521497919555] and parameters: {'psi': 0.5213229063294053, 'lda_t': 0.36151254477097167}.
[I 2025-08-09 21:30:31,328] Trial 451 finished with values: [0.9592289181870419, 0.25471698113207547] and parameters: {'psi': 0.06765939394155362, 'lda_t': 0.36151254477097167}.
[I 2025-08-09 21:30:36,745] Trial 452 finished with values: [0.9460312572420863, 0.2364066193853428] and parameters: {'psi': 0.6467400357373824, 'lda_t': 0.0005774134202420335}.
[I 2025-08-09 21:30:42,185] Trial 453 finished with values: [0.9676943418867996, 0.3504273504273504] and parameters: {'psi': 0.2057611787319813, 'lda_t': 0.010910286198405119}.
[I 2025-08-09 21:30:47,626] Trial 454 finished with values: [0.9787602500325397, 0.45294117647058824] and parameters: {'psi': 0.7314898953994983, 'lda_t': 0.1562034250559523}.
[I 2025-08-09 21:30:53,076] Trial 455 finished with values: [0.9588463772900867, 0.25206124852767964] and parameters: {'psi': 0.06527978850462024, 'lda_t': 0.20093738013816517}.
[I 2025-08-09 21:30:58,513] Trial 456 finished with values: [0.9722103879694856, 0.35833333333333334] and parameters: {'psi': 0.2198240766157986, 'lda_t': 0.247830508339986}.
[I 2025-08-09 21:31:03,947] Trial 457 finished with values: [0.9438237899167934, 0.2892223738062756] and parameters: {'psi': 0.781545281627758, 'lda_t': 0.0036375262852519036}.
[I 2025-08-09 21:31:09,381] Trial 458 finished with values: [0.9739989650760795, 0.3832167832167832] and parameters: {'psi': 0.2651183299194858, 'lda_t': 0.36151254477097167}.
[I 2025-08-09 21:31:14,814] Trial 459 finished with values: [0.9456249067457357, 0.23349056603773585] and parameters: {'psi': 0.6467400357373824, 'lda_t': 0.00020715133696668216}.
[I 2025-08-09 21:31:20,234] Trial 460 finished with values: [0.9777799294600935, 0.44677661169415295] and parameters: {'psi': 0.781545281627758, 'lda_t': 0.36151254477097167}.
[I 2025-08-09 21:31:25,675] Trial 461 finished with values: [0.9781058035104874, 0.44126074498567336] and parameters: {'psi': 0.6184331971529876, 'lda_t': 0.12037866309005271}.
[I 2025-08-09 21:31:31,105] Trial 462 finished with values: [0.9762042101720957, 0.4078762306610408] and parameters: {'psi': 0.6793736306407988, 'lda_t': 1.1514355823486686}.
[I 2025-08-09 21:31:36,526] Trial 463 finished with values: [0.9792697754596045, 0.4434654919236417] and parameters: {'psi': 0.7314898953994983, 'lda_t': 0.3241457396191668}.
[I 2025-08-09 21:31:41,971] Trial 464 finished with values: [0.9447082371690069, 0.2153163152053274] and parameters: {'psi': 0.01840666233806243, 'lda_t': 0.247830508339986}.
[I 2025-08-09 21:31:47,388] Trial 465 finished with values: [0.9803007311134321, 0.4341736694677871] and parameters: {'psi': 0.6594254567709349, 'lda_t': 0.2757329785749915}.
[I 2025-08-09 21:31:52,835] Trial 466 finished with values: [0.9765364334489951, 0.4338461538461538] and parameters: {'psi': 0.781545281627758, 'lda_t': 0.1495726326229039}.
[I 2025-08-09 21:31:58,253] Trial 467 finished with values: [0.942961247496024, 0.24509803921568626] and parameters: {'psi': 0.7470866447022616, 'lda_t': 9.179288034198391e-08}.
[I 2025-08-09 21:32:03,692] Trial 468 finished with values: [0.9743905536208051, 0.3724137931034483] and parameters: {'psi': 0.29181529360730474, 'lda_t': 0.2757329785749915}.
[I 2025-08-09 21:32:09,121] Trial 469 finished with values: [0.9471012606389227, 0.21627647714604237] and parameters: {'psi': 0.21661951228148224, 'lda_t': 5.968121536665118e-06}.
[I 2025-08-09 21:32:14,558] Trial 470 finished with values: [0.9734873761504004, 0.37329700272479566] and parameters: {'psi': 0.4052044616167102, 'lda_t': 0.2757329785749915}.
[I 2025-08-09 21:32:20,005] Trial 471 finished with values: [0.9566579576443099, 0.3484626647144949] and parameters: {'psi': 0.6594254567709349, 'lda_t': 0.018546189557754986}.
[I 2025-08-09 21:32:25,424] Trial 472 finished with values: [0.9468642757596056, 0.21476510067114093] and parameters: {'psi': 0.40291276356880923, 'lda_t': 2.85108776771876e-07}.
[I 2025-08-09 21:32:30,864] Trial 473 finished with values: [0.9423582297086658, 0.24969097651421507] and parameters: {'psi': 0.7637022319979496, 'lda_t': 8.69023047997506e-06}.
[I 2025-08-09 21:32:36,287] Trial 474 finished with values: [0.9465679256124622, 0.22654462242562928] and parameters: {'psi': 0.54122990073855, 'lda_t': 3.127996978512545e-08}.
[I 2025-08-09 21:32:41,731] Trial 475 finished with values: [0.9494453950647462, 0.3074829931972789] and parameters: {'psi': 0.6946650360908279, 'lda_t': 0.0068216007672424455}.
[I 2025-08-09 21:32:47,164] Trial 476 finished with values: [0.9482369785300906, 0.22072072072072071] and parameters: {'psi': 0.26790615078675917, 'lda_t': 0.000280698683676035}.
[I 2025-08-09 21:32:52,585] Trial 477 finished with values: [0.971616735291223, 0.3526170798898072] and parameters: {'psi': 0.21088739617590524, 'lda_t': 0.36151254477097167}.
[I 2025-08-09 21:32:58,016] Trial 478 finished with values: [0.9462817342277278, 0.22988505747126436] and parameters: {'psi': 0.5784865885638893, 'lda_t': 1.7905016839312214e-08}.
[I 2025-08-09 21:33:03,457] Trial 479 finished with values: [0.9788748535709637, 0.401673640167364] and parameters: {'psi': 0.6284330845533166, 'lda_t': 0.36151254477097167}.
[I 2025-08-09 21:33:08,866] Trial 480 finished with values: [0.9705138746472213, 0.34199726402188785] and parameters: {'psi': 0.1958399043470671, 'lda_t': 8.602243692527214}.
[I 2025-08-09 21:33:14,303] Trial 481 finished with values: [0.9804204140330605, 0.4403409090909091] and parameters: {'psi': 0.6623527776221207, 'lda_t': 0.247830508339986}.
[I 2025-08-09 21:33:19,728] Trial 482 finished with values: [0.9451626830561366, 0.23113207547169812] and parameters: {'psi': 0.6594254567709349, 'lda_t': 2.237395988250092e-05}.
[I 2025-08-09 21:33:25,165] Trial 483 finished with values: [0.9713856234464235, 0.3448275862068966] and parameters: {'psi': 0.2076164841125524, 'lda_t': 0.247830508339986}.
[I 2025-08-09 21:33:30,584] Trial 484 finished with values: [0.9801097781262798, 0.4515195369030391] and parameters: {'psi': 0.6946650360908279, 'lda_t': 0.247830508339986}.
[I 2025-08-09 21:33:36,025] Trial 485 finished with values: [0.9432504547633486, 0.2761394101876676] and parameters: {'psi': 0.781545281627758, 'lda_t': 0.00264094429236542}.
[I 2025-08-09 21:33:41,564] Trial 486 finished with values: [0.9470471334829634, 0.21452513966480447] and parameters: {'psi': 0.3907412526678852, 'lda_t': 5.340009136157299e-05}.
[I 2025-08-09 21:33:46,990] Trial 487 finished with values: [0.9765905606049542, 0.45098039215686275] and parameters: {'psi': 0.9672749132662614, 'lda_t': 0.247830508339986}.
[I 2025-08-09 21:33:52,428] Trial 488 finished with values: [0.9741905529858824, 0.3793584379358438] and parameters: {'psi': 0.2747209411144317, 'lda_t': 0.2757329785749915}.
[I 2025-08-09 21:33:57,849] Trial 489 finished with values: [0.9761867497992056, 0.4078762306610408] and parameters: {'psi': 0.6799537735947471, 'lda_t': 1.056423890975503}.
[I 2025-08-09 21:34:03,272] Trial 490 finished with values: [0.9463477661833847, 0.22784810126582278] and parameters: {'psi': 0.5784865885638893, 'lda_t': 3.906537640318896e-05}.
[I 2025-08-09 21:34:08,718] Trial 491 finished with values: [0.9533809631141686, 0.23435722411831628] and parameters: {'psi': 0.042329525079119024, 'lda_t': 0.2757329785749915}.
[I 2025-08-09 21:34:14,130] Trial 492 finished with values: [0.9745157921136259, 0.36363636363636365] and parameters: {'psi': 0.30848327588960167, 'lda_t': 4.749288479324038}.
[I 2025-08-09 21:34:19,570] Trial 493 finished with values: [0.9436295035857257, 0.24087591240875914] and parameters: {'psi': 0.7258631952554675, 'lda_t': 4.030808275324308e-06}.
[I 2025-08-09 21:34:25,010] Trial 494 finished with values: [0.957889390125048, 0.25] and parameters: {'psi': 0.05972959549700041, 'lda_t': 0.36151254477097167}.
[I 2025-08-09 21:34:30,447] Trial 495 finished with values: [0.9777300880320255, 0.45045045045045046] and parameters: {'psi': 0.7900456541880247, 'lda_t': 0.247830508339986}.
