[I 2025-08-09 22:04:23,548] Trial 247 finished with values: [0.785843975308126, 0.18421052631578946] and parameters: {'psi': 0.46391761521378216, 'lda_t': 1.3931756497059786}.
[I 2025-08-09 22:04:30,643] Trial 248 finished with values: [0.7842094888118799, 0.23353819139596138] and parameters: {'psi': 0.018543926075839212, 'lda_t': 0.9632519470297385}.
[I 2025-08-09 22:04:37,679] Trial 249 finished with values: [0.7799699377237963, 0.1927710843373494] and parameters: {'psi': 0.6863261850892849, 'lda_t': 0.4468011387919094}.
[I 2025-08-09 22:04:44,786] Trial 250 finished with values: [0.8117805674259303, 0.25068870523415976] and parameters: {'psi': 0.0043083884548037465, 'lda_t': 0.26172638212143173}.
[I 2025-08-09 22:04:51,874] Trial 251 finished with values: [0.795921191652468, 0.24056813138038172] and parameters: {'psi': 0.009258142576399453, 'lda_t': 0.0004038754986585943}.
[I 2025-08-09 22:04:58,963] Trial 252 finished with values: [0.7608344639309926, 0.23087129588677577] and parameters: {'psi': 0.9127444337652099, 'lda_t': 2.50346991920834e-07}.
[I 2025-08-09 22:05:06,006] Trial 253 finished with values: [0.8251833300096553, 0.24649859943977592] and parameters: {'psi': 0.0022481271773676648, 'lda_t': 3.63982611220737e-07}.
[I 2025-08-09 22:05:13,039] Trial 254 finished with values: [0.7793113931073985, 0.2214502822405558] and parameters: {'psi': 0.3024671365070598, 'lda_t': 0.0003220510330162325}.
[I 2025-08-09 22:05:20,148] Trial 255 finished with values: [0.8117805674259303, 0.25068870523415976] and parameters: {'psi': 0.0043083884548037465, 'lda_t': 0.26172638212143173}.
[I 2025-08-09 22:05:27,241] Trial 256 finished with values: [0.7592189775063437, 0.23117803365810452] and parameters: {'psi': 0.9231124601037574, 'lda_t': 1.697492437702926e-08}.
[I 2025-08-09 22:05:34,340] Trial 257 finished with values: [0.8117805674259303, 0.25068870523415976] and parameters: {'psi': 0.0043083884548037465, 'lda_t': 0.06504315268941782}.
[I 2025-08-09 22:05:41,411] Trial 258 finished with values: [0.7652771716834995, 0.24263736263736263] and parameters: {'psi': 0.9824528178583287, 'lda_t': 3.63982611220737e-07}.
[I 2025-08-09 22:05:48,500] Trial 259 finished with values: [0.7889110458544045, 0.23544973544973544] and parameters: {'psi': 0.013654387938732526, 'lda_t': 0.005896402312462452}.
[I 2025-08-09 22:05:55,613] Trial 260 finished with values: [0.7958810299842745, 0.24056813138038172] and parameters: {'psi': 0.009258142576399453, 'lda_t': 0.012848410139557828}.
[I 2025-08-09 22:06:02,716] Trial 261 finished with values: [0.7792160992089807, 0.2229934924078091] and parameters: {'psi': 0.5538615674574079, 'lda_t': 3.6088068199715344e-06}.
[I 2025-08-09 22:06:09,799] Trial 262 finished with values: [0.7842094888118799, 0.23353819139596138] and parameters: {'psi': 0.018543926075839212, 'lda_t': 0.09035484448820415}.
[I 2025-08-09 22:06:16,904] Trial 263 finished with values: [0.7785464801126492, 0.22260718925941966] and parameters: {'psi': 0.6047588250543965, 'lda_t': 2.1159598061939342e-07}.
[I 2025-08-09 22:06:23,950] Trial 264 finished with values: [0.7725020022793148, 0.20637732506643047] and parameters: {'psi': 0.1174972464969053, 'lda_t': 0.5590191276502856}.
[I 2025-08-09 22:06:31,006] Trial 265 finished with values: [0.7729234195976613, 0.23524267599475296] and parameters: {'psi': 0.297051866988857, 'lda_t': 0.003633681471349351}.
[I 2025-08-09 22:06:38,060] Trial 266 finished with values: [0.825205559026004, 0.24649859943977592] and parameters: {'psi': 0.0022481271773676648, 'lda_t': 5.390227851643528e-07}.
[I 2025-08-09 22:06:45,159] Trial 267 finished with values: [0.7778456923595402, 0.22337662337662337] and parameters: {'psi': 0.14409819799781243, 'lda_t': 0.0005297788025744793}.
[I 2025-08-09 22:06:52,255] Trial 268 finished with values: [0.7805222207038176, 0.21845082680591818] and parameters: {'psi': 0.2270271542913308, 'lda_t': 2.0436820305190553e-06}.
[I 2025-08-09 22:06:59,282] Trial 269 finished with values: [0.7627969418317345, 0.24295774647887325] and parameters: {'psi': 0.9824528178583287, 'lda_t': 0.0011953394854139934}.
[I 2025-08-09 22:07:06,361] Trial 270 finished with values: [0.8238837731462969, 0.2482501166588894] and parameters: {'psi': 0.0022481271773676648, 'lda_t': 0.0401843693570693}.
[I 2025-08-09 22:07:13,476] Trial 271 finished with values: [0.8117805674259303, 0.25068870523415976] and parameters: {'psi': 0.0043083884548037465, 'lda_t': 0.0005884821842765621}.
[I 2025-08-09 22:07:20,568] Trial 272 finished with values: [0.7857761140973512, 0.23416339012669288] and parameters: {'psi': 0.018543926075839212, 'lda_t': 0.0003220510330162325}.
[I 2025-08-09 22:07:27,656] Trial 273 finished with values: [0.777486532298267, 0.2230869001297017] and parameters: {'psi': 0.6785398327645695, 'lda_t': 3.6088068199715344e-06}.
[I 2025-08-09 22:07:34,747] Trial 274 finished with values: [0.7494302580356493, 0.19774266365688487] and parameters: {'psi': 0.8377620435598987, 'lda_t': 0.033293969813315484}.
[I 2025-08-09 22:07:41,902] Trial 275 finished with values: [0.7850305214001249, 0.18318459370596524] and parameters: {'psi': 0.44818721982484366, 'lda_t': 0.26172638212143173}.
[I 2025-08-09 22:07:48,987] Trial 276 finished with values: [0.7878597708255128, 0.1825922421948912] and parameters: {'psi': 0.5647293634503779, 'lda_t': 2.001364411160993}.
[I 2025-08-09 22:07:56,044] Trial 277 finished with values: [0.7761237575000581, 0.22436459246275198] and parameters: {'psi': 0.7419305905112563, 'lda_t': 2.5427014790633316e-06}.
[I 2025-08-09 22:08:03,126] Trial 278 finished with values: [0.7867299870738136, 0.18095689246802463] and parameters: {'psi': 0.5868866806547479, 'lda_t': 0.26172638212143173}.
[I 2025-08-09 22:08:10,175] Trial 279 finished with values: [0.8120124643671935, 0.2508038585209003] and parameters: {'psi': 0.0043083884548037465, 'lda_t': 0.00011178250887329383}.
[I 2025-08-09 22:08:17,275] Trial 280 finished with values: [0.7874314686497619, 0.2324159021406728] and parameters: {'psi': 0.018543926075839212, 'lda_t': 0.00010276796487542835}.
[I 2025-08-09 22:08:24,356] Trial 281 finished with values: [0.7652773851674501, 0.24263736263736263] and parameters: {'psi': 0.9824528178583287, 'lda_t': 3.32403790623361e-08}.
[I 2025-08-09 22:08:31,458] Trial 282 finished with values: [0.7773701034887468, 0.20502710694923607] and parameters: {'psi': 0.7833805161014817, 'lda_t': 0.26172638212143173}.
[I 2025-08-09 22:08:38,531] Trial 283 finished with values: [0.8302306509955569, 0.24344569288389514] and parameters: {'psi': 0.001429162323413724, 'lda_t': 0.26172638212143173}.
[I 2025-08-09 22:08:45,621] Trial 284 finished with values: [0.777157580215994, 0.22395157803718116] and parameters: {'psi': 0.6529065380388049, 'lda_t': 0.0003539616274419344}.
[I 2025-08-09 22:08:52,717] Trial 285 finished with values: [0.813453481033272, 0.2534435261707989] and parameters: {'psi': 0.0043083884548037465, 'lda_t': 1.4638240728108875e-08}.
[I 2025-08-09 22:08:59,825] Trial 286 finished with values: [0.8302306509955569, 0.24344569288389514] and parameters: {'psi': 0.001429162323413724, 'lda_t': 0.00024476011638665905}.
[I 2025-08-09 22:09:06,907] Trial 287 finished with values: [0.8095472050774596, 0.25238311393554247] and parameters: {'psi': 0.005245130399262776, 'lda_t': 3.6088068199715344e-06}.
[I 2025-08-09 22:09:13,989] Trial 288 finished with values: [0.7801207641348457, 0.22] and parameters: {'psi': 0.45643318045412695, 'lda_t': 3.98790357086244e-06}.
[I 2025-08-09 22:09:21,077] Trial 289 finished with values: [0.7788863732473867, 0.22289679098005205] and parameters: {'psi': 0.5799879606869457, 'lda_t': 2.9518638044866513e-07}.
[I 2025-08-09 22:09:28,169] Trial 290 finished with values: [0.77988689246704, 0.2207735767057801] and parameters: {'psi': 0.45728896848208844, 'lda_t': 9.486372661412304e-05}.
[I 2025-08-09 22:09:35,275] Trial 291 finished with values: [0.7766369195461449, 0.23898822503270825] and parameters: {'psi': 0.04364292372329914, 'lda_t': 0.0012073908256366262}.
[I 2025-08-09 22:09:42,354] Trial 292 finished with values: [0.7628873522847839, 0.2404227212681638] and parameters: {'psi': 0.9755570463949925, 'lda_t': 3.98790357086244e-06}.
[I 2025-08-09 22:09:49,463] Trial 293 finished with values: [0.8134849966014689, 0.2534435261707989] and parameters: {'psi': 0.0043083884548037465, 'lda_t': 6.592519096899225e-07}.
[I 2025-08-09 22:09:56,561] Trial 294 finished with values: [0.7842094888118799, 0.23353819139596138] and parameters: {'psi': 0.018543926075839212, 'lda_t': 0.025626364885573}.
[I 2025-08-09 22:10:03,657] Trial 295 finished with values: [0.7772146338017731, 0.222318339100346] and parameters: {'psi': 0.6946032211924821, 'lda_t': 3.6088068199715344e-06}.
[I 2025-08-09 22:10:10,690] Trial 296 finished with values: [0.7794802055412802, 0.22164276401564537] and parameters: {'psi': 0.2304263471893272, 'lda_t': 0.00024476011638665905}.
[I 2025-08-09 22:10:17,734] Trial 297 finished with values: [0.831778623120851, 0.24003750586029068] and parameters: {'psi': 0.001429162323413724, 'lda_t': 1.1990125810198641e-05}.
[I 2025-08-09 22:10:24,844] Trial 298 finished with values: [0.7843722703241591, 0.18370230805463966] and parameters: {'psi': 0.46391761521378216, 'lda_t': 0.12958903559761312}.
[I 2025-08-09 22:10:31,957] Trial 299 finished with values: [0.8134604726326519, 0.2534435261707989] and parameters: {'psi': 0.0043083884548037465, 'lda_t': 1.3755049607117749e-07}.
[I 2025-08-09 22:10:39,084] Trial 300 finished with values: [0.8117805674259303, 0.25068870523415976] and parameters: {'psi': 0.0043083884548037465, 'lda_t': 0.004092972021669593}.
[I 2025-08-09 22:10:46,179] Trial 301 finished with values: [0.7782364480454917, 0.2231833910034602] and parameters: {'psi': 0.627588394716517, 'lda_t': 2.639670030946219e-07}.
[I 2025-08-09 22:10:53,217] Trial 302 finished with values: [0.7770691444894869, 0.19960668633235004] and parameters: {'psi': 0.7711957934721796, 'lda_t': 0.26172638212143173}.
[I 2025-08-09 22:11:00,279] Trial 303 finished with values: [0.8117805674259303, 0.25068870523415976] and parameters: {'psi': 0.0043083884548037465, 'lda_t': 0.0030106681968708315}.
[I 2025-08-09 22:11:07,383] Trial 304 finished with values: [0.7819438637013852, 0.18755803156917364] and parameters: {'psi': 0.29226550172011745, 'lda_t': 0.26172638212143173}.
[I 2025-08-09 22:11:14,487] Trial 305 finished with values: [0.775888631614043, 0.22427440633245382] and parameters: {'psi': 0.7488939180636115, 'lda_t': 1.1990125810198641e-05}.
[I 2025-08-09 22:11:21,521] Trial 306 finished with values: [0.7804894776029051, 0.2192257503262288] and parameters: {'psi': 0.2472501433516323, 'lda_t': 6.592519096899225e-07}.
[I 2025-08-09 22:11:28,608] Trial 307 finished with values: [0.7776579065395551, 0.2231833910034602] and parameters: {'psi': 0.6561683092213356, 'lda_t': 8.780026896390477e-05}.
[I 2025-08-09 22:11:35,654] Trial 308 finished with values: [0.7595340264463383, 0.23107569721115537] and parameters: {'psi': 0.9208944127736048, 'lda_t': 2.5427014790633316e-06}.
[I 2025-08-09 22:11:42,753] Trial 309 finished with values: [0.7784074486898664, 0.22289679098005205] and parameters: {'psi': 0.5056159020328317, 'lda_t': 0.0005884821842765621}.
[I 2025-08-09 22:11:49,901] Trial 310 finished with values: [0.7802817844045332, 0.22009569377990432] and parameters: {'psi': 0.4144014429972309, 'lda_t': 5.088844854103448e-06}.
[I 2025-08-09 22:11:56,983] Trial 311 finished with values: [0.8238872155749992, 0.2482501166588894] and parameters: {'psi': 0.0022481271773676648, 'lda_t': 0.0001800215362167885}.
[I 2025-08-09 22:12:04,092] Trial 312 finished with values: [0.8302306509955569, 0.24344569288389514] and parameters: {'psi': 0.001429162323413724, 'lda_t': 0.0007834608734251488}.
[I 2025-08-09 22:12:11,191] Trial 313 finished with values: [0.8134677844579575, 0.2534435261707989] and parameters: {'psi': 0.0043083884548037465, 'lda_t': 3.63982611220737e-07}.
[I 2025-08-09 22:12:18,279] Trial 314 finished with values: [0.7586265061726349, 0.23117803365810452] and parameters: {'psi': 0.925527165222456, 'lda_t': 0.00011178250887329383}.
[I 2025-08-09 22:12:25,381] Trial 315 finished with values: [0.7807079517407789, 0.21845082680591818] and parameters: {'psi': 0.1661120155706911, 'lda_t': 1.0675954058571852e-06}.
[I 2025-08-09 22:12:32,431] Trial 316 finished with values: [0.7889110458544045, 0.23544973544973544] and parameters: {'psi': 0.013654387938732526, 'lda_t': 0.005896402312462452}.
[I 2025-08-09 22:12:39,506] Trial 317 finished with values: [0.7831854329866808, 0.22115384615384615] and parameters: {'psi': 0.04364292372329914, 'lda_t': 5.047691322093611e-08}.
[I 2025-08-09 22:12:46,617] Trial 318 finished with values: [0.8117805674259303, 0.25068870523415976] and parameters: {'psi': 0.0043083884548037465, 'lda_t': 0.0005884821842765621}.
[I 2025-08-09 22:12:53,702] Trial 319 finished with values: [0.72921418185625, 0.1906955320128973] and parameters: {'psi': 0.940559704708311, 'lda_t': 0.07065447597331145}.
[I 2025-08-09 22:13:00,795] Trial 320 finished with values: [0.8251576852500976, 0.24649859943977592] and parameters: {'psi': 0.0022481271773676648, 'lda_t': 9.938510523289826e-08}.
[I 2025-08-09 22:13:07,887] Trial 321 finished with values: [0.7764427558931377, 0.22493461203138623] and parameters: {'psi': 0.723140728063743, 'lda_t': 9.791766729750746e-05}.
[I 2025-08-09 22:13:14,940] Trial 322 finished with values: [0.8135918186332154, 0.25471264367816093] and parameters: {'psi': 0.0043083884548037465, 'lda_t': 3.98790357086244e-06}.
[I 2025-08-09 22:13:22,041] Trial 323 finished with values: [0.7666681263631785, 0.22969432314410482] and parameters: {'psi': 0.5288228609185383, 'lda_t': 0.019823691917412973}.
[I 2025-08-09 22:13:29,099] Trial 324 finished with values: [0.8135400754607056, 0.2545955882352941] and parameters: {'psi': 0.0043083884548037465, 'lda_t': 2.2434032985625953e-06}.
[I 2025-08-09 22:13:36,211] Trial 325 finished with values: [0.8120290627443474, 0.2508038585209003] and parameters: {'psi': 0.0043083884548037465, 'lda_t': 0.000108812506033291}.
[I 2025-08-09 22:13:43,309] Trial 326 finished with values: [0.7803750768909147, 0.19528619528619529] and parameters: {'psi': 0.6688503116665062, 'lda_t': 0.26172638212143173}.
[I 2025-08-09 22:13:50,366] Trial 327 finished with values: [0.775034348900503, 0.21810154525386313] and parameters: {'psi': 0.7731047496636554, 'lda_t': 1.4638240728108875e-08}.
[I 2025-08-09 22:13:57,451] Trial 328 finished with values: [0.7804277006847204, 0.22086956521739132] and parameters: {'psi': 0.10068498044576557, 'lda_t': 8.8332932598165e-05}.
[I 2025-08-09 22:14:04,556] Trial 329 finished with values: [0.7689230239051589, 0.22232063773250665] and parameters: {'psi': 0.8527181085476189, 'lda_t': 0.00024476011638665905}.
[I 2025-08-09 22:14:11,647] Trial 330 finished with values: [0.7805046616488867, 0.21845082680591818] and parameters: {'psi': 0.23902618866009573, 'lda_t': 3.63982611220737e-07}.
[I 2025-08-09 22:14:18,697] Trial 331 finished with values: [0.8135469870036042, 0.2545955882352941] and parameters: {'psi': 0.0043083884548037465, 'lda_t': 2.5427014790633316e-06}.
[I 2025-08-09 22:14:25,777] Trial 332 finished with values: [0.7640418201182632, 0.24285085789705235] and parameters: {'psi': 0.9824528178583287, 'lda_t': 0.0005884821842765621}.
[I 2025-08-09 22:14:32,870] Trial 333 finished with values: [0.7783018541908354, 0.2232799653829511] and parameters: {'psi': 0.6229750824500409, 'lda_t': 3.32403790623361e-08}.
[I 2025-08-09 22:14:39,929] Trial 334 finished with values: [0.8135918186332154, 0.25471264367816093] and parameters: {'psi': 0.0043083884548037465, 'lda_t': 3.98790357086244e-06}.
[I 2025-08-09 22:14:47,047] Trial 335 finished with values: [0.8302306509955569, 0.24344569288389514] and parameters: {'psi': 0.001429162323413724, 'lda_t': 0.0010581933805575813}.
[I 2025-08-09 22:14:54,125] Trial 336 finished with values: [0.825492107858603, 0.24649859943977592] and parameters: {'psi': 0.0022481271773676648, 'lda_t': 3.6088068199715344e-06}.
[I 2025-08-09 22:15:01,227] Trial 337 finished with values: [0.8312653276472951, 0.24003750586029068] and parameters: {'psi': 0.001429162323413724, 'lda_t': 1.2160190954444876e-07}.
[I 2025-08-09 22:15:08,329] Trial 338 finished with values: [0.7870195246817201, 0.18609022556390978] and parameters: {'psi': 0.48715267029816467, 'lda_t': 0.26172638212143173}.
[I 2025-08-09 22:15:15,379] Trial 339 finished with values: [0.7771458652842086, 0.19288845591816853] and parameters: {'psi': 0.7223189012883519, 'lda_t': 0.26172638212143173}.
[I 2025-08-09 22:15:22,428] Trial 340 finished with values: [0.779246520671931, 0.2230902777777778] and parameters: {'psi': 0.5419759557269794, 'lda_t': 5.5331162783812196e-05}.
[I 2025-08-09 22:15:29,485] Trial 341 finished with values: [0.7857855073911746, 0.18250950570342206] and parameters: {'psi': 0.6025215486548328, 'lda_t': 0.26172638212143173}.
[I 2025-08-09 22:15:36,533] Trial 342 finished with values: [0.765464450479102, 0.23087013554875382] and parameters: {'psi': 0.5757643499133193, 'lda_t': 0.022505573299010786}.
[I 2025-08-09 22:15:43,608] Trial 343 finished with values: [0.8238837731462969, 0.2482501166588894] and parameters: {'psi': 0.0022481271773676648, 'lda_t': 0.051382376309377184}.
[I 2025-08-09 22:15:50,717] Trial 344 finished with values: [0.8117805674259303, 0.25068870523415976] and parameters: {'psi': 0.0043083884548037465, 'lda_t': 0.01825187396181359}.
[I 2025-08-09 22:15:57,901] Trial 345 finished with values: [0.7812237823362473, 0.2196078431372549] and parameters: {'psi': 0.09662078900811921, 'lda_t': 3.6088068199715344e-06}.
[I 2025-08-09 22:16:05,006] Trial 346 finished with values: [0.8117894536953711, 0.25068870523415976] and parameters: {'psi': 0.0043083884548037465, 'lda_t': 0.00024476011638665905}.
[I 2025-08-09 22:16:12,098] Trial 347 finished with values: [0.7749150914286381, 0.206] and parameters: {'psi': 0.895854102698381, 'lda_t': 0.26172638212143173}.
[I 2025-08-09 22:16:19,153] Trial 348 finished with values: [0.7803121258110023, 0.22009569377990432] and parameters: {'psi': 0.40634882425653607, 'lda_t': 6.592519096899225e-07}.
[I 2025-08-09 22:16:26,206] Trial 349 finished with values: [0.7854116969937964, 0.20214252445272474] and parameters: {'psi': 0.24104485627742445, 'lda_t': 0.49288828764330367}.
[I 2025-08-09 22:16:33,262] Trial 350 finished with values: [0.8134849966014689, 0.2534435261707989] and parameters: {'psi': 0.0043083884548037465, 'lda_t': 6.592519096899225e-07}.
[I 2025-08-09 22:16:40,337] Trial 351 finished with values: [0.8238837731462969, 0.2482501166588894] and parameters: {'psi': 0.0022481271773676648, 'lda_t': 0.00024476011638665905}.
[I 2025-08-09 22:16:47,423] Trial 352 finished with values: [0.7690412406427649, 0.22847100175746923] and parameters: {'psi': 0.07565346302762577, 'lda_t': 0.26327852618827646}.
[I 2025-08-09 22:16:54,529] Trial 353 finished with values: [0.8135918186332154, 0.25471264367816093] and parameters: {'psi': 0.0043083884548037465, 'lda_t': 3.98790357086244e-06}.
[I 2025-08-09 22:17:01,632] Trial 354 finished with values: [0.8252666154358557, 0.24649859943977592] and parameters: {'psi': 0.0022481271773676648, 'lda_t': 1.0876343208381522e-06}.
[I 2025-08-09 22:17:08,717] Trial 355 finished with values: [0.8134849966014689, 0.2534435261707989] and parameters: {'psi': 0.0043083884548037465, 'lda_t': 6.592519096899225e-07}.
[I 2025-08-09 22:17:15,813] Trial 356 finished with values: [0.7899227996669543, 0.23654015887025595] and parameters: {'psi': 0.012854082773976816, 'lda_t': 0.051382376309377184}.
[I 2025-08-09 22:17:22,921] Trial 357 finished with values: [0.7872606814893377, 0.18652849740932642] and parameters: {'psi': 0.49347053884734204, 'lda_t': 5.533501111097396}.
[I 2025-08-09 22:17:29,959] Trial 358 finished with values: [0.7792502032700777, 0.22231871471993053] and parameters: {'psi': 0.4962763221455715, 'lda_t': 0.00024844276923942685}.
[I 2025-08-09 22:17:36,990] Trial 359 finished with values: [0.7814209347645618, 0.21979938944614041] and parameters: {'psi': 0.0861532391671408, 'lda_t': 6.592519096899225e-07}.
[I 2025-08-09 22:17:44,097] Trial 360 finished with values: [0.8135057846011517, 0.2536764705882353] and parameters: {'psi': 0.0043083884548037465, 'lda_t': 1.2106578073258477e-06}.
[I 2025-08-09 22:17:51,195] Trial 361 finished with values: [0.8134604726326519, 0.2534435261707989] and parameters: {'psi': 0.0043083884548037465, 'lda_t': 1.3755049607117749e-07}.
[I 2025-08-09 22:17:58,283] Trial 362 finished with values: [0.8134849966014689, 0.2534435261707989] and parameters: {'psi': 0.0043083884548037465, 'lda_t': 6.592519096899225e-07}.
[I 2025-08-09 22:18:05,376] Trial 363 finished with values: [0.7742119820375671, 0.21712268314210062] and parameters: {'psi': 0.7905160451939596, 'lda_t': 1.1990125810198641e-05}.
[I 2025-08-09 22:18:12,474] Trial 364 finished with values: [0.8136014254109893, 0.2550644567219153] and parameters: {'psi': 0.0043083884548037465, 'lda_t': 7.600101108980341e-06}.
[I 2025-08-09 22:18:19,560] Trial 365 finished with values: [0.8134536945172224, 0.2534435261707989] and parameters: {'psi': 0.0043083884548037465, 'lda_t': 1.6699385276696828e-08}.
[I 2025-08-09 22:18:26,651] Trial 366 finished with values: [0.8117805674259303, 0.25068870523415976] and parameters: {'psi': 0.0043083884548037465, 'lda_t': 0.26172638212143173}.
[I 2025-08-09 22:18:33,771] Trial 367 finished with values: [0.8117805674259303, 0.25068870523415976] and parameters: {'psi': 0.0043083884548037465, 'lda_t': 0.04967207982973316}.
[I 2025-08-09 22:18:40,850] Trial 368 finished with values: [0.7765751959989479, 0.227410289667099] and parameters: {'psi': 0.09713630989667965, 'lda_t': 0.0007869688542266623}.
