[I 2025-08-10 12:57:10,968] A new study created in memory with name: no-name-d2209f3e-e5e1-41d4-8bff-e103821ec33b
Mode-0 approx rank: 2/38
Estimated noise variance from mode-0: 0.0
Mode-1 approx rank: 1/17
Estimated noise variance from mode-1: 0.00029752769665984706
Mode-2 approx rank: 2/24
Estimated noise variance from mode-2: 6.892351753806544e-05
Mode-3 approx rank: 1/60
Estimated noise variance from mode-3: 3.9766785238024673e-05
  0%|          | 0/100 [00:00<?, ?it/s]/mnt/ffs24/home/mondalra/Anomaly_Detection/src/proximal_ops/prox_overlapping_grouped_l21.py:405: UserWarning: Sparse CSR tensor support is in beta state. If you miss a functionality in the sparse tensor support, please submit a feature request to https://github.com/pytorch/pytorch/issues. (Triggered internally at /home/conda/feedstock_root/build_artifacts/libtorch_1742922447420/work/aten/src/ATen/SparseCsrTensorImpl.cpp:53.)
  G_ind = torch.sparse_csr_tensor(A_r.indptr, A_r.indices, A_r.data, device=device, dtype=dtype)
                                         0%|          | 0/100 [00:08<?, ?it/s]  1%|          | 1/100 [00:08<14:33,  8.83s/it]                                                 1%|          | 1/100 [00:15<14:33,  8.83s/it]  2%|▏         | 2/100 [00:15<11:58,  7.33s/it]                                                 2%|▏         | 2/100 [00:21<11:58,  7.33s/it]  3%|▎         | 3/100 [00:21<11:04,  6.85s/it]                                                 3%|▎         | 3/100 [00:27<11:04,  6.85s/it]  4%|▍         | 4/100 [00:27<10:35,  6.62s/it]                                                 4%|▍         | 4/100 [00:33<10:35,  6.62s/it]  5%|▌         | 5/100 [00:33<10:17,  6.50s/it]                                                 5%|▌         | 5/100 [00:40<10:17,  6.50s/it]  6%|▌         | 6/100 [00:40<10:03,  6.43s/it]                                                 6%|▌         | 6/100 [00:46<10:03,  6.43s/it]  7%|▋         | 7/100 [00:46<09:53,  6.38s/it]                                                 7%|▋         | 7/100 [00:52<09:53,  6.38s/it]  8%|▊         | 8/100 [00:52<09:43,  6.35s/it]                                                 8%|▊         | 8/100 [00:59<09:43,  6.35s/it]  9%|▉         | 9/100 [00:59<09:35,  6.33s/it]                                                 9%|▉         | 9/100 [01:05<09:35,  6.33s/it] 10%|█         | 10/100 [01:05<09:28,  6.31s/it]                                                 10%|█         | 10/100 [01:11<09:28,  6.31s/it] 11%|█         | 11/100 [01:11<09:20,  6.30s/it]                                                 11%|█         | 11/100 [01:17<09:20,  6.30s/it] 12%|█▏        | 12/100 [01:17<09:13,  6.29s/it]                                                 12%|█▏        | 12/100 [01:24<09:13,  6.29s/it] 13%|█▎        | 13/100 [01:24<09:06,  6.29s/it]                                                 13%|█▎        | 13/100 [01:30<09:06,  6.29s/it] 14%|█▍        | 14/100 [01:30<09:00,  6.28s/it]                                                 14%|█▍        | 14/100 [01:36<09:00,  6.28s/it] 15%|█▌        | 15/100 [01:36<08:53,  6.28s/it]                                                 15%|█▌        | 15/100 [01:42<08:53,  6.28s/it] 16%|█▌        | 16/100 [01:42<08:47,  6.28s/it]                                                 16%|█▌        | 16/100 [01:49<08:47,  6.28s/it] 17%|█▋        | 17/100 [01:49<08:41,  6.28s/it]                                                 17%|█▋        | 17/100 [01:55<08:41,  6.28s/it] 18%|█▊        | 18/100 [01:55<08:34,  6.28s/it]                                                 18%|█▊        | 18/100 [02:01<08:34,  6.28s/it] 19%|█▉        | 19/100 [02:01<08:28,  6.28s/it]                                                 19%|█▉        | 19/100 [02:08<08:28,  6.28s/it] 20%|██        | 20/100 [02:08<08:22,  6.28s/it]                                                 20%|██        | 20/100 [02:14<08:22,  6.28s/it] 21%|██        | 21/100 [02:14<08:16,  6.29s/it]                                                 21%|██        | 21/100 [02:20<08:16,  6.29s/it] 22%|██▏       | 22/100 [02:20<08:10,  6.29s/it]                                                 22%|██▏       | 22/100 [02:26<08:10,  6.29s/it] 23%|██▎       | 23/100 [02:26<08:04,  6.29s/it]                                                 23%|██▎       | 23/100 [02:33<08:04,  6.29s/it] 24%|██▍       | 24/100 [02:33<07:57,  6.28s/it]                                                 24%|██▍       | 24/100 [02:39<07:57,  6.28s/it] 25%|██▌       | 25/100 [02:39<07:51,  6.29s/it]                                                 25%|██▌       | 25/100 [02:45<07:51,  6.29s/it] 26%|██▌       | 26/100 [02:45<07:47,  6.32s/it]                                                 26%|██▌       | 26/100 [02:52<07:47,  6.32s/it] 27%|██▋       | 27/100 [02:52<07:40,  6.31s/it]                                                 27%|██▋       | 27/100 [02:58<07:40,  6.31s/it] 28%|██▊       | 28/100 [02:58<07:33,  6.30s/it]                                                 28%|██▊       | 28/100 [03:04<07:33,  6.30s/it] 29%|██▉       | 29/100 [03:04<07:26,  6.30s/it]                                                 29%|██▉       | 29/100 [03:11<07:26,  6.30s/it] 30%|███       | 30/100 [03:11<07:20,  6.29s/it]                                                 30%|███       | 30/100 [03:17<07:20,  6.29s/it] 31%|███       | 31/100 [03:17<07:13,  6.29s/it]                                                 31%|███       | 31/100 [03:23<07:13,  6.29s/it] 32%|███▏      | 32/100 [03:23<07:07,  6.29s/it]                                                 32%|███▏      | 32/100 [03:29<07:07,  6.29s/it] 33%|███▎      | 33/100 [03:29<07:01,  6.28s/it]                                                 33%|███▎      | 33/100 [03:36<07:01,  6.28s/it] 34%|███▍      | 34/100 [03:36<06:54,  6.28s/it]                                                 34%|███▍      | 34/100 [03:42<06:54,  6.28s/it] 35%|███▌      | 35/100 [03:42<06:48,  6.28s/it]                                                 35%|███▌      | 35/100 [03:48<06:48,  6.28s/it] 36%|███▌      | 36/100 [03:48<06:41,  6.28s/it]                                                 36%|███▌      | 36/100 [03:55<06:41,  6.28s/it] 37%|███▋      | 37/100 [03:55<06:36,  6.29s/it]                                                 37%|███▋      | 37/100 [04:01<06:36,  6.29s/it] 38%|███▊      | 38/100 [04:01<06:29,  6.28s/it]                                                 38%|███▊      | 38/100 [04:07<06:29,  6.28s/it] 39%|███▉      | 39/100 [04:07<06:23,  6.28s/it]                                                 39%|███▉      | 39/100 [04:13<06:23,  6.28s/it] 40%|████      | 40/100 [04:13<06:16,  6.28s/it]                                                 40%|████      | 40/100 [04:20<06:16,  6.28s/it] 41%|████      | 41/100 [04:20<06:10,  6.28s/it]                                                 41%|████      | 41/100 [04:26<06:10,  6.28s/it] 42%|████▏     | 42/100 [04:26<06:04,  6.28s/it]                                                 42%|████▏     | 42/100 [04:32<06:04,  6.28s/it] 43%|████▎     | 43/100 [04:32<05:57,  6.28s/it]                                                 43%|████▎     | 43/100 [04:38<05:57,  6.28s/it] 44%|████▍     | 44/100 [04:38<05:51,  6.28s/it]                                                 44%|████▍     | 44/100 [04:45<05:51,  6.28s/it] 45%|████▌     | 45/100 [04:45<05:45,  6.28s/it]                                                 45%|████▌     | 45/100 [04:51<05:45,  6.28s/it] 46%|████▌     | 46/100 [04:51<05:38,  6.28s/it]                                                 46%|████▌     | 46/100 [04:57<05:38,  6.28s/it] 47%|████▋     | 47/100 [04:57<05:32,  6.28s/it]                                                 47%|████▋     | 47/100 [05:04<05:32,  6.28s/it] 48%|████▊     | 48/100 [05:04<05:26,  6.28s/it]                                                 48%|████▊     | 48/100 [05:10<05:26,  6.28s/it] 49%|████▉     | 49/100 [05:10<05:20,  6.29s/it]                                                 49%|████▉     | 49/100 [05:16<05:20,  6.29s/it] 50%|█████     | 50/100 [05:16<05:15,  6.32s/it]                                                 50%|█████     | 50/100 [05:23<05:15,  6.32s/it] 51%|█████     | 51/100 [05:23<05:09,  6.31s/it]                                                 51%|█████     | 51/100 [05:29<05:09,  6.31s/it] 52%|█████▏    | 52/100 [05:29<05:02,  6.30s/it]                                                 52%|█████▏    | 52/100 [05:35<05:02,  6.30s/it] 53%|█████▎    | 53/100 [05:35<04:55,  6.30s/it]                                                 53%|█████▎    | 53/100 [05:41<04:55,  6.30s/it] 54%|█████▍    | 54/100 [05:41<04:49,  6.29s/it]                                                 54%|█████▍    | 54/100 [05:48<04:49,  6.29s/it] 55%|█████▌    | 55/100 [05:48<04:42,  6.29s/it]                                                 55%|█████▌    | 55/100 [05:54<04:42,  6.29s/it] 56%|█████▌    | 56/100 [05:54<04:36,  6.29s/it]                                                 56%|█████▌    | 56/100 [06:00<04:36,  6.29s/it] 57%|█████▋    | 57/100 [06:00<04:30,  6.28s/it]                                                 57%|█████▋    | 57/100 [06:07<04:30,  6.28s/it] 58%|█████▊    | 58/100 [06:07<04:23,  6.28s/it]                                                 58%|█████▊    | 58/100 [06:13<04:23,  6.28s/it] 59%|█████▉    | 59/100 [06:13<04:17,  6.28s/it]                                                 59%|█████▉    | 59/100 [06:19<04:17,  6.28s/it] 60%|██████    | 60/100 [06:19<04:11,  6.28s/it]                                                 60%|██████    | 60/100 [06:25<04:11,  6.28s/it] 61%|██████    | 61/100 [06:25<04:04,  6.28s/it]                                                 61%|██████    | 61/100 [06:32<04:04,  6.28s/it] 62%|██████▏   | 62/100 [06:32<03:58,  6.28s/it]                                                 62%|██████▏   | 62/100 [06:38<03:58,  6.28s/it] 63%|██████▎   | 63/100 [06:38<03:52,  6.28s/it]                                                 63%|██████▎   | 63/100 [06:44<03:52,  6.28s/it] 64%|██████▍   | 64/100 [06:44<03:46,  6.28s/it]                                                 64%|██████▍   | 64/100 [06:51<03:46,  6.28s/it] 65%|██████▌   | 65/100 [06:51<03:39,  6.28s/it]                                                 65%|██████▌   | 65/100 [06:57<03:39,  6.28s/it] 66%|██████▌   | 66/100 [06:57<03:33,  6.28s/it]                                                 66%|██████▌   | 66/100 [07:03<03:33,  6.28s/it] 67%|██████▋   | 67/100 [07:03<03:27,  6.28s/it]                                                 67%|██████▋   | 67/100 [07:09<03:27,  6.28s/it] 68%|██████▊   | 68/100 [07:09<03:20,  6.28s/it]                                                 68%|██████▊   | 68/100 [07:16<03:20,  6.28s/it] 69%|██████▉   | 69/100 [07:16<03:14,  6.28s/it]                                                 69%|██████▉   | 69/100 [07:22<03:14,  6.28s/it] 70%|███████   | 70/100 [07:22<03:08,  6.28s/it]                                                 70%|███████   | 70/100 [07:28<03:08,  6.28s/it] 71%|███████   | 71/100 [07:28<03:01,  6.27s/it]                                                 71%|███████   | 71/100 [07:34<03:01,  6.27s/it] 72%|███████▏  | 72/100 [07:34<02:55,  6.28s/it]                                                 72%|███████▏  | 72/100 [07:41<02:55,  6.28s/it] 73%|███████▎  | 73/100 [07:41<02:49,  6.28s/it]                                                 73%|███████▎  | 73/100 [07:47<02:49,  6.28s/it] 74%|███████▍  | 74/100 [07:47<02:43,  6.30s/it]                                                 74%|███████▍  | 74/100 [07:53<02:43,  6.30s/it] 75%|███████▌  | 75/100 [07:53<02:37,  6.30s/it]                                                 75%|███████▌  | 75/100 [08:00<02:37,  6.30s/it] 76%|███████▌  | 76/100 [08:00<02:30,  6.29s/it]                                                 76%|███████▌  | 76/100 [08:06<02:30,  6.29s/it] 77%|███████▋  | 77/100 [08:06<02:24,  6.29s/it]                                                 77%|███████▋  | 77/100 [08:12<02:24,  6.29s/it] 78%|███████▊  | 78/100 [08:12<02:18,  6.29s/it]                                                 78%|███████▊  | 78/100 [08:18<02:18,  6.29s/it] 79%|███████▉  | 79/100 [08:18<02:11,  6.28s/it]                                                 79%|███████▉  | 79/100 [08:25<02:11,  6.28s/it] 80%|████████  | 80/100 [08:25<02:05,  6.28s/it]                                                 80%|████████  | 80/100 [08:31<02:05,  6.28s/it] 81%|████████  | 81/100 [08:31<01:59,  6.28s/it]                                                 81%|████████  | 81/100 [08:37<01:59,  6.28s/it] 82%|████████▏ | 82/100 [08:37<01:53,  6.28s/it]                                                 82%|████████▏ | 82/100 [08:44<01:53,  6.28s/it] 83%|████████▎ | 83/100 [08:44<01:46,  6.28s/it]                                                 83%|████████▎ | 83/100 [08:50<01:46,  6.28s/it] 84%|████████▍ | 84/100 [08:50<01:40,  6.28s/it]                                                 84%|████████▍ | 84/100 [08:56<01:40,  6.28s/it] 85%|████████▌ | 85/100 [08:56<01:34,  6.28s/it]                                                 85%|████████▌ | 85/100 [09:02<01:34,  6.28s/it] 86%|████████▌ | 86/100 [09:02<01:27,  6.28s/it]                                                 86%|████████▌ | 86/100 [09:09<01:27,  6.28s/it] 87%|████████▋ | 87/100 [09:09<01:21,  6.27s/it]                                                 87%|████████▋ | 87/100 [09:15<01:21,  6.27s/it] 88%|████████▊ | 88/100 [09:15<01:15,  6.27s/it]                                                 88%|████████▊ | 88/100 [09:21<01:15,  6.27s/it] 89%|████████▉ | 89/100 [09:21<01:08,  6.27s/it]                                                 89%|████████▉ | 89/100 [09:28<01:08,  6.27s/it] 90%|█████████ | 90/100 [09:28<01:02,  6.27s/it]                                                 90%|█████████ | 90/100 [09:34<01:02,  6.27s/it] 91%|█████████ | 91/100 [09:34<00:56,  6.27s/it]                                                 91%|█████████ | 91/100 [09:40<00:56,  6.27s/it] 92%|█████████▏| 92/100 [09:40<00:50,  6.27s/it]                                                 92%|█████████▏| 92/100 [09:46<00:50,  6.27s/it] 93%|█████████▎| 93/100 [09:46<00:43,  6.28s/it]                                                 93%|█████████▎| 93/100 [09:53<00:43,  6.28s/it] 94%|█████████▍| 94/100 [09:53<00:37,  6.28s/it]                                                 94%|█████████▍| 94/100 [09:59<00:37,  6.28s/it] 95%|█████████▌| 95/100 [09:59<00:31,  6.28s/it]                                                 95%|█████████▌| 95/100 [10:05<00:31,  6.28s/it] 96%|█████████▌| 96/100 [10:05<00:25,  6.28s/it]                                                 96%|█████████▌| 96/100 [10:11<00:25,  6.28s/it] 97%|█████████▋| 97/100 [10:11<00:18,  6.28s/it]                                                 97%|█████████▋| 97/100 [10:18<00:18,  6.28s/it] 98%|█████████▊| 98/100 [10:18<00:12,  6.31s/it]                                                 98%|█████████▊| 98/100 [10:24<00:12,  6.31s/it] 99%|█████████▉| 99/100 [10:24<00:06,  6.30s/it]                                                 99%|█████████▉| 99/100 [10:30<00:06,  6.30s/it]100%|██████████| 100/100 [10:30<00:00,  6.30s/it]100%|██████████| 100/100 [10:30<00:00,  6.31s/it]
[I 2025-08-10 12:57:19,795] Trial 0 finished with values: [0.6492259559774467, 0.13963636363636364] and parameters: {'psi': 0.04629447484833671, 'lda_s': 0.0005110063164450711, 'lda_t': 0.2648463787676716}.
[I 2025-08-10 12:57:26,084] Trial 1 finished with values: [0.7212823604001033, 0.12936802973977696] and parameters: {'psi': 0.4597961834271962, 'lda_s': 0.007652100754407651, 'lda_t': 3.2906195767227085e-07}.
[I 2025-08-10 12:57:32,366] Trial 2 finished with values: [0.7626761717992688, 0.13721873847288824] and parameters: {'psi': 0.835895367595153, 'lda_s': 2.739430071938613e-06, 'lda_t': 0.0005676350466593346}.
[I 2025-08-10 12:57:38,638] Trial 3 finished with values: [0.7675434843840044, 0.14516129032258066] and parameters: {'psi': 0.6044240674428429, 'lda_s': 1.105266989005584e-07, 'lda_t': 9.88426132031835e-06}.
[I 2025-08-10 12:57:44,910] Trial 4 finished with values: [0.7545132156823018, 0.1466618022619482] and parameters: {'psi': 0.1354260867092716, 'lda_s': 4.546817632955945e-05, 'lda_t': 1.1135937246478745e-05}.
[I 2025-08-10 12:57:51,196] Trial 5 finished with values: [0.7047443483213177, 0.15646504889532778] and parameters: {'psi': 0.45551291074702605, 'lda_s': 0.0014167950521672302, 'lda_t': 8.461939764067292}.
[I 2025-08-10 12:57:57,480] Trial 6 finished with values: [0.7731269790258647, 0.13308411214953272] and parameters: {'psi': 0.07156505037467953, 'lda_s': 0.5182163651802181, 'lda_t': 1.8489339421233412e-06}.
[I 2025-08-10 12:58:03,752] Trial 7 finished with values: [0.8142352495649439, 0.2236331569664903] and parameters: {'psi': 0.9091772504718841, 'lda_s': 4.860119360668183e-05, 'lda_t': 0.37313516075215486}.
[I 2025-08-10 12:58:10,040] Trial 8 finished with values: [0.7864263421859484, 0.1430678466076696] and parameters: {'psi': 0.6658489931237558, 'lda_s': 1.266507178418903e-07, 'lda_t': 0.018708069269690368}.
[I 2025-08-10 12:58:16,317] Trial 9 finished with values: [0.7377733044435318, 0.13668267454746952] and parameters: {'psi': 0.09630386716824002, 'lda_s': 0.0014304871306788922, 'lda_t': 1.0086126361339974e-08}.
[I 2025-08-10 12:58:22,596] Trial 10 finished with values: [0.7200687138494875, 0.12686567164179105] and parameters: {'psi': 0.41263035459370245, 'lda_s': 0.008937334361120776, 'lda_t': 1.1961807389540268e-08}.
[I 2025-08-10 12:58:28,865] Trial 11 finished with values: [0.7512595104744195, 0.125611132004513] and parameters: {'psi': 0.698575124330343, 'lda_s': 0.5405222987585729, 'lda_t': 4.806061709246462e-06}.
[I 2025-08-10 12:58:35,139] Trial 12 finished with values: [0.7206855518086912, 0.1269130272489735] and parameters: {'psi': 0.645010811749065, 'lda_s': 0.014687620415985215, 'lda_t': 6.938921990199666e-08}.
[I 2025-08-10 12:58:41,409] Trial 13 finished with values: [0.7361558595729473, 0.13139231056364314] and parameters: {'psi': 0.9514579085092965, 'lda_s': 0.29447421973942417, 'lda_t': 1.1383846034213338e-07}.
[I 2025-08-10 12:58:47,688] Trial 14 finished with values: [0.7731989320333262, 0.11208539839878003] and parameters: {'psi': 0.29291381833352503, 'lda_s': 0.9177483063541363, 'lda_t': 4.139387807255457e-06}.
[I 2025-08-10 12:58:53,951] Trial 15 finished with values: [0.7610285947712738, 0.11742279832253145] and parameters: {'psi': 0.5590909533318298, 'lda_s': 0.4845669547970826, 'lda_t': 0.0007017440388844624}.
[I 2025-08-10 12:59:00,237] Trial 16 finished with values: [0.739853030255388, 0.12215477996965099] and parameters: {'psi': 0.9673186110451947, 'lda_s': 0.1000293781201528, 'lda_t': 2.2581425862836135e-05}.
[I 2025-08-10 12:59:06,517] Trial 17 finished with values: [0.7629677430066473, 0.14625228519195613] and parameters: {'psi': 0.3906238671210778, 'lda_s': 2.9678117130227344e-05, 'lda_t': 5.2387718515632864e-06}.
[I 2025-08-10 12:59:12,805] Trial 18 finished with values: [0.6104022276886059, 0.12794166390454093] and parameters: {'psi': 0.2924250999506882, 'lda_s': 3.0352953031604084, 'lda_t': 0.053792588668212446}.
[I 2025-08-10 12:59:19,082] Trial 19 finished with values: [0.7350470588332039, 0.13721873847288824] and parameters: {'psi': 0.5130378577586782, 'lda_s': 0.004157275694075678, 'lda_t': 2.3330105476903105e-07}.
[I 2025-08-10 12:59:25,382] Trial 20 finished with values: [0.5905969225414813, 0.11909385113268608] and parameters: {'psi': 0.18347405491414626, 'lda_s': 0.013091870079442356, 'lda_t': 2.4717654944919905}.
[I 2025-08-10 12:59:31,669] Trial 21 finished with values: [0.7895219074098129, 0.16781692698873957] and parameters: {'psi': 0.7339666812286326, 'lda_s': 5.575125859496302e-05, 'lda_t': 0.051137211143740265}.
[I 2025-08-10 12:59:37,956] Trial 22 finished with values: [0.8060374035815016, 0.20254957507082152] and parameters: {'psi': 0.5173175418136345, 'lda_s': 0.0005479573857374518, 'lda_t': 0.8541115869791905}.
[I 2025-08-10 12:59:44,235] Trial 23 finished with values: [0.7542408515226295, 0.14603870025556773] and parameters: {'psi': 0.15966992440993344, 'lda_s': 6.381169714670456e-05, 'lda_t': 5.153399543281908e-08}.
[I 2025-08-10 12:59:50,523] Trial 24 finished with values: [0.6107913221422879, 0.1314833168153287] and parameters: {'psi': 0.28768001888385963, 'lda_s': 0.33865534501836986, 'lda_t': 0.05760447300838612}.
[I 2025-08-10 12:59:56,907] Trial 25 finished with values: [0.7619187562635826, 0.13726937269372694] and parameters: {'psi': 0.8442969099294149, 'lda_s': 1.5518932551626124e-06, 'lda_t': 1.2334569187022461e-05}.
[I 2025-08-10 13:00:03,191] Trial 26 finished with values: [0.7615296226518014, 0.13859196461481754] and parameters: {'psi': 0.9579842102941442, 'lda_s': 1.832586759095938e-06, 'lda_t': 0.002137560501421235}.
[I 2025-08-10 13:00:09,486] Trial 27 finished with values: [0.585425978054783, 0.13280475718533202] and parameters: {'psi': 0.33543070079666193, 'lda_s': 0.005864146307248855, 'lda_t': 3.04586723820247}.
[I 2025-08-10 13:00:15,765] Trial 28 finished with values: [0.7599176403360689, 0.14484272128749084] and parameters: {'psi': 0.3682473120384284, 'lda_s': 0.00014134524099113508, 'lda_t': 2.527934838815441e-07}.
