[I 2025-08-10 13:17:30,410] A new study created in memory with name: no-name-a2d6b331-f6e0-4448-8166-d6d7df03ef9a
Mode-0 approx rank: 4/38
Estimated noise variance from mode-0: 0.0
Mode-1 approx rank: 5/20
Estimated noise variance from mode-1: 0.00041069049396047616
Mode-2 approx rank: 4/24
Estimated noise variance from mode-2: 0.0007425921008984413
Mode-3 approx rank: 3/60
Estimated noise variance from mode-3: 0.0002605278427151356
  0%|          | 0/100 [00:00<?, ?it/s]/mnt/ffs24/home/mondalra/Anomaly_Detection/src/proximal_ops/prox_overlapping_grouped_l21.py:405: UserWarning: Sparse CSR tensor support is in beta state. If you miss a functionality in the sparse tensor support, please submit a feature request to https://github.com/pytorch/pytorch/issues. (Triggered internally at /home/conda/feedstock_root/build_artifacts/libtorch_1742922447420/work/aten/src/ATen/SparseCsrTensorImpl.cpp:53.)
  G_ind = torch.sparse_csr_tensor(A_r.indptr, A_r.indices, A_r.data, device=device, dtype=dtype)
                                         0%|          | 0/100 [00:10<?, ?it/s]  1%|          | 1/100 [00:10<17:22, 10.53s/it]                                                 1%|          | 1/100 [00:18<17:22, 10.53s/it]  2%|▏         | 2/100 [00:18<15:06,  9.25s/it]                                                 2%|▏         | 2/100 [00:27<15:06,  9.25s/it]  3%|▎         | 3/100 [00:27<14:15,  8.82s/it]                                                 3%|▎         | 3/100 [00:35<14:15,  8.82s/it]  4%|▍         | 4/100 [00:35<13:47,  8.62s/it]                                                 4%|▍         | 4/100 [00:43<13:47,  8.62s/it]  5%|▌         | 5/100 [00:43<13:28,  8.51s/it]                                                 5%|▌         | 5/100 [00:52<13:28,  8.51s/it]  6%|▌         | 6/100 [00:52<13:13,  8.44s/it]                                                 6%|▌         | 6/100 [01:00<13:13,  8.44s/it]  7%|▋         | 7/100 [01:00<13:02,  8.41s/it]                                                 7%|▋         | 7/100 [01:08<13:02,  8.41s/it]  8%|▊         | 8/100 [01:08<12:51,  8.38s/it]                                                 8%|▊         | 8/100 [01:17<12:51,  8.38s/it]  9%|▉         | 9/100 [01:17<12:41,  8.37s/it]                                                 9%|▉         | 9/100 [01:25<12:41,  8.37s/it] 10%|█         | 10/100 [01:25<12:31,  8.35s/it]                                                 10%|█         | 10/100 [01:33<12:31,  8.35s/it] 11%|█         | 11/100 [01:33<12:22,  8.35s/it]                                                 11%|█         | 11/100 [01:42<12:22,  8.35s/it] 12%|█▏        | 12/100 [01:42<12:14,  8.35s/it]                                                 12%|█▏        | 12/100 [01:50<12:14,  8.35s/it] 13%|█▎        | 13/100 [01:50<12:06,  8.35s/it]                                                 13%|█▎        | 13/100 [01:58<12:06,  8.35s/it] 14%|█▍        | 14/100 [01:58<11:57,  8.35s/it]                                                 14%|█▍        | 14/100 [02:07<11:57,  8.35s/it] 15%|█▌        | 15/100 [02:07<11:49,  8.34s/it]                                                 15%|█▌        | 15/100 [02:15<11:49,  8.34s/it] 16%|█▌        | 16/100 [02:15<11:40,  8.34s/it]                                                 16%|█▌        | 16/100 [02:23<11:40,  8.34s/it] 17%|█▋        | 17/100 [02:23<11:32,  8.34s/it]                                                 17%|█▋        | 17/100 [02:32<11:32,  8.34s/it] 18%|█▊        | 18/100 [02:32<11:23,  8.34s/it]                                                 18%|█▊        | 18/100 [02:40<11:23,  8.34s/it] 19%|█▉        | 19/100 [02:40<11:14,  8.32s/it]                                                 19%|█▉        | 19/100 [02:48<11:14,  8.32s/it] 20%|██        | 20/100 [02:48<11:06,  8.33s/it]                                                 20%|██        | 20/100 [02:57<11:06,  8.33s/it] 21%|██        | 21/100 [02:57<10:58,  8.34s/it]                                                 21%|██        | 21/100 [03:05<10:58,  8.34s/it] 22%|██▏       | 22/100 [03:05<10:50,  8.34s/it]                                                 22%|██▏       | 22/100 [03:13<10:50,  8.34s/it] 23%|██▎       | 23/100 [03:13<10:42,  8.34s/it]                                                 23%|██▎       | 23/100 [03:22<10:42,  8.34s/it] 24%|██▍       | 24/100 [03:22<10:33,  8.33s/it]                                                 24%|██▍       | 24/100 [03:30<10:33,  8.33s/it] 25%|██▌       | 25/100 [03:30<10:24,  8.33s/it]                                                 25%|██▌       | 25/100 [03:38<10:24,  8.33s/it] 26%|██▌       | 26/100 [03:38<10:19,  8.37s/it]                                                 26%|██▌       | 26/100 [03:47<10:19,  8.37s/it] 27%|██▋       | 27/100 [03:47<10:09,  8.35s/it]                                                 27%|██▋       | 27/100 [03:55<10:09,  8.35s/it] 28%|██▊       | 28/100 [03:55<10:01,  8.35s/it]                                                 28%|██▊       | 28/100 [04:03<10:01,  8.35s/it] 29%|██▉       | 29/100 [04:03<09:52,  8.35s/it]                                                 29%|██▉       | 29/100 [04:12<09:52,  8.35s/it] 30%|███       | 30/100 [04:12<09:43,  8.34s/it]                                                 30%|███       | 30/100 [04:20<09:43,  8.34s/it] 31%|███       | 31/100 [04:20<09:34,  8.33s/it]                                                 31%|███       | 31/100 [04:28<09:34,  8.33s/it] 32%|███▏      | 32/100 [04:28<09:26,  8.33s/it]                                                 32%|███▏      | 32/100 [04:37<09:26,  8.33s/it] 33%|███▎      | 33/100 [04:37<09:18,  8.33s/it]                                                 33%|███▎      | 33/100 [04:45<09:18,  8.33s/it] 34%|███▍      | 34/100 [04:45<09:09,  8.33s/it]                                                 34%|███▍      | 34/100 [04:53<09:09,  8.33s/it] 35%|███▌      | 35/100 [04:53<09:01,  8.32s/it]                                                 35%|███▌      | 35/100 [05:02<09:01,  8.32s/it] 36%|███▌      | 36/100 [05:02<08:53,  8.33s/it]                                                 36%|███▌      | 36/100 [05:10<08:53,  8.33s/it] 37%|███▋      | 37/100 [05:10<08:45,  8.33s/it]                                                 37%|███▋      | 37/100 [05:18<08:45,  8.33s/it] 38%|███▊      | 38/100 [05:18<08:36,  8.33s/it]                                                 38%|███▊      | 38/100 [05:27<08:36,  8.33s/it] 39%|███▉      | 39/100 [05:27<08:27,  8.32s/it]                                                 39%|███▉      | 39/100 [05:35<08:27,  8.32s/it] 40%|████      | 40/100 [05:35<08:19,  8.32s/it]                                                 40%|████      | 40/100 [05:43<08:19,  8.32s/it] 41%|████      | 41/100 [05:43<08:10,  8.32s/it]                                                 41%|████      | 41/100 [05:52<08:10,  8.32s/it] 42%|████▏     | 42/100 [05:52<08:02,  8.32s/it]                                                 42%|████▏     | 42/100 [06:00<08:02,  8.32s/it] 43%|████▎     | 43/100 [06:00<07:54,  8.32s/it]                                                 43%|████▎     | 43/100 [06:08<07:54,  8.32s/it] 44%|████▍     | 44/100 [06:08<07:45,  8.31s/it]                                                 44%|████▍     | 44/100 [06:17<07:45,  8.31s/it] 45%|████▌     | 45/100 [06:17<07:36,  8.30s/it]                                                 45%|████▌     | 45/100 [06:25<07:36,  8.30s/it] 46%|████▌     | 46/100 [06:25<07:28,  8.30s/it]                                                 46%|████▌     | 46/100 [06:33<07:28,  8.30s/it] 47%|████▋     | 47/100 [06:33<07:20,  8.31s/it]                                                 47%|████▋     | 47/100 [06:41<07:20,  8.31s/it] 48%|████▊     | 48/100 [06:41<07:12,  8.31s/it]                                                 48%|████▊     | 48/100 [06:50<07:12,  8.31s/it] 49%|████▉     | 49/100 [06:50<07:03,  8.31s/it]                                                 49%|████▉     | 49/100 [06:58<07:03,  8.31s/it] 50%|█████     | 50/100 [06:58<06:56,  8.34s/it]                                                 50%|█████     | 50/100 [07:07<06:56,  8.34s/it] 51%|█████     | 51/100 [07:07<06:48,  8.34s/it]                                                 51%|█████     | 51/100 [07:15<06:48,  8.34s/it] 52%|█████▏    | 52/100 [07:15<06:39,  8.33s/it]                                                 52%|█████▏    | 52/100 [07:23<06:39,  8.33s/it] 53%|█████▎    | 53/100 [07:23<06:31,  8.33s/it]                                                 53%|█████▎    | 53/100 [07:31<06:31,  8.33s/it] 54%|█████▍    | 54/100 [07:31<06:22,  8.32s/it]                                                 54%|█████▍    | 54/100 [07:40<06:22,  8.32s/it] 55%|█████▌    | 55/100 [07:40<06:14,  8.32s/it]                                                 55%|█████▌    | 55/100 [07:48<06:14,  8.32s/it] 56%|█████▌    | 56/100 [07:48<06:05,  8.31s/it]                                                 56%|█████▌    | 56/100 [07:56<06:05,  8.31s/it] 57%|█████▋    | 57/100 [07:56<05:57,  8.31s/it]                                                 57%|█████▋    | 57/100 [08:05<05:57,  8.31s/it] 58%|█████▊    | 58/100 [08:05<05:49,  8.32s/it]                                                 58%|█████▊    | 58/100 [08:13<05:49,  8.32s/it] 59%|█████▉    | 59/100 [08:13<05:41,  8.32s/it]                                                 59%|█████▉    | 59/100 [08:21<05:41,  8.32s/it] 60%|██████    | 60/100 [08:21<05:32,  8.32s/it]                                                 60%|██████    | 60/100 [08:30<05:32,  8.32s/it] 61%|██████    | 61/100 [08:30<05:24,  8.32s/it]                                                 61%|██████    | 61/100 [08:38<05:24,  8.32s/it] 62%|██████▏   | 62/100 [08:38<05:15,  8.31s/it]                                                 62%|██████▏   | 62/100 [08:46<05:15,  8.31s/it] 63%|██████▎   | 63/100 [08:46<05:07,  8.31s/it]                                                 63%|██████▎   | 63/100 [08:55<05:07,  8.31s/it] 64%|██████▍   | 64/100 [08:55<04:59,  8.31s/it]                                                 64%|██████▍   | 64/100 [09:03<04:59,  8.31s/it] 65%|██████▌   | 65/100 [09:03<04:50,  8.31s/it]                                                 65%|██████▌   | 65/100 [09:11<04:50,  8.31s/it] 66%|██████▌   | 66/100 [09:11<04:42,  8.31s/it]                                                 66%|██████▌   | 66/100 [09:20<04:42,  8.31s/it] 67%|██████▋   | 67/100 [09:20<04:34,  8.31s/it]                                                 67%|██████▋   | 67/100 [09:28<04:34,  8.31s/it] 68%|██████▊   | 68/100 [09:28<04:25,  8.31s/it]                                                 68%|██████▊   | 68/100 [09:36<04:25,  8.31s/it] 69%|██████▉   | 69/100 [09:36<04:17,  8.32s/it]                                                 69%|██████▉   | 69/100 [09:45<04:17,  8.32s/it] 70%|███████   | 70/100 [09:45<04:09,  8.32s/it]                                                 70%|███████   | 70/100 [09:53<04:09,  8.32s/it] 71%|███████   | 71/100 [09:53<04:01,  8.31s/it]                                                 71%|███████   | 71/100 [10:01<04:01,  8.31s/it] 72%|███████▏  | 72/100 [10:01<03:52,  8.31s/it]                                                 72%|███████▏  | 72/100 [10:09<03:52,  8.31s/it] 73%|███████▎  | 73/100 [10:09<03:44,  8.31s/it]                                                 73%|███████▎  | 73/100 [10:18<03:44,  8.31s/it] 74%|███████▍  | 74/100 [10:18<03:36,  8.34s/it]                                                 74%|███████▍  | 74/100 [10:26<03:36,  8.34s/it] 75%|███████▌  | 75/100 [10:26<03:28,  8.33s/it]                                                 75%|███████▌  | 75/100 [10:34<03:28,  8.33s/it] 76%|███████▌  | 76/100 [10:34<03:19,  8.33s/it]                                                 76%|███████▌  | 76/100 [10:43<03:19,  8.33s/it] 77%|███████▋  | 77/100 [10:43<03:11,  8.32s/it]                                                 77%|███████▋  | 77/100 [10:51<03:11,  8.32s/it] 78%|███████▊  | 78/100 [10:51<03:03,  8.32s/it]                                                 78%|███████▊  | 78/100 [10:59<03:03,  8.32s/it] 79%|███████▉  | 79/100 [10:59<02:54,  8.32s/it]                                                 79%|███████▉  | 79/100 [11:08<02:54,  8.32s/it] 80%|████████  | 80/100 [11:08<02:46,  8.32s/it]                                                 80%|████████  | 80/100 [11:16<02:46,  8.32s/it] 81%|████████  | 81/100 [11:16<02:37,  8.31s/it]                                                 81%|████████  | 81/100 [11:24<02:37,  8.31s/it] 82%|████████▏ | 82/100 [11:24<02:29,  8.31s/it]                                                 82%|████████▏ | 82/100 [11:33<02:29,  8.31s/it] 83%|████████▎ | 83/100 [11:33<02:21,  8.31s/it]                                                 83%|████████▎ | 83/100 [11:41<02:21,  8.31s/it] 84%|████████▍ | 84/100 [11:41<02:12,  8.31s/it]                                                 84%|████████▍ | 84/100 [11:49<02:12,  8.31s/it] 85%|████████▌ | 85/100 [11:49<02:04,  8.31s/it]                                                 85%|████████▌ | 85/100 [11:58<02:04,  8.31s/it] 86%|████████▌ | 86/100 [11:58<01:56,  8.31s/it]                                                 86%|████████▌ | 86/100 [12:06<01:56,  8.31s/it] 87%|████████▋ | 87/100 [12:06<01:48,  8.31s/it]                                                 87%|████████▋ | 87/100 [12:14<01:48,  8.31s/it] 88%|████████▊ | 88/100 [12:14<01:39,  8.32s/it]                                                 88%|████████▊ | 88/100 [12:23<01:39,  8.32s/it] 89%|████████▉ | 89/100 [12:23<01:31,  8.32s/it]                                                 89%|████████▉ | 89/100 [12:31<01:31,  8.32s/it] 90%|█████████ | 90/100 [12:31<01:23,  8.32s/it]                                                 90%|█████████ | 90/100 [12:39<01:23,  8.32s/it] 91%|█████████ | 91/100 [12:39<01:14,  8.32s/it]                                                 91%|█████████ | 91/100 [12:47<01:14,  8.32s/it] 92%|█████████▏| 92/100 [12:47<01:06,  8.31s/it]                                                 92%|█████████▏| 92/100 [12:56<01:06,  8.31s/it] 93%|█████████▎| 93/100 [12:56<00:58,  8.32s/it]                                                 93%|█████████▎| 93/100 [13:04<00:58,  8.32s/it] 94%|█████████▍| 94/100 [13:04<00:49,  8.32s/it]                                                 94%|█████████▍| 94/100 [13:12<00:49,  8.32s/it] 95%|█████████▌| 95/100 [13:12<00:41,  8.31s/it]                                                 95%|█████████▌| 95/100 [13:21<00:41,  8.31s/it] 96%|█████████▌| 96/100 [13:21<00:33,  8.31s/it]                                                 96%|█████████▌| 96/100 [13:29<00:33,  8.31s/it] 97%|█████████▋| 97/100 [13:29<00:24,  8.32s/it]                                                 97%|█████████▋| 97/100 [13:37<00:24,  8.32s/it] 98%|█████████▊| 98/100 [13:37<00:16,  8.34s/it]                                                 98%|█████████▊| 98/100 [13:46<00:16,  8.34s/it] 99%|█████████▉| 99/100 [13:46<00:08,  8.33s/it]                                                 99%|█████████▉| 99/100 [13:54<00:08,  8.33s/it]100%|██████████| 100/100 [13:54<00:00,  8.32s/it]100%|██████████| 100/100 [13:54<00:00,  8.35s/it]
[I 2025-08-10 13:17:40,945] Trial 0 finished with values: [0.912664856770788, 0.28518859245630174] and parameters: {'psi': 0.42208881274809806, 'lda_s': 7.700819025437221e-05, 'lda_t': 0.0072143686181471555}.
[I 2025-08-10 13:17:49,292] Trial 1 finished with values: [0.8992695362461273, 0.2629193109700816] and parameters: {'psi': 0.49370395761764985, 'lda_s': 3.4697534217171374e-07, 'lda_t': 1.7453476369190247e-06}.
[I 2025-08-10 13:17:57,598] Trial 2 finished with values: [0.9133934618382641, 0.44733044733044736] and parameters: {'psi': 0.30823757572333244, 'lda_s': 8.42142082006141, 'lda_t': 9.96593045806862e-07}.
[I 2025-08-10 13:18:05,915] Trial 3 finished with values: [0.8708548679577568, 0.3676323676323676] and parameters: {'psi': 0.42777769632995244, 'lda_s': 0.005686169672648569, 'lda_t': 0.028743492908629282}.
[I 2025-08-10 13:18:14,235] Trial 4 finished with values: [0.9002843790186833, 0.2648648648648649] and parameters: {'psi': 0.35302257471367715, 'lda_s': 3.118061004229894e-06, 'lda_t': 0.00031732974500818073}.
[I 2025-08-10 13:18:22,547] Trial 5 finished with values: [0.8993171650850408, 0.25742574257425743] and parameters: {'psi': 0.308633777234658, 'lda_s': 1.2598739882465644e-06, 'lda_t': 2.1430858055315178e-06}.
[I 2025-08-10 13:18:30,892] Trial 6 finished with values: [0.9446721335280308, 0.40811153358681873] and parameters: {'psi': 0.6184036230910432, 'lda_s': 0.7614997688822415, 'lda_t': 8.521625631100127e-06}.
[I 2025-08-10 13:18:39,210] Trial 7 finished with values: [0.8985307084034697, 0.27012025901942643] and parameters: {'psi': 0.8528671656853772, 'lda_s': 9.035041250413811e-08, 'lda_t': 0.0029311298834920506}.
[I 2025-08-10 13:18:47,563] Trial 8 finished with values: [0.7021912750937185, 0.08106116433308769] and parameters: {'psi': 0.8133346541040543, 'lda_s': 0.04294170276271912, 'lda_t': 0.6612160201816419}.
[I 2025-08-10 13:18:55,878] Trial 9 finished with values: [0.7884316520353197, 0.20342396777442096] and parameters: {'psi': 0.24825186002066124, 'lda_s': 0.6768033883139258, 'lda_t': 2.2321271309731654}.
[I 2025-08-10 13:19:04,209] Trial 10 finished with values: [0.9319841593451847, 0.38617401668653156] and parameters: {'psi': 0.8644597855569583, 'lda_s': 1.3540528204338496, 'lda_t': 1.223071629420192e-06}.
[I 2025-08-10 13:19:12,553] Trial 11 finished with values: [0.8891153001255775, 0.3090909090909091] and parameters: {'psi': 0.25760242779461306, 'lda_s': 0.0019911767987369038, 'lda_t': 0.008963168940465551}.
[I 2025-08-10 13:19:20,901] Trial 12 finished with values: [0.8993876790002128, 0.2581227436823105] and parameters: {'psi': 0.39551777160262924, 'lda_s': 1.1522850897980495e-08, 'lda_t': 2.281660261096087e-08}.
[I 2025-08-10 13:19:29,243] Trial 13 finished with values: [0.9234961194113076, 0.39054470709146966] and parameters: {'psi': 0.1992871803979066, 'lda_s': 6.872759326017443e-05, 'lda_t': 0.4389724809989805}.
[I 2025-08-10 13:19:37,581] Trial 14 finished with values: [0.9056276377373746, 0.330672748004561] and parameters: {'psi': 0.21112145451621844, 'lda_s': 0.012625656687688877, 'lda_t': 2.3677916143274552e-05}.
[I 2025-08-10 13:19:45,914] Trial 15 finished with values: [0.9170166224647809, 0.3545816733067729] and parameters: {'psi': 0.15697341309238555, 'lda_s': 1.0561697134110036e-06, 'lda_t': 2.2980175993023715}.
[I 2025-08-10 13:19:54,267] Trial 16 finished with values: [0.8937448232679656, 0.2656826568265683] and parameters: {'psi': 0.2372701225536118, 'lda_s': 0.0018075998715484736, 'lda_t': 2.998701599091275e-08}.
[I 2025-08-10 13:20:02,596] Trial 17 finished with values: [0.9003478066919681, 0.3048180924287119] and parameters: {'psi': 0.9594336974661071, 'lda_s': 0.019360034289908606, 'lda_t': 7.239199971756822e-08}.
[I 2025-08-10 13:20:10,885] Trial 18 finished with values: [0.9132087548775996, 0.435506241331484] and parameters: {'psi': 0.2442313815119388, 'lda_s': 4.451268303736266, 'lda_t': 1.138814128532257e-08}.
[I 2025-08-10 13:20:19,234] Trial 19 finished with values: [0.8950000174251851, 0.26838235294117646] and parameters: {'psi': 0.8941765700677712, 'lda_s': 1.6526381822227373e-05, 'lda_t': 9.263858311808083e-07}.
[I 2025-08-10 13:20:27,585] Trial 20 finished with values: [0.9249956146617829, 0.3408284023668639] and parameters: {'psi': 0.5860679347027955, 'lda_s': 0.029148786961379392, 'lda_t': 2.6921778784767667e-05}.
[I 2025-08-10 13:20:35,946] Trial 21 finished with values: [0.8909997757959534, 0.31027253668763105] and parameters: {'psi': 0.10322572107785954, 'lda_s': 0.004004673369078303, 'lda_t': 0.0001644948383843606}.
[I 2025-08-10 13:20:44,273] Trial 22 finished with values: [0.724697295495125, 0.09257898603967671] and parameters: {'psi': 0.4292680485813679, 'lda_s': 0.13263522378567294, 'lda_t': 0.07786049171920502}.
[I 2025-08-10 13:20:52,596] Trial 23 finished with values: [0.8965823403882099, 0.26181818181818184] and parameters: {'psi': 0.4633279807807412, 'lda_s': 0.0004771062602445023, 'lda_t': 4.27802941119408e-05}.
[I 2025-08-10 13:21:00,926] Trial 24 finished with values: [0.9334410209764378, 0.44195804195804195] and parameters: {'psi': 0.9565861491324638, 'lda_s': 0.2292047443256802, 'lda_t': 3.214257587993453e-07}.
[I 2025-08-10 13:21:09,390] Trial 25 finished with values: [0.8376782451212387, 0.2720306513409962] and parameters: {'psi': 0.8373278430482456, 'lda_s': 2.395163557881292, 'lda_t': 0.042314847335080584}.
[I 2025-08-10 13:21:17,698] Trial 26 finished with values: [0.8916334716893018, 0.30991337824831566] and parameters: {'psi': 0.5996479699005848, 'lda_s': 0.10855682546396365, 'lda_t': 0.01694919598751032}.
[I 2025-08-10 13:21:26,045] Trial 27 finished with values: [0.8943055657202468, 0.2684063373718546] and parameters: {'psi': 0.681403351463663, 'lda_s': 0.005039981264539638, 'lda_t': 0.00017398967882631918}.
[I 2025-08-10 13:21:34,384] Trial 28 finished with values: [0.892408892420393, 0.31874298540965207] and parameters: {'psi': 0.06549581805579785, 'lda_s': 0.009815725300856556, 'lda_t': 9.7059989521886e-05}.
