[I 2025-08-10 13:09:51,030] Trial 29 finished with values: [0.9995786570954726, 0.6457831325301204] and parameters: {'psi': 0.9711754178627962, 'lda_s': 1.8383891211489166e-05, 'lda_t': 1.006157339114494}.
[I 2025-08-10 13:09:56,201] Trial 30 finished with values: [0.9990813299977679, 0.6301369863013698] and parameters: {'psi': 0.32060100712487916, 'lda_s': 0.00029216624231712037, 'lda_t': 2.1562972405054355e-08}.
[I 2025-08-10 13:10:01,380] Trial 31 finished with values: [0.9984473368859462, 0.6318289786223278] and parameters: {'psi': 0.8921766578854623, 'lda_s': 0.0015589974450986451, 'lda_t': 1.1634163221398131e-07}.
[I 2025-08-10 13:10:06,550] Trial 32 finished with values: [0.9962451144538294, 0.7534626038781164] and parameters: {'psi': 0.9123712253780696, 'lda_s': 0.01010373382749339, 'lda_t': 0.027893857043485924}.
[I 2025-08-10 13:10:11,711] Trial 33 finished with values: [0.9994406719113349, 0.6252873563218391] and parameters: {'psi': 0.7671001863559702, 'lda_s': 1.1572512989321843e-08, 'lda_t': 0.0974602751634157}.
[I 2025-08-10 13:10:16,887] Trial 34 finished with values: [0.9991425394867163, 0.6224256292906178] and parameters: {'psi': 0.042987932666639805, 'lda_s': 5.525257798448021e-07, 'lda_t': 3.5359089420048364e-07}.
[I 2025-08-10 13:10:22,042] Trial 35 finished with values: [0.9995746995854112, 0.8716417910447761] and parameters: {'psi': 0.9299128855657044, 'lda_s': 0.6078952987056767, 'lda_t': 0.0062835517380641194}.
[I 2025-08-10 13:10:27,234] Trial 36 finished with values: [0.9984523497320238, 0.6210045662100456] and parameters: {'psi': 0.2108183652244512, 'lda_s': 0.0007665017087498633, 'lda_t': 9.754902021109384e-05}.
[I 2025-08-10 13:10:32,425] Trial 37 finished with values: [0.9992979377151237, 0.6171171171171171] and parameters: {'psi': 0.05856080705513289, 'lda_s': 2.650962689851656e-06, 'lda_t': 0.0017045291664636642}.
[I 2025-08-10 13:10:37,588] Trial 38 finished with values: [0.9991016452160827, 0.6318289786223278] and parameters: {'psi': 0.7879536971453165, 'lda_s': 1.5598721047504734e-07, 'lda_t': 0.0011480184071233628}.
[I 2025-08-10 13:10:42,752] Trial 39 finished with values: [0.9993889604465338, 0.6126126126126126] and parameters: {'psi': 0.47796256844319807, 'lda_s': 7.025466074876909e-05, 'lda_t': 0.013149288119374741}.
[I 2025-08-10 13:10:47,944] Trial 40 finished with values: [0.9966519464881319, 0.6352941176470588] and parameters: {'psi': 0.03895244729530423, 'lda_s': 0.0007506972207094453, 'lda_t': 1.1231985272904785e-06}.
[I 2025-08-10 13:10:53,121] Trial 41 finished with values: [0.9991380543086468, 0.6327944572748267] and parameters: {'psi': 0.5903319134890712, 'lda_s': 0.0004702922186686677, 'lda_t': 2.2921440589986415e-08}.
[I 2025-08-10 13:10:58,297] Trial 42 finished with values: [0.9992438517442858, 0.6287015945330297] and parameters: {'psi': 0.1923658890355313, 'lda_s': 3.908710891533452e-05, 'lda_t': 0.0007091364391823915}.
[I 2025-08-10 13:11:03,460] Trial 43 finished with values: [0.9918881597103314, 0.9148264984227129] and parameters: {'psi': 0.23183974072092495, 'lda_s': 0.7184821461821319, 'lda_t': 1.58963642980605}.
[I 2025-08-10 13:11:08,618] Trial 44 finished with values: [0.9992926610350419, 0.6287015945330297] and parameters: {'psi': 0.41419577103740157, 'lda_s': 2.3468702566954285e-06, 'lda_t': 0.000928974313605224}.
[I 2025-08-10 13:11:13,782] Trial 45 finished with values: [0.9989507321657447, 0.8181818181818182] and parameters: {'psi': 0.2545117293146567, 'lda_s': 0.9755628512426866, 'lda_t': 6.537517149140317e-08}.
[I 2025-08-10 13:11:18,976] Trial 46 finished with values: [0.9990765809856943, 0.6287015945330297] and parameters: {'psi': 0.30721974478239145, 'lda_s': 0.0002847264293386076, 'lda_t': 8.7108809153299e-06}.
[I 2025-08-10 13:11:24,151] Trial 47 finished with values: [0.9984315068457008, 0.797427652733119] and parameters: {'psi': 0.18248557737760596, 'lda_s': 0.11009613267621952, 'lda_t': 1.4809185631823887e-05}.
[I 2025-08-10 13:11:29,323] Trial 48 finished with values: [0.9991517736768593, 0.6301369863013698] and parameters: {'psi': 0.4152832429229638, 'lda_s': 0.00033199907523146703, 'lda_t': 0.00031710786864672406}.
[I 2025-08-10 13:11:34,572] Trial 49 finished with values: [0.8991808481841097, 0.2752688172043011] and parameters: {'psi': 0.9352149554858926, 'lda_s': 0.1664520186051452, 'lda_t': 0.7190229340888179}.
[I 2025-08-10 13:11:39,697] Trial 50 finished with values: [0.9700540490340773, 0.09871668311944719] and parameters: {'psi': 0.8389827398049622, 'lda_s': 1.1511634287740748, 'lda_t': 0.7947333623654644}.
[I 2025-08-10 13:11:44,871] Trial 51 finished with values: [0.9992303962100774, 0.631578947368421] and parameters: {'psi': 0.24970876766574324, 'lda_s': 1.4645056184266227e-05, 'lda_t': 6.537517149140317e-08}.
[I 2025-08-10 13:11:50,043] Trial 52 finished with values: [0.9998372144194781, 0.8654970760233918] and parameters: {'psi': 0.9429026111362403, 'lda_s': 0.19527730228544543, 'lda_t': 0.0030233570162153424}.
[I 2025-08-10 13:11:55,220] Trial 53 finished with values: [0.9984887588245879, 0.6210045662100456] and parameters: {'psi': 0.2108183652244512, 'lda_s': 0.0007665017087498633, 'lda_t': 0.0002463569959855228}.
[I 2025-08-10 13:12:00,364] Trial 54 finished with values: [0.9806248222418398, 0.420899854862119] and parameters: {'psi': 0.7383487915346834, 'lda_s': 0.11009613267621952, 'lda_t': 2.1367658900186806}.
[I 2025-08-10 13:12:05,530] Trial 55 finished with values: [0.9987684228689204, 0.647887323943662] and parameters: {'psi': 0.1530131093549405, 'lda_s': 0.0007680255431512746, 'lda_t': 0.17965806430617223}.
[I 2025-08-10 13:12:10,675] Trial 56 finished with values: [0.9996728458349317, 0.6713286713286714] and parameters: {'psi': 0.6176655577690221, 'lda_s': 7.131464459008121e-05, 'lda_t': 4.368825175993459}.
[I 2025-08-10 13:12:15,844] Trial 57 finished with values: [0.998963396197941, 0.822742474916388] and parameters: {'psi': 0.4152832429229638, 'lda_s': 3.1251932444935338, 'lda_t': 2.269684263354886e-07}.
[I 2025-08-10 13:12:21,013] Trial 58 finished with values: [0.9938455441866552, 0.7901907356948229] and parameters: {'psi': 0.7383487915346834, 'lda_s': 0.005598353361623862, 'lda_t': 2.1367658900186806}.
[I 2025-08-10 13:12:26,166] Trial 59 finished with values: [0.9989573280158469, 0.8181818181818182] and parameters: {'psi': 0.2545117293146567, 'lda_s': 0.9755628512426866, 'lda_t': 5.0689430818552764e-05}.
[I 2025-08-10 13:12:31,315] Trial 60 finished with values: [0.9992889673589848, 0.6330275229357798] and parameters: {'psi': 0.49011524570280907, 'lda_s': 2.3468702566954285e-06, 'lda_t': 0.000928974313605224}.
[I 2025-08-10 13:12:36,486] Trial 61 finished with values: [0.9990868705118537, 0.6136363636363636] and parameters: {'psi': 0.9299128855657044, 'lda_s': 0.0003314044406458448, 'lda_t': 0.045227514197788865}.
[I 2025-08-10 13:12:41,655] Trial 62 finished with values: [0.9992058596476973, 0.6106194690265486] and parameters: {'psi': 0.21933655315783662, 'lda_s': 0.0004702922186686677, 'lda_t': 0.013149288119374741}.
[I 2025-08-10 13:12:46,825] Trial 63 finished with values: [0.9990718319736208, 0.6348448687350835] and parameters: {'psi': 0.7879536971453165, 'lda_s': 1.5598721047504734e-07, 'lda_t': 1.0373897522050861e-08}.
[I 2025-08-10 13:12:52,000] Trial 64 finished with values: [0.9995219327845938, 0.8516129032258064] and parameters: {'psi': 0.827952563163309, 'lda_s': 0.12702485493891263, 'lda_t': 0.0039278038748424135}.
[I 2025-08-10 13:12:57,164] Trial 65 finished with values: [0.9993873774425092, 0.618510158013544] and parameters: {'psi': 0.05616353395432705, 'lda_s': 1.386067148660542e-07, 'lda_t': 0.04403452730243356}.
[I 2025-08-10 13:13:02,320] Trial 66 finished with values: [0.9994406719113349, 0.6252873563218391] and parameters: {'psi': 0.7671001863559702, 'lda_s': 1.1572512989321843e-08, 'lda_t': 0.0974602751634157}.
[I 2025-08-10 13:13:07,468] Trial 67 finished with values: [0.9996570157946865, 0.6541176470588236] and parameters: {'psi': 0.7383487915346834, 'lda_s': 0.00015666840414237687, 'lda_t': 2.1367658900186806}.
[I 2025-08-10 13:13:12,633] Trial 68 finished with values: [0.9990396442251221, 0.6210045662100456] and parameters: {'psi': 0.49485117320551397, 'lda_s': 0.0017964796644147265, 'lda_t': 0.021541764842504748}.
[I 2025-08-10 13:13:17,795] Trial 69 finished with values: [0.9993216827754915, 0.6112359550561798] and parameters: {'psi': 0.26731580522014964, 'lda_s': 0.00014257195621529092, 'lda_t': 0.0062835517380641194}.
[I 2025-08-10 13:13:22,967] Trial 70 finished with values: [0.9995628270552273, 0.6433566433566433] and parameters: {'psi': 0.7296578210111802, 'lda_s': 0.0013650183394216123, 'lda_t': 4.368825175993459}.
[I 2025-08-10 13:13:28,121] Trial 71 finished with values: [0.9992675968046536, 0.6344827586206897] and parameters: {'psi': 0.49116796655961126, 'lda_s': 1.1364668981662917e-06, 'lda_t': 8.7108809153299e-06}.
[I 2025-08-10 13:13:33,273] Trial 72 finished with values: [0.9996045128278731, 0.8742138364779874] and parameters: {'psi': 0.5963137587657641, 'lda_s': 2.6163101275171665, 'lda_t': 1.1231985272904785e-06}.
[I 2025-08-10 13:13:38,550] Trial 73 finished with values: [0.999685773701132, 0.8869047619047619] and parameters: {'psi': 0.9299128855657044, 'lda_s': 0.37410090857849126, 'lda_t': 3.495165274731781e-05}.
[I 2025-08-10 13:13:43,666] Trial 74 finished with values: [0.9991488715028143, 0.6178489702517163] and parameters: {'psi': 0.9984014875363719, 'lda_s': 2.0419606689687637e-07, 'lda_t': 8.79777872850647e-07}.
[I 2025-08-10 13:13:48,829] Trial 75 finished with values: [0.9994535997775351, 0.6219239373601789] and parameters: {'psi': 0.07628940707959642, 'lda_s': 1.8629478365092118e-07, 'lda_t': 0.045227514197788865}.
[I 2025-08-10 13:13:53,982] Trial 76 finished with values: [0.999253877436441, 0.6235565819861432] and parameters: {'psi': 0.7383487915346834, 'lda_s': 0.00014312712541726362, 'lda_t': 0.0062835517380641194}.
[I 2025-08-10 13:13:59,134] Trial 77 finished with values: [0.9991863359313947, 0.6357308584686775] and parameters: {'psi': 0.6761637369950235, 'lda_s': 5.415433983332546e-08, 'lda_t': 0.00010348372155113958}.
[I 2025-08-10 13:14:04,297] Trial 78 finished with values: [0.9991615355350105, 0.6330275229357798] and parameters: {'psi': 0.49485117320551397, 'lda_s': 0.000336550517760562, 'lda_t': 3.0753097004371587e-07}.
[I 2025-08-10 13:14:09,458] Trial 79 finished with values: [0.9994968685542055, 0.8355263157894737] and parameters: {'psi': 0.8921766578854623, 'lda_s': 3.2768845518881884, 'lda_t': 4.820098290906251e-08}.
[I 2025-08-10 13:14:14,639] Trial 80 finished with values: [0.9990713043056126, 0.6348448687350835] and parameters: {'psi': 0.7879536971453165, 'lda_s': 5.576975384865901e-07, 'lda_t': 8.12213952346815e-06}.
[I 2025-08-10 13:14:19,801] Trial 81 finished with values: [0.7553873584464609, 0.2840646651270208] and parameters: {'psi': 0.40447335746202817, 'lda_s': 0.18158938576724837, 'lda_t': 0.5189163165198422}.
[I 2025-08-10 13:14:24,952] Trial 82 finished with values: [0.9994119140048894, 0.6133333333333333] and parameters: {'psi': 0.3713208086484824, 'lda_s': 4.94493213544576e-05, 'lda_t': 0.017403058603666432}.
[I 2025-08-10 13:14:30,128] Trial 83 finished with values: [0.9980573902279051, 0.819047619047619] and parameters: {'psi': 0.12860193507465045, 'lda_s': 0.01010373382749339, 'lda_t': 1.5144849754818056e-05}.
[I 2025-08-10 13:14:35,287] Trial 84 finished with values: [0.9991615355350105, 0.8275862068965517] and parameters: {'psi': 0.7233701837078852, 'lda_s': 0.02840319656980108, 'lda_t': 1.1634163221398131e-07}.
[I 2025-08-10 13:14:40,453] Trial 85 finished with values: [0.9993873774425092, 0.618510158013544] and parameters: {'psi': 0.05616353395432705, 'lda_s': 1.386067148660542e-07, 'lda_t': 0.5280149927905566}.
[I 2025-08-10 13:14:45,636] Trial 86 finished with values: [0.9994699574857886, 0.8246753246753247] and parameters: {'psi': 0.49485117320551397, 'lda_s': 0.36990360745886613, 'lda_t': 3.0753097004371587e-07}.
[I 2025-08-10 13:14:50,771] Trial 87 finished with values: [0.9990106224846725, 0.6192660550458715] and parameters: {'psi': 0.9711754178627962, 'lda_s': 1.8383891211489166e-05, 'lda_t': 0.00011964660339492871}.
[I 2025-08-10 13:14:55,931] Trial 88 finished with values: [0.9996725820009277, 0.6484018264840182] and parameters: {'psi': 0.4654451437097128, 'lda_s': 2.405686328392353e-07, 'lda_t': 0.40715719110697113}.
[I 2025-08-10 13:15:01,079] Trial 89 finished with values: [0.9996087341719385, 0.8727272727272727] and parameters: {'psi': 0.9363452101366206, 'lda_s': 0.6078952987056767, 'lda_t': 2.0764001092338883e-08}.
[I 2025-08-10 13:15:06,227] Trial 90 finished with values: [0.9994607232956456, 0.6306306306306306] and parameters: {'psi': 0.49116796655961126, 'lda_s': 0.0003314044406458448, 'lda_t': 0.045227514197788865}.
[I 2025-08-10 13:15:11,362] Trial 91 finished with values: [0.9992383112301999, 0.6301369863013698] and parameters: {'psi': 0.23183974072092495, 'lda_s': 1.331183019557704e-07, 'lda_t': 8.745268295552693e-07}.
[I 2025-08-10 13:15:16,520] Trial 92 finished with values: [0.9993037420632136, 0.6244343891402715] and parameters: {'psi': 0.24970876766574324, 'lda_s': 2.225943089297222e-06, 'lda_t': 0.001991816420690475}.
[I 2025-08-10 13:15:21,696] Trial 93 finished with values: [0.9992016383036318, 0.6287015945330297] and parameters: {'psi': 0.2870676460817646, 'lda_s': 7.131464459008121e-05, 'lda_t': 2.3645084971890724e-07}.
[I 2025-08-10 13:15:26,852] Trial 94 finished with values: [0.9988969100289109, 0.8116883116883117] and parameters: {'psi': 0.23183974072092495, 'lda_s': 0.7184821461821319, 'lda_t': 0.000928974313605224}.
[I 2025-08-10 13:15:32,020] Trial 95 finished with values: [0.9794811018341213, 0.3582089552238806] and parameters: {'psi': 0.2870676460817646, 'lda_s': 0.5369856990059814, 'lda_t': 0.17965806430617223}.
[I 2025-08-10 13:15:37,194] Trial 96 finished with values: [0.9996322153983024, 0.8562091503267973] and parameters: {'psi': 0.9299128855657044, 'lda_s': 0.11009613267621952, 'lda_t': 1.4809185631823887e-05}.
[I 2025-08-10 13:15:42,451] Trial 97 finished with values: [0.9972402963172466, 0.6768447837150128] and parameters: {'psi': 0.03895244729530423, 'lda_s': 0.012650357937426696, 'lda_t': 1.1231985272904785e-06}.
[I 2025-08-10 13:15:47,601] Trial 98 finished with values: [0.9995863082815911, 0.6666666666666666] and parameters: {'psi': 0.6235313654446893, 'lda_s': 0.0013650183394216123, 'lda_t': 4.368825175993459}.
[I 2025-08-10 13:15:52,762] Trial 99 finished with values: [0.9992599456185352, 0.8246753246753247] and parameters: {'psi': 0.32060100712487916, 'lda_s': 1.1511634287740748, 'lda_t': 0.001991816420690475}.
