[I 2025-08-10 13:12:31,536] Trial 29 finished with values: [0.7749286978384161, 0.1272264631043257] and parameters: {'psi': 0.9361200396187015, 'lda_s': 3.2546726329108175e-07, 'lda_t': 0.0018959635877636356}.
[I 2025-08-10 13:12:37,694] Trial 30 finished with values: [0.7983075914205615, 0.1251372118551043] and parameters: {'psi': 0.6146262516407428, 'lda_s': 0.21121297191229835, 'lda_t': 1.5735373498806124e-06}.
[I 2025-08-10 13:12:43,847] Trial 31 finished with values: [0.7740567877685476, 0.10600706713780919] and parameters: {'psi': 0.7663737000949978, 'lda_s': 0.023601234595931286, 'lda_t': 0.0003262437664800932}.
[I 2025-08-10 13:12:49,999] Trial 32 finished with values: [0.8037943165938227, 0.13666666666666666] and parameters: {'psi': 0.09174484769474223, 'lda_s': 4.837922638137166e-07, 'lda_t': 0.216270632899208}.
[I 2025-08-10 13:12:56,130] Trial 33 finished with values: [0.7763184726104667, 0.12574341546304163] and parameters: {'psi': 0.8995676060694022, 'lda_s': 8.785527701760411e-07, 'lda_t': 0.001558628219000771}.
[I 2025-08-10 13:13:02,273] Trial 34 finished with values: [0.7892947569499741, 0.1384928716904277] and parameters: {'psi': 0.6084879993249116, 'lda_s': 0.04743661144290834, 'lda_t': 1.25514220395158e-07}.
[I 2025-08-10 13:13:08,415] Trial 35 finished with values: [0.7858221130672896, 0.1206611570247934] and parameters: {'psi': 0.6363655489800412, 'lda_s': 4.039165022067686e-08, 'lda_t': 0.00044052069630170994}.
[I 2025-08-10 13:13:14,571] Trial 36 finished with values: [0.7763068178020923, 0.11490424646128226] and parameters: {'psi': 0.5903299489555769, 'lda_s': 0.003189284120578362, 'lda_t': 0.000924656404397566}.
[I 2025-08-10 13:13:20,748] Trial 37 finished with values: [0.776315375528521, 0.12531752751905165] and parameters: {'psi': 0.8955811467507282, 'lda_s': 1.4929904399043691e-05, 'lda_t': 0.000305351697296696}.
[I 2025-08-10 13:13:26,890] Trial 38 finished with values: [0.6285791875767242, 0.11144578313253012] and parameters: {'psi': 0.7724613310012564, 'lda_s': 2.147533237232123, 'lda_t': 0.8959946028613855}.
[I 2025-08-10 13:13:33,033] Trial 39 finished with values: [0.8184962460921754, 0.14680483592400692] and parameters: {'psi': 0.18323149125463256, 'lda_s': 5.256265431811882e-06, 'lda_t': 0.05745608045872548}.
[I 2025-08-10 13:13:39,177] Trial 40 finished with values: [0.779813122075397, 0.11176470588235295] and parameters: {'psi': 0.9271398202149029, 'lda_s': 0.04078888919899504, 'lda_t': 0.0003758578006408441}.
[I 2025-08-10 13:13:45,332] Trial 41 finished with values: [0.7829930917142136, 0.125] and parameters: {'psi': 0.7401451395653976, 'lda_s': 3.1264756571117154e-05, 'lda_t': 0.002572694902157874}.
[I 2025-08-10 13:13:51,490] Trial 42 finished with values: [0.7868154613502918, 0.10973084886128365] and parameters: {'psi': 0.30257940651769655, 'lda_s': 0.023727327687738445, 'lda_t': 3.3297460308511385e-06}.
[I 2025-08-10 13:13:57,635] Trial 43 finished with values: [0.8054247672339161, 0.15317286652078774] and parameters: {'psi': 0.5278137258927619, 'lda_s': 0.491360852563638, 'lda_t': 1.021988497763159e-08}.
[I 2025-08-10 13:14:03,782] Trial 44 finished with values: [0.7929396148892702, 0.10741138560687433] and parameters: {'psi': 0.19808334588931653, 'lda_s': 1.148693759853035, 'lda_t': 1.8175110329529273e-07}.
[I 2025-08-10 13:14:09,934] Trial 45 finished with values: [0.7837482906960236, 0.12241521918941274] and parameters: {'psi': 0.7218765420203423, 'lda_s': 1.1899561829800573e-08, 'lda_t': 1.945151044094306e-05}.
[I 2025-08-10 13:14:16,077] Trial 46 finished with values: [0.7075587707975166, 0.12218649517684887] and parameters: {'psi': 0.09223651764946983, 'lda_s': 0.7283179266723591, 'lda_t': 5.176688518193452}.
[I 2025-08-10 13:14:22,223] Trial 47 finished with values: [0.8354359803006027, 0.16494845360824742] and parameters: {'psi': 0.8020876184747816, 'lda_s': 5.263388938038215e-07, 'lda_t': 0.1713140827258306}.
[I 2025-08-10 13:14:28,369] Trial 48 finished with values: [0.7758861851725735, 0.12574341546304163] and parameters: {'psi': 0.905859396778318, 'lda_s': 1.008775529389057e-08, 'lda_t': 0.0009312379170855931}.
[I 2025-08-10 13:14:34,617] Trial 49 finished with values: [0.78092774556722, 0.11358024691358025] and parameters: {'psi': 0.31836273755675937, 'lda_s': 0.0007052041499872251, 'lda_t': 4.7683855805055585e-08}.
[I 2025-08-10 13:14:40,780] Trial 50 finished with values: [0.8091879663044006, 0.1529051987767584] and parameters: {'psi': 0.9617699707038879, 'lda_s': 2.0008639069341725, 'lda_t': 1.1415639372048358e-07}.
[I 2025-08-10 13:14:46,928] Trial 51 finished with values: [0.7883137969947545, 0.1162981162981163] and parameters: {'psi': 0.15607783325970948, 'lda_s': 7.089307417794858e-06, 'lda_t': 1.506045422536261e-05}.
[I 2025-08-10 13:14:53,072] Trial 52 finished with values: [0.813632767909406, 0.15100965759438104] and parameters: {'psi': 0.2105085074089188, 'lda_s': 0.00023962237001670306, 'lda_t': 0.37596818220166506}.
[I 2025-08-10 13:14:59,229] Trial 53 finished with values: [0.8092545535662329, 0.1555783009211873] and parameters: {'psi': 0.95994682557346, 'lda_s': 6.9741580900331686, 'lda_t': 1.25514220395158e-07}.
[I 2025-08-10 13:15:05,376] Trial 54 finished with values: [0.7883190131327686, 0.11851851851851852] and parameters: {'psi': 0.4400708031367975, 'lda_s': 7.089307417794858e-06, 'lda_t': 1.506045422536261e-05}.
[I 2025-08-10 13:15:11,513] Trial 55 finished with values: [0.6706769259407834, 0.11419984973703982] and parameters: {'psi': 0.0041489134885298595, 'lda_s': 1.6459829375341916e-08, 'lda_t': 0.000305351697296696}.
[I 2025-08-10 13:15:17,656] Trial 56 finished with values: [0.7994817114866044, 0.17660044150110377] and parameters: {'psi': 0.9917861622437636, 'lda_s': 2.123590486517577, 'lda_t': 0.0023657504178785445}.
[I 2025-08-10 13:15:23,801] Trial 57 finished with values: [0.7929647175534618, 0.10775862068965517] and parameters: {'psi': 0.18323149125463256, 'lda_s': 2.3962648158207114, 'lda_t': 0.0002451063280122736}.
[I 2025-08-10 13:15:29,952] Trial 58 finished with values: [0.7711901939213409, 0.11704834605597965] and parameters: {'psi': 0.7689842082402847, 'lda_s': 0.005119493411376603, 'lda_t': 0.001558628219000771}.
[I 2025-08-10 13:15:36,092] Trial 59 finished with values: [0.7861755879198807, 0.11940298507462686] and parameters: {'psi': 0.2105085074089188, 'lda_s': 9.596102588864225e-05, 'lda_t': 0.001944643074981199}.
[I 2025-08-10 13:15:42,235] Trial 60 finished with values: [0.8118732993556278, 0.14539306846999156] and parameters: {'psi': 0.1285947461895297, 'lda_s': 1.1302444512891434e-07, 'lda_t': 0.8064538010839132}.
[I 2025-08-10 13:15:48,396] Trial 61 finished with values: [0.7881974934174784, 0.119281045751634] and parameters: {'psi': 0.05117083504162623, 'lda_s': 5.263388938038215e-07, 'lda_t': 0.37596818220166506}.
[I 2025-08-10 13:15:54,548] Trial 62 finished with values: [0.7914026472226429, 0.12656119900083265] and parameters: {'psi': 0.3604679963866473, 'lda_s': 3.0949989093742614e-08, 'lda_t': 0.0059978976009690994}.
[I 2025-08-10 13:16:00,695] Trial 63 finished with values: [0.840667440719814, 0.16422764227642275] and parameters: {'psi': 0.688507431704502, 'lda_s': 9.51407759546064e-08, 'lda_t': 1.3742572082585214}.
[I 2025-08-10 13:16:06,852] Trial 64 finished with values: [0.6938170182044846, 0.12714429868819374] and parameters: {'psi': 0.1833172628137698, 'lda_s': 0.5124498656327542, 'lda_t': 0.8064538010839132}.
[I 2025-08-10 13:16:13,006] Trial 65 finished with values: [0.788328059872136, 0.11842105263157894] and parameters: {'psi': 0.4228799662601558, 'lda_s': 1.765457748372902e-05, 'lda_t': 1.3407734593097462e-08}.
[I 2025-08-10 13:16:19,148] Trial 66 finished with values: [0.8003500354615882, 0.14634146341463414] and parameters: {'psi': 0.9271398202149029, 'lda_s': 0.21121297191229835, 'lda_t': 0.0003758578006408441}.
[I 2025-08-10 13:16:25,297] Trial 67 finished with values: [0.789234526856346, 0.11668036154478226] and parameters: {'psi': 0.31962591827217435, 'lda_s': 1.4768926378088713e-07, 'lda_t': 0.00012972910181993408}.
[I 2025-08-10 13:16:31,450] Trial 68 finished with values: [0.7881942333312197, 0.11648892534864644] and parameters: {'psi': 0.15607783325970948, 'lda_s': 7.089307417794858e-06, 'lda_t': 0.00018313941430314818}.
[I 2025-08-10 13:16:37,624] Trial 69 finished with values: [0.6148947309996875, 0.07407407407407407] and parameters: {'psi': 0.8638863704371061, 'lda_s': 0.19542876119427205, 'lda_t': 0.1713140827258306}.
[I 2025-08-10 13:16:43,762] Trial 70 finished with values: [0.8094584719617096, 0.152153987167736] and parameters: {'psi': 0.7036145197845454, 'lda_s': 8.00261104634067e-05, 'lda_t': 0.05165928465117886}.
[I 2025-08-10 13:16:49,911] Trial 71 finished with values: [0.7984572293798321, 0.11777076761303891] and parameters: {'psi': 0.6423014742537237, 'lda_s': 0.491360852563638, 'lda_t': 1.2749301993171518e-07}.
[I 2025-08-10 13:16:56,049] Trial 72 finished with values: [0.8028074069811814, 0.15270413573700956] and parameters: {'psi': 0.905859396778318, 'lda_s': 6.9741580900331686, 'lda_t': 0.000584536644170075}.
[I 2025-08-10 13:17:02,293] Trial 73 finished with values: [0.7807865838322215, 0.1261564339781329] and parameters: {'psi': 0.8020876184747816, 'lda_s': 1.5010597422495868e-07, 'lda_t': 0.00285809536130612}.
[I 2025-08-10 13:17:08,441] Trial 74 finished with values: [0.7868641996398583, 0.12016460905349795] and parameters: {'psi': 0.5755865802990064, 'lda_s': 3.324798760602709e-06, 'lda_t': 2.0929223521527255e-07}.
[I 2025-08-10 13:17:14,582] Trial 75 finished with values: [0.7958170485232869, 0.13786008230452676] and parameters: {'psi': 0.730201715395245, 'lda_s': 0.6109102193389951, 'lda_t': 1.0554967735236593e-07}.
[I 2025-08-10 13:17:20,725] Trial 76 finished with values: [0.7862700489192244, 0.12036273701566365] and parameters: {'psi': 0.6146262516407428, 'lda_s': 1.1302444512891434e-07, 'lda_t': 2.475735573770663e-05}.
[I 2025-08-10 13:17:26,868] Trial 77 finished with values: [0.7746177671115, 0.12647554806070826] and parameters: {'psi': 0.9361200396187015, 'lda_s': 7.335231485186239e-08, 'lda_t': 5.666441266166919e-05}.
[I 2025-08-10 13:17:33,033] Trial 78 finished with values: [0.791110298987401, 0.12640163098878696] and parameters: {'psi': 0.6423014742537237, 'lda_s': 0.044015777235127514, 'lda_t': 0.0014394751193770282}.
[I 2025-08-10 13:17:39,180] Trial 79 finished with values: [0.7888554603266248, 0.1212624584717608] and parameters: {'psi': 0.1833172628137698, 'lda_s': 2.6889539583700227e-05, 'lda_t': 0.0023657504178785445}.
[I 2025-08-10 13:17:45,325] Trial 80 finished with values: [0.7871646165885904, 0.11677631578947369] and parameters: {'psi': 0.36862167965947235, 'lda_s': 0.00011398354589614817, 'lda_t': 1.1415639372048358e-07}.
[I 2025-08-10 13:17:51,476] Trial 81 finished with values: [0.788406464946656, 0.11910669975186104] and parameters: {'psi': 0.4139185939444353, 'lda_s': 3.324798760602709e-06, 'lda_t': 0.0009312379170855931}.
[I 2025-08-10 13:17:57,625] Trial 82 finished with values: [0.7886940045546665, 0.11842105263157894] and parameters: {'psi': 0.36862167965947235, 'lda_s': 1.6565513414258947e-05, 'lda_t': 7.350901197991994e-05}.
[I 2025-08-10 13:18:03,770] Trial 83 finished with values: [0.8118381719261909, 0.15760869565217392] and parameters: {'psi': 0.31836273755675937, 'lda_s': 0.0007052041499872251, 'lda_t': 0.0976022701515085}.
[I 2025-08-10 13:18:09,918] Trial 84 finished with values: [0.7891077095008858, 0.11620294599018004] and parameters: {'psi': 0.21336032062472154, 'lda_s': 7.624589404542031e-06, 'lda_t': 1.0605784215141435e-06}.
[I 2025-08-10 13:18:16,077] Trial 85 finished with values: [0.7991207384356184, 0.138442521631644] and parameters: {'psi': 0.3767113486266098, 'lda_s': 3.3157768292107135, 'lda_t': 7.2252424750128375e-06}.
[I 2025-08-10 13:18:22,234] Trial 86 finished with values: [0.8190229945294123, 0.14655172413793102] and parameters: {'psi': 0.17844420991257193, 'lda_s': 5.263388938038215e-07, 'lda_t': 0.1713140827258306}.
[I 2025-08-10 13:18:28,381] Trial 87 finished with values: [0.8415519836239347, 0.17728055077452667] and parameters: {'psi': 0.9617699707038879, 'lda_s': 1.1302444512891434e-07, 'lda_t': 0.8064538010839132}.
[I 2025-08-10 13:18:34,520] Trial 88 finished with values: [0.8072928781622635, 0.1523046092184369] and parameters: {'psi': 0.9883857991786645, 'lda_s': 0.5187970041584841, 'lda_t': 7.350901197991994e-05}.
[I 2025-08-10 13:18:40,671] Trial 89 finished with values: [0.7749510294292876, 0.1273344651952462] and parameters: {'psi': 0.9317410969916292, 'lda_s': 3.274625036994307e-08, 'lda_t': 0.001944643074981199}.
[I 2025-08-10 13:18:46,829] Trial 90 finished with values: [0.5851878469852434, 0.059420289855072465] and parameters: {'psi': 0.8955811467507282, 'lda_s': 0.7283179266723591, 'lda_t': 5.176688518193452}.
[I 2025-08-10 13:18:52,982] Trial 91 finished with values: [0.785518273027986, 0.1222130470685384] and parameters: {'psi': 0.6555141103554201, 'lda_s': 1.1302444512891434e-07, 'lda_t': 2.0566502034823716e-07}.
[I 2025-08-10 13:18:59,131] Trial 92 finished with values: [0.8057787310994462, 0.13868003341687551] and parameters: {'psi': 0.09956469626236586, 'lda_s': 1.8936398104287198e-07, 'lda_t': 0.041480683992672164}.
[I 2025-08-10 13:19:05,285] Trial 93 finished with values: [0.7809278270693765, 0.11358024691358025] and parameters: {'psi': 0.31836273755675937, 'lda_s': 0.0007052041499872251, 'lda_t': 1.1415639372048358e-07}.
[I 2025-08-10 13:19:11,438] Trial 94 finished with values: [0.7930435301387639, 0.10722100656455143] and parameters: {'psi': 0.2607960804864611, 'lda_s': 0.1128808566859692, 'lda_t': 6.900381000802949e-05}.
[I 2025-08-10 13:19:17,584] Trial 95 finished with values: [0.7927826417359177, 0.10748155953635406] and parameters: {'psi': 0.30257940651769655, 'lda_s': 0.023727327687738445, 'lda_t': 0.00285809536130612}.
[I 2025-08-10 13:19:23,724] Trial 96 finished with values: [0.7829930917142136, 0.125] and parameters: {'psi': 0.7401451395653976, 'lda_s': 3.1264756571117154e-05, 'lda_t': 0.002572694902157874}.
[I 2025-08-10 13:19:29,975] Trial 97 finished with values: [0.7838848883102597, 0.1222130470685384] and parameters: {'psi': 0.7036145197845454, 'lda_s': 8.00261104634067e-05, 'lda_t': 0.00019126175563828336}.
[I 2025-08-10 13:19:36,117] Trial 98 finished with values: [0.7858935089563535, 0.12056151940545004] and parameters: {'psi': 0.6363655489800412, 'lda_s': 4.039165022067686e-08, 'lda_t': 3.3297460308511385e-06}.
[I 2025-08-10 13:19:42,261] Trial 99 finished with values: [0.7875062736284939, 0.11311475409836065] and parameters: {'psi': 0.11953934516826126, 'lda_s': 5.263388938038215e-07, 'lda_t': 1.595346983610661e-06}.
