[I 2025-08-10 13:00:10,087] Trial 29 finished with values: [0.7945768260321051, 0.34543670264965654] and parameters: {'psi': 0.14720911744367127, 'lda_s': 6.1370012913551385e-06, 'lda_t': 0.0004083222831042678}.
[I 2025-08-10 13:00:16,011] Trial 30 finished with values: [0.6148834727841339, 0.12156862745098039] and parameters: {'psi': 0.8140633703276291, 'lda_s': 0.05247009688458417, 'lda_t': 0.43302912023185164}.
[I 2025-08-10 13:00:21,927] Trial 31 finished with values: [0.7878033115335721, 0.3472222222222222] and parameters: {'psi': 0.5383036337111281, 'lda_s': 5.688507481514841e-08, 'lda_t': 1.165939852782311e-08}.
[I 2025-08-10 13:00:27,843] Trial 32 finished with values: [0.8168856310088312, 0.34635691657866946] and parameters: {'psi': 0.6713458787243222, 'lda_s': 0.0016170677666835175, 'lda_t': 3.0947167842737344}.
[I 2025-08-10 13:00:33,765] Trial 33 finished with values: [0.7823815272400343, 0.3240343347639485] and parameters: {'psi': 0.09739188086198913, 'lda_s': 0.12611543067015177, 'lda_t': 1.1984802463789487e-05}.
[I 2025-08-10 13:00:39,677] Trial 34 finished with values: [0.77889265913584, 0.34791252485089463] and parameters: {'psi': 0.8458588456003876, 'lda_s': 0.0005343787014987653, 'lda_t': 1.0240199826964842e-07}.
[I 2025-08-10 13:00:45,603] Trial 35 finished with values: [0.7787176810081059, 0.2808145766345123] and parameters: {'psi': 0.4644387231157343, 'lda_s': 1.8283799375561924, 'lda_t': 0.001660928376016028}.
[I 2025-08-10 13:00:51,533] Trial 36 finished with values: [0.6257927790103585, 0.09768976897689768] and parameters: {'psi': 0.3111391235818789, 'lda_s': 0.06344005249633265, 'lda_t': 2.1725910053466904}.
[I 2025-08-10 13:00:57,457] Trial 37 finished with values: [0.7829864585297004, 0.32518597236981933] and parameters: {'psi': 0.10986067044293757, 'lda_s': 0.009440869409924344, 'lda_t': 0.00014408238352824}.
[I 2025-08-10 13:01:03,372] Trial 38 finished with values: [0.8233512420063516, 0.3591331269349845] and parameters: {'psi': 0.5478198066069934, 'lda_s': 1.7434100143572483e-07, 'lda_t': 4.234426618579144}.
[I 2025-08-10 13:01:09,283] Trial 39 finished with values: [0.8250336542876892, 0.3575883575883576] and parameters: {'psi': 0.6214068117939798, 'lda_s': 2.7978764527074324e-08, 'lda_t': 3.921033648421868}.
[I 2025-08-10 13:01:15,184] Trial 40 finished with values: [0.7854311374061668, 0.34860557768924305] and parameters: {'psi': 0.7059129255087324, 'lda_s': 1.0274084151232631e-08, 'lda_t': 9.523634695173487e-08}.
[I 2025-08-10 13:01:21,104] Trial 41 finished with values: [0.722626798721983, 0.18758434547908232] and parameters: {'psi': 0.6097521401266289, 'lda_s': 0.04881782926809458, 'lda_t': 6.213447336925726}.
[I 2025-08-10 13:01:27,020] Trial 42 finished with values: [0.7824543340922163, 0.34955312810327704] and parameters: {'psi': 0.8380108276099671, 'lda_s': 2.0265645055828004e-05, 'lda_t': 0.000571529885318672}.
[I 2025-08-10 13:01:32,929] Trial 43 finished with values: [0.7819554409980519, 0.35014836795252224] and parameters: {'psi': 0.9834329386143995, 'lda_s': 1.1749146472277413e-07, 'lda_t': 1.892987730892484e-06}.
[I 2025-08-10 13:01:38,841] Trial 44 finished with values: [0.7716928771334522, 0.3050483351235231] and parameters: {'psi': 0.6144558677166547, 'lda_s': 1.4882532360730951, 'lda_t': 2.642589061731224e-06}.
[I 2025-08-10 13:01:44,760] Trial 45 finished with values: [0.8194742922328079, 0.3662258392675483] and parameters: {'psi': 0.47178149856548435, 'lda_s': 5.907905190000118e-08, 'lda_t': 0.7292355089966798}.
[I 2025-08-10 13:01:50,686] Trial 46 finished with values: [0.7920601861921956, 0.34782608695652173] and parameters: {'psi': 0.10207029012808244, 'lda_s': 8.065296629677816e-05, 'lda_t': 0.0017225613091280212}.
[I 2025-08-10 13:01:56,593] Trial 47 finished with values: [0.8219500273101221, 0.339304531085353] and parameters: {'psi': 0.8525097504962866, 'lda_s': 4.421371495591557e-05, 'lda_t': 3.1827257488787404}.
[I 2025-08-10 13:02:02,620] Trial 48 finished with values: [0.7699772335087948, 0.33264462809917356] and parameters: {'psi': 0.7783476017979981, 'lda_s': 0.013693782807096051, 'lda_t': 4.120827801198149e-05}.
[I 2025-08-10 13:02:08,529] Trial 49 finished with values: [0.7945835327213934, 0.34860557768924305] and parameters: {'psi': 0.6873283788174113, 'lda_s': 2.4677563500049545e-06, 'lda_t': 0.00308565302375619}.
[I 2025-08-10 13:02:14,444] Trial 50 finished with values: [0.78319188865204, 0.32292787944025836] and parameters: {'psi': 0.13300048071954207, 'lda_s': 7.774658719740882, 'lda_t': 1.892987730892484e-06}.
[I 2025-08-10 13:02:20,360] Trial 51 finished with values: [0.8223036692236675, 0.3357972544878564] and parameters: {'psi': 0.8180813385332483, 'lda_s': 0.0001536981540286336, 'lda_t': 3.921033648421868}.
[I 2025-08-10 13:02:26,296] Trial 52 finished with values: [0.7737131615454146, 0.34756703078450846] and parameters: {'psi': 0.016738703111601083, 'lda_s': 0.0006758946197301301, 'lda_t': 9.784693962454499e-08}.
[I 2025-08-10 13:02:32,225] Trial 53 finished with values: [0.7753044595254323, 0.3440643863179074] and parameters: {'psi': 0.4832076502949907, 'lda_s': 0.003277174384835606, 'lda_t': 0.00010476783399035405}.
[I 2025-08-10 13:02:38,132] Trial 54 finished with values: [0.7881655935963807, 0.3468780971258672] and parameters: {'psi': 0.4832076502949907, 'lda_s': 1.1112690990166387e-08, 'lda_t': 3.48075866203932e-07}.
[I 2025-08-10 13:02:44,056] Trial 55 finished with values: [0.8063912936297327, 0.336864406779661] and parameters: {'psi': 0.7079376159001496, 'lda_s': 0.001993615948882258, 'lda_t': 8.672773387249533}.
[I 2025-08-10 13:02:49,976] Trial 56 finished with values: [0.7834365921801212, 0.3284823284823285] and parameters: {'psi': 0.2520200352722697, 'lda_s': 0.013693782807096051, 'lda_t': 4.624987382546236e-08}.
[I 2025-08-10 13:02:55,892] Trial 57 finished with values: [0.7712428039036557, 0.30406852248394006] and parameters: {'psi': 0.601345285355692, 'lda_s': 3.9113410507511297, 'lda_t': 1.2121579822876918e-06}.
[I 2025-08-10 13:03:01,808] Trial 58 finished with values: [0.7882270413712098, 0.3485148514851485] and parameters: {'psi': 0.4712673949919959, 'lda_s': 1.311510514046766e-06, 'lda_t': 1.052685367809675e-06}.
[I 2025-08-10 13:03:07,727] Trial 59 finished with values: [0.8157612636127666, 0.34904714142427284] and parameters: {'psi': 0.14720911744367127, 'lda_s': 5.907905190000118e-08, 'lda_t': 3.558118370195318}.
[I 2025-08-10 13:03:13,639] Trial 60 finished with values: [0.7890229018334034, 0.3474827245804541] and parameters: {'psi': 0.2868412935878709, 'lda_s': 2.7978764527074324e-08, 'lda_t': 1.7340548774622702e-08}.
[I 2025-08-10 13:03:19,562] Trial 61 finished with values: [0.7794626068840843, 0.3492063492063492] and parameters: {'psi': 0.8692022588736871, 'lda_s': 1.3960966033998814e-05, 'lda_t': 0.00033235999606921605}.
[I 2025-08-10 13:03:25,486] Trial 62 finished with values: [0.8033370914961597, 0.34765234765234765] and parameters: {'psi': 0.10207029012808244, 'lda_s': 2.557915120963866e-07, 'lda_t': 0.03060986217289639}.
[I 2025-08-10 13:03:31,406] Trial 63 finished with values: [0.7927925445783366, 0.35129740518962077] and parameters: {'psi': 0.7412793411298518, 'lda_s': 1.9807512228749583e-08, 'lda_t': 0.0031256794780812618}.
[I 2025-08-10 13:03:37,319] Trial 64 finished with values: [0.7858653200117941, 0.34791252485089463] and parameters: {'psi': 0.6873283788174113, 'lda_s': 2.4677563500049545e-06, 'lda_t': 8.864426552407316e-06}.
[I 2025-08-10 13:03:43,235] Trial 65 finished with values: [0.7882311499736566, 0.3485148514851485] and parameters: {'psi': 0.47178149856548435, 'lda_s': 5.907905190000118e-08, 'lda_t': 7.514172359520189e-08}.
[I 2025-08-10 13:03:49,157] Trial 66 finished with values: [0.7848745426158747, 0.2987551867219917] and parameters: {'psi': 0.7384125064463088, 'lda_s': 3.7209333443791914, 'lda_t': 0.0001425744031867648}.
[I 2025-08-10 13:03:55,081] Trial 67 finished with values: [0.789219389703359, 0.3484251968503937] and parameters: {'psi': 0.24050383740605807, 'lda_s': 2.141867203246101e-08, 'lda_t': 5.931269705683857e-06}.
[I 2025-08-10 13:04:01,009] Trial 68 finished with values: [0.689728493883016, 0.3446852425180599] and parameters: {'psi': 0.8482675519606464, 'lda_s': 0.00808371331784206, 'lda_t': 0.05485788767955569}.
[I 2025-08-10 13:04:06,932] Trial 69 finished with values: [0.7911164160419175, 0.34637964774951074] and parameters: {'psi': 0.14720911744367127, 'lda_s': 3.331122584248497e-06, 'lda_t': 0.00011798273233780925}.
[I 2025-08-10 13:04:12,851] Trial 70 finished with values: [0.7782425332192592, 0.3514056224899598] and parameters: {'psi': 0.7550144727728284, 'lda_s': 0.001993615948882258, 'lda_t': 0.0004083222831042678}.
[I 2025-08-10 13:04:18,775] Trial 71 finished with values: [0.7878163623884031, 0.3472222222222222] and parameters: {'psi': 0.5320938398206625, 'lda_s': 5.855236897624766e-06, 'lda_t': 7.543194900178845e-07}.
[I 2025-08-10 13:04:24,791] Trial 72 finished with values: [0.7883127178163502, 0.3468780971258672] and parameters: {'psi': 0.457480974753232, 'lda_s': 5.207547843339457e-07, 'lda_t': 3.0867939906598758e-06}.
[I 2025-08-10 13:04:30,705] Trial 73 finished with values: [0.7819553201568036, 0.35014836795252224] and parameters: {'psi': 0.9834329386143995, 'lda_s': 1.1112690990166387e-08, 'lda_t': 1.4970030136376753e-06}.
[I 2025-08-10 13:04:36,620] Trial 74 finished with values: [0.6661934523377948, 0.24260803639120546] and parameters: {'psi': 0.6873283788174113, 'lda_s': 0.0117306778884331, 'lda_t': 0.2513367011988597}.
[I 2025-08-10 13:04:42,531] Trial 75 finished with values: [0.7869658212612926, 0.34756703078450846] and parameters: {'psi': 0.6214068117939798, 'lda_s': 2.7978764527074324e-08, 'lda_t': 3.48075866203932e-07}.
[I 2025-08-10 13:04:48,452] Trial 76 finished with values: [0.788497907029577, 0.3431372549019608] and parameters: {'psi': 0.12734684026019794, 'lda_s': 1.649260401035656e-05, 'lda_t': 9.784693962454499e-08}.
[I 2025-08-10 13:04:54,373] Trial 77 finished with values: [0.7692224590710691, 0.3435948361469712] and parameters: {'psi': 0.010795641985172244, 'lda_s': 1.9807512228749583e-08, 'lda_t': 7.740457111336545e-06}.
[I 2025-08-10 13:05:00,282] Trial 78 finished with values: [0.8248192214923412, 0.3619441571871768] and parameters: {'psi': 0.601345285355692, 'lda_s': 1.9807512228749583e-08, 'lda_t': 0.47037031792340533}.
[I 2025-08-10 13:05:06,202] Trial 79 finished with values: [0.7927028199513735, 0.35129740518962077] and parameters: {'psi': 0.7412793411298518, 'lda_s': 2.1124913009017853e-07, 'lda_t': 0.00308565302375619}.
[I 2025-08-10 13:05:12,126] Trial 80 finished with values: [0.7570005147837183, 0.34634634634634637] and parameters: {'psi': 0.006822596843816475, 'lda_s': 2.2045376598474387e-07, 'lda_t': 5.277095876277932e-06}.
[I 2025-08-10 13:05:18,054] Trial 81 finished with values: [0.791480148199707, 0.34297108673978066] and parameters: {'psi': 0.19450797473817194, 'lda_s': 8.065296629677816e-05, 'lda_t': 0.006931917234384688}.
[I 2025-08-10 13:05:23,983] Trial 82 finished with values: [0.7861839783839175, 0.34476003917727716] and parameters: {'psi': 0.082408791671304, 'lda_s': 4.244657972730467e-05, 'lda_t': 9.523634695173487e-08}.
[I 2025-08-10 13:05:29,900] Trial 83 finished with values: [0.8289251654316692, 0.33755274261603374] and parameters: {'psi': 0.9516197647426129, 'lda_s': 0.0010286439218459207, 'lda_t': 3.921033648421868}.
[I 2025-08-10 13:05:35,826] Trial 84 finished with values: [0.7716928771334522, 0.3050483351235231] and parameters: {'psi': 0.6144558677166547, 'lda_s': 1.4882532360730951, 'lda_t': 2.642589061731224e-06}.
[I 2025-08-10 13:05:41,745] Trial 85 finished with values: [0.8241855904061716, 0.359504132231405] and parameters: {'psi': 0.5724329302805073, 'lda_s': 2.7978764527074324e-08, 'lda_t': 3.921033648421868}.
[I 2025-08-10 13:05:47,654] Trial 86 finished with values: [0.7873785545453227, 0.3468780971258672] and parameters: {'psi': 0.555613394357818, 'lda_s': 4.421371495591557e-05, 'lda_t': 1.0139203106062472e-06}.
[I 2025-08-10 13:05:53,579] Trial 87 finished with values: [0.8009913816021615, 0.320596458527493] and parameters: {'psi': 0.02064626877089948, 'lda_s': 0.0006151265159776704, 'lda_t': 0.00308565302375619}.
[I 2025-08-10 13:05:59,489] Trial 88 finished with values: [0.7992133234726875, 0.3477406679764244] and parameters: {'psi': 0.14720911744367127, 'lda_s': 6.1370012913551385e-06, 'lda_t': 0.001660928376016028}.
[I 2025-08-10 13:06:05,410] Trial 89 finished with values: [0.8242263139068944, 0.35355648535564854] and parameters: {'psi': 0.7204728708067221, 'lda_s': 1.0592235560357425e-05, 'lda_t': 3.0947167842737344}.
[I 2025-08-10 13:06:11,328] Trial 90 finished with values: [0.7773441389577683, 0.34817012858555885] and parameters: {'psi': 0.06338205749708081, 'lda_s': 0.00015239918188590467, 'lda_t': 0.0017225613091280212}.
[I 2025-08-10 13:06:17,241] Trial 91 finished with values: [0.778644632473427, 0.34503510531594783] and parameters: {'psi': 0.5042564429780202, 'lda_s': 0.001993615948882258, 'lda_t': 4.9865247905379197e-08}.
[I 2025-08-10 13:06:23,163] Trial 92 finished with values: [0.7713691434288946, 0.3448275862068966] and parameters: {'psi': 0.7783476017979981, 'lda_s': 0.005300614398483372, 'lda_t': 0.00015782270199315364}.
[I 2025-08-10 13:06:29,075] Trial 93 finished with values: [0.7878242774901756, 0.3472222222222222] and parameters: {'psi': 0.5138748169336417, 'lda_s': 2.1924995196860957e-05, 'lda_t': 5.73934129005728e-07}.
[I 2025-08-10 13:06:34,990] Trial 94 finished with values: [0.7819554409980519, 0.35014836795252224] and parameters: {'psi': 0.9834329386143995, 'lda_s': 1.1749146472277413e-07, 'lda_t': 1.892987730892484e-06}.
[I 2025-08-10 13:06:40,908] Trial 95 finished with values: [0.7891920191605883, 0.34705882352941175] and parameters: {'psi': 0.2168928905902744, 'lda_s': 1.0274084151232631e-08, 'lda_t': 9.523634695173487e-08}.
[I 2025-08-10 13:06:46,916] Trial 96 finished with values: [0.7840175969025972, 0.2940584088620342] and parameters: {'psi': 0.7485716080937314, 'lda_s': 3.026546846566702, 'lda_t': 9.523634695173487e-08}.
[I 2025-08-10 13:06:52,830] Trial 97 finished with values: [0.8247711870960881, 0.3587069864442127] and parameters: {'psi': 0.6873283788174113, 'lda_s': 1.7850936849597671e-06, 'lda_t': 2.2062217877041754}.
[I 2025-08-10 13:06:58,753] Trial 98 finished with values: [0.7930669146329086, 0.3153070577451879] and parameters: {'psi': 0.023692602695400522, 'lda_s': 0.0005343787014987653, 'lda_t': 0.027093612329196506}.
[I 2025-08-10 13:07:04,674] Trial 99 finished with values: [0.7837710807557895, 0.34886025768087214] and parameters: {'psi': 0.8414580796761345, 'lda_s': 1.0274084151232631e-08, 'lda_t': 0.0011790360649562022}.
