[I 2025-08-10 13:10:25,631] Trial 29 finished with values: [0.6886557938665606, 0.1201923076923077] and parameters: {'psi': 0.452891347214344, 'lda_s': 4.382788255964377, 'lda_t': 0.036277431445432336}.
[I 2025-08-10 13:10:32,264] Trial 30 finished with values: [0.9392251824211836, 0.3372365339578454] and parameters: {'psi': 0.9054845513350747, 'lda_s': 7.048865596427298e-06, 'lda_t': 1.5721842642762747e-05}.
[I 2025-08-10 13:10:38,887] Trial 31 finished with values: [0.9467702954351154, 0.3008658008658009] and parameters: {'psi': 0.12423731694206552, 'lda_s': 0.00018226660552489676, 'lda_t': 1.473600467320365e-06}.
[I 2025-08-10 13:10:45,511] Trial 32 finished with values: [0.9403628778750274, 0.3368421052631579] and parameters: {'psi': 0.9333579406012156, 'lda_s': 4.237955482756503e-08, 'lda_t': 7.085772979939972e-05}.
[I 2025-08-10 13:10:52,132] Trial 33 finished with values: [0.9530757283429668, 0.39177750906892383] and parameters: {'psi': 0.1308727296969484, 'lda_s': 0.0001984548491497535, 'lda_t': 0.6511972740594402}.
[I 2025-08-10 13:10:58,771] Trial 34 finished with values: [0.9472824850219055, 0.3010752688172043] and parameters: {'psi': 0.23719799117275742, 'lda_s': 6.742245295205572e-05, 'lda_t': 0.00011915738365751079}.
[I 2025-08-10 13:11:05,403] Trial 35 finished with values: [0.9409757129216512, 0.3564356435643564] and parameters: {'psi': 0.7269809659957738, 'lda_s': 9.525347590502069e-05, 'lda_t': 0.01498702863728973}.
[I 2025-08-10 13:11:12,057] Trial 36 finished with values: [0.8807259617796549, 0.4027586206896552] and parameters: {'psi': 0.7779672459678678, 'lda_s': 0.0051881265930354345, 'lda_t': 0.03583916830423156}.
[I 2025-08-10 13:11:18,677] Trial 37 finished with values: [0.9406454474720838, 0.3400236127508855] and parameters: {'psi': 0.8393854404010992, 'lda_s': 1.2116572276130446e-07, 'lda_t': 5.305846838566611e-06}.
[I 2025-08-10 13:11:25,303] Trial 38 finished with values: [0.8138574067074791, 0.2034587995930824] and parameters: {'psi': 0.9386806571569825, 'lda_s': 1.2846500676871477, 'lda_t': 2.1192322905099964e-07}.
[I 2025-08-10 13:11:31,934] Trial 39 finished with values: [0.9793414119599977, 0.42930591259640105] and parameters: {'psi': 0.6273565317665151, 'lda_s': 1.6250251899902878e-07, 'lda_t': 3.611560397621979}.
[I 2025-08-10 13:11:38,563] Trial 40 finished with values: [0.9466014541775231, 0.30467899891186073] and parameters: {'psi': 0.3643346677056253, 'lda_s': 2.75815222668596e-07, 'lda_t': 3.362919180064726e-08}.
[I 2025-08-10 13:11:45,202] Trial 41 finished with values: [0.946577348714267, 0.2994652406417112] and parameters: {'psi': 0.2400699385674716, 'lda_s': 9.984676353840703e-06, 'lda_t': 3.350557540411269e-08}.
[I 2025-08-10 13:11:51,818] Trial 42 finished with values: [0.9452381563111554, 0.330188679245283] and parameters: {'psi': 0.6842207382205623, 'lda_s': 3.115557792472372e-08, 'lda_t': 3.9062184142287087e-07}.
[I 2025-08-10 13:11:58,462] Trial 43 finished with values: [0.9469723074583848, 0.2962962962962963] and parameters: {'psi': 0.14189939488780634, 'lda_s': 7.998789651398947e-08, 'lda_t': 3.7435168653275006e-08}.
[I 2025-08-10 13:12:05,090] Trial 44 finished with values: [0.9495457201831644, 0.40186915887850466] and parameters: {'psi': 0.10894530464789909, 'lda_s': 1.1092673215875406, 'lda_t': 6.625830573657676e-08}.
[I 2025-08-10 13:12:11,732] Trial 45 finished with values: [0.9526641842160105, 0.3757396449704142] and parameters: {'psi': 0.058044950198580025, 'lda_s': 0.029460127303166644, 'lda_t': 2.335546105020524e-08}.
[I 2025-08-10 13:12:18,351] Trial 46 finished with values: [0.9439328557773226, 0.33729216152019004] and parameters: {'psi': 0.7403515358414056, 'lda_s': 1.483621014428941e-07, 'lda_t': 2.730894171229811e-08}.
[I 2025-08-10 13:12:24,959] Trial 47 finished with values: [0.9406361761400621, 0.3412322274881517] and parameters: {'psi': 0.8300161501819929, 'lda_s': 0.00021427902185910402, 'lda_t': 5.7401679843558585e-06}.
[I 2025-08-10 13:12:31,615] Trial 48 finished with values: [0.9478186770571514, 0.2944915254237288] and parameters: {'psi': 0.0937000848231857, 'lda_s': 1.334899122107828e-06, 'lda_t': 3.275651248939995e-07}.
[I 2025-08-10 13:12:38,360] Trial 49 finished with values: [0.9504813005989383, 0.31767337807606266] and parameters: {'psi': 0.08347318742451804, 'lda_s': 1.5958902036222941e-06, 'lda_t': 0.0009919385609123475}.
[I 2025-08-10 13:12:44,992] Trial 50 finished with values: [0.9472508594782321, 0.2951167728237792] and parameters: {'psi': 0.12423731694206552, 'lda_s': 1.8646401661804197e-05, 'lda_t': 1.473600467320365e-06}.
[I 2025-08-10 13:12:51,634] Trial 51 finished with values: [0.5798370367669093, 0.13582089552238805] and parameters: {'psi': 0.19208124845549324, 'lda_s': 0.012244761838589193, 'lda_t': 3.958444033165301}.
[I 2025-08-10 13:12:58,260] Trial 52 finished with values: [0.9368586234152848, 0.4079147640791476] and parameters: {'psi': 0.10894530464789909, 'lda_s': 0.010409770101001034, 'lda_t': 0.0021259705180165394}.
[I 2025-08-10 13:13:04,877] Trial 53 finished with values: [0.9493472106631031, 0.30954994511525796] and parameters: {'psi': 0.10622361414767956, 'lda_s': 7.609911521093975e-05, 'lda_t': 0.0004827093283980978}.
[I 2025-08-10 13:13:11,486] Trial 54 finished with values: [0.944900988869972, 0.3391812865497076] and parameters: {'psi': 0.05984706395242967, 'lda_s': 0.0005666271737642538, 'lda_t': 0.0002940830616339712}.
[I 2025-08-10 13:13:18,126] Trial 55 finished with values: [0.9403712220738466, 0.33962264150943394] and parameters: {'psi': 0.8455128960579078, 'lda_s': 2.0717675714225232e-07, 'lda_t': 6.169081108256217e-07}.
[I 2025-08-10 13:13:24,764] Trial 56 finished with values: [0.9480802316349595, 0.3404255319148936] and parameters: {'psi': 0.48877263940463556, 'lda_s': 0.10958319211166762, 'lda_t': 6.720127008280976e-08}.
[I 2025-08-10 13:13:31,418] Trial 57 finished with values: [0.9470029028540558, 0.2962962962962963] and parameters: {'psi': 0.13925354014822666, 'lda_s': 3.621822438054188e-08, 'lda_t': 5.485723406374993e-07}.
[I 2025-08-10 13:13:38,049] Trial 58 finished with values: [0.9476223308478952, 0.3053435114503817] and parameters: {'psi': 0.2976769630949171, 'lda_s': 0.00014523069011618053, 'lda_t': 0.00027783346926050215}.
[I 2025-08-10 13:13:44,678] Trial 59 finished with values: [0.956689178490963, 0.372960372960373] and parameters: {'psi': 0.11014566969895412, 'lda_s': 1.2847831743212069e-05, 'lda_t': 0.08399137868676813}.
[I 2025-08-10 13:13:51,317] Trial 60 finished with values: [0.9476283057063092, 0.34100135317997293] and parameters: {'psi': 0.48877263940463556, 'lda_s': 0.08870345217383278, 'lda_t': 1.8314322081648628e-05}.
[I 2025-08-10 13:13:57,953] Trial 61 finished with values: [0.9331163017521892, 0.3418181818181818] and parameters: {'psi': 0.8749647060473696, 'lda_s': 0.003443184344872057, 'lda_t': 6.643576929727486e-07}.
[I 2025-08-10 13:14:04,596] Trial 62 finished with values: [0.48500037548894687, 0.03671189146049481] and parameters: {'psi': 0.37462295573816295, 'lda_s': 0.062256198274437034, 'lda_t': 9.82151552940535}.
[I 2025-08-10 13:14:11,226] Trial 63 finished with values: [0.9793414119599977, 0.42930591259640105] and parameters: {'psi': 0.6273565317665151, 'lda_s': 1.6250251899902878e-07, 'lda_t': 1.2300440051265666}.
[I 2025-08-10 13:14:17,857] Trial 64 finished with values: [0.6225085484256608, 0.18722466960352424] and parameters: {'psi': 0.0937000848231857, 'lda_s': 0.14595003409591456, 'lda_t': 0.6511972740594402}.
[I 2025-08-10 13:14:24,505] Trial 65 finished with values: [0.9469084382822364, 0.2951167728237792] and parameters: {'psi': 0.14902928455499898, 'lda_s': 3.115557792472372e-08, 'lda_t': 3.9062184142287087e-07}.
[I 2025-08-10 13:14:31,146] Trial 66 finished with values: [0.9509147868783456, 0.3194600674915636] and parameters: {'psi': 0.058044950198580025, 'lda_s': 5.199810092069306e-07, 'lda_t': 0.0007227741415152078}.
[I 2025-08-10 13:14:37,770] Trial 67 finished with values: [0.9406378243768662, 0.3400236127508855] and parameters: {'psi': 0.8393854404010992, 'lda_s': 1.2116572276130446e-07, 'lda_t': 3.275651248939995e-07}.
[I 2025-08-10 13:14:44,388] Trial 68 finished with values: [0.9453579625238339, 0.342042755344418] and parameters: {'psi': 0.7258299499634413, 'lda_s': 1.5958902036222941e-06, 'lda_t': 0.0009919385609123475}.
[I 2025-08-10 13:14:51,015] Trial 69 finished with values: [0.9279434135581692, 0.4139941690962099] and parameters: {'psi': 0.32610420182145783, 'lda_s': 0.0554231693376273, 'lda_t': 0.001870375277288154}.
[I 2025-08-10 13:14:57,643] Trial 70 finished with values: [0.9512418588691057, 0.37293233082706767] and parameters: {'psi': 0.19208124845549324, 'lda_s': 0.03005479082657792, 'lda_t': 1.0946227909699228e-06}.
[I 2025-08-10 13:15:04,297] Trial 71 finished with values: [0.926349156509665, 0.40848806366047746] and parameters: {'psi': 0.5555360581905061, 'lda_s': 0.003443184344872057, 'lda_t': 3.611560397621979}.
[I 2025-08-10 13:15:10,947] Trial 72 finished with values: [0.9579881951219814, 0.4223433242506812] and parameters: {'psi': 0.9512436364513558, 'lda_s': 0.003443184344872057, 'lda_t': 2.6027845674999135}.
[I 2025-08-10 13:15:17,687] Trial 73 finished with values: [0.9473288416820133, 0.3053435114503817] and parameters: {'psi': 0.2976769630949171, 'lda_s': 0.00014523069011618053, 'lda_t': 0.00019108877010525171}.
[I 2025-08-10 13:15:24,302] Trial 74 finished with values: [0.9468838177449793, 0.30837004405286345] and parameters: {'psi': 0.44667945657567043, 'lda_s': 6.336299218297889e-07, 'lda_t': 6.272674891743787e-05}.
[I 2025-08-10 13:15:30,943] Trial 75 finished with values: [0.9622565103550992, 0.4092071611253197] and parameters: {'psi': 0.32610420182145783, 'lda_s': 0.002088044672110664, 'lda_t': 2.6027845674999135}.
[I 2025-08-10 13:15:37,580] Trial 76 finished with values: [0.9509548596356386, 0.3625450180072029] and parameters: {'psi': 0.19005371613604483, 'lda_s': 9.525347590502069e-05, 'lda_t': 0.01488926315002622}.
[I 2025-08-10 13:15:44,216] Trial 77 finished with values: [0.9769436394696263, 0.4362244897959184] and parameters: {'psi': 0.5503404112857521, 'lda_s': 1.5958902036222941e-06, 'lda_t': 2.691994937544084}.
[I 2025-08-10 13:15:50,858] Trial 78 finished with values: [0.9466042355771296, 0.30151843817787416] and parameters: {'psi': 0.1308727296969484, 'lda_s': 0.0001984548491497535, 'lda_t': 5.485723406374993e-07}.
[I 2025-08-10 13:15:57,489] Trial 79 finished with values: [0.9466013511627229, 0.30467899891186073] and parameters: {'psi': 0.3643346677056253, 'lda_s': 2.964624201392612e-07, 'lda_t': 3.362919180064726e-08}.
[I 2025-08-10 13:16:04,117] Trial 80 finished with values: [0.9469041116606264, 0.3002159827213823] and parameters: {'psi': 0.2976769630949171, 'lda_s': 4.237955482756503e-08, 'lda_t': 7.085772979939972e-05}.
[I 2025-08-10 13:16:10,758] Trial 81 finished with values: [0.9171556006623027, 0.39280359820089955] and parameters: {'psi': 0.6355819803750087, 'lda_s': 0.02863222842859523, 'lda_t': 2.335546105020524e-08}.
[I 2025-08-10 13:16:17,392] Trial 82 finished with values: [0.9497841994457185, 0.3488372093023256] and parameters: {'psi': 0.1373133959445887, 'lda_s': 2.1815706854481802e-06, 'lda_t': 0.0065642383993976365}.
[I 2025-08-10 13:16:24,005] Trial 83 finished with values: [0.9479945233211602, 0.3211845102505695] and parameters: {'psi': 0.5469951917176499, 'lda_s': 1.269900270906813e-06, 'lda_t': 0.0007227741415152078}.
[I 2025-08-10 13:16:30,613] Trial 84 finished with values: [0.9399707005305159, 0.3404255319148936] and parameters: {'psi': 0.8455128960579078, 'lda_s': 0.00023398770548156022, 'lda_t': 4.015403584793104e-05}.
[I 2025-08-10 13:16:37,228] Trial 85 finished with values: [0.9414445332775405, 0.3267670915411356] and parameters: {'psi': 0.26156984927055404, 'lda_s': 0.0017883255680077714, 'lda_t': 4.015403584793104e-05}.
[I 2025-08-10 13:16:43,884] Trial 86 finished with values: [0.628436020031434, 0.20940550133096716] and parameters: {'psi': 0.6355819803750087, 'lda_s': 0.02863222842859523, 'lda_t': 0.12669048054230003}.
[I 2025-08-10 13:16:50,532] Trial 87 finished with values: [0.9460828776731182, 0.40811153358681873] and parameters: {'psi': 0.32610420182145783, 'lda_s': 0.003443184344872057, 'lda_t': 2.6027845674999135}.
[I 2025-08-10 13:16:57,165] Trial 88 finished with values: [0.9530757283429668, 0.39177750906892383] and parameters: {'psi': 0.1308727296969484, 'lda_s': 0.0001984548491497535, 'lda_t': 0.6511972740594402}.
[I 2025-08-10 13:17:03,793] Trial 89 finished with values: [0.9399410322680468, 0.3404255319148936] and parameters: {'psi': 0.8455128960579078, 'lda_s': 0.00023398770548156022, 'lda_t': 1.5516354091881907e-06}.
[I 2025-08-10 13:17:10,428] Trial 90 finished with values: [0.9453281912465645, 0.34210526315789475] and parameters: {'psi': 0.7136445735241528, 'lda_s': 0.00032323063338959184, 'lda_t': 0.004263495767662826}.
[I 2025-08-10 13:17:17,071] Trial 91 finished with values: [0.924324709655361, 0.42686567164179107] and parameters: {'psi': 0.33373458105627385, 'lda_s': 0.02228444016262792, 'lda_t': 2.4937160037211106e-06}.
[I 2025-08-10 13:17:23,697] Trial 92 finished with values: [0.9397990778733172, 0.40804597701149425] and parameters: {'psi': 0.3034104583841508, 'lda_s': 0.01581452591579704, 'lda_t': 0.0020385266390088954}.
[I 2025-08-10 13:17:30,327] Trial 93 finished with values: [0.6077713541182176, 0.18715995647442873] and parameters: {'psi': 0.19208124845549324, 'lda_s': 1.5089829354387756, 'lda_t': 2.6027845674999135}.
[I 2025-08-10 13:17:36,954] Trial 94 finished with values: [0.9391391650629837, 0.3376318874560375] and parameters: {'psi': 0.8948013814896765, 'lda_s': 1.2116572276130446e-07, 'lda_t': 5.305846838566611e-06}.
[I 2025-08-10 13:17:43,598] Trial 95 finished with values: [0.9236080356900958, 0.41260744985673353] and parameters: {'psi': 0.9802382526774803, 'lda_s': 0.15512219321761153, 'lda_t': 0.00011915738365751079}.
[I 2025-08-10 13:17:50,263] Trial 96 finished with values: [0.9574208926170632, 0.37467700258397935] and parameters: {'psi': 0.017936575724774362, 'lda_s': 0.022506122143424564, 'lda_t': 1.8314322081648628e-05}.
[I 2025-08-10 13:17:57,010] Trial 97 finished with values: [0.9356247121380176, 0.41033434650455924] and parameters: {'psi': 0.29081241842203065, 'lda_s': 0.025380796706517522, 'lda_t': 5.1847139882500424e-06}.
[I 2025-08-10 13:18:03,635] Trial 98 finished with values: [0.8716941391686684, 0.3041182682154171] and parameters: {'psi': 0.6355819803750087, 'lda_s': 0.6485511802141876, 'lda_t': 1.548004337086599e-05}.
[I 2025-08-10 13:18:10,253] Trial 99 finished with values: [0.9467280593670173, 0.30803080308030806] and parameters: {'psi': 0.44667945657567043, 'lda_s': 6.376643570731163e-06, 'lda_t': 1.3534053722991951e-05}.
