[I 2025-08-10 13:01:46,743] Trial 29 finished with values: [0.928733730490743, 0.4328049620951068] and parameters: {'psi': 0.017058146728209378, 'lda_s': 5.049750646921264e-07, 'lda_t': 0.05411587748918095}.
[I 2025-08-10 13:01:53,106] Trial 30 finished with values: [0.93216799776408, 0.4537591483699268] and parameters: {'psi': 0.5309788815489662, 'lda_s': 9.44079889116851e-06, 'lda_t': 0.00014463902071845157}.
[I 2025-08-10 13:01:59,451] Trial 31 finished with values: [0.8628462508346506, 0.37212750185322463] and parameters: {'psi': 0.7412700238402705, 'lda_s': 0.010566434490625222, 'lda_t': 4.7802005047310686e-08}.
[I 2025-08-10 13:02:05,827] Trial 32 finished with values: [0.8279395205173532, 0.2744462452728255] and parameters: {'psi': 0.9500131105505799, 'lda_s': 0.8863880763047074, 'lda_t': 0.022468763762076634}.
[I 2025-08-10 13:02:12,188] Trial 33 finished with values: [0.9194859810144498, 0.45349626612355737] and parameters: {'psi': 0.6619502605082767, 'lda_s': 1.1219360810088298e-06, 'lda_t': 0.011951891026030028}.
[I 2025-08-10 13:02:18,560] Trial 34 finished with values: [0.6813822803329797, 0.4051012753188297] and parameters: {'psi': 0.7909366510645467, 'lda_s': 0.006553275393595169, 'lda_t': 0.05371619706746802}.
[I 2025-08-10 13:02:24,917] Trial 35 finished with values: [0.917966085549108, 0.4426340801086219] and parameters: {'psi': 0.8556470118449615, 'lda_s': 1.68486281329254e-06, 'lda_t': 4.618356829258935e-08}.
[I 2025-08-10 13:02:31,272] Trial 36 finished with values: [0.9244431992709893, 0.43502051983584133] and parameters: {'psi': 0.7677891218364887, 'lda_s': 3.481648786874954e-07, 'lda_t': 2.268146001157636e-06}.
[I 2025-08-10 13:02:37,639] Trial 37 finished with values: [0.8916224889709286, 0.46332607116920843] and parameters: {'psi': 0.8293211641307466, 'lda_s': 1.8805135669056097e-08, 'lda_t': 0.13177774125850097}.
[I 2025-08-10 13:02:43,981] Trial 38 finished with values: [0.8796982406507893, 0.3686635944700461] and parameters: {'psi': 0.5937232076259044, 'lda_s': 0.020443672895514894, 'lda_t': 4.251790236913754e-05}.
[I 2025-08-10 13:02:50,326] Trial 39 finished with values: [0.8682646276177476, 0.2501906941266209] and parameters: {'psi': 0.8546791079657893, 'lda_s': 5.650984271309225, 'lda_t': 4.2724141201138604e-05}.
[I 2025-08-10 13:02:56,663] Trial 40 finished with values: [0.9153134467050282, 0.44263508512213173] and parameters: {'psi': 0.840485902403525, 'lda_s': 8.976161208555634e-07, 'lda_t': 0.8628775648627287}.
[I 2025-08-10 13:03:03,017] Trial 41 finished with values: [0.8820881498929221, 0.3716577540106952] and parameters: {'psi': 0.05979045572349695, 'lda_s': 0.0035908348003335154, 'lda_t': 0.203618706932851}.
[I 2025-08-10 13:03:09,358] Trial 42 finished with values: [0.903352532170559, 0.2634315424610052] and parameters: {'psi': 0.16424335204881146, 'lda_s': 0.4253260679165429, 'lda_t': 0.0005357842470221005}.
[I 2025-08-10 13:03:15,696] Trial 43 finished with values: [0.9277634238335786, 0.35364936042136946] and parameters: {'psi': 0.019124901477076905, 'lda_s': 0.12068909687834775, 'lda_t': 2.7638032782600523e-05}.
[I 2025-08-10 13:03:22,048] Trial 44 finished with values: [0.9328098811852893, 0.4444444444444444] and parameters: {'psi': 0.14002887856504076, 'lda_s': 9.281246147148917e-05, 'lda_t': 4.554942751818986e-06}.
[I 2025-08-10 13:03:28,409] Trial 45 finished with values: [0.9336958914967634, 0.45122760451227606] and parameters: {'psi': 0.31227966719438793, 'lda_s': 1.9432603327228713e-07, 'lda_t': 1.070210473532673e-08}.
[I 2025-08-10 13:03:34,770] Trial 46 finished with values: [0.9224968793277141, 0.4396423248882265] and parameters: {'psi': 0.6819143051329349, 'lda_s': 2.7301199832652075e-07, 'lda_t': 5.221273177896924}.
[I 2025-08-10 13:03:41,129] Trial 47 finished with values: [0.912490372872034, 0.4669365721997301] and parameters: {'psi': 0.5707159426450882, 'lda_s': 0.00020305730156108253, 'lda_t': 0.017701969318435547}.
[I 2025-08-10 13:03:47,595] Trial 48 finished with values: [0.8622243181477092, 0.23904974016332592] and parameters: {'psi': 0.6824870254108532, 'lda_s': 0.13118174753448786, 'lda_t': 2.1671772625303723e-06}.
[I 2025-08-10 13:03:53,941] Trial 49 finished with values: [0.9240445440583209, 0.4363885088919289] and parameters: {'psi': 0.7737147961004944, 'lda_s': 2.266342048959658e-06, 'lda_t': 0.0001704781496100955}.
[I 2025-08-10 13:04:00,288] Trial 50 finished with values: [0.9324337828838877, 0.4429619746497665] and parameters: {'psi': 0.06971171802464882, 'lda_s': 7.390031700149627e-05, 'lda_t': 9.947725579189343e-05}.
[I 2025-08-10 13:04:06,634] Trial 51 finished with values: [0.9256468486377333, 0.4546783625730994] and parameters: {'psi': 0.5922683513464908, 'lda_s': 9.44079889116851e-06, 'lda_t': 4.148572507707046}.
[I 2025-08-10 13:04:12,985] Trial 52 finished with values: [0.9334573364331861, 0.450199203187251] and parameters: {'psi': 0.272772834762006, 'lda_s': 7.390031700149627e-05, 'lda_t': 9.947725579189343e-05}.
[I 2025-08-10 13:04:19,339] Trial 53 finished with values: [0.9048455121182736, 0.36946564885496186] and parameters: {'psi': 0.5200590693424019, 'lda_s': 0.020443672895514894, 'lda_t': 4.30735947404617e-08}.
[I 2025-08-10 13:04:25,696] Trial 54 finished with values: [0.9290817000541906, 0.4426450742240216] and parameters: {'psi': 0.6724782833020135, 'lda_s': 3.481648786874954e-07, 'lda_t': 2.268146001157636e-06}.
[I 2025-08-10 13:04:32,047] Trial 55 finished with values: [0.8902094018284579, 0.38059135708870356] and parameters: {'psi': 0.4097280112222641, 'lda_s': 0.049130625616748316, 'lda_t': 4.554942751818986e-06}.
[I 2025-08-10 13:04:38,416] Trial 56 finished with values: [0.9231026357436277, 0.4483695652173913] and parameters: {'psi': 0.6724782833020135, 'lda_s': 5.049750646921264e-07, 'lda_t': 0.00825121745422302}.
[I 2025-08-10 13:04:44,805] Trial 57 finished with values: [0.912724793999682, 0.4397549353301566] and parameters: {'psi': 0.8756064949789567, 'lda_s': 0.0007345254934921565, 'lda_t': 0.00014463902071845157}.
[I 2025-08-10 13:04:51,164] Trial 58 finished with values: [0.9329500306001126, 0.45152722443559096] and parameters: {'psi': 0.4484981329613975, 'lda_s': 2.701319594257678e-06, 'lda_t': 8.976322816886632e-05}.
[I 2025-08-10 13:04:57,526] Trial 59 finished with values: [0.9247351809630453, 0.46175839885632597] and parameters: {'psi': 0.46919862083548913, 'lda_s': 6.130559487198965e-05, 'lda_t': 0.43200978469217993}.
[I 2025-08-10 13:05:03,878] Trial 60 finished with values: [0.9018989144823458, 0.3852813852813853] and parameters: {'psi': 0.7815097840787039, 'lda_s': 2.031931797215633, 'lda_t': 0.0007458261228057339}.
[I 2025-08-10 13:05:10,236] Trial 61 finished with values: [0.895370081627261, 0.36048265460030166] and parameters: {'psi': 0.3283507369859915, 'lda_s': 0.010933577683848467, 'lda_t': 2.268146001157636e-06}.
[I 2025-08-10 13:05:16,581] Trial 62 finished with values: [0.9075979046336927, 0.2809642560266002] and parameters: {'psi': 0.22153696976007242, 'lda_s': 0.04162540128955453, 'lda_t': 4.554942751818986e-06}.
[I 2025-08-10 13:05:22,943] Trial 63 finished with values: [0.9273738453063202, 0.46596491228070175] and parameters: {'psi': 0.2938361023513276, 'lda_s': 1.6882584704603586e-08, 'lda_t': 8.244964124010849}.
[I 2025-08-10 13:05:29,319] Trial 64 finished with values: [0.6848686711462956, 0.30658105939004815] and parameters: {'psi': 0.7909366510645467, 'lda_s': 0.026080418691890806, 'lda_t': 0.05371619706746802}.
[I 2025-08-10 13:05:35,673] Trial 65 finished with values: [0.9234314633863585, 0.4789915966386555] and parameters: {'psi': 0.22153696976007242, 'lda_s': 6.130559487198965e-05, 'lda_t': 0.8981175407435217}.
[I 2025-08-10 13:05:42,030] Trial 66 finished with values: [0.9446531582821159, 0.37712729748127977] and parameters: {'psi': 0.019124901477076905, 'lda_s': 0.12068909687834775, 'lda_t': 0.05411587748918095}.
[I 2025-08-10 13:05:48,381] Trial 67 finished with values: [0.9236448104275837, 0.46555183946488293] and parameters: {'psi': 0.98691991832438, 'lda_s': 0.0007972937436092136, 'lda_t': 6.562715845550151e-08}.
[I 2025-08-10 13:05:54,734] Trial 68 finished with values: [0.9255104736861497, 0.4598698481561822] and parameters: {'psi': 0.5386292717889685, 'lda_s': 3.869737087664133e-05, 'lda_t': 4.148572507707046}.
[I 2025-08-10 13:06:01,091] Trial 69 finished with values: [0.9258134642293219, 0.4684431977559607] and parameters: {'psi': 0.2479924311490732, 'lda_s': 1.8767107926348766e-07, 'lda_t': 0.8628775648627287}.
[I 2025-08-10 13:06:07,442] Trial 70 finished with values: [0.9196979800330894, 0.4378257632166791] and parameters: {'psi': 0.7320732058177993, 'lda_s': 1.2056544339011025e-05, 'lda_t': 8.244964124010849}.
[I 2025-08-10 13:06:13,802] Trial 71 finished with values: [0.9165613561466683, 0.4362017804154303] and parameters: {'psi': 0.8034477098046555, 'lda_s': 4.790582114578065e-06, 'lda_t': 4.148572507707046}.
[I 2025-08-10 13:06:20,263] Trial 72 finished with values: [0.8801211153359139, 0.3674096848578017] and parameters: {'psi': 0.5937232076259044, 'lda_s': 0.020443672895514894, 'lda_t': 0.00014463902071845157}.
[I 2025-08-10 13:06:26,636] Trial 73 finished with values: [0.9323072035630933, 0.45448504983388704] and parameters: {'psi': 0.506476892089598, 'lda_s': 2.7742431359818595e-05, 'lda_t': 9.947725579189343e-05}.
[I 2025-08-10 13:06:32,996] Trial 74 finished with values: [0.9274928307665484, 0.473474801061008] and parameters: {'psi': 0.993156089559264, 'lda_s': 1.3789203136359095e-08, 'lda_t': 2.0862637928895494e-07}.
[I 2025-08-10 13:06:39,365] Trial 75 finished with values: [0.9354375366774478, 0.4491694352159468] and parameters: {'psi': 0.07938603723357884, 'lda_s': 1.8767107926348766e-07, 'lda_t': 0.0002448718495649481}.
[I 2025-08-10 13:06:45,723] Trial 76 finished with values: [0.8291102781330066, 0.32863187588152326] and parameters: {'psi': 0.6619502605082767, 'lda_s': 3.455283040337137, 'lda_t': 4.175245368510025e-06}.
[I 2025-08-10 13:06:52,099] Trial 77 finished with values: [0.9319793644702585, 0.4537591483699268] and parameters: {'psi': 0.5344000176498476, 'lda_s': 1.3258753572314694e-05, 'lda_t': 2.0082438876655931e-07}.
[I 2025-08-10 13:06:58,464] Trial 78 finished with values: [0.9032334119080723, 0.2739018087855297] and parameters: {'psi': 0.14002887856504076, 'lda_s': 0.03192157154772802, 'lda_t': 1.4147870738373237e-08}.
[I 2025-08-10 13:07:04,843] Trial 79 finished with values: [0.9340370760131963, 0.45195493704440026] and parameters: {'psi': 0.2505634325325762, 'lda_s': 1.5621202652029257e-07, 'lda_t': 3.2740813407475754e-06}.
[I 2025-08-10 13:07:11,197] Trial 80 finished with values: [0.7946621001652676, 0.4661134163208852] and parameters: {'psi': 0.182743107184273, 'lda_s': 0.001184284137182801, 'lda_t': 1.1821168113471583}.
[I 2025-08-10 13:07:17,562] Trial 81 finished with values: [0.8933007321560004, 0.27906976744186046] and parameters: {'psi': 0.3279407155363526, 'lda_s': 4.551529734633083, 'lda_t': 4.175245368510025e-06}.
[I 2025-08-10 13:07:23,923] Trial 82 finished with values: [0.9292488099207273, 0.4307479224376731] and parameters: {'psi': 0.014933009130196462, 'lda_s': 4.944697573305975e-06, 'lda_t': 3.6174258082521518}.
[I 2025-08-10 13:07:30,281] Trial 83 finished with values: [0.9328850559114834, 0.4454787234042553] and parameters: {'psi': 0.14002887856504076, 'lda_s': 9.281246147148917e-05, 'lda_t': 2.1796252276334825e-05}.
[I 2025-08-10 13:07:36,658] Trial 84 finished with values: [0.8162744520063521, 0.36964688204357626] and parameters: {'psi': 0.6619502605082767, 'lda_s': 0.009993769349376768, 'lda_t': 0.011951891026030028}.
[I 2025-08-10 13:07:43,044] Trial 85 finished with values: [0.8497096359350469, 0.3623853211009174] and parameters: {'psi': 0.6819143051329349, 'lda_s': 0.017751907838474655, 'lda_t': 4.618356829258935e-08}.
[I 2025-08-10 13:07:49,413] Trial 86 finished with values: [0.7488158969607484, 0.18140068886337543] and parameters: {'psi': 0.5386292717889685, 'lda_s': 2.093031655051795, 'lda_t': 0.050350294990986}.
[I 2025-08-10 13:07:55,770] Trial 87 finished with values: [0.9340650699488919, 0.426904598490048] and parameters: {'psi': 0.019124901477076905, 'lda_s': 2.7742431359818595e-05, 'lda_t': 4.175245368510025e-06}.
[I 2025-08-10 13:08:02,139] Trial 88 finished with values: [0.9275210044385889, 0.4445927903871829] and parameters: {'psi': 0.2505634325325762, 'lda_s': 0.0005208223357340266, 'lda_t': 9.958912728962424e-06}.
[I 2025-08-10 13:08:08,510] Trial 89 finished with values: [0.9259728903671206, 0.43822525597269624] and parameters: {'psi': 0.7412700238402705, 'lda_s': 2.841917815535545e-06, 'lda_t': 4.175245368510025e-06}.
[I 2025-08-10 13:08:14,872] Trial 90 finished with values: [0.9319660639807466, 0.4537591483699268] and parameters: {'psi': 0.5344000176498476, 'lda_s': 1.8797393451727253e-05, 'lda_t': 1.6187157467844332e-05}.
[I 2025-08-10 13:08:21,236] Trial 91 finished with values: [0.9225969026035709, 0.45870206489675514] and parameters: {'psi': 0.9828939086393387, 'lda_s': 2.7742431359818595e-05, 'lda_t': 2.1466174519173102}.
[I 2025-08-10 13:08:27,587] Trial 92 finished with values: [0.9072323658425456, 0.28286189683860236] and parameters: {'psi': 0.21804123847867585, 'lda_s': 0.03673488192296069, 'lda_t': 1.6187157467844332e-05}.
[I 2025-08-10 13:08:33,959] Trial 93 finished with values: [0.9019594406964425, 0.4393939393939394] and parameters: {'psi': 0.8520609416370615, 'lda_s': 4.732227935294213e-08, 'lda_t': 0.01624916813594929}.
[I 2025-08-10 13:08:40,340] Trial 94 finished with values: [0.692123369229677, 0.29823413996075865] and parameters: {'psi': 0.9110328763421888, 'lda_s': 0.022087391167673064, 'lda_t': 8.244964124010849}.
[I 2025-08-10 13:08:46,711] Trial 95 finished with values: [0.9156728295263677, 0.43768545994065283] and parameters: {'psi': 0.8305025799122008, 'lda_s': 2.9507720111379525e-07, 'lda_t': 0.9934464172341648}.
[I 2025-08-10 13:08:53,178] Trial 96 finished with values: [0.8860230278204901, 0.3647146034099333] and parameters: {'psi': 0.40653728381874255, 'lda_s': 0.9447092249784882, 'lda_t': 3.2740813407475754e-06}.
[I 2025-08-10 13:08:59,531] Trial 97 finished with values: [0.9085929250382613, 0.27643630308076605] and parameters: {'psi': 0.23869726425982418, 'lda_s': 1.637514439854746, 'lda_t': 9.790270824654072e-06}.
[I 2025-08-10 13:09:05,916] Trial 98 finished with values: [0.5860652658615078, 0.08923884514435695] and parameters: {'psi': 0.9500131105505799, 'lda_s': 0.8863880763047074, 'lda_t': 0.0995896097998964}.
[I 2025-08-10 13:09:12,288] Trial 99 finished with values: [0.922469244864708, 0.4426559356136821] and parameters: {'psi': 0.31227966719438793, 'lda_s': 0.0010784946553556271, 'lda_t': 1.070210473532673e-08}.
