[I 2025-08-10 13:21:42,696] Trial 29 finished with values: [0.8954201967187214, 0.27490774907749077] and parameters: {'psi': 0.9595439211070308, 'lda_s': 0.0004757912521846676, 'lda_t': 0.00010405999612013516}.
[I 2025-08-10 13:21:51,020] Trial 30 finished with values: [0.890386409285068, 0.26666666666666666] and parameters: {'psi': 0.03352233994715437, 'lda_s': 4.658766405389023e-07, 'lda_t': 7.195749981549066e-05}.
[I 2025-08-10 13:21:59,344] Trial 31 finished with values: [0.9413022189230539, 0.44253490870032225] and parameters: {'psi': 0.3204925977507618, 'lda_s': 4.3871297270529295e-08, 'lda_t': 2.3250520443768194}.
[I 2025-08-10 13:22:07,670] Trial 32 finished with values: [0.9352963385039667, 0.35473340587595215] and parameters: {'psi': 0.898974517721925, 'lda_s': 0.41053526983093547, 'lda_t': 8.988975936176763e-05}.
[I 2025-08-10 13:22:16,000] Trial 33 finished with values: [0.8950471815924992, 0.2629193109700816] and parameters: {'psi': 0.9992830175092154, 'lda_s': 1.0734480943829662e-06, 'lda_t': 6.966376157171555e-05}.
[I 2025-08-10 13:22:24,309] Trial 34 finished with values: [0.8781692636000665, 0.34146341463414637] and parameters: {'psi': 0.3689675833873647, 'lda_s': 7.813275232195564, 'lda_t': 0.0037629843528889074}.
[I 2025-08-10 13:22:32,655] Trial 35 finished with values: [0.889061630555875, 0.30570505920344454] and parameters: {'psi': 0.049342515857201286, 'lda_s': 0.8354783831991698, 'lda_t': 1.4724242430740868e-06}.
[I 2025-08-10 13:22:40,999] Trial 36 finished with values: [0.897491470371958, 0.26142595978062155] and parameters: {'psi': 0.7474595077951001, 'lda_s': 7.729181271820844e-08, 'lda_t': 1.7548560438005143e-08}.
[I 2025-08-10 13:22:49,323] Trial 37 finished with values: [0.8976407461231867, 0.25788999098286747] and parameters: {'psi': 0.24587733551765134, 'lda_s': 0.00012594695821102693, 'lda_t': 2.368908256493843e-08}.
[I 2025-08-10 13:22:57,629] Trial 38 finished with values: [0.8981536274007549, 0.26181818181818184] and parameters: {'psi': 0.6144724831030008, 'lda_s': 0.0001029600114385288, 'lda_t': 1.9934313383751125e-05}.
[I 2025-08-10 13:23:05,948] Trial 39 finished with values: [0.8896988114862172, 0.286527514231499] and parameters: {'psi': 0.7227386528284305, 'lda_s': 0.009745842626525876, 'lda_t': 0.001824569276448547}.
[I 2025-08-10 13:23:14,262] Trial 40 finished with values: [0.8969122572236105, 0.2589928057553957] and parameters: {'psi': 0.12433870087400511, 'lda_s': 4.492795523401826e-05, 'lda_t': 1.4711709036720383e-07}.
[I 2025-08-10 13:23:22,571] Trial 41 finished with values: [0.8972257943851407, 0.32207207207207206] and parameters: {'psi': 0.9926301192756779, 'lda_s': 0.04408773778982314, 'lda_t': 5.255613704582605e-08}.
[I 2025-08-10 13:23:30,888] Trial 42 finished with values: [0.8571568138862461, 0.26607142857142857] and parameters: {'psi': 0.11860918099708773, 'lda_s': 0.0014526119883541183, 'lda_t': 1.5061219210964552}.
[I 2025-08-10 13:23:39,193] Trial 43 finished with values: [0.8382732571039577, 0.2558795860771402] and parameters: {'psi': 0.09520515948906871, 'lda_s': 0.20812316287768845, 'lda_t': 0.03208793640222551}.
[I 2025-08-10 13:23:47,477] Trial 44 finished with values: [0.8740512277204489, 0.23883318140382861] and parameters: {'psi': 0.7057892518459392, 'lda_s': 0.07920178711352126, 'lda_t': 0.024198010899876273}.
[I 2025-08-10 13:23:55,781] Trial 45 finished with values: [0.9452072028744585, 0.45866666666666667] and parameters: {'psi': 0.7701741160257491, 'lda_s': 0.2683744788829655, 'lda_t': 1.947037401427056e-05}.
[I 2025-08-10 13:24:04,097] Trial 46 finished with values: [0.9208769979426668, 0.36081242532855434] and parameters: {'psi': 0.46249236590088405, 'lda_s': 0.24426739189947594, 'lda_t': 1.2164277687198273e-08}.
[I 2025-08-10 13:24:12,408] Trial 47 finished with values: [0.8951127002879804, 0.26838235294117646] and parameters: {'psi': 0.8914885419776015, 'lda_s': 5.296670524729506e-07, 'lda_t': 3.590057281114437e-05}.
[I 2025-08-10 13:24:20,710] Trial 48 finished with values: [0.8643397074659948, 0.3786096256684492] and parameters: {'psi': 0.937867939270625, 'lda_s': 0.01378069581364908, 'lda_t': 0.05351301351913229}.
[I 2025-08-10 13:24:29,123] Trial 49 finished with values: [0.8940265304249537, 0.2648401826484018] and parameters: {'psi': 0.7377678659574383, 'lda_s': 0.0012557214013897801, 'lda_t': 3.511141829611218e-07}.
[I 2025-08-10 13:24:37,453] Trial 50 finished with values: [0.8123523651203558, 0.25681818181818183] and parameters: {'psi': 0.22760886049687734, 'lda_s': 0.7614997688822415, 'lda_t': 5.142587096014346}.
[I 2025-08-10 13:24:45,773] Trial 51 finished with values: [0.8799208431930838, 0.3346613545816733] and parameters: {'psi': 0.5996479699005848, 'lda_s': 0.009745842626525876, 'lda_t': 0.01694919598751032}.
[I 2025-08-10 13:24:54,088] Trial 52 finished with values: [0.9447392785741088, 0.5023474178403756] and parameters: {'psi': 0.8941765700677712, 'lda_s': 1.6526381822227373e-05, 'lda_t': 1.1124338315842848}.
[I 2025-08-10 13:25:02,403] Trial 53 finished with values: [0.8946848539130576, 0.259763851044505] and parameters: {'psi': 0.3490554768971461, 'lda_s': 0.0010789099589219434, 'lda_t': 1.4724242430740868e-06}.
[I 2025-08-10 13:25:10,705] Trial 54 finished with values: [0.9319841593451847, 0.38617401668653156] and parameters: {'psi': 0.8644597855569583, 'lda_s': 1.3540528204338496, 'lda_t': 1.223071629420192e-06}.
[I 2025-08-10 13:25:19,012] Trial 55 finished with values: [0.8370117898801497, 0.16] and parameters: {'psi': 0.42777769632995244, 'lda_s': 0.2683744788829655, 'lda_t': 0.028743492908629282}.
[I 2025-08-10 13:25:27,324] Trial 56 finished with values: [0.7585396765653334, 0.12121212121212122] and parameters: {'psi': 0.30823757572333244, 'lda_s': 8.42142082006141, 'lda_t': 0.11848049212397138}.
[I 2025-08-10 13:25:35,655] Trial 57 finished with values: [0.9042633619222535, 0.2774922918807811] and parameters: {'psi': 0.35302257471367715, 'lda_s': 0.011602940817404534, 'lda_t': 9.7059989521886e-05}.
[I 2025-08-10 13:25:43,986] Trial 58 finished with values: [0.9024734469223058, 0.33751425313568983] and parameters: {'psi': 0.1977269850145983, 'lda_s': 0.012625656687688877, 'lda_t': 2.3677916143274552e-05}.
[I 2025-08-10 13:25:52,291] Trial 59 finished with values: [0.9480336840442228, 0.42092154420921546] and parameters: {'psi': 0.7548266169043276, 'lda_s': 0.07797847765832884, 'lda_t': 5.255613704582605e-08}.
[I 2025-08-10 13:26:00,611] Trial 60 finished with values: [0.8977032444532732, 0.2695417789757412] and parameters: {'psi': 0.06549581805579785, 'lda_s': 5.296670524729506e-07, 'lda_t': 0.0002527654102292604}.
[I 2025-08-10 13:26:08,908] Trial 61 finished with values: [0.8382732571039577, 0.2558795860771402] and parameters: {'psi': 0.09520515948906871, 'lda_s': 0.20812316287768845, 'lda_t': 0.03208793640222551}.
[I 2025-08-10 13:26:17,222] Trial 62 finished with values: [0.9032931276232165, 0.26811594202898553] and parameters: {'psi': 0.34193738661458273, 'lda_s': 5.6385041158880574e-05, 'lda_t': 0.0017324077604080625}.
[I 2025-08-10 13:26:25,531] Trial 63 finished with values: [0.9414816983282278, 0.460352422907489] and parameters: {'psi': 0.47398369746107794, 'lda_s': 4.3871297270529295e-08, 'lda_t': 2.3250520443768194}.
[I 2025-08-10 13:26:33,833] Trial 64 finished with values: [0.8971441283515892, 0.26094890510948904] and parameters: {'psi': 0.7701741160257491, 'lda_s': 1.796856963426912e-08, 'lda_t': 1.947037401427056e-05}.
[I 2025-08-10 13:26:42,147] Trial 65 finished with values: [0.8978341656763353, 0.2581227436823105] and parameters: {'psi': 0.24791869457705784, 'lda_s': 0.00011005899655516868, 'lda_t': 1.4724242430740868e-06}.
[I 2025-08-10 13:26:50,457] Trial 66 finished with values: [0.8940265304249537, 0.2648401826484018] and parameters: {'psi': 0.7377678659574383, 'lda_s': 0.0012557214013897801, 'lda_t': 3.511141829611218e-07}.
[I 2025-08-10 13:26:58,761] Trial 67 finished with values: [0.881465527756577, 0.36096537250786986] and parameters: {'psi': 0.8373278430482456, 'lda_s': 0.009815725300856556, 'lda_t': 0.042314847335080584}.
[I 2025-08-10 13:27:07,099] Trial 68 finished with values: [0.8993236704874289, 0.26268115942028986] and parameters: {'psi': 0.49370395761764985, 'lda_s': 1.1512227172765813e-06, 'lda_t': 2.300123012104757e-05}.
[I 2025-08-10 13:27:15,427] Trial 69 finished with values: [0.8436532248789821, 0.30783242258652094] and parameters: {'psi': 0.8528671656853772, 'lda_s': 0.009745842626525876, 'lda_t': 1.4552307507099194}.
[I 2025-08-10 13:27:23,728] Trial 70 finished with values: [0.9352963385039667, 0.35473340587595215] and parameters: {'psi': 0.898974517721925, 'lda_s': 0.41053526983093547, 'lda_t': 8.988975936176763e-05}.
[I 2025-08-10 13:27:32,041] Trial 71 finished with values: [0.943721996275657, 0.46547884187082406] and parameters: {'psi': 0.5633324596966257, 'lda_s': 1.0561697134110036e-06, 'lda_t': 2.2980175993023715}.
[I 2025-08-10 13:27:40,342] Trial 72 finished with values: [0.9026414257054005, 0.26958105646630237] and parameters: {'psi': 0.5112573147040421, 'lda_s': 0.0002785191914378074, 'lda_t': 0.0029311298834920506}.
[I 2025-08-10 13:27:48,768] Trial 73 finished with values: [0.8938599456566565, 0.26715462031107046] and parameters: {'psi': 0.6184036230910432, 'lda_s': 0.0018075998715484736, 'lda_t': 2.998701599091275e-08}.
[I 2025-08-10 13:27:57,061] Trial 74 finished with values: [0.8981592034599447, 0.26181818181818184] and parameters: {'psi': 0.6144724831030008, 'lda_s': 0.0001029600114385288, 'lda_t': 2.342518887413414e-05}.
[I 2025-08-10 13:28:05,391] Trial 75 finished with values: [0.9004063553134618, 0.44126074498567336] and parameters: {'psi': 0.3535027848652671, 'lda_s': 0.10855682546396365, 'lda_t': 2.998701599091275e-08}.
[I 2025-08-10 13:28:13,689] Trial 76 finished with values: [0.7612518485217055, 0.0712223291626564] and parameters: {'psi': 0.3074553914852667, 'lda_s': 0.2292047443256802, 'lda_t': 0.6525501301464026}.
[I 2025-08-10 13:28:22,004] Trial 77 finished with values: [0.9217332715320105, 0.36101083032490977] and parameters: {'psi': 0.46249236590088405, 'lda_s': 0.1684827585576026, 'lda_t': 2.281660261096087e-08}.
[I 2025-08-10 13:28:30,326] Trial 78 finished with values: [0.9134659506077323, 0.35944700460829493] and parameters: {'psi': 0.25760242779461306, 'lda_s': 0.019360034289908606, 'lda_t': 0.0015914345694399085}.
[I 2025-08-10 13:28:38,652] Trial 79 finished with values: [0.8941156312040919, 0.2598353156450137] and parameters: {'psi': 0.48508976056092357, 'lda_s': 0.0016932947941585249, 'lda_t': 8.521625631100127e-06}.
[I 2025-08-10 13:28:46,937] Trial 80 finished with values: [0.9136778408569474, 0.40102827763496146] and parameters: {'psi': 0.2629989856665311, 'lda_s': 1.1993751901218261, 'lda_t': 0.0024275471179667925}.
[I 2025-08-10 13:28:55,243] Trial 81 finished with values: [0.8963287458629705, 0.27389705882352944] and parameters: {'psi': 0.9594336974661071, 'lda_s': 7.389918440381838e-05, 'lda_t': 1.7075258024004938e-05}.
[I 2025-08-10 13:29:03,548] Trial 82 finished with values: [0.8337997474509858, 0.145426114151681] and parameters: {'psi': 0.42777769632995244, 'lda_s': 2.395163557881292, 'lda_t': 0.028743492908629282}.
[I 2025-08-10 13:29:11,869] Trial 83 finished with values: [0.8901802112629427, 0.36024844720496896] and parameters: {'psi': 0.12240707190907918, 'lda_s': 0.2556576414585188, 'lda_t': 9.651798652258797e-05}.
[I 2025-08-10 13:29:20,189] Trial 84 finished with values: [0.8636756917508013, 0.36054421768707484] and parameters: {'psi': 0.308633777234658, 'lda_s': 0.012767578965323817, 'lda_t': 0.018774001838015003}.
[I 2025-08-10 13:29:28,497] Trial 85 finished with values: [0.8968961098855398, 0.42510699001426533] and parameters: {'psi': 0.36314852270511033, 'lda_s': 0.2292047443256802, 'lda_t': 3.214257587993453e-07}.
[I 2025-08-10 13:29:36,801] Trial 86 finished with values: [0.8953337678012787, 0.27490774907749077] and parameters: {'psi': 0.9595439211070308, 'lda_s': 0.0004757912521846676, 'lda_t': 6.770635791255408e-06}.
[I 2025-08-10 13:29:45,146] Trial 87 finished with values: [0.8985496437711353, 0.2826510721247563] and parameters: {'psi': 0.5860679347027955, 'lda_s': 0.012625656687688877, 'lda_t': 2.6921778784767667e-05}.
[I 2025-08-10 13:29:53,466] Trial 88 finished with values: [0.9364868271410035, 0.46017699115044247] and parameters: {'psi': 0.5582848814710388, 'lda_s': 0.0004771062602445023, 'lda_t': 4.087476902662761}.
[I 2025-08-10 13:30:01,783] Trial 89 finished with values: [0.8952387424592513, 0.2770970782280867] and parameters: {'psi': 0.49370395761764985, 'lda_s': 0.007062065245711633, 'lda_t': 1.7453476369190247e-06}.
[I 2025-08-10 13:30:10,090] Trial 90 finished with values: [0.9159131435846858, 0.283987915407855] and parameters: {'psi': 0.7171155306659107, 'lda_s': 0.019360034289908606, 'lda_t': 7.239199971756822e-08}.
[I 2025-08-10 13:30:18,396] Trial 91 finished with values: [0.8954932663276887, 0.2736455463728191] and parameters: {'psi': 0.9252233899273112, 'lda_s': 4.3871297270529295e-08, 'lda_t': 0.00017398967882631918}.
[I 2025-08-10 13:30:26,723] Trial 92 finished with values: [0.8929209605226627, 0.38701622971285893] and parameters: {'psi': 0.15697341309238555, 'lda_s': 0.41053526983093547, 'lda_t': 4.660700816130258e-08}.
[I 2025-08-10 13:30:35,038] Trial 93 finished with values: [0.897955444963715, 0.26181818181818184] and parameters: {'psi': 0.641091773878851, 'lda_s': 0.0001029600114385288, 'lda_t': 3.654836336803329e-08}.
[I 2025-08-10 13:30:43,345] Trial 94 finished with values: [0.93587229895112, 0.3574561403508772] and parameters: {'psi': 0.898974517721925, 'lda_s': 0.41053526983093547, 'lda_t': 2.281660261096087e-08}.
[I 2025-08-10 13:30:51,644] Trial 95 finished with values: [0.8952148118718948, 0.27516158818097874] and parameters: {'psi': 0.9565861491324638, 'lda_s': 0.0004771062602445023, 'lda_t': 3.214257587993453e-07}.
[I 2025-08-10 13:30:59,973] Trial 96 finished with values: [0.8992600104783446, 0.2629193109700816] and parameters: {'psi': 0.49370395761764985, 'lda_s': 1.855990934878776e-06, 'lda_t': 1.7453476369190247e-06}.
[I 2025-08-10 13:31:08,376] Trial 97 finished with values: [0.9223052822705713, 0.311787072243346] and parameters: {'psi': 0.7057892518459392, 'lda_s': 9.731767506643156e-08, 'lda_t': 0.024198010899876273}.
[I 2025-08-10 13:31:16,664] Trial 98 finished with values: [0.8977624900821655, 0.25969341749323716] and parameters: {'psi': 0.22450666135342323, 'lda_s': 0.00010633357278742312, 'lda_t': 1.9934313383751125e-05}.
[I 2025-08-10 13:31:24,960] Trial 99 finished with values: [0.8881133519898982, 0.29010566762728146] and parameters: {'psi': 0.8616524541396658, 'lda_s': 0.009745842626525876, 'lda_t': 0.001824569276448547}.
