[I 2025-08-10 13:12:25,959] Trial 29 finished with values: [0.9114967475171252, 0.31822070145423437] and parameters: {'psi': 0.664294735527595, 'lda_s': 0.0004669714439500553, 'lda_t': 0.029079463322949}.
[I 2025-08-10 13:12:34,119] Trial 30 finished with values: [0.8741382459092978, 0.1609561752988048] and parameters: {'psi': 0.7403344109894626, 'lda_s': 7.46628099225264e-08, 'lda_t': 7.733663861822965e-06}.
[I 2025-08-10 13:12:42,270] Trial 31 finished with values: [0.7721483136226919, 0.31759656652360513] and parameters: {'psi': 0.4050895891865437, 'lda_s': 0.006849391439026817, 'lda_t': 7.457454411394716}.
[I 2025-08-10 13:12:50,424] Trial 32 finished with values: [0.8748246625681447, 0.20196353436185133] and parameters: {'psi': 0.19141380472606295, 'lda_s': 1.8207427892694776, 'lda_t': 0.00012185178722034408}.
[I 2025-08-10 13:12:58,587] Trial 33 finished with values: [0.8933262300358494, 0.16927899686520376] and parameters: {'psi': 0.45332319194766313, 'lda_s': 8.432125831483054, 'lda_t': 1.1317677399963291e-07}.
[I 2025-08-10 13:13:06,743] Trial 34 finished with values: [0.8747942919354367, 0.16108452950558214] and parameters: {'psi': 0.7376061474319203, 'lda_s': 2.5471816852284734e-05, 'lda_t': 0.0002666291057531391}.
[I 2025-08-10 13:13:14,886] Trial 35 finished with values: [0.7831367314136268, 0.17601760176017603] and parameters: {'psi': 0.05224746034926919, 'lda_s': 0.06260224957506917, 'lda_t': 0.48536169691464753}.
[I 2025-08-10 13:13:23,038] Trial 36 finished with values: [0.8747873298967095, 0.16421780466724287] and parameters: {'psi': 0.12211287480998123, 'lda_s': 0.017896835696262686, 'lda_t': 5.526313253681126e-05}.
[I 2025-08-10 13:13:31,193] Trial 37 finished with values: [0.8961272902837181, 0.19217081850533807] and parameters: {'psi': 0.5356224896281252, 'lda_s': 0.03167196646257207, 'lda_t': 5.784348026119477e-07}.
[I 2025-08-10 13:13:39,347] Trial 38 finished with values: [0.8784362453826043, 0.1712] and parameters: {'psi': 0.7600666445130903, 'lda_s': 2.1005783462497487e-05, 'lda_t': 0.00180327254101373}.
[I 2025-08-10 13:13:47,508] Trial 39 finished with values: [0.8825989391467365, 0.2131979695431472] and parameters: {'psi': 0.36977190061619436, 'lda_s': 0.64310342115751, 'lda_t': 5.867138166490221e-07}.
[I 2025-08-10 13:13:55,668] Trial 40 finished with values: [0.8188419001724365, 0.1200960768614892] and parameters: {'psi': 0.2143892920059206, 'lda_s': 0.04938285394589913, 'lda_t': 0.017629657482737662}.
[I 2025-08-10 13:14:03,821] Trial 41 finished with values: [0.8518557869172192, 0.14970563498738435] and parameters: {'psi': 0.11134872320839828, 'lda_s': 0.0008893939514138036, 'lda_t': 0.028926765841960463}.
[I 2025-08-10 13:14:11,973] Trial 42 finished with values: [0.8838049862323163, 0.1888412017167382] and parameters: {'psi': 0.12058140991248534, 'lda_s': 0.011406768455505095, 'lda_t': 0.0023445200650648807}.
[I 2025-08-10 13:14:20,143] Trial 43 finished with values: [0.9143916439391416, 0.43981042654028435] and parameters: {'psi': 0.46842055598471055, 'lda_s': 0.0011061276006463401, 'lda_t': 0.0401483747292223}.
[I 2025-08-10 13:14:28,297] Trial 44 finished with values: [0.614481343249698, 0.12556053811659193] and parameters: {'psi': 0.3824531800223253, 'lda_s': 0.46095851875648697, 'lda_t': 0.12896585614221492}.
[I 2025-08-10 13:14:36,445] Trial 45 finished with values: [0.870009958742353, 0.16284584980237155] and parameters: {'psi': 0.04546307007600803, 'lda_s': 1.9267118498980834e-08, 'lda_t': 5.5179706713364015e-08}.
[I 2025-08-10 13:14:44,601] Trial 46 finished with values: [0.7190764906078062, 0.14035087719298245] and parameters: {'psi': 0.5895618908722406, 'lda_s': 4.5639020510841295, 'lda_t': 0.8021222440671073}.
[I 2025-08-10 13:14:52,769] Trial 47 finished with values: [0.9329843233049706, 0.4416058394160584] and parameters: {'psi': 0.9371542630142747, 'lda_s': 1.3799091155654728e-05, 'lda_t': 8.84650593803613}.
[I 2025-08-10 13:15:00,929] Trial 48 finished with values: [0.8079329908817473, 0.2315622521808089] and parameters: {'psi': 0.0015942065936492833, 'lda_s': 1.1236011679897662e-08, 'lda_t': 1.2881735242822328e-06}.
[I 2025-08-10 13:15:09,162] Trial 49 finished with values: [0.8864678146967627, 0.1712707182320442] and parameters: {'psi': 0.7090889520687763, 'lda_s': 0.047126843956346996, 'lda_t': 2.151432870899864e-07}.
[I 2025-08-10 13:15:17,305] Trial 50 finished with values: [0.5536727781258797, 0.049924357034795766] and parameters: {'psi': 0.9187045762548449, 'lda_s': 0.047126843956346996, 'lda_t': 1.0582592341480719}.
[I 2025-08-10 13:15:25,439] Trial 51 finished with values: [0.872524566411291, 0.18801996672212978] and parameters: {'psi': 0.08650782136537905, 'lda_s': 0.0032495849530482135, 'lda_t': 4.718907133091417e-07}.
[I 2025-08-10 13:15:33,594] Trial 52 finished with values: [0.8734814935893749, 0.15822784810126583] and parameters: {'psi': 0.19695025374688857, 'lda_s': 5.549164932988205e-08, 'lda_t': 1.4767180826011688e-08}.
[I 2025-08-10 13:15:41,738] Trial 53 finished with values: [0.8726859040913579, 0.1642512077294686] and parameters: {'psi': 0.8726515531526463, 'lda_s': 0.0004669714439500553, 'lda_t': 1.4291576183968993e-06}.
[I 2025-08-10 13:15:49,895] Trial 54 finished with values: [0.6909880949137766, 0.08029197080291971] and parameters: {'psi': 0.9566662245761355, 'lda_s': 8.073542279563984, 'lda_t': 2.743466993371911}.
[I 2025-08-10 13:15:58,043] Trial 55 finished with values: [0.8937422370745716, 0.1228813559322034] and parameters: {'psi': 0.47995809754806673, 'lda_s': 0.17488525951313455, 'lda_t': 8.049762667908124e-05}.
[I 2025-08-10 13:16:06,170] Trial 56 finished with values: [0.8112286585765759, 0.1819645732689211] and parameters: {'psi': 0.9371542630142747, 'lda_s': 0.011406768455505095, 'lda_t': 8.84650593803613}.
[I 2025-08-10 13:16:14,313] Trial 57 finished with values: [0.9176391827575525, 0.4196185286103542] and parameters: {'psi': 0.3935387215888815, 'lda_s': 5.465787235743756e-07, 'lda_t': 8.84650593803613}.
[I 2025-08-10 13:16:22,460] Trial 58 finished with values: [0.8871132663161432, 0.16139767054908485] and parameters: {'psi': 0.6343680763698653, 'lda_s': 0.017896835696262686, 'lda_t': 5.526313253681126e-05}.
[I 2025-08-10 13:16:30,608] Trial 59 finished with values: [0.8863327107858124, 0.17038216560509553] and parameters: {'psi': 0.38326792013824507, 'lda_s': 6.161993794217612e-07, 'lda_t': 0.0034316184541012024}.
[I 2025-08-10 13:16:38,779] Trial 60 finished with values: [0.8659713708859649, 0.18080888183980967] and parameters: {'psi': 0.021171132212522648, 'lda_s': 1.3024197522112604e-08, 'lda_t': 0.8722296453104954}.
[I 2025-08-10 13:16:46,919] Trial 61 finished with values: [0.8830901160238888, 0.1882145998240985] and parameters: {'psi': 0.8948491704973561, 'lda_s': 0.03167196646257207, 'lda_t': 5.784348026119477e-07}.
[I 2025-08-10 13:16:55,080] Trial 62 finished with values: [0.5594348237141165, 0.07222699914015478] and parameters: {'psi': 0.3449736620361541, 'lda_s': 0.014671953401494678, 'lda_t': 0.22573153808223886}.
[I 2025-08-10 13:17:03,195] Trial 63 finished with values: [0.8226689025909882, 0.16199376947040497] and parameters: {'psi': 0.0015942065936492833, 'lda_s': 0.8651967455830278, 'lda_t': 0.05131322906926275}.
[I 2025-08-10 13:17:11,349] Trial 64 finished with values: [0.8739189921389501, 0.17055510860820594] and parameters: {'psi': 0.8552757312019843, 'lda_s': 2.3525248687362755e-05, 'lda_t': 0.0002617527744947029}.
[I 2025-08-10 13:17:19,498] Trial 65 finished with values: [0.8736227523461567, 0.16559485530546625] and parameters: {'psi': 0.820728161359636, 'lda_s': 1.1236011679897662e-08, 'lda_t': 1.256410255345202e-07}.
[I 2025-08-10 13:17:27,647] Trial 66 finished with values: [0.6530353984354582, 0.11868484362469928] and parameters: {'psi': 0.33200831659076335, 'lda_s': 0.09597523208272987, 'lda_t': 0.22573153808223886}.
[I 2025-08-10 13:17:35,801] Trial 67 finished with values: [0.87504583342162, 0.2523364485981308] and parameters: {'psi': 0.3124976519900645, 'lda_s': 0.06676200993204745, 'lda_t': 2.0608717600423547e-07}.
[I 2025-08-10 13:17:43,957] Trial 68 finished with values: [0.8743848433389938, 0.1594896331738437] and parameters: {'psi': 0.7403344109894626, 'lda_s': 7.46628099225264e-08, 'lda_t': 0.00010023705900022999}.
[I 2025-08-10 13:17:52,100] Trial 69 finished with values: [0.8835495096807653, 0.1895093062605753] and parameters: {'psi': 0.12058140991248534, 'lda_s': 0.008799975201099978, 'lda_t': 0.0023445200650648807}.
[I 2025-08-10 13:18:00,247] Trial 70 finished with values: [0.8744708093824066, 0.1643598615916955] and parameters: {'psi': 0.12211287480998123, 'lda_s': 0.017896835696262686, 'lda_t': 5.784348026119477e-07}.
[I 2025-08-10 13:18:08,399] Trial 71 finished with values: [0.8852676197596785, 0.16878980891719744] and parameters: {'psi': 0.442435702018815, 'lda_s': 8.375457777930054e-08, 'lda_t': 0.0034316184541012024}.
[I 2025-08-10 13:18:16,530] Trial 72 finished with values: [0.881370088861848, 0.128099173553719] and parameters: {'psi': 0.8571868988157785, 'lda_s': 1.8207427892694776, 'lda_t': 0.00012185178722034408}.
[I 2025-08-10 13:18:24,772] Trial 73 finished with values: [0.8732546723856283, 0.1597444089456869] and parameters: {'psi': 0.46842055598471055, 'lda_s': 0.0011061276006463401, 'lda_t': 0.00012185178722034408}.
[I 2025-08-10 13:18:32,939] Trial 74 finished with values: [0.5362459879990595, 0.0903010033444816] and parameters: {'psi': 0.5895618908722406, 'lda_s': 0.06260224957506917, 'lda_t': 0.48536169691464753}.
[I 2025-08-10 13:18:41,099] Trial 75 finished with values: [0.8925477933868705, 0.18414731785428343] and parameters: {'psi': 0.664294735527595, 'lda_s': 0.0004669714439500553, 'lda_t': 0.00783404850550328}.
[I 2025-08-10 13:18:49,276] Trial 76 finished with values: [0.6607171505283583, 0.09645131938125569] and parameters: {'psi': 0.2380510267855448, 'lda_s': 0.00838158355821513, 'lda_t': 0.8722296453104954}.
[I 2025-08-10 13:18:57,425] Trial 77 finished with values: [0.8686656798733514, 0.16323296354992076] and parameters: {'psi': 0.03738867963404502, 'lda_s': 1.8677475474831563e-05, 'lda_t': 7.733663861822965e-06}.
[I 2025-08-10 13:19:05,579] Trial 78 finished with values: [0.8766416537768053, 0.16987179487179488] and parameters: {'psi': 0.7973186311062788, 'lda_s': 7.864204814017354e-07, 'lda_t': 0.0012182357627985657}.
[I 2025-08-10 13:19:13,719] Trial 79 finished with values: [0.9111923348962606, 0.3920863309352518] and parameters: {'psi': 0.2616388827611249, 'lda_s': 3.1975802364428186e-05, 'lda_t': 0.47551427256488094}.
[I 2025-08-10 13:19:21,867] Trial 80 finished with values: [0.8710621346821528, 0.3097238895558223] and parameters: {'psi': 0.9381006761962565, 'lda_s': 4.741756506189111, 'lda_t': 6.30460201857195e-05}.
[I 2025-08-10 13:19:30,008] Trial 81 finished with values: [0.9114967475171252, 0.31822070145423437] and parameters: {'psi': 0.664294735527595, 'lda_s': 0.0004669714439500553, 'lda_t': 0.029079463322949}.
[I 2025-08-10 13:19:38,143] Trial 82 finished with values: [0.8740489501951892, 0.1583531274742676] and parameters: {'psi': 0.2616388827611249, 'lda_s': 3.0465197777808793e-06, 'lda_t': 5.251893643375574e-05}.
[I 2025-08-10 13:19:46,289] Trial 83 finished with values: [0.8719818300879135, 0.16152019002375298] and parameters: {'psi': 0.07698627598214869, 'lda_s': 2.6479333795610832e-06, 'lda_t': 1.07901879911086e-08}.
[I 2025-08-10 13:19:54,401] Trial 84 finished with values: [0.8096773347297771, 0.2551834130781499] and parameters: {'psi': 0.0015942065936492833, 'lda_s': 8.375457777930054e-08, 'lda_t': 0.0025820104952397967}.
[I 2025-08-10 13:20:02,567] Trial 85 finished with values: [0.9143836729092947, 0.42613636363636365] and parameters: {'psi': 0.46842055598471055, 'lda_s': 1.9267118498980834e-08, 'lda_t': 0.0401483747292223}.
[I 2025-08-10 13:20:10,731] Trial 86 finished with values: [0.9277365604905311, 0.41354723707664887] and parameters: {'psi': 0.7973186311062788, 'lda_s': 1.7335752445640676e-06, 'lda_t': 0.6610713712801097}.
[I 2025-08-10 13:20:18,893] Trial 87 finished with values: [0.9106194297383987, 0.4148148148148148] and parameters: {'psi': 0.2616388827611249, 'lda_s': 3.0465197777808793e-06, 'lda_t': 0.028841488794029146}.
[I 2025-08-10 13:20:27,049] Trial 88 finished with values: [0.8742935296426456, 0.1589825119236884] and parameters: {'psi': 0.664294735527595, 'lda_s': 2.7740939666001468e-05, 'lda_t': 5.251893643375574e-05}.
[I 2025-08-10 13:20:35,209] Trial 89 finished with values: [0.8860354620018989, 0.1634695579649708] and parameters: {'psi': 0.719718450021276, 'lda_s': 0.017896835696262686, 'lda_t': 5.251893643375574e-05}.
[I 2025-08-10 13:20:43,375] Trial 90 finished with values: [0.8736126624349579, 0.15384615384615385] and parameters: {'psi': 0.2616388827611249, 'lda_s': 0.08490935497389238, 'lda_t': 0.00013102826040140136}.
[I 2025-08-10 13:20:51,548] Trial 91 finished with values: [0.9322092163266871, 0.44424131627056673] and parameters: {'psi': 0.9187045762548449, 'lda_s': 6.258782036263906e-07, 'lda_t': 1.0582592341480719}.
[I 2025-08-10 13:20:59,692] Trial 92 finished with values: [0.874198179981818, 0.1703958691910499] and parameters: {'psi': 0.12058140991248534, 'lda_s': 0.011406768455505095, 'lda_t': 2.151432870899864e-07}.
[I 2025-08-10 13:21:07,862] Trial 93 finished with values: [0.7862451303566078, 0.06925675675675676] and parameters: {'psi': 0.21702430261954142, 'lda_s': 0.23413542035154367, 'lda_t': 0.029079463322949}.
[I 2025-08-10 13:21:16,021] Trial 94 finished with values: [0.8765675938286067, 0.20728291316526612] and parameters: {'psi': 0.19141380472606295, 'lda_s': 1.8207427892694776, 'lda_t': 0.000986050004642555}.
[I 2025-08-10 13:21:24,179] Trial 95 finished with values: [0.8741917224386507, 0.15714285714285714] and parameters: {'psi': 0.6409294035494573, 'lda_s': 6.715368268152351e-08, 'lda_t': 5.867138166490221e-07}.
[I 2025-08-10 13:21:32,335] Trial 96 finished with values: [0.932980892735163, 0.4397810218978102] and parameters: {'psi': 0.9371542630142747, 'lda_s': 4.546645371316671e-06, 'lda_t': 8.84650593803613}.
[I 2025-08-10 13:21:40,567] Trial 97 finished with values: [0.8738499771463509, 0.15822784810126583] and parameters: {'psi': 0.34121473841324756, 'lda_s': 1.1236011679897662e-08, 'lda_t': 2.651187096322643e-07}.
[I 2025-08-10 13:21:48,741] Trial 98 finished with values: [0.8776408576828115, 0.1616] and parameters: {'psi': 0.44615537390369786, 'lda_s': 0.002101761065660397, 'lda_t': 0.001070863249402566}.
[I 2025-08-10 13:21:56,898] Trial 99 finished with values: [0.8754664818194935, 0.1913499344692005] and parameters: {'psi': 0.3124976519900645, 'lda_s': 0.8651967455830278, 'lda_t': 2.410561980326035e-05}.
