[I 2025-08-10 13:08:20,035] A new study created in memory with name: no-name-17639016-f8ad-40c4-a1f5-8489faa6cf4f
Mode-0 approx rank: 4/38
Estimated noise variance from mode-0: 0.0
Mode-1 approx rank: 6/17
Estimated noise variance from mode-1: 0.0012654655024106284
Mode-2 approx rank: 6/24
Estimated noise variance from mode-2: 0.0015011114857516104
Mode-3 approx rank: 2/60
Estimated noise variance from mode-3: 0.0004940399223134295
  0%|          | 0/100 [00:00<?, ?it/s]/mnt/ffs24/home/mondalra/Anomaly_Detection/src/proximal_ops/prox_overlapping_grouped_l21.py:405: UserWarning: Sparse CSR tensor support is in beta state. If you miss a functionality in the sparse tensor support, please submit a feature request to https://github.com/pytorch/pytorch/issues. (Triggered internally at /home/conda/feedstock_root/build_artifacts/libtorch_1742922447420/work/aten/src/ATen/SparseCsrTensorImpl.cpp:53.)
  G_ind = torch.sparse_csr_tensor(A_r.indptr, A_r.indices, A_r.data, device=device, dtype=dtype)
                                         0%|          | 0/100 [00:09<?, ?it/s]  1%|          | 1/100 [00:09<15:40,  9.50s/it]                                                 1%|          | 1/100 [00:17<15:40,  9.50s/it]  2%|▏         | 2/100 [00:17<14:13,  8.71s/it]                                                 2%|▏         | 2/100 [00:25<14:13,  8.71s/it]  3%|▎         | 3/100 [00:25<13:39,  8.45s/it]                                                 3%|▎         | 3/100 [00:33<13:39,  8.45s/it]  4%|▍         | 4/100 [00:33<13:19,  8.33s/it]                                                 4%|▍         | 4/100 [00:42<13:19,  8.33s/it]  5%|▌         | 5/100 [00:42<13:04,  8.26s/it]                                                 5%|▌         | 5/100 [00:50<13:04,  8.26s/it]  6%|▌         | 6/100 [00:50<12:52,  8.22s/it]                                                 6%|▌         | 6/100 [00:58<12:52,  8.22s/it]  7%|▋         | 7/100 [00:58<12:41,  8.19s/it]                                                 7%|▋         | 7/100 [01:06<12:41,  8.19s/it]  8%|▊         | 8/100 [01:06<12:31,  8.17s/it]                                                 8%|▊         | 8/100 [01:14<12:31,  8.17s/it]  9%|▉         | 9/100 [01:14<12:23,  8.17s/it]                                                 9%|▉         | 9/100 [01:22<12:23,  8.17s/it] 10%|█         | 10/100 [01:22<12:14,  8.16s/it]                                                 10%|█         | 10/100 [01:30<12:14,  8.16s/it] 11%|█         | 11/100 [01:30<12:06,  8.16s/it]                                                 11%|█         | 11/100 [01:39<12:06,  8.16s/it] 12%|█▏        | 12/100 [01:39<11:57,  8.16s/it]                                                 12%|█▏        | 12/100 [01:47<11:57,  8.16s/it] 13%|█▎        | 13/100 [01:47<11:49,  8.16s/it]                                                 13%|█▎        | 13/100 [01:55<11:49,  8.16s/it] 14%|█▍        | 14/100 [01:55<11:41,  8.15s/it]                                                 14%|█▍        | 14/100 [02:03<11:41,  8.15s/it] 15%|█▌        | 15/100 [02:03<11:32,  8.15s/it]                                                 15%|█▌        | 15/100 [02:11<11:32,  8.15s/it] 16%|█▌        | 16/100 [02:11<11:23,  8.14s/it]                                                 16%|█▌        | 16/100 [02:19<11:23,  8.14s/it] 17%|█▋        | 17/100 [02:19<11:16,  8.15s/it]                                                 17%|█▋        | 17/100 [02:27<11:16,  8.15s/it] 18%|█▊        | 18/100 [02:27<11:08,  8.15s/it]                                                 18%|█▊        | 18/100 [02:36<11:08,  8.15s/it] 19%|█▉        | 19/100 [02:36<11:00,  8.15s/it]                                                 19%|█▉        | 19/100 [02:44<11:00,  8.15s/it] 20%|██        | 20/100 [02:44<10:52,  8.15s/it]                                                 20%|██        | 20/100 [02:52<10:52,  8.15s/it] 21%|██        | 21/100 [02:52<10:43,  8.14s/it]                                                 21%|██        | 21/100 [03:00<10:43,  8.14s/it] 22%|██▏       | 22/100 [03:00<10:35,  8.15s/it]                                                 22%|██▏       | 22/100 [03:08<10:35,  8.15s/it] 23%|██▎       | 23/100 [03:08<10:27,  8.15s/it]                                                 23%|██▎       | 23/100 [03:16<10:27,  8.15s/it] 24%|██▍       | 24/100 [03:16<10:19,  8.15s/it]                                                 24%|██▍       | 24/100 [03:25<10:19,  8.15s/it] 25%|██▌       | 25/100 [03:25<10:11,  8.15s/it]                                                 25%|██▌       | 25/100 [03:33<10:11,  8.15s/it] 26%|██▌       | 26/100 [03:33<10:05,  8.18s/it]                                                 26%|██▌       | 26/100 [03:41<10:05,  8.18s/it] 27%|██▋       | 27/100 [03:41<09:57,  8.18s/it]                                                 27%|██▋       | 27/100 [03:49<09:57,  8.18s/it] 28%|██▊       | 28/100 [03:49<09:48,  8.17s/it]                                                 28%|██▊       | 28/100 [03:57<09:48,  8.17s/it] 29%|██▉       | 29/100 [03:57<09:39,  8.17s/it]                                                 29%|██▉       | 29/100 [04:05<09:39,  8.17s/it] 30%|███       | 30/100 [04:05<09:31,  8.16s/it]                                                 30%|███       | 30/100 [04:14<09:31,  8.16s/it] 31%|███       | 31/100 [04:14<09:23,  8.16s/it]                                                 31%|███       | 31/100 [04:22<09:23,  8.16s/it] 32%|███▏      | 32/100 [04:22<09:14,  8.16s/it]                                                 32%|███▏      | 32/100 [04:30<09:14,  8.16s/it] 33%|███▎      | 33/100 [04:30<09:06,  8.16s/it]                                                 33%|███▎      | 33/100 [04:38<09:06,  8.16s/it] 34%|███▍      | 34/100 [04:38<08:58,  8.16s/it]                                                 34%|███▍      | 34/100 [04:46<08:58,  8.16s/it] 35%|███▌      | 35/100 [04:46<08:50,  8.16s/it]                                                 35%|███▌      | 35/100 [04:54<08:50,  8.16s/it] 36%|███▌      | 36/100 [04:54<08:41,  8.15s/it]                                                 36%|███▌      | 36/100 [05:03<08:41,  8.15s/it] 37%|███▋      | 37/100 [05:03<08:33,  8.15s/it]                                                 37%|███▋      | 37/100 [05:11<08:33,  8.15s/it] 38%|███▊      | 38/100 [05:11<08:25,  8.15s/it]                                                 38%|███▊      | 38/100 [05:19<08:25,  8.15s/it] 39%|███▉      | 39/100 [05:19<08:17,  8.15s/it]                                                 39%|███▉      | 39/100 [05:27<08:17,  8.15s/it] 40%|████      | 40/100 [05:27<08:09,  8.16s/it]                                                 40%|████      | 40/100 [05:35<08:09,  8.16s/it] 41%|████      | 41/100 [05:35<08:01,  8.16s/it]                                                 41%|████      | 41/100 [05:43<08:01,  8.16s/it] 42%|████▏     | 42/100 [05:43<07:53,  8.16s/it]                                                 42%|████▏     | 42/100 [05:51<07:53,  8.16s/it] 43%|████▎     | 43/100 [05:51<07:44,  8.15s/it]                                                 43%|████▎     | 43/100 [06:00<07:44,  8.15s/it] 44%|████▍     | 44/100 [06:00<07:36,  8.16s/it]                                                 44%|████▍     | 44/100 [06:08<07:36,  8.16s/it] 45%|████▌     | 45/100 [06:08<07:28,  8.16s/it]                                                 45%|████▌     | 45/100 [06:16<07:28,  8.16s/it] 46%|████▌     | 46/100 [06:16<07:20,  8.15s/it]                                                 46%|████▌     | 46/100 [06:24<07:20,  8.15s/it] 47%|████▋     | 47/100 [06:24<07:12,  8.16s/it]                                                 47%|████▋     | 47/100 [06:32<07:12,  8.16s/it] 48%|████▊     | 48/100 [06:32<07:04,  8.16s/it]                                                 48%|████▊     | 48/100 [06:40<07:04,  8.16s/it] 49%|████▉     | 49/100 [06:40<06:56,  8.16s/it]                                                 49%|████▉     | 49/100 [06:49<06:56,  8.16s/it] 50%|█████     | 50/100 [06:49<06:49,  8.18s/it]                                                 50%|█████     | 50/100 [06:57<06:49,  8.18s/it] 51%|█████     | 51/100 [06:57<06:40,  8.17s/it]                                                 51%|█████     | 51/100 [07:05<06:40,  8.17s/it] 52%|█████▏    | 52/100 [07:05<06:31,  8.16s/it]                                                 52%|█████▏    | 52/100 [07:13<06:31,  8.16s/it] 53%|█████▎    | 53/100 [07:13<06:23,  8.16s/it]                                                 53%|█████▎    | 53/100 [07:21<06:23,  8.16s/it] 54%|█████▍    | 54/100 [07:21<06:15,  8.15s/it]                                                 54%|█████▍    | 54/100 [07:29<06:15,  8.15s/it] 55%|█████▌    | 55/100 [07:29<06:06,  8.15s/it]                                                 55%|█████▌    | 55/100 [07:38<06:06,  8.15s/it] 56%|█████▌    | 56/100 [07:38<05:58,  8.15s/it]                                                 56%|█████▌    | 56/100 [07:46<05:58,  8.15s/it] 57%|█████▋    | 57/100 [07:46<05:50,  8.15s/it]                                                 57%|█████▋    | 57/100 [07:54<05:50,  8.15s/it] 58%|█████▊    | 58/100 [07:54<05:42,  8.14s/it]                                                 58%|█████▊    | 58/100 [08:02<05:42,  8.14s/it] 59%|█████▉    | 59/100 [08:02<05:33,  8.15s/it]                                                 59%|█████▉    | 59/100 [08:10<05:33,  8.15s/it] 60%|██████    | 60/100 [08:10<05:25,  8.15s/it]                                                 60%|██████    | 60/100 [08:18<05:25,  8.15s/it] 61%|██████    | 61/100 [08:18<05:17,  8.15s/it]                                                 61%|██████    | 61/100 [08:26<05:17,  8.15s/it] 62%|██████▏   | 62/100 [08:26<05:09,  8.15s/it]                                                 62%|██████▏   | 62/100 [08:35<05:09,  8.15s/it] 63%|██████▎   | 63/100 [08:35<05:01,  8.15s/it]                                                 63%|██████▎   | 63/100 [08:43<05:01,  8.15s/it] 64%|██████▍   | 64/100 [08:43<04:53,  8.14s/it]                                                 64%|██████▍   | 64/100 [08:51<04:53,  8.14s/it] 65%|██████▌   | 65/100 [08:51<04:45,  8.15s/it]                                                 65%|██████▌   | 65/100 [08:59<04:45,  8.15s/it] 66%|██████▌   | 66/100 [08:59<04:36,  8.15s/it]                                                 66%|██████▌   | 66/100 [09:07<04:36,  8.15s/it] 67%|██████▋   | 67/100 [09:07<04:28,  8.15s/it]                                                 67%|██████▋   | 67/100 [09:15<04:28,  8.15s/it] 68%|██████▊   | 68/100 [09:15<04:20,  8.15s/it]                                                 68%|██████▊   | 68/100 [09:23<04:20,  8.15s/it] 69%|██████▉   | 69/100 [09:23<04:12,  8.15s/it]                                                 69%|██████▉   | 69/100 [09:32<04:12,  8.15s/it] 70%|███████   | 70/100 [09:32<04:04,  8.15s/it]                                                 70%|███████   | 70/100 [09:40<04:04,  8.15s/it] 71%|███████   | 71/100 [09:40<03:56,  8.15s/it]                                                 71%|███████   | 71/100 [09:48<03:56,  8.15s/it] 72%|███████▏  | 72/100 [09:48<03:48,  8.15s/it]                                                 72%|███████▏  | 72/100 [09:56<03:48,  8.15s/it] 73%|███████▎  | 73/100 [09:56<03:39,  8.14s/it]                                                 73%|███████▎  | 73/100 [10:04<03:39,  8.14s/it] 74%|███████▍  | 74/100 [10:04<03:32,  8.17s/it]                                                 74%|███████▍  | 74/100 [10:12<03:32,  8.17s/it] 75%|███████▌  | 75/100 [10:12<03:24,  8.17s/it]                                                 75%|███████▌  | 75/100 [10:21<03:24,  8.17s/it] 76%|███████▌  | 76/100 [10:21<03:16,  8.17s/it]                                                 76%|███████▌  | 76/100 [10:29<03:16,  8.17s/it] 77%|███████▋  | 77/100 [10:29<03:07,  8.17s/it]                                                 77%|███████▋  | 77/100 [10:37<03:07,  8.17s/it] 78%|███████▊  | 78/100 [10:37<02:59,  8.16s/it]                                                 78%|███████▊  | 78/100 [10:45<02:59,  8.16s/it] 79%|███████▉  | 79/100 [10:45<02:51,  8.16s/it]                                                 79%|███████▉  | 79/100 [10:53<02:51,  8.16s/it] 80%|████████  | 80/100 [10:53<02:43,  8.15s/it]                                                 80%|████████  | 80/100 [11:01<02:43,  8.15s/it] 81%|████████  | 81/100 [11:01<02:34,  8.15s/it]                                                 81%|████████  | 81/100 [11:09<02:34,  8.15s/it] 82%|████████▏ | 82/100 [11:09<02:26,  8.15s/it]                                                 82%|████████▏ | 82/100 [11:18<02:26,  8.15s/it] 83%|████████▎ | 83/100 [11:18<02:18,  8.15s/it]                                                 83%|████████▎ | 83/100 [11:26<02:18,  8.15s/it] 84%|████████▍ | 84/100 [11:26<02:10,  8.15s/it]                                                 84%|████████▍ | 84/100 [11:34<02:10,  8.15s/it] 85%|████████▌ | 85/100 [11:34<02:02,  8.14s/it]                                                 85%|████████▌ | 85/100 [11:42<02:02,  8.14s/it] 86%|████████▌ | 86/100 [11:42<01:54,  8.14s/it]                                                 86%|████████▌ | 86/100 [11:50<01:54,  8.14s/it] 87%|████████▋ | 87/100 [11:50<01:45,  8.15s/it]                                                 87%|████████▋ | 87/100 [11:58<01:45,  8.15s/it] 88%|████████▊ | 88/100 [11:58<01:37,  8.15s/it]                                                 88%|████████▊ | 88/100 [12:07<01:37,  8.15s/it] 89%|████████▉ | 89/100 [12:07<01:29,  8.15s/it]                                                 89%|████████▉ | 89/100 [12:15<01:29,  8.15s/it] 90%|█████████ | 90/100 [12:15<01:21,  8.16s/it]                                                 90%|█████████ | 90/100 [12:23<01:21,  8.16s/it] 91%|█████████ | 91/100 [12:23<01:13,  8.16s/it]                                                 91%|█████████ | 91/100 [12:31<01:13,  8.16s/it] 92%|█████████▏| 92/100 [12:31<01:05,  8.16s/it]                                                 92%|█████████▏| 92/100 [12:39<01:05,  8.16s/it] 93%|█████████▎| 93/100 [12:39<00:57,  8.16s/it]                                                 93%|█████████▎| 93/100 [12:47<00:57,  8.16s/it] 94%|█████████▍| 94/100 [12:47<00:48,  8.16s/it]                                                 94%|█████████▍| 94/100 [12:55<00:48,  8.16s/it] 95%|█████████▌| 95/100 [12:55<00:40,  8.16s/it]                                                 95%|█████████▌| 95/100 [13:04<00:40,  8.16s/it] 96%|█████████▌| 96/100 [13:04<00:32,  8.16s/it]                                                 96%|█████████▌| 96/100 [13:12<00:32,  8.16s/it] 97%|█████████▋| 97/100 [13:12<00:24,  8.16s/it]                                                 97%|█████████▋| 97/100 [13:20<00:24,  8.16s/it] 98%|█████████▊| 98/100 [13:20<00:16,  8.18s/it]                                                 98%|█████████▊| 98/100 [13:28<00:16,  8.18s/it] 99%|█████████▉| 99/100 [13:28<00:08,  8.18s/it]                                                 99%|█████████▉| 99/100 [13:36<00:08,  8.18s/it]100%|██████████| 100/100 [13:36<00:00,  8.17s/it]100%|██████████| 100/100 [13:36<00:00,  8.17s/it]
[I 2025-08-10 13:08:29,534] Trial 0 finished with values: [0.7900457981069309, 0.13943028485757122] and parameters: {'psi': 0.5039083610480644, 'lda_s': 0.06245267138553865, 'lda_t': 0.03627196748076278}.
[I 2025-08-10 13:08:37,698] Trial 1 finished with values: [0.8719818300879135, 0.16152019002375298] and parameters: {'psi': 0.07698627598214869, 'lda_s': 2.6479333795610832e-06, 'lda_t': 1.07901879911086e-08}.
[I 2025-08-10 13:08:45,831] Trial 2 finished with values: [0.8738084067122126, 0.1570182394924663] and parameters: {'psi': 0.438095756072741, 'lda_s': 5.653786939689053e-05, 'lda_t': 6.717250987193961e-08}.
[I 2025-08-10 13:08:53,971] Trial 3 finished with values: [0.8539990858540454, 0.11526794742163801] and parameters: {'psi': 0.7832131596000176, 'lda_s': 7.602018207874386, 'lda_t': 0.0071086409105045835}.
[I 2025-08-10 13:09:02,121] Trial 4 finished with values: [0.9322089136293511, 0.44424131627056673] and parameters: {'psi': 0.9187045762548449, 'lda_s': 7.589208099894439e-07, 'lda_t': 1.0582592341480719}.
[I 2025-08-10 13:09:10,266] Trial 5 finished with values: [0.8714493854739584, 0.1648177496038035] and parameters: {'psi': 0.05013145037121902, 'lda_s': 2.7740939666001468e-05, 'lda_t': 5.251893643375574e-05}.
[I 2025-08-10 13:09:18,390] Trial 6 finished with values: [0.872370190769951, 0.1616] and parameters: {'psi': 0.5059681176598371, 'lda_s': 0.0032495849530482135, 'lda_t': 4.718907133091417e-07}.
[I 2025-08-10 13:09:26,516] Trial 7 finished with values: [0.8794525012385367, 0.2700228832951945] and parameters: {'psi': 0.38326792013824507, 'lda_s': 0.17488525951313455, 'lda_t': 0.0034316184541012024}.
[I 2025-08-10 13:09:34,672] Trial 8 finished with values: [0.9079055463232869, 0.2816666666666667] and parameters: {'psi': 0.20540154769795627, 'lda_s': 5.550995714216229e-06, 'lda_t': 0.2742860262861961}.
[I 2025-08-10 13:09:42,824] Trial 9 finished with values: [0.8741925296315467, 0.15714285714285714] and parameters: {'psi': 0.6283366286146003, 'lda_s': 1.252845036826262e-08, 'lda_t': 1.125020676330166e-07}.
[I 2025-08-10 13:09:50,982] Trial 10 finished with values: [0.8768709974583515, 0.16310372129849565] and parameters: {'psi': 0.13110064160843138, 'lda_s': 7.719155585755388e-06, 'lda_t': 0.0003478810750813145}.
[I 2025-08-10 13:09:59,136] Trial 11 finished with values: [0.872870650365406, 0.1648] and parameters: {'psi': 0.9381006761962565, 'lda_s': 2.0166927479240254e-07, 'lda_t': 5.468883398790163e-06}.
[I 2025-08-10 13:10:07,286] Trial 12 finished with values: [0.9342628159529568, 0.4373284537968893] and parameters: {'psi': 0.9566662245761355, 'lda_s': 0.0009145949204693349, 'lda_t': 2.743466993371911}.
[I 2025-08-10 13:10:15,436] Trial 13 finished with values: [0.874282935235887, 0.15689381933438987] and parameters: {'psi': 0.442435702018815, 'lda_s': 8.375457777930054e-08, 'lda_t': 6.30460201857195e-05}.
[I 2025-08-10 13:10:23,572] Trial 14 finished with values: [0.8739213128185259, 0.1583531274742676] and parameters: {'psi': 0.39478355259374465, 'lda_s': 4.31428766923504e-06, 'lda_t': 3.175443093380196e-07}.
[I 2025-08-10 13:10:31,701] Trial 15 finished with values: [0.8736687623412227, 0.1583531274742676] and parameters: {'psi': 0.2616388827611249, 'lda_s': 3.0465197777808793e-06, 'lda_t': 9.96159643215273e-08}.
[I 2025-08-10 13:10:39,865] Trial 16 finished with values: [0.8754664818194935, 0.1913499344692005] and parameters: {'psi': 0.3124976519900645, 'lda_s': 0.8651967455830278, 'lda_t': 2.410561980326035e-05}.
[I 2025-08-10 13:10:48,011] Trial 17 finished with values: [0.8877401524989179, 0.14124293785310735] and parameters: {'psi': 0.5552111679410591, 'lda_s': 0.10269011362138707, 'lda_t': 1.6930504018768194e-08}.
[I 2025-08-10 13:10:56,173] Trial 18 finished with values: [0.9152409117647357, 0.4126126126126126] and parameters: {'psi': 0.3449736620361541, 'lda_s': 2.3525248687362755e-05, 'lda_t': 0.22573153808223886}.
[I 2025-08-10 13:11:04,326] Trial 19 finished with values: [0.8850107306205599, 0.19024780175859313] and parameters: {'psi': 0.07404513812387115, 'lda_s': 1.3024197522112604e-08, 'lda_t': 0.8722296453104954}.
[I 2025-08-10 13:11:12,448] Trial 20 finished with values: [0.8916663387445527, 0.2644808743169399] and parameters: {'psi': 0.7849533171962766, 'lda_s': 0.06676200993204745, 'lda_t': 0.0002617527744947029}.
[I 2025-08-10 13:11:20,604] Trial 21 finished with values: [0.931408581873071, 0.4426078971533517] and parameters: {'psi': 0.8948491704973561, 'lda_s': 3.9568751149918325e-05, 'lda_t': 1.0143543008150195}.
[I 2025-08-10 13:11:28,753] Trial 22 finished with values: [0.8766395348954533, 0.16987179487179488] and parameters: {'psi': 0.7973186311062788, 'lda_s': 1.7335752445640676e-06, 'lda_t': 0.0012182357627985657}.
[I 2025-08-10 13:11:36,915] Trial 23 finished with values: [0.5371593267607652, 0.03851851851851852] and parameters: {'psi': 0.8353633990820426, 'lda_s': 0.48498569186866486, 'lda_t': 0.7622182592244984}.
[I 2025-08-10 13:11:45,056] Trial 24 finished with values: [0.7843526666121813, 0.12815884476534295] and parameters: {'psi': 0.14927775734611326, 'lda_s': 0.002101761065660397, 'lda_t': 0.7779686897499287}.
[I 2025-08-10 13:11:53,325] Trial 25 finished with values: [0.8683695409796698, 0.16310372129849565] and parameters: {'psi': 0.03738867963404502, 'lda_s': 1.8677475474831563e-05, 'lda_t': 2.651187096322643e-07}.
[I 2025-08-10 13:12:01,497] Trial 26 finished with values: [0.7290807384604209, 0.12099644128113879] and parameters: {'psi': 0.1419324371573012, 'lda_s': 0.0034745138505730138, 'lda_t': 1.1543159892565604}.
[I 2025-08-10 13:12:09,654] Trial 27 finished with values: [0.8708864693281834, 0.1826163301141352] and parameters: {'psi': 0.283574373950946, 'lda_s': 0.018679042335261437, 'lda_t': 9.255943073013871e-08}.
[I 2025-08-10 13:12:17,808] Trial 28 finished with values: [0.8745038033920264, 0.15748031496062992] and parameters: {'psi': 0.12325100301105962, 'lda_s': 1.3374191649332654, 'lda_t': 7.022264785450224e-08}.
