[I 2025-08-10 12:57:16,735] A new study created in memory with name: no-name-512e995c-e5dd-4246-8526-faea2e632740
Mode-0 approx rank: 2/38
Estimated noise variance from mode-0: 0.0
Mode-1 approx rank: 1/17
Estimated noise variance from mode-1: 0.00020896261519053508
Mode-2 approx rank: 2/24
Estimated noise variance from mode-2: 0.00012776076260074702
Mode-3 approx rank: 1/60
Estimated noise variance from mode-3: 9.878662614225463e-05
  0%|          | 0/100 [00:00<?, ?it/s]/mnt/ffs24/home/mondalra/Anomaly_Detection/src/proximal_ops/prox_overlapping_grouped_l21.py:405: UserWarning: Sparse CSR tensor support is in beta state. If you miss a functionality in the sparse tensor support, please submit a feature request to https://github.com/pytorch/pytorch/issues. (Triggered internally at /home/conda/feedstock_root/build_artifacts/libtorch_1742922447420/work/aten/src/ATen/SparseCsrTensorImpl.cpp:53.)
  G_ind = torch.sparse_csr_tensor(A_r.indptr, A_r.indices, A_r.data, device=device, dtype=dtype)
                                         0%|          | 0/100 [00:07<?, ?it/s]  1%|          | 1/100 [00:07<12:56,  7.84s/it]                                                 1%|          | 1/100 [00:13<12:56,  7.84s/it]  2%|▏         | 2/100 [00:13<10:44,  6.58s/it]                                                 2%|▏         | 2/100 [00:19<10:44,  6.58s/it]  3%|▎         | 3/100 [00:19<10:00,  6.19s/it]                                                 3%|▎         | 3/100 [00:24<10:00,  6.19s/it]  4%|▍         | 4/100 [00:24<09:35,  5.99s/it]                                                 4%|▍         | 4/100 [00:30<09:35,  5.99s/it]  5%|▌         | 5/100 [00:30<09:19,  5.89s/it]                                                 5%|▌         | 5/100 [00:36<09:19,  5.89s/it]  6%|▌         | 6/100 [00:36<09:07,  5.83s/it]                                                 6%|▌         | 6/100 [00:42<09:07,  5.83s/it]  7%|▋         | 7/100 [00:42<08:57,  5.78s/it]                                                 7%|▋         | 7/100 [00:47<08:57,  5.78s/it]  8%|▊         | 8/100 [00:47<08:49,  5.75s/it]                                                 8%|▊         | 8/100 [00:53<08:49,  5.75s/it]  9%|▉         | 9/100 [00:53<08:41,  5.73s/it]                                                 9%|▉         | 9/100 [00:59<08:41,  5.73s/it] 10%|█         | 10/100 [00:59<08:34,  5.72s/it]                                                 10%|█         | 10/100 [01:04<08:34,  5.72s/it] 11%|█         | 11/100 [01:04<08:28,  5.71s/it]                                                 11%|█         | 11/100 [01:10<08:28,  5.71s/it] 12%|█▏        | 12/100 [01:10<08:21,  5.70s/it]                                                 12%|█▏        | 12/100 [01:16<08:21,  5.70s/it] 13%|█▎        | 13/100 [01:16<08:15,  5.70s/it]                                                 13%|█▎        | 13/100 [01:21<08:15,  5.70s/it] 14%|█▍        | 14/100 [01:21<08:09,  5.69s/it]                                                 14%|█▍        | 14/100 [01:27<08:09,  5.69s/it] 15%|█▌        | 15/100 [01:27<08:04,  5.70s/it]                                                 15%|█▌        | 15/100 [01:33<08:04,  5.70s/it] 16%|█▌        | 16/100 [01:33<07:58,  5.70s/it]                                                 16%|█▌        | 16/100 [01:38<07:58,  5.70s/it] 17%|█▋        | 17/100 [01:38<07:52,  5.69s/it]                                                 17%|█▋        | 17/100 [01:44<07:52,  5.69s/it] 18%|█▊        | 18/100 [01:44<07:46,  5.69s/it]                                                 18%|█▊        | 18/100 [01:50<07:46,  5.69s/it] 19%|█▉        | 19/100 [01:50<07:41,  5.69s/it]                                                 19%|█▉        | 19/100 [01:56<07:41,  5.69s/it] 20%|██        | 20/100 [01:56<07:35,  5.69s/it]                                                 20%|██        | 20/100 [02:01<07:35,  5.69s/it] 21%|██        | 21/100 [02:01<07:29,  5.69s/it]                                                 21%|██        | 21/100 [02:07<07:29,  5.69s/it] 22%|██▏       | 22/100 [02:07<07:23,  5.69s/it]                                                 22%|██▏       | 22/100 [02:13<07:23,  5.69s/it] 23%|██▎       | 23/100 [02:13<07:17,  5.69s/it]                                                 23%|██▎       | 23/100 [02:18<07:17,  5.69s/it] 24%|██▍       | 24/100 [02:18<07:12,  5.69s/it]                                                 24%|██▍       | 24/100 [02:24<07:12,  5.69s/it] 25%|██▌       | 25/100 [02:24<07:06,  5.69s/it]                                                 25%|██▌       | 25/100 [02:30<07:06,  5.69s/it] 26%|██▌       | 26/100 [02:30<07:03,  5.72s/it]                                                 26%|██▌       | 26/100 [02:35<07:03,  5.72s/it] 27%|██▋       | 27/100 [02:35<06:56,  5.71s/it]                                                 27%|██▋       | 27/100 [02:41<06:56,  5.71s/it] 28%|██▊       | 28/100 [02:41<06:50,  5.70s/it]                                                 28%|██▊       | 28/100 [02:47<06:50,  5.70s/it] 29%|██▉       | 29/100 [02:47<06:44,  5.70s/it]                                                 29%|██▉       | 29/100 [02:53<06:44,  5.70s/it] 30%|███       | 30/100 [02:53<06:38,  5.70s/it]                                                 30%|███       | 30/100 [02:58<06:38,  5.70s/it] 31%|███       | 31/100 [02:58<06:32,  5.69s/it]                                                 31%|███       | 31/100 [03:04<06:32,  5.69s/it] 32%|███▏      | 32/100 [03:04<06:27,  5.69s/it]                                                 32%|███▏      | 32/100 [03:10<06:27,  5.69s/it] 33%|███▎      | 33/100 [03:10<06:20,  5.69s/it]                                                 33%|███▎      | 33/100 [03:15<06:20,  5.69s/it] 34%|███▍      | 34/100 [03:15<06:15,  5.68s/it]                                                 34%|███▍      | 34/100 [03:21<06:15,  5.68s/it] 35%|███▌      | 35/100 [03:21<06:09,  5.69s/it]                                                 35%|███▌      | 35/100 [03:27<06:09,  5.69s/it] 36%|███▌      | 36/100 [03:27<06:04,  5.69s/it]                                                 36%|███▌      | 36/100 [03:32<06:04,  5.69s/it] 37%|███▋      | 37/100 [03:32<05:58,  5.69s/it]                                                 37%|███▋      | 37/100 [03:38<05:58,  5.69s/it] 38%|███▊      | 38/100 [03:38<05:52,  5.69s/it]                                                 38%|███▊      | 38/100 [03:44<05:52,  5.69s/it] 39%|███▉      | 39/100 [03:44<05:46,  5.69s/it]                                                 39%|███▉      | 39/100 [03:49<05:46,  5.69s/it] 40%|████      | 40/100 [03:49<05:41,  5.69s/it]                                                 40%|████      | 40/100 [03:55<05:41,  5.69s/it] 41%|████      | 41/100 [03:55<05:35,  5.69s/it]                                                 41%|████      | 41/100 [04:01<05:35,  5.69s/it] 42%|████▏     | 42/100 [04:01<05:30,  5.69s/it]                                                 42%|████▏     | 42/100 [04:06<05:30,  5.69s/it] 43%|████▎     | 43/100 [04:06<05:24,  5.69s/it]                                                 43%|████▎     | 43/100 [04:12<05:24,  5.69s/it] 44%|████▍     | 44/100 [04:12<05:18,  5.69s/it]                                                 44%|████▍     | 44/100 [04:18<05:18,  5.69s/it] 45%|████▌     | 45/100 [04:18<05:12,  5.69s/it]                                                 45%|████▌     | 45/100 [04:24<05:12,  5.69s/it] 46%|████▌     | 46/100 [04:24<05:07,  5.69s/it]                                                 46%|████▌     | 46/100 [04:29<05:07,  5.69s/it] 47%|████▋     | 47/100 [04:29<05:01,  5.69s/it]                                                 47%|████▋     | 47/100 [04:35<05:01,  5.69s/it] 48%|████▊     | 48/100 [04:35<04:55,  5.69s/it]                                                 48%|████▊     | 48/100 [04:41<04:55,  5.69s/it] 49%|████▉     | 49/100 [04:41<04:50,  5.69s/it]                                                 49%|████▉     | 49/100 [04:46<04:50,  5.69s/it] 50%|█████     | 50/100 [04:46<04:46,  5.72s/it]                                                 50%|█████     | 50/100 [04:52<04:46,  5.72s/it] 51%|█████     | 51/100 [04:52<04:40,  5.72s/it]                                                 51%|█████     | 51/100 [04:58<04:40,  5.72s/it] 52%|█████▏    | 52/100 [04:58<04:34,  5.71s/it]                                                 52%|█████▏    | 52/100 [05:03<04:34,  5.71s/it] 53%|█████▎    | 53/100 [05:03<04:28,  5.70s/it]                                                 53%|█████▎    | 53/100 [05:09<04:28,  5.70s/it] 54%|█████▍    | 54/100 [05:09<04:22,  5.70s/it]                                                 54%|█████▍    | 54/100 [05:15<04:22,  5.70s/it] 55%|█████▌    | 55/100 [05:15<04:16,  5.69s/it]                                                 55%|█████▌    | 55/100 [05:21<04:16,  5.69s/it] 56%|█████▌    | 56/100 [05:21<04:10,  5.69s/it]                                                 56%|█████▌    | 56/100 [05:26<04:10,  5.69s/it] 57%|█████▋    | 57/100 [05:26<04:04,  5.69s/it]                                                 57%|█████▋    | 57/100 [05:32<04:04,  5.69s/it] 58%|█████▊    | 58/100 [05:32<03:58,  5.69s/it]                                                 58%|█████▊    | 58/100 [05:38<03:58,  5.69s/it] 59%|█████▉    | 59/100 [05:38<03:53,  5.69s/it]                                                 59%|█████▉    | 59/100 [05:43<03:53,  5.69s/it] 60%|██████    | 60/100 [05:43<03:47,  5.69s/it]                                                 60%|██████    | 60/100 [05:49<03:47,  5.69s/it] 61%|██████    | 61/100 [05:49<03:41,  5.68s/it]                                                 61%|██████    | 61/100 [05:55<03:41,  5.68s/it] 62%|██████▏   | 62/100 [05:55<03:36,  5.68s/it]                                                 62%|██████▏   | 62/100 [06:00<03:36,  5.68s/it] 63%|██████▎   | 63/100 [06:00<03:30,  5.69s/it]                                                 63%|██████▎   | 63/100 [06:06<03:30,  5.69s/it] 64%|██████▍   | 64/100 [06:06<03:24,  5.69s/it]                                                 64%|██████▍   | 64/100 [06:12<03:24,  5.69s/it] 65%|██████▌   | 65/100 [06:12<03:19,  5.69s/it]                                                 65%|██████▌   | 65/100 [06:17<03:19,  5.69s/it] 66%|██████▌   | 66/100 [06:17<03:13,  5.69s/it]                                                 66%|██████▌   | 66/100 [06:23<03:13,  5.69s/it] 67%|██████▋   | 67/100 [06:23<03:07,  5.69s/it]                                                 67%|██████▋   | 67/100 [06:29<03:07,  5.69s/it] 68%|██████▊   | 68/100 [06:29<03:02,  5.69s/it]                                                 68%|██████▊   | 68/100 [06:34<03:02,  5.69s/it] 69%|██████▉   | 69/100 [06:34<02:56,  5.69s/it]                                                 69%|██████▉   | 69/100 [06:40<02:56,  5.69s/it] 70%|███████   | 70/100 [06:40<02:50,  5.69s/it]                                                 70%|███████   | 70/100 [06:46<02:50,  5.69s/it] 71%|███████   | 71/100 [06:46<02:44,  5.68s/it]                                                 71%|███████   | 71/100 [06:52<02:44,  5.68s/it] 72%|███████▏  | 72/100 [06:52<02:39,  5.69s/it]                                                 72%|███████▏  | 72/100 [06:57<02:39,  5.69s/it] 73%|███████▎  | 73/100 [06:57<02:33,  5.69s/it]                                                 73%|███████▎  | 73/100 [07:03<02:33,  5.69s/it] 74%|███████▍  | 74/100 [07:03<02:28,  5.72s/it]                                                 74%|███████▍  | 74/100 [07:09<02:28,  5.72s/it] 75%|███████▌  | 75/100 [07:09<02:22,  5.71s/it]                                                 75%|███████▌  | 75/100 [07:14<02:22,  5.71s/it] 76%|███████▌  | 76/100 [07:14<02:16,  5.71s/it]                                                 76%|███████▌  | 76/100 [07:20<02:16,  5.71s/it] 77%|███████▋  | 77/100 [07:20<02:11,  5.70s/it]                                                 77%|███████▋  | 77/100 [07:26<02:11,  5.70s/it] 78%|███████▊  | 78/100 [07:26<02:05,  5.70s/it]                                                 78%|███████▊  | 78/100 [07:31<02:05,  5.70s/it] 79%|███████▉  | 79/100 [07:31<01:59,  5.69s/it]                                                 79%|███████▉  | 79/100 [07:37<01:59,  5.69s/it] 80%|████████  | 80/100 [07:37<01:53,  5.69s/it]                                                 80%|████████  | 80/100 [07:43<01:53,  5.69s/it] 81%|████████  | 81/100 [07:43<01:48,  5.69s/it]                                                 81%|████████  | 81/100 [07:49<01:48,  5.69s/it] 82%|████████▏ | 82/100 [07:49<01:42,  5.70s/it]                                                 82%|████████▏ | 82/100 [07:54<01:42,  5.70s/it] 83%|████████▎ | 83/100 [07:54<01:36,  5.70s/it]                                                 83%|████████▎ | 83/100 [08:00<01:36,  5.70s/it] 84%|████████▍ | 84/100 [08:00<01:31,  5.70s/it]                                                 84%|████████▍ | 84/100 [08:06<01:31,  5.70s/it] 85%|████████▌ | 85/100 [08:06<01:25,  5.70s/it]                                                 85%|████████▌ | 85/100 [08:11<01:25,  5.70s/it] 86%|████████▌ | 86/100 [08:11<01:19,  5.70s/it]                                                 86%|████████▌ | 86/100 [08:17<01:19,  5.70s/it] 87%|████████▋ | 87/100 [08:17<01:14,  5.70s/it]                                                 87%|████████▋ | 87/100 [08:23<01:14,  5.70s/it] 88%|████████▊ | 88/100 [08:23<01:08,  5.69s/it]                                                 88%|████████▊ | 88/100 [08:28<01:08,  5.69s/it] 89%|████████▉ | 89/100 [08:28<01:02,  5.70s/it]                                                 89%|████████▉ | 89/100 [08:34<01:02,  5.70s/it] 90%|█████████ | 90/100 [08:34<00:56,  5.69s/it]                                                 90%|█████████ | 90/100 [08:40<00:56,  5.69s/it] 91%|█████████ | 91/100 [08:40<00:51,  5.69s/it]                                                 91%|█████████ | 91/100 [08:45<00:51,  5.69s/it] 92%|█████████▏| 92/100 [08:45<00:45,  5.69s/it]                                                 92%|█████████▏| 92/100 [08:51<00:45,  5.69s/it] 93%|█████████▎| 93/100 [08:51<00:39,  5.70s/it]                                                 93%|█████████▎| 93/100 [08:57<00:39,  5.70s/it] 94%|█████████▍| 94/100 [08:57<00:34,  5.69s/it]                                                 94%|█████████▍| 94/100 [09:03<00:34,  5.69s/it] 95%|█████████▌| 95/100 [09:03<00:28,  5.69s/it]                                                 95%|█████████▌| 95/100 [09:08<00:28,  5.69s/it] 96%|█████████▌| 96/100 [09:08<00:22,  5.69s/it]                                                 96%|█████████▌| 96/100 [09:14<00:22,  5.69s/it] 97%|█████████▋| 97/100 [09:14<00:17,  5.68s/it]                                                 97%|█████████▋| 97/100 [09:20<00:17,  5.68s/it] 98%|█████████▊| 98/100 [09:20<00:11,  5.72s/it]                                                 98%|█████████▊| 98/100 [09:25<00:11,  5.72s/it] 99%|█████████▉| 99/100 [09:25<00:05,  5.71s/it]                                                 99%|█████████▉| 99/100 [09:31<00:05,  5.71s/it]100%|██████████| 100/100 [09:31<00:00,  5.71s/it]100%|██████████| 100/100 [09:31<00:00,  5.72s/it]
[I 2025-08-10 12:57:24,578] Trial 0 finished with values: [0.9464369728157866, 0.21621621621621623] and parameters: {'psi': 0.43172992114569153, 'lda_s': 6.216500139440221e-05, 'lda_t': 4.1723378502703483e-08}.
[I 2025-08-10 12:57:30,275] Trial 1 finished with values: [0.945588081232004, 0.22790697674418606] and parameters: {'psi': 0.6106765825056591, 'lda_s': 1.361562048571711e-07, 'lda_t': 9.552504049817452e-08}.
[I 2025-08-10 12:57:35,996] Trial 2 finished with values: [0.9491387274245315, 0.32063492063492066] and parameters: {'psi': 0.9946525556293366, 'lda_s': 0.13483669993684186, 'lda_t': 5.792964928619488e-08}.
[I 2025-08-10 12:57:41,689] Trial 3 finished with values: [0.9331491528544534, 0.3112391930835735] and parameters: {'psi': 0.7599745359273298, 'lda_s': 0.003387070722004296, 'lda_t': 0.0004959216977815314}.
[I 2025-08-10 12:57:47,399] Trial 4 finished with values: [0.9207313356550337, 0.28774928774928776] and parameters: {'psi': 0.36757041952941794, 'lda_s': 0.008380332975832433, 'lda_t': 5.821576211834088e-07}.
[I 2025-08-10 12:57:53,108] Trial 5 finished with values: [0.9472179276759609, 0.21428571428571427] and parameters: {'psi': 0.35007936122161787, 'lda_s': 7.248979954868593e-08, 'lda_t': 7.492809306228066e-05}.
[I 2025-08-10 12:57:58,792] Trial 6 finished with values: [0.6362261467496722, 0.10411418975650713] and parameters: {'psi': 0.7146697805019581, 'lda_s': 4.430699878976688, 'lda_t': 0.4861319810259446}.
[I 2025-08-10 12:58:04,485] Trial 7 finished with values: [0.9460066539893778, 0.22837370242214533] and parameters: {'psi': 0.5816599464564504, 'lda_s': 9.5488458627834e-08, 'lda_t': 1.2056185784340739e-06}.
[I 2025-08-10 12:58:10,180] Trial 8 finished with values: [0.9256651608417805, 0.3538175046554935] and parameters: {'psi': 0.13939990394847324, 'lda_s': 0.6163469205148585, 'lda_t': 0.00011165722667604637}.
[I 2025-08-10 12:58:15,870] Trial 9 finished with values: [0.9585552652548104, 0.2505854800936768] and parameters: {'psi': 0.052447323753245345, 'lda_s': 5.138571232511759e-06, 'lda_t': 2.432617964566725}.
[I 2025-08-10 12:58:21,565] Trial 10 finished with values: [0.9042201721275306, 0.2770780856423174] and parameters: {'psi': 0.010016597802329663, 'lda_s': 1.096992404921531, 'lda_t': 1.351685708538339}.
[I 2025-08-10 12:58:27,245] Trial 11 finished with values: [0.9472347531262004, 0.2222222222222222] and parameters: {'psi': 0.46596437219244724, 'lda_s': 2.4825780168653507e-08, 'lda_t': 0.00020092247753801914}.
[I 2025-08-10 12:58:32,928] Trial 12 finished with values: [0.9420093397121896, 0.25] and parameters: {'psi': 0.7544574594634879, 'lda_s': 1.3144734377778268e-05, 'lda_t': 7.176514685670202e-07}.
[I 2025-08-10 12:58:38,610] Trial 13 finished with values: [0.967524976269766, 0.35561877667140823] and parameters: {'psi': 0.363769776854887, 'lda_s': 5.5767464409554e-07, 'lda_t': 0.015505184553140854}.
[I 2025-08-10 12:58:44,316] Trial 14 finished with values: [0.9487617421007686, 0.3446244477172312] and parameters: {'psi': 0.9628911096081714, 'lda_s': 1.641160654608175e-05, 'lda_t': 0.0274884228484357}.
[I 2025-08-10 12:58:50,012] Trial 15 finished with values: [0.9451933180740256, 0.23543400713436385] and parameters: {'psi': 0.6617501161431505, 'lda_s': 1.4538049771687005e-07, 'lda_t': 0.0004649904237715256}.
[I 2025-08-10 12:58:55,695] Trial 16 finished with values: [0.9705935574398648, 0.35939643347050754] and parameters: {'psi': 0.15025519826966216, 'lda_s': 2.928079407616849e-06, 'lda_t': 0.04466395245976316}.
[I 2025-08-10 12:59:01,383] Trial 17 finished with values: [0.9289581871688483, 0.27770360480640854] and parameters: {'psi': 0.20300571301625736, 'lda_s': 0.003513966778601396, 'lda_t': 0.000562022620456786}.
[I 2025-08-10 12:59:07,077] Trial 18 finished with values: [0.9629687713294328, 0.4092526690391459] and parameters: {'psi': 0.5201428503300075, 'lda_s': 0.12073276088853448, 'lda_t': 2.790852384040386e-07}.
[I 2025-08-10 12:59:12,763] Trial 19 finished with values: [0.9392980612636864, 0.25365853658536586] and parameters: {'psi': 0.3659816782263391, 'lda_s': 0.001637257014533162, 'lda_t': 9.72015549127346e-08}.
[I 2025-08-10 12:59:18,448] Trial 20 finished with values: [0.9472403086993927, 0.22580645161290322] and parameters: {'psi': 0.5161094783676687, 'lda_s': 6.589313618030602e-07, 'lda_t': 0.0003420933578386859}.
[I 2025-08-10 12:59:24,145] Trial 21 finished with values: [0.9340385207572087, 0.23361144219308702] and parameters: {'psi': 0.9190867353607128, 'lda_s': 6.296910630240671e-05, 'lda_t': 8.279779029540019e-06}.
[I 2025-08-10 12:59:29,824] Trial 22 finished with values: [0.9737140435366461, 0.37604456824512533] and parameters: {'psi': 0.22838276808393554, 'lda_s': 7.167654948665305e-05, 'lda_t': 0.8298579323082586}.
[I 2025-08-10 12:59:35,519] Trial 23 finished with values: [0.9255981765021477, 0.2868965517241379] and parameters: {'psi': 0.39894442206862546, 'lda_s': 0.0067456821213361705, 'lda_t': 8.933030273954895e-05}.
[I 2025-08-10 12:59:41,208] Trial 24 finished with values: [0.946615703541916, 0.2224744608399546] and parameters: {'psi': 0.5037859957762706, 'lda_s': 2.880712822667247e-08, 'lda_t': 3.0155858760390613e-06}.
[I 2025-08-10 12:59:47,001] Trial 25 finished with values: [0.9254145251254767, 0.324812030075188] and parameters: {'psi': 0.6444928953548507, 'lda_s': 0.009466982609916215, 'lda_t': 9.158358757892356e-07}.
[I 2025-08-10 12:59:52,688] Trial 26 finished with values: [0.9347542373150391, 0.24813895781637718] and parameters: {'psi': 0.8842494202713462, 'lda_s': 0.00011642450965541563, 'lda_t': 0.00012228087248226564}.
[I 2025-08-10 12:59:58,371] Trial 27 finished with values: [0.9744796015225445, 0.37988826815642457] and parameters: {'psi': 0.23139867128623137, 'lda_s': 4.9113443160972864e-08, 'lda_t': 0.13561535669894964}.
[I 2025-08-10 13:00:04,072] Trial 28 finished with values: [0.9476550719208632, 0.22] and parameters: {'psi': 0.06784985514578146, 'lda_s': 1.5489820289964058e-07, 'lda_t': 1.0462146457942859e-08}.
