[I 2025-08-10 12:57:09,373] A new study created in memory with name: no-name-d4f87222-0a22-40e6-be03-290ff25d1692
Mode-0 approx rank: 2/38
Estimated noise variance from mode-0: 0.0
Mode-1 approx rank: 3/17
Estimated noise variance from mode-1: 0.00028579446219619356
Mode-2 approx rank: 3/24
Estimated noise variance from mode-2: 0.00011674447921742879
Mode-3 approx rank: 1/60
Estimated noise variance from mode-3: 0.00014315942673589162
  0%|          | 0/100 [00:00<?, ?it/s]/mnt/ffs24/home/mondalra/Anomaly_Detection/src/proximal_ops/prox_overlapping_grouped_l21.py:405: UserWarning: Sparse CSR tensor support is in beta state. If you miss a functionality in the sparse tensor support, please submit a feature request to https://github.com/pytorch/pytorch/issues. (Triggered internally at /home/conda/feedstock_root/build_artifacts/libtorch_1742922447420/work/aten/src/ATen/SparseCsrTensorImpl.cpp:53.)
  G_ind = torch.sparse_csr_tensor(A_r.indptr, A_r.indices, A_r.data, device=device, dtype=dtype)
                                         0%|          | 0/100 [00:08<?, ?it/s]  1%|          | 1/100 [00:08<14:43,  8.93s/it]                                                 1%|          | 1/100 [00:14<14:43,  8.93s/it]  2%|▏         | 2/100 [00:14<11:41,  7.16s/it]                                                 2%|▏         | 2/100 [00:20<11:41,  7.16s/it]  3%|▎         | 3/100 [00:20<10:40,  6.60s/it]                                                 3%|▎         | 3/100 [00:26<10:40,  6.60s/it]  4%|▍         | 4/100 [00:26<10:08,  6.34s/it]                                                 4%|▍         | 4/100 [00:32<10:08,  6.34s/it]  5%|▌         | 5/100 [00:32<09:47,  6.19s/it]                                                 5%|▌         | 5/100 [00:38<09:47,  6.19s/it]  6%|▌         | 6/100 [00:38<09:32,  6.09s/it]                                                 6%|▌         | 6/100 [00:44<09:32,  6.09s/it]  7%|▋         | 7/100 [00:44<09:21,  6.04s/it]                                                 7%|▋         | 7/100 [00:50<09:21,  6.04s/it]  8%|▊         | 8/100 [00:50<09:11,  6.00s/it]                                                 8%|▊         | 8/100 [00:56<09:11,  6.00s/it]  9%|▉         | 9/100 [00:56<09:03,  5.97s/it]                                                 9%|▉         | 9/100 [01:02<09:03,  5.97s/it] 10%|█         | 10/100 [01:02<08:55,  5.95s/it]                                                 10%|█         | 10/100 [01:08<08:55,  5.95s/it] 11%|█         | 11/100 [01:08<08:49,  5.95s/it]                                                 11%|█         | 11/100 [01:14<08:49,  5.95s/it] 12%|█▏        | 12/100 [01:14<08:42,  5.94s/it]                                                 12%|█▏        | 12/100 [01:19<08:42,  5.94s/it] 13%|█▎        | 13/100 [01:19<08:36,  5.93s/it]                                                 13%|█▎        | 13/100 [01:25<08:36,  5.93s/it] 14%|█▍        | 14/100 [01:25<08:29,  5.93s/it]                                                 14%|█▍        | 14/100 [01:31<08:29,  5.93s/it] 15%|█▌        | 15/100 [01:31<08:23,  5.93s/it]                                                 15%|█▌        | 15/100 [01:37<08:23,  5.93s/it] 16%|█▌        | 16/100 [01:37<08:17,  5.93s/it]                                                 16%|█▌        | 16/100 [01:43<08:17,  5.93s/it] 17%|█▋        | 17/100 [01:43<08:12,  5.93s/it]                                                 17%|█▋        | 17/100 [01:49<08:12,  5.93s/it] 18%|█▊        | 18/100 [01:49<08:05,  5.93s/it]                                                 18%|█▊        | 18/100 [01:55<08:05,  5.93s/it] 19%|█▉        | 19/100 [01:55<07:59,  5.92s/it]                                                 19%|█▉        | 19/100 [02:01<07:59,  5.92s/it] 20%|██        | 20/100 [02:01<07:53,  5.92s/it]                                                 20%|██        | 20/100 [02:07<07:53,  5.92s/it] 21%|██        | 21/100 [02:07<07:47,  5.92s/it]                                                 21%|██        | 21/100 [02:13<07:47,  5.92s/it] 22%|██▏       | 22/100 [02:13<07:41,  5.92s/it]                                                 22%|██▏       | 22/100 [02:19<07:41,  5.92s/it] 23%|██▎       | 23/100 [02:19<07:35,  5.92s/it]                                                 23%|██▎       | 23/100 [02:25<07:35,  5.92s/it] 24%|██▍       | 24/100 [02:25<07:29,  5.92s/it]                                                 24%|██▍       | 24/100 [02:31<07:29,  5.92s/it] 25%|██▌       | 25/100 [02:31<07:26,  5.95s/it]                                                 25%|██▌       | 25/100 [02:37<07:26,  5.95s/it] 26%|██▌       | 26/100 [02:37<07:19,  5.94s/it]                                                 26%|██▌       | 26/100 [02:42<07:19,  5.94s/it] 27%|██▋       | 27/100 [02:42<07:13,  5.93s/it]                                                 27%|██▋       | 27/100 [02:48<07:13,  5.93s/it] 28%|██▊       | 28/100 [02:48<07:06,  5.93s/it]                                                 28%|██▊       | 28/100 [02:54<07:06,  5.93s/it] 29%|██▉       | 29/100 [02:54<07:00,  5.92s/it]                                                 29%|██▉       | 29/100 [03:00<07:00,  5.92s/it] 30%|███       | 30/100 [03:00<06:54,  5.92s/it]                                                 30%|███       | 30/100 [03:06<06:54,  5.92s/it] 31%|███       | 31/100 [03:06<06:48,  5.92s/it]                                                 31%|███       | 31/100 [03:12<06:48,  5.92s/it] 32%|███▏      | 32/100 [03:12<06:42,  5.92s/it]                                                 32%|███▏      | 32/100 [03:18<06:42,  5.92s/it] 33%|███▎      | 33/100 [03:18<06:36,  5.92s/it]                                                 33%|███▎      | 33/100 [03:24<06:36,  5.92s/it] 34%|███▍      | 34/100 [03:24<06:30,  5.92s/it]                                                 34%|███▍      | 34/100 [03:30<06:30,  5.92s/it] 35%|███▌      | 35/100 [03:30<06:24,  5.92s/it]                                                 35%|███▌      | 35/100 [03:36<06:24,  5.92s/it] 36%|███▌      | 36/100 [03:36<06:18,  5.92s/it]                                                 36%|███▌      | 36/100 [03:42<06:18,  5.92s/it] 37%|███▋      | 37/100 [03:42<06:13,  5.92s/it]                                                 37%|███▋      | 37/100 [03:48<06:13,  5.92s/it] 38%|███▊      | 38/100 [03:48<06:07,  5.92s/it]                                                 38%|███▊      | 38/100 [03:53<06:07,  5.92s/it] 39%|███▉      | 39/100 [03:53<06:01,  5.92s/it]                                                 39%|███▉      | 39/100 [03:59<06:01,  5.92s/it] 40%|████      | 40/100 [03:59<05:55,  5.92s/it]                                                 40%|████      | 40/100 [04:05<05:55,  5.92s/it] 41%|████      | 41/100 [04:05<05:48,  5.91s/it]                                                 41%|████      | 41/100 [04:11<05:48,  5.91s/it] 42%|████▏     | 42/100 [04:11<05:43,  5.91s/it]                                                 42%|████▏     | 42/100 [04:17<05:43,  5.91s/it] 43%|████▎     | 43/100 [04:17<05:37,  5.92s/it]                                                 43%|████▎     | 43/100 [04:23<05:37,  5.92s/it] 44%|████▍     | 44/100 [04:23<05:31,  5.91s/it]                                                 44%|████▍     | 44/100 [04:29<05:31,  5.91s/it] 45%|████▌     | 45/100 [04:29<05:25,  5.91s/it]                                                 45%|████▌     | 45/100 [04:35<05:25,  5.91s/it] 46%|████▌     | 46/100 [04:35<05:19,  5.91s/it]                                                 46%|████▌     | 46/100 [04:41<05:19,  5.91s/it] 47%|████▋     | 47/100 [04:41<05:13,  5.92s/it]                                                 47%|████▋     | 47/100 [04:47<05:13,  5.92s/it] 48%|████▊     | 48/100 [04:47<05:07,  5.91s/it]                                                 48%|████▊     | 48/100 [04:53<05:07,  5.91s/it] 49%|████▉     | 49/100 [04:53<05:03,  5.95s/it]                                                 49%|████▉     | 49/100 [04:59<05:03,  5.95s/it] 50%|█████     | 50/100 [04:59<04:56,  5.94s/it]                                                 50%|█████     | 50/100 [05:05<04:56,  5.94s/it] 51%|█████     | 51/100 [05:05<04:50,  5.93s/it]                                                 51%|█████     | 51/100 [05:10<04:50,  5.93s/it] 52%|█████▏    | 52/100 [05:10<04:44,  5.93s/it]                                                 52%|█████▏    | 52/100 [05:16<04:44,  5.93s/it] 53%|█████▎    | 53/100 [05:16<04:38,  5.93s/it]                                                 53%|█████▎    | 53/100 [05:22<04:38,  5.93s/it] 54%|█████▍    | 54/100 [05:22<04:32,  5.93s/it]                                                 54%|█████▍    | 54/100 [05:28<04:32,  5.93s/it] 55%|█████▌    | 55/100 [05:28<04:26,  5.92s/it]                                                 55%|█████▌    | 55/100 [05:34<04:26,  5.92s/it] 56%|█████▌    | 56/100 [05:34<04:20,  5.92s/it]                                                 56%|█████▌    | 56/100 [05:40<04:20,  5.92s/it] 57%|█████▋    | 57/100 [05:40<04:14,  5.92s/it]                                                 57%|█████▋    | 57/100 [05:46<04:14,  5.92s/it] 58%|█████▊    | 58/100 [05:46<04:08,  5.92s/it]                                                 58%|█████▊    | 58/100 [05:52<04:08,  5.92s/it] 59%|█████▉    | 59/100 [05:52<04:02,  5.92s/it]                                                 59%|█████▉    | 59/100 [05:58<04:02,  5.92s/it] 60%|██████    | 60/100 [05:58<03:56,  5.92s/it]                                                 60%|██████    | 60/100 [06:04<03:56,  5.92s/it] 61%|██████    | 61/100 [06:04<03:50,  5.92s/it]                                                 61%|██████    | 61/100 [06:10<03:50,  5.92s/it] 62%|██████▏   | 62/100 [06:10<03:44,  5.92s/it]                                                 62%|██████▏   | 62/100 [06:16<03:44,  5.92s/it] 63%|██████▎   | 63/100 [06:16<03:39,  5.92s/it]                                                 63%|██████▎   | 63/100 [06:22<03:39,  5.92s/it] 64%|██████▍   | 64/100 [06:22<03:33,  5.92s/it]                                                 64%|██████▍   | 64/100 [06:27<03:33,  5.92s/it] 65%|██████▌   | 65/100 [06:27<03:27,  5.92s/it]                                                 65%|██████▌   | 65/100 [06:33<03:27,  5.92s/it] 66%|██████▌   | 66/100 [06:33<03:21,  5.92s/it]                                                 66%|██████▌   | 66/100 [06:39<03:21,  5.92s/it] 67%|██████▋   | 67/100 [06:39<03:15,  5.92s/it]                                                 67%|██████▋   | 67/100 [06:45<03:15,  5.92s/it] 68%|██████▊   | 68/100 [06:45<03:09,  5.92s/it]                                                 68%|██████▊   | 68/100 [06:51<03:09,  5.92s/it] 69%|██████▉   | 69/100 [06:51<03:03,  5.92s/it]                                                 69%|██████▉   | 69/100 [06:57<03:03,  5.92s/it] 70%|███████   | 70/100 [06:57<02:57,  5.92s/it]                                                 70%|███████   | 70/100 [07:03<02:57,  5.92s/it] 71%|███████   | 71/100 [07:03<02:51,  5.92s/it]                                                 71%|███████   | 71/100 [07:09<02:51,  5.92s/it] 72%|███████▏  | 72/100 [07:09<02:45,  5.92s/it]                                                 72%|███████▏  | 72/100 [07:15<02:45,  5.92s/it] 73%|███████▎  | 73/100 [07:15<02:40,  5.95s/it]                                                 73%|███████▎  | 73/100 [07:21<02:40,  5.95s/it] 74%|███████▍  | 74/100 [07:21<02:34,  5.94s/it]                                                 74%|███████▍  | 74/100 [07:27<02:34,  5.94s/it] 75%|███████▌  | 75/100 [07:27<02:28,  5.93s/it]                                                 75%|███████▌  | 75/100 [07:33<02:28,  5.93s/it] 76%|███████▌  | 76/100 [07:33<02:22,  5.93s/it]                                                 76%|███████▌  | 76/100 [07:39<02:22,  5.93s/it] 77%|███████▋  | 77/100 [07:39<02:16,  5.92s/it]                                                 77%|███████▋  | 77/100 [07:44<02:16,  5.92s/it] 78%|███████▊  | 78/100 [07:44<02:10,  5.92s/it]                                                 78%|███████▊  | 78/100 [07:50<02:10,  5.92s/it] 79%|███████▉  | 79/100 [07:50<02:04,  5.92s/it]                                                 79%|███████▉  | 79/100 [07:56<02:04,  5.92s/it] 80%|████████  | 80/100 [07:56<01:58,  5.92s/it]                                                 80%|████████  | 80/100 [08:02<01:58,  5.92s/it] 81%|████████  | 81/100 [08:02<01:52,  5.92s/it]                                                 81%|████████  | 81/100 [08:08<01:52,  5.92s/it] 82%|████████▏ | 82/100 [08:08<01:46,  5.92s/it]                                                 82%|████████▏ | 82/100 [08:14<01:46,  5.92s/it] 83%|████████▎ | 83/100 [08:14<01:40,  5.92s/it]                                                 83%|████████▎ | 83/100 [08:20<01:40,  5.92s/it] 84%|████████▍ | 84/100 [08:20<01:34,  5.92s/it]                                                 84%|████████▍ | 84/100 [08:26<01:34,  5.92s/it] 85%|████████▌ | 85/100 [08:26<01:28,  5.92s/it]                                                 85%|████████▌ | 85/100 [08:32<01:28,  5.92s/it] 86%|████████▌ | 86/100 [08:32<01:22,  5.92s/it]                                                 86%|████████▌ | 86/100 [08:38<01:22,  5.92s/it] 87%|████████▋ | 87/100 [08:38<01:16,  5.92s/it]                                                 87%|████████▋ | 87/100 [08:44<01:16,  5.92s/it] 88%|████████▊ | 88/100 [08:44<01:11,  5.92s/it]                                                 88%|████████▊ | 88/100 [08:50<01:11,  5.92s/it] 89%|████████▉ | 89/100 [08:50<01:05,  5.92s/it]                                                 89%|████████▉ | 89/100 [08:56<01:05,  5.92s/it] 90%|█████████ | 90/100 [08:56<00:59,  5.92s/it]                                                 90%|█████████ | 90/100 [09:01<00:59,  5.92s/it] 91%|█████████ | 91/100 [09:01<00:53,  5.92s/it]                                                 91%|█████████ | 91/100 [09:07<00:53,  5.92s/it] 92%|█████████▏| 92/100 [09:07<00:47,  5.92s/it]                                                 92%|█████████▏| 92/100 [09:13<00:47,  5.92s/it] 93%|█████████▎| 93/100 [09:13<00:41,  5.92s/it]                                                 93%|█████████▎| 93/100 [09:19<00:41,  5.92s/it] 94%|█████████▍| 94/100 [09:19<00:35,  5.92s/it]                                                 94%|█████████▍| 94/100 [09:25<00:35,  5.92s/it] 95%|█████████▌| 95/100 [09:25<00:29,  5.92s/it]                                                 95%|█████████▌| 95/100 [09:31<00:29,  5.92s/it] 96%|█████████▌| 96/100 [09:31<00:23,  5.92s/it]                                                 96%|█████████▌| 96/100 [09:37<00:23,  5.92s/it] 97%|█████████▋| 97/100 [09:37<00:17,  5.94s/it]                                                 97%|█████████▋| 97/100 [09:43<00:17,  5.94s/it] 98%|█████████▊| 98/100 [09:43<00:11,  5.93s/it]                                                 98%|█████████▊| 98/100 [09:49<00:11,  5.93s/it] 99%|█████████▉| 99/100 [09:49<00:05,  5.93s/it]                                                 99%|█████████▉| 99/100 [09:55<00:05,  5.93s/it]100%|██████████| 100/100 [09:55<00:00,  5.93s/it]100%|██████████| 100/100 [09:55<00:00,  5.95s/it]
[I 2025-08-10 12:57:18,302] Trial 0 finished with values: [0.7056530744430427, 0.2617397998460354] and parameters: {'psi': 0.8000682883457081, 'lda_s': 3.9113410507511297, 'lda_t': 0.019150558322085752}.
[I 2025-08-10 12:57:24,230] Trial 1 finished with values: [0.6949623700352374, 0.19141449683321604] and parameters: {'psi': 0.46135244117797847, 'lda_s': 3.28886346152477, 'lda_t': 4.964832840858711}.
[I 2025-08-10 12:57:30,166] Trial 2 finished with values: [0.774919459307918, 0.26695842450765866] and parameters: {'psi': 0.5138748169336417, 'lda_s': 4.071401262262687, 'lda_t': 5.73934129005728e-07}.
[I 2025-08-10 12:57:36,095] Trial 3 finished with values: [0.7718201229680542, 0.2810810810810811] and parameters: {'psi': 0.5579565414003905, 'lda_s': 8.390044685305096, 'lda_t': 1.261144787205874e-07}.
[I 2025-08-10 12:57:42,015] Trial 4 finished with values: [0.7845140731717928, 0.350597609561753] and parameters: {'psi': 0.7412793411298518, 'lda_s': 1.3960966033998814e-05, 'lda_t': 4.861679331097801e-07}.
[I 2025-08-10 12:57:47,927] Trial 5 finished with values: [0.5512862946689675, 0.11020408163265306] and parameters: {'psi': 0.9894516687677944, 'lda_s': 0.1979621735638023, 'lda_t': 9.334324088590424}.
[I 2025-08-10 12:57:53,844] Trial 6 finished with values: [0.7856697988718261, 0.3482587064676617] and parameters: {'psi': 0.6834424928461346, 'lda_s': 5.2564505061661134e-05, 'lda_t': 1.052685367809675e-06}.
[I 2025-08-10 12:57:59,758] Trial 7 finished with values: [0.7719111768487502, 0.3333333333333333] and parameters: {'psi': 0.6213062457034675, 'lda_s': 0.011758940228035192, 'lda_t': 5.878688065261286e-05}.
[I 2025-08-10 12:58:05,678] Trial 8 finished with values: [0.7569252911065675, 0.346] and parameters: {'psi': 0.006822596843816475, 'lda_s': 3.4219803270237146e-07, 'lda_t': 3.0867939906598758e-06}.
[I 2025-08-10 12:58:11,590] Trial 9 finished with values: [0.7876604167572976, 0.3472222222222222] and parameters: {'psi': 0.555613394357818, 'lda_s': 6.054064682128482e-07, 'lda_t': 1.0139203106062472e-06}.
[I 2025-08-10 12:58:17,527] Trial 10 finished with values: [0.7457985914744082, 0.20781379883624274] and parameters: {'psi': 0.13300048071954207, 'lda_s': 7.774658719740882, 'lda_t': 1.3131516864440915}.
[I 2025-08-10 12:58:23,440] Trial 11 finished with values: [0.6536017338302326, 0.10101010101010101] and parameters: {'psi': 0.4407696173691762, 'lda_s': 3.0495709095687635, 'lda_t': 0.18877535714286575}.
[I 2025-08-10 12:58:29,367] Trial 12 finished with values: [0.7778170511835193, 0.34421364985163205] and parameters: {'psi': 0.016738703111601083, 'lda_s': 3.324549732386579e-08, 'lda_t': 9.784693962454499e-08}.
[I 2025-08-10 12:58:35,284] Trial 13 finished with values: [0.8224313380026393, 0.3389473684210526] and parameters: {'psi': 0.8692022588736871, 'lda_s': 1.7850936849597671e-06, 'lda_t': 2.2062217877041754}.
[I 2025-08-10 12:58:41,214] Trial 14 finished with values: [0.7775673931642523, 0.3473895582329317] and parameters: {'psi': 0.7550144727728284, 'lda_s': 0.001993615948882258, 'lda_t': 4.9865247905379197e-08}.
[I 2025-08-10 12:58:47,137] Trial 15 finished with values: [0.7766509331361204, 0.3504950495049505] and parameters: {'psi': 0.06338205749708081, 'lda_s': 0.00015239918188590467, 'lda_t': 0.013048085415774287}.
[I 2025-08-10 12:58:53,069] Trial 16 finished with values: [0.7562692439688133, 0.34427860696517415] and parameters: {'psi': 0.009127121684276429, 'lda_s': 5.207547843339457e-07, 'lda_t': 0.0006010815797864976}.
[I 2025-08-10 12:58:58,990] Trial 17 finished with values: [0.7319067419749327, 0.3402061855670103] and parameters: {'psi': 0.7652805391468858, 'lda_s': 0.0035646931139394875, 'lda_t': 0.05485788767955569}.
[I 2025-08-10 12:59:04,908] Trial 18 finished with values: [0.7972130382873411, 0.34886025768087214] and parameters: {'psi': 0.601345285355692, 'lda_s': 1.9807512228749583e-08, 'lda_t': 0.0031256794780812618}.
[I 2025-08-10 12:59:10,834] Trial 19 finished with values: [0.7728219573382058, 0.3404255319148936] and parameters: {'psi': 0.7129829678264044, 'lda_s': 0.005300614398483372, 'lda_t': 0.00028400147356447814}.
[I 2025-08-10 12:59:16,755] Trial 20 finished with values: [0.760332893471189, 0.3166144200626959] and parameters: {'psi': 0.9870547621762107, 'lda_s': 0.33504067499633455, 'lda_t': 1.9648126704345609e-07}.
[I 2025-08-10 12:59:22,672] Trial 21 finished with values: [0.7772083738151515, 0.3489531405782652] and parameters: {'psi': 0.849199462482473, 'lda_s': 0.0010286439218459207, 'lda_t': 1.5581706049383065e-08}.
[I 2025-08-10 12:59:28,581] Trial 22 finished with values: [0.7891392115350222, 0.3474827245804541] and parameters: {'psi': 0.27016780101748084, 'lda_s': 2.557915120963866e-07, 'lda_t': 5.931269705683857e-06}.
[I 2025-08-10 12:59:34,496] Trial 23 finished with values: [0.788677597966, 0.3468780971258672] and parameters: {'psi': 0.4832076502949907, 'lda_s': 1.1112690990166387e-08, 'lda_t': 0.00010476783399035405}.
[I 2025-08-10 12:59:40,513] Trial 24 finished with values: [0.7879868089693207, 0.34523809523809523] and parameters: {'psi': 0.4712673949919959, 'lda_s': 3.060261086207104e-05, 'lda_t': 1.7340548774622702e-08}.
[I 2025-08-10 12:59:46,426] Trial 25 finished with values: [0.7871225523605128, 0.34756703078450846] and parameters: {'psi': 0.6096751473400107, 'lda_s': 6.88990762460487e-08, 'lda_t': 3.48075866203932e-07}.
[I 2025-08-10 12:59:52,353] Trial 26 finished with values: [0.7748088895656, 0.294940796555436] and parameters: {'psi': 0.5494218940096364, 'lda_s': 0.21554912198513698, 'lda_t': 4.624987382546236e-08}.
[I 2025-08-10 12:59:58,263] Trial 27 finished with values: [0.7814748553530256, 0.34626865671641793] and parameters: {'psi': 0.5042564429780202, 'lda_s': 0.0011429452088947871, 'lda_t': 7.514172359520189e-08}.
[I 2025-08-10 13:00:04,170] Trial 28 finished with values: [0.7944286142408994, 0.3509471585244267] and parameters: {'psi': 0.8263876192212306, 'lda_s': 5.855236897624766e-06, 'lda_t': 0.006280914743352415}.
