[I 2025-08-10 12:57:10,931] A new study created in memory with name: no-name-5e4fc89c-d156-46bc-aa1d-c37c6953e3ff
Mode-0 approx rank: 4/38
Estimated noise variance from mode-0: 0.0
Mode-1 approx rank: 11/17
Estimated noise variance from mode-1: 0.0013322210553211465
Mode-2 approx rank: 14/24
Estimated noise variance from mode-2: 0.0008636292646381368
Mode-3 approx rank: 11/60
Estimated noise variance from mode-3: 0.0003708762775097232
  0%|          | 0/100 [00:00<?, ?it/s]/mnt/ffs24/home/mondalra/Anomaly_Detection/src/proximal_ops/prox_overlapping_grouped_l21.py:405: UserWarning: Sparse CSR tensor support is in beta state. If you miss a functionality in the sparse tensor support, please submit a feature request to https://github.com/pytorch/pytorch/issues. (Triggered internally at /home/conda/feedstock_root/build_artifacts/libtorch_1742922447420/work/aten/src/ATen/SparseCsrTensorImpl.cpp:53.)
  G_ind = torch.sparse_csr_tensor(A_r.indptr, A_r.indices, A_r.data, device=device, dtype=dtype)
                                         0%|          | 0/100 [00:08<?, ?it/s]  1%|          | 1/100 [00:08<14:32,  8.81s/it]                                                 1%|          | 1/100 [00:15<14:32,  8.81s/it]  2%|▏         | 2/100 [00:15<11:56,  7.31s/it]                                                 2%|▏         | 2/100 [00:21<11:56,  7.31s/it]  3%|▎         | 3/100 [00:21<11:02,  6.83s/it]                                                 3%|▎         | 3/100 [00:27<11:02,  6.83s/it]  4%|▍         | 4/100 [00:27<10:34,  6.61s/it]                                                 4%|▍         | 4/100 [00:33<10:34,  6.61s/it]  5%|▌         | 5/100 [00:33<10:15,  6.48s/it]                                                 5%|▌         | 5/100 [00:40<10:15,  6.48s/it]  6%|▌         | 6/100 [00:40<10:02,  6.41s/it]                                                 6%|▌         | 6/100 [00:46<10:02,  6.41s/it]  7%|▋         | 7/100 [00:46<09:51,  6.36s/it]                                                 7%|▋         | 7/100 [00:52<09:51,  6.36s/it]  8%|▊         | 8/100 [00:52<09:41,  6.32s/it]                                                 8%|▊         | 8/100 [00:58<09:41,  6.32s/it]  9%|▉         | 9/100 [00:58<09:34,  6.31s/it]                                                 9%|▉         | 9/100 [01:05<09:34,  6.31s/it] 10%|█         | 10/100 [01:05<09:25,  6.29s/it]                                                 10%|█         | 10/100 [01:11<09:25,  6.29s/it] 11%|█         | 11/100 [01:11<09:19,  6.28s/it]                                                 11%|█         | 11/100 [01:17<09:19,  6.28s/it] 12%|█▏        | 12/100 [01:17<09:12,  6.27s/it]                                                 12%|█▏        | 12/100 [01:23<09:12,  6.27s/it] 13%|█▎        | 13/100 [01:23<09:05,  6.27s/it]                                                 13%|█▎        | 13/100 [01:30<09:05,  6.27s/it] 14%|█▍        | 14/100 [01:30<08:58,  6.26s/it]                                                 14%|█▍        | 14/100 [01:36<08:58,  6.26s/it] 15%|█▌        | 15/100 [01:36<08:52,  6.27s/it]                                                 15%|█▌        | 15/100 [01:42<08:52,  6.27s/it] 16%|█▌        | 16/100 [01:42<08:46,  6.26s/it]                                                 16%|█▌        | 16/100 [01:48<08:46,  6.26s/it] 17%|█▋        | 17/100 [01:48<08:39,  6.26s/it]                                                 17%|█▋        | 17/100 [01:55<08:39,  6.26s/it] 18%|█▊        | 18/100 [01:55<08:33,  6.26s/it]                                                 18%|█▊        | 18/100 [02:01<08:33,  6.26s/it] 19%|█▉        | 19/100 [02:01<08:27,  6.26s/it]                                                 19%|█▉        | 19/100 [02:07<08:27,  6.26s/it] 20%|██        | 20/100 [02:07<08:21,  6.26s/it]                                                 20%|██        | 20/100 [02:13<08:21,  6.26s/it] 21%|██        | 21/100 [02:13<08:14,  6.26s/it]                                                 21%|██        | 21/100 [02:20<08:14,  6.26s/it] 22%|██▏       | 22/100 [02:20<08:07,  6.25s/it]                                                 22%|██▏       | 22/100 [02:26<08:07,  6.25s/it] 23%|██▎       | 23/100 [02:26<08:01,  6.26s/it]                                                 23%|██▎       | 23/100 [02:32<08:01,  6.26s/it] 24%|██▍       | 24/100 [02:32<07:55,  6.26s/it]                                                 24%|██▍       | 24/100 [02:39<07:55,  6.26s/it] 25%|██▌       | 25/100 [02:39<07:49,  6.26s/it]                                                 25%|██▌       | 25/100 [02:45<07:49,  6.26s/it] 26%|██▌       | 26/100 [02:45<07:45,  6.29s/it]                                                 26%|██▌       | 26/100 [02:51<07:45,  6.29s/it] 27%|██▋       | 27/100 [02:51<07:38,  6.28s/it]                                                 27%|██▋       | 27/100 [02:57<07:38,  6.28s/it] 28%|██▊       | 28/100 [02:57<07:31,  6.27s/it]                                                 28%|██▊       | 28/100 [03:04<07:31,  6.27s/it] 29%|██▉       | 29/100 [03:04<07:25,  6.27s/it]                                                 29%|██▉       | 29/100 [03:10<07:25,  6.27s/it] 30%|███       | 30/100 [03:10<07:18,  6.26s/it]                                                 30%|███       | 30/100 [03:16<07:18,  6.26s/it] 31%|███       | 31/100 [03:16<07:12,  6.27s/it]                                                 31%|███       | 31/100 [03:22<07:12,  6.27s/it] 32%|███▏      | 32/100 [03:22<07:05,  6.26s/it]                                                 32%|███▏      | 32/100 [03:29<07:05,  6.26s/it] 33%|███▎      | 33/100 [03:29<06:59,  6.26s/it]                                                 33%|███▎      | 33/100 [03:35<06:59,  6.26s/it] 34%|███▍      | 34/100 [03:35<06:53,  6.26s/it]                                                 34%|███▍      | 34/100 [03:41<06:53,  6.26s/it] 35%|███▌      | 35/100 [03:41<06:46,  6.26s/it]                                                 35%|███▌      | 35/100 [03:47<06:46,  6.26s/it] 36%|███▌      | 36/100 [03:47<06:40,  6.26s/it]                                                 36%|███▌      | 36/100 [03:54<06:40,  6.26s/it] 37%|███▋      | 37/100 [03:54<06:34,  6.26s/it]                                                 37%|███▋      | 37/100 [04:00<06:34,  6.26s/it] 38%|███▊      | 38/100 [04:00<06:27,  6.26s/it]                                                 38%|███▊      | 38/100 [04:06<06:27,  6.26s/it] 39%|███▉      | 39/100 [04:06<06:21,  6.26s/it]                                                 39%|███▉      | 39/100 [04:12<06:21,  6.26s/it] 40%|████      | 40/100 [04:12<06:15,  6.26s/it]                                                 40%|████      | 40/100 [04:19<06:15,  6.26s/it] 41%|████      | 41/100 [04:19<06:09,  6.26s/it]                                                 41%|████      | 41/100 [04:25<06:09,  6.26s/it] 42%|████▏     | 42/100 [04:25<06:02,  6.26s/it]                                                 42%|████▏     | 42/100 [04:31<06:02,  6.26s/it] 43%|████▎     | 43/100 [04:31<05:56,  6.26s/it]                                                 43%|████▎     | 43/100 [04:37<05:56,  6.26s/it] 44%|████▍     | 44/100 [04:37<05:50,  6.25s/it]                                                 44%|████▍     | 44/100 [04:44<05:50,  6.25s/it] 45%|████▌     | 45/100 [04:44<05:44,  6.26s/it]                                                 45%|████▌     | 45/100 [04:50<05:44,  6.26s/it] 46%|████▌     | 46/100 [04:50<05:37,  6.25s/it]                                                 46%|████▌     | 46/100 [04:56<05:37,  6.25s/it] 47%|████▋     | 47/100 [04:56<05:31,  6.25s/it]                                                 47%|████▋     | 47/100 [05:03<05:31,  6.25s/it] 48%|████▊     | 48/100 [05:03<05:25,  6.26s/it]                                                 48%|████▊     | 48/100 [05:09<05:25,  6.26s/it] 49%|████▉     | 49/100 [05:09<05:19,  6.26s/it]                                                 49%|████▉     | 49/100 [05:15<05:19,  6.26s/it] 50%|█████     | 50/100 [05:15<05:14,  6.30s/it]                                                 50%|█████     | 50/100 [05:21<05:14,  6.30s/it] 51%|█████     | 51/100 [05:21<05:07,  6.28s/it]                                                 51%|█████     | 51/100 [05:28<05:07,  6.28s/it] 52%|█████▏    | 52/100 [05:28<05:01,  6.27s/it]                                                 52%|█████▏    | 52/100 [05:34<05:01,  6.27s/it] 53%|█████▎    | 53/100 [05:34<04:54,  6.27s/it]                                                 53%|█████▎    | 53/100 [05:40<04:54,  6.27s/it] 54%|█████▍    | 54/100 [05:40<04:48,  6.27s/it]                                                 54%|█████▍    | 54/100 [05:46<04:48,  6.27s/it] 55%|█████▌    | 55/100 [05:46<04:41,  6.26s/it]                                                 55%|█████▌    | 55/100 [05:53<04:41,  6.26s/it] 56%|█████▌    | 56/100 [05:53<04:35,  6.27s/it]                                                 56%|█████▌    | 56/100 [05:59<04:35,  6.27s/it] 57%|█████▋    | 57/100 [05:59<04:29,  6.26s/it]                                                 57%|█████▋    | 57/100 [06:05<04:29,  6.26s/it] 58%|█████▊    | 58/100 [06:05<04:22,  6.26s/it]                                                 58%|█████▊    | 58/100 [06:11<04:22,  6.26s/it] 59%|█████▉    | 59/100 [06:11<04:16,  6.26s/it]                                                 59%|█████▉    | 59/100 [06:18<04:16,  6.26s/it] 60%|██████    | 60/100 [06:18<04:10,  6.25s/it]                                                 60%|██████    | 60/100 [06:24<04:10,  6.25s/it] 61%|██████    | 61/100 [06:24<04:03,  6.25s/it]                                                 61%|██████    | 61/100 [06:30<04:03,  6.25s/it] 62%|██████▏   | 62/100 [06:30<03:57,  6.25s/it]                                                 62%|██████▏   | 62/100 [06:36<03:57,  6.25s/it] 63%|██████▎   | 63/100 [06:36<03:51,  6.25s/it]                                                 63%|██████▎   | 63/100 [06:43<03:51,  6.25s/it] 64%|██████▍   | 64/100 [06:43<03:45,  6.26s/it]                                                 64%|██████▍   | 64/100 [06:49<03:45,  6.26s/it] 65%|██████▌   | 65/100 [06:49<03:38,  6.26s/it]                                                 65%|██████▌   | 65/100 [06:55<03:38,  6.26s/it] 66%|██████▌   | 66/100 [06:55<03:32,  6.26s/it]                                                 66%|██████▌   | 66/100 [07:02<03:32,  6.26s/it] 67%|██████▋   | 67/100 [07:02<03:26,  6.26s/it]                                                 67%|██████▋   | 67/100 [07:08<03:26,  6.26s/it] 68%|██████▊   | 68/100 [07:08<03:20,  6.26s/it]                                                 68%|██████▊   | 68/100 [07:14<03:20,  6.26s/it] 69%|██████▉   | 69/100 [07:14<03:13,  6.26s/it]                                                 69%|██████▉   | 69/100 [07:20<03:13,  6.26s/it] 70%|███████   | 70/100 [07:20<03:07,  6.26s/it]                                                 70%|███████   | 70/100 [07:27<03:07,  6.26s/it] 71%|███████   | 71/100 [07:27<03:01,  6.26s/it]                                                 71%|███████   | 71/100 [07:33<03:01,  6.26s/it] 72%|███████▏  | 72/100 [07:33<02:55,  6.26s/it]                                                 72%|███████▏  | 72/100 [07:39<02:55,  6.26s/it] 73%|███████▎  | 73/100 [07:39<02:49,  6.26s/it]                                                 73%|███████▎  | 73/100 [07:45<02:49,  6.26s/it] 74%|███████▍  | 74/100 [07:45<02:43,  6.29s/it]                                                 74%|███████▍  | 74/100 [07:52<02:43,  6.29s/it] 75%|███████▌  | 75/100 [07:52<02:37,  6.28s/it]                                                 75%|███████▌  | 75/100 [07:58<02:37,  6.28s/it] 76%|███████▌  | 76/100 [07:58<02:30,  6.28s/it]                                                 76%|███████▌  | 76/100 [08:04<02:30,  6.28s/it] 77%|███████▋  | 77/100 [08:04<02:24,  6.27s/it]                                                 77%|███████▋  | 77/100 [08:11<02:24,  6.27s/it] 78%|███████▊  | 78/100 [08:11<02:18,  6.27s/it]                                                 78%|███████▊  | 78/100 [08:17<02:18,  6.27s/it] 79%|███████▉  | 79/100 [08:17<02:11,  6.27s/it]                                                 79%|███████▉  | 79/100 [08:23<02:11,  6.27s/it] 80%|████████  | 80/100 [08:23<02:05,  6.27s/it]                                                 80%|████████  | 80/100 [08:29<02:05,  6.27s/it] 81%|████████  | 81/100 [08:29<01:59,  6.27s/it]                                                 81%|████████  | 81/100 [08:36<01:59,  6.27s/it] 82%|████████▏ | 82/100 [08:36<01:52,  6.26s/it]                                                 82%|████████▏ | 82/100 [08:42<01:52,  6.26s/it] 83%|████████▎ | 83/100 [08:42<01:46,  6.26s/it]                                                 83%|████████▎ | 83/100 [08:48<01:46,  6.26s/it] 84%|████████▍ | 84/100 [08:48<01:40,  6.27s/it]                                                 84%|████████▍ | 84/100 [08:54<01:40,  6.27s/it] 85%|████████▌ | 85/100 [08:54<01:34,  6.27s/it]                                                 85%|████████▌ | 85/100 [09:01<01:34,  6.27s/it] 86%|████████▌ | 86/100 [09:01<01:27,  6.27s/it]                                                 86%|████████▌ | 86/100 [09:07<01:27,  6.27s/it] 87%|████████▋ | 87/100 [09:07<01:21,  6.27s/it]                                                 87%|████████▋ | 87/100 [09:13<01:21,  6.27s/it] 88%|████████▊ | 88/100 [09:13<01:15,  6.27s/it]                                                 88%|████████▊ | 88/100 [09:19<01:15,  6.27s/it] 89%|████████▉ | 89/100 [09:19<01:08,  6.27s/it]                                                 89%|████████▉ | 89/100 [09:26<01:08,  6.27s/it] 90%|█████████ | 90/100 [09:26<01:02,  6.26s/it]                                                 90%|█████████ | 90/100 [09:32<01:02,  6.26s/it] 91%|█████████ | 91/100 [09:32<00:56,  6.26s/it]                                                 91%|█████████ | 91/100 [09:38<00:56,  6.26s/it] 92%|█████████▏| 92/100 [09:38<00:50,  6.26s/it]                                                 92%|█████████▏| 92/100 [09:44<00:50,  6.26s/it] 93%|█████████▎| 93/100 [09:44<00:43,  6.27s/it]                                                 93%|█████████▎| 93/100 [09:51<00:43,  6.27s/it] 94%|█████████▍| 94/100 [09:51<00:37,  6.26s/it]                                                 94%|█████████▍| 94/100 [09:57<00:37,  6.26s/it] 95%|█████████▌| 95/100 [09:57<00:31,  6.27s/it]                                                 95%|█████████▌| 95/100 [10:03<00:31,  6.27s/it] 96%|█████████▌| 96/100 [10:03<00:25,  6.27s/it]                                                 96%|█████████▌| 96/100 [10:10<00:25,  6.27s/it] 97%|█████████▋| 97/100 [10:10<00:18,  6.27s/it]                                                 97%|█████████▋| 97/100 [10:16<00:18,  6.27s/it] 98%|█████████▊| 98/100 [10:16<00:12,  6.29s/it]                                                 98%|█████████▊| 98/100 [10:22<00:12,  6.29s/it] 99%|█████████▉| 99/100 [10:22<00:06,  6.29s/it]                                                 99%|█████████▉| 99/100 [10:28<00:06,  6.29s/it]100%|██████████| 100/100 [10:28<00:00,  6.28s/it]100%|██████████| 100/100 [10:28<00:00,  6.29s/it]
[I 2025-08-10 12:57:19,742] Trial 0 finished with values: [0.6786780899993473, 0.14077362079898542] and parameters: {'psi': 0.4113823826332418, 'lda_s': 0.0226378944818864, 'lda_t': 1.2979409905259426e-08}.
[I 2025-08-10 12:57:25,999] Trial 1 finished with values: [0.690242544704452, 0.1745928338762215] and parameters: {'psi': 0.5571031775353579, 'lda_s': 0.02509613018006466, 'lda_t': 3.661667090994665e-05}.
[I 2025-08-10 12:57:32,259] Trial 2 finished with values: [0.7141125060144773, 0.2028985507246377] and parameters: {'psi': 0.9603206524116449, 'lda_s': 6.513642155904635e-08, 'lda_t': 0.006561399067164843}.
[I 2025-08-10 12:57:38,532] Trial 3 finished with values: [0.6594318387072782, 0.1438539989264627] and parameters: {'psi': 0.5231313847151439, 'lda_s': 0.6863061890286293, 'lda_t': 2.400074959931985e-07}.
[I 2025-08-10 12:57:44,782] Trial 4 finished with values: [0.6878211958526289, 0.1836283185840708] and parameters: {'psi': 0.6460100683510084, 'lda_s': 5.049332251455608e-07, 'lda_t': 1.3377429782302397e-07}.
[I 2025-08-10 12:57:51,045] Trial 5 finished with values: [0.678981811613671, 0.12980466288594833] and parameters: {'psi': 0.8619378621092076, 'lda_s': 0.08351332041046408, 'lda_t': 0.0007058281424692264}.
[I 2025-08-10 12:57:57,305] Trial 6 finished with values: [0.6030225688989674, 0.19130434782608696] and parameters: {'psi': 0.9079788383761882, 'lda_s': 0.009887625560207506, 'lda_t': 0.7035985808674778}.
[I 2025-08-10 12:58:03,549] Trial 7 finished with values: [0.6895631933724635, 0.18435754189944134] and parameters: {'psi': 0.709966633231946, 'lda_s': 0.0003281727878404146, 'lda_t': 9.721099340818965e-06}.
[I 2025-08-10 12:58:09,826] Trial 8 finished with values: [0.7399957803793712, 0.25] and parameters: {'psi': 0.1370260800282168, 'lda_s': 2.0296697926241306e-06, 'lda_t': 0.06439494618272543}.
[I 2025-08-10 12:58:16,071] Trial 9 finished with values: [0.6838901942391554, 0.23022367703218766] and parameters: {'psi': 0.0636786932642206, 'lda_s': 0.00011653753752416483, 'lda_t': 0.13032813872022195}.
[I 2025-08-10 12:58:22,339] Trial 10 finished with values: [0.48674170153925084, 0.04473161033797217] and parameters: {'psi': 0.3758470527336132, 'lda_s': 0.19113543413921286, 'lda_t': 0.18943587604784046}.
[I 2025-08-10 12:58:28,597] Trial 11 finished with values: [0.6825608619561736, 0.19315673289183222] and parameters: {'psi': 0.014685544807002238, 'lda_s': 1.1799902018464812e-07, 'lda_t': 0.09953006607295257}.
[I 2025-08-10 12:58:34,841] Trial 12 finished with values: [0.7590985569808159, 0.2494407158836689] and parameters: {'psi': 0.39050133051533154, 'lda_s': 0.0003028070079254222, 'lda_t': 0.019317717092410067}.
[I 2025-08-10 12:58:41,094] Trial 13 finished with values: [0.610972645322672, 0.15823152995927864] and parameters: {'psi': 0.5411153535846495, 'lda_s': 0.1485557496368733, 'lda_t': 0.0005333377761500652}.
[I 2025-08-10 12:58:47,375] Trial 14 finished with values: [0.5587875496905864, 0.11752577319587629] and parameters: {'psi': 0.11255119797496949, 'lda_s': 0.013976294414850663, 'lda_t': 0.7379351206094834}.
[I 2025-08-10 12:58:53,632] Trial 15 finished with values: [0.6696969386500553, 0.17452229299363056] and parameters: {'psi': 0.22609153907394242, 'lda_s': 1.4696747506478043, 'lda_t': 0.0012464479896818577}.
[I 2025-08-10 12:58:59,886] Trial 16 finished with values: [0.6880323666152116, 0.2163141993957704] and parameters: {'psi': 0.4310138078370884, 'lda_s': 0.5478251701811866, 'lda_t': 4.4632047908033343e-07}.
[I 2025-08-10 12:59:06,141] Trial 17 finished with values: [0.688534926467798, 0.16774193548387098] and parameters: {'psi': 0.09907281199859574, 'lda_s': 0.02106759533605692, 'lda_t': 1.8474358231312196e-08}.
[I 2025-08-10 12:59:12,402] Trial 18 finished with values: [0.5698210228178263, 0.1244343891402715] and parameters: {'psi': 0.10506198932668487, 'lda_s': 0.018225171045563485, 'lda_t': 0.02820106106269257}.
[I 2025-08-10 12:59:18,675] Trial 19 finished with values: [0.5426506882686957, 0.09975308641975308] and parameters: {'psi': 0.47373406845512755, 'lda_s': 2.3149929689699396, 'lda_t': 0.20594300247269912}.
[I 2025-08-10 12:59:24,932] Trial 20 finished with values: [0.7812575607860637, 0.29494712103407755] and parameters: {'psi': 0.8217577718270875, 'lda_s': 0.00033572275349677766, 'lda_t': 0.1470951430053648}.
[I 2025-08-10 12:59:31,164] Trial 21 finished with values: [0.692083961343418, 0.185761957730812] and parameters: {'psi': 0.5863796140906422, 'lda_s': 0.0014829541905456857, 'lda_t': 1.5187858235435297e-08}.
[I 2025-08-10 12:59:37,432] Trial 22 finished with values: [0.7186501160395673, 0.1974766867800329] and parameters: {'psi': 0.36901295922067145, 'lda_s': 2.4949107317715484e-06, 'lda_t': 0.0031697936615589957}.
[I 2025-08-10 12:59:43,701] Trial 23 finished with values: [0.6858698110429597, 0.18042646254784034] and parameters: {'psi': 0.1921505429040442, 'lda_s': 3.888712523055116e-08, 'lda_t': 2.1678730311183064e-07}.
[I 2025-08-10 12:59:49,962] Trial 24 finished with values: [0.7501716687385308, 0.24639289678135406] and parameters: {'psi': 0.19644586942704623, 'lda_s': 3.275539094198433e-05, 'lda_t': 5.096674263634337}.
[I 2025-08-10 12:59:56,322] Trial 25 finished with values: [0.6594641688941103, 0.1607717041800643] and parameters: {'psi': 0.5324577600991982, 'lda_s': 0.7079816500329343, 'lda_t': 1.3813054231271283e-07}.
[I 2025-08-10 13:00:02,577] Trial 26 finished with values: [0.6924039998360723, 0.1841375485302274] and parameters: {'psi': 0.4678671276480748, 'lda_s': 0.0014792568089834536, 'lda_t': 1.409374560084801e-07}.
[I 2025-08-10 13:00:08,839] Trial 27 finished with values: [0.7274106859615651, 0.23872387238723872] and parameters: {'psi': 0.09235698212798849, 'lda_s': 7.704843936803882e-07, 'lda_t': 5.864017870100099}.
[I 2025-08-10 13:00:15,101] Trial 28 finished with values: [0.6979005110598079, 0.2486741308190925] and parameters: {'psi': 0.40584463960112094, 'lda_s': 0.5797441709097797, 'lda_t': 1.538012697765639e-07}.
