[I 2025-08-10 13:00:09,753] Trial 29 finished with values: [0.9628851202702231, 0.383808095952024] and parameters: {'psi': 0.6150760947045344, 'lda_s': 1.389041442772038e-06, 'lda_t': 0.0263037356015028}.
[I 2025-08-10 13:00:15,437] Trial 30 finished with values: [0.950531747719834, 0.23488372093023255] and parameters: {'psi': 0.14378039269246756, 'lda_s': 4.395732097379448e-07, 'lda_t': 0.0004724193240739527}.
[I 2025-08-10 13:00:21,132] Trial 31 finished with values: [0.9192254578585966, 0.3076923076923077] and parameters: {'psi': 0.47042438506445394, 'lda_s': 0.010930773819617401, 'lda_t': 2.668659147887885e-05}.
[I 2025-08-10 13:00:26,801] Trial 32 finished with values: [0.9769010377810723, 0.4281437125748503] and parameters: {'psi': 0.8939179251046022, 'lda_s': 2.3817174483941647e-07, 'lda_t': 1.1974190675810925}.
[I 2025-08-10 13:00:32,481] Trial 33 finished with values: [0.9791092987596786, 0.4523470839260313] and parameters: {'psi': 0.5481965041172676, 'lda_s': 1.6651954478514225e-08, 'lda_t': 0.11152384757096957}.
[I 2025-08-10 13:00:38,176] Trial 34 finished with values: [0.9257573833567725, 0.3892100192678227] and parameters: {'psi': 0.26874426745887947, 'lda_s': 0.09929248098927142, 'lda_t': 7.391774027627109e-05}.
[I 2025-08-10 13:00:43,866] Trial 35 finished with values: [0.9392639341712196, 0.2140391254315305] and parameters: {'psi': 0.0216031693921227, 'lda_s': 0.32097217822824725, 'lda_t': 0.00030981523659552167}.
[I 2025-08-10 13:00:49,558] Trial 36 finished with values: [0.9469972920548954, 0.21603563474387527] and parameters: {'psi': 0.2324200594526189, 'lda_s': 5.296874650634204e-06, 'lda_t': 1.9245636504964803e-07}.
[I 2025-08-10 13:00:55,248] Trial 37 finished with values: [0.9270210381620259, 0.3673469387755102] and parameters: {'psi': 0.26506339436692605, 'lda_s': 0.35044825019981285, 'lda_t': 2.8704846431079656e-07}.
[I 2025-08-10 13:01:00,926] Trial 38 finished with values: [0.9472226895958399, 0.21476510067114093] and parameters: {'psi': 0.3572741894363104, 'lda_s': 2.6922407340275987e-08, 'lda_t': 8.347043216412385e-05}.
[I 2025-08-10 13:01:06,634] Trial 39 finished with values: [0.9458112565436715, 0.42414355628058725] and parameters: {'psi': 0.9594865396561819, 'lda_s': 0.0030434980099243716, 'lda_t': 0.07125299772934975}.
[I 2025-08-10 13:01:12,322] Trial 40 finished with values: [0.9519792126324211, 0.23198198198198197] and parameters: {'psi': 0.029853213870169815, 'lda_s': 1.0215182316028685e-06, 'lda_t': 0.029334096279099425}.
[I 2025-08-10 13:01:18,012] Trial 41 finished with values: [0.930914383855187, 0.39330543933054396] and parameters: {'psi': 0.8140484494072554, 'lda_s': 0.03285062286968356, 'lda_t': 6.345919011716355e-06}.
[I 2025-08-10 13:01:23,690] Trial 42 finished with values: [0.9654136997260309, 0.42546063651591287] and parameters: {'psi': 0.8058056283428007, 'lda_s': 8.253525131353458e-05, 'lda_t': 0.08179822499166622}.
[I 2025-08-10 13:01:29,372] Trial 43 finished with values: [0.9469314188299011, 0.21428571428571427] and parameters: {'psi': 0.28654897183955885, 'lda_s': 1.0118717958168312e-05, 'lda_t': 1.2016302095802453e-07}.
[I 2025-08-10 13:01:35,065] Trial 44 finished with values: [0.9406680656129067, 0.4195804195804196] and parameters: {'psi': 0.7307847655806083, 'lda_s': 0.002506529626113632, 'lda_t': 0.05142274171122795}.
[I 2025-08-10 13:01:40,763] Trial 45 finished with values: [0.8760586541544577, 0.39615384615384613] and parameters: {'psi': 0.9137791784691072, 'lda_s': 0.02782360439947039, 'lda_t': 0.07168261130704583}.
[I 2025-08-10 13:01:46,441] Trial 46 finished with values: [0.946126813100994, 0.22790697674418606] and parameters: {'psi': 0.5911086946380322, 'lda_s': 1.945227003008174e-06, 'lda_t': 0.00016599194011789265}.
[I 2025-08-10 13:01:52,139] Trial 47 finished with values: [0.924611824164521, 0.3663003663003663] and parameters: {'psi': 0.5948465162120236, 'lda_s': 0.017672250402985815, 'lda_t': 0.0021045959179005584}.
[I 2025-08-10 13:01:57,830] Trial 48 finished with values: [0.9562631944863316, 0.3836065573770492] and parameters: {'psi': 0.8741655588355399, 'lda_s': 4.198948690089969e-07, 'lda_t': 0.04031839640050539}.
[I 2025-08-10 13:02:03,631] Trial 49 finished with values: [0.9630951209368919, 0.33707865168539325] and parameters: {'psi': 0.19833019843131705, 'lda_s': 9.732227221022951e-06, 'lda_t': 0.006494641744567814}.
[I 2025-08-10 13:02:09,346] Trial 50 finished with values: [0.9361297972374515, 0.3550488599348534] and parameters: {'psi': 0.7599745359273298, 'lda_s': 0.003387070722004296, 'lda_t': 0.006494641744567814}.
[I 2025-08-10 13:02:15,027] Trial 51 finished with values: [0.9471822132768675, 0.21724524076147816] and parameters: {'psi': 0.19833019843131705, 'lda_s': 9.732227221022951e-06, 'lda_t': 2.571553006691653e-05}.
[I 2025-08-10 13:02:20,713] Trial 52 finished with values: [0.9680718034025505, 0.4336569579288026] and parameters: {'psi': 0.7520760835931362, 'lda_s': 3.429067136970845e-07, 'lda_t': 0.08179822499166622}.
[I 2025-08-10 13:02:26,402] Trial 53 finished with values: [0.715366397988565, 0.16806722689075632] and parameters: {'psi': 0.22838276808393554, 'lda_s': 0.42191537077634783, 'lda_t': 0.8298579323082586}.
[I 2025-08-10 13:02:32,074] Trial 54 finished with values: [0.9465801478734853, 0.21639344262295082] and parameters: {'psi': 0.03530090590266444, 'lda_s': 8.253525131353458e-05, 'lda_t': 0.08179822499166622}.
[I 2025-08-10 13:02:37,763] Trial 55 finished with values: [0.9360539239807111, 0.2149321266968326] and parameters: {'psi': 0.9523099592447267, 'lda_s': 2.6922407340275987e-08, 'lda_t': 8.347043216412385e-05}.
[I 2025-08-10 13:02:43,438] Trial 56 finished with values: [0.949642697278404, 0.22863741339491916] and parameters: {'psi': 0.2233993070087823, 'lda_s': 1.0215182316028685e-06, 'lda_t': 0.0005319214972847872}.
[I 2025-08-10 13:02:49,125] Trial 57 finished with values: [0.9478442788707266, 0.21846846846846846] and parameters: {'psi': 0.15025519826966216, 'lda_s': 5.138571232511759e-06, 'lda_t': 7.224346013212483e-05}.
[I 2025-08-10 13:02:54,809] Trial 58 finished with values: [0.9474982460261779, 0.2182628062360802] and parameters: {'psi': 0.07564158958700662, 'lda_s': 2.652775430734705e-06, 'lda_t': 5.792964928619488e-08}.
[I 2025-08-10 13:03:00,500] Trial 59 finished with values: [0.9428810885113921, 0.24539877300613497] and parameters: {'psi': 0.7329980025350189, 'lda_s': 5.5767464409554e-07, 'lda_t': 7.391774027627109e-05}.
[I 2025-08-10 13:03:06,180] Trial 60 finished with values: [0.974064838301074, 0.37777777777777777] and parameters: {'psi': 0.22838276808393554, 'lda_s': 2.3469260233780796e-08, 'lda_t': 0.30226133875376604}.
[I 2025-08-10 13:03:11,865] Trial 61 finished with values: [0.9746238876948816, 0.3868194842406877] and parameters: {'psi': 0.23139867128623137, 'lda_s': 0.00026726880949167126, 'lda_t': 0.13561535669894964}.
[I 2025-08-10 13:03:17,557] Trial 62 finished with values: [0.9491387274245315, 0.32063492063492066] and parameters: {'psi': 0.9946525556293366, 'lda_s': 0.13483669993684186, 'lda_t': 5.792964928619488e-08}.
[I 2025-08-10 13:03:23,250] Trial 63 finished with values: [0.9191245051571592, 0.3072289156626506] and parameters: {'psi': 0.47042438506445394, 'lda_s': 0.010930773819617401, 'lda_t': 4.861206660899581e-07}.
[I 2025-08-10 13:03:28,938] Trial 64 finished with values: [0.9393417121959118, 0.25831202046035806] and parameters: {'psi': 0.8058056283428007, 'lda_s': 8.253525131353458e-05, 'lda_t': 5.874537863274239e-07}.
[I 2025-08-10 13:03:34,625] Trial 65 finished with values: [0.6143463947504595, 0.07161572052401746] and parameters: {'psi': 0.5816599464564504, 'lda_s': 0.017672250402985815, 'lda_t': 0.41504118999300127}.
[I 2025-08-10 13:03:40,324] Trial 66 finished with values: [0.9621200384763126, 0.4124031007751938] and parameters: {'psi': 0.22838276808393554, 'lda_s': 0.0008588766592167486, 'lda_t': 0.0263037356015028}.
[I 2025-08-10 13:03:46,009] Trial 67 finished with values: [0.9676843418550535, 0.31266149870801035] and parameters: {'psi': 0.12017951438361474, 'lda_s': 4.9113443160972864e-08, 'lda_t': 0.08611433728963865}.
[I 2025-08-10 13:03:51,703] Trial 68 finished with values: [0.9303059692252991, 0.3154848046309696] and parameters: {'psi': 0.8058056283428007, 'lda_s': 0.003513966778601396, 'lda_t': 1.166753318456797e-06}.
[I 2025-08-10 13:03:57,375] Trial 69 finished with values: [0.9756010336540751, 0.4051355206847361] and parameters: {'psi': 0.7331497602707195, 'lda_s': 7.167654948665305e-05, 'lda_t': 0.8298579323082586}.
[I 2025-08-10 13:04:03,051] Trial 70 finished with values: [0.976109289235839, 0.4017725258493353] and parameters: {'psi': 0.8058056283428007, 'lda_s': 5.138571232511759e-06, 'lda_t': 2.432617964566725}.
[I 2025-08-10 13:04:08,746] Trial 71 finished with values: [0.7479547554119221, 0.1595959595959596] and parameters: {'psi': 0.7307847655806083, 'lda_s': 0.1347233067786755, 'lda_t': 0.05142274171122795}.
[I 2025-08-10 13:04:14,430] Trial 72 finished with values: [0.929778665964019, 0.395112016293279] and parameters: {'psi': 0.14378039269246756, 'lda_s': 0.6163469205148585, 'lda_t': 0.0007556787641945382}.
[I 2025-08-10 13:04:20,244] Trial 73 finished with values: [0.9377796437449006, 0.2576530612244898] and parameters: {'psi': 0.8380444483280816, 'lda_s': 1.389041442772038e-06, 'lda_t': 0.00011165722667604637}.
[I 2025-08-10 13:04:25,927] Trial 74 finished with values: [0.8576314527982629, 0.22245762711864406] and parameters: {'psi': 0.9137791784691072, 'lda_s': 7.636971617718268, 'lda_t': 0.07168261130704583}.
[I 2025-08-10 13:04:31,616] Trial 75 finished with values: [0.9628851202702231, 0.383808095952024] and parameters: {'psi': 0.6150760947045344, 'lda_s': 1.389041442772038e-06, 'lda_t': 0.0263037356015028}.
[I 2025-08-10 13:04:37,304] Trial 76 finished with values: [0.9740638859170981, 0.37777777777777777] and parameters: {'psi': 0.22838276808393554, 'lda_s': 9.5488458627834e-08, 'lda_t': 0.8298579323082586}.
[I 2025-08-10 13:04:42,988] Trial 77 finished with values: [0.9719313394645698, 0.4150375939849624] and parameters: {'psi': 0.5024201391112326, 'lda_s': 6.589313618030602e-07, 'lda_t': 0.04466395245976316}.
[I 2025-08-10 13:04:48,661] Trial 78 finished with values: [0.9481955498271424, 0.22706422018348624] and parameters: {'psi': 0.3155848852101556, 'lda_s': 6.296910630240671e-05, 'lda_t': 0.0004724193240739527}.
[I 2025-08-10 13:04:54,361] Trial 79 finished with values: [0.927036752497627, 0.36666666666666664] and parameters: {'psi': 0.9137791784691072, 'lda_s': 0.02782360439947039, 'lda_t': 1.2279788448242659e-05}.
[I 2025-08-10 13:05:00,056] Trial 80 finished with values: [0.9541836640751241, 0.2591194968553459] and parameters: {'psi': 0.5482802522461263, 'lda_s': 1.3832818754128, 'lda_t': 1.5854763579525896e-08}.
[I 2025-08-10 13:05:05,757] Trial 81 finished with values: [0.8739127743262677, 0.3967935871743487] and parameters: {'psi': 0.363769776854887, 'lda_s': 0.017672250402985815, 'lda_t': 0.015505184553140854}.
[I 2025-08-10 13:05:11,456] Trial 82 finished with values: [0.9044219187997423, 0.2807017543859649] and parameters: {'psi': 0.005540112644380479, 'lda_s': 0.6163469205148585, 'lda_t': 0.13561535669894964}.
[I 2025-08-10 13:05:17,152] Trial 83 finished with values: [0.9469891967911008, 0.21627647714604237] and parameters: {'psi': 0.2553502990080926, 'lda_s': 5.296874650634204e-06, 'lda_t': 2.3183322198013556e-07}.
[I 2025-08-10 13:05:22,850] Trial 84 finished with values: [0.9661537020752446, 0.35327635327635326] and parameters: {'psi': 0.39050391340127344, 'lda_s': 5.296874650634204e-06, 'lda_t': 0.015505184553140854}.
[I 2025-08-10 13:05:28,573] Trial 85 finished with values: [0.9326232781691368, 0.3022598870056497] and parameters: {'psi': 0.7599745359273298, 'lda_s': 0.003387070722004296, 'lda_t': 5.730185535849596e-08}.
[I 2025-08-10 13:05:34,268] Trial 86 finished with values: [0.7349613808297804, 0.12524850894632206] and parameters: {'psi': 0.15025519826966216, 'lda_s': 0.06636502132178108, 'lda_t': 0.04466395245976316}.
[I 2025-08-10 13:05:39,947] Trial 87 finished with values: [0.9481580893907599, 0.22784810126582278] and parameters: {'psi': 0.22838276808393554, 'lda_s': 7.167654948665305e-05, 'lda_t': 0.0003420933578386859}.
[I 2025-08-10 13:05:45,646] Trial 88 finished with values: [0.945588081232004, 0.22790697674418606] and parameters: {'psi': 0.6106765825056591, 'lda_s': 1.361562048571711e-07, 'lda_t': 9.552504049817452e-08}.
[I 2025-08-10 13:05:51,319] Trial 89 finished with values: [0.9451933180740256, 0.23543400713436385] and parameters: {'psi': 0.6617501161431505, 'lda_s': 1.4538049771687005e-07, 'lda_t': 0.0004649904237715256}.
[I 2025-08-10 13:05:57,020] Trial 90 finished with values: [0.946615703541916, 0.2224744608399546] and parameters: {'psi': 0.5037859957762706, 'lda_s': 2.880712822667247e-08, 'lda_t': 3.0155858760390613e-06}.
[I 2025-08-10 13:06:02,718] Trial 91 finished with values: [0.9244869031330258, 0.23513870541611626] and parameters: {'psi': 0.630496599572357, 'lda_s': 0.12073276088853448, 'lda_t': 2.790852384040386e-07}.
[I 2025-08-10 13:06:08,415] Trial 92 finished with values: [0.9310724795951733, 0.31871345029239767] and parameters: {'psi': 0.8058056283428007, 'lda_s': 0.003387070722004296, 'lda_t': 0.0004959216977815314}.
[I 2025-08-10 13:06:14,085] Trial 93 finished with values: [0.946108400344128, 0.22502870264064295] and parameters: {'psi': 0.518871016176356, 'lda_s': 8.253525131353458e-05, 'lda_t': 9.847137760690543e-08}.
[I 2025-08-10 13:06:19,768] Trial 94 finished with values: [0.9420093397121896, 0.25] and parameters: {'psi': 0.7544574594634879, 'lda_s': 1.3144734377778268e-05, 'lda_t': 7.176514685670202e-07}.
[I 2025-08-10 13:06:25,450] Trial 95 finished with values: [0.9547758881774228, 0.27560050568900124] and parameters: {'psi': 0.15025519826966216, 'lda_s': 2.928079407616849e-06, 'lda_t': 0.0017671921464752832}.
[I 2025-08-10 13:06:31,128] Trial 96 finished with values: [0.9740624573411344, 0.37777777777777777] and parameters: {'psi': 0.22838276808393554, 'lda_s': 2.26212504237271e-07, 'lda_t': 3.32810139003286}.
[I 2025-08-10 13:06:36,919] Trial 97 finished with values: [0.9747175387858373, 0.39775910364145656] and parameters: {'psi': 0.35306899019469284, 'lda_s': 2.6922407340275987e-08, 'lda_t': 0.10914730651842351}.
[I 2025-08-10 13:06:42,615] Trial 98 finished with values: [0.9355636049638252, 0.21768707482993196] and parameters: {'psi': 0.9464418944542441, 'lda_s': 6.589313618030602e-07, 'lda_t': 5.792964928619488e-08}.
[I 2025-08-10 13:06:48,322] Trial 99 finished with values: [0.9321172448166503, 0.24316109422492402] and parameters: {'psi': 0.43431219031722934, 'lda_s': 0.03285062286968356, 'lda_t': 6.345919011716355e-06}.
