[I 2025-08-10 13:09:25,539] A new study created in memory with name: no-name-f2b97425-6c4a-48c4-b71f-47e9ae8f9536
Mode-0 approx rank: 2/38
Estimated noise variance from mode-0: 0.0
Mode-1 approx rank: 5/20
Estimated noise variance from mode-1: 0.00014973592477802964
Mode-2 approx rank: 4/24
Estimated noise variance from mode-2: 0.00010664002061266513
Mode-3 approx rank: 1/60
Estimated noise variance from mode-3: 7.39541011618428e-05
  0%|          | 0/100 [00:00<?, ?it/s]/mnt/ffs24/home/mondalra/Anomaly_Detection/src/proximal_ops/prox_overlapping_grouped_l21.py:405: UserWarning: Sparse CSR tensor support is in beta state. If you miss a functionality in the sparse tensor support, please submit a feature request to https://github.com/pytorch/pytorch/issues. (Triggered internally at /home/conda/feedstock_root/build_artifacts/libtorch_1742922447420/work/aten/src/ATen/SparseCsrTensorImpl.cpp:53.)
  G_ind = torch.sparse_csr_tensor(A_r.indptr, A_r.indices, A_r.data, device=device, dtype=dtype)
                                         0%|          | 0/100 [00:07<?, ?it/s]  1%|          | 1/100 [00:07<12:27,  7.55s/it]                                                 1%|          | 1/100 [00:13<12:27,  7.55s/it]  2%|▏         | 2/100 [00:13<11:00,  6.74s/it]                                                 2%|▏         | 2/100 [00:19<11:00,  6.74s/it]  3%|▎         | 3/100 [00:19<10:27,  6.47s/it]                                                 3%|▎         | 3/100 [00:26<10:27,  6.47s/it]  4%|▍         | 4/100 [00:26<10:08,  6.34s/it]                                                 4%|▍         | 4/100 [00:32<10:08,  6.34s/it]  5%|▌         | 5/100 [00:32<09:56,  6.28s/it]                                                 5%|▌         | 5/100 [00:38<09:56,  6.28s/it]  6%|▌         | 6/100 [00:38<09:45,  6.23s/it]                                                 6%|▌         | 6/100 [00:44<09:45,  6.23s/it]  7%|▋         | 7/100 [00:44<09:37,  6.21s/it]                                                 7%|▋         | 7/100 [00:50<09:37,  6.21s/it]  8%|▊         | 8/100 [00:50<09:30,  6.20s/it]                                                 8%|▊         | 8/100 [00:56<09:30,  6.20s/it]  9%|▉         | 9/100 [00:56<09:22,  6.18s/it]                                                 9%|▉         | 9/100 [01:02<09:22,  6.18s/it] 10%|█         | 10/100 [01:02<09:15,  6.17s/it]                                                 10%|█         | 10/100 [01:09<09:15,  6.17s/it] 11%|█         | 11/100 [01:09<09:08,  6.17s/it]                                                 11%|█         | 11/100 [01:15<09:08,  6.17s/it] 12%|█▏        | 12/100 [01:15<09:01,  6.16s/it]                                                 12%|█▏        | 12/100 [01:21<09:01,  6.16s/it] 13%|█▎        | 13/100 [01:21<08:55,  6.15s/it]                                                 13%|█▎        | 13/100 [01:27<08:55,  6.15s/it] 14%|█▍        | 14/100 [01:27<08:49,  6.15s/it]                                                 14%|█▍        | 14/100 [01:33<08:49,  6.15s/it] 15%|█▌        | 15/100 [01:33<08:42,  6.15s/it]                                                 15%|█▌        | 15/100 [01:39<08:42,  6.15s/it] 16%|█▌        | 16/100 [01:39<08:36,  6.15s/it]                                                 16%|█▌        | 16/100 [01:45<08:36,  6.15s/it] 17%|█▋        | 17/100 [01:45<08:30,  6.15s/it]                                                 17%|█▋        | 17/100 [01:52<08:30,  6.15s/it] 18%|█▊        | 18/100 [01:52<08:24,  6.15s/it]                                                 18%|█▊        | 18/100 [01:58<08:24,  6.15s/it] 19%|█▉        | 19/100 [01:58<08:18,  6.15s/it]                                                 19%|█▉        | 19/100 [02:04<08:18,  6.15s/it] 20%|██        | 20/100 [02:04<08:11,  6.15s/it]                                                 20%|██        | 20/100 [02:10<08:11,  6.15s/it] 21%|██        | 21/100 [02:10<08:05,  6.15s/it]                                                 21%|██        | 21/100 [02:16<08:05,  6.15s/it] 22%|██▏       | 22/100 [02:16<07:59,  6.15s/it]                                                 22%|██▏       | 22/100 [02:22<07:59,  6.15s/it] 23%|██▎       | 23/100 [02:22<07:53,  6.15s/it]                                                 23%|██▎       | 23/100 [02:29<07:53,  6.15s/it] 24%|██▍       | 24/100 [02:29<07:47,  6.15s/it]                                                 24%|██▍       | 24/100 [02:35<07:47,  6.15s/it] 25%|██▌       | 25/100 [02:35<07:41,  6.15s/it]                                                 25%|██▌       | 25/100 [02:41<07:41,  6.15s/it] 26%|██▌       | 26/100 [02:41<07:37,  6.18s/it]                                                 26%|██▌       | 26/100 [02:47<07:37,  6.18s/it] 27%|██▋       | 27/100 [02:47<07:30,  6.17s/it]                                                 27%|██▋       | 27/100 [02:53<07:30,  6.17s/it] 28%|██▊       | 28/100 [02:53<07:23,  6.16s/it]                                                 28%|██▊       | 28/100 [02:59<07:23,  6.16s/it] 29%|██▉       | 29/100 [02:59<07:16,  6.15s/it]                                                 29%|██▉       | 29/100 [03:05<07:16,  6.15s/it] 30%|███       | 30/100 [03:05<07:10,  6.15s/it]                                                 30%|███       | 30/100 [03:12<07:10,  6.15s/it] 31%|███       | 31/100 [03:12<07:04,  6.16s/it]                                                 31%|███       | 31/100 [03:18<07:04,  6.16s/it] 32%|███▏      | 32/100 [03:18<06:58,  6.15s/it]                                                 32%|███▏      | 32/100 [03:24<06:58,  6.15s/it] 33%|███▎      | 33/100 [03:24<06:52,  6.15s/it]                                                 33%|███▎      | 33/100 [03:30<06:52,  6.15s/it] 34%|███▍      | 34/100 [03:30<06:45,  6.15s/it]                                                 34%|███▍      | 34/100 [03:36<06:45,  6.15s/it] 35%|███▌      | 35/100 [03:36<06:39,  6.15s/it]                                                 35%|███▌      | 35/100 [03:42<06:39,  6.15s/it] 36%|███▌      | 36/100 [03:42<06:33,  6.14s/it]                                                 36%|███▌      | 36/100 [03:49<06:33,  6.14s/it] 37%|███▋      | 37/100 [03:49<06:27,  6.15s/it]                                                 37%|███▋      | 37/100 [03:55<06:27,  6.15s/it] 38%|███▊      | 38/100 [03:55<06:21,  6.16s/it]                                                 38%|███▊      | 38/100 [04:01<06:21,  6.16s/it] 39%|███▉      | 39/100 [04:01<06:15,  6.15s/it]                                                 39%|███▉      | 39/100 [04:07<06:15,  6.15s/it] 40%|████      | 40/100 [04:07<06:08,  6.15s/it]                                                 40%|████      | 40/100 [04:13<06:08,  6.15s/it] 41%|████      | 41/100 [04:13<06:02,  6.15s/it]                                                 41%|████      | 41/100 [04:19<06:02,  6.15s/it] 42%|████▏     | 42/100 [04:19<05:56,  6.15s/it]                                                 42%|████▏     | 42/100 [04:25<05:56,  6.15s/it] 43%|████▎     | 43/100 [04:25<05:50,  6.15s/it]                                                 43%|████▎     | 43/100 [04:32<05:50,  6.15s/it] 44%|████▍     | 44/100 [04:32<05:44,  6.15s/it]                                                 44%|████▍     | 44/100 [04:38<05:44,  6.15s/it] 45%|████▌     | 45/100 [04:38<05:38,  6.15s/it]                                                 45%|████▌     | 45/100 [04:44<05:38,  6.15s/it] 46%|████▌     | 46/100 [04:44<05:32,  6.15s/it]                                                 46%|████▌     | 46/100 [04:50<05:32,  6.15s/it] 47%|████▋     | 47/100 [04:50<05:25,  6.15s/it]                                                 47%|████▋     | 47/100 [04:56<05:25,  6.15s/it] 48%|████▊     | 48/100 [04:56<05:19,  6.15s/it]                                                 48%|████▊     | 48/100 [05:02<05:19,  6.15s/it] 49%|████▉     | 49/100 [05:02<05:13,  6.15s/it]                                                 49%|████▉     | 49/100 [05:09<05:13,  6.15s/it] 50%|█████     | 50/100 [05:09<05:08,  6.18s/it]                                                 50%|█████     | 50/100 [05:15<05:08,  6.18s/it] 51%|█████     | 51/100 [05:15<05:02,  6.17s/it]                                                 51%|█████     | 51/100 [05:21<05:02,  6.17s/it] 52%|█████▏    | 52/100 [05:21<04:55,  6.17s/it]                                                 52%|█████▏    | 52/100 [05:27<04:55,  6.17s/it] 53%|█████▎    | 53/100 [05:27<04:49,  6.16s/it]                                                 53%|█████▎    | 53/100 [05:33<04:49,  6.16s/it] 54%|█████▍    | 54/100 [05:33<04:43,  6.16s/it]                                                 54%|█████▍    | 54/100 [05:39<04:43,  6.16s/it] 55%|█████▌    | 55/100 [05:39<04:36,  6.15s/it]                                                 55%|█████▌    | 55/100 [05:45<04:36,  6.15s/it] 56%|█████▌    | 56/100 [05:45<04:30,  6.15s/it]                                                 56%|█████▌    | 56/100 [05:52<04:30,  6.15s/it] 57%|█████▋    | 57/100 [05:52<04:24,  6.15s/it]                                                 57%|█████▋    | 57/100 [05:58<04:24,  6.15s/it] 58%|█████▊    | 58/100 [05:58<04:18,  6.15s/it]                                                 58%|█████▊    | 58/100 [06:04<04:18,  6.15s/it] 59%|█████▉    | 59/100 [06:04<04:12,  6.15s/it]                                                 59%|█████▉    | 59/100 [06:10<04:12,  6.15s/it] 60%|██████    | 60/100 [06:10<04:05,  6.15s/it]                                                 60%|██████    | 60/100 [06:16<04:05,  6.15s/it] 61%|██████    | 61/100 [06:16<03:59,  6.15s/it]                                                 61%|██████    | 61/100 [06:22<03:59,  6.15s/it] 62%|██████▏   | 62/100 [06:22<03:53,  6.15s/it]                                                 62%|██████▏   | 62/100 [06:29<03:53,  6.15s/it] 63%|██████▎   | 63/100 [06:29<03:47,  6.15s/it]                                                 63%|██████▎   | 63/100 [06:35<03:47,  6.15s/it] 64%|██████▍   | 64/100 [06:35<03:41,  6.15s/it]                                                 64%|██████▍   | 64/100 [06:41<03:41,  6.15s/it] 65%|██████▌   | 65/100 [06:41<03:35,  6.15s/it]                                                 65%|██████▌   | 65/100 [06:47<03:35,  6.15s/it] 66%|██████▌   | 66/100 [06:47<03:29,  6.15s/it]                                                 66%|██████▌   | 66/100 [06:53<03:29,  6.15s/it] 67%|██████▋   | 67/100 [06:53<03:22,  6.15s/it]                                                 67%|██████▋   | 67/100 [06:59<03:22,  6.15s/it] 68%|██████▊   | 68/100 [06:59<03:16,  6.15s/it]                                                 68%|██████▊   | 68/100 [07:05<03:16,  6.15s/it] 69%|██████▉   | 69/100 [07:05<03:10,  6.15s/it]                                                 69%|██████▉   | 69/100 [07:12<03:10,  6.15s/it] 70%|███████   | 70/100 [07:12<03:04,  6.16s/it]                                                 70%|███████   | 70/100 [07:18<03:04,  6.16s/it] 71%|███████   | 71/100 [07:18<02:58,  6.15s/it]                                                 71%|███████   | 71/100 [07:24<02:58,  6.15s/it] 72%|███████▏  | 72/100 [07:24<02:52,  6.15s/it]                                                 72%|███████▏  | 72/100 [07:30<02:52,  6.15s/it] 73%|███████▎  | 73/100 [07:30<02:45,  6.15s/it]                                                 73%|███████▎  | 73/100 [07:36<02:45,  6.15s/it] 74%|███████▍  | 74/100 [07:36<02:40,  6.18s/it]                                                 74%|███████▍  | 74/100 [07:42<02:40,  6.18s/it] 75%|███████▌  | 75/100 [07:42<02:34,  6.17s/it]                                                 75%|███████▌  | 75/100 [07:49<02:34,  6.17s/it] 76%|███████▌  | 76/100 [07:49<02:27,  6.16s/it]                                                 76%|███████▌  | 76/100 [07:55<02:27,  6.16s/it] 77%|███████▋  | 77/100 [07:55<02:21,  6.15s/it]                                                 77%|███████▋  | 77/100 [08:01<02:21,  6.15s/it] 78%|███████▊  | 78/100 [08:01<02:15,  6.15s/it]                                                 78%|███████▊  | 78/100 [08:07<02:15,  6.15s/it] 79%|███████▉  | 79/100 [08:07<02:09,  6.16s/it]                                                 79%|███████▉  | 79/100 [08:13<02:09,  6.16s/it] 80%|████████  | 80/100 [08:13<02:03,  6.15s/it]                                                 80%|████████  | 80/100 [08:19<02:03,  6.15s/it] 81%|████████  | 81/100 [08:19<01:56,  6.15s/it]                                                 81%|████████  | 81/100 [08:25<01:56,  6.15s/it] 82%|████████▏ | 82/100 [08:25<01:50,  6.15s/it]                                                 82%|████████▏ | 82/100 [08:32<01:50,  6.15s/it] 83%|████████▎ | 83/100 [08:32<01:44,  6.15s/it]                                                 83%|████████▎ | 83/100 [08:38<01:44,  6.15s/it] 84%|████████▍ | 84/100 [08:38<01:38,  6.15s/it]                                                 84%|████████▍ | 84/100 [08:44<01:38,  6.15s/it] 85%|████████▌ | 85/100 [08:44<01:32,  6.15s/it]                                                 85%|████████▌ | 85/100 [08:50<01:32,  6.15s/it] 86%|████████▌ | 86/100 [08:50<01:26,  6.15s/it]                                                 86%|████████▌ | 86/100 [08:56<01:26,  6.15s/it] 87%|████████▋ | 87/100 [08:56<01:19,  6.15s/it]                                                 87%|████████▋ | 87/100 [09:02<01:19,  6.15s/it] 88%|████████▊ | 88/100 [09:02<01:13,  6.15s/it]                                                 88%|████████▊ | 88/100 [09:08<01:13,  6.15s/it] 89%|████████▉ | 89/100 [09:08<01:07,  6.15s/it]                                                 89%|████████▉ | 89/100 [09:15<01:07,  6.15s/it] 90%|█████████ | 90/100 [09:15<01:01,  6.15s/it]                                                 90%|█████████ | 90/100 [09:21<01:01,  6.15s/it] 91%|█████████ | 91/100 [09:21<00:55,  6.15s/it]                                                 91%|█████████ | 91/100 [09:27<00:55,  6.15s/it] 92%|█████████▏| 92/100 [09:27<00:49,  6.15s/it]                                                 92%|█████████▏| 92/100 [09:33<00:49,  6.15s/it] 93%|█████████▎| 93/100 [09:33<00:43,  6.15s/it]                                                 93%|█████████▎| 93/100 [09:39<00:43,  6.15s/it] 94%|█████████▍| 94/100 [09:39<00:36,  6.15s/it]                                                 94%|█████████▍| 94/100 [09:45<00:36,  6.15s/it] 95%|█████████▌| 95/100 [09:45<00:30,  6.15s/it]                                                 95%|█████████▌| 95/100 [09:52<00:30,  6.15s/it] 96%|█████████▌| 96/100 [09:52<00:24,  6.15s/it]                                                 96%|█████████▌| 96/100 [09:58<00:24,  6.15s/it] 97%|█████████▋| 97/100 [09:58<00:18,  6.15s/it]                                                 97%|█████████▋| 97/100 [10:04<00:18,  6.15s/it] 98%|█████████▊| 98/100 [10:04<00:12,  6.18s/it]                                                 98%|█████████▊| 98/100 [10:10<00:12,  6.18s/it] 99%|█████████▉| 99/100 [10:10<00:06,  6.17s/it]                                                 99%|█████████▉| 99/100 [10:16<00:06,  6.17s/it]100%|██████████| 100/100 [10:16<00:00,  6.16s/it]100%|██████████| 100/100 [10:16<00:00,  6.17s/it]
[I 2025-08-10 13:09:33,089] Trial 0 finished with values: [0.7884691401049782, 0.11842105263157894] and parameters: {'psi': 0.42376376477205824, 'lda_s': 6.515754547702273e-06, 'lda_t': 1.3407734593097462e-08}.
[I 2025-08-10 13:09:39,262] Trial 1 finished with values: [0.7778948058186672, 0.11382113821138211] and parameters: {'psi': 0.04809918591339879, 'lda_s': 2.7409788391415537e-06, 'lda_t': 7.499943771567572e-08}.
[I 2025-08-10 13:09:45,403] Trial 2 finished with values: [0.7767666529688709, 0.12457337883959044] and parameters: {'psi': 0.895288024389873, 'lda_s': 1.5010597422495868e-07, 'lda_t': 0.00285809536130612}.
[I 2025-08-10 13:09:51,556] Trial 3 finished with values: [0.8245560944297023, 0.15948670944087992] and parameters: {'psi': 0.5755865802990064, 'lda_s': 3.324798760602709e-06, 'lda_t': 0.06257058745454393}.
[I 2025-08-10 13:09:57,715] Trial 4 finished with values: [0.6845237348134995, 0.14340344168260039] and parameters: {'psi': 0.7178500258974285, 'lda_s': 3.3157768292107135, 'lda_t': 9.312422980430474}.
[I 2025-08-10 13:10:03,862] Trial 5 finished with values: [0.7870655099663283, 0.12436289500509684] and parameters: {'psi': 0.6423014742537237, 'lda_s': 0.044015777235127514, 'lda_t': 1.2749301993171518e-07}.
[I 2025-08-10 13:10:10,037] Trial 6 finished with values: [0.7847421279919646, 0.1222130470685384] and parameters: {'psi': 0.688507431704502, 'lda_s': 9.51407759546064e-08, 'lda_t': 1.40388832624366e-07}.
[I 2025-08-10 13:10:16,195] Trial 7 finished with values: [0.7930435301387639, 0.10722100656455143] and parameters: {'psi': 0.2607960804864611, 'lda_s': 0.1128808566859692, 'lda_t': 6.900381000802949e-05}.
[I 2025-08-10 13:10:22,346] Trial 8 finished with values: [0.7883137969947545, 0.1162981162981163] and parameters: {'psi': 0.15607783325970948, 'lda_s': 7.089307417794858e-06, 'lda_t': 1.506045422536261e-05}.
[I 2025-08-10 13:10:28,494] Trial 9 finished with values: [0.775507444651478, 0.12010008340283569] and parameters: {'psi': 0.78251588855789, 'lda_s': 0.0016708005420759018, 'lda_t': 0.00034056749086610786}.
[I 2025-08-10 13:10:34,654] Trial 10 finished with values: [0.7533377170626557, 0.12356020942408377] and parameters: {'psi': 0.36918800210357705, 'lda_s': 2.460544279681099, 'lda_t': 0.022490950569466945}.
[I 2025-08-10 13:10:40,790] Trial 11 finished with values: [0.7838372095487275, 0.1230257689110557] and parameters: {'psi': 0.7036145197845454, 'lda_s': 8.00261104634067e-05, 'lda_t': 0.0010669587430147034}.
[I 2025-08-10 13:10:46,936] Trial 12 finished with values: [0.7818845808841256, 0.12312811980033278] and parameters: {'psi': 0.7491472071875405, 'lda_s': 0.0001820223095525716, 'lda_t': 0.001944643074981199}.
[I 2025-08-10 13:10:53,088] Trial 13 finished with values: [0.798508494236249, 0.138442521631644] and parameters: {'psi': 0.36862167965947235, 'lda_s': 2.0008639069341725, 'lda_t': 1.1415639372048358e-07}.
[I 2025-08-10 13:10:59,235] Trial 14 finished with values: [0.7899325928264735, 0.12261806130903065] and parameters: {'psi': 0.1833172628137698, 'lda_s': 3.7042854603139443e-06, 'lda_t': 0.0023657504178785445}.
[I 2025-08-10 13:11:05,384] Trial 15 finished with values: [0.7886487708578281, 0.11851851851851852] and parameters: {'psi': 0.41135759765002855, 'lda_s': 1.2087419354496838e-06, 'lda_t': 2.898102758516718e-05}.
[I 2025-08-10 13:11:11,539] Trial 16 finished with values: [0.7966072119302204, 0.1197110423116615] and parameters: {'psi': 0.6720245030537009, 'lda_s': 0.5187970041584841, 'lda_t': 7.350901197991994e-05}.
[I 2025-08-10 13:11:17,683] Trial 17 finished with values: [0.8062828219371856, 0.1554192229038855] and parameters: {'psi': 0.95994682557346, 'lda_s': 6.9741580900331686, 'lda_t': 0.000584536644170075}.
[I 2025-08-10 13:11:23,839] Trial 18 finished with values: [0.7408587588819012, 0.13165013525698827] and parameters: {'psi': 0.2868117775949208, 'lda_s': 0.0026865999024527822, 'lda_t': 0.24916243355478265}.
[I 2025-08-10 13:11:29,977] Trial 19 finished with values: [0.8207641250979859, 0.1552511415525114] and parameters: {'psi': 0.5237606825883121, 'lda_s': 3.01534588590243e-05, 'lda_t': 0.05165928465117886}.
[I 2025-08-10 13:11:36,118] Trial 20 finished with values: [0.8347780133914564, 0.15295095594347466] and parameters: {'psi': 0.3893195603890216, 'lda_s': 1.1302444512891434e-07, 'lda_t': 0.8064538010839132}.
[I 2025-08-10 13:11:42,272] Trial 21 finished with values: [0.7844780610050162, 0.1230257689110557] and parameters: {'psi': 0.6850946267011178, 'lda_s': 4.531292584631596e-05, 'lda_t': 0.0014394751193770282}.
[I 2025-08-10 13:11:48,412] Trial 22 finished with values: [0.7855141164180063, 0.1186161449752883] and parameters: {'psi': 0.4165505901246559, 'lda_s': 0.00024655693441094867, 'lda_t': 4.051277348344734e-06}.
[I 2025-08-10 13:11:54,565] Trial 23 finished with values: [0.7339218658386483, 0.10947368421052632] and parameters: {'psi': 0.8627413800181591, 'lda_s': 0.04947640865171549, 'lda_t': 0.041795405293529965}.
[I 2025-08-10 13:12:00,710] Trial 24 finished with values: [0.81906985826938, 0.15061295971978983] and parameters: {'psi': 0.2105085074089188, 'lda_s': 9.596102588864225e-05, 'lda_t': 0.37596818220166506}.
[I 2025-08-10 13:12:06,959] Trial 25 finished with values: [0.7989819402631574, 0.1286549707602339] and parameters: {'psi': 0.09956469626236586, 'lda_s': 1.8936398104287198e-07, 'lda_t': 0.009525253845787193}.
[I 2025-08-10 13:12:13,104] Trial 26 finished with values: [0.7894487145235376, 0.1188118811881188] and parameters: {'psi': 0.24578669026902633, 'lda_s': 7.335231485186239e-08, 'lda_t': 0.0008209145704640705}.
[I 2025-08-10 13:12:19,240] Trial 27 finished with values: [0.7786350899058437, 0.12698412698412698] and parameters: {'psi': 0.9786620077032105, 'lda_s': 1.4768926378088713e-07, 'lda_t': 0.00012972910181993408}.
[I 2025-08-10 13:12:25,381] Trial 28 finished with values: [0.7763077143258134, 0.12583892617449666] and parameters: {'psi': 0.9617699707038879, 'lda_s': 6.327336802809832e-06, 'lda_t': 9.707473908313481e-05}.
