[I 2025-08-10 13:07:13,928] A new study created in memory with name: no-name-5eb725a0-3a07-4bf9-8858-881514d02501
Mode-0 approx rank: 3/38
Estimated noise variance from mode-0: 0.0
Mode-1 approx rank: 3/17
Estimated noise variance from mode-1: 3.986093782367417e-05
Mode-2 approx rank: 3/24
Estimated noise variance from mode-2: 1.3888860169596954e-05
Mode-3 approx rank: 1/60
Estimated noise variance from mode-3: 3.5420571274533934e-05
  0%|          | 0/100 [00:00<?, ?it/s]/mnt/ffs24/home/mondalra/Anomaly_Detection/src/proximal_ops/prox_overlapping_grouped_l21.py:405: UserWarning: Sparse CSR tensor support is in beta state. If you miss a functionality in the sparse tensor support, please submit a feature request to https://github.com/pytorch/pytorch/issues. (Triggered internally at /home/conda/feedstock_root/build_artifacts/libtorch_1742922447420/work/aten/src/ATen/SparseCsrTensorImpl.cpp:53.)
  G_ind = torch.sparse_csr_tensor(A_r.indptr, A_r.indices, A_r.data, device=device, dtype=dtype)
                                         0%|          | 0/100 [00:07<?, ?it/s]  1%|          | 1/100 [00:07<12:10,  7.38s/it]                                                 1%|          | 1/100 [00:12<12:10,  7.38s/it]  2%|▏         | 2/100 [00:12<09:54,  6.07s/it]                                                 2%|▏         | 2/100 [00:17<09:54,  6.07s/it]  3%|▎         | 3/100 [00:17<09:08,  5.65s/it]                                                 3%|▎         | 3/100 [00:22<09:08,  5.65s/it]  4%|▍         | 4/100 [00:22<08:44,  5.46s/it]                                                 4%|▍         | 4/100 [00:28<08:44,  5.46s/it]  5%|▌         | 5/100 [00:28<08:28,  5.35s/it]                                                 5%|▌         | 5/100 [00:33<08:28,  5.35s/it]  6%|▌         | 6/100 [00:33<08:16,  5.29s/it]                                                 6%|▌         | 6/100 [00:38<08:16,  5.29s/it]  7%|▋         | 7/100 [00:38<08:07,  5.24s/it]                                                 7%|▋         | 7/100 [00:43<08:07,  5.24s/it]  8%|▊         | 8/100 [00:43<07:59,  5.22s/it]                                                 8%|▊         | 8/100 [00:48<07:59,  5.22s/it]  9%|▉         | 9/100 [00:48<07:53,  5.20s/it]                                                 9%|▉         | 9/100 [00:53<07:53,  5.20s/it] 10%|█         | 10/100 [00:53<07:46,  5.19s/it]                                                 10%|█         | 10/100 [00:58<07:46,  5.19s/it] 11%|█         | 11/100 [00:58<07:41,  5.18s/it]                                                 11%|█         | 11/100 [01:04<07:41,  5.18s/it] 12%|█▏        | 12/100 [01:04<07:35,  5.18s/it]                                                 12%|█▏        | 12/100 [01:09<07:35,  5.18s/it] 13%|█▎        | 13/100 [01:09<07:29,  5.17s/it]                                                 13%|█▎        | 13/100 [01:14<07:29,  5.17s/it] 14%|█▍        | 14/100 [01:14<07:24,  5.17s/it]                                                 14%|█▍        | 14/100 [01:19<07:24,  5.17s/it] 15%|█▌        | 15/100 [01:19<07:18,  5.16s/it]                                                 15%|█▌        | 15/100 [01:24<07:18,  5.16s/it] 16%|█▌        | 16/100 [01:24<07:13,  5.16s/it]                                                 16%|█▌        | 16/100 [01:29<07:13,  5.16s/it] 17%|█▋        | 17/100 [01:29<07:08,  5.16s/it]                                                 17%|█▋        | 17/100 [01:35<07:08,  5.16s/it] 18%|█▊        | 18/100 [01:35<07:02,  5.16s/it]                                                 18%|█▊        | 18/100 [01:40<07:02,  5.16s/it] 19%|█▉        | 19/100 [01:40<06:58,  5.16s/it]                                                 19%|█▉        | 19/100 [01:45<06:58,  5.16s/it] 20%|██        | 20/100 [01:45<06:53,  5.16s/it]                                                 20%|██        | 20/100 [01:50<06:53,  5.16s/it] 21%|██        | 21/100 [01:50<06:47,  5.16s/it]                                                 21%|██        | 21/100 [01:55<06:47,  5.16s/it] 22%|██▏       | 22/100 [01:55<06:42,  5.16s/it]                                                 22%|██▏       | 22/100 [02:00<06:42,  5.16s/it] 23%|██▎       | 23/100 [02:00<06:37,  5.16s/it]                                                 23%|██▎       | 23/100 [02:06<06:37,  5.16s/it] 24%|██▍       | 24/100 [02:06<06:32,  5.16s/it]                                                 24%|██▍       | 24/100 [02:11<06:32,  5.16s/it] 25%|██▌       | 25/100 [02:11<06:27,  5.16s/it]                                                 25%|██▌       | 25/100 [02:16<06:27,  5.16s/it] 26%|██▌       | 26/100 [02:16<06:24,  5.19s/it]                                                 26%|██▌       | 26/100 [02:21<06:24,  5.19s/it] 27%|██▋       | 27/100 [02:21<06:18,  5.18s/it]                                                 27%|██▋       | 27/100 [02:26<06:18,  5.18s/it] 28%|██▊       | 28/100 [02:26<06:12,  5.17s/it]                                                 28%|██▊       | 28/100 [02:31<06:12,  5.17s/it] 29%|██▉       | 29/100 [02:31<06:06,  5.17s/it]                                                 29%|██▉       | 29/100 [02:37<06:06,  5.17s/it] 30%|███       | 30/100 [02:37<06:01,  5.16s/it]                                                 30%|███       | 30/100 [02:42<06:01,  5.16s/it] 31%|███       | 31/100 [02:42<05:56,  5.17s/it]                                                 31%|███       | 31/100 [02:47<05:56,  5.17s/it] 32%|███▏      | 32/100 [02:47<05:51,  5.17s/it]                                                 32%|███▏      | 32/100 [02:52<05:51,  5.17s/it] 33%|███▎      | 33/100 [02:52<05:46,  5.17s/it]                                                 33%|███▎      | 33/100 [02:57<05:46,  5.17s/it] 34%|███▍      | 34/100 [02:57<05:41,  5.17s/it]                                                 34%|███▍      | 34/100 [03:02<05:41,  5.17s/it] 35%|███▌      | 35/100 [03:02<05:36,  5.17s/it]                                                 35%|███▌      | 35/100 [03:08<05:36,  5.17s/it] 36%|███▌      | 36/100 [03:08<05:30,  5.17s/it]                                                 36%|███▌      | 36/100 [03:13<05:30,  5.17s/it] 37%|███▋      | 37/100 [03:13<05:25,  5.17s/it]                                                 37%|███▋      | 37/100 [03:18<05:25,  5.17s/it] 38%|███▊      | 38/100 [03:18<05:21,  5.18s/it]                                                 38%|███▊      | 38/100 [03:23<05:21,  5.18s/it] 39%|███▉      | 39/100 [03:23<05:15,  5.17s/it]                                                 39%|███▉      | 39/100 [03:28<05:15,  5.17s/it] 40%|████      | 40/100 [03:28<05:10,  5.17s/it]                                                 40%|████      | 40/100 [03:34<05:10,  5.17s/it] 41%|████      | 41/100 [03:34<05:05,  5.18s/it]                                                 41%|████      | 41/100 [03:39<05:05,  5.18s/it] 42%|████▏     | 42/100 [03:39<05:00,  5.18s/it]                                                 42%|████▏     | 42/100 [03:44<05:00,  5.18s/it] 43%|████▎     | 43/100 [03:44<04:55,  5.18s/it]                                                 43%|████▎     | 43/100 [03:49<04:55,  5.18s/it] 44%|████▍     | 44/100 [03:49<04:49,  5.17s/it]                                                 44%|████▍     | 44/100 [03:54<04:49,  5.17s/it] 45%|████▌     | 45/100 [03:54<04:44,  5.17s/it]                                                 45%|████▌     | 45/100 [03:59<04:44,  5.17s/it] 46%|████▌     | 46/100 [03:59<04:39,  5.17s/it]                                                 46%|████▌     | 46/100 [04:05<04:39,  5.17s/it] 47%|████▋     | 47/100 [04:05<04:34,  5.18s/it]                                                 47%|████▋     | 47/100 [04:10<04:34,  5.18s/it] 48%|████▊     | 48/100 [04:10<04:29,  5.18s/it]                                                 48%|████▊     | 48/100 [04:15<04:29,  5.18s/it] 49%|████▉     | 49/100 [04:15<04:23,  5.17s/it]                                                 49%|████▉     | 49/100 [04:20<04:23,  5.17s/it] 50%|█████     | 50/100 [04:20<04:19,  5.20s/it]                                                 50%|█████     | 50/100 [04:25<04:19,  5.20s/it] 51%|█████     | 51/100 [04:25<04:13,  5.18s/it]                                                 51%|█████     | 51/100 [04:30<04:13,  5.18s/it] 52%|█████▏    | 52/100 [04:30<04:08,  5.17s/it]                                                 52%|█████▏    | 52/100 [04:36<04:08,  5.17s/it] 53%|█████▎    | 53/100 [04:36<04:03,  5.17s/it]                                                 53%|█████▎    | 53/100 [04:41<04:03,  5.17s/it] 54%|█████▍    | 54/100 [04:41<03:58,  5.17s/it]                                                 54%|█████▍    | 54/100 [04:46<03:58,  5.17s/it] 55%|█████▌    | 55/100 [04:46<03:52,  5.17s/it]                                                 55%|█████▌    | 55/100 [04:51<03:52,  5.17s/it] 56%|█████▌    | 56/100 [04:51<03:47,  5.17s/it]                                                 56%|█████▌    | 56/100 [04:56<03:47,  5.17s/it] 57%|█████▋    | 57/100 [04:56<03:41,  5.16s/it]                                                 57%|█████▋    | 57/100 [05:01<03:41,  5.16s/it] 58%|█████▊    | 58/100 [05:01<03:36,  5.16s/it]                                                 58%|█████▊    | 58/100 [05:07<03:36,  5.16s/it] 59%|█████▉    | 59/100 [05:07<03:31,  5.16s/it]                                                 59%|█████▉    | 59/100 [05:12<03:31,  5.16s/it] 60%|██████    | 60/100 [05:12<03:26,  5.16s/it]                                                 60%|██████    | 60/100 [05:17<03:26,  5.16s/it] 61%|██████    | 61/100 [05:17<03:21,  5.16s/it]                                                 61%|██████    | 61/100 [05:22<03:21,  5.16s/it] 62%|██████▏   | 62/100 [05:22<03:16,  5.16s/it]                                                 62%|██████▏   | 62/100 [05:27<03:16,  5.16s/it] 63%|██████▎   | 63/100 [05:27<03:11,  5.16s/it]                                                 63%|██████▎   | 63/100 [05:32<03:11,  5.16s/it] 64%|██████▍   | 64/100 [05:32<03:05,  5.17s/it]                                                 64%|██████▍   | 64/100 [05:38<03:05,  5.17s/it] 65%|██████▌   | 65/100 [05:38<03:00,  5.17s/it]                                                 65%|██████▌   | 65/100 [05:43<03:00,  5.17s/it] 66%|██████▌   | 66/100 [05:43<02:55,  5.17s/it]                                                 66%|██████▌   | 66/100 [05:48<02:55,  5.17s/it] 67%|██████▋   | 67/100 [05:48<02:50,  5.16s/it]                                                 67%|██████▋   | 67/100 [05:53<02:50,  5.16s/it] 68%|██████▊   | 68/100 [05:53<02:45,  5.16s/it]                                                 68%|██████▊   | 68/100 [05:58<02:45,  5.16s/it] 69%|██████▉   | 69/100 [05:58<02:39,  5.16s/it]                                                 69%|██████▉   | 69/100 [06:03<02:39,  5.16s/it] 70%|███████   | 70/100 [06:03<02:34,  5.16s/it]                                                 70%|███████   | 70/100 [06:09<02:34,  5.16s/it] 71%|███████   | 71/100 [06:09<02:29,  5.16s/it]                                                 71%|███████   | 71/100 [06:14<02:29,  5.16s/it] 72%|███████▏  | 72/100 [06:14<02:24,  5.16s/it]                                                 72%|███████▏  | 72/100 [06:19<02:24,  5.16s/it] 73%|███████▎  | 73/100 [06:19<02:19,  5.16s/it]                                                 73%|███████▎  | 73/100 [06:24<02:19,  5.16s/it] 74%|███████▍  | 74/100 [06:24<02:15,  5.19s/it]                                                 74%|███████▍  | 74/100 [06:29<02:15,  5.19s/it] 75%|███████▌  | 75/100 [06:29<02:09,  5.17s/it]                                                 75%|███████▌  | 75/100 [06:34<02:09,  5.17s/it] 76%|███████▌  | 76/100 [06:34<02:04,  5.17s/it]                                                 76%|███████▌  | 76/100 [06:40<02:04,  5.17s/it] 77%|███████▋  | 77/100 [06:40<01:58,  5.16s/it]                                                 77%|███████▋  | 77/100 [06:45<01:58,  5.16s/it] 78%|███████▊  | 78/100 [06:45<01:53,  5.16s/it]                                                 78%|███████▊  | 78/100 [06:50<01:53,  5.16s/it] 79%|███████▉  | 79/100 [06:50<01:48,  5.16s/it]                                                 79%|███████▉  | 79/100 [06:55<01:48,  5.16s/it] 80%|████████  | 80/100 [06:55<01:43,  5.16s/it]                                                 80%|████████  | 80/100 [07:00<01:43,  5.16s/it] 81%|████████  | 81/100 [07:00<01:38,  5.17s/it]                                                 81%|████████  | 81/100 [07:05<01:38,  5.17s/it] 82%|████████▏ | 82/100 [07:05<01:32,  5.17s/it]                                                 82%|████████▏ | 82/100 [07:11<01:32,  5.17s/it] 83%|████████▎ | 83/100 [07:11<01:27,  5.16s/it]                                                 83%|████████▎ | 83/100 [07:16<01:27,  5.16s/it] 84%|████████▍ | 84/100 [07:16<01:22,  5.17s/it]                                                 84%|████████▍ | 84/100 [07:21<01:22,  5.17s/it] 85%|████████▌ | 85/100 [07:21<01:17,  5.16s/it]                                                 85%|████████▌ | 85/100 [07:26<01:17,  5.16s/it] 86%|████████▌ | 86/100 [07:26<01:12,  5.16s/it]                                                 86%|████████▌ | 86/100 [07:31<01:12,  5.16s/it] 87%|████████▋ | 87/100 [07:31<01:07,  5.17s/it]                                                 87%|████████▋ | 87/100 [07:36<01:07,  5.17s/it] 88%|████████▊ | 88/100 [07:36<01:01,  5.16s/it]                                                 88%|████████▊ | 88/100 [07:42<01:01,  5.16s/it] 89%|████████▉ | 89/100 [07:42<00:56,  5.16s/it]                                                 89%|████████▉ | 89/100 [07:47<00:56,  5.16s/it] 90%|█████████ | 90/100 [07:47<00:51,  5.16s/it]                                                 90%|█████████ | 90/100 [07:52<00:51,  5.16s/it] 91%|█████████ | 91/100 [07:52<00:46,  5.15s/it]                                                 91%|█████████ | 91/100 [07:57<00:46,  5.15s/it] 92%|█████████▏| 92/100 [07:57<00:41,  5.15s/it]                                                 92%|█████████▏| 92/100 [08:02<00:41,  5.15s/it] 93%|█████████▎| 93/100 [08:02<00:36,  5.15s/it]                                                 93%|█████████▎| 93/100 [08:07<00:36,  5.15s/it] 94%|█████████▍| 94/100 [08:07<00:30,  5.16s/it]                                                 94%|█████████▍| 94/100 [08:12<00:30,  5.16s/it] 95%|█████████▌| 95/100 [08:12<00:25,  5.16s/it]                                                 95%|█████████▌| 95/100 [08:18<00:25,  5.16s/it] 96%|█████████▌| 96/100 [08:18<00:20,  5.16s/it]                                                 96%|█████████▌| 96/100 [08:23<00:20,  5.16s/it] 97%|█████████▋| 97/100 [08:23<00:15,  5.16s/it]                                                 97%|█████████▋| 97/100 [08:28<00:15,  5.16s/it] 98%|█████████▊| 98/100 [08:28<00:10,  5.19s/it]                                                 98%|█████████▊| 98/100 [08:33<00:10,  5.19s/it] 99%|█████████▉| 99/100 [08:33<00:05,  5.18s/it]                                                 99%|█████████▉| 99/100 [08:38<00:05,  5.18s/it]100%|██████████| 100/100 [08:38<00:00,  5.17s/it]100%|██████████| 100/100 [08:38<00:00,  5.19s/it]
[I 2025-08-10 13:07:21,305] Trial 0 finished with values: [0.9995103240884139, 0.8525641025641025] and parameters: {'psi': 0.9363452101366206, 'lda_s': 1.2798367867062694, 'lda_t': 0.003115125293562786}.
[I 2025-08-10 13:07:26,462] Trial 1 finished with values: [0.9992968823791073, 0.6221198156682027] and parameters: {'psi': 0.5963137587657641, 'lda_s': 8.650203036520274e-05, 'lda_t': 0.0030233570162153424}.
[I 2025-08-10 13:07:31,617] Trial 2 finished with values: [0.9990064011406071, 0.6348448687350835] and parameters: {'psi': 0.827952563163309, 'lda_s': 7.069279924345106e-05, 'lda_t': 0.0018312075572796426}.
[I 2025-08-10 13:07:36,785] Trial 3 finished with values: [0.9855197345196718, 0.5008403361344538] and parameters: {'psi': 0.26650361626097274, 'lda_s': 2.2524401124369877, 'lda_t': 0.05400366010487802}.
[I 2025-08-10 13:07:41,947] Trial 4 finished with values: [0.9991354159686059, 0.6293706293706294] and parameters: {'psi': 0.7233701837078852, 'lda_s': 0.00014488111466392492, 'lda_t': 3.732131244506005e-05}.
[I 2025-08-10 13:07:47,105] Trial 5 finished with values: [0.9994607232956456, 0.6306306306306306] and parameters: {'psi': 0.49116796655961126, 'lda_s': 0.0003314044406458448, 'lda_t': 0.045227514197788865}.
[I 2025-08-10 13:07:52,254] Trial 6 finished with values: [0.9989686728780227, 0.8141025641025641] and parameters: {'psi': 0.24970876766574324, 'lda_s': 1.1511634287740748, 'lda_t': 0.001991816420690475}.
[I 2025-08-10 13:07:57,417] Trial 7 finished with values: [0.9992016383036318, 0.6287015945330297] and parameters: {'psi': 0.2870676460817646, 'lda_s': 7.131464459008121e-05, 'lda_t': 2.3645084971890724e-07}.
[I 2025-08-10 13:08:02,588] Trial 8 finished with values: [0.9993873774425092, 0.618510158013544] and parameters: {'psi': 0.05616353395432705, 'lda_s': 1.386067148660542e-07, 'lda_t': 0.04403452730243356}.
[I 2025-08-10 13:08:07,744] Trial 9 finished with values: [0.9996928972192424, 0.88125] and parameters: {'psi': 0.5890945658484338, 'lda_s': 0.15289889634251866, 'lda_t': 3.8771874208405067e-05}.
[I 2025-08-10 13:08:12,907] Trial 10 finished with values: [0.9992348813881468, 0.6301369863013698] and parameters: {'psi': 0.21195874967591943, 'lda_s': 2.315720903408973e-06, 'lda_t': 8.361046822150175e-07}.
[I 2025-08-10 13:08:18,085] Trial 11 finished with values: [0.9982014435941368, 0.8242811501597445] and parameters: {'psi': 0.1278502052652889, 'lda_s': 0.024353398257625433, 'lda_t': 5.765921594617935e-06}.
[I 2025-08-10 13:08:23,238] Trial 12 finished with values: [0.9994327568912124, 0.6208425720620843] and parameters: {'psi': 0.2856005077076076, 'lda_s': 3.1323425795169273e-06, 'lda_t': 0.017403058603666432}.
[I 2025-08-10 13:08:28,391] Trial 13 finished with values: [0.9996570157946865, 0.6541176470588236] and parameters: {'psi': 0.7383487915346834, 'lda_s': 0.00015666840414237687, 'lda_t': 2.1367658900186806}.
[I 2025-08-10 13:08:33,537] Trial 14 finished with values: [0.9988085256375416, 0.6264501160092807] and parameters: {'psi': 0.9429026111362403, 'lda_s': 2.388603618137175e-05, 'lda_t': 1.950234715767656e-06}.
[I 2025-08-10 13:08:38,698] Trial 15 finished with values: [0.98400400816619, 0.43843843843843844] and parameters: {'psi': 0.6749670839980596, 'lda_s': 0.034182482781906304, 'lda_t': 3.541142027938164}.
[I 2025-08-10 13:08:43,859] Trial 16 finished with values: [0.9994448932554003, 0.6219239373601789] and parameters: {'psi': 0.07628940707959642, 'lda_s': 1.8629478365092118e-07, 'lda_t': 0.015197623549282375}.
[I 2025-08-10 13:08:49,011] Trial 17 finished with values: [0.9996752203409686, 0.6529680365296804] and parameters: {'psi': 0.4654451437097128, 'lda_s': 2.405686328392353e-07, 'lda_t': 0.19745603537959303}.
[I 2025-08-10 13:08:54,178] Trial 18 finished with values: [0.9965482597245257, 0.8780487804878049] and parameters: {'psi': 0.11774758944238006, 'lda_s': 0.5369856990059814, 'lda_t': 0.17965806430617223}.
[I 2025-08-10 13:08:59,351] Trial 19 finished with values: [0.9910460015692846, 0.8385093167701864] and parameters: {'psi': 0.9822582423549654, 'lda_s': 0.02785404543379919, 'lda_t': 0.09811475433173061}.
[I 2025-08-10 13:09:04,513] Trial 20 finished with values: [0.999434867563245, 0.6426858513189448] and parameters: {'psi': 0.8103626770980538, 'lda_s': 0.0020032730082203964, 'lda_t': 3.1682238865413503}.
[I 2025-08-10 13:09:09,660] Trial 21 finished with values: [0.9991863359313947, 0.6357308584686775] and parameters: {'psi': 0.6761637369950235, 'lda_s': 5.415433983332546e-08, 'lda_t': 0.00010348372155113958}.
[I 2025-08-10 13:09:14,816] Trial 22 finished with values: [0.9991615355350105, 0.6330275229357798] and parameters: {'psi': 0.49485117320551397, 'lda_s': 0.000336550517760562, 'lda_t': 3.0753097004371587e-07}.
[I 2025-08-10 13:09:19,981] Trial 23 finished with values: [0.9989106293971235, 0.6409638554216868] and parameters: {'psi': 0.8419728511535804, 'lda_s': 6.588247082284548e-07, 'lda_t': 3.495165274731781e-05}.
[I 2025-08-10 13:09:25,144] Trial 24 finished with values: [0.9981515789673643, 0.6267281105990783] and parameters: {'psi': 0.25781638028479825, 'lda_s': 0.001238873465816973, 'lda_t': 4.235245445133409e-06}.
[I 2025-08-10 13:09:30,414] Trial 25 finished with values: [0.9999503992072316, 0.901840490797546] and parameters: {'psi': 0.9984014875363719, 'lda_s': 0.18158938576724837, 'lda_t': 8.79777872850647e-07}.
[I 2025-08-10 13:09:35,563] Trial 26 finished with values: [0.9990831768357965, 0.6318289786223278] and parameters: {'psi': 0.7818337079247967, 'lda_s': 1.1377444705052078e-08, 'lda_t': 5.538399704092148e-06}.
[I 2025-08-10 13:09:40,715] Trial 27 finished with values: [0.9996715266649112, 0.6666666666666666] and parameters: {'psi': 0.6982423216363575, 'lda_s': 1.3200582025889374e-08, 'lda_t': 0.9468994129337599}.
[I 2025-08-10 13:09:45,872] Trial 28 finished with values: [0.999582878439538, 0.6651053864168618] and parameters: {'psi': 0.6176655577690221, 'lda_s': 0.0013650183394216123, 'lda_t': 4.368825175993459}.
