[I 2025-08-10 13:00:22,045] Trial 29 finished with values: [0.7723564651059631, 0.11428571428571428] and parameters: {'psi': 0.3653369203085103, 'lda_s': 0.805618393762015, 'lda_t': 1.5738995560350695e-05}.
[I 2025-08-10 13:00:28,330] Trial 30 finished with values: [0.7378658937693238, 0.14149560117302054] and parameters: {'psi': 0.1591429861278063, 'lda_s': 0.0004995949703432664, 'lda_t': 0.0007519025955514426}.
[I 2025-08-10 13:00:34,613] Trial 31 finished with values: [0.7293028593518214, 0.13658176448874124] and parameters: {'psi': 0.2876057797739354, 'lda_s': 0.0035009354615845385, 'lda_t': 7.73806168065128e-06}.
[I 2025-08-10 13:00:40,889] Trial 32 finished with values: [0.8156628755491776, 0.24528301886792453] and parameters: {'psi': 0.794169068361189, 'lda_s': 0.0004131061961902268, 'lda_t': 0.45194862103519867}.
[I 2025-08-10 13:00:47,172] Trial 33 finished with values: [0.7890463322938294, 0.15530441122858185] and parameters: {'psi': 0.12343605763790877, 'lda_s': 1.0663325628554896e-08, 'lda_t': 1.1561383154183875}.
[I 2025-08-10 13:00:53,442] Trial 34 finished with values: [0.7671117859182854, 0.14516129032258066] and parameters: {'psi': 0.6308941017480432, 'lda_s': 1.8660845658187784e-05, 'lda_t': 6.171741504705854e-08}.
[I 2025-08-10 13:00:59,721] Trial 35 finished with values: [0.7531568182806925, 0.1473377097009482] and parameters: {'psi': 0.07920204784698226, 'lda_s': 5.362517542638587e-05, 'lda_t': 3.268313390845715e-06}.
[I 2025-08-10 13:01:06,023] Trial 36 finished with values: [0.6358480612492194, 0.12297246322142588] and parameters: {'psi': 0.9440736302821844, 'lda_s': 0.13182729896257972, 'lda_t': 0.0031638314455285856}.
[I 2025-08-10 13:01:12,295] Trial 37 finished with values: [0.7657504545961642, 0.14557425018288223] and parameters: {'psi': 0.35898539518508776, 'lda_s': 6.825704942954452e-07, 'lda_t': 0.0005349273693262762}.
[I 2025-08-10 13:01:18,572] Trial 38 finished with values: [0.7623009784708379, 0.13922651933701657] and parameters: {'psi': 0.9648637992125545, 'lda_s': 4.908031178289295e-05, 'lda_t': 0.0006502747307972112}.
[I 2025-08-10 13:01:24,841] Trial 39 finished with values: [0.7721057162171037, 0.13178584799700488] and parameters: {'psi': 0.06921641425908909, 'lda_s': 0.15614163261753886, 'lda_t': 0.00014008857122245442}.
[I 2025-08-10 13:01:31,114] Trial 40 finished with values: [0.7775024071462593, 0.1406998158379374] and parameters: {'psi': 0.3066473122184966, 'lda_s': 2.2367557307467805e-05, 'lda_t': 0.005800856002632925}.
[I 2025-08-10 13:01:37,402] Trial 41 finished with values: [0.7326908376821992, 0.13833701250919794] and parameters: {'psi': 0.32033427015112015, 'lda_s': 0.0025069229672612684, 'lda_t': 7.649674168121149e-07}.
[I 2025-08-10 13:01:43,676] Trial 42 finished with values: [0.7671883987395635, 0.14516129032258066] and parameters: {'psi': 0.630454530315942, 'lda_s': 2.0084954893520778e-05, 'lda_t': 3.333718073987032e-05}.
[I 2025-08-10 13:01:49,956] Trial 43 finished with values: [0.8039784902994228, 0.19565990750622556] and parameters: {'psi': 0.5347894794943037, 'lda_s': 0.0006671465188940111, 'lda_t': 1.856701974957063}.
[I 2025-08-10 13:01:56,238] Trial 44 finished with values: [0.8177312063541378, 0.25833333333333336] and parameters: {'psi': 0.800375346297402, 'lda_s': 3.7916080985295483e-05, 'lda_t': 0.7656531885682667}.
[I 2025-08-10 13:02:02,510] Trial 45 finished with values: [0.7662032592774053, 0.14505494505494507] and parameters: {'psi': 0.37282935342828094, 'lda_s': 6.286844812823459e-05, 'lda_t': 0.0009725289589163682}.
[I 2025-08-10 13:02:08,797] Trial 46 finished with values: [0.7629656088902356, 0.1411764705882353] and parameters: {'psi': 0.7613755131752125, 'lda_s': 0.00015320825078719155, 'lda_t': 0.00040741497413201294}.
[I 2025-08-10 13:02:15,089] Trial 47 finished with values: [0.7743751630200622, 0.13826247689463955] and parameters: {'psi': 0.8237262626455255, 'lda_s': 5.478635213536078e-08, 'lda_t': 0.011030799561761635}.
[I 2025-08-10 13:02:21,384] Trial 48 finished with values: [0.5971821205215029, 0.14182344428364688] and parameters: {'psi': 0.15746157134695526, 'lda_s': 0.07621487945845372, 'lda_t': 0.034015719168711926}.
[I 2025-08-10 13:02:27,772] Trial 49 finished with values: [0.7671292504305726, 0.1346153846153846] and parameters: {'psi': 0.8538766096315821, 'lda_s': 1.9947225539198787e-06, 'lda_t': 0.004784173785315774}.
[I 2025-08-10 13:02:34,066] Trial 50 finished with values: [0.7632218203339474, 0.14059624585940375] and parameters: {'psi': 0.8007361039124468, 'lda_s': 3.90949932230698e-07, 'lda_t': 1.505388230764904e-07}.
[I 2025-08-10 13:02:40,352] Trial 51 finished with values: [0.7863209481616859, 0.15261044176706828] and parameters: {'psi': 0.12343605763790877, 'lda_s': 1.7408696971636854e-05, 'lda_t': 1.1561383154183875}.
[I 2025-08-10 13:02:46,633] Trial 52 finished with values: [0.817319478519061, 0.25530434782608696] and parameters: {'psi': 0.794169068361189, 'lda_s': 5.575125859496302e-05, 'lda_t': 0.45194862103519867}.
[I 2025-08-10 13:02:52,907] Trial 53 finished with values: [0.7568246399677085, 0.14728399562522784] and parameters: {'psi': 0.09630386716824002, 'lda_s': 6.958682942177525e-07, 'lda_t': 1.0086126361339974e-08}.
[I 2025-08-10 13:02:59,191] Trial 54 finished with values: [0.7544423199435214, 0.1466618022619482] and parameters: {'psi': 0.1354260867092716, 'lda_s': 4.546817632955945e-05, 'lda_t': 4.139387807255457e-06}.
[I 2025-08-10 13:03:05,474] Trial 55 finished with values: [0.8171952690280855, 0.23640827779726412] and parameters: {'psi': 0.8822362902322625, 'lda_s': 2.0235584286400372e-05, 'lda_t': 0.7656531885682667}.
[I 2025-08-10 13:03:11,742] Trial 56 finished with values: [0.7531568182806925, 0.1473377097009482] and parameters: {'psi': 0.07920204784698226, 'lda_s': 5.362517542638587e-05, 'lda_t': 3.268313390845715e-06}.
[I 2025-08-10 13:03:18,019] Trial 57 finished with values: [0.7731989320333262, 0.11208539839878003] and parameters: {'psi': 0.29291381833352503, 'lda_s': 0.9177483063541363, 'lda_t': 4.139387807255457e-06}.
[I 2025-08-10 13:03:24,313] Trial 58 finished with values: [0.8179764535300459, 0.2568552585907671] and parameters: {'psi': 0.7560294531518855, 'lda_s': 1.9947225539198787e-06, 'lda_t': 3.04586723820247}.
[I 2025-08-10 13:03:30,594] Trial 59 finished with values: [0.747022643288394, 0.12316935786706722] and parameters: {'psi': 0.15746157134695526, 'lda_s': 0.006863311373039405, 'lda_t': 0.00014460699441674595}.
[I 2025-08-10 13:03:36,873] Trial 60 finished with values: [0.756767547458931, 0.13848987108655617] and parameters: {'psi': 0.9514579085092965, 'lda_s': 0.0001596607842180064, 'lda_t': 4.601915452702559e-06}.
[I 2025-08-10 13:03:43,142] Trial 61 finished with values: [0.7675984231973207, 0.1457875457875458] and parameters: {'psi': 0.5347894794943037, 'lda_s': 6.520438810653469e-06, 'lda_t': 0.00014008857122245442}.
[I 2025-08-10 13:03:49,410] Trial 62 finished with values: [0.7674688686257908, 0.14516129032258066] and parameters: {'psi': 0.630454530315942, 'lda_s': 2.5724631942523314e-07, 'lda_t': 3.333718073987032e-05}.
[I 2025-08-10 13:03:55,698] Trial 63 finished with values: [0.8006885442706395, 0.18874643874643873] and parameters: {'psi': 0.3760192682428669, 'lda_s': 6.825704942954452e-07, 'lda_t': 0.060606850962099994}.
[I 2025-08-10 13:04:01,981] Trial 64 finished with values: [0.7542408515226295, 0.14603870025556773] and parameters: {'psi': 0.15966992440993344, 'lda_s': 6.381169714670456e-05, 'lda_t': 5.153399543281908e-08}.
[I 2025-08-10 13:04:08,252] Trial 65 finished with values: [0.7661797252597269, 0.14133235185866766] and parameters: {'psi': 0.9838115727294796, 'lda_s': 0.0006282383721624846, 'lda_t': 7.649674168121149e-07}.
[I 2025-08-10 13:04:14,543] Trial 66 finished with values: [0.7796317071118275, 0.15900802334062727] and parameters: {'psi': 0.794169068361189, 'lda_s': 0.00048792701972708263, 'lda_t': 0.053792588668212446}.
[I 2025-08-10 13:04:20,813] Trial 67 finished with values: [0.7557931568950307, 0.13721873847288824] and parameters: {'psi': 0.835271846643391, 'lda_s': 0.0004995949703432664, 'lda_t': 0.00040741497413201294}.
[I 2025-08-10 13:04:27,105] Trial 68 finished with values: [0.8178643243127038, 0.2589378687955571] and parameters: {'psi': 0.7971529087310422, 'lda_s': 2.78265197012992e-07, 'lda_t': 0.8541115869791905}.
[I 2025-08-10 13:04:33,377] Trial 69 finished with values: [0.7594754474997378, 0.1345158906134516] and parameters: {'psi': 0.9091772504718841, 'lda_s': 8.6753642387604e-05, 'lda_t': 7.702258829641345e-07}.
[I 2025-08-10 13:04:39,636] Trial 70 finished with values: [0.7531568182806925, 0.1473377097009482] and parameters: {'psi': 0.07920204784698226, 'lda_s': 5.362517542638587e-05, 'lda_t': 3.268313390845715e-06}.
[I 2025-08-10 13:04:45,926] Trial 71 finished with values: [0.7500023788545325, 0.11885714285714286] and parameters: {'psi': 0.9514579085092965, 'lda_s': 0.07671073223367933, 'lda_t': 9.88426132031835e-06}.
[I 2025-08-10 13:04:52,204] Trial 72 finished with values: [0.7377733044435318, 0.13668267454746952] and parameters: {'psi': 0.09630386716824002, 'lda_s': 0.0014304871306788922, 'lda_t': 1.0086126361339974e-08}.
[I 2025-08-10 13:04:58,569] Trial 73 finished with values: [0.6403377331243179, 0.11432926829268293] and parameters: {'psi': 0.3066473122184966, 'lda_s': 0.08810771925996283, 'lda_t': 0.005800856002632925}.
[I 2025-08-10 13:05:04,851] Trial 74 finished with values: [0.7728093676824527, 0.11504761904761905] and parameters: {'psi': 0.37282935342828094, 'lda_s': 4.273366037331939, 'lda_t': 1.1135937246478745e-05}.
[I 2025-08-10 13:05:11,127] Trial 75 finished with values: [0.7650538907467885, 0.144534115920763] and parameters: {'psi': 0.658187896595301, 'lda_s': 0.00014134524099113508, 'lda_t': 2.527934838815441e-07}.
[I 2025-08-10 13:05:17,403] Trial 76 finished with values: [0.7737862839437577, 0.115003808073115] and parameters: {'psi': 0.2390738212233432, 'lda_s': 0.9177483063541363, 'lda_t': 0.0006502747307972112}.
[I 2025-08-10 13:05:23,691] Trial 77 finished with values: [0.7827168758603279, 0.14090741423828845] and parameters: {'psi': 0.7339666812286326, 'lda_s': 5.575125859496302e-05, 'lda_t': 0.018708069269690368}.
[I 2025-08-10 13:05:29,965] Trial 78 finished with values: [0.7619308952743654, 0.13726937269372694] and parameters: {'psi': 0.8442969099294149, 'lda_s': 6.825704942954452e-07, 'lda_t': 1.2334569187022461e-05}.
[I 2025-08-10 13:05:36,244] Trial 79 finished with values: [0.7673141158173622, 0.14516129032258066] and parameters: {'psi': 0.6308941017480432, 'lda_s': 1.8660845658187784e-05, 'lda_t': 7.4358299468905e-05}.
[I 2025-08-10 13:05:42,521] Trial 80 finished with values: [0.7690915606816814, 0.13732004429678848] and parameters: {'psi': 0.800375346297402, 'lda_s': 3.483873069882894e-05, 'lda_t': 0.004784173785315774}.
[I 2025-08-10 13:05:48,796] Trial 81 finished with values: [0.5824529581026742, 0.14270424545130217] and parameters: {'psi': 0.06921641425908909, 'lda_s': 0.6698659857127333, 'lda_t': 8.461939764067292}.
[I 2025-08-10 13:05:55,074] Trial 82 finished with values: [0.7628829657216655, 0.14625228519195613] and parameters: {'psi': 0.37282935342828094, 'lda_s': 1.9947225539198787e-06, 'lda_t': 2.1580957091105464e-08}.
[I 2025-08-10 13:06:01,361] Trial 83 finished with values: [0.585810608485145, 0.15121773900399854] and parameters: {'psi': 0.5130378577586782, 'lda_s': 0.004157275694075678, 'lda_t': 1.395934763768114}.
[I 2025-08-10 13:06:07,648] Trial 84 finished with values: [0.7234582193457378, 0.13056379821958458] and parameters: {'psi': 0.6176293216752347, 'lda_s': 0.008490074443906781, 'lda_t': 0.0006502747307972112}.
[I 2025-08-10 13:06:13,905] Trial 85 finished with values: [0.7201070300496513, 0.12513966480446928] and parameters: {'psi': 0.800375346297402, 'lda_s': 8.668403847916728, 'lda_t': 1.5710731445714395e-05}.
[I 2025-08-10 13:06:20,178] Trial 86 finished with values: [0.8151431300971853, 0.22762508809020437] and parameters: {'psi': 0.9091772504718841, 'lda_s': 1.0663325628554896e-08, 'lda_t': 0.41196271413631574}.
[I 2025-08-10 13:06:26,448] Trial 87 finished with values: [0.7671883987395635, 0.14516129032258066] and parameters: {'psi': 0.630454530315942, 'lda_s': 2.0084954893520778e-05, 'lda_t': 3.333718073987032e-05}.
[I 2025-08-10 13:06:32,711] Trial 88 finished with values: [0.715830378234738, 0.14311792625045638] and parameters: {'psi': 0.035303482953403686, 'lda_s': 0.29447421973942417, 'lda_t': 0.0011548508190245168}.
[I 2025-08-10 13:06:38,978] Trial 89 finished with values: [0.7590351538312226, 0.14175541681968418] and parameters: {'psi': 0.7004572862172606, 'lda_s': 0.0005110063164450711, 'lda_t': 2.527934838815441e-07}.
[I 2025-08-10 13:06:45,255] Trial 90 finished with values: [0.761652892348394, 0.115003808073115] and parameters: {'psi': 0.37282935342828094, 'lda_s': 4.918899920486712, 'lda_t': 0.0009725289589163682}.
[I 2025-08-10 13:06:51,522] Trial 91 finished with values: [0.7452942243643965, 0.13520502401182122] and parameters: {'psi': 0.835895367595153, 'lda_s': 0.0014167950521672302, 'lda_t': 0.0005676350466593346}.
[I 2025-08-10 13:06:57,814] Trial 92 finished with values: [0.7818307476522468, 0.1630870040043684] and parameters: {'psi': 0.7339666812286326, 'lda_s': 0.0004995949703432664, 'lda_t': 0.051137211143740265}.
[I 2025-08-10 13:07:04,113] Trial 93 finished with values: [0.7799387261893793, 0.16370880115900036] and parameters: {'psi': 0.6042599595925497, 'lda_s': 0.0014167950521672302, 'lda_t': 8.461939764067292}.
[I 2025-08-10 13:07:10,387] Trial 94 finished with values: [0.8124558859537587, 0.22855133614627285] and parameters: {'psi': 0.4597961834271962, 'lda_s': 5.542460657071079e-05, 'lda_t': 0.45194862103519867}.
[I 2025-08-10 13:07:16,656] Trial 95 finished with values: [0.767016651316039, 0.11513534121235226] and parameters: {'psi': 0.37282935342828094, 'lda_s': 0.15614163261753886, 'lda_t': 8.011344757715607e-05}.
[I 2025-08-10 13:07:22,949] Trial 96 finished with values: [0.6358480612492194, 0.12297246322142588] and parameters: {'psi': 0.9440736302821844, 'lda_s': 0.13182729896257972, 'lda_t': 0.0031638314455285856}.
[I 2025-08-10 13:07:29,326] Trial 97 finished with values: [0.7619108463275244, 0.13726937269372694] and parameters: {'psi': 0.8442969099294149, 'lda_s': 1.5518932551626124e-06, 'lda_t': 2.7727930064083e-07}.
[I 2025-08-10 13:07:35,613] Trial 98 finished with values: [0.8176259102251235, 0.25374695015684906] and parameters: {'psi': 0.6658489931237558, 'lda_s': 1.266507178418903e-07, 'lda_t': 0.8541115869791905}.
[I 2025-08-10 13:07:41,902] Trial 99 finished with values: [0.7868847268963397, 0.15045871559633028] and parameters: {'psi': 0.45551291074702605, 'lda_s': 3.099558040117785e-05, 'lda_t': 0.018708069269690368}.
