[I 2025-08-10 13:07:04,292] A new study created in memory with name: no-name-d5f2f7ec-559e-4d88-92fb-7f84524a0998
Mode-0 approx rank: 4/38
Estimated noise variance from mode-0: 0.0
Mode-1 approx rank: 6/17
Estimated noise variance from mode-1: 0.00027903427052220907
Mode-2 approx rank: 5/24
Estimated noise variance from mode-2: 0.00017041583916804307
Mode-3 approx rank: 1/60
Estimated noise variance from mode-3: 4.0138600658771684e-05
  0%|          | 0/100 [00:00<?, ?it/s]/mnt/ffs24/home/mondalra/Anomaly_Detection/src/proximal_ops/prox_overlapping_grouped_l21.py:405: UserWarning: Sparse CSR tensor support is in beta state. If you miss a functionality in the sparse tensor support, please submit a feature request to https://github.com/pytorch/pytorch/issues. (Triggered internally at /home/conda/feedstock_root/build_artifacts/libtorch_1742922447420/work/aten/src/ATen/SparseCsrTensorImpl.cpp:53.)
  G_ind = torch.sparse_csr_tensor(A_r.indptr, A_r.indices, A_r.data, device=device, dtype=dtype)
                                         0%|          | 0/100 [00:08<?, ?it/s]  1%|          | 1/100 [00:08<14:44,  8.93s/it]                                                 1%|          | 1/100 [00:15<14:44,  8.93s/it]  2%|▏         | 2/100 [00:15<12:22,  7.58s/it]                                                 2%|▏         | 2/100 [00:22<12:22,  7.58s/it]  3%|▎         | 3/100 [00:22<11:33,  7.15s/it]                                                 3%|▎         | 3/100 [00:28<11:33,  7.15s/it]  4%|▍         | 4/100 [00:28<11:07,  6.95s/it]                                                 4%|▍         | 4/100 [00:35<11:07,  6.95s/it]  5%|▌         | 5/100 [00:35<10:49,  6.84s/it]                                                 5%|▌         | 5/100 [00:42<10:49,  6.84s/it]  6%|▌         | 6/100 [00:42<10:36,  6.77s/it]                                                 6%|▌         | 6/100 [00:48<10:36,  6.77s/it]  7%|▋         | 7/100 [00:48<10:24,  6.72s/it]                                                 7%|▋         | 7/100 [00:55<10:24,  6.72s/it]  8%|▊         | 8/100 [00:55<10:15,  6.69s/it]                                                 8%|▊         | 8/100 [01:02<10:15,  6.69s/it]  9%|▉         | 9/100 [01:02<10:07,  6.68s/it]                                                 9%|▉         | 9/100 [01:08<10:07,  6.68s/it] 10%|█         | 10/100 [01:08<09:59,  6.66s/it]                                                 10%|█         | 10/100 [01:15<09:59,  6.66s/it] 11%|█         | 11/100 [01:15<09:52,  6.65s/it]                                                 11%|█         | 11/100 [01:21<09:52,  6.65s/it] 12%|█▏        | 12/100 [01:21<09:44,  6.64s/it]                                                 12%|█▏        | 12/100 [01:28<09:44,  6.64s/it] 13%|█▎        | 13/100 [01:28<09:37,  6.64s/it]                                                 13%|█▎        | 13/100 [01:35<09:37,  6.64s/it] 14%|█▍        | 14/100 [01:35<09:30,  6.64s/it]                                                 14%|█▍        | 14/100 [01:41<09:30,  6.64s/it] 15%|█▌        | 15/100 [01:41<09:24,  6.64s/it]                                                 15%|█▌        | 15/100 [01:48<09:24,  6.64s/it] 16%|█▌        | 16/100 [01:48<09:17,  6.63s/it]                                                 16%|█▌        | 16/100 [01:55<09:17,  6.63s/it] 17%|█▋        | 17/100 [01:55<09:10,  6.63s/it]                                                 17%|█▋        | 17/100 [02:01<09:10,  6.63s/it] 18%|█▊        | 18/100 [02:01<09:02,  6.62s/it]                                                 18%|█▊        | 18/100 [02:08<09:02,  6.62s/it] 19%|█▉        | 19/100 [02:08<08:55,  6.62s/it]                                                 19%|█▉        | 19/100 [02:14<08:55,  6.62s/it] 20%|██        | 20/100 [02:14<08:49,  6.62s/it]                                                 20%|██        | 20/100 [02:21<08:49,  6.62s/it] 21%|██        | 21/100 [02:21<08:42,  6.62s/it]                                                 21%|██        | 21/100 [02:28<08:42,  6.62s/it] 22%|██▏       | 22/100 [02:28<08:36,  6.63s/it]                                                 22%|██▏       | 22/100 [02:34<08:36,  6.63s/it] 23%|██▎       | 23/100 [02:34<08:30,  6.62s/it]                                                 23%|██▎       | 23/100 [02:41<08:30,  6.62s/it] 24%|██▍       | 24/100 [02:41<08:24,  6.64s/it]                                                 24%|██▍       | 24/100 [02:48<08:24,  6.64s/it] 25%|██▌       | 25/100 [02:48<08:17,  6.64s/it]                                                 25%|██▌       | 25/100 [02:54<08:17,  6.64s/it] 26%|██▌       | 26/100 [02:54<08:13,  6.66s/it]                                                 26%|██▌       | 26/100 [03:01<08:13,  6.66s/it] 27%|██▋       | 27/100 [03:01<08:06,  6.66s/it]                                                 27%|██▋       | 27/100 [03:08<08:06,  6.66s/it] 28%|██▊       | 28/100 [03:08<07:58,  6.65s/it]                                                 28%|██▊       | 28/100 [03:14<07:58,  6.65s/it] 29%|██▉       | 29/100 [03:14<07:51,  6.65s/it]                                                 29%|██▉       | 29/100 [03:21<07:51,  6.65s/it] 30%|███       | 30/100 [03:21<07:45,  6.64s/it]                                                 30%|███       | 30/100 [03:27<07:45,  6.64s/it] 31%|███       | 31/100 [03:27<07:38,  6.64s/it]                                                 31%|███       | 31/100 [03:34<07:38,  6.64s/it] 32%|███▏      | 32/100 [03:34<07:31,  6.64s/it]                                                 32%|███▏      | 32/100 [03:41<07:31,  6.64s/it] 33%|███▎      | 33/100 [03:41<07:24,  6.63s/it]                                                 33%|███▎      | 33/100 [03:47<07:24,  6.63s/it] 34%|███▍      | 34/100 [03:47<07:17,  6.63s/it]                                                 34%|███▍      | 34/100 [03:54<07:17,  6.63s/it] 35%|███▌      | 35/100 [03:54<07:11,  6.63s/it]                                                 35%|███▌      | 35/100 [04:01<07:11,  6.63s/it] 36%|███▌      | 36/100 [04:01<07:04,  6.63s/it]                                                 36%|███▌      | 36/100 [04:07<07:04,  6.63s/it] 37%|███▋      | 37/100 [04:07<06:58,  6.64s/it]                                                 37%|███▋      | 37/100 [04:14<06:58,  6.64s/it] 38%|███▊      | 38/100 [04:14<06:51,  6.63s/it]                                                 38%|███▊      | 38/100 [04:21<06:51,  6.63s/it] 39%|███▉      | 39/100 [04:21<06:44,  6.63s/it]                                                 39%|███▉      | 39/100 [04:27<06:44,  6.63s/it] 40%|████      | 40/100 [04:27<06:37,  6.63s/it]                                                 40%|████      | 40/100 [04:34<06:37,  6.63s/it] 41%|████      | 41/100 [04:34<06:31,  6.63s/it]                                                 41%|████      | 41/100 [04:40<06:31,  6.63s/it] 42%|████▏     | 42/100 [04:40<06:24,  6.63s/it]                                                 42%|████▏     | 42/100 [04:47<06:24,  6.63s/it] 43%|████▎     | 43/100 [04:47<06:17,  6.63s/it]                                                 43%|████▎     | 43/100 [04:54<06:17,  6.63s/it] 44%|████▍     | 44/100 [04:54<06:11,  6.63s/it]                                                 44%|████▍     | 44/100 [05:00<06:11,  6.63s/it] 45%|████▌     | 45/100 [05:00<06:04,  6.63s/it]                                                 45%|████▌     | 45/100 [05:07<06:04,  6.63s/it] 46%|████▌     | 46/100 [05:07<05:58,  6.63s/it]                                                 46%|████▌     | 46/100 [05:14<05:58,  6.63s/it] 47%|████▋     | 47/100 [05:14<05:51,  6.63s/it]                                                 47%|████▋     | 47/100 [05:20<05:51,  6.63s/it] 48%|████▊     | 48/100 [05:20<05:44,  6.62s/it]                                                 48%|████▊     | 48/100 [05:27<05:44,  6.62s/it] 49%|████▉     | 49/100 [05:27<05:38,  6.63s/it]                                                 49%|████▉     | 49/100 [05:34<05:38,  6.63s/it] 50%|█████     | 50/100 [05:34<05:33,  6.67s/it]                                                 50%|█████     | 50/100 [05:40<05:33,  6.67s/it] 51%|█████     | 51/100 [05:40<05:26,  6.66s/it]                                                 51%|█████     | 51/100 [05:47<05:26,  6.66s/it] 52%|█████▏    | 52/100 [05:47<05:19,  6.65s/it]                                                 52%|█████▏    | 52/100 [05:53<05:19,  6.65s/it] 53%|█████▎    | 53/100 [05:53<05:12,  6.64s/it]                                                 53%|█████▎    | 53/100 [06:00<05:12,  6.64s/it] 54%|█████▍    | 54/100 [06:00<05:05,  6.64s/it]                                                 54%|█████▍    | 54/100 [06:07<05:05,  6.64s/it] 55%|█████▌    | 55/100 [06:07<04:58,  6.63s/it]                                                 55%|█████▌    | 55/100 [06:13<04:58,  6.63s/it] 56%|█████▌    | 56/100 [06:13<04:51,  6.63s/it]                                                 56%|█████▌    | 56/100 [06:20<04:51,  6.63s/it] 57%|█████▋    | 57/100 [06:20<04:45,  6.63s/it]                                                 57%|█████▋    | 57/100 [06:27<04:45,  6.63s/it] 58%|█████▊    | 58/100 [06:27<04:38,  6.64s/it]                                                 58%|█████▊    | 58/100 [06:33<04:38,  6.64s/it] 59%|█████▉    | 59/100 [06:33<04:32,  6.64s/it]                                                 59%|█████▉    | 59/100 [06:40<04:32,  6.64s/it] 60%|██████    | 60/100 [06:40<04:25,  6.63s/it]                                                 60%|██████    | 60/100 [06:47<04:25,  6.63s/it] 61%|██████    | 61/100 [06:47<04:18,  6.64s/it]                                                 61%|██████    | 61/100 [06:53<04:18,  6.64s/it] 62%|██████▏   | 62/100 [06:53<04:12,  6.64s/it]                                                 62%|██████▏   | 62/100 [07:00<04:12,  6.64s/it] 63%|██████▎   | 63/100 [07:00<04:05,  6.64s/it]                                                 63%|██████▎   | 63/100 [07:06<04:05,  6.64s/it] 64%|██████▍   | 64/100 [07:06<03:58,  6.64s/it]                                                 64%|██████▍   | 64/100 [07:13<03:58,  6.64s/it] 65%|██████▌   | 65/100 [07:13<03:52,  6.63s/it]                                                 65%|██████▌   | 65/100 [07:20<03:52,  6.63s/it] 66%|██████▌   | 66/100 [07:20<03:45,  6.64s/it]                                                 66%|██████▌   | 66/100 [07:26<03:45,  6.64s/it] 67%|██████▋   | 67/100 [07:26<03:39,  6.64s/it]                                                 67%|██████▋   | 67/100 [07:33<03:39,  6.64s/it] 68%|██████▊   | 68/100 [07:33<03:32,  6.63s/it]                                                 68%|██████▊   | 68/100 [07:40<03:32,  6.63s/it] 69%|██████▉   | 69/100 [07:40<03:25,  6.63s/it]                                                 69%|██████▉   | 69/100 [07:46<03:25,  6.63s/it] 70%|███████   | 70/100 [07:46<03:18,  6.63s/it]                                                 70%|███████   | 70/100 [07:53<03:18,  6.63s/it] 71%|███████   | 71/100 [07:53<03:12,  6.63s/it]                                                 71%|███████   | 71/100 [08:00<03:12,  6.63s/it] 72%|███████▏  | 72/100 [08:00<03:05,  6.64s/it]                                                 72%|███████▏  | 72/100 [08:06<03:05,  6.64s/it] 73%|███████▎  | 73/100 [08:06<02:59,  6.64s/it]                                                 73%|███████▎  | 73/100 [08:13<02:59,  6.64s/it] 74%|███████▍  | 74/100 [08:13<02:53,  6.67s/it]                                                 74%|███████▍  | 74/100 [08:20<02:53,  6.67s/it] 75%|███████▌  | 75/100 [08:20<02:46,  6.65s/it]                                                 75%|███████▌  | 75/100 [08:26<02:46,  6.65s/it] 76%|███████▌  | 76/100 [08:26<02:39,  6.65s/it]                                                 76%|███████▌  | 76/100 [08:33<02:39,  6.65s/it] 77%|███████▋  | 77/100 [08:33<02:32,  6.65s/it]                                                 77%|███████▋  | 77/100 [08:39<02:32,  6.65s/it] 78%|███████▊  | 78/100 [08:39<02:26,  6.64s/it]                                                 78%|███████▊  | 78/100 [08:46<02:26,  6.64s/it] 79%|███████▉  | 79/100 [08:46<02:19,  6.64s/it]                                                 79%|███████▉  | 79/100 [08:53<02:19,  6.64s/it] 80%|████████  | 80/100 [08:53<02:12,  6.64s/it]                                                 80%|████████  | 80/100 [08:59<02:12,  6.64s/it] 81%|████████  | 81/100 [08:59<02:06,  6.64s/it]                                                 81%|████████  | 81/100 [09:06<02:06,  6.64s/it] 82%|████████▏ | 82/100 [09:06<01:59,  6.64s/it]                                                 82%|████████▏ | 82/100 [09:13<01:59,  6.64s/it] 83%|████████▎ | 83/100 [09:13<01:52,  6.64s/it]                                                 83%|████████▎ | 83/100 [09:19<01:52,  6.64s/it] 84%|████████▍ | 84/100 [09:19<01:46,  6.63s/it]                                                 84%|████████▍ | 84/100 [09:26<01:46,  6.63s/it] 85%|████████▌ | 85/100 [09:26<01:39,  6.62s/it]                                                 85%|████████▌ | 85/100 [09:32<01:39,  6.62s/it] 86%|████████▌ | 86/100 [09:32<01:32,  6.62s/it]                                                 86%|████████▌ | 86/100 [09:39<01:32,  6.62s/it] 87%|████████▋ | 87/100 [09:39<01:26,  6.63s/it]                                                 87%|████████▋ | 87/100 [09:46<01:26,  6.63s/it] 88%|████████▊ | 88/100 [09:46<01:19,  6.64s/it]                                                 88%|████████▊ | 88/100 [09:52<01:19,  6.64s/it] 89%|████████▉ | 89/100 [09:52<01:12,  6.64s/it]                                                 89%|████████▉ | 89/100 [09:59<01:12,  6.64s/it] 90%|█████████ | 90/100 [09:59<01:06,  6.63s/it]                                                 90%|█████████ | 90/100 [10:06<01:06,  6.63s/it] 91%|█████████ | 91/100 [10:06<00:59,  6.63s/it]                                                 91%|█████████ | 91/100 [10:12<00:59,  6.63s/it] 92%|█████████▏| 92/100 [10:12<00:53,  6.64s/it]                                                 92%|█████████▏| 92/100 [10:19<00:53,  6.64s/it] 93%|█████████▎| 93/100 [10:19<00:46,  6.63s/it]                                                 93%|█████████▎| 93/100 [10:26<00:46,  6.63s/it] 94%|█████████▍| 94/100 [10:26<00:39,  6.63s/it]                                                 94%|█████████▍| 94/100 [10:32<00:39,  6.63s/it] 95%|█████████▌| 95/100 [10:32<00:33,  6.63s/it]                                                 95%|█████████▌| 95/100 [10:39<00:33,  6.63s/it] 96%|█████████▌| 96/100 [10:39<00:26,  6.63s/it]                                                 96%|█████████▌| 96/100 [10:45<00:26,  6.63s/it] 97%|█████████▋| 97/100 [10:45<00:19,  6.64s/it]                                                 97%|█████████▋| 97/100 [10:52<00:19,  6.64s/it] 98%|█████████▊| 98/100 [10:52<00:13,  6.67s/it]                                                 98%|█████████▊| 98/100 [10:59<00:13,  6.67s/it] 99%|█████████▉| 99/100 [10:59<00:06,  6.66s/it]                                                 99%|█████████▉| 99/100 [11:05<00:06,  6.66s/it]100%|██████████| 100/100 [11:05<00:00,  6.65s/it]100%|██████████| 100/100 [11:05<00:00,  6.66s/it]
[I 2025-08-10 13:07:13,223] Trial 0 finished with values: [0.9357057847858059, 0.3380614657210402] and parameters: {'psi': 0.41983695059075343, 'lda_s': 0.002147622258313839, 'lda_t': 0.010089439000029943}.
[I 2025-08-10 13:07:19,857] Trial 1 finished with values: [0.9440987096057076, 0.334916864608076] and parameters: {'psi': 0.7136445735241528, 'lda_s': 0.00023841060149007505, 'lda_t': 8.342687963674253e-06}.
[I 2025-08-10 13:07:26,497] Trial 2 finished with values: [0.9401788934417996, 0.44171779141104295] and parameters: {'psi': 0.4661657011578739, 'lda_s': 0.025380796706517522, 'lda_t': 5.1847139882500424e-06}.
[I 2025-08-10 13:07:33,140] Trial 3 finished with values: [0.9173509167235566, 0.37059724349157736] and parameters: {'psi': 0.15349553581447528, 'lda_s': 0.15512219321761153, 'lda_t': 0.0051864607499827195}.
[I 2025-08-10 13:07:39,781] Trial 4 finished with values: [0.9379538767714296, 0.37752161383285304] and parameters: {'psi': 0.5314713572977352, 'lda_s': 0.047292700153045784, 'lda_t': 1.1732121424446115e-08}.
[I 2025-08-10 13:07:46,409] Trial 5 finished with values: [0.9748696424964072, 0.41644562334217505] and parameters: {'psi': 0.5503404112857521, 'lda_s': 1.7313977075285604e-05, 'lda_t': 0.08452360641043581}.
[I 2025-08-10 13:07:53,033] Trial 6 finished with values: [0.9410337102541858, 0.3416370106761566] and parameters: {'psi': 0.8507082553670104, 'lda_s': 2.594774888492217e-06, 'lda_t': 0.001235106125081813}.
[I 2025-08-10 13:07:59,662] Trial 7 finished with values: [0.94863568743785, 0.308710033076075] and parameters: {'psi': 0.37462295573816295, 'lda_s': 1.269900270906813e-06, 'lda_t': 0.0007227741415152078}.
[I 2025-08-10 13:08:06,305] Trial 8 finished with values: [0.947421245957828, 0.2938689217758985] and parameters: {'psi': 0.11014566969895412, 'lda_s': 2.6152787821546466e-07, 'lda_t': 1.1272785770596023e-07}.
[I 2025-08-10 13:08:12,941] Trial 9 finished with values: [0.9631221437215105, 0.4124223602484472] and parameters: {'psi': 0.19208124845549324, 'lda_s': 0.00032323063338959184, 'lda_t': 3.958444033165301}.
[I 2025-08-10 13:08:19,570] Trial 10 finished with values: [0.9465492256738018, 0.3017241379310345] and parameters: {'psi': 0.30542375652707954, 'lda_s': 4.104522986727498e-06, 'lda_t': 5.485723406374993e-07}.
[I 2025-08-10 13:08:26,194] Trial 11 finished with values: [0.9463999572282549, 0.3038251366120219] and parameters: {'psi': 0.3034104583841508, 'lda_s': 0.00020924672181699136, 'lda_t': 2.4601424240096126e-07}.
[I 2025-08-10 13:08:32,825] Trial 12 finished with values: [0.9481332842570825, 0.3949843260188088] and parameters: {'psi': 0.13925354014822666, 'lda_s': 0.6485511802141876, 'lda_t': 1.548004337086599e-05}.
[I 2025-08-10 13:08:39,456] Trial 13 finished with values: [0.9184563685449252, 0.45037037037037037] and parameters: {'psi': 0.3733233020718908, 'lda_s': 0.02228444016262792, 'lda_t': 0.00014932449543716812}.
[I 2025-08-10 13:08:46,092] Trial 14 finished with values: [0.9274864399043073, 0.4124293785310734] and parameters: {'psi': 0.36548172568679926, 'lda_s': 0.01581452591579704, 'lda_t': 0.0020385266390088954}.
[I 2025-08-10 13:08:52,717] Trial 15 finished with values: [0.9399707005305159, 0.3404255319148936] and parameters: {'psi': 0.8455128960579078, 'lda_s': 0.00023398770548156022, 'lda_t': 4.015403584793104e-05}.
[I 2025-08-10 13:08:59,342] Trial 16 finished with values: [0.939565749350775, 0.3392226148409894] and parameters: {'psi': 0.8737333619460361, 'lda_s': 3.193690501670957e-07, 'lda_t': 0.00023281278535268528}.
[I 2025-08-10 13:09:05,941] Trial 17 finished with values: [0.946084937969123, 0.3233256351039261] and parameters: {'psi': 0.571182152720132, 'lda_s': 0.0005666271737642538, 'lda_t': 0.0002940830616339712}.
[I 2025-08-10 13:09:12,542] Trial 18 finished with values: [0.9475785495577934, 0.31215161649944256] and parameters: {'psi': 0.47982336566644557, 'lda_s': 2.353836792074346e-05, 'lda_t': 0.00034397716603701354}.
[I 2025-08-10 13:09:19,171] Trial 19 finished with values: [0.9334293637301165, 0.4032042723631509] and parameters: {'psi': 0.9120887464784831, 'lda_s': 1.2847831743212069e-05, 'lda_t': 0.08399137868676813}.
[I 2025-08-10 13:09:25,789] Trial 20 finished with values: [0.9459231017179469, 0.3065049614112459] and parameters: {'psi': 0.33373458105627385, 'lda_s': 0.0004053638585233247, 'lda_t': 2.4937160037211106e-06}.
[I 2025-08-10 13:09:32,432] Trial 21 finished with values: [0.9171400454274667, 0.39280359820089955] and parameters: {'psi': 0.6355819803750087, 'lda_s': 0.02863222842859523, 'lda_t': 6.643576929727486e-07}.
[I 2025-08-10 13:09:39,049] Trial 22 finished with values: [0.9473288416820133, 0.3053435114503817] and parameters: {'psi': 0.2976769630949171, 'lda_s': 0.00014523069011618053, 'lda_t': 0.00019108877010525171}.
[I 2025-08-10 13:09:45,716] Trial 23 finished with values: [0.9036777622877855, 0.428169014084507] and parameters: {'psi': 0.5422229712574497, 'lda_s': 0.014118123992083433, 'lda_t': 0.01488926315002622}.
[I 2025-08-10 13:09:52,353] Trial 24 finished with values: [0.9539863791770826, 0.3684210526315789] and parameters: {'psi': 0.21848648194484688, 'lda_s': 2.4708114663400726, 'lda_t': 1.5516354091881907e-06}.
[I 2025-08-10 13:09:59,084] Trial 25 finished with values: [0.9462344124442703, 0.3422459893048128] and parameters: {'psi': 0.44667945657567043, 'lda_s': 0.18734003158076606, 'lda_t': 1.3534053722991951e-05}.
[I 2025-08-10 13:10:05,725] Trial 26 finished with values: [0.9380528739944598, 0.41874084919472915] and parameters: {'psi': 0.48877263940463556, 'lda_s': 0.01877357080547819, 'lda_t': 1.8314322081648628e-05}.
[I 2025-08-10 13:10:12,342] Trial 27 finished with values: [0.9759074135940186, 0.4389027431421446] and parameters: {'psi': 0.4110205570091793, 'lda_s': 2.176835454350133e-05, 'lda_t': 0.12669048054230003}.
[I 2025-08-10 13:10:18,986] Trial 28 finished with values: [0.9460828776731182, 0.40811153358681873] and parameters: {'psi': 0.32610420182145783, 'lda_s': 0.003443184344872057, 'lda_t': 2.6027845674999135}.
