[I 2025-08-10 13:00:21,348] Trial 29 finished with values: [0.6855191878899923, 0.17882352941176471] and parameters: {'psi': 0.46588380081362313, 'lda_s': 0.00880611010522657, 'lda_t': 2.1507793083959527e-08}.
[I 2025-08-10 13:00:27,617] Trial 30 finished with values: [0.6848447695677318, 0.21200224340998317] and parameters: {'psi': 0.2784562454988021, 'lda_s': 0.1879856557707643, 'lda_t': 2.4524566493983197e-05}.
[I 2025-08-10 13:00:33,870] Trial 31 finished with values: [0.6943985295077464, 0.1896059394631639] and parameters: {'psi': 0.8057801524904588, 'lda_s': 0.0015830673448989346, 'lda_t': 1.9820234810492674e-05}.
[I 2025-08-10 13:00:40,122] Trial 32 finished with values: [0.6798809854483803, 0.24712957900492072] and parameters: {'psi': 0.6559011356573207, 'lda_s': 0.9608255905811505, 'lda_t': 8.94008363206697e-06}.
[I 2025-08-10 13:00:46,384] Trial 33 finished with values: [0.6865599391038921, 0.15384615384615385] and parameters: {'psi': 0.0812109332376646, 'lda_s': 0.5497831501629801, 'lda_t': 2.6741335530051363e-08}.
[I 2025-08-10 13:00:52,641] Trial 34 finished with values: [0.6860889884597929, 0.18052516411378555] and parameters: {'psi': 0.23223158804985, 'lda_s': 4.913867434836059e-08, 'lda_t': 3.350047827866058e-06}.
[I 2025-08-10 13:00:58,895] Trial 35 finished with values: [0.6764338361967558, 0.24443175328383782] and parameters: {'psi': 0.7401768715033009, 'lda_s': 0.6913753878244113, 'lda_t': 6.02482512548582e-07}.
[I 2025-08-10 13:01:05,150] Trial 36 finished with values: [0.5384802080060471, 0.10440613026819924] and parameters: {'psi': 0.8189492626711277, 'lda_s': 1.9853590216227752, 'lda_t': 0.07128511597021256}.
[I 2025-08-10 13:01:11,408] Trial 37 finished with values: [0.75409849626685, 0.25375626043405675] and parameters: {'psi': 0.24412374703098028, 'lda_s': 1.2684929504556062e-06, 'lda_t': 0.07775158381754098}.
[I 2025-08-10 13:01:17,670] Trial 38 finished with values: [0.7334288060446823, 0.24285714285714285] and parameters: {'psi': 0.11151398220984077, 'lda_s': 7.880895197263357e-08, 'lda_t': 0.4420007520518239}.
[I 2025-08-10 13:01:23,924] Trial 39 finished with values: [0.6871764894274217, 0.18341570565623283] and parameters: {'psi': 0.5203837979353686, 'lda_s': 2.036457031644898e-05, 'lda_t': 1.3865020060524024e-05}.
[I 2025-08-10 13:01:30,177] Trial 40 finished with values: [0.6546529286140367, 0.2459654980523094] and parameters: {'psi': 0.6111167125432666, 'lda_s': 2.8341744201184165, 'lda_t': 0.0014698041803021154}.
[I 2025-08-10 13:01:36,440] Trial 41 finished with values: [0.6834424666870059, 0.180623973727422] and parameters: {'psi': 0.03297790546704671, 'lda_s': 6.331807312639745e-07, 'lda_t': 1.0557098786651408e-06}.
[I 2025-08-10 13:01:42,698] Trial 42 finished with values: [0.6088483774951543, 0.19686316928069228] and parameters: {'psi': 0.08804941868300498, 'lda_s': 0.001150309995750037, 'lda_t': 0.008163433462215184}.
[I 2025-08-10 13:01:48,932] Trial 43 finished with values: [0.7622509019818556, 0.23657142857142857] and parameters: {'psi': 0.7612788021860323, 'lda_s': 2.4498534128312472e-06, 'lda_t': 0.021164890918687236}.
[I 2025-08-10 13:01:55,207] Trial 44 finished with values: [0.6809791493062671, 0.18181818181818182] and parameters: {'psi': 0.021583171224150433, 'lda_s': 7.931886626236313e-06, 'lda_t': 8.220772202206075e-08}.
[I 2025-08-10 13:02:01,450] Trial 45 finished with values: [0.6734113431902458, 0.16580976863753213] and parameters: {'psi': 0.10721324015419731, 'lda_s': 0.23453985146189285, 'lda_t': 0.0019571466129650467}.
[I 2025-08-10 13:02:07,699] Trial 46 finished with values: [0.6653848051157587, 0.1554993678887484] and parameters: {'psi': 0.3632828619100996, 'lda_s': 0.016216238022273267, 'lda_t': 1.727648496026731e-07}.
[I 2025-08-10 13:02:13,976] Trial 47 finished with values: [0.6866585234059929, 0.23870220162224798] and parameters: {'psi': 0.3154318670202546, 'lda_s': 1.0194173014702694, 'lda_t': 2.2211152581220827e-06}.
[I 2025-08-10 13:02:20,234] Trial 48 finished with values: [0.5150713313206654, 0.03086112493777999] and parameters: {'psi': 0.8591818186574586, 'lda_s': 5.283405526378182, 'lda_t': 3.3103011046232194}.
[I 2025-08-10 13:02:26,619] Trial 49 finished with values: [0.6855000250445109, 0.18022938285090115] and parameters: {'psi': 0.1074074254186167, 'lda_s': 6.491374332904873e-07, 'lda_t': 1.1669299936527152e-06}.
[I 2025-08-10 13:02:32,853] Trial 50 finished with values: [0.7414565583984869, 0.23232323232323232] and parameters: {'psi': 0.4678671276480748, 'lda_s': 0.0014792568089834536, 'lda_t': 0.010255510774474723}.
[I 2025-08-10 13:02:39,109] Trial 51 finished with values: [0.6871628287850984, 0.18361737218251786] and parameters: {'psi': 0.5324577600991982, 'lda_s': 3.850010350274188e-05, 'lda_t': 1.3813054231271283e-07}.
[I 2025-08-10 13:02:45,387] Trial 52 finished with values: [0.724063069667758, 0.23898678414096916] and parameters: {'psi': 0.09907281199859574, 'lda_s': 6.636532206359025e-05, 'lda_t': 1.7604437451182027}.
[I 2025-08-10 13:02:51,654] Trial 53 finished with values: [0.6859549623801089, 0.18042646254784034] and parameters: {'psi': 0.2145873385463094, 'lda_s': 6.491374332904873e-07, 'lda_t': 4.836483591704678e-08}.
[I 2025-08-10 13:02:57,901] Trial 54 finished with values: [0.6890304283218508, 0.18041804180418042] and parameters: {'psi': 0.1921505429040442, 'lda_s': 0.00033271630729782704, 'lda_t': 2.1678730311183064e-07}.
[I 2025-08-10 13:03:04,176] Trial 55 finished with values: [0.7322201807151194, 0.24105668684645018] and parameters: {'psi': 0.1074074254186167, 'lda_s': 6.491374332904873e-07, 'lda_t': 0.16903843880396105}.
[I 2025-08-10 13:03:10,414] Trial 56 finished with values: [0.6898924148524574, 0.18526785714285715] and parameters: {'psi': 0.036352724107161616, 'lda_s': 0.0003281727878404146, 'lda_t': 2.64262224193472e-05}.
[I 2025-08-10 13:03:16,676] Trial 57 finished with values: [0.685481279607545, 0.18022938285090115] and parameters: {'psi': 0.11151398220984077, 'lda_s': 7.880895197263357e-08, 'lda_t': 1.3813054231271283e-07}.
[I 2025-08-10 13:03:22,923] Trial 58 finished with values: [0.7639015629292667, 0.23868778280542988] and parameters: {'psi': 0.709966633231946, 'lda_s': 0.0003281727878404146, 'lda_t': 0.021164890918687236}.
[I 2025-08-10 13:03:29,174] Trial 59 finished with values: [0.7582375949983836, 0.2509760178471835] and parameters: {'psi': 0.39050133051533154, 'lda_s': 1.1799902018464812e-07, 'lda_t': 0.019317717092410067}.
[I 2025-08-10 13:03:35,429] Trial 60 finished with values: [0.7005213052895525, 0.18635607321131448] and parameters: {'psi': 0.6559011356573207, 'lda_s': 3.155584594630671e-06, 'lda_t': 0.0018774467894253997}.
[I 2025-08-10 13:03:41,664] Trial 61 finished with values: [0.6926860162075933, 0.18423973362930077] and parameters: {'psi': 0.46716621824000737, 'lda_s': 0.0015830673448989346, 'lda_t': 1.6151245565465181e-07}.
[I 2025-08-10 13:03:47,916] Trial 62 finished with values: [0.6864011341368826, 0.17626728110599077] and parameters: {'psi': 0.0812109332376646, 'lda_s': 0.0014792568089834536, 'lda_t': 2.6741335530051363e-08}.
[I 2025-08-10 13:03:54,186] Trial 63 finished with values: [0.6402071408730972, 0.21631878557874762] and parameters: {'psi': 0.36901295922067145, 'lda_s': 0.010336374393832398, 'lda_t': 0.019317717092410067}.
[I 2025-08-10 13:04:00,442] Trial 64 finished with values: [0.5611387359655873, 0.09342748506246605] and parameters: {'psi': 0.10506198932668487, 'lda_s': 0.018225171045563485, 'lda_t': 0.07775158381754098}.
[I 2025-08-10 13:04:06,699] Trial 65 finished with values: [0.6873371158134077, 0.18022938285090115] and parameters: {'psi': 0.1370260800282168, 'lda_s': 2.0296697926241306e-06, 'lda_t': 5.351759991407301e-05}.
[I 2025-08-10 13:04:12,959] Trial 66 finished with values: [0.688524149738854, 0.18051733626857458] and parameters: {'psi': 0.0636786932642206, 'lda_s': 0.00011653753752416483, 'lda_t': 1.9820234810492674e-05}.
[I 2025-08-10 13:04:19,220] Trial 67 finished with values: [0.689916966062411, 0.1882750845546787] and parameters: {'psi': 0.7778679139552147, 'lda_s': 4.9516926966561064e-05, 'lda_t': 1.409374560084801e-07}.
[I 2025-08-10 13:04:25,475] Trial 68 finished with values: [0.6734113431902458, 0.16580976863753213] and parameters: {'psi': 0.10721324015419731, 'lda_s': 0.23453985146189285, 'lda_t': 0.0019571466129650467}.
[I 2025-08-10 13:04:31,727] Trial 69 finished with values: [0.7533515627015893, 0.25275938189845476] and parameters: {'psi': 0.2784562454988021, 'lda_s': 0.00046358496807540663, 'lda_t': 0.06439494618272543}.
[I 2025-08-10 13:04:38,000] Trial 70 finished with values: [0.5539409435253868, 0.10938283993978926] and parameters: {'psi': 0.11151398220984077, 'lda_s': 0.009887625560207506, 'lda_t': 0.4420007520518239}.
[I 2025-08-10 13:04:44,252] Trial 71 finished with values: [0.688541491165359, 0.1840220385674931] and parameters: {'psi': 0.5571031775353579, 'lda_s': 0.0003281727878404146, 'lda_t': 3.661667090994665e-05}.
[I 2025-08-10 13:04:50,516] Trial 72 finished with values: [0.7609531030149037, 0.25925925925925924] and parameters: {'psi': 0.42925987848520575, 'lda_s': 3.888712523055116e-08, 'lda_t': 1.0525362414615056}.
[I 2025-08-10 13:04:56,892] Trial 73 finished with values: [0.5569864319464746, 0.10923151280811987] and parameters: {'psi': 0.31364304933290954, 'lda_s': 2.8341744201184165, 'lda_t': 0.1470951430053648}.
[I 2025-08-10 13:05:03,151] Trial 74 finished with values: [0.6852595597933904, 0.16132858837485173] and parameters: {'psi': 0.04343080035447067, 'lda_s': 0.0014829541905456857, 'lda_t': 1.5187858235435297e-08}.
[I 2025-08-10 13:05:09,425] Trial 75 finished with values: [0.6906622679398384, 0.18101545253863136] and parameters: {'psi': 0.10721324015419731, 'lda_s': 0.00037029353429817336, 'lda_t': 1.212642563984924e-06}.
[I 2025-08-10 13:05:15,685] Trial 76 finished with values: [0.6900437064661893, 0.19101123595505617] and parameters: {'psi': 0.8669077678052782, 'lda_s': 6.491374332904873e-07, 'lda_t': 1.1669299936527152e-06}.
[I 2025-08-10 13:05:21,959] Trial 77 finished with values: [0.5959788760934206, 0.12847749114820434] and parameters: {'psi': 0.22263243803468435, 'lda_s': 0.5478251701811866, 'lda_t': 0.011279569078757642}.
[I 2025-08-10 13:05:28,227] Trial 78 finished with values: [0.6885619441826154, 0.23406720741599074] and parameters: {'psi': 0.29982996459247246, 'lda_s': 1.4696747506478043, 'lda_t': 2.6741335530051363e-08}.
[I 2025-08-10 13:05:34,476] Trial 79 finished with values: [0.6890198792702789, 0.1817180616740088] and parameters: {'psi': 0.3886338186312537, 'lda_s': 0.0005208892897810143, 'lda_t': 1.3377429782302397e-07}.
[I 2025-08-10 13:05:40,749] Trial 80 finished with values: [0.6871849134901878, 0.18022938285090115] and parameters: {'psi': 0.13046017429423873, 'lda_s': 7.931886626236313e-06, 'lda_t': 4.584181046737822e-05}.
[I 2025-08-10 13:05:46,995] Trial 81 finished with values: [0.6885242256313113, 0.19185722253206916] and parameters: {'psi': 0.9102775197195923, 'lda_s': 7.931886626236313e-06, 'lda_t': 8.220772202206075e-08}.
[I 2025-08-10 13:05:53,255] Trial 82 finished with values: [0.6875315902353729, 0.24692802808660036] and parameters: {'psi': 0.3528271550253489, 'lda_s': 1.0194173014702694, 'lda_t': 2.2211152581220827e-06}.
[I 2025-08-10 13:05:59,533] Trial 83 finished with values: [0.6858870006845499, 0.18042646254784034] and parameters: {'psi': 0.19644586942704623, 'lda_s': 6.491374332904873e-07, 'lda_t': 4.751292049470094e-08}.
[I 2025-08-10 13:06:05,817] Trial 84 finished with values: [0.7399887223808375, 0.2488986784140969] and parameters: {'psi': 0.1370260800282168, 'lda_s': 2.0296697926241306e-06, 'lda_t': 0.4102023816799641}.
[I 2025-08-10 13:06:12,081] Trial 85 finished with values: [0.6860900889004246, 0.18052516411378555] and parameters: {'psi': 0.23223158804985, 'lda_s': 3.3099940567159633e-07, 'lda_t': 3.350047827866058e-06}.
[I 2025-08-10 13:06:18,345] Trial 86 finished with values: [0.5630634066302687, 0.08939213349225268] and parameters: {'psi': 0.09907281199859574, 'lda_s': 0.02106759533605692, 'lda_t': 0.10578208818027894}.
[I 2025-08-10 13:06:24,619] Trial 87 finished with values: [0.6041732882835706, 0.10587475790832795] and parameters: {'psi': 0.9079788383761882, 'lda_s': 0.6913753878244113, 'lda_t': 6.02482512548582e-07}.
[I 2025-08-10 13:06:30,878] Trial 88 finished with values: [0.6973204270620359, 0.19322033898305085] and parameters: {'psi': 0.8217577718270875, 'lda_s': 5.567344375192946e-07, 'lda_t': 0.0012464479896818577}.
[I 2025-08-10 13:06:37,135] Trial 89 finished with values: [0.6907073480595056, 0.19042253521126762] and parameters: {'psi': 0.8493384984779453, 'lda_s': 3.888712523055116e-08, 'lda_t': 3.661667090994665e-05}.
[I 2025-08-10 13:06:43,374] Trial 90 finished with values: [0.7221403342607392, 0.21230942970073405] and parameters: {'psi': 0.9285006251414754, 'lda_s': 0.001150309995750037, 'lda_t': 0.008163433462215184}.
[I 2025-08-10 13:06:49,659] Trial 91 finished with values: [0.5686168371970184, 0.0911062906724512] and parameters: {'psi': 0.1904212911306956, 'lda_s': 0.21599776537744023, 'lda_t': 0.02820106106269257}.
[I 2025-08-10 13:06:55,930] Trial 92 finished with values: [0.7535099123138548, 0.25041736227045075] and parameters: {'psi': 0.234065846575634, 'lda_s': 1.9982198403873472e-08, 'lda_t': 0.059923722947104505}.
[I 2025-08-10 13:07:02,187] Trial 93 finished with values: [0.7018112873333971, 0.2881452070334657] and parameters: {'psi': 0.40584463960112094, 'lda_s': 0.0019153100844357814, 'lda_t': 0.1470951430053648}.
[I 2025-08-10 13:07:08,457] Trial 94 finished with values: [0.7719186523928133, 0.2833432128037937] and parameters: {'psi': 0.8067351506885114, 'lda_s': 2.0296697926241306e-06, 'lda_t': 0.06439494618272543}.
[I 2025-08-10 13:07:14,730] Trial 95 finished with values: [0.6834229623254663, 0.180623973727422] and parameters: {'psi': 0.03297790546704671, 'lda_s': 1.1799902018464812e-07, 'lda_t': 1.0557098786651408e-06}.
[I 2025-08-10 13:07:21,005] Trial 96 finished with values: [0.7368842275741584, 0.2490358126721763] and parameters: {'psi': 0.12391555355123762, 'lda_s': 3.3476025506528717e-07, 'lda_t': 0.03614925808421991}.
[I 2025-08-10 13:07:27,343] Trial 97 finished with values: [0.6895357961953594, 0.1853496115427303] and parameters: {'psi': 0.9603206524116449, 'lda_s': 3.275539094198433e-05, 'lda_t': 7.277927300687443e-07}.
[I 2025-08-10 13:07:33,624] Trial 98 finished with values: [0.7534720040314072, 0.2516703786191537] and parameters: {'psi': 0.23223158804985, 'lda_s': 3.558737055729288e-05, 'lda_t': 5.864017870100099}.
[I 2025-08-10 13:07:39,884] Trial 99 finished with values: [0.6930116707420917, 0.2154761904761905] and parameters: {'psi': 0.4113823826332418, 'lda_s': 2.8836798064513993, 'lda_t': 0.00012853902305001385}.
