[I 2025-08-10 12:58:34,442] A new study created in memory with name: no-name-0623b951-4563-4c4a-98b3-4ad2b7bca5c9
Mode-0 approx rank: 4/38
Estimated noise variance from mode-0: 0.0
Mode-1 approx rank: 6/17
Estimated noise variance from mode-1: 0.00033282192583085525
Mode-2 approx rank: 5/24
Estimated noise variance from mode-2: 0.0002553865572645894
Mode-3 approx rank: 1/60
Estimated noise variance from mode-3: 4.668636651394164e-05
  0%|          | 0/100 [00:00<?, ?it/s]/mnt/ffs24/home/mondalra/Anomaly_Detection/src/proximal_ops/prox_overlapping_grouped_l21.py:405: UserWarning: Sparse CSR tensor support is in beta state. If you miss a functionality in the sparse tensor support, please submit a feature request to https://github.com/pytorch/pytorch/issues. (Triggered internally at /home/conda/feedstock_root/build_artifacts/libtorch_1742922447420/work/aten/src/ATen/SparseCsrTensorImpl.cpp:53.)
  G_ind = torch.sparse_csr_tensor(A_r.indptr, A_r.indices, A_r.data, device=device, dtype=dtype)
                                         0%|          | 0/100 [00:07<?, ?it/s]  1%|          | 1/100 [00:07<12:50,  7.78s/it]                                                 1%|          | 1/100 [00:14<12:50,  7.78s/it]  2%|▏         | 2/100 [00:14<11:21,  6.95s/it]                                                 2%|▏         | 2/100 [00:20<11:21,  6.95s/it]  3%|▎         | 3/100 [00:20<10:48,  6.69s/it]                                                 3%|▎         | 3/100 [00:26<10:48,  6.69s/it]  4%|▍         | 4/100 [00:26<10:29,  6.56s/it]                                                 4%|▍         | 4/100 [00:33<10:29,  6.56s/it]  5%|▌         | 5/100 [00:33<10:16,  6.49s/it]                                                 5%|▌         | 5/100 [00:39<10:16,  6.49s/it]  6%|▌         | 6/100 [00:39<10:06,  6.45s/it]                                                 6%|▌         | 6/100 [00:45<10:06,  6.45s/it]  7%|▋         | 7/100 [00:45<09:56,  6.42s/it]                                                 7%|▋         | 7/100 [00:52<09:56,  6.42s/it]  8%|▊         | 8/100 [00:52<09:48,  6.40s/it]                                                 8%|▊         | 8/100 [00:58<09:48,  6.40s/it]  9%|▉         | 9/100 [00:58<09:41,  6.39s/it]                                                 9%|▉         | 9/100 [01:05<09:41,  6.39s/it] 10%|█         | 10/100 [01:05<09:34,  6.38s/it]                                                 10%|█         | 10/100 [01:11<09:34,  6.38s/it] 11%|█         | 11/100 [01:11<09:27,  6.38s/it]                                                 11%|█         | 11/100 [01:17<09:27,  6.38s/it] 12%|█▏        | 12/100 [01:17<09:20,  6.37s/it]                                                 12%|█▏        | 12/100 [01:24<09:20,  6.37s/it] 13%|█▎        | 13/100 [01:24<09:13,  6.36s/it]                                                 13%|█▎        | 13/100 [01:30<09:13,  6.36s/it] 14%|█▍        | 14/100 [01:30<09:06,  6.36s/it]                                                 14%|█▍        | 14/100 [01:36<09:06,  6.36s/it] 15%|█▌        | 15/100 [01:36<09:00,  6.36s/it]                                                 15%|█▌        | 15/100 [01:43<09:00,  6.36s/it] 16%|█▌        | 16/100 [01:43<08:53,  6.36s/it]                                                 16%|█▌        | 16/100 [01:49<08:53,  6.36s/it] 17%|█▋        | 17/100 [01:49<08:47,  6.36s/it]                                                 17%|█▋        | 17/100 [01:55<08:47,  6.36s/it] 18%|█▊        | 18/100 [01:55<08:41,  6.35s/it]                                                 18%|█▊        | 18/100 [02:02<08:41,  6.35s/it] 19%|█▉        | 19/100 [02:02<08:34,  6.36s/it]                                                 19%|█▉        | 19/100 [02:08<08:34,  6.36s/it] 20%|██        | 20/100 [02:08<08:28,  6.36s/it]                                                 20%|██        | 20/100 [02:15<08:28,  6.36s/it] 21%|██        | 21/100 [02:15<08:22,  6.36s/it]                                                 21%|██        | 21/100 [02:21<08:22,  6.36s/it] 22%|██▏       | 22/100 [02:21<08:15,  6.36s/it]                                                 22%|██▏       | 22/100 [02:27<08:15,  6.36s/it] 23%|██▎       | 23/100 [02:27<08:09,  6.36s/it]                                                 23%|██▎       | 23/100 [02:34<08:09,  6.36s/it] 24%|██▍       | 24/100 [02:34<08:03,  6.36s/it]                                                 24%|██▍       | 24/100 [02:40<08:03,  6.36s/it] 25%|██▌       | 25/100 [02:40<07:59,  6.39s/it]                                                 25%|██▌       | 25/100 [02:46<07:59,  6.39s/it] 26%|██▌       | 26/100 [02:46<07:52,  6.38s/it]                                                 26%|██▌       | 26/100 [02:53<07:52,  6.38s/it] 27%|██▋       | 27/100 [02:53<07:45,  6.38s/it]                                                 27%|██▋       | 27/100 [02:59<07:45,  6.38s/it] 28%|██▊       | 28/100 [02:59<07:38,  6.37s/it]                                                 28%|██▊       | 28/100 [03:05<07:38,  6.37s/it] 29%|██▉       | 29/100 [03:05<07:31,  6.36s/it]                                                 29%|██▉       | 29/100 [03:12<07:31,  6.36s/it] 30%|███       | 30/100 [03:12<07:24,  6.35s/it]                                                 30%|███       | 30/100 [03:18<07:24,  6.35s/it] 31%|███       | 31/100 [03:18<07:18,  6.36s/it]                                                 31%|███       | 31/100 [03:25<07:18,  6.36s/it] 32%|███▏      | 32/100 [03:25<07:12,  6.35s/it]                                                 32%|███▏      | 32/100 [03:31<07:12,  6.35s/it] 33%|███▎      | 33/100 [03:31<07:06,  6.36s/it]                                                 33%|███▎      | 33/100 [03:37<07:06,  6.36s/it] 34%|███▍      | 34/100 [03:37<06:59,  6.36s/it]                                                 34%|███▍      | 34/100 [03:44<06:59,  6.36s/it] 35%|███▌      | 35/100 [03:44<06:53,  6.36s/it]                                                 35%|███▌      | 35/100 [03:50<06:53,  6.36s/it] 36%|███▌      | 36/100 [03:50<06:47,  6.36s/it]                                                 36%|███▌      | 36/100 [03:56<06:47,  6.36s/it] 37%|███▋      | 37/100 [03:56<06:40,  6.36s/it]                                                 37%|███▋      | 37/100 [04:03<06:40,  6.36s/it] 38%|███▊      | 38/100 [04:03<06:34,  6.36s/it]                                                 38%|███▊      | 38/100 [04:09<06:34,  6.36s/it] 39%|███▉      | 39/100 [04:09<06:27,  6.36s/it]                                                 39%|███▉      | 39/100 [04:15<06:27,  6.36s/it] 40%|████      | 40/100 [04:15<06:21,  6.35s/it]                                                 40%|████      | 40/100 [04:22<06:21,  6.35s/it] 41%|████      | 41/100 [04:22<06:14,  6.35s/it]                                                 41%|████      | 41/100 [04:28<06:14,  6.35s/it] 42%|████▏     | 42/100 [04:28<06:08,  6.35s/it]                                                 42%|████▏     | 42/100 [04:34<06:08,  6.35s/it] 43%|████▎     | 43/100 [04:34<06:01,  6.35s/it]                                                 43%|████▎     | 43/100 [04:41<06:01,  6.35s/it] 44%|████▍     | 44/100 [04:41<05:55,  6.34s/it]                                                 44%|████▍     | 44/100 [04:47<05:55,  6.34s/it] 45%|████▌     | 45/100 [04:47<05:49,  6.35s/it]                                                 45%|████▌     | 45/100 [04:53<05:49,  6.35s/it] 46%|████▌     | 46/100 [04:53<05:42,  6.35s/it]                                                 46%|████▌     | 46/100 [05:00<05:42,  6.35s/it] 47%|████▋     | 47/100 [05:00<05:36,  6.35s/it]                                                 47%|████▋     | 47/100 [05:06<05:36,  6.35s/it] 48%|████▊     | 48/100 [05:06<05:30,  6.36s/it]                                                 48%|████▊     | 48/100 [05:13<05:30,  6.36s/it] 49%|████▉     | 49/100 [05:13<05:25,  6.39s/it]                                                 49%|████▉     | 49/100 [05:19<05:25,  6.39s/it] 50%|█████     | 50/100 [05:19<05:18,  6.38s/it]                                                 50%|█████     | 50/100 [05:25<05:18,  6.38s/it] 51%|█████     | 51/100 [05:25<05:11,  6.37s/it]                                                 51%|█████     | 51/100 [05:32<05:11,  6.37s/it] 52%|█████▏    | 52/100 [05:32<05:05,  6.36s/it]                                                 52%|█████▏    | 52/100 [05:38<05:05,  6.36s/it] 53%|█████▎    | 53/100 [05:38<04:58,  6.36s/it]                                                 53%|█████▎    | 53/100 [05:44<04:58,  6.36s/it] 54%|█████▍    | 54/100 [05:44<04:52,  6.36s/it]                                                 54%|█████▍    | 54/100 [05:51<04:52,  6.36s/it] 55%|█████▌    | 55/100 [05:51<04:46,  6.36s/it]                                                 55%|█████▌    | 55/100 [05:57<04:46,  6.36s/it] 56%|█████▌    | 56/100 [05:57<04:39,  6.36s/it]                                                 56%|█████▌    | 56/100 [06:03<04:39,  6.36s/it] 57%|█████▋    | 57/100 [06:03<04:33,  6.36s/it]                                                 57%|█████▋    | 57/100 [06:10<04:33,  6.36s/it] 58%|█████▊    | 58/100 [06:10<04:27,  6.37s/it]                                                 58%|█████▊    | 58/100 [06:16<04:27,  6.37s/it] 59%|█████▉    | 59/100 [06:16<04:20,  6.37s/it]                                                 59%|█████▉    | 59/100 [06:23<04:20,  6.37s/it] 60%|██████    | 60/100 [06:23<04:14,  6.36s/it]                                                 60%|██████    | 60/100 [06:29<04:14,  6.36s/it] 61%|██████    | 61/100 [06:29<04:08,  6.36s/it]                                                 61%|██████    | 61/100 [06:35<04:08,  6.36s/it] 62%|██████▏   | 62/100 [06:35<04:01,  6.36s/it]                                                 62%|██████▏   | 62/100 [06:42<04:01,  6.36s/it] 63%|██████▎   | 63/100 [06:42<03:55,  6.36s/it]                                                 63%|██████▎   | 63/100 [06:48<03:55,  6.36s/it] 64%|██████▍   | 64/100 [06:48<03:48,  6.36s/it]                                                 64%|██████▍   | 64/100 [06:54<03:48,  6.36s/it] 65%|██████▌   | 65/100 [06:54<03:42,  6.36s/it]                                                 65%|██████▌   | 65/100 [07:01<03:42,  6.36s/it] 66%|██████▌   | 66/100 [07:01<03:36,  6.36s/it]                                                 66%|██████▌   | 66/100 [07:07<03:36,  6.36s/it] 67%|██████▋   | 67/100 [07:07<03:29,  6.36s/it]                                                 67%|██████▋   | 67/100 [07:13<03:29,  6.36s/it] 68%|██████▊   | 68/100 [07:13<03:23,  6.36s/it]                                                 68%|██████▊   | 68/100 [07:20<03:23,  6.36s/it] 69%|██████▉   | 69/100 [07:20<03:17,  6.36s/it]                                                 69%|██████▉   | 69/100 [07:26<03:17,  6.36s/it] 70%|███████   | 70/100 [07:26<03:10,  6.36s/it]                                                 70%|███████   | 70/100 [07:32<03:10,  6.36s/it] 71%|███████   | 71/100 [07:32<03:04,  6.35s/it]                                                 71%|███████   | 71/100 [07:39<03:04,  6.35s/it] 72%|███████▏  | 72/100 [07:39<02:57,  6.36s/it]                                                 72%|███████▏  | 72/100 [07:45<02:57,  6.36s/it] 73%|███████▎  | 73/100 [07:45<02:52,  6.39s/it]                                                 73%|███████▎  | 73/100 [07:52<02:52,  6.39s/it] 74%|███████▍  | 74/100 [07:52<02:45,  6.38s/it]                                                 74%|███████▍  | 74/100 [07:58<02:45,  6.38s/it] 75%|███████▌  | 75/100 [07:58<02:39,  6.38s/it]                                                 75%|███████▌  | 75/100 [08:04<02:39,  6.38s/it] 76%|███████▌  | 76/100 [08:04<02:32,  6.37s/it]                                                 76%|███████▌  | 76/100 [08:11<02:32,  6.37s/it] 77%|███████▋  | 77/100 [08:11<02:26,  6.37s/it]                                                 77%|███████▋  | 77/100 [08:17<02:26,  6.37s/it] 78%|███████▊  | 78/100 [08:17<02:20,  6.37s/it]                                                 78%|███████▊  | 78/100 [08:24<02:20,  6.37s/it] 79%|███████▉  | 79/100 [08:24<02:13,  6.37s/it]                                                 79%|███████▉  | 79/100 [08:30<02:13,  6.37s/it] 80%|████████  | 80/100 [08:30<02:07,  6.37s/it]                                                 80%|████████  | 80/100 [08:36<02:07,  6.37s/it] 81%|████████  | 81/100 [08:36<02:00,  6.37s/it]                                                 81%|████████  | 81/100 [08:43<02:00,  6.37s/it] 82%|████████▏ | 82/100 [08:43<01:54,  6.37s/it]                                                 82%|████████▏ | 82/100 [08:49<01:54,  6.37s/it] 83%|████████▎ | 83/100 [08:49<01:48,  6.36s/it]                                                 83%|████████▎ | 83/100 [08:55<01:48,  6.36s/it] 84%|████████▍ | 84/100 [08:55<01:41,  6.36s/it]                                                 84%|████████▍ | 84/100 [09:02<01:41,  6.36s/it] 85%|████████▌ | 85/100 [09:02<01:35,  6.37s/it]                                                 85%|████████▌ | 85/100 [09:08<01:35,  6.37s/it] 86%|████████▌ | 86/100 [09:08<01:29,  6.37s/it]                                                 86%|████████▌ | 86/100 [09:14<01:29,  6.37s/it] 87%|████████▋ | 87/100 [09:14<01:22,  6.37s/it]                                                 87%|████████▋ | 87/100 [09:21<01:22,  6.37s/it] 88%|████████▊ | 88/100 [09:21<01:16,  6.37s/it]                                                 88%|████████▊ | 88/100 [09:27<01:16,  6.37s/it] 89%|████████▉ | 89/100 [09:27<01:10,  6.37s/it]                                                 89%|████████▉ | 89/100 [09:34<01:10,  6.37s/it] 90%|█████████ | 90/100 [09:34<01:03,  6.37s/it]                                                 90%|█████████ | 90/100 [09:40<01:03,  6.37s/it] 91%|█████████ | 91/100 [09:40<00:57,  6.37s/it]                                                 91%|█████████ | 91/100 [09:46<00:57,  6.37s/it] 92%|█████████▏| 92/100 [09:46<00:50,  6.37s/it]                                                 92%|█████████▏| 92/100 [09:53<00:50,  6.37s/it] 93%|█████████▎| 93/100 [09:53<00:44,  6.36s/it]                                                 93%|█████████▎| 93/100 [09:59<00:44,  6.36s/it] 94%|█████████▍| 94/100 [09:59<00:38,  6.36s/it]                                                 94%|█████████▍| 94/100 [10:05<00:38,  6.36s/it] 95%|█████████▌| 95/100 [10:05<00:31,  6.37s/it]                                                 95%|█████████▌| 95/100 [10:12<00:31,  6.37s/it] 96%|█████████▌| 96/100 [10:12<00:25,  6.37s/it]                                                 96%|█████████▌| 96/100 [10:18<00:25,  6.37s/it] 97%|█████████▋| 97/100 [10:18<00:19,  6.40s/it]                                                 97%|█████████▋| 97/100 [10:25<00:19,  6.40s/it] 98%|█████████▊| 98/100 [10:25<00:12,  6.39s/it]                                                 98%|█████████▊| 98/100 [10:31<00:12,  6.39s/it] 99%|█████████▉| 99/100 [10:31<00:06,  6.39s/it]                                                 99%|█████████▉| 99/100 [10:37<00:06,  6.39s/it]100%|██████████| 100/100 [10:37<00:00,  6.38s/it]100%|██████████| 100/100 [10:37<00:00,  6.38s/it]
[I 2025-08-10 12:58:42,225] Trial 0 finished with values: [0.9350843996940886, 0.4504983388704319] and parameters: {'psi': 0.07938603723357884, 'lda_s': 2.0051086512063468e-06, 'lda_t': 0.0003305764969292474}.
[I 2025-08-10 12:58:48,600] Trial 1 finished with values: [0.8368837851755261, 0.3902439024390244] and parameters: {'psi': 0.6848051132212275, 'lda_s': 6.231600437406768, 'lda_t': 3.573184098680251e-08}.
[I 2025-08-10 12:58:54,969] Trial 2 finished with values: [0.9334573364331861, 0.450199203187251] and parameters: {'psi': 0.272772834762006, 'lda_s': 7.390031700149627e-05, 'lda_t': 9.947725579189343e-05}.
[I 2025-08-10 12:59:01,340] Trial 3 finished with values: [0.9274917523484799, 0.473474801061008] and parameters: {'psi': 0.993156089559264, 'lda_s': 1.5621202652029257e-07, 'lda_t': 3.2740813407475754e-06}.
[I 2025-08-10 12:59:07,705] Trial 4 finished with values: [0.9098083471355869, 0.4231564438318401] and parameters: {'psi': 0.21804123847867585, 'lda_s': 0.0021780579301414614, 'lda_t': 1.6187157467844332e-05}.
[I 2025-08-10 12:59:14,068] Trial 5 finished with values: [0.9108160389524605, 0.3305149884704074] and parameters: {'psi': 0.8034477098046555, 'lda_s': 0.17237118187000225, 'lda_t': 2.1796252276334825e-05}.
[I 2025-08-10 12:59:20,426] Trial 6 finished with values: [0.9125274884272262, 0.37212750185322463] and parameters: {'psi': 0.05898032425275368, 'lda_s': 0.0020995472153264505, 'lda_t': 1.45742710585253e-07}.
[I 2025-08-10 12:59:26,779] Trial 7 finished with values: [0.9234314633863585, 0.4789915966386555] and parameters: {'psi': 0.22153696976007242, 'lda_s': 6.130559487198965e-05, 'lda_t': 0.43200978469217993}.
[I 2025-08-10 12:59:33,140] Trial 8 finished with values: [0.9170014405868033, 0.4312925170068027] and parameters: {'psi': 0.17447732288906914, 'lda_s': 0.0010784946553556271, 'lda_t': 0.0005672111803358688}.
[I 2025-08-10 12:59:39,500] Trial 9 finished with values: [0.9324252004734257, 0.45695364238410596] and parameters: {'psi': 0.2505634325325762, 'lda_s': 4.321497188023294e-06, 'lda_t': 0.0024486345269453457}.
[I 2025-08-10 12:59:45,878] Trial 10 finished with values: [0.9346586941615345, 0.450199203187251] and parameters: {'psi': 0.2479924311490732, 'lda_s': 1.8767107926348766e-07, 'lda_t': 0.0002448718495649481}.
[I 2025-08-10 12:59:52,225] Trial 11 finished with values: [0.8971116369397731, 0.43784530386740333] and parameters: {'psi': 0.8366928699494467, 'lda_s': 3.314340077487891e-05, 'lda_t': 0.02093883856850289}.
[I 2025-08-10 12:59:58,580] Trial 12 finished with values: [0.9264752983847991, 0.47105788423153694] and parameters: {'psi': 0.98691991832438, 'lda_s': 7.603959423822721e-06, 'lda_t': 3.189336755327395e-08}.
[I 2025-08-10 13:00:04,927] Trial 13 finished with values: [0.9007457710284783, 0.2780117944397641] and parameters: {'psi': 0.3031158178546962, 'lda_s': 0.08728244047736071, 'lda_t': 5.832041362215266e-07}.
[I 2025-08-10 13:00:11,291] Trial 14 finished with values: [0.9264792975184702, 0.4389911383776414] and parameters: {'psi': 0.7320732058177993, 'lda_s': 1.9058122725502302e-07, 'lda_t': 4.235097450876573e-06}.
[I 2025-08-10 13:00:17,638] Trial 15 finished with values: [0.9190671054629964, 0.26218487394957984] and parameters: {'psi': 0.5110884657434824, 'lda_s': 1.637514439854746, 'lda_t': 9.790270824654072e-06}.
[I 2025-08-10 13:00:24,009] Trial 16 finished with values: [0.91391707504262, 0.4340136054421769] and parameters: {'psi': 0.41433565471163303, 'lda_s': 0.002388740971458415, 'lda_t': 6.977474499173666e-07}.
[I 2025-08-10 13:00:30,350] Trial 17 finished with values: [0.9018989144823458, 0.3852813852813853] and parameters: {'psi': 0.7815097840787039, 'lda_s': 2.031931797215633, 'lda_t': 0.0007458261228057339}.
[I 2025-08-10 13:00:36,713] Trial 18 finished with values: [0.9255104736861497, 0.4598698481561822] and parameters: {'psi': 0.5386292717889685, 'lda_s': 3.869737087664133e-05, 'lda_t': 8.244964124010849}.
[I 2025-08-10 13:00:43,079] Trial 19 finished with values: [0.9230784162711718, 0.44942294636795654] and parameters: {'psi': 0.6724782833020135, 'lda_s': 4.944697573305975e-06, 'lda_t': 0.00825121745422302}.
[I 2025-08-10 13:00:49,447] Trial 20 finished with values: [0.9319793644702585, 0.4537591483699268] and parameters: {'psi': 0.5344000176498476, 'lda_s': 1.3258753572314694e-05, 'lda_t': 2.0082438876655931e-07}.
[I 2025-08-10 13:00:55,791] Trial 21 finished with values: [0.9222287576354247, 0.4639321074964639] and parameters: {'psi': 0.3279407155363526, 'lda_s': 0.000710614120265123, 'lda_t': 4.148572507707046}.
[I 2025-08-10 13:01:02,163] Trial 22 finished with values: [0.9202118911768328, 0.48400556328233657] and parameters: {'psi': 0.182743107184273, 'lda_s': 2.9507720111379525e-07, 'lda_t': 0.9934464172341648}.
[I 2025-08-10 13:01:08,525] Trial 23 finished with values: [0.9307858702069933, 0.4529058116232465] and parameters: {'psi': 0.6133047603510882, 'lda_s': 9.044051662156783e-08, 'lda_t': 8.976322816886632e-05}.
[I 2025-08-10 13:01:14,984] Trial 24 finished with values: [0.9237423173946138, 0.4353182751540041] and parameters: {'psi': 0.7745143042759699, 'lda_s': 5.819637778842305e-05, 'lda_t': 2.4487038831419706e-08}.
[I 2025-08-10 13:01:21,347] Trial 25 finished with values: [0.9335509790688039, 0.45225464190981435] and parameters: {'psi': 0.2968282197713341, 'lda_s': 2.7742431359818595e-05, 'lda_t': 4.175245368510025e-06}.
[I 2025-08-10 13:01:27,717] Trial 26 finished with values: [0.9275425278658734, 0.45668233713901946] and parameters: {'psi': 0.6235763901293696, 'lda_s': 6.679984996484199e-06, 'lda_t': 0.005585017480545164}.
[I 2025-08-10 13:01:34,061] Trial 27 finished with values: [0.8213005092829329, 0.4673024523160763] and parameters: {'psi': 0.12263114009984877, 'lda_s': 0.0007040901678032164, 'lda_t': 3.6174258082521518}.
[I 2025-08-10 13:01:40,402] Trial 28 finished with values: [0.9107512440001762, 0.4477172312223859] and parameters: {'psi': 0.9264733583083634, 'lda_s': 4.732227935294213e-08, 'lda_t': 2.3242065753495087}.
